normalizing task:  Amoeba.json
normalizing task:  PNAS_fix-w-d.json
normalizing task:  ENAS_fix-w-d.json
normalizing task:  NASNet.json
normalizing task:  DARTS.json
normalizing task:  ENAS.json
normalizing task:  PNAS.json
normalizing task:  DARTS_lr-wd.json
normalizing task:  DARTS_fix-w-d.json
Epoch 1/150 | Train Loss: 0.0991 | Epoch Time: 1.10s | Spearman@80: 0.1646 | Kendall@80: 0.1157
Epoch 2/150 | Train Loss: 0.0902 | Epoch Time: 0.42s | Spearman@80: 0.1066 | Kendall@80: 0.0764
Epoch 3/150 | Train Loss: 0.0903 | Epoch Time: 0.45s | Spearman@80: 0.1356 | Kendall@80: 0.0948
Epoch 4/150 | Train Loss: 0.0720 | Epoch Time: 0.45s | Spearman@80: 0.1348 | Kendall@80: 0.0891
Epoch 5/150 | Train Loss: 0.0782 | Epoch Time: 0.45s | Spearman@80: 0.1508 | Kendall@80: 0.1024
Epoch 6/150 | Train Loss: 0.0707 | Epoch Time: 0.42s | Spearman@80: 0.1627 | Kendall@80: 0.1138
Epoch 7/150 | Train Loss: 0.0735 | Epoch Time: 0.43s | Spearman@80: 0.1913 | Kendall@80: 0.1334
Epoch 8/150 | Train Loss: 0.0727 | Epoch Time: 0.42s | Spearman@80: 0.1595 | Kendall@80: 0.1112
Epoch 9/150 | Train Loss: 0.0738 | Epoch Time: 0.44s | Spearman@80: 0.2188 | Kendall@80: 0.1499
Epoch 10/150 | Train Loss: 0.0758 | Epoch Time: 0.45s | Spearman@80: 0.2829 | Kendall@80: 0.1898
Epoch 11/150 | Train Loss: 0.0776 | Epoch Time: 0.43s | Spearman@80: 0.2454 | Kendall@80: 0.1645
Epoch 12/150 | Train Loss: 0.0660 | Epoch Time: 0.45s | Spearman@80: 0.1032 | Kendall@80: 0.0732
Epoch 13/150 | Train Loss: 0.0654 | Epoch Time: 0.47s | Spearman@80: 0.1323 | Kendall@80: 0.0903
Epoch 14/150 | Train Loss: 0.0666 | Epoch Time: 0.43s | Spearman@80: 0.2031 | Kendall@80: 0.1322
Epoch 15/150 | Train Loss: 0.0582 | Epoch Time: 0.43s | Spearman@80: 0.2339 | Kendall@80: 0.1556
Epoch 16/150 | Train Loss: 0.0572 | Epoch Time: 0.42s | Spearman@80: 0.1678 | Kendall@80: 0.1138
Epoch 17/150 | Train Loss: 0.0558 | Epoch Time: 0.45s | Spearman@80: 0.2393 | Kendall@80: 0.1607
Epoch 18/150 | Train Loss: 0.0524 | Epoch Time: 0.43s | Spearman@80: 0.2719 | Kendall@80: 0.1810
Epoch 19/150 | Train Loss: 0.0536 | Epoch Time: 0.43s | Spearman@80: 0.2316 | Kendall@80: 0.1531
Epoch 20/150 | Train Loss: 0.0515 | Epoch Time: 0.43s | Spearman@80: 0.1966 | Kendall@80: 0.1309
Epoch 21/150 | Train Loss: 0.0587 | Epoch Time: 0.44s | Spearman@80: 0.2211 | Kendall@80: 0.1461
Epoch 22/150 | Train Loss: 0.0525 | Epoch Time: 0.42s | Spearman@80: 0.2911 | Kendall@80: 0.2038
Epoch 23/150 | Train Loss: 0.0600 | Epoch Time: 0.42s | Spearman@80: 0.1632 | Kendall@80: 0.1093
Epoch 24/150 | Train Loss: 0.0483 | Epoch Time: 0.44s | Spearman@80: 0.1960 | Kendall@80: 0.1366
Epoch 25/150 | Train Loss: 0.0449 | Epoch Time: 0.42s | Spearman@80: 0.3046 | Kendall@80: 0.2095
Epoch 26/150 | Train Loss: 0.0462 | Epoch Time: 0.43s | Spearman@80: 0.2102 | Kendall@80: 0.1404
Epoch 27/150 | Train Loss: 0.0407 | Epoch Time: 0.44s | Spearman@80: 0.4231 | Kendall@80: 0.2938
Epoch 28/150 | Train Loss: 0.0569 | Epoch Time: 0.43s | Spearman@80: 0.3584 | Kendall@80: 0.2399
Epoch 29/150 | Train Loss: 0.0362 | Epoch Time: 0.45s | Spearman@80: 0.3217 | Kendall@80: 0.2145
Epoch 30/150 | Train Loss: 0.0497 | Epoch Time: 0.42s | Spearman@80: 0.2517 | Kendall@80: 0.1670
Epoch 31/150 | Train Loss: 0.0416 | Epoch Time: 0.43s | Spearman@80: 0.2667 | Kendall@80: 0.1778
Epoch 32/150 | Train Loss: 0.0593 | Epoch Time: 0.44s | Spearman@80: 0.2523 | Kendall@80: 0.1664
Epoch 33/150 | Train Loss: 0.0469 | Epoch Time: 0.46s | Spearman@80: 0.3436 | Kendall@80: 0.2304
Epoch 34/150 | Train Loss: 0.0415 | Epoch Time: 0.44s | Spearman@80: 0.2618 | Kendall@80: 0.1778
Epoch 35/150 | Train Loss: 0.0510 | Epoch Time: 0.43s | Spearman@80: 0.2233 | Kendall@80: 0.1594
Epoch 36/150 | Train Loss: 0.0454 | Epoch Time: 0.42s | Spearman@80: 0.3758 | Kendall@80: 0.2507
Epoch 37/150 | Train Loss: 0.0413 | Epoch Time: 0.42s | Spearman@80: 0.3972 | Kendall@80: 0.2722
Epoch 38/150 | Train Loss: 0.0389 | Epoch Time: 0.46s | Spearman@80: 0.3586 | Kendall@80: 0.2437
Epoch 39/150 | Train Loss: 0.0394 | Epoch Time: 0.46s | Spearman@80: 0.3577 | Kendall@80: 0.2450
Epoch 40/150 | Train Loss: 0.0475 | Epoch Time: 0.46s | Spearman@80: 0.4188 | Kendall@80: 0.2786
Epoch 41/150 | Train Loss: 0.0495 | Epoch Time: 0.44s | Spearman@80: 0.4237 | Kendall@80: 0.2900
Epoch 42/150 | Train Loss: 0.0409 | Epoch Time: 0.42s | Spearman@80: 0.4400 | Kendall@80: 0.2995
Epoch 43/150 | Train Loss: 0.0400 | Epoch Time: 0.42s | Spearman@80: 0.3833 | Kendall@80: 0.2545
Epoch 44/150 | Train Loss: 0.0480 | Epoch Time: 0.46s | Spearman@80: 0.3209 | Kendall@80: 0.2133
Epoch 45/150 | Train Loss: 0.0373 | Epoch Time: 0.42s | Spearman@80: 0.2702 | Kendall@80: 0.1848
Epoch 46/150 | Train Loss: 0.0320 | Epoch Time: 0.43s | Spearman@80: 0.3362 | Kendall@80: 0.2203
Epoch 47/150 | Train Loss: 0.0412 | Epoch Time: 0.43s | Spearman@80: 0.3750 | Kendall@80: 0.2570
Epoch 48/150 | Train Loss: 0.0304 | Epoch Time: 0.43s | Spearman@80: 0.3299 | Kendall@80: 0.2374
Epoch 49/150 | Train Loss: 0.0301 | Epoch Time: 0.45s | Spearman@80: 0.3748 | Kendall@80: 0.2697
Epoch 50/150 | Train Loss: 0.0317 | Epoch Time: 0.42s | Spearman@80: 0.3511 | Kendall@80: 0.2450
Epoch 51/150 | Train Loss: 0.0263 | Epoch Time: 0.43s | Spearman@80: 0.3322 | Kendall@80: 0.2234
Epoch 52/150 | Train Loss: 0.0315 | Epoch Time: 0.45s | Spearman@80: 0.3334 | Kendall@80: 0.2234
Epoch 53/150 | Train Loss: 0.0362 | Epoch Time: 0.46s | Spearman@80: 0.2197 | Kendall@80: 0.1518
Epoch 54/150 | Train Loss: 0.0489 | Epoch Time: 0.42s | Spearman@80: 0.2963 | Kendall@80: 0.1974
Epoch 55/150 | Train Loss: 0.0413 | Epoch Time: 0.43s | Spearman@80: 0.3645 | Kendall@80: 0.2488
Epoch 56/150 | Train Loss: 0.0370 | Epoch Time: 0.43s | Spearman@80: 0.3698 | Kendall@80: 0.2513
Epoch 57/150 | Train Loss: 0.0380 | Epoch Time: 0.44s | Spearman@80: 0.3780 | Kendall@80: 0.2576
Epoch 58/150 | Train Loss: 0.0298 | Epoch Time: 0.45s | Spearman@80: 0.3692 | Kendall@80: 0.2551
Epoch 59/150 | Train Loss: 0.0275 | Epoch Time: 0.43s | Spearman@80: 0.4067 | Kendall@80: 0.2754
Epoch 60/150 | Train Loss: 0.0249 | Epoch Time: 0.46s | Spearman@80: 0.3204 | Kendall@80: 0.2253
Epoch 61/150 | Train Loss: 0.0247 | Epoch Time: 0.44s | Spearman@80: 0.3726 | Kendall@80: 0.2500
Epoch 62/150 | Train Loss: 0.0214 | Epoch Time: 0.43s | Spearman@80: 0.3355 | Kendall@80: 0.2228
Epoch 63/150 | Train Loss: 0.0203 | Epoch Time: 0.43s | Spearman@80: 0.3587 | Kendall@80: 0.2386
Epoch 64/150 | Train Loss: 0.0355 | Epoch Time: 0.42s | Spearman@80: 0.3418 | Kendall@80: 0.2272
Epoch 65/150 | Train Loss: 0.0304 | Epoch Time: 0.44s | Spearman@80: 0.3899 | Kendall@80: 0.2621
Epoch 66/150 | Train Loss: 0.0199 | Epoch Time: 0.46s | Spearman@80: 0.3966 | Kendall@80: 0.2722
Epoch 67/150 | Train Loss: 0.0284 | Epoch Time: 0.42s | Spearman@80: 0.2713 | Kendall@80: 0.1930
Epoch 68/150 | Train Loss: 0.0251 | Epoch Time: 0.43s | Spearman@80: 0.3699 | Kendall@80: 0.2469
Epoch 69/150 | Train Loss: 0.0184 | Epoch Time: 0.42s | Spearman@80: 0.3220 | Kendall@80: 0.2177
Epoch 70/150 | Train Loss: 0.0357 | Epoch Time: 0.42s | Spearman@80: 0.2826 | Kendall@80: 0.1949
Epoch 71/150 | Train Loss: 0.0243 | Epoch Time: 0.43s | Spearman@80: 0.3655 | Kendall@80: 0.2488
Epoch 72/150 | Train Loss: 0.0388 | Epoch Time: 0.45s | Spearman@80: 0.3188 | Kendall@80: 0.2222
Epoch 73/150 | Train Loss: 0.0194 | Epoch Time: 0.43s | Spearman@80: 0.2786 | Kendall@80: 0.1924
Epoch 74/150 | Train Loss: 0.0169 | Epoch Time: 0.47s | Spearman@80: 0.2945 | Kendall@80: 0.2025
Epoch 75/150 | Train Loss: 0.0200 | Epoch Time: 0.44s | Spearman@80: 0.3003 | Kendall@80: 0.2050
Epoch 76/150 | Train Loss: 0.0215 | Epoch Time: 0.47s | Spearman@80: 0.3401 | Kendall@80: 0.2329
Epoch 77/150 | Train Loss: 0.0221 | Epoch Time: 0.42s | Spearman@80: 0.3502 | Kendall@80: 0.2361
Epoch 78/150 | Train Loss: 0.0290 | Epoch Time: 0.43s | Spearman@80: 0.3386 | Kendall@80: 0.2469
Epoch 79/150 | Train Loss: 0.0293 | Epoch Time: 0.47s | Spearman@80: 0.3687 | Kendall@80: 0.2576
Epoch 80/150 | Train Loss: 0.0248 | Epoch Time: 0.42s | Spearman@80: 0.3715 | Kendall@80: 0.2564
Epoch 81/150 | Train Loss: 0.0190 | Epoch Time: 0.45s | Spearman@80: 0.3703 | Kendall@80: 0.2557
Epoch 82/150 | Train Loss: 0.0193 | Epoch Time: 0.43s | Spearman@80: 0.3763 | Kendall@80: 0.2614
Epoch 83/150 | Train Loss: 0.0235 | Epoch Time: 0.44s | Spearman@80: 0.3970 | Kendall@80: 0.2741
Epoch 84/150 | Train Loss: 0.0167 | Epoch Time: 0.47s | Spearman@80: 0.4206 | Kendall@80: 0.2950
Epoch 85/150 | Train Loss: 0.0213 | Epoch Time: 0.48s | Spearman@80: 0.4098 | Kendall@80: 0.2887
Epoch 86/150 | Train Loss: 0.0203 | Epoch Time: 0.43s | Spearman@80: 0.3794 | Kendall@80: 0.2627
Epoch 87/150 | Train Loss: 0.0155 | Epoch Time: 0.44s | Spearman@80: 0.3641 | Kendall@80: 0.2437
Epoch 88/150 | Train Loss: 0.0120 | Epoch Time: 0.43s | Spearman@80: 0.3492 | Kendall@80: 0.2342
Epoch 89/150 | Train Loss: 0.0199 | Epoch Time: 0.44s | Spearman@80: 0.3176 | Kendall@80: 0.2209
Epoch 90/150 | Train Loss: 0.0264 | Epoch Time: 0.45s | Spearman@80: 0.4068 | Kendall@80: 0.2817
Epoch 91/150 | Train Loss: 0.0187 | Epoch Time: 0.46s | Spearman@80: 0.3685 | Kendall@80: 0.2488
Epoch 92/150 | Train Loss: 0.0250 | Epoch Time: 0.45s | Spearman@80: 0.3663 | Kendall@80: 0.2462
Epoch 93/150 | Train Loss: 0.0208 | Epoch Time: 0.43s | Spearman@80: 0.3940 | Kendall@80: 0.2716
Epoch 94/150 | Train Loss: 0.0168 | Epoch Time: 0.46s | Spearman@80: 0.3919 | Kendall@80: 0.2672
Epoch 95/150 | Train Loss: 0.0205 | Epoch Time: 0.46s | Spearman@80: 0.4100 | Kendall@80: 0.2849
Epoch 96/150 | Train Loss: 0.0185 | Epoch Time: 0.45s | Spearman@80: 0.3853 | Kendall@80: 0.2633
Epoch 97/150 | Train Loss: 0.0187 | Epoch Time: 0.46s | Spearman@80: 0.3612 | Kendall@80: 0.2513
Epoch 98/150 | Train Loss: 0.0149 | Epoch Time: 0.42s | Spearman@80: 0.3992 | Kendall@80: 0.2798
Epoch 99/150 | Train Loss: 0.0165 | Epoch Time: 0.45s | Spearman@80: 0.4022 | Kendall@80: 0.2805
Epoch 100/150 | Train Loss: 0.0164 | Epoch Time: 0.44s | Spearman@80: 0.3874 | Kendall@80: 0.2665
Epoch 101/150 | Train Loss: 0.0117 | Epoch Time: 0.43s | Spearman@80: 0.3728 | Kendall@80: 0.2494
Epoch 102/150 | Train Loss: 0.0186 | Epoch Time: 0.43s | Spearman@80: 0.4018 | Kendall@80: 0.2805
Epoch 103/150 | Train Loss: 0.0174 | Epoch Time: 0.44s | Spearman@80: 0.4038 | Kendall@80: 0.2824
Epoch 104/150 | Train Loss: 0.0132 | Epoch Time: 0.46s | Spearman@80: 0.3809 | Kendall@80: 0.2646
Epoch 105/150 | Train Loss: 0.0164 | Epoch Time: 0.44s | Spearman@80: 0.3598 | Kendall@80: 0.2437
Epoch 106/150 | Train Loss: 0.0147 | Epoch Time: 0.44s | Spearman@80: 0.3827 | Kendall@80: 0.2659
Epoch 107/150 | Train Loss: 0.0153 | Epoch Time: 0.45s | Spearman@80: 0.3954 | Kendall@80: 0.2760
Epoch 108/150 | Train Loss: 0.0190 | Epoch Time: 0.45s | Spearman@80: 0.3637 | Kendall@80: 0.2418
Epoch 109/150 | Train Loss: 0.0155 | Epoch Time: 0.46s | Spearman@80: 0.3974 | Kendall@80: 0.2697
Epoch 110/150 | Train Loss: 0.0136 | Epoch Time: 0.42s | Spearman@80: 0.3828 | Kendall@80: 0.2614
Epoch 111/150 | Train Loss: 0.0134 | Epoch Time: 0.45s | Spearman@80: 0.3708 | Kendall@80: 0.2526
Epoch 112/150 | Train Loss: 0.0098 | Epoch Time: 0.45s | Spearman@80: 0.3895 | Kendall@80: 0.2659
Epoch 113/150 | Train Loss: 0.0111 | Epoch Time: 0.43s | Spearman@80: 0.3779 | Kendall@80: 0.2564
Epoch 114/150 | Train Loss: 0.0097 | Epoch Time: 0.44s | Spearman@80: 0.3739 | Kendall@80: 0.2583
Epoch 115/150 | Train Loss: 0.0118 | Epoch Time: 0.44s | Spearman@80: 0.3835 | Kendall@80: 0.2627
Epoch 116/150 | Train Loss: 0.0124 | Epoch Time: 0.43s | Spearman@80: 0.3874 | Kendall@80: 0.2640
Epoch 117/150 | Train Loss: 0.0156 | Epoch Time: 0.43s | Spearman@80: 0.3669 | Kendall@80: 0.2513
Epoch 118/150 | Train Loss: 0.0109 | Epoch Time: 0.42s | Spearman@80: 0.3627 | Kendall@80: 0.2519
Epoch 119/150 | Train Loss: 0.0079 | Epoch Time: 0.46s | Spearman@80: 0.3557 | Kendall@80: 0.2437
Epoch 120/150 | Train Loss: 0.0160 | Epoch Time: 0.43s | Spearman@80: 0.3663 | Kendall@80: 0.2519
Epoch 121/150 | Train Loss: 0.0143 | Epoch Time: 0.43s | Spearman@80: 0.3637 | Kendall@80: 0.2513
Epoch 122/150 | Train Loss: 0.0104 | Epoch Time: 0.42s | Spearman@80: 0.3616 | Kendall@80: 0.2456
Epoch 123/150 | Train Loss: 0.0105 | Epoch Time: 0.43s | Spearman@80: 0.3523 | Kendall@80: 0.2393
Epoch 124/150 | Train Loss: 0.0108 | Epoch Time: 0.44s | Spearman@80: 0.3599 | Kendall@80: 0.2456
Epoch 125/150 | Train Loss: 0.0120 | Epoch Time: 0.43s | Spearman@80: 0.3637 | Kendall@80: 0.2488
Epoch 126/150 | Train Loss: 0.0143 | Epoch Time: 0.44s | Spearman@80: 0.3642 | Kendall@80: 0.2481
Epoch 127/150 | Train Loss: 0.0096 | Epoch Time: 0.42s | Spearman@80: 0.3649 | Kendall@80: 0.2494
Epoch 128/150 | Train Loss: 0.0094 | Epoch Time: 0.44s | Spearman@80: 0.3699 | Kendall@80: 0.2532
Epoch 129/150 | Train Loss: 0.0150 | Epoch Time: 0.46s | Spearman@80: 0.3902 | Kendall@80: 0.2678
Epoch 130/150 | Train Loss: 0.0094 | Epoch Time: 0.45s | Spearman@80: 0.3904 | Kendall@80: 0.2697
Epoch 131/150 | Train Loss: 0.0162 | Epoch Time: 0.46s | Spearman@80: 0.3848 | Kendall@80: 0.2640
Epoch 132/150 | Train Loss: 0.0106 | Epoch Time: 0.44s | Spearman@80: 0.3850 | Kendall@80: 0.2633
Epoch 133/150 | Train Loss: 0.0140 | Epoch Time: 0.42s | Spearman@80: 0.3768 | Kendall@80: 0.2570
Epoch 134/150 | Train Loss: 0.0076 | Epoch Time: 0.43s | Spearman@80: 0.3830 | Kendall@80: 0.2614
Epoch 135/150 | Train Loss: 0.0084 | Epoch Time: 0.43s | Spearman@80: 0.3745 | Kendall@80: 0.2583
Epoch 136/150 | Train Loss: 0.0072 | Epoch Time: 0.45s | Spearman@80: 0.3725 | Kendall@80: 0.2532
Epoch 137/150 | Train Loss: 0.0085 | Epoch Time: 0.42s | Spearman@80: 0.3767 | Kendall@80: 0.2576
Epoch 138/150 | Train Loss: 0.0056 | Epoch Time: 0.44s | Spearman@80: 0.3717 | Kendall@80: 0.2532
Epoch 139/150 | Train Loss: 0.0124 | Epoch Time: 0.47s | Spearman@80: 0.3705 | Kendall@80: 0.2532
Epoch 140/150 | Train Loss: 0.0113 | Epoch Time: 0.44s | Spearman@80: 0.3789 | Kendall@80: 0.2576
Epoch 141/150 | Train Loss: 0.0107 | Epoch Time: 0.44s | Spearman@80: 0.3720 | Kendall@80: 0.2532
Epoch 142/150 | Train Loss: 0.0121 | Epoch Time: 0.43s | Spearman@80: 0.3807 | Kendall@80: 0.2589
Epoch 143/150 | Train Loss: 0.0095 | Epoch Time: 0.47s | Spearman@80: 0.3837 | Kendall@80: 0.2608
Epoch 144/150 | Train Loss: 0.0117 | Epoch Time: 0.43s | Spearman@80: 0.3771 | Kendall@80: 0.2564
Epoch 145/150 | Train Loss: 0.0130 | Epoch Time: 0.43s | Spearman@80: 0.3847 | Kendall@80: 0.2602
Epoch 146/150 | Train Loss: 0.0121 | Epoch Time: 0.44s | Spearman@80: 0.3830 | Kendall@80: 0.2608
Epoch 147/150 | Train Loss: 0.0083 | Epoch Time: 1.32s | Spearman@4934: 0.4241 | Kendall@4934: 0.2901
Epoch 148/150 | Train Loss: 0.0107 | Epoch Time: 1.33s | Spearman@4934: 0.4242 | Kendall@4934: 0.2901
Epoch 149/150 | Train Loss: 0.0091 | Epoch Time: 1.30s | Spearman@4934: 0.4200 | Kendall@4934: 0.2871
Epoch 150/150 | Train Loss: 0.0105 | Epoch Time: 1.34s | Spearman@4934: 0.4220 | Kendall@4934: 0.2886
Sample Count: 64, Spearman: 0.42256106511091274, Kendall: 0.28900069351834445
{64: (0.42256106511091274, 0.28900069351834445)}
Epoch 1/150 | Train Loss: 0.0998 | Epoch Time: 0.84s | Spearman@80: 0.3431 | Kendall@80: 0.2358
Epoch 2/150 | Train Loss: 0.0976 | Epoch Time: 0.83s | Spearman@80: 0.2874 | Kendall@80: 0.1959
Epoch 3/150 | Train Loss: 0.0864 | Epoch Time: 0.86s | Spearman@80: 0.2973 | Kendall@80: 0.1990
Epoch 4/150 | Train Loss: 0.0920 | Epoch Time: 0.84s | Spearman@80: 0.3848 | Kendall@80: 0.2707
Epoch 5/150 | Train Loss: 0.0861 | Epoch Time: 0.85s | Spearman@80: 0.3634 | Kendall@80: 0.2542
Epoch 6/150 | Train Loss: 0.0800 | Epoch Time: 0.89s | Spearman@80: 0.4049 | Kendall@80: 0.2878
Epoch 7/150 | Train Loss: 0.0736 | Epoch Time: 0.83s | Spearman@80: 0.4399 | Kendall@80: 0.3163
Epoch 8/150 | Train Loss: 0.0741 | Epoch Time: 0.91s | Spearman@80: 0.4698 | Kendall@80: 0.3391
Epoch 9/150 | Train Loss: 0.0738 | Epoch Time: 0.91s | Spearman@80: 0.4548 | Kendall@80: 0.3119
Epoch 10/150 | Train Loss: 0.0692 | Epoch Time: 0.83s | Spearman@80: 0.4563 | Kendall@80: 0.3252
Epoch 11/150 | Train Loss: 0.0723 | Epoch Time: 0.85s | Spearman@80: 0.5237 | Kendall@80: 0.3746
Epoch 12/150 | Train Loss: 0.0723 | Epoch Time: 0.87s | Spearman@80: 0.4839 | Kendall@80: 0.3518
Epoch 13/150 | Train Loss: 0.0747 | Epoch Time: 0.86s | Spearman@80: 0.5340 | Kendall@80: 0.3886
Epoch 14/150 | Train Loss: 0.0612 | Epoch Time: 0.87s | Spearman@80: 0.5648 | Kendall@80: 0.3975
Epoch 15/150 | Train Loss: 0.0667 | Epoch Time: 0.90s | Spearman@80: 0.5718 | Kendall@80: 0.4108
Epoch 16/150 | Train Loss: 0.0697 | Epoch Time: 0.83s | Spearman@80: 0.5850 | Kendall@80: 0.4235
Epoch 17/150 | Train Loss: 0.0682 | Epoch Time: 0.85s | Spearman@80: 0.4721 | Kendall@80: 0.3360
Epoch 18/150 | Train Loss: 0.0671 | Epoch Time: 0.84s | Spearman@80: 0.5427 | Kendall@80: 0.3956
Epoch 19/150 | Train Loss: 0.0645 | Epoch Time: 0.83s | Spearman@80: 0.5851 | Kendall@80: 0.4273
Epoch 20/150 | Train Loss: 0.0664 | Epoch Time: 0.88s | Spearman@80: 0.5309 | Kendall@80: 0.3867
Epoch 21/150 | Train Loss: 0.0609 | Epoch Time: 0.87s | Spearman@80: 0.5258 | Kendall@80: 0.3810
Epoch 22/150 | Train Loss: 0.0625 | Epoch Time: 0.86s | Spearman@80: 0.5223 | Kendall@80: 0.3835
Epoch 23/150 | Train Loss: 0.0766 | Epoch Time: 0.86s | Spearman@80: 0.5785 | Kendall@80: 0.4254
Epoch 24/150 | Train Loss: 0.0668 | Epoch Time: 0.89s | Spearman@80: 0.5302 | Kendall@80: 0.3848
Epoch 25/150 | Train Loss: 0.0645 | Epoch Time: 0.86s | Spearman@80: 0.5455 | Kendall@80: 0.3962
Epoch 26/150 | Train Loss: 0.0587 | Epoch Time: 0.93s | Spearman@80: 0.5519 | Kendall@80: 0.4019
Epoch 27/150 | Train Loss: 0.0583 | Epoch Time: 0.85s | Spearman@80: 0.5911 | Kendall@80: 0.4317
Epoch 28/150 | Train Loss: 0.0611 | Epoch Time: 0.83s | Spearman@80: 0.5911 | Kendall@80: 0.4323
Epoch 29/150 | Train Loss: 0.0620 | Epoch Time: 0.89s | Spearman@80: 0.5562 | Kendall@80: 0.4114
Epoch 30/150 | Train Loss: 0.0600 | Epoch Time: 0.84s | Spearman@80: 0.5953 | Kendall@80: 0.4380
Epoch 31/150 | Train Loss: 0.0578 | Epoch Time: 0.85s | Spearman@80: 0.5833 | Kendall@80: 0.4216
Epoch 32/150 | Train Loss: 0.0589 | Epoch Time: 0.85s | Spearman@80: 0.5492 | Kendall@80: 0.3924
Epoch 33/150 | Train Loss: 0.0606 | Epoch Time: 0.88s | Spearman@80: 0.5396 | Kendall@80: 0.3930
Epoch 34/150 | Train Loss: 0.0612 | Epoch Time: 0.86s | Spearman@80: 0.5823 | Kendall@80: 0.4266
Epoch 35/150 | Train Loss: 0.0568 | Epoch Time: 0.83s | Spearman@80: 0.5674 | Kendall@80: 0.4095
Epoch 36/150 | Train Loss: 0.0553 | Epoch Time: 0.86s | Spearman@80: 0.5634 | Kendall@80: 0.4000
Epoch 37/150 | Train Loss: 0.0625 | Epoch Time: 0.86s | Spearman@80: 0.5314 | Kendall@80: 0.3867
Epoch 38/150 | Train Loss: 0.0550 | Epoch Time: 0.88s | Spearman@80: 0.5982 | Kendall@80: 0.4387
Epoch 39/150 | Train Loss: 0.0496 | Epoch Time: 0.83s | Spearman@80: 0.5395 | Kendall@80: 0.3892
Epoch 40/150 | Train Loss: 0.0591 | Epoch Time: 0.86s | Spearman@80: 0.5804 | Kendall@80: 0.4152
Epoch 41/150 | Train Loss: 0.0537 | Epoch Time: 0.85s | Spearman@80: 0.6156 | Kendall@80: 0.4532
Epoch 42/150 | Train Loss: 0.0592 | Epoch Time: 0.84s | Spearman@80: 0.5494 | Kendall@80: 0.4000
Epoch 43/150 | Train Loss: 0.0535 | Epoch Time: 0.87s | Spearman@80: 0.5477 | Kendall@80: 0.4051
Epoch 44/150 | Train Loss: 0.0642 | Epoch Time: 0.88s | Spearman@80: 0.5625 | Kendall@80: 0.4082
Epoch 45/150 | Train Loss: 0.0524 | Epoch Time: 0.86s | Spearman@80: 0.5480 | Kendall@80: 0.3968
Epoch 46/150 | Train Loss: 0.0507 | Epoch Time: 0.90s | Spearman@80: 0.5765 | Kendall@80: 0.4197
Epoch 47/150 | Train Loss: 0.0494 | Epoch Time: 0.82s | Spearman@80: 0.5402 | Kendall@80: 0.3943
Epoch 48/150 | Train Loss: 0.0578 | Epoch Time: 0.88s | Spearman@80: 0.5547 | Kendall@80: 0.4082
Epoch 49/150 | Train Loss: 0.0548 | Epoch Time: 0.84s | Spearman@80: 0.5649 | Kendall@80: 0.4139
Epoch 50/150 | Train Loss: 0.0528 | Epoch Time: 0.85s | Spearman@80: 0.5345 | Kendall@80: 0.3899
Epoch 51/150 | Train Loss: 0.0560 | Epoch Time: 0.83s | Spearman@80: 0.5052 | Kendall@80: 0.3613
Epoch 52/150 | Train Loss: 0.0522 | Epoch Time: 0.83s | Spearman@80: 0.5109 | Kendall@80: 0.3740
Epoch 53/150 | Train Loss: 0.0481 | Epoch Time: 0.84s | Spearman@80: 0.4943 | Kendall@80: 0.3594
Epoch 54/150 | Train Loss: 0.0511 | Epoch Time: 0.83s | Spearman@80: 0.5099 | Kendall@80: 0.3696
Epoch 55/150 | Train Loss: 0.0541 | Epoch Time: 0.85s | Spearman@80: 0.5653 | Kendall@80: 0.4146
Epoch 56/150 | Train Loss: 0.0491 | Epoch Time: 0.87s | Spearman@80: 0.4932 | Kendall@80: 0.3601
Epoch 57/150 | Train Loss: 0.0504 | Epoch Time: 0.87s | Spearman@80: 0.5802 | Kendall@80: 0.4158
Epoch 58/150 | Train Loss: 0.0450 | Epoch Time: 0.83s | Spearman@80: 0.4983 | Kendall@80: 0.3582
Epoch 59/150 | Train Loss: 0.0463 | Epoch Time: 0.83s | Spearman@80: 0.5227 | Kendall@80: 0.3753
Epoch 60/150 | Train Loss: 0.0430 | Epoch Time: 0.87s | Spearman@80: 0.4150 | Kendall@80: 0.2916
Epoch 61/150 | Train Loss: 0.0428 | Epoch Time: 0.84s | Spearman@80: 0.4605 | Kendall@80: 0.3277
Epoch 62/150 | Train Loss: 0.0448 | Epoch Time: 0.84s | Spearman@80: 0.5328 | Kendall@80: 0.3759
Epoch 63/150 | Train Loss: 0.0401 | Epoch Time: 0.86s | Spearman@80: 0.5197 | Kendall@80: 0.3708
Epoch 64/150 | Train Loss: 0.0444 | Epoch Time: 0.88s | Spearman@80: 0.5106 | Kendall@80: 0.3651
Epoch 65/150 | Train Loss: 0.0468 | Epoch Time: 0.90s | Spearman@80: 0.5815 | Kendall@80: 0.4247
Epoch 66/150 | Train Loss: 0.0433 | Epoch Time: 0.84s | Spearman@80: 0.4939 | Kendall@80: 0.3537
Epoch 67/150 | Train Loss: 0.0411 | Epoch Time: 0.90s | Spearman@80: 0.5181 | Kendall@80: 0.3772
Epoch 68/150 | Train Loss: 0.0480 | Epoch Time: 0.85s | Spearman@80: 0.4224 | Kendall@80: 0.2998
Epoch 69/150 | Train Loss: 0.0446 | Epoch Time: 0.90s | Spearman@80: 0.4988 | Kendall@80: 0.3525
Epoch 70/150 | Train Loss: 0.0368 | Epoch Time: 0.87s | Spearman@80: 0.5565 | Kendall@80: 0.3975
Epoch 71/150 | Train Loss: 0.0378 | Epoch Time: 0.85s | Spearman@80: 0.4362 | Kendall@80: 0.3062
Epoch 72/150 | Train Loss: 0.0426 | Epoch Time: 0.87s | Spearman@80: 0.5508 | Kendall@80: 0.3987
Epoch 73/150 | Train Loss: 0.0447 | Epoch Time: 0.87s | Spearman@80: 0.5785 | Kendall@80: 0.4114
Epoch 74/150 | Train Loss: 0.0426 | Epoch Time: 0.85s | Spearman@80: 0.5177 | Kendall@80: 0.3626
Epoch 75/150 | Train Loss: 0.0409 | Epoch Time: 0.85s | Spearman@80: 0.5321 | Kendall@80: 0.3765
Epoch 76/150 | Train Loss: 0.0394 | Epoch Time: 0.85s | Spearman@80: 0.4877 | Kendall@80: 0.3455
Epoch 77/150 | Train Loss: 0.0388 | Epoch Time: 0.87s | Spearman@80: 0.4340 | Kendall@80: 0.3062
Epoch 78/150 | Train Loss: 0.0341 | Epoch Time: 0.88s | Spearman@80: 0.5419 | Kendall@80: 0.3892
Epoch 79/150 | Train Loss: 0.0434 | Epoch Time: 0.84s | Spearman@80: 0.5312 | Kendall@80: 0.3727
Epoch 80/150 | Train Loss: 0.0391 | Epoch Time: 0.82s | Spearman@80: 0.5219 | Kendall@80: 0.3696
Epoch 81/150 | Train Loss: 0.0379 | Epoch Time: 0.89s | Spearman@80: 0.4753 | Kendall@80: 0.3372
Epoch 82/150 | Train Loss: 0.0415 | Epoch Time: 0.85s | Spearman@80: 0.4171 | Kendall@80: 0.2992
Epoch 83/150 | Train Loss: 0.0435 | Epoch Time: 0.84s | Spearman@80: 0.5119 | Kendall@80: 0.3689
Epoch 84/150 | Train Loss: 0.0377 | Epoch Time: 0.93s | Spearman@80: 0.4868 | Kendall@80: 0.3480
Epoch 85/150 | Train Loss: 0.0329 | Epoch Time: 0.84s | Spearman@80: 0.4209 | Kendall@80: 0.3062
Epoch 86/150 | Train Loss: 0.0376 | Epoch Time: 0.85s | Spearman@80: 0.5647 | Kendall@80: 0.4063
Epoch 87/150 | Train Loss: 0.0377 | Epoch Time: 0.87s | Spearman@80: 0.4456 | Kendall@80: 0.3106
Epoch 88/150 | Train Loss: 0.0354 | Epoch Time: 0.84s | Spearman@80: 0.5620 | Kendall@80: 0.4127
Epoch 89/150 | Train Loss: 0.0365 | Epoch Time: 0.85s | Spearman@80: 0.5311 | Kendall@80: 0.3848
Epoch 90/150 | Train Loss: 0.0311 | Epoch Time: 0.84s | Spearman@80: 0.5013 | Kendall@80: 0.3594
Epoch 91/150 | Train Loss: 0.0352 | Epoch Time: 0.85s | Spearman@80: 0.4725 | Kendall@80: 0.3379
Epoch 92/150 | Train Loss: 0.0317 | Epoch Time: 0.90s | Spearman@80: 0.4716 | Kendall@80: 0.3417
Epoch 93/150 | Train Loss: 0.0366 | Epoch Time: 0.89s | Spearman@80: 0.4976 | Kendall@80: 0.3550
Epoch 94/150 | Train Loss: 0.0274 | Epoch Time: 0.84s | Spearman@80: 0.4783 | Kendall@80: 0.3347
Epoch 95/150 | Train Loss: 0.0353 | Epoch Time: 0.83s | Spearman@80: 0.4778 | Kendall@80: 0.3436
Epoch 96/150 | Train Loss: 0.0366 | Epoch Time: 0.82s | Spearman@80: 0.4551 | Kendall@80: 0.3195
Epoch 97/150 | Train Loss: 0.0279 | Epoch Time: 0.87s | Spearman@80: 0.4521 | Kendall@80: 0.3309
Epoch 98/150 | Train Loss: 0.0339 | Epoch Time: 0.84s | Spearman@80: 0.5305 | Kendall@80: 0.3791
Epoch 99/150 | Train Loss: 0.0279 | Epoch Time: 0.91s | Spearman@80: 0.5142 | Kendall@80: 0.3670
Epoch 100/150 | Train Loss: 0.0274 | Epoch Time: 0.86s | Spearman@80: 0.4924 | Kendall@80: 0.3525
Epoch 101/150 | Train Loss: 0.0331 | Epoch Time: 0.83s | Spearman@80: 0.5117 | Kendall@80: 0.3702
Epoch 102/150 | Train Loss: 0.0268 | Epoch Time: 0.87s | Spearman@80: 0.4720 | Kendall@80: 0.3379
Epoch 103/150 | Train Loss: 0.0341 | Epoch Time: 0.83s | Spearman@80: 0.5055 | Kendall@80: 0.3601
Epoch 104/150 | Train Loss: 0.0329 | Epoch Time: 0.83s | Spearman@80: 0.5330 | Kendall@80: 0.3848
Epoch 105/150 | Train Loss: 0.0298 | Epoch Time: 0.83s | Spearman@80: 0.4962 | Kendall@80: 0.3506
Epoch 106/150 | Train Loss: 0.0347 | Epoch Time: 0.83s | Spearman@80: 0.5283 | Kendall@80: 0.3848
Epoch 107/150 | Train Loss: 0.0314 | Epoch Time: 0.89s | Spearman@80: 0.4937 | Kendall@80: 0.3537
Epoch 108/150 | Train Loss: 0.0274 | Epoch Time: 0.84s | Spearman@80: 0.5587 | Kendall@80: 0.4051
Epoch 109/150 | Train Loss: 0.0262 | Epoch Time: 0.92s | Spearman@80: 0.4784 | Kendall@80: 0.3360
Epoch 110/150 | Train Loss: 0.0299 | Epoch Time: 0.86s | Spearman@80: 0.4790 | Kendall@80: 0.3379
Epoch 111/150 | Train Loss: 0.0256 | Epoch Time: 0.92s | Spearman@80: 0.4996 | Kendall@80: 0.3594
Epoch 112/150 | Train Loss: 0.0224 | Epoch Time: 0.83s | Spearman@80: 0.4732 | Kendall@80: 0.3423
Epoch 113/150 | Train Loss: 0.0244 | Epoch Time: 0.84s | Spearman@80: 0.4438 | Kendall@80: 0.3233
Epoch 114/150 | Train Loss: 0.0338 | Epoch Time: 0.88s | Spearman@80: 0.4818 | Kendall@80: 0.3404
Epoch 115/150 | Train Loss: 0.0256 | Epoch Time: 0.83s | Spearman@80: 0.4957 | Kendall@80: 0.3448
Epoch 116/150 | Train Loss: 0.0259 | Epoch Time: 0.88s | Spearman@80: 0.4539 | Kendall@80: 0.3227
Epoch 117/150 | Train Loss: 0.0322 | Epoch Time: 0.84s | Spearman@80: 0.4556 | Kendall@80: 0.3284
Epoch 118/150 | Train Loss: 0.0254 | Epoch Time: 0.90s | Spearman@80: 0.4351 | Kendall@80: 0.3125
Epoch 119/150 | Train Loss: 0.0259 | Epoch Time: 0.90s | Spearman@80: 0.4419 | Kendall@80: 0.3214
Epoch 120/150 | Train Loss: 0.0228 | Epoch Time: 0.87s | Spearman@80: 0.4417 | Kendall@80: 0.3182
Epoch 121/150 | Train Loss: 0.0275 | Epoch Time: 0.84s | Spearman@80: 0.4394 | Kendall@80: 0.3106
Epoch 122/150 | Train Loss: 0.0280 | Epoch Time: 0.88s | Spearman@80: 0.4380 | Kendall@80: 0.3113
Epoch 123/150 | Train Loss: 0.0187 | Epoch Time: 0.88s | Spearman@80: 0.4502 | Kendall@80: 0.3271
Epoch 124/150 | Train Loss: 0.0293 | Epoch Time: 0.87s | Spearman@80: 0.4831 | Kendall@80: 0.3468
Epoch 125/150 | Train Loss: 0.0294 | Epoch Time: 0.85s | Spearman@80: 0.4728 | Kendall@80: 0.3372
Epoch 126/150 | Train Loss: 0.0260 | Epoch Time: 0.87s | Spearman@80: 0.4618 | Kendall@80: 0.3309
Epoch 127/150 | Train Loss: 0.0253 | Epoch Time: 0.86s | Spearman@80: 0.4586 | Kendall@80: 0.3303
Epoch 128/150 | Train Loss: 0.0245 | Epoch Time: 0.88s | Spearman@80: 0.4526 | Kendall@80: 0.3233
Epoch 129/150 | Train Loss: 0.0206 | Epoch Time: 0.90s | Spearman@80: 0.4591 | Kendall@80: 0.3315
Epoch 130/150 | Train Loss: 0.0269 | Epoch Time: 0.88s | Spearman@80: 0.4665 | Kendall@80: 0.3404
Epoch 131/150 | Train Loss: 0.0234 | Epoch Time: 0.87s | Spearman@80: 0.4616 | Kendall@80: 0.3315
Epoch 132/150 | Train Loss: 0.0301 | Epoch Time: 0.86s | Spearman@80: 0.4657 | Kendall@80: 0.3271
Epoch 133/150 | Train Loss: 0.0267 | Epoch Time: 0.86s | Spearman@80: 0.4600 | Kendall@80: 0.3271
Epoch 134/150 | Train Loss: 0.0244 | Epoch Time: 0.85s | Spearman@80: 0.4692 | Kendall@80: 0.3341
Epoch 135/150 | Train Loss: 0.0291 | Epoch Time: 0.83s | Spearman@80: 0.4527 | Kendall@80: 0.3265
Epoch 136/150 | Train Loss: 0.0204 | Epoch Time: 0.86s | Spearman@80: 0.4634 | Kendall@80: 0.3353
Epoch 137/150 | Train Loss: 0.0199 | Epoch Time: 0.89s | Spearman@80: 0.4667 | Kendall@80: 0.3309
Epoch 138/150 | Train Loss: 0.0251 | Epoch Time: 0.86s | Spearman@80: 0.4700 | Kendall@80: 0.3347
Epoch 139/150 | Train Loss: 0.0222 | Epoch Time: 0.86s | Spearman@80: 0.4724 | Kendall@80: 0.3366
Epoch 140/150 | Train Loss: 0.0213 | Epoch Time: 0.86s | Spearman@80: 0.4770 | Kendall@80: 0.3404
Epoch 141/150 | Train Loss: 0.0255 | Epoch Time: 0.85s | Spearman@80: 0.4750 | Kendall@80: 0.3366
Epoch 142/150 | Train Loss: 0.0251 | Epoch Time: 0.87s | Spearman@80: 0.4774 | Kendall@80: 0.3442
Epoch 143/150 | Train Loss: 0.0272 | Epoch Time: 0.84s | Spearman@80: 0.4624 | Kendall@80: 0.3303
Epoch 144/150 | Train Loss: 0.0211 | Epoch Time: 0.86s | Spearman@80: 0.4659 | Kendall@80: 0.3379
Epoch 145/150 | Train Loss: 0.0195 | Epoch Time: 0.88s | Spearman@80: 0.4574 | Kendall@80: 0.3309
Epoch 146/150 | Train Loss: 0.0236 | Epoch Time: 0.91s | Spearman@80: 0.4637 | Kendall@80: 0.3360
Epoch 147/150 | Train Loss: 0.0248 | Epoch Time: 1.77s | Spearman@4870: 0.5636 | Kendall@4870: 0.3945
Epoch 148/150 | Train Loss: 0.0258 | Epoch Time: 1.72s | Spearman@4870: 0.5646 | Kendall@4870: 0.3954
Epoch 149/150 | Train Loss: 0.0253 | Epoch Time: 1.74s | Spearman@4870: 0.5619 | Kendall@4870: 0.3932
Epoch 150/150 | Train Loss: 0.0232 | Epoch Time: 1.74s | Spearman@4870: 0.5588 | Kendall@4870: 0.3907
Sample Count: 128, Spearman: 0.5622110032765939, Kendall: 0.393458953663836
{64: (0.42256106511091274, 0.28900069351834445),
 128: (0.5622110032765939, 0.393458953663836)}
Epoch 1/150 | Train Loss: 0.1000 | Epoch Time: 0.44s | Spearman@80: 0.2952 | Kendall@80: 0.2050
Epoch 2/150 | Train Loss: 0.0965 | Epoch Time: 0.43s | Spearman@80: 0.0094 | Kendall@80: 0.0086
Epoch 3/150 | Train Loss: 0.0871 | Epoch Time: 0.44s | Spearman@80: -0.0239 | Kendall@80: -0.0092
Epoch 4/150 | Train Loss: 0.0896 | Epoch Time: 0.44s | Spearman@80: 0.0561 | Kendall@80: 0.0415
Epoch 5/150 | Train Loss: 0.0850 | Epoch Time: 0.46s | Spearman@80: 0.0864 | Kendall@80: 0.0612
Epoch 6/150 | Train Loss: 0.0829 | Epoch Time: 0.45s | Spearman@80: 0.2713 | Kendall@80: 0.1886
Epoch 7/150 | Train Loss: 0.0661 | Epoch Time: 0.45s | Spearman@80: 0.2994 | Kendall@80: 0.2025
Epoch 8/150 | Train Loss: 0.0537 | Epoch Time: 0.44s | Spearman@80: 0.3271 | Kendall@80: 0.2279
Epoch 9/150 | Train Loss: 0.0542 | Epoch Time: 0.44s | Spearman@80: 0.4381 | Kendall@80: 0.3045
Epoch 10/150 | Train Loss: 0.0559 | Epoch Time: 0.45s | Spearman@80: 0.4536 | Kendall@80: 0.3255
Epoch 11/150 | Train Loss: 0.0544 | Epoch Time: 0.45s | Spearman@80: 0.4729 | Kendall@80: 0.3337
Epoch 12/150 | Train Loss: 0.0457 | Epoch Time: 0.47s | Spearman@80: 0.5040 | Kendall@80: 0.3635
Epoch 13/150 | Train Loss: 0.0452 | Epoch Time: 0.43s | Spearman@80: 0.4884 | Kendall@80: 0.3502
Epoch 14/150 | Train Loss: 0.0435 | Epoch Time: 0.46s | Spearman@80: 0.5657 | Kendall@80: 0.4028
Epoch 15/150 | Train Loss: 0.0496 | Epoch Time: 0.43s | Spearman@80: 0.5244 | Kendall@80: 0.3774
Epoch 16/150 | Train Loss: 0.0424 | Epoch Time: 0.47s | Spearman@80: 0.4849 | Kendall@80: 0.3445
Epoch 17/150 | Train Loss: 0.0459 | Epoch Time: 0.44s | Spearman@80: 0.5294 | Kendall@80: 0.3787
Epoch 18/150 | Train Loss: 0.0471 | Epoch Time: 0.44s | Spearman@80: 0.5823 | Kendall@80: 0.4269
Epoch 19/150 | Train Loss: 0.0473 | Epoch Time: 0.45s | Spearman@80: 0.4881 | Kendall@80: 0.3438
Epoch 20/150 | Train Loss: 0.0484 | Epoch Time: 0.47s | Spearman@80: 0.5856 | Kendall@80: 0.4357
Epoch 21/150 | Train Loss: 0.0381 | Epoch Time: 0.45s | Spearman@80: 0.4679 | Kendall@80: 0.3362
Epoch 22/150 | Train Loss: 0.0359 | Epoch Time: 0.43s | Spearman@80: 0.5725 | Kendall@80: 0.4186
Epoch 23/150 | Train Loss: 0.0404 | Epoch Time: 0.45s | Spearman@80: 0.6063 | Kendall@80: 0.4402
Epoch 24/150 | Train Loss: 0.0365 | Epoch Time: 0.43s | Spearman@80: 0.5527 | Kendall@80: 0.3990
Epoch 25/150 | Train Loss: 0.0349 | Epoch Time: 0.48s | Spearman@80: 0.5803 | Kendall@80: 0.4167
Epoch 26/150 | Train Loss: 0.0394 | Epoch Time: 0.43s | Spearman@80: 0.5494 | Kendall@80: 0.3977
Epoch 27/150 | Train Loss: 0.0368 | Epoch Time: 0.42s | Spearman@80: 0.6062 | Kendall@80: 0.4484
Epoch 28/150 | Train Loss: 0.0376 | Epoch Time: 0.43s | Spearman@80: 0.5836 | Kendall@80: 0.4256
Epoch 29/150 | Train Loss: 0.0353 | Epoch Time: 0.45s | Spearman@80: 0.5994 | Kendall@80: 0.4408
Epoch 30/150 | Train Loss: 0.0327 | Epoch Time: 0.42s | Spearman@80: 0.4972 | Kendall@80: 0.3648
Epoch 31/150 | Train Loss: 0.0320 | Epoch Time: 0.45s | Spearman@80: 0.5695 | Kendall@80: 0.4224
Epoch 32/150 | Train Loss: 0.0346 | Epoch Time: 0.44s | Spearman@80: 0.6836 | Kendall@80: 0.5181
Epoch 33/150 | Train Loss: 0.0453 | Epoch Time: 0.42s | Spearman@80: 0.5273 | Kendall@80: 0.3774
Epoch 34/150 | Train Loss: 0.0322 | Epoch Time: 0.44s | Spearman@80: 0.6505 | Kendall@80: 0.4871
Epoch 35/150 | Train Loss: 0.0397 | Epoch Time: 0.43s | Spearman@80: 0.6586 | Kendall@80: 0.4947
Epoch 36/150 | Train Loss: 0.0320 | Epoch Time: 0.47s | Spearman@80: 0.5800 | Kendall@80: 0.4313
Epoch 37/150 | Train Loss: 0.0366 | Epoch Time: 0.42s | Spearman@80: 0.6562 | Kendall@80: 0.4890
Epoch 38/150 | Train Loss: 0.0304 | Epoch Time: 0.42s | Spearman@80: 0.6706 | Kendall@80: 0.5010
Epoch 39/150 | Train Loss: 0.0411 | Epoch Time: 0.42s | Spearman@80: 0.6242 | Kendall@80: 0.4681
Epoch 40/150 | Train Loss: 0.0360 | Epoch Time: 0.44s | Spearman@80: 0.6746 | Kendall@80: 0.5004
Epoch 41/150 | Train Loss: 0.0426 | Epoch Time: 0.48s | Spearman@80: 0.6720 | Kendall@80: 0.5036
Epoch 42/150 | Train Loss: 0.0326 | Epoch Time: 0.42s | Spearman@80: 0.5768 | Kendall@80: 0.4231
Epoch 43/150 | Train Loss: 0.0332 | Epoch Time: 0.42s | Spearman@80: 0.5525 | Kendall@80: 0.3965
Epoch 44/150 | Train Loss: 0.0285 | Epoch Time: 0.42s | Spearman@80: 0.5196 | Kendall@80: 0.3654
Epoch 45/150 | Train Loss: 0.0296 | Epoch Time: 0.45s | Spearman@80: 0.5786 | Kendall@80: 0.4174
Epoch 46/150 | Train Loss: 0.0322 | Epoch Time: 0.42s | Spearman@80: 0.5464 | Kendall@80: 0.4047
Epoch 47/150 | Train Loss: 0.0312 | Epoch Time: 0.44s | Spearman@80: 0.6139 | Kendall@80: 0.4484
Epoch 48/150 | Train Loss: 0.0325 | Epoch Time: 0.44s | Spearman@80: 0.6618 | Kendall@80: 0.4896
Epoch 49/150 | Train Loss: 0.0274 | Epoch Time: 0.44s | Spearman@80: 0.6528 | Kendall@80: 0.4833
Epoch 50/150 | Train Loss: 0.0298 | Epoch Time: 0.46s | Spearman@80: 0.6481 | Kendall@80: 0.4807
Epoch 51/150 | Train Loss: 0.0310 | Epoch Time: 0.43s | Spearman@80: 0.6375 | Kendall@80: 0.4757
Epoch 52/150 | Train Loss: 0.0351 | Epoch Time: 0.45s | Spearman@80: 0.6349 | Kendall@80: 0.4725
Epoch 53/150 | Train Loss: 0.0204 | Epoch Time: 0.43s | Spearman@80: 0.6514 | Kendall@80: 0.4826
Epoch 54/150 | Train Loss: 0.0234 | Epoch Time: 0.45s | Spearman@80: 0.6691 | Kendall@80: 0.4966
Epoch 55/150 | Train Loss: 0.0328 | Epoch Time: 0.45s | Spearman@80: 0.6281 | Kendall@80: 0.4630
Epoch 56/150 | Train Loss: 0.0303 | Epoch Time: 0.43s | Spearman@80: 0.6035 | Kendall@80: 0.4415
Epoch 57/150 | Train Loss: 0.0211 | Epoch Time: 0.47s | Spearman@80: 0.4869 | Kendall@80: 0.3470
Epoch 58/150 | Train Loss: 0.0301 | Epoch Time: 0.45s | Spearman@80: 0.6804 | Kendall@80: 0.5137
Epoch 59/150 | Train Loss: 0.0298 | Epoch Time: 0.43s | Spearman@80: 0.7002 | Kendall@80: 0.5283
Epoch 60/150 | Train Loss: 0.0333 | Epoch Time: 0.43s | Spearman@80: 0.6859 | Kendall@80: 0.5156
Epoch 61/150 | Train Loss: 0.0296 | Epoch Time: 0.45s | Spearman@80: 0.6367 | Kendall@80: 0.4681
Epoch 62/150 | Train Loss: 0.0328 | Epoch Time: 0.47s | Spearman@80: 0.6315 | Kendall@80: 0.4598
Epoch 63/150 | Train Loss: 0.0256 | Epoch Time: 0.48s | Spearman@80: 0.6574 | Kendall@80: 0.4903
Epoch 64/150 | Train Loss: 0.0302 | Epoch Time: 0.46s | Spearman@80: 0.6601 | Kendall@80: 0.4871
Epoch 65/150 | Train Loss: 0.0265 | Epoch Time: 0.44s | Spearman@80: 0.6629 | Kendall@80: 0.4922
Epoch 66/150 | Train Loss: 0.0229 | Epoch Time: 0.46s | Spearman@80: 0.6439 | Kendall@80: 0.4744
Epoch 67/150 | Train Loss: 0.0273 | Epoch Time: 0.45s | Spearman@80: 0.5669 | Kendall@80: 0.4047
Epoch 68/150 | Train Loss: 0.0315 | Epoch Time: 0.45s | Spearman@80: 0.6356 | Kendall@80: 0.4763
Epoch 69/150 | Train Loss: 0.0256 | Epoch Time: 0.43s | Spearman@80: 0.6221 | Kendall@80: 0.4643
Epoch 70/150 | Train Loss: 0.0267 | Epoch Time: 0.44s | Spearman@80: 0.6492 | Kendall@80: 0.4833
Epoch 71/150 | Train Loss: 0.0314 | Epoch Time: 0.44s | Spearman@80: 0.6607 | Kendall@80: 0.4928
Epoch 72/150 | Train Loss: 0.0251 | Epoch Time: 0.44s | Spearman@80: 0.6573 | Kendall@80: 0.4826
Epoch 73/150 | Train Loss: 0.0243 | Epoch Time: 0.45s | Spearman@80: 0.6715 | Kendall@80: 0.4953
Epoch 74/150 | Train Loss: 0.0234 | Epoch Time: 0.43s | Spearman@80: 0.6656 | Kendall@80: 0.4852
Epoch 75/150 | Train Loss: 0.0250 | Epoch Time: 0.42s | Spearman@80: 0.5830 | Kendall@80: 0.4262
Epoch 76/150 | Train Loss: 0.0240 | Epoch Time: 0.44s | Spearman@80: 0.5629 | Kendall@80: 0.4072
Epoch 77/150 | Train Loss: 0.0243 | Epoch Time: 0.42s | Spearman@80: 0.6005 | Kendall@80: 0.4376
Epoch 78/150 | Train Loss: 0.0224 | Epoch Time: 0.42s | Spearman@80: 0.5734 | Kendall@80: 0.4148
Epoch 79/150 | Train Loss: 0.0186 | Epoch Time: 0.45s | Spearman@80: 0.6306 | Kendall@80: 0.4617
Epoch 80/150 | Train Loss: 0.0244 | Epoch Time: 0.42s | Spearman@80: 0.6550 | Kendall@80: 0.4788
Epoch 81/150 | Train Loss: 0.0224 | Epoch Time: 0.47s | Spearman@80: 0.6259 | Kendall@80: 0.4535
Epoch 82/150 | Train Loss: 0.0224 | Epoch Time: 0.44s | Spearman@80: 0.5921 | Kendall@80: 0.4313
Epoch 83/150 | Train Loss: 0.0230 | Epoch Time: 0.43s | Spearman@80: 0.5971 | Kendall@80: 0.4376
Epoch 84/150 | Train Loss: 0.0174 | Epoch Time: 0.44s | Spearman@80: 0.6323 | Kendall@80: 0.4586
Epoch 85/150 | Train Loss: 0.0219 | Epoch Time: 0.44s | Spearman@80: 0.6566 | Kendall@80: 0.4782
Epoch 86/150 | Train Loss: 0.0276 | Epoch Time: 0.43s | Spearman@80: 0.6368 | Kendall@80: 0.4598
Epoch 87/150 | Train Loss: 0.0233 | Epoch Time: 0.44s | Spearman@80: 0.6150 | Kendall@80: 0.4427
Epoch 88/150 | Train Loss: 0.0249 | Epoch Time: 0.43s | Spearman@80: 0.6019 | Kendall@80: 0.4402
Epoch 89/150 | Train Loss: 0.0246 | Epoch Time: 0.42s | Spearman@80: 0.6216 | Kendall@80: 0.4554
Epoch 90/150 | Train Loss: 0.0254 | Epoch Time: 0.42s | Spearman@80: 0.6325 | Kendall@80: 0.4630
Epoch 91/150 | Train Loss: 0.0229 | Epoch Time: 0.42s | Spearman@80: 0.5889 | Kendall@80: 0.4243
Epoch 92/150 | Train Loss: 0.0258 | Epoch Time: 0.42s | Spearman@80: 0.5605 | Kendall@80: 0.4015
Epoch 93/150 | Train Loss: 0.0214 | Epoch Time: 0.46s | Spearman@80: 0.5907 | Kendall@80: 0.4307
Epoch 94/150 | Train Loss: 0.0221 | Epoch Time: 0.44s | Spearman@80: 0.6547 | Kendall@80: 0.4782
Epoch 95/150 | Train Loss: 0.0227 | Epoch Time: 0.44s | Spearman@80: 0.6340 | Kendall@80: 0.4655
Epoch 96/150 | Train Loss: 0.0248 | Epoch Time: 0.43s | Spearman@80: 0.6143 | Kendall@80: 0.4478
Epoch 97/150 | Train Loss: 0.0237 | Epoch Time: 0.45s | Spearman@80: 0.6442 | Kendall@80: 0.4738
Epoch 98/150 | Train Loss: 0.0185 | Epoch Time: 0.45s | Spearman@80: 0.6430 | Kendall@80: 0.4763
Epoch 99/150 | Train Loss: 0.0286 | Epoch Time: 0.44s | Spearman@80: 0.6070 | Kendall@80: 0.4453
Epoch 100/150 | Train Loss: 0.0203 | Epoch Time: 0.47s | Spearman@80: 0.5868 | Kendall@80: 0.4250
Epoch 101/150 | Train Loss: 0.0213 | Epoch Time: 0.42s | Spearman@80: 0.6026 | Kendall@80: 0.4446
Epoch 102/150 | Train Loss: 0.0190 | Epoch Time: 0.42s | Spearman@80: 0.6005 | Kendall@80: 0.4434
Epoch 103/150 | Train Loss: 0.0205 | Epoch Time: 0.43s | Spearman@80: 0.6046 | Kendall@80: 0.4427
Epoch 104/150 | Train Loss: 0.0179 | Epoch Time: 0.44s | Spearman@80: 0.6110 | Kendall@80: 0.4415
Epoch 105/150 | Train Loss: 0.0214 | Epoch Time: 0.44s | Spearman@80: 0.6489 | Kendall@80: 0.4757
Epoch 106/150 | Train Loss: 0.0247 | Epoch Time: 0.44s | Spearman@80: 0.6643 | Kendall@80: 0.4896
Epoch 107/150 | Train Loss: 0.0193 | Epoch Time: 0.42s | Spearman@80: 0.6649 | Kendall@80: 0.4934
Epoch 108/150 | Train Loss: 0.0224 | Epoch Time: 0.46s | Spearman@80: 0.6635 | Kendall@80: 0.4922
Epoch 109/150 | Train Loss: 0.0134 | Epoch Time: 0.45s | Spearman@80: 0.6415 | Kendall@80: 0.4719
Epoch 110/150 | Train Loss: 0.0223 | Epoch Time: 0.44s | Spearman@80: 0.6398 | Kendall@80: 0.4700
Epoch 111/150 | Train Loss: 0.0233 | Epoch Time: 0.44s | Spearman@80: 0.6210 | Kendall@80: 0.4573
Epoch 112/150 | Train Loss: 0.0153 | Epoch Time: 0.44s | Spearman@80: 0.6353 | Kendall@80: 0.4643
Epoch 113/150 | Train Loss: 0.0198 | Epoch Time: 0.45s | Spearman@80: 0.6311 | Kendall@80: 0.4649
Epoch 114/150 | Train Loss: 0.0207 | Epoch Time: 0.44s | Spearman@80: 0.6298 | Kendall@80: 0.4598
Epoch 115/150 | Train Loss: 0.0234 | Epoch Time: 0.45s | Spearman@80: 0.6414 | Kendall@80: 0.4731
Epoch 116/150 | Train Loss: 0.0229 | Epoch Time: 0.42s | Spearman@80: 0.6160 | Kendall@80: 0.4510
Epoch 117/150 | Train Loss: 0.0208 | Epoch Time: 0.44s | Spearman@80: 0.6103 | Kendall@80: 0.4459
Epoch 118/150 | Train Loss: 0.0193 | Epoch Time: 0.48s | Spearman@80: 0.6271 | Kendall@80: 0.4554
Epoch 119/150 | Train Loss: 0.0232 | Epoch Time: 0.43s | Spearman@80: 0.5862 | Kendall@80: 0.4250
Epoch 120/150 | Train Loss: 0.0205 | Epoch Time: 0.43s | Spearman@80: 0.5922 | Kendall@80: 0.4281
Epoch 121/150 | Train Loss: 0.0245 | Epoch Time: 0.44s | Spearman@80: 0.5966 | Kendall@80: 0.4319
Epoch 122/150 | Train Loss: 0.0209 | Epoch Time: 0.47s | Spearman@80: 0.6326 | Kendall@80: 0.4624
Epoch 123/150 | Train Loss: 0.0180 | Epoch Time: 0.43s | Spearman@80: 0.6397 | Kendall@80: 0.4700
Epoch 124/150 | Train Loss: 0.0228 | Epoch Time: 0.44s | Spearman@80: 0.6327 | Kendall@80: 0.4630
Epoch 125/150 | Train Loss: 0.0208 | Epoch Time: 0.43s | Spearman@80: 0.6238 | Kendall@80: 0.4586
Epoch 126/150 | Train Loss: 0.0121 | Epoch Time: 0.47s | Spearman@80: 0.6175 | Kendall@80: 0.4516
Epoch 127/150 | Train Loss: 0.0229 | Epoch Time: 0.44s | Spearman@80: 0.6213 | Kendall@80: 0.4560
Epoch 128/150 | Train Loss: 0.0151 | Epoch Time: 0.42s | Spearman@80: 0.6207 | Kendall@80: 0.4535
Epoch 129/150 | Train Loss: 0.0248 | Epoch Time: 0.43s | Spearman@80: 0.6147 | Kendall@80: 0.4484
Epoch 130/150 | Train Loss: 0.0159 | Epoch Time: 0.45s | Spearman@80: 0.6249 | Kendall@80: 0.4548
Epoch 131/150 | Train Loss: 0.0166 | Epoch Time: 0.44s | Spearman@80: 0.6214 | Kendall@80: 0.4522
Epoch 132/150 | Train Loss: 0.0153 | Epoch Time: 0.42s | Spearman@80: 0.6174 | Kendall@80: 0.4510
Epoch 133/150 | Train Loss: 0.0188 | Epoch Time: 0.42s | Spearman@80: 0.6221 | Kendall@80: 0.4548
Epoch 134/150 | Train Loss: 0.0181 | Epoch Time: 0.42s | Spearman@80: 0.6205 | Kendall@80: 0.4522
Epoch 135/150 | Train Loss: 0.0199 | Epoch Time: 0.45s | Spearman@80: 0.6199 | Kendall@80: 0.4497
Epoch 136/150 | Train Loss: 0.0081 | Epoch Time: 0.48s | Spearman@80: 0.6151 | Kendall@80: 0.4434
Epoch 137/150 | Train Loss: 0.0154 | Epoch Time: 0.45s | Spearman@80: 0.6149 | Kendall@80: 0.4453
Epoch 138/150 | Train Loss: 0.0251 | Epoch Time: 0.45s | Spearman@80: 0.6106 | Kendall@80: 0.4402
Epoch 139/150 | Train Loss: 0.0170 | Epoch Time: 0.46s | Spearman@80: 0.6153 | Kendall@80: 0.4503
Epoch 140/150 | Train Loss: 0.0171 | Epoch Time: 0.42s | Spearman@80: 0.6101 | Kendall@80: 0.4440
Epoch 141/150 | Train Loss: 0.0143 | Epoch Time: 0.55s | Spearman@80: 0.6106 | Kendall@80: 0.4446
Epoch 142/150 | Train Loss: 0.0183 | Epoch Time: 0.47s | Spearman@80: 0.6236 | Kendall@80: 0.4516
Epoch 143/150 | Train Loss: 0.0184 | Epoch Time: 0.44s | Spearman@80: 0.6141 | Kendall@80: 0.4440
Epoch 144/150 | Train Loss: 0.0137 | Epoch Time: 0.43s | Spearman@80: 0.6152 | Kendall@80: 0.4472
Epoch 145/150 | Train Loss: 0.0160 | Epoch Time: 0.42s | Spearman@80: 0.6116 | Kendall@80: 0.4427
Epoch 146/150 | Train Loss: 0.0193 | Epoch Time: 0.43s | Spearman@80: 0.6157 | Kendall@80: 0.4459
Epoch 147/150 | Train Loss: 0.0174 | Epoch Time: 1.32s | Spearman@4934: 0.6811 | Kendall@4934: 0.4938
Epoch 148/150 | Train Loss: 0.0161 | Epoch Time: 1.32s | Spearman@4934: 0.6886 | Kendall@4934: 0.5006
Epoch 149/150 | Train Loss: 0.0183 | Epoch Time: 1.31s | Spearman@4934: 0.6852 | Kendall@4934: 0.4975
Epoch 150/150 | Train Loss: 0.0142 | Epoch Time: 1.33s | Spearman@4934: 0.6847 | Kendall@4934: 0.4970
Sample Count: 64, Spearman: 0.6848977115944606, Kendall: 0.49723251431854726
{64: (0.6848977115944606, 0.49723251431854726),
 128: (0.5622110032765939, 0.393458953663836)}
Epoch 1/150 | Train Loss: 0.0970 | Epoch Time: 0.93s | Spearman@80: 0.4558 | Kendall@80: 0.3164
Epoch 2/150 | Train Loss: 0.0833 | Epoch Time: 0.86s | Spearman@80: 0.6153 | Kendall@80: 0.4312
Epoch 3/150 | Train Loss: 0.0652 | Epoch Time: 0.89s | Spearman@80: 0.6737 | Kendall@80: 0.4876
Epoch 4/150 | Train Loss: 0.0619 | Epoch Time: 0.85s | Spearman@80: 0.7044 | Kendall@80: 0.5219
Epoch 5/150 | Train Loss: 0.0616 | Epoch Time: 0.85s | Spearman@80: 0.7048 | Kendall@80: 0.5225
Epoch 6/150 | Train Loss: 0.0534 | Epoch Time: 0.85s | Spearman@80: 0.6960 | Kendall@80: 0.5073
Epoch 7/150 | Train Loss: 0.0546 | Epoch Time: 0.87s | Spearman@80: 0.6637 | Kendall@80: 0.4750
Epoch 8/150 | Train Loss: 0.0551 | Epoch Time: 0.86s | Spearman@80: 0.7410 | Kendall@80: 0.5447
Epoch 9/150 | Train Loss: 0.0559 | Epoch Time: 0.90s | Spearman@80: 0.7238 | Kendall@80: 0.5250
Epoch 10/150 | Train Loss: 0.0486 | Epoch Time: 0.86s | Spearman@80: 0.7278 | Kendall@80: 0.5339
Epoch 11/150 | Train Loss: 0.0516 | Epoch Time: 0.88s | Spearman@80: 0.7425 | Kendall@80: 0.5428
Epoch 12/150 | Train Loss: 0.0524 | Epoch Time: 0.85s | Spearman@80: 0.7514 | Kendall@80: 0.5517
Epoch 13/150 | Train Loss: 0.0554 | Epoch Time: 0.88s | Spearman@80: 0.6703 | Kendall@80: 0.4743
Epoch 14/150 | Train Loss: 0.0541 | Epoch Time: 0.91s | Spearman@80: 0.7536 | Kendall@80: 0.5625
Epoch 15/150 | Train Loss: 0.0574 | Epoch Time: 0.87s | Spearman@80: 0.7359 | Kendall@80: 0.5415
Epoch 16/150 | Train Loss: 0.0464 | Epoch Time: 0.91s | Spearman@80: 0.7231 | Kendall@80: 0.5276
Epoch 17/150 | Train Loss: 0.0545 | Epoch Time: 0.88s | Spearman@80: 0.7619 | Kendall@80: 0.5739
Epoch 18/150 | Train Loss: 0.0504 | Epoch Time: 0.86s | Spearman@80: 0.7125 | Kendall@80: 0.5365
Epoch 19/150 | Train Loss: 0.0493 | Epoch Time: 0.88s | Spearman@80: 0.7617 | Kendall@80: 0.5618
Epoch 20/150 | Train Loss: 0.0510 | Epoch Time: 0.86s | Spearman@80: 0.7532 | Kendall@80: 0.5587
Epoch 21/150 | Train Loss: 0.0500 | Epoch Time: 0.89s | Spearman@80: 0.7324 | Kendall@80: 0.5422
Epoch 22/150 | Train Loss: 0.0460 | Epoch Time: 0.88s | Spearman@80: 0.6933 | Kendall@80: 0.5155
Epoch 23/150 | Train Loss: 0.0432 | Epoch Time: 0.91s | Spearman@80: 0.7032 | Kendall@80: 0.5079
Epoch 24/150 | Train Loss: 0.0435 | Epoch Time: 0.88s | Spearman@80: 0.7248 | Kendall@80: 0.5447
Epoch 25/150 | Train Loss: 0.0487 | Epoch Time: 0.87s | Spearman@80: 0.7310 | Kendall@80: 0.5447
Epoch 26/150 | Train Loss: 0.0542 | Epoch Time: 0.86s | Spearman@80: 0.7469 | Kendall@80: 0.5453
Epoch 27/150 | Train Loss: 0.0542 | Epoch Time: 0.86s | Spearman@80: 0.7141 | Kendall@80: 0.5263
Epoch 28/150 | Train Loss: 0.0461 | Epoch Time: 0.87s | Spearman@80: 0.7053 | Kendall@80: 0.5143
Epoch 29/150 | Train Loss: 0.0501 | Epoch Time: 0.85s | Spearman@80: 0.6856 | Kendall@80: 0.4883
Epoch 30/150 | Train Loss: 0.0449 | Epoch Time: 0.88s | Spearman@80: 0.7401 | Kendall@80: 0.5485
Epoch 31/150 | Train Loss: 0.0432 | Epoch Time: 0.87s | Spearman@80: 0.7061 | Kendall@80: 0.5301
Epoch 32/150 | Train Loss: 0.0452 | Epoch Time: 0.89s | Spearman@80: 0.7252 | Kendall@80: 0.5396
Epoch 33/150 | Train Loss: 0.0458 | Epoch Time: 0.87s | Spearman@80: 0.7253 | Kendall@80: 0.5327
Epoch 34/150 | Train Loss: 0.0414 | Epoch Time: 0.91s | Spearman@80: 0.6764 | Kendall@80: 0.4971
Epoch 35/150 | Train Loss: 0.0463 | Epoch Time: 0.88s | Spearman@80: 0.7310 | Kendall@80: 0.5270
Epoch 36/150 | Train Loss: 0.0457 | Epoch Time: 0.85s | Spearman@80: 0.7222 | Kendall@80: 0.5308
Epoch 37/150 | Train Loss: 0.0411 | Epoch Time: 0.88s | Spearman@80: 0.6775 | Kendall@80: 0.4946
Epoch 38/150 | Train Loss: 0.0401 | Epoch Time: 0.88s | Spearman@80: 0.7360 | Kendall@80: 0.5498
Epoch 39/150 | Train Loss: 0.0411 | Epoch Time: 0.88s | Spearman@80: 0.6700 | Kendall@80: 0.4813
Epoch 40/150 | Train Loss: 0.0382 | Epoch Time: 0.86s | Spearman@80: 0.6469 | Kendall@80: 0.4711
Epoch 41/150 | Train Loss: 0.0453 | Epoch Time: 0.84s | Spearman@80: 0.7219 | Kendall@80: 0.5289
Epoch 42/150 | Train Loss: 0.0480 | Epoch Time: 0.85s | Spearman@80: 0.7145 | Kendall@80: 0.5225
Epoch 43/150 | Train Loss: 0.0432 | Epoch Time: 0.89s | Spearman@80: 0.7168 | Kendall@80: 0.5162
Epoch 44/150 | Train Loss: 0.0469 | Epoch Time: 0.88s | Spearman@80: 0.7019 | Kendall@80: 0.5174
Epoch 45/150 | Train Loss: 0.0410 | Epoch Time: 0.88s | Spearman@80: 0.6683 | Kendall@80: 0.4731
Epoch 46/150 | Train Loss: 0.0430 | Epoch Time: 0.84s | Spearman@80: 0.6845 | Kendall@80: 0.4889
Epoch 47/150 | Train Loss: 0.0443 | Epoch Time: 0.90s | Spearman@80: 0.7063 | Kendall@80: 0.5155
Epoch 48/150 | Train Loss: 0.0372 | Epoch Time: 0.89s | Spearman@80: 0.6767 | Kendall@80: 0.4965
Epoch 49/150 | Train Loss: 0.0377 | Epoch Time: 0.90s | Spearman@80: 0.6914 | Kendall@80: 0.5003
Epoch 50/150 | Train Loss: 0.0452 | Epoch Time: 0.96s | Spearman@80: 0.6304 | Kendall@80: 0.4509
Epoch 51/150 | Train Loss: 0.0377 | Epoch Time: 0.85s | Spearman@80: 0.6794 | Kendall@80: 0.4984
Epoch 52/150 | Train Loss: 0.0372 | Epoch Time: 0.90s | Spearman@80: 0.6808 | Kendall@80: 0.5016
Epoch 53/150 | Train Loss: 0.0389 | Epoch Time: 0.87s | Spearman@80: 0.7425 | Kendall@80: 0.5485
Epoch 54/150 | Train Loss: 0.0420 | Epoch Time: 0.89s | Spearman@80: 0.7410 | Kendall@80: 0.5549
Epoch 55/150 | Train Loss: 0.0334 | Epoch Time: 0.85s | Spearman@80: 0.7119 | Kendall@80: 0.5231
Epoch 56/150 | Train Loss: 0.0349 | Epoch Time: 0.87s | Spearman@80: 0.7751 | Kendall@80: 0.5809
Epoch 57/150 | Train Loss: 0.0387 | Epoch Time: 0.86s | Spearman@80: 0.7193 | Kendall@80: 0.5276
Epoch 58/150 | Train Loss: 0.0364 | Epoch Time: 0.88s | Spearman@80: 0.7245 | Kendall@80: 0.5365
Epoch 59/150 | Train Loss: 0.0434 | Epoch Time: 0.87s | Spearman@80: 0.7193 | Kendall@80: 0.5244
Epoch 60/150 | Train Loss: 0.0388 | Epoch Time: 0.87s | Spearman@80: 0.7214 | Kendall@80: 0.5365
Epoch 61/150 | Train Loss: 0.0391 | Epoch Time: 0.83s | Spearman@80: 0.7408 | Kendall@80: 0.5485
Epoch 62/150 | Train Loss: 0.0435 | Epoch Time: 0.84s | Spearman@80: 0.6956 | Kendall@80: 0.5193
Epoch 63/150 | Train Loss: 0.0342 | Epoch Time: 0.82s | Spearman@80: 0.7478 | Kendall@80: 0.5561
Epoch 64/150 | Train Loss: 0.0347 | Epoch Time: 0.88s | Spearman@80: 0.7356 | Kendall@80: 0.5479
Epoch 65/150 | Train Loss: 0.0338 | Epoch Time: 0.84s | Spearman@80: 0.6991 | Kendall@80: 0.5136
Epoch 66/150 | Train Loss: 0.0387 | Epoch Time: 0.88s | Spearman@80: 0.7478 | Kendall@80: 0.5555
Epoch 67/150 | Train Loss: 0.0387 | Epoch Time: 0.88s | Spearman@80: 0.7325 | Kendall@80: 0.5447
Epoch 68/150 | Train Loss: 0.0404 | Epoch Time: 0.86s | Spearman@80: 0.7127 | Kendall@80: 0.5384
Epoch 69/150 | Train Loss: 0.0349 | Epoch Time: 0.85s | Spearman@80: 0.7161 | Kendall@80: 0.5282
Epoch 70/150 | Train Loss: 0.0328 | Epoch Time: 0.89s | Spearman@80: 0.7308 | Kendall@80: 0.5441
Epoch 71/150 | Train Loss: 0.0384 | Epoch Time: 0.84s | Spearman@80: 0.7550 | Kendall@80: 0.5707
Epoch 72/150 | Train Loss: 0.0378 | Epoch Time: 0.85s | Spearman@80: 0.6998 | Kendall@80: 0.5136
Epoch 73/150 | Train Loss: 0.0352 | Epoch Time: 0.87s | Spearman@80: 0.6771 | Kendall@80: 0.5073
Epoch 74/150 | Train Loss: 0.0349 | Epoch Time: 0.86s | Spearman@80: 0.7108 | Kendall@80: 0.5238
Epoch 75/150 | Train Loss: 0.0360 | Epoch Time: 0.84s | Spearman@80: 0.6944 | Kendall@80: 0.5079
Epoch 76/150 | Train Loss: 0.0409 | Epoch Time: 0.83s | Spearman@80: 0.6605 | Kendall@80: 0.4857
Epoch 77/150 | Train Loss: 0.0359 | Epoch Time: 0.86s | Spearman@80: 0.7103 | Kendall@80: 0.5244
Epoch 78/150 | Train Loss: 0.0339 | Epoch Time: 0.91s | Spearman@80: 0.6982 | Kendall@80: 0.5225
Epoch 79/150 | Train Loss: 0.0352 | Epoch Time: 0.86s | Spearman@80: 0.6817 | Kendall@80: 0.5054
Epoch 80/150 | Train Loss: 0.0351 | Epoch Time: 0.88s | Spearman@80: 0.6913 | Kendall@80: 0.5155
Epoch 81/150 | Train Loss: 0.0301 | Epoch Time: 0.87s | Spearman@80: 0.6960 | Kendall@80: 0.5130
Epoch 82/150 | Train Loss: 0.0310 | Epoch Time: 0.84s | Spearman@80: 0.6687 | Kendall@80: 0.4965
Epoch 83/150 | Train Loss: 0.0313 | Epoch Time: 0.87s | Spearman@80: 0.6771 | Kendall@80: 0.5003
Epoch 84/150 | Train Loss: 0.0300 | Epoch Time: 0.89s | Spearman@80: 0.6986 | Kendall@80: 0.5149
Epoch 85/150 | Train Loss: 0.0348 | Epoch Time: 0.87s | Spearman@80: 0.7181 | Kendall@80: 0.5270
Epoch 86/150 | Train Loss: 0.0271 | Epoch Time: 0.88s | Spearman@80: 0.6929 | Kendall@80: 0.5079
Epoch 87/150 | Train Loss: 0.0314 | Epoch Time: 0.87s | Spearman@80: 0.6742 | Kendall@80: 0.4940
Epoch 88/150 | Train Loss: 0.0297 | Epoch Time: 0.86s | Spearman@80: 0.6591 | Kendall@80: 0.4800
Epoch 89/150 | Train Loss: 0.0341 | Epoch Time: 0.84s | Spearman@80: 0.6683 | Kendall@80: 0.4914
Epoch 90/150 | Train Loss: 0.0319 | Epoch Time: 0.87s | Spearman@80: 0.6943 | Kendall@80: 0.5073
Epoch 91/150 | Train Loss: 0.0278 | Epoch Time: 0.87s | Spearman@80: 0.6791 | Kendall@80: 0.4870
Epoch 92/150 | Train Loss: 0.0276 | Epoch Time: 0.89s | Spearman@80: 0.6978 | Kendall@80: 0.5086
Epoch 93/150 | Train Loss: 0.0284 | Epoch Time: 0.88s | Spearman@80: 0.6737 | Kendall@80: 0.4927
Epoch 94/150 | Train Loss: 0.0306 | Epoch Time: 0.84s | Spearman@80: 0.6796 | Kendall@80: 0.5029
Epoch 95/150 | Train Loss: 0.0298 | Epoch Time: 0.85s | Spearman@80: 0.6853 | Kendall@80: 0.5060
Epoch 96/150 | Train Loss: 0.0246 | Epoch Time: 0.84s | Spearman@80: 0.6567 | Kendall@80: 0.4737
Epoch 97/150 | Train Loss: 0.0340 | Epoch Time: 0.84s | Spearman@80: 0.6899 | Kendall@80: 0.5149
Epoch 98/150 | Train Loss: 0.0347 | Epoch Time: 0.84s | Spearman@80: 0.6974 | Kendall@80: 0.5117
Epoch 99/150 | Train Loss: 0.0318 | Epoch Time: 0.87s | Spearman@80: 0.6817 | Kendall@80: 0.4984
Epoch 100/150 | Train Loss: 0.0355 | Epoch Time: 0.83s | Spearman@80: 0.6667 | Kendall@80: 0.4883
Epoch 101/150 | Train Loss: 0.0261 | Epoch Time: 0.85s | Spearman@80: 0.6738 | Kendall@80: 0.4933
Epoch 102/150 | Train Loss: 0.0248 | Epoch Time: 0.89s | Spearman@80: 0.6902 | Kendall@80: 0.5073
Epoch 103/150 | Train Loss: 0.0329 | Epoch Time: 0.83s | Spearman@80: 0.6795 | Kendall@80: 0.5048
Epoch 104/150 | Train Loss: 0.0243 | Epoch Time: 0.84s | Spearman@80: 0.6881 | Kendall@80: 0.5149
Epoch 105/150 | Train Loss: 0.0309 | Epoch Time: 0.84s | Spearman@80: 0.6864 | Kendall@80: 0.5010
Epoch 106/150 | Train Loss: 0.0269 | Epoch Time: 0.92s | Spearman@80: 0.6813 | Kendall@80: 0.4990
Epoch 107/150 | Train Loss: 0.0283 | Epoch Time: 0.84s | Spearman@80: 0.6516 | Kendall@80: 0.4731
Epoch 108/150 | Train Loss: 0.0317 | Epoch Time: 0.87s | Spearman@80: 0.6642 | Kendall@80: 0.4845
Epoch 109/150 | Train Loss: 0.0274 | Epoch Time: 0.88s | Spearman@80: 0.6448 | Kendall@80: 0.4724
Epoch 110/150 | Train Loss: 0.0318 | Epoch Time: 0.91s | Spearman@80: 0.6426 | Kendall@80: 0.4686
Epoch 111/150 | Train Loss: 0.0296 | Epoch Time: 0.88s | Spearman@80: 0.6720 | Kendall@80: 0.4914
Epoch 112/150 | Train Loss: 0.0271 | Epoch Time: 0.88s | Spearman@80: 0.6896 | Kendall@80: 0.5067
Epoch 113/150 | Train Loss: 0.0302 | Epoch Time: 0.83s | Spearman@80: 0.6943 | Kendall@80: 0.5111
Epoch 114/150 | Train Loss: 0.0256 | Epoch Time: 0.85s | Spearman@80: 0.6879 | Kendall@80: 0.5054
Epoch 115/150 | Train Loss: 0.0298 | Epoch Time: 0.84s | Spearman@80: 0.6683 | Kendall@80: 0.4889
Epoch 116/150 | Train Loss: 0.0260 | Epoch Time: 0.84s | Spearman@80: 0.6678 | Kendall@80: 0.4902
Epoch 117/150 | Train Loss: 0.0318 | Epoch Time: 0.84s | Spearman@80: 0.6922 | Kendall@80: 0.5105
Epoch 118/150 | Train Loss: 0.0262 | Epoch Time: 0.87s | Spearman@80: 0.6874 | Kendall@80: 0.5029
Epoch 119/150 | Train Loss: 0.0267 | Epoch Time: 0.86s | Spearman@80: 0.6715 | Kendall@80: 0.4895
Epoch 120/150 | Train Loss: 0.0248 | Epoch Time: 0.89s | Spearman@80: 0.6910 | Kendall@80: 0.5079
Epoch 121/150 | Train Loss: 0.0247 | Epoch Time: 0.86s | Spearman@80: 0.6854 | Kendall@80: 0.5048
Epoch 122/150 | Train Loss: 0.0259 | Epoch Time: 0.85s | Spearman@80: 0.6668 | Kendall@80: 0.4870
Epoch 123/150 | Train Loss: 0.0205 | Epoch Time: 0.87s | Spearman@80: 0.6864 | Kendall@80: 0.5067
Epoch 124/150 | Train Loss: 0.0253 | Epoch Time: 0.88s | Spearman@80: 0.6790 | Kendall@80: 0.5003
Epoch 125/150 | Train Loss: 0.0264 | Epoch Time: 0.88s | Spearman@80: 0.6636 | Kendall@80: 0.4845
Epoch 126/150 | Train Loss: 0.0237 | Epoch Time: 0.83s | Spearman@80: 0.6712 | Kendall@80: 0.4946
Epoch 127/150 | Train Loss: 0.0264 | Epoch Time: 0.92s | Spearman@80: 0.6737 | Kendall@80: 0.4952
Epoch 128/150 | Train Loss: 0.0252 | Epoch Time: 0.88s | Spearman@80: 0.6708 | Kendall@80: 0.4902
Epoch 129/150 | Train Loss: 0.0292 | Epoch Time: 0.85s | Spearman@80: 0.6525 | Kendall@80: 0.4775
Epoch 130/150 | Train Loss: 0.0279 | Epoch Time: 0.85s | Spearman@80: 0.6640 | Kendall@80: 0.4895
Epoch 131/150 | Train Loss: 0.0216 | Epoch Time: 0.86s | Spearman@80: 0.6626 | Kendall@80: 0.4914
Epoch 132/150 | Train Loss: 0.0256 | Epoch Time: 0.86s | Spearman@80: 0.6714 | Kendall@80: 0.4940
Epoch 133/150 | Train Loss: 0.0252 | Epoch Time: 0.90s | Spearman@80: 0.6589 | Kendall@80: 0.4845
Epoch 134/150 | Train Loss: 0.0251 | Epoch Time: 0.84s | Spearman@80: 0.6669 | Kendall@80: 0.4883
Epoch 135/150 | Train Loss: 0.0251 | Epoch Time: 0.86s | Spearman@80: 0.6484 | Kendall@80: 0.4775
Epoch 136/150 | Train Loss: 0.0276 | Epoch Time: 0.87s | Spearman@80: 0.6560 | Kendall@80: 0.4832
Epoch 137/150 | Train Loss: 0.0294 | Epoch Time: 0.90s | Spearman@80: 0.6614 | Kendall@80: 0.4845
Epoch 138/150 | Train Loss: 0.0276 | Epoch Time: 0.91s | Spearman@80: 0.6558 | Kendall@80: 0.4838
Epoch 139/150 | Train Loss: 0.0208 | Epoch Time: 0.84s | Spearman@80: 0.6632 | Kendall@80: 0.4857
Epoch 140/150 | Train Loss: 0.0234 | Epoch Time: 0.86s | Spearman@80: 0.6714 | Kendall@80: 0.4895
Epoch 141/150 | Train Loss: 0.0258 | Epoch Time: 0.89s | Spearman@80: 0.6530 | Kendall@80: 0.4807
Epoch 142/150 | Train Loss: 0.0255 | Epoch Time: 0.82s | Spearman@80: 0.6692 | Kendall@80: 0.4889
Epoch 143/150 | Train Loss: 0.0292 | Epoch Time: 0.87s | Spearman@80: 0.6593 | Kendall@80: 0.4857
Epoch 144/150 | Train Loss: 0.0285 | Epoch Time: 0.93s | Spearman@80: 0.6655 | Kendall@80: 0.4895
Epoch 145/150 | Train Loss: 0.0257 | Epoch Time: 0.87s | Spearman@80: 0.6734 | Kendall@80: 0.4940
Epoch 146/150 | Train Loss: 0.0256 | Epoch Time: 0.88s | Spearman@80: 0.6745 | Kendall@80: 0.4959
Epoch 147/150 | Train Loss: 0.0241 | Epoch Time: 1.74s | Spearman@4870: 0.6431 | Kendall@4870: 0.4599
Epoch 148/150 | Train Loss: 0.0222 | Epoch Time: 1.76s | Spearman@4870: 0.6439 | Kendall@4870: 0.4605
Epoch 149/150 | Train Loss: 0.0228 | Epoch Time: 1.75s | Spearman@4870: 0.6403 | Kendall@4870: 0.4575
Epoch 150/150 | Train Loss: 0.0255 | Epoch Time: 1.72s | Spearman@4870: 0.6377 | Kendall@4870: 0.4552
Sample Count: 128, Spearman: 0.6412604810773173, Kendall: 0.45828915825016314
{64: (0.6848977115944606, 0.49723251431854726),
 128: (0.6412604810773173, 0.45828915825016314)}
Epoch 1/150 | Train Loss: 0.1010 | Epoch Time: 0.49s | Spearman@80: 0.3856 | Kendall@80: 0.2575
Epoch 2/150 | Train Loss: 0.0986 | Epoch Time: 0.44s | Spearman@80: 0.2731 | Kendall@80: 0.1815
Epoch 3/150 | Train Loss: 0.0964 | Epoch Time: 0.45s | Spearman@80: 0.1562 | Kendall@80: 0.1080
Epoch 4/150 | Train Loss: 0.0896 | Epoch Time: 0.45s | Spearman@80: 0.2055 | Kendall@80: 0.1378
Epoch 5/150 | Train Loss: 0.0874 | Epoch Time: 0.45s | Spearman@80: 0.2420 | Kendall@80: 0.1593
Epoch 6/150 | Train Loss: 0.0817 | Epoch Time: 0.43s | Spearman@80: 0.2019 | Kendall@80: 0.1340
Epoch 7/150 | Train Loss: 0.0798 | Epoch Time: 0.47s | Spearman@80: 0.3945 | Kendall@80: 0.2752
Epoch 8/150 | Train Loss: 0.0728 | Epoch Time: 0.46s | Spearman@80: 0.2722 | Kendall@80: 0.2011
Epoch 9/150 | Train Loss: 0.0734 | Epoch Time: 0.45s | Spearman@80: 0.2696 | Kendall@80: 0.1929
Epoch 10/150 | Train Loss: 0.0645 | Epoch Time: 0.46s | Spearman@80: 0.0496 | Kendall@80: 0.0263
Epoch 11/150 | Train Loss: 0.0598 | Epoch Time: 0.43s | Spearman@80: 0.2676 | Kendall@80: 0.1916
Epoch 12/150 | Train Loss: 0.0644 | Epoch Time: 0.45s | Spearman@80: 0.2319 | Kendall@80: 0.1701
Epoch 13/150 | Train Loss: 0.0648 | Epoch Time: 0.45s | Spearman@80: 0.4628 | Kendall@80: 0.3170
Epoch 14/150 | Train Loss: 0.0507 | Epoch Time: 0.43s | Spearman@80: 0.5169 | Kendall@80: 0.3626
Epoch 15/150 | Train Loss: 0.0474 | Epoch Time: 0.44s | Spearman@80: 0.4450 | Kendall@80: 0.3063
Epoch 16/150 | Train Loss: 0.0447 | Epoch Time: 0.44s | Spearman@80: 0.4879 | Kendall@80: 0.3500
Epoch 17/150 | Train Loss: 0.0484 | Epoch Time: 0.45s | Spearman@80: 0.5511 | Kendall@80: 0.3804
Epoch 18/150 | Train Loss: 0.0467 | Epoch Time: 0.46s | Spearman@80: 0.5988 | Kendall@80: 0.4298
Epoch 19/150 | Train Loss: 0.0482 | Epoch Time: 0.43s | Spearman@80: 0.5520 | Kendall@80: 0.3842
Epoch 20/150 | Train Loss: 0.0423 | Epoch Time: 0.43s | Spearman@80: 0.5728 | Kendall@80: 0.4089
Epoch 21/150 | Train Loss: 0.0431 | Epoch Time: 0.42s | Spearman@80: 0.6327 | Kendall@80: 0.4412
Epoch 22/150 | Train Loss: 0.0356 | Epoch Time: 0.43s | Spearman@80: 0.7158 | Kendall@80: 0.5273
Epoch 23/150 | Train Loss: 0.0496 | Epoch Time: 0.43s | Spearman@80: 0.7464 | Kendall@80: 0.5476
Epoch 24/150 | Train Loss: 0.0401 | Epoch Time: 0.42s | Spearman@80: 0.7247 | Kendall@80: 0.5387
Epoch 25/150 | Train Loss: 0.0437 | Epoch Time: 0.45s | Spearman@80: 0.6793 | Kendall@80: 0.5051
Epoch 26/150 | Train Loss: 0.0352 | Epoch Time: 0.47s | Spearman@80: 0.5980 | Kendall@80: 0.4374
Epoch 27/150 | Train Loss: 0.0447 | Epoch Time: 0.45s | Spearman@80: 0.6793 | Kendall@80: 0.4982
Epoch 28/150 | Train Loss: 0.0392 | Epoch Time: 0.48s | Spearman@80: 0.7081 | Kendall@80: 0.5273
Epoch 29/150 | Train Loss: 0.0342 | Epoch Time: 0.44s | Spearman@80: 0.6827 | Kendall@80: 0.5020
Epoch 30/150 | Train Loss: 0.0414 | Epoch Time: 0.45s | Spearman@80: 0.4882 | Kendall@80: 0.3316
Epoch 31/150 | Train Loss: 0.0410 | Epoch Time: 0.44s | Spearman@80: 0.6628 | Kendall@80: 0.4785
Epoch 32/150 | Train Loss: 0.0417 | Epoch Time: 0.45s | Spearman@80: 0.6751 | Kendall@80: 0.4918
Epoch 33/150 | Train Loss: 0.0408 | Epoch Time: 0.44s | Spearman@80: 0.6456 | Kendall@80: 0.4633
Epoch 34/150 | Train Loss: 0.0401 | Epoch Time: 0.46s | Spearman@80: 0.5971 | Kendall@80: 0.4209
Epoch 35/150 | Train Loss: 0.0418 | Epoch Time: 0.46s | Spearman@80: 0.6340 | Kendall@80: 0.4507
Epoch 36/150 | Train Loss: 0.0354 | Epoch Time: 0.47s | Spearman@80: 0.6749 | Kendall@80: 0.4912
Epoch 37/150 | Train Loss: 0.0387 | Epoch Time: 0.44s | Spearman@80: 0.7061 | Kendall@80: 0.5222
Epoch 38/150 | Train Loss: 0.0361 | Epoch Time: 0.42s | Spearman@80: 0.6799 | Kendall@80: 0.4994
Epoch 39/150 | Train Loss: 0.0409 | Epoch Time: 0.47s | Spearman@80: 0.6593 | Kendall@80: 0.4804
Epoch 40/150 | Train Loss: 0.0287 | Epoch Time: 0.44s | Spearman@80: 0.6279 | Kendall@80: 0.4494
Epoch 41/150 | Train Loss: 0.0258 | Epoch Time: 0.43s | Spearman@80: 0.5899 | Kendall@80: 0.4215
Epoch 42/150 | Train Loss: 0.0302 | Epoch Time: 0.43s | Spearman@80: 0.6154 | Kendall@80: 0.4348
Epoch 43/150 | Train Loss: 0.0255 | Epoch Time: 0.42s | Spearman@80: 0.6407 | Kendall@80: 0.4716
Epoch 44/150 | Train Loss: 0.0278 | Epoch Time: 0.48s | Spearman@80: 0.6425 | Kendall@80: 0.4659
Epoch 45/150 | Train Loss: 0.0428 | Epoch Time: 0.43s | Spearman@80: 0.5858 | Kendall@80: 0.4146
Epoch 46/150 | Train Loss: 0.0390 | Epoch Time: 0.44s | Spearman@80: 0.6353 | Kendall@80: 0.4538
Epoch 47/150 | Train Loss: 0.0313 | Epoch Time: 0.43s | Spearman@80: 0.6291 | Kendall@80: 0.4532
Epoch 48/150 | Train Loss: 0.0306 | Epoch Time: 0.44s | Spearman@80: 0.6181 | Kendall@80: 0.4342
Epoch 49/150 | Train Loss: 0.0277 | Epoch Time: 0.44s | Spearman@80: 0.6303 | Kendall@80: 0.4424
Epoch 50/150 | Train Loss: 0.0345 | Epoch Time: 0.46s | Spearman@80: 0.6365 | Kendall@80: 0.4481
Epoch 51/150 | Train Loss: 0.0282 | Epoch Time: 0.44s | Spearman@80: 0.6828 | Kendall@80: 0.4969
Epoch 52/150 | Train Loss: 0.0256 | Epoch Time: 0.48s | Spearman@80: 0.6381 | Kendall@80: 0.4551
Epoch 53/150 | Train Loss: 0.0286 | Epoch Time: 0.45s | Spearman@80: 0.6375 | Kendall@80: 0.4526
Epoch 54/150 | Train Loss: 0.0327 | Epoch Time: 0.45s | Spearman@80: 0.6647 | Kendall@80: 0.4874
Epoch 55/150 | Train Loss: 0.0248 | Epoch Time: 0.44s | Spearman@80: 0.6894 | Kendall@80: 0.5077
Epoch 56/150 | Train Loss: 0.0296 | Epoch Time: 0.47s | Spearman@80: 0.6522 | Kendall@80: 0.4792
Epoch 57/150 | Train Loss: 0.0342 | Epoch Time: 0.42s | Spearman@80: 0.6159 | Kendall@80: 0.4405
Epoch 58/150 | Train Loss: 0.0277 | Epoch Time: 0.46s | Spearman@80: 0.6531 | Kendall@80: 0.4703
Epoch 59/150 | Train Loss: 0.0283 | Epoch Time: 0.44s | Spearman@80: 0.6389 | Kendall@80: 0.4589
Epoch 60/150 | Train Loss: 0.0248 | Epoch Time: 0.44s | Spearman@80: 0.6167 | Kendall@80: 0.4519
Epoch 61/150 | Train Loss: 0.0251 | Epoch Time: 0.44s | Spearman@80: 0.6381 | Kendall@80: 0.4735
Epoch 62/150 | Train Loss: 0.0305 | Epoch Time: 0.43s | Spearman@80: 0.5690 | Kendall@80: 0.4051
Epoch 63/150 | Train Loss: 0.0221 | Epoch Time: 0.45s | Spearman@80: 0.5434 | Kendall@80: 0.3823
Epoch 64/150 | Train Loss: 0.0251 | Epoch Time: 0.42s | Spearman@80: 0.5287 | Kendall@80: 0.3766
Epoch 65/150 | Train Loss: 0.0302 | Epoch Time: 0.45s | Spearman@80: 0.6341 | Kendall@80: 0.4614
Epoch 66/150 | Train Loss: 0.0330 | Epoch Time: 0.47s | Spearman@80: 0.6556 | Kendall@80: 0.4811
Epoch 67/150 | Train Loss: 0.0317 | Epoch Time: 0.48s | Spearman@80: 0.6655 | Kendall@80: 0.4874
Epoch 68/150 | Train Loss: 0.0271 | Epoch Time: 0.43s | Spearman@80: 0.6255 | Kendall@80: 0.4513
Epoch 69/150 | Train Loss: 0.0253 | Epoch Time: 0.44s | Spearman@80: 0.6155 | Kendall@80: 0.4393
Epoch 70/150 | Train Loss: 0.0201 | Epoch Time: 0.45s | Spearman@80: 0.6188 | Kendall@80: 0.4418
Epoch 71/150 | Train Loss: 0.0271 | Epoch Time: 0.42s | Spearman@80: 0.6606 | Kendall@80: 0.4766
Epoch 72/150 | Train Loss: 0.0249 | Epoch Time: 0.45s | Spearman@80: 0.6684 | Kendall@80: 0.4861
Epoch 73/150 | Train Loss: 0.0210 | Epoch Time: 0.43s | Spearman@80: 0.6429 | Kendall@80: 0.4646
Epoch 74/150 | Train Loss: 0.0239 | Epoch Time: 0.45s | Spearman@80: 0.6425 | Kendall@80: 0.4659
Epoch 75/150 | Train Loss: 0.0244 | Epoch Time: 0.44s | Spearman@80: 0.6472 | Kendall@80: 0.4684
Epoch 76/150 | Train Loss: 0.0205 | Epoch Time: 0.46s | Spearman@80: 0.6000 | Kendall@80: 0.4279
Epoch 77/150 | Train Loss: 0.0221 | Epoch Time: 0.47s | Spearman@80: 0.5885 | Kendall@80: 0.4215
Epoch 78/150 | Train Loss: 0.0210 | Epoch Time: 0.42s | Spearman@80: 0.6105 | Kendall@80: 0.4367
Epoch 79/150 | Train Loss: 0.0243 | Epoch Time: 0.42s | Spearman@80: 0.6527 | Kendall@80: 0.4773
Epoch 80/150 | Train Loss: 0.0249 | Epoch Time: 0.42s | Spearman@80: 0.6228 | Kendall@80: 0.4494
Epoch 81/150 | Train Loss: 0.0220 | Epoch Time: 0.43s | Spearman@80: 0.6173 | Kendall@80: 0.4361
Epoch 82/150 | Train Loss: 0.0254 | Epoch Time: 0.44s | Spearman@80: 0.6164 | Kendall@80: 0.4399
Epoch 83/150 | Train Loss: 0.0298 | Epoch Time: 0.45s | Spearman@80: 0.6689 | Kendall@80: 0.4861
Epoch 84/150 | Train Loss: 0.0204 | Epoch Time: 0.45s | Spearman@80: 0.6715 | Kendall@80: 0.4861
Epoch 85/150 | Train Loss: 0.0226 | Epoch Time: 0.46s | Spearman@80: 0.6479 | Kendall@80: 0.4665
Epoch 86/150 | Train Loss: 0.0178 | Epoch Time: 0.43s | Spearman@80: 0.6467 | Kendall@80: 0.4671
Epoch 87/150 | Train Loss: 0.0142 | Epoch Time: 0.44s | Spearman@80: 0.6119 | Kendall@80: 0.4399
Epoch 88/150 | Train Loss: 0.0224 | Epoch Time: 0.44s | Spearman@80: 0.6338 | Kendall@80: 0.4602
Epoch 89/150 | Train Loss: 0.0171 | Epoch Time: 0.46s | Spearman@80: 0.6482 | Kendall@80: 0.4678
Epoch 90/150 | Train Loss: 0.0239 | Epoch Time: 0.43s | Spearman@80: 0.6205 | Kendall@80: 0.4513
Epoch 91/150 | Train Loss: 0.0183 | Epoch Time: 0.45s | Spearman@80: 0.6222 | Kendall@80: 0.4481
Epoch 92/150 | Train Loss: 0.0213 | Epoch Time: 0.43s | Spearman@80: 0.6184 | Kendall@80: 0.4424
Epoch 93/150 | Train Loss: 0.0205 | Epoch Time: 0.47s | Spearman@80: 0.6068 | Kendall@80: 0.4405
Epoch 94/150 | Train Loss: 0.0181 | Epoch Time: 0.45s | Spearman@80: 0.5984 | Kendall@80: 0.4266
Epoch 95/150 | Train Loss: 0.0180 | Epoch Time: 0.46s | Spearman@80: 0.6027 | Kendall@80: 0.4310
Epoch 96/150 | Train Loss: 0.0197 | Epoch Time: 0.43s | Spearman@80: 0.6074 | Kendall@80: 0.4310
Epoch 97/150 | Train Loss: 0.0228 | Epoch Time: 0.43s | Spearman@80: 0.6245 | Kendall@80: 0.4469
Epoch 98/150 | Train Loss: 0.0240 | Epoch Time: 0.44s | Spearman@80: 0.6302 | Kendall@80: 0.4481
Epoch 99/150 | Train Loss: 0.0155 | Epoch Time: 0.44s | Spearman@80: 0.6215 | Kendall@80: 0.4488
Epoch 100/150 | Train Loss: 0.0198 | Epoch Time: 0.45s | Spearman@80: 0.5959 | Kendall@80: 0.4247
Epoch 101/150 | Train Loss: 0.0245 | Epoch Time: 0.43s | Spearman@80: 0.5931 | Kendall@80: 0.4222
Epoch 102/150 | Train Loss: 0.0166 | Epoch Time: 0.43s | Spearman@80: 0.6097 | Kendall@80: 0.4329
Epoch 103/150 | Train Loss: 0.0167 | Epoch Time: 0.43s | Spearman@80: 0.6232 | Kendall@80: 0.4418
Epoch 104/150 | Train Loss: 0.0155 | Epoch Time: 0.46s | Spearman@80: 0.6296 | Kendall@80: 0.4475
Epoch 105/150 | Train Loss: 0.0134 | Epoch Time: 0.43s | Spearman@80: 0.6292 | Kendall@80: 0.4481
Epoch 106/150 | Train Loss: 0.0147 | Epoch Time: 0.45s | Spearman@80: 0.6051 | Kendall@80: 0.4260
Epoch 107/150 | Train Loss: 0.0136 | Epoch Time: 0.47s | Spearman@80: 0.5737 | Kendall@80: 0.4044
Epoch 108/150 | Train Loss: 0.0133 | Epoch Time: 0.43s | Spearman@80: 0.6039 | Kendall@80: 0.4304
Epoch 109/150 | Train Loss: 0.0224 | Epoch Time: 0.44s | Spearman@80: 0.6218 | Kendall@80: 0.4481
Epoch 110/150 | Train Loss: 0.0158 | Epoch Time: 0.45s | Spearman@80: 0.6044 | Kendall@80: 0.4342
Epoch 111/150 | Train Loss: 0.0229 | Epoch Time: 0.42s | Spearman@80: 0.6154 | Kendall@80: 0.4361
Epoch 112/150 | Train Loss: 0.0135 | Epoch Time: 0.43s | Spearman@80: 0.6035 | Kendall@80: 0.4329
Epoch 113/150 | Train Loss: 0.0177 | Epoch Time: 0.45s | Spearman@80: 0.6056 | Kendall@80: 0.4329
Epoch 114/150 | Train Loss: 0.0191 | Epoch Time: 0.43s | Spearman@80: 0.6111 | Kendall@80: 0.4386
Epoch 115/150 | Train Loss: 0.0134 | Epoch Time: 0.45s | Spearman@80: 0.6276 | Kendall@80: 0.4488
Epoch 116/150 | Train Loss: 0.0164 | Epoch Time: 0.45s | Spearman@80: 0.6170 | Kendall@80: 0.4424
Epoch 117/150 | Train Loss: 0.0185 | Epoch Time: 0.44s | Spearman@80: 0.6301 | Kendall@80: 0.4576
Epoch 118/150 | Train Loss: 0.0131 | Epoch Time: 0.46s | Spearman@80: 0.6415 | Kendall@80: 0.4659
Epoch 119/150 | Train Loss: 0.0182 | Epoch Time: 0.43s | Spearman@80: 0.6328 | Kendall@80: 0.4557
Epoch 120/150 | Train Loss: 0.0145 | Epoch Time: 0.43s | Spearman@80: 0.6327 | Kendall@80: 0.4519
Epoch 121/150 | Train Loss: 0.0123 | Epoch Time: 0.44s | Spearman@80: 0.6150 | Kendall@80: 0.4367
Epoch 122/150 | Train Loss: 0.0131 | Epoch Time: 0.45s | Spearman@80: 0.6216 | Kendall@80: 0.4443
Epoch 123/150 | Train Loss: 0.0149 | Epoch Time: 0.44s | Spearman@80: 0.6095 | Kendall@80: 0.4355
Epoch 124/150 | Train Loss: 0.0130 | Epoch Time: 0.44s | Spearman@80: 0.5777 | Kendall@80: 0.4127
Epoch 125/150 | Train Loss: 0.0122 | Epoch Time: 0.43s | Spearman@80: 0.5648 | Kendall@80: 0.3962
Epoch 126/150 | Train Loss: 0.0140 | Epoch Time: 0.48s | Spearman@80: 0.5947 | Kendall@80: 0.4234
Epoch 127/150 | Train Loss: 0.0101 | Epoch Time: 0.48s | Spearman@80: 0.5940 | Kendall@80: 0.4184
Epoch 128/150 | Train Loss: 0.0114 | Epoch Time: 0.44s | Spearman@80: 0.5965 | Kendall@80: 0.4222
Epoch 129/150 | Train Loss: 0.0107 | Epoch Time: 0.44s | Spearman@80: 0.6079 | Kendall@80: 0.4323
Epoch 130/150 | Train Loss: 0.0165 | Epoch Time: 0.42s | Spearman@80: 0.6119 | Kendall@80: 0.4342
Epoch 131/150 | Train Loss: 0.0150 | Epoch Time: 0.43s | Spearman@80: 0.6060 | Kendall@80: 0.4317
Epoch 132/150 | Train Loss: 0.0165 | Epoch Time: 0.42s | Spearman@80: 0.6270 | Kendall@80: 0.4488
Epoch 133/150 | Train Loss: 0.0144 | Epoch Time: 0.45s | Spearman@80: 0.6384 | Kendall@80: 0.4614
Epoch 134/150 | Train Loss: 0.0147 | Epoch Time: 0.42s | Spearman@80: 0.6330 | Kendall@80: 0.4557
Epoch 135/150 | Train Loss: 0.0121 | Epoch Time: 0.42s | Spearman@80: 0.6345 | Kendall@80: 0.4557
Epoch 136/150 | Train Loss: 0.0196 | Epoch Time: 0.45s | Spearman@80: 0.6287 | Kendall@80: 0.4513
Epoch 137/150 | Train Loss: 0.0150 | Epoch Time: 0.46s | Spearman@80: 0.6337 | Kendall@80: 0.4538
Epoch 138/150 | Train Loss: 0.0173 | Epoch Time: 0.48s | Spearman@80: 0.6263 | Kendall@80: 0.4513
Epoch 139/150 | Train Loss: 0.0133 | Epoch Time: 0.47s | Spearman@80: 0.6253 | Kendall@80: 0.4488
Epoch 140/150 | Train Loss: 0.0085 | Epoch Time: 0.45s | Spearman@80: 0.6336 | Kendall@80: 0.4570
Epoch 141/150 | Train Loss: 0.0152 | Epoch Time: 0.43s | Spearman@80: 0.6358 | Kendall@80: 0.4545
Epoch 142/150 | Train Loss: 0.0103 | Epoch Time: 0.46s | Spearman@80: 0.6331 | Kendall@80: 0.4513
Epoch 143/150 | Train Loss: 0.0115 | Epoch Time: 0.47s | Spearman@80: 0.6317 | Kendall@80: 0.4494
Epoch 144/150 | Train Loss: 0.0147 | Epoch Time: 0.47s | Spearman@80: 0.6296 | Kendall@80: 0.4475
Epoch 145/150 | Train Loss: 0.0107 | Epoch Time: 0.51s | Spearman@80: 0.6320 | Kendall@80: 0.4589
Epoch 146/150 | Train Loss: 0.0106 | Epoch Time: 0.48s | Spearman@80: 0.6257 | Kendall@80: 0.4462
Epoch 147/150 | Train Loss: 0.0116 | Epoch Time: 1.37s | Spearman@4934: 0.5875 | Kendall@4934: 0.4143
Epoch 148/150 | Train Loss: 0.0139 | Epoch Time: 1.34s | Spearman@4934: 0.5879 | Kendall@4934: 0.4145
Epoch 149/150 | Train Loss: 0.0129 | Epoch Time: 1.34s | Spearman@4934: 0.5871 | Kendall@4934: 0.4141
Epoch 150/150 | Train Loss: 0.0122 | Epoch Time: 1.36s | Spearman@4934: 0.5874 | Kendall@4934: 0.4142
Sample Count: 64, Spearman: 0.5874884784047365, Kendall: 0.4142873406957101
{64: (0.5874884784047365, 0.4142873406957101),
 128: (0.6412604810773173, 0.45828915825016314)}
Epoch 1/150 | Train Loss: 0.0957 | Epoch Time: 0.96s | Spearman@80: 0.4579 | Kendall@80: 0.3174
Epoch 2/150 | Train Loss: 0.0730 | Epoch Time: 0.95s | Spearman@80: 0.5186 | Kendall@80: 0.3605
Epoch 3/150 | Train Loss: 0.0710 | Epoch Time: 0.88s | Spearman@80: 0.5117 | Kendall@80: 0.3516
Epoch 4/150 | Train Loss: 0.0649 | Epoch Time: 0.95s | Spearman@80: 0.5537 | Kendall@80: 0.3959
Epoch 5/150 | Train Loss: 0.0625 | Epoch Time: 0.92s | Spearman@80: 0.6428 | Kendall@80: 0.4675
Epoch 6/150 | Train Loss: 0.0520 | Epoch Time: 0.98s | Spearman@80: 0.6412 | Kendall@80: 0.4555
Epoch 7/150 | Train Loss: 0.0560 | Epoch Time: 0.90s | Spearman@80: 0.6173 | Kendall@80: 0.4473
Epoch 8/150 | Train Loss: 0.0559 | Epoch Time: 0.96s | Spearman@80: 0.5859 | Kendall@80: 0.4175
Epoch 9/150 | Train Loss: 0.0583 | Epoch Time: 0.89s | Spearman@80: 0.5812 | Kendall@80: 0.4257
Epoch 10/150 | Train Loss: 0.0548 | Epoch Time: 0.88s | Spearman@80: 0.6269 | Kendall@80: 0.4555
Epoch 11/150 | Train Loss: 0.0569 | Epoch Time: 0.87s | Spearman@80: 0.5778 | Kendall@80: 0.4067
Epoch 12/150 | Train Loss: 0.0575 | Epoch Time: 0.94s | Spearman@80: 0.6275 | Kendall@80: 0.4580
Epoch 13/150 | Train Loss: 0.0513 | Epoch Time: 0.83s | Spearman@80: 0.6538 | Kendall@80: 0.4827
Epoch 14/150 | Train Loss: 0.0505 | Epoch Time: 0.85s | Spearman@80: 0.6154 | Kendall@80: 0.4422
Epoch 15/150 | Train Loss: 0.0507 | Epoch Time: 0.89s | Spearman@80: 0.5966 | Kendall@80: 0.4238
Epoch 16/150 | Train Loss: 0.0514 | Epoch Time: 0.87s | Spearman@80: 0.6277 | Kendall@80: 0.4536
Epoch 17/150 | Train Loss: 0.0488 | Epoch Time: 0.83s | Spearman@80: 0.6284 | Kendall@80: 0.4656
Epoch 18/150 | Train Loss: 0.0569 | Epoch Time: 0.87s | Spearman@80: 0.6027 | Kendall@80: 0.4295
Epoch 19/150 | Train Loss: 0.0559 | Epoch Time: 0.86s | Spearman@80: 0.6572 | Kendall@80: 0.4777
Epoch 20/150 | Train Loss: 0.0509 | Epoch Time: 0.90s | Spearman@80: 0.6630 | Kendall@80: 0.4846
Epoch 21/150 | Train Loss: 0.0525 | Epoch Time: 0.85s | Spearman@80: 0.6437 | Kendall@80: 0.4745
Epoch 22/150 | Train Loss: 0.0531 | Epoch Time: 0.90s | Spearman@80: 0.6349 | Kendall@80: 0.4536
Epoch 23/150 | Train Loss: 0.0507 | Epoch Time: 0.85s | Spearman@80: 0.5751 | Kendall@80: 0.4137
Epoch 24/150 | Train Loss: 0.0507 | Epoch Time: 0.88s | Spearman@80: 0.6441 | Kendall@80: 0.4758
Epoch 25/150 | Train Loss: 0.0459 | Epoch Time: 0.89s | Spearman@80: 0.6267 | Kendall@80: 0.4511
Epoch 26/150 | Train Loss: 0.0460 | Epoch Time: 0.93s | Spearman@80: 0.6460 | Kendall@80: 0.4701
Epoch 27/150 | Train Loss: 0.0445 | Epoch Time: 0.86s | Spearman@80: 0.6249 | Kendall@80: 0.4599
Epoch 28/150 | Train Loss: 0.0460 | Epoch Time: 0.92s | Spearman@80: 0.6377 | Kendall@80: 0.4555
Epoch 29/150 | Train Loss: 0.0447 | Epoch Time: 0.88s | Spearman@80: 0.6311 | Kendall@80: 0.4549
Epoch 30/150 | Train Loss: 0.0453 | Epoch Time: 0.90s | Spearman@80: 0.6117 | Kendall@80: 0.4365
Epoch 31/150 | Train Loss: 0.0447 | Epoch Time: 0.92s | Spearman@80: 0.6842 | Kendall@80: 0.5074
Epoch 32/150 | Train Loss: 0.0443 | Epoch Time: 0.87s | Spearman@80: 0.6371 | Kendall@80: 0.4606
Epoch 33/150 | Train Loss: 0.0398 | Epoch Time: 0.86s | Spearman@80: 0.6743 | Kendall@80: 0.4948
Epoch 34/150 | Train Loss: 0.0482 | Epoch Time: 0.89s | Spearman@80: 0.5937 | Kendall@80: 0.4371
Epoch 35/150 | Train Loss: 0.0430 | Epoch Time: 0.86s | Spearman@80: 0.6440 | Kendall@80: 0.4726
Epoch 36/150 | Train Loss: 0.0387 | Epoch Time: 0.89s | Spearman@80: 0.6489 | Kendall@80: 0.4815
Epoch 37/150 | Train Loss: 0.0416 | Epoch Time: 0.89s | Spearman@80: 0.6325 | Kendall@80: 0.4732
Epoch 38/150 | Train Loss: 0.0411 | Epoch Time: 0.87s | Spearman@80: 0.6392 | Kendall@80: 0.4688
Epoch 39/150 | Train Loss: 0.0378 | Epoch Time: 0.85s | Spearman@80: 0.6760 | Kendall@80: 0.5011
Epoch 40/150 | Train Loss: 0.0414 | Epoch Time: 0.92s | Spearman@80: 0.6965 | Kendall@80: 0.5188
Epoch 41/150 | Train Loss: 0.0313 | Epoch Time: 0.88s | Spearman@80: 0.6102 | Kendall@80: 0.4409
Epoch 42/150 | Train Loss: 0.0391 | Epoch Time: 0.90s | Spearman@80: 0.6291 | Kendall@80: 0.4574
Epoch 43/150 | Train Loss: 0.0362 | Epoch Time: 0.94s | Spearman@80: 0.6633 | Kendall@80: 0.4897
Epoch 44/150 | Train Loss: 0.0331 | Epoch Time: 0.92s | Spearman@80: 0.6659 | Kendall@80: 0.4979
Epoch 45/150 | Train Loss: 0.0421 | Epoch Time: 0.89s | Spearman@80: 0.6667 | Kendall@80: 0.5011
Epoch 46/150 | Train Loss: 0.0367 | Epoch Time: 0.86s | Spearman@80: 0.7287 | Kendall@80: 0.5480
Epoch 47/150 | Train Loss: 0.0371 | Epoch Time: 0.85s | Spearman@80: 0.6457 | Kendall@80: 0.4726
Epoch 48/150 | Train Loss: 0.0384 | Epoch Time: 0.82s | Spearman@80: 0.6889 | Kendall@80: 0.5150
Epoch 49/150 | Train Loss: 0.0345 | Epoch Time: 0.88s | Spearman@80: 0.6619 | Kendall@80: 0.4878
Epoch 50/150 | Train Loss: 0.0425 | Epoch Time: 0.85s | Spearman@80: 0.6296 | Kendall@80: 0.4542
Epoch 51/150 | Train Loss: 0.0408 | Epoch Time: 0.87s | Spearman@80: 0.6996 | Kendall@80: 0.5233
Epoch 52/150 | Train Loss: 0.0430 | Epoch Time: 0.85s | Spearman@80: 0.6810 | Kendall@80: 0.5074
Epoch 53/150 | Train Loss: 0.0380 | Epoch Time: 0.85s | Spearman@80: 0.6756 | Kendall@80: 0.5106
Epoch 54/150 | Train Loss: 0.0348 | Epoch Time: 0.89s | Spearman@80: 0.7067 | Kendall@80: 0.5264
Epoch 55/150 | Train Loss: 0.0387 | Epoch Time: 0.89s | Spearman@80: 0.7277 | Kendall@80: 0.5499
Epoch 56/150 | Train Loss: 0.0339 | Epoch Time: 0.88s | Spearman@80: 0.6369 | Kendall@80: 0.4663
Epoch 57/150 | Train Loss: 0.0369 | Epoch Time: 0.89s | Spearman@80: 0.6476 | Kendall@80: 0.4720
Epoch 58/150 | Train Loss: 0.0354 | Epoch Time: 0.90s | Spearman@80: 0.7029 | Kendall@80: 0.5353
Epoch 59/150 | Train Loss: 0.0298 | Epoch Time: 0.91s | Spearman@80: 0.7172 | Kendall@80: 0.5448
Epoch 60/150 | Train Loss: 0.0288 | Epoch Time: 0.88s | Spearman@80: 0.6990 | Kendall@80: 0.5296
Epoch 61/150 | Train Loss: 0.0347 | Epoch Time: 0.88s | Spearman@80: 0.6074 | Kendall@80: 0.4321
Epoch 62/150 | Train Loss: 0.0365 | Epoch Time: 0.87s | Spearman@80: 0.6625 | Kendall@80: 0.4979
Epoch 63/150 | Train Loss: 0.0364 | Epoch Time: 0.85s | Spearman@80: 0.6999 | Kendall@80: 0.5239
Epoch 64/150 | Train Loss: 0.0304 | Epoch Time: 0.90s | Spearman@80: 0.6764 | Kendall@80: 0.5049
Epoch 65/150 | Train Loss: 0.0375 | Epoch Time: 0.90s | Spearman@80: 0.7021 | Kendall@80: 0.5404
Epoch 66/150 | Train Loss: 0.0341 | Epoch Time: 0.84s | Spearman@80: 0.6520 | Kendall@80: 0.4922
Epoch 67/150 | Train Loss: 0.0414 | Epoch Time: 0.86s | Spearman@80: 0.6590 | Kendall@80: 0.4910
Epoch 68/150 | Train Loss: 0.0312 | Epoch Time: 0.85s | Spearman@80: 0.6423 | Kendall@80: 0.4789
Epoch 69/150 | Train Loss: 0.0257 | Epoch Time: 0.86s | Spearman@80: 0.6662 | Kendall@80: 0.4954
Epoch 70/150 | Train Loss: 0.0363 | Epoch Time: 0.89s | Spearman@80: 0.7086 | Kendall@80: 0.5360
Epoch 71/150 | Train Loss: 0.0307 | Epoch Time: 0.85s | Spearman@80: 0.7464 | Kendall@80: 0.5816
Epoch 72/150 | Train Loss: 0.0265 | Epoch Time: 0.88s | Spearman@80: 0.6634 | Kendall@80: 0.5024
Epoch 73/150 | Train Loss: 0.0266 | Epoch Time: 0.92s | Spearman@80: 0.6863 | Kendall@80: 0.5201
Epoch 74/150 | Train Loss: 0.0325 | Epoch Time: 0.85s | Spearman@80: 0.6798 | Kendall@80: 0.5062
Epoch 75/150 | Train Loss: 0.0329 | Epoch Time: 0.89s | Spearman@80: 0.6504 | Kendall@80: 0.4713
Epoch 76/150 | Train Loss: 0.0275 | Epoch Time: 0.91s | Spearman@80: 0.6795 | Kendall@80: 0.5049
Epoch 77/150 | Train Loss: 0.0293 | Epoch Time: 0.89s | Spearman@80: 0.6762 | Kendall@80: 0.5024
Epoch 78/150 | Train Loss: 0.0219 | Epoch Time: 0.96s | Spearman@80: 0.6601 | Kendall@80: 0.4884
Epoch 79/150 | Train Loss: 0.0223 | Epoch Time: 0.92s | Spearman@80: 0.6904 | Kendall@80: 0.5169
Epoch 80/150 | Train Loss: 0.0338 | Epoch Time: 0.90s | Spearman@80: 0.6835 | Kendall@80: 0.5081
Epoch 81/150 | Train Loss: 0.0332 | Epoch Time: 0.88s | Spearman@80: 0.7189 | Kendall@80: 0.5353
Epoch 82/150 | Train Loss: 0.0242 | Epoch Time: 0.88s | Spearman@80: 0.7178 | Kendall@80: 0.5442
Epoch 83/150 | Train Loss: 0.0218 | Epoch Time: 0.88s | Spearman@80: 0.7121 | Kendall@80: 0.5429
Epoch 84/150 | Train Loss: 0.0279 | Epoch Time: 0.87s | Spearman@80: 0.7027 | Kendall@80: 0.5258
Epoch 85/150 | Train Loss: 0.0277 | Epoch Time: 0.89s | Spearman@80: 0.6930 | Kendall@80: 0.5169
Epoch 86/150 | Train Loss: 0.0196 | Epoch Time: 0.88s | Spearman@80: 0.7329 | Kendall@80: 0.5638
Epoch 87/150 | Train Loss: 0.0245 | Epoch Time: 0.83s | Spearman@80: 0.7083 | Kendall@80: 0.5385
Epoch 88/150 | Train Loss: 0.0277 | Epoch Time: 0.90s | Spearman@80: 0.7132 | Kendall@80: 0.5410
Epoch 89/150 | Train Loss: 0.0244 | Epoch Time: 0.86s | Spearman@80: 0.7061 | Kendall@80: 0.5315
Epoch 90/150 | Train Loss: 0.0208 | Epoch Time: 0.87s | Spearman@80: 0.6812 | Kendall@80: 0.5030
Epoch 91/150 | Train Loss: 0.0231 | Epoch Time: 0.87s | Spearman@80: 0.7320 | Kendall@80: 0.5543
Epoch 92/150 | Train Loss: 0.0249 | Epoch Time: 0.90s | Spearman@80: 0.7233 | Kendall@80: 0.5486
Epoch 93/150 | Train Loss: 0.0226 | Epoch Time: 0.90s | Spearman@80: 0.7271 | Kendall@80: 0.5461
Epoch 94/150 | Train Loss: 0.0209 | Epoch Time: 0.87s | Spearman@80: 0.6913 | Kendall@80: 0.5144
Epoch 95/150 | Train Loss: 0.0259 | Epoch Time: 0.97s | Spearman@80: 0.7193 | Kendall@80: 0.5436
Epoch 96/150 | Train Loss: 0.0238 | Epoch Time: 0.94s | Spearman@80: 0.7051 | Kendall@80: 0.5271
Epoch 97/150 | Train Loss: 0.0246 | Epoch Time: 0.88s | Spearman@80: 0.7351 | Kendall@80: 0.5638
Epoch 98/150 | Train Loss: 0.0181 | Epoch Time: 0.90s | Spearman@80: 0.7503 | Kendall@80: 0.5790
Epoch 99/150 | Train Loss: 0.0259 | Epoch Time: 0.83s | Spearman@80: 0.6956 | Kendall@80: 0.5226
Epoch 100/150 | Train Loss: 0.0184 | Epoch Time: 0.85s | Spearman@80: 0.7078 | Kendall@80: 0.5347
Epoch 101/150 | Train Loss: 0.0275 | Epoch Time: 0.87s | Spearman@80: 0.7192 | Kendall@80: 0.5537
Epoch 102/150 | Train Loss: 0.0230 | Epoch Time: 0.88s | Spearman@80: 0.7080 | Kendall@80: 0.5309
Epoch 103/150 | Train Loss: 0.0210 | Epoch Time: 0.92s | Spearman@80: 0.7085 | Kendall@80: 0.5239
Epoch 104/150 | Train Loss: 0.0169 | Epoch Time: 0.88s | Spearman@80: 0.7008 | Kendall@80: 0.5277
Epoch 105/150 | Train Loss: 0.0189 | Epoch Time: 0.84s | Spearman@80: 0.7172 | Kendall@80: 0.5474
Epoch 106/150 | Train Loss: 0.0191 | Epoch Time: 0.89s | Spearman@80: 0.7016 | Kendall@80: 0.5277
Epoch 107/150 | Train Loss: 0.0239 | Epoch Time: 0.93s | Spearman@80: 0.7174 | Kendall@80: 0.5480
Epoch 108/150 | Train Loss: 0.0182 | Epoch Time: 0.91s | Spearman@80: 0.6936 | Kendall@80: 0.5188
Epoch 109/150 | Train Loss: 0.0207 | Epoch Time: 0.85s | Spearman@80: 0.6814 | Kendall@80: 0.5036
Epoch 110/150 | Train Loss: 0.0226 | Epoch Time: 0.86s | Spearman@80: 0.7055 | Kendall@80: 0.5334
Epoch 111/150 | Train Loss: 0.0222 | Epoch Time: 0.87s | Spearman@80: 0.7153 | Kendall@80: 0.5398
Epoch 112/150 | Train Loss: 0.0182 | Epoch Time: 0.86s | Spearman@80: 0.7096 | Kendall@80: 0.5410
Epoch 113/150 | Train Loss: 0.0206 | Epoch Time: 0.87s | Spearman@80: 0.6907 | Kendall@80: 0.5163
Epoch 114/150 | Train Loss: 0.0243 | Epoch Time: 0.84s | Spearman@80: 0.7126 | Kendall@80: 0.5328
Epoch 115/150 | Train Loss: 0.0206 | Epoch Time: 0.83s | Spearman@80: 0.7120 | Kendall@80: 0.5385
Epoch 116/150 | Train Loss: 0.0207 | Epoch Time: 0.83s | Spearman@80: 0.7075 | Kendall@80: 0.5315
Epoch 117/150 | Train Loss: 0.0218 | Epoch Time: 0.85s | Spearman@80: 0.7000 | Kendall@80: 0.5239
Epoch 118/150 | Train Loss: 0.0185 | Epoch Time: 0.87s | Spearman@80: 0.7065 | Kendall@80: 0.5347
Epoch 119/150 | Train Loss: 0.0181 | Epoch Time: 0.87s | Spearman@80: 0.7154 | Kendall@80: 0.5398
Epoch 120/150 | Train Loss: 0.0203 | Epoch Time: 0.86s | Spearman@80: 0.7147 | Kendall@80: 0.5328
Epoch 121/150 | Train Loss: 0.0186 | Epoch Time: 0.87s | Spearman@80: 0.7136 | Kendall@80: 0.5385
Epoch 122/150 | Train Loss: 0.0188 | Epoch Time: 0.86s | Spearman@80: 0.7181 | Kendall@80: 0.5398
Epoch 123/150 | Train Loss: 0.0186 | Epoch Time: 0.92s | Spearman@80: 0.7151 | Kendall@80: 0.5353
Epoch 124/150 | Train Loss: 0.0172 | Epoch Time: 0.86s | Spearman@80: 0.7174 | Kendall@80: 0.5385
Epoch 125/150 | Train Loss: 0.0172 | Epoch Time: 0.85s | Spearman@80: 0.7212 | Kendall@80: 0.5474
Epoch 126/150 | Train Loss: 0.0194 | Epoch Time: 0.84s | Spearman@80: 0.7053 | Kendall@80: 0.5277
Epoch 127/150 | Train Loss: 0.0187 | Epoch Time: 0.85s | Spearman@80: 0.7144 | Kendall@80: 0.5410
Epoch 128/150 | Train Loss: 0.0151 | Epoch Time: 0.92s | Spearman@80: 0.7132 | Kendall@80: 0.5360
Epoch 129/150 | Train Loss: 0.0191 | Epoch Time: 0.88s | Spearman@80: 0.7123 | Kendall@80: 0.5379
Epoch 130/150 | Train Loss: 0.0144 | Epoch Time: 0.93s | Spearman@80: 0.7021 | Kendall@80: 0.5252
Epoch 131/150 | Train Loss: 0.0242 | Epoch Time: 0.92s | Spearman@80: 0.7048 | Kendall@80: 0.5303
Epoch 132/150 | Train Loss: 0.0186 | Epoch Time: 0.96s | Spearman@80: 0.7092 | Kendall@80: 0.5322
Epoch 133/150 | Train Loss: 0.0199 | Epoch Time: 0.91s | Spearman@80: 0.7166 | Kendall@80: 0.5429
Epoch 134/150 | Train Loss: 0.0196 | Epoch Time: 0.89s | Spearman@80: 0.7084 | Kendall@80: 0.5290
Epoch 135/150 | Train Loss: 0.0157 | Epoch Time: 0.95s | Spearman@80: 0.7137 | Kendall@80: 0.5341
Epoch 136/150 | Train Loss: 0.0169 | Epoch Time: 0.95s | Spearman@80: 0.7142 | Kendall@80: 0.5328
Epoch 137/150 | Train Loss: 0.0163 | Epoch Time: 0.84s | Spearman@80: 0.7136 | Kendall@80: 0.5347
Epoch 138/150 | Train Loss: 0.0208 | Epoch Time: 0.85s | Spearman@80: 0.7069 | Kendall@80: 0.5290
Epoch 139/150 | Train Loss: 0.0170 | Epoch Time: 0.86s | Spearman@80: 0.7044 | Kendall@80: 0.5290
Epoch 140/150 | Train Loss: 0.0172 | Epoch Time: 0.89s | Spearman@80: 0.7017 | Kendall@80: 0.5264
Epoch 141/150 | Train Loss: 0.0162 | Epoch Time: 0.91s | Spearman@80: 0.7043 | Kendall@80: 0.5277
Epoch 142/150 | Train Loss: 0.0172 | Epoch Time: 0.87s | Spearman@80: 0.7031 | Kendall@80: 0.5296
Epoch 143/150 | Train Loss: 0.0196 | Epoch Time: 0.91s | Spearman@80: 0.7067 | Kendall@80: 0.5309
Epoch 144/150 | Train Loss: 0.0160 | Epoch Time: 0.91s | Spearman@80: 0.7019 | Kendall@80: 0.5239
Epoch 145/150 | Train Loss: 0.0169 | Epoch Time: 1.03s | Spearman@80: 0.7026 | Kendall@80: 0.5258
Epoch 146/150 | Train Loss: 0.0173 | Epoch Time: 1.06s | Spearman@80: 0.7053 | Kendall@80: 0.5271
Epoch 147/150 | Train Loss: 0.0200 | Epoch Time: 1.90s | Spearman@4870: 0.6930 | Kendall@4870: 0.5048
Epoch 148/150 | Train Loss: 0.0181 | Epoch Time: 1.94s | Spearman@4870: 0.6965 | Kendall@4870: 0.5075
Epoch 149/150 | Train Loss: 0.0163 | Epoch Time: 1.84s | Spearman@4870: 0.6957 | Kendall@4870: 0.5069
Epoch 150/150 | Train Loss: 0.0226 | Epoch Time: 1.80s | Spearman@4870: 0.6933 | Kendall@4870: 0.5050
Sample Count: 128, Spearman: 0.6946082157198712, Kendall: 0.5060613798191973
{64: (0.5874884784047365, 0.4142873406957101),
 128: (0.6946082157198712, 0.5060613798191973)}
Average KDT:  0.40017351617753394
Variance KDT:  0.007326348553559565
Average SPR:  0.5649824183700366
Variance SPR:  0.011723347383848415
Average KDT:  0.4526031639110655
Variance KDT:  0.002129382995157725
Average SPR:  0.6326932333579275
Variance SPR:  0.0029582025105344112
