Loading files for NASBench201...
Normalizing ZCP dict
try to create the NAS-Bench-201 api from /home/ya255/projects/flan_hardware/nas_embedding_suite/embedding_datasets/NAS-Bench-201-v1_1-096897.pth
Loaded files in:  57.88349437713623  seconds
Loading cache for NASBench-201 speedup!!...
Loading cache for NASBench-201 speedup!!...
Epoch 1/150 | Train Loss: 0.0960 | Epoch Time: 0.98s | Spearman@80: 0.3103 | Kendall@80: 0.2165
Epoch 2/150 | Train Loss: 0.0830 | Epoch Time: 0.22s | Spearman@80: 0.4352 | Kendall@80: 0.3029
Epoch 3/150 | Train Loss: 0.0662 | Epoch Time: 0.22s | Spearman@80: 0.8172 | Kendall@80: 0.6096
Epoch 4/150 | Train Loss: 0.0532 | Epoch Time: 0.22s | Spearman@80: 0.7673 | Kendall@80: 0.5812
Epoch 5/150 | Train Loss: 0.0476 | Epoch Time: 0.24s | Spearman@80: 0.9166 | Kendall@80: 0.7519
Epoch 6/150 | Train Loss: 0.0358 | Epoch Time: 0.25s | Spearman@80: 0.9033 | Kendall@80: 0.7430
Epoch 7/150 | Train Loss: 0.0341 | Epoch Time: 0.25s | Spearman@80: 0.8583 | Kendall@80: 0.6759
Epoch 8/150 | Train Loss: 0.0322 | Epoch Time: 0.24s | Spearman@80: 0.8840 | Kendall@80: 0.7000
Epoch 9/150 | Train Loss: 0.0361 | Epoch Time: 0.25s | Spearman@80: 0.9314 | Kendall@80: 0.7754
Epoch 10/150 | Train Loss: 0.0340 | Epoch Time: 0.24s | Spearman@80: 0.9430 | Kendall@80: 0.7951
Epoch 11/150 | Train Loss: 0.0302 | Epoch Time: 0.24s | Spearman@80: 0.9422 | Kendall@80: 0.7989
Epoch 12/150 | Train Loss: 0.0299 | Epoch Time: 0.25s | Spearman@80: 0.9318 | Kendall@80: 0.7813
Epoch 13/150 | Train Loss: 0.0365 | Epoch Time: 0.24s | Spearman@80: 0.9281 | Kendall@80: 0.7661
Epoch 14/150 | Train Loss: 0.0356 | Epoch Time: 0.24s | Spearman@80: 0.9435 | Kendall@80: 0.7995
Epoch 15/150 | Train Loss: 0.0337 | Epoch Time: 0.24s | Spearman@80: 0.9488 | Kendall@80: 0.8122
Epoch 16/150 | Train Loss: 0.0246 | Epoch Time: 0.24s | Spearman@80: 0.9480 | Kendall@80: 0.8156
Epoch 17/150 | Train Loss: 0.0348 | Epoch Time: 0.24s | Spearman@80: 0.9373 | Kendall@80: 0.7881
Epoch 18/150 | Train Loss: 0.0267 | Epoch Time: 0.25s | Spearman@80: 0.9392 | Kendall@80: 0.7896
Epoch 19/150 | Train Loss: 0.0242 | Epoch Time: 0.24s | Spearman@80: 0.9404 | Kendall@80: 0.7881
Epoch 20/150 | Train Loss: 0.0269 | Epoch Time: 0.24s | Spearman@80: 0.9326 | Kendall@80: 0.7820
Epoch 21/150 | Train Loss: 0.0315 | Epoch Time: 0.24s | Spearman@80: 0.9355 | Kendall@80: 0.7820
Epoch 22/150 | Train Loss: 0.0323 | Epoch Time: 0.24s | Spearman@80: 0.9410 | Kendall@80: 0.8067
Epoch 23/150 | Train Loss: 0.0314 | Epoch Time: 0.24s | Spearman@80: 0.9435 | Kendall@80: 0.8052
Epoch 24/150 | Train Loss: 0.0345 | Epoch Time: 0.24s | Spearman@80: 0.9373 | Kendall@80: 0.7883
Epoch 25/150 | Train Loss: 0.0372 | Epoch Time: 0.24s | Spearman@80: 0.9454 | Kendall@80: 0.8058
Epoch 26/150 | Train Loss: 0.0274 | Epoch Time: 0.25s | Spearman@80: 0.9471 | Kendall@80: 0.8080
Epoch 27/150 | Train Loss: 0.0282 | Epoch Time: 0.24s | Spearman@80: 0.9454 | Kendall@80: 0.8055
Epoch 28/150 | Train Loss: 0.0233 | Epoch Time: 0.24s | Spearman@80: 0.9462 | Kendall@80: 0.8046
Epoch 29/150 | Train Loss: 0.0231 | Epoch Time: 0.24s | Spearman@80: 0.9213 | Kendall@80: 0.7540
Epoch 30/150 | Train Loss: 0.0350 | Epoch Time: 0.24s | Spearman@80: 0.9447 | Kendall@80: 0.7966
Epoch 31/150 | Train Loss: 0.0230 | Epoch Time: 0.24s | Spearman@80: 0.9424 | Kendall@80: 0.7947
Epoch 32/150 | Train Loss: 0.0253 | Epoch Time: 0.24s | Spearman@80: 0.9459 | Kendall@80: 0.8036
Epoch 33/150 | Train Loss: 0.0251 | Epoch Time: 0.24s | Spearman@80: 0.9399 | Kendall@80: 0.7912
Epoch 34/150 | Train Loss: 0.0257 | Epoch Time: 0.24s | Spearman@80: 0.9420 | Kendall@80: 0.7989
Epoch 35/150 | Train Loss: 0.0303 | Epoch Time: 0.24s | Spearman@80: 0.9346 | Kendall@80: 0.7877
Epoch 36/150 | Train Loss: 0.0234 | Epoch Time: 0.24s | Spearman@80: 0.9244 | Kendall@80: 0.7686
Epoch 37/150 | Train Loss: 0.0333 | Epoch Time: 0.24s | Spearman@80: 0.9417 | Kendall@80: 0.7970
Epoch 38/150 | Train Loss: 0.0388 | Epoch Time: 0.24s | Spearman@80: 0.9198 | Kendall@80: 0.7566
Epoch 39/150 | Train Loss: 0.0296 | Epoch Time: 0.24s | Spearman@80: 0.9424 | Kendall@80: 0.8033
Epoch 40/150 | Train Loss: 0.0268 | Epoch Time: 0.24s | Spearman@80: 0.9466 | Kendall@80: 0.8052
Epoch 41/150 | Train Loss: 0.0201 | Epoch Time: 0.24s | Spearman@80: 0.9487 | Kendall@80: 0.8084
Epoch 42/150 | Train Loss: 0.0297 | Epoch Time: 0.24s | Spearman@80: 0.9258 | Kendall@80: 0.7703
Epoch 43/150 | Train Loss: 0.0290 | Epoch Time: 0.24s | Spearman@80: 0.9263 | Kendall@80: 0.7703
Epoch 44/150 | Train Loss: 0.0322 | Epoch Time: 0.24s | Spearman@80: 0.9427 | Kendall@80: 0.8042
Epoch 45/150 | Train Loss: 0.0352 | Epoch Time: 0.24s | Spearman@80: 0.9472 | Kendall@80: 0.8131
Epoch 46/150 | Train Loss: 0.0268 | Epoch Time: 0.24s | Spearman@80: 0.9399 | Kendall@80: 0.7951
Epoch 47/150 | Train Loss: 0.0275 | Epoch Time: 0.24s | Spearman@80: 0.9365 | Kendall@80: 0.8046
Epoch 48/150 | Train Loss: 0.0263 | Epoch Time: 0.25s | Spearman@80: 0.9456 | Kendall@80: 0.8029
Epoch 49/150 | Train Loss: 0.0271 | Epoch Time: 0.24s | Spearman@80: 0.9489 | Kendall@80: 0.8122
Epoch 50/150 | Train Loss: 0.0214 | Epoch Time: 0.24s | Spearman@80: 0.9504 | Kendall@80: 0.8224
Epoch 51/150 | Train Loss: 0.0263 | Epoch Time: 0.24s | Spearman@80: 0.9540 | Kendall@80: 0.8236
Epoch 52/150 | Train Loss: 0.0245 | Epoch Time: 0.25s | Spearman@80: 0.9415 | Kendall@80: 0.7851
Epoch 53/150 | Train Loss: 0.0223 | Epoch Time: 0.24s | Spearman@80: 0.9412 | Kendall@80: 0.7976
Epoch 54/150 | Train Loss: 0.0257 | Epoch Time: 0.24s | Spearman@80: 0.9419 | Kendall@80: 0.7985
Epoch 55/150 | Train Loss: 0.0205 | Epoch Time: 0.24s | Spearman@80: 0.9362 | Kendall@80: 0.7868
Epoch 56/150 | Train Loss: 0.0304 | Epoch Time: 0.24s | Spearman@80: 0.9436 | Kendall@80: 0.8080
Epoch 57/150 | Train Loss: 0.0329 | Epoch Time: 0.24s | Spearman@80: 0.9402 | Kendall@80: 0.7849
Epoch 58/150 | Train Loss: 0.0288 | Epoch Time: 0.24s | Spearman@80: 0.9399 | Kendall@80: 0.7912
Epoch 59/150 | Train Loss: 0.0200 | Epoch Time: 0.24s | Spearman@80: 0.9391 | Kendall@80: 0.7870
Epoch 60/150 | Train Loss: 0.0246 | Epoch Time: 0.25s | Spearman@80: 0.9437 | Kendall@80: 0.8004
Epoch 61/150 | Train Loss: 0.0241 | Epoch Time: 0.24s | Spearman@80: 0.9314 | Kendall@80: 0.7794
Epoch 62/150 | Train Loss: 0.0308 | Epoch Time: 0.24s | Spearman@80: 0.9490 | Kendall@80: 0.8097
Epoch 63/150 | Train Loss: 0.0225 | Epoch Time: 0.24s | Spearman@80: 0.9415 | Kendall@80: 0.7991
Epoch 64/150 | Train Loss: 0.0333 | Epoch Time: 0.24s | Spearman@80: 0.9017 | Kendall@80: 0.7379
Epoch 65/150 | Train Loss: 0.0290 | Epoch Time: 0.24s | Spearman@80: 0.9508 | Kendall@80: 0.8175
Epoch 66/150 | Train Loss: 0.0292 | Epoch Time: 0.24s | Spearman@80: 0.9526 | Kendall@80: 0.8166
Epoch 67/150 | Train Loss: 0.0201 | Epoch Time: 0.24s | Spearman@80: 0.9525 | Kendall@80: 0.8105
Epoch 68/150 | Train Loss: 0.0228 | Epoch Time: 0.24s | Spearman@80: 0.9521 | Kendall@80: 0.8131
Epoch 69/150 | Train Loss: 0.0213 | Epoch Time: 0.24s | Spearman@80: 0.9470 | Kendall@80: 0.8058
Epoch 70/150 | Train Loss: 0.0232 | Epoch Time: 0.25s | Spearman@80: 0.9414 | Kendall@80: 0.8036
Epoch 71/150 | Train Loss: 0.0234 | Epoch Time: 0.24s | Spearman@80: 0.9451 | Kendall@80: 0.8067
Epoch 72/150 | Train Loss: 0.0178 | Epoch Time: 0.24s | Spearman@80: 0.9484 | Kendall@80: 0.8147
Epoch 73/150 | Train Loss: 0.0186 | Epoch Time: 0.24s | Spearman@80: 0.9442 | Kendall@80: 0.8020
Epoch 74/150 | Train Loss: 0.0249 | Epoch Time: 0.24s | Spearman@80: 0.9528 | Kendall@80: 0.8239
Epoch 75/150 | Train Loss: 0.0190 | Epoch Time: 0.24s | Spearman@80: 0.9480 | Kendall@80: 0.8147
Epoch 76/150 | Train Loss: 0.0243 | Epoch Time: 0.24s | Spearman@80: 0.9485 | Kendall@80: 0.8201
Epoch 77/150 | Train Loss: 0.0232 | Epoch Time: 0.25s | Spearman@80: 0.9501 | Kendall@80: 0.8156
Epoch 78/150 | Train Loss: 0.0210 | Epoch Time: 0.24s | Spearman@80: 0.9449 | Kendall@80: 0.8105
Epoch 79/150 | Train Loss: 0.0223 | Epoch Time: 0.24s | Spearman@80: 0.9482 | Kendall@80: 0.8224
Epoch 80/150 | Train Loss: 0.0258 | Epoch Time: 0.25s | Spearman@80: 0.9575 | Kendall@80: 0.8309
Epoch 81/150 | Train Loss: 0.0149 | Epoch Time: 0.24s | Spearman@80: 0.9533 | Kendall@80: 0.8321
Epoch 82/150 | Train Loss: 0.0223 | Epoch Time: 0.24s | Spearman@80: 0.9540 | Kendall@80: 0.8334
Epoch 83/150 | Train Loss: 0.0166 | Epoch Time: 0.24s | Spearman@80: 0.9548 | Kendall@80: 0.8315
Epoch 84/150 | Train Loss: 0.0200 | Epoch Time: 0.24s | Spearman@80: 0.9527 | Kendall@80: 0.8332
Epoch 85/150 | Train Loss: 0.0241 | Epoch Time: 0.24s | Spearman@80: 0.9480 | Kendall@80: 0.8211
Epoch 86/150 | Train Loss: 0.0262 | Epoch Time: 0.24s | Spearman@80: 0.9503 | Kendall@80: 0.8252
Epoch 87/150 | Train Loss: 0.0255 | Epoch Time: 0.24s | Spearman@80: 0.9500 | Kendall@80: 0.8147
Epoch 88/150 | Train Loss: 0.0246 | Epoch Time: 0.24s | Spearman@80: 0.9468 | Kendall@80: 0.8201
Epoch 89/150 | Train Loss: 0.0207 | Epoch Time: 0.24s | Spearman@80: 0.9529 | Kendall@80: 0.8341
Epoch 90/150 | Train Loss: 0.0138 | Epoch Time: 0.24s | Spearman@80: 0.9536 | Kendall@80: 0.8277
Epoch 91/150 | Train Loss: 0.0179 | Epoch Time: 0.25s | Spearman@80: 0.9549 | Kendall@80: 0.8302
Epoch 92/150 | Train Loss: 0.0259 | Epoch Time: 0.24s | Spearman@80: 0.9599 | Kendall@80: 0.8353
Epoch 93/150 | Train Loss: 0.0188 | Epoch Time: 0.25s | Spearman@80: 0.9569 | Kendall@80: 0.8347
Epoch 94/150 | Train Loss: 0.0152 | Epoch Time: 0.24s | Spearman@80: 0.9509 | Kendall@80: 0.8213
Epoch 95/150 | Train Loss: 0.0180 | Epoch Time: 0.24s | Spearman@80: 0.9517 | Kendall@80: 0.8131
Epoch 96/150 | Train Loss: 0.0168 | Epoch Time: 0.24s | Spearman@80: 0.9451 | Kendall@80: 0.8080
Epoch 97/150 | Train Loss: 0.0215 | Epoch Time: 0.24s | Spearman@80: 0.9527 | Kendall@80: 0.8274
Epoch 98/150 | Train Loss: 0.0168 | Epoch Time: 0.24s | Spearman@80: 0.9389 | Kendall@80: 0.7970
Epoch 99/150 | Train Loss: 0.0213 | Epoch Time: 0.24s | Spearman@80: 0.9492 | Kendall@80: 0.8144
Epoch 100/150 | Train Loss: 0.0214 | Epoch Time: 0.24s | Spearman@80: 0.9611 | Kendall@80: 0.8410
Epoch 101/150 | Train Loss: 0.0208 | Epoch Time: 0.25s | Spearman@80: 0.9590 | Kendall@80: 0.8427
Epoch 102/150 | Train Loss: 0.0177 | Epoch Time: 0.24s | Spearman@80: 0.9567 | Kendall@80: 0.8213
Epoch 103/150 | Train Loss: 0.0126 | Epoch Time: 0.24s | Spearman@80: 0.9590 | Kendall@80: 0.8274
Epoch 104/150 | Train Loss: 0.0169 | Epoch Time: 0.25s | Spearman@80: 0.9608 | Kendall@80: 0.8306
Epoch 105/150 | Train Loss: 0.0149 | Epoch Time: 0.24s | Spearman@80: 0.9602 | Kendall@80: 0.8370
Epoch 106/150 | Train Loss: 0.0129 | Epoch Time: 0.24s | Spearman@80: 0.9600 | Kendall@80: 0.8328
Epoch 107/150 | Train Loss: 0.0182 | Epoch Time: 0.24s | Spearman@80: 0.9587 | Kendall@80: 0.8321
Epoch 108/150 | Train Loss: 0.0188 | Epoch Time: 0.24s | Spearman@80: 0.9566 | Kendall@80: 0.8274
Epoch 109/150 | Train Loss: 0.0129 | Epoch Time: 0.24s | Spearman@80: 0.9558 | Kendall@80: 0.8213
Epoch 110/150 | Train Loss: 0.0106 | Epoch Time: 0.24s | Spearman@80: 0.9582 | Kendall@80: 0.8252
Epoch 111/150 | Train Loss: 0.0149 | Epoch Time: 0.24s | Spearman@80: 0.9613 | Kendall@80: 0.8325
Epoch 112/150 | Train Loss: 0.0149 | Epoch Time: 0.24s | Spearman@80: 0.9575 | Kendall@80: 0.8281
Epoch 113/150 | Train Loss: 0.0178 | Epoch Time: 0.24s | Spearman@80: 0.9560 | Kendall@80: 0.8201
Epoch 114/150 | Train Loss: 0.0135 | Epoch Time: 0.24s | Spearman@80: 0.9565 | Kendall@80: 0.8224
Epoch 115/150 | Train Loss: 0.0104 | Epoch Time: 0.25s | Spearman@80: 0.9535 | Kendall@80: 0.8156
Epoch 116/150 | Train Loss: 0.0134 | Epoch Time: 0.24s | Spearman@80: 0.9575 | Kendall@80: 0.8258
Epoch 117/150 | Train Loss: 0.0121 | Epoch Time: 0.24s | Spearman@80: 0.9584 | Kendall@80: 0.8277
Epoch 118/150 | Train Loss: 0.0139 | Epoch Time: 0.24s | Spearman@80: 0.9564 | Kendall@80: 0.8249
Epoch 119/150 | Train Loss: 0.0142 | Epoch Time: 0.24s | Spearman@80: 0.9566 | Kendall@80: 0.8245
Epoch 120/150 | Train Loss: 0.0146 | Epoch Time: 0.25s | Spearman@80: 0.9578 | Kendall@80: 0.8277
Epoch 121/150 | Train Loss: 0.0234 | Epoch Time: 0.24s | Spearman@80: 0.9580 | Kendall@80: 0.8296
Epoch 122/150 | Train Loss: 0.0136 | Epoch Time: 0.24s | Spearman@80: 0.9587 | Kendall@80: 0.8258
Epoch 123/150 | Train Loss: 0.0124 | Epoch Time: 0.24s | Spearman@80: 0.9579 | Kendall@80: 0.8205
Epoch 124/150 | Train Loss: 0.0212 | Epoch Time: 0.24s | Spearman@80: 0.9576 | Kendall@80: 0.8185
Epoch 125/150 | Train Loss: 0.0142 | Epoch Time: 0.24s | Spearman@80: 0.9599 | Kendall@80: 0.8264
Epoch 126/150 | Train Loss: 0.0163 | Epoch Time: 0.24s | Spearman@80: 0.9566 | Kendall@80: 0.8230
Epoch 127/150 | Train Loss: 0.0097 | Epoch Time: 0.24s | Spearman@80: 0.9567 | Kendall@80: 0.8243
Epoch 128/150 | Train Loss: 0.0160 | Epoch Time: 0.24s | Spearman@80: 0.9578 | Kendall@80: 0.8226
Epoch 129/150 | Train Loss: 0.0172 | Epoch Time: 0.24s | Spearman@80: 0.9609 | Kendall@80: 0.8328
Epoch 130/150 | Train Loss: 0.0091 | Epoch Time: 0.25s | Spearman@80: 0.9614 | Kendall@80: 0.8321
Epoch 131/150 | Train Loss: 0.0176 | Epoch Time: 0.24s | Spearman@80: 0.9605 | Kendall@80: 0.8321
Epoch 132/150 | Train Loss: 0.0148 | Epoch Time: 0.24s | Spearman@80: 0.9578 | Kendall@80: 0.8220
Epoch 133/150 | Train Loss: 0.0154 | Epoch Time: 0.24s | Spearman@80: 0.9597 | Kendall@80: 0.8281
Epoch 134/150 | Train Loss: 0.0127 | Epoch Time: 0.24s | Spearman@80: 0.9572 | Kendall@80: 0.8233
Epoch 135/150 | Train Loss: 0.0179 | Epoch Time: 0.24s | Spearman@80: 0.9580 | Kendall@80: 0.8252
Epoch 136/150 | Train Loss: 0.0179 | Epoch Time: 0.24s | Spearman@80: 0.9581 | Kendall@80: 0.8258
Epoch 137/150 | Train Loss: 0.0186 | Epoch Time: 0.24s | Spearman@80: 0.9579 | Kendall@80: 0.8245
Epoch 138/150 | Train Loss: 0.0121 | Epoch Time: 0.24s | Spearman@80: 0.9576 | Kendall@80: 0.8245
Epoch 139/150 | Train Loss: 0.0164 | Epoch Time: 0.24s | Spearman@80: 0.9576 | Kendall@80: 0.8283
Epoch 140/150 | Train Loss: 0.0146 | Epoch Time: 0.25s | Spearman@80: 0.9570 | Kendall@80: 0.8258
Epoch 141/150 | Train Loss: 0.0115 | Epoch Time: 0.24s | Spearman@80: 0.9572 | Kendall@80: 0.8268
Epoch 142/150 | Train Loss: 0.0200 | Epoch Time: 0.24s | Spearman@80: 0.9562 | Kendall@80: 0.8230
Epoch 143/150 | Train Loss: 0.0186 | Epoch Time: 0.25s | Spearman@80: 0.9574 | Kendall@80: 0.8277
Epoch 144/150 | Train Loss: 0.0171 | Epoch Time: 0.24s | Spearman@80: 0.9578 | Kendall@80: 0.8296
Epoch 145/150 | Train Loss: 0.0167 | Epoch Time: 0.24s | Spearman@80: 0.9577 | Kendall@80: 0.8281
Epoch 146/150 | Train Loss: 0.0204 | Epoch Time: 0.24s | Spearman@80: 0.9575 | Kendall@80: 0.8271
Epoch 147/150 | Train Loss: 0.0114 | Epoch Time: 1.37s | Spearman@15560: 0.9460 | Kendall@15560: 0.8131
Epoch 148/150 | Train Loss: 0.0157 | Epoch Time: 1.18s | Spearman@15560: 0.9444 | Kendall@15560: 0.8086
Epoch 149/150 | Train Loss: 0.0153 | Epoch Time: 1.18s | Spearman@15560: 0.9449 | Kendall@15560: 0.8100
Epoch 150/150 | Train Loss: 0.0118 | Epoch Time: 1.19s | Spearman@15560: 0.9457 | Kendall@15560: 0.8123
Sample Count: 64, Spearman: 0.945261100062093, Kendall: 0.811020296341572
{64: (0.945261100062093, 0.811020296341572)}
Epoch 1/150 | Train Loss: 0.0905 | Epoch Time: 0.46s | Spearman@80: 0.6610 | Kendall@80: 0.4850
Epoch 2/150 | Train Loss: 0.0569 | Epoch Time: 0.45s | Spearman@80: 0.8688 | Kendall@80: 0.6914
Epoch 3/150 | Train Loss: 0.0450 | Epoch Time: 0.46s | Spearman@80: 0.8548 | Kendall@80: 0.6965
Epoch 4/150 | Train Loss: 0.0424 | Epoch Time: 0.49s | Spearman@80: 0.9107 | Kendall@80: 0.7580
Epoch 5/150 | Train Loss: 0.0359 | Epoch Time: 0.49s | Spearman@80: 0.9098 | Kendall@80: 0.7510
Epoch 6/150 | Train Loss: 0.0372 | Epoch Time: 0.49s | Spearman@80: 0.9221 | Kendall@80: 0.7586
Epoch 7/150 | Train Loss: 0.0400 | Epoch Time: 0.49s | Spearman@80: 0.9135 | Kendall@80: 0.7451
Epoch 8/150 | Train Loss: 0.0357 | Epoch Time: 0.49s | Spearman@80: 0.8686 | Kendall@80: 0.6914
Epoch 9/150 | Train Loss: 0.0404 | Epoch Time: 0.49s | Spearman@80: 0.9312 | Kendall@80: 0.7827
Epoch 10/150 | Train Loss: 0.0320 | Epoch Time: 0.49s | Spearman@80: 0.9336 | Kendall@80: 0.7851
Epoch 11/150 | Train Loss: 0.0340 | Epoch Time: 0.49s | Spearman@80: 0.9031 | Kendall@80: 0.7420
Epoch 12/150 | Train Loss: 0.0411 | Epoch Time: 0.49s | Spearman@80: 0.9266 | Kendall@80: 0.7789
Epoch 13/150 | Train Loss: 0.0339 | Epoch Time: 0.49s | Spearman@80: 0.8946 | Kendall@80: 0.7248
Epoch 14/150 | Train Loss: 0.0314 | Epoch Time: 0.49s | Spearman@80: 0.9308 | Kendall@80: 0.7908
Epoch 15/150 | Train Loss: 0.0322 | Epoch Time: 0.49s | Spearman@80: 0.9290 | Kendall@80: 0.7853
Epoch 16/150 | Train Loss: 0.0248 | Epoch Time: 0.49s | Spearman@80: 0.9218 | Kendall@80: 0.7694
Epoch 17/150 | Train Loss: 0.0354 | Epoch Time: 0.49s | Spearman@80: 0.9028 | Kendall@80: 0.7523
Epoch 18/150 | Train Loss: 0.0317 | Epoch Time: 0.49s | Spearman@80: 0.8827 | Kendall@80: 0.6994
Epoch 19/150 | Train Loss: 0.0357 | Epoch Time: 0.49s | Spearman@80: 0.9264 | Kendall@80: 0.7730
Epoch 20/150 | Train Loss: 0.0327 | Epoch Time: 0.49s | Spearman@80: 0.9090 | Kendall@80: 0.7540
Epoch 21/150 | Train Loss: 0.0358 | Epoch Time: 0.50s | Spearman@80: 0.9285 | Kendall@80: 0.7787
Epoch 22/150 | Train Loss: 0.0371 | Epoch Time: 0.49s | Spearman@80: 0.9335 | Kendall@80: 0.7851
Epoch 23/150 | Train Loss: 0.0297 | Epoch Time: 0.49s | Spearman@80: 0.9298 | Kendall@80: 0.7845
Epoch 24/150 | Train Loss: 0.0344 | Epoch Time: 0.49s | Spearman@80: 0.9219 | Kendall@80: 0.7730
Epoch 25/150 | Train Loss: 0.0317 | Epoch Time: 0.49s | Spearman@80: 0.8863 | Kendall@80: 0.7079
Epoch 26/150 | Train Loss: 0.0326 | Epoch Time: 0.49s | Spearman@80: 0.9215 | Kendall@80: 0.7758
Epoch 27/150 | Train Loss: 0.0295 | Epoch Time: 0.49s | Spearman@80: 0.9229 | Kendall@80: 0.7764
Epoch 28/150 | Train Loss: 0.0378 | Epoch Time: 0.49s | Spearman@80: 0.9280 | Kendall@80: 0.7802
Epoch 29/150 | Train Loss: 0.0316 | Epoch Time: 0.49s | Spearman@80: 0.9214 | Kendall@80: 0.7743
Epoch 30/150 | Train Loss: 0.0340 | Epoch Time: 0.49s | Spearman@80: 0.9320 | Kendall@80: 0.7864
Epoch 31/150 | Train Loss: 0.0381 | Epoch Time: 0.49s | Spearman@80: 0.9046 | Kendall@80: 0.7489
Epoch 32/150 | Train Loss: 0.0397 | Epoch Time: 0.49s | Spearman@80: 0.8900 | Kendall@80: 0.7371
Epoch 33/150 | Train Loss: 0.0322 | Epoch Time: 0.49s | Spearman@80: 0.9236 | Kendall@80: 0.7705
Epoch 34/150 | Train Loss: 0.0293 | Epoch Time: 0.49s | Spearman@80: 0.9233 | Kendall@80: 0.7800
Epoch 35/150 | Train Loss: 0.0321 | Epoch Time: 0.49s | Spearman@80: 0.8951 | Kendall@80: 0.7364
Epoch 36/150 | Train Loss: 0.0313 | Epoch Time: 0.48s | Spearman@80: 0.9283 | Kendall@80: 0.7751
Epoch 37/150 | Train Loss: 0.0306 | Epoch Time: 0.49s | Spearman@80: 0.9108 | Kendall@80: 0.7623
Epoch 38/150 | Train Loss: 0.0350 | Epoch Time: 0.49s | Spearman@80: 0.9124 | Kendall@80: 0.7548
Epoch 39/150 | Train Loss: 0.0286 | Epoch Time: 0.49s | Spearman@80: 0.8803 | Kendall@80: 0.7358
Epoch 40/150 | Train Loss: 0.0281 | Epoch Time: 0.50s | Spearman@80: 0.9308 | Kendall@80: 0.7902
Epoch 41/150 | Train Loss: 0.0337 | Epoch Time: 0.49s | Spearman@80: 0.9210 | Kendall@80: 0.7675
Epoch 42/150 | Train Loss: 0.0295 | Epoch Time: 0.49s | Spearman@80: 0.9281 | Kendall@80: 0.7921
Epoch 43/150 | Train Loss: 0.0316 | Epoch Time: 0.49s | Spearman@80: 0.9203 | Kendall@80: 0.7768
Epoch 44/150 | Train Loss: 0.0280 | Epoch Time: 0.49s | Spearman@80: 0.9316 | Kendall@80: 0.7916
Epoch 45/150 | Train Loss: 0.0371 | Epoch Time: 0.49s | Spearman@80: 0.9290 | Kendall@80: 0.7978
Epoch 46/150 | Train Loss: 0.0231 | Epoch Time: 0.49s | Spearman@80: 0.8958 | Kendall@80: 0.7371
Epoch 47/150 | Train Loss: 0.0340 | Epoch Time: 0.49s | Spearman@80: 0.9111 | Kendall@80: 0.7637
Epoch 48/150 | Train Loss: 0.0311 | Epoch Time: 0.49s | Spearman@80: 0.9133 | Kendall@80: 0.7726
Epoch 49/150 | Train Loss: 0.0290 | Epoch Time: 0.49s | Spearman@80: 0.9264 | Kendall@80: 0.7845
Epoch 50/150 | Train Loss: 0.0300 | Epoch Time: 0.49s | Spearman@80: 0.8991 | Kendall@80: 0.7445
Epoch 51/150 | Train Loss: 0.0303 | Epoch Time: 0.49s | Spearman@80: 0.9022 | Kendall@80: 0.7540
Epoch 52/150 | Train Loss: 0.0274 | Epoch Time: 0.49s | Spearman@80: 0.8886 | Kendall@80: 0.7324
Epoch 53/150 | Train Loss: 0.0347 | Epoch Time: 0.49s | Spearman@80: 0.8772 | Kendall@80: 0.7130
Epoch 54/150 | Train Loss: 0.0303 | Epoch Time: 0.49s | Spearman@80: 0.9289 | Kendall@80: 0.7883
Epoch 55/150 | Train Loss: 0.0292 | Epoch Time: 0.49s | Spearman@80: 0.9264 | Kendall@80: 0.7832
Epoch 56/150 | Train Loss: 0.0236 | Epoch Time: 0.49s | Spearman@80: 0.9139 | Kendall@80: 0.7705
Epoch 57/150 | Train Loss: 0.0249 | Epoch Time: 0.49s | Spearman@80: 0.9093 | Kendall@80: 0.7650
Epoch 58/150 | Train Loss: 0.0237 | Epoch Time: 0.49s | Spearman@80: 0.9192 | Kendall@80: 0.7656
Epoch 59/150 | Train Loss: 0.0312 | Epoch Time: 0.49s | Spearman@80: 0.9037 | Kendall@80: 0.7618
Epoch 60/150 | Train Loss: 0.0288 | Epoch Time: 0.49s | Spearman@80: 0.9136 | Kendall@80: 0.7781
Epoch 61/150 | Train Loss: 0.0299 | Epoch Time: 0.49s | Spearman@80: 0.9047 | Kendall@80: 0.7521
Epoch 62/150 | Train Loss: 0.0328 | Epoch Time: 0.49s | Spearman@80: 0.9044 | Kendall@80: 0.7559
Epoch 63/150 | Train Loss: 0.0251 | Epoch Time: 0.49s | Spearman@80: 0.8960 | Kendall@80: 0.7510
Epoch 64/150 | Train Loss: 0.0289 | Epoch Time: 0.49s | Spearman@80: 0.9297 | Kendall@80: 0.7935
Epoch 65/150 | Train Loss: 0.0284 | Epoch Time: 0.49s | Spearman@80: 0.9229 | Kendall@80: 0.7864
Epoch 66/150 | Train Loss: 0.0240 | Epoch Time: 0.49s | Spearman@80: 0.9234 | Kendall@80: 0.7946
Epoch 67/150 | Train Loss: 0.0260 | Epoch Time: 0.49s | Spearman@80: 0.9023 | Kendall@80: 0.7572
Epoch 68/150 | Train Loss: 0.0320 | Epoch Time: 0.49s | Spearman@80: 0.9165 | Kendall@80: 0.7732
Epoch 69/150 | Train Loss: 0.0260 | Epoch Time: 0.49s | Spearman@80: 0.9207 | Kendall@80: 0.7789
Epoch 70/150 | Train Loss: 0.0231 | Epoch Time: 0.49s | Spearman@80: 0.9235 | Kendall@80: 0.7813
Epoch 71/150 | Train Loss: 0.0237 | Epoch Time: 0.48s | Spearman@80: 0.9165 | Kendall@80: 0.7794
Epoch 72/150 | Train Loss: 0.0263 | Epoch Time: 0.49s | Spearman@80: 0.9363 | Kendall@80: 0.8016
Epoch 73/150 | Train Loss: 0.0288 | Epoch Time: 0.49s | Spearman@80: 0.9168 | Kendall@80: 0.7832
Epoch 74/150 | Train Loss: 0.0245 | Epoch Time: 0.49s | Spearman@80: 0.9275 | Kendall@80: 0.7933
Epoch 75/150 | Train Loss: 0.0259 | Epoch Time: 0.49s | Spearman@80: 0.9001 | Kendall@80: 0.7445
Epoch 76/150 | Train Loss: 0.0262 | Epoch Time: 0.49s | Spearman@80: 0.9214 | Kendall@80: 0.7718
Epoch 77/150 | Train Loss: 0.0308 | Epoch Time: 0.49s | Spearman@80: 0.9018 | Kendall@80: 0.7489
Epoch 78/150 | Train Loss: 0.0218 | Epoch Time: 0.49s | Spearman@80: 0.9153 | Kendall@80: 0.7745
Epoch 79/150 | Train Loss: 0.0169 | Epoch Time: 0.49s | Spearman@80: 0.9194 | Kendall@80: 0.7724
Epoch 80/150 | Train Loss: 0.0322 | Epoch Time: 0.49s | Spearman@80: 0.9095 | Kendall@80: 0.7686
Epoch 81/150 | Train Loss: 0.0229 | Epoch Time: 0.49s | Spearman@80: 0.9171 | Kendall@80: 0.7730
Epoch 82/150 | Train Loss: 0.0222 | Epoch Time: 0.49s | Spearman@80: 0.8978 | Kendall@80: 0.7523
Epoch 83/150 | Train Loss: 0.0229 | Epoch Time: 0.49s | Spearman@80: 0.8920 | Kendall@80: 0.7477
Epoch 84/150 | Train Loss: 0.0259 | Epoch Time: 0.49s | Spearman@80: 0.9236 | Kendall@80: 0.7794
Epoch 85/150 | Train Loss: 0.0250 | Epoch Time: 0.49s | Spearman@80: 0.9061 | Kendall@80: 0.7599
Epoch 86/150 | Train Loss: 0.0274 | Epoch Time: 0.49s | Spearman@80: 0.9057 | Kendall@80: 0.7682
Epoch 87/150 | Train Loss: 0.0257 | Epoch Time: 0.49s | Spearman@80: 0.9067 | Kendall@80: 0.7686
Epoch 88/150 | Train Loss: 0.0217 | Epoch Time: 0.48s | Spearman@80: 0.9071 | Kendall@80: 0.7680
Epoch 89/150 | Train Loss: 0.0251 | Epoch Time: 0.49s | Spearman@80: 0.9056 | Kendall@80: 0.7686
Epoch 90/150 | Train Loss: 0.0228 | Epoch Time: 0.49s | Spearman@80: 0.9154 | Kendall@80: 0.7724
Epoch 91/150 | Train Loss: 0.0203 | Epoch Time: 0.49s | Spearman@80: 0.9090 | Kendall@80: 0.7699
Epoch 92/150 | Train Loss: 0.0243 | Epoch Time: 0.49s | Spearman@80: 0.9158 | Kendall@80: 0.7834
Epoch 93/150 | Train Loss: 0.0226 | Epoch Time: 0.49s | Spearman@80: 0.9045 | Kendall@80: 0.7692
Epoch 94/150 | Train Loss: 0.0236 | Epoch Time: 0.49s | Spearman@80: 0.9069 | Kendall@80: 0.7699
Epoch 95/150 | Train Loss: 0.0225 | Epoch Time: 0.48s | Spearman@80: 0.8904 | Kendall@80: 0.7458
Epoch 96/150 | Train Loss: 0.0281 | Epoch Time: 0.49s | Spearman@80: 0.9195 | Kendall@80: 0.7876
Epoch 97/150 | Train Loss: 0.0200 | Epoch Time: 0.49s | Spearman@80: 0.9276 | Kendall@80: 0.7929
Epoch 98/150 | Train Loss: 0.0229 | Epoch Time: 0.49s | Spearman@80: 0.9080 | Kendall@80: 0.7762
Epoch 99/150 | Train Loss: 0.0242 | Epoch Time: 0.49s | Spearman@80: 0.9029 | Kendall@80: 0.7534
Epoch 100/150 | Train Loss: 0.0253 | Epoch Time: 0.48s | Spearman@80: 0.9141 | Kendall@80: 0.7705
Epoch 101/150 | Train Loss: 0.0186 | Epoch Time: 0.49s | Spearman@80: 0.9053 | Kendall@80: 0.7699
Epoch 102/150 | Train Loss: 0.0219 | Epoch Time: 0.49s | Spearman@80: 0.9036 | Kendall@80: 0.7559
Epoch 103/150 | Train Loss: 0.0217 | Epoch Time: 0.49s | Spearman@80: 0.9020 | Kendall@80: 0.7605
Epoch 104/150 | Train Loss: 0.0205 | Epoch Time: 0.49s | Spearman@80: 0.9094 | Kendall@80: 0.7743
Epoch 105/150 | Train Loss: 0.0164 | Epoch Time: 0.50s | Spearman@80: 0.9040 | Kendall@80: 0.7610
Epoch 106/150 | Train Loss: 0.0235 | Epoch Time: 0.49s | Spearman@80: 0.9008 | Kendall@80: 0.7605
Epoch 107/150 | Train Loss: 0.0184 | Epoch Time: 0.49s | Spearman@80: 0.9036 | Kendall@80: 0.7686
Epoch 108/150 | Train Loss: 0.0240 | Epoch Time: 0.49s | Spearman@80: 0.9045 | Kendall@80: 0.7635
Epoch 109/150 | Train Loss: 0.0245 | Epoch Time: 0.49s | Spearman@80: 0.8993 | Kendall@80: 0.7648
Epoch 110/150 | Train Loss: 0.0232 | Epoch Time: 0.49s | Spearman@80: 0.9017 | Kendall@80: 0.7661
Epoch 111/150 | Train Loss: 0.0190 | Epoch Time: 0.49s | Spearman@80: 0.9037 | Kendall@80: 0.7680
Epoch 112/150 | Train Loss: 0.0210 | Epoch Time: 0.49s | Spearman@80: 0.9172 | Kendall@80: 0.7859
Epoch 113/150 | Train Loss: 0.0185 | Epoch Time: 0.49s | Spearman@80: 0.9064 | Kendall@80: 0.7724
Epoch 114/150 | Train Loss: 0.0230 | Epoch Time: 0.49s | Spearman@80: 0.9127 | Kendall@80: 0.7762
Epoch 115/150 | Train Loss: 0.0227 | Epoch Time: 0.49s | Spearman@80: 0.9055 | Kendall@80: 0.7680
Epoch 116/150 | Train Loss: 0.0179 | Epoch Time: 0.50s | Spearman@80: 0.9011 | Kendall@80: 0.7610
Epoch 117/150 | Train Loss: 0.0175 | Epoch Time: 0.49s | Spearman@80: 0.8997 | Kendall@80: 0.7591
Epoch 118/150 | Train Loss: 0.0211 | Epoch Time: 0.49s | Spearman@80: 0.9003 | Kendall@80: 0.7642
Epoch 119/150 | Train Loss: 0.0190 | Epoch Time: 0.50s | Spearman@80: 0.9083 | Kendall@80: 0.7724
Epoch 120/150 | Train Loss: 0.0239 | Epoch Time: 0.49s | Spearman@80: 0.9058 | Kendall@80: 0.7756
Epoch 121/150 | Train Loss: 0.0176 | Epoch Time: 0.50s | Spearman@80: 0.9039 | Kendall@80: 0.7751
Epoch 122/150 | Train Loss: 0.0226 | Epoch Time: 0.49s | Spearman@80: 0.9106 | Kendall@80: 0.7749
Epoch 123/150 | Train Loss: 0.0202 | Epoch Time: 0.49s | Spearman@80: 0.9041 | Kendall@80: 0.7724
Epoch 124/150 | Train Loss: 0.0206 | Epoch Time: 0.49s | Spearman@80: 0.9110 | Kendall@80: 0.7819
Epoch 125/150 | Train Loss: 0.0211 | Epoch Time: 0.50s | Spearman@80: 0.9059 | Kendall@80: 0.7756
Epoch 126/150 | Train Loss: 0.0181 | Epoch Time: 0.50s | Spearman@80: 0.9046 | Kendall@80: 0.7743
Epoch 127/150 | Train Loss: 0.0204 | Epoch Time: 0.50s | Spearman@80: 0.9024 | Kendall@80: 0.7732
Epoch 128/150 | Train Loss: 0.0180 | Epoch Time: 0.49s | Spearman@80: 0.9093 | Kendall@80: 0.7813
Epoch 129/150 | Train Loss: 0.0222 | Epoch Time: 0.50s | Spearman@80: 0.9068 | Kendall@80: 0.7781
Epoch 130/150 | Train Loss: 0.0189 | Epoch Time: 0.50s | Spearman@80: 0.9058 | Kendall@80: 0.7781
Epoch 131/150 | Train Loss: 0.0161 | Epoch Time: 0.49s | Spearman@80: 0.9014 | Kendall@80: 0.7692
Epoch 132/150 | Train Loss: 0.0205 | Epoch Time: 0.50s | Spearman@80: 0.9057 | Kendall@80: 0.7764
Epoch 133/150 | Train Loss: 0.0242 | Epoch Time: 0.49s | Spearman@80: 0.9033 | Kendall@80: 0.7711
Epoch 134/150 | Train Loss: 0.0243 | Epoch Time: 0.49s | Spearman@80: 0.9054 | Kendall@80: 0.7756
Epoch 135/150 | Train Loss: 0.0146 | Epoch Time: 0.49s | Spearman@80: 0.9036 | Kendall@80: 0.7751
Epoch 136/150 | Train Loss: 0.0214 | Epoch Time: 0.50s | Spearman@80: 0.9026 | Kendall@80: 0.7718
Epoch 137/150 | Train Loss: 0.0211 | Epoch Time: 0.50s | Spearman@80: 0.9006 | Kendall@80: 0.7673
Epoch 138/150 | Train Loss: 0.0203 | Epoch Time: 0.50s | Spearman@80: 0.9028 | Kendall@80: 0.7701
Epoch 139/150 | Train Loss: 0.0184 | Epoch Time: 0.50s | Spearman@80: 0.9025 | Kendall@80: 0.7701
Epoch 140/150 | Train Loss: 0.0179 | Epoch Time: 0.50s | Spearman@80: 0.9049 | Kendall@80: 0.7724
Epoch 141/150 | Train Loss: 0.0197 | Epoch Time: 0.50s | Spearman@80: 0.9032 | Kendall@80: 0.7705
Epoch 142/150 | Train Loss: 0.0215 | Epoch Time: 0.50s | Spearman@80: 0.9041 | Kendall@80: 0.7707
Epoch 143/150 | Train Loss: 0.0179 | Epoch Time: 0.50s | Spearman@80: 0.9051 | Kendall@80: 0.7749
Epoch 144/150 | Train Loss: 0.0197 | Epoch Time: 0.50s | Spearman@80: 0.9028 | Kendall@80: 0.7699
Epoch 145/150 | Train Loss: 0.0159 | Epoch Time: 0.50s | Spearman@80: 0.9051 | Kendall@80: 0.7764
Epoch 146/150 | Train Loss: 0.0261 | Epoch Time: 0.50s | Spearman@80: 0.9055 | Kendall@80: 0.7756
Epoch 147/150 | Train Loss: 0.0171 | Epoch Time: 1.69s | Spearman@15496: 0.9147 | Kendall@15496: 0.7663
Epoch 148/150 | Train Loss: 0.0202 | Epoch Time: 1.49s | Spearman@15496: 0.9145 | Kendall@15496: 0.7658
Epoch 149/150 | Train Loss: 0.0168 | Epoch Time: 1.48s | Spearman@15496: 0.9158 | Kendall@15496: 0.7687
Epoch 150/150 | Train Loss: 0.0183 | Epoch Time: 1.49s | Spearman@15496: 0.9162 | Kendall@15496: 0.7686
Sample Count: 128, Spearman: 0.9152709119296106, Kendall: 0.7673677420989651
{64: (0.945261100062093, 0.811020296341572),
 128: (0.9152709119296106, 0.7673677420989651)}
Epoch 1/150 | Train Loss: 0.0946 | Epoch Time: 0.23s | Spearman@80: 0.4219 | Kendall@80: 0.2902
Epoch 2/150 | Train Loss: 0.0709 | Epoch Time: 0.23s | Spearman@80: 0.5384 | Kendall@80: 0.3869
Epoch 3/150 | Train Loss: 0.0570 | Epoch Time: 0.23s | Spearman@80: 0.8148 | Kendall@80: 0.6314
Epoch 4/150 | Train Loss: 0.0579 | Epoch Time: 0.23s | Spearman@80: 0.8222 | Kendall@80: 0.6386
Epoch 5/150 | Train Loss: 0.0335 | Epoch Time: 0.24s | Spearman@80: 0.8303 | Kendall@80: 0.6489
Epoch 6/150 | Train Loss: 0.0340 | Epoch Time: 0.25s | Spearman@80: 0.8164 | Kendall@80: 0.6276
Epoch 7/150 | Train Loss: 0.0310 | Epoch Time: 0.25s | Spearman@80: 0.8543 | Kendall@80: 0.6838
Epoch 8/150 | Train Loss: 0.0349 | Epoch Time: 0.25s | Spearman@80: 0.8027 | Kendall@80: 0.6339
Epoch 9/150 | Train Loss: 0.0303 | Epoch Time: 0.25s | Spearman@80: 0.8314 | Kendall@80: 0.6608
Epoch 10/150 | Train Loss: 0.0233 | Epoch Time: 0.25s | Spearman@80: 0.8760 | Kendall@80: 0.7271
Epoch 11/150 | Train Loss: 0.0288 | Epoch Time: 0.25s | Spearman@80: 0.8784 | Kendall@80: 0.7283
Epoch 12/150 | Train Loss: 0.0258 | Epoch Time: 0.25s | Spearman@80: 0.8441 | Kendall@80: 0.6897
Epoch 13/150 | Train Loss: 0.0285 | Epoch Time: 0.25s | Spearman@80: 0.8681 | Kendall@80: 0.6939
Epoch 14/150 | Train Loss: 0.0287 | Epoch Time: 0.25s | Spearman@80: 0.8685 | Kendall@80: 0.7214
Epoch 15/150 | Train Loss: 0.0313 | Epoch Time: 0.25s | Spearman@80: 0.8688 | Kendall@80: 0.7074
Epoch 16/150 | Train Loss: 0.0251 | Epoch Time: 0.25s | Spearman@80: 0.8460 | Kendall@80: 0.6910
Epoch 17/150 | Train Loss: 0.0261 | Epoch Time: 0.25s | Spearman@80: 0.8024 | Kendall@80: 0.6149
Epoch 18/150 | Train Loss: 0.0280 | Epoch Time: 0.25s | Spearman@80: 0.8758 | Kendall@80: 0.7212
Epoch 19/150 | Train Loss: 0.0301 | Epoch Time: 0.25s | Spearman@80: 0.8314 | Kendall@80: 0.6831
Epoch 20/150 | Train Loss: 0.0233 | Epoch Time: 0.26s | Spearman@80: 0.8443 | Kendall@80: 0.6897
Epoch 21/150 | Train Loss: 0.0344 | Epoch Time: 0.25s | Spearman@80: 0.8581 | Kendall@80: 0.6992
Epoch 22/150 | Train Loss: 0.0277 | Epoch Time: 0.25s | Spearman@80: 0.8826 | Kendall@80: 0.7397
Epoch 23/150 | Train Loss: 0.0297 | Epoch Time: 0.25s | Spearman@80: 0.8761 | Kendall@80: 0.7252
Epoch 24/150 | Train Loss: 0.0281 | Epoch Time: 0.25s | Spearman@80: 0.8830 | Kendall@80: 0.7201
Epoch 25/150 | Train Loss: 0.0218 | Epoch Time: 0.25s | Spearman@80: 0.8927 | Kendall@80: 0.7417
Epoch 26/150 | Train Loss: 0.0242 | Epoch Time: 0.25s | Spearman@80: 0.8933 | Kendall@80: 0.7449
Epoch 27/150 | Train Loss: 0.0262 | Epoch Time: 0.25s | Spearman@80: 0.8522 | Kendall@80: 0.6865
Epoch 28/150 | Train Loss: 0.0221 | Epoch Time: 0.25s | Spearman@80: 0.8976 | Kendall@80: 0.7573
Epoch 29/150 | Train Loss: 0.0235 | Epoch Time: 0.25s | Spearman@80: 0.8720 | Kendall@80: 0.7157
Epoch 30/150 | Train Loss: 0.0235 | Epoch Time: 0.25s | Spearman@80: 0.8378 | Kendall@80: 0.6717
Epoch 31/150 | Train Loss: 0.0294 | Epoch Time: 0.25s | Spearman@80: 0.8650 | Kendall@80: 0.7151
Epoch 32/150 | Train Loss: 0.0189 | Epoch Time: 0.25s | Spearman@80: 0.8833 | Kendall@80: 0.7321
Epoch 33/150 | Train Loss: 0.0277 | Epoch Time: 0.25s | Spearman@80: 0.8884 | Kendall@80: 0.7431
Epoch 34/150 | Train Loss: 0.0204 | Epoch Time: 0.25s | Spearman@80: 0.8858 | Kendall@80: 0.7391
Epoch 35/150 | Train Loss: 0.0178 | Epoch Time: 0.25s | Spearman@80: 0.8747 | Kendall@80: 0.7150
Epoch 36/150 | Train Loss: 0.0219 | Epoch Time: 0.25s | Spearman@80: 0.8890 | Kendall@80: 0.7486
Epoch 37/150 | Train Loss: 0.0275 | Epoch Time: 0.25s | Spearman@80: 0.8798 | Kendall@80: 0.7328
Epoch 38/150 | Train Loss: 0.0293 | Epoch Time: 0.25s | Spearman@80: 0.8774 | Kendall@80: 0.7239
Epoch 39/150 | Train Loss: 0.0233 | Epoch Time: 0.25s | Spearman@80: 0.8796 | Kendall@80: 0.7355
Epoch 40/150 | Train Loss: 0.0220 | Epoch Time: 0.25s | Spearman@80: 0.8735 | Kendall@80: 0.7142
Epoch 41/150 | Train Loss: 0.0188 | Epoch Time: 0.25s | Spearman@80: 0.8556 | Kendall@80: 0.6897
Epoch 42/150 | Train Loss: 0.0184 | Epoch Time: 0.25s | Spearman@80: 0.8847 | Kendall@80: 0.7395
Epoch 43/150 | Train Loss: 0.0199 | Epoch Time: 0.25s | Spearman@80: 0.8796 | Kendall@80: 0.7207
Epoch 44/150 | Train Loss: 0.0180 | Epoch Time: 0.25s | Spearman@80: 0.8911 | Kendall@80: 0.7450
Epoch 45/150 | Train Loss: 0.0176 | Epoch Time: 0.25s | Spearman@80: 0.8875 | Kendall@80: 0.7433
Epoch 46/150 | Train Loss: 0.0201 | Epoch Time: 0.25s | Spearman@80: 0.8962 | Kendall@80: 0.7541
Epoch 47/150 | Train Loss: 0.0164 | Epoch Time: 0.25s | Spearman@80: 0.8895 | Kendall@80: 0.7465
Epoch 48/150 | Train Loss: 0.0223 | Epoch Time: 0.25s | Spearman@80: 0.8770 | Kendall@80: 0.7307
Epoch 49/150 | Train Loss: 0.0209 | Epoch Time: 0.25s | Spearman@80: 0.8617 | Kendall@80: 0.7167
Epoch 50/150 | Train Loss: 0.0292 | Epoch Time: 0.25s | Spearman@80: 0.8674 | Kendall@80: 0.7174
Epoch 51/150 | Train Loss: 0.0220 | Epoch Time: 0.25s | Spearman@80: 0.8810 | Kendall@80: 0.7353
Epoch 52/150 | Train Loss: 0.0222 | Epoch Time: 0.25s | Spearman@80: 0.8978 | Kendall@80: 0.7582
Epoch 53/150 | Train Loss: 0.0289 | Epoch Time: 0.25s | Spearman@80: 0.8899 | Kendall@80: 0.7448
Epoch 54/150 | Train Loss: 0.0250 | Epoch Time: 0.25s | Spearman@80: 0.8746 | Kendall@80: 0.7180
Epoch 55/150 | Train Loss: 0.0246 | Epoch Time: 0.25s | Spearman@80: 0.8988 | Kendall@80: 0.7681
Epoch 56/150 | Train Loss: 0.0165 | Epoch Time: 0.25s | Spearman@80: 0.8753 | Kendall@80: 0.7195
Epoch 57/150 | Train Loss: 0.0226 | Epoch Time: 0.25s | Spearman@80: 0.8804 | Kendall@80: 0.7444
Epoch 58/150 | Train Loss: 0.0161 | Epoch Time: 0.25s | Spearman@80: 0.8802 | Kendall@80: 0.7370
Epoch 59/150 | Train Loss: 0.0181 | Epoch Time: 0.25s | Spearman@80: 0.8896 | Kendall@80: 0.7513
Epoch 60/150 | Train Loss: 0.0230 | Epoch Time: 0.25s | Spearman@80: 0.8828 | Kendall@80: 0.7321
Epoch 61/150 | Train Loss: 0.0196 | Epoch Time: 0.25s | Spearman@80: 0.8613 | Kendall@80: 0.7110
Epoch 62/150 | Train Loss: 0.0123 | Epoch Time: 0.25s | Spearman@80: 0.8514 | Kendall@80: 0.6872
Epoch 63/150 | Train Loss: 0.0248 | Epoch Time: 0.25s | Spearman@80: 0.8516 | Kendall@80: 0.6905
Epoch 64/150 | Train Loss: 0.0249 | Epoch Time: 0.25s | Spearman@80: 0.8685 | Kendall@80: 0.7199
Epoch 65/150 | Train Loss: 0.0181 | Epoch Time: 0.25s | Spearman@80: 0.8802 | Kendall@80: 0.7328
Epoch 66/150 | Train Loss: 0.0184 | Epoch Time: 0.25s | Spearman@80: 0.8792 | Kendall@80: 0.7330
Epoch 67/150 | Train Loss: 0.0162 | Epoch Time: 0.25s | Spearman@80: 0.8737 | Kendall@80: 0.7237
Epoch 68/150 | Train Loss: 0.0106 | Epoch Time: 0.25s | Spearman@80: 0.8510 | Kendall@80: 0.6914
Epoch 69/150 | Train Loss: 0.0241 | Epoch Time: 0.25s | Spearman@80: 0.8785 | Kendall@80: 0.7269
Epoch 70/150 | Train Loss: 0.0129 | Epoch Time: 0.25s | Spearman@80: 0.8914 | Kendall@80: 0.7510
Epoch 71/150 | Train Loss: 0.0178 | Epoch Time: 0.25s | Spearman@80: 0.8951 | Kendall@80: 0.7608
Epoch 72/150 | Train Loss: 0.0139 | Epoch Time: 0.25s | Spearman@80: 0.8900 | Kendall@80: 0.7497
Epoch 73/150 | Train Loss: 0.0165 | Epoch Time: 0.25s | Spearman@80: 0.8905 | Kendall@80: 0.7497
Epoch 74/150 | Train Loss: 0.0168 | Epoch Time: 0.25s | Spearman@80: 0.8763 | Kendall@80: 0.7279
Epoch 75/150 | Train Loss: 0.0218 | Epoch Time: 0.25s | Spearman@80: 0.8910 | Kendall@80: 0.7584
Epoch 76/150 | Train Loss: 0.0163 | Epoch Time: 0.25s | Spearman@80: 0.8905 | Kendall@80: 0.7524
Epoch 77/150 | Train Loss: 0.0152 | Epoch Time: 0.25s | Spearman@80: 0.8879 | Kendall@80: 0.7461
Epoch 78/150 | Train Loss: 0.0219 | Epoch Time: 0.25s | Spearman@80: 0.8793 | Kendall@80: 0.7290
Epoch 79/150 | Train Loss: 0.0170 | Epoch Time: 0.25s | Spearman@80: 0.8760 | Kendall@80: 0.7334
Epoch 80/150 | Train Loss: 0.0220 | Epoch Time: 0.25s | Spearman@80: 0.8758 | Kendall@80: 0.7372
Epoch 81/150 | Train Loss: 0.0198 | Epoch Time: 0.25s | Spearman@80: 0.8710 | Kendall@80: 0.7231
Epoch 82/150 | Train Loss: 0.0170 | Epoch Time: 0.25s | Spearman@80: 0.8723 | Kendall@80: 0.7252
Epoch 83/150 | Train Loss: 0.0135 | Epoch Time: 0.25s | Spearman@80: 0.8790 | Kendall@80: 0.7330
Epoch 84/150 | Train Loss: 0.0150 | Epoch Time: 0.25s | Spearman@80: 0.8915 | Kendall@80: 0.7537
Epoch 85/150 | Train Loss: 0.0156 | Epoch Time: 0.25s | Spearman@80: 0.8942 | Kendall@80: 0.7548
Epoch 86/150 | Train Loss: 0.0094 | Epoch Time: 0.25s | Spearman@80: 0.8928 | Kendall@80: 0.7506
Epoch 87/150 | Train Loss: 0.0105 | Epoch Time: 0.25s | Spearman@80: 0.8940 | Kendall@80: 0.7554
Epoch 88/150 | Train Loss: 0.0157 | Epoch Time: 0.25s | Spearman@80: 0.8958 | Kendall@80: 0.7530
Epoch 89/150 | Train Loss: 0.0174 | Epoch Time: 0.25s | Spearman@80: 0.8935 | Kendall@80: 0.7499
Epoch 90/150 | Train Loss: 0.0174 | Epoch Time: 0.25s | Spearman@80: 0.8835 | Kendall@80: 0.7332
Epoch 91/150 | Train Loss: 0.0173 | Epoch Time: 0.25s | Spearman@80: 0.8778 | Kendall@80: 0.7296
Epoch 92/150 | Train Loss: 0.0149 | Epoch Time: 0.25s | Spearman@80: 0.8761 | Kendall@80: 0.7315
Epoch 93/150 | Train Loss: 0.0125 | Epoch Time: 0.25s | Spearman@80: 0.8855 | Kendall@80: 0.7440
Epoch 94/150 | Train Loss: 0.0149 | Epoch Time: 0.25s | Spearman@80: 0.8898 | Kendall@80: 0.7435
Epoch 95/150 | Train Loss: 0.0159 | Epoch Time: 0.25s | Spearman@80: 0.8865 | Kendall@80: 0.7404
Epoch 96/150 | Train Loss: 0.0106 | Epoch Time: 0.25s | Spearman@80: 0.8933 | Kendall@80: 0.7529
Epoch 97/150 | Train Loss: 0.0158 | Epoch Time: 0.25s | Spearman@80: 0.8823 | Kendall@80: 0.7355
Epoch 98/150 | Train Loss: 0.0094 | Epoch Time: 0.25s | Spearman@80: 0.8842 | Kendall@80: 0.7391
Epoch 99/150 | Train Loss: 0.0128 | Epoch Time: 0.25s | Spearman@80: 0.8824 | Kendall@80: 0.7372
Epoch 100/150 | Train Loss: 0.0164 | Epoch Time: 0.25s | Spearman@80: 0.8794 | Kendall@80: 0.7359
Epoch 101/150 | Train Loss: 0.0111 | Epoch Time: 0.25s | Spearman@80: 0.8779 | Kendall@80: 0.7340
Epoch 102/150 | Train Loss: 0.0135 | Epoch Time: 0.25s | Spearman@80: 0.8771 | Kendall@80: 0.7307
Epoch 103/150 | Train Loss: 0.0161 | Epoch Time: 0.25s | Spearman@80: 0.8735 | Kendall@80: 0.7220
Epoch 104/150 | Train Loss: 0.0100 | Epoch Time: 0.25s | Spearman@80: 0.8774 | Kendall@80: 0.7275
Epoch 105/150 | Train Loss: 0.0159 | Epoch Time: 0.25s | Spearman@80: 0.8745 | Kendall@80: 0.7269
Epoch 106/150 | Train Loss: 0.0132 | Epoch Time: 0.25s | Spearman@80: 0.8714 | Kendall@80: 0.7258
Epoch 107/150 | Train Loss: 0.0129 | Epoch Time: 0.25s | Spearman@80: 0.8722 | Kendall@80: 0.7271
Epoch 108/150 | Train Loss: 0.0159 | Epoch Time: 0.25s | Spearman@80: 0.8703 | Kendall@80: 0.7233
Epoch 109/150 | Train Loss: 0.0187 | Epoch Time: 0.25s | Spearman@80: 0.8752 | Kendall@80: 0.7296
Epoch 110/150 | Train Loss: 0.0146 | Epoch Time: 0.25s | Spearman@80: 0.8705 | Kendall@80: 0.7216
Epoch 111/150 | Train Loss: 0.0087 | Epoch Time: 0.25s | Spearman@80: 0.8735 | Kendall@80: 0.7290
Epoch 112/150 | Train Loss: 0.0115 | Epoch Time: 0.25s | Spearman@80: 0.8684 | Kendall@80: 0.7201
Epoch 113/150 | Train Loss: 0.0102 | Epoch Time: 0.25s | Spearman@80: 0.8661 | Kendall@80: 0.7201
Epoch 114/150 | Train Loss: 0.0095 | Epoch Time: 0.25s | Spearman@80: 0.8665 | Kendall@80: 0.7197
Epoch 115/150 | Train Loss: 0.0153 | Epoch Time: 0.25s | Spearman@80: 0.8674 | Kendall@80: 0.7228
Epoch 116/150 | Train Loss: 0.0098 | Epoch Time: 0.25s | Spearman@80: 0.8733 | Kendall@80: 0.7326
Epoch 117/150 | Train Loss: 0.0054 | Epoch Time: 0.25s | Spearman@80: 0.8704 | Kendall@80: 0.7275
Epoch 118/150 | Train Loss: 0.0145 | Epoch Time: 0.25s | Spearman@80: 0.8715 | Kendall@80: 0.7271
Epoch 119/150 | Train Loss: 0.0097 | Epoch Time: 0.25s | Spearman@80: 0.8729 | Kendall@80: 0.7252
Epoch 120/150 | Train Loss: 0.0089 | Epoch Time: 0.25s | Spearman@80: 0.8829 | Kendall@80: 0.7404
Epoch 121/150 | Train Loss: 0.0079 | Epoch Time: 0.25s | Spearman@80: 0.8828 | Kendall@80: 0.7397
Epoch 122/150 | Train Loss: 0.0122 | Epoch Time: 0.25s | Spearman@80: 0.8771 | Kendall@80: 0.7294
Epoch 123/150 | Train Loss: 0.0114 | Epoch Time: 0.25s | Spearman@80: 0.8734 | Kendall@80: 0.7237
Epoch 124/150 | Train Loss: 0.0130 | Epoch Time: 0.25s | Spearman@80: 0.8829 | Kendall@80: 0.7404
Epoch 125/150 | Train Loss: 0.0136 | Epoch Time: 0.25s | Spearman@80: 0.8819 | Kendall@80: 0.7372
Epoch 126/150 | Train Loss: 0.0081 | Epoch Time: 0.25s | Spearman@80: 0.8811 | Kendall@80: 0.7389
Epoch 127/150 | Train Loss: 0.0088 | Epoch Time: 0.25s | Spearman@80: 0.8844 | Kendall@80: 0.7410
Epoch 128/150 | Train Loss: 0.0089 | Epoch Time: 0.25s | Spearman@80: 0.8833 | Kendall@80: 0.7385
Epoch 129/150 | Train Loss: 0.0064 | Epoch Time: 0.25s | Spearman@80: 0.8835 | Kendall@80: 0.7402
Epoch 130/150 | Train Loss: 0.0134 | Epoch Time: 0.25s | Spearman@80: 0.8811 | Kendall@80: 0.7389
Epoch 131/150 | Train Loss: 0.0134 | Epoch Time: 0.25s | Spearman@80: 0.8830 | Kendall@80: 0.7421
Epoch 132/150 | Train Loss: 0.0094 | Epoch Time: 0.25s | Spearman@80: 0.8853 | Kendall@80: 0.7442
Epoch 133/150 | Train Loss: 0.0146 | Epoch Time: 0.25s | Spearman@80: 0.8823 | Kendall@80: 0.7418
Epoch 134/150 | Train Loss: 0.0058 | Epoch Time: 0.25s | Spearman@80: 0.8797 | Kendall@80: 0.7378
Epoch 135/150 | Train Loss: 0.0119 | Epoch Time: 0.25s | Spearman@80: 0.8832 | Kendall@80: 0.7385
Epoch 136/150 | Train Loss: 0.0088 | Epoch Time: 0.25s | Spearman@80: 0.8817 | Kendall@80: 0.7370
Epoch 137/150 | Train Loss: 0.0085 | Epoch Time: 0.25s | Spearman@80: 0.8830 | Kendall@80: 0.7414
Epoch 138/150 | Train Loss: 0.0083 | Epoch Time: 0.25s | Spearman@80: 0.8835 | Kendall@80: 0.7416
Epoch 139/150 | Train Loss: 0.0073 | Epoch Time: 0.25s | Spearman@80: 0.8832 | Kendall@80: 0.7414
Epoch 140/150 | Train Loss: 0.0104 | Epoch Time: 0.25s | Spearman@80: 0.8813 | Kendall@80: 0.7368
Epoch 141/150 | Train Loss: 0.0074 | Epoch Time: 0.25s | Spearman@80: 0.8807 | Kendall@80: 0.7340
Epoch 142/150 | Train Loss: 0.0075 | Epoch Time: 0.25s | Spearman@80: 0.8822 | Kendall@80: 0.7378
Epoch 143/150 | Train Loss: 0.0051 | Epoch Time: 0.25s | Spearman@80: 0.8796 | Kendall@80: 0.7315
Epoch 144/150 | Train Loss: 0.0079 | Epoch Time: 0.25s | Spearman@80: 0.8798 | Kendall@80: 0.7345
Epoch 145/150 | Train Loss: 0.0087 | Epoch Time: 0.25s | Spearman@80: 0.8798 | Kendall@80: 0.7342
Epoch 146/150 | Train Loss: 0.0107 | Epoch Time: 0.25s | Spearman@80: 0.8803 | Kendall@80: 0.7328
Epoch 147/150 | Train Loss: 0.0108 | Epoch Time: 1.43s | Spearman@15560: 0.9140 | Kendall@15560: 0.7733
Epoch 148/150 | Train Loss: 0.0059 | Epoch Time: 1.25s | Spearman@15560: 0.9134 | Kendall@15560: 0.7727
Epoch 149/150 | Train Loss: 0.0134 | Epoch Time: 1.25s | Spearman@15560: 0.9129 | Kendall@15560: 0.7718
Epoch 150/150 | Train Loss: 0.0127 | Epoch Time: 1.26s | Spearman@15560: 0.9127 | Kendall@15560: 0.7714
Sample Count: 64, Spearman: 0.9132575729065527, Kendall: 0.7722828556604926
{64: (0.9132575729065527, 0.7722828556604926),
 128: (0.9152709119296106, 0.7673677420989651)}
Epoch 1/150 | Train Loss: 0.0894 | Epoch Time: 0.46s | Spearman@80: 0.5067 | Kendall@80: 0.3548
Epoch 2/150 | Train Loss: 0.0597 | Epoch Time: 0.46s | Spearman@80: 0.6300 | Kendall@80: 0.4463
Epoch 3/150 | Train Loss: 0.0456 | Epoch Time: 0.49s | Spearman@80: 0.8837 | Kendall@80: 0.7096
Epoch 4/150 | Train Loss: 0.0412 | Epoch Time: 0.49s | Spearman@80: 0.8948 | Kendall@80: 0.7204
Epoch 5/150 | Train Loss: 0.0402 | Epoch Time: 0.50s | Spearman@80: 0.8879 | Kendall@80: 0.7157
Epoch 6/150 | Train Loss: 0.0363 | Epoch Time: 0.50s | Spearman@80: 0.8925 | Kendall@80: 0.7271
Epoch 7/150 | Train Loss: 0.0337 | Epoch Time: 0.49s | Spearman@80: 0.9019 | Kendall@80: 0.7305
Epoch 8/150 | Train Loss: 0.0373 | Epoch Time: 0.49s | Spearman@80: 0.8965 | Kendall@80: 0.7284
Epoch 9/150 | Train Loss: 0.0333 | Epoch Time: 0.50s | Spearman@80: 0.8853 | Kendall@80: 0.7081
Epoch 10/150 | Train Loss: 0.0280 | Epoch Time: 0.50s | Spearman@80: 0.9124 | Kendall@80: 0.7576
Epoch 11/150 | Train Loss: 0.0365 | Epoch Time: 0.50s | Spearman@80: 0.9253 | Kendall@80: 0.7713
Epoch 12/150 | Train Loss: 0.0344 | Epoch Time: 0.50s | Spearman@80: 0.9025 | Kendall@80: 0.7347
Epoch 13/150 | Train Loss: 0.0338 | Epoch Time: 0.50s | Spearman@80: 0.9161 | Kendall@80: 0.7601
Epoch 14/150 | Train Loss: 0.0296 | Epoch Time: 0.49s | Spearman@80: 0.9078 | Kendall@80: 0.7537
Epoch 15/150 | Train Loss: 0.0368 | Epoch Time: 0.49s | Spearman@80: 0.9342 | Kendall@80: 0.7878
Epoch 16/150 | Train Loss: 0.0323 | Epoch Time: 0.49s | Spearman@80: 0.9316 | Kendall@80: 0.7838
Epoch 17/150 | Train Loss: 0.0383 | Epoch Time: 0.49s | Spearman@80: 0.9250 | Kendall@80: 0.7605
Epoch 18/150 | Train Loss: 0.0296 | Epoch Time: 0.49s | Spearman@80: 0.9184 | Kendall@80: 0.7609
Epoch 19/150 | Train Loss: 0.0293 | Epoch Time: 0.49s | Spearman@80: 0.8867 | Kendall@80: 0.7235
Epoch 20/150 | Train Loss: 0.0292 | Epoch Time: 0.49s | Spearman@80: 0.9334 | Kendall@80: 0.7852
Epoch 21/150 | Train Loss: 0.0353 | Epoch Time: 0.50s | Spearman@80: 0.9100 | Kendall@80: 0.7569
Epoch 22/150 | Train Loss: 0.0339 | Epoch Time: 0.49s | Spearman@80: 0.9307 | Kendall@80: 0.7888
Epoch 23/150 | Train Loss: 0.0321 | Epoch Time: 0.49s | Spearman@80: 0.9220 | Kendall@80: 0.7673
Epoch 24/150 | Train Loss: 0.0298 | Epoch Time: 0.49s | Spearman@80: 0.9324 | Kendall@80: 0.7888
Epoch 25/150 | Train Loss: 0.0347 | Epoch Time: 0.49s | Spearman@80: 0.9017 | Kendall@80: 0.7489
Epoch 26/150 | Train Loss: 0.0332 | Epoch Time: 0.49s | Spearman@80: 0.9174 | Kendall@80: 0.7584
Epoch 27/150 | Train Loss: 0.0317 | Epoch Time: 0.50s | Spearman@80: 0.9246 | Kendall@80: 0.7799
Epoch 28/150 | Train Loss: 0.0309 | Epoch Time: 0.49s | Spearman@80: 0.9268 | Kendall@80: 0.7842
Epoch 29/150 | Train Loss: 0.0274 | Epoch Time: 0.50s | Spearman@80: 0.9334 | Kendall@80: 0.7945
Epoch 30/150 | Train Loss: 0.0287 | Epoch Time: 0.50s | Spearman@80: 0.9268 | Kendall@80: 0.7730
Epoch 31/150 | Train Loss: 0.0258 | Epoch Time: 0.49s | Spearman@80: 0.9069 | Kendall@80: 0.7449
Epoch 32/150 | Train Loss: 0.0310 | Epoch Time: 0.50s | Spearman@80: 0.9241 | Kendall@80: 0.7745
Epoch 33/150 | Train Loss: 0.0285 | Epoch Time: 0.49s | Spearman@80: 0.8934 | Kendall@80: 0.7362
Epoch 34/150 | Train Loss: 0.0276 | Epoch Time: 0.49s | Spearman@80: 0.9089 | Kendall@80: 0.7483
Epoch 35/150 | Train Loss: 0.0281 | Epoch Time: 0.50s | Spearman@80: 0.9251 | Kendall@80: 0.7734
Epoch 36/150 | Train Loss: 0.0268 | Epoch Time: 0.49s | Spearman@80: 0.9208 | Kendall@80: 0.7698
Epoch 37/150 | Train Loss: 0.0277 | Epoch Time: 0.49s | Spearman@80: 0.9168 | Kendall@80: 0.7567
Epoch 38/150 | Train Loss: 0.0263 | Epoch Time: 0.50s | Spearman@80: 0.9240 | Kendall@80: 0.7768
Epoch 39/150 | Train Loss: 0.0290 | Epoch Time: 0.49s | Spearman@80: 0.9244 | Kendall@80: 0.7772
Epoch 40/150 | Train Loss: 0.0306 | Epoch Time: 0.50s | Spearman@80: 0.9276 | Kendall@80: 0.7825
Epoch 41/150 | Train Loss: 0.0298 | Epoch Time: 0.49s | Spearman@80: 0.9221 | Kendall@80: 0.7603
Epoch 42/150 | Train Loss: 0.0279 | Epoch Time: 0.50s | Spearman@80: 0.9286 | Kendall@80: 0.7825
Epoch 43/150 | Train Loss: 0.0258 | Epoch Time: 0.50s | Spearman@80: 0.9389 | Kendall@80: 0.8032
Epoch 44/150 | Train Loss: 0.0334 | Epoch Time: 0.49s | Spearman@80: 0.9282 | Kendall@80: 0.7880
Epoch 45/150 | Train Loss: 0.0277 | Epoch Time: 0.49s | Spearman@80: 0.9269 | Kendall@80: 0.7810
Epoch 46/150 | Train Loss: 0.0268 | Epoch Time: 0.50s | Spearman@80: 0.9228 | Kendall@80: 0.7766
Epoch 47/150 | Train Loss: 0.0230 | Epoch Time: 0.50s | Spearman@80: 0.9284 | Kendall@80: 0.7873
Epoch 48/150 | Train Loss: 0.0233 | Epoch Time: 0.49s | Spearman@80: 0.9265 | Kendall@80: 0.7890
Epoch 49/150 | Train Loss: 0.0282 | Epoch Time: 0.49s | Spearman@80: 0.9290 | Kendall@80: 0.7840
Epoch 50/150 | Train Loss: 0.0231 | Epoch Time: 0.49s | Spearman@80: 0.9251 | Kendall@80: 0.7840
Epoch 51/150 | Train Loss: 0.0215 | Epoch Time: 0.50s | Spearman@80: 0.9306 | Kendall@80: 0.7909
Epoch 52/150 | Train Loss: 0.0188 | Epoch Time: 0.49s | Spearman@80: 0.9265 | Kendall@80: 0.7861
Epoch 53/150 | Train Loss: 0.0241 | Epoch Time: 0.50s | Spearman@80: 0.9266 | Kendall@80: 0.7791
Epoch 54/150 | Train Loss: 0.0240 | Epoch Time: 0.49s | Spearman@80: 0.9236 | Kendall@80: 0.7812
Epoch 55/150 | Train Loss: 0.0253 | Epoch Time: 0.50s | Spearman@80: 0.9403 | Kendall@80: 0.8020
Epoch 56/150 | Train Loss: 0.0296 | Epoch Time: 0.49s | Spearman@80: 0.9044 | Kendall@80: 0.7429
Epoch 57/150 | Train Loss: 0.0275 | Epoch Time: 0.49s | Spearman@80: 0.9157 | Kendall@80: 0.7645
Epoch 58/150 | Train Loss: 0.0282 | Epoch Time: 0.50s | Spearman@80: 0.9025 | Kendall@80: 0.7487
Epoch 59/150 | Train Loss: 0.0237 | Epoch Time: 0.50s | Spearman@80: 0.9300 | Kendall@80: 0.7880
Epoch 60/150 | Train Loss: 0.0261 | Epoch Time: 0.50s | Spearman@80: 0.9262 | Kendall@80: 0.7876
Epoch 61/150 | Train Loss: 0.0259 | Epoch Time: 0.49s | Spearman@80: 0.9046 | Kendall@80: 0.7525
Epoch 62/150 | Train Loss: 0.0261 | Epoch Time: 0.50s | Spearman@80: 0.9164 | Kendall@80: 0.7622
Epoch 63/150 | Train Loss: 0.0294 | Epoch Time: 0.50s | Spearman@80: 0.9390 | Kendall@80: 0.8085
Epoch 64/150 | Train Loss: 0.0228 | Epoch Time: 0.49s | Spearman@80: 0.9275 | Kendall@80: 0.7909
Epoch 65/150 | Train Loss: 0.0239 | Epoch Time: 0.50s | Spearman@80: 0.9128 | Kendall@80: 0.7571
Epoch 66/150 | Train Loss: 0.0217 | Epoch Time: 0.50s | Spearman@80: 0.9309 | Kendall@80: 0.7956
Epoch 67/150 | Train Loss: 0.0186 | Epoch Time: 0.50s | Spearman@80: 0.9313 | Kendall@80: 0.7971
Epoch 68/150 | Train Loss: 0.0233 | Epoch Time: 0.49s | Spearman@80: 0.9255 | Kendall@80: 0.7817
Epoch 69/150 | Train Loss: 0.0228 | Epoch Time: 0.50s | Spearman@80: 0.9320 | Kendall@80: 0.7981
Epoch 70/150 | Train Loss: 0.0244 | Epoch Time: 0.50s | Spearman@80: 0.9264 | Kendall@80: 0.7939
Epoch 71/150 | Train Loss: 0.0229 | Epoch Time: 0.50s | Spearman@80: 0.9222 | Kendall@80: 0.7783
Epoch 72/150 | Train Loss: 0.0212 | Epoch Time: 0.50s | Spearman@80: 0.9304 | Kendall@80: 0.7926
Epoch 73/150 | Train Loss: 0.0206 | Epoch Time: 0.49s | Spearman@80: 0.9350 | Kendall@80: 0.7981
Epoch 74/150 | Train Loss: 0.0183 | Epoch Time: 0.50s | Spearman@80: 0.9342 | Kendall@80: 0.7977
Epoch 75/150 | Train Loss: 0.0223 | Epoch Time: 0.50s | Spearman@80: 0.9327 | Kendall@80: 0.7924
Epoch 76/150 | Train Loss: 0.0192 | Epoch Time: 0.49s | Spearman@80: 0.9373 | Kendall@80: 0.8022
Epoch 77/150 | Train Loss: 0.0200 | Epoch Time: 0.50s | Spearman@80: 0.9370 | Kendall@80: 0.8015
Epoch 78/150 | Train Loss: 0.0200 | Epoch Time: 0.50s | Spearman@80: 0.9353 | Kendall@80: 0.7983
Epoch 79/150 | Train Loss: 0.0176 | Epoch Time: 0.50s | Spearman@80: 0.9315 | Kendall@80: 0.7963
Epoch 80/150 | Train Loss: 0.0200 | Epoch Time: 0.50s | Spearman@80: 0.9256 | Kendall@80: 0.7802
Epoch 81/150 | Train Loss: 0.0298 | Epoch Time: 0.49s | Spearman@80: 0.9326 | Kendall@80: 0.7928
Epoch 82/150 | Train Loss: 0.0195 | Epoch Time: 0.50s | Spearman@80: 0.9354 | Kendall@80: 0.7984
Epoch 83/150 | Train Loss: 0.0244 | Epoch Time: 0.49s | Spearman@80: 0.9323 | Kendall@80: 0.7914
Epoch 84/150 | Train Loss: 0.0275 | Epoch Time: 0.50s | Spearman@80: 0.9216 | Kendall@80: 0.7747
Epoch 85/150 | Train Loss: 0.0213 | Epoch Time: 0.49s | Spearman@80: 0.9367 | Kendall@80: 0.8013
Epoch 86/150 | Train Loss: 0.0182 | Epoch Time: 0.49s | Spearman@80: 0.9302 | Kendall@80: 0.7926
Epoch 87/150 | Train Loss: 0.0196 | Epoch Time: 0.50s | Spearman@80: 0.9272 | Kendall@80: 0.7901
Epoch 88/150 | Train Loss: 0.0170 | Epoch Time: 0.50s | Spearman@80: 0.9250 | Kendall@80: 0.7857
Epoch 89/150 | Train Loss: 0.0174 | Epoch Time: 0.50s | Spearman@80: 0.9348 | Kendall@80: 0.8021
Epoch 90/150 | Train Loss: 0.0166 | Epoch Time: 0.50s | Spearman@80: 0.9436 | Kendall@80: 0.8165
Epoch 91/150 | Train Loss: 0.0188 | Epoch Time: 0.50s | Spearman@80: 0.9466 | Kendall@80: 0.8210
Epoch 92/150 | Train Loss: 0.0185 | Epoch Time: 0.50s | Spearman@80: 0.9351 | Kendall@80: 0.7939
Epoch 93/150 | Train Loss: 0.0245 | Epoch Time: 0.50s | Spearman@80: 0.9310 | Kendall@80: 0.7925
Epoch 94/150 | Train Loss: 0.0192 | Epoch Time: 0.50s | Spearman@80: 0.9336 | Kendall@80: 0.7994
Epoch 95/150 | Train Loss: 0.0181 | Epoch Time: 0.50s | Spearman@80: 0.9482 | Kendall@80: 0.8212
Epoch 96/150 | Train Loss: 0.0171 | Epoch Time: 0.50s | Spearman@80: 0.9447 | Kendall@80: 0.8180
Epoch 97/150 | Train Loss: 0.0159 | Epoch Time: 0.50s | Spearman@80: 0.9398 | Kendall@80: 0.8066
Epoch 98/150 | Train Loss: 0.0222 | Epoch Time: 0.50s | Spearman@80: 0.9430 | Kendall@80: 0.8117
Epoch 99/150 | Train Loss: 0.0187 | Epoch Time: 0.50s | Spearman@80: 0.9508 | Kendall@80: 0.8267
Epoch 100/150 | Train Loss: 0.0181 | Epoch Time: 0.50s | Spearman@80: 0.9543 | Kendall@80: 0.8292
Epoch 101/150 | Train Loss: 0.0203 | Epoch Time: 0.50s | Spearman@80: 0.9437 | Kendall@80: 0.8127
Epoch 102/150 | Train Loss: 0.0237 | Epoch Time: 0.49s | Spearman@80: 0.9483 | Kendall@80: 0.8197
Epoch 103/150 | Train Loss: 0.0167 | Epoch Time: 0.50s | Spearman@80: 0.9446 | Kendall@80: 0.8142
Epoch 104/150 | Train Loss: 0.0176 | Epoch Time: 0.50s | Spearman@80: 0.9475 | Kendall@80: 0.8185
Epoch 105/150 | Train Loss: 0.0191 | Epoch Time: 0.50s | Spearman@80: 0.9406 | Kendall@80: 0.8136
Epoch 106/150 | Train Loss: 0.0185 | Epoch Time: 0.50s | Spearman@80: 0.9394 | Kendall@80: 0.8098
Epoch 107/150 | Train Loss: 0.0174 | Epoch Time: 0.49s | Spearman@80: 0.9373 | Kendall@80: 0.8087
Epoch 108/150 | Train Loss: 0.0173 | Epoch Time: 0.50s | Spearman@80: 0.9449 | Kendall@80: 0.8172
Epoch 109/150 | Train Loss: 0.0153 | Epoch Time: 0.49s | Spearman@80: 0.9451 | Kendall@80: 0.8172
Epoch 110/150 | Train Loss: 0.0165 | Epoch Time: 0.49s | Spearman@80: 0.9484 | Kendall@80: 0.8263
Epoch 111/150 | Train Loss: 0.0150 | Epoch Time: 0.49s | Spearman@80: 0.9493 | Kendall@80: 0.8282
Epoch 112/150 | Train Loss: 0.0198 | Epoch Time: 0.49s | Spearman@80: 0.9450 | Kendall@80: 0.8185
Epoch 113/150 | Train Loss: 0.0194 | Epoch Time: 0.50s | Spearman@80: 0.9449 | Kendall@80: 0.8178
Epoch 114/150 | Train Loss: 0.0157 | Epoch Time: 0.50s | Spearman@80: 0.9417 | Kendall@80: 0.8127
Epoch 115/150 | Train Loss: 0.0136 | Epoch Time: 0.50s | Spearman@80: 0.9392 | Kendall@80: 0.8095
Epoch 116/150 | Train Loss: 0.0158 | Epoch Time: 0.50s | Spearman@80: 0.9383 | Kendall@80: 0.8100
Epoch 117/150 | Train Loss: 0.0172 | Epoch Time: 0.50s | Spearman@80: 0.9352 | Kendall@80: 0.8020
Epoch 118/150 | Train Loss: 0.0169 | Epoch Time: 0.50s | Spearman@80: 0.9387 | Kendall@80: 0.8085
Epoch 119/150 | Train Loss: 0.0138 | Epoch Time: 0.50s | Spearman@80: 0.9438 | Kendall@80: 0.8129
Epoch 120/150 | Train Loss: 0.0171 | Epoch Time: 0.50s | Spearman@80: 0.9396 | Kendall@80: 0.8060
Epoch 121/150 | Train Loss: 0.0171 | Epoch Time: 0.50s | Spearman@80: 0.9480 | Kendall@80: 0.8203
Epoch 122/150 | Train Loss: 0.0130 | Epoch Time: 0.50s | Spearman@80: 0.9503 | Kendall@80: 0.8294
Epoch 123/150 | Train Loss: 0.0177 | Epoch Time: 0.50s | Spearman@80: 0.9539 | Kendall@80: 0.8328
Epoch 124/150 | Train Loss: 0.0120 | Epoch Time: 0.48s | Spearman@80: 0.9521 | Kendall@80: 0.8258
Epoch 125/150 | Train Loss: 0.0130 | Epoch Time: 0.48s | Spearman@80: 0.9508 | Kendall@80: 0.8252
Epoch 126/150 | Train Loss: 0.0170 | Epoch Time: 0.49s | Spearman@80: 0.9496 | Kendall@80: 0.8242
Epoch 127/150 | Train Loss: 0.0137 | Epoch Time: 0.48s | Spearman@80: 0.9493 | Kendall@80: 0.8204
Epoch 128/150 | Train Loss: 0.0133 | Epoch Time: 0.48s | Spearman@80: 0.9489 | Kendall@80: 0.8220
Epoch 129/150 | Train Loss: 0.0162 | Epoch Time: 0.49s | Spearman@80: 0.9503 | Kendall@80: 0.8245
Epoch 130/150 | Train Loss: 0.0190 | Epoch Time: 0.49s | Spearman@80: 0.9518 | Kendall@80: 0.8282
Epoch 131/150 | Train Loss: 0.0170 | Epoch Time: 0.48s | Spearman@80: 0.9510 | Kendall@80: 0.8256
Epoch 132/150 | Train Loss: 0.0164 | Epoch Time: 0.48s | Spearman@80: 0.9475 | Kendall@80: 0.8204
Epoch 133/150 | Train Loss: 0.0163 | Epoch Time: 0.49s | Spearman@80: 0.9506 | Kendall@80: 0.8254
Epoch 134/150 | Train Loss: 0.0185 | Epoch Time: 0.49s | Spearman@80: 0.9484 | Kendall@80: 0.8218
Epoch 135/150 | Train Loss: 0.0123 | Epoch Time: 0.49s | Spearman@80: 0.9482 | Kendall@80: 0.8207
Epoch 136/150 | Train Loss: 0.0144 | Epoch Time: 0.49s | Spearman@80: 0.9483 | Kendall@80: 0.8254
Epoch 137/150 | Train Loss: 0.0135 | Epoch Time: 0.48s | Spearman@80: 0.9511 | Kendall@80: 0.8250
Epoch 138/150 | Train Loss: 0.0098 | Epoch Time: 0.49s | Spearman@80: 0.9482 | Kendall@80: 0.8236
Epoch 139/150 | Train Loss: 0.0176 | Epoch Time: 0.49s | Spearman@80: 0.9480 | Kendall@80: 0.8220
Epoch 140/150 | Train Loss: 0.0151 | Epoch Time: 0.49s | Spearman@80: 0.9502 | Kendall@80: 0.8254
Epoch 141/150 | Train Loss: 0.0160 | Epoch Time: 0.48s | Spearman@80: 0.9453 | Kendall@80: 0.8174
Epoch 142/150 | Train Loss: 0.0132 | Epoch Time: 0.49s | Spearman@80: 0.9496 | Kendall@80: 0.8235
Epoch 143/150 | Train Loss: 0.0171 | Epoch Time: 0.49s | Spearman@80: 0.9467 | Kendall@80: 0.8224
Epoch 144/150 | Train Loss: 0.0137 | Epoch Time: 0.49s | Spearman@80: 0.9494 | Kendall@80: 0.8264
Epoch 145/150 | Train Loss: 0.0150 | Epoch Time: 0.48s | Spearman@80: 0.9454 | Kendall@80: 0.8199
Epoch 146/150 | Train Loss: 0.0124 | Epoch Time: 0.49s | Spearman@80: 0.9437 | Kendall@80: 0.8190
Epoch 147/150 | Train Loss: 0.0148 | Epoch Time: 1.67s | Spearman@15496: 0.9477 | Kendall@15496: 0.8199
Epoch 148/150 | Train Loss: 0.0129 | Epoch Time: 1.46s | Spearman@15496: 0.9475 | Kendall@15496: 0.8198
Epoch 149/150 | Train Loss: 0.0162 | Epoch Time: 1.46s | Spearman@15496: 0.9467 | Kendall@15496: 0.8187
Epoch 150/150 | Train Loss: 0.0145 | Epoch Time: 1.45s | Spearman@15496: 0.9473 | Kendall@15496: 0.8185
Sample Count: 128, Spearman: 0.9473008371548977, Kendall: 0.8192515070815016
{64: (0.9132575729065527, 0.7722828556604926),
 128: (0.9473008371548977, 0.8192515070815016)}
Epoch 1/150 | Train Loss: 0.0987 | Epoch Time: 0.23s | Spearman@80: 0.5234 | Kendall@80: 0.3666
Epoch 2/150 | Train Loss: 0.0808 | Epoch Time: 0.22s | Spearman@80: 0.5428 | Kendall@80: 0.3822
Epoch 3/150 | Train Loss: 0.0491 | Epoch Time: 0.22s | Spearman@80: 0.8429 | Kendall@80: 0.6464
Epoch 4/150 | Train Loss: 0.0410 | Epoch Time: 0.22s | Spearman@80: 0.8574 | Kendall@80: 0.6629
Epoch 5/150 | Train Loss: 0.0350 | Epoch Time: 0.24s | Spearman@80: 0.8118 | Kendall@80: 0.6140
Epoch 6/150 | Train Loss: 0.0376 | Epoch Time: 0.25s | Spearman@80: 0.8367 | Kendall@80: 0.6533
Epoch 7/150 | Train Loss: 0.0280 | Epoch Time: 0.24s | Spearman@80: 0.8629 | Kendall@80: 0.6736
Epoch 8/150 | Train Loss: 0.0350 | Epoch Time: 0.25s | Spearman@80: 0.8249 | Kendall@80: 0.6457
Epoch 9/150 | Train Loss: 0.0382 | Epoch Time: 0.25s | Spearman@80: 0.8881 | Kendall@80: 0.7261
Epoch 10/150 | Train Loss: 0.0257 | Epoch Time: 0.25s | Spearman@80: 0.8963 | Kendall@80: 0.7343
Epoch 11/150 | Train Loss: 0.0338 | Epoch Time: 0.24s | Spearman@80: 0.9111 | Kendall@80: 0.7510
Epoch 12/150 | Train Loss: 0.0367 | Epoch Time: 0.25s | Spearman@80: 0.8467 | Kendall@80: 0.6610
Epoch 13/150 | Train Loss: 0.0370 | Epoch Time: 0.25s | Spearman@80: 0.8826 | Kendall@80: 0.7159
Epoch 14/150 | Train Loss: 0.0248 | Epoch Time: 0.25s | Spearman@80: 0.8903 | Kendall@80: 0.7267
Epoch 15/150 | Train Loss: 0.0196 | Epoch Time: 0.25s | Spearman@80: 0.8961 | Kendall@80: 0.7388
Epoch 16/150 | Train Loss: 0.0255 | Epoch Time: 0.25s | Spearman@80: 0.9032 | Kendall@80: 0.7377
Epoch 17/150 | Train Loss: 0.0300 | Epoch Time: 0.24s | Spearman@80: 0.9028 | Kendall@80: 0.7422
Epoch 18/150 | Train Loss: 0.0221 | Epoch Time: 0.25s | Spearman@80: 0.9152 | Kendall@80: 0.7599
Epoch 19/150 | Train Loss: 0.0221 | Epoch Time: 0.24s | Spearman@80: 0.8703 | Kendall@80: 0.7098
Epoch 20/150 | Train Loss: 0.0325 | Epoch Time: 0.25s | Spearman@80: 0.9070 | Kendall@80: 0.7584
Epoch 21/150 | Train Loss: 0.0286 | Epoch Time: 0.25s | Spearman@80: 0.8899 | Kendall@80: 0.7299
Epoch 22/150 | Train Loss: 0.0310 | Epoch Time: 0.25s | Spearman@80: 0.8939 | Kendall@80: 0.7390
Epoch 23/150 | Train Loss: 0.0304 | Epoch Time: 0.25s | Spearman@80: 0.9069 | Kendall@80: 0.7529
Epoch 24/150 | Train Loss: 0.0326 | Epoch Time: 0.25s | Spearman@80: 0.8878 | Kendall@80: 0.7231
Epoch 25/150 | Train Loss: 0.0228 | Epoch Time: 0.25s | Spearman@80: 0.8959 | Kendall@80: 0.7301
Epoch 26/150 | Train Loss: 0.0301 | Epoch Time: 0.25s | Spearman@80: 0.9073 | Kendall@80: 0.7572
Epoch 27/150 | Train Loss: 0.0220 | Epoch Time: 0.24s | Spearman@80: 0.9005 | Kendall@80: 0.7460
Epoch 28/150 | Train Loss: 0.0277 | Epoch Time: 0.24s | Spearman@80: 0.8974 | Kendall@80: 0.7447
Epoch 29/150 | Train Loss: 0.0189 | Epoch Time: 0.25s | Spearman@80: 0.8972 | Kendall@80: 0.7402
Epoch 30/150 | Train Loss: 0.0212 | Epoch Time: 0.25s | Spearman@80: 0.8798 | Kendall@80: 0.7077
Epoch 31/150 | Train Loss: 0.0341 | Epoch Time: 0.25s | Spearman@80: 0.9080 | Kendall@80: 0.7567
Epoch 32/150 | Train Loss: 0.0220 | Epoch Time: 0.25s | Spearman@80: 0.9163 | Kendall@80: 0.7635
Epoch 33/150 | Train Loss: 0.0250 | Epoch Time: 0.25s | Spearman@80: 0.9086 | Kendall@80: 0.7542
Epoch 34/150 | Train Loss: 0.0250 | Epoch Time: 0.25s | Spearman@80: 0.9078 | Kendall@80: 0.7580
Epoch 35/150 | Train Loss: 0.0323 | Epoch Time: 0.24s | Spearman@80: 0.9108 | Kendall@80: 0.7612
Epoch 36/150 | Train Loss: 0.0177 | Epoch Time: 0.24s | Spearman@80: 0.9148 | Kendall@80: 0.7623
Epoch 37/150 | Train Loss: 0.0150 | Epoch Time: 0.25s | Spearman@80: 0.9081 | Kendall@80: 0.7565
Epoch 38/150 | Train Loss: 0.0185 | Epoch Time: 0.25s | Spearman@80: 0.9079 | Kendall@80: 0.7593
Epoch 39/150 | Train Loss: 0.0218 | Epoch Time: 0.25s | Spearman@80: 0.9135 | Kendall@80: 0.7688
Epoch 40/150 | Train Loss: 0.0252 | Epoch Time: 0.25s | Spearman@80: 0.9072 | Kendall@80: 0.7644
Epoch 41/150 | Train Loss: 0.0217 | Epoch Time: 0.25s | Spearman@80: 0.9119 | Kendall@80: 0.7661
Epoch 42/150 | Train Loss: 0.0219 | Epoch Time: 0.25s | Spearman@80: 0.9086 | Kendall@80: 0.7565
Epoch 43/150 | Train Loss: 0.0197 | Epoch Time: 0.25s | Spearman@80: 0.9096 | Kendall@80: 0.7536
Epoch 44/150 | Train Loss: 0.0245 | Epoch Time: 0.25s | Spearman@80: 0.9208 | Kendall@80: 0.7781
Epoch 45/150 | Train Loss: 0.0177 | Epoch Time: 0.25s | Spearman@80: 0.9099 | Kendall@80: 0.7584
Epoch 46/150 | Train Loss: 0.0240 | Epoch Time: 0.25s | Spearman@80: 0.8965 | Kendall@80: 0.7371
Epoch 47/150 | Train Loss: 0.0188 | Epoch Time: 0.23s | Spearman@80: 0.9123 | Kendall@80: 0.7648
Epoch 48/150 | Train Loss: 0.0188 | Epoch Time: 0.25s | Spearman@80: 0.9105 | Kendall@80: 0.7604
Epoch 49/150 | Train Loss: 0.0266 | Epoch Time: 0.25s | Spearman@80: 0.8972 | Kendall@80: 0.7345
Epoch 50/150 | Train Loss: 0.0153 | Epoch Time: 0.25s | Spearman@80: 0.9108 | Kendall@80: 0.7523
Epoch 51/150 | Train Loss: 0.0190 | Epoch Time: 0.25s | Spearman@80: 0.9100 | Kendall@80: 0.7548
Epoch 52/150 | Train Loss: 0.0155 | Epoch Time: 0.25s | Spearman@80: 0.9228 | Kendall@80: 0.7713
Epoch 53/150 | Train Loss: 0.0137 | Epoch Time: 0.24s | Spearman@80: 0.9192 | Kendall@80: 0.7637
Epoch 54/150 | Train Loss: 0.0189 | Epoch Time: 0.24s | Spearman@80: 0.9118 | Kendall@80: 0.7623
Epoch 55/150 | Train Loss: 0.0202 | Epoch Time: 0.24s | Spearman@80: 0.9079 | Kendall@80: 0.7542
Epoch 56/150 | Train Loss: 0.0202 | Epoch Time: 0.24s | Spearman@80: 0.9159 | Kendall@80: 0.7699
Epoch 57/150 | Train Loss: 0.0208 | Epoch Time: 0.23s | Spearman@80: 0.9236 | Kendall@80: 0.7777
Epoch 58/150 | Train Loss: 0.0177 | Epoch Time: 0.24s | Spearman@80: 0.9261 | Kendall@80: 0.7775
Epoch 59/150 | Train Loss: 0.0274 | Epoch Time: 0.24s | Spearman@80: 0.9217 | Kendall@80: 0.7864
Epoch 60/150 | Train Loss: 0.0153 | Epoch Time: 0.24s | Spearman@80: 0.9202 | Kendall@80: 0.7749
Epoch 61/150 | Train Loss: 0.0203 | Epoch Time: 0.25s | Spearman@80: 0.9226 | Kendall@80: 0.7808
Epoch 62/150 | Train Loss: 0.0160 | Epoch Time: 0.25s | Spearman@80: 0.9205 | Kendall@80: 0.7739
Epoch 63/150 | Train Loss: 0.0160 | Epoch Time: 0.25s | Spearman@80: 0.9108 | Kendall@80: 0.7591
Epoch 64/150 | Train Loss: 0.0157 | Epoch Time: 0.25s | Spearman@80: 0.9221 | Kendall@80: 0.7787
Epoch 65/150 | Train Loss: 0.0194 | Epoch Time: 0.25s | Spearman@80: 0.9107 | Kendall@80: 0.7567
Epoch 66/150 | Train Loss: 0.0137 | Epoch Time: 0.25s | Spearman@80: 0.9101 | Kendall@80: 0.7561
Epoch 67/150 | Train Loss: 0.0185 | Epoch Time: 0.25s | Spearman@80: 0.9052 | Kendall@80: 0.7504
Epoch 68/150 | Train Loss: 0.0194 | Epoch Time: 0.25s | Spearman@80: 0.9126 | Kendall@80: 0.7644
Epoch 69/150 | Train Loss: 0.0164 | Epoch Time: 0.25s | Spearman@80: 0.9082 | Kendall@80: 0.7553
Epoch 70/150 | Train Loss: 0.0193 | Epoch Time: 0.25s | Spearman@80: 0.9217 | Kendall@80: 0.7768
Epoch 71/150 | Train Loss: 0.0148 | Epoch Time: 0.25s | Spearman@80: 0.9260 | Kendall@80: 0.7802
Epoch 72/150 | Train Loss: 0.0230 | Epoch Time: 0.25s | Spearman@80: 0.9114 | Kendall@80: 0.7546
Epoch 73/150 | Train Loss: 0.0197 | Epoch Time: 0.25s | Spearman@80: 0.9192 | Kendall@80: 0.7663
Epoch 74/150 | Train Loss: 0.0140 | Epoch Time: 0.25s | Spearman@80: 0.9323 | Kendall@80: 0.7984
Epoch 75/150 | Train Loss: 0.0203 | Epoch Time: 0.25s | Spearman@80: 0.9301 | Kendall@80: 0.7872
Epoch 76/150 | Train Loss: 0.0202 | Epoch Time: 0.25s | Spearman@80: 0.9302 | Kendall@80: 0.7815
Epoch 77/150 | Train Loss: 0.0233 | Epoch Time: 0.25s | Spearman@80: 0.9263 | Kendall@80: 0.7777
Epoch 78/150 | Train Loss: 0.0160 | Epoch Time: 0.25s | Spearman@80: 0.9405 | Kendall@80: 0.8105
Epoch 79/150 | Train Loss: 0.0164 | Epoch Time: 0.25s | Spearman@80: 0.9266 | Kendall@80: 0.7921
Epoch 80/150 | Train Loss: 0.0141 | Epoch Time: 0.25s | Spearman@80: 0.9304 | Kendall@80: 0.7904
Epoch 81/150 | Train Loss: 0.0231 | Epoch Time: 0.25s | Spearman@80: 0.9087 | Kendall@80: 0.7605
Epoch 82/150 | Train Loss: 0.0280 | Epoch Time: 0.25s | Spearman@80: 0.9044 | Kendall@80: 0.7504
Epoch 83/150 | Train Loss: 0.0248 | Epoch Time: 0.25s | Spearman@80: 0.9187 | Kendall@80: 0.7661
Epoch 84/150 | Train Loss: 0.0178 | Epoch Time: 0.25s | Spearman@80: 0.9236 | Kendall@80: 0.7756
Epoch 85/150 | Train Loss: 0.0150 | Epoch Time: 0.25s | Spearman@80: 0.9233 | Kendall@80: 0.7762
Epoch 86/150 | Train Loss: 0.0142 | Epoch Time: 0.25s | Spearman@80: 0.9236 | Kendall@80: 0.7737
Epoch 87/150 | Train Loss: 0.0138 | Epoch Time: 0.25s | Spearman@80: 0.9219 | Kendall@80: 0.7713
Epoch 88/150 | Train Loss: 0.0108 | Epoch Time: 0.25s | Spearman@80: 0.9281 | Kendall@80: 0.7838
Epoch 89/150 | Train Loss: 0.0151 | Epoch Time: 0.25s | Spearman@80: 0.9316 | Kendall@80: 0.7965
Epoch 90/150 | Train Loss: 0.0142 | Epoch Time: 0.25s | Spearman@80: 0.9389 | Kendall@80: 0.8092
Epoch 91/150 | Train Loss: 0.0155 | Epoch Time: 0.25s | Spearman@80: 0.9390 | Kendall@80: 0.8067
Epoch 92/150 | Train Loss: 0.0133 | Epoch Time: 0.25s | Spearman@80: 0.9360 | Kendall@80: 0.7980
Epoch 93/150 | Train Loss: 0.0151 | Epoch Time: 0.25s | Spearman@80: 0.9348 | Kendall@80: 0.7986
Epoch 94/150 | Train Loss: 0.0113 | Epoch Time: 0.25s | Spearman@80: 0.9404 | Kendall@80: 0.8105
Epoch 95/150 | Train Loss: 0.0148 | Epoch Time: 0.25s | Spearman@80: 0.9341 | Kendall@80: 0.7971
Epoch 96/150 | Train Loss: 0.0161 | Epoch Time: 0.25s | Spearman@80: 0.9341 | Kendall@80: 0.7967
Epoch 97/150 | Train Loss: 0.0197 | Epoch Time: 0.25s | Spearman@80: 0.9370 | Kendall@80: 0.8037
Epoch 98/150 | Train Loss: 0.0084 | Epoch Time: 0.25s | Spearman@80: 0.9342 | Kendall@80: 0.7984
Epoch 99/150 | Train Loss: 0.0142 | Epoch Time: 0.25s | Spearman@80: 0.9335 | Kendall@80: 0.7935
Epoch 100/150 | Train Loss: 0.0155 | Epoch Time: 0.25s | Spearman@80: 0.9348 | Kendall@80: 0.7997
Epoch 101/150 | Train Loss: 0.0105 | Epoch Time: 0.25s | Spearman@80: 0.9352 | Kendall@80: 0.7997
Epoch 102/150 | Train Loss: 0.0116 | Epoch Time: 0.25s | Spearman@80: 0.9393 | Kendall@80: 0.8079
Epoch 103/150 | Train Loss: 0.0141 | Epoch Time: 0.25s | Spearman@80: 0.9415 | Kendall@80: 0.8124
Epoch 104/150 | Train Loss: 0.0105 | Epoch Time: 0.25s | Spearman@80: 0.9382 | Kendall@80: 0.8029
Epoch 105/150 | Train Loss: 0.0161 | Epoch Time: 0.25s | Spearman@80: 0.9353 | Kendall@80: 0.7971
Epoch 106/150 | Train Loss: 0.0141 | Epoch Time: 0.25s | Spearman@80: 0.9275 | Kendall@80: 0.7908
Epoch 107/150 | Train Loss: 0.0135 | Epoch Time: 0.25s | Spearman@80: 0.9369 | Kendall@80: 0.8029
Epoch 108/150 | Train Loss: 0.0114 | Epoch Time: 0.25s | Spearman@80: 0.9387 | Kendall@80: 0.8041
Epoch 109/150 | Train Loss: 0.0171 | Epoch Time: 0.25s | Spearman@80: 0.9414 | Kendall@80: 0.8136
Epoch 110/150 | Train Loss: 0.0156 | Epoch Time: 0.25s | Spearman@80: 0.9392 | Kendall@80: 0.8086
Epoch 111/150 | Train Loss: 0.0175 | Epoch Time: 0.25s | Spearman@80: 0.9401 | Kendall@80: 0.8100
Epoch 112/150 | Train Loss: 0.0152 | Epoch Time: 0.25s | Spearman@80: 0.9349 | Kendall@80: 0.7984
Epoch 113/150 | Train Loss: 0.0122 | Epoch Time: 0.25s | Spearman@80: 0.9424 | Kendall@80: 0.8155
Epoch 114/150 | Train Loss: 0.0124 | Epoch Time: 0.25s | Spearman@80: 0.9415 | Kendall@80: 0.8157
Epoch 115/150 | Train Loss: 0.0094 | Epoch Time: 0.25s | Spearman@80: 0.9417 | Kendall@80: 0.8157
Epoch 116/150 | Train Loss: 0.0109 | Epoch Time: 0.25s | Spearman@80: 0.9363 | Kendall@80: 0.8048
Epoch 117/150 | Train Loss: 0.0103 | Epoch Time: 0.25s | Spearman@80: 0.9364 | Kendall@80: 0.8075
Epoch 118/150 | Train Loss: 0.0081 | Epoch Time: 0.25s | Spearman@80: 0.9432 | Kendall@80: 0.8221
Epoch 119/150 | Train Loss: 0.0089 | Epoch Time: 0.24s | Spearman@80: 0.9458 | Kendall@80: 0.8257
Epoch 120/150 | Train Loss: 0.0123 | Epoch Time: 0.25s | Spearman@80: 0.9440 | Kendall@80: 0.8221
Epoch 121/150 | Train Loss: 0.0107 | Epoch Time: 0.25s | Spearman@80: 0.9438 | Kendall@80: 0.8213
Epoch 122/150 | Train Loss: 0.0121 | Epoch Time: 0.25s | Spearman@80: 0.9425 | Kendall@80: 0.8170
Epoch 123/150 | Train Loss: 0.0125 | Epoch Time: 0.25s | Spearman@80: 0.9372 | Kendall@80: 0.8049
Epoch 124/150 | Train Loss: 0.0112 | Epoch Time: 0.25s | Spearman@80: 0.9402 | Kendall@80: 0.8105
Epoch 125/150 | Train Loss: 0.0133 | Epoch Time: 0.25s | Spearman@80: 0.9412 | Kendall@80: 0.8098
Epoch 126/150 | Train Loss: 0.0076 | Epoch Time: 0.26s | Spearman@80: 0.9414 | Kendall@80: 0.8113
Epoch 127/150 | Train Loss: 0.0109 | Epoch Time: 0.25s | Spearman@80: 0.9436 | Kendall@80: 0.8155
Epoch 128/150 | Train Loss: 0.0097 | Epoch Time: 0.25s | Spearman@80: 0.9404 | Kendall@80: 0.8111
Epoch 129/150 | Train Loss: 0.0183 | Epoch Time: 0.25s | Spearman@80: 0.9430 | Kendall@80: 0.8138
Epoch 130/150 | Train Loss: 0.0102 | Epoch Time: 0.25s | Spearman@80: 0.9414 | Kendall@80: 0.8105
Epoch 131/150 | Train Loss: 0.0131 | Epoch Time: 0.25s | Spearman@80: 0.9420 | Kendall@80: 0.8145
Epoch 132/150 | Train Loss: 0.0087 | Epoch Time: 0.25s | Spearman@80: 0.9432 | Kendall@80: 0.8149
Epoch 133/150 | Train Loss: 0.0134 | Epoch Time: 0.25s | Spearman@80: 0.9422 | Kendall@80: 0.8126
Epoch 134/150 | Train Loss: 0.0118 | Epoch Time: 0.25s | Spearman@80: 0.9447 | Kendall@80: 0.8183
Epoch 135/150 | Train Loss: 0.0100 | Epoch Time: 0.25s | Spearman@80: 0.9429 | Kendall@80: 0.8183
Epoch 136/150 | Train Loss: 0.0149 | Epoch Time: 0.25s | Spearman@80: 0.9422 | Kendall@80: 0.8149
Epoch 137/150 | Train Loss: 0.0090 | Epoch Time: 0.25s | Spearman@80: 0.9429 | Kendall@80: 0.8183
Epoch 138/150 | Train Loss: 0.0081 | Epoch Time: 0.25s | Spearman@80: 0.9435 | Kendall@80: 0.8176
Epoch 139/150 | Train Loss: 0.0091 | Epoch Time: 0.25s | Spearman@80: 0.9430 | Kendall@80: 0.8187
Epoch 140/150 | Train Loss: 0.0106 | Epoch Time: 0.25s | Spearman@80: 0.9462 | Kendall@80: 0.8244
Epoch 141/150 | Train Loss: 0.0124 | Epoch Time: 0.25s | Spearman@80: 0.9445 | Kendall@80: 0.8232
Epoch 142/150 | Train Loss: 0.0111 | Epoch Time: 0.25s | Spearman@80: 0.9442 | Kendall@80: 0.8202
Epoch 143/150 | Train Loss: 0.0143 | Epoch Time: 0.25s | Spearman@80: 0.9437 | Kendall@80: 0.8195
Epoch 144/150 | Train Loss: 0.0128 | Epoch Time: 0.25s | Spearman@80: 0.9442 | Kendall@80: 0.8194
Epoch 145/150 | Train Loss: 0.0130 | Epoch Time: 0.25s | Spearman@80: 0.9432 | Kendall@80: 0.8145
Epoch 146/150 | Train Loss: 0.0111 | Epoch Time: 0.25s | Spearman@80: 0.9432 | Kendall@80: 0.8176
Epoch 147/150 | Train Loss: 0.0162 | Epoch Time: 1.43s | Spearman@15560: 0.9332 | Kendall@15560: 0.7931
Epoch 148/150 | Train Loss: 0.0122 | Epoch Time: 1.25s | Spearman@15560: 0.9340 | Kendall@15560: 0.7944
Epoch 149/150 | Train Loss: 0.0109 | Epoch Time: 1.25s | Spearman@15560: 0.9334 | Kendall@15560: 0.7932
Epoch 150/150 | Train Loss: 0.0110 | Epoch Time: 1.25s | Spearman@15560: 0.9328 | Kendall@15560: 0.7928
Sample Count: 64, Spearman: 0.9333457414131275, Kendall: 0.793394373795541
{64: (0.9333457414131275, 0.793394373795541),
 128: (0.9473008371548977, 0.8192515070815016)}
Epoch 1/150 | Train Loss: 0.0898 | Epoch Time: 0.46s | Spearman@80: 0.5582 | Kendall@80: 0.3991
Epoch 2/150 | Train Loss: 0.0543 | Epoch Time: 0.46s | Spearman@80: 0.8335 | Kendall@80: 0.6586
Epoch 3/150 | Train Loss: 0.0459 | Epoch Time: 0.46s | Spearman@80: 0.8607 | Kendall@80: 0.6925
Epoch 4/150 | Train Loss: 0.0425 | Epoch Time: 0.50s | Spearman@80: 0.8652 | Kendall@80: 0.7033
Epoch 5/150 | Train Loss: 0.0415 | Epoch Time: 0.50s | Spearman@80: 0.9025 | Kendall@80: 0.7449
Epoch 6/150 | Train Loss: 0.0307 | Epoch Time: 0.50s | Spearman@80: 0.8341 | Kendall@80: 0.6703
Epoch 7/150 | Train Loss: 0.0345 | Epoch Time: 0.50s | Spearman@80: 0.8469 | Kendall@80: 0.6679
Epoch 8/150 | Train Loss: 0.0336 | Epoch Time: 0.50s | Spearman@80: 0.8294 | Kendall@80: 0.6690
Epoch 9/150 | Train Loss: 0.0361 | Epoch Time: 0.50s | Spearman@80: 0.8452 | Kendall@80: 0.6626
Epoch 10/150 | Train Loss: 0.0338 | Epoch Time: 0.50s | Spearman@80: 0.9273 | Kendall@80: 0.7826
Epoch 11/150 | Train Loss: 0.0343 | Epoch Time: 0.50s | Spearman@80: 0.9087 | Kendall@80: 0.7552
Epoch 12/150 | Train Loss: 0.0365 | Epoch Time: 0.49s | Spearman@80: 0.9199 | Kendall@80: 0.7711
Epoch 13/150 | Train Loss: 0.0261 | Epoch Time: 0.50s | Spearman@80: 0.8480 | Kendall@80: 0.6690
Epoch 14/150 | Train Loss: 0.0356 | Epoch Time: 0.50s | Spearman@80: 0.9101 | Kendall@80: 0.7567
Epoch 15/150 | Train Loss: 0.0338 | Epoch Time: 0.50s | Spearman@80: 0.9021 | Kendall@80: 0.7529
Epoch 16/150 | Train Loss: 0.0326 | Epoch Time: 0.50s | Spearman@80: 0.8642 | Kendall@80: 0.6802
Epoch 17/150 | Train Loss: 0.0339 | Epoch Time: 0.50s | Spearman@80: 0.9092 | Kendall@80: 0.7459
Epoch 18/150 | Train Loss: 0.0324 | Epoch Time: 0.50s | Spearman@80: 0.9112 | Kendall@80: 0.7485
Epoch 19/150 | Train Loss: 0.0350 | Epoch Time: 0.50s | Spearman@80: 0.9269 | Kendall@80: 0.7898
Epoch 20/150 | Train Loss: 0.0319 | Epoch Time: 0.50s | Spearman@80: 0.9085 | Kendall@80: 0.7567
Epoch 21/150 | Train Loss: 0.0306 | Epoch Time: 0.50s | Spearman@80: 0.8775 | Kendall@80: 0.6951
Epoch 22/150 | Train Loss: 0.0312 | Epoch Time: 0.50s | Spearman@80: 0.9287 | Kendall@80: 0.7746
Epoch 23/150 | Train Loss: 0.0307 | Epoch Time: 0.50s | Spearman@80: 0.9336 | Kendall@80: 0.7860
Epoch 24/150 | Train Loss: 0.0332 | Epoch Time: 0.50s | Spearman@80: 0.9012 | Kendall@80: 0.7447
Epoch 25/150 | Train Loss: 0.0304 | Epoch Time: 0.50s | Spearman@80: 0.9266 | Kendall@80: 0.7726
Epoch 26/150 | Train Loss: 0.0310 | Epoch Time: 0.50s | Spearman@80: 0.9000 | Kendall@80: 0.7413
Epoch 27/150 | Train Loss: 0.0327 | Epoch Time: 0.49s | Spearman@80: 0.9075 | Kendall@80: 0.7561
Epoch 28/150 | Train Loss: 0.0294 | Epoch Time: 0.50s | Spearman@80: 0.9096 | Kendall@80: 0.7567
Epoch 29/150 | Train Loss: 0.0320 | Epoch Time: 0.50s | Spearman@80: 0.9106 | Kendall@80: 0.7570
Epoch 30/150 | Train Loss: 0.0288 | Epoch Time: 0.50s | Spearman@80: 0.9204 | Kendall@80: 0.7637
Epoch 31/150 | Train Loss: 0.0278 | Epoch Time: 0.50s | Spearman@80: 0.9241 | Kendall@80: 0.7760
Epoch 32/150 | Train Loss: 0.0307 | Epoch Time: 0.49s | Spearman@80: 0.9113 | Kendall@80: 0.7645
Epoch 33/150 | Train Loss: 0.0317 | Epoch Time: 0.50s | Spearman@80: 0.8808 | Kendall@80: 0.7277
Epoch 34/150 | Train Loss: 0.0345 | Epoch Time: 0.50s | Spearman@80: 0.8881 | Kendall@80: 0.7231
Epoch 35/150 | Train Loss: 0.0320 | Epoch Time: 0.50s | Spearman@80: 0.9048 | Kendall@80: 0.7531
Epoch 36/150 | Train Loss: 0.0294 | Epoch Time: 0.50s | Spearman@80: 0.9144 | Kendall@80: 0.7726
Epoch 37/150 | Train Loss: 0.0250 | Epoch Time: 0.50s | Spearman@80: 0.9145 | Kendall@80: 0.7624
Epoch 38/150 | Train Loss: 0.0296 | Epoch Time: 0.50s | Spearman@80: 0.9137 | Kendall@80: 0.7637
Epoch 39/150 | Train Loss: 0.0322 | Epoch Time: 0.50s | Spearman@80: 0.9239 | Kendall@80: 0.7764
Epoch 40/150 | Train Loss: 0.0308 | Epoch Time: 0.50s | Spearman@80: 0.9215 | Kendall@80: 0.7678
Epoch 41/150 | Train Loss: 0.0361 | Epoch Time: 0.50s | Spearman@80: 0.9006 | Kendall@80: 0.7434
Epoch 42/150 | Train Loss: 0.0308 | Epoch Time: 0.50s | Spearman@80: 0.9217 | Kendall@80: 0.7726
Epoch 43/150 | Train Loss: 0.0261 | Epoch Time: 0.50s | Spearman@80: 0.8962 | Kendall@80: 0.7371
Epoch 44/150 | Train Loss: 0.0280 | Epoch Time: 0.50s | Spearman@80: 0.9071 | Kendall@80: 0.7482
Epoch 45/150 | Train Loss: 0.0299 | Epoch Time: 0.50s | Spearman@80: 0.9008 | Kendall@80: 0.7408
Epoch 46/150 | Train Loss: 0.0241 | Epoch Time: 0.49s | Spearman@80: 0.9141 | Kendall@80: 0.7609
Epoch 47/150 | Train Loss: 0.0289 | Epoch Time: 0.49s | Spearman@80: 0.9045 | Kendall@80: 0.7510
Epoch 48/150 | Train Loss: 0.0284 | Epoch Time: 0.49s | Spearman@80: 0.9069 | Kendall@80: 0.7493
Epoch 49/150 | Train Loss: 0.0290 | Epoch Time: 0.49s | Spearman@80: 0.9040 | Kendall@80: 0.7368
Epoch 50/150 | Train Loss: 0.0250 | Epoch Time: 0.50s | Spearman@80: 0.9219 | Kendall@80: 0.7599
Epoch 51/150 | Train Loss: 0.0283 | Epoch Time: 0.49s | Spearman@80: 0.9106 | Kendall@80: 0.7523
Epoch 52/150 | Train Loss: 0.0274 | Epoch Time: 0.49s | Spearman@80: 0.9169 | Kendall@80: 0.7665
Epoch 53/150 | Train Loss: 0.0308 | Epoch Time: 0.49s | Spearman@80: 0.9288 | Kendall@80: 0.7739
Epoch 54/150 | Train Loss: 0.0252 | Epoch Time: 0.50s | Spearman@80: 0.9087 | Kendall@80: 0.7544
Epoch 55/150 | Train Loss: 0.0297 | Epoch Time: 0.49s | Spearman@80: 0.9241 | Kendall@80: 0.7701
Epoch 56/150 | Train Loss: 0.0197 | Epoch Time: 0.49s | Spearman@80: 0.8945 | Kendall@80: 0.7383
Epoch 57/150 | Train Loss: 0.0267 | Epoch Time: 0.50s | Spearman@80: 0.9167 | Kendall@80: 0.7650
Epoch 58/150 | Train Loss: 0.0235 | Epoch Time: 0.50s | Spearman@80: 0.9044 | Kendall@80: 0.7487
Epoch 59/150 | Train Loss: 0.0311 | Epoch Time: 0.49s | Spearman@80: 0.9163 | Kendall@80: 0.7586
Epoch 60/150 | Train Loss: 0.0207 | Epoch Time: 0.49s | Spearman@80: 0.9146 | Kendall@80: 0.7665
Epoch 61/150 | Train Loss: 0.0256 | Epoch Time: 0.49s | Spearman@80: 0.9061 | Kendall@80: 0.7455
Epoch 62/150 | Train Loss: 0.0266 | Epoch Time: 0.49s | Spearman@80: 0.8871 | Kendall@80: 0.7326
Epoch 63/150 | Train Loss: 0.0204 | Epoch Time: 0.49s | Spearman@80: 0.9182 | Kendall@80: 0.7747
Epoch 64/150 | Train Loss: 0.0294 | Epoch Time: 0.49s | Spearman@80: 0.8815 | Kendall@80: 0.7345
Epoch 65/150 | Train Loss: 0.0283 | Epoch Time: 0.49s | Spearman@80: 0.9195 | Kendall@80: 0.7758
Epoch 66/150 | Train Loss: 0.0266 | Epoch Time: 0.49s | Spearman@80: 0.9203 | Kendall@80: 0.7661
Epoch 67/150 | Train Loss: 0.0241 | Epoch Time: 0.49s | Spearman@80: 0.9246 | Kendall@80: 0.7698
Epoch 68/150 | Train Loss: 0.0271 | Epoch Time: 0.49s | Spearman@80: 0.9187 | Kendall@80: 0.7727
Epoch 69/150 | Train Loss: 0.0263 | Epoch Time: 0.49s | Spearman@80: 0.9238 | Kendall@80: 0.7777
Epoch 70/150 | Train Loss: 0.0245 | Epoch Time: 0.49s | Spearman@80: 0.9063 | Kendall@80: 0.7529
Epoch 71/150 | Train Loss: 0.0275 | Epoch Time: 0.49s | Spearman@80: 0.9023 | Kendall@80: 0.7442
Epoch 72/150 | Train Loss: 0.0296 | Epoch Time: 0.49s | Spearman@80: 0.9149 | Kendall@80: 0.7612
Epoch 73/150 | Train Loss: 0.0235 | Epoch Time: 0.49s | Spearman@80: 0.9128 | Kendall@80: 0.7529
Epoch 74/150 | Train Loss: 0.0251 | Epoch Time: 0.49s | Spearman@80: 0.9130 | Kendall@80: 0.7620
Epoch 75/150 | Train Loss: 0.0275 | Epoch Time: 0.49s | Spearman@80: 0.8952 | Kendall@80: 0.7304
Epoch 76/150 | Train Loss: 0.0224 | Epoch Time: 0.49s | Spearman@80: 0.8824 | Kendall@80: 0.7235
Epoch 77/150 | Train Loss: 0.0285 | Epoch Time: 0.49s | Spearman@80: 0.9193 | Kendall@80: 0.7661
Epoch 78/150 | Train Loss: 0.0233 | Epoch Time: 0.49s | Spearman@80: 0.9226 | Kendall@80: 0.7686
Epoch 79/150 | Train Loss: 0.0239 | Epoch Time: 0.49s | Spearman@80: 0.9061 | Kendall@80: 0.7485
Epoch 80/150 | Train Loss: 0.0217 | Epoch Time: 0.49s | Spearman@80: 0.8966 | Kendall@80: 0.7387
Epoch 81/150 | Train Loss: 0.0275 | Epoch Time: 0.49s | Spearman@80: 0.8599 | Kendall@80: 0.6982
Epoch 82/150 | Train Loss: 0.0277 | Epoch Time: 0.49s | Spearman@80: 0.9105 | Kendall@80: 0.7622
Epoch 83/150 | Train Loss: 0.0318 | Epoch Time: 0.49s | Spearman@80: 0.9304 | Kendall@80: 0.7841
Epoch 84/150 | Train Loss: 0.0250 | Epoch Time: 0.49s | Spearman@80: 0.9075 | Kendall@80: 0.7549
Epoch 85/150 | Train Loss: 0.0240 | Epoch Time: 0.49s | Spearman@80: 0.8977 | Kendall@80: 0.7419
Epoch 86/150 | Train Loss: 0.0254 | Epoch Time: 0.49s | Spearman@80: 0.9031 | Kendall@80: 0.7510
Epoch 87/150 | Train Loss: 0.0239 | Epoch Time: 0.49s | Spearman@80: 0.9214 | Kendall@80: 0.7684
Epoch 88/150 | Train Loss: 0.0193 | Epoch Time: 0.49s | Spearman@80: 0.9068 | Kendall@80: 0.7446
Epoch 89/150 | Train Loss: 0.0251 | Epoch Time: 0.49s | Spearman@80: 0.9224 | Kendall@80: 0.7688
Epoch 90/150 | Train Loss: 0.0250 | Epoch Time: 0.49s | Spearman@80: 0.9253 | Kendall@80: 0.7684
Epoch 91/150 | Train Loss: 0.0190 | Epoch Time: 0.49s | Spearman@80: 0.9207 | Kendall@80: 0.7675
Epoch 92/150 | Train Loss: 0.0230 | Epoch Time: 0.49s | Spearman@80: 0.8991 | Kendall@80: 0.7431
Epoch 93/150 | Train Loss: 0.0200 | Epoch Time: 0.49s | Spearman@80: 0.9080 | Kendall@80: 0.7618
Epoch 94/150 | Train Loss: 0.0257 | Epoch Time: 0.49s | Spearman@80: 0.9113 | Kendall@80: 0.7595
Epoch 95/150 | Train Loss: 0.0262 | Epoch Time: 0.49s | Spearman@80: 0.9148 | Kendall@80: 0.7783
Epoch 96/150 | Train Loss: 0.0264 | Epoch Time: 0.49s | Spearman@80: 0.9149 | Kendall@80: 0.7684
Epoch 97/150 | Train Loss: 0.0218 | Epoch Time: 0.50s | Spearman@80: 0.9266 | Kendall@80: 0.7824
Epoch 98/150 | Train Loss: 0.0220 | Epoch Time: 0.49s | Spearman@80: 0.9098 | Kendall@80: 0.7679
Epoch 99/150 | Train Loss: 0.0202 | Epoch Time: 0.50s | Spearman@80: 0.9141 | Kendall@80: 0.7686
Epoch 100/150 | Train Loss: 0.0195 | Epoch Time: 0.49s | Spearman@80: 0.9315 | Kendall@80: 0.7857
Epoch 101/150 | Train Loss: 0.0198 | Epoch Time: 0.49s | Spearman@80: 0.9250 | Kendall@80: 0.7779
Epoch 102/150 | Train Loss: 0.0269 | Epoch Time: 0.49s | Spearman@80: 0.9111 | Kendall@80: 0.7637
Epoch 103/150 | Train Loss: 0.0219 | Epoch Time: 0.49s | Spearman@80: 0.9068 | Kendall@80: 0.7554
Epoch 104/150 | Train Loss: 0.0159 | Epoch Time: 0.49s | Spearman@80: 0.9135 | Kendall@80: 0.7669
Epoch 105/150 | Train Loss: 0.0181 | Epoch Time: 0.49s | Spearman@80: 0.9161 | Kendall@80: 0.7648
Epoch 106/150 | Train Loss: 0.0164 | Epoch Time: 0.49s | Spearman@80: 0.9093 | Kendall@80: 0.7608
Epoch 107/150 | Train Loss: 0.0164 | Epoch Time: 0.49s | Spearman@80: 0.9092 | Kendall@80: 0.7580
Epoch 108/150 | Train Loss: 0.0230 | Epoch Time: 0.49s | Spearman@80: 0.9258 | Kendall@80: 0.7889
Epoch 109/150 | Train Loss: 0.0175 | Epoch Time: 0.49s | Spearman@80: 0.9030 | Kendall@80: 0.7616
Epoch 110/150 | Train Loss: 0.0175 | Epoch Time: 0.49s | Spearman@80: 0.9196 | Kendall@80: 0.7885
Epoch 111/150 | Train Loss: 0.0215 | Epoch Time: 0.49s | Spearman@80: 0.9164 | Kendall@80: 0.7764
Epoch 112/150 | Train Loss: 0.0261 | Epoch Time: 0.49s | Spearman@80: 0.9041 | Kendall@80: 0.7568
Epoch 113/150 | Train Loss: 0.0215 | Epoch Time: 0.49s | Spearman@80: 0.9205 | Kendall@80: 0.7827
Epoch 114/150 | Train Loss: 0.0219 | Epoch Time: 0.49s | Spearman@80: 0.9229 | Kendall@80: 0.7821
Epoch 115/150 | Train Loss: 0.0194 | Epoch Time: 0.49s | Spearman@80: 0.9178 | Kendall@80: 0.7815
Epoch 116/150 | Train Loss: 0.0211 | Epoch Time: 0.50s | Spearman@80: 0.9083 | Kendall@80: 0.7616
Epoch 117/150 | Train Loss: 0.0223 | Epoch Time: 0.49s | Spearman@80: 0.9187 | Kendall@80: 0.7769
Epoch 118/150 | Train Loss: 0.0219 | Epoch Time: 0.49s | Spearman@80: 0.9207 | Kendall@80: 0.7805
Epoch 119/150 | Train Loss: 0.0205 | Epoch Time: 0.49s | Spearman@80: 0.9139 | Kendall@80: 0.7743
Epoch 120/150 | Train Loss: 0.0230 | Epoch Time: 0.49s | Spearman@80: 0.9026 | Kendall@80: 0.7603
Epoch 121/150 | Train Loss: 0.0196 | Epoch Time: 0.49s | Spearman@80: 0.9186 | Kendall@80: 0.7786
Epoch 122/150 | Train Loss: 0.0195 | Epoch Time: 0.49s | Spearman@80: 0.9144 | Kendall@80: 0.7695
Epoch 123/150 | Train Loss: 0.0250 | Epoch Time: 0.49s | Spearman@80: 0.9127 | Kendall@80: 0.7684
Epoch 124/150 | Train Loss: 0.0177 | Epoch Time: 0.49s | Spearman@80: 0.9100 | Kendall@80: 0.7707
Epoch 125/150 | Train Loss: 0.0170 | Epoch Time: 0.49s | Spearman@80: 0.9179 | Kendall@80: 0.7826
Epoch 126/150 | Train Loss: 0.0162 | Epoch Time: 0.50s | Spearman@80: 0.9169 | Kendall@80: 0.7809
Epoch 127/150 | Train Loss: 0.0196 | Epoch Time: 0.49s | Spearman@80: 0.9184 | Kendall@80: 0.7806
Epoch 128/150 | Train Loss: 0.0181 | Epoch Time: 0.49s | Spearman@80: 0.9187 | Kendall@80: 0.7792
Epoch 129/150 | Train Loss: 0.0217 | Epoch Time: 0.49s | Spearman@80: 0.9131 | Kendall@80: 0.7669
Epoch 130/150 | Train Loss: 0.0140 | Epoch Time: 0.49s | Spearman@80: 0.9100 | Kendall@80: 0.7708
Epoch 131/150 | Train Loss: 0.0218 | Epoch Time: 0.49s | Spearman@80: 0.9153 | Kendall@80: 0.7711
Epoch 132/150 | Train Loss: 0.0222 | Epoch Time: 0.49s | Spearman@80: 0.9157 | Kendall@80: 0.7711
Epoch 133/150 | Train Loss: 0.0193 | Epoch Time: 0.49s | Spearman@80: 0.9129 | Kendall@80: 0.7681
Epoch 134/150 | Train Loss: 0.0200 | Epoch Time: 0.49s | Spearman@80: 0.9126 | Kendall@80: 0.7694
Epoch 135/150 | Train Loss: 0.0212 | Epoch Time: 0.49s | Spearman@80: 0.9100 | Kendall@80: 0.7667
Epoch 136/150 | Train Loss: 0.0202 | Epoch Time: 0.49s | Spearman@80: 0.9055 | Kendall@80: 0.7546
Epoch 137/150 | Train Loss: 0.0181 | Epoch Time: 0.49s | Spearman@80: 0.9119 | Kendall@80: 0.7671
Epoch 138/150 | Train Loss: 0.0234 | Epoch Time: 0.49s | Spearman@80: 0.9126 | Kendall@80: 0.7663
Epoch 139/150 | Train Loss: 0.0166 | Epoch Time: 0.49s | Spearman@80: 0.9155 | Kendall@80: 0.7756
Epoch 140/150 | Train Loss: 0.0163 | Epoch Time: 0.50s | Spearman@80: 0.9152 | Kendall@80: 0.7738
Epoch 141/150 | Train Loss: 0.0154 | Epoch Time: 0.49s | Spearman@80: 0.9145 | Kendall@80: 0.7755
Epoch 142/150 | Train Loss: 0.0145 | Epoch Time: 0.49s | Spearman@80: 0.9125 | Kendall@80: 0.7720
Epoch 143/150 | Train Loss: 0.0197 | Epoch Time: 0.49s | Spearman@80: 0.9132 | Kendall@80: 0.7708
Epoch 144/150 | Train Loss: 0.0195 | Epoch Time: 0.49s | Spearman@80: 0.9122 | Kendall@80: 0.7697
Epoch 145/150 | Train Loss: 0.0127 | Epoch Time: 0.49s | Spearman@80: 0.9139 | Kendall@80: 0.7714
Epoch 146/150 | Train Loss: 0.0196 | Epoch Time: 0.49s | Spearman@80: 0.9156 | Kendall@80: 0.7708
Epoch 147/150 | Train Loss: 0.0150 | Epoch Time: 1.72s | Spearman@15496: 0.9340 | Kendall@15496: 0.7915
Epoch 148/150 | Train Loss: 0.0169 | Epoch Time: 1.48s | Spearman@15496: 0.9336 | Kendall@15496: 0.7919
Epoch 149/150 | Train Loss: 0.0208 | Epoch Time: 1.49s | Spearman@15496: 0.9346 | Kendall@15496: 0.7928
Epoch 150/150 | Train Loss: 0.0190 | Epoch Time: 1.49s | Spearman@15496: 0.9331 | Kendall@15496: 0.7900
Sample Count: 128, Spearman: 0.9338184495577172, Kendall: 0.7915360655740497
{64: (0.9333457414131275, 0.793394373795541),
 128: (0.9338184495577172, 0.7915360655740497)}
Average KDT:  0.7922325085992018
Variance KDT:  0.00025077318378725666
Average SPR:  0.930621471460591
Variance SPR:  0.00017441511511971324
Average KDT:  0.7927184382515055
Variance KDT:  0.00044935318070137806
Average SPR:  0.9321300662140751
Variance SPR:  0.00017241133748045694
