Loading files for NASBench201...
Normalizing ZCP dict
try to create the NAS-Bench-201 api from /home/ya255/projects/flan_hardware/nas_embedding_suite/embedding_datasets/NAS-Bench-201-v1_1-096897.pth
Loaded files in:  68.37713408470154  seconds
Loading cache for NASBench-201 speedup!!...
Loading cache for NASBench-201 speedup!!...
Epoch 1/150 | Train Loss: 0.0968 | Epoch Time: 0.91s | Spearman@80: 0.3578 | Kendall@80: 0.2502
Epoch 2/150 | Train Loss: 0.0774 | Epoch Time: 0.28s | Spearman@80: 0.4563 | Kendall@80: 0.3213
Epoch 3/150 | Train Loss: 0.0705 | Epoch Time: 0.28s | Spearman@80: 0.8153 | Kendall@80: 0.6484
Epoch 4/150 | Train Loss: 0.0522 | Epoch Time: 0.28s | Spearman@80: 0.7372 | Kendall@80: 0.5634
Epoch 5/150 | Train Loss: 0.0532 | Epoch Time: 0.27s | Spearman@80: 0.9222 | Kendall@80: 0.7544
Epoch 6/150 | Train Loss: 0.0382 | Epoch Time: 0.27s | Spearman@80: 0.9309 | Kendall@80: 0.7699
Epoch 7/150 | Train Loss: 0.0364 | Epoch Time: 0.28s | Spearman@80: 0.9245 | Kendall@80: 0.7591
Epoch 8/150 | Train Loss: 0.0346 | Epoch Time: 0.28s | Spearman@80: 0.9291 | Kendall@80: 0.7693
Epoch 9/150 | Train Loss: 0.0329 | Epoch Time: 0.27s | Spearman@80: 0.9111 | Kendall@80: 0.7439
Epoch 10/150 | Train Loss: 0.0364 | Epoch Time: 0.28s | Spearman@80: 0.9308 | Kendall@80: 0.7705
Epoch 11/150 | Train Loss: 0.0487 | Epoch Time: 0.27s | Spearman@80: 0.9211 | Kendall@80: 0.7546
Epoch 12/150 | Train Loss: 0.0337 | Epoch Time: 0.28s | Spearman@80: 0.9372 | Kendall@80: 0.7868
Epoch 13/150 | Train Loss: 0.0385 | Epoch Time: 0.28s | Spearman@80: 0.9309 | Kendall@80: 0.7750
Epoch 14/150 | Train Loss: 0.0351 | Epoch Time: 0.28s | Spearman@80: 0.9370 | Kendall@80: 0.7874
Epoch 15/150 | Train Loss: 0.0308 | Epoch Time: 0.28s | Spearman@80: 0.9469 | Kendall@80: 0.8042
Epoch 16/150 | Train Loss: 0.0266 | Epoch Time: 0.29s | Spearman@80: 0.9460 | Kendall@80: 0.8055
Epoch 17/150 | Train Loss: 0.0347 | Epoch Time: 0.29s | Spearman@80: 0.9492 | Kendall@80: 0.8131
Epoch 18/150 | Train Loss: 0.0287 | Epoch Time: 0.29s | Spearman@80: 0.9422 | Kendall@80: 0.7921
Epoch 19/150 | Train Loss: 0.0399 | Epoch Time: 0.29s | Spearman@80: 0.9396 | Kendall@80: 0.7870
Epoch 20/150 | Train Loss: 0.0290 | Epoch Time: 0.28s | Spearman@80: 0.9380 | Kendall@80: 0.8017
Epoch 21/150 | Train Loss: 0.0348 | Epoch Time: 0.29s | Spearman@80: 0.9234 | Kendall@80: 0.7576
Epoch 22/150 | Train Loss: 0.0380 | Epoch Time: 0.28s | Spearman@80: 0.9389 | Kendall@80: 0.7868
Epoch 23/150 | Train Loss: 0.0313 | Epoch Time: 0.28s | Spearman@80: 0.9394 | Kendall@80: 0.7887
Epoch 24/150 | Train Loss: 0.0315 | Epoch Time: 0.28s | Spearman@80: 0.9413 | Kendall@80: 0.7995
Epoch 25/150 | Train Loss: 0.0273 | Epoch Time: 0.28s | Spearman@80: 0.9430 | Kendall@80: 0.7963
Epoch 26/150 | Train Loss: 0.0306 | Epoch Time: 0.28s | Spearman@80: 0.9476 | Kendall@80: 0.8074
Epoch 27/150 | Train Loss: 0.0283 | Epoch Time: 0.28s | Spearman@80: 0.9514 | Kendall@80: 0.8205
Epoch 28/150 | Train Loss: 0.0354 | Epoch Time: 0.29s | Spearman@80: 0.9458 | Kendall@80: 0.8046
Epoch 29/150 | Train Loss: 0.0280 | Epoch Time: 0.27s | Spearman@80: 0.9442 | Kendall@80: 0.8052
Epoch 30/150 | Train Loss: 0.0280 | Epoch Time: 0.29s | Spearman@80: 0.9332 | Kendall@80: 0.7775
Epoch 31/150 | Train Loss: 0.0299 | Epoch Time: 0.27s | Spearman@80: 0.9373 | Kendall@80: 0.7864
Epoch 32/150 | Train Loss: 0.0365 | Epoch Time: 0.28s | Spearman@80: 0.9303 | Kendall@80: 0.7801
Epoch 33/150 | Train Loss: 0.0346 | Epoch Time: 0.28s | Spearman@80: 0.9305 | Kendall@80: 0.7785
Epoch 34/150 | Train Loss: 0.0326 | Epoch Time: 0.26s | Spearman@80: 0.9466 | Kendall@80: 0.8093
Epoch 35/150 | Train Loss: 0.0298 | Epoch Time: 0.27s | Spearman@80: 0.9360 | Kendall@80: 0.7845
Epoch 36/150 | Train Loss: 0.0284 | Epoch Time: 0.29s | Spearman@80: 0.9310 | Kendall@80: 0.7798
Epoch 37/150 | Train Loss: 0.0249 | Epoch Time: 0.27s | Spearman@80: 0.9308 | Kendall@80: 0.7769
Epoch 38/150 | Train Loss: 0.0256 | Epoch Time: 0.28s | Spearman@80: 0.9308 | Kendall@80: 0.7804
Epoch 39/150 | Train Loss: 0.0294 | Epoch Time: 0.27s | Spearman@80: 0.9391 | Kendall@80: 0.7938
Epoch 40/150 | Train Loss: 0.0290 | Epoch Time: 0.28s | Spearman@80: 0.9290 | Kendall@80: 0.7667
Epoch 41/150 | Train Loss: 0.0233 | Epoch Time: 0.29s | Spearman@80: 0.9409 | Kendall@80: 0.7909
Epoch 42/150 | Train Loss: 0.0209 | Epoch Time: 0.28s | Spearman@80: 0.9229 | Kendall@80: 0.7648
Epoch 43/150 | Train Loss: 0.0336 | Epoch Time: 0.27s | Spearman@80: 0.9453 | Kendall@80: 0.8105
Epoch 44/150 | Train Loss: 0.0240 | Epoch Time: 0.27s | Spearman@80: 0.9451 | Kendall@80: 0.8090
Epoch 45/150 | Train Loss: 0.0279 | Epoch Time: 0.28s | Spearman@80: 0.9418 | Kendall@80: 0.7966
Epoch 46/150 | Train Loss: 0.0279 | Epoch Time: 0.27s | Spearman@80: 0.9453 | Kendall@80: 0.8052
Epoch 47/150 | Train Loss: 0.0207 | Epoch Time: 0.27s | Spearman@80: 0.9462 | Kendall@80: 0.8116
Epoch 48/150 | Train Loss: 0.0210 | Epoch Time: 0.28s | Spearman@80: 0.9424 | Kendall@80: 0.8010
Epoch 49/150 | Train Loss: 0.0250 | Epoch Time: 0.28s | Spearman@80: 0.9413 | Kendall@80: 0.7995
Epoch 50/150 | Train Loss: 0.0261 | Epoch Time: 0.27s | Spearman@80: 0.9398 | Kendall@80: 0.7938
Epoch 51/150 | Train Loss: 0.0247 | Epoch Time: 0.27s | Spearman@80: 0.9369 | Kendall@80: 0.7839
Epoch 52/150 | Train Loss: 0.0231 | Epoch Time: 0.26s | Spearman@80: 0.9376 | Kendall@80: 0.7925
Epoch 53/150 | Train Loss: 0.0229 | Epoch Time: 0.27s | Spearman@80: 0.9465 | Kendall@80: 0.8144
Epoch 54/150 | Train Loss: 0.0304 | Epoch Time: 0.27s | Spearman@80: 0.9486 | Kendall@80: 0.8131
Epoch 55/150 | Train Loss: 0.0260 | Epoch Time: 0.28s | Spearman@80: 0.9472 | Kendall@80: 0.8093
Epoch 56/150 | Train Loss: 0.0216 | Epoch Time: 0.28s | Spearman@80: 0.9415 | Kendall@80: 0.7989
Epoch 57/150 | Train Loss: 0.0293 | Epoch Time: 0.28s | Spearman@80: 0.9444 | Kendall@80: 0.8109
Epoch 58/150 | Train Loss: 0.0273 | Epoch Time: 0.28s | Spearman@80: 0.9397 | Kendall@80: 0.8017
Epoch 59/150 | Train Loss: 0.0255 | Epoch Time: 0.28s | Spearman@80: 0.9431 | Kendall@80: 0.8039
Epoch 60/150 | Train Loss: 0.0286 | Epoch Time: 0.26s | Spearman@80: 0.9208 | Kendall@80: 0.7527
Epoch 61/150 | Train Loss: 0.0228 | Epoch Time: 0.27s | Spearman@80: 0.9458 | Kendall@80: 0.8078
Epoch 62/150 | Train Loss: 0.0223 | Epoch Time: 0.27s | Spearman@80: 0.9387 | Kendall@80: 0.7940
Epoch 63/150 | Train Loss: 0.0247 | Epoch Time: 0.28s | Spearman@80: 0.9353 | Kendall@80: 0.7883
Epoch 64/150 | Train Loss: 0.0268 | Epoch Time: 0.28s | Spearman@80: 0.9308 | Kendall@80: 0.7718
Epoch 65/150 | Train Loss: 0.0307 | Epoch Time: 0.28s | Spearman@80: 0.9175 | Kendall@80: 0.7553
Epoch 66/150 | Train Loss: 0.0280 | Epoch Time: 0.28s | Spearman@80: 0.9455 | Kendall@80: 0.8065
Epoch 67/150 | Train Loss: 0.0336 | Epoch Time: 0.27s | Spearman@80: 0.9401 | Kendall@80: 0.7957
Epoch 68/150 | Train Loss: 0.0197 | Epoch Time: 0.27s | Spearman@80: 0.9382 | Kendall@80: 0.7906
Epoch 69/150 | Train Loss: 0.0280 | Epoch Time: 0.27s | Spearman@80: 0.9354 | Kendall@80: 0.7921
Epoch 70/150 | Train Loss: 0.0311 | Epoch Time: 0.27s | Spearman@80: 0.9312 | Kendall@80: 0.7832
Epoch 71/150 | Train Loss: 0.0255 | Epoch Time: 0.28s | Spearman@80: 0.9386 | Kendall@80: 0.7951
Epoch 72/150 | Train Loss: 0.0273 | Epoch Time: 0.27s | Spearman@80: 0.9366 | Kendall@80: 0.7963
Epoch 73/150 | Train Loss: 0.0266 | Epoch Time: 0.27s | Spearman@80: 0.9374 | Kendall@80: 0.7881
Epoch 74/150 | Train Loss: 0.0181 | Epoch Time: 0.27s | Spearman@80: 0.9431 | Kendall@80: 0.8008
Epoch 75/150 | Train Loss: 0.0218 | Epoch Time: 0.29s | Spearman@80: 0.9393 | Kendall@80: 0.7989
Epoch 76/150 | Train Loss: 0.0231 | Epoch Time: 0.28s | Spearman@80: 0.9422 | Kendall@80: 0.8001
Epoch 77/150 | Train Loss: 0.0217 | Epoch Time: 0.27s | Spearman@80: 0.9392 | Kendall@80: 0.7874
Epoch 78/150 | Train Loss: 0.0223 | Epoch Time: 0.26s | Spearman@80: 0.9451 | Kendall@80: 0.8137
Epoch 79/150 | Train Loss: 0.0256 | Epoch Time: 0.28s | Spearman@80: 0.9331 | Kendall@80: 0.7893
Epoch 80/150 | Train Loss: 0.0244 | Epoch Time: 0.26s | Spearman@80: 0.9338 | Kendall@80: 0.7881
Epoch 81/150 | Train Loss: 0.0234 | Epoch Time: 0.28s | Spearman@80: 0.9440 | Kendall@80: 0.8042
Epoch 82/150 | Train Loss: 0.0215 | Epoch Time: 0.28s | Spearman@80: 0.9395 | Kendall@80: 0.8055
Epoch 83/150 | Train Loss: 0.0181 | Epoch Time: 0.26s | Spearman@80: 0.9271 | Kendall@80: 0.7741
Epoch 84/150 | Train Loss: 0.0267 | Epoch Time: 0.26s | Spearman@80: 0.9409 | Kendall@80: 0.7976
Epoch 85/150 | Train Loss: 0.0176 | Epoch Time: 0.27s | Spearman@80: 0.9399 | Kendall@80: 0.7909
Epoch 86/150 | Train Loss: 0.0209 | Epoch Time: 0.27s | Spearman@80: 0.9371 | Kendall@80: 0.7991
Epoch 87/150 | Train Loss: 0.0254 | Epoch Time: 0.28s | Spearman@80: 0.9402 | Kendall@80: 0.7976
Epoch 88/150 | Train Loss: 0.0221 | Epoch Time: 0.27s | Spearman@80: 0.9397 | Kendall@80: 0.7953
Epoch 89/150 | Train Loss: 0.0251 | Epoch Time: 0.28s | Spearman@80: 0.9462 | Kendall@80: 0.8112
Epoch 90/150 | Train Loss: 0.0223 | Epoch Time: 0.28s | Spearman@80: 0.9394 | Kendall@80: 0.7970
Epoch 91/150 | Train Loss: 0.0268 | Epoch Time: 0.27s | Spearman@80: 0.9428 | Kendall@80: 0.7972
Epoch 92/150 | Train Loss: 0.0242 | Epoch Time: 0.28s | Spearman@80: 0.9452 | Kendall@80: 0.8020
Epoch 93/150 | Train Loss: 0.0297 | Epoch Time: 0.26s | Spearman@80: 0.9354 | Kendall@80: 0.7858
Epoch 94/150 | Train Loss: 0.0217 | Epoch Time: 0.28s | Spearman@80: 0.9356 | Kendall@80: 0.7890
Epoch 95/150 | Train Loss: 0.0180 | Epoch Time: 0.28s | Spearman@80: 0.9364 | Kendall@80: 0.7912
Epoch 96/150 | Train Loss: 0.0166 | Epoch Time: 0.27s | Spearman@80: 0.9411 | Kendall@80: 0.7998
Epoch 97/150 | Train Loss: 0.0191 | Epoch Time: 0.28s | Spearman@80: 0.9396 | Kendall@80: 0.7959
Epoch 98/150 | Train Loss: 0.0223 | Epoch Time: 0.27s | Spearman@80: 0.9406 | Kendall@80: 0.8014
Epoch 99/150 | Train Loss: 0.0207 | Epoch Time: 0.27s | Spearman@80: 0.9392 | Kendall@80: 0.7989
Epoch 100/150 | Train Loss: 0.0176 | Epoch Time: 0.26s | Spearman@80: 0.9423 | Kendall@80: 0.8048
Epoch 101/150 | Train Loss: 0.0197 | Epoch Time: 0.27s | Spearman@80: 0.9411 | Kendall@80: 0.8004
Epoch 102/150 | Train Loss: 0.0249 | Epoch Time: 0.27s | Spearman@80: 0.9444 | Kendall@80: 0.7972
Epoch 103/150 | Train Loss: 0.0228 | Epoch Time: 0.28s | Spearman@80: 0.9423 | Kendall@80: 0.7947
Epoch 104/150 | Train Loss: 0.0211 | Epoch Time: 0.27s | Spearman@80: 0.9423 | Kendall@80: 0.7934
Epoch 105/150 | Train Loss: 0.0229 | Epoch Time: 0.27s | Spearman@80: 0.9430 | Kendall@80: 0.7938
Epoch 106/150 | Train Loss: 0.0301 | Epoch Time: 0.28s | Spearman@80: 0.9416 | Kendall@80: 0.7940
Epoch 107/150 | Train Loss: 0.0222 | Epoch Time: 0.27s | Spearman@80: 0.9423 | Kendall@80: 0.8042
Epoch 108/150 | Train Loss: 0.0156 | Epoch Time: 0.27s | Spearman@80: 0.9430 | Kendall@80: 0.8042
Epoch 109/150 | Train Loss: 0.0178 | Epoch Time: 0.27s | Spearman@80: 0.9436 | Kendall@80: 0.8033
Epoch 110/150 | Train Loss: 0.0299 | Epoch Time: 0.28s | Spearman@80: 0.9437 | Kendall@80: 0.8017
Epoch 111/150 | Train Loss: 0.0224 | Epoch Time: 0.27s | Spearman@80: 0.9419 | Kendall@80: 0.7985
Epoch 112/150 | Train Loss: 0.0231 | Epoch Time: 0.28s | Spearman@80: 0.9392 | Kendall@80: 0.7957
Epoch 113/150 | Train Loss: 0.0184 | Epoch Time: 0.27s | Spearman@80: 0.9373 | Kendall@80: 0.7915
Epoch 114/150 | Train Loss: 0.0221 | Epoch Time: 0.27s | Spearman@80: 0.9333 | Kendall@80: 0.7830
Epoch 115/150 | Train Loss: 0.0157 | Epoch Time: 0.27s | Spearman@80: 0.9369 | Kendall@80: 0.7893
Epoch 116/150 | Train Loss: 0.0155 | Epoch Time: 0.28s | Spearman@80: 0.9390 | Kendall@80: 0.7915
Epoch 117/150 | Train Loss: 0.0240 | Epoch Time: 0.27s | Spearman@80: 0.9355 | Kendall@80: 0.7839
Epoch 118/150 | Train Loss: 0.0193 | Epoch Time: 0.28s | Spearman@80: 0.9355 | Kendall@80: 0.7877
Epoch 119/150 | Train Loss: 0.0221 | Epoch Time: 0.28s | Spearman@80: 0.9403 | Kendall@80: 0.7957
Epoch 120/150 | Train Loss: 0.0152 | Epoch Time: 0.28s | Spearman@80: 0.9415 | Kendall@80: 0.7985
Epoch 121/150 | Train Loss: 0.0200 | Epoch Time: 0.27s | Spearman@80: 0.9401 | Kendall@80: 0.7972
Epoch 122/150 | Train Loss: 0.0231 | Epoch Time: 0.27s | Spearman@80: 0.9367 | Kendall@80: 0.7953
Epoch 123/150 | Train Loss: 0.0205 | Epoch Time: 0.28s | Spearman@80: 0.9373 | Kendall@80: 0.7925
Epoch 124/150 | Train Loss: 0.0145 | Epoch Time: 0.27s | Spearman@80: 0.9371 | Kendall@80: 0.7934
Epoch 125/150 | Train Loss: 0.0125 | Epoch Time: 0.27s | Spearman@80: 0.9384 | Kendall@80: 0.7953
Epoch 126/150 | Train Loss: 0.0186 | Epoch Time: 0.27s | Spearman@80: 0.9412 | Kendall@80: 0.7963
Epoch 127/150 | Train Loss: 0.0186 | Epoch Time: 0.27s | Spearman@80: 0.9396 | Kendall@80: 0.7966
Epoch 128/150 | Train Loss: 0.0243 | Epoch Time: 0.27s | Spearman@80: 0.9428 | Kendall@80: 0.8033
Epoch 129/150 | Train Loss: 0.0135 | Epoch Time: 0.27s | Spearman@80: 0.9413 | Kendall@80: 0.7982
Epoch 130/150 | Train Loss: 0.0210 | Epoch Time: 0.28s | Spearman@80: 0.9394 | Kendall@80: 0.7966
Epoch 131/150 | Train Loss: 0.0113 | Epoch Time: 0.26s | Spearman@80: 0.9400 | Kendall@80: 0.7966
Epoch 132/150 | Train Loss: 0.0200 | Epoch Time: 0.28s | Spearman@80: 0.9397 | Kendall@80: 0.7978
Epoch 133/150 | Train Loss: 0.0142 | Epoch Time: 0.27s | Spearman@80: 0.9413 | Kendall@80: 0.7976
Epoch 134/150 | Train Loss: 0.0127 | Epoch Time: 0.27s | Spearman@80: 0.9408 | Kendall@80: 0.7970
Epoch 135/150 | Train Loss: 0.0228 | Epoch Time: 0.28s | Spearman@80: 0.9403 | Kendall@80: 0.7978
Epoch 136/150 | Train Loss: 0.0172 | Epoch Time: 0.26s | Spearman@80: 0.9408 | Kendall@80: 0.7978
Epoch 137/150 | Train Loss: 0.0178 | Epoch Time: 0.27s | Spearman@80: 0.9400 | Kendall@80: 0.7972
Epoch 138/150 | Train Loss: 0.0139 | Epoch Time: 0.27s | Spearman@80: 0.9414 | Kendall@80: 0.7972
Epoch 139/150 | Train Loss: 0.0154 | Epoch Time: 0.28s | Spearman@80: 0.9406 | Kendall@80: 0.7972
Epoch 140/150 | Train Loss: 0.0141 | Epoch Time: 0.28s | Spearman@80: 0.9421 | Kendall@80: 0.7998
Epoch 141/150 | Train Loss: 0.0206 | Epoch Time: 0.28s | Spearman@80: 0.9420 | Kendall@80: 0.7989
Epoch 142/150 | Train Loss: 0.0156 | Epoch Time: 0.28s | Spearman@80: 0.9419 | Kendall@80: 0.8001
Epoch 143/150 | Train Loss: 0.0244 | Epoch Time: 0.29s | Spearman@80: 0.9423 | Kendall@80: 0.8004
Epoch 144/150 | Train Loss: 0.0289 | Epoch Time: 0.28s | Spearman@80: 0.9397 | Kendall@80: 0.7953
Epoch 145/150 | Train Loss: 0.0150 | Epoch Time: 0.28s | Spearman@80: 0.9411 | Kendall@80: 0.7976
Epoch 146/150 | Train Loss: 0.0209 | Epoch Time: 0.27s | Spearman@80: 0.9411 | Kendall@80: 0.8004
Epoch 147/150 | Train Loss: 0.0155 | Epoch Time: 1.69s | Spearman@15560: 0.9215 | Kendall@15560: 0.7646
Epoch 148/150 | Train Loss: 0.0172 | Epoch Time: 1.63s | Spearman@15560: 0.9218 | Kendall@15560: 0.7653
Epoch 149/150 | Train Loss: 0.0246 | Epoch Time: 1.63s | Spearman@15560: 0.9216 | Kendall@15560: 0.7649
Epoch 150/150 | Train Loss: 0.0151 | Epoch Time: 1.63s | Spearman@15560: 0.9204 | Kendall@15560: 0.7629
Sample Count: 64, Spearman: 0.9213300680824605, Kendall: 0.764406412693961
{64: (0.9213300680824605, 0.764406412693961)}
Epoch 1/150 | Train Loss: 0.0893 | Epoch Time: 0.56s | Spearman@80: 0.6209 | Kendall@80: 0.4520
Epoch 2/150 | Train Loss: 0.0559 | Epoch Time: 0.56s | Spearman@80: 0.8472 | Kendall@80: 0.6629
Epoch 3/150 | Train Loss: 0.0453 | Epoch Time: 0.57s | Spearman@80: 0.8798 | Kendall@80: 0.6994
Epoch 4/150 | Train Loss: 0.0484 | Epoch Time: 0.56s | Spearman@80: 0.9109 | Kendall@80: 0.7491
Epoch 5/150 | Train Loss: 0.0402 | Epoch Time: 0.56s | Spearman@80: 0.9244 | Kendall@80: 0.7680
Epoch 6/150 | Train Loss: 0.0347 | Epoch Time: 0.54s | Spearman@80: 0.9304 | Kendall@80: 0.7813
Epoch 7/150 | Train Loss: 0.0433 | Epoch Time: 0.57s | Spearman@80: 0.9081 | Kendall@80: 0.7426
Epoch 8/150 | Train Loss: 0.0397 | Epoch Time: 0.57s | Spearman@80: 0.9026 | Kendall@80: 0.7301
Epoch 9/150 | Train Loss: 0.0417 | Epoch Time: 0.56s | Spearman@80: 0.9324 | Kendall@80: 0.7762
Epoch 10/150 | Train Loss: 0.0328 | Epoch Time: 0.57s | Spearman@80: 0.9324 | Kendall@80: 0.7902
Epoch 11/150 | Train Loss: 0.0395 | Epoch Time: 0.57s | Spearman@80: 0.9194 | Kendall@80: 0.7591
Epoch 12/150 | Train Loss: 0.0411 | Epoch Time: 0.56s | Spearman@80: 0.9349 | Kendall@80: 0.7832
Epoch 13/150 | Train Loss: 0.0308 | Epoch Time: 0.57s | Spearman@80: 0.9360 | Kendall@80: 0.7933
Epoch 14/150 | Train Loss: 0.0333 | Epoch Time: 0.55s | Spearman@80: 0.9294 | Kendall@80: 0.7739
Epoch 15/150 | Train Loss: 0.0405 | Epoch Time: 0.55s | Spearman@80: 0.9085 | Kendall@80: 0.7257
Epoch 16/150 | Train Loss: 0.0367 | Epoch Time: 0.56s | Spearman@80: 0.9196 | Kendall@80: 0.7546
Epoch 17/150 | Train Loss: 0.0377 | Epoch Time: 0.57s | Spearman@80: 0.9217 | Kendall@80: 0.7711
Epoch 18/150 | Train Loss: 0.0329 | Epoch Time: 0.56s | Spearman@80: 0.8862 | Kendall@80: 0.7035
Epoch 19/150 | Train Loss: 0.0372 | Epoch Time: 0.57s | Spearman@80: 0.9144 | Kendall@80: 0.7631
Epoch 20/150 | Train Loss: 0.0330 | Epoch Time: 0.56s | Spearman@80: 0.9103 | Kendall@80: 0.7540
Epoch 21/150 | Train Loss: 0.0284 | Epoch Time: 0.56s | Spearman@80: 0.9078 | Kendall@80: 0.7567
Epoch 22/150 | Train Loss: 0.0321 | Epoch Time: 0.56s | Spearman@80: 0.9166 | Kendall@80: 0.7688
Epoch 23/150 | Train Loss: 0.0331 | Epoch Time: 0.55s | Spearman@80: 0.9325 | Kendall@80: 0.7845
Epoch 24/150 | Train Loss: 0.0366 | Epoch Time: 0.57s | Spearman@80: 0.9217 | Kendall@80: 0.7743
Epoch 25/150 | Train Loss: 0.0339 | Epoch Time: 0.57s | Spearman@80: 0.9104 | Kendall@80: 0.7572
Epoch 26/150 | Train Loss: 0.0390 | Epoch Time: 0.57s | Spearman@80: 0.8607 | Kendall@80: 0.6753
Epoch 27/150 | Train Loss: 0.0398 | Epoch Time: 0.56s | Spearman@80: 0.9245 | Kendall@80: 0.7807
Epoch 28/150 | Train Loss: 0.0294 | Epoch Time: 0.58s | Spearman@80: 0.9250 | Kendall@80: 0.7815
Epoch 29/150 | Train Loss: 0.0317 | Epoch Time: 0.57s | Spearman@80: 0.8735 | Kendall@80: 0.6977
Epoch 30/150 | Train Loss: 0.0288 | Epoch Time: 0.54s | Spearman@80: 0.9093 | Kendall@80: 0.7616
Epoch 31/150 | Train Loss: 0.0271 | Epoch Time: 0.56s | Spearman@80: 0.9233 | Kendall@80: 0.7692
Epoch 32/150 | Train Loss: 0.0244 | Epoch Time: 0.56s | Spearman@80: 0.9305 | Kendall@80: 0.7904
Epoch 33/150 | Train Loss: 0.0297 | Epoch Time: 0.57s | Spearman@80: 0.9285 | Kendall@80: 0.7895
Epoch 34/150 | Train Loss: 0.0268 | Epoch Time: 0.56s | Spearman@80: 0.9279 | Kendall@80: 0.7883
Epoch 35/150 | Train Loss: 0.0341 | Epoch Time: 0.57s | Spearman@80: 0.9168 | Kendall@80: 0.7682
Epoch 36/150 | Train Loss: 0.0311 | Epoch Time: 0.55s | Spearman@80: 0.9157 | Kendall@80: 0.7680
Epoch 37/150 | Train Loss: 0.0309 | Epoch Time: 0.57s | Spearman@80: 0.9208 | Kendall@80: 0.7711
Epoch 38/150 | Train Loss: 0.0300 | Epoch Time: 0.58s | Spearman@80: 0.9254 | Kendall@80: 0.7667
Epoch 39/150 | Train Loss: 0.0303 | Epoch Time: 0.55s | Spearman@80: 0.9224 | Kendall@80: 0.7701
Epoch 40/150 | Train Loss: 0.0302 | Epoch Time: 0.57s | Spearman@80: 0.9050 | Kendall@80: 0.7489
Epoch 41/150 | Train Loss: 0.0318 | Epoch Time: 0.57s | Spearman@80: 0.9324 | Kendall@80: 0.7826
Epoch 42/150 | Train Loss: 0.0323 | Epoch Time: 0.56s | Spearman@80: 0.9282 | Kendall@80: 0.7910
Epoch 43/150 | Train Loss: 0.0307 | Epoch Time: 0.56s | Spearman@80: 0.9362 | Kendall@80: 0.7986
Epoch 44/150 | Train Loss: 0.0321 | Epoch Time: 0.56s | Spearman@80: 0.9314 | Kendall@80: 0.7946
Epoch 45/150 | Train Loss: 0.0302 | Epoch Time: 0.56s | Spearman@80: 0.9240 | Kendall@80: 0.7870
Epoch 46/150 | Train Loss: 0.0312 | Epoch Time: 0.57s | Spearman@80: 0.9201 | Kendall@80: 0.7794
Epoch 47/150 | Train Loss: 0.0314 | Epoch Time: 0.57s | Spearman@80: 0.9373 | Kendall@80: 0.7997
Epoch 48/150 | Train Loss: 0.0279 | Epoch Time: 0.55s | Spearman@80: 0.9168 | Kendall@80: 0.7707
Epoch 49/150 | Train Loss: 0.0316 | Epoch Time: 0.57s | Spearman@80: 0.9308 | Kendall@80: 0.7961
Epoch 50/150 | Train Loss: 0.0268 | Epoch Time: 0.56s | Spearman@80: 0.9272 | Kendall@80: 0.7813
Epoch 51/150 | Train Loss: 0.0333 | Epoch Time: 0.56s | Spearman@80: 0.9157 | Kendall@80: 0.7656
Epoch 52/150 | Train Loss: 0.0273 | Epoch Time: 0.55s | Spearman@80: 0.9356 | Kendall@80: 0.7967
Epoch 53/150 | Train Loss: 0.0226 | Epoch Time: 0.55s | Spearman@80: 0.9315 | Kendall@80: 0.8003
Epoch 54/150 | Train Loss: 0.0326 | Epoch Time: 0.56s | Spearman@80: 0.9117 | Kendall@80: 0.7504
Epoch 55/150 | Train Loss: 0.0303 | Epoch Time: 0.56s | Spearman@80: 0.9222 | Kendall@80: 0.7789
Epoch 56/150 | Train Loss: 0.0305 | Epoch Time: 0.58s | Spearman@80: 0.9324 | Kendall@80: 0.7961
Epoch 57/150 | Train Loss: 0.0281 | Epoch Time: 0.56s | Spearman@80: 0.9119 | Kendall@80: 0.7686
Epoch 58/150 | Train Loss: 0.0277 | Epoch Time: 0.55s | Spearman@80: 0.9164 | Kendall@80: 0.7713
Epoch 59/150 | Train Loss: 0.0289 | Epoch Time: 0.57s | Spearman@80: 0.9164 | Kendall@80: 0.7699
Epoch 60/150 | Train Loss: 0.0322 | Epoch Time: 0.57s | Spearman@80: 0.9140 | Kendall@80: 0.7694
Epoch 61/150 | Train Loss: 0.0360 | Epoch Time: 0.57s | Spearman@80: 0.9418 | Kendall@80: 0.8037
Epoch 62/150 | Train Loss: 0.0319 | Epoch Time: 0.56s | Spearman@80: 0.9343 | Kendall@80: 0.8022
Epoch 63/150 | Train Loss: 0.0260 | Epoch Time: 0.55s | Spearman@80: 0.9153 | Kendall@80: 0.7654
Epoch 64/150 | Train Loss: 0.0284 | Epoch Time: 0.55s | Spearman@80: 0.9279 | Kendall@80: 0.7904
Epoch 65/150 | Train Loss: 0.0300 | Epoch Time: 0.57s | Spearman@80: 0.9215 | Kendall@80: 0.7711
Epoch 66/150 | Train Loss: 0.0264 | Epoch Time: 0.57s | Spearman@80: 0.9354 | Kendall@80: 0.8024
Epoch 67/150 | Train Loss: 0.0263 | Epoch Time: 0.55s | Spearman@80: 0.9314 | Kendall@80: 0.7904
Epoch 68/150 | Train Loss: 0.0284 | Epoch Time: 0.57s | Spearman@80: 0.9297 | Kendall@80: 0.7933
Epoch 69/150 | Train Loss: 0.0280 | Epoch Time: 0.57s | Spearman@80: 0.9329 | Kendall@80: 0.8018
Epoch 70/150 | Train Loss: 0.0302 | Epoch Time: 0.56s | Spearman@80: 0.9303 | Kendall@80: 0.7961
Epoch 71/150 | Train Loss: 0.0247 | Epoch Time: 0.56s | Spearman@80: 0.9332 | Kendall@80: 0.8003
Epoch 72/150 | Train Loss: 0.0265 | Epoch Time: 0.57s | Spearman@80: 0.9252 | Kendall@80: 0.7876
Epoch 73/150 | Train Loss: 0.0264 | Epoch Time: 0.56s | Spearman@80: 0.9260 | Kendall@80: 0.7883
Epoch 74/150 | Train Loss: 0.0248 | Epoch Time: 0.57s | Spearman@80: 0.9333 | Kendall@80: 0.7992
Epoch 75/150 | Train Loss: 0.0318 | Epoch Time: 0.56s | Spearman@80: 0.9168 | Kendall@80: 0.7743
Epoch 76/150 | Train Loss: 0.0295 | Epoch Time: 0.55s | Spearman@80: 0.9149 | Kendall@80: 0.7694
Epoch 77/150 | Train Loss: 0.0248 | Epoch Time: 0.56s | Spearman@80: 0.9224 | Kendall@80: 0.7783
Epoch 78/150 | Train Loss: 0.0239 | Epoch Time: 0.57s | Spearman@80: 0.9299 | Kendall@80: 0.7933
Epoch 79/150 | Train Loss: 0.0279 | Epoch Time: 0.56s | Spearman@80: 0.9201 | Kendall@80: 0.7807
Epoch 80/150 | Train Loss: 0.0289 | Epoch Time: 0.57s | Spearman@80: 0.9246 | Kendall@80: 0.7834
Epoch 81/150 | Train Loss: 0.0254 | Epoch Time: 0.55s | Spearman@80: 0.9345 | Kendall@80: 0.7954
Epoch 82/150 | Train Loss: 0.0246 | Epoch Time: 0.56s | Spearman@80: 0.9112 | Kendall@80: 0.7635
Epoch 83/150 | Train Loss: 0.0286 | Epoch Time: 0.56s | Spearman@80: 0.9234 | Kendall@80: 0.7845
Epoch 84/150 | Train Loss: 0.0258 | Epoch Time: 0.56s | Spearman@80: 0.9324 | Kendall@80: 0.7864
Epoch 85/150 | Train Loss: 0.0257 | Epoch Time: 0.58s | Spearman@80: 0.9358 | Kendall@80: 0.8054
Epoch 86/150 | Train Loss: 0.0246 | Epoch Time: 0.56s | Spearman@80: 0.9248 | Kendall@80: 0.7864
Epoch 87/150 | Train Loss: 0.0265 | Epoch Time: 0.57s | Spearman@80: 0.9335 | Kendall@80: 0.7991
Epoch 88/150 | Train Loss: 0.0247 | Epoch Time: 0.55s | Spearman@80: 0.9268 | Kendall@80: 0.7921
Epoch 89/150 | Train Loss: 0.0244 | Epoch Time: 0.56s | Spearman@80: 0.9387 | Kendall@80: 0.8100
Epoch 90/150 | Train Loss: 0.0235 | Epoch Time: 0.55s | Spearman@80: 0.9418 | Kendall@80: 0.8105
Epoch 91/150 | Train Loss: 0.0239 | Epoch Time: 0.58s | Spearman@80: 0.9204 | Kendall@80: 0.7787
Epoch 92/150 | Train Loss: 0.0232 | Epoch Time: 0.56s | Spearman@80: 0.9251 | Kendall@80: 0.7866
Epoch 93/150 | Train Loss: 0.0295 | Epoch Time: 0.56s | Spearman@80: 0.9352 | Kendall@80: 0.8011
Epoch 94/150 | Train Loss: 0.0226 | Epoch Time: 0.55s | Spearman@80: 0.9264 | Kendall@80: 0.7872
Epoch 95/150 | Train Loss: 0.0245 | Epoch Time: 0.58s | Spearman@80: 0.9386 | Kendall@80: 0.8117
Epoch 96/150 | Train Loss: 0.0270 | Epoch Time: 0.58s | Spearman@80: 0.9290 | Kendall@80: 0.7927
Epoch 97/150 | Train Loss: 0.0249 | Epoch Time: 0.56s | Spearman@80: 0.9345 | Kendall@80: 0.7999
Epoch 98/150 | Train Loss: 0.0254 | Epoch Time: 0.57s | Spearman@80: 0.9312 | Kendall@80: 0.8037
Epoch 99/150 | Train Loss: 0.0250 | Epoch Time: 0.57s | Spearman@80: 0.9371 | Kendall@80: 0.8105
Epoch 100/150 | Train Loss: 0.0218 | Epoch Time: 0.58s | Spearman@80: 0.9297 | Kendall@80: 0.8056
Epoch 101/150 | Train Loss: 0.0215 | Epoch Time: 0.55s | Spearman@80: 0.9281 | Kendall@80: 0.7978
Epoch 102/150 | Train Loss: 0.0190 | Epoch Time: 0.57s | Spearman@80: 0.9266 | Kendall@80: 0.7942
Epoch 103/150 | Train Loss: 0.0227 | Epoch Time: 0.56s | Spearman@80: 0.9311 | Kendall@80: 0.8030
Epoch 104/150 | Train Loss: 0.0249 | Epoch Time: 0.54s | Spearman@80: 0.9308 | Kendall@80: 0.7997
Epoch 105/150 | Train Loss: 0.0246 | Epoch Time: 0.55s | Spearman@80: 0.9298 | Kendall@80: 0.7984
Epoch 106/150 | Train Loss: 0.0232 | Epoch Time: 0.55s | Spearman@80: 0.9303 | Kendall@80: 0.7952
Epoch 107/150 | Train Loss: 0.0229 | Epoch Time: 0.57s | Spearman@80: 0.9363 | Kendall@80: 0.8067
Epoch 108/150 | Train Loss: 0.0283 | Epoch Time: 0.56s | Spearman@80: 0.9318 | Kendall@80: 0.7984
Epoch 109/150 | Train Loss: 0.0304 | Epoch Time: 0.57s | Spearman@80: 0.9228 | Kendall@80: 0.7883
Epoch 110/150 | Train Loss: 0.0207 | Epoch Time: 0.57s | Spearman@80: 0.9316 | Kendall@80: 0.8005
Epoch 111/150 | Train Loss: 0.0291 | Epoch Time: 0.55s | Spearman@80: 0.9263 | Kendall@80: 0.7921
Epoch 112/150 | Train Loss: 0.0256 | Epoch Time: 0.57s | Spearman@80: 0.9241 | Kendall@80: 0.7864
Epoch 113/150 | Train Loss: 0.0203 | Epoch Time: 0.56s | Spearman@80: 0.9274 | Kendall@80: 0.7902
Epoch 114/150 | Train Loss: 0.0250 | Epoch Time: 0.57s | Spearman@80: 0.9361 | Kendall@80: 0.8060
Epoch 115/150 | Train Loss: 0.0218 | Epoch Time: 0.55s | Spearman@80: 0.9351 | Kendall@80: 0.8105
Epoch 116/150 | Train Loss: 0.0229 | Epoch Time: 0.57s | Spearman@80: 0.9393 | Kendall@80: 0.8143
Epoch 117/150 | Train Loss: 0.0236 | Epoch Time: 0.56s | Spearman@80: 0.9335 | Kendall@80: 0.8048
Epoch 118/150 | Train Loss: 0.0223 | Epoch Time: 0.56s | Spearman@80: 0.9333 | Kendall@80: 0.8054
Epoch 119/150 | Train Loss: 0.0229 | Epoch Time: 0.56s | Spearman@80: 0.9331 | Kendall@80: 0.8056
Epoch 120/150 | Train Loss: 0.0151 | Epoch Time: 0.56s | Spearman@80: 0.9339 | Kendall@80: 0.8062
Epoch 121/150 | Train Loss: 0.0228 | Epoch Time: 0.55s | Spearman@80: 0.9300 | Kendall@80: 0.8010
Epoch 122/150 | Train Loss: 0.0271 | Epoch Time: 0.57s | Spearman@80: 0.9395 | Kendall@80: 0.8162
Epoch 123/150 | Train Loss: 0.0223 | Epoch Time: 0.54s | Spearman@80: 0.9319 | Kendall@80: 0.8035
Epoch 124/150 | Train Loss: 0.0198 | Epoch Time: 0.56s | Spearman@80: 0.9349 | Kendall@80: 0.8086
Epoch 125/150 | Train Loss: 0.0168 | Epoch Time: 0.56s | Spearman@80: 0.9364 | Kendall@80: 0.8111
Epoch 126/150 | Train Loss: 0.0248 | Epoch Time: 0.55s | Spearman@80: 0.9362 | Kendall@80: 0.8086
Epoch 127/150 | Train Loss: 0.0239 | Epoch Time: 0.57s | Spearman@80: 0.9358 | Kendall@80: 0.8100
Epoch 128/150 | Train Loss: 0.0188 | Epoch Time: 0.56s | Spearman@80: 0.9334 | Kendall@80: 0.8041
Epoch 129/150 | Train Loss: 0.0217 | Epoch Time: 0.56s | Spearman@80: 0.9347 | Kendall@80: 0.8117
Epoch 130/150 | Train Loss: 0.0228 | Epoch Time: 0.54s | Spearman@80: 0.9367 | Kendall@80: 0.8119
Epoch 131/150 | Train Loss: 0.0224 | Epoch Time: 0.55s | Spearman@80: 0.9334 | Kendall@80: 0.8073
Epoch 132/150 | Train Loss: 0.0220 | Epoch Time: 0.56s | Spearman@80: 0.9304 | Kendall@80: 0.8003
Epoch 133/150 | Train Loss: 0.0265 | Epoch Time: 0.56s | Spearman@80: 0.9344 | Kendall@80: 0.8067
Epoch 134/150 | Train Loss: 0.0224 | Epoch Time: 0.56s | Spearman@80: 0.9340 | Kendall@80: 0.8079
Epoch 135/150 | Train Loss: 0.0212 | Epoch Time: 0.57s | Spearman@80: 0.9332 | Kendall@80: 0.8037
Epoch 136/150 | Train Loss: 0.0279 | Epoch Time: 0.57s | Spearman@80: 0.9334 | Kendall@80: 0.8060
Epoch 137/150 | Train Loss: 0.0237 | Epoch Time: 0.56s | Spearman@80: 0.9339 | Kendall@80: 0.8054
Epoch 138/150 | Train Loss: 0.0219 | Epoch Time: 0.55s | Spearman@80: 0.9337 | Kendall@80: 0.8043
Epoch 139/150 | Train Loss: 0.0187 | Epoch Time: 0.54s | Spearman@80: 0.9337 | Kendall@80: 0.8041
Epoch 140/150 | Train Loss: 0.0215 | Epoch Time: 0.56s | Spearman@80: 0.9339 | Kendall@80: 0.8056
Epoch 141/150 | Train Loss: 0.0234 | Epoch Time: 0.54s | Spearman@80: 0.9316 | Kendall@80: 0.8041
Epoch 142/150 | Train Loss: 0.0238 | Epoch Time: 0.56s | Spearman@80: 0.9322 | Kendall@80: 0.8022
Epoch 143/150 | Train Loss: 0.0201 | Epoch Time: 0.56s | Spearman@80: 0.9336 | Kendall@80: 0.8060
Epoch 144/150 | Train Loss: 0.0235 | Epoch Time: 0.56s | Spearman@80: 0.9332 | Kendall@80: 0.8048
Epoch 145/150 | Train Loss: 0.0219 | Epoch Time: 0.56s | Spearman@80: 0.9337 | Kendall@80: 0.8054
Epoch 146/150 | Train Loss: 0.0228 | Epoch Time: 0.57s | Spearman@80: 0.9336 | Kendall@80: 0.8029
Epoch 147/150 | Train Loss: 0.0230 | Epoch Time: 2.05s | Spearman@15496: 0.9317 | Kendall@15496: 0.7886
Epoch 148/150 | Train Loss: 0.0243 | Epoch Time: 1.97s | Spearman@15496: 0.9316 | Kendall@15496: 0.7886
Epoch 149/150 | Train Loss: 0.0238 | Epoch Time: 1.97s | Spearman@15496: 0.9321 | Kendall@15496: 0.7898
Epoch 150/150 | Train Loss: 0.0231 | Epoch Time: 1.97s | Spearman@15496: 0.9321 | Kendall@15496: 0.7883
Sample Count: 128, Spearman: 0.9318744531388223, Kendall: 0.7888357389910463
{64: (0.9213300680824605, 0.764406412693961),
 128: (0.9318744531388223, 0.7888357389910463)}
Epoch 1/150 | Train Loss: 0.0948 | Epoch Time: 0.29s | Spearman@80: 0.3879 | Kendall@80: 0.2674
Epoch 2/150 | Train Loss: 0.0803 | Epoch Time: 0.28s | Spearman@80: 0.4803 | Kendall@80: 0.3388
Epoch 3/150 | Train Loss: 0.0830 | Epoch Time: 0.29s | Spearman@80: 0.6394 | Kendall@80: 0.4740
Epoch 4/150 | Train Loss: 0.0603 | Epoch Time: 0.27s | Spearman@80: 0.8337 | Kendall@80: 0.6580
Epoch 5/150 | Train Loss: 0.0523 | Epoch Time: 0.29s | Spearman@80: 0.8304 | Kendall@80: 0.6479
Epoch 6/150 | Train Loss: 0.0380 | Epoch Time: 0.28s | Spearman@80: 0.8050 | Kendall@80: 0.6099
Epoch 7/150 | Train Loss: 0.0396 | Epoch Time: 0.29s | Spearman@80: 0.8455 | Kendall@80: 0.6599
Epoch 8/150 | Train Loss: 0.0318 | Epoch Time: 0.29s | Spearman@80: 0.8661 | Kendall@80: 0.7015
Epoch 9/150 | Train Loss: 0.0295 | Epoch Time: 0.28s | Spearman@80: 0.8697 | Kendall@80: 0.7013
Epoch 10/150 | Train Loss: 0.0283 | Epoch Time: 0.27s | Spearman@80: 0.8709 | Kendall@80: 0.6965
Epoch 11/150 | Train Loss: 0.0260 | Epoch Time: 0.28s | Spearman@80: 0.8821 | Kendall@80: 0.7159
Epoch 12/150 | Train Loss: 0.0322 | Epoch Time: 0.28s | Spearman@80: 0.8803 | Kendall@80: 0.7189
Epoch 13/150 | Train Loss: 0.0387 | Epoch Time: 0.29s | Spearman@80: 0.8904 | Kendall@80: 0.7222
Epoch 14/150 | Train Loss: 0.0301 | Epoch Time: 0.28s | Spearman@80: 0.8717 | Kendall@80: 0.6946
Epoch 15/150 | Train Loss: 0.0288 | Epoch Time: 0.28s | Spearman@80: 0.8681 | Kendall@80: 0.7011
Epoch 16/150 | Train Loss: 0.0272 | Epoch Time: 0.29s | Spearman@80: 0.8595 | Kendall@80: 0.6929
Epoch 17/150 | Train Loss: 0.0258 | Epoch Time: 0.29s | Spearman@80: 0.8755 | Kendall@80: 0.7209
Epoch 18/150 | Train Loss: 0.0275 | Epoch Time: 0.28s | Spearman@80: 0.8731 | Kendall@80: 0.7087
Epoch 19/150 | Train Loss: 0.0276 | Epoch Time: 0.28s | Spearman@80: 0.8889 | Kendall@80: 0.7269
Epoch 20/150 | Train Loss: 0.0367 | Epoch Time: 0.27s | Spearman@80: 0.8786 | Kendall@80: 0.7155
Epoch 21/150 | Train Loss: 0.0288 | Epoch Time: 0.29s | Spearman@80: 0.8996 | Kendall@80: 0.7537
Epoch 22/150 | Train Loss: 0.0254 | Epoch Time: 0.27s | Spearman@80: 0.8483 | Kendall@80: 0.6720
Epoch 23/150 | Train Loss: 0.0297 | Epoch Time: 0.28s | Spearman@80: 0.8910 | Kendall@80: 0.7397
Epoch 24/150 | Train Loss: 0.0272 | Epoch Time: 0.29s | Spearman@80: 0.8761 | Kendall@80: 0.7017
Epoch 25/150 | Train Loss: 0.0251 | Epoch Time: 0.28s | Spearman@80: 0.8875 | Kendall@80: 0.7404
Epoch 26/150 | Train Loss: 0.0220 | Epoch Time: 0.28s | Spearman@80: 0.8830 | Kendall@80: 0.7353
Epoch 27/150 | Train Loss: 0.0286 | Epoch Time: 0.29s | Spearman@80: 0.8955 | Kendall@80: 0.7516
Epoch 28/150 | Train Loss: 0.0261 | Epoch Time: 0.29s | Spearman@80: 0.8881 | Kendall@80: 0.7398
Epoch 29/150 | Train Loss: 0.0223 | Epoch Time: 0.28s | Spearman@80: 0.8782 | Kendall@80: 0.7123
Epoch 30/150 | Train Loss: 0.0276 | Epoch Time: 0.28s | Spearman@80: 0.8659 | Kendall@80: 0.6979
Epoch 31/150 | Train Loss: 0.0330 | Epoch Time: 0.28s | Spearman@80: 0.8644 | Kendall@80: 0.7148
Epoch 32/150 | Train Loss: 0.0265 | Epoch Time: 0.28s | Spearman@80: 0.8470 | Kendall@80: 0.6705
Epoch 33/150 | Train Loss: 0.0228 | Epoch Time: 0.30s | Spearman@80: 0.8754 | Kendall@80: 0.7302
Epoch 34/150 | Train Loss: 0.0272 | Epoch Time: 0.30s | Spearman@80: 0.8651 | Kendall@80: 0.7148
Epoch 35/150 | Train Loss: 0.0260 | Epoch Time: 0.29s | Spearman@80: 0.8839 | Kendall@80: 0.7404
Epoch 36/150 | Train Loss: 0.0274 | Epoch Time: 0.28s | Spearman@80: 0.8889 | Kendall@80: 0.7372
Epoch 37/150 | Train Loss: 0.0245 | Epoch Time: 0.29s | Spearman@80: 0.8507 | Kendall@80: 0.6673
Epoch 38/150 | Train Loss: 0.0203 | Epoch Time: 0.28s | Spearman@80: 0.8782 | Kendall@80: 0.7159
Epoch 39/150 | Train Loss: 0.0275 | Epoch Time: 0.28s | Spearman@80: 0.8709 | Kendall@80: 0.7169
Epoch 40/150 | Train Loss: 0.0197 | Epoch Time: 0.28s | Spearman@80: 0.8630 | Kendall@80: 0.7062
Epoch 41/150 | Train Loss: 0.0138 | Epoch Time: 0.28s | Spearman@80: 0.8654 | Kendall@80: 0.7072
Epoch 42/150 | Train Loss: 0.0276 | Epoch Time: 0.28s | Spearman@80: 0.8742 | Kendall@80: 0.7245
Epoch 43/150 | Train Loss: 0.0244 | Epoch Time: 0.29s | Spearman@80: 0.8885 | Kendall@80: 0.7425
Epoch 44/150 | Train Loss: 0.0195 | Epoch Time: 0.29s | Spearman@80: 0.8787 | Kendall@80: 0.7279
Epoch 45/150 | Train Loss: 0.0227 | Epoch Time: 0.28s | Spearman@80: 0.8731 | Kendall@80: 0.7237
Epoch 46/150 | Train Loss: 0.0204 | Epoch Time: 0.28s | Spearman@80: 0.8821 | Kendall@80: 0.7378
Epoch 47/150 | Train Loss: 0.0296 | Epoch Time: 0.29s | Spearman@80: 0.8823 | Kendall@80: 0.7359
Epoch 48/150 | Train Loss: 0.0229 | Epoch Time: 0.27s | Spearman@80: 0.8730 | Kendall@80: 0.7163
Epoch 49/150 | Train Loss: 0.0282 | Epoch Time: 0.28s | Spearman@80: 0.8787 | Kendall@80: 0.7285
Epoch 50/150 | Train Loss: 0.0261 | Epoch Time: 0.28s | Spearman@80: 0.8944 | Kendall@80: 0.7491
Epoch 51/150 | Train Loss: 0.0174 | Epoch Time: 0.28s | Spearman@80: 0.8773 | Kendall@80: 0.7182
Epoch 52/150 | Train Loss: 0.0245 | Epoch Time: 0.29s | Spearman@80: 0.8640 | Kendall@80: 0.6971
Epoch 53/150 | Train Loss: 0.0166 | Epoch Time: 0.28s | Spearman@80: 0.8672 | Kendall@80: 0.7112
Epoch 54/150 | Train Loss: 0.0256 | Epoch Time: 0.29s | Spearman@80: 0.8674 | Kendall@80: 0.7091
Epoch 55/150 | Train Loss: 0.0229 | Epoch Time: 0.29s | Spearman@80: 0.8668 | Kendall@80: 0.7102
Epoch 56/150 | Train Loss: 0.0220 | Epoch Time: 0.28s | Spearman@80: 0.8599 | Kendall@80: 0.7024
Epoch 57/150 | Train Loss: 0.0223 | Epoch Time: 0.28s | Spearman@80: 0.8666 | Kendall@80: 0.7104
Epoch 58/150 | Train Loss: 0.0161 | Epoch Time: 0.28s | Spearman@80: 0.8659 | Kendall@80: 0.7127
Epoch 59/150 | Train Loss: 0.0177 | Epoch Time: 0.28s | Spearman@80: 0.8662 | Kendall@80: 0.7047
Epoch 60/150 | Train Loss: 0.0183 | Epoch Time: 0.29s | Spearman@80: 0.8553 | Kendall@80: 0.6965
Epoch 61/150 | Train Loss: 0.0227 | Epoch Time: 0.28s | Spearman@80: 0.8661 | Kendall@80: 0.7214
Epoch 62/150 | Train Loss: 0.0187 | Epoch Time: 0.28s | Spearman@80: 0.8547 | Kendall@80: 0.6977
Epoch 63/150 | Train Loss: 0.0183 | Epoch Time: 0.28s | Spearman@80: 0.8628 | Kendall@80: 0.7113
Epoch 64/150 | Train Loss: 0.0168 | Epoch Time: 0.27s | Spearman@80: 0.8762 | Kendall@80: 0.7252
Epoch 65/150 | Train Loss: 0.0142 | Epoch Time: 0.29s | Spearman@80: 0.8758 | Kendall@80: 0.7271
Epoch 66/150 | Train Loss: 0.0164 | Epoch Time: 0.30s | Spearman@80: 0.8801 | Kendall@80: 0.7296
Epoch 67/150 | Train Loss: 0.0169 | Epoch Time: 0.29s | Spearman@80: 0.8867 | Kendall@80: 0.7385
Epoch 68/150 | Train Loss: 0.0187 | Epoch Time: 0.28s | Spearman@80: 0.8818 | Kendall@80: 0.7347
Epoch 69/150 | Train Loss: 0.0180 | Epoch Time: 0.28s | Spearman@80: 0.8761 | Kendall@80: 0.7201
Epoch 70/150 | Train Loss: 0.0184 | Epoch Time: 0.29s | Spearman@80: 0.8900 | Kendall@80: 0.7370
Epoch 71/150 | Train Loss: 0.0200 | Epoch Time: 0.27s | Spearman@80: 0.8948 | Kendall@80: 0.7408
Epoch 72/150 | Train Loss: 0.0196 | Epoch Time: 0.29s | Spearman@80: 0.8932 | Kendall@80: 0.7414
Epoch 73/150 | Train Loss: 0.0171 | Epoch Time: 0.29s | Spearman@80: 0.8918 | Kendall@80: 0.7340
Epoch 74/150 | Train Loss: 0.0215 | Epoch Time: 0.28s | Spearman@80: 0.8922 | Kendall@80: 0.7412
Epoch 75/150 | Train Loss: 0.0203 | Epoch Time: 0.28s | Spearman@80: 0.9066 | Kendall@80: 0.7567
Epoch 76/150 | Train Loss: 0.0258 | Epoch Time: 0.29s | Spearman@80: 0.8964 | Kendall@80: 0.7499
Epoch 77/150 | Train Loss: 0.0195 | Epoch Time: 0.28s | Spearman@80: 0.8981 | Kendall@80: 0.7556
Epoch 78/150 | Train Loss: 0.0185 | Epoch Time: 0.29s | Spearman@80: 0.8965 | Kendall@80: 0.7562
Epoch 79/150 | Train Loss: 0.0144 | Epoch Time: 0.28s | Spearman@80: 0.8922 | Kendall@80: 0.7518
Epoch 80/150 | Train Loss: 0.0234 | Epoch Time: 0.28s | Spearman@80: 0.8858 | Kendall@80: 0.7404
Epoch 81/150 | Train Loss: 0.0166 | Epoch Time: 0.29s | Spearman@80: 0.8913 | Kendall@80: 0.7499
Epoch 82/150 | Train Loss: 0.0192 | Epoch Time: 0.29s | Spearman@80: 0.8920 | Kendall@80: 0.7471
Epoch 83/150 | Train Loss: 0.0174 | Epoch Time: 0.27s | Spearman@80: 0.8890 | Kendall@80: 0.7351
Epoch 84/150 | Train Loss: 0.0154 | Epoch Time: 0.29s | Spearman@80: 0.8862 | Kendall@80: 0.7349
Epoch 85/150 | Train Loss: 0.0153 | Epoch Time: 0.29s | Spearman@80: 0.8906 | Kendall@80: 0.7402
Epoch 86/150 | Train Loss: 0.0194 | Epoch Time: 0.29s | Spearman@80: 0.8792 | Kendall@80: 0.7233
Epoch 87/150 | Train Loss: 0.0198 | Epoch Time: 0.28s | Spearman@80: 0.8823 | Kendall@80: 0.7290
Epoch 88/150 | Train Loss: 0.0139 | Epoch Time: 0.28s | Spearman@80: 0.8827 | Kendall@80: 0.7319
Epoch 89/150 | Train Loss: 0.0161 | Epoch Time: 0.29s | Spearman@80: 0.8846 | Kendall@80: 0.7347
Epoch 90/150 | Train Loss: 0.0176 | Epoch Time: 0.28s | Spearman@80: 0.8864 | Kendall@80: 0.7359
Epoch 91/150 | Train Loss: 0.0207 | Epoch Time: 0.28s | Spearman@80: 0.8762 | Kendall@80: 0.7210
Epoch 92/150 | Train Loss: 0.0174 | Epoch Time: 0.29s | Spearman@80: 0.8765 | Kendall@80: 0.7193
Epoch 93/150 | Train Loss: 0.0152 | Epoch Time: 0.28s | Spearman@80: 0.8967 | Kendall@80: 0.7522
Epoch 94/150 | Train Loss: 0.0120 | Epoch Time: 0.28s | Spearman@80: 0.8950 | Kendall@80: 0.7461
Epoch 95/150 | Train Loss: 0.0180 | Epoch Time: 0.29s | Spearman@80: 0.8906 | Kendall@80: 0.7376
Epoch 96/150 | Train Loss: 0.0159 | Epoch Time: 0.29s | Spearman@80: 0.8916 | Kendall@80: 0.7395
Epoch 97/150 | Train Loss: 0.0133 | Epoch Time: 0.28s | Spearman@80: 0.8869 | Kendall@80: 0.7281
Epoch 98/150 | Train Loss: 0.0200 | Epoch Time: 0.28s | Spearman@80: 0.8814 | Kendall@80: 0.7214
Epoch 99/150 | Train Loss: 0.0154 | Epoch Time: 0.28s | Spearman@80: 0.8711 | Kendall@80: 0.7138
Epoch 100/150 | Train Loss: 0.0120 | Epoch Time: 0.28s | Spearman@80: 0.8801 | Kendall@80: 0.7220
Epoch 101/150 | Train Loss: 0.0150 | Epoch Time: 0.29s | Spearman@80: 0.8867 | Kendall@80: 0.7353
Epoch 102/150 | Train Loss: 0.0161 | Epoch Time: 0.28s | Spearman@80: 0.8772 | Kendall@80: 0.7231
Epoch 103/150 | Train Loss: 0.0197 | Epoch Time: 0.29s | Spearman@80: 0.8856 | Kendall@80: 0.7317
Epoch 104/150 | Train Loss: 0.0146 | Epoch Time: 0.29s | Spearman@80: 0.8926 | Kendall@80: 0.7455
Epoch 105/150 | Train Loss: 0.0154 | Epoch Time: 0.29s | Spearman@80: 0.8937 | Kendall@80: 0.7480
Epoch 106/150 | Train Loss: 0.0136 | Epoch Time: 0.29s | Spearman@80: 0.8926 | Kendall@80: 0.7455
Epoch 107/150 | Train Loss: 0.0123 | Epoch Time: 0.27s | Spearman@80: 0.8987 | Kendall@80: 0.7563
Epoch 108/150 | Train Loss: 0.0171 | Epoch Time: 0.28s | Spearman@80: 0.9015 | Kendall@80: 0.7589
Epoch 109/150 | Train Loss: 0.0156 | Epoch Time: 0.28s | Spearman@80: 0.8953 | Kendall@80: 0.7425
Epoch 110/150 | Train Loss: 0.0221 | Epoch Time: 0.29s | Spearman@80: 0.8955 | Kendall@80: 0.7461
Epoch 111/150 | Train Loss: 0.0144 | Epoch Time: 0.29s | Spearman@80: 0.8841 | Kendall@80: 0.7315
Epoch 112/150 | Train Loss: 0.0176 | Epoch Time: 0.29s | Spearman@80: 0.8955 | Kendall@80: 0.7421
Epoch 113/150 | Train Loss: 0.0121 | Epoch Time: 0.28s | Spearman@80: 0.8945 | Kendall@80: 0.7402
Epoch 114/150 | Train Loss: 0.0128 | Epoch Time: 0.28s | Spearman@80: 0.8909 | Kendall@80: 0.7366
Epoch 115/150 | Train Loss: 0.0121 | Epoch Time: 0.28s | Spearman@80: 0.8904 | Kendall@80: 0.7328
Epoch 116/150 | Train Loss: 0.0152 | Epoch Time: 0.28s | Spearman@80: 0.9018 | Kendall@80: 0.7478
Epoch 117/150 | Train Loss: 0.0112 | Epoch Time: 0.28s | Spearman@80: 0.8942 | Kendall@80: 0.7391
Epoch 118/150 | Train Loss: 0.0098 | Epoch Time: 0.28s | Spearman@80: 0.8998 | Kendall@80: 0.7499
Epoch 119/150 | Train Loss: 0.0169 | Epoch Time: 0.27s | Spearman@80: 0.8869 | Kendall@80: 0.7307
Epoch 120/150 | Train Loss: 0.0117 | Epoch Time: 0.27s | Spearman@80: 0.8905 | Kendall@80: 0.7376
Epoch 121/150 | Train Loss: 0.0123 | Epoch Time: 0.28s | Spearman@80: 0.9010 | Kendall@80: 0.7573
Epoch 122/150 | Train Loss: 0.0104 | Epoch Time: 0.27s | Spearman@80: 0.8989 | Kendall@80: 0.7505
Epoch 123/150 | Train Loss: 0.0175 | Epoch Time: 0.29s | Spearman@80: 0.8987 | Kendall@80: 0.7506
Epoch 124/150 | Train Loss: 0.0079 | Epoch Time: 0.29s | Spearman@80: 0.8990 | Kendall@80: 0.7529
Epoch 125/150 | Train Loss: 0.0120 | Epoch Time: 0.28s | Spearman@80: 0.8966 | Kendall@80: 0.7501
Epoch 126/150 | Train Loss: 0.0115 | Epoch Time: 0.27s | Spearman@80: 0.8968 | Kendall@80: 0.7511
Epoch 127/150 | Train Loss: 0.0080 | Epoch Time: 0.28s | Spearman@80: 0.8905 | Kendall@80: 0.7421
Epoch 128/150 | Train Loss: 0.0133 | Epoch Time: 0.28s | Spearman@80: 0.8953 | Kendall@80: 0.7497
Epoch 129/150 | Train Loss: 0.0103 | Epoch Time: 0.27s | Spearman@80: 0.8961 | Kendall@80: 0.7541
Epoch 130/150 | Train Loss: 0.0108 | Epoch Time: 0.27s | Spearman@80: 0.8941 | Kendall@80: 0.7497
Epoch 131/150 | Train Loss: 0.0079 | Epoch Time: 0.29s | Spearman@80: 0.8916 | Kendall@80: 0.7427
Epoch 132/150 | Train Loss: 0.0095 | Epoch Time: 0.29s | Spearman@80: 0.8860 | Kendall@80: 0.7345
Epoch 133/150 | Train Loss: 0.0132 | Epoch Time: 0.29s | Spearman@80: 0.8886 | Kendall@80: 0.7402
Epoch 134/150 | Train Loss: 0.0141 | Epoch Time: 0.29s | Spearman@80: 0.8898 | Kendall@80: 0.7408
Epoch 135/150 | Train Loss: 0.0147 | Epoch Time: 0.29s | Spearman@80: 0.8855 | Kendall@80: 0.7378
Epoch 136/150 | Train Loss: 0.0136 | Epoch Time: 0.29s | Spearman@80: 0.8840 | Kendall@80: 0.7334
Epoch 137/150 | Train Loss: 0.0135 | Epoch Time: 0.28s | Spearman@80: 0.8851 | Kendall@80: 0.7364
Epoch 138/150 | Train Loss: 0.0138 | Epoch Time: 0.28s | Spearman@80: 0.8812 | Kendall@80: 0.7283
Epoch 139/150 | Train Loss: 0.0080 | Epoch Time: 0.30s | Spearman@80: 0.8905 | Kendall@80: 0.7417
Epoch 140/150 | Train Loss: 0.0129 | Epoch Time: 0.28s | Spearman@80: 0.8870 | Kendall@80: 0.7351
Epoch 141/150 | Train Loss: 0.0173 | Epoch Time: 0.27s | Spearman@80: 0.8876 | Kendall@80: 0.7385
Epoch 142/150 | Train Loss: 0.0176 | Epoch Time: 0.28s | Spearman@80: 0.8839 | Kendall@80: 0.7345
Epoch 143/150 | Train Loss: 0.0088 | Epoch Time: 0.29s | Spearman@80: 0.8859 | Kendall@80: 0.7364
Epoch 144/150 | Train Loss: 0.0132 | Epoch Time: 0.28s | Spearman@80: 0.8821 | Kendall@80: 0.7326
Epoch 145/150 | Train Loss: 0.0086 | Epoch Time: 0.28s | Spearman@80: 0.8831 | Kendall@80: 0.7328
Epoch 146/150 | Train Loss: 0.0122 | Epoch Time: 0.28s | Spearman@80: 0.8860 | Kendall@80: 0.7370
Epoch 147/150 | Train Loss: 0.0109 | Epoch Time: 1.78s | Spearman@15560: 0.9125 | Kendall@15560: 0.7624
Epoch 148/150 | Train Loss: 0.0118 | Epoch Time: 1.69s | Spearman@15560: 0.9133 | Kendall@15560: 0.7640
Epoch 149/150 | Train Loss: 0.0119 | Epoch Time: 1.66s | Spearman@15560: 0.9147 | Kendall@15560: 0.7660
Epoch 150/150 | Train Loss: 0.0108 | Epoch Time: 1.67s | Spearman@15560: 0.9133 | Kendall@15560: 0.7642
Sample Count: 64, Spearman: 0.9134498190204482, Kendall: 0.7641289536052427
{64: (0.9134498190204482, 0.7641289536052427),
 128: (0.9318744531388223, 0.7888357389910463)}
Epoch 1/150 | Train Loss: 0.0928 | Epoch Time: 0.56s | Spearman@80: 0.5535 | Kendall@80: 0.3991
Epoch 2/150 | Train Loss: 0.0622 | Epoch Time: 0.56s | Spearman@80: 0.8696 | Kendall@80: 0.6736
Epoch 3/150 | Train Loss: 0.0414 | Epoch Time: 0.56s | Spearman@80: 0.8943 | Kendall@80: 0.7239
Epoch 4/150 | Train Loss: 0.0381 | Epoch Time: 0.55s | Spearman@80: 0.9005 | Kendall@80: 0.7250
Epoch 5/150 | Train Loss: 0.0398 | Epoch Time: 0.56s | Spearman@80: 0.9119 | Kendall@80: 0.7476
Epoch 6/150 | Train Loss: 0.0356 | Epoch Time: 0.57s | Spearman@80: 0.9058 | Kendall@80: 0.7432
Epoch 7/150 | Train Loss: 0.0295 | Epoch Time: 0.56s | Spearman@80: 0.8964 | Kendall@80: 0.7269
Epoch 8/150 | Train Loss: 0.0322 | Epoch Time: 0.57s | Spearman@80: 0.9071 | Kendall@80: 0.7508
Epoch 9/150 | Train Loss: 0.0288 | Epoch Time: 0.57s | Spearman@80: 0.8958 | Kendall@80: 0.7355
Epoch 10/150 | Train Loss: 0.0312 | Epoch Time: 0.56s | Spearman@80: 0.9054 | Kendall@80: 0.7360
Epoch 11/150 | Train Loss: 0.0386 | Epoch Time: 0.55s | Spearman@80: 0.9112 | Kendall@80: 0.7563
Epoch 12/150 | Train Loss: 0.0315 | Epoch Time: 0.57s | Spearman@80: 0.9268 | Kendall@80: 0.7736
Epoch 13/150 | Train Loss: 0.0314 | Epoch Time: 0.56s | Spearman@80: 0.9097 | Kendall@80: 0.7518
Epoch 14/150 | Train Loss: 0.0314 | Epoch Time: 0.55s | Spearman@80: 0.9253 | Kendall@80: 0.7802
Epoch 15/150 | Train Loss: 0.0351 | Epoch Time: 0.56s | Spearman@80: 0.9178 | Kendall@80: 0.7616
Epoch 16/150 | Train Loss: 0.0342 | Epoch Time: 0.56s | Spearman@80: 0.9274 | Kendall@80: 0.7800
Epoch 17/150 | Train Loss: 0.0327 | Epoch Time: 0.55s | Spearman@80: 0.9218 | Kendall@80: 0.7637
Epoch 18/150 | Train Loss: 0.0274 | Epoch Time: 0.57s | Spearman@80: 0.9144 | Kendall@80: 0.7614
Epoch 19/150 | Train Loss: 0.0283 | Epoch Time: 0.55s | Spearman@80: 0.8812 | Kendall@80: 0.7157
Epoch 20/150 | Train Loss: 0.0259 | Epoch Time: 0.57s | Spearman@80: 0.9168 | Kendall@80: 0.7679
Epoch 21/150 | Train Loss: 0.0319 | Epoch Time: 0.56s | Spearman@80: 0.9119 | Kendall@80: 0.7609
Epoch 22/150 | Train Loss: 0.0266 | Epoch Time: 0.55s | Spearman@80: 0.9181 | Kendall@80: 0.7582
Epoch 23/150 | Train Loss: 0.0289 | Epoch Time: 0.56s | Spearman@80: 0.8957 | Kendall@80: 0.7318
Epoch 24/150 | Train Loss: 0.0274 | Epoch Time: 0.55s | Spearman@80: 0.8995 | Kendall@80: 0.7360
Epoch 25/150 | Train Loss: 0.0355 | Epoch Time: 0.57s | Spearman@80: 0.9166 | Kendall@80: 0.7664
Epoch 26/150 | Train Loss: 0.0292 | Epoch Time: 0.54s | Spearman@80: 0.9220 | Kendall@80: 0.7711
Epoch 27/150 | Train Loss: 0.0334 | Epoch Time: 0.57s | Spearman@80: 0.9240 | Kendall@80: 0.7753
Epoch 28/150 | Train Loss: 0.0278 | Epoch Time: 0.56s | Spearman@80: 0.9096 | Kendall@80: 0.7508
Epoch 29/150 | Train Loss: 0.0286 | Epoch Time: 0.55s | Spearman@80: 0.9041 | Kendall@80: 0.7468
Epoch 30/150 | Train Loss: 0.0309 | Epoch Time: 0.55s | Spearman@80: 0.9238 | Kendall@80: 0.7728
Epoch 31/150 | Train Loss: 0.0281 | Epoch Time: 0.56s | Spearman@80: 0.9221 | Kendall@80: 0.7753
Epoch 32/150 | Train Loss: 0.0357 | Epoch Time: 0.55s | Spearman@80: 0.9211 | Kendall@80: 0.7734
Epoch 33/150 | Train Loss: 0.0268 | Epoch Time: 0.55s | Spearman@80: 0.9265 | Kendall@80: 0.7727
Epoch 34/150 | Train Loss: 0.0286 | Epoch Time: 0.57s | Spearman@80: 0.9166 | Kendall@80: 0.7624
Epoch 35/150 | Train Loss: 0.0243 | Epoch Time: 0.55s | Spearman@80: 0.9140 | Kendall@80: 0.7628
Epoch 36/150 | Train Loss: 0.0293 | Epoch Time: 0.56s | Spearman@80: 0.9206 | Kendall@80: 0.7684
Epoch 37/150 | Train Loss: 0.0249 | Epoch Time: 0.55s | Spearman@80: 0.9053 | Kendall@80: 0.7451
Epoch 38/150 | Train Loss: 0.0331 | Epoch Time: 0.55s | Spearman@80: 0.9212 | Kendall@80: 0.7624
Epoch 39/150 | Train Loss: 0.0312 | Epoch Time: 0.54s | Spearman@80: 0.9186 | Kendall@80: 0.7698
Epoch 40/150 | Train Loss: 0.0281 | Epoch Time: 0.55s | Spearman@80: 0.9319 | Kendall@80: 0.7798
Epoch 41/150 | Train Loss: 0.0264 | Epoch Time: 0.55s | Spearman@80: 0.9103 | Kendall@80: 0.7514
Epoch 42/150 | Train Loss: 0.0282 | Epoch Time: 0.57s | Spearman@80: 0.9181 | Kendall@80: 0.7732
Epoch 43/150 | Train Loss: 0.0299 | Epoch Time: 0.57s | Spearman@80: 0.9098 | Kendall@80: 0.7603
Epoch 44/150 | Train Loss: 0.0304 | Epoch Time: 0.49s | Spearman@80: 0.9113 | Kendall@80: 0.7516
Epoch 45/150 | Train Loss: 0.0248 | Epoch Time: 0.49s | Spearman@80: 0.9189 | Kendall@80: 0.7652
Epoch 46/150 | Train Loss: 0.0260 | Epoch Time: 0.50s | Spearman@80: 0.9176 | Kendall@80: 0.7652
Epoch 47/150 | Train Loss: 0.0344 | Epoch Time: 0.49s | Spearman@80: 0.8947 | Kendall@80: 0.7424
Epoch 48/150 | Train Loss: 0.0247 | Epoch Time: 0.49s | Spearman@80: 0.9160 | Kendall@80: 0.7582
Epoch 49/150 | Train Loss: 0.0242 | Epoch Time: 0.50s | Spearman@80: 0.9083 | Kendall@80: 0.7533
Epoch 50/150 | Train Loss: 0.0245 | Epoch Time: 0.49s | Spearman@80: 0.9193 | Kendall@80: 0.7696
Epoch 51/150 | Train Loss: 0.0300 | Epoch Time: 0.49s | Spearman@80: 0.9121 | Kendall@80: 0.7622
Epoch 52/150 | Train Loss: 0.0221 | Epoch Time: 0.49s | Spearman@80: 0.9075 | Kendall@80: 0.7557
Epoch 53/150 | Train Loss: 0.0241 | Epoch Time: 0.49s | Spearman@80: 0.8996 | Kendall@80: 0.7415
Epoch 54/150 | Train Loss: 0.0243 | Epoch Time: 0.49s | Spearman@80: 0.8952 | Kendall@80: 0.7379
Epoch 55/150 | Train Loss: 0.0274 | Epoch Time: 0.49s | Spearman@80: 0.8892 | Kendall@80: 0.7410
Epoch 56/150 | Train Loss: 0.0250 | Epoch Time: 0.49s | Spearman@80: 0.9004 | Kendall@80: 0.7529
Epoch 57/150 | Train Loss: 0.0263 | Epoch Time: 0.49s | Spearman@80: 0.9035 | Kendall@80: 0.7449
Epoch 58/150 | Train Loss: 0.0300 | Epoch Time: 0.49s | Spearman@80: 0.9028 | Kendall@80: 0.7429
Epoch 59/150 | Train Loss: 0.0280 | Epoch Time: 0.49s | Spearman@80: 0.9138 | Kendall@80: 0.7597
Epoch 60/150 | Train Loss: 0.0284 | Epoch Time: 0.49s | Spearman@80: 0.9010 | Kendall@80: 0.7431
Epoch 61/150 | Train Loss: 0.0249 | Epoch Time: 0.49s | Spearman@80: 0.9058 | Kendall@80: 0.7529
Epoch 62/150 | Train Loss: 0.0282 | Epoch Time: 0.49s | Spearman@80: 0.8883 | Kendall@80: 0.7316
Epoch 63/150 | Train Loss: 0.0237 | Epoch Time: 0.49s | Spearman@80: 0.8987 | Kendall@80: 0.7362
Epoch 64/150 | Train Loss: 0.0275 | Epoch Time: 0.49s | Spearman@80: 0.8403 | Kendall@80: 0.6671
Epoch 65/150 | Train Loss: 0.0304 | Epoch Time: 0.49s | Spearman@80: 0.9027 | Kendall@80: 0.7353
Epoch 66/150 | Train Loss: 0.0253 | Epoch Time: 0.50s | Spearman@80: 0.8922 | Kendall@80: 0.7258
Epoch 67/150 | Train Loss: 0.0258 | Epoch Time: 0.49s | Spearman@80: 0.9163 | Kendall@80: 0.7685
Epoch 68/150 | Train Loss: 0.0297 | Epoch Time: 0.49s | Spearman@80: 0.8986 | Kendall@80: 0.7316
Epoch 69/150 | Train Loss: 0.0315 | Epoch Time: 0.49s | Spearman@80: 0.9062 | Kendall@80: 0.7516
Epoch 70/150 | Train Loss: 0.0254 | Epoch Time: 0.49s | Spearman@80: 0.9099 | Kendall@80: 0.7573
Epoch 71/150 | Train Loss: 0.0267 | Epoch Time: 0.49s | Spearman@80: 0.8994 | Kendall@80: 0.7394
Epoch 72/150 | Train Loss: 0.0250 | Epoch Time: 0.49s | Spearman@80: 0.8965 | Kendall@80: 0.7360
Epoch 73/150 | Train Loss: 0.0286 | Epoch Time: 0.49s | Spearman@80: 0.9034 | Kendall@80: 0.7468
Epoch 74/150 | Train Loss: 0.0284 | Epoch Time: 0.49s | Spearman@80: 0.9052 | Kendall@80: 0.7529
Epoch 75/150 | Train Loss: 0.0283 | Epoch Time: 0.49s | Spearman@80: 0.9071 | Kendall@80: 0.7556
Epoch 76/150 | Train Loss: 0.0200 | Epoch Time: 0.49s | Spearman@80: 0.9139 | Kendall@80: 0.7635
Epoch 77/150 | Train Loss: 0.0261 | Epoch Time: 0.49s | Spearman@80: 0.9115 | Kendall@80: 0.7599
Epoch 78/150 | Train Loss: 0.0272 | Epoch Time: 0.50s | Spearman@80: 0.9131 | Kendall@80: 0.7592
Epoch 79/150 | Train Loss: 0.0310 | Epoch Time: 0.49s | Spearman@80: 0.9163 | Kendall@80: 0.7675
Epoch 80/150 | Train Loss: 0.0266 | Epoch Time: 0.49s | Spearman@80: 0.9171 | Kendall@80: 0.7734
Epoch 81/150 | Train Loss: 0.0244 | Epoch Time: 0.50s | Spearman@80: 0.9019 | Kendall@80: 0.7449
Epoch 82/150 | Train Loss: 0.0268 | Epoch Time: 0.49s | Spearman@80: 0.9105 | Kendall@80: 0.7628
Epoch 83/150 | Train Loss: 0.0202 | Epoch Time: 0.50s | Spearman@80: 0.9102 | Kendall@80: 0.7624
Epoch 84/150 | Train Loss: 0.0235 | Epoch Time: 0.49s | Spearman@80: 0.9097 | Kendall@80: 0.7630
Epoch 85/150 | Train Loss: 0.0242 | Epoch Time: 0.49s | Spearman@80: 0.9004 | Kendall@80: 0.7478
Epoch 86/150 | Train Loss: 0.0227 | Epoch Time: 0.49s | Spearman@80: 0.9173 | Kendall@80: 0.7692
Epoch 87/150 | Train Loss: 0.0217 | Epoch Time: 0.49s | Spearman@80: 0.9183 | Kendall@80: 0.7810
Epoch 88/150 | Train Loss: 0.0199 | Epoch Time: 0.49s | Spearman@80: 0.9137 | Kendall@80: 0.7596
Epoch 89/150 | Train Loss: 0.0222 | Epoch Time: 0.49s | Spearman@80: 0.9100 | Kendall@80: 0.7586
Epoch 90/150 | Train Loss: 0.0216 | Epoch Time: 0.50s | Spearman@80: 0.9009 | Kendall@80: 0.7449
Epoch 91/150 | Train Loss: 0.0239 | Epoch Time: 0.49s | Spearman@80: 0.9156 | Kendall@80: 0.7703
Epoch 92/150 | Train Loss: 0.0201 | Epoch Time: 0.49s | Spearman@80: 0.9154 | Kendall@80: 0.7654
Epoch 93/150 | Train Loss: 0.0192 | Epoch Time: 0.49s | Spearman@80: 0.9158 | Kendall@80: 0.7734
Epoch 94/150 | Train Loss: 0.0221 | Epoch Time: 0.50s | Spearman@80: 0.9139 | Kendall@80: 0.7727
Epoch 95/150 | Train Loss: 0.0196 | Epoch Time: 0.49s | Spearman@80: 0.9162 | Kendall@80: 0.7736
Epoch 96/150 | Train Loss: 0.0218 | Epoch Time: 0.49s | Spearman@80: 0.9169 | Kendall@80: 0.7783
Epoch 97/150 | Train Loss: 0.0209 | Epoch Time: 0.49s | Spearman@80: 0.9126 | Kendall@80: 0.7703
Epoch 98/150 | Train Loss: 0.0219 | Epoch Time: 0.49s | Spearman@80: 0.9112 | Kendall@80: 0.7665
Epoch 99/150 | Train Loss: 0.0217 | Epoch Time: 0.49s | Spearman@80: 0.9155 | Kendall@80: 0.7715
Epoch 100/150 | Train Loss: 0.0230 | Epoch Time: 0.49s | Spearman@80: 0.9204 | Kendall@80: 0.7766
Epoch 101/150 | Train Loss: 0.0191 | Epoch Time: 0.50s | Spearman@80: 0.9163 | Kendall@80: 0.7772
Epoch 102/150 | Train Loss: 0.0190 | Epoch Time: 0.49s | Spearman@80: 0.9148 | Kendall@80: 0.7764
Epoch 103/150 | Train Loss: 0.0212 | Epoch Time: 0.49s | Spearman@80: 0.9111 | Kendall@80: 0.7641
Epoch 104/150 | Train Loss: 0.0178 | Epoch Time: 0.49s | Spearman@80: 0.9114 | Kendall@80: 0.7673
Epoch 105/150 | Train Loss: 0.0207 | Epoch Time: 0.50s | Spearman@80: 0.9189 | Kendall@80: 0.7781
Epoch 106/150 | Train Loss: 0.0176 | Epoch Time: 0.49s | Spearman@80: 0.9175 | Kendall@80: 0.7779
Epoch 107/150 | Train Loss: 0.0188 | Epoch Time: 0.49s | Spearman@80: 0.9135 | Kendall@80: 0.7719
Epoch 108/150 | Train Loss: 0.0238 | Epoch Time: 0.49s | Spearman@80: 0.9208 | Kendall@80: 0.7867
Epoch 109/150 | Train Loss: 0.0223 | Epoch Time: 0.49s | Spearman@80: 0.9136 | Kendall@80: 0.7722
Epoch 110/150 | Train Loss: 0.0188 | Epoch Time: 0.49s | Spearman@80: 0.9182 | Kendall@80: 0.7810
Epoch 111/150 | Train Loss: 0.0169 | Epoch Time: 0.49s | Spearman@80: 0.9157 | Kendall@80: 0.7741
Epoch 112/150 | Train Loss: 0.0202 | Epoch Time: 0.49s | Spearman@80: 0.9136 | Kendall@80: 0.7706
Epoch 113/150 | Train Loss: 0.0174 | Epoch Time: 0.49s | Spearman@80: 0.9220 | Kendall@80: 0.7874
Epoch 114/150 | Train Loss: 0.0215 | Epoch Time: 0.50s | Spearman@80: 0.9165 | Kendall@80: 0.7749
Epoch 115/150 | Train Loss: 0.0205 | Epoch Time: 0.49s | Spearman@80: 0.9153 | Kendall@80: 0.7734
Epoch 116/150 | Train Loss: 0.0195 | Epoch Time: 0.49s | Spearman@80: 0.9188 | Kendall@80: 0.7757
Epoch 117/150 | Train Loss: 0.0185 | Epoch Time: 0.49s | Spearman@80: 0.9163 | Kendall@80: 0.7764
Epoch 118/150 | Train Loss: 0.0202 | Epoch Time: 0.49s | Spearman@80: 0.9123 | Kendall@80: 0.7696
Epoch 119/150 | Train Loss: 0.0221 | Epoch Time: 0.49s | Spearman@80: 0.9152 | Kendall@80: 0.7762
Epoch 120/150 | Train Loss: 0.0201 | Epoch Time: 0.49s | Spearman@80: 0.9162 | Kendall@80: 0.7791
Epoch 121/150 | Train Loss: 0.0174 | Epoch Time: 0.49s | Spearman@80: 0.9178 | Kendall@80: 0.7781
Epoch 122/150 | Train Loss: 0.0196 | Epoch Time: 0.49s | Spearman@80: 0.9218 | Kendall@80: 0.7854
Epoch 123/150 | Train Loss: 0.0175 | Epoch Time: 0.49s | Spearman@80: 0.9208 | Kendall@80: 0.7855
Epoch 124/150 | Train Loss: 0.0170 | Epoch Time: 0.49s | Spearman@80: 0.9197 | Kendall@80: 0.7829
Epoch 125/150 | Train Loss: 0.0203 | Epoch Time: 0.50s | Spearman@80: 0.9237 | Kendall@80: 0.7876
Epoch 126/150 | Train Loss: 0.0186 | Epoch Time: 0.49s | Spearman@80: 0.9223 | Kendall@80: 0.7909
Epoch 127/150 | Train Loss: 0.0222 | Epoch Time: 0.50s | Spearman@80: 0.9201 | Kendall@80: 0.7842
Epoch 128/150 | Train Loss: 0.0201 | Epoch Time: 0.49s | Spearman@80: 0.9203 | Kendall@80: 0.7863
Epoch 129/150 | Train Loss: 0.0180 | Epoch Time: 0.49s | Spearman@80: 0.9193 | Kendall@80: 0.7855
Epoch 130/150 | Train Loss: 0.0178 | Epoch Time: 0.49s | Spearman@80: 0.9184 | Kendall@80: 0.7814
Epoch 131/150 | Train Loss: 0.0204 | Epoch Time: 0.49s | Spearman@80: 0.9211 | Kendall@80: 0.7869
Epoch 132/150 | Train Loss: 0.0186 | Epoch Time: 0.49s | Spearman@80: 0.9224 | Kendall@80: 0.7895
Epoch 133/150 | Train Loss: 0.0152 | Epoch Time: 0.49s | Spearman@80: 0.9241 | Kendall@80: 0.7907
Epoch 134/150 | Train Loss: 0.0171 | Epoch Time: 0.50s | Spearman@80: 0.9214 | Kendall@80: 0.7871
Epoch 135/150 | Train Loss: 0.0215 | Epoch Time: 0.49s | Spearman@80: 0.9214 | Kendall@80: 0.7886
Epoch 136/150 | Train Loss: 0.0188 | Epoch Time: 0.49s | Spearman@80: 0.9215 | Kendall@80: 0.7880
Epoch 137/150 | Train Loss: 0.0167 | Epoch Time: 0.49s | Spearman@80: 0.9198 | Kendall@80: 0.7836
Epoch 138/150 | Train Loss: 0.0191 | Epoch Time: 0.49s | Spearman@80: 0.9206 | Kendall@80: 0.7852
Epoch 139/150 | Train Loss: 0.0161 | Epoch Time: 0.49s | Spearman@80: 0.9205 | Kendall@80: 0.7833
Epoch 140/150 | Train Loss: 0.0182 | Epoch Time: 0.49s | Spearman@80: 0.9198 | Kendall@80: 0.7848
Epoch 141/150 | Train Loss: 0.0150 | Epoch Time: 0.49s | Spearman@80: 0.9213 | Kendall@80: 0.7863
Epoch 142/150 | Train Loss: 0.0211 | Epoch Time: 0.49s | Spearman@80: 0.9211 | Kendall@80: 0.7895
Epoch 143/150 | Train Loss: 0.0187 | Epoch Time: 0.49s | Spearman@80: 0.9231 | Kendall@80: 0.7893
Epoch 144/150 | Train Loss: 0.0223 | Epoch Time: 0.49s | Spearman@80: 0.9196 | Kendall@80: 0.7823
Epoch 145/150 | Train Loss: 0.0148 | Epoch Time: 0.50s | Spearman@80: 0.9199 | Kendall@80: 0.7842
Epoch 146/150 | Train Loss: 0.0162 | Epoch Time: 0.49s | Spearman@80: 0.9216 | Kendall@80: 0.7874
Epoch 147/150 | Train Loss: 0.0173 | Epoch Time: 1.69s | Spearman@15496: 0.9361 | Kendall@15496: 0.7967
Epoch 148/150 | Train Loss: 0.0195 | Epoch Time: 1.64s | Spearman@15496: 0.9352 | Kendall@15496: 0.7958
Epoch 149/150 | Train Loss: 0.0165 | Epoch Time: 1.65s | Spearman@15496: 0.9355 | Kendall@15496: 0.7969
Epoch 150/150 | Train Loss: 0.0176 | Epoch Time: 1.67s | Spearman@15496: 0.9362 | Kendall@15496: 0.7973
Sample Count: 128, Spearman: 0.9357652117738327, Kendall: 0.7966437663964336
{64: (0.9134498190204482, 0.7641289536052427),
 128: (0.9357652117738327, 0.7966437663964336)}
Epoch 1/150 | Train Loss: 0.0974 | Epoch Time: 0.25s | Spearman@80: 0.2469 | Kendall@80: 0.1691
Epoch 2/150 | Train Loss: 0.0908 | Epoch Time: 0.25s | Spearman@80: 0.3465 | Kendall@80: 0.2334
Epoch 3/150 | Train Loss: 0.0725 | Epoch Time: 0.25s | Spearman@80: 0.5951 | Kendall@80: 0.4351
Epoch 4/150 | Train Loss: 0.0590 | Epoch Time: 0.25s | Spearman@80: 0.7909 | Kendall@80: 0.5937
Epoch 5/150 | Train Loss: 0.0471 | Epoch Time: 0.25s | Spearman@80: 0.8265 | Kendall@80: 0.6286
Epoch 6/150 | Train Loss: 0.0304 | Epoch Time: 0.25s | Spearman@80: 0.8444 | Kendall@80: 0.6527
Epoch 7/150 | Train Loss: 0.0310 | Epoch Time: 0.25s | Spearman@80: 0.8608 | Kendall@80: 0.6698
Epoch 8/150 | Train Loss: 0.0300 | Epoch Time: 0.25s | Spearman@80: 0.8792 | Kendall@80: 0.6958
Epoch 9/150 | Train Loss: 0.0326 | Epoch Time: 0.25s | Spearman@80: 0.8744 | Kendall@80: 0.6920
Epoch 10/150 | Train Loss: 0.0373 | Epoch Time: 0.25s | Spearman@80: 0.8861 | Kendall@80: 0.7090
Epoch 11/150 | Train Loss: 0.0314 | Epoch Time: 0.25s | Spearman@80: 0.8760 | Kendall@80: 0.6939
Epoch 12/150 | Train Loss: 0.0263 | Epoch Time: 0.25s | Spearman@80: 0.8806 | Kendall@80: 0.7054
Epoch 13/150 | Train Loss: 0.0321 | Epoch Time: 0.25s | Spearman@80: 0.8573 | Kendall@80: 0.6633
Epoch 14/150 | Train Loss: 0.0262 | Epoch Time: 0.25s | Spearman@80: 0.8653 | Kendall@80: 0.6819
Epoch 15/150 | Train Loss: 0.0324 | Epoch Time: 0.25s | Spearman@80: 0.8807 | Kendall@80: 0.7096
Epoch 16/150 | Train Loss: 0.0346 | Epoch Time: 0.25s | Spearman@80: 0.8905 | Kendall@80: 0.7187
Epoch 17/150 | Train Loss: 0.0276 | Epoch Time: 0.25s | Spearman@80: 0.8954 | Kendall@80: 0.7301
Epoch 18/150 | Train Loss: 0.0284 | Epoch Time: 0.25s | Spearman@80: 0.8988 | Kendall@80: 0.7364
Epoch 19/150 | Train Loss: 0.0267 | Epoch Time: 0.25s | Spearman@80: 0.9047 | Kendall@80: 0.7434
Epoch 20/150 | Train Loss: 0.0278 | Epoch Time: 0.25s | Spearman@80: 0.8611 | Kendall@80: 0.6823
Epoch 21/150 | Train Loss: 0.0337 | Epoch Time: 0.25s | Spearman@80: 0.8677 | Kendall@80: 0.6810
Epoch 22/150 | Train Loss: 0.0349 | Epoch Time: 0.25s | Spearman@80: 0.8929 | Kendall@80: 0.7269
Epoch 23/150 | Train Loss: 0.0280 | Epoch Time: 0.25s | Spearman@80: 0.9047 | Kendall@80: 0.7415
Epoch 24/150 | Train Loss: 0.0265 | Epoch Time: 0.26s | Spearman@80: 0.8996 | Kendall@80: 0.7339
Epoch 25/150 | Train Loss: 0.0221 | Epoch Time: 0.26s | Spearman@80: 0.9088 | Kendall@80: 0.7472
Epoch 26/150 | Train Loss: 0.0290 | Epoch Time: 0.25s | Spearman@80: 0.8916 | Kendall@80: 0.7168
Epoch 27/150 | Train Loss: 0.0300 | Epoch Time: 0.25s | Spearman@80: 0.9075 | Kendall@80: 0.7472
Epoch 28/150 | Train Loss: 0.0291 | Epoch Time: 0.26s | Spearman@80: 0.9119 | Kendall@80: 0.7593
Epoch 29/150 | Train Loss: 0.0271 | Epoch Time: 0.25s | Spearman@80: 0.8919 | Kendall@80: 0.7225
Epoch 30/150 | Train Loss: 0.0216 | Epoch Time: 0.25s | Spearman@80: 0.9034 | Kendall@80: 0.7413
Epoch 31/150 | Train Loss: 0.0208 | Epoch Time: 0.25s | Spearman@80: 0.8685 | Kendall@80: 0.6889
Epoch 32/150 | Train Loss: 0.0288 | Epoch Time: 0.25s | Spearman@80: 0.8926 | Kendall@80: 0.7206
Epoch 33/150 | Train Loss: 0.0215 | Epoch Time: 0.25s | Spearman@80: 0.9020 | Kendall@80: 0.7388
Epoch 34/150 | Train Loss: 0.0180 | Epoch Time: 0.25s | Spearman@80: 0.9023 | Kendall@80: 0.7364
Epoch 35/150 | Train Loss: 0.0269 | Epoch Time: 0.25s | Spearman@80: 0.9024 | Kendall@80: 0.7394
Epoch 36/150 | Train Loss: 0.0240 | Epoch Time: 0.25s | Spearman@80: 0.9031 | Kendall@80: 0.7422
Epoch 37/150 | Train Loss: 0.0212 | Epoch Time: 0.25s | Spearman@80: 0.9095 | Kendall@80: 0.7572
Epoch 38/150 | Train Loss: 0.0256 | Epoch Time: 0.25s | Spearman@80: 0.9056 | Kendall@80: 0.7464
Epoch 39/150 | Train Loss: 0.0225 | Epoch Time: 0.25s | Spearman@80: 0.8916 | Kendall@80: 0.7206
Epoch 40/150 | Train Loss: 0.0209 | Epoch Time: 0.25s | Spearman@80: 0.8979 | Kendall@80: 0.7324
Epoch 41/150 | Train Loss: 0.0177 | Epoch Time: 0.25s | Spearman@80: 0.8879 | Kendall@80: 0.7174
Epoch 42/150 | Train Loss: 0.0220 | Epoch Time: 0.25s | Spearman@80: 0.9007 | Kendall@80: 0.7439
Epoch 43/150 | Train Loss: 0.0190 | Epoch Time: 0.25s | Spearman@80: 0.8931 | Kendall@80: 0.7236
Epoch 44/150 | Train Loss: 0.0225 | Epoch Time: 0.25s | Spearman@80: 0.8952 | Kendall@80: 0.7242
Epoch 45/150 | Train Loss: 0.0206 | Epoch Time: 0.25s | Spearman@80: 0.9054 | Kendall@80: 0.7483
Epoch 46/150 | Train Loss: 0.0149 | Epoch Time: 0.25s | Spearman@80: 0.8783 | Kendall@80: 0.7041
Epoch 47/150 | Train Loss: 0.0282 | Epoch Time: 0.25s | Spearman@80: 0.9054 | Kendall@80: 0.7390
Epoch 48/150 | Train Loss: 0.0196 | Epoch Time: 0.25s | Spearman@80: 0.9051 | Kendall@80: 0.7396
Epoch 49/150 | Train Loss: 0.0206 | Epoch Time: 0.25s | Spearman@80: 0.9157 | Kendall@80: 0.7591
Epoch 50/150 | Train Loss: 0.0238 | Epoch Time: 0.25s | Spearman@80: 0.9147 | Kendall@80: 0.7610
Epoch 51/150 | Train Loss: 0.0197 | Epoch Time: 0.25s | Spearman@80: 0.9159 | Kendall@80: 0.7618
Epoch 52/150 | Train Loss: 0.0204 | Epoch Time: 0.25s | Spearman@80: 0.9193 | Kendall@80: 0.7737
Epoch 53/150 | Train Loss: 0.0174 | Epoch Time: 0.25s | Spearman@80: 0.9181 | Kendall@80: 0.7713
Epoch 54/150 | Train Loss: 0.0192 | Epoch Time: 0.25s | Spearman@80: 0.9104 | Kendall@80: 0.7529
Epoch 55/150 | Train Loss: 0.0192 | Epoch Time: 0.25s | Spearman@80: 0.9245 | Kendall@80: 0.7783
Epoch 56/150 | Train Loss: 0.0201 | Epoch Time: 0.25s | Spearman@80: 0.9189 | Kendall@80: 0.7644
Epoch 57/150 | Train Loss: 0.0157 | Epoch Time: 0.25s | Spearman@80: 0.9245 | Kendall@80: 0.7739
Epoch 58/150 | Train Loss: 0.0194 | Epoch Time: 0.25s | Spearman@80: 0.9115 | Kendall@80: 0.7466
Epoch 59/150 | Train Loss: 0.0210 | Epoch Time: 0.25s | Spearman@80: 0.9025 | Kendall@80: 0.7523
Epoch 60/150 | Train Loss: 0.0261 | Epoch Time: 0.25s | Spearman@80: 0.9062 | Kendall@80: 0.7536
Epoch 61/150 | Train Loss: 0.0199 | Epoch Time: 0.25s | Spearman@80: 0.8950 | Kendall@80: 0.7326
Epoch 62/150 | Train Loss: 0.0256 | Epoch Time: 0.25s | Spearman@80: 0.8955 | Kendall@80: 0.7301
Epoch 63/150 | Train Loss: 0.0200 | Epoch Time: 0.26s | Spearman@80: 0.9058 | Kendall@80: 0.7523
Epoch 64/150 | Train Loss: 0.0214 | Epoch Time: 0.25s | Spearman@80: 0.9106 | Kendall@80: 0.7578
Epoch 65/150 | Train Loss: 0.0140 | Epoch Time: 0.25s | Spearman@80: 0.9154 | Kendall@80: 0.7637
Epoch 66/150 | Train Loss: 0.0214 | Epoch Time: 0.25s | Spearman@80: 0.8997 | Kendall@80: 0.7381
Epoch 67/150 | Train Loss: 0.0186 | Epoch Time: 0.25s | Spearman@80: 0.9153 | Kendall@80: 0.7682
Epoch 68/150 | Train Loss: 0.0220 | Epoch Time: 0.25s | Spearman@80: 0.9117 | Kendall@80: 0.7605
Epoch 69/150 | Train Loss: 0.0190 | Epoch Time: 0.25s | Spearman@80: 0.8971 | Kendall@80: 0.7390
Epoch 70/150 | Train Loss: 0.0220 | Epoch Time: 0.25s | Spearman@80: 0.9229 | Kendall@80: 0.7764
Epoch 71/150 | Train Loss: 0.0207 | Epoch Time: 0.25s | Spearman@80: 0.9196 | Kendall@80: 0.7663
Epoch 72/150 | Train Loss: 0.0188 | Epoch Time: 0.25s | Spearman@80: 0.9243 | Kendall@80: 0.7751
Epoch 73/150 | Train Loss: 0.0178 | Epoch Time: 0.25s | Spearman@80: 0.9189 | Kendall@80: 0.7701
Epoch 74/150 | Train Loss: 0.0163 | Epoch Time: 0.25s | Spearman@80: 0.9200 | Kendall@80: 0.7667
Epoch 75/150 | Train Loss: 0.0239 | Epoch Time: 0.25s | Spearman@80: 0.9258 | Kendall@80: 0.7775
Epoch 76/150 | Train Loss: 0.0226 | Epoch Time: 0.25s | Spearman@80: 0.9291 | Kendall@80: 0.7802
Epoch 77/150 | Train Loss: 0.0153 | Epoch Time: 0.25s | Spearman@80: 0.9244 | Kendall@80: 0.7794
Epoch 78/150 | Train Loss: 0.0227 | Epoch Time: 0.25s | Spearman@80: 0.9168 | Kendall@80: 0.7612
Epoch 79/150 | Train Loss: 0.0238 | Epoch Time: 0.25s | Spearman@80: 0.9294 | Kendall@80: 0.7866
Epoch 80/150 | Train Loss: 0.0170 | Epoch Time: 0.25s | Spearman@80: 0.9297 | Kendall@80: 0.7808
Epoch 81/150 | Train Loss: 0.0162 | Epoch Time: 0.25s | Spearman@80: 0.9268 | Kendall@80: 0.7783
Epoch 82/150 | Train Loss: 0.0143 | Epoch Time: 0.25s | Spearman@80: 0.9321 | Kendall@80: 0.7895
Epoch 83/150 | Train Loss: 0.0194 | Epoch Time: 0.25s | Spearman@80: 0.9329 | Kendall@80: 0.7902
Epoch 84/150 | Train Loss: 0.0172 | Epoch Time: 0.26s | Spearman@80: 0.9374 | Kendall@80: 0.8022
Epoch 85/150 | Train Loss: 0.0111 | Epoch Time: 0.25s | Spearman@80: 0.9242 | Kendall@80: 0.7751
Epoch 86/150 | Train Loss: 0.0174 | Epoch Time: 0.25s | Spearman@80: 0.9314 | Kendall@80: 0.7940
Epoch 87/150 | Train Loss: 0.0195 | Epoch Time: 0.24s | Spearman@80: 0.9195 | Kendall@80: 0.7682
Epoch 88/150 | Train Loss: 0.0145 | Epoch Time: 0.25s | Spearman@80: 0.9238 | Kendall@80: 0.7794
Epoch 89/150 | Train Loss: 0.0157 | Epoch Time: 0.25s | Spearman@80: 0.9292 | Kendall@80: 0.7847
Epoch 90/150 | Train Loss: 0.0139 | Epoch Time: 0.25s | Spearman@80: 0.9217 | Kendall@80: 0.7694
Epoch 91/150 | Train Loss: 0.0174 | Epoch Time: 0.25s | Spearman@80: 0.9295 | Kendall@80: 0.7838
Epoch 92/150 | Train Loss: 0.0129 | Epoch Time: 0.25s | Spearman@80: 0.9287 | Kendall@80: 0.7802
Epoch 93/150 | Train Loss: 0.0177 | Epoch Time: 0.25s | Spearman@80: 0.9375 | Kendall@80: 0.7980
Epoch 94/150 | Train Loss: 0.0148 | Epoch Time: 0.25s | Spearman@80: 0.9329 | Kendall@80: 0.7878
Epoch 95/150 | Train Loss: 0.0196 | Epoch Time: 0.25s | Spearman@80: 0.9340 | Kendall@80: 0.7878
Epoch 96/150 | Train Loss: 0.0139 | Epoch Time: 0.25s | Spearman@80: 0.9360 | Kendall@80: 0.7921
Epoch 97/150 | Train Loss: 0.0184 | Epoch Time: 0.25s | Spearman@80: 0.9382 | Kendall@80: 0.7984
Epoch 98/150 | Train Loss: 0.0121 | Epoch Time: 0.26s | Spearman@80: 0.9420 | Kendall@80: 0.8043
Epoch 99/150 | Train Loss: 0.0140 | Epoch Time: 0.25s | Spearman@80: 0.9417 | Kendall@80: 0.8069
Epoch 100/150 | Train Loss: 0.0131 | Epoch Time: 0.25s | Spearman@80: 0.9346 | Kendall@80: 0.7902
Epoch 101/150 | Train Loss: 0.0133 | Epoch Time: 0.25s | Spearman@80: 0.9392 | Kendall@80: 0.7992
Epoch 102/150 | Train Loss: 0.0150 | Epoch Time: 0.25s | Spearman@80: 0.9410 | Kendall@80: 0.8035
Epoch 103/150 | Train Loss: 0.0161 | Epoch Time: 0.25s | Spearman@80: 0.9404 | Kendall@80: 0.8030
Epoch 104/150 | Train Loss: 0.0106 | Epoch Time: 0.26s | Spearman@80: 0.9385 | Kendall@80: 0.7999
Epoch 105/150 | Train Loss: 0.0161 | Epoch Time: 0.25s | Spearman@80: 0.9393 | Kendall@80: 0.8024
Epoch 106/150 | Train Loss: 0.0118 | Epoch Time: 0.25s | Spearman@80: 0.9399 | Kendall@80: 0.8030
Epoch 107/150 | Train Loss: 0.0115 | Epoch Time: 0.25s | Spearman@80: 0.9397 | Kendall@80: 0.8024
Epoch 108/150 | Train Loss: 0.0082 | Epoch Time: 0.25s | Spearman@80: 0.9375 | Kendall@80: 0.7986
Epoch 109/150 | Train Loss: 0.0152 | Epoch Time: 0.25s | Spearman@80: 0.9429 | Kendall@80: 0.8094
Epoch 110/150 | Train Loss: 0.0143 | Epoch Time: 0.25s | Spearman@80: 0.9398 | Kendall@80: 0.7997
Epoch 111/150 | Train Loss: 0.0206 | Epoch Time: 0.25s | Spearman@80: 0.9411 | Kendall@80: 0.8041
Epoch 112/150 | Train Loss: 0.0091 | Epoch Time: 0.25s | Spearman@80: 0.9423 | Kendall@80: 0.8100
Epoch 113/150 | Train Loss: 0.0172 | Epoch Time: 0.25s | Spearman@80: 0.9390 | Kendall@80: 0.8079
Epoch 114/150 | Train Loss: 0.0132 | Epoch Time: 0.25s | Spearman@80: 0.9389 | Kendall@80: 0.8081
Epoch 115/150 | Train Loss: 0.0133 | Epoch Time: 0.26s | Spearman@80: 0.9431 | Kendall@80: 0.8145
Epoch 116/150 | Train Loss: 0.0122 | Epoch Time: 0.25s | Spearman@80: 0.9426 | Kendall@80: 0.8111
Epoch 117/150 | Train Loss: 0.0099 | Epoch Time: 0.25s | Spearman@80: 0.9414 | Kendall@80: 0.8113
Epoch 118/150 | Train Loss: 0.0156 | Epoch Time: 0.25s | Spearman@80: 0.9381 | Kendall@80: 0.8022
Epoch 119/150 | Train Loss: 0.0137 | Epoch Time: 0.25s | Spearman@80: 0.9424 | Kendall@80: 0.8105
Epoch 120/150 | Train Loss: 0.0174 | Epoch Time: 0.25s | Spearman@80: 0.9387 | Kendall@80: 0.7967
Epoch 121/150 | Train Loss: 0.0113 | Epoch Time: 0.25s | Spearman@80: 0.9395 | Kendall@80: 0.8016
Epoch 122/150 | Train Loss: 0.0155 | Epoch Time: 0.25s | Spearman@80: 0.9411 | Kendall@80: 0.8067
Epoch 123/150 | Train Loss: 0.0100 | Epoch Time: 0.26s | Spearman@80: 0.9403 | Kendall@80: 0.8049
Epoch 124/150 | Train Loss: 0.0078 | Epoch Time: 0.25s | Spearman@80: 0.9429 | Kendall@80: 0.8119
Epoch 125/150 | Train Loss: 0.0127 | Epoch Time: 0.25s | Spearman@80: 0.9412 | Kendall@80: 0.8086
Epoch 126/150 | Train Loss: 0.0115 | Epoch Time: 0.25s | Spearman@80: 0.9424 | Kendall@80: 0.8124
Epoch 127/150 | Train Loss: 0.0101 | Epoch Time: 0.25s | Spearman@80: 0.9393 | Kendall@80: 0.8067
Epoch 128/150 | Train Loss: 0.0111 | Epoch Time: 0.25s | Spearman@80: 0.9420 | Kendall@80: 0.8119
Epoch 129/150 | Train Loss: 0.0133 | Epoch Time: 0.25s | Spearman@80: 0.9420 | Kendall@80: 0.8119
Epoch 130/150 | Train Loss: 0.0092 | Epoch Time: 0.25s | Spearman@80: 0.9416 | Kendall@80: 0.8111
Epoch 131/150 | Train Loss: 0.0077 | Epoch Time: 0.25s | Spearman@80: 0.9416 | Kendall@80: 0.8107
Epoch 132/150 | Train Loss: 0.0114 | Epoch Time: 0.25s | Spearman@80: 0.9410 | Kendall@80: 0.8075
Epoch 133/150 | Train Loss: 0.0115 | Epoch Time: 0.26s | Spearman@80: 0.9420 | Kendall@80: 0.8107
Epoch 134/150 | Train Loss: 0.0098 | Epoch Time: 0.25s | Spearman@80: 0.9407 | Kendall@80: 0.8081
Epoch 135/150 | Train Loss: 0.0099 | Epoch Time: 0.25s | Spearman@80: 0.9373 | Kendall@80: 0.8018
Epoch 136/150 | Train Loss: 0.0152 | Epoch Time: 0.25s | Spearman@80: 0.9394 | Kendall@80: 0.8049
Epoch 137/150 | Train Loss: 0.0082 | Epoch Time: 0.25s | Spearman@80: 0.9397 | Kendall@80: 0.8056
Epoch 138/150 | Train Loss: 0.0124 | Epoch Time: 0.25s | Spearman@80: 0.9406 | Kendall@80: 0.8094
Epoch 139/150 | Train Loss: 0.0138 | Epoch Time: 0.25s | Spearman@80: 0.9401 | Kendall@80: 0.8086
Epoch 140/150 | Train Loss: 0.0125 | Epoch Time: 0.25s | Spearman@80: 0.9392 | Kendall@80: 0.8049
Epoch 141/150 | Train Loss: 0.0074 | Epoch Time: 0.25s | Spearman@80: 0.9402 | Kendall@80: 0.8075
Epoch 142/150 | Train Loss: 0.0075 | Epoch Time: 0.25s | Spearman@80: 0.9420 | Kendall@80: 0.8119
Epoch 143/150 | Train Loss: 0.0070 | Epoch Time: 0.25s | Spearman@80: 0.9401 | Kendall@80: 0.8088
Epoch 144/150 | Train Loss: 0.0127 | Epoch Time: 0.25s | Spearman@80: 0.9387 | Kendall@80: 0.8056
Epoch 145/150 | Train Loss: 0.0099 | Epoch Time: 0.25s | Spearman@80: 0.9426 | Kendall@80: 0.8113
Epoch 146/150 | Train Loss: 0.0123 | Epoch Time: 0.25s | Spearman@80: 0.9407 | Kendall@80: 0.8100
Epoch 147/150 | Train Loss: 0.0108 | Epoch Time: 1.37s | Spearman@15560: 0.9353 | Kendall@15560: 0.7946
Epoch 148/150 | Train Loss: 0.0102 | Epoch Time: 1.34s | Spearman@15560: 0.9356 | Kendall@15560: 0.7949
Epoch 149/150 | Train Loss: 0.0125 | Epoch Time: 1.34s | Spearman@15560: 0.9352 | Kendall@15560: 0.7943
Epoch 150/150 | Train Loss: 0.0114 | Epoch Time: 1.35s | Spearman@15560: 0.9351 | Kendall@15560: 0.7940
Sample Count: 64, Spearman: 0.9353063049292247, Kendall: 0.7944629065691831
{64: (0.9353063049292247, 0.7944629065691831),
 128: (0.9357652117738327, 0.7966437663964336)}
Epoch 1/150 | Train Loss: 0.0910 | Epoch Time: 0.49s | Spearman@80: 0.4890 | Kendall@80: 0.3455
Epoch 2/150 | Train Loss: 0.0611 | Epoch Time: 0.50s | Spearman@80: 0.8110 | Kendall@80: 0.6283
Epoch 3/150 | Train Loss: 0.0402 | Epoch Time: 0.49s | Spearman@80: 0.8152 | Kendall@80: 0.6271
Epoch 4/150 | Train Loss: 0.0384 | Epoch Time: 0.49s | Spearman@80: 0.8617 | Kendall@80: 0.7025
Epoch 5/150 | Train Loss: 0.0333 | Epoch Time: 0.49s | Spearman@80: 0.8965 | Kendall@80: 0.7465
Epoch 6/150 | Train Loss: 0.0389 | Epoch Time: 0.50s | Spearman@80: 0.8586 | Kendall@80: 0.6690
Epoch 7/150 | Train Loss: 0.0373 | Epoch Time: 0.49s | Spearman@80: 0.8848 | Kendall@80: 0.7184
Epoch 8/150 | Train Loss: 0.0364 | Epoch Time: 0.49s | Spearman@80: 0.8902 | Kendall@80: 0.7279
Epoch 9/150 | Train Loss: 0.0429 | Epoch Time: 0.49s | Spearman@80: 0.9015 | Kendall@80: 0.7366
Epoch 10/150 | Train Loss: 0.0374 | Epoch Time: 0.50s | Spearman@80: 0.8556 | Kendall@80: 0.6569
Epoch 11/150 | Train Loss: 0.0356 | Epoch Time: 0.49s | Spearman@80: 0.8960 | Kendall@80: 0.7404
Epoch 12/150 | Train Loss: 0.0298 | Epoch Time: 0.49s | Spearman@80: 0.9006 | Kendall@80: 0.7493
Epoch 13/150 | Train Loss: 0.0336 | Epoch Time: 0.49s | Spearman@80: 0.9045 | Kendall@80: 0.7434
Epoch 14/150 | Train Loss: 0.0368 | Epoch Time: 0.49s | Spearman@80: 0.8700 | Kendall@80: 0.6777
Epoch 15/150 | Train Loss: 0.0406 | Epoch Time: 0.49s | Spearman@80: 0.9029 | Kendall@80: 0.7495
Epoch 16/150 | Train Loss: 0.0281 | Epoch Time: 0.49s | Spearman@80: 0.8973 | Kendall@80: 0.7421
Epoch 17/150 | Train Loss: 0.0376 | Epoch Time: 0.49s | Spearman@80: 0.9082 | Kendall@80: 0.7574
Epoch 18/150 | Train Loss: 0.0316 | Epoch Time: 0.50s | Spearman@80: 0.8931 | Kendall@80: 0.7290
Epoch 19/150 | Train Loss: 0.0345 | Epoch Time: 0.49s | Spearman@80: 0.9007 | Kendall@80: 0.7415
Epoch 20/150 | Train Loss: 0.0304 | Epoch Time: 0.49s | Spearman@80: 0.8961 | Kendall@80: 0.7332
Epoch 21/150 | Train Loss: 0.0322 | Epoch Time: 0.49s | Spearman@80: 0.9051 | Kendall@80: 0.7476
Epoch 22/150 | Train Loss: 0.0330 | Epoch Time: 0.50s | Spearman@80: 0.9109 | Kendall@80: 0.7629
Epoch 23/150 | Train Loss: 0.0347 | Epoch Time: 0.49s | Spearman@80: 0.9107 | Kendall@80: 0.7523
Epoch 24/150 | Train Loss: 0.0352 | Epoch Time: 0.49s | Spearman@80: 0.9207 | Kendall@80: 0.7760
Epoch 25/150 | Train Loss: 0.0350 | Epoch Time: 0.50s | Spearman@80: 0.9078 | Kendall@80: 0.7548
Epoch 26/150 | Train Loss: 0.0329 | Epoch Time: 0.49s | Spearman@80: 0.8922 | Kendall@80: 0.7287
Epoch 27/150 | Train Loss: 0.0273 | Epoch Time: 0.50s | Spearman@80: 0.9031 | Kendall@80: 0.7328
Epoch 28/150 | Train Loss: 0.0311 | Epoch Time: 0.49s | Spearman@80: 0.9017 | Kendall@80: 0.7413
Epoch 29/150 | Train Loss: 0.0293 | Epoch Time: 0.49s | Spearman@80: 0.8654 | Kendall@80: 0.6993
Epoch 30/150 | Train Loss: 0.0351 | Epoch Time: 0.49s | Spearman@80: 0.8604 | Kendall@80: 0.6949
Epoch 31/150 | Train Loss: 0.0346 | Epoch Time: 0.49s | Spearman@80: 0.8900 | Kendall@80: 0.7109
Epoch 32/150 | Train Loss: 0.0357 | Epoch Time: 0.49s | Spearman@80: 0.9172 | Kendall@80: 0.7663
Epoch 33/150 | Train Loss: 0.0309 | Epoch Time: 0.49s | Spearman@80: 0.9084 | Kendall@80: 0.7487
Epoch 34/150 | Train Loss: 0.0249 | Epoch Time: 0.49s | Spearman@80: 0.8907 | Kendall@80: 0.7404
Epoch 35/150 | Train Loss: 0.0331 | Epoch Time: 0.49s | Spearman@80: 0.8906 | Kendall@80: 0.7408
Epoch 36/150 | Train Loss: 0.0239 | Epoch Time: 0.49s | Spearman@80: 0.9029 | Kendall@80: 0.7552
Epoch 37/150 | Train Loss: 0.0331 | Epoch Time: 0.49s | Spearman@80: 0.9078 | Kendall@80: 0.7606
Epoch 38/150 | Train Loss: 0.0317 | Epoch Time: 0.49s | Spearman@80: 0.9027 | Kendall@80: 0.7455
Epoch 39/150 | Train Loss: 0.0298 | Epoch Time: 0.49s | Spearman@80: 0.8879 | Kendall@80: 0.7313
Epoch 40/150 | Train Loss: 0.0270 | Epoch Time: 0.49s | Spearman@80: 0.8778 | Kendall@80: 0.7179
Epoch 41/150 | Train Loss: 0.0270 | Epoch Time: 0.49s | Spearman@80: 0.9013 | Kendall@80: 0.7402
Epoch 42/150 | Train Loss: 0.0345 | Epoch Time: 0.49s | Spearman@80: 0.9042 | Kendall@80: 0.7472
Epoch 43/150 | Train Loss: 0.0297 | Epoch Time: 0.49s | Spearman@80: 0.8933 | Kendall@80: 0.7358
Epoch 44/150 | Train Loss: 0.0284 | Epoch Time: 0.49s | Spearman@80: 0.9135 | Kendall@80: 0.7607
Epoch 45/150 | Train Loss: 0.0299 | Epoch Time: 0.49s | Spearman@80: 0.9156 | Kendall@80: 0.7635
Epoch 46/150 | Train Loss: 0.0263 | Epoch Time: 0.49s | Spearman@80: 0.9190 | Kendall@80: 0.7675
Epoch 47/150 | Train Loss: 0.0283 | Epoch Time: 0.50s | Spearman@80: 0.8868 | Kendall@80: 0.7273
Epoch 48/150 | Train Loss: 0.0296 | Epoch Time: 0.49s | Spearman@80: 0.8969 | Kendall@80: 0.7421
Epoch 49/150 | Train Loss: 0.0323 | Epoch Time: 0.49s | Spearman@80: 0.9008 | Kendall@80: 0.7440
Epoch 50/150 | Train Loss: 0.0283 | Epoch Time: 0.49s | Spearman@80: 0.8591 | Kendall@80: 0.6995
Epoch 51/150 | Train Loss: 0.0306 | Epoch Time: 0.49s | Spearman@80: 0.8960 | Kendall@80: 0.7409
Epoch 52/150 | Train Loss: 0.0268 | Epoch Time: 0.49s | Spearman@80: 0.9073 | Kendall@80: 0.7438
Epoch 53/150 | Train Loss: 0.0273 | Epoch Time: 0.49s | Spearman@80: 0.9043 | Kendall@80: 0.7516
Epoch 54/150 | Train Loss: 0.0339 | Epoch Time: 0.49s | Spearman@80: 0.8674 | Kendall@80: 0.7142
Epoch 55/150 | Train Loss: 0.0294 | Epoch Time: 0.49s | Spearman@80: 0.9131 | Kendall@80: 0.7520
Epoch 56/150 | Train Loss: 0.0296 | Epoch Time: 0.49s | Spearman@80: 0.9160 | Kendall@80: 0.7646
Epoch 57/150 | Train Loss: 0.0284 | Epoch Time: 0.49s | Spearman@80: 0.9193 | Kendall@80: 0.7607
Epoch 58/150 | Train Loss: 0.0253 | Epoch Time: 0.49s | Spearman@80: 0.9009 | Kendall@80: 0.7400
Epoch 59/150 | Train Loss: 0.0285 | Epoch Time: 0.49s | Spearman@80: 0.8996 | Kendall@80: 0.7529
Epoch 60/150 | Train Loss: 0.0260 | Epoch Time: 0.50s | Spearman@80: 0.8997 | Kendall@80: 0.7377
Epoch 61/150 | Train Loss: 0.0345 | Epoch Time: 0.49s | Spearman@80: 0.8855 | Kendall@80: 0.7300
Epoch 62/150 | Train Loss: 0.0274 | Epoch Time: 0.49s | Spearman@80: 0.9133 | Kendall@80: 0.7637
Epoch 63/150 | Train Loss: 0.0294 | Epoch Time: 0.49s | Spearman@80: 0.8752 | Kendall@80: 0.7241
Epoch 64/150 | Train Loss: 0.0290 | Epoch Time: 0.49s | Spearman@80: 0.9132 | Kendall@80: 0.7584
Epoch 65/150 | Train Loss: 0.0229 | Epoch Time: 0.49s | Spearman@80: 0.9125 | Kendall@80: 0.7650
Epoch 66/150 | Train Loss: 0.0237 | Epoch Time: 0.49s | Spearman@80: 0.9132 | Kendall@80: 0.7580
Epoch 67/150 | Train Loss: 0.0224 | Epoch Time: 0.49s | Spearman@80: 0.9026 | Kendall@80: 0.7493
Epoch 68/150 | Train Loss: 0.0295 | Epoch Time: 0.49s | Spearman@80: 0.9036 | Kendall@80: 0.7419
Epoch 69/150 | Train Loss: 0.0277 | Epoch Time: 0.51s | Spearman@80: 0.8994 | Kendall@80: 0.7457
Epoch 70/150 | Train Loss: 0.0264 | Epoch Time: 0.57s | Spearman@80: 0.9075 | Kendall@80: 0.7485
Epoch 71/150 | Train Loss: 0.0247 | Epoch Time: 0.57s | Spearman@80: 0.8890 | Kendall@80: 0.7330
Epoch 72/150 | Train Loss: 0.0246 | Epoch Time: 0.57s | Spearman@80: 0.8916 | Kendall@80: 0.7294
Epoch 73/150 | Train Loss: 0.0289 | Epoch Time: 0.57s | Spearman@80: 0.9063 | Kendall@80: 0.7495
Epoch 74/150 | Train Loss: 0.0268 | Epoch Time: 0.57s | Spearman@80: 0.8911 | Kendall@80: 0.7317
Epoch 75/150 | Train Loss: 0.0265 | Epoch Time: 0.56s | Spearman@80: 0.9017 | Kendall@80: 0.7355
Epoch 76/150 | Train Loss: 0.0246 | Epoch Time: 0.58s | Spearman@80: 0.8674 | Kendall@80: 0.7033
Epoch 77/150 | Train Loss: 0.0274 | Epoch Time: 0.57s | Spearman@80: 0.8905 | Kendall@80: 0.7383
Epoch 78/150 | Train Loss: 0.0224 | Epoch Time: 0.57s | Spearman@80: 0.8905 | Kendall@80: 0.7311
Epoch 79/150 | Train Loss: 0.0208 | Epoch Time: 0.58s | Spearman@80: 0.8897 | Kendall@80: 0.7275
Epoch 80/150 | Train Loss: 0.0265 | Epoch Time: 0.57s | Spearman@80: 0.8827 | Kendall@80: 0.7179
Epoch 81/150 | Train Loss: 0.0231 | Epoch Time: 0.57s | Spearman@80: 0.8798 | Kendall@80: 0.7148
Epoch 82/150 | Train Loss: 0.0257 | Epoch Time: 0.58s | Spearman@80: 0.8997 | Kendall@80: 0.7393
Epoch 83/150 | Train Loss: 0.0232 | Epoch Time: 0.56s | Spearman@80: 0.9073 | Kendall@80: 0.7434
Epoch 84/150 | Train Loss: 0.0261 | Epoch Time: 0.57s | Spearman@80: 0.8935 | Kendall@80: 0.7326
Epoch 85/150 | Train Loss: 0.0261 | Epoch Time: 0.57s | Spearman@80: 0.8839 | Kendall@80: 0.7218
Epoch 86/150 | Train Loss: 0.0235 | Epoch Time: 0.57s | Spearman@80: 0.8884 | Kendall@80: 0.7320
Epoch 87/150 | Train Loss: 0.0283 | Epoch Time: 0.57s | Spearman@80: 0.8823 | Kendall@80: 0.7292
Epoch 88/150 | Train Loss: 0.0244 | Epoch Time: 0.56s | Spearman@80: 0.8965 | Kendall@80: 0.7377
Epoch 89/150 | Train Loss: 0.0267 | Epoch Time: 0.56s | Spearman@80: 0.8918 | Kendall@80: 0.7298
Epoch 90/150 | Train Loss: 0.0238 | Epoch Time: 0.57s | Spearman@80: 0.8963 | Kendall@80: 0.7408
Epoch 91/150 | Train Loss: 0.0305 | Epoch Time: 0.56s | Spearman@80: 0.8861 | Kendall@80: 0.7275
Epoch 92/150 | Train Loss: 0.0219 | Epoch Time: 0.57s | Spearman@80: 0.9008 | Kendall@80: 0.7497
Epoch 93/150 | Train Loss: 0.0215 | Epoch Time: 0.56s | Spearman@80: 0.8855 | Kendall@80: 0.7266
Epoch 94/150 | Train Loss: 0.0263 | Epoch Time: 0.57s | Spearman@80: 0.8967 | Kendall@80: 0.7368
Epoch 95/150 | Train Loss: 0.0250 | Epoch Time: 0.58s | Spearman@80: 0.8911 | Kendall@80: 0.7324
Epoch 96/150 | Train Loss: 0.0242 | Epoch Time: 0.55s | Spearman@80: 0.8907 | Kendall@80: 0.7326
Epoch 97/150 | Train Loss: 0.0209 | Epoch Time: 0.49s | Spearman@80: 0.8891 | Kendall@80: 0.7230
Epoch 98/150 | Train Loss: 0.0253 | Epoch Time: 0.49s | Spearman@80: 0.8795 | Kendall@80: 0.7171
Epoch 99/150 | Train Loss: 0.0283 | Epoch Time: 0.49s | Spearman@80: 0.8599 | Kendall@80: 0.6984
Epoch 100/150 | Train Loss: 0.0251 | Epoch Time: 0.49s | Spearman@80: 0.8930 | Kendall@80: 0.7345
Epoch 101/150 | Train Loss: 0.0245 | Epoch Time: 0.49s | Spearman@80: 0.8909 | Kendall@80: 0.7320
Epoch 102/150 | Train Loss: 0.0207 | Epoch Time: 0.50s | Spearman@80: 0.8914 | Kendall@80: 0.7324
Epoch 103/150 | Train Loss: 0.0248 | Epoch Time: 0.49s | Spearman@80: 0.8986 | Kendall@80: 0.7472
Epoch 104/150 | Train Loss: 0.0233 | Epoch Time: 0.49s | Spearman@80: 0.8902 | Kendall@80: 0.7338
Epoch 105/150 | Train Loss: 0.0226 | Epoch Time: 0.49s | Spearman@80: 0.8972 | Kendall@80: 0.7432
Epoch 106/150 | Train Loss: 0.0210 | Epoch Time: 0.53s | Spearman@80: 0.8985 | Kendall@80: 0.7415
Epoch 107/150 | Train Loss: 0.0259 | Epoch Time: 0.60s | Spearman@80: 0.9046 | Kendall@80: 0.7525
Epoch 108/150 | Train Loss: 0.0259 | Epoch Time: 0.63s | Spearman@80: 0.8857 | Kendall@80: 0.7319
Epoch 109/150 | Train Loss: 0.0232 | Epoch Time: 0.59s | Spearman@80: 0.8852 | Kendall@80: 0.7256
Epoch 110/150 | Train Loss: 0.0273 | Epoch Time: 0.60s | Spearman@80: 0.8908 | Kendall@80: 0.7338
Epoch 111/150 | Train Loss: 0.0237 | Epoch Time: 0.59s | Spearman@80: 0.8983 | Kendall@80: 0.7453
Epoch 112/150 | Train Loss: 0.0235 | Epoch Time: 0.60s | Spearman@80: 0.8925 | Kendall@80: 0.7421
Epoch 113/150 | Train Loss: 0.0209 | Epoch Time: 0.61s | Spearman@80: 0.8872 | Kendall@80: 0.7317
Epoch 114/150 | Train Loss: 0.0222 | Epoch Time: 0.60s | Spearman@80: 0.8929 | Kendall@80: 0.7402
Epoch 115/150 | Train Loss: 0.0208 | Epoch Time: 0.59s | Spearman@80: 0.9016 | Kendall@80: 0.7521
Epoch 116/150 | Train Loss: 0.0197 | Epoch Time: 0.60s | Spearman@80: 0.8990 | Kendall@80: 0.7461
Epoch 117/150 | Train Loss: 0.0218 | Epoch Time: 0.60s | Spearman@80: 0.8962 | Kendall@80: 0.7400
Epoch 118/150 | Train Loss: 0.0230 | Epoch Time: 0.61s | Spearman@80: 0.8922 | Kendall@80: 0.7421
Epoch 119/150 | Train Loss: 0.0249 | Epoch Time: 0.60s | Spearman@80: 0.8914 | Kendall@80: 0.7371
Epoch 120/150 | Train Loss: 0.0246 | Epoch Time: 0.60s | Spearman@80: 0.8966 | Kendall@80: 0.7440
Epoch 121/150 | Train Loss: 0.0206 | Epoch Time: 0.62s | Spearman@80: 0.9020 | Kendall@80: 0.7525
Epoch 122/150 | Train Loss: 0.0247 | Epoch Time: 0.63s | Spearman@80: 0.9010 | Kendall@80: 0.7529
Epoch 123/150 | Train Loss: 0.0216 | Epoch Time: 0.61s | Spearman@80: 0.9009 | Kendall@80: 0.7485
Epoch 124/150 | Train Loss: 0.0194 | Epoch Time: 0.60s | Spearman@80: 0.8925 | Kendall@80: 0.7419
Epoch 125/150 | Train Loss: 0.0179 | Epoch Time: 0.60s | Spearman@80: 0.9016 | Kendall@80: 0.7508
Epoch 126/150 | Train Loss: 0.0200 | Epoch Time: 0.60s | Spearman@80: 0.9021 | Kendall@80: 0.7485
Epoch 127/150 | Train Loss: 0.0218 | Epoch Time: 0.59s | Spearman@80: 0.8984 | Kendall@80: 0.7491
Epoch 128/150 | Train Loss: 0.0219 | Epoch Time: 0.60s | Spearman@80: 0.9001 | Kendall@80: 0.7489
Epoch 129/150 | Train Loss: 0.0207 | Epoch Time: 0.60s | Spearman@80: 0.8952 | Kendall@80: 0.7421
Epoch 130/150 | Train Loss: 0.0283 | Epoch Time: 0.59s | Spearman@80: 0.8981 | Kendall@80: 0.7459
Epoch 131/150 | Train Loss: 0.0221 | Epoch Time: 0.62s | Spearman@80: 0.8968 | Kendall@80: 0.7453
Epoch 132/150 | Train Loss: 0.0226 | Epoch Time: 0.63s | Spearman@80: 0.8929 | Kendall@80: 0.7438
Epoch 133/150 | Train Loss: 0.0233 | Epoch Time: 0.60s | Spearman@80: 0.8934 | Kendall@80: 0.7408
Epoch 134/150 | Train Loss: 0.0186 | Epoch Time: 0.59s | Spearman@80: 0.8994 | Kendall@80: 0.7495
Epoch 135/150 | Train Loss: 0.0240 | Epoch Time: 0.59s | Spearman@80: 0.8907 | Kendall@80: 0.7400
Epoch 136/150 | Train Loss: 0.0170 | Epoch Time: 0.60s | Spearman@80: 0.8897 | Kendall@80: 0.7385
Epoch 137/150 | Train Loss: 0.0270 | Epoch Time: 0.58s | Spearman@80: 0.8944 | Kendall@80: 0.7427
Epoch 138/150 | Train Loss: 0.0185 | Epoch Time: 0.49s | Spearman@80: 0.8945 | Kendall@80: 0.7400
Epoch 139/150 | Train Loss: 0.0264 | Epoch Time: 0.50s | Spearman@80: 0.8975 | Kendall@80: 0.7465
Epoch 140/150 | Train Loss: 0.0231 | Epoch Time: 0.51s | Spearman@80: 0.8884 | Kendall@80: 0.7362
Epoch 141/150 | Train Loss: 0.0224 | Epoch Time: 0.49s | Spearman@80: 0.8895 | Kendall@80: 0.7371
Epoch 142/150 | Train Loss: 0.0221 | Epoch Time: 0.49s | Spearman@80: 0.8936 | Kendall@80: 0.7383
Epoch 143/150 | Train Loss: 0.0264 | Epoch Time: 0.50s | Spearman@80: 0.8966 | Kendall@80: 0.7447
Epoch 144/150 | Train Loss: 0.0208 | Epoch Time: 0.49s | Spearman@80: 0.8933 | Kendall@80: 0.7412
Epoch 145/150 | Train Loss: 0.0227 | Epoch Time: 0.49s | Spearman@80: 0.8940 | Kendall@80: 0.7438
Epoch 146/150 | Train Loss: 0.0195 | Epoch Time: 0.50s | Spearman@80: 0.8953 | Kendall@80: 0.7457
Epoch 147/150 | Train Loss: 0.0237 | Epoch Time: 1.69s | Spearman@15496: 0.9219 | Kendall@15496: 0.7707
Epoch 148/150 | Train Loss: 0.0194 | Epoch Time: 1.62s | Spearman@15496: 0.9207 | Kendall@15496: 0.7694
Epoch 149/150 | Train Loss: 0.0239 | Epoch Time: 1.61s | Spearman@15496: 0.9220 | Kendall@15496: 0.7709
Epoch 150/150 | Train Loss: 0.0228 | Epoch Time: 1.61s | Spearman@15496: 0.9222 | Kendall@15496: 0.7710
Sample Count: 128, Spearman: 0.9217144940407969, Kendall: 0.7705141228696275
{64: (0.9353063049292247, 0.7944629065691831),
 128: (0.9217144940407969, 0.7705141228696275)}
Average KDT:  0.7743327576227955
Variance KDT:  0.00020262427889285758
Average SPR:  0.9233620640107111
Variance SPR:  8.168216643963808e-05
Average KDT:  0.7853312094190358
Variance KDT:  0.0001199339089002083
Average SPR:  0.9297847196511505
Variance SPR:  3.50872711603227e-05
