Loading files for NASBench201...
Normalizing ZCP dict
try to create the NAS-Bench-201 api from /home/ya255/projects/flan_hardware/nas_embedding_suite/embedding_datasets/NAS-Bench-201-v1_1-096897.pth
Loaded files in:  75.60669612884521  seconds
Loading cache for NASBench-201 speedup!!...
Loading cache for NASBench-201 speedup!!...
Epoch 1/150 | Train Loss: 0.0959 | Epoch Time: 0.80s | Spearman@80: 0.2914 | Kendall@80: 0.2033
Epoch 2/150 | Train Loss: 0.0803 | Epoch Time: 0.25s | Spearman@80: 0.4300 | Kendall@80: 0.3024
Epoch 3/150 | Train Loss: 0.0642 | Epoch Time: 0.25s | Spearman@80: 0.6955 | Kendall@80: 0.5226
Epoch 4/150 | Train Loss: 0.0527 | Epoch Time: 0.24s | Spearman@80: 0.8213 | Kendall@80: 0.6505
Epoch 5/150 | Train Loss: 0.0538 | Epoch Time: 0.25s | Spearman@80: 0.8004 | Kendall@80: 0.6293
Epoch 6/150 | Train Loss: 0.0467 | Epoch Time: 0.25s | Spearman@80: 0.9011 | Kendall@80: 0.7252
Epoch 7/150 | Train Loss: 0.0411 | Epoch Time: 0.25s | Spearman@80: 0.9091 | Kendall@80: 0.7468
Epoch 8/150 | Train Loss: 0.0379 | Epoch Time: 0.25s | Spearman@80: 0.9189 | Kendall@80: 0.7546
Epoch 9/150 | Train Loss: 0.0398 | Epoch Time: 0.25s | Spearman@80: 0.9111 | Kendall@80: 0.7394
Epoch 10/150 | Train Loss: 0.0328 | Epoch Time: 0.25s | Spearman@80: 0.9292 | Kendall@80: 0.7686
Epoch 11/150 | Train Loss: 0.0387 | Epoch Time: 0.25s | Spearman@80: 0.9026 | Kendall@80: 0.7356
Epoch 12/150 | Train Loss: 0.0471 | Epoch Time: 0.25s | Spearman@80: 0.9390 | Kendall@80: 0.7855
Epoch 13/150 | Train Loss: 0.0315 | Epoch Time: 0.25s | Spearman@80: 0.9352 | Kendall@80: 0.7775
Epoch 14/150 | Train Loss: 0.0358 | Epoch Time: 0.25s | Spearman@80: 0.9317 | Kendall@80: 0.7766
Epoch 15/150 | Train Loss: 0.0330 | Epoch Time: 0.25s | Spearman@80: 0.9348 | Kendall@80: 0.7839
Epoch 16/150 | Train Loss: 0.0320 | Epoch Time: 0.25s | Spearman@80: 0.9362 | Kendall@80: 0.7925
Epoch 17/150 | Train Loss: 0.0326 | Epoch Time: 0.25s | Spearman@80: 0.9352 | Kendall@80: 0.7823
Epoch 18/150 | Train Loss: 0.0394 | Epoch Time: 0.25s | Spearman@80: 0.9136 | Kendall@80: 0.7423
Epoch 19/150 | Train Loss: 0.0274 | Epoch Time: 0.25s | Spearman@80: 0.9399 | Kendall@80: 0.7902
Epoch 20/150 | Train Loss: 0.0340 | Epoch Time: 0.25s | Spearman@80: 0.9351 | Kendall@80: 0.7823
Epoch 21/150 | Train Loss: 0.0331 | Epoch Time: 0.25s | Spearman@80: 0.9210 | Kendall@80: 0.7546
Epoch 22/150 | Train Loss: 0.0300 | Epoch Time: 0.25s | Spearman@80: 0.9516 | Kendall@80: 0.8144
Epoch 23/150 | Train Loss: 0.0401 | Epoch Time: 0.25s | Spearman@80: 0.9164 | Kendall@80: 0.7566
Epoch 24/150 | Train Loss: 0.0291 | Epoch Time: 0.25s | Spearman@80: 0.9351 | Kendall@80: 0.7794
Epoch 25/150 | Train Loss: 0.0306 | Epoch Time: 0.25s | Spearman@80: 0.9348 | Kendall@80: 0.7851
Epoch 26/150 | Train Loss: 0.0261 | Epoch Time: 0.25s | Spearman@80: 0.9201 | Kendall@80: 0.7550
Epoch 27/150 | Train Loss: 0.0354 | Epoch Time: 0.25s | Spearman@80: 0.9477 | Kendall@80: 0.8182
Epoch 28/150 | Train Loss: 0.0301 | Epoch Time: 0.25s | Spearman@80: 0.9393 | Kendall@80: 0.7947
Epoch 29/150 | Train Loss: 0.0221 | Epoch Time: 0.25s | Spearman@80: 0.9436 | Kendall@80: 0.7991
Epoch 30/150 | Train Loss: 0.0286 | Epoch Time: 0.25s | Spearman@80: 0.9409 | Kendall@80: 0.7947
Epoch 31/150 | Train Loss: 0.0267 | Epoch Time: 0.26s | Spearman@80: 0.9410 | Kendall@80: 0.7902
Epoch 32/150 | Train Loss: 0.0219 | Epoch Time: 0.25s | Spearman@80: 0.9473 | Kendall@80: 0.8023
Epoch 33/150 | Train Loss: 0.0336 | Epoch Time: 0.25s | Spearman@80: 0.9475 | Kendall@80: 0.8058
Epoch 34/150 | Train Loss: 0.0284 | Epoch Time: 0.25s | Spearman@80: 0.9486 | Kendall@80: 0.8116
Epoch 35/150 | Train Loss: 0.0271 | Epoch Time: 0.26s | Spearman@80: 0.9497 | Kendall@80: 0.8103
Epoch 36/150 | Train Loss: 0.0296 | Epoch Time: 0.25s | Spearman@80: 0.9234 | Kendall@80: 0.7546
Epoch 37/150 | Train Loss: 0.0275 | Epoch Time: 0.25s | Spearman@80: 0.9381 | Kendall@80: 0.7893
Epoch 38/150 | Train Loss: 0.0312 | Epoch Time: 0.25s | Spearman@80: 0.9413 | Kendall@80: 0.7995
Epoch 39/150 | Train Loss: 0.0313 | Epoch Time: 0.26s | Spearman@80: 0.9382 | Kendall@80: 0.7883
Epoch 40/150 | Train Loss: 0.0272 | Epoch Time: 0.24s | Spearman@80: 0.9365 | Kendall@80: 0.7855
Epoch 41/150 | Train Loss: 0.0263 | Epoch Time: 0.25s | Spearman@80: 0.9439 | Kendall@80: 0.8065
Epoch 42/150 | Train Loss: 0.0276 | Epoch Time: 0.25s | Spearman@80: 0.9378 | Kendall@80: 0.7855
Epoch 43/150 | Train Loss: 0.0294 | Epoch Time: 0.25s | Spearman@80: 0.9293 | Kendall@80: 0.7709
Epoch 44/150 | Train Loss: 0.0285 | Epoch Time: 0.25s | Spearman@80: 0.9434 | Kendall@80: 0.8017
Epoch 45/150 | Train Loss: 0.0323 | Epoch Time: 0.25s | Spearman@80: 0.9404 | Kendall@80: 0.7921
Epoch 46/150 | Train Loss: 0.0229 | Epoch Time: 0.25s | Spearman@80: 0.9386 | Kendall@80: 0.7931
Epoch 47/150 | Train Loss: 0.0310 | Epoch Time: 0.25s | Spearman@80: 0.9308 | Kendall@80: 0.7794
Epoch 48/150 | Train Loss: 0.0210 | Epoch Time: 0.25s | Spearman@80: 0.9477 | Kendall@80: 0.8118
Epoch 49/150 | Train Loss: 0.0293 | Epoch Time: 0.25s | Spearman@80: 0.9505 | Kendall@80: 0.8166
Epoch 50/150 | Train Loss: 0.0300 | Epoch Time: 0.25s | Spearman@80: 0.9355 | Kendall@80: 0.7855
Epoch 51/150 | Train Loss: 0.0306 | Epoch Time: 0.25s | Spearman@80: 0.9467 | Kendall@80: 0.8131
Epoch 52/150 | Train Loss: 0.0209 | Epoch Time: 0.25s | Spearman@80: 0.9446 | Kendall@80: 0.8020
Epoch 53/150 | Train Loss: 0.0218 | Epoch Time: 0.26s | Spearman@80: 0.9397 | Kendall@80: 0.7902
Epoch 54/150 | Train Loss: 0.0246 | Epoch Time: 0.25s | Spearman@80: 0.9492 | Kendall@80: 0.8084
Epoch 55/150 | Train Loss: 0.0232 | Epoch Time: 0.25s | Spearman@80: 0.9481 | Kendall@80: 0.8093
Epoch 56/150 | Train Loss: 0.0285 | Epoch Time: 0.25s | Spearman@80: 0.9354 | Kendall@80: 0.7788
Epoch 57/150 | Train Loss: 0.0319 | Epoch Time: 0.25s | Spearman@80: 0.9404 | Kendall@80: 0.7864
Epoch 58/150 | Train Loss: 0.0280 | Epoch Time: 0.25s | Spearman@80: 0.9360 | Kendall@80: 0.7836
Epoch 59/150 | Train Loss: 0.0274 | Epoch Time: 0.25s | Spearman@80: 0.9406 | Kendall@80: 0.7915
Epoch 60/150 | Train Loss: 0.0202 | Epoch Time: 0.25s | Spearman@80: 0.9368 | Kendall@80: 0.7931
Epoch 61/150 | Train Loss: 0.0190 | Epoch Time: 0.26s | Spearman@80: 0.9469 | Kendall@80: 0.8118
Epoch 62/150 | Train Loss: 0.0238 | Epoch Time: 0.25s | Spearman@80: 0.9510 | Kendall@80: 0.8116
Epoch 63/150 | Train Loss: 0.0264 | Epoch Time: 0.25s | Spearman@80: 0.9505 | Kendall@80: 0.8147
Epoch 64/150 | Train Loss: 0.0264 | Epoch Time: 0.25s | Spearman@80: 0.9461 | Kendall@80: 0.8144
Epoch 65/150 | Train Loss: 0.0228 | Epoch Time: 0.25s | Spearman@80: 0.9393 | Kendall@80: 0.7978
Epoch 66/150 | Train Loss: 0.0177 | Epoch Time: 0.25s | Spearman@80: 0.9397 | Kendall@80: 0.7966
Epoch 67/150 | Train Loss: 0.0173 | Epoch Time: 0.25s | Spearman@80: 0.9413 | Kendall@80: 0.7900
Epoch 68/150 | Train Loss: 0.0183 | Epoch Time: 0.25s | Spearman@80: 0.9439 | Kendall@80: 0.7972
Epoch 69/150 | Train Loss: 0.0232 | Epoch Time: 0.25s | Spearman@80: 0.9497 | Kendall@80: 0.8105
Epoch 70/150 | Train Loss: 0.0221 | Epoch Time: 0.25s | Spearman@80: 0.9463 | Kendall@80: 0.8014
Epoch 71/150 | Train Loss: 0.0236 | Epoch Time: 0.25s | Spearman@80: 0.9438 | Kendall@80: 0.8023
Epoch 72/150 | Train Loss: 0.0194 | Epoch Time: 0.25s | Spearman@80: 0.9493 | Kendall@80: 0.8137
Epoch 73/150 | Train Loss: 0.0244 | Epoch Time: 0.25s | Spearman@80: 0.9449 | Kendall@80: 0.8090
Epoch 74/150 | Train Loss: 0.0178 | Epoch Time: 0.25s | Spearman@80: 0.9455 | Kendall@80: 0.7995
Epoch 75/150 | Train Loss: 0.0219 | Epoch Time: 0.25s | Spearman@80: 0.9445 | Kendall@80: 0.8004
Epoch 76/150 | Train Loss: 0.0178 | Epoch Time: 0.25s | Spearman@80: 0.9305 | Kendall@80: 0.7792
Epoch 77/150 | Train Loss: 0.0243 | Epoch Time: 0.25s | Spearman@80: 0.9417 | Kendall@80: 0.7989
Epoch 78/150 | Train Loss: 0.0215 | Epoch Time: 0.25s | Spearman@80: 0.9444 | Kendall@80: 0.8086
Epoch 79/150 | Train Loss: 0.0193 | Epoch Time: 0.25s | Spearman@80: 0.9502 | Kendall@80: 0.8169
Epoch 80/150 | Train Loss: 0.0200 | Epoch Time: 0.24s | Spearman@80: 0.9498 | Kendall@80: 0.8156
Epoch 81/150 | Train Loss: 0.0195 | Epoch Time: 0.25s | Spearman@80: 0.9372 | Kendall@80: 0.7934
Epoch 82/150 | Train Loss: 0.0231 | Epoch Time: 0.25s | Spearman@80: 0.9335 | Kendall@80: 0.7849
Epoch 83/150 | Train Loss: 0.0207 | Epoch Time: 0.25s | Spearman@80: 0.9470 | Kendall@80: 0.8033
Epoch 84/150 | Train Loss: 0.0219 | Epoch Time: 0.25s | Spearman@80: 0.9408 | Kendall@80: 0.7915
Epoch 85/150 | Train Loss: 0.0175 | Epoch Time: 0.26s | Spearman@80: 0.9332 | Kendall@80: 0.7836
Epoch 86/150 | Train Loss: 0.0216 | Epoch Time: 0.25s | Spearman@80: 0.9419 | Kendall@80: 0.8027
Epoch 87/150 | Train Loss: 0.0190 | Epoch Time: 0.25s | Spearman@80: 0.9454 | Kendall@80: 0.8046
Epoch 88/150 | Train Loss: 0.0250 | Epoch Time: 0.25s | Spearman@80: 0.9495 | Kendall@80: 0.8105
Epoch 89/150 | Train Loss: 0.0244 | Epoch Time: 0.25s | Spearman@80: 0.9489 | Kendall@80: 0.8103
Epoch 90/150 | Train Loss: 0.0253 | Epoch Time: 0.25s | Spearman@80: 0.9461 | Kendall@80: 0.8036
Epoch 91/150 | Train Loss: 0.0161 | Epoch Time: 0.25s | Spearman@80: 0.9469 | Kendall@80: 0.8097
Epoch 92/150 | Train Loss: 0.0231 | Epoch Time: 0.25s | Spearman@80: 0.9512 | Kendall@80: 0.8194
Epoch 93/150 | Train Loss: 0.0150 | Epoch Time: 0.25s | Spearman@80: 0.9533 | Kendall@80: 0.8182
Epoch 94/150 | Train Loss: 0.0177 | Epoch Time: 0.25s | Spearman@80: 0.9451 | Kendall@80: 0.7995
Epoch 95/150 | Train Loss: 0.0137 | Epoch Time: 0.25s | Spearman@80: 0.9474 | Kendall@80: 0.8052
Epoch 96/150 | Train Loss: 0.0265 | Epoch Time: 0.25s | Spearman@80: 0.9456 | Kendall@80: 0.7991
Epoch 97/150 | Train Loss: 0.0183 | Epoch Time: 0.25s | Spearman@80: 0.9478 | Kendall@80: 0.8039
Epoch 98/150 | Train Loss: 0.0195 | Epoch Time: 0.25s | Spearman@80: 0.9462 | Kendall@80: 0.8033
Epoch 99/150 | Train Loss: 0.0124 | Epoch Time: 0.25s | Spearman@80: 0.9460 | Kendall@80: 0.7985
Epoch 100/150 | Train Loss: 0.0208 | Epoch Time: 0.25s | Spearman@80: 0.9512 | Kendall@80: 0.8103
Epoch 101/150 | Train Loss: 0.0144 | Epoch Time: 0.25s | Spearman@80: 0.9486 | Kendall@80: 0.8074
Epoch 102/150 | Train Loss: 0.0128 | Epoch Time: 0.25s | Spearman@80: 0.9485 | Kendall@80: 0.8116
Epoch 103/150 | Train Loss: 0.0164 | Epoch Time: 0.25s | Spearman@80: 0.9485 | Kendall@80: 0.8080
Epoch 104/150 | Train Loss: 0.0168 | Epoch Time: 0.24s | Spearman@80: 0.9494 | Kendall@80: 0.8086
Epoch 105/150 | Train Loss: 0.0142 | Epoch Time: 0.25s | Spearman@80: 0.9447 | Kendall@80: 0.7991
Epoch 106/150 | Train Loss: 0.0217 | Epoch Time: 0.25s | Spearman@80: 0.9451 | Kendall@80: 0.8029
Epoch 107/150 | Train Loss: 0.0196 | Epoch Time: 0.25s | Spearman@80: 0.9452 | Kendall@80: 0.8042
Epoch 108/150 | Train Loss: 0.0204 | Epoch Time: 0.25s | Spearman@80: 0.9516 | Kendall@80: 0.8137
Epoch 109/150 | Train Loss: 0.0238 | Epoch Time: 0.26s | Spearman@80: 0.9491 | Kendall@80: 0.8118
Epoch 110/150 | Train Loss: 0.0146 | Epoch Time: 0.25s | Spearman@80: 0.9471 | Kendall@80: 0.8071
Epoch 111/150 | Train Loss: 0.0173 | Epoch Time: 0.25s | Spearman@80: 0.9400 | Kendall@80: 0.7947
Epoch 112/150 | Train Loss: 0.0168 | Epoch Time: 0.24s | Spearman@80: 0.9484 | Kendall@80: 0.8084
Epoch 113/150 | Train Loss: 0.0143 | Epoch Time: 0.25s | Spearman@80: 0.9465 | Kendall@80: 0.8055
Epoch 114/150 | Train Loss: 0.0174 | Epoch Time: 0.26s | Spearman@80: 0.9451 | Kendall@80: 0.8023
Epoch 115/150 | Train Loss: 0.0159 | Epoch Time: 0.26s | Spearman@80: 0.9427 | Kendall@80: 0.7947
Epoch 116/150 | Train Loss: 0.0192 | Epoch Time: 0.25s | Spearman@80: 0.9446 | Kendall@80: 0.7959
Epoch 117/150 | Train Loss: 0.0156 | Epoch Time: 0.25s | Spearman@80: 0.9378 | Kendall@80: 0.7896
Epoch 118/150 | Train Loss: 0.0173 | Epoch Time: 0.25s | Spearman@80: 0.9466 | Kendall@80: 0.7998
Epoch 119/150 | Train Loss: 0.0139 | Epoch Time: 0.25s | Spearman@80: 0.9483 | Kendall@80: 0.8042
Epoch 120/150 | Train Loss: 0.0128 | Epoch Time: 0.25s | Spearman@80: 0.9495 | Kendall@80: 0.8067
Epoch 121/150 | Train Loss: 0.0177 | Epoch Time: 0.25s | Spearman@80: 0.9491 | Kendall@80: 0.8061
Epoch 122/150 | Train Loss: 0.0136 | Epoch Time: 0.25s | Spearman@80: 0.9467 | Kendall@80: 0.7995
Epoch 123/150 | Train Loss: 0.0106 | Epoch Time: 0.25s | Spearman@80: 0.9468 | Kendall@80: 0.7998
Epoch 124/150 | Train Loss: 0.0112 | Epoch Time: 0.25s | Spearman@80: 0.9483 | Kendall@80: 0.8004
Epoch 125/150 | Train Loss: 0.0112 | Epoch Time: 0.25s | Spearman@80: 0.9499 | Kendall@80: 0.8048
Epoch 126/150 | Train Loss: 0.0182 | Epoch Time: 0.25s | Spearman@80: 0.9505 | Kendall@80: 0.8033
Epoch 127/150 | Train Loss: 0.0157 | Epoch Time: 0.25s | Spearman@80: 0.9505 | Kendall@80: 0.8093
Epoch 128/150 | Train Loss: 0.0173 | Epoch Time: 0.27s | Spearman@80: 0.9510 | Kendall@80: 0.8074
Epoch 129/150 | Train Loss: 0.0163 | Epoch Time: 0.24s | Spearman@80: 0.9483 | Kendall@80: 0.8010
Epoch 130/150 | Train Loss: 0.0142 | Epoch Time: 0.25s | Spearman@80: 0.9463 | Kendall@80: 0.7966
Epoch 131/150 | Train Loss: 0.0159 | Epoch Time: 0.25s | Spearman@80: 0.9460 | Kendall@80: 0.7978
Epoch 132/150 | Train Loss: 0.0147 | Epoch Time: 0.25s | Spearman@80: 0.9475 | Kendall@80: 0.8033
Epoch 133/150 | Train Loss: 0.0156 | Epoch Time: 0.25s | Spearman@80: 0.9493 | Kendall@80: 0.8061
Epoch 134/150 | Train Loss: 0.0199 | Epoch Time: 0.24s | Spearman@80: 0.9470 | Kendall@80: 0.8020
Epoch 135/150 | Train Loss: 0.0116 | Epoch Time: 0.25s | Spearman@80: 0.9491 | Kendall@80: 0.8039
Epoch 136/150 | Train Loss: 0.0107 | Epoch Time: 0.24s | Spearman@80: 0.9480 | Kendall@80: 0.8036
Epoch 137/150 | Train Loss: 0.0125 | Epoch Time: 0.25s | Spearman@80: 0.9485 | Kendall@80: 0.8029
Epoch 138/150 | Train Loss: 0.0134 | Epoch Time: 0.24s | Spearman@80: 0.9512 | Kendall@80: 0.8084
Epoch 139/150 | Train Loss: 0.0121 | Epoch Time: 0.25s | Spearman@80: 0.9492 | Kendall@80: 0.8048
Epoch 140/150 | Train Loss: 0.0148 | Epoch Time: 0.25s | Spearman@80: 0.9484 | Kendall@80: 0.8058
Epoch 141/150 | Train Loss: 0.0138 | Epoch Time: 0.25s | Spearman@80: 0.9475 | Kendall@80: 0.8036
Epoch 142/150 | Train Loss: 0.0108 | Epoch Time: 0.24s | Spearman@80: 0.9486 | Kendall@80: 0.8061
Epoch 143/150 | Train Loss: 0.0135 | Epoch Time: 0.25s | Spearman@80: 0.9499 | Kendall@80: 0.8067
Epoch 144/150 | Train Loss: 0.0136 | Epoch Time: 0.25s | Spearman@80: 0.9497 | Kendall@80: 0.8071
Epoch 145/150 | Train Loss: 0.0121 | Epoch Time: 0.24s | Spearman@80: 0.9492 | Kendall@80: 0.8061
Epoch 146/150 | Train Loss: 0.0124 | Epoch Time: 0.25s | Spearman@80: 0.9495 | Kendall@80: 0.8061
Epoch 147/150 | Train Loss: 0.0128 | Epoch Time: 1.45s | Spearman@15560: 0.9253 | Kendall@15560: 0.7665
Epoch 148/150 | Train Loss: 0.0144 | Epoch Time: 1.32s | Spearman@15560: 0.9259 | Kendall@15560: 0.7673
Epoch 149/150 | Train Loss: 0.0152 | Epoch Time: 1.32s | Spearman@15560: 0.9252 | Kendall@15560: 0.7659
Epoch 150/150 | Train Loss: 0.0115 | Epoch Time: 1.31s | Spearman@15560: 0.9255 | Kendall@15560: 0.7663
Sample Count: 64, Spearman: 0.9254607630320573, Kendall: 0.7664889101845259
{64: (0.9254607630320573, 0.7664889101845259)}
Epoch 1/150 | Train Loss: 0.0883 | Epoch Time: 0.49s | Spearman@80: 0.6120 | Kendall@80: 0.4482
Epoch 2/150 | Train Loss: 0.0579 | Epoch Time: 0.49s | Spearman@80: 0.9206 | Kendall@80: 0.7591
Epoch 3/150 | Train Loss: 0.0434 | Epoch Time: 0.49s | Spearman@80: 0.9216 | Kendall@80: 0.7625
Epoch 4/150 | Train Loss: 0.0399 | Epoch Time: 0.49s | Spearman@80: 0.9003 | Kendall@80: 0.7293
Epoch 5/150 | Train Loss: 0.0348 | Epoch Time: 0.50s | Spearman@80: 0.9133 | Kendall@80: 0.7515
Epoch 6/150 | Train Loss: 0.0385 | Epoch Time: 0.50s | Spearman@80: 0.9056 | Kendall@80: 0.7529
Epoch 7/150 | Train Loss: 0.0441 | Epoch Time: 0.48s | Spearman@80: 0.9382 | Kendall@80: 0.7986
Epoch 8/150 | Train Loss: 0.0331 | Epoch Time: 0.50s | Spearman@80: 0.9291 | Kendall@80: 0.7808
Epoch 9/150 | Train Loss: 0.0328 | Epoch Time: 0.49s | Spearman@80: 0.9304 | Kendall@80: 0.7891
Epoch 10/150 | Train Loss: 0.0402 | Epoch Time: 0.50s | Spearman@80: 0.9104 | Kendall@80: 0.7623
Epoch 11/150 | Train Loss: 0.0312 | Epoch Time: 0.49s | Spearman@80: 0.9157 | Kendall@80: 0.7578
Epoch 12/150 | Train Loss: 0.0323 | Epoch Time: 0.49s | Spearman@80: 0.9101 | Kendall@80: 0.7460
Epoch 13/150 | Train Loss: 0.0268 | Epoch Time: 0.49s | Spearman@80: 0.8774 | Kendall@80: 0.6958
Epoch 14/150 | Train Loss: 0.0364 | Epoch Time: 0.49s | Spearman@80: 0.9349 | Kendall@80: 0.7904
Epoch 15/150 | Train Loss: 0.0382 | Epoch Time: 0.51s | Spearman@80: 0.9300 | Kendall@80: 0.7853
Epoch 16/150 | Train Loss: 0.0366 | Epoch Time: 0.49s | Spearman@80: 0.9180 | Kendall@80: 0.7707
Epoch 17/150 | Train Loss: 0.0351 | Epoch Time: 0.49s | Spearman@80: 0.8956 | Kendall@80: 0.7204
Epoch 18/150 | Train Loss: 0.0334 | Epoch Time: 0.49s | Spearman@80: 0.9250 | Kendall@80: 0.7737
Epoch 19/150 | Train Loss: 0.0402 | Epoch Time: 0.49s | Spearman@80: 0.9295 | Kendall@80: 0.7914
Epoch 20/150 | Train Loss: 0.0334 | Epoch Time: 0.49s | Spearman@80: 0.9132 | Kendall@80: 0.7680
Epoch 21/150 | Train Loss: 0.0316 | Epoch Time: 0.49s | Spearman@80: 0.9229 | Kendall@80: 0.7705
Epoch 22/150 | Train Loss: 0.0368 | Epoch Time: 0.49s | Spearman@80: 0.8786 | Kendall@80: 0.7007
Epoch 23/150 | Train Loss: 0.0331 | Epoch Time: 0.49s | Spearman@80: 0.9354 | Kendall@80: 0.7845
Epoch 24/150 | Train Loss: 0.0344 | Epoch Time: 0.49s | Spearman@80: 0.9290 | Kendall@80: 0.7762
Epoch 25/150 | Train Loss: 0.0330 | Epoch Time: 0.50s | Spearman@80: 0.9353 | Kendall@80: 0.7927
Epoch 26/150 | Train Loss: 0.0293 | Epoch Time: 0.49s | Spearman@80: 0.9375 | Kendall@80: 0.7948
Epoch 27/150 | Train Loss: 0.0297 | Epoch Time: 0.49s | Spearman@80: 0.9170 | Kendall@80: 0.7650
Epoch 28/150 | Train Loss: 0.0349 | Epoch Time: 0.50s | Spearman@80: 0.9376 | Kendall@80: 0.7991
Epoch 29/150 | Train Loss: 0.0299 | Epoch Time: 0.49s | Spearman@80: 0.9296 | Kendall@80: 0.7745
Epoch 30/150 | Train Loss: 0.0309 | Epoch Time: 0.49s | Spearman@80: 0.9295 | Kendall@80: 0.7840
Epoch 31/150 | Train Loss: 0.0324 | Epoch Time: 0.49s | Spearman@80: 0.9359 | Kendall@80: 0.7933
Epoch 32/150 | Train Loss: 0.0366 | Epoch Time: 0.50s | Spearman@80: 0.9276 | Kendall@80: 0.7743
Epoch 33/150 | Train Loss: 0.0294 | Epoch Time: 0.49s | Spearman@80: 0.9351 | Kendall@80: 0.7883
Epoch 34/150 | Train Loss: 0.0307 | Epoch Time: 0.49s | Spearman@80: 0.9301 | Kendall@80: 0.7866
Epoch 35/150 | Train Loss: 0.0332 | Epoch Time: 0.49s | Spearman@80: 0.9317 | Kendall@80: 0.7883
Epoch 36/150 | Train Loss: 0.0295 | Epoch Time: 0.49s | Spearman@80: 0.9396 | Kendall@80: 0.7961
Epoch 37/150 | Train Loss: 0.0308 | Epoch Time: 0.49s | Spearman@80: 0.9364 | Kendall@80: 0.7952
Epoch 38/150 | Train Loss: 0.0341 | Epoch Time: 0.50s | Spearman@80: 0.9278 | Kendall@80: 0.7845
Epoch 39/150 | Train Loss: 0.0317 | Epoch Time: 0.49s | Spearman@80: 0.9214 | Kendall@80: 0.7682
Epoch 40/150 | Train Loss: 0.0279 | Epoch Time: 0.49s | Spearman@80: 0.9199 | Kendall@80: 0.7667
Epoch 41/150 | Train Loss: 0.0273 | Epoch Time: 0.50s | Spearman@80: 0.9253 | Kendall@80: 0.7749
Epoch 42/150 | Train Loss: 0.0305 | Epoch Time: 0.49s | Spearman@80: 0.9172 | Kendall@80: 0.7591
Epoch 43/150 | Train Loss: 0.0312 | Epoch Time: 0.51s | Spearman@80: 0.9264 | Kendall@80: 0.7807
Epoch 44/150 | Train Loss: 0.0336 | Epoch Time: 0.49s | Spearman@80: 0.9106 | Kendall@80: 0.7629
Epoch 45/150 | Train Loss: 0.0279 | Epoch Time: 0.49s | Spearman@80: 0.9294 | Kendall@80: 0.7845
Epoch 46/150 | Train Loss: 0.0280 | Epoch Time: 0.50s | Spearman@80: 0.9263 | Kendall@80: 0.7857
Epoch 47/150 | Train Loss: 0.0236 | Epoch Time: 0.49s | Spearman@80: 0.9280 | Kendall@80: 0.7933
Epoch 48/150 | Train Loss: 0.0277 | Epoch Time: 0.50s | Spearman@80: 0.9224 | Kendall@80: 0.7800
Epoch 49/150 | Train Loss: 0.0331 | Epoch Time: 0.49s | Spearman@80: 0.9249 | Kendall@80: 0.7787
Epoch 50/150 | Train Loss: 0.0267 | Epoch Time: 0.49s | Spearman@80: 0.9334 | Kendall@80: 0.8003
Epoch 51/150 | Train Loss: 0.0299 | Epoch Time: 0.49s | Spearman@80: 0.9280 | Kendall@80: 0.7859
Epoch 52/150 | Train Loss: 0.0306 | Epoch Time: 0.49s | Spearman@80: 0.9181 | Kendall@80: 0.7783
Epoch 53/150 | Train Loss: 0.0303 | Epoch Time: 0.49s | Spearman@80: 0.9146 | Kendall@80: 0.7669
Epoch 54/150 | Train Loss: 0.0320 | Epoch Time: 0.49s | Spearman@80: 0.9322 | Kendall@80: 0.7840
Epoch 55/150 | Train Loss: 0.0320 | Epoch Time: 0.49s | Spearman@80: 0.8900 | Kendall@80: 0.7460
Epoch 56/150 | Train Loss: 0.0255 | Epoch Time: 0.49s | Spearman@80: 0.9170 | Kendall@80: 0.7720
Epoch 57/150 | Train Loss: 0.0326 | Epoch Time: 0.49s | Spearman@80: 0.9232 | Kendall@80: 0.7808
Epoch 58/150 | Train Loss: 0.0305 | Epoch Time: 0.49s | Spearman@80: 0.9135 | Kendall@80: 0.7654
Epoch 59/150 | Train Loss: 0.0252 | Epoch Time: 0.49s | Spearman@80: 0.9368 | Kendall@80: 0.7952
Epoch 60/150 | Train Loss: 0.0288 | Epoch Time: 0.50s | Spearman@80: 0.9157 | Kendall@80: 0.7578
Epoch 61/150 | Train Loss: 0.0297 | Epoch Time: 0.49s | Spearman@80: 0.9148 | Kendall@80: 0.7586
Epoch 62/150 | Train Loss: 0.0281 | Epoch Time: 0.49s | Spearman@80: 0.9158 | Kendall@80: 0.7718
Epoch 63/150 | Train Loss: 0.0300 | Epoch Time: 0.50s | Spearman@80: 0.9186 | Kendall@80: 0.7802
Epoch 64/150 | Train Loss: 0.0307 | Epoch Time: 0.49s | Spearman@80: 0.8990 | Kendall@80: 0.7409
Epoch 65/150 | Train Loss: 0.0333 | Epoch Time: 0.49s | Spearman@80: 0.9154 | Kendall@80: 0.7597
Epoch 66/150 | Train Loss: 0.0284 | Epoch Time: 0.50s | Spearman@80: 0.9061 | Kendall@80: 0.7458
Epoch 67/150 | Train Loss: 0.0283 | Epoch Time: 0.49s | Spearman@80: 0.9264 | Kendall@80: 0.7781
Epoch 68/150 | Train Loss: 0.0296 | Epoch Time: 0.49s | Spearman@80: 0.9309 | Kendall@80: 0.7997
Epoch 69/150 | Train Loss: 0.0250 | Epoch Time: 0.50s | Spearman@80: 0.9371 | Kendall@80: 0.8035
Epoch 70/150 | Train Loss: 0.0269 | Epoch Time: 0.49s | Spearman@80: 0.9151 | Kendall@80: 0.7701
Epoch 71/150 | Train Loss: 0.0298 | Epoch Time: 0.49s | Spearman@80: 0.9227 | Kendall@80: 0.7832
Epoch 72/150 | Train Loss: 0.0287 | Epoch Time: 0.49s | Spearman@80: 0.9227 | Kendall@80: 0.7838
Epoch 73/150 | Train Loss: 0.0278 | Epoch Time: 0.49s | Spearman@80: 0.9274 | Kendall@80: 0.7845
Epoch 74/150 | Train Loss: 0.0253 | Epoch Time: 0.49s | Spearman@80: 0.9208 | Kendall@80: 0.7743
Epoch 75/150 | Train Loss: 0.0238 | Epoch Time: 0.50s | Spearman@80: 0.9180 | Kendall@80: 0.7648
Epoch 76/150 | Train Loss: 0.0296 | Epoch Time: 0.49s | Spearman@80: 0.9261 | Kendall@80: 0.7847
Epoch 77/150 | Train Loss: 0.0229 | Epoch Time: 0.50s | Spearman@80: 0.9244 | Kendall@80: 0.7756
Epoch 78/150 | Train Loss: 0.0234 | Epoch Time: 0.49s | Spearman@80: 0.9187 | Kendall@80: 0.7726
Epoch 79/150 | Train Loss: 0.0262 | Epoch Time: 0.49s | Spearman@80: 0.9115 | Kendall@80: 0.7629
Epoch 80/150 | Train Loss: 0.0295 | Epoch Time: 0.50s | Spearman@80: 0.9227 | Kendall@80: 0.7794
Epoch 81/150 | Train Loss: 0.0298 | Epoch Time: 0.49s | Spearman@80: 0.9254 | Kendall@80: 0.7807
Epoch 82/150 | Train Loss: 0.0262 | Epoch Time: 0.49s | Spearman@80: 0.9301 | Kendall@80: 0.7965
Epoch 83/150 | Train Loss: 0.0266 | Epoch Time: 0.49s | Spearman@80: 0.9180 | Kendall@80: 0.7669
Epoch 84/150 | Train Loss: 0.0253 | Epoch Time: 0.50s | Spearman@80: 0.9228 | Kendall@80: 0.7781
Epoch 85/150 | Train Loss: 0.0249 | Epoch Time: 0.49s | Spearman@80: 0.9216 | Kendall@80: 0.7864
Epoch 86/150 | Train Loss: 0.0263 | Epoch Time: 0.49s | Spearman@80: 0.9234 | Kendall@80: 0.7821
Epoch 87/150 | Train Loss: 0.0288 | Epoch Time: 0.49s | Spearman@80: 0.9234 | Kendall@80: 0.7819
Epoch 88/150 | Train Loss: 0.0237 | Epoch Time: 0.49s | Spearman@80: 0.9219 | Kendall@80: 0.7851
Epoch 89/150 | Train Loss: 0.0253 | Epoch Time: 0.49s | Spearman@80: 0.9260 | Kendall@80: 0.7885
Epoch 90/150 | Train Loss: 0.0282 | Epoch Time: 0.49s | Spearman@80: 0.9174 | Kendall@80: 0.7682
Epoch 91/150 | Train Loss: 0.0287 | Epoch Time: 0.49s | Spearman@80: 0.9184 | Kendall@80: 0.7781
Epoch 92/150 | Train Loss: 0.0306 | Epoch Time: 0.49s | Spearman@80: 0.9189 | Kendall@80: 0.7807
Epoch 93/150 | Train Loss: 0.0233 | Epoch Time: 0.49s | Spearman@80: 0.9169 | Kendall@80: 0.7749
Epoch 94/150 | Train Loss: 0.0206 | Epoch Time: 0.50s | Spearman@80: 0.9190 | Kendall@80: 0.7749
Epoch 95/150 | Train Loss: 0.0249 | Epoch Time: 0.49s | Spearman@80: 0.9240 | Kendall@80: 0.7838
Epoch 96/150 | Train Loss: 0.0232 | Epoch Time: 0.49s | Spearman@80: 0.9143 | Kendall@80: 0.7686
Epoch 97/150 | Train Loss: 0.0240 | Epoch Time: 0.49s | Spearman@80: 0.9277 | Kendall@80: 0.7883
Epoch 98/150 | Train Loss: 0.0185 | Epoch Time: 0.49s | Spearman@80: 0.9300 | Kendall@80: 0.7895
Epoch 99/150 | Train Loss: 0.0238 | Epoch Time: 0.49s | Spearman@80: 0.9228 | Kendall@80: 0.7807
Epoch 100/150 | Train Loss: 0.0259 | Epoch Time: 0.49s | Spearman@80: 0.9224 | Kendall@80: 0.7794
Epoch 101/150 | Train Loss: 0.0283 | Epoch Time: 0.49s | Spearman@80: 0.9179 | Kendall@80: 0.7745
Epoch 102/150 | Train Loss: 0.0215 | Epoch Time: 0.49s | Spearman@80: 0.9167 | Kendall@80: 0.7756
Epoch 103/150 | Train Loss: 0.0255 | Epoch Time: 0.49s | Spearman@80: 0.9251 | Kendall@80: 0.7800
Epoch 104/150 | Train Loss: 0.0219 | Epoch Time: 0.49s | Spearman@80: 0.9246 | Kendall@80: 0.7838
Epoch 105/150 | Train Loss: 0.0248 | Epoch Time: 0.50s | Spearman@80: 0.9107 | Kendall@80: 0.7699
Epoch 106/150 | Train Loss: 0.0292 | Epoch Time: 0.49s | Spearman@80: 0.9009 | Kendall@80: 0.7542
Epoch 107/150 | Train Loss: 0.0268 | Epoch Time: 0.49s | Spearman@80: 0.9170 | Kendall@80: 0.7777
Epoch 108/150 | Train Loss: 0.0211 | Epoch Time: 0.49s | Spearman@80: 0.9256 | Kendall@80: 0.7870
Epoch 109/150 | Train Loss: 0.0228 | Epoch Time: 0.49s | Spearman@80: 0.9233 | Kendall@80: 0.7826
Epoch 110/150 | Train Loss: 0.0176 | Epoch Time: 0.49s | Spearman@80: 0.9181 | Kendall@80: 0.7794
Epoch 111/150 | Train Loss: 0.0241 | Epoch Time: 0.49s | Spearman@80: 0.9159 | Kendall@80: 0.7724
Epoch 112/150 | Train Loss: 0.0253 | Epoch Time: 0.49s | Spearman@80: 0.9164 | Kendall@80: 0.7732
Epoch 113/150 | Train Loss: 0.0280 | Epoch Time: 0.49s | Spearman@80: 0.9175 | Kendall@80: 0.7762
Epoch 114/150 | Train Loss: 0.0181 | Epoch Time: 0.49s | Spearman@80: 0.9180 | Kendall@80: 0.7756
Epoch 115/150 | Train Loss: 0.0232 | Epoch Time: 0.49s | Spearman@80: 0.9223 | Kendall@80: 0.7794
Epoch 116/150 | Train Loss: 0.0246 | Epoch Time: 0.49s | Spearman@80: 0.9247 | Kendall@80: 0.7891
Epoch 117/150 | Train Loss: 0.0251 | Epoch Time: 0.49s | Spearman@80: 0.9203 | Kendall@80: 0.7819
Epoch 118/150 | Train Loss: 0.0242 | Epoch Time: 0.49s | Spearman@80: 0.9164 | Kendall@80: 0.7711
Epoch 119/150 | Train Loss: 0.0203 | Epoch Time: 0.49s | Spearman@80: 0.9173 | Kendall@80: 0.7713
Epoch 120/150 | Train Loss: 0.0223 | Epoch Time: 0.49s | Spearman@80: 0.9203 | Kendall@80: 0.7819
Epoch 121/150 | Train Loss: 0.0217 | Epoch Time: 0.49s | Spearman@80: 0.9211 | Kendall@80: 0.7789
Epoch 122/150 | Train Loss: 0.0201 | Epoch Time: 0.49s | Spearman@80: 0.9212 | Kendall@80: 0.7826
Epoch 123/150 | Train Loss: 0.0210 | Epoch Time: 0.49s | Spearman@80: 0.9173 | Kendall@80: 0.7726
Epoch 124/150 | Train Loss: 0.0220 | Epoch Time: 0.49s | Spearman@80: 0.9179 | Kendall@80: 0.7756
Epoch 125/150 | Train Loss: 0.0225 | Epoch Time: 0.50s | Spearman@80: 0.9182 | Kendall@80: 0.7851
Epoch 126/150 | Train Loss: 0.0238 | Epoch Time: 0.50s | Spearman@80: 0.9210 | Kendall@80: 0.7819
Epoch 127/150 | Train Loss: 0.0208 | Epoch Time: 0.49s | Spearman@80: 0.9200 | Kendall@80: 0.7787
Epoch 128/150 | Train Loss: 0.0286 | Epoch Time: 0.49s | Spearman@80: 0.9209 | Kendall@80: 0.7832
Epoch 129/150 | Train Loss: 0.0240 | Epoch Time: 0.50s | Spearman@80: 0.9183 | Kendall@80: 0.7783
Epoch 130/150 | Train Loss: 0.0213 | Epoch Time: 0.49s | Spearman@80: 0.9171 | Kendall@80: 0.7743
Epoch 131/150 | Train Loss: 0.0229 | Epoch Time: 0.49s | Spearman@80: 0.9175 | Kendall@80: 0.7775
Epoch 132/150 | Train Loss: 0.0191 | Epoch Time: 0.49s | Spearman@80: 0.9181 | Kendall@80: 0.7800
Epoch 133/150 | Train Loss: 0.0218 | Epoch Time: 0.50s | Spearman@80: 0.9196 | Kendall@80: 0.7794
Epoch 134/150 | Train Loss: 0.0219 | Epoch Time: 0.49s | Spearman@80: 0.9196 | Kendall@80: 0.7781
Epoch 135/150 | Train Loss: 0.0239 | Epoch Time: 0.49s | Spearman@80: 0.9164 | Kendall@80: 0.7743
Epoch 136/150 | Train Loss: 0.0206 | Epoch Time: 0.49s | Spearman@80: 0.9178 | Kendall@80: 0.7770
Epoch 137/150 | Train Loss: 0.0221 | Epoch Time: 0.49s | Spearman@80: 0.9195 | Kendall@80: 0.7775
Epoch 138/150 | Train Loss: 0.0229 | Epoch Time: 0.49s | Spearman@80: 0.9195 | Kendall@80: 0.7794
Epoch 139/150 | Train Loss: 0.0195 | Epoch Time: 0.49s | Spearman@80: 0.9194 | Kendall@80: 0.7794
Epoch 140/150 | Train Loss: 0.0207 | Epoch Time: 0.49s | Spearman@80: 0.9184 | Kendall@80: 0.7730
Epoch 141/150 | Train Loss: 0.0190 | Epoch Time: 0.49s | Spearman@80: 0.9187 | Kendall@80: 0.7749
Epoch 142/150 | Train Loss: 0.0191 | Epoch Time: 0.49s | Spearman@80: 0.9195 | Kendall@80: 0.7787
Epoch 143/150 | Train Loss: 0.0217 | Epoch Time: 0.49s | Spearman@80: 0.9185 | Kendall@80: 0.7743
Epoch 144/150 | Train Loss: 0.0193 | Epoch Time: 0.49s | Spearman@80: 0.9187 | Kendall@80: 0.7756
Epoch 145/150 | Train Loss: 0.0215 | Epoch Time: 0.49s | Spearman@80: 0.9187 | Kendall@80: 0.7745
Epoch 146/150 | Train Loss: 0.0213 | Epoch Time: 0.49s | Spearman@80: 0.9174 | Kendall@80: 0.7743
Epoch 147/150 | Train Loss: 0.0191 | Epoch Time: 1.68s | Spearman@15496: 0.9203 | Kendall@15496: 0.7695
Epoch 148/150 | Train Loss: 0.0238 | Epoch Time: 1.61s | Spearman@15496: 0.9207 | Kendall@15496: 0.7699
Epoch 149/150 | Train Loss: 0.0219 | Epoch Time: 1.61s | Spearman@15496: 0.9230 | Kendall@15496: 0.7742
Epoch 150/150 | Train Loss: 0.0177 | Epoch Time: 1.61s | Spearman@15496: 0.9223 | Kendall@15496: 0.7729
Sample Count: 128, Spearman: 0.9215834028307406, Kendall: 0.7716388051980347
{64: (0.9254607630320573, 0.7664889101845259),
 128: (0.9215834028307406, 0.7716388051980347)}
Epoch 1/150 | Train Loss: 0.0958 | Epoch Time: 0.24s | Spearman@80: 0.4168 | Kendall@80: 0.2905
Epoch 2/150 | Train Loss: 0.0828 | Epoch Time: 0.25s | Spearman@80: 0.5342 | Kendall@80: 0.3802
Epoch 3/150 | Train Loss: 0.0646 | Epoch Time: 0.25s | Spearman@80: 0.7719 | Kendall@80: 0.5932
Epoch 4/150 | Train Loss: 0.0505 | Epoch Time: 0.25s | Spearman@80: 0.8161 | Kendall@80: 0.6407
Epoch 5/150 | Train Loss: 0.0450 | Epoch Time: 0.25s | Spearman@80: 0.8416 | Kendall@80: 0.6730
Epoch 6/150 | Train Loss: 0.0334 | Epoch Time: 0.25s | Spearman@80: 0.8510 | Kendall@80: 0.6859
Epoch 7/150 | Train Loss: 0.0356 | Epoch Time: 0.25s | Spearman@80: 0.8597 | Kendall@80: 0.6933
Epoch 8/150 | Train Loss: 0.0292 | Epoch Time: 0.25s | Spearman@80: 0.8622 | Kendall@80: 0.6855
Epoch 9/150 | Train Loss: 0.0284 | Epoch Time: 0.25s | Spearman@80: 0.8657 | Kendall@80: 0.6971
Epoch 10/150 | Train Loss: 0.0306 | Epoch Time: 0.25s | Spearman@80: 0.8737 | Kendall@80: 0.7085
Epoch 11/150 | Train Loss: 0.0326 | Epoch Time: 0.25s | Spearman@80: 0.8834 | Kendall@80: 0.7214
Epoch 12/150 | Train Loss: 0.0345 | Epoch Time: 0.26s | Spearman@80: 0.8919 | Kendall@80: 0.7366
Epoch 13/150 | Train Loss: 0.0290 | Epoch Time: 0.25s | Spearman@80: 0.8912 | Kendall@80: 0.7368
Epoch 14/150 | Train Loss: 0.0302 | Epoch Time: 0.25s | Spearman@80: 0.8813 | Kendall@80: 0.7157
Epoch 15/150 | Train Loss: 0.0263 | Epoch Time: 0.25s | Spearman@80: 0.8574 | Kendall@80: 0.6770
Epoch 16/150 | Train Loss: 0.0276 | Epoch Time: 0.25s | Spearman@80: 0.8745 | Kendall@80: 0.7235
Epoch 17/150 | Train Loss: 0.0299 | Epoch Time: 0.25s | Spearman@80: 0.8540 | Kendall@80: 0.7041
Epoch 18/150 | Train Loss: 0.0312 | Epoch Time: 0.25s | Spearman@80: 0.8736 | Kendall@80: 0.7283
Epoch 19/150 | Train Loss: 0.0337 | Epoch Time: 0.25s | Spearman@80: 0.8793 | Kendall@80: 0.7277
Epoch 20/150 | Train Loss: 0.0298 | Epoch Time: 0.25s | Spearman@80: 0.8544 | Kendall@80: 0.6751
Epoch 21/150 | Train Loss: 0.0305 | Epoch Time: 0.25s | Spearman@80: 0.8968 | Kendall@80: 0.7550
Epoch 22/150 | Train Loss: 0.0285 | Epoch Time: 0.25s | Spearman@80: 0.8736 | Kendall@80: 0.7003
Epoch 23/150 | Train Loss: 0.0252 | Epoch Time: 0.25s | Spearman@80: 0.8880 | Kendall@80: 0.7366
Epoch 24/150 | Train Loss: 0.0207 | Epoch Time: 0.25s | Spearman@80: 0.8721 | Kendall@80: 0.7053
Epoch 25/150 | Train Loss: 0.0314 | Epoch Time: 0.25s | Spearman@80: 0.8712 | Kendall@80: 0.7036
Epoch 26/150 | Train Loss: 0.0261 | Epoch Time: 0.25s | Spearman@80: 0.8875 | Kendall@80: 0.7364
Epoch 27/150 | Train Loss: 0.0246 | Epoch Time: 0.25s | Spearman@80: 0.8816 | Kendall@80: 0.7239
Epoch 28/150 | Train Loss: 0.0246 | Epoch Time: 0.25s | Spearman@80: 0.8785 | Kendall@80: 0.7186
Epoch 29/150 | Train Loss: 0.0346 | Epoch Time: 0.24s | Spearman@80: 0.8729 | Kendall@80: 0.7277
Epoch 30/150 | Train Loss: 0.0229 | Epoch Time: 0.25s | Spearman@80: 0.8713 | Kendall@80: 0.7216
Epoch 31/150 | Train Loss: 0.0218 | Epoch Time: 0.25s | Spearman@80: 0.8675 | Kendall@80: 0.7113
Epoch 32/150 | Train Loss: 0.0278 | Epoch Time: 0.25s | Spearman@80: 0.8814 | Kendall@80: 0.7324
Epoch 33/150 | Train Loss: 0.0255 | Epoch Time: 0.25s | Spearman@80: 0.8870 | Kendall@80: 0.7416
Epoch 34/150 | Train Loss: 0.0229 | Epoch Time: 0.25s | Spearman@80: 0.8368 | Kendall@80: 0.6460
Epoch 35/150 | Train Loss: 0.0380 | Epoch Time: 0.25s | Spearman@80: 0.8691 | Kendall@80: 0.7226
Epoch 36/150 | Train Loss: 0.0217 | Epoch Time: 0.25s | Spearman@80: 0.8759 | Kendall@80: 0.7290
Epoch 37/150 | Train Loss: 0.0217 | Epoch Time: 0.25s | Spearman@80: 0.8745 | Kendall@80: 0.7142
Epoch 38/150 | Train Loss: 0.0295 | Epoch Time: 0.25s | Spearman@80: 0.8668 | Kendall@80: 0.7098
Epoch 39/150 | Train Loss: 0.0228 | Epoch Time: 0.25s | Spearman@80: 0.8761 | Kendall@80: 0.7256
Epoch 40/150 | Train Loss: 0.0256 | Epoch Time: 0.25s | Spearman@80: 0.8709 | Kendall@80: 0.7233
Epoch 41/150 | Train Loss: 0.0199 | Epoch Time: 0.25s | Spearman@80: 0.8743 | Kendall@80: 0.7250
Epoch 42/150 | Train Loss: 0.0344 | Epoch Time: 0.25s | Spearman@80: 0.8649 | Kendall@80: 0.7112
Epoch 43/150 | Train Loss: 0.0255 | Epoch Time: 0.26s | Spearman@80: 0.8610 | Kendall@80: 0.7081
Epoch 44/150 | Train Loss: 0.0265 | Epoch Time: 0.25s | Spearman@80: 0.8635 | Kendall@80: 0.7104
Epoch 45/150 | Train Loss: 0.0226 | Epoch Time: 0.25s | Spearman@80: 0.8646 | Kendall@80: 0.7136
Epoch 46/150 | Train Loss: 0.0311 | Epoch Time: 0.25s | Spearman@80: 0.8603 | Kendall@80: 0.7072
Epoch 47/150 | Train Loss: 0.0288 | Epoch Time: 0.25s | Spearman@80: 0.8661 | Kendall@80: 0.7161
Epoch 48/150 | Train Loss: 0.0274 | Epoch Time: 0.25s | Spearman@80: 0.8752 | Kendall@80: 0.7313
Epoch 49/150 | Train Loss: 0.0204 | Epoch Time: 0.25s | Spearman@80: 0.8831 | Kendall@80: 0.7262
Epoch 50/150 | Train Loss: 0.0258 | Epoch Time: 0.25s | Spearman@80: 0.8607 | Kendall@80: 0.6850
Epoch 51/150 | Train Loss: 0.0210 | Epoch Time: 0.25s | Spearman@80: 0.8811 | Kendall@80: 0.7423
Epoch 52/150 | Train Loss: 0.0245 | Epoch Time: 0.25s | Spearman@80: 0.8858 | Kendall@80: 0.7452
Epoch 53/150 | Train Loss: 0.0319 | Epoch Time: 0.26s | Spearman@80: 0.8500 | Kendall@80: 0.7017
Epoch 54/150 | Train Loss: 0.0235 | Epoch Time: 0.25s | Spearman@80: 0.8725 | Kendall@80: 0.7285
Epoch 55/150 | Train Loss: 0.0244 | Epoch Time: 0.25s | Spearman@80: 0.8771 | Kendall@80: 0.7315
Epoch 56/150 | Train Loss: 0.0191 | Epoch Time: 0.25s | Spearman@80: 0.8726 | Kendall@80: 0.7167
Epoch 57/150 | Train Loss: 0.0187 | Epoch Time: 0.25s | Spearman@80: 0.8639 | Kendall@80: 0.7094
Epoch 58/150 | Train Loss: 0.0213 | Epoch Time: 0.25s | Spearman@80: 0.8740 | Kendall@80: 0.7208
Epoch 59/150 | Train Loss: 0.0250 | Epoch Time: 0.25s | Spearman@80: 0.8635 | Kendall@80: 0.7085
Epoch 60/150 | Train Loss: 0.0163 | Epoch Time: 0.26s | Spearman@80: 0.8537 | Kendall@80: 0.6935
Epoch 61/150 | Train Loss: 0.0263 | Epoch Time: 0.25s | Spearman@80: 0.8514 | Kendall@80: 0.6869
Epoch 62/150 | Train Loss: 0.0246 | Epoch Time: 0.25s | Spearman@80: 0.8417 | Kendall@80: 0.6751
Epoch 63/150 | Train Loss: 0.0293 | Epoch Time: 0.25s | Spearman@80: 0.8610 | Kendall@80: 0.7043
Epoch 64/150 | Train Loss: 0.0180 | Epoch Time: 0.25s | Spearman@80: 0.8751 | Kendall@80: 0.7123
Epoch 65/150 | Train Loss: 0.0218 | Epoch Time: 0.25s | Spearman@80: 0.8484 | Kendall@80: 0.6884
Epoch 66/150 | Train Loss: 0.0223 | Epoch Time: 0.25s | Spearman@80: 0.8331 | Kendall@80: 0.6561
Epoch 67/150 | Train Loss: 0.0238 | Epoch Time: 0.26s | Spearman@80: 0.8708 | Kendall@80: 0.7212
Epoch 68/150 | Train Loss: 0.0212 | Epoch Time: 0.25s | Spearman@80: 0.8845 | Kendall@80: 0.7315
Epoch 69/150 | Train Loss: 0.0267 | Epoch Time: 0.25s | Spearman@80: 0.8706 | Kendall@80: 0.7093
Epoch 70/150 | Train Loss: 0.0262 | Epoch Time: 0.25s | Spearman@80: 0.8510 | Kendall@80: 0.6876
Epoch 71/150 | Train Loss: 0.0188 | Epoch Time: 0.25s | Spearman@80: 0.8663 | Kendall@80: 0.7117
Epoch 72/150 | Train Loss: 0.0198 | Epoch Time: 0.25s | Spearman@80: 0.8786 | Kendall@80: 0.7328
Epoch 73/150 | Train Loss: 0.0172 | Epoch Time: 0.25s | Spearman@80: 0.8749 | Kendall@80: 0.7260
Epoch 74/150 | Train Loss: 0.0230 | Epoch Time: 0.25s | Spearman@80: 0.8755 | Kendall@80: 0.7220
Epoch 75/150 | Train Loss: 0.0208 | Epoch Time: 0.25s | Spearman@80: 0.8876 | Kendall@80: 0.7465
Epoch 76/150 | Train Loss: 0.0216 | Epoch Time: 0.25s | Spearman@80: 0.8831 | Kendall@80: 0.7379
Epoch 77/150 | Train Loss: 0.0195 | Epoch Time: 0.25s | Spearman@80: 0.8645 | Kendall@80: 0.7129
Epoch 78/150 | Train Loss: 0.0143 | Epoch Time: 0.26s | Spearman@80: 0.8676 | Kendall@80: 0.7110
Epoch 79/150 | Train Loss: 0.0166 | Epoch Time: 0.25s | Spearman@80: 0.8602 | Kendall@80: 0.7151
Epoch 80/150 | Train Loss: 0.0129 | Epoch Time: 0.26s | Spearman@80: 0.8639 | Kendall@80: 0.7134
Epoch 81/150 | Train Loss: 0.0149 | Epoch Time: 0.25s | Spearman@80: 0.8613 | Kendall@80: 0.7062
Epoch 82/150 | Train Loss: 0.0170 | Epoch Time: 0.25s | Spearman@80: 0.8642 | Kendall@80: 0.7123
Epoch 83/150 | Train Loss: 0.0194 | Epoch Time: 0.25s | Spearman@80: 0.8605 | Kendall@80: 0.7072
Epoch 84/150 | Train Loss: 0.0193 | Epoch Time: 0.25s | Spearman@80: 0.8505 | Kendall@80: 0.6926
Epoch 85/150 | Train Loss: 0.0163 | Epoch Time: 0.25s | Spearman@80: 0.8506 | Kendall@80: 0.6956
Epoch 86/150 | Train Loss: 0.0177 | Epoch Time: 0.25s | Spearman@80: 0.8670 | Kendall@80: 0.7165
Epoch 87/150 | Train Loss: 0.0187 | Epoch Time: 0.25s | Spearman@80: 0.8523 | Kendall@80: 0.6910
Epoch 88/150 | Train Loss: 0.0166 | Epoch Time: 0.25s | Spearman@80: 0.8521 | Kendall@80: 0.6941
Epoch 89/150 | Train Loss: 0.0214 | Epoch Time: 0.25s | Spearman@80: 0.8515 | Kendall@80: 0.6924
Epoch 90/150 | Train Loss: 0.0162 | Epoch Time: 0.25s | Spearman@80: 0.8769 | Kendall@80: 0.7321
Epoch 91/150 | Train Loss: 0.0128 | Epoch Time: 0.25s | Spearman@80: 0.8698 | Kendall@80: 0.7205
Epoch 92/150 | Train Loss: 0.0161 | Epoch Time: 0.25s | Spearman@80: 0.8660 | Kendall@80: 0.7096
Epoch 93/150 | Train Loss: 0.0163 | Epoch Time: 0.25s | Spearman@80: 0.8697 | Kendall@80: 0.7157
Epoch 94/150 | Train Loss: 0.0105 | Epoch Time: 0.25s | Spearman@80: 0.8730 | Kendall@80: 0.7237
Epoch 95/150 | Train Loss: 0.0125 | Epoch Time: 0.25s | Spearman@80: 0.8594 | Kendall@80: 0.7043
Epoch 96/150 | Train Loss: 0.0139 | Epoch Time: 0.25s | Spearman@80: 0.8331 | Kendall@80: 0.6764
Epoch 97/150 | Train Loss: 0.0151 | Epoch Time: 0.25s | Spearman@80: 0.8277 | Kendall@80: 0.6650
Epoch 98/150 | Train Loss: 0.0173 | Epoch Time: 0.26s | Spearman@80: 0.8536 | Kendall@80: 0.6891
Epoch 99/150 | Train Loss: 0.0099 | Epoch Time: 0.25s | Spearman@80: 0.8763 | Kendall@80: 0.7319
Epoch 100/150 | Train Loss: 0.0166 | Epoch Time: 0.25s | Spearman@80: 0.8769 | Kendall@80: 0.7275
Epoch 101/150 | Train Loss: 0.0107 | Epoch Time: 0.25s | Spearman@80: 0.8752 | Kendall@80: 0.7239
Epoch 102/150 | Train Loss: 0.0177 | Epoch Time: 0.25s | Spearman@80: 0.8725 | Kendall@80: 0.7220
Epoch 103/150 | Train Loss: 0.0158 | Epoch Time: 0.25s | Spearman@80: 0.8734 | Kendall@80: 0.7264
Epoch 104/150 | Train Loss: 0.0162 | Epoch Time: 0.25s | Spearman@80: 0.8723 | Kendall@80: 0.7231
Epoch 105/150 | Train Loss: 0.0071 | Epoch Time: 0.25s | Spearman@80: 0.8700 | Kendall@80: 0.7150
Epoch 106/150 | Train Loss: 0.0164 | Epoch Time: 0.25s | Spearman@80: 0.8731 | Kendall@80: 0.7201
Epoch 107/150 | Train Loss: 0.0117 | Epoch Time: 0.25s | Spearman@80: 0.8766 | Kendall@80: 0.7277
Epoch 108/150 | Train Loss: 0.0116 | Epoch Time: 0.25s | Spearman@80: 0.8704 | Kendall@80: 0.7188
Epoch 109/150 | Train Loss: 0.0153 | Epoch Time: 0.25s | Spearman@80: 0.8671 | Kendall@80: 0.7087
Epoch 110/150 | Train Loss: 0.0115 | Epoch Time: 0.25s | Spearman@80: 0.8617 | Kendall@80: 0.6958
Epoch 111/150 | Train Loss: 0.0108 | Epoch Time: 0.25s | Spearman@80: 0.8580 | Kendall@80: 0.6933
Epoch 112/150 | Train Loss: 0.0124 | Epoch Time: 0.25s | Spearman@80: 0.8624 | Kendall@80: 0.6979
Epoch 113/150 | Train Loss: 0.0133 | Epoch Time: 0.25s | Spearman@80: 0.8580 | Kendall@80: 0.6996
Epoch 114/150 | Train Loss: 0.0131 | Epoch Time: 0.25s | Spearman@80: 0.8538 | Kendall@80: 0.6986
Epoch 115/150 | Train Loss: 0.0153 | Epoch Time: 0.26s | Spearman@80: 0.8627 | Kendall@80: 0.7036
Epoch 116/150 | Train Loss: 0.0117 | Epoch Time: 0.25s | Spearman@80: 0.8684 | Kendall@80: 0.7138
Epoch 117/150 | Train Loss: 0.0108 | Epoch Time: 0.25s | Spearman@80: 0.8643 | Kendall@80: 0.7074
Epoch 118/150 | Train Loss: 0.0103 | Epoch Time: 0.25s | Spearman@80: 0.8671 | Kendall@80: 0.7089
Epoch 119/150 | Train Loss: 0.0112 | Epoch Time: 0.25s | Spearman@80: 0.8667 | Kendall@80: 0.7068
Epoch 120/150 | Train Loss: 0.0136 | Epoch Time: 0.26s | Spearman@80: 0.8682 | Kendall@80: 0.7150
Epoch 121/150 | Train Loss: 0.0093 | Epoch Time: 0.25s | Spearman@80: 0.8658 | Kendall@80: 0.7140
Epoch 122/150 | Train Loss: 0.0127 | Epoch Time: 0.25s | Spearman@80: 0.8742 | Kendall@80: 0.7239
Epoch 123/150 | Train Loss: 0.0098 | Epoch Time: 0.25s | Spearman@80: 0.8744 | Kendall@80: 0.7231
Epoch 124/150 | Train Loss: 0.0123 | Epoch Time: 0.25s | Spearman@80: 0.8667 | Kendall@80: 0.7119
Epoch 125/150 | Train Loss: 0.0141 | Epoch Time: 0.25s | Spearman@80: 0.8586 | Kendall@80: 0.7024
Epoch 126/150 | Train Loss: 0.0152 | Epoch Time: 0.25s | Spearman@80: 0.8556 | Kendall@80: 0.6922
Epoch 127/150 | Train Loss: 0.0104 | Epoch Time: 0.25s | Spearman@80: 0.8563 | Kendall@80: 0.6969
Epoch 128/150 | Train Loss: 0.0057 | Epoch Time: 0.25s | Spearman@80: 0.8578 | Kendall@80: 0.7011
Epoch 129/150 | Train Loss: 0.0078 | Epoch Time: 0.25s | Spearman@80: 0.8613 | Kendall@80: 0.7062
Epoch 130/150 | Train Loss: 0.0179 | Epoch Time: 0.25s | Spearman@80: 0.8614 | Kendall@80: 0.7068
Epoch 131/150 | Train Loss: 0.0109 | Epoch Time: 0.25s | Spearman@80: 0.8591 | Kendall@80: 0.7043
Epoch 132/150 | Train Loss: 0.0196 | Epoch Time: 0.25s | Spearman@80: 0.8603 | Kendall@80: 0.7062
Epoch 133/150 | Train Loss: 0.0099 | Epoch Time: 0.25s | Spearman@80: 0.8613 | Kendall@80: 0.7047
Epoch 134/150 | Train Loss: 0.0041 | Epoch Time: 0.25s | Spearman@80: 0.8621 | Kendall@80: 0.7036
Epoch 135/150 | Train Loss: 0.0157 | Epoch Time: 0.25s | Spearman@80: 0.8606 | Kendall@80: 0.7030
Epoch 136/150 | Train Loss: 0.0057 | Epoch Time: 0.25s | Spearman@80: 0.8602 | Kendall@80: 0.7055
Epoch 137/150 | Train Loss: 0.0107 | Epoch Time: 0.25s | Spearman@80: 0.8626 | Kendall@80: 0.7036
Epoch 138/150 | Train Loss: 0.0099 | Epoch Time: 0.25s | Spearman@80: 0.8575 | Kendall@80: 0.6986
Epoch 139/150 | Train Loss: 0.0074 | Epoch Time: 0.25s | Spearman@80: 0.8608 | Kendall@80: 0.7028
Epoch 140/150 | Train Loss: 0.0128 | Epoch Time: 0.25s | Spearman@80: 0.8587 | Kendall@80: 0.7024
Epoch 141/150 | Train Loss: 0.0088 | Epoch Time: 0.25s | Spearman@80: 0.8590 | Kendall@80: 0.7003
Epoch 142/150 | Train Loss: 0.0153 | Epoch Time: 0.25s | Spearman@80: 0.8606 | Kendall@80: 0.7049
Epoch 143/150 | Train Loss: 0.0089 | Epoch Time: 0.25s | Spearman@80: 0.8631 | Kendall@80: 0.7081
Epoch 144/150 | Train Loss: 0.0099 | Epoch Time: 0.25s | Spearman@80: 0.8634 | Kendall@80: 0.7055
Epoch 145/150 | Train Loss: 0.0064 | Epoch Time: 0.25s | Spearman@80: 0.8634 | Kendall@80: 0.7087
Epoch 146/150 | Train Loss: 0.0091 | Epoch Time: 0.25s | Spearman@80: 0.8630 | Kendall@80: 0.7081
Epoch 147/150 | Train Loss: 0.0083 | Epoch Time: 1.37s | Spearman@15560: 0.9063 | Kendall@15560: 0.7551
Epoch 148/150 | Train Loss: 0.0128 | Epoch Time: 1.34s | Spearman@15560: 0.9067 | Kendall@15560: 0.7575
Epoch 149/150 | Train Loss: 0.0080 | Epoch Time: 1.35s | Spearman@15560: 0.9065 | Kendall@15560: 0.7576
Epoch 150/150 | Train Loss: 0.0101 | Epoch Time: 1.34s | Spearman@15560: 0.9071 | Kendall@15560: 0.7581
Sample Count: 64, Spearman: 0.9066476484235767, Kendall: 0.7570840208067027
{64: (0.9066476484235767, 0.7570840208067027),
 128: (0.9215834028307406, 0.7716388051980347)}
Epoch 1/150 | Train Loss: 0.0861 | Epoch Time: 0.49s | Spearman@80: 0.5441 | Kendall@80: 0.3842
Epoch 2/150 | Train Loss: 0.0571 | Epoch Time: 0.49s | Spearman@80: 0.8709 | Kendall@80: 0.6787
Epoch 3/150 | Train Loss: 0.0409 | Epoch Time: 0.49s | Spearman@80: 0.8882 | Kendall@80: 0.7121
Epoch 4/150 | Train Loss: 0.0434 | Epoch Time: 0.49s | Spearman@80: 0.9050 | Kendall@80: 0.7362
Epoch 5/150 | Train Loss: 0.0388 | Epoch Time: 0.49s | Spearman@80: 0.9052 | Kendall@80: 0.7372
Epoch 6/150 | Train Loss: 0.0343 | Epoch Time: 0.49s | Spearman@80: 0.9120 | Kendall@80: 0.7514
Epoch 7/150 | Train Loss: 0.0314 | Epoch Time: 0.49s | Spearman@80: 0.9036 | Kendall@80: 0.7372
Epoch 8/150 | Train Loss: 0.0416 | Epoch Time: 0.49s | Spearman@80: 0.9264 | Kendall@80: 0.7677
Epoch 9/150 | Train Loss: 0.0316 | Epoch Time: 0.50s | Spearman@80: 0.9336 | Kendall@80: 0.7844
Epoch 10/150 | Train Loss: 0.0339 | Epoch Time: 0.49s | Spearman@80: 0.9159 | Kendall@80: 0.7588
Epoch 11/150 | Train Loss: 0.0309 | Epoch Time: 0.50s | Spearman@80: 0.9171 | Kendall@80: 0.7580
Epoch 12/150 | Train Loss: 0.0312 | Epoch Time: 0.49s | Spearman@80: 0.9154 | Kendall@80: 0.7529
Epoch 13/150 | Train Loss: 0.0300 | Epoch Time: 0.50s | Spearman@80: 0.9216 | Kendall@80: 0.7664
Epoch 14/150 | Train Loss: 0.0307 | Epoch Time: 0.49s | Spearman@80: 0.9164 | Kendall@80: 0.7531
Epoch 15/150 | Train Loss: 0.0379 | Epoch Time: 0.50s | Spearman@80: 0.9312 | Kendall@80: 0.7867
Epoch 16/150 | Train Loss: 0.0302 | Epoch Time: 0.49s | Spearman@80: 0.9140 | Kendall@80: 0.7527
Epoch 17/150 | Train Loss: 0.0284 | Epoch Time: 0.49s | Spearman@80: 0.9302 | Kendall@80: 0.7816
Epoch 18/150 | Train Loss: 0.0340 | Epoch Time: 0.49s | Spearman@80: 0.9255 | Kendall@80: 0.7804
Epoch 19/150 | Train Loss: 0.0372 | Epoch Time: 0.49s | Spearman@80: 0.9269 | Kendall@80: 0.7749
Epoch 20/150 | Train Loss: 0.0272 | Epoch Time: 0.49s | Spearman@80: 0.9325 | Kendall@80: 0.7810
Epoch 21/150 | Train Loss: 0.0334 | Epoch Time: 0.49s | Spearman@80: 0.9270 | Kendall@80: 0.7800
Epoch 22/150 | Train Loss: 0.0303 | Epoch Time: 0.49s | Spearman@80: 0.9164 | Kendall@80: 0.7540
Epoch 23/150 | Train Loss: 0.0300 | Epoch Time: 0.49s | Spearman@80: 0.9094 | Kendall@80: 0.7510
Epoch 24/150 | Train Loss: 0.0269 | Epoch Time: 0.49s | Spearman@80: 0.9238 | Kendall@80: 0.7729
Epoch 25/150 | Train Loss: 0.0290 | Epoch Time: 0.50s | Spearman@80: 0.9277 | Kendall@80: 0.7861
Epoch 26/150 | Train Loss: 0.0288 | Epoch Time: 0.49s | Spearman@80: 0.9198 | Kendall@80: 0.7647
Epoch 27/150 | Train Loss: 0.0267 | Epoch Time: 0.49s | Spearman@80: 0.9260 | Kendall@80: 0.7728
Epoch 28/150 | Train Loss: 0.0286 | Epoch Time: 0.49s | Spearman@80: 0.9324 | Kendall@80: 0.7869
Epoch 29/150 | Train Loss: 0.0279 | Epoch Time: 0.50s | Spearman@80: 0.9215 | Kendall@80: 0.7685
Epoch 30/150 | Train Loss: 0.0290 | Epoch Time: 0.49s | Spearman@80: 0.9105 | Kendall@80: 0.7497
Epoch 31/150 | Train Loss: 0.0305 | Epoch Time: 0.49s | Spearman@80: 0.9046 | Kendall@80: 0.7443
Epoch 32/150 | Train Loss: 0.0266 | Epoch Time: 0.49s | Spearman@80: 0.9290 | Kendall@80: 0.7850
Epoch 33/150 | Train Loss: 0.0294 | Epoch Time: 0.50s | Spearman@80: 0.9087 | Kendall@80: 0.7527
Epoch 34/150 | Train Loss: 0.0337 | Epoch Time: 0.49s | Spearman@80: 0.9101 | Kendall@80: 0.7457
Epoch 35/150 | Train Loss: 0.0313 | Epoch Time: 0.49s | Spearman@80: 0.9137 | Kendall@80: 0.7588
Epoch 36/150 | Train Loss: 0.0288 | Epoch Time: 0.49s | Spearman@80: 0.9267 | Kendall@80: 0.7854
Epoch 37/150 | Train Loss: 0.0271 | Epoch Time: 0.49s | Spearman@80: 0.9265 | Kendall@80: 0.7842
Epoch 38/150 | Train Loss: 0.0277 | Epoch Time: 0.49s | Spearman@80: 0.9261 | Kendall@80: 0.7793
Epoch 39/150 | Train Loss: 0.0256 | Epoch Time: 0.49s | Spearman@80: 0.9221 | Kendall@80: 0.7696
Epoch 40/150 | Train Loss: 0.0207 | Epoch Time: 0.49s | Spearman@80: 0.9274 | Kendall@80: 0.7753
Epoch 41/150 | Train Loss: 0.0216 | Epoch Time: 0.49s | Spearman@80: 0.9130 | Kendall@80: 0.7590
Epoch 42/150 | Train Loss: 0.0274 | Epoch Time: 0.49s | Spearman@80: 0.9123 | Kendall@80: 0.7470
Epoch 43/150 | Train Loss: 0.0275 | Epoch Time: 0.49s | Spearman@80: 0.8861 | Kendall@80: 0.7159
Epoch 44/150 | Train Loss: 0.0328 | Epoch Time: 0.49s | Spearman@80: 0.9253 | Kendall@80: 0.7709
Epoch 45/150 | Train Loss: 0.0249 | Epoch Time: 0.50s | Spearman@80: 0.9251 | Kendall@80: 0.7741
Epoch 46/150 | Train Loss: 0.0269 | Epoch Time: 0.49s | Spearman@80: 0.9230 | Kendall@80: 0.7668
Epoch 47/150 | Train Loss: 0.0263 | Epoch Time: 0.49s | Spearman@80: 0.9178 | Kendall@80: 0.7643
Epoch 48/150 | Train Loss: 0.0238 | Epoch Time: 0.49s | Spearman@80: 0.9210 | Kendall@80: 0.7715
Epoch 49/150 | Train Loss: 0.0278 | Epoch Time: 0.50s | Spearman@80: 0.9223 | Kendall@80: 0.7685
Epoch 50/150 | Train Loss: 0.0241 | Epoch Time: 0.50s | Spearman@80: 0.9255 | Kendall@80: 0.7749
Epoch 51/150 | Train Loss: 0.0260 | Epoch Time: 0.49s | Spearman@80: 0.9138 | Kendall@80: 0.7597
Epoch 52/150 | Train Loss: 0.0254 | Epoch Time: 0.49s | Spearman@80: 0.9163 | Kendall@80: 0.7588
Epoch 53/150 | Train Loss: 0.0270 | Epoch Time: 0.49s | Spearman@80: 0.9130 | Kendall@80: 0.7576
Epoch 54/150 | Train Loss: 0.0227 | Epoch Time: 0.49s | Spearman@80: 0.9138 | Kendall@80: 0.7540
Epoch 55/150 | Train Loss: 0.0188 | Epoch Time: 0.49s | Spearman@80: 0.9107 | Kendall@80: 0.7519
Epoch 56/150 | Train Loss: 0.0215 | Epoch Time: 0.49s | Spearman@80: 0.9251 | Kendall@80: 0.7798
Epoch 57/150 | Train Loss: 0.0273 | Epoch Time: 0.49s | Spearman@80: 0.9253 | Kendall@80: 0.7800
Epoch 58/150 | Train Loss: 0.0228 | Epoch Time: 0.50s | Spearman@80: 0.9228 | Kendall@80: 0.7800
Epoch 59/150 | Train Loss: 0.0209 | Epoch Time: 0.49s | Spearman@80: 0.9236 | Kendall@80: 0.7760
Epoch 60/150 | Train Loss: 0.0232 | Epoch Time: 0.49s | Spearman@80: 0.8999 | Kendall@80: 0.7389
Epoch 61/150 | Train Loss: 0.0230 | Epoch Time: 0.49s | Spearman@80: 0.9129 | Kendall@80: 0.7569
Epoch 62/150 | Train Loss: 0.0296 | Epoch Time: 0.50s | Spearman@80: 0.9168 | Kendall@80: 0.7645
Epoch 63/150 | Train Loss: 0.0286 | Epoch Time: 0.49s | Spearman@80: 0.9214 | Kendall@80: 0.7725
Epoch 64/150 | Train Loss: 0.0271 | Epoch Time: 0.49s | Spearman@80: 0.9092 | Kendall@80: 0.7521
Epoch 65/150 | Train Loss: 0.0296 | Epoch Time: 0.49s | Spearman@80: 0.9179 | Kendall@80: 0.7677
Epoch 66/150 | Train Loss: 0.0210 | Epoch Time: 0.49s | Spearman@80: 0.9191 | Kendall@80: 0.7706
Epoch 67/150 | Train Loss: 0.0231 | Epoch Time: 0.49s | Spearman@80: 0.9243 | Kendall@80: 0.7779
Epoch 68/150 | Train Loss: 0.0217 | Epoch Time: 0.49s | Spearman@80: 0.9138 | Kendall@80: 0.7595
Epoch 69/150 | Train Loss: 0.0227 | Epoch Time: 0.49s | Spearman@80: 0.9200 | Kendall@80: 0.7747
Epoch 70/150 | Train Loss: 0.0229 | Epoch Time: 0.49s | Spearman@80: 0.9174 | Kendall@80: 0.7724
Epoch 71/150 | Train Loss: 0.0238 | Epoch Time: 0.49s | Spearman@80: 0.9239 | Kendall@80: 0.7784
Epoch 72/150 | Train Loss: 0.0245 | Epoch Time: 0.50s | Spearman@80: 0.9106 | Kendall@80: 0.7603
Epoch 73/150 | Train Loss: 0.0263 | Epoch Time: 0.49s | Spearman@80: 0.8918 | Kendall@80: 0.7320
Epoch 74/150 | Train Loss: 0.0226 | Epoch Time: 0.49s | Spearman@80: 0.9158 | Kendall@80: 0.7628
Epoch 75/150 | Train Loss: 0.0262 | Epoch Time: 0.49s | Spearman@80: 0.9148 | Kendall@80: 0.7626
Epoch 76/150 | Train Loss: 0.0218 | Epoch Time: 0.49s | Spearman@80: 0.9020 | Kendall@80: 0.7427
Epoch 77/150 | Train Loss: 0.0251 | Epoch Time: 0.49s | Spearman@80: 0.9199 | Kendall@80: 0.7738
Epoch 78/150 | Train Loss: 0.0224 | Epoch Time: 0.49s | Spearman@80: 0.9080 | Kendall@80: 0.7531
Epoch 79/150 | Train Loss: 0.0238 | Epoch Time: 0.49s | Spearman@80: 0.9213 | Kendall@80: 0.7708
Epoch 80/150 | Train Loss: 0.0272 | Epoch Time: 0.50s | Spearman@80: 0.9072 | Kendall@80: 0.7550
Epoch 81/150 | Train Loss: 0.0206 | Epoch Time: 0.49s | Spearman@80: 0.9249 | Kendall@80: 0.7798
Epoch 82/150 | Train Loss: 0.0256 | Epoch Time: 0.49s | Spearman@80: 0.9228 | Kendall@80: 0.7785
Epoch 83/150 | Train Loss: 0.0221 | Epoch Time: 0.49s | Spearman@80: 0.9171 | Kendall@80: 0.7689
Epoch 84/150 | Train Loss: 0.0204 | Epoch Time: 0.49s | Spearman@80: 0.9219 | Kendall@80: 0.7757
Epoch 85/150 | Train Loss: 0.0277 | Epoch Time: 0.49s | Spearman@80: 0.9180 | Kendall@80: 0.7673
Epoch 86/150 | Train Loss: 0.0206 | Epoch Time: 0.49s | Spearman@80: 0.9219 | Kendall@80: 0.7793
Epoch 87/150 | Train Loss: 0.0192 | Epoch Time: 0.49s | Spearman@80: 0.9272 | Kendall@80: 0.7829
Epoch 88/150 | Train Loss: 0.0196 | Epoch Time: 0.49s | Spearman@80: 0.9263 | Kendall@80: 0.7835
Epoch 89/150 | Train Loss: 0.0220 | Epoch Time: 0.49s | Spearman@80: 0.9316 | Kendall@80: 0.7952
Epoch 90/150 | Train Loss: 0.0226 | Epoch Time: 0.49s | Spearman@80: 0.9242 | Kendall@80: 0.7774
Epoch 91/150 | Train Loss: 0.0227 | Epoch Time: 0.49s | Spearman@80: 0.9281 | Kendall@80: 0.7844
Epoch 92/150 | Train Loss: 0.0199 | Epoch Time: 0.49s | Spearman@80: 0.9326 | Kendall@80: 0.7958
Epoch 93/150 | Train Loss: 0.0222 | Epoch Time: 0.49s | Spearman@80: 0.9294 | Kendall@80: 0.7909
Epoch 94/150 | Train Loss: 0.0206 | Epoch Time: 0.49s | Spearman@80: 0.9218 | Kendall@80: 0.7776
Epoch 95/150 | Train Loss: 0.0184 | Epoch Time: 0.49s | Spearman@80: 0.9264 | Kendall@80: 0.7829
Epoch 96/150 | Train Loss: 0.0154 | Epoch Time: 0.49s | Spearman@80: 0.9266 | Kendall@80: 0.7810
Epoch 97/150 | Train Loss: 0.0218 | Epoch Time: 0.49s | Spearman@80: 0.9284 | Kendall@80: 0.7838
Epoch 98/150 | Train Loss: 0.0177 | Epoch Time: 0.50s | Spearman@80: 0.9346 | Kendall@80: 0.7960
Epoch 99/150 | Train Loss: 0.0158 | Epoch Time: 0.49s | Spearman@80: 0.9358 | Kendall@80: 0.7988
Epoch 100/150 | Train Loss: 0.0195 | Epoch Time: 0.49s | Spearman@80: 0.9244 | Kendall@80: 0.7793
Epoch 101/150 | Train Loss: 0.0239 | Epoch Time: 0.49s | Spearman@80: 0.9345 | Kendall@80: 0.8001
Epoch 102/150 | Train Loss: 0.0179 | Epoch Time: 0.49s | Spearman@80: 0.9368 | Kendall@80: 0.8036
Epoch 103/150 | Train Loss: 0.0193 | Epoch Time: 0.49s | Spearman@80: 0.9347 | Kendall@80: 0.8013
Epoch 104/150 | Train Loss: 0.0215 | Epoch Time: 0.49s | Spearman@80: 0.9373 | Kendall@80: 0.8053
Epoch 105/150 | Train Loss: 0.0233 | Epoch Time: 0.49s | Spearman@80: 0.9320 | Kendall@80: 0.7944
Epoch 106/150 | Train Loss: 0.0199 | Epoch Time: 0.49s | Spearman@80: 0.9309 | Kendall@80: 0.7901
Epoch 107/150 | Train Loss: 0.0150 | Epoch Time: 0.49s | Spearman@80: 0.9281 | Kendall@80: 0.7893
Epoch 108/150 | Train Loss: 0.0178 | Epoch Time: 0.49s | Spearman@80: 0.9308 | Kendall@80: 0.7928
Epoch 109/150 | Train Loss: 0.0189 | Epoch Time: 0.49s | Spearman@80: 0.9331 | Kendall@80: 0.7963
Epoch 110/150 | Train Loss: 0.0208 | Epoch Time: 0.49s | Spearman@80: 0.9336 | Kendall@80: 0.7965
Epoch 111/150 | Train Loss: 0.0197 | Epoch Time: 0.49s | Spearman@80: 0.9368 | Kendall@80: 0.8022
Epoch 112/150 | Train Loss: 0.0225 | Epoch Time: 0.49s | Spearman@80: 0.9321 | Kendall@80: 0.7939
Epoch 113/150 | Train Loss: 0.0186 | Epoch Time: 0.49s | Spearman@80: 0.9368 | Kendall@80: 0.8015
Epoch 114/150 | Train Loss: 0.0220 | Epoch Time: 0.49s | Spearman@80: 0.9384 | Kendall@80: 0.8039
Epoch 115/150 | Train Loss: 0.0186 | Epoch Time: 0.49s | Spearman@80: 0.9363 | Kendall@80: 0.7984
Epoch 116/150 | Train Loss: 0.0151 | Epoch Time: 0.50s | Spearman@80: 0.9398 | Kendall@80: 0.8081
Epoch 117/150 | Train Loss: 0.0171 | Epoch Time: 0.50s | Spearman@80: 0.9365 | Kendall@80: 0.8036
Epoch 118/150 | Train Loss: 0.0140 | Epoch Time: 0.50s | Spearman@80: 0.9412 | Kendall@80: 0.8085
Epoch 119/150 | Train Loss: 0.0185 | Epoch Time: 0.49s | Spearman@80: 0.9392 | Kendall@80: 0.8032
Epoch 120/150 | Train Loss: 0.0191 | Epoch Time: 0.49s | Spearman@80: 0.9307 | Kendall@80: 0.7899
Epoch 121/150 | Train Loss: 0.0186 | Epoch Time: 0.49s | Spearman@80: 0.9345 | Kendall@80: 0.7971
Epoch 122/150 | Train Loss: 0.0194 | Epoch Time: 0.49s | Spearman@80: 0.9410 | Kendall@80: 0.8084
Epoch 123/150 | Train Loss: 0.0162 | Epoch Time: 0.49s | Spearman@80: 0.9335 | Kendall@80: 0.7945
Epoch 124/150 | Train Loss: 0.0140 | Epoch Time: 0.49s | Spearman@80: 0.9361 | Kendall@80: 0.8013
Epoch 125/150 | Train Loss: 0.0200 | Epoch Time: 0.49s | Spearman@80: 0.9414 | Kendall@80: 0.8104
Epoch 126/150 | Train Loss: 0.0173 | Epoch Time: 0.49s | Spearman@80: 0.9313 | Kendall@80: 0.7939
Epoch 127/150 | Train Loss: 0.0170 | Epoch Time: 0.50s | Spearman@80: 0.9288 | Kendall@80: 0.7899
Epoch 128/150 | Train Loss: 0.0178 | Epoch Time: 0.49s | Spearman@80: 0.9356 | Kendall@80: 0.8013
Epoch 129/150 | Train Loss: 0.0155 | Epoch Time: 0.49s | Spearman@80: 0.9394 | Kendall@80: 0.8083
Epoch 130/150 | Train Loss: 0.0173 | Epoch Time: 0.49s | Spearman@80: 0.9383 | Kendall@80: 0.8070
Epoch 131/150 | Train Loss: 0.0157 | Epoch Time: 0.49s | Spearman@80: 0.9374 | Kendall@80: 0.8047
Epoch 132/150 | Train Loss: 0.0155 | Epoch Time: 0.49s | Spearman@80: 0.9392 | Kendall@80: 0.8041
Epoch 133/150 | Train Loss: 0.0185 | Epoch Time: 0.49s | Spearman@80: 0.9416 | Kendall@80: 0.8100
Epoch 134/150 | Train Loss: 0.0175 | Epoch Time: 0.50s | Spearman@80: 0.9396 | Kendall@80: 0.8085
Epoch 135/150 | Train Loss: 0.0154 | Epoch Time: 0.49s | Spearman@80: 0.9404 | Kendall@80: 0.8093
Epoch 136/150 | Train Loss: 0.0161 | Epoch Time: 0.49s | Spearman@80: 0.9399 | Kendall@80: 0.8066
Epoch 137/150 | Train Loss: 0.0140 | Epoch Time: 0.49s | Spearman@80: 0.9411 | Kendall@80: 0.8076
Epoch 138/150 | Train Loss: 0.0173 | Epoch Time: 0.49s | Spearman@80: 0.9406 | Kendall@80: 0.8089
Epoch 139/150 | Train Loss: 0.0173 | Epoch Time: 0.49s | Spearman@80: 0.9422 | Kendall@80: 0.8098
Epoch 140/150 | Train Loss: 0.0180 | Epoch Time: 0.49s | Spearman@80: 0.9428 | Kendall@80: 0.8129
Epoch 141/150 | Train Loss: 0.0173 | Epoch Time: 0.49s | Spearman@80: 0.9375 | Kendall@80: 0.8017
Epoch 142/150 | Train Loss: 0.0213 | Epoch Time: 0.49s | Spearman@80: 0.9418 | Kendall@80: 0.8083
Epoch 143/150 | Train Loss: 0.0157 | Epoch Time: 0.49s | Spearman@80: 0.9421 | Kendall@80: 0.8106
Epoch 144/150 | Train Loss: 0.0174 | Epoch Time: 0.49s | Spearman@80: 0.9420 | Kendall@80: 0.8091
Epoch 145/150 | Train Loss: 0.0143 | Epoch Time: 0.50s | Spearman@80: 0.9370 | Kendall@80: 0.8034
Epoch 146/150 | Train Loss: 0.0159 | Epoch Time: 0.49s | Spearman@80: 0.9411 | Kendall@80: 0.8063
Epoch 147/150 | Train Loss: 0.0156 | Epoch Time: 1.67s | Spearman@15496: 0.9415 | Kendall@15496: 0.8058
Epoch 148/150 | Train Loss: 0.0174 | Epoch Time: 1.63s | Spearman@15496: 0.9418 | Kendall@15496: 0.8064
Epoch 149/150 | Train Loss: 0.0162 | Epoch Time: 1.63s | Spearman@15496: 0.9401 | Kendall@15496: 0.8036
Epoch 150/150 | Train Loss: 0.0156 | Epoch Time: 1.63s | Spearman@15496: 0.9405 | Kendall@15496: 0.8041
Sample Count: 128, Spearman: 0.9410008383304245, Kendall: 0.8049928011924188
{64: (0.9066476484235767, 0.7570840208067027),
 128: (0.9410008383304245, 0.8049928011924188)}
Epoch 1/150 | Train Loss: 0.1006 | Epoch Time: 0.24s | Spearman@80: 0.3306 | Kendall@80: 0.2281
Epoch 2/150 | Train Loss: 0.0900 | Epoch Time: 0.24s | Spearman@80: 0.3751 | Kendall@80: 0.2623
Epoch 3/150 | Train Loss: 0.0640 | Epoch Time: 0.25s | Spearman@80: 0.8155 | Kendall@80: 0.6242
Epoch 4/150 | Train Loss: 0.0316 | Epoch Time: 0.25s | Spearman@80: 0.8243 | Kendall@80: 0.6242
Epoch 5/150 | Train Loss: 0.0483 | Epoch Time: 0.25s | Spearman@80: 0.8333 | Kendall@80: 0.6443
Epoch 6/150 | Train Loss: 0.0349 | Epoch Time: 0.25s | Spearman@80: 0.8545 | Kendall@80: 0.6715
Epoch 7/150 | Train Loss: 0.0376 | Epoch Time: 0.24s | Spearman@80: 0.8666 | Kendall@80: 0.6772
Epoch 8/150 | Train Loss: 0.0315 | Epoch Time: 0.25s | Spearman@80: 0.8674 | Kendall@80: 0.6920
Epoch 9/150 | Train Loss: 0.0409 | Epoch Time: 0.25s | Spearman@80: 0.8710 | Kendall@80: 0.6893
Epoch 10/150 | Train Loss: 0.0306 | Epoch Time: 0.25s | Spearman@80: 0.8743 | Kendall@80: 0.7022
Epoch 11/150 | Train Loss: 0.0271 | Epoch Time: 0.25s | Spearman@80: 0.8849 | Kendall@80: 0.7022
Epoch 12/150 | Train Loss: 0.0325 | Epoch Time: 0.25s | Spearman@80: 0.8408 | Kendall@80: 0.6629
Epoch 13/150 | Train Loss: 0.0274 | Epoch Time: 0.25s | Spearman@80: 0.8836 | Kendall@80: 0.7060
Epoch 14/150 | Train Loss: 0.0267 | Epoch Time: 0.25s | Spearman@80: 0.8806 | Kendall@80: 0.7064
Epoch 15/150 | Train Loss: 0.0351 | Epoch Time: 0.25s | Spearman@80: 0.8844 | Kendall@80: 0.7161
Epoch 16/150 | Train Loss: 0.0203 | Epoch Time: 0.25s | Spearman@80: 0.8960 | Kendall@80: 0.7307
Epoch 17/150 | Train Loss: 0.0258 | Epoch Time: 0.25s | Spearman@80: 0.9000 | Kendall@80: 0.7415
Epoch 18/150 | Train Loss: 0.0312 | Epoch Time: 0.25s | Spearman@80: 0.8983 | Kendall@80: 0.7383
Epoch 19/150 | Train Loss: 0.0313 | Epoch Time: 0.25s | Spearman@80: 0.8522 | Kendall@80: 0.6741
Epoch 20/150 | Train Loss: 0.0400 | Epoch Time: 0.25s | Spearman@80: 0.8721 | Kendall@80: 0.6912
Epoch 21/150 | Train Loss: 0.0272 | Epoch Time: 0.25s | Spearman@80: 0.8901 | Kendall@80: 0.7255
Epoch 22/150 | Train Loss: 0.0271 | Epoch Time: 0.25s | Spearman@80: 0.8858 | Kendall@80: 0.7185
Epoch 23/150 | Train Loss: 0.0235 | Epoch Time: 0.25s | Spearman@80: 0.8916 | Kendall@80: 0.7242
Epoch 24/150 | Train Loss: 0.0241 | Epoch Time: 0.25s | Spearman@80: 0.8852 | Kendall@80: 0.7180
Epoch 25/150 | Train Loss: 0.0182 | Epoch Time: 0.25s | Spearman@80: 0.9051 | Kendall@80: 0.7498
Epoch 26/150 | Train Loss: 0.0243 | Epoch Time: 0.25s | Spearman@80: 0.9015 | Kendall@80: 0.7447
Epoch 27/150 | Train Loss: 0.0212 | Epoch Time: 0.25s | Spearman@80: 0.9141 | Kendall@80: 0.7572
Epoch 28/150 | Train Loss: 0.0277 | Epoch Time: 0.25s | Spearman@80: 0.9053 | Kendall@80: 0.7489
Epoch 29/150 | Train Loss: 0.0220 | Epoch Time: 0.25s | Spearman@80: 0.9037 | Kendall@80: 0.7470
Epoch 30/150 | Train Loss: 0.0263 | Epoch Time: 0.25s | Spearman@80: 0.9045 | Kendall@80: 0.7504
Epoch 31/150 | Train Loss: 0.0247 | Epoch Time: 0.25s | Spearman@80: 0.9072 | Kendall@80: 0.7593
Epoch 32/150 | Train Loss: 0.0218 | Epoch Time: 0.25s | Spearman@80: 0.9098 | Kendall@80: 0.7629
Epoch 33/150 | Train Loss: 0.0234 | Epoch Time: 0.24s | Spearman@80: 0.9054 | Kendall@80: 0.7504
Epoch 34/150 | Train Loss: 0.0228 | Epoch Time: 0.25s | Spearman@80: 0.9012 | Kendall@80: 0.7396
Epoch 35/150 | Train Loss: 0.0215 | Epoch Time: 0.25s | Spearman@80: 0.9056 | Kendall@80: 0.7470
Epoch 36/150 | Train Loss: 0.0177 | Epoch Time: 0.25s | Spearman@80: 0.8858 | Kendall@80: 0.7128
Epoch 37/150 | Train Loss: 0.0232 | Epoch Time: 0.25s | Spearman@80: 0.9066 | Kendall@80: 0.7453
Epoch 38/150 | Train Loss: 0.0194 | Epoch Time: 0.25s | Spearman@80: 0.9160 | Kendall@80: 0.7635
Epoch 39/150 | Train Loss: 0.0207 | Epoch Time: 0.26s | Spearman@80: 0.9006 | Kendall@80: 0.7390
Epoch 40/150 | Train Loss: 0.0219 | Epoch Time: 0.25s | Spearman@80: 0.8876 | Kendall@80: 0.7200
Epoch 41/150 | Train Loss: 0.0215 | Epoch Time: 0.26s | Spearman@80: 0.8973 | Kendall@80: 0.7362
Epoch 42/150 | Train Loss: 0.0231 | Epoch Time: 0.25s | Spearman@80: 0.8939 | Kendall@80: 0.7274
Epoch 43/150 | Train Loss: 0.0248 | Epoch Time: 0.25s | Spearman@80: 0.9053 | Kendall@80: 0.7485
Epoch 44/150 | Train Loss: 0.0218 | Epoch Time: 0.25s | Spearman@80: 0.8935 | Kendall@80: 0.7324
Epoch 45/150 | Train Loss: 0.0209 | Epoch Time: 0.25s | Spearman@80: 0.8980 | Kendall@80: 0.7371
Epoch 46/150 | Train Loss: 0.0234 | Epoch Time: 0.25s | Spearman@80: 0.8917 | Kendall@80: 0.7223
Epoch 47/150 | Train Loss: 0.0139 | Epoch Time: 0.25s | Spearman@80: 0.8902 | Kendall@80: 0.7219
Epoch 48/150 | Train Loss: 0.0192 | Epoch Time: 0.25s | Spearman@80: 0.8936 | Kendall@80: 0.7269
Epoch 49/150 | Train Loss: 0.0253 | Epoch Time: 0.26s | Spearman@80: 0.8920 | Kendall@80: 0.7206
Epoch 50/150 | Train Loss: 0.0251 | Epoch Time: 0.25s | Spearman@80: 0.8976 | Kendall@80: 0.7371
Epoch 51/150 | Train Loss: 0.0194 | Epoch Time: 0.25s | Spearman@80: 0.9016 | Kendall@80: 0.7451
Epoch 52/150 | Train Loss: 0.0228 | Epoch Time: 0.25s | Spearman@80: 0.9079 | Kendall@80: 0.7496
Epoch 53/150 | Train Loss: 0.0176 | Epoch Time: 0.25s | Spearman@80: 0.9045 | Kendall@80: 0.7439
Epoch 54/150 | Train Loss: 0.0201 | Epoch Time: 0.25s | Spearman@80: 0.9094 | Kendall@80: 0.7504
Epoch 55/150 | Train Loss: 0.0181 | Epoch Time: 0.25s | Spearman@80: 0.9102 | Kendall@80: 0.7597
Epoch 56/150 | Train Loss: 0.0176 | Epoch Time: 0.25s | Spearman@80: 0.9121 | Kendall@80: 0.7612
Epoch 57/150 | Train Loss: 0.0242 | Epoch Time: 0.25s | Spearman@80: 0.9069 | Kendall@80: 0.7567
Epoch 58/150 | Train Loss: 0.0194 | Epoch Time: 0.25s | Spearman@80: 0.9050 | Kendall@80: 0.7546
Epoch 59/150 | Train Loss: 0.0203 | Epoch Time: 0.25s | Spearman@80: 0.9001 | Kendall@80: 0.7451
Epoch 60/150 | Train Loss: 0.0173 | Epoch Time: 0.25s | Spearman@80: 0.9093 | Kendall@80: 0.7610
Epoch 61/150 | Train Loss: 0.0217 | Epoch Time: 0.26s | Spearman@80: 0.9140 | Kendall@80: 0.7648
Epoch 62/150 | Train Loss: 0.0210 | Epoch Time: 0.26s | Spearman@80: 0.9086 | Kendall@80: 0.7502
Epoch 63/150 | Train Loss: 0.0289 | Epoch Time: 0.25s | Spearman@80: 0.9141 | Kendall@80: 0.7650
Epoch 64/150 | Train Loss: 0.0208 | Epoch Time: 0.25s | Spearman@80: 0.9079 | Kendall@80: 0.7580
Epoch 65/150 | Train Loss: 0.0196 | Epoch Time: 0.25s | Spearman@80: 0.9133 | Kendall@80: 0.7629
Epoch 66/150 | Train Loss: 0.0198 | Epoch Time: 0.25s | Spearman@80: 0.9122 | Kendall@80: 0.7548
Epoch 67/150 | Train Loss: 0.0178 | Epoch Time: 0.25s | Spearman@80: 0.9166 | Kendall@80: 0.7540
Epoch 68/150 | Train Loss: 0.0244 | Epoch Time: 0.25s | Spearman@80: 0.9174 | Kendall@80: 0.7644
Epoch 69/150 | Train Loss: 0.0153 | Epoch Time: 0.25s | Spearman@80: 0.9095 | Kendall@80: 0.7502
Epoch 70/150 | Train Loss: 0.0184 | Epoch Time: 0.25s | Spearman@80: 0.9184 | Kendall@80: 0.7635
Epoch 71/150 | Train Loss: 0.0140 | Epoch Time: 0.25s | Spearman@80: 0.9236 | Kendall@80: 0.7743
Epoch 72/150 | Train Loss: 0.0205 | Epoch Time: 0.26s | Spearman@80: 0.9114 | Kendall@80: 0.7553
Epoch 73/150 | Train Loss: 0.0191 | Epoch Time: 0.25s | Spearman@80: 0.9134 | Kendall@80: 0.7635
Epoch 74/150 | Train Loss: 0.0227 | Epoch Time: 0.26s | Spearman@80: 0.9174 | Kendall@80: 0.7730
Epoch 75/150 | Train Loss: 0.0241 | Epoch Time: 0.25s | Spearman@80: 0.9106 | Kendall@80: 0.7536
Epoch 76/150 | Train Loss: 0.0158 | Epoch Time: 0.25s | Spearman@80: 0.9117 | Kendall@80: 0.7591
Epoch 77/150 | Train Loss: 0.0170 | Epoch Time: 0.25s | Spearman@80: 0.9122 | Kendall@80: 0.7559
Epoch 78/150 | Train Loss: 0.0128 | Epoch Time: 0.25s | Spearman@80: 0.9106 | Kendall@80: 0.7479
Epoch 79/150 | Train Loss: 0.0217 | Epoch Time: 0.25s | Spearman@80: 0.9189 | Kendall@80: 0.7667
Epoch 80/150 | Train Loss: 0.0157 | Epoch Time: 0.25s | Spearman@80: 0.9223 | Kendall@80: 0.7699
Epoch 81/150 | Train Loss: 0.0166 | Epoch Time: 0.25s | Spearman@80: 0.9141 | Kendall@80: 0.7565
Epoch 82/150 | Train Loss: 0.0166 | Epoch Time: 0.25s | Spearman@80: 0.9232 | Kendall@80: 0.7756
Epoch 83/150 | Train Loss: 0.0200 | Epoch Time: 0.24s | Spearman@80: 0.9241 | Kendall@80: 0.7758
Epoch 84/150 | Train Loss: 0.0136 | Epoch Time: 0.25s | Spearman@80: 0.9179 | Kendall@80: 0.7618
Epoch 85/150 | Train Loss: 0.0134 | Epoch Time: 0.25s | Spearman@80: 0.9220 | Kendall@80: 0.7720
Epoch 86/150 | Train Loss: 0.0193 | Epoch Time: 0.25s | Spearman@80: 0.9225 | Kendall@80: 0.7730
Epoch 87/150 | Train Loss: 0.0112 | Epoch Time: 0.25s | Spearman@80: 0.9166 | Kendall@80: 0.7623
Epoch 88/150 | Train Loss: 0.0155 | Epoch Time: 0.25s | Spearman@80: 0.9233 | Kendall@80: 0.7705
Epoch 89/150 | Train Loss: 0.0233 | Epoch Time: 0.25s | Spearman@80: 0.9230 | Kendall@80: 0.7794
Epoch 90/150 | Train Loss: 0.0199 | Epoch Time: 0.25s | Spearman@80: 0.9213 | Kendall@80: 0.7794
Epoch 91/150 | Train Loss: 0.0227 | Epoch Time: 0.25s | Spearman@80: 0.9163 | Kendall@80: 0.7616
Epoch 92/150 | Train Loss: 0.0214 | Epoch Time: 0.25s | Spearman@80: 0.9243 | Kendall@80: 0.7713
Epoch 93/150 | Train Loss: 0.0147 | Epoch Time: 0.25s | Spearman@80: 0.9250 | Kendall@80: 0.7762
Epoch 94/150 | Train Loss: 0.0154 | Epoch Time: 0.25s | Spearman@80: 0.9219 | Kendall@80: 0.7713
Epoch 95/150 | Train Loss: 0.0145 | Epoch Time: 0.25s | Spearman@80: 0.9205 | Kendall@80: 0.7631
Epoch 96/150 | Train Loss: 0.0206 | Epoch Time: 0.25s | Spearman@80: 0.9217 | Kendall@80: 0.7629
Epoch 97/150 | Train Loss: 0.0133 | Epoch Time: 0.25s | Spearman@80: 0.9210 | Kendall@80: 0.7650
Epoch 98/150 | Train Loss: 0.0142 | Epoch Time: 0.25s | Spearman@80: 0.9233 | Kendall@80: 0.7686
Epoch 99/150 | Train Loss: 0.0141 | Epoch Time: 0.25s | Spearman@80: 0.9238 | Kendall@80: 0.7656
Epoch 100/150 | Train Loss: 0.0180 | Epoch Time: 0.25s | Spearman@80: 0.9265 | Kendall@80: 0.7749
Epoch 101/150 | Train Loss: 0.0140 | Epoch Time: 0.25s | Spearman@80: 0.9273 | Kendall@80: 0.7775
Epoch 102/150 | Train Loss: 0.0178 | Epoch Time: 0.25s | Spearman@80: 0.9309 | Kendall@80: 0.7851
Epoch 103/150 | Train Loss: 0.0135 | Epoch Time: 0.25s | Spearman@80: 0.9269 | Kendall@80: 0.7756
Epoch 104/150 | Train Loss: 0.0124 | Epoch Time: 0.25s | Spearman@80: 0.9188 | Kendall@80: 0.7648
Epoch 105/150 | Train Loss: 0.0151 | Epoch Time: 0.25s | Spearman@80: 0.9222 | Kendall@80: 0.7705
Epoch 106/150 | Train Loss: 0.0159 | Epoch Time: 0.25s | Spearman@80: 0.9300 | Kendall@80: 0.7832
Epoch 107/150 | Train Loss: 0.0093 | Epoch Time: 0.25s | Spearman@80: 0.9296 | Kendall@80: 0.7821
Epoch 108/150 | Train Loss: 0.0157 | Epoch Time: 0.25s | Spearman@80: 0.9288 | Kendall@80: 0.7821
Epoch 109/150 | Train Loss: 0.0208 | Epoch Time: 0.25s | Spearman@80: 0.9310 | Kendall@80: 0.7851
Epoch 110/150 | Train Loss: 0.0121 | Epoch Time: 0.25s | Spearman@80: 0.9277 | Kendall@80: 0.7787
Epoch 111/150 | Train Loss: 0.0146 | Epoch Time: 0.25s | Spearman@80: 0.9275 | Kendall@80: 0.7813
Epoch 112/150 | Train Loss: 0.0173 | Epoch Time: 0.25s | Spearman@80: 0.9297 | Kendall@80: 0.7815
Epoch 113/150 | Train Loss: 0.0178 | Epoch Time: 0.25s | Spearman@80: 0.9242 | Kendall@80: 0.7737
Epoch 114/150 | Train Loss: 0.0144 | Epoch Time: 0.25s | Spearman@80: 0.9205 | Kendall@80: 0.7720
Epoch 115/150 | Train Loss: 0.0141 | Epoch Time: 0.25s | Spearman@80: 0.9235 | Kendall@80: 0.7713
Epoch 116/150 | Train Loss: 0.0106 | Epoch Time: 0.24s | Spearman@80: 0.9283 | Kendall@80: 0.7807
Epoch 117/150 | Train Loss: 0.0119 | Epoch Time: 0.25s | Spearman@80: 0.9281 | Kendall@80: 0.7794
Epoch 118/150 | Train Loss: 0.0151 | Epoch Time: 0.25s | Spearman@80: 0.9264 | Kendall@80: 0.7775
Epoch 119/150 | Train Loss: 0.0145 | Epoch Time: 0.25s | Spearman@80: 0.9279 | Kendall@80: 0.7775
Epoch 120/150 | Train Loss: 0.0111 | Epoch Time: 0.25s | Spearman@80: 0.9291 | Kendall@80: 0.7800
Epoch 121/150 | Train Loss: 0.0184 | Epoch Time: 0.25s | Spearman@80: 0.9311 | Kendall@80: 0.7827
Epoch 122/150 | Train Loss: 0.0159 | Epoch Time: 0.25s | Spearman@80: 0.9309 | Kendall@80: 0.7845
Epoch 123/150 | Train Loss: 0.0166 | Epoch Time: 0.25s | Spearman@80: 0.9299 | Kendall@80: 0.7813
Epoch 124/150 | Train Loss: 0.0154 | Epoch Time: 0.25s | Spearman@80: 0.9307 | Kendall@80: 0.7838
Epoch 125/150 | Train Loss: 0.0086 | Epoch Time: 0.25s | Spearman@80: 0.9326 | Kendall@80: 0.7870
Epoch 126/150 | Train Loss: 0.0097 | Epoch Time: 0.25s | Spearman@80: 0.9303 | Kendall@80: 0.7838
Epoch 127/150 | Train Loss: 0.0138 | Epoch Time: 0.25s | Spearman@80: 0.9296 | Kendall@80: 0.7832
Epoch 128/150 | Train Loss: 0.0150 | Epoch Time: 0.25s | Spearman@80: 0.9321 | Kendall@80: 0.7876
Epoch 129/150 | Train Loss: 0.0105 | Epoch Time: 0.25s | Spearman@80: 0.9319 | Kendall@80: 0.7857
Epoch 130/150 | Train Loss: 0.0125 | Epoch Time: 0.25s | Spearman@80: 0.9324 | Kendall@80: 0.7840
Epoch 131/150 | Train Loss: 0.0154 | Epoch Time: 0.25s | Spearman@80: 0.9321 | Kendall@80: 0.7864
Epoch 132/150 | Train Loss: 0.0091 | Epoch Time: 0.25s | Spearman@80: 0.9319 | Kendall@80: 0.7864
Epoch 133/150 | Train Loss: 0.0142 | Epoch Time: 0.25s | Spearman@80: 0.9327 | Kendall@80: 0.7876
Epoch 134/150 | Train Loss: 0.0144 | Epoch Time: 0.25s | Spearman@80: 0.9326 | Kendall@80: 0.7883
Epoch 135/150 | Train Loss: 0.0118 | Epoch Time: 0.25s | Spearman@80: 0.9324 | Kendall@80: 0.7851
Epoch 136/150 | Train Loss: 0.0099 | Epoch Time: 0.25s | Spearman@80: 0.9325 | Kendall@80: 0.7864
Epoch 137/150 | Train Loss: 0.0095 | Epoch Time: 0.25s | Spearman@80: 0.9325 | Kendall@80: 0.7864
Epoch 138/150 | Train Loss: 0.0093 | Epoch Time: 0.25s | Spearman@80: 0.9322 | Kendall@80: 0.7864
Epoch 139/150 | Train Loss: 0.0094 | Epoch Time: 0.25s | Spearman@80: 0.9328 | Kendall@80: 0.7870
Epoch 140/150 | Train Loss: 0.0091 | Epoch Time: 0.25s | Spearman@80: 0.9329 | Kendall@80: 0.7870
Epoch 141/150 | Train Loss: 0.0147 | Epoch Time: 0.25s | Spearman@80: 0.9327 | Kendall@80: 0.7870
Epoch 142/150 | Train Loss: 0.0100 | Epoch Time: 0.25s | Spearman@80: 0.9314 | Kendall@80: 0.7864
Epoch 143/150 | Train Loss: 0.0167 | Epoch Time: 0.25s | Spearman@80: 0.9322 | Kendall@80: 0.7857
Epoch 144/150 | Train Loss: 0.0067 | Epoch Time: 0.26s | Spearman@80: 0.9318 | Kendall@80: 0.7840
Epoch 145/150 | Train Loss: 0.0165 | Epoch Time: 0.26s | Spearman@80: 0.9320 | Kendall@80: 0.7847
Epoch 146/150 | Train Loss: 0.0148 | Epoch Time: 0.25s | Spearman@80: 0.9327 | Kendall@80: 0.7876
Epoch 147/150 | Train Loss: 0.0142 | Epoch Time: 1.37s | Spearman@15560: 0.9346 | Kendall@15560: 0.7894
Epoch 148/150 | Train Loss: 0.0115 | Epoch Time: 1.33s | Spearman@15560: 0.9345 | Kendall@15560: 0.7898
Epoch 149/150 | Train Loss: 0.0117 | Epoch Time: 1.33s | Spearman@15560: 0.9343 | Kendall@15560: 0.7894
Epoch 150/150 | Train Loss: 0.0166 | Epoch Time: 1.32s | Spearman@15560: 0.9346 | Kendall@15560: 0.7899
Sample Count: 64, Spearman: 0.9345217121406633, Kendall: 0.7896305908618237
{64: (0.9345217121406633, 0.7896305908618237),
 128: (0.9410008383304245, 0.8049928011924188)}
Epoch 1/150 | Train Loss: 0.0856 | Epoch Time: 0.49s | Spearman@80: 0.5580 | Kendall@80: 0.3967
Epoch 2/150 | Train Loss: 0.0574 | Epoch Time: 0.49s | Spearman@80: 0.7885 | Kendall@80: 0.6092
Epoch 3/150 | Train Loss: 0.0456 | Epoch Time: 0.49s | Spearman@80: 0.8471 | Kendall@80: 0.6800
Epoch 4/150 | Train Loss: 0.0458 | Epoch Time: 0.49s | Spearman@80: 0.8195 | Kendall@80: 0.6362
Epoch 5/150 | Train Loss: 0.0394 | Epoch Time: 0.49s | Spearman@80: 0.8717 | Kendall@80: 0.7090
Epoch 6/150 | Train Loss: 0.0423 | Epoch Time: 0.49s | Spearman@80: 0.9007 | Kendall@80: 0.7396
Epoch 7/150 | Train Loss: 0.0348 | Epoch Time: 0.51s | Spearman@80: 0.9098 | Kendall@80: 0.7546
Epoch 8/150 | Train Loss: 0.0323 | Epoch Time: 0.49s | Spearman@80: 0.8842 | Kendall@80: 0.7116
Epoch 9/150 | Train Loss: 0.0316 | Epoch Time: 0.49s | Spearman@80: 0.8858 | Kendall@80: 0.7218
Epoch 10/150 | Train Loss: 0.0360 | Epoch Time: 0.50s | Spearman@80: 0.8688 | Kendall@80: 0.6961
Epoch 11/150 | Train Loss: 0.0314 | Epoch Time: 0.49s | Spearman@80: 0.8941 | Kendall@80: 0.7347
Epoch 12/150 | Train Loss: 0.0347 | Epoch Time: 0.49s | Spearman@80: 0.9000 | Kendall@80: 0.7551
Epoch 13/150 | Train Loss: 0.0326 | Epoch Time: 0.49s | Spearman@80: 0.8624 | Kendall@80: 0.6696
Epoch 14/150 | Train Loss: 0.0447 | Epoch Time: 0.49s | Spearman@80: 0.9059 | Kendall@80: 0.7630
Epoch 15/150 | Train Loss: 0.0399 | Epoch Time: 0.49s | Spearman@80: 0.9098 | Kendall@80: 0.7680
Epoch 16/150 | Train Loss: 0.0305 | Epoch Time: 0.49s | Spearman@80: 0.9082 | Kendall@80: 0.7541
Epoch 17/150 | Train Loss: 0.0304 | Epoch Time: 0.49s | Spearman@80: 0.8974 | Kendall@80: 0.7449
Epoch 18/150 | Train Loss: 0.0354 | Epoch Time: 0.49s | Spearman@80: 0.8035 | Kendall@80: 0.6092
Epoch 19/150 | Train Loss: 0.0386 | Epoch Time: 0.49s | Spearman@80: 0.8905 | Kendall@80: 0.7332
Epoch 20/150 | Train Loss: 0.0317 | Epoch Time: 0.49s | Spearman@80: 0.9195 | Kendall@80: 0.7508
Epoch 21/150 | Train Loss: 0.0423 | Epoch Time: 0.49s | Spearman@80: 0.9098 | Kendall@80: 0.7612
Epoch 22/150 | Train Loss: 0.0367 | Epoch Time: 0.50s | Spearman@80: 0.9057 | Kendall@80: 0.7493
Epoch 23/150 | Train Loss: 0.0303 | Epoch Time: 0.50s | Spearman@80: 0.8963 | Kendall@80: 0.7480
Epoch 24/150 | Train Loss: 0.0319 | Epoch Time: 0.50s | Spearman@80: 0.9212 | Kendall@80: 0.7713
Epoch 25/150 | Train Loss: 0.0317 | Epoch Time: 0.49s | Spearman@80: 0.9316 | Kendall@80: 0.7866
Epoch 26/150 | Train Loss: 0.0362 | Epoch Time: 0.49s | Spearman@80: 0.9197 | Kendall@80: 0.7682
Epoch 27/150 | Train Loss: 0.0293 | Epoch Time: 0.51s | Spearman@80: 0.9139 | Kendall@80: 0.7529
Epoch 28/150 | Train Loss: 0.0331 | Epoch Time: 0.49s | Spearman@80: 0.9149 | Kendall@80: 0.7657
Epoch 29/150 | Train Loss: 0.0336 | Epoch Time: 0.49s | Spearman@80: 0.8835 | Kendall@80: 0.7135
Epoch 30/150 | Train Loss: 0.0317 | Epoch Time: 0.49s | Spearman@80: 0.9048 | Kendall@80: 0.7375
Epoch 31/150 | Train Loss: 0.0350 | Epoch Time: 0.50s | Spearman@80: 0.9177 | Kendall@80: 0.7673
Epoch 32/150 | Train Loss: 0.0305 | Epoch Time: 0.49s | Spearman@80: 0.9042 | Kendall@80: 0.7517
Epoch 33/150 | Train Loss: 0.0252 | Epoch Time: 0.49s | Spearman@80: 0.9207 | Kendall@80: 0.7629
Epoch 34/150 | Train Loss: 0.0288 | Epoch Time: 0.49s | Spearman@80: 0.8938 | Kendall@80: 0.7351
Epoch 35/150 | Train Loss: 0.0332 | Epoch Time: 0.49s | Spearman@80: 0.9010 | Kendall@80: 0.7320
Epoch 36/150 | Train Loss: 0.0354 | Epoch Time: 0.49s | Spearman@80: 0.9229 | Kendall@80: 0.7690
Epoch 37/150 | Train Loss: 0.0353 | Epoch Time: 0.50s | Spearman@80: 0.9189 | Kendall@80: 0.7669
Epoch 38/150 | Train Loss: 0.0330 | Epoch Time: 0.49s | Spearman@80: 0.9138 | Kendall@80: 0.7640
Epoch 39/150 | Train Loss: 0.0322 | Epoch Time: 0.49s | Spearman@80: 0.8978 | Kendall@80: 0.7402
Epoch 40/150 | Train Loss: 0.0299 | Epoch Time: 0.49s | Spearman@80: 0.9220 | Kendall@80: 0.7681
Epoch 41/150 | Train Loss: 0.0298 | Epoch Time: 0.50s | Spearman@80: 0.8815 | Kendall@80: 0.7127
Epoch 42/150 | Train Loss: 0.0270 | Epoch Time: 0.49s | Spearman@80: 0.9206 | Kendall@80: 0.7720
Epoch 43/150 | Train Loss: 0.0269 | Epoch Time: 0.49s | Spearman@80: 0.9213 | Kendall@80: 0.7688
Epoch 44/150 | Train Loss: 0.0304 | Epoch Time: 0.49s | Spearman@80: 0.9029 | Kendall@80: 0.7371
Epoch 45/150 | Train Loss: 0.0285 | Epoch Time: 0.49s | Spearman@80: 0.9297 | Kendall@80: 0.7847
Epoch 46/150 | Train Loss: 0.0312 | Epoch Time: 0.50s | Spearman@80: 0.9098 | Kendall@80: 0.7533
Epoch 47/150 | Train Loss: 0.0286 | Epoch Time: 0.49s | Spearman@80: 0.8967 | Kendall@80: 0.7411
Epoch 48/150 | Train Loss: 0.0259 | Epoch Time: 0.50s | Spearman@80: 0.9227 | Kendall@80: 0.7803
Epoch 49/150 | Train Loss: 0.0238 | Epoch Time: 0.49s | Spearman@80: 0.9311 | Kendall@80: 0.7757
Epoch 50/150 | Train Loss: 0.0256 | Epoch Time: 0.49s | Spearman@80: 0.9288 | Kendall@80: 0.7745
Epoch 51/150 | Train Loss: 0.0290 | Epoch Time: 0.49s | Spearman@80: 0.9058 | Kendall@80: 0.7574
Epoch 52/150 | Train Loss: 0.0262 | Epoch Time: 0.49s | Spearman@80: 0.9285 | Kendall@80: 0.7790
Epoch 53/150 | Train Loss: 0.0261 | Epoch Time: 0.49s | Spearman@80: 0.9131 | Kendall@80: 0.7701
Epoch 54/150 | Train Loss: 0.0230 | Epoch Time: 0.49s | Spearman@80: 0.9030 | Kendall@80: 0.7587
Epoch 55/150 | Train Loss: 0.0238 | Epoch Time: 0.49s | Spearman@80: 0.8818 | Kendall@80: 0.7154
Epoch 56/150 | Train Loss: 0.0291 | Epoch Time: 0.49s | Spearman@80: 0.9048 | Kendall@80: 0.7503
Epoch 57/150 | Train Loss: 0.0225 | Epoch Time: 0.49s | Spearman@80: 0.9159 | Kendall@80: 0.7574
Epoch 58/150 | Train Loss: 0.0261 | Epoch Time: 0.49s | Spearman@80: 0.9070 | Kendall@80: 0.7549
Epoch 59/150 | Train Loss: 0.0315 | Epoch Time: 0.49s | Spearman@80: 0.9221 | Kendall@80: 0.7726
Epoch 60/150 | Train Loss: 0.0298 | Epoch Time: 0.49s | Spearman@80: 0.8968 | Kendall@80: 0.7400
Epoch 61/150 | Train Loss: 0.0262 | Epoch Time: 0.50s | Spearman@80: 0.9340 | Kendall@80: 0.7815
Epoch 62/150 | Train Loss: 0.0243 | Epoch Time: 0.49s | Spearman@80: 0.9283 | Kendall@80: 0.7792
Epoch 63/150 | Train Loss: 0.0241 | Epoch Time: 0.49s | Spearman@80: 0.9152 | Kendall@80: 0.7627
Epoch 64/150 | Train Loss: 0.0296 | Epoch Time: 0.49s | Spearman@80: 0.8887 | Kendall@80: 0.7285
Epoch 65/150 | Train Loss: 0.0249 | Epoch Time: 0.49s | Spearman@80: 0.8970 | Kendall@80: 0.7463
Epoch 66/150 | Train Loss: 0.0288 | Epoch Time: 0.50s | Spearman@80: 0.9120 | Kendall@80: 0.7680
Epoch 67/150 | Train Loss: 0.0299 | Epoch Time: 0.49s | Spearman@80: 0.9337 | Kendall@80: 0.7777
Epoch 68/150 | Train Loss: 0.0271 | Epoch Time: 0.49s | Spearman@80: 0.9038 | Kendall@80: 0.7482
Epoch 69/150 | Train Loss: 0.0304 | Epoch Time: 0.49s | Spearman@80: 0.8859 | Kendall@80: 0.7296
Epoch 70/150 | Train Loss: 0.0290 | Epoch Time: 0.49s | Spearman@80: 0.9268 | Kendall@80: 0.7830
Epoch 71/150 | Train Loss: 0.0258 | Epoch Time: 0.49s | Spearman@80: 0.9094 | Kendall@80: 0.7618
Epoch 72/150 | Train Loss: 0.0325 | Epoch Time: 0.50s | Spearman@80: 0.9161 | Kendall@80: 0.7635
Epoch 73/150 | Train Loss: 0.0283 | Epoch Time: 0.49s | Spearman@80: 0.8877 | Kendall@80: 0.7339
Epoch 74/150 | Train Loss: 0.0266 | Epoch Time: 0.49s | Spearman@80: 0.9217 | Kendall@80: 0.7750
Epoch 75/150 | Train Loss: 0.0267 | Epoch Time: 0.50s | Spearman@80: 0.9199 | Kendall@80: 0.7698
Epoch 76/150 | Train Loss: 0.0265 | Epoch Time: 0.49s | Spearman@80: 0.9215 | Kendall@80: 0.7710
Epoch 77/150 | Train Loss: 0.0232 | Epoch Time: 0.50s | Spearman@80: 0.9329 | Kendall@80: 0.7786
Epoch 78/150 | Train Loss: 0.0203 | Epoch Time: 0.49s | Spearman@80: 0.9254 | Kendall@80: 0.7669
Epoch 79/150 | Train Loss: 0.0210 | Epoch Time: 0.49s | Spearman@80: 0.9154 | Kendall@80: 0.7625
Epoch 80/150 | Train Loss: 0.0293 | Epoch Time: 0.49s | Spearman@80: 0.8812 | Kendall@80: 0.7237
Epoch 81/150 | Train Loss: 0.0223 | Epoch Time: 0.49s | Spearman@80: 0.9110 | Kendall@80: 0.7624
Epoch 82/150 | Train Loss: 0.0274 | Epoch Time: 0.49s | Spearman@80: 0.9171 | Kendall@80: 0.7695
Epoch 83/150 | Train Loss: 0.0215 | Epoch Time: 0.49s | Spearman@80: 0.9160 | Kendall@80: 0.7644
Epoch 84/150 | Train Loss: 0.0202 | Epoch Time: 0.50s | Spearman@80: 0.9202 | Kendall@80: 0.7680
Epoch 85/150 | Train Loss: 0.0269 | Epoch Time: 0.49s | Spearman@80: 0.9056 | Kendall@80: 0.7491
Epoch 86/150 | Train Loss: 0.0249 | Epoch Time: 0.50s | Spearman@80: 0.9138 | Kendall@80: 0.7619
Epoch 87/150 | Train Loss: 0.0307 | Epoch Time: 0.49s | Spearman@80: 0.9188 | Kendall@80: 0.7643
Epoch 88/150 | Train Loss: 0.0257 | Epoch Time: 0.49s | Spearman@80: 0.9139 | Kendall@80: 0.7627
Epoch 89/150 | Train Loss: 0.0237 | Epoch Time: 0.49s | Spearman@80: 0.9236 | Kendall@80: 0.7732
Epoch 90/150 | Train Loss: 0.0216 | Epoch Time: 0.49s | Spearman@80: 0.9196 | Kendall@80: 0.7737
Epoch 91/150 | Train Loss: 0.0277 | Epoch Time: 0.49s | Spearman@80: 0.9056 | Kendall@80: 0.7516
Epoch 92/150 | Train Loss: 0.0210 | Epoch Time: 0.49s | Spearman@80: 0.9064 | Kendall@80: 0.7542
Epoch 93/150 | Train Loss: 0.0222 | Epoch Time: 0.50s | Spearman@80: 0.9156 | Kendall@80: 0.7663
Epoch 94/150 | Train Loss: 0.0212 | Epoch Time: 0.49s | Spearman@80: 0.9193 | Kendall@80: 0.7705
Epoch 95/150 | Train Loss: 0.0269 | Epoch Time: 0.49s | Spearman@80: 0.9092 | Kendall@80: 0.7549
Epoch 96/150 | Train Loss: 0.0243 | Epoch Time: 0.49s | Spearman@80: 0.9187 | Kendall@80: 0.7663
Epoch 97/150 | Train Loss: 0.0203 | Epoch Time: 0.49s | Spearman@80: 0.9284 | Kendall@80: 0.7872
Epoch 98/150 | Train Loss: 0.0241 | Epoch Time: 0.49s | Spearman@80: 0.9204 | Kendall@80: 0.7699
Epoch 99/150 | Train Loss: 0.0187 | Epoch Time: 0.49s | Spearman@80: 0.9178 | Kendall@80: 0.7635
Epoch 100/150 | Train Loss: 0.0234 | Epoch Time: 0.49s | Spearman@80: 0.8869 | Kendall@80: 0.7279
Epoch 101/150 | Train Loss: 0.0210 | Epoch Time: 0.50s | Spearman@80: 0.8931 | Kendall@80: 0.7412
Epoch 102/150 | Train Loss: 0.0224 | Epoch Time: 0.49s | Spearman@80: 0.8989 | Kendall@80: 0.7396
Epoch 103/150 | Train Loss: 0.0249 | Epoch Time: 0.49s | Spearman@80: 0.9113 | Kendall@80: 0.7559
Epoch 104/150 | Train Loss: 0.0187 | Epoch Time: 0.50s | Spearman@80: 0.9263 | Kendall@80: 0.7752
Epoch 105/150 | Train Loss: 0.0220 | Epoch Time: 0.49s | Spearman@80: 0.9091 | Kendall@80: 0.7508
Epoch 106/150 | Train Loss: 0.0220 | Epoch Time: 0.49s | Spearman@80: 0.8995 | Kendall@80: 0.7394
Epoch 107/150 | Train Loss: 0.0277 | Epoch Time: 0.49s | Spearman@80: 0.8875 | Kendall@80: 0.7262
Epoch 108/150 | Train Loss: 0.0243 | Epoch Time: 0.49s | Spearman@80: 0.9122 | Kendall@80: 0.7610
Epoch 109/150 | Train Loss: 0.0235 | Epoch Time: 0.49s | Spearman@80: 0.9209 | Kendall@80: 0.7726
Epoch 110/150 | Train Loss: 0.0191 | Epoch Time: 0.49s | Spearman@80: 0.9271 | Kendall@80: 0.7783
Epoch 111/150 | Train Loss: 0.0276 | Epoch Time: 0.49s | Spearman@80: 0.9111 | Kendall@80: 0.7553
Epoch 112/150 | Train Loss: 0.0210 | Epoch Time: 0.49s | Spearman@80: 0.9231 | Kendall@80: 0.7786
Epoch 113/150 | Train Loss: 0.0216 | Epoch Time: 0.50s | Spearman@80: 0.9094 | Kendall@80: 0.7599
Epoch 114/150 | Train Loss: 0.0219 | Epoch Time: 0.49s | Spearman@80: 0.9153 | Kendall@80: 0.7676
Epoch 115/150 | Train Loss: 0.0241 | Epoch Time: 0.49s | Spearman@80: 0.9065 | Kendall@80: 0.7553
Epoch 116/150 | Train Loss: 0.0214 | Epoch Time: 0.49s | Spearman@80: 0.9108 | Kendall@80: 0.7593
Epoch 117/150 | Train Loss: 0.0242 | Epoch Time: 0.50s | Spearman@80: 0.9096 | Kendall@80: 0.7638
Epoch 118/150 | Train Loss: 0.0220 | Epoch Time: 0.49s | Spearman@80: 0.9127 | Kendall@80: 0.7616
Epoch 119/150 | Train Loss: 0.0215 | Epoch Time: 0.49s | Spearman@80: 0.9085 | Kendall@80: 0.7599
Epoch 120/150 | Train Loss: 0.0239 | Epoch Time: 0.49s | Spearman@80: 0.8950 | Kendall@80: 0.7427
Epoch 121/150 | Train Loss: 0.0207 | Epoch Time: 0.49s | Spearman@80: 0.9028 | Kendall@80: 0.7498
Epoch 122/150 | Train Loss: 0.0258 | Epoch Time: 0.49s | Spearman@80: 0.9041 | Kendall@80: 0.7578
Epoch 123/150 | Train Loss: 0.0202 | Epoch Time: 0.49s | Spearman@80: 0.9100 | Kendall@80: 0.7619
Epoch 124/150 | Train Loss: 0.0220 | Epoch Time: 0.49s | Spearman@80: 0.9082 | Kendall@80: 0.7629
Epoch 125/150 | Train Loss: 0.0232 | Epoch Time: 0.49s | Spearman@80: 0.9128 | Kendall@80: 0.7642
Epoch 126/150 | Train Loss: 0.0215 | Epoch Time: 0.49s | Spearman@80: 0.9050 | Kendall@80: 0.7542
Epoch 127/150 | Train Loss: 0.0206 | Epoch Time: 0.49s | Spearman@80: 0.9137 | Kendall@80: 0.7665
Epoch 128/150 | Train Loss: 0.0249 | Epoch Time: 0.50s | Spearman@80: 0.9128 | Kendall@80: 0.7619
Epoch 129/150 | Train Loss: 0.0209 | Epoch Time: 0.49s | Spearman@80: 0.9136 | Kendall@80: 0.7625
Epoch 130/150 | Train Loss: 0.0183 | Epoch Time: 0.49s | Spearman@80: 0.9194 | Kendall@80: 0.7750
Epoch 131/150 | Train Loss: 0.0174 | Epoch Time: 0.49s | Spearman@80: 0.9169 | Kendall@80: 0.7673
Epoch 132/150 | Train Loss: 0.0255 | Epoch Time: 0.49s | Spearman@80: 0.9160 | Kendall@80: 0.7661
Epoch 133/150 | Train Loss: 0.0215 | Epoch Time: 0.50s | Spearman@80: 0.9140 | Kendall@80: 0.7642
Epoch 134/150 | Train Loss: 0.0219 | Epoch Time: 0.49s | Spearman@80: 0.9189 | Kendall@80: 0.7718
Epoch 135/150 | Train Loss: 0.0207 | Epoch Time: 0.49s | Spearman@80: 0.9160 | Kendall@80: 0.7652
Epoch 136/150 | Train Loss: 0.0228 | Epoch Time: 0.49s | Spearman@80: 0.9095 | Kendall@80: 0.7579
Epoch 137/150 | Train Loss: 0.0223 | Epoch Time: 0.49s | Spearman@80: 0.9099 | Kendall@80: 0.7572
Epoch 138/150 | Train Loss: 0.0159 | Epoch Time: 0.50s | Spearman@80: 0.9135 | Kendall@80: 0.7624
Epoch 139/150 | Train Loss: 0.0182 | Epoch Time: 0.49s | Spearman@80: 0.9135 | Kendall@80: 0.7656
Epoch 140/150 | Train Loss: 0.0226 | Epoch Time: 0.49s | Spearman@80: 0.9090 | Kendall@80: 0.7605
Epoch 141/150 | Train Loss: 0.0173 | Epoch Time: 0.49s | Spearman@80: 0.9148 | Kendall@80: 0.7688
Epoch 142/150 | Train Loss: 0.0264 | Epoch Time: 0.49s | Spearman@80: 0.9060 | Kendall@80: 0.7586
Epoch 143/150 | Train Loss: 0.0186 | Epoch Time: 0.49s | Spearman@80: 0.9090 | Kendall@80: 0.7642
Epoch 144/150 | Train Loss: 0.0182 | Epoch Time: 0.49s | Spearman@80: 0.9084 | Kendall@80: 0.7590
Epoch 145/150 | Train Loss: 0.0206 | Epoch Time: 0.49s | Spearman@80: 0.9133 | Kendall@80: 0.7667
Epoch 146/150 | Train Loss: 0.0229 | Epoch Time: 0.50s | Spearman@80: 0.9143 | Kendall@80: 0.7692
Epoch 147/150 | Train Loss: 0.0207 | Epoch Time: 1.69s | Spearman@15496: 0.9285 | Kendall@15496: 0.7809
Epoch 148/150 | Train Loss: 0.0218 | Epoch Time: 1.63s | Spearman@15496: 0.9272 | Kendall@15496: 0.7784
Epoch 149/150 | Train Loss: 0.0219 | Epoch Time: 1.63s | Spearman@15496: 0.9263 | Kendall@15496: 0.7777
Epoch 150/150 | Train Loss: 0.0222 | Epoch Time: 1.64s | Spearman@15496: 0.9251 | Kendall@15496: 0.7756
Sample Count: 128, Spearman: 0.9267725237320559, Kendall: 0.7781344172069673
{64: (0.9345217121406633, 0.7896305908618237),
 128: (0.9267725237320559, 0.7781344172069673)}
Average KDT:  0.7710678406176842
Variance KDT:  0.0001870298390146684
Average SPR:  0.9222100411987656
Variance SPR:  0.00013477750090275267
Average KDT:  0.7849220078658069
Variance KDT:  0.00020845053494154806
Average SPR:  0.9297855882977403
Variance SPR:  6.737874593588892e-05
