Loading files for NASBench201...
Normalizing ZCP dict
try to create the NAS-Bench-201 api from /home/ya255/projects/flan_hardware/nas_embedding_suite/embedding_datasets/NAS-Bench-201-v1_1-096897.pth
Loaded files in:  75.62800192832947  seconds
Loading cache for NASBench-201 speedup!!...
Loading cache for NASBench-201 speedup!!...
Epoch 1/150 | Train Loss: 0.0959 | Epoch Time: 0.88s | Spearman@80: 0.2899 | Kendall@80: 0.2000
Epoch 2/150 | Train Loss: 0.0803 | Epoch Time: 0.33s | Spearman@80: 0.4294 | Kendall@80: 0.3011
Epoch 3/150 | Train Loss: 0.0627 | Epoch Time: 0.33s | Spearman@80: 0.7288 | Kendall@80: 0.5626
Epoch 4/150 | Train Loss: 0.0506 | Epoch Time: 0.33s | Spearman@80: 0.8503 | Kendall@80: 0.6769
Epoch 5/150 | Train Loss: 0.0561 | Epoch Time: 0.32s | Spearman@80: 0.8215 | Kendall@80: 0.6448
Epoch 6/150 | Train Loss: 0.0410 | Epoch Time: 0.34s | Spearman@80: 0.9339 | Kendall@80: 0.7883
Epoch 7/150 | Train Loss: 0.0366 | Epoch Time: 0.34s | Spearman@80: 0.9058 | Kendall@80: 0.7436
Epoch 8/150 | Train Loss: 0.0461 | Epoch Time: 0.33s | Spearman@80: 0.8563 | Kendall@80: 0.6759
Epoch 9/150 | Train Loss: 0.0421 | Epoch Time: 0.33s | Spearman@80: 0.9058 | Kendall@80: 0.7430
Epoch 10/150 | Train Loss: 0.0353 | Epoch Time: 0.32s | Spearman@80: 0.9401 | Kendall@80: 0.7877
Epoch 11/150 | Train Loss: 0.0414 | Epoch Time: 0.32s | Spearman@80: 0.8856 | Kendall@80: 0.7134
Epoch 12/150 | Train Loss: 0.0462 | Epoch Time: 0.33s | Spearman@80: 0.9382 | Kendall@80: 0.7785
Epoch 13/150 | Train Loss: 0.0357 | Epoch Time: 0.33s | Spearman@80: 0.9310 | Kendall@80: 0.7696
Epoch 14/150 | Train Loss: 0.0351 | Epoch Time: 0.33s | Spearman@80: 0.9221 | Kendall@80: 0.7582
Epoch 15/150 | Train Loss: 0.0367 | Epoch Time: 0.33s | Spearman@80: 0.9313 | Kendall@80: 0.7766
Epoch 16/150 | Train Loss: 0.0314 | Epoch Time: 0.33s | Spearman@80: 0.9400 | Kendall@80: 0.7978
Epoch 17/150 | Train Loss: 0.0337 | Epoch Time: 0.33s | Spearman@80: 0.9255 | Kendall@80: 0.7627
Epoch 18/150 | Train Loss: 0.0377 | Epoch Time: 0.33s | Spearman@80: 0.9317 | Kendall@80: 0.7794
Epoch 19/150 | Train Loss: 0.0257 | Epoch Time: 0.33s | Spearman@80: 0.9398 | Kendall@80: 0.7912
Epoch 20/150 | Train Loss: 0.0327 | Epoch Time: 0.33s | Spearman@80: 0.9382 | Kendall@80: 0.7832
Epoch 21/150 | Train Loss: 0.0362 | Epoch Time: 0.33s | Spearman@80: 0.9102 | Kendall@80: 0.7341
Epoch 22/150 | Train Loss: 0.0312 | Epoch Time: 0.34s | Spearman@80: 0.9327 | Kendall@80: 0.7754
Epoch 23/150 | Train Loss: 0.0380 | Epoch Time: 0.33s | Spearman@80: 0.9343 | Kendall@80: 0.7820
Epoch 24/150 | Train Loss: 0.0307 | Epoch Time: 0.34s | Spearman@80: 0.9384 | Kendall@80: 0.7915
Epoch 25/150 | Train Loss: 0.0305 | Epoch Time: 0.33s | Spearman@80: 0.9313 | Kendall@80: 0.7743
Epoch 26/150 | Train Loss: 0.0341 | Epoch Time: 0.33s | Spearman@80: 0.8642 | Kendall@80: 0.6617
Epoch 27/150 | Train Loss: 0.0359 | Epoch Time: 0.33s | Spearman@80: 0.9389 | Kendall@80: 0.7902
Epoch 28/150 | Train Loss: 0.0302 | Epoch Time: 0.33s | Spearman@80: 0.9245 | Kendall@80: 0.7642
Epoch 29/150 | Train Loss: 0.0255 | Epoch Time: 0.35s | Spearman@80: 0.9352 | Kendall@80: 0.7868
Epoch 30/150 | Train Loss: 0.0276 | Epoch Time: 0.33s | Spearman@80: 0.9348 | Kendall@80: 0.7820
Epoch 31/150 | Train Loss: 0.0294 | Epoch Time: 0.33s | Spearman@80: 0.9406 | Kendall@80: 0.7957
Epoch 32/150 | Train Loss: 0.0247 | Epoch Time: 0.33s | Spearman@80: 0.9403 | Kendall@80: 0.7995
Epoch 33/150 | Train Loss: 0.0369 | Epoch Time: 0.33s | Spearman@80: 0.9356 | Kendall@80: 0.7849
Epoch 34/150 | Train Loss: 0.0281 | Epoch Time: 0.33s | Spearman@80: 0.9473 | Kendall@80: 0.8122
Epoch 35/150 | Train Loss: 0.0267 | Epoch Time: 0.33s | Spearman@80: 0.9402 | Kendall@80: 0.7921
Epoch 36/150 | Train Loss: 0.0239 | Epoch Time: 0.33s | Spearman@80: 0.8965 | Kendall@80: 0.7208
Epoch 37/150 | Train Loss: 0.0311 | Epoch Time: 0.34s | Spearman@80: 0.9334 | Kendall@80: 0.7801
Epoch 38/150 | Train Loss: 0.0257 | Epoch Time: 0.33s | Spearman@80: 0.9328 | Kendall@80: 0.7775
Epoch 39/150 | Train Loss: 0.0299 | Epoch Time: 0.33s | Spearman@80: 0.8802 | Kendall@80: 0.6871
Epoch 40/150 | Train Loss: 0.0298 | Epoch Time: 0.34s | Spearman@80: 0.9027 | Kendall@80: 0.7318
Epoch 41/150 | Train Loss: 0.0318 | Epoch Time: 0.34s | Spearman@80: 0.9305 | Kendall@80: 0.7766
Epoch 42/150 | Train Loss: 0.0279 | Epoch Time: 0.33s | Spearman@80: 0.9382 | Kendall@80: 0.7881
Epoch 43/150 | Train Loss: 0.0285 | Epoch Time: 0.33s | Spearman@80: 0.9382 | Kendall@80: 0.7823
Epoch 44/150 | Train Loss: 0.0272 | Epoch Time: 0.33s | Spearman@80: 0.9384 | Kendall@80: 0.7902
Epoch 45/150 | Train Loss: 0.0278 | Epoch Time: 0.33s | Spearman@80: 0.9386 | Kendall@80: 0.7890
Epoch 46/150 | Train Loss: 0.0262 | Epoch Time: 0.33s | Spearman@80: 0.9416 | Kendall@80: 0.8014
Epoch 47/150 | Train Loss: 0.0266 | Epoch Time: 0.33s | Spearman@80: 0.9430 | Kendall@80: 0.7976
Epoch 48/150 | Train Loss: 0.0195 | Epoch Time: 0.33s | Spearman@80: 0.9399 | Kendall@80: 0.7925
Epoch 49/150 | Train Loss: 0.0298 | Epoch Time: 0.33s | Spearman@80: 0.9420 | Kendall@80: 0.7963
Epoch 50/150 | Train Loss: 0.0273 | Epoch Time: 0.33s | Spearman@80: 0.9322 | Kendall@80: 0.7775
Epoch 51/150 | Train Loss: 0.0278 | Epoch Time: 0.33s | Spearman@80: 0.9389 | Kendall@80: 0.7870
Epoch 52/150 | Train Loss: 0.0233 | Epoch Time: 0.33s | Spearman@80: 0.9375 | Kendall@80: 0.7792
Epoch 53/150 | Train Loss: 0.0270 | Epoch Time: 0.33s | Spearman@80: 0.9342 | Kendall@80: 0.7845
Epoch 54/150 | Train Loss: 0.0238 | Epoch Time: 0.32s | Spearman@80: 0.9325 | Kendall@80: 0.7705
Epoch 55/150 | Train Loss: 0.0229 | Epoch Time: 0.33s | Spearman@80: 0.9368 | Kendall@80: 0.7820
Epoch 56/150 | Train Loss: 0.0280 | Epoch Time: 0.33s | Spearman@80: 0.9249 | Kendall@80: 0.7654
Epoch 57/150 | Train Loss: 0.0257 | Epoch Time: 0.34s | Spearman@80: 0.9437 | Kendall@80: 0.7896
Epoch 58/150 | Train Loss: 0.0284 | Epoch Time: 0.33s | Spearman@80: 0.9287 | Kendall@80: 0.7654
Epoch 59/150 | Train Loss: 0.0289 | Epoch Time: 0.34s | Spearman@80: 0.9159 | Kendall@80: 0.7553
Epoch 60/150 | Train Loss: 0.0201 | Epoch Time: 0.32s | Spearman@80: 0.9365 | Kendall@80: 0.7775
Epoch 61/150 | Train Loss: 0.0198 | Epoch Time: 0.33s | Spearman@80: 0.9403 | Kendall@80: 0.7947
Epoch 62/150 | Train Loss: 0.0241 | Epoch Time: 0.32s | Spearman@80: 0.9434 | Kendall@80: 0.8017
Epoch 63/150 | Train Loss: 0.0268 | Epoch Time: 0.33s | Spearman@80: 0.9454 | Kendall@80: 0.8029
Epoch 64/150 | Train Loss: 0.0254 | Epoch Time: 0.32s | Spearman@80: 0.9425 | Kendall@80: 0.7953
Epoch 65/150 | Train Loss: 0.0195 | Epoch Time: 0.33s | Spearman@80: 0.9164 | Kendall@80: 0.7604
Epoch 66/150 | Train Loss: 0.0210 | Epoch Time: 0.33s | Spearman@80: 0.9318 | Kendall@80: 0.7823
Epoch 67/150 | Train Loss: 0.0177 | Epoch Time: 0.32s | Spearman@80: 0.9385 | Kendall@80: 0.7928
Epoch 68/150 | Train Loss: 0.0209 | Epoch Time: 0.32s | Spearman@80: 0.9364 | Kendall@80: 0.7817
Epoch 69/150 | Train Loss: 0.0241 | Epoch Time: 0.34s | Spearman@80: 0.9449 | Kendall@80: 0.7966
Epoch 70/150 | Train Loss: 0.0224 | Epoch Time: 0.31s | Spearman@80: 0.9339 | Kendall@80: 0.7836
Epoch 71/150 | Train Loss: 0.0261 | Epoch Time: 0.32s | Spearman@80: 0.9362 | Kendall@80: 0.7832
Epoch 72/150 | Train Loss: 0.0211 | Epoch Time: 0.33s | Spearman@80: 0.9381 | Kendall@80: 0.7820
Epoch 73/150 | Train Loss: 0.0292 | Epoch Time: 0.32s | Spearman@80: 0.9384 | Kendall@80: 0.7877
Epoch 74/150 | Train Loss: 0.0170 | Epoch Time: 0.34s | Spearman@80: 0.9450 | Kendall@80: 0.7982
Epoch 75/150 | Train Loss: 0.0230 | Epoch Time: 0.34s | Spearman@80: 0.9339 | Kendall@80: 0.7883
Epoch 76/150 | Train Loss: 0.0200 | Epoch Time: 0.33s | Spearman@80: 0.9414 | Kendall@80: 0.7978
Epoch 77/150 | Train Loss: 0.0279 | Epoch Time: 0.35s | Spearman@80: 0.9405 | Kendall@80: 0.7972
Epoch 78/150 | Train Loss: 0.0222 | Epoch Time: 0.32s | Spearman@80: 0.9343 | Kendall@80: 0.7750
Epoch 79/150 | Train Loss: 0.0204 | Epoch Time: 0.34s | Spearman@80: 0.9411 | Kendall@80: 0.7921
Epoch 80/150 | Train Loss: 0.0266 | Epoch Time: 0.32s | Spearman@80: 0.9518 | Kendall@80: 0.8169
Epoch 81/150 | Train Loss: 0.0219 | Epoch Time: 0.32s | Spearman@80: 0.9410 | Kendall@80: 0.7925
Epoch 82/150 | Train Loss: 0.0202 | Epoch Time: 0.31s | Spearman@80: 0.9272 | Kendall@80: 0.7798
Epoch 83/150 | Train Loss: 0.0143 | Epoch Time: 0.33s | Spearman@80: 0.9282 | Kendall@80: 0.7769
Epoch 84/150 | Train Loss: 0.0198 | Epoch Time: 0.32s | Spearman@80: 0.9420 | Kendall@80: 0.7938
Epoch 85/150 | Train Loss: 0.0184 | Epoch Time: 0.32s | Spearman@80: 0.9168 | Kendall@80: 0.7559
Epoch 86/150 | Train Loss: 0.0228 | Epoch Time: 0.31s | Spearman@80: 0.9331 | Kendall@80: 0.7832
Epoch 87/150 | Train Loss: 0.0149 | Epoch Time: 0.33s | Spearman@80: 0.9404 | Kendall@80: 0.7966
Epoch 88/150 | Train Loss: 0.0256 | Epoch Time: 0.33s | Spearman@80: 0.9435 | Kendall@80: 0.7985
Epoch 89/150 | Train Loss: 0.0256 | Epoch Time: 0.33s | Spearman@80: 0.9492 | Kendall@80: 0.8109
Epoch 90/150 | Train Loss: 0.0242 | Epoch Time: 0.32s | Spearman@80: 0.9440 | Kendall@80: 0.8036
Epoch 91/150 | Train Loss: 0.0146 | Epoch Time: 0.32s | Spearman@80: 0.9427 | Kendall@80: 0.8033
Epoch 92/150 | Train Loss: 0.0199 | Epoch Time: 0.32s | Spearman@80: 0.9512 | Kendall@80: 0.8194
Epoch 93/150 | Train Loss: 0.0148 | Epoch Time: 0.32s | Spearman@80: 0.9417 | Kendall@80: 0.8014
Epoch 94/150 | Train Loss: 0.0219 | Epoch Time: 0.32s | Spearman@80: 0.9502 | Kendall@80: 0.8090
Epoch 95/150 | Train Loss: 0.0237 | Epoch Time: 0.32s | Spearman@80: 0.9464 | Kendall@80: 0.8027
Epoch 96/150 | Train Loss: 0.0266 | Epoch Time: 0.33s | Spearman@80: 0.9422 | Kendall@80: 0.7931
Epoch 97/150 | Train Loss: 0.0221 | Epoch Time: 0.33s | Spearman@80: 0.9476 | Kendall@80: 0.8039
Epoch 98/150 | Train Loss: 0.0234 | Epoch Time: 0.33s | Spearman@80: 0.9357 | Kendall@80: 0.7826
Epoch 99/150 | Train Loss: 0.0147 | Epoch Time: 0.33s | Spearman@80: 0.9403 | Kendall@80: 0.7902
Epoch 100/150 | Train Loss: 0.0197 | Epoch Time: 0.32s | Spearman@80: 0.9479 | Kendall@80: 0.8099
Epoch 101/150 | Train Loss: 0.0145 | Epoch Time: 0.32s | Spearman@80: 0.9425 | Kendall@80: 0.7966
Epoch 102/150 | Train Loss: 0.0124 | Epoch Time: 0.33s | Spearman@80: 0.9397 | Kendall@80: 0.7940
Epoch 103/150 | Train Loss: 0.0180 | Epoch Time: 0.33s | Spearman@80: 0.9373 | Kendall@80: 0.7902
Epoch 104/150 | Train Loss: 0.0225 | Epoch Time: 0.33s | Spearman@80: 0.9382 | Kendall@80: 0.7925
Epoch 105/150 | Train Loss: 0.0155 | Epoch Time: 0.33s | Spearman@80: 0.9389 | Kendall@80: 0.7940
Epoch 106/150 | Train Loss: 0.0223 | Epoch Time: 0.32s | Spearman@80: 0.9391 | Kendall@80: 0.7989
Epoch 107/150 | Train Loss: 0.0184 | Epoch Time: 0.32s | Spearman@80: 0.9425 | Kendall@80: 0.8052
Epoch 108/150 | Train Loss: 0.0208 | Epoch Time: 0.33s | Spearman@80: 0.9457 | Kendall@80: 0.8036
Epoch 109/150 | Train Loss: 0.0235 | Epoch Time: 0.33s | Spearman@80: 0.9326 | Kendall@80: 0.7919
Epoch 110/150 | Train Loss: 0.0139 | Epoch Time: 0.33s | Spearman@80: 0.9279 | Kendall@80: 0.7794
Epoch 111/150 | Train Loss: 0.0220 | Epoch Time: 0.33s | Spearman@80: 0.9310 | Kendall@80: 0.7839
Epoch 112/150 | Train Loss: 0.0159 | Epoch Time: 0.33s | Spearman@80: 0.9453 | Kendall@80: 0.8078
Epoch 113/150 | Train Loss: 0.0152 | Epoch Time: 0.32s | Spearman@80: 0.9431 | Kendall@80: 0.8004
Epoch 114/150 | Train Loss: 0.0222 | Epoch Time: 0.33s | Spearman@80: 0.9421 | Kendall@80: 0.7944
Epoch 115/150 | Train Loss: 0.0184 | Epoch Time: 0.32s | Spearman@80: 0.9386 | Kendall@80: 0.7951
Epoch 116/150 | Train Loss: 0.0232 | Epoch Time: 0.32s | Spearman@80: 0.9462 | Kendall@80: 0.8105
Epoch 117/150 | Train Loss: 0.0132 | Epoch Time: 0.33s | Spearman@80: 0.9423 | Kendall@80: 0.8029
Epoch 118/150 | Train Loss: 0.0152 | Epoch Time: 0.32s | Spearman@80: 0.9428 | Kendall@80: 0.8071
Epoch 119/150 | Train Loss: 0.0094 | Epoch Time: 0.33s | Spearman@80: 0.9476 | Kendall@80: 0.8137
Epoch 120/150 | Train Loss: 0.0158 | Epoch Time: 0.33s | Spearman@80: 0.9458 | Kendall@80: 0.8103
Epoch 121/150 | Train Loss: 0.0157 | Epoch Time: 0.33s | Spearman@80: 0.9454 | Kendall@80: 0.8074
Epoch 122/150 | Train Loss: 0.0138 | Epoch Time: 0.33s | Spearman@80: 0.9455 | Kendall@80: 0.8061
Epoch 123/150 | Train Loss: 0.0122 | Epoch Time: 0.33s | Spearman@80: 0.9462 | Kendall@80: 0.8097
Epoch 124/150 | Train Loss: 0.0127 | Epoch Time: 0.33s | Spearman@80: 0.9467 | Kendall@80: 0.8093
Epoch 125/150 | Train Loss: 0.0124 | Epoch Time: 0.33s | Spearman@80: 0.9462 | Kendall@80: 0.8105
Epoch 126/150 | Train Loss: 0.0175 | Epoch Time: 0.33s | Spearman@80: 0.9513 | Kendall@80: 0.8188
Epoch 127/150 | Train Loss: 0.0159 | Epoch Time: 0.32s | Spearman@80: 0.9516 | Kendall@80: 0.8194
Epoch 128/150 | Train Loss: 0.0185 | Epoch Time: 0.32s | Spearman@80: 0.9527 | Kendall@80: 0.8213
Epoch 129/150 | Train Loss: 0.0151 | Epoch Time: 0.33s | Spearman@80: 0.9477 | Kendall@80: 0.8105
Epoch 130/150 | Train Loss: 0.0129 | Epoch Time: 0.32s | Spearman@80: 0.9473 | Kendall@80: 0.8118
Epoch 131/150 | Train Loss: 0.0144 | Epoch Time: 0.33s | Spearman@80: 0.9433 | Kendall@80: 0.8048
Epoch 132/150 | Train Loss: 0.0155 | Epoch Time: 0.33s | Spearman@80: 0.9432 | Kendall@80: 0.8071
Epoch 133/150 | Train Loss: 0.0155 | Epoch Time: 0.33s | Spearman@80: 0.9468 | Kendall@80: 0.8099
Epoch 134/150 | Train Loss: 0.0166 | Epoch Time: 0.33s | Spearman@80: 0.9473 | Kendall@80: 0.8118
Epoch 135/150 | Train Loss: 0.0116 | Epoch Time: 0.33s | Spearman@80: 0.9488 | Kendall@80: 0.8154
Epoch 136/150 | Train Loss: 0.0150 | Epoch Time: 0.32s | Spearman@80: 0.9430 | Kendall@80: 0.8048
Epoch 137/150 | Train Loss: 0.0112 | Epoch Time: 0.33s | Spearman@80: 0.9483 | Kendall@80: 0.8137
Epoch 138/150 | Train Loss: 0.0138 | Epoch Time: 0.33s | Spearman@80: 0.9500 | Kendall@80: 0.8201
Epoch 139/150 | Train Loss: 0.0154 | Epoch Time: 0.33s | Spearman@80: 0.9464 | Kendall@80: 0.8118
Epoch 140/150 | Train Loss: 0.0120 | Epoch Time: 0.33s | Spearman@80: 0.9461 | Kendall@80: 0.8112
Epoch 141/150 | Train Loss: 0.0114 | Epoch Time: 0.32s | Spearman@80: 0.9461 | Kendall@80: 0.8090
Epoch 142/150 | Train Loss: 0.0100 | Epoch Time: 0.33s | Spearman@80: 0.9465 | Kendall@80: 0.8135
Epoch 143/150 | Train Loss: 0.0151 | Epoch Time: 0.32s | Spearman@80: 0.9493 | Kendall@80: 0.8163
Epoch 144/150 | Train Loss: 0.0139 | Epoch Time: 0.33s | Spearman@80: 0.9439 | Kendall@80: 0.8058
Epoch 145/150 | Train Loss: 0.0120 | Epoch Time: 0.34s | Spearman@80: 0.9479 | Kendall@80: 0.8137
Epoch 146/150 | Train Loss: 0.0107 | Epoch Time: 0.33s | Spearman@80: 0.9490 | Kendall@80: 0.8135
Epoch 147/150 | Train Loss: 0.0192 | Epoch Time: 1.64s | Spearman@15560: 0.9389 | Kendall@15560: 0.7940
Epoch 148/150 | Train Loss: 0.0137 | Epoch Time: 1.50s | Spearman@15560: 0.9387 | Kendall@15560: 0.7937
Epoch 149/150 | Train Loss: 0.0163 | Epoch Time: 1.56s | Spearman@15560: 0.9386 | Kendall@15560: 0.7926
Epoch 150/150 | Train Loss: 0.0096 | Epoch Time: 1.55s | Spearman@15560: 0.9376 | Kendall@15560: 0.7905
Sample Count: 64, Spearman: 0.9384693678875077, Kendall: 0.7926906841868855
{64: (0.9384693678875077, 0.7926906841868855)}
Epoch 1/150 | Train Loss: 0.0882 | Epoch Time: 0.66s | Spearman@80: 0.6099 | Kendall@80: 0.4469
Epoch 2/150 | Train Loss: 0.0568 | Epoch Time: 0.66s | Spearman@80: 0.9122 | Kendall@80: 0.7426
Epoch 3/150 | Train Loss: 0.0454 | Epoch Time: 0.67s | Spearman@80: 0.9072 | Kendall@80: 0.7396
Epoch 4/150 | Train Loss: 0.0415 | Epoch Time: 0.63s | Spearman@80: 0.9255 | Kendall@80: 0.7667
Epoch 5/150 | Train Loss: 0.0350 | Epoch Time: 0.66s | Spearman@80: 0.9363 | Kendall@80: 0.7872
Epoch 6/150 | Train Loss: 0.0390 | Epoch Time: 0.65s | Spearman@80: 0.8705 | Kendall@80: 0.7191
Epoch 7/150 | Train Loss: 0.0461 | Epoch Time: 0.63s | Spearman@80: 0.9375 | Kendall@80: 0.7954
Epoch 8/150 | Train Loss: 0.0355 | Epoch Time: 0.64s | Spearman@80: 0.9254 | Kendall@80: 0.7625
Epoch 9/150 | Train Loss: 0.0317 | Epoch Time: 0.66s | Spearman@80: 0.9390 | Kendall@80: 0.7948
Epoch 10/150 | Train Loss: 0.0391 | Epoch Time: 0.66s | Spearman@80: 0.8782 | Kendall@80: 0.7052
Epoch 11/150 | Train Loss: 0.0285 | Epoch Time: 0.64s | Spearman@80: 0.9204 | Kendall@80: 0.7701
Epoch 12/150 | Train Loss: 0.0336 | Epoch Time: 0.64s | Spearman@80: 0.9349 | Kendall@80: 0.7794
Epoch 13/150 | Train Loss: 0.0299 | Epoch Time: 0.65s | Spearman@80: 0.9208 | Kendall@80: 0.7642
Epoch 14/150 | Train Loss: 0.0388 | Epoch Time: 0.66s | Spearman@80: 0.9009 | Kendall@80: 0.7236
Epoch 15/150 | Train Loss: 0.0375 | Epoch Time: 0.66s | Spearman@80: 0.9247 | Kendall@80: 0.7739
Epoch 16/150 | Train Loss: 0.0349 | Epoch Time: 0.64s | Spearman@80: 0.9255 | Kendall@80: 0.7707
Epoch 17/150 | Train Loss: 0.0346 | Epoch Time: 0.64s | Spearman@80: 0.8847 | Kendall@80: 0.7009
Epoch 18/150 | Train Loss: 0.0356 | Epoch Time: 0.64s | Spearman@80: 0.9151 | Kendall@80: 0.7460
Epoch 19/150 | Train Loss: 0.0396 | Epoch Time: 0.65s | Spearman@80: 0.9191 | Kendall@80: 0.7694
Epoch 20/150 | Train Loss: 0.0346 | Epoch Time: 0.66s | Spearman@80: 0.9271 | Kendall@80: 0.7707
Epoch 21/150 | Train Loss: 0.0347 | Epoch Time: 0.65s | Spearman@80: 0.8964 | Kendall@80: 0.7333
Epoch 22/150 | Train Loss: 0.0387 | Epoch Time: 0.65s | Spearman@80: 0.9373 | Kendall@80: 0.7978
Epoch 23/150 | Train Loss: 0.0323 | Epoch Time: 0.66s | Spearman@80: 0.9293 | Kendall@80: 0.7813
Epoch 24/150 | Train Loss: 0.0350 | Epoch Time: 0.64s | Spearman@80: 0.9440 | Kendall@80: 0.8022
Epoch 25/150 | Train Loss: 0.0323 | Epoch Time: 0.64s | Spearman@80: 0.9359 | Kendall@80: 0.7908
Epoch 26/150 | Train Loss: 0.0315 | Epoch Time: 0.65s | Spearman@80: 0.9356 | Kendall@80: 0.7847
Epoch 27/150 | Train Loss: 0.0339 | Epoch Time: 0.66s | Spearman@80: 0.9043 | Kendall@80: 0.7369
Epoch 28/150 | Train Loss: 0.0354 | Epoch Time: 0.65s | Spearman@80: 0.9396 | Kendall@80: 0.7986
Epoch 29/150 | Train Loss: 0.0350 | Epoch Time: 0.66s | Spearman@80: 0.9270 | Kendall@80: 0.7770
Epoch 30/150 | Train Loss: 0.0320 | Epoch Time: 0.64s | Spearman@80: 0.9290 | Kendall@80: 0.7859
Epoch 31/150 | Train Loss: 0.0337 | Epoch Time: 0.65s | Spearman@80: 0.9288 | Kendall@80: 0.7768
Epoch 32/150 | Train Loss: 0.0369 | Epoch Time: 0.65s | Spearman@80: 0.9352 | Kendall@80: 0.7845
Epoch 33/150 | Train Loss: 0.0317 | Epoch Time: 0.67s | Spearman@80: 0.9306 | Kendall@80: 0.7807
Epoch 34/150 | Train Loss: 0.0301 | Epoch Time: 0.64s | Spearman@80: 0.9121 | Kendall@80: 0.7559
Epoch 35/150 | Train Loss: 0.0363 | Epoch Time: 0.65s | Spearman@80: 0.9300 | Kendall@80: 0.7832
Epoch 36/150 | Train Loss: 0.0304 | Epoch Time: 0.64s | Spearman@80: 0.9352 | Kendall@80: 0.7954
Epoch 37/150 | Train Loss: 0.0316 | Epoch Time: 0.64s | Spearman@80: 0.9371 | Kendall@80: 0.7986
Epoch 38/150 | Train Loss: 0.0328 | Epoch Time: 0.64s | Spearman@80: 0.8914 | Kendall@80: 0.7407
Epoch 39/150 | Train Loss: 0.0302 | Epoch Time: 0.66s | Spearman@80: 0.9115 | Kendall@80: 0.7692
Epoch 40/150 | Train Loss: 0.0309 | Epoch Time: 0.65s | Spearman@80: 0.9321 | Kendall@80: 0.7927
Epoch 41/150 | Train Loss: 0.0280 | Epoch Time: 0.66s | Spearman@80: 0.9137 | Kendall@80: 0.7553
Epoch 42/150 | Train Loss: 0.0296 | Epoch Time: 0.65s | Spearman@80: 0.9341 | Kendall@80: 0.7762
Epoch 43/150 | Train Loss: 0.0354 | Epoch Time: 0.64s | Spearman@80: 0.9063 | Kendall@80: 0.7616
Epoch 44/150 | Train Loss: 0.0374 | Epoch Time: 0.63s | Spearman@80: 0.9242 | Kendall@80: 0.7847
Epoch 45/150 | Train Loss: 0.0302 | Epoch Time: 0.66s | Spearman@80: 0.9265 | Kendall@80: 0.7787
Epoch 46/150 | Train Loss: 0.0313 | Epoch Time: 0.64s | Spearman@80: 0.9218 | Kendall@80: 0.7821
Epoch 47/150 | Train Loss: 0.0280 | Epoch Time: 0.68s | Spearman@80: 0.9364 | Kendall@80: 0.8024
Epoch 48/150 | Train Loss: 0.0305 | Epoch Time: 0.66s | Spearman@80: 0.9253 | Kendall@80: 0.7845
Epoch 49/150 | Train Loss: 0.0337 | Epoch Time: 0.67s | Spearman@80: 0.9076 | Kendall@80: 0.7536
Epoch 50/150 | Train Loss: 0.0270 | Epoch Time: 0.67s | Spearman@80: 0.9401 | Kendall@80: 0.8100
Epoch 51/150 | Train Loss: 0.0311 | Epoch Time: 0.65s | Spearman@80: 0.9235 | Kendall@80: 0.7826
Epoch 52/150 | Train Loss: 0.0352 | Epoch Time: 0.64s | Spearman@80: 0.9198 | Kendall@80: 0.7775
Epoch 53/150 | Train Loss: 0.0300 | Epoch Time: 0.65s | Spearman@80: 0.9137 | Kendall@80: 0.7720
Epoch 54/150 | Train Loss: 0.0300 | Epoch Time: 0.67s | Spearman@80: 0.9385 | Kendall@80: 0.8054
Epoch 55/150 | Train Loss: 0.0322 | Epoch Time: 0.65s | Spearman@80: 0.9272 | Kendall@80: 0.7876
Epoch 56/150 | Train Loss: 0.0283 | Epoch Time: 0.64s | Spearman@80: 0.9097 | Kendall@80: 0.7629
Epoch 57/150 | Train Loss: 0.0317 | Epoch Time: 0.66s | Spearman@80: 0.9283 | Kendall@80: 0.7878
Epoch 58/150 | Train Loss: 0.0316 | Epoch Time: 0.67s | Spearman@80: 0.9295 | Kendall@80: 0.7883
Epoch 59/150 | Train Loss: 0.0245 | Epoch Time: 0.66s | Spearman@80: 0.9338 | Kendall@80: 0.7864
Epoch 60/150 | Train Loss: 0.0295 | Epoch Time: 0.65s | Spearman@80: 0.9195 | Kendall@80: 0.7758
Epoch 61/150 | Train Loss: 0.0267 | Epoch Time: 0.65s | Spearman@80: 0.9215 | Kendall@80: 0.7699
Epoch 62/150 | Train Loss: 0.0292 | Epoch Time: 0.65s | Spearman@80: 0.9265 | Kendall@80: 0.7872
Epoch 63/150 | Train Loss: 0.0296 | Epoch Time: 0.65s | Spearman@80: 0.9245 | Kendall@80: 0.7859
Epoch 64/150 | Train Loss: 0.0306 | Epoch Time: 0.66s | Spearman@80: 0.9212 | Kendall@80: 0.7787
Epoch 65/150 | Train Loss: 0.0300 | Epoch Time: 0.66s | Spearman@80: 0.9258 | Kendall@80: 0.7908
Epoch 66/150 | Train Loss: 0.0253 | Epoch Time: 0.64s | Spearman@80: 0.9178 | Kendall@80: 0.7705
Epoch 67/150 | Train Loss: 0.0240 | Epoch Time: 0.65s | Spearman@80: 0.9340 | Kendall@80: 0.7933
Epoch 68/150 | Train Loss: 0.0278 | Epoch Time: 0.63s | Spearman@80: 0.9163 | Kendall@80: 0.7768
Epoch 69/150 | Train Loss: 0.0238 | Epoch Time: 0.65s | Spearman@80: 0.9208 | Kendall@80: 0.7821
Epoch 70/150 | Train Loss: 0.0270 | Epoch Time: 0.65s | Spearman@80: 0.9102 | Kendall@80: 0.7694
Epoch 71/150 | Train Loss: 0.0298 | Epoch Time: 0.65s | Spearman@80: 0.9089 | Kendall@80: 0.7756
Epoch 72/150 | Train Loss: 0.0311 | Epoch Time: 0.66s | Spearman@80: 0.9303 | Kendall@80: 0.8041
Epoch 73/150 | Train Loss: 0.0288 | Epoch Time: 0.65s | Spearman@80: 0.9250 | Kendall@80: 0.7834
Epoch 74/150 | Train Loss: 0.0269 | Epoch Time: 0.63s | Spearman@80: 0.9267 | Kendall@80: 0.7853
Epoch 75/150 | Train Loss: 0.0263 | Epoch Time: 0.66s | Spearman@80: 0.9228 | Kendall@80: 0.7787
Epoch 76/150 | Train Loss: 0.0277 | Epoch Time: 0.65s | Spearman@80: 0.9300 | Kendall@80: 0.7959
Epoch 77/150 | Train Loss: 0.0229 | Epoch Time: 0.65s | Spearman@80: 0.9232 | Kendall@80: 0.7789
Epoch 78/150 | Train Loss: 0.0251 | Epoch Time: 0.64s | Spearman@80: 0.9327 | Kendall@80: 0.7971
Epoch 79/150 | Train Loss: 0.0247 | Epoch Time: 0.65s | Spearman@80: 0.9251 | Kendall@80: 0.7916
Epoch 80/150 | Train Loss: 0.0282 | Epoch Time: 0.65s | Spearman@80: 0.9229 | Kendall@80: 0.7891
Epoch 81/150 | Train Loss: 0.0308 | Epoch Time: 0.65s | Spearman@80: 0.9260 | Kendall@80: 0.7973
Epoch 82/150 | Train Loss: 0.0280 | Epoch Time: 0.64s | Spearman@80: 0.9402 | Kendall@80: 0.8094
Epoch 83/150 | Train Loss: 0.0267 | Epoch Time: 0.66s | Spearman@80: 0.9286 | Kendall@80: 0.7908
Epoch 84/150 | Train Loss: 0.0238 | Epoch Time: 0.65s | Spearman@80: 0.9391 | Kendall@80: 0.8005
Epoch 85/150 | Train Loss: 0.0251 | Epoch Time: 0.66s | Spearman@80: 0.9249 | Kendall@80: 0.7942
Epoch 86/150 | Train Loss: 0.0258 | Epoch Time: 0.67s | Spearman@80: 0.9186 | Kendall@80: 0.7730
Epoch 87/150 | Train Loss: 0.0285 | Epoch Time: 0.65s | Spearman@80: 0.9330 | Kendall@80: 0.7927
Epoch 88/150 | Train Loss: 0.0248 | Epoch Time: 0.64s | Spearman@80: 0.9226 | Kendall@80: 0.7857
Epoch 89/150 | Train Loss: 0.0270 | Epoch Time: 0.65s | Spearman@80: 0.9268 | Kendall@80: 0.7908
Epoch 90/150 | Train Loss: 0.0283 | Epoch Time: 0.66s | Spearman@80: 0.9197 | Kendall@80: 0.7682
Epoch 91/150 | Train Loss: 0.0303 | Epoch Time: 0.65s | Spearman@80: 0.8971 | Kendall@80: 0.7529
Epoch 92/150 | Train Loss: 0.0343 | Epoch Time: 0.66s | Spearman@80: 0.9310 | Kendall@80: 0.7999
Epoch 93/150 | Train Loss: 0.0238 | Epoch Time: 0.65s | Spearman@80: 0.9273 | Kendall@80: 0.7885
Epoch 94/150 | Train Loss: 0.0206 | Epoch Time: 0.65s | Spearman@80: 0.9210 | Kendall@80: 0.7826
Epoch 95/150 | Train Loss: 0.0252 | Epoch Time: 0.63s | Spearman@80: 0.9291 | Kendall@80: 0.8003
Epoch 96/150 | Train Loss: 0.0229 | Epoch Time: 0.65s | Spearman@80: 0.9118 | Kendall@80: 0.7749
Epoch 97/150 | Train Loss: 0.0255 | Epoch Time: 0.64s | Spearman@80: 0.9323 | Kendall@80: 0.8018
Epoch 98/150 | Train Loss: 0.0204 | Epoch Time: 0.65s | Spearman@80: 0.9357 | Kendall@80: 0.8018
Epoch 99/150 | Train Loss: 0.0217 | Epoch Time: 0.66s | Spearman@80: 0.9300 | Kendall@80: 0.7927
Epoch 100/150 | Train Loss: 0.0276 | Epoch Time: 0.63s | Spearman@80: 0.9190 | Kendall@80: 0.7838
Epoch 101/150 | Train Loss: 0.0254 | Epoch Time: 0.64s | Spearman@80: 0.9209 | Kendall@80: 0.7819
Epoch 102/150 | Train Loss: 0.0228 | Epoch Time: 0.65s | Spearman@80: 0.9251 | Kendall@80: 0.7933
Epoch 103/150 | Train Loss: 0.0256 | Epoch Time: 0.65s | Spearman@80: 0.9294 | Kendall@80: 0.7991
Epoch 104/150 | Train Loss: 0.0218 | Epoch Time: 0.66s | Spearman@80: 0.9370 | Kendall@80: 0.8092
Epoch 105/150 | Train Loss: 0.0277 | Epoch Time: 0.65s | Spearman@80: 0.9268 | Kendall@80: 0.7935
Epoch 106/150 | Train Loss: 0.0286 | Epoch Time: 0.65s | Spearman@80: 0.9057 | Kendall@80: 0.7737
Epoch 107/150 | Train Loss: 0.0239 | Epoch Time: 0.64s | Spearman@80: 0.9195 | Kendall@80: 0.7885
Epoch 108/150 | Train Loss: 0.0220 | Epoch Time: 0.66s | Spearman@80: 0.9275 | Kendall@80: 0.7948
Epoch 109/150 | Train Loss: 0.0226 | Epoch Time: 0.64s | Spearman@80: 0.9250 | Kendall@80: 0.7914
Epoch 110/150 | Train Loss: 0.0200 | Epoch Time: 0.68s | Spearman@80: 0.9230 | Kendall@80: 0.7904
Epoch 111/150 | Train Loss: 0.0239 | Epoch Time: 0.65s | Spearman@80: 0.9160 | Kendall@80: 0.7832
Epoch 112/150 | Train Loss: 0.0236 | Epoch Time: 0.65s | Spearman@80: 0.9240 | Kendall@80: 0.7910
Epoch 113/150 | Train Loss: 0.0284 | Epoch Time: 0.65s | Spearman@80: 0.9277 | Kendall@80: 0.7992
Epoch 114/150 | Train Loss: 0.0182 | Epoch Time: 0.64s | Spearman@80: 0.9236 | Kendall@80: 0.7883
Epoch 115/150 | Train Loss: 0.0222 | Epoch Time: 0.65s | Spearman@80: 0.9358 | Kendall@80: 0.8060
Epoch 116/150 | Train Loss: 0.0224 | Epoch Time: 0.64s | Spearman@80: 0.9309 | Kendall@80: 0.8041
Epoch 117/150 | Train Loss: 0.0272 | Epoch Time: 0.64s | Spearman@80: 0.9306 | Kendall@80: 0.8029
Epoch 118/150 | Train Loss: 0.0243 | Epoch Time: 0.66s | Spearman@80: 0.9281 | Kendall@80: 0.8010
Epoch 119/150 | Train Loss: 0.0207 | Epoch Time: 0.64s | Spearman@80: 0.9269 | Kendall@80: 0.7965
Epoch 120/150 | Train Loss: 0.0232 | Epoch Time: 0.66s | Spearman@80: 0.9201 | Kendall@80: 0.7851
Epoch 121/150 | Train Loss: 0.0236 | Epoch Time: 0.66s | Spearman@80: 0.9212 | Kendall@80: 0.7889
Epoch 122/150 | Train Loss: 0.0205 | Epoch Time: 0.65s | Spearman@80: 0.9229 | Kendall@80: 0.7914
Epoch 123/150 | Train Loss: 0.0196 | Epoch Time: 0.66s | Spearman@80: 0.9240 | Kendall@80: 0.7904
Epoch 124/150 | Train Loss: 0.0238 | Epoch Time: 0.65s | Spearman@80: 0.9238 | Kendall@80: 0.7959
Epoch 125/150 | Train Loss: 0.0224 | Epoch Time: 0.66s | Spearman@80: 0.9227 | Kendall@80: 0.7923
Epoch 126/150 | Train Loss: 0.0239 | Epoch Time: 0.64s | Spearman@80: 0.9203 | Kendall@80: 0.7902
Epoch 127/150 | Train Loss: 0.0221 | Epoch Time: 0.65s | Spearman@80: 0.9223 | Kendall@80: 0.7946
Epoch 128/150 | Train Loss: 0.0281 | Epoch Time: 0.65s | Spearman@80: 0.9278 | Kendall@80: 0.8005
Epoch 129/150 | Train Loss: 0.0221 | Epoch Time: 0.66s | Spearman@80: 0.9256 | Kendall@80: 0.7940
Epoch 130/150 | Train Loss: 0.0203 | Epoch Time: 0.66s | Spearman@80: 0.9258 | Kendall@80: 0.7902
Epoch 131/150 | Train Loss: 0.0239 | Epoch Time: 0.65s | Spearman@80: 0.9219 | Kendall@80: 0.7885
Epoch 132/150 | Train Loss: 0.0185 | Epoch Time: 0.65s | Spearman@80: 0.9222 | Kendall@80: 0.7910
Epoch 133/150 | Train Loss: 0.0251 | Epoch Time: 0.65s | Spearman@80: 0.9246 | Kendall@80: 0.7935
Epoch 134/150 | Train Loss: 0.0222 | Epoch Time: 0.65s | Spearman@80: 0.9233 | Kendall@80: 0.7959
Epoch 135/150 | Train Loss: 0.0240 | Epoch Time: 0.64s | Spearman@80: 0.9246 | Kendall@80: 0.7946
Epoch 136/150 | Train Loss: 0.0219 | Epoch Time: 0.66s | Spearman@80: 0.9229 | Kendall@80: 0.7971
Epoch 137/150 | Train Loss: 0.0218 | Epoch Time: 0.65s | Spearman@80: 0.9256 | Kendall@80: 0.7940
Epoch 138/150 | Train Loss: 0.0230 | Epoch Time: 0.65s | Spearman@80: 0.9240 | Kendall@80: 0.7927
Epoch 139/150 | Train Loss: 0.0196 | Epoch Time: 0.67s | Spearman@80: 0.9252 | Kendall@80: 0.7973
Epoch 140/150 | Train Loss: 0.0201 | Epoch Time: 0.65s | Spearman@80: 0.9263 | Kendall@80: 0.7946
Epoch 141/150 | Train Loss: 0.0188 | Epoch Time: 0.66s | Spearman@80: 0.9266 | Kendall@80: 0.7959
Epoch 142/150 | Train Loss: 0.0206 | Epoch Time: 0.65s | Spearman@80: 0.9263 | Kendall@80: 0.7965
Epoch 143/150 | Train Loss: 0.0223 | Epoch Time: 0.65s | Spearman@80: 0.9262 | Kendall@80: 0.7965
Epoch 144/150 | Train Loss: 0.0182 | Epoch Time: 0.66s | Spearman@80: 0.9272 | Kendall@80: 0.7952
Epoch 145/150 | Train Loss: 0.0227 | Epoch Time: 0.63s | Spearman@80: 0.9275 | Kendall@80: 0.7965
Epoch 146/150 | Train Loss: 0.0195 | Epoch Time: 0.66s | Spearman@80: 0.9283 | Kendall@80: 0.7984
Epoch 147/150 | Train Loss: 0.0199 | Epoch Time: 1.95s | Spearman@15496: 0.9298 | Kendall@15496: 0.7870
Epoch 148/150 | Train Loss: 0.0231 | Epoch Time: 1.86s | Spearman@15496: 0.9290 | Kendall@15496: 0.7866
Epoch 149/150 | Train Loss: 0.0225 | Epoch Time: 1.86s | Spearman@15496: 0.9295 | Kendall@15496: 0.7865
Epoch 150/150 | Train Loss: 0.0162 | Epoch Time: 1.91s | Spearman@15496: 0.9271 | Kendall@15496: 0.7830
Sample Count: 128, Spearman: 0.9288464212652353, Kendall: 0.785764295661934
{64: (0.9384693678875077, 0.7926906841868855),
 128: (0.9288464212652353, 0.785764295661934)}
Epoch 1/150 | Train Loss: 0.0959 | Epoch Time: 0.33s | Spearman@80: 0.4218 | Kendall@80: 0.2915
Epoch 2/150 | Train Loss: 0.0826 | Epoch Time: 0.33s | Spearman@80: 0.5361 | Kendall@80: 0.3815
Epoch 3/150 | Train Loss: 0.0621 | Epoch Time: 0.33s | Spearman@80: 0.7341 | Kendall@80: 0.5623
Epoch 4/150 | Train Loss: 0.0541 | Epoch Time: 0.34s | Spearman@80: 0.8328 | Kendall@80: 0.6620
Epoch 5/150 | Train Loss: 0.0428 | Epoch Time: 0.33s | Spearman@80: 0.8172 | Kendall@80: 0.6265
Epoch 6/150 | Train Loss: 0.0349 | Epoch Time: 0.33s | Spearman@80: 0.8638 | Kendall@80: 0.7007
Epoch 7/150 | Train Loss: 0.0330 | Epoch Time: 0.33s | Spearman@80: 0.8804 | Kendall@80: 0.7136
Epoch 8/150 | Train Loss: 0.0305 | Epoch Time: 0.33s | Spearman@80: 0.8391 | Kendall@80: 0.6508
Epoch 9/150 | Train Loss: 0.0291 | Epoch Time: 0.33s | Spearman@80: 0.8684 | Kendall@80: 0.6933
Epoch 10/150 | Train Loss: 0.0299 | Epoch Time: 0.33s | Spearman@80: 0.8746 | Kendall@80: 0.7081
Epoch 11/150 | Train Loss: 0.0349 | Epoch Time: 0.33s | Spearman@80: 0.8844 | Kendall@80: 0.7296
Epoch 12/150 | Train Loss: 0.0314 | Epoch Time: 0.34s | Spearman@80: 0.8814 | Kendall@80: 0.7294
Epoch 13/150 | Train Loss: 0.0289 | Epoch Time: 0.32s | Spearman@80: 0.9040 | Kendall@80: 0.7596
Epoch 14/150 | Train Loss: 0.0287 | Epoch Time: 0.33s | Spearman@80: 0.8567 | Kendall@80: 0.6732
Epoch 15/150 | Train Loss: 0.0229 | Epoch Time: 0.31s | Spearman@80: 0.8392 | Kendall@80: 0.6580
Epoch 16/150 | Train Loss: 0.0278 | Epoch Time: 0.34s | Spearman@80: 0.8718 | Kendall@80: 0.7148
Epoch 17/150 | Train Loss: 0.0288 | Epoch Time: 0.33s | Spearman@80: 0.8829 | Kendall@80: 0.7264
Epoch 18/150 | Train Loss: 0.0239 | Epoch Time: 0.33s | Spearman@80: 0.8912 | Kendall@80: 0.7480
Epoch 19/150 | Train Loss: 0.0339 | Epoch Time: 0.33s | Spearman@80: 0.8606 | Kendall@80: 0.6988
Epoch 20/150 | Train Loss: 0.0340 | Epoch Time: 0.33s | Spearman@80: 0.8728 | Kendall@80: 0.7189
Epoch 21/150 | Train Loss: 0.0363 | Epoch Time: 0.33s | Spearman@80: 0.8684 | Kendall@80: 0.7239
Epoch 22/150 | Train Loss: 0.0223 | Epoch Time: 0.33s | Spearman@80: 0.8283 | Kendall@80: 0.6483
Epoch 23/150 | Train Loss: 0.0287 | Epoch Time: 0.33s | Spearman@80: 0.8534 | Kendall@80: 0.6876
Epoch 24/150 | Train Loss: 0.0211 | Epoch Time: 0.34s | Spearman@80: 0.8394 | Kendall@80: 0.6893
Epoch 25/150 | Train Loss: 0.0252 | Epoch Time: 0.33s | Spearman@80: 0.8480 | Kendall@80: 0.7000
Epoch 26/150 | Train Loss: 0.0217 | Epoch Time: 0.33s | Spearman@80: 0.8769 | Kendall@80: 0.7342
Epoch 27/150 | Train Loss: 0.0160 | Epoch Time: 0.33s | Spearman@80: 0.8784 | Kendall@80: 0.7195
Epoch 28/150 | Train Loss: 0.0308 | Epoch Time: 0.33s | Spearman@80: 0.8742 | Kendall@80: 0.7163
Epoch 29/150 | Train Loss: 0.0352 | Epoch Time: 0.33s | Spearman@80: 0.8516 | Kendall@80: 0.6952
Epoch 30/150 | Train Loss: 0.0238 | Epoch Time: 0.32s | Spearman@80: 0.8779 | Kendall@80: 0.7262
Epoch 31/150 | Train Loss: 0.0225 | Epoch Time: 0.33s | Spearman@80: 0.8630 | Kendall@80: 0.7049
Epoch 32/150 | Train Loss: 0.0220 | Epoch Time: 0.33s | Spearman@80: 0.8711 | Kendall@80: 0.7231
Epoch 33/150 | Train Loss: 0.0227 | Epoch Time: 0.33s | Spearman@80: 0.8776 | Kendall@80: 0.7303
Epoch 34/150 | Train Loss: 0.0226 | Epoch Time: 0.33s | Spearman@80: 0.8346 | Kendall@80: 0.6580
Epoch 35/150 | Train Loss: 0.0346 | Epoch Time: 0.33s | Spearman@80: 0.8589 | Kendall@80: 0.7079
Epoch 36/150 | Train Loss: 0.0195 | Epoch Time: 0.34s | Spearman@80: 0.8794 | Kendall@80: 0.7360
Epoch 37/150 | Train Loss: 0.0158 | Epoch Time: 0.33s | Spearman@80: 0.8850 | Kendall@80: 0.7328
Epoch 38/150 | Train Loss: 0.0238 | Epoch Time: 0.33s | Spearman@80: 0.8825 | Kendall@80: 0.7269
Epoch 39/150 | Train Loss: 0.0148 | Epoch Time: 0.34s | Spearman@80: 0.8740 | Kendall@80: 0.7275
Epoch 40/150 | Train Loss: 0.0308 | Epoch Time: 0.32s | Spearman@80: 0.8492 | Kendall@80: 0.6895
Epoch 41/150 | Train Loss: 0.0176 | Epoch Time: 0.33s | Spearman@80: 0.8722 | Kendall@80: 0.7214
Epoch 42/150 | Train Loss: 0.0359 | Epoch Time: 0.33s | Spearman@80: 0.8810 | Kendall@80: 0.7328
Epoch 43/150 | Train Loss: 0.0244 | Epoch Time: 0.33s | Spearman@80: 0.8734 | Kendall@80: 0.7345
Epoch 44/150 | Train Loss: 0.0198 | Epoch Time: 0.32s | Spearman@80: 0.8760 | Kendall@80: 0.7313
Epoch 45/150 | Train Loss: 0.0219 | Epoch Time: 0.32s | Spearman@80: 0.8601 | Kendall@80: 0.7138
Epoch 46/150 | Train Loss: 0.0340 | Epoch Time: 0.33s | Spearman@80: 0.8599 | Kendall@80: 0.7117
Epoch 47/150 | Train Loss: 0.0220 | Epoch Time: 0.33s | Spearman@80: 0.8774 | Kendall@80: 0.7281
Epoch 48/150 | Train Loss: 0.0211 | Epoch Time: 0.33s | Spearman@80: 0.8829 | Kendall@80: 0.7374
Epoch 49/150 | Train Loss: 0.0175 | Epoch Time: 0.32s | Spearman@80: 0.8881 | Kendall@80: 0.7404
Epoch 50/150 | Train Loss: 0.0229 | Epoch Time: 0.33s | Spearman@80: 0.8685 | Kendall@80: 0.7087
Epoch 51/150 | Train Loss: 0.0195 | Epoch Time: 0.33s | Spearman@80: 0.8946 | Kendall@80: 0.7520
Epoch 52/150 | Train Loss: 0.0198 | Epoch Time: 0.33s | Spearman@80: 0.8897 | Kendall@80: 0.7493
Epoch 53/150 | Train Loss: 0.0271 | Epoch Time: 0.31s | Spearman@80: 0.8639 | Kendall@80: 0.7106
Epoch 54/150 | Train Loss: 0.0221 | Epoch Time: 0.32s | Spearman@80: 0.8624 | Kendall@80: 0.7087
Epoch 55/150 | Train Loss: 0.0187 | Epoch Time: 0.33s | Spearman@80: 0.8653 | Kendall@80: 0.7110
Epoch 56/150 | Train Loss: 0.0174 | Epoch Time: 0.32s | Spearman@80: 0.8752 | Kendall@80: 0.7201
Epoch 57/150 | Train Loss: 0.0137 | Epoch Time: 0.33s | Spearman@80: 0.8686 | Kendall@80: 0.7100
Epoch 58/150 | Train Loss: 0.0177 | Epoch Time: 0.32s | Spearman@80: 0.8685 | Kendall@80: 0.7144
Epoch 59/150 | Train Loss: 0.0213 | Epoch Time: 0.32s | Spearman@80: 0.8589 | Kendall@80: 0.7043
Epoch 60/150 | Train Loss: 0.0180 | Epoch Time: 0.33s | Spearman@80: 0.8480 | Kendall@80: 0.6842
Epoch 61/150 | Train Loss: 0.0237 | Epoch Time: 0.33s | Spearman@80: 0.8472 | Kendall@80: 0.6857
Epoch 62/150 | Train Loss: 0.0224 | Epoch Time: 0.32s | Spearman@80: 0.8577 | Kendall@80: 0.7055
Epoch 63/150 | Train Loss: 0.0278 | Epoch Time: 0.33s | Spearman@80: 0.8836 | Kendall@80: 0.7370
Epoch 64/150 | Train Loss: 0.0180 | Epoch Time: 0.33s | Spearman@80: 0.8762 | Kendall@80: 0.7207
Epoch 65/150 | Train Loss: 0.0213 | Epoch Time: 0.33s | Spearman@80: 0.8669 | Kendall@80: 0.7157
Epoch 66/150 | Train Loss: 0.0183 | Epoch Time: 0.33s | Spearman@80: 0.8508 | Kendall@80: 0.6965
Epoch 67/150 | Train Loss: 0.0223 | Epoch Time: 0.33s | Spearman@80: 0.8725 | Kendall@80: 0.7176
Epoch 68/150 | Train Loss: 0.0178 | Epoch Time: 0.32s | Spearman@80: 0.8649 | Kendall@80: 0.7093
Epoch 69/150 | Train Loss: 0.0202 | Epoch Time: 0.33s | Spearman@80: 0.8822 | Kendall@80: 0.7383
Epoch 70/150 | Train Loss: 0.0267 | Epoch Time: 0.33s | Spearman@80: 0.8846 | Kendall@80: 0.7427
Epoch 71/150 | Train Loss: 0.0171 | Epoch Time: 0.33s | Spearman@80: 0.8688 | Kendall@80: 0.7144
Epoch 72/150 | Train Loss: 0.0152 | Epoch Time: 0.32s | Spearman@80: 0.8873 | Kendall@80: 0.7436
Epoch 73/150 | Train Loss: 0.0120 | Epoch Time: 0.33s | Spearman@80: 0.8804 | Kendall@80: 0.7328
Epoch 74/150 | Train Loss: 0.0208 | Epoch Time: 0.33s | Spearman@80: 0.8842 | Kendall@80: 0.7379
Epoch 75/150 | Train Loss: 0.0129 | Epoch Time: 0.33s | Spearman@80: 0.8854 | Kendall@80: 0.7423
Epoch 76/150 | Train Loss: 0.0173 | Epoch Time: 0.33s | Spearman@80: 0.8688 | Kendall@80: 0.7207
Epoch 77/150 | Train Loss: 0.0161 | Epoch Time: 0.33s | Spearman@80: 0.8614 | Kendall@80: 0.7022
Epoch 78/150 | Train Loss: 0.0112 | Epoch Time: 0.33s | Spearman@80: 0.8659 | Kendall@80: 0.7151
Epoch 79/150 | Train Loss: 0.0125 | Epoch Time: 0.33s | Spearman@80: 0.8531 | Kendall@80: 0.6992
Epoch 80/150 | Train Loss: 0.0124 | Epoch Time: 0.33s | Spearman@80: 0.8764 | Kendall@80: 0.7269
Epoch 81/150 | Train Loss: 0.0118 | Epoch Time: 0.33s | Spearman@80: 0.8769 | Kendall@80: 0.7262
Epoch 82/150 | Train Loss: 0.0165 | Epoch Time: 0.33s | Spearman@80: 0.8785 | Kendall@80: 0.7353
Epoch 83/150 | Train Loss: 0.0227 | Epoch Time: 0.33s | Spearman@80: 0.8701 | Kendall@80: 0.7201
Epoch 84/150 | Train Loss: 0.0135 | Epoch Time: 0.35s | Spearman@80: 0.8624 | Kendall@80: 0.7053
Epoch 85/150 | Train Loss: 0.0161 | Epoch Time: 0.33s | Spearman@80: 0.8637 | Kendall@80: 0.7043
Epoch 86/150 | Train Loss: 0.0168 | Epoch Time: 0.33s | Spearman@80: 0.8715 | Kendall@80: 0.7180
Epoch 87/150 | Train Loss: 0.0184 | Epoch Time: 0.32s | Spearman@80: 0.8604 | Kendall@80: 0.6990
Epoch 88/150 | Train Loss: 0.0169 | Epoch Time: 0.33s | Spearman@80: 0.8651 | Kendall@80: 0.7182
Epoch 89/150 | Train Loss: 0.0196 | Epoch Time: 0.32s | Spearman@80: 0.8613 | Kendall@80: 0.7055
Epoch 90/150 | Train Loss: 0.0186 | Epoch Time: 0.34s | Spearman@80: 0.8592 | Kendall@80: 0.7024
Epoch 91/150 | Train Loss: 0.0099 | Epoch Time: 0.33s | Spearman@80: 0.8682 | Kendall@80: 0.7182
Epoch 92/150 | Train Loss: 0.0108 | Epoch Time: 0.34s | Spearman@80: 0.8721 | Kendall@80: 0.7237
Epoch 93/150 | Train Loss: 0.0150 | Epoch Time: 0.32s | Spearman@80: 0.8787 | Kendall@80: 0.7313
Epoch 94/150 | Train Loss: 0.0083 | Epoch Time: 0.33s | Spearman@80: 0.8795 | Kendall@80: 0.7328
Epoch 95/150 | Train Loss: 0.0133 | Epoch Time: 0.33s | Spearman@80: 0.8809 | Kendall@80: 0.7383
Epoch 96/150 | Train Loss: 0.0139 | Epoch Time: 0.33s | Spearman@80: 0.8647 | Kendall@80: 0.7150
Epoch 97/150 | Train Loss: 0.0142 | Epoch Time: 0.32s | Spearman@80: 0.8692 | Kendall@80: 0.7167
Epoch 98/150 | Train Loss: 0.0136 | Epoch Time: 0.34s | Spearman@80: 0.8713 | Kendall@80: 0.7193
Epoch 99/150 | Train Loss: 0.0087 | Epoch Time: 0.33s | Spearman@80: 0.8712 | Kendall@80: 0.7148
Epoch 100/150 | Train Loss: 0.0117 | Epoch Time: 0.33s | Spearman@80: 0.8771 | Kendall@80: 0.7252
Epoch 101/150 | Train Loss: 0.0097 | Epoch Time: 0.33s | Spearman@80: 0.8734 | Kendall@80: 0.7189
Epoch 102/150 | Train Loss: 0.0141 | Epoch Time: 0.32s | Spearman@80: 0.8721 | Kendall@80: 0.7237
Epoch 103/150 | Train Loss: 0.0154 | Epoch Time: 0.33s | Spearman@80: 0.8767 | Kendall@80: 0.7286
Epoch 104/150 | Train Loss: 0.0141 | Epoch Time: 0.33s | Spearman@80: 0.8782 | Kendall@80: 0.7284
Epoch 105/150 | Train Loss: 0.0045 | Epoch Time: 0.34s | Spearman@80: 0.8675 | Kendall@80: 0.7112
Epoch 106/150 | Train Loss: 0.0176 | Epoch Time: 0.32s | Spearman@80: 0.8624 | Kendall@80: 0.7068
Epoch 107/150 | Train Loss: 0.0106 | Epoch Time: 0.33s | Spearman@80: 0.8634 | Kendall@80: 0.7117
Epoch 108/150 | Train Loss: 0.0100 | Epoch Time: 0.32s | Spearman@80: 0.8618 | Kendall@80: 0.7093
Epoch 109/150 | Train Loss: 0.0146 | Epoch Time: 0.32s | Spearman@80: 0.8565 | Kendall@80: 0.6977
Epoch 110/150 | Train Loss: 0.0107 | Epoch Time: 0.34s | Spearman@80: 0.8588 | Kendall@80: 0.6967
Epoch 111/150 | Train Loss: 0.0111 | Epoch Time: 0.32s | Spearman@80: 0.8680 | Kendall@80: 0.7119
Epoch 112/150 | Train Loss: 0.0112 | Epoch Time: 0.34s | Spearman@80: 0.8690 | Kendall@80: 0.7152
Epoch 113/150 | Train Loss: 0.0129 | Epoch Time: 0.34s | Spearman@80: 0.8629 | Kendall@80: 0.7047
Epoch 114/150 | Train Loss: 0.0144 | Epoch Time: 0.34s | Spearman@80: 0.8630 | Kendall@80: 0.7081
Epoch 115/150 | Train Loss: 0.0118 | Epoch Time: 0.33s | Spearman@80: 0.8607 | Kendall@80: 0.7068
Epoch 116/150 | Train Loss: 0.0101 | Epoch Time: 0.33s | Spearman@80: 0.8624 | Kendall@80: 0.7091
Epoch 117/150 | Train Loss: 0.0119 | Epoch Time: 0.33s | Spearman@80: 0.8663 | Kendall@80: 0.7112
Epoch 118/150 | Train Loss: 0.0084 | Epoch Time: 0.32s | Spearman@80: 0.8670 | Kendall@80: 0.7087
Epoch 119/150 | Train Loss: 0.0082 | Epoch Time: 0.33s | Spearman@80: 0.8622 | Kendall@80: 0.7032
Epoch 120/150 | Train Loss: 0.0119 | Epoch Time: 0.32s | Spearman@80: 0.8657 | Kendall@80: 0.7055
Epoch 121/150 | Train Loss: 0.0092 | Epoch Time: 0.32s | Spearman@80: 0.8664 | Kendall@80: 0.7091
Epoch 122/150 | Train Loss: 0.0128 | Epoch Time: 0.33s | Spearman@80: 0.8684 | Kendall@80: 0.7131
Epoch 123/150 | Train Loss: 0.0087 | Epoch Time: 0.32s | Spearman@80: 0.8692 | Kendall@80: 0.7125
Epoch 124/150 | Train Loss: 0.0114 | Epoch Time: 0.33s | Spearman@80: 0.8630 | Kendall@80: 0.7079
Epoch 125/150 | Train Loss: 0.0127 | Epoch Time: 0.34s | Spearman@80: 0.8614 | Kendall@80: 0.7041
Epoch 126/150 | Train Loss: 0.0139 | Epoch Time: 0.32s | Spearman@80: 0.8653 | Kendall@80: 0.7100
Epoch 127/150 | Train Loss: 0.0088 | Epoch Time: 0.33s | Spearman@80: 0.8650 | Kendall@80: 0.7081
Epoch 128/150 | Train Loss: 0.0061 | Epoch Time: 0.33s | Spearman@80: 0.8655 | Kendall@80: 0.7117
Epoch 129/150 | Train Loss: 0.0082 | Epoch Time: 0.33s | Spearman@80: 0.8679 | Kendall@80: 0.7152
Epoch 130/150 | Train Loss: 0.0150 | Epoch Time: 0.34s | Spearman@80: 0.8683 | Kendall@80: 0.7138
Epoch 131/150 | Train Loss: 0.0119 | Epoch Time: 0.33s | Spearman@80: 0.8642 | Kendall@80: 0.7112
Epoch 132/150 | Train Loss: 0.0154 | Epoch Time: 0.32s | Spearman@80: 0.8661 | Kendall@80: 0.7132
Epoch 133/150 | Train Loss: 0.0070 | Epoch Time: 0.32s | Spearman@80: 0.8665 | Kendall@80: 0.7136
Epoch 134/150 | Train Loss: 0.0048 | Epoch Time: 0.33s | Spearman@80: 0.8661 | Kendall@80: 0.7117
Epoch 135/150 | Train Loss: 0.0154 | Epoch Time: 0.34s | Spearman@80: 0.8682 | Kendall@80: 0.7157
Epoch 136/150 | Train Loss: 0.0056 | Epoch Time: 0.33s | Spearman@80: 0.8676 | Kendall@80: 0.7131
Epoch 137/150 | Train Loss: 0.0074 | Epoch Time: 0.34s | Spearman@80: 0.8679 | Kendall@80: 0.7131
Epoch 138/150 | Train Loss: 0.0118 | Epoch Time: 0.33s | Spearman@80: 0.8679 | Kendall@80: 0.7119
Epoch 139/150 | Train Loss: 0.0080 | Epoch Time: 0.31s | Spearman@80: 0.8663 | Kendall@80: 0.7112
Epoch 140/150 | Train Loss: 0.0120 | Epoch Time: 0.33s | Spearman@80: 0.8703 | Kendall@80: 0.7189
Epoch 141/150 | Train Loss: 0.0085 | Epoch Time: 0.31s | Spearman@80: 0.8690 | Kendall@80: 0.7157
Epoch 142/150 | Train Loss: 0.0145 | Epoch Time: 0.33s | Spearman@80: 0.8705 | Kendall@80: 0.7167
Epoch 143/150 | Train Loss: 0.0072 | Epoch Time: 0.33s | Spearman@80: 0.8642 | Kendall@80: 0.7094
Epoch 144/150 | Train Loss: 0.0116 | Epoch Time: 0.33s | Spearman@80: 0.8644 | Kendall@80: 0.7106
Epoch 145/150 | Train Loss: 0.0062 | Epoch Time: 0.33s | Spearman@80: 0.8697 | Kendall@80: 0.7161
Epoch 146/150 | Train Loss: 0.0074 | Epoch Time: 0.34s | Spearman@80: 0.8656 | Kendall@80: 0.7140
Epoch 147/150 | Train Loss: 0.0079 | Epoch Time: 1.56s | Spearman@15560: 0.9148 | Kendall@15560: 0.7713
Epoch 148/150 | Train Loss: 0.0100 | Epoch Time: 1.53s | Spearman@15560: 0.9146 | Kendall@15560: 0.7711
Epoch 149/150 | Train Loss: 0.0085 | Epoch Time: 1.56s | Spearman@15560: 0.9145 | Kendall@15560: 0.7711
Epoch 150/150 | Train Loss: 0.0084 | Epoch Time: 1.55s | Spearman@15560: 0.9147 | Kendall@15560: 0.7706
Sample Count: 64, Spearman: 0.9146575984878813, Kendall: 0.7710450918155612
{64: (0.9146575984878813, 0.7710450918155612),
 128: (0.9288464212652353, 0.785764295661934)}
Epoch 1/150 | Train Loss: 0.0858 | Epoch Time: 0.64s | Spearman@80: 0.5694 | Kendall@80: 0.3976
Epoch 2/150 | Train Loss: 0.0550 | Epoch Time: 0.66s | Spearman@80: 0.7749 | Kendall@80: 0.5669
Epoch 3/150 | Train Loss: 0.0393 | Epoch Time: 0.65s | Spearman@80: 0.8866 | Kendall@80: 0.7146
Epoch 4/150 | Train Loss: 0.0449 | Epoch Time: 0.65s | Spearman@80: 0.9061 | Kendall@80: 0.7406
Epoch 5/150 | Train Loss: 0.0349 | Epoch Time: 0.66s | Spearman@80: 0.8957 | Kendall@80: 0.7292
Epoch 6/150 | Train Loss: 0.0353 | Epoch Time: 0.66s | Spearman@80: 0.8963 | Kendall@80: 0.7216
Epoch 7/150 | Train Loss: 0.0325 | Epoch Time: 0.65s | Spearman@80: 0.8957 | Kendall@80: 0.7282
Epoch 8/150 | Train Loss: 0.0387 | Epoch Time: 0.68s | Spearman@80: 0.8866 | Kendall@80: 0.7189
Epoch 9/150 | Train Loss: 0.0357 | Epoch Time: 0.68s | Spearman@80: 0.9142 | Kendall@80: 0.7483
Epoch 10/150 | Train Loss: 0.0344 | Epoch Time: 0.65s | Spearman@80: 0.8924 | Kendall@80: 0.7292
Epoch 11/150 | Train Loss: 0.0296 | Epoch Time: 0.66s | Spearman@80: 0.8937 | Kendall@80: 0.7315
Epoch 12/150 | Train Loss: 0.0335 | Epoch Time: 0.65s | Spearman@80: 0.9186 | Kendall@80: 0.7561
Epoch 13/150 | Train Loss: 0.0318 | Epoch Time: 0.64s | Spearman@80: 0.9329 | Kendall@80: 0.7867
Epoch 14/150 | Train Loss: 0.0305 | Epoch Time: 0.64s | Spearman@80: 0.9235 | Kendall@80: 0.7687
Epoch 15/150 | Train Loss: 0.0366 | Epoch Time: 0.64s | Spearman@80: 0.9263 | Kendall@80: 0.7774
Epoch 16/150 | Train Loss: 0.0274 | Epoch Time: 0.65s | Spearman@80: 0.9155 | Kendall@80: 0.7546
Epoch 17/150 | Train Loss: 0.0292 | Epoch Time: 0.65s | Spearman@80: 0.9277 | Kendall@80: 0.7760
Epoch 18/150 | Train Loss: 0.0276 | Epoch Time: 0.66s | Spearman@80: 0.9190 | Kendall@80: 0.7668
Epoch 19/150 | Train Loss: 0.0368 | Epoch Time: 0.65s | Spearman@80: 0.9392 | Kendall@80: 0.7977
Epoch 20/150 | Train Loss: 0.0293 | Epoch Time: 0.66s | Spearman@80: 0.9261 | Kendall@80: 0.7708
Epoch 21/150 | Train Loss: 0.0319 | Epoch Time: 0.65s | Spearman@80: 0.9296 | Kendall@80: 0.7764
Epoch 22/150 | Train Loss: 0.0281 | Epoch Time: 0.65s | Spearman@80: 0.9166 | Kendall@80: 0.7559
Epoch 23/150 | Train Loss: 0.0333 | Epoch Time: 0.66s | Spearman@80: 0.9275 | Kendall@80: 0.7810
Epoch 24/150 | Train Loss: 0.0241 | Epoch Time: 0.66s | Spearman@80: 0.9206 | Kendall@80: 0.7614
Epoch 25/150 | Train Loss: 0.0326 | Epoch Time: 0.65s | Spearman@80: 0.9158 | Kendall@80: 0.7609
Epoch 26/150 | Train Loss: 0.0279 | Epoch Time: 0.63s | Spearman@80: 0.9056 | Kendall@80: 0.7436
Epoch 27/150 | Train Loss: 0.0299 | Epoch Time: 0.65s | Spearman@80: 0.9291 | Kendall@80: 0.7818
Epoch 28/150 | Train Loss: 0.0281 | Epoch Time: 0.67s | Spearman@80: 0.9223 | Kendall@80: 0.7679
Epoch 29/150 | Train Loss: 0.0281 | Epoch Time: 0.65s | Spearman@80: 0.9239 | Kendall@80: 0.7724
Epoch 30/150 | Train Loss: 0.0258 | Epoch Time: 0.66s | Spearman@80: 0.9083 | Kendall@80: 0.7455
Epoch 31/150 | Train Loss: 0.0323 | Epoch Time: 0.65s | Spearman@80: 0.9170 | Kendall@80: 0.7590
Epoch 32/150 | Train Loss: 0.0285 | Epoch Time: 0.64s | Spearman@80: 0.9277 | Kendall@80: 0.7818
Epoch 33/150 | Train Loss: 0.0269 | Epoch Time: 0.65s | Spearman@80: 0.9175 | Kendall@80: 0.7679
Epoch 34/150 | Train Loss: 0.0353 | Epoch Time: 0.66s | Spearman@80: 0.9193 | Kendall@80: 0.7689
Epoch 35/150 | Train Loss: 0.0286 | Epoch Time: 0.65s | Spearman@80: 0.9300 | Kendall@80: 0.7850
Epoch 36/150 | Train Loss: 0.0273 | Epoch Time: 0.66s | Spearman@80: 0.9303 | Kendall@80: 0.7867
Epoch 37/150 | Train Loss: 0.0257 | Epoch Time: 0.66s | Spearman@80: 0.9178 | Kendall@80: 0.7620
Epoch 38/150 | Train Loss: 0.0265 | Epoch Time: 0.66s | Spearman@80: 0.9190 | Kendall@80: 0.7684
Epoch 39/150 | Train Loss: 0.0266 | Epoch Time: 0.65s | Spearman@80: 0.9305 | Kendall@80: 0.7848
Epoch 40/150 | Train Loss: 0.0253 | Epoch Time: 0.65s | Spearman@80: 0.9365 | Kendall@80: 0.7988
Epoch 41/150 | Train Loss: 0.0278 | Epoch Time: 0.66s | Spearman@80: 0.9264 | Kendall@80: 0.7825
Epoch 42/150 | Train Loss: 0.0270 | Epoch Time: 0.67s | Spearman@80: 0.9085 | Kendall@80: 0.7470
Epoch 43/150 | Train Loss: 0.0304 | Epoch Time: 0.64s | Spearman@80: 0.9017 | Kendall@80: 0.7406
Epoch 44/150 | Train Loss: 0.0308 | Epoch Time: 0.65s | Spearman@80: 0.9169 | Kendall@80: 0.7550
Epoch 45/150 | Train Loss: 0.0258 | Epoch Time: 0.65s | Spearman@80: 0.9221 | Kendall@80: 0.7694
Epoch 46/150 | Train Loss: 0.0279 | Epoch Time: 0.65s | Spearman@80: 0.9232 | Kendall@80: 0.7762
Epoch 47/150 | Train Loss: 0.0251 | Epoch Time: 0.65s | Spearman@80: 0.9189 | Kendall@80: 0.7620
Epoch 48/150 | Train Loss: 0.0277 | Epoch Time: 0.64s | Spearman@80: 0.9227 | Kendall@80: 0.7719
Epoch 49/150 | Train Loss: 0.0297 | Epoch Time: 0.65s | Spearman@80: 0.9295 | Kendall@80: 0.7810
Epoch 50/150 | Train Loss: 0.0227 | Epoch Time: 0.64s | Spearman@80: 0.9199 | Kendall@80: 0.7700
Epoch 51/150 | Train Loss: 0.0269 | Epoch Time: 0.64s | Spearman@80: 0.9300 | Kendall@80: 0.7899
Epoch 52/150 | Train Loss: 0.0245 | Epoch Time: 0.63s | Spearman@80: 0.9266 | Kendall@80: 0.7785
Epoch 53/150 | Train Loss: 0.0257 | Epoch Time: 0.66s | Spearman@80: 0.9177 | Kendall@80: 0.7743
Epoch 54/150 | Train Loss: 0.0245 | Epoch Time: 0.67s | Spearman@80: 0.9237 | Kendall@80: 0.7810
Epoch 55/150 | Train Loss: 0.0222 | Epoch Time: 0.66s | Spearman@80: 0.9319 | Kendall@80: 0.7840
Epoch 56/150 | Train Loss: 0.0225 | Epoch Time: 0.65s | Spearman@80: 0.9298 | Kendall@80: 0.7821
Epoch 57/150 | Train Loss: 0.0291 | Epoch Time: 0.65s | Spearman@80: 0.9272 | Kendall@80: 0.7838
Epoch 58/150 | Train Loss: 0.0254 | Epoch Time: 0.65s | Spearman@80: 0.9252 | Kendall@80: 0.7795
Epoch 59/150 | Train Loss: 0.0208 | Epoch Time: 0.66s | Spearman@80: 0.9190 | Kendall@80: 0.7728
Epoch 60/150 | Train Loss: 0.0235 | Epoch Time: 0.65s | Spearman@80: 0.9296 | Kendall@80: 0.7880
Epoch 61/150 | Train Loss: 0.0235 | Epoch Time: 0.66s | Spearman@80: 0.9373 | Kendall@80: 0.8066
Epoch 62/150 | Train Loss: 0.0270 | Epoch Time: 0.66s | Spearman@80: 0.9260 | Kendall@80: 0.7838
Epoch 63/150 | Train Loss: 0.0248 | Epoch Time: 0.65s | Spearman@80: 0.9308 | Kendall@80: 0.7928
Epoch 64/150 | Train Loss: 0.0269 | Epoch Time: 0.65s | Spearman@80: 0.9125 | Kendall@80: 0.7634
Epoch 65/150 | Train Loss: 0.0288 | Epoch Time: 0.65s | Spearman@80: 0.9280 | Kendall@80: 0.7835
Epoch 66/150 | Train Loss: 0.0180 | Epoch Time: 0.65s | Spearman@80: 0.9284 | Kendall@80: 0.7888
Epoch 67/150 | Train Loss: 0.0222 | Epoch Time: 0.65s | Spearman@80: 0.9224 | Kendall@80: 0.7766
Epoch 68/150 | Train Loss: 0.0224 | Epoch Time: 0.65s | Spearman@80: 0.9109 | Kendall@80: 0.7523
Epoch 69/150 | Train Loss: 0.0213 | Epoch Time: 0.66s | Spearman@80: 0.9198 | Kendall@80: 0.7732
Epoch 70/150 | Train Loss: 0.0209 | Epoch Time: 0.64s | Spearman@80: 0.9127 | Kendall@80: 0.7647
Epoch 71/150 | Train Loss: 0.0254 | Epoch Time: 0.65s | Spearman@80: 0.9249 | Kendall@80: 0.7812
Epoch 72/150 | Train Loss: 0.0231 | Epoch Time: 0.65s | Spearman@80: 0.9075 | Kendall@80: 0.7597
Epoch 73/150 | Train Loss: 0.0248 | Epoch Time: 0.64s | Spearman@80: 0.9212 | Kendall@80: 0.7736
Epoch 74/150 | Train Loss: 0.0206 | Epoch Time: 0.67s | Spearman@80: 0.9220 | Kendall@80: 0.7793
Epoch 75/150 | Train Loss: 0.0270 | Epoch Time: 0.66s | Spearman@80: 0.9293 | Kendall@80: 0.7892
Epoch 76/150 | Train Loss: 0.0209 | Epoch Time: 0.65s | Spearman@80: 0.9238 | Kendall@80: 0.7803
Epoch 77/150 | Train Loss: 0.0225 | Epoch Time: 0.65s | Spearman@80: 0.9276 | Kendall@80: 0.7831
Epoch 78/150 | Train Loss: 0.0207 | Epoch Time: 0.66s | Spearman@80: 0.9311 | Kendall@80: 0.7895
Epoch 79/150 | Train Loss: 0.0224 | Epoch Time: 0.65s | Spearman@80: 0.9217 | Kendall@80: 0.7730
Epoch 80/150 | Train Loss: 0.0227 | Epoch Time: 0.66s | Spearman@80: 0.9161 | Kendall@80: 0.7690
Epoch 81/150 | Train Loss: 0.0227 | Epoch Time: 0.65s | Spearman@80: 0.9335 | Kendall@80: 0.7937
Epoch 82/150 | Train Loss: 0.0265 | Epoch Time: 0.64s | Spearman@80: 0.9243 | Kendall@80: 0.7728
Epoch 83/150 | Train Loss: 0.0221 | Epoch Time: 0.66s | Spearman@80: 0.9319 | Kendall@80: 0.7941
Epoch 84/150 | Train Loss: 0.0194 | Epoch Time: 0.65s | Spearman@80: 0.9300 | Kendall@80: 0.7892
Epoch 85/150 | Train Loss: 0.0250 | Epoch Time: 0.64s | Spearman@80: 0.9290 | Kendall@80: 0.7912
Epoch 86/150 | Train Loss: 0.0219 | Epoch Time: 0.64s | Spearman@80: 0.9305 | Kendall@80: 0.7920
Epoch 87/150 | Train Loss: 0.0172 | Epoch Time: 0.65s | Spearman@80: 0.9337 | Kendall@80: 0.7933
Epoch 88/150 | Train Loss: 0.0171 | Epoch Time: 0.64s | Spearman@80: 0.9338 | Kendall@80: 0.7947
Epoch 89/150 | Train Loss: 0.0205 | Epoch Time: 0.65s | Spearman@80: 0.9355 | Kendall@80: 0.7990
Epoch 90/150 | Train Loss: 0.0236 | Epoch Time: 0.65s | Spearman@80: 0.9243 | Kendall@80: 0.7810
Epoch 91/150 | Train Loss: 0.0232 | Epoch Time: 0.65s | Spearman@80: 0.9165 | Kendall@80: 0.7749
Epoch 92/150 | Train Loss: 0.0212 | Epoch Time: 0.66s | Spearman@80: 0.9260 | Kendall@80: 0.7859
Epoch 93/150 | Train Loss: 0.0209 | Epoch Time: 0.67s | Spearman@80: 0.9278 | Kendall@80: 0.7844
Epoch 94/150 | Train Loss: 0.0195 | Epoch Time: 0.66s | Spearman@80: 0.9273 | Kendall@80: 0.7846
Epoch 95/150 | Train Loss: 0.0185 | Epoch Time: 0.64s | Spearman@80: 0.9296 | Kendall@80: 0.7842
Epoch 96/150 | Train Loss: 0.0135 | Epoch Time: 0.65s | Spearman@80: 0.9344 | Kendall@80: 0.7949
Epoch 97/150 | Train Loss: 0.0194 | Epoch Time: 0.64s | Spearman@80: 0.9363 | Kendall@80: 0.7977
Epoch 98/150 | Train Loss: 0.0162 | Epoch Time: 0.64s | Spearman@80: 0.9436 | Kendall@80: 0.8104
Epoch 99/150 | Train Loss: 0.0142 | Epoch Time: 0.65s | Spearman@80: 0.9360 | Kendall@80: 0.7977
Epoch 100/150 | Train Loss: 0.0176 | Epoch Time: 0.64s | Spearman@80: 0.9284 | Kendall@80: 0.7859
Epoch 101/150 | Train Loss: 0.0229 | Epoch Time: 0.65s | Spearman@80: 0.9401 | Kendall@80: 0.8079
Epoch 102/150 | Train Loss: 0.0179 | Epoch Time: 0.64s | Spearman@80: 0.9447 | Kendall@80: 0.8169
Epoch 103/150 | Train Loss: 0.0203 | Epoch Time: 0.62s | Spearman@80: 0.9357 | Kendall@80: 0.7990
Epoch 104/150 | Train Loss: 0.0216 | Epoch Time: 0.66s | Spearman@80: 0.9379 | Kendall@80: 0.8084
Epoch 105/150 | Train Loss: 0.0213 | Epoch Time: 0.65s | Spearman@80: 0.9376 | Kendall@80: 0.7994
Epoch 106/150 | Train Loss: 0.0192 | Epoch Time: 0.65s | Spearman@80: 0.9396 | Kendall@80: 0.8081
Epoch 107/150 | Train Loss: 0.0126 | Epoch Time: 0.64s | Spearman@80: 0.9401 | Kendall@80: 0.8091
Epoch 108/150 | Train Loss: 0.0177 | Epoch Time: 0.65s | Spearman@80: 0.9380 | Kendall@80: 0.8047
Epoch 109/150 | Train Loss: 0.0166 | Epoch Time: 0.66s | Spearman@80: 0.9410 | Kendall@80: 0.8034
Epoch 110/150 | Train Loss: 0.0168 | Epoch Time: 0.65s | Spearman@80: 0.9389 | Kendall@80: 0.8015
Epoch 111/150 | Train Loss: 0.0169 | Epoch Time: 0.65s | Spearman@80: 0.9377 | Kendall@80: 0.8017
Epoch 112/150 | Train Loss: 0.0216 | Epoch Time: 0.65s | Spearman@80: 0.9385 | Kendall@80: 0.8009
Epoch 113/150 | Train Loss: 0.0162 | Epoch Time: 0.65s | Spearman@80: 0.9371 | Kendall@80: 0.8041
Epoch 114/150 | Train Loss: 0.0201 | Epoch Time: 0.63s | Spearman@80: 0.9348 | Kendall@80: 0.7988
Epoch 115/150 | Train Loss: 0.0190 | Epoch Time: 0.65s | Spearman@80: 0.9356 | Kendall@80: 0.7962
Epoch 116/150 | Train Loss: 0.0141 | Epoch Time: 0.65s | Spearman@80: 0.9393 | Kendall@80: 0.7994
Epoch 117/150 | Train Loss: 0.0160 | Epoch Time: 0.66s | Spearman@80: 0.9430 | Kendall@80: 0.8085
Epoch 118/150 | Train Loss: 0.0160 | Epoch Time: 0.65s | Spearman@80: 0.9400 | Kendall@80: 0.8058
Epoch 119/150 | Train Loss: 0.0178 | Epoch Time: 0.66s | Spearman@80: 0.9407 | Kendall@80: 0.8072
Epoch 120/150 | Train Loss: 0.0161 | Epoch Time: 0.65s | Spearman@80: 0.9414 | Kendall@80: 0.8093
Epoch 121/150 | Train Loss: 0.0178 | Epoch Time: 0.64s | Spearman@80: 0.9399 | Kendall@80: 0.8066
Epoch 122/150 | Train Loss: 0.0172 | Epoch Time: 0.65s | Spearman@80: 0.9425 | Kendall@80: 0.8091
Epoch 123/150 | Train Loss: 0.0165 | Epoch Time: 0.66s | Spearman@80: 0.9375 | Kendall@80: 0.8027
Epoch 124/150 | Train Loss: 0.0134 | Epoch Time: 0.66s | Spearman@80: 0.9396 | Kendall@80: 0.8057
Epoch 125/150 | Train Loss: 0.0176 | Epoch Time: 0.64s | Spearman@80: 0.9397 | Kendall@80: 0.8070
Epoch 126/150 | Train Loss: 0.0165 | Epoch Time: 0.64s | Spearman@80: 0.9355 | Kendall@80: 0.7988
Epoch 127/150 | Train Loss: 0.0161 | Epoch Time: 0.64s | Spearman@80: 0.9410 | Kendall@80: 0.8032
Epoch 128/150 | Train Loss: 0.0150 | Epoch Time: 0.64s | Spearman@80: 0.9381 | Kendall@80: 0.8053
Epoch 129/150 | Train Loss: 0.0146 | Epoch Time: 0.65s | Spearman@80: 0.9403 | Kendall@80: 0.8072
Epoch 130/150 | Train Loss: 0.0166 | Epoch Time: 0.65s | Spearman@80: 0.9387 | Kendall@80: 0.8053
Epoch 131/150 | Train Loss: 0.0138 | Epoch Time: 0.65s | Spearman@80: 0.9389 | Kendall@80: 0.8049
Epoch 132/150 | Train Loss: 0.0133 | Epoch Time: 0.64s | Spearman@80: 0.9421 | Kendall@80: 0.8108
Epoch 133/150 | Train Loss: 0.0170 | Epoch Time: 0.66s | Spearman@80: 0.9410 | Kendall@80: 0.8110
Epoch 134/150 | Train Loss: 0.0178 | Epoch Time: 0.65s | Spearman@80: 0.9404 | Kendall@80: 0.8096
Epoch 135/150 | Train Loss: 0.0129 | Epoch Time: 0.64s | Spearman@80: 0.9407 | Kendall@80: 0.8077
Epoch 136/150 | Train Loss: 0.0148 | Epoch Time: 0.63s | Spearman@80: 0.9377 | Kendall@80: 0.8064
Epoch 137/150 | Train Loss: 0.0141 | Epoch Time: 0.65s | Spearman@80: 0.9418 | Kendall@80: 0.8110
Epoch 138/150 | Train Loss: 0.0162 | Epoch Time: 0.64s | Spearman@80: 0.9409 | Kendall@80: 0.8089
Epoch 139/150 | Train Loss: 0.0163 | Epoch Time: 0.65s | Spearman@80: 0.9424 | Kendall@80: 0.8127
Epoch 140/150 | Train Loss: 0.0152 | Epoch Time: 0.64s | Spearman@80: 0.9433 | Kendall@80: 0.8131
Epoch 141/150 | Train Loss: 0.0170 | Epoch Time: 0.66s | Spearman@80: 0.9400 | Kendall@80: 0.8077
Epoch 142/150 | Train Loss: 0.0197 | Epoch Time: 0.65s | Spearman@80: 0.9414 | Kendall@80: 0.8108
Epoch 143/150 | Train Loss: 0.0122 | Epoch Time: 0.65s | Spearman@80: 0.9445 | Kendall@80: 0.8174
Epoch 144/150 | Train Loss: 0.0149 | Epoch Time: 0.65s | Spearman@80: 0.9401 | Kendall@80: 0.8055
Epoch 145/150 | Train Loss: 0.0136 | Epoch Time: 0.66s | Spearman@80: 0.9402 | Kendall@80: 0.8091
Epoch 146/150 | Train Loss: 0.0131 | Epoch Time: 0.65s | Spearman@80: 0.9400 | Kendall@80: 0.8044
Epoch 147/150 | Train Loss: 0.0152 | Epoch Time: 1.97s | Spearman@15496: 0.9439 | Kendall@15496: 0.8131
Epoch 148/150 | Train Loss: 0.0183 | Epoch Time: 1.88s | Spearman@15496: 0.9443 | Kendall@15496: 0.8137
Epoch 149/150 | Train Loss: 0.0133 | Epoch Time: 1.88s | Spearman@15496: 0.9438 | Kendall@15496: 0.8127
Epoch 150/150 | Train Loss: 0.0126 | Epoch Time: 1.89s | Spearman@15496: 0.9442 | Kendall@15496: 0.8131
Sample Count: 128, Spearman: 0.9440335138012877, Kendall: 0.8131436203320107
{64: (0.9146575984878813, 0.7710450918155612),
 128: (0.9440335138012877, 0.8131436203320107)}
Epoch 1/150 | Train Loss: 0.1006 | Epoch Time: 0.33s | Spearman@80: 0.3309 | Kendall@80: 0.2287
Epoch 2/150 | Train Loss: 0.0893 | Epoch Time: 0.33s | Spearman@80: 0.3985 | Kendall@80: 0.2814
Epoch 3/150 | Train Loss: 0.0582 | Epoch Time: 0.33s | Spearman@80: 0.8388 | Kendall@80: 0.6432
Epoch 4/150 | Train Loss: 0.0343 | Epoch Time: 0.33s | Spearman@80: 0.8624 | Kendall@80: 0.6684
Epoch 5/150 | Train Loss: 0.0417 | Epoch Time: 0.32s | Spearman@80: 0.7940 | Kendall@80: 0.6252
Epoch 6/150 | Train Loss: 0.0411 | Epoch Time: 0.32s | Spearman@80: 0.8661 | Kendall@80: 0.6880
Epoch 7/150 | Train Loss: 0.0360 | Epoch Time: 0.32s | Spearman@80: 0.8275 | Kendall@80: 0.6508
Epoch 8/150 | Train Loss: 0.0302 | Epoch Time: 0.33s | Spearman@80: 0.8778 | Kendall@80: 0.6990
Epoch 9/150 | Train Loss: 0.0376 | Epoch Time: 0.33s | Spearman@80: 0.8839 | Kendall@80: 0.7111
Epoch 10/150 | Train Loss: 0.0339 | Epoch Time: 0.33s | Spearman@80: 0.8823 | Kendall@80: 0.7130
Epoch 11/150 | Train Loss: 0.0278 | Epoch Time: 0.33s | Spearman@80: 0.8714 | Kendall@80: 0.6874
Epoch 12/150 | Train Loss: 0.0307 | Epoch Time: 0.33s | Spearman@80: 0.8390 | Kendall@80: 0.6565
Epoch 13/150 | Train Loss: 0.0279 | Epoch Time: 0.33s | Spearman@80: 0.9003 | Kendall@80: 0.7407
Epoch 14/150 | Train Loss: 0.0250 | Epoch Time: 0.33s | Spearman@80: 0.8785 | Kendall@80: 0.7083
Epoch 15/150 | Train Loss: 0.0295 | Epoch Time: 0.33s | Spearman@80: 0.9072 | Kendall@80: 0.7498
Epoch 16/150 | Train Loss: 0.0198 | Epoch Time: 0.35s | Spearman@80: 0.9097 | Kendall@80: 0.7599
Epoch 17/150 | Train Loss: 0.0236 | Epoch Time: 0.33s | Spearman@80: 0.9110 | Kendall@80: 0.7561
Epoch 18/150 | Train Loss: 0.0327 | Epoch Time: 0.33s | Spearman@80: 0.9015 | Kendall@80: 0.7441
Epoch 19/150 | Train Loss: 0.0358 | Epoch Time: 0.33s | Spearman@80: 0.8879 | Kendall@80: 0.7197
Epoch 20/150 | Train Loss: 0.0373 | Epoch Time: 0.32s | Spearman@80: 0.8588 | Kendall@80: 0.6698
Epoch 21/150 | Train Loss: 0.0283 | Epoch Time: 0.33s | Spearman@80: 0.8994 | Kendall@80: 0.7388
Epoch 22/150 | Train Loss: 0.0276 | Epoch Time: 0.33s | Spearman@80: 0.8990 | Kendall@80: 0.7381
Epoch 23/150 | Train Loss: 0.0247 | Epoch Time: 0.33s | Spearman@80: 0.9016 | Kendall@80: 0.7381
Epoch 24/150 | Train Loss: 0.0257 | Epoch Time: 0.30s | Spearman@80: 0.8935 | Kendall@80: 0.7217
Epoch 25/150 | Train Loss: 0.0181 | Epoch Time: 0.32s | Spearman@80: 0.9142 | Kendall@80: 0.7491
Epoch 26/150 | Train Loss: 0.0252 | Epoch Time: 0.32s | Spearman@80: 0.9209 | Kendall@80: 0.7648
Epoch 27/150 | Train Loss: 0.0247 | Epoch Time: 0.34s | Spearman@80: 0.9105 | Kendall@80: 0.7491
Epoch 28/150 | Train Loss: 0.0289 | Epoch Time: 0.34s | Spearman@80: 0.9007 | Kendall@80: 0.7388
Epoch 29/150 | Train Loss: 0.0235 | Epoch Time: 0.32s | Spearman@80: 0.9137 | Kendall@80: 0.7625
Epoch 30/150 | Train Loss: 0.0245 | Epoch Time: 0.34s | Spearman@80: 0.9059 | Kendall@80: 0.7536
Epoch 31/150 | Train Loss: 0.0251 | Epoch Time: 0.33s | Spearman@80: 0.9119 | Kendall@80: 0.7599
Epoch 32/150 | Train Loss: 0.0212 | Epoch Time: 0.32s | Spearman@80: 0.9106 | Kendall@80: 0.7574
Epoch 33/150 | Train Loss: 0.0195 | Epoch Time: 0.32s | Spearman@80: 0.8809 | Kendall@80: 0.7104
Epoch 34/150 | Train Loss: 0.0249 | Epoch Time: 0.32s | Spearman@80: 0.9040 | Kendall@80: 0.7445
Epoch 35/150 | Train Loss: 0.0253 | Epoch Time: 0.32s | Spearman@80: 0.8981 | Kendall@80: 0.7343
Epoch 36/150 | Train Loss: 0.0208 | Epoch Time: 0.33s | Spearman@80: 0.8878 | Kendall@80: 0.7130
Epoch 37/150 | Train Loss: 0.0225 | Epoch Time: 0.33s | Spearman@80: 0.9008 | Kendall@80: 0.7324
Epoch 38/150 | Train Loss: 0.0178 | Epoch Time: 0.33s | Spearman@80: 0.9207 | Kendall@80: 0.7642
Epoch 39/150 | Train Loss: 0.0201 | Epoch Time: 0.33s | Spearman@80: 0.9121 | Kendall@80: 0.7521
Epoch 40/150 | Train Loss: 0.0263 | Epoch Time: 0.33s | Spearman@80: 0.9068 | Kendall@80: 0.7470
Epoch 41/150 | Train Loss: 0.0231 | Epoch Time: 0.33s | Spearman@80: 0.9057 | Kendall@80: 0.7523
Epoch 42/150 | Train Loss: 0.0241 | Epoch Time: 0.34s | Spearman@80: 0.9060 | Kendall@80: 0.7489
Epoch 43/150 | Train Loss: 0.0240 | Epoch Time: 0.34s | Spearman@80: 0.9099 | Kendall@80: 0.7565
Epoch 44/150 | Train Loss: 0.0203 | Epoch Time: 0.33s | Spearman@80: 0.8901 | Kendall@80: 0.7191
Epoch 45/150 | Train Loss: 0.0228 | Epoch Time: 0.33s | Spearman@80: 0.9120 | Kendall@80: 0.7559
Epoch 46/150 | Train Loss: 0.0238 | Epoch Time: 0.33s | Spearman@80: 0.8945 | Kendall@80: 0.7257
Epoch 47/150 | Train Loss: 0.0209 | Epoch Time: 0.33s | Spearman@80: 0.8796 | Kendall@80: 0.7054
Epoch 48/150 | Train Loss: 0.0228 | Epoch Time: 0.33s | Spearman@80: 0.9067 | Kendall@80: 0.7441
Epoch 49/150 | Train Loss: 0.0219 | Epoch Time: 0.33s | Spearman@80: 0.8989 | Kendall@80: 0.7343
Epoch 50/150 | Train Loss: 0.0255 | Epoch Time: 0.33s | Spearman@80: 0.9049 | Kendall@80: 0.7464
Epoch 51/150 | Train Loss: 0.0170 | Epoch Time: 0.33s | Spearman@80: 0.9119 | Kendall@80: 0.7485
Epoch 52/150 | Train Loss: 0.0232 | Epoch Time: 0.33s | Spearman@80: 0.9166 | Kendall@80: 0.7572
Epoch 53/150 | Train Loss: 0.0176 | Epoch Time: 0.33s | Spearman@80: 0.9106 | Kendall@80: 0.7491
Epoch 54/150 | Train Loss: 0.0209 | Epoch Time: 0.33s | Spearman@80: 0.9170 | Kendall@80: 0.7561
Epoch 55/150 | Train Loss: 0.0181 | Epoch Time: 0.33s | Spearman@80: 0.9218 | Kendall@80: 0.7718
Epoch 56/150 | Train Loss: 0.0165 | Epoch Time: 0.33s | Spearman@80: 0.9262 | Kendall@80: 0.7756
Epoch 57/150 | Train Loss: 0.0255 | Epoch Time: 0.33s | Spearman@80: 0.8881 | Kendall@80: 0.7191
Epoch 58/150 | Train Loss: 0.0210 | Epoch Time: 0.33s | Spearman@80: 0.9077 | Kendall@80: 0.7553
Epoch 59/150 | Train Loss: 0.0286 | Epoch Time: 0.34s | Spearman@80: 0.9033 | Kendall@80: 0.7453
Epoch 60/150 | Train Loss: 0.0196 | Epoch Time: 0.33s | Spearman@80: 0.9084 | Kendall@80: 0.7529
Epoch 61/150 | Train Loss: 0.0203 | Epoch Time: 0.33s | Spearman@80: 0.9090 | Kendall@80: 0.7529
Epoch 62/150 | Train Loss: 0.0189 | Epoch Time: 0.34s | Spearman@80: 0.9096 | Kendall@80: 0.7529
Epoch 63/150 | Train Loss: 0.0276 | Epoch Time: 0.33s | Spearman@80: 0.9149 | Kendall@80: 0.7675
Epoch 64/150 | Train Loss: 0.0190 | Epoch Time: 0.33s | Spearman@80: 0.9198 | Kendall@80: 0.7701
Epoch 65/150 | Train Loss: 0.0181 | Epoch Time: 0.33s | Spearman@80: 0.9144 | Kendall@80: 0.7610
Epoch 66/150 | Train Loss: 0.0189 | Epoch Time: 0.33s | Spearman@80: 0.8888 | Kendall@80: 0.7172
Epoch 67/150 | Train Loss: 0.0204 | Epoch Time: 0.33s | Spearman@80: 0.9148 | Kendall@80: 0.7605
Epoch 68/150 | Train Loss: 0.0273 | Epoch Time: 0.33s | Spearman@80: 0.9206 | Kendall@80: 0.7751
Epoch 69/150 | Train Loss: 0.0174 | Epoch Time: 0.33s | Spearman@80: 0.9012 | Kendall@80: 0.7407
Epoch 70/150 | Train Loss: 0.0199 | Epoch Time: 0.33s | Spearman@80: 0.9241 | Kendall@80: 0.7787
Epoch 71/150 | Train Loss: 0.0179 | Epoch Time: 0.33s | Spearman@80: 0.9250 | Kendall@80: 0.7711
Epoch 72/150 | Train Loss: 0.0214 | Epoch Time: 0.33s | Spearman@80: 0.9178 | Kendall@80: 0.7673
Epoch 73/150 | Train Loss: 0.0173 | Epoch Time: 0.33s | Spearman@80: 0.8990 | Kendall@80: 0.7407
Epoch 74/150 | Train Loss: 0.0284 | Epoch Time: 0.33s | Spearman@80: 0.9224 | Kendall@80: 0.7694
Epoch 75/150 | Train Loss: 0.0244 | Epoch Time: 0.33s | Spearman@80: 0.9076 | Kendall@80: 0.7496
Epoch 76/150 | Train Loss: 0.0176 | Epoch Time: 0.33s | Spearman@80: 0.9117 | Kendall@80: 0.7546
Epoch 77/150 | Train Loss: 0.0140 | Epoch Time: 0.33s | Spearman@80: 0.9170 | Kendall@80: 0.7631
Epoch 78/150 | Train Loss: 0.0125 | Epoch Time: 0.33s | Spearman@80: 0.9186 | Kendall@80: 0.7648
Epoch 79/150 | Train Loss: 0.0198 | Epoch Time: 0.33s | Spearman@80: 0.9254 | Kendall@80: 0.7768
Epoch 80/150 | Train Loss: 0.0166 | Epoch Time: 0.33s | Spearman@80: 0.9183 | Kendall@80: 0.7699
Epoch 81/150 | Train Loss: 0.0197 | Epoch Time: 0.33s | Spearman@80: 0.9095 | Kendall@80: 0.7565
Epoch 82/150 | Train Loss: 0.0183 | Epoch Time: 0.33s | Spearman@80: 0.9248 | Kendall@80: 0.7847
Epoch 83/150 | Train Loss: 0.0188 | Epoch Time: 0.33s | Spearman@80: 0.9316 | Kendall@80: 0.7908
Epoch 84/150 | Train Loss: 0.0118 | Epoch Time: 0.33s | Spearman@80: 0.9293 | Kendall@80: 0.7832
Epoch 85/150 | Train Loss: 0.0152 | Epoch Time: 0.33s | Spearman@80: 0.9375 | Kendall@80: 0.7992
Epoch 86/150 | Train Loss: 0.0191 | Epoch Time: 0.33s | Spearman@80: 0.9323 | Kendall@80: 0.7897
Epoch 87/150 | Train Loss: 0.0134 | Epoch Time: 0.33s | Spearman@80: 0.9236 | Kendall@80: 0.7739
Epoch 88/150 | Train Loss: 0.0174 | Epoch Time: 0.34s | Spearman@80: 0.9225 | Kendall@80: 0.7777
Epoch 89/150 | Train Loss: 0.0205 | Epoch Time: 0.33s | Spearman@80: 0.9273 | Kendall@80: 0.7827
Epoch 90/150 | Train Loss: 0.0165 | Epoch Time: 0.33s | Spearman@80: 0.9303 | Kendall@80: 0.7895
Epoch 91/150 | Train Loss: 0.0181 | Epoch Time: 0.33s | Spearman@80: 0.9244 | Kendall@80: 0.7764
Epoch 92/150 | Train Loss: 0.0212 | Epoch Time: 0.33s | Spearman@80: 0.9204 | Kendall@80: 0.7732
Epoch 93/150 | Train Loss: 0.0137 | Epoch Time: 0.33s | Spearman@80: 0.9221 | Kendall@80: 0.7694
Epoch 94/150 | Train Loss: 0.0134 | Epoch Time: 0.33s | Spearman@80: 0.9170 | Kendall@80: 0.7629
Epoch 95/150 | Train Loss: 0.0124 | Epoch Time: 0.33s | Spearman@80: 0.9154 | Kendall@80: 0.7604
Epoch 96/150 | Train Loss: 0.0202 | Epoch Time: 0.33s | Spearman@80: 0.9075 | Kendall@80: 0.7498
Epoch 97/150 | Train Loss: 0.0130 | Epoch Time: 0.33s | Spearman@80: 0.9106 | Kendall@80: 0.7542
Epoch 98/150 | Train Loss: 0.0114 | Epoch Time: 0.33s | Spearman@80: 0.9185 | Kendall@80: 0.7623
Epoch 99/150 | Train Loss: 0.0139 | Epoch Time: 0.33s | Spearman@80: 0.9230 | Kendall@80: 0.7694
Epoch 100/150 | Train Loss: 0.0183 | Epoch Time: 0.33s | Spearman@80: 0.9177 | Kendall@80: 0.7654
Epoch 101/150 | Train Loss: 0.0117 | Epoch Time: 0.33s | Spearman@80: 0.9210 | Kendall@80: 0.7705
Epoch 102/150 | Train Loss: 0.0165 | Epoch Time: 0.33s | Spearman@80: 0.9277 | Kendall@80: 0.7808
Epoch 103/150 | Train Loss: 0.0156 | Epoch Time: 0.33s | Spearman@80: 0.9285 | Kendall@80: 0.7832
Epoch 104/150 | Train Loss: 0.0140 | Epoch Time: 0.34s | Spearman@80: 0.9322 | Kendall@80: 0.7897
Epoch 105/150 | Train Loss: 0.0116 | Epoch Time: 0.33s | Spearman@80: 0.9323 | Kendall@80: 0.7821
Epoch 106/150 | Train Loss: 0.0167 | Epoch Time: 0.33s | Spearman@80: 0.9311 | Kendall@80: 0.7857
Epoch 107/150 | Train Loss: 0.0084 | Epoch Time: 0.33s | Spearman@80: 0.9295 | Kendall@80: 0.7840
Epoch 108/150 | Train Loss: 0.0133 | Epoch Time: 0.33s | Spearman@80: 0.9238 | Kendall@80: 0.7762
Epoch 109/150 | Train Loss: 0.0176 | Epoch Time: 0.33s | Spearman@80: 0.9238 | Kendall@80: 0.7827
Epoch 110/150 | Train Loss: 0.0131 | Epoch Time: 0.33s | Spearman@80: 0.9252 | Kendall@80: 0.7802
Epoch 111/150 | Train Loss: 0.0166 | Epoch Time: 0.33s | Spearman@80: 0.9247 | Kendall@80: 0.7770
Epoch 112/150 | Train Loss: 0.0184 | Epoch Time: 0.33s | Spearman@80: 0.9277 | Kendall@80: 0.7800
Epoch 113/150 | Train Loss: 0.0171 | Epoch Time: 0.33s | Spearman@80: 0.9202 | Kendall@80: 0.7701
Epoch 114/150 | Train Loss: 0.0147 | Epoch Time: 0.33s | Spearman@80: 0.9163 | Kendall@80: 0.7673
Epoch 115/150 | Train Loss: 0.0133 | Epoch Time: 0.33s | Spearman@80: 0.9263 | Kendall@80: 0.7783
Epoch 116/150 | Train Loss: 0.0115 | Epoch Time: 0.33s | Spearman@80: 0.9285 | Kendall@80: 0.7840
Epoch 117/150 | Train Loss: 0.0134 | Epoch Time: 0.33s | Spearman@80: 0.9300 | Kendall@80: 0.7859
Epoch 118/150 | Train Loss: 0.0149 | Epoch Time: 0.33s | Spearman@80: 0.9274 | Kendall@80: 0.7807
Epoch 119/150 | Train Loss: 0.0134 | Epoch Time: 0.33s | Spearman@80: 0.9329 | Kendall@80: 0.7895
Epoch 120/150 | Train Loss: 0.0090 | Epoch Time: 0.33s | Spearman@80: 0.9339 | Kendall@80: 0.7923
Epoch 121/150 | Train Loss: 0.0163 | Epoch Time: 0.33s | Spearman@80: 0.9355 | Kendall@80: 0.7971
Epoch 122/150 | Train Loss: 0.0182 | Epoch Time: 0.33s | Spearman@80: 0.9336 | Kendall@80: 0.7914
Epoch 123/150 | Train Loss: 0.0119 | Epoch Time: 0.33s | Spearman@80: 0.9327 | Kendall@80: 0.7914
Epoch 124/150 | Train Loss: 0.0120 | Epoch Time: 0.33s | Spearman@80: 0.9362 | Kendall@80: 0.7961
Epoch 125/150 | Train Loss: 0.0119 | Epoch Time: 0.33s | Spearman@80: 0.9345 | Kendall@80: 0.7927
Epoch 126/150 | Train Loss: 0.0091 | Epoch Time: 0.33s | Spearman@80: 0.9326 | Kendall@80: 0.7897
Epoch 127/150 | Train Loss: 0.0138 | Epoch Time: 0.33s | Spearman@80: 0.9317 | Kendall@80: 0.7891
Epoch 128/150 | Train Loss: 0.0125 | Epoch Time: 0.33s | Spearman@80: 0.9291 | Kendall@80: 0.7840
Epoch 129/150 | Train Loss: 0.0103 | Epoch Time: 0.33s | Spearman@80: 0.9293 | Kendall@80: 0.7847
Epoch 130/150 | Train Loss: 0.0132 | Epoch Time: 0.33s | Spearman@80: 0.9310 | Kendall@80: 0.7870
Epoch 131/150 | Train Loss: 0.0153 | Epoch Time: 0.33s | Spearman@80: 0.9317 | Kendall@80: 0.7885
Epoch 132/150 | Train Loss: 0.0084 | Epoch Time: 0.33s | Spearman@80: 0.9318 | Kendall@80: 0.7883
Epoch 133/150 | Train Loss: 0.0125 | Epoch Time: 0.33s | Spearman@80: 0.9340 | Kendall@80: 0.7923
Epoch 134/150 | Train Loss: 0.0133 | Epoch Time: 0.33s | Spearman@80: 0.9288 | Kendall@80: 0.7840
Epoch 135/150 | Train Loss: 0.0100 | Epoch Time: 0.33s | Spearman@80: 0.9321 | Kendall@80: 0.7902
Epoch 136/150 | Train Loss: 0.0101 | Epoch Time: 0.33s | Spearman@80: 0.9312 | Kendall@80: 0.7878
Epoch 137/150 | Train Loss: 0.0088 | Epoch Time: 0.33s | Spearman@80: 0.9300 | Kendall@80: 0.7872
Epoch 138/150 | Train Loss: 0.0091 | Epoch Time: 0.33s | Spearman@80: 0.9311 | Kendall@80: 0.7891
Epoch 139/150 | Train Loss: 0.0089 | Epoch Time: 0.33s | Spearman@80: 0.9322 | Kendall@80: 0.7904
Epoch 140/150 | Train Loss: 0.0107 | Epoch Time: 0.33s | Spearman@80: 0.9303 | Kendall@80: 0.7885
Epoch 141/150 | Train Loss: 0.0154 | Epoch Time: 0.33s | Spearman@80: 0.9324 | Kendall@80: 0.7885
Epoch 142/150 | Train Loss: 0.0100 | Epoch Time: 0.33s | Spearman@80: 0.9318 | Kendall@80: 0.7891
Epoch 143/150 | Train Loss: 0.0158 | Epoch Time: 0.33s | Spearman@80: 0.9313 | Kendall@80: 0.7895
Epoch 144/150 | Train Loss: 0.0043 | Epoch Time: 0.33s | Spearman@80: 0.9308 | Kendall@80: 0.7883
Epoch 145/150 | Train Loss: 0.0166 | Epoch Time: 0.33s | Spearman@80: 0.9312 | Kendall@80: 0.7853
Epoch 146/150 | Train Loss: 0.0130 | Epoch Time: 0.33s | Spearman@80: 0.9305 | Kendall@80: 0.7872
Epoch 147/150 | Train Loss: 0.0116 | Epoch Time: 1.60s | Spearman@15560: 0.9345 | Kendall@15560: 0.7925
Epoch 148/150 | Train Loss: 0.0113 | Epoch Time: 1.58s | Spearman@15560: 0.9339 | Kendall@15560: 0.7913
Epoch 149/150 | Train Loss: 0.0099 | Epoch Time: 1.56s | Spearman@15560: 0.9342 | Kendall@15560: 0.7921
Epoch 150/150 | Train Loss: 0.0143 | Epoch Time: 1.55s | Spearman@15560: 0.9351 | Kendall@15560: 0.7932
Sample Count: 64, Spearman: 0.9344320257099649, Kendall: 0.7922814603182953
{64: (0.9344320257099649, 0.7922814603182953),
 128: (0.9440335138012877, 0.8131436203320107)}
Epoch 1/150 | Train Loss: 0.0858 | Epoch Time: 0.65s | Spearman@80: 0.5538 | Kendall@80: 0.3929
Epoch 2/150 | Train Loss: 0.0574 | Epoch Time: 0.65s | Spearman@80: 0.8004 | Kendall@80: 0.6302
Epoch 3/150 | Train Loss: 0.0460 | Epoch Time: 0.67s | Spearman@80: 0.6607 | Kendall@80: 0.4647
Epoch 4/150 | Train Loss: 0.0490 | Epoch Time: 0.66s | Spearman@80: 0.8793 | Kendall@80: 0.7179
Epoch 5/150 | Train Loss: 0.0396 | Epoch Time: 0.65s | Spearman@80: 0.8953 | Kendall@80: 0.7442
Epoch 6/150 | Train Loss: 0.0407 | Epoch Time: 0.63s | Spearman@80: 0.9143 | Kendall@80: 0.7671
Epoch 7/150 | Train Loss: 0.0374 | Epoch Time: 0.65s | Spearman@80: 0.9214 | Kendall@80: 0.7727
Epoch 8/150 | Train Loss: 0.0313 | Epoch Time: 0.65s | Spearman@80: 0.9011 | Kendall@80: 0.7472
Epoch 9/150 | Train Loss: 0.0346 | Epoch Time: 0.66s | Spearman@80: 0.8940 | Kendall@80: 0.7448
Epoch 10/150 | Train Loss: 0.0320 | Epoch Time: 0.66s | Spearman@80: 0.8902 | Kendall@80: 0.7343
Epoch 11/150 | Train Loss: 0.0334 | Epoch Time: 0.67s | Spearman@80: 0.8247 | Kendall@80: 0.6442
Epoch 12/150 | Train Loss: 0.0357 | Epoch Time: 0.64s | Spearman@80: 0.9007 | Kendall@80: 0.7510
Epoch 13/150 | Train Loss: 0.0363 | Epoch Time: 0.65s | Spearman@80: 0.8660 | Kendall@80: 0.6705
Epoch 14/150 | Train Loss: 0.0367 | Epoch Time: 0.66s | Spearman@80: 0.8967 | Kendall@80: 0.7325
Epoch 15/150 | Train Loss: 0.0414 | Epoch Time: 0.67s | Spearman@80: 0.9018 | Kendall@80: 0.7472
Epoch 16/150 | Train Loss: 0.0320 | Epoch Time: 0.65s | Spearman@80: 0.9063 | Kendall@80: 0.7570
Epoch 17/150 | Train Loss: 0.0306 | Epoch Time: 0.67s | Spearman@80: 0.9019 | Kendall@80: 0.7491
Epoch 18/150 | Train Loss: 0.0326 | Epoch Time: 0.65s | Spearman@80: 0.8652 | Kendall@80: 0.6955
Epoch 19/150 | Train Loss: 0.0345 | Epoch Time: 0.64s | Spearman@80: 0.8960 | Kendall@80: 0.7344
Epoch 20/150 | Train Loss: 0.0320 | Epoch Time: 0.66s | Spearman@80: 0.8993 | Kendall@80: 0.7413
Epoch 21/150 | Train Loss: 0.0383 | Epoch Time: 0.65s | Spearman@80: 0.8231 | Kendall@80: 0.6514
Epoch 22/150 | Train Loss: 0.0363 | Epoch Time: 0.66s | Spearman@80: 0.9230 | Kendall@80: 0.7714
Epoch 23/150 | Train Loss: 0.0305 | Epoch Time: 0.65s | Spearman@80: 0.8994 | Kendall@80: 0.7589
Epoch 24/150 | Train Loss: 0.0305 | Epoch Time: 0.64s | Spearman@80: 0.9111 | Kendall@80: 0.7459
Epoch 25/150 | Train Loss: 0.0328 | Epoch Time: 0.64s | Spearman@80: 0.9360 | Kendall@80: 0.7849
Epoch 26/150 | Train Loss: 0.0381 | Epoch Time: 0.68s | Spearman@80: 0.9298 | Kendall@80: 0.7868
Epoch 27/150 | Train Loss: 0.0306 | Epoch Time: 0.65s | Spearman@80: 0.9137 | Kendall@80: 0.7563
Epoch 28/150 | Train Loss: 0.0330 | Epoch Time: 0.66s | Spearman@80: 0.9261 | Kendall@80: 0.7830
Epoch 29/150 | Train Loss: 0.0315 | Epoch Time: 0.65s | Spearman@80: 0.9242 | Kendall@80: 0.7626
Epoch 30/150 | Train Loss: 0.0286 | Epoch Time: 0.65s | Spearman@80: 0.9337 | Kendall@80: 0.7815
Epoch 31/150 | Train Loss: 0.0336 | Epoch Time: 0.64s | Spearman@80: 0.9154 | Kendall@80: 0.7640
Epoch 32/150 | Train Loss: 0.0318 | Epoch Time: 0.66s | Spearman@80: 0.9153 | Kendall@80: 0.7599
Epoch 33/150 | Train Loss: 0.0258 | Epoch Time: 0.65s | Spearman@80: 0.9213 | Kendall@80: 0.7599
Epoch 34/150 | Train Loss: 0.0289 | Epoch Time: 0.65s | Spearman@80: 0.8981 | Kendall@80: 0.7370
Epoch 35/150 | Train Loss: 0.0325 | Epoch Time: 0.66s | Spearman@80: 0.8506 | Kendall@80: 0.6658
Epoch 36/150 | Train Loss: 0.0350 | Epoch Time: 0.66s | Spearman@80: 0.9231 | Kendall@80: 0.7675
Epoch 37/150 | Train Loss: 0.0358 | Epoch Time: 0.66s | Spearman@80: 0.9182 | Kendall@80: 0.7599
Epoch 38/150 | Train Loss: 0.0313 | Epoch Time: 0.66s | Spearman@80: 0.9116 | Kendall@80: 0.7595
Epoch 39/150 | Train Loss: 0.0351 | Epoch Time: 0.66s | Spearman@80: 0.9025 | Kendall@80: 0.7489
Epoch 40/150 | Train Loss: 0.0354 | Epoch Time: 0.65s | Spearman@80: 0.9190 | Kendall@80: 0.7727
Epoch 41/150 | Train Loss: 0.0301 | Epoch Time: 0.66s | Spearman@80: 0.9097 | Kendall@80: 0.7535
Epoch 42/150 | Train Loss: 0.0273 | Epoch Time: 0.65s | Spearman@80: 0.9220 | Kendall@80: 0.7720
Epoch 43/150 | Train Loss: 0.0267 | Epoch Time: 0.67s | Spearman@80: 0.9259 | Kendall@80: 0.7686
Epoch 44/150 | Train Loss: 0.0292 | Epoch Time: 0.66s | Spearman@80: 0.9001 | Kendall@80: 0.7256
Epoch 45/150 | Train Loss: 0.0305 | Epoch Time: 0.65s | Spearman@80: 0.9151 | Kendall@80: 0.7708
Epoch 46/150 | Train Loss: 0.0348 | Epoch Time: 0.66s | Spearman@80: 0.9312 | Kendall@80: 0.7799
Epoch 47/150 | Train Loss: 0.0290 | Epoch Time: 0.64s | Spearman@80: 0.9035 | Kendall@80: 0.7444
Epoch 48/150 | Train Loss: 0.0238 | Epoch Time: 0.65s | Spearman@80: 0.9061 | Kendall@80: 0.7402
Epoch 49/150 | Train Loss: 0.0238 | Epoch Time: 0.66s | Spearman@80: 0.9184 | Kendall@80: 0.7682
Epoch 50/150 | Train Loss: 0.0262 | Epoch Time: 0.67s | Spearman@80: 0.9316 | Kendall@80: 0.7769
Epoch 51/150 | Train Loss: 0.0301 | Epoch Time: 0.66s | Spearman@80: 0.9101 | Kendall@80: 0.7570
Epoch 52/150 | Train Loss: 0.0273 | Epoch Time: 0.66s | Spearman@80: 0.9395 | Kendall@80: 0.7989
Epoch 53/150 | Train Loss: 0.0265 | Epoch Time: 0.65s | Spearman@80: 0.9179 | Kendall@80: 0.7686
Epoch 54/150 | Train Loss: 0.0244 | Epoch Time: 0.66s | Spearman@80: 0.9283 | Kendall@80: 0.7838
Epoch 55/150 | Train Loss: 0.0234 | Epoch Time: 0.66s | Spearman@80: 0.8999 | Kendall@80: 0.7457
Epoch 56/150 | Train Loss: 0.0274 | Epoch Time: 0.65s | Spearman@80: 0.9057 | Kendall@80: 0.7523
Epoch 57/150 | Train Loss: 0.0218 | Epoch Time: 0.65s | Spearman@80: 0.9251 | Kendall@80: 0.7671
Epoch 58/150 | Train Loss: 0.0241 | Epoch Time: 0.66s | Spearman@80: 0.8964 | Kendall@80: 0.7383
Epoch 59/150 | Train Loss: 0.0293 | Epoch Time: 0.66s | Spearman@80: 0.9264 | Kendall@80: 0.7847
Epoch 60/150 | Train Loss: 0.0267 | Epoch Time: 0.65s | Spearman@80: 0.9173 | Kendall@80: 0.7647
Epoch 61/150 | Train Loss: 0.0257 | Epoch Time: 0.66s | Spearman@80: 0.9203 | Kendall@80: 0.7659
Epoch 62/150 | Train Loss: 0.0282 | Epoch Time: 0.65s | Spearman@80: 0.9132 | Kendall@80: 0.7640
Epoch 63/150 | Train Loss: 0.0259 | Epoch Time: 0.66s | Spearman@80: 0.9441 | Kendall@80: 0.7970
Epoch 64/150 | Train Loss: 0.0272 | Epoch Time: 0.66s | Spearman@80: 0.9394 | Kendall@80: 0.7923
Epoch 65/150 | Train Loss: 0.0222 | Epoch Time: 0.65s | Spearman@80: 0.9043 | Kendall@80: 0.7523
Epoch 66/150 | Train Loss: 0.0291 | Epoch Time: 0.65s | Spearman@80: 0.9192 | Kendall@80: 0.7738
Epoch 67/150 | Train Loss: 0.0283 | Epoch Time: 0.65s | Spearman@80: 0.9374 | Kendall@80: 0.7870
Epoch 68/150 | Train Loss: 0.0243 | Epoch Time: 0.65s | Spearman@80: 0.9240 | Kendall@80: 0.7771
Epoch 69/150 | Train Loss: 0.0295 | Epoch Time: 0.65s | Spearman@80: 0.9029 | Kendall@80: 0.7523
Epoch 70/150 | Train Loss: 0.0312 | Epoch Time: 0.66s | Spearman@80: 0.9344 | Kendall@80: 0.7879
Epoch 71/150 | Train Loss: 0.0242 | Epoch Time: 0.65s | Spearman@80: 0.9420 | Kendall@80: 0.7904
Epoch 72/150 | Train Loss: 0.0278 | Epoch Time: 0.65s | Spearman@80: 0.9182 | Kendall@80: 0.7675
Epoch 73/150 | Train Loss: 0.0221 | Epoch Time: 0.65s | Spearman@80: 0.9122 | Kendall@80: 0.7603
Epoch 74/150 | Train Loss: 0.0246 | Epoch Time: 0.67s | Spearman@80: 0.9296 | Kendall@80: 0.7788
Epoch 75/150 | Train Loss: 0.0265 | Epoch Time: 0.67s | Spearman@80: 0.9077 | Kendall@80: 0.7442
Epoch 76/150 | Train Loss: 0.0241 | Epoch Time: 0.65s | Spearman@80: 0.9321 | Kendall@80: 0.7853
Epoch 77/150 | Train Loss: 0.0224 | Epoch Time: 0.66s | Spearman@80: 0.9296 | Kendall@80: 0.7771
Epoch 78/150 | Train Loss: 0.0200 | Epoch Time: 0.66s | Spearman@80: 0.9119 | Kendall@80: 0.7557
Epoch 79/150 | Train Loss: 0.0182 | Epoch Time: 0.65s | Spearman@80: 0.9256 | Kendall@80: 0.7748
Epoch 80/150 | Train Loss: 0.0271 | Epoch Time: 0.65s | Spearman@80: 0.9148 | Kendall@80: 0.7686
Epoch 81/150 | Train Loss: 0.0208 | Epoch Time: 0.65s | Spearman@80: 0.9095 | Kendall@80: 0.7514
Epoch 82/150 | Train Loss: 0.0236 | Epoch Time: 0.67s | Spearman@80: 0.9228 | Kendall@80: 0.7715
Epoch 83/150 | Train Loss: 0.0208 | Epoch Time: 0.67s | Spearman@80: 0.9202 | Kendall@80: 0.7620
Epoch 84/150 | Train Loss: 0.0191 | Epoch Time: 0.68s | Spearman@80: 0.8935 | Kendall@80: 0.7332
Epoch 85/150 | Train Loss: 0.0292 | Epoch Time: 0.66s | Spearman@80: 0.8987 | Kendall@80: 0.7451
Epoch 86/150 | Train Loss: 0.0218 | Epoch Time: 0.66s | Spearman@80: 0.9204 | Kendall@80: 0.7711
Epoch 87/150 | Train Loss: 0.0281 | Epoch Time: 0.66s | Spearman@80: 0.9271 | Kendall@80: 0.7862
Epoch 88/150 | Train Loss: 0.0261 | Epoch Time: 0.67s | Spearman@80: 0.9253 | Kendall@80: 0.7834
Epoch 89/150 | Train Loss: 0.0215 | Epoch Time: 0.68s | Spearman@80: 0.9346 | Kendall@80: 0.7889
Epoch 90/150 | Train Loss: 0.0214 | Epoch Time: 0.64s | Spearman@80: 0.9253 | Kendall@80: 0.7697
Epoch 91/150 | Train Loss: 0.0271 | Epoch Time: 0.65s | Spearman@80: 0.9179 | Kendall@80: 0.7578
Epoch 92/150 | Train Loss: 0.0219 | Epoch Time: 0.63s | Spearman@80: 0.9192 | Kendall@80: 0.7612
Epoch 93/150 | Train Loss: 0.0200 | Epoch Time: 0.65s | Spearman@80: 0.9246 | Kendall@80: 0.7680
Epoch 94/150 | Train Loss: 0.0202 | Epoch Time: 0.64s | Spearman@80: 0.9225 | Kendall@80: 0.7726
Epoch 95/150 | Train Loss: 0.0246 | Epoch Time: 0.65s | Spearman@80: 0.9263 | Kendall@80: 0.7703
Epoch 96/150 | Train Loss: 0.0241 | Epoch Time: 0.65s | Spearman@80: 0.9206 | Kendall@80: 0.7633
Epoch 97/150 | Train Loss: 0.0178 | Epoch Time: 0.65s | Spearman@80: 0.9244 | Kendall@80: 0.7682
Epoch 98/150 | Train Loss: 0.0211 | Epoch Time: 0.65s | Spearman@80: 0.9249 | Kendall@80: 0.7746
Epoch 99/150 | Train Loss: 0.0169 | Epoch Time: 0.66s | Spearman@80: 0.9174 | Kendall@80: 0.7622
Epoch 100/150 | Train Loss: 0.0223 | Epoch Time: 0.66s | Spearman@80: 0.9129 | Kendall@80: 0.7574
Epoch 101/150 | Train Loss: 0.0218 | Epoch Time: 0.65s | Spearman@80: 0.9274 | Kendall@80: 0.7753
Epoch 102/150 | Train Loss: 0.0220 | Epoch Time: 0.65s | Spearman@80: 0.9138 | Kendall@80: 0.7561
Epoch 103/150 | Train Loss: 0.0232 | Epoch Time: 0.66s | Spearman@80: 0.9170 | Kendall@80: 0.7637
Epoch 104/150 | Train Loss: 0.0177 | Epoch Time: 0.65s | Spearman@80: 0.9180 | Kendall@80: 0.7620
Epoch 105/150 | Train Loss: 0.0195 | Epoch Time: 0.66s | Spearman@80: 0.9201 | Kendall@80: 0.7631
Epoch 106/150 | Train Loss: 0.0202 | Epoch Time: 0.66s | Spearman@80: 0.9207 | Kendall@80: 0.7654
Epoch 107/150 | Train Loss: 0.0242 | Epoch Time: 0.65s | Spearman@80: 0.9184 | Kendall@80: 0.7619
Epoch 108/150 | Train Loss: 0.0221 | Epoch Time: 0.65s | Spearman@80: 0.9218 | Kendall@80: 0.7700
Epoch 109/150 | Train Loss: 0.0213 | Epoch Time: 0.65s | Spearman@80: 0.9175 | Kendall@80: 0.7591
Epoch 110/150 | Train Loss: 0.0178 | Epoch Time: 0.66s | Spearman@80: 0.9310 | Kendall@80: 0.7847
Epoch 111/150 | Train Loss: 0.0228 | Epoch Time: 0.65s | Spearman@80: 0.9258 | Kendall@80: 0.7752
Epoch 112/150 | Train Loss: 0.0199 | Epoch Time: 0.67s | Spearman@80: 0.9331 | Kendall@80: 0.7896
Epoch 113/150 | Train Loss: 0.0198 | Epoch Time: 0.65s | Spearman@80: 0.9317 | Kendall@80: 0.7845
Epoch 114/150 | Train Loss: 0.0178 | Epoch Time: 0.66s | Spearman@80: 0.9284 | Kendall@80: 0.7813
Epoch 115/150 | Train Loss: 0.0218 | Epoch Time: 0.65s | Spearman@80: 0.9192 | Kendall@80: 0.7656
Epoch 116/150 | Train Loss: 0.0195 | Epoch Time: 0.65s | Spearman@80: 0.9315 | Kendall@80: 0.7832
Epoch 117/150 | Train Loss: 0.0224 | Epoch Time: 0.67s | Spearman@80: 0.9331 | Kendall@80: 0.7877
Epoch 118/150 | Train Loss: 0.0178 | Epoch Time: 0.67s | Spearman@80: 0.9302 | Kendall@80: 0.7839
Epoch 119/150 | Train Loss: 0.0181 | Epoch Time: 0.65s | Spearman@80: 0.9219 | Kendall@80: 0.7694
Epoch 120/150 | Train Loss: 0.0245 | Epoch Time: 0.65s | Spearman@80: 0.9167 | Kendall@80: 0.7578
Epoch 121/150 | Train Loss: 0.0198 | Epoch Time: 0.66s | Spearman@80: 0.9165 | Kendall@80: 0.7612
Epoch 122/150 | Train Loss: 0.0246 | Epoch Time: 0.66s | Spearman@80: 0.9176 | Kendall@80: 0.7622
Epoch 123/150 | Train Loss: 0.0212 | Epoch Time: 0.67s | Spearman@80: 0.9237 | Kendall@80: 0.7713
Epoch 124/150 | Train Loss: 0.0196 | Epoch Time: 0.66s | Spearman@80: 0.9231 | Kendall@80: 0.7720
Epoch 125/150 | Train Loss: 0.0231 | Epoch Time: 0.65s | Spearman@80: 0.9186 | Kendall@80: 0.7603
Epoch 126/150 | Train Loss: 0.0180 | Epoch Time: 0.66s | Spearman@80: 0.9172 | Kendall@80: 0.7642
Epoch 127/150 | Train Loss: 0.0200 | Epoch Time: 0.64s | Spearman@80: 0.9222 | Kendall@80: 0.7718
Epoch 128/150 | Train Loss: 0.0216 | Epoch Time: 0.65s | Spearman@80: 0.9218 | Kendall@80: 0.7682
Epoch 129/150 | Train Loss: 0.0196 | Epoch Time: 0.63s | Spearman@80: 0.9220 | Kendall@80: 0.7663
Epoch 130/150 | Train Loss: 0.0173 | Epoch Time: 0.65s | Spearman@80: 0.9236 | Kendall@80: 0.7727
Epoch 131/150 | Train Loss: 0.0168 | Epoch Time: 0.65s | Spearman@80: 0.9240 | Kendall@80: 0.7731
Epoch 132/150 | Train Loss: 0.0240 | Epoch Time: 0.67s | Spearman@80: 0.9209 | Kendall@80: 0.7699
Epoch 133/150 | Train Loss: 0.0195 | Epoch Time: 0.64s | Spearman@80: 0.9203 | Kendall@80: 0.7662
Epoch 134/150 | Train Loss: 0.0193 | Epoch Time: 0.66s | Spearman@80: 0.9234 | Kendall@80: 0.7720
Epoch 135/150 | Train Loss: 0.0193 | Epoch Time: 0.66s | Spearman@80: 0.9211 | Kendall@80: 0.7686
Epoch 136/150 | Train Loss: 0.0203 | Epoch Time: 0.65s | Spearman@80: 0.9203 | Kendall@80: 0.7654
Epoch 137/150 | Train Loss: 0.0213 | Epoch Time: 0.66s | Spearman@80: 0.9222 | Kendall@80: 0.7699
Epoch 138/150 | Train Loss: 0.0153 | Epoch Time: 0.65s | Spearman@80: 0.9217 | Kendall@80: 0.7690
Epoch 139/150 | Train Loss: 0.0147 | Epoch Time: 0.65s | Spearman@80: 0.9219 | Kendall@80: 0.7648
Epoch 140/150 | Train Loss: 0.0212 | Epoch Time: 0.66s | Spearman@80: 0.9225 | Kendall@80: 0.7641
Epoch 141/150 | Train Loss: 0.0146 | Epoch Time: 0.68s | Spearman@80: 0.9220 | Kendall@80: 0.7650
Epoch 142/150 | Train Loss: 0.0228 | Epoch Time: 0.66s | Spearman@80: 0.9164 | Kendall@80: 0.7584
Epoch 143/150 | Train Loss: 0.0165 | Epoch Time: 0.66s | Spearman@80: 0.9192 | Kendall@80: 0.7610
Epoch 144/150 | Train Loss: 0.0152 | Epoch Time: 0.69s | Spearman@80: 0.9196 | Kendall@80: 0.7659
Epoch 145/150 | Train Loss: 0.0194 | Epoch Time: 0.66s | Spearman@80: 0.9209 | Kendall@80: 0.7673
Epoch 146/150 | Train Loss: 0.0212 | Epoch Time: 0.66s | Spearman@80: 0.9215 | Kendall@80: 0.7673
Epoch 147/150 | Train Loss: 0.0178 | Epoch Time: 1.98s | Spearman@15496: 0.9329 | Kendall@15496: 0.7886
Epoch 148/150 | Train Loss: 0.0194 | Epoch Time: 1.91s | Spearman@15496: 0.9331 | Kendall@15496: 0.7888
Epoch 149/150 | Train Loss: 0.0193 | Epoch Time: 1.90s | Spearman@15496: 0.9325 | Kendall@15496: 0.7881
Epoch 150/150 | Train Loss: 0.0205 | Epoch Time: 1.91s | Spearman@15496: 0.9327 | Kendall@15496: 0.7885
Sample Count: 128, Spearman: 0.932789560702544, Kendall: 0.7885097456777406
{64: (0.9344320257099649, 0.7922814603182953),
 128: (0.932789560702544, 0.7885097456777406)}
Average KDT:  0.7853390787735807
Variance KDT:  0.00010218694227378531
Average SPR:  0.929186330695118
Variance SPR:  0.000108258718417892
Average KDT:  0.7958058872238952
Variance KDT:  0.00015155474396233987
Average SPR:  0.9352231652563557
Variance SPR:  4.140251217860304e-05
