Loading files for NASBench201...
Normalizing ZCP dict
try to create the NAS-Bench-201 api from /home/ya255/projects/flan_hardware/nas_embedding_suite/embedding_datasets/NAS-Bench-201-v1_1-096897.pth
Loaded files in:  103.28784084320068  seconds
Loading cache for NASBench-201 speedup!!...
Loading cache for NASBench-201 speedup!!...
Epoch 1/150 | Train Loss: 0.0961 | Epoch Time: 1.18s | Spearman@80: 0.3080 | Kendall@80: 0.2140
Epoch 2/150 | Train Loss: 0.0831 | Epoch Time: 0.15s | Spearman@80: 0.4420 | Kendall@80: 0.3086
Epoch 3/150 | Train Loss: 0.0663 | Epoch Time: 0.16s | Spearman@80: 0.8680 | Kendall@80: 0.6670
Epoch 4/150 | Train Loss: 0.0540 | Epoch Time: 0.15s | Spearman@80: 0.7336 | Kendall@80: 0.5544
Epoch 5/150 | Train Loss: 0.0517 | Epoch Time: 0.14s | Spearman@80: 0.8954 | Kendall@80: 0.7121
Epoch 6/150 | Train Loss: 0.0401 | Epoch Time: 0.13s | Spearman@80: 0.8904 | Kendall@80: 0.7214
Epoch 7/150 | Train Loss: 0.0365 | Epoch Time: 0.14s | Spearman@80: 0.8835 | Kendall@80: 0.7087
Epoch 8/150 | Train Loss: 0.0339 | Epoch Time: 0.15s | Spearman@80: 0.9253 | Kendall@80: 0.7646
Epoch 9/150 | Train Loss: 0.0360 | Epoch Time: 0.13s | Spearman@80: 0.9228 | Kendall@80: 0.7550
Epoch 10/150 | Train Loss: 0.0318 | Epoch Time: 0.15s | Spearman@80: 0.9343 | Kendall@80: 0.7849
Epoch 11/150 | Train Loss: 0.0325 | Epoch Time: 0.15s | Spearman@80: 0.9325 | Kendall@80: 0.7801
Epoch 12/150 | Train Loss: 0.0340 | Epoch Time: 0.15s | Spearman@80: 0.9450 | Kendall@80: 0.8086
Epoch 13/150 | Train Loss: 0.0332 | Epoch Time: 0.14s | Spearman@80: 0.9302 | Kendall@80: 0.7788
Epoch 14/150 | Train Loss: 0.0348 | Epoch Time: 0.15s | Spearman@80: 0.9232 | Kendall@80: 0.7671
Epoch 15/150 | Train Loss: 0.0364 | Epoch Time: 0.15s | Spearman@80: 0.9287 | Kendall@80: 0.7728
Epoch 16/150 | Train Loss: 0.0255 | Epoch Time: 0.15s | Spearman@80: 0.9448 | Kendall@80: 0.8103
Epoch 17/150 | Train Loss: 0.0346 | Epoch Time: 0.15s | Spearman@80: 0.9458 | Kendall@80: 0.8058
Epoch 18/150 | Train Loss: 0.0277 | Epoch Time: 0.15s | Spearman@80: 0.9279 | Kendall@80: 0.7652
Epoch 19/150 | Train Loss: 0.0266 | Epoch Time: 0.14s | Spearman@80: 0.9397 | Kendall@80: 0.7915
Epoch 20/150 | Train Loss: 0.0278 | Epoch Time: 0.14s | Spearman@80: 0.9435 | Kendall@80: 0.8042
Epoch 21/150 | Train Loss: 0.0293 | Epoch Time: 0.14s | Spearman@80: 0.9446 | Kendall@80: 0.8156
Epoch 22/150 | Train Loss: 0.0363 | Epoch Time: 0.15s | Spearman@80: 0.9478 | Kendall@80: 0.8205
Epoch 23/150 | Train Loss: 0.0267 | Epoch Time: 0.15s | Spearman@80: 0.9394 | Kendall@80: 0.7991
Epoch 24/150 | Train Loss: 0.0343 | Epoch Time: 0.15s | Spearman@80: 0.9375 | Kendall@80: 0.7887
Epoch 25/150 | Train Loss: 0.0330 | Epoch Time: 0.14s | Spearman@80: 0.9477 | Kendall@80: 0.8160
Epoch 26/150 | Train Loss: 0.0227 | Epoch Time: 0.11s | Spearman@80: 0.9472 | Kendall@80: 0.8154
Epoch 27/150 | Train Loss: 0.0311 | Epoch Time: 0.16s | Spearman@80: 0.9492 | Kendall@80: 0.8194
Epoch 28/150 | Train Loss: 0.0279 | Epoch Time: 0.12s | Spearman@80: 0.9467 | Kendall@80: 0.8065
Epoch 29/150 | Train Loss: 0.0224 | Epoch Time: 0.15s | Spearman@80: 0.9108 | Kendall@80: 0.7392
Epoch 30/150 | Train Loss: 0.0337 | Epoch Time: 0.15s | Spearman@80: 0.9460 | Kendall@80: 0.8078
Epoch 31/150 | Train Loss: 0.0273 | Epoch Time: 0.14s | Spearman@80: 0.9540 | Kendall@80: 0.8249
Epoch 32/150 | Train Loss: 0.0221 | Epoch Time: 0.15s | Spearman@80: 0.9506 | Kendall@80: 0.8112
Epoch 33/150 | Train Loss: 0.0225 | Epoch Time: 0.15s | Spearman@80: 0.9414 | Kendall@80: 0.7966
Epoch 34/150 | Train Loss: 0.0284 | Epoch Time: 0.15s | Spearman@80: 0.9484 | Kendall@80: 0.8141
Epoch 35/150 | Train Loss: 0.0279 | Epoch Time: 0.14s | Spearman@80: 0.9432 | Kendall@80: 0.8004
Epoch 36/150 | Train Loss: 0.0238 | Epoch Time: 0.15s | Spearman@80: 0.9268 | Kendall@80: 0.7674
Epoch 37/150 | Train Loss: 0.0405 | Epoch Time: 0.16s | Spearman@80: 0.9453 | Kendall@80: 0.8020
Epoch 38/150 | Train Loss: 0.0321 | Epoch Time: 0.15s | Spearman@80: 0.9243 | Kendall@80: 0.7582
Epoch 39/150 | Train Loss: 0.0358 | Epoch Time: 0.15s | Spearman@80: 0.9528 | Kendall@80: 0.8192
Epoch 40/150 | Train Loss: 0.0283 | Epoch Time: 0.15s | Spearman@80: 0.9369 | Kendall@80: 0.7839
Epoch 41/150 | Train Loss: 0.0214 | Epoch Time: 0.15s | Spearman@80: 0.9343 | Kendall@80: 0.7779
Epoch 42/150 | Train Loss: 0.0248 | Epoch Time: 0.14s | Spearman@80: 0.9405 | Kendall@80: 0.8023
Epoch 43/150 | Train Loss: 0.0267 | Epoch Time: 0.12s | Spearman@80: 0.9398 | Kendall@80: 0.7925
Epoch 44/150 | Train Loss: 0.0357 | Epoch Time: 0.17s | Spearman@80: 0.9445 | Kendall@80: 0.8029
Epoch 45/150 | Train Loss: 0.0324 | Epoch Time: 0.15s | Spearman@80: 0.9447 | Kendall@80: 0.8042
Epoch 46/150 | Train Loss: 0.0267 | Epoch Time: 0.15s | Spearman@80: 0.9456 | Kendall@80: 0.8173
Epoch 47/150 | Train Loss: 0.0251 | Epoch Time: 0.15s | Spearman@80: 0.9384 | Kendall@80: 0.8090
Epoch 48/150 | Train Loss: 0.0233 | Epoch Time: 0.15s | Spearman@80: 0.9364 | Kendall@80: 0.7928
Epoch 49/150 | Train Loss: 0.0271 | Epoch Time: 0.15s | Spearman@80: 0.9418 | Kendall@80: 0.8020
Epoch 50/150 | Train Loss: 0.0230 | Epoch Time: 0.13s | Spearman@80: 0.9429 | Kendall@80: 0.7998
Epoch 51/150 | Train Loss: 0.0292 | Epoch Time: 0.15s | Spearman@80: 0.9482 | Kendall@80: 0.8150
Epoch 52/150 | Train Loss: 0.0241 | Epoch Time: 0.15s | Spearman@80: 0.9437 | Kendall@80: 0.8036
Epoch 53/150 | Train Loss: 0.0219 | Epoch Time: 0.14s | Spearman@80: 0.9404 | Kendall@80: 0.8033
Epoch 54/150 | Train Loss: 0.0245 | Epoch Time: 0.17s | Spearman@80: 0.9360 | Kendall@80: 0.7921
Epoch 55/150 | Train Loss: 0.0192 | Epoch Time: 0.16s | Spearman@80: 0.9391 | Kendall@80: 0.7957
Epoch 56/150 | Train Loss: 0.0266 | Epoch Time: 0.16s | Spearman@80: 0.9405 | Kendall@80: 0.8055
Epoch 57/150 | Train Loss: 0.0300 | Epoch Time: 0.14s | Spearman@80: 0.9466 | Kendall@80: 0.8192
Epoch 58/150 | Train Loss: 0.0303 | Epoch Time: 0.12s | Spearman@80: 0.9405 | Kendall@80: 0.7953
Epoch 59/150 | Train Loss: 0.0152 | Epoch Time: 0.13s | Spearman@80: 0.9325 | Kendall@80: 0.7807
Epoch 60/150 | Train Loss: 0.0275 | Epoch Time: 0.15s | Spearman@80: 0.9444 | Kendall@80: 0.8080
Epoch 61/150 | Train Loss: 0.0238 | Epoch Time: 0.15s | Spearman@80: 0.9399 | Kendall@80: 0.8014
Epoch 62/150 | Train Loss: 0.0323 | Epoch Time: 0.15s | Spearman@80: 0.9473 | Kendall@80: 0.8175
Epoch 63/150 | Train Loss: 0.0187 | Epoch Time: 0.15s | Spearman@80: 0.9454 | Kendall@80: 0.8128
Epoch 64/150 | Train Loss: 0.0249 | Epoch Time: 0.13s | Spearman@80: 0.9427 | Kendall@80: 0.8046
Epoch 65/150 | Train Loss: 0.0215 | Epoch Time: 0.15s | Spearman@80: 0.9401 | Kendall@80: 0.8004
Epoch 66/150 | Train Loss: 0.0254 | Epoch Time: 0.15s | Spearman@80: 0.9452 | Kendall@80: 0.8065
Epoch 67/150 | Train Loss: 0.0166 | Epoch Time: 0.15s | Spearman@80: 0.9427 | Kendall@80: 0.8042
Epoch 68/150 | Train Loss: 0.0191 | Epoch Time: 0.13s | Spearman@80: 0.9458 | Kendall@80: 0.8154
Epoch 69/150 | Train Loss: 0.0213 | Epoch Time: 0.15s | Spearman@80: 0.9533 | Kendall@80: 0.8252
Epoch 70/150 | Train Loss: 0.0240 | Epoch Time: 0.15s | Spearman@80: 0.9511 | Kendall@80: 0.8315
Epoch 71/150 | Train Loss: 0.0236 | Epoch Time: 0.14s | Spearman@80: 0.9470 | Kendall@80: 0.8154
Epoch 72/150 | Train Loss: 0.0167 | Epoch Time: 0.16s | Spearman@80: 0.9470 | Kendall@80: 0.8131
Epoch 73/150 | Train Loss: 0.0200 | Epoch Time: 0.16s | Spearman@80: 0.9416 | Kendall@80: 0.8048
Epoch 74/150 | Train Loss: 0.0229 | Epoch Time: 0.15s | Spearman@80: 0.9431 | Kendall@80: 0.8125
Epoch 75/150 | Train Loss: 0.0208 | Epoch Time: 0.14s | Spearman@80: 0.9498 | Kendall@80: 0.8236
Epoch 76/150 | Train Loss: 0.0240 | Epoch Time: 0.14s | Spearman@80: 0.9481 | Kendall@80: 0.8243
Epoch 77/150 | Train Loss: 0.0231 | Epoch Time: 0.15s | Spearman@80: 0.9421 | Kendall@80: 0.8116
Epoch 78/150 | Train Loss: 0.0223 | Epoch Time: 0.15s | Spearman@80: 0.9463 | Kendall@80: 0.8116
Epoch 79/150 | Train Loss: 0.0209 | Epoch Time: 0.14s | Spearman@80: 0.9507 | Kendall@80: 0.8264
Epoch 80/150 | Train Loss: 0.0228 | Epoch Time: 0.16s | Spearman@80: 0.9495 | Kendall@80: 0.8173
Epoch 81/150 | Train Loss: 0.0164 | Epoch Time: 0.15s | Spearman@80: 0.9514 | Kendall@80: 0.8194
Epoch 82/150 | Train Loss: 0.0173 | Epoch Time: 0.14s | Spearman@80: 0.9489 | Kendall@80: 0.8194
Epoch 83/150 | Train Loss: 0.0157 | Epoch Time: 0.14s | Spearman@80: 0.9422 | Kendall@80: 0.8112
Epoch 84/150 | Train Loss: 0.0199 | Epoch Time: 0.15s | Spearman@80: 0.9483 | Kendall@80: 0.8296
Epoch 85/150 | Train Loss: 0.0232 | Epoch Time: 0.15s | Spearman@80: 0.9478 | Kendall@80: 0.8277
Epoch 86/150 | Train Loss: 0.0214 | Epoch Time: 0.13s | Spearman@80: 0.9407 | Kendall@80: 0.8141
Epoch 87/150 | Train Loss: 0.0228 | Epoch Time: 0.16s | Spearman@80: 0.9475 | Kendall@80: 0.8271
Epoch 88/150 | Train Loss: 0.0230 | Epoch Time: 0.15s | Spearman@80: 0.9444 | Kendall@80: 0.8226
Epoch 89/150 | Train Loss: 0.0180 | Epoch Time: 0.15s | Spearman@80: 0.9444 | Kendall@80: 0.8093
Epoch 90/150 | Train Loss: 0.0155 | Epoch Time: 0.14s | Spearman@80: 0.9444 | Kendall@80: 0.8141
Epoch 91/150 | Train Loss: 0.0160 | Epoch Time: 0.14s | Spearman@80: 0.9402 | Kendall@80: 0.8097
Epoch 92/150 | Train Loss: 0.0273 | Epoch Time: 0.15s | Spearman@80: 0.9460 | Kendall@80: 0.8086
Epoch 93/150 | Train Loss: 0.0231 | Epoch Time: 0.15s | Spearman@80: 0.9479 | Kendall@80: 0.8252
Epoch 94/150 | Train Loss: 0.0141 | Epoch Time: 0.14s | Spearman@80: 0.9494 | Kendall@80: 0.8274
Epoch 95/150 | Train Loss: 0.0215 | Epoch Time: 0.15s | Spearman@80: 0.9500 | Kendall@80: 0.8243
Epoch 96/150 | Train Loss: 0.0162 | Epoch Time: 0.14s | Spearman@80: 0.9477 | Kendall@80: 0.8144
Epoch 97/150 | Train Loss: 0.0191 | Epoch Time: 0.14s | Spearman@80: 0.9415 | Kendall@80: 0.8071
Epoch 98/150 | Train Loss: 0.0216 | Epoch Time: 0.14s | Spearman@80: 0.9383 | Kendall@80: 0.8010
Epoch 99/150 | Train Loss: 0.0222 | Epoch Time: 0.12s | Spearman@80: 0.9494 | Kendall@80: 0.8166
Epoch 100/150 | Train Loss: 0.0204 | Epoch Time: 0.13s | Spearman@80: 0.9481 | Kendall@80: 0.8239
Epoch 101/150 | Train Loss: 0.0214 | Epoch Time: 0.14s | Spearman@80: 0.9446 | Kendall@80: 0.8154
Epoch 102/150 | Train Loss: 0.0189 | Epoch Time: 0.12s | Spearman@80: 0.9424 | Kendall@80: 0.7985
Epoch 103/150 | Train Loss: 0.0127 | Epoch Time: 0.15s | Spearman@80: 0.9444 | Kendall@80: 0.7998
Epoch 104/150 | Train Loss: 0.0141 | Epoch Time: 0.15s | Spearman@80: 0.9447 | Kendall@80: 0.8166
Epoch 105/150 | Train Loss: 0.0207 | Epoch Time: 0.14s | Spearman@80: 0.9435 | Kendall@80: 0.8097
Epoch 106/150 | Train Loss: 0.0132 | Epoch Time: 0.15s | Spearman@80: 0.9453 | Kendall@80: 0.8090
Epoch 107/150 | Train Loss: 0.0189 | Epoch Time: 0.15s | Spearman@80: 0.9450 | Kendall@80: 0.8137
Epoch 108/150 | Train Loss: 0.0192 | Epoch Time: 0.15s | Spearman@80: 0.9501 | Kendall@80: 0.8243
Epoch 109/150 | Train Loss: 0.0144 | Epoch Time: 0.14s | Spearman@80: 0.9507 | Kendall@80: 0.8255
Epoch 110/150 | Train Loss: 0.0105 | Epoch Time: 0.15s | Spearman@80: 0.9476 | Kendall@80: 0.8201
Epoch 111/150 | Train Loss: 0.0124 | Epoch Time: 0.15s | Spearman@80: 0.9479 | Kendall@80: 0.8207
Epoch 112/150 | Train Loss: 0.0156 | Epoch Time: 0.15s | Spearman@80: 0.9463 | Kendall@80: 0.8163
Epoch 113/150 | Train Loss: 0.0173 | Epoch Time: 0.14s | Spearman@80: 0.9443 | Kendall@80: 0.8090
Epoch 114/150 | Train Loss: 0.0141 | Epoch Time: 0.16s | Spearman@80: 0.9455 | Kendall@80: 0.8137
Epoch 115/150 | Train Loss: 0.0120 | Epoch Time: 0.15s | Spearman@80: 0.9447 | Kendall@80: 0.8128
Epoch 116/150 | Train Loss: 0.0166 | Epoch Time: 0.14s | Spearman@80: 0.9452 | Kendall@80: 0.8122
Epoch 117/150 | Train Loss: 0.0129 | Epoch Time: 0.16s | Spearman@80: 0.9480 | Kendall@80: 0.8160
Epoch 118/150 | Train Loss: 0.0132 | Epoch Time: 0.14s | Spearman@80: 0.9447 | Kendall@80: 0.8131
Epoch 119/150 | Train Loss: 0.0150 | Epoch Time: 0.15s | Spearman@80: 0.9454 | Kendall@80: 0.8125
Epoch 120/150 | Train Loss: 0.0149 | Epoch Time: 0.15s | Spearman@80: 0.9457 | Kendall@80: 0.8150
Epoch 121/150 | Train Loss: 0.0208 | Epoch Time: 0.15s | Spearman@80: 0.9466 | Kendall@80: 0.8169
Epoch 122/150 | Train Loss: 0.0121 | Epoch Time: 0.15s | Spearman@80: 0.9452 | Kendall@80: 0.8135
Epoch 123/150 | Train Loss: 0.0142 | Epoch Time: 0.14s | Spearman@80: 0.9449 | Kendall@80: 0.8125
Epoch 124/150 | Train Loss: 0.0176 | Epoch Time: 0.15s | Spearman@80: 0.9444 | Kendall@80: 0.8125
Epoch 125/150 | Train Loss: 0.0149 | Epoch Time: 0.15s | Spearman@80: 0.9446 | Kendall@80: 0.8147
Epoch 126/150 | Train Loss: 0.0125 | Epoch Time: 0.15s | Spearman@80: 0.9450 | Kendall@80: 0.8144
Epoch 127/150 | Train Loss: 0.0099 | Epoch Time: 0.14s | Spearman@80: 0.9453 | Kendall@80: 0.8160
Epoch 128/150 | Train Loss: 0.0133 | Epoch Time: 0.15s | Spearman@80: 0.9455 | Kendall@80: 0.8160
Epoch 129/150 | Train Loss: 0.0127 | Epoch Time: 0.15s | Spearman@80: 0.9458 | Kendall@80: 0.8128
Epoch 130/150 | Train Loss: 0.0102 | Epoch Time: 0.15s | Spearman@80: 0.9455 | Kendall@80: 0.8131
Epoch 131/150 | Train Loss: 0.0147 | Epoch Time: 0.15s | Spearman@80: 0.9457 | Kendall@80: 0.8150
Epoch 132/150 | Train Loss: 0.0133 | Epoch Time: 0.15s | Spearman@80: 0.9455 | Kendall@80: 0.8154
Epoch 133/150 | Train Loss: 0.0141 | Epoch Time: 0.16s | Spearman@80: 0.9458 | Kendall@80: 0.8137
Epoch 134/150 | Train Loss: 0.0122 | Epoch Time: 0.15s | Spearman@80: 0.9449 | Kendall@80: 0.8125
Epoch 135/150 | Train Loss: 0.0159 | Epoch Time: 0.15s | Spearman@80: 0.9447 | Kendall@80: 0.8112
Epoch 136/150 | Train Loss: 0.0159 | Epoch Time: 0.16s | Spearman@80: 0.9453 | Kendall@80: 0.8118
Epoch 137/150 | Train Loss: 0.0169 | Epoch Time: 0.15s | Spearman@80: 0.9454 | Kendall@80: 0.8144
Epoch 138/150 | Train Loss: 0.0118 | Epoch Time: 0.17s | Spearman@80: 0.9450 | Kendall@80: 0.8131
Epoch 139/150 | Train Loss: 0.0164 | Epoch Time: 0.14s | Spearman@80: 0.9462 | Kendall@80: 0.8169
Epoch 140/150 | Train Loss: 0.0161 | Epoch Time: 0.14s | Spearman@80: 0.9462 | Kendall@80: 0.8160
Epoch 141/150 | Train Loss: 0.0131 | Epoch Time: 0.14s | Spearman@80: 0.9453 | Kendall@80: 0.8144
Epoch 142/150 | Train Loss: 0.0152 | Epoch Time: 0.15s | Spearman@80: 0.9452 | Kendall@80: 0.8147
Epoch 143/150 | Train Loss: 0.0174 | Epoch Time: 0.14s | Spearman@80: 0.9450 | Kendall@80: 0.8125
Epoch 144/150 | Train Loss: 0.0155 | Epoch Time: 0.16s | Spearman@80: 0.9454 | Kendall@80: 0.8125
Epoch 145/150 | Train Loss: 0.0172 | Epoch Time: 0.15s | Spearman@80: 0.9460 | Kendall@80: 0.8156
Epoch 146/150 | Train Loss: 0.0155 | Epoch Time: 0.15s | Spearman@80: 0.9461 | Kendall@80: 0.8160
Epoch 147/150 | Train Loss: 0.0143 | Epoch Time: 0.96s | Spearman@15560: 0.9267 | Kendall@15560: 0.7747
Epoch 148/150 | Train Loss: 0.0125 | Epoch Time: 0.93s | Spearman@15560: 0.9268 | Kendall@15560: 0.7754
Epoch 149/150 | Train Loss: 0.0154 | Epoch Time: 0.93s | Spearman@15560: 0.9262 | Kendall@15560: 0.7735
Epoch 150/150 | Train Loss: 0.0124 | Epoch Time: 0.92s | Spearman@15560: 0.9260 | Kendall@15560: 0.7735
Sample Count: 64, Spearman: 0.9264371934105393, Kendall: 0.7742694671258176
{64: (0.9264371934105393, 0.7742694671258176)}
Epoch 1/150 | Train Loss: 0.0905 | Epoch Time: 0.30s | Spearman@80: 0.6455 | Kendall@80: 0.4738
Epoch 2/150 | Train Loss: 0.0596 | Epoch Time: 0.31s | Spearman@80: 0.9252 | Kendall@80: 0.7694
Epoch 3/150 | Train Loss: 0.0472 | Epoch Time: 0.30s | Spearman@80: 0.8956 | Kendall@80: 0.7295
Epoch 4/150 | Train Loss: 0.0400 | Epoch Time: 0.30s | Spearman@80: 0.9072 | Kendall@80: 0.7422
Epoch 5/150 | Train Loss: 0.0314 | Epoch Time: 0.31s | Spearman@80: 0.8892 | Kendall@80: 0.7060
Epoch 6/150 | Train Loss: 0.0363 | Epoch Time: 0.30s | Spearman@80: 0.9201 | Kendall@80: 0.7631
Epoch 7/150 | Train Loss: 0.0399 | Epoch Time: 0.31s | Spearman@80: 0.9111 | Kendall@80: 0.7586
Epoch 8/150 | Train Loss: 0.0372 | Epoch Time: 0.30s | Spearman@80: 0.9283 | Kendall@80: 0.7802
Epoch 9/150 | Train Loss: 0.0363 | Epoch Time: 0.30s | Spearman@80: 0.9330 | Kendall@80: 0.7845
Epoch 10/150 | Train Loss: 0.0314 | Epoch Time: 0.32s | Spearman@80: 0.9287 | Kendall@80: 0.7739
Epoch 11/150 | Train Loss: 0.0337 | Epoch Time: 0.30s | Spearman@80: 0.9188 | Kendall@80: 0.7618
Epoch 12/150 | Train Loss: 0.0384 | Epoch Time: 0.31s | Spearman@80: 0.9358 | Kendall@80: 0.7864
Epoch 13/150 | Train Loss: 0.0347 | Epoch Time: 0.31s | Spearman@80: 0.9030 | Kendall@80: 0.7498
Epoch 14/150 | Train Loss: 0.0293 | Epoch Time: 0.30s | Spearman@80: 0.9256 | Kendall@80: 0.7826
Epoch 15/150 | Train Loss: 0.0339 | Epoch Time: 0.31s | Spearman@80: 0.9209 | Kendall@80: 0.7758
Epoch 16/150 | Train Loss: 0.0271 | Epoch Time: 0.30s | Spearman@80: 0.9200 | Kendall@80: 0.7713
Epoch 17/150 | Train Loss: 0.0357 | Epoch Time: 0.30s | Spearman@80: 0.8805 | Kendall@80: 0.6969
Epoch 18/150 | Train Loss: 0.0342 | Epoch Time: 0.30s | Spearman@80: 0.9094 | Kendall@80: 0.7439
Epoch 19/150 | Train Loss: 0.0346 | Epoch Time: 0.31s | Spearman@80: 0.9209 | Kendall@80: 0.7694
Epoch 20/150 | Train Loss: 0.0303 | Epoch Time: 0.31s | Spearman@80: 0.9240 | Kendall@80: 0.7635
Epoch 21/150 | Train Loss: 0.0329 | Epoch Time: 0.30s | Spearman@80: 0.9271 | Kendall@80: 0.7802
Epoch 22/150 | Train Loss: 0.0356 | Epoch Time: 0.30s | Spearman@80: 0.9276 | Kendall@80: 0.7794
Epoch 23/150 | Train Loss: 0.0297 | Epoch Time: 0.30s | Spearman@80: 0.9219 | Kendall@80: 0.7694
Epoch 24/150 | Train Loss: 0.0362 | Epoch Time: 0.30s | Spearman@80: 0.9123 | Kendall@80: 0.7616
Epoch 25/150 | Train Loss: 0.0321 | Epoch Time: 0.31s | Spearman@80: 0.9098 | Kendall@80: 0.7536
Epoch 26/150 | Train Loss: 0.0324 | Epoch Time: 0.31s | Spearman@80: 0.9218 | Kendall@80: 0.7777
Epoch 27/150 | Train Loss: 0.0306 | Epoch Time: 0.31s | Spearman@80: 0.9153 | Kendall@80: 0.7682
Epoch 28/150 | Train Loss: 0.0392 | Epoch Time: 0.30s | Spearman@80: 0.9176 | Kendall@80: 0.7680
Epoch 29/150 | Train Loss: 0.0320 | Epoch Time: 0.31s | Spearman@80: 0.8997 | Kendall@80: 0.7420
Epoch 30/150 | Train Loss: 0.0306 | Epoch Time: 0.30s | Spearman@80: 0.9217 | Kendall@80: 0.7711
Epoch 31/150 | Train Loss: 0.0362 | Epoch Time: 0.31s | Spearman@80: 0.8913 | Kendall@80: 0.7161
Epoch 32/150 | Train Loss: 0.0346 | Epoch Time: 0.30s | Spearman@80: 0.9266 | Kendall@80: 0.7845
Epoch 33/150 | Train Loss: 0.0346 | Epoch Time: 0.31s | Spearman@80: 0.9271 | Kendall@80: 0.7821
Epoch 34/150 | Train Loss: 0.0311 | Epoch Time: 0.31s | Spearman@80: 0.9250 | Kendall@80: 0.7827
Epoch 35/150 | Train Loss: 0.0334 | Epoch Time: 0.30s | Spearman@80: 0.9266 | Kendall@80: 0.7711
Epoch 36/150 | Train Loss: 0.0308 | Epoch Time: 0.30s | Spearman@80: 0.9282 | Kendall@80: 0.7794
Epoch 37/150 | Train Loss: 0.0313 | Epoch Time: 0.30s | Spearman@80: 0.9169 | Kendall@80: 0.7724
Epoch 38/150 | Train Loss: 0.0326 | Epoch Time: 0.31s | Spearman@80: 0.8939 | Kendall@80: 0.7407
Epoch 39/150 | Train Loss: 0.0279 | Epoch Time: 0.30s | Spearman@80: 0.9019 | Kendall@80: 0.7489
Epoch 40/150 | Train Loss: 0.0280 | Epoch Time: 0.31s | Spearman@80: 0.9361 | Kendall@80: 0.8010
Epoch 41/150 | Train Loss: 0.0355 | Epoch Time: 0.30s | Spearman@80: 0.9096 | Kendall@80: 0.7517
Epoch 42/150 | Train Loss: 0.0286 | Epoch Time: 0.31s | Spearman@80: 0.9260 | Kendall@80: 0.7885
Epoch 43/150 | Train Loss: 0.0317 | Epoch Time: 0.31s | Spearman@80: 0.9171 | Kendall@80: 0.7642
Epoch 44/150 | Train Loss: 0.0312 | Epoch Time: 0.30s | Spearman@80: 0.9314 | Kendall@80: 0.7883
Epoch 45/150 | Train Loss: 0.0349 | Epoch Time: 0.30s | Spearman@80: 0.9310 | Kendall@80: 0.7940
Epoch 46/150 | Train Loss: 0.0222 | Epoch Time: 0.30s | Spearman@80: 0.9075 | Kendall@80: 0.7540
Epoch 47/150 | Train Loss: 0.0340 | Epoch Time: 0.28s | Spearman@80: 0.9218 | Kendall@80: 0.7808
Epoch 48/150 | Train Loss: 0.0305 | Epoch Time: 0.32s | Spearman@80: 0.9129 | Kendall@80: 0.7584
Epoch 49/150 | Train Loss: 0.0307 | Epoch Time: 0.30s | Spearman@80: 0.9275 | Kendall@80: 0.7878
Epoch 50/150 | Train Loss: 0.0305 | Epoch Time: 0.26s | Spearman@80: 0.9176 | Kendall@80: 0.7701
Epoch 51/150 | Train Loss: 0.0311 | Epoch Time: 0.28s | Spearman@80: 0.9311 | Kendall@80: 0.7959
Epoch 52/150 | Train Loss: 0.0310 | Epoch Time: 0.31s | Spearman@80: 0.9087 | Kendall@80: 0.7559
Epoch 53/150 | Train Loss: 0.0331 | Epoch Time: 0.31s | Spearman@80: 0.9111 | Kendall@80: 0.7637
Epoch 54/150 | Train Loss: 0.0308 | Epoch Time: 0.31s | Spearman@80: 0.9213 | Kendall@80: 0.7808
Epoch 55/150 | Train Loss: 0.0298 | Epoch Time: 0.30s | Spearman@80: 0.9224 | Kendall@80: 0.7762
Epoch 56/150 | Train Loss: 0.0232 | Epoch Time: 0.31s | Spearman@80: 0.9170 | Kendall@80: 0.7758
Epoch 57/150 | Train Loss: 0.0268 | Epoch Time: 0.31s | Spearman@80: 0.9148 | Kendall@80: 0.7737
Epoch 58/150 | Train Loss: 0.0238 | Epoch Time: 0.30s | Spearman@80: 0.9168 | Kendall@80: 0.7699
Epoch 59/150 | Train Loss: 0.0322 | Epoch Time: 0.31s | Spearman@80: 0.9227 | Kendall@80: 0.7770
Epoch 60/150 | Train Loss: 0.0286 | Epoch Time: 0.31s | Spearman@80: 0.9074 | Kendall@80: 0.7635
Epoch 61/150 | Train Loss: 0.0309 | Epoch Time: 0.31s | Spearman@80: 0.9084 | Kendall@80: 0.7565
Epoch 62/150 | Train Loss: 0.0344 | Epoch Time: 0.32s | Spearman@80: 0.9087 | Kendall@80: 0.7584
Epoch 63/150 | Train Loss: 0.0257 | Epoch Time: 0.30s | Spearman@80: 0.8987 | Kendall@80: 0.7479
Epoch 64/150 | Train Loss: 0.0296 | Epoch Time: 0.31s | Spearman@80: 0.9329 | Kendall@80: 0.7961
Epoch 65/150 | Train Loss: 0.0293 | Epoch Time: 0.30s | Spearman@80: 0.9290 | Kendall@80: 0.7908
Epoch 66/150 | Train Loss: 0.0268 | Epoch Time: 0.31s | Spearman@80: 0.9386 | Kendall@80: 0.8024
Epoch 67/150 | Train Loss: 0.0288 | Epoch Time: 0.31s | Spearman@80: 0.9338 | Kendall@80: 0.7959
Epoch 68/150 | Train Loss: 0.0331 | Epoch Time: 0.31s | Spearman@80: 0.9128 | Kendall@80: 0.7593
Epoch 69/150 | Train Loss: 0.0266 | Epoch Time: 0.30s | Spearman@80: 0.9072 | Kendall@80: 0.7625
Epoch 70/150 | Train Loss: 0.0220 | Epoch Time: 0.30s | Spearman@80: 0.9330 | Kendall@80: 0.7961
Epoch 71/150 | Train Loss: 0.0252 | Epoch Time: 0.31s | Spearman@80: 0.9057 | Kendall@80: 0.7580
Epoch 72/150 | Train Loss: 0.0279 | Epoch Time: 0.31s | Spearman@80: 0.9321 | Kendall@80: 0.7904
Epoch 73/150 | Train Loss: 0.0294 | Epoch Time: 0.31s | Spearman@80: 0.9298 | Kendall@80: 0.7851
Epoch 74/150 | Train Loss: 0.0238 | Epoch Time: 0.31s | Spearman@80: 0.8923 | Kendall@80: 0.7288
Epoch 75/150 | Train Loss: 0.0284 | Epoch Time: 0.31s | Spearman@80: 0.9244 | Kendall@80: 0.7777
Epoch 76/150 | Train Loss: 0.0277 | Epoch Time: 0.31s | Spearman@80: 0.9147 | Kendall@80: 0.7680
Epoch 77/150 | Train Loss: 0.0292 | Epoch Time: 0.31s | Spearman@80: 0.9022 | Kendall@80: 0.7445
Epoch 78/150 | Train Loss: 0.0245 | Epoch Time: 0.30s | Spearman@80: 0.9149 | Kendall@80: 0.7707
Epoch 79/150 | Train Loss: 0.0206 | Epoch Time: 0.31s | Spearman@80: 0.9206 | Kendall@80: 0.7775
Epoch 80/150 | Train Loss: 0.0335 | Epoch Time: 0.31s | Spearman@80: 0.8880 | Kendall@80: 0.7206
Epoch 81/150 | Train Loss: 0.0311 | Epoch Time: 0.31s | Spearman@80: 0.9188 | Kendall@80: 0.7707
Epoch 82/150 | Train Loss: 0.0243 | Epoch Time: 0.30s | Spearman@80: 0.9251 | Kendall@80: 0.7821
Epoch 83/150 | Train Loss: 0.0242 | Epoch Time: 0.31s | Spearman@80: 0.9168 | Kendall@80: 0.7673
Epoch 84/150 | Train Loss: 0.0268 | Epoch Time: 0.29s | Spearman@80: 0.9164 | Kendall@80: 0.7675
Epoch 85/150 | Train Loss: 0.0274 | Epoch Time: 0.31s | Spearman@80: 0.9127 | Kendall@80: 0.7775
Epoch 86/150 | Train Loss: 0.0281 | Epoch Time: 0.32s | Spearman@80: 0.9002 | Kendall@80: 0.7483
Epoch 87/150 | Train Loss: 0.0308 | Epoch Time: 0.31s | Spearman@80: 0.9239 | Kendall@80: 0.7819
Epoch 88/150 | Train Loss: 0.0252 | Epoch Time: 0.31s | Spearman@80: 0.9125 | Kendall@80: 0.7648
Epoch 89/150 | Train Loss: 0.0261 | Epoch Time: 0.31s | Spearman@80: 0.9025 | Kendall@80: 0.7498
Epoch 90/150 | Train Loss: 0.0273 | Epoch Time: 0.32s | Spearman@80: 0.9060 | Kendall@80: 0.7631
Epoch 91/150 | Train Loss: 0.0239 | Epoch Time: 0.29s | Spearman@80: 0.9146 | Kendall@80: 0.7635
Epoch 92/150 | Train Loss: 0.0265 | Epoch Time: 0.27s | Spearman@80: 0.9070 | Kendall@80: 0.7629
Epoch 93/150 | Train Loss: 0.0257 | Epoch Time: 0.30s | Spearman@80: 0.9109 | Kendall@80: 0.7682
Epoch 94/150 | Train Loss: 0.0238 | Epoch Time: 0.32s | Spearman@80: 0.9110 | Kendall@80: 0.7680
Epoch 95/150 | Train Loss: 0.0249 | Epoch Time: 0.31s | Spearman@80: 0.9029 | Kendall@80: 0.7604
Epoch 96/150 | Train Loss: 0.0287 | Epoch Time: 0.31s | Spearman@80: 0.9162 | Kendall@80: 0.7680
Epoch 97/150 | Train Loss: 0.0251 | Epoch Time: 0.31s | Spearman@80: 0.9174 | Kendall@80: 0.7730
Epoch 98/150 | Train Loss: 0.0274 | Epoch Time: 0.31s | Spearman@80: 0.9117 | Kendall@80: 0.7675
Epoch 99/150 | Train Loss: 0.0261 | Epoch Time: 0.30s | Spearman@80: 0.9115 | Kendall@80: 0.7686
Epoch 100/150 | Train Loss: 0.0260 | Epoch Time: 0.31s | Spearman@80: 0.9171 | Kendall@80: 0.7775
Epoch 101/150 | Train Loss: 0.0210 | Epoch Time: 0.31s | Spearman@80: 0.9049 | Kendall@80: 0.7584
Epoch 102/150 | Train Loss: 0.0251 | Epoch Time: 0.32s | Spearman@80: 0.9140 | Kendall@80: 0.7730
Epoch 103/150 | Train Loss: 0.0279 | Epoch Time: 0.26s | Spearman@80: 0.9000 | Kendall@80: 0.7565
Epoch 104/150 | Train Loss: 0.0214 | Epoch Time: 0.32s | Spearman@80: 0.9078 | Kendall@80: 0.7625
Epoch 105/150 | Train Loss: 0.0209 | Epoch Time: 0.33s | Spearman@80: 0.9047 | Kendall@80: 0.7648
Epoch 106/150 | Train Loss: 0.0259 | Epoch Time: 0.32s | Spearman@80: 0.9043 | Kendall@80: 0.7616
Epoch 107/150 | Train Loss: 0.0218 | Epoch Time: 0.30s | Spearman@80: 0.9059 | Kendall@80: 0.7654
Epoch 108/150 | Train Loss: 0.0263 | Epoch Time: 0.33s | Spearman@80: 0.9088 | Kendall@80: 0.7654
Epoch 109/150 | Train Loss: 0.0278 | Epoch Time: 0.28s | Spearman@80: 0.9038 | Kendall@80: 0.7586
Epoch 110/150 | Train Loss: 0.0260 | Epoch Time: 0.30s | Spearman@80: 0.9070 | Kendall@80: 0.7642
Epoch 111/150 | Train Loss: 0.0211 | Epoch Time: 0.28s | Spearman@80: 0.9048 | Kendall@80: 0.7648
Epoch 112/150 | Train Loss: 0.0224 | Epoch Time: 0.31s | Spearman@80: 0.9044 | Kendall@80: 0.7597
Epoch 113/150 | Train Loss: 0.0198 | Epoch Time: 0.33s | Spearman@80: 0.9017 | Kendall@80: 0.7508
Epoch 114/150 | Train Loss: 0.0254 | Epoch Time: 0.30s | Spearman@80: 0.9100 | Kendall@80: 0.7648
Epoch 115/150 | Train Loss: 0.0245 | Epoch Time: 0.27s | Spearman@80: 0.9035 | Kendall@80: 0.7605
Epoch 116/150 | Train Loss: 0.0230 | Epoch Time: 0.31s | Spearman@80: 0.9057 | Kendall@80: 0.7644
Epoch 117/150 | Train Loss: 0.0205 | Epoch Time: 0.29s | Spearman@80: 0.9092 | Kendall@80: 0.7686
Epoch 118/150 | Train Loss: 0.0229 | Epoch Time: 0.32s | Spearman@80: 0.9014 | Kendall@80: 0.7578
Epoch 119/150 | Train Loss: 0.0208 | Epoch Time: 0.24s | Spearman@80: 0.9097 | Kendall@80: 0.7680
Epoch 120/150 | Train Loss: 0.0259 | Epoch Time: 0.31s | Spearman@80: 0.9075 | Kendall@80: 0.7642
Epoch 121/150 | Train Loss: 0.0227 | Epoch Time: 0.31s | Spearman@80: 0.9038 | Kendall@80: 0.7584
Epoch 122/150 | Train Loss: 0.0249 | Epoch Time: 0.32s | Spearman@80: 0.9078 | Kendall@80: 0.7654
Epoch 123/150 | Train Loss: 0.0240 | Epoch Time: 0.31s | Spearman@80: 0.9048 | Kendall@80: 0.7616
Epoch 124/150 | Train Loss: 0.0213 | Epoch Time: 0.31s | Spearman@80: 0.9063 | Kendall@80: 0.7642
Epoch 125/150 | Train Loss: 0.0245 | Epoch Time: 0.31s | Spearman@80: 0.9024 | Kendall@80: 0.7605
Epoch 126/150 | Train Loss: 0.0207 | Epoch Time: 0.30s | Spearman@80: 0.9039 | Kendall@80: 0.7612
Epoch 127/150 | Train Loss: 0.0222 | Epoch Time: 0.31s | Spearman@80: 0.9001 | Kendall@80: 0.7565
Epoch 128/150 | Train Loss: 0.0221 | Epoch Time: 0.30s | Spearman@80: 0.9056 | Kendall@80: 0.7629
Epoch 129/150 | Train Loss: 0.0252 | Epoch Time: 0.31s | Spearman@80: 0.9092 | Kendall@80: 0.7680
Epoch 130/150 | Train Loss: 0.0217 | Epoch Time: 0.30s | Spearman@80: 0.9037 | Kendall@80: 0.7616
Epoch 131/150 | Train Loss: 0.0186 | Epoch Time: 0.31s | Spearman@80: 0.9042 | Kendall@80: 0.7612
Epoch 132/150 | Train Loss: 0.0224 | Epoch Time: 0.31s | Spearman@80: 0.8990 | Kendall@80: 0.7565
Epoch 133/150 | Train Loss: 0.0278 | Epoch Time: 0.31s | Spearman@80: 0.9049 | Kendall@80: 0.7656
Epoch 134/150 | Train Loss: 0.0264 | Epoch Time: 0.30s | Spearman@80: 0.9071 | Kendall@80: 0.7661
Epoch 135/150 | Train Loss: 0.0190 | Epoch Time: 0.31s | Spearman@80: 0.9052 | Kendall@80: 0.7673
Epoch 136/150 | Train Loss: 0.0247 | Epoch Time: 0.30s | Spearman@80: 0.9049 | Kendall@80: 0.7631
Epoch 137/150 | Train Loss: 0.0250 | Epoch Time: 0.31s | Spearman@80: 0.9030 | Kendall@80: 0.7637
Epoch 138/150 | Train Loss: 0.0234 | Epoch Time: 0.31s | Spearman@80: 0.8986 | Kendall@80: 0.7565
Epoch 139/150 | Train Loss: 0.0220 | Epoch Time: 0.30s | Spearman@80: 0.9008 | Kendall@80: 0.7597
Epoch 140/150 | Train Loss: 0.0219 | Epoch Time: 0.31s | Spearman@80: 0.8989 | Kendall@80: 0.7586
Epoch 141/150 | Train Loss: 0.0228 | Epoch Time: 0.31s | Spearman@80: 0.8952 | Kendall@80: 0.7553
Epoch 142/150 | Train Loss: 0.0255 | Epoch Time: 0.30s | Spearman@80: 0.9029 | Kendall@80: 0.7623
Epoch 143/150 | Train Loss: 0.0208 | Epoch Time: 0.31s | Spearman@80: 0.9007 | Kendall@80: 0.7610
Epoch 144/150 | Train Loss: 0.0214 | Epoch Time: 0.31s | Spearman@80: 0.9033 | Kendall@80: 0.7597
Epoch 145/150 | Train Loss: 0.0179 | Epoch Time: 0.31s | Spearman@80: 0.8999 | Kendall@80: 0.7584
Epoch 146/150 | Train Loss: 0.0296 | Epoch Time: 0.30s | Spearman@80: 0.9019 | Kendall@80: 0.7610
Epoch 147/150 | Train Loss: 0.0214 | Epoch Time: 1.14s | Spearman@15496: 0.9113 | Kendall@15496: 0.7608
Epoch 148/150 | Train Loss: 0.0227 | Epoch Time: 1.12s | Spearman@15496: 0.9097 | Kendall@15496: 0.7589
Epoch 149/150 | Train Loss: 0.0194 | Epoch Time: 1.10s | Spearman@15496: 0.9125 | Kendall@15496: 0.7624
Epoch 150/150 | Train Loss: 0.0191 | Epoch Time: 1.11s | Spearman@15496: 0.9122 | Kendall@15496: 0.7620
Sample Count: 128, Spearman: 0.9114492646672318, Kendall: 0.7610343815596494
{64: (0.9264371934105393, 0.7742694671258176),
 128: (0.9114492646672318, 0.7610343815596494)}
Epoch 1/150 | Train Loss: 0.0947 | Epoch Time: 0.15s | Spearman@80: 0.4205 | Kendall@80: 0.2900
Epoch 2/150 | Train Loss: 0.0708 | Epoch Time: 0.15s | Spearman@80: 0.5434 | Kendall@80: 0.3900
Epoch 3/150 | Train Loss: 0.0573 | Epoch Time: 0.15s | Spearman@80: 0.8049 | Kendall@80: 0.6223
Epoch 4/150 | Train Loss: 0.0566 | Epoch Time: 0.15s | Spearman@80: 0.8131 | Kendall@80: 0.6312
Epoch 5/150 | Train Loss: 0.0400 | Epoch Time: 0.15s | Spearman@80: 0.8209 | Kendall@80: 0.6430
Epoch 6/150 | Train Loss: 0.0372 | Epoch Time: 0.15s | Spearman@80: 0.8134 | Kendall@80: 0.6242
Epoch 7/150 | Train Loss: 0.0304 | Epoch Time: 0.15s | Spearman@80: 0.8316 | Kendall@80: 0.6527
Epoch 8/150 | Train Loss: 0.0370 | Epoch Time: 0.16s | Spearman@80: 0.8365 | Kendall@80: 0.6593
Epoch 9/150 | Train Loss: 0.0266 | Epoch Time: 0.15s | Spearman@80: 0.8386 | Kendall@80: 0.6624
Epoch 10/150 | Train Loss: 0.0231 | Epoch Time: 0.15s | Spearman@80: 0.8656 | Kendall@80: 0.7036
Epoch 11/150 | Train Loss: 0.0336 | Epoch Time: 0.15s | Spearman@80: 0.8812 | Kendall@80: 0.7201
Epoch 12/150 | Train Loss: 0.0270 | Epoch Time: 0.14s | Spearman@80: 0.8605 | Kendall@80: 0.6855
Epoch 13/150 | Train Loss: 0.0275 | Epoch Time: 0.15s | Spearman@80: 0.8720 | Kendall@80: 0.7112
Epoch 14/150 | Train Loss: 0.0266 | Epoch Time: 0.15s | Spearman@80: 0.8406 | Kendall@80: 0.6707
Epoch 15/150 | Train Loss: 0.0247 | Epoch Time: 0.15s | Spearman@80: 0.8651 | Kendall@80: 0.7079
Epoch 16/150 | Train Loss: 0.0249 | Epoch Time: 0.15s | Spearman@80: 0.8829 | Kendall@80: 0.7313
Epoch 17/150 | Train Loss: 0.0261 | Epoch Time: 0.15s | Spearman@80: 0.8443 | Kendall@80: 0.6713
Epoch 18/150 | Train Loss: 0.0253 | Epoch Time: 0.15s | Spearman@80: 0.8623 | Kendall@80: 0.7034
Epoch 19/150 | Train Loss: 0.0267 | Epoch Time: 0.15s | Spearman@80: 0.8307 | Kendall@80: 0.6690
Epoch 20/150 | Train Loss: 0.0338 | Epoch Time: 0.15s | Spearman@80: 0.8742 | Kendall@80: 0.7212
Epoch 21/150 | Train Loss: 0.0274 | Epoch Time: 0.15s | Spearman@80: 0.8636 | Kendall@80: 0.7005
Epoch 22/150 | Train Loss: 0.0284 | Epoch Time: 0.15s | Spearman@80: 0.8636 | Kendall@80: 0.7110
Epoch 23/150 | Train Loss: 0.0242 | Epoch Time: 0.12s | Spearman@80: 0.8625 | Kendall@80: 0.7074
Epoch 24/150 | Train Loss: 0.0203 | Epoch Time: 0.14s | Spearman@80: 0.8791 | Kendall@80: 0.7265
Epoch 25/150 | Train Loss: 0.0176 | Epoch Time: 0.16s | Spearman@80: 0.8839 | Kendall@80: 0.7309
Epoch 26/150 | Train Loss: 0.0229 | Epoch Time: 0.15s | Spearman@80: 0.8788 | Kendall@80: 0.7269
Epoch 27/150 | Train Loss: 0.0226 | Epoch Time: 0.15s | Spearman@80: 0.8456 | Kendall@80: 0.6808
Epoch 28/150 | Train Loss: 0.0234 | Epoch Time: 0.15s | Spearman@80: 0.8604 | Kendall@80: 0.6941
Epoch 29/150 | Train Loss: 0.0235 | Epoch Time: 0.15s | Spearman@80: 0.8775 | Kendall@80: 0.7296
Epoch 30/150 | Train Loss: 0.0271 | Epoch Time: 0.15s | Spearman@80: 0.8602 | Kendall@80: 0.7053
Epoch 31/150 | Train Loss: 0.0271 | Epoch Time: 0.15s | Spearman@80: 0.8600 | Kendall@80: 0.7045
Epoch 32/150 | Train Loss: 0.0220 | Epoch Time: 0.15s | Spearman@80: 0.8614 | Kendall@80: 0.7113
Epoch 33/150 | Train Loss: 0.0269 | Epoch Time: 0.15s | Spearman@80: 0.8526 | Kendall@80: 0.7017
Epoch 34/150 | Train Loss: 0.0195 | Epoch Time: 0.15s | Spearman@80: 0.8717 | Kendall@80: 0.7220
Epoch 35/150 | Train Loss: 0.0193 | Epoch Time: 0.15s | Spearman@80: 0.8731 | Kendall@80: 0.7290
Epoch 36/150 | Train Loss: 0.0200 | Epoch Time: 0.15s | Spearman@80: 0.8597 | Kendall@80: 0.6916
Epoch 37/150 | Train Loss: 0.0202 | Epoch Time: 0.15s | Spearman@80: 0.8563 | Kendall@80: 0.6770
Epoch 38/150 | Train Loss: 0.0265 | Epoch Time: 0.15s | Spearman@80: 0.8761 | Kendall@80: 0.7288
Epoch 39/150 | Train Loss: 0.0273 | Epoch Time: 0.15s | Spearman@80: 0.8790 | Kendall@80: 0.7170
Epoch 40/150 | Train Loss: 0.0221 | Epoch Time: 0.15s | Spearman@80: 0.8673 | Kendall@80: 0.7163
Epoch 41/150 | Train Loss: 0.0179 | Epoch Time: 0.15s | Spearman@80: 0.8675 | Kendall@80: 0.7085
Epoch 42/150 | Train Loss: 0.0123 | Epoch Time: 0.15s | Spearman@80: 0.8822 | Kendall@80: 0.7370
Epoch 43/150 | Train Loss: 0.0209 | Epoch Time: 0.15s | Spearman@80: 0.8778 | Kendall@80: 0.7226
Epoch 44/150 | Train Loss: 0.0178 | Epoch Time: 0.15s | Spearman@80: 0.8814 | Kendall@80: 0.7313
Epoch 45/150 | Train Loss: 0.0196 | Epoch Time: 0.15s | Spearman@80: 0.8797 | Kendall@80: 0.7214
Epoch 46/150 | Train Loss: 0.0180 | Epoch Time: 0.15s | Spearman@80: 0.8786 | Kendall@80: 0.7138
Epoch 47/150 | Train Loss: 0.0169 | Epoch Time: 0.16s | Spearman@80: 0.8906 | Kendall@80: 0.7461
Epoch 48/150 | Train Loss: 0.0215 | Epoch Time: 0.16s | Spearman@80: 0.8789 | Kendall@80: 0.7163
Epoch 49/150 | Train Loss: 0.0225 | Epoch Time: 0.12s | Spearman@80: 0.8901 | Kendall@80: 0.7492
Epoch 50/150 | Train Loss: 0.0265 | Epoch Time: 0.15s | Spearman@80: 0.8847 | Kendall@80: 0.7342
Epoch 51/150 | Train Loss: 0.0231 | Epoch Time: 0.15s | Spearman@80: 0.8902 | Kendall@80: 0.7429
Epoch 52/150 | Train Loss: 0.0260 | Epoch Time: 0.16s | Spearman@80: 0.8817 | Kendall@80: 0.7379
Epoch 53/150 | Train Loss: 0.0289 | Epoch Time: 0.15s | Spearman@80: 0.8590 | Kendall@80: 0.7047
Epoch 54/150 | Train Loss: 0.0297 | Epoch Time: 0.15s | Spearman@80: 0.8675 | Kendall@80: 0.7150
Epoch 55/150 | Train Loss: 0.0253 | Epoch Time: 0.16s | Spearman@80: 0.8781 | Kendall@80: 0.7368
Epoch 56/150 | Train Loss: 0.0174 | Epoch Time: 0.15s | Spearman@80: 0.8772 | Kendall@80: 0.7340
Epoch 57/150 | Train Loss: 0.0173 | Epoch Time: 0.16s | Spearman@80: 0.8816 | Kendall@80: 0.7341
Epoch 58/150 | Train Loss: 0.0127 | Epoch Time: 0.15s | Spearman@80: 0.8718 | Kendall@80: 0.7233
Epoch 59/150 | Train Loss: 0.0239 | Epoch Time: 0.15s | Spearman@80: 0.8743 | Kendall@80: 0.7161
Epoch 60/150 | Train Loss: 0.0234 | Epoch Time: 0.15s | Spearman@80: 0.8909 | Kendall@80: 0.7423
Epoch 61/150 | Train Loss: 0.0164 | Epoch Time: 0.15s | Spearman@80: 0.8769 | Kendall@80: 0.7169
Epoch 62/150 | Train Loss: 0.0148 | Epoch Time: 0.16s | Spearman@80: 0.8687 | Kendall@80: 0.7098
Epoch 63/150 | Train Loss: 0.0226 | Epoch Time: 0.16s | Spearman@80: 0.8870 | Kendall@80: 0.7353
Epoch 64/150 | Train Loss: 0.0242 | Epoch Time: 0.15s | Spearman@80: 0.8782 | Kendall@80: 0.7243
Epoch 65/150 | Train Loss: 0.0197 | Epoch Time: 0.15s | Spearman@80: 0.9025 | Kendall@80: 0.7562
Epoch 66/150 | Train Loss: 0.0148 | Epoch Time: 0.15s | Spearman@80: 0.9037 | Kendall@80: 0.7465
Epoch 67/150 | Train Loss: 0.0168 | Epoch Time: 0.15s | Spearman@80: 0.8660 | Kendall@80: 0.7041
Epoch 68/150 | Train Loss: 0.0168 | Epoch Time: 0.16s | Spearman@80: 0.8631 | Kendall@80: 0.7094
Epoch 69/150 | Train Loss: 0.0249 | Epoch Time: 0.16s | Spearman@80: 0.8730 | Kendall@80: 0.7178
Epoch 70/150 | Train Loss: 0.0164 | Epoch Time: 0.15s | Spearman@80: 0.8856 | Kendall@80: 0.7408
Epoch 71/150 | Train Loss: 0.0167 | Epoch Time: 0.16s | Spearman@80: 0.8885 | Kendall@80: 0.7402
Epoch 72/150 | Train Loss: 0.0191 | Epoch Time: 0.15s | Spearman@80: 0.9032 | Kendall@80: 0.7592
Epoch 73/150 | Train Loss: 0.0193 | Epoch Time: 0.16s | Spearman@80: 0.8917 | Kendall@80: 0.7395
Epoch 74/150 | Train Loss: 0.0158 | Epoch Time: 0.14s | Spearman@80: 0.8911 | Kendall@80: 0.7442
Epoch 75/150 | Train Loss: 0.0209 | Epoch Time: 0.16s | Spearman@80: 0.8817 | Kendall@80: 0.7264
Epoch 76/150 | Train Loss: 0.0188 | Epoch Time: 0.16s | Spearman@80: 0.8676 | Kendall@80: 0.7102
Epoch 77/150 | Train Loss: 0.0178 | Epoch Time: 0.16s | Spearman@80: 0.8814 | Kendall@80: 0.7241
Epoch 78/150 | Train Loss: 0.0239 | Epoch Time: 0.16s | Spearman@80: 0.8917 | Kendall@80: 0.7414
Epoch 79/150 | Train Loss: 0.0177 | Epoch Time: 0.16s | Spearman@80: 0.8964 | Kendall@80: 0.7463
Epoch 80/150 | Train Loss: 0.0170 | Epoch Time: 0.15s | Spearman@80: 0.9016 | Kendall@80: 0.7503
Epoch 81/150 | Train Loss: 0.0179 | Epoch Time: 0.15s | Spearman@80: 0.8826 | Kendall@80: 0.7300
Epoch 82/150 | Train Loss: 0.0178 | Epoch Time: 0.15s | Spearman@80: 0.8772 | Kendall@80: 0.7243
Epoch 83/150 | Train Loss: 0.0157 | Epoch Time: 0.15s | Spearman@80: 0.8815 | Kendall@80: 0.7273
Epoch 84/150 | Train Loss: 0.0150 | Epoch Time: 0.16s | Spearman@80: 0.8996 | Kendall@80: 0.7480
Epoch 85/150 | Train Loss: 0.0162 | Epoch Time: 0.15s | Spearman@80: 0.9004 | Kendall@80: 0.7493
Epoch 86/150 | Train Loss: 0.0125 | Epoch Time: 0.15s | Spearman@80: 0.9013 | Kendall@80: 0.7524
Epoch 87/150 | Train Loss: 0.0110 | Epoch Time: 0.15s | Spearman@80: 0.9005 | Kendall@80: 0.7471
Epoch 88/150 | Train Loss: 0.0152 | Epoch Time: 0.15s | Spearman@80: 0.8984 | Kendall@80: 0.7501
Epoch 89/150 | Train Loss: 0.0146 | Epoch Time: 0.15s | Spearman@80: 0.8883 | Kendall@80: 0.7338
Epoch 90/150 | Train Loss: 0.0220 | Epoch Time: 0.16s | Spearman@80: 0.8780 | Kendall@80: 0.7180
Epoch 91/150 | Train Loss: 0.0205 | Epoch Time: 0.15s | Spearman@80: 0.8666 | Kendall@80: 0.7049
Epoch 92/150 | Train Loss: 0.0178 | Epoch Time: 0.15s | Spearman@80: 0.8764 | Kendall@80: 0.7246
Epoch 93/150 | Train Loss: 0.0133 | Epoch Time: 0.15s | Spearman@80: 0.8952 | Kendall@80: 0.7465
Epoch 94/150 | Train Loss: 0.0157 | Epoch Time: 0.15s | Spearman@80: 0.8993 | Kendall@80: 0.7518
Epoch 95/150 | Train Loss: 0.0166 | Epoch Time: 0.15s | Spearman@80: 0.8953 | Kendall@80: 0.7450
Epoch 96/150 | Train Loss: 0.0168 | Epoch Time: 0.15s | Spearman@80: 0.8941 | Kendall@80: 0.7454
Epoch 97/150 | Train Loss: 0.0148 | Epoch Time: 0.15s | Spearman@80: 0.8963 | Kendall@80: 0.7454
Epoch 98/150 | Train Loss: 0.0088 | Epoch Time: 0.15s | Spearman@80: 0.8946 | Kendall@80: 0.7391
Epoch 99/150 | Train Loss: 0.0151 | Epoch Time: 0.15s | Spearman@80: 0.8972 | Kendall@80: 0.7510
Epoch 100/150 | Train Loss: 0.0158 | Epoch Time: 0.15s | Spearman@80: 0.8985 | Kendall@80: 0.7541
Epoch 101/150 | Train Loss: 0.0124 | Epoch Time: 0.16s | Spearman@80: 0.8912 | Kendall@80: 0.7446
Epoch 102/150 | Train Loss: 0.0127 | Epoch Time: 0.15s | Spearman@80: 0.8870 | Kendall@80: 0.7321
Epoch 103/150 | Train Loss: 0.0139 | Epoch Time: 0.15s | Spearman@80: 0.8923 | Kendall@80: 0.7421
Epoch 104/150 | Train Loss: 0.0109 | Epoch Time: 0.15s | Spearman@80: 0.8920 | Kendall@80: 0.7404
Epoch 105/150 | Train Loss: 0.0148 | Epoch Time: 0.15s | Spearman@80: 0.8915 | Kendall@80: 0.7347
Epoch 106/150 | Train Loss: 0.0123 | Epoch Time: 0.15s | Spearman@80: 0.8858 | Kendall@80: 0.7307
Epoch 107/150 | Train Loss: 0.0106 | Epoch Time: 0.15s | Spearman@80: 0.8804 | Kendall@80: 0.7233
Epoch 108/150 | Train Loss: 0.0165 | Epoch Time: 0.15s | Spearman@80: 0.8897 | Kendall@80: 0.7340
Epoch 109/150 | Train Loss: 0.0161 | Epoch Time: 0.15s | Spearman@80: 0.8741 | Kendall@80: 0.7197
Epoch 110/150 | Train Loss: 0.0140 | Epoch Time: 0.15s | Spearman@80: 0.8692 | Kendall@80: 0.7095
Epoch 111/150 | Train Loss: 0.0097 | Epoch Time: 0.15s | Spearman@80: 0.8769 | Kendall@80: 0.7224
Epoch 112/150 | Train Loss: 0.0120 | Epoch Time: 0.15s | Spearman@80: 0.8750 | Kendall@80: 0.7136
Epoch 113/150 | Train Loss: 0.0125 | Epoch Time: 0.15s | Spearman@80: 0.8838 | Kendall@80: 0.7239
Epoch 114/150 | Train Loss: 0.0072 | Epoch Time: 0.15s | Spearman@80: 0.8838 | Kendall@80: 0.7252
Epoch 115/150 | Train Loss: 0.0159 | Epoch Time: 0.15s | Spearman@80: 0.8793 | Kendall@80: 0.7201
Epoch 116/150 | Train Loss: 0.0089 | Epoch Time: 0.15s | Spearman@80: 0.8820 | Kendall@80: 0.7311
Epoch 117/150 | Train Loss: 0.0062 | Epoch Time: 0.15s | Spearman@80: 0.8737 | Kendall@80: 0.7195
Epoch 118/150 | Train Loss: 0.0163 | Epoch Time: 0.15s | Spearman@80: 0.8702 | Kendall@80: 0.7161
Epoch 119/150 | Train Loss: 0.0123 | Epoch Time: 0.15s | Spearman@80: 0.8710 | Kendall@80: 0.7123
Epoch 120/150 | Train Loss: 0.0103 | Epoch Time: 0.15s | Spearman@80: 0.8911 | Kendall@80: 0.7370
Epoch 121/150 | Train Loss: 0.0102 | Epoch Time: 0.15s | Spearman@80: 0.8794 | Kendall@80: 0.7188
Epoch 122/150 | Train Loss: 0.0114 | Epoch Time: 0.15s | Spearman@80: 0.8707 | Kendall@80: 0.7117
Epoch 123/150 | Train Loss: 0.0123 | Epoch Time: 0.15s | Spearman@80: 0.8665 | Kendall@80: 0.7060
Epoch 124/150 | Train Loss: 0.0143 | Epoch Time: 0.15s | Spearman@80: 0.8772 | Kendall@80: 0.7199
Epoch 125/150 | Train Loss: 0.0159 | Epoch Time: 0.15s | Spearman@80: 0.8846 | Kendall@80: 0.7296
Epoch 126/150 | Train Loss: 0.0084 | Epoch Time: 0.16s | Spearman@80: 0.8742 | Kendall@80: 0.7132
Epoch 127/150 | Train Loss: 0.0092 | Epoch Time: 0.16s | Spearman@80: 0.8804 | Kendall@80: 0.7199
Epoch 128/150 | Train Loss: 0.0117 | Epoch Time: 0.16s | Spearman@80: 0.8880 | Kendall@80: 0.7296
Epoch 129/150 | Train Loss: 0.0100 | Epoch Time: 0.16s | Spearman@80: 0.8931 | Kendall@80: 0.7383
Epoch 130/150 | Train Loss: 0.0116 | Epoch Time: 0.16s | Spearman@80: 0.8922 | Kendall@80: 0.7385
Epoch 131/150 | Train Loss: 0.0093 | Epoch Time: 0.14s | Spearman@80: 0.8973 | Kendall@80: 0.7425
Epoch 132/150 | Train Loss: 0.0069 | Epoch Time: 0.14s | Spearman@80: 0.8949 | Kendall@80: 0.7328
Epoch 133/150 | Train Loss: 0.0138 | Epoch Time: 0.16s | Spearman@80: 0.8927 | Kendall@80: 0.7340
Epoch 134/150 | Train Loss: 0.0074 | Epoch Time: 0.14s | Spearman@80: 0.8830 | Kendall@80: 0.7235
Epoch 135/150 | Train Loss: 0.0118 | Epoch Time: 0.15s | Spearman@80: 0.8894 | Kendall@80: 0.7315
Epoch 136/150 | Train Loss: 0.0116 | Epoch Time: 0.16s | Spearman@80: 0.8885 | Kendall@80: 0.7302
Epoch 137/150 | Train Loss: 0.0096 | Epoch Time: 0.13s | Spearman@80: 0.8853 | Kendall@80: 0.7250
Epoch 138/150 | Train Loss: 0.0074 | Epoch Time: 0.15s | Spearman@80: 0.8903 | Kendall@80: 0.7328
Epoch 139/150 | Train Loss: 0.0076 | Epoch Time: 0.15s | Spearman@80: 0.8861 | Kendall@80: 0.7256
Epoch 140/150 | Train Loss: 0.0099 | Epoch Time: 0.12s | Spearman@80: 0.8865 | Kendall@80: 0.7264
Epoch 141/150 | Train Loss: 0.0079 | Epoch Time: 0.15s | Spearman@80: 0.8856 | Kendall@80: 0.7264
Epoch 142/150 | Train Loss: 0.0091 | Epoch Time: 0.16s | Spearman@80: 0.8835 | Kendall@80: 0.7233
Epoch 143/150 | Train Loss: 0.0054 | Epoch Time: 0.15s | Spearman@80: 0.8831 | Kendall@80: 0.7214
Epoch 144/150 | Train Loss: 0.0094 | Epoch Time: 0.16s | Spearman@80: 0.8887 | Kendall@80: 0.7302
Epoch 145/150 | Train Loss: 0.0092 | Epoch Time: 0.16s | Spearman@80: 0.8840 | Kendall@80: 0.7250
Epoch 146/150 | Train Loss: 0.0076 | Epoch Time: 0.15s | Spearman@80: 0.8888 | Kendall@80: 0.7315
Epoch 147/150 | Train Loss: 0.0095 | Epoch Time: 0.95s | Spearman@15560: 0.9059 | Kendall@15560: 0.7576
Epoch 148/150 | Train Loss: 0.0068 | Epoch Time: 0.93s | Spearman@15560: 0.9056 | Kendall@15560: 0.7572
Epoch 149/150 | Train Loss: 0.0145 | Epoch Time: 0.95s | Spearman@15560: 0.9050 | Kendall@15560: 0.7564
Epoch 150/150 | Train Loss: 0.0136 | Epoch Time: 0.95s | Spearman@15560: 0.9056 | Kendall@15560: 0.7567
Sample Count: 64, Spearman: 0.9055482364731009, Kendall: 0.7569374695331941
{64: (0.9055482364731009, 0.7569374695331941),
 128: (0.9114492646672318, 0.7610343815596494)}
Epoch 1/150 | Train Loss: 0.0902 | Epoch Time: 0.31s | Spearman@80: 0.4848 | Kendall@80: 0.3403
Epoch 2/150 | Train Loss: 0.0639 | Epoch Time: 0.30s | Spearman@80: 0.8836 | Kendall@80: 0.6941
Epoch 3/150 | Train Loss: 0.0423 | Epoch Time: 0.30s | Spearman@80: 0.8774 | Kendall@80: 0.6981
Epoch 4/150 | Train Loss: 0.0375 | Epoch Time: 0.30s | Spearman@80: 0.8799 | Kendall@80: 0.7034
Epoch 5/150 | Train Loss: 0.0393 | Epoch Time: 0.30s | Spearman@80: 0.8752 | Kendall@80: 0.6948
Epoch 6/150 | Train Loss: 0.0371 | Epoch Time: 0.30s | Spearman@80: 0.9117 | Kendall@80: 0.7472
Epoch 7/150 | Train Loss: 0.0321 | Epoch Time: 0.30s | Spearman@80: 0.9084 | Kendall@80: 0.7424
Epoch 8/150 | Train Loss: 0.0334 | Epoch Time: 0.31s | Spearman@80: 0.8941 | Kendall@80: 0.7315
Epoch 9/150 | Train Loss: 0.0281 | Epoch Time: 0.30s | Spearman@80: 0.9141 | Kendall@80: 0.7544
Epoch 10/150 | Train Loss: 0.0311 | Epoch Time: 0.30s | Spearman@80: 0.9019 | Kendall@80: 0.7256
Epoch 11/150 | Train Loss: 0.0350 | Epoch Time: 0.30s | Spearman@80: 0.9216 | Kendall@80: 0.7705
Epoch 12/150 | Train Loss: 0.0369 | Epoch Time: 0.30s | Spearman@80: 0.8950 | Kendall@80: 0.7487
Epoch 13/150 | Train Loss: 0.0279 | Epoch Time: 0.31s | Spearman@80: 0.9251 | Kendall@80: 0.7747
Epoch 14/150 | Train Loss: 0.0290 | Epoch Time: 0.30s | Spearman@80: 0.8304 | Kendall@80: 0.6660
Epoch 15/150 | Train Loss: 0.0307 | Epoch Time: 0.30s | Spearman@80: 0.8709 | Kendall@80: 0.7032
Epoch 16/150 | Train Loss: 0.0323 | Epoch Time: 0.30s | Spearman@80: 0.9329 | Kendall@80: 0.7861
Epoch 17/150 | Train Loss: 0.0360 | Epoch Time: 0.31s | Spearman@80: 0.9259 | Kendall@80: 0.7736
Epoch 18/150 | Train Loss: 0.0304 | Epoch Time: 0.29s | Spearman@80: 0.9174 | Kendall@80: 0.7548
Epoch 19/150 | Train Loss: 0.0290 | Epoch Time: 0.30s | Spearman@80: 0.8944 | Kendall@80: 0.7354
Epoch 20/150 | Train Loss: 0.0295 | Epoch Time: 0.30s | Spearman@80: 0.9343 | Kendall@80: 0.7903
Epoch 21/150 | Train Loss: 0.0328 | Epoch Time: 0.30s | Spearman@80: 0.9224 | Kendall@80: 0.7734
Epoch 22/150 | Train Loss: 0.0314 | Epoch Time: 0.33s | Spearman@80: 0.9295 | Kendall@80: 0.7823
Epoch 23/150 | Train Loss: 0.0294 | Epoch Time: 0.31s | Spearman@80: 0.9221 | Kendall@80: 0.7745
Epoch 24/150 | Train Loss: 0.0306 | Epoch Time: 0.30s | Spearman@80: 0.9240 | Kendall@80: 0.7774
Epoch 25/150 | Train Loss: 0.0336 | Epoch Time: 0.30s | Spearman@80: 0.9043 | Kendall@80: 0.7588
Epoch 26/150 | Train Loss: 0.0316 | Epoch Time: 0.30s | Spearman@80: 0.9232 | Kendall@80: 0.7715
Epoch 27/150 | Train Loss: 0.0314 | Epoch Time: 0.31s | Spearman@80: 0.8918 | Kendall@80: 0.7385
Epoch 28/150 | Train Loss: 0.0367 | Epoch Time: 0.31s | Spearman@80: 0.9090 | Kendall@80: 0.7594
Epoch 29/150 | Train Loss: 0.0269 | Epoch Time: 0.31s | Spearman@80: 0.9189 | Kendall@80: 0.7706
Epoch 30/150 | Train Loss: 0.0301 | Epoch Time: 0.30s | Spearman@80: 0.9252 | Kendall@80: 0.7848
Epoch 31/150 | Train Loss: 0.0264 | Epoch Time: 0.30s | Spearman@80: 0.9156 | Kendall@80: 0.7685
Epoch 32/150 | Train Loss: 0.0303 | Epoch Time: 0.31s | Spearman@80: 0.9249 | Kendall@80: 0.7764
Epoch 33/150 | Train Loss: 0.0278 | Epoch Time: 0.30s | Spearman@80: 0.9221 | Kendall@80: 0.7783
Epoch 34/150 | Train Loss: 0.0260 | Epoch Time: 0.30s | Spearman@80: 0.9041 | Kendall@80: 0.7372
Epoch 35/150 | Train Loss: 0.0315 | Epoch Time: 0.30s | Spearman@80: 0.9264 | Kendall@80: 0.7833
Epoch 36/150 | Train Loss: 0.0246 | Epoch Time: 0.30s | Spearman@80: 0.9309 | Kendall@80: 0.7926
Epoch 37/150 | Train Loss: 0.0270 | Epoch Time: 0.29s | Spearman@80: 0.9078 | Kendall@80: 0.7404
Epoch 38/150 | Train Loss: 0.0287 | Epoch Time: 0.30s | Spearman@80: 0.9234 | Kendall@80: 0.7784
Epoch 39/150 | Train Loss: 0.0322 | Epoch Time: 0.31s | Spearman@80: 0.9213 | Kendall@80: 0.7730
Epoch 40/150 | Train Loss: 0.0310 | Epoch Time: 0.31s | Spearman@80: 0.9224 | Kendall@80: 0.7724
Epoch 41/150 | Train Loss: 0.0297 | Epoch Time: 0.30s | Spearman@80: 0.9245 | Kendall@80: 0.7753
Epoch 42/150 | Train Loss: 0.0279 | Epoch Time: 0.31s | Spearman@80: 0.9309 | Kendall@80: 0.7965
Epoch 43/150 | Train Loss: 0.0247 | Epoch Time: 0.29s | Spearman@80: 0.9279 | Kendall@80: 0.7907
Epoch 44/150 | Train Loss: 0.0280 | Epoch Time: 0.28s | Spearman@80: 0.9260 | Kendall@80: 0.7804
Epoch 45/150 | Train Loss: 0.0266 | Epoch Time: 0.28s | Spearman@80: 0.9262 | Kendall@80: 0.7852
Epoch 46/150 | Train Loss: 0.0303 | Epoch Time: 0.28s | Spearman@80: 0.9297 | Kendall@80: 0.7869
Epoch 47/150 | Train Loss: 0.0205 | Epoch Time: 0.31s | Spearman@80: 0.9319 | Kendall@80: 0.7901
Epoch 48/150 | Train Loss: 0.0256 | Epoch Time: 0.31s | Spearman@80: 0.9247 | Kendall@80: 0.7844
Epoch 49/150 | Train Loss: 0.0263 | Epoch Time: 0.28s | Spearman@80: 0.9277 | Kendall@80: 0.7911
Epoch 50/150 | Train Loss: 0.0231 | Epoch Time: 0.31s | Spearman@80: 0.9296 | Kendall@80: 0.7890
Epoch 51/150 | Train Loss: 0.0252 | Epoch Time: 0.32s | Spearman@80: 0.9196 | Kendall@80: 0.7665
Epoch 52/150 | Train Loss: 0.0222 | Epoch Time: 0.26s | Spearman@80: 0.9321 | Kendall@80: 0.7971
Epoch 53/150 | Train Loss: 0.0259 | Epoch Time: 0.31s | Spearman@80: 0.9296 | Kendall@80: 0.7819
Epoch 54/150 | Train Loss: 0.0268 | Epoch Time: 0.31s | Spearman@80: 0.9264 | Kendall@80: 0.7831
Epoch 55/150 | Train Loss: 0.0252 | Epoch Time: 0.30s | Spearman@80: 0.9179 | Kendall@80: 0.7633
Epoch 56/150 | Train Loss: 0.0295 | Epoch Time: 0.31s | Spearman@80: 0.9165 | Kendall@80: 0.7645
Epoch 57/150 | Train Loss: 0.0269 | Epoch Time: 0.31s | Spearman@80: 0.9235 | Kendall@80: 0.7730
Epoch 58/150 | Train Loss: 0.0282 | Epoch Time: 0.31s | Spearman@80: 0.8842 | Kendall@80: 0.7284
Epoch 59/150 | Train Loss: 0.0283 | Epoch Time: 0.30s | Spearman@80: 0.9288 | Kendall@80: 0.7823
Epoch 60/150 | Train Loss: 0.0267 | Epoch Time: 0.31s | Spearman@80: 0.9215 | Kendall@80: 0.7760
Epoch 61/150 | Train Loss: 0.0302 | Epoch Time: 0.31s | Spearman@80: 0.9237 | Kendall@80: 0.7785
Epoch 62/150 | Train Loss: 0.0288 | Epoch Time: 0.31s | Spearman@80: 0.9178 | Kendall@80: 0.7710
Epoch 63/150 | Train Loss: 0.0290 | Epoch Time: 0.28s | Spearman@80: 0.9180 | Kendall@80: 0.7724
Epoch 64/150 | Train Loss: 0.0265 | Epoch Time: 0.30s | Spearman@80: 0.9248 | Kendall@80: 0.7873
Epoch 65/150 | Train Loss: 0.0283 | Epoch Time: 0.31s | Spearman@80: 0.9090 | Kendall@80: 0.7633
Epoch 66/150 | Train Loss: 0.0219 | Epoch Time: 0.30s | Spearman@80: 0.9220 | Kendall@80: 0.7861
Epoch 67/150 | Train Loss: 0.0225 | Epoch Time: 0.31s | Spearman@80: 0.9219 | Kendall@80: 0.7798
Epoch 68/150 | Train Loss: 0.0256 | Epoch Time: 0.30s | Spearman@80: 0.9167 | Kendall@80: 0.7705
Epoch 69/150 | Train Loss: 0.0273 | Epoch Time: 0.30s | Spearman@80: 0.9250 | Kendall@80: 0.7903
Epoch 70/150 | Train Loss: 0.0242 | Epoch Time: 0.30s | Spearman@80: 0.9290 | Kendall@80: 0.7939
Epoch 71/150 | Train Loss: 0.0246 | Epoch Time: 0.31s | Spearman@80: 0.9158 | Kendall@80: 0.7795
Epoch 72/150 | Train Loss: 0.0237 | Epoch Time: 0.31s | Spearman@80: 0.9171 | Kendall@80: 0.7753
Epoch 73/150 | Train Loss: 0.0238 | Epoch Time: 0.30s | Spearman@80: 0.9261 | Kendall@80: 0.7901
Epoch 74/150 | Train Loss: 0.0228 | Epoch Time: 0.31s | Spearman@80: 0.9175 | Kendall@80: 0.7715
Epoch 75/150 | Train Loss: 0.0262 | Epoch Time: 0.30s | Spearman@80: 0.9248 | Kendall@80: 0.7874
Epoch 76/150 | Train Loss: 0.0237 | Epoch Time: 0.31s | Spearman@80: 0.9203 | Kendall@80: 0.7808
Epoch 77/150 | Train Loss: 0.0244 | Epoch Time: 0.30s | Spearman@80: 0.9250 | Kendall@80: 0.7882
Epoch 78/150 | Train Loss: 0.0218 | Epoch Time: 0.30s | Spearman@80: 0.9197 | Kendall@80: 0.7812
Epoch 79/150 | Train Loss: 0.0247 | Epoch Time: 0.31s | Spearman@80: 0.9199 | Kendall@80: 0.7785
Epoch 80/150 | Train Loss: 0.0229 | Epoch Time: 0.30s | Spearman@80: 0.9253 | Kendall@80: 0.7901
Epoch 81/150 | Train Loss: 0.0227 | Epoch Time: 0.31s | Spearman@80: 0.9164 | Kendall@80: 0.7724
Epoch 82/150 | Train Loss: 0.0178 | Epoch Time: 0.31s | Spearman@80: 0.9344 | Kendall@80: 0.8026
Epoch 83/150 | Train Loss: 0.0302 | Epoch Time: 0.31s | Spearman@80: 0.9328 | Kendall@80: 0.7994
Epoch 84/150 | Train Loss: 0.0359 | Epoch Time: 0.32s | Spearman@80: 0.9233 | Kendall@80: 0.7791
Epoch 85/150 | Train Loss: 0.0287 | Epoch Time: 0.31s | Spearman@80: 0.9034 | Kendall@80: 0.7540
Epoch 86/150 | Train Loss: 0.0232 | Epoch Time: 0.31s | Spearman@80: 0.9362 | Kendall@80: 0.8025
Epoch 87/150 | Train Loss: 0.0218 | Epoch Time: 0.31s | Spearman@80: 0.9333 | Kendall@80: 0.7979
Epoch 88/150 | Train Loss: 0.0218 | Epoch Time: 0.30s | Spearman@80: 0.9290 | Kendall@80: 0.7907
Epoch 89/150 | Train Loss: 0.0237 | Epoch Time: 0.31s | Spearman@80: 0.9390 | Kendall@80: 0.8110
Epoch 90/150 | Train Loss: 0.0222 | Epoch Time: 0.29s | Spearman@80: 0.9342 | Kendall@80: 0.7992
Epoch 91/150 | Train Loss: 0.0207 | Epoch Time: 0.31s | Spearman@80: 0.9338 | Kendall@80: 0.8028
Epoch 92/150 | Train Loss: 0.0207 | Epoch Time: 0.31s | Spearman@80: 0.9347 | Kendall@80: 0.8060
Epoch 93/150 | Train Loss: 0.0218 | Epoch Time: 0.30s | Spearman@80: 0.9389 | Kendall@80: 0.8144
Epoch 94/150 | Train Loss: 0.0197 | Epoch Time: 0.30s | Spearman@80: 0.9351 | Kendall@80: 0.8023
Epoch 95/150 | Train Loss: 0.0201 | Epoch Time: 0.30s | Spearman@80: 0.9413 | Kendall@80: 0.8142
Epoch 96/150 | Train Loss: 0.0201 | Epoch Time: 0.30s | Spearman@80: 0.9421 | Kendall@80: 0.8142
Epoch 97/150 | Train Loss: 0.0173 | Epoch Time: 0.31s | Spearman@80: 0.9397 | Kendall@80: 0.8144
Epoch 98/150 | Train Loss: 0.0226 | Epoch Time: 0.30s | Spearman@80: 0.9265 | Kendall@80: 0.7920
Epoch 99/150 | Train Loss: 0.0201 | Epoch Time: 0.30s | Spearman@80: 0.9354 | Kendall@80: 0.8091
Epoch 100/150 | Train Loss: 0.0186 | Epoch Time: 0.29s | Spearman@80: 0.9398 | Kendall@80: 0.8142
Epoch 101/150 | Train Loss: 0.0237 | Epoch Time: 0.29s | Spearman@80: 0.9398 | Kendall@80: 0.8098
Epoch 102/150 | Train Loss: 0.0250 | Epoch Time: 0.32s | Spearman@80: 0.9313 | Kendall@80: 0.8003
Epoch 103/150 | Train Loss: 0.0220 | Epoch Time: 0.31s | Spearman@80: 0.9388 | Kendall@80: 0.8098
Epoch 104/150 | Train Loss: 0.0231 | Epoch Time: 0.32s | Spearman@80: 0.9426 | Kendall@80: 0.8169
Epoch 105/150 | Train Loss: 0.0229 | Epoch Time: 0.30s | Spearman@80: 0.9381 | Kendall@80: 0.8131
Epoch 106/150 | Train Loss: 0.0205 | Epoch Time: 0.31s | Spearman@80: 0.9404 | Kendall@80: 0.8148
Epoch 107/150 | Train Loss: 0.0166 | Epoch Time: 0.31s | Spearman@80: 0.9325 | Kendall@80: 0.8047
Epoch 108/150 | Train Loss: 0.0192 | Epoch Time: 0.30s | Spearman@80: 0.9360 | Kendall@80: 0.8095
Epoch 109/150 | Train Loss: 0.0160 | Epoch Time: 0.31s | Spearman@80: 0.9367 | Kendall@80: 0.8123
Epoch 110/150 | Train Loss: 0.0187 | Epoch Time: 0.30s | Spearman@80: 0.9373 | Kendall@80: 0.8104
Epoch 111/150 | Train Loss: 0.0166 | Epoch Time: 0.31s | Spearman@80: 0.9372 | Kendall@80: 0.8104
Epoch 112/150 | Train Loss: 0.0207 | Epoch Time: 0.30s | Spearman@80: 0.9416 | Kendall@80: 0.8174
Epoch 113/150 | Train Loss: 0.0208 | Epoch Time: 0.31s | Spearman@80: 0.9390 | Kendall@80: 0.8117
Epoch 114/150 | Train Loss: 0.0178 | Epoch Time: 0.31s | Spearman@80: 0.9410 | Kendall@80: 0.8191
Epoch 115/150 | Train Loss: 0.0169 | Epoch Time: 0.30s | Spearman@80: 0.9376 | Kendall@80: 0.8093
Epoch 116/150 | Train Loss: 0.0181 | Epoch Time: 0.30s | Spearman@80: 0.9394 | Kendall@80: 0.8117
Epoch 117/150 | Train Loss: 0.0212 | Epoch Time: 0.31s | Spearman@80: 0.9335 | Kendall@80: 0.8015
Epoch 118/150 | Train Loss: 0.0163 | Epoch Time: 0.30s | Spearman@80: 0.9360 | Kendall@80: 0.8064
Epoch 119/150 | Train Loss: 0.0157 | Epoch Time: 0.30s | Spearman@80: 0.9321 | Kendall@80: 0.7988
Epoch 120/150 | Train Loss: 0.0203 | Epoch Time: 0.30s | Spearman@80: 0.9361 | Kendall@80: 0.8096
Epoch 121/150 | Train Loss: 0.0204 | Epoch Time: 0.30s | Spearman@80: 0.9373 | Kendall@80: 0.8060
Epoch 122/150 | Train Loss: 0.0163 | Epoch Time: 0.30s | Spearman@80: 0.9414 | Kendall@80: 0.8193
Epoch 123/150 | Train Loss: 0.0205 | Epoch Time: 0.31s | Spearman@80: 0.9445 | Kendall@80: 0.8226
Epoch 124/150 | Train Loss: 0.0165 | Epoch Time: 0.30s | Spearman@80: 0.9445 | Kendall@80: 0.8216
Epoch 125/150 | Train Loss: 0.0152 | Epoch Time: 0.31s | Spearman@80: 0.9437 | Kendall@80: 0.8167
Epoch 126/150 | Train Loss: 0.0197 | Epoch Time: 0.30s | Spearman@80: 0.9419 | Kendall@80: 0.8157
Epoch 127/150 | Train Loss: 0.0145 | Epoch Time: 0.31s | Spearman@80: 0.9430 | Kendall@80: 0.8161
Epoch 128/150 | Train Loss: 0.0148 | Epoch Time: 0.31s | Spearman@80: 0.9428 | Kendall@80: 0.8142
Epoch 129/150 | Train Loss: 0.0204 | Epoch Time: 0.30s | Spearman@80: 0.9442 | Kendall@80: 0.8178
Epoch 130/150 | Train Loss: 0.0211 | Epoch Time: 0.31s | Spearman@80: 0.9450 | Kendall@80: 0.8197
Epoch 131/150 | Train Loss: 0.0189 | Epoch Time: 0.30s | Spearman@80: 0.9434 | Kendall@80: 0.8178
Epoch 132/150 | Train Loss: 0.0197 | Epoch Time: 0.31s | Spearman@80: 0.9431 | Kendall@80: 0.8191
Epoch 133/150 | Train Loss: 0.0198 | Epoch Time: 0.30s | Spearman@80: 0.9427 | Kendall@80: 0.8166
Epoch 134/150 | Train Loss: 0.0180 | Epoch Time: 0.31s | Spearman@80: 0.9431 | Kendall@80: 0.8166
Epoch 135/150 | Train Loss: 0.0165 | Epoch Time: 0.31s | Spearman@80: 0.9435 | Kendall@80: 0.8155
Epoch 136/150 | Train Loss: 0.0157 | Epoch Time: 0.29s | Spearman@80: 0.9436 | Kendall@80: 0.8163
Epoch 137/150 | Train Loss: 0.0140 | Epoch Time: 0.31s | Spearman@80: 0.9449 | Kendall@80: 0.8195
Epoch 138/150 | Train Loss: 0.0115 | Epoch Time: 0.30s | Spearman@80: 0.9397 | Kendall@80: 0.8127
Epoch 139/150 | Train Loss: 0.0186 | Epoch Time: 0.30s | Spearman@80: 0.9434 | Kendall@80: 0.8182
Epoch 140/150 | Train Loss: 0.0186 | Epoch Time: 0.31s | Spearman@80: 0.9429 | Kendall@80: 0.8147
Epoch 141/150 | Train Loss: 0.0167 | Epoch Time: 0.31s | Spearman@80: 0.9423 | Kendall@80: 0.8178
Epoch 142/150 | Train Loss: 0.0158 | Epoch Time: 0.31s | Spearman@80: 0.9454 | Kendall@80: 0.8210
Epoch 143/150 | Train Loss: 0.0203 | Epoch Time: 0.31s | Spearman@80: 0.9423 | Kendall@80: 0.8159
Epoch 144/150 | Train Loss: 0.0178 | Epoch Time: 0.31s | Spearman@80: 0.9446 | Kendall@80: 0.8185
Epoch 145/150 | Train Loss: 0.0181 | Epoch Time: 0.31s | Spearman@80: 0.9419 | Kendall@80: 0.8180
Epoch 146/150 | Train Loss: 0.0149 | Epoch Time: 0.31s | Spearman@80: 0.9416 | Kendall@80: 0.8152
Epoch 147/150 | Train Loss: 0.0161 | Epoch Time: 1.14s | Spearman@15496: 0.9409 | Kendall@15496: 0.8046
Epoch 148/150 | Train Loss: 0.0147 | Epoch Time: 1.12s | Spearman@15496: 0.9411 | Kendall@15496: 0.8047
Epoch 149/150 | Train Loss: 0.0204 | Epoch Time: 1.12s | Spearman@15496: 0.9403 | Kendall@15496: 0.8038
Epoch 150/150 | Train Loss: 0.0185 | Epoch Time: 1.14s | Spearman@15496: 0.9407 | Kendall@15496: 0.8045
Sample Count: 128, Spearman: 0.9407319093835824, Kendall: 0.8044061316866072
{64: (0.9055482364731009, 0.7569374695331941),
 128: (0.9407319093835824, 0.8044061316866072)}
Epoch 1/150 | Train Loss: 0.0987 | Epoch Time: 0.15s | Spearman@80: 0.5186 | Kendall@80: 0.3664
Epoch 2/150 | Train Loss: 0.0814 | Epoch Time: 0.16s | Spearman@80: 0.5096 | Kendall@80: 0.3550
Epoch 3/150 | Train Loss: 0.0500 | Epoch Time: 0.16s | Spearman@80: 0.8336 | Kendall@80: 0.6343
Epoch 4/150 | Train Loss: 0.0391 | Epoch Time: 0.15s | Spearman@80: 0.8404 | Kendall@80: 0.6506
Epoch 5/150 | Train Loss: 0.0370 | Epoch Time: 0.15s | Spearman@80: 0.8307 | Kendall@80: 0.6369
Epoch 6/150 | Train Loss: 0.0338 | Epoch Time: 0.15s | Spearman@80: 0.8558 | Kendall@80: 0.6633
Epoch 7/150 | Train Loss: 0.0281 | Epoch Time: 0.15s | Spearman@80: 0.8581 | Kendall@80: 0.6660
Epoch 8/150 | Train Loss: 0.0369 | Epoch Time: 0.16s | Spearman@80: 0.8443 | Kendall@80: 0.6641
Epoch 9/150 | Train Loss: 0.0350 | Epoch Time: 0.15s | Spearman@80: 0.8894 | Kendall@80: 0.7238
Epoch 10/150 | Train Loss: 0.0305 | Epoch Time: 0.15s | Spearman@80: 0.8533 | Kendall@80: 0.6734
Epoch 11/150 | Train Loss: 0.0321 | Epoch Time: 0.15s | Spearman@80: 0.8929 | Kendall@80: 0.7250
Epoch 12/150 | Train Loss: 0.0335 | Epoch Time: 0.14s | Spearman@80: 0.8803 | Kendall@80: 0.7147
Epoch 13/150 | Train Loss: 0.0323 | Epoch Time: 0.15s | Spearman@80: 0.8819 | Kendall@80: 0.7147
Epoch 14/150 | Train Loss: 0.0230 | Epoch Time: 0.15s | Spearman@80: 0.8944 | Kendall@80: 0.7333
Epoch 15/150 | Train Loss: 0.0188 | Epoch Time: 0.15s | Spearman@80: 0.8956 | Kendall@80: 0.7364
Epoch 16/150 | Train Loss: 0.0252 | Epoch Time: 0.15s | Spearman@80: 0.9046 | Kendall@80: 0.7534
Epoch 17/150 | Train Loss: 0.0281 | Epoch Time: 0.15s | Spearman@80: 0.8900 | Kendall@80: 0.7293
Epoch 18/150 | Train Loss: 0.0225 | Epoch Time: 0.14s | Spearman@80: 0.9068 | Kendall@80: 0.7529
Epoch 19/150 | Train Loss: 0.0219 | Epoch Time: 0.15s | Spearman@80: 0.8977 | Kendall@80: 0.7299
Epoch 20/150 | Train Loss: 0.0271 | Epoch Time: 0.14s | Spearman@80: 0.9090 | Kendall@80: 0.7529
Epoch 21/150 | Train Loss: 0.0236 | Epoch Time: 0.14s | Spearman@80: 0.9052 | Kendall@80: 0.7479
Epoch 22/150 | Train Loss: 0.0266 | Epoch Time: 0.15s | Spearman@80: 0.8955 | Kendall@80: 0.7371
Epoch 23/150 | Train Loss: 0.0263 | Epoch Time: 0.15s | Spearman@80: 0.9080 | Kendall@80: 0.7572
Epoch 24/150 | Train Loss: 0.0300 | Epoch Time: 0.15s | Spearman@80: 0.9115 | Kendall@80: 0.7654
Epoch 25/150 | Train Loss: 0.0230 | Epoch Time: 0.15s | Spearman@80: 0.9091 | Kendall@80: 0.7654
Epoch 26/150 | Train Loss: 0.0277 | Epoch Time: 0.14s | Spearman@80: 0.9123 | Kendall@80: 0.7751
Epoch 27/150 | Train Loss: 0.0204 | Epoch Time: 0.14s | Spearman@80: 0.9041 | Kendall@80: 0.7555
Epoch 28/150 | Train Loss: 0.0265 | Epoch Time: 0.15s | Spearman@80: 0.9014 | Kendall@80: 0.7496
Epoch 29/150 | Train Loss: 0.0211 | Epoch Time: 0.15s | Spearman@80: 0.9040 | Kendall@80: 0.7489
Epoch 30/150 | Train Loss: 0.0224 | Epoch Time: 0.15s | Spearman@80: 0.8715 | Kendall@80: 0.6958
Epoch 31/150 | Train Loss: 0.0282 | Epoch Time: 0.15s | Spearman@80: 0.9143 | Kendall@80: 0.7650
Epoch 32/150 | Train Loss: 0.0234 | Epoch Time: 0.15s | Spearman@80: 0.9165 | Kendall@80: 0.7648
Epoch 33/150 | Train Loss: 0.0229 | Epoch Time: 0.15s | Spearman@80: 0.9093 | Kendall@80: 0.7604
Epoch 34/150 | Train Loss: 0.0278 | Epoch Time: 0.15s | Spearman@80: 0.8654 | Kendall@80: 0.6963
Epoch 35/150 | Train Loss: 0.0423 | Epoch Time: 0.15s | Spearman@80: 0.8987 | Kendall@80: 0.7402
Epoch 36/150 | Train Loss: 0.0199 | Epoch Time: 0.15s | Spearman@80: 0.9050 | Kendall@80: 0.7458
Epoch 37/150 | Train Loss: 0.0177 | Epoch Time: 0.15s | Spearman@80: 0.9060 | Kendall@80: 0.7561
Epoch 38/150 | Train Loss: 0.0254 | Epoch Time: 0.15s | Spearman@80: 0.9179 | Kendall@80: 0.7732
Epoch 39/150 | Train Loss: 0.0210 | Epoch Time: 0.15s | Spearman@80: 0.9117 | Kendall@80: 0.7669
Epoch 40/150 | Train Loss: 0.0267 | Epoch Time: 0.15s | Spearman@80: 0.9096 | Kendall@80: 0.7618
Epoch 41/150 | Train Loss: 0.0230 | Epoch Time: 0.15s | Spearman@80: 0.9059 | Kendall@80: 0.7599
Epoch 42/150 | Train Loss: 0.0226 | Epoch Time: 0.15s | Spearman@80: 0.9160 | Kendall@80: 0.7726
Epoch 43/150 | Train Loss: 0.0196 | Epoch Time: 0.15s | Spearman@80: 0.9135 | Kendall@80: 0.7688
Epoch 44/150 | Train Loss: 0.0247 | Epoch Time: 0.15s | Spearman@80: 0.9186 | Kendall@80: 0.7751
Epoch 45/150 | Train Loss: 0.0204 | Epoch Time: 0.15s | Spearman@80: 0.9138 | Kendall@80: 0.7625
Epoch 46/150 | Train Loss: 0.0208 | Epoch Time: 0.15s | Spearman@80: 0.9006 | Kendall@80: 0.7413
Epoch 47/150 | Train Loss: 0.0190 | Epoch Time: 0.15s | Spearman@80: 0.9036 | Kendall@80: 0.7479
Epoch 48/150 | Train Loss: 0.0213 | Epoch Time: 0.15s | Spearman@80: 0.9153 | Kendall@80: 0.7686
Epoch 49/150 | Train Loss: 0.0232 | Epoch Time: 0.15s | Spearman@80: 0.9111 | Kendall@80: 0.7635
Epoch 50/150 | Train Loss: 0.0154 | Epoch Time: 0.15s | Spearman@80: 0.9110 | Kendall@80: 0.7578
Epoch 51/150 | Train Loss: 0.0201 | Epoch Time: 0.15s | Spearman@80: 0.9080 | Kendall@80: 0.7546
Epoch 52/150 | Train Loss: 0.0158 | Epoch Time: 0.15s | Spearman@80: 0.9172 | Kendall@80: 0.7669
Epoch 53/150 | Train Loss: 0.0173 | Epoch Time: 0.15s | Spearman@80: 0.9050 | Kendall@80: 0.7536
Epoch 54/150 | Train Loss: 0.0226 | Epoch Time: 0.15s | Spearman@80: 0.9150 | Kendall@80: 0.7669
Epoch 55/150 | Train Loss: 0.0178 | Epoch Time: 0.16s | Spearman@80: 0.9101 | Kendall@80: 0.7578
Epoch 56/150 | Train Loss: 0.0213 | Epoch Time: 0.16s | Spearman@80: 0.9075 | Kendall@80: 0.7540
Epoch 57/150 | Train Loss: 0.0265 | Epoch Time: 0.16s | Spearman@80: 0.9073 | Kendall@80: 0.7540
Epoch 58/150 | Train Loss: 0.0203 | Epoch Time: 0.16s | Spearman@80: 0.9080 | Kendall@80: 0.7631
Epoch 59/150 | Train Loss: 0.0283 | Epoch Time: 0.16s | Spearman@80: 0.9121 | Kendall@80: 0.7673
Epoch 60/150 | Train Loss: 0.0167 | Epoch Time: 0.15s | Spearman@80: 0.9032 | Kendall@80: 0.7523
Epoch 61/150 | Train Loss: 0.0218 | Epoch Time: 0.15s | Spearman@80: 0.9162 | Kendall@80: 0.7682
Epoch 62/150 | Train Loss: 0.0152 | Epoch Time: 0.15s | Spearman@80: 0.9185 | Kendall@80: 0.7783
Epoch 63/150 | Train Loss: 0.0175 | Epoch Time: 0.15s | Spearman@80: 0.9200 | Kendall@80: 0.7745
Epoch 64/150 | Train Loss: 0.0170 | Epoch Time: 0.15s | Spearman@80: 0.9142 | Kendall@80: 0.7673
Epoch 65/150 | Train Loss: 0.0220 | Epoch Time: 0.15s | Spearman@80: 0.9204 | Kendall@80: 0.7768
Epoch 66/150 | Train Loss: 0.0162 | Epoch Time: 0.15s | Spearman@80: 0.9271 | Kendall@80: 0.7845
Epoch 67/150 | Train Loss: 0.0143 | Epoch Time: 0.15s | Spearman@80: 0.9220 | Kendall@80: 0.7726
Epoch 68/150 | Train Loss: 0.0185 | Epoch Time: 0.16s | Spearman@80: 0.9233 | Kendall@80: 0.7834
Epoch 69/150 | Train Loss: 0.0189 | Epoch Time: 0.15s | Spearman@80: 0.9143 | Kendall@80: 0.7680
Epoch 70/150 | Train Loss: 0.0200 | Epoch Time: 0.15s | Spearman@80: 0.9108 | Kendall@80: 0.7586
Epoch 71/150 | Train Loss: 0.0185 | Epoch Time: 0.15s | Spearman@80: 0.9100 | Kendall@80: 0.7656
Epoch 72/150 | Train Loss: 0.0233 | Epoch Time: 0.15s | Spearman@80: 0.9111 | Kendall@80: 0.7567
Epoch 73/150 | Train Loss: 0.0207 | Epoch Time: 0.15s | Spearman@80: 0.9294 | Kendall@80: 0.7916
Epoch 74/150 | Train Loss: 0.0185 | Epoch Time: 0.14s | Spearman@80: 0.9297 | Kendall@80: 0.7916
Epoch 75/150 | Train Loss: 0.0218 | Epoch Time: 0.15s | Spearman@80: 0.9364 | Kendall@80: 0.8010
Epoch 76/150 | Train Loss: 0.0212 | Epoch Time: 0.15s | Spearman@80: 0.9331 | Kendall@80: 0.7959
Epoch 77/150 | Train Loss: 0.0232 | Epoch Time: 0.15s | Spearman@80: 0.9318 | Kendall@80: 0.7910
Epoch 78/150 | Train Loss: 0.0142 | Epoch Time: 0.15s | Spearman@80: 0.9306 | Kendall@80: 0.7916
Epoch 79/150 | Train Loss: 0.0156 | Epoch Time: 0.15s | Spearman@80: 0.9359 | Kendall@80: 0.8030
Epoch 80/150 | Train Loss: 0.0191 | Epoch Time: 0.15s | Spearman@80: 0.9353 | Kendall@80: 0.7997
Epoch 81/150 | Train Loss: 0.0242 | Epoch Time: 0.15s | Spearman@80: 0.9175 | Kendall@80: 0.7682
Epoch 82/150 | Train Loss: 0.0278 | Epoch Time: 0.15s | Spearman@80: 0.9315 | Kendall@80: 0.7948
Epoch 83/150 | Train Loss: 0.0230 | Epoch Time: 0.16s | Spearman@80: 0.9310 | Kendall@80: 0.7921
Epoch 84/150 | Train Loss: 0.0212 | Epoch Time: 0.15s | Spearman@80: 0.9370 | Kendall@80: 0.8011
Epoch 85/150 | Train Loss: 0.0153 | Epoch Time: 0.16s | Spearman@80: 0.9336 | Kendall@80: 0.7935
Epoch 86/150 | Train Loss: 0.0149 | Epoch Time: 0.15s | Spearman@80: 0.9319 | Kendall@80: 0.7923
Epoch 87/150 | Train Loss: 0.0135 | Epoch Time: 0.15s | Spearman@80: 0.9369 | Kendall@80: 0.7942
Epoch 88/150 | Train Loss: 0.0133 | Epoch Time: 0.15s | Spearman@80: 0.9303 | Kendall@80: 0.7872
Epoch 89/150 | Train Loss: 0.0173 | Epoch Time: 0.15s | Spearman@80: 0.9332 | Kendall@80: 0.7891
Epoch 90/150 | Train Loss: 0.0175 | Epoch Time: 0.15s | Spearman@80: 0.9311 | Kendall@80: 0.7859
Epoch 91/150 | Train Loss: 0.0153 | Epoch Time: 0.15s | Spearman@80: 0.9283 | Kendall@80: 0.7866
Epoch 92/150 | Train Loss: 0.0162 | Epoch Time: 0.15s | Spearman@80: 0.9392 | Kendall@80: 0.8037
Epoch 93/150 | Train Loss: 0.0147 | Epoch Time: 0.14s | Spearman@80: 0.9374 | Kendall@80: 0.8022
Epoch 94/150 | Train Loss: 0.0112 | Epoch Time: 0.16s | Spearman@80: 0.9399 | Kendall@80: 0.8054
Epoch 95/150 | Train Loss: 0.0187 | Epoch Time: 0.15s | Spearman@80: 0.9362 | Kendall@80: 0.7991
Epoch 96/150 | Train Loss: 0.0177 | Epoch Time: 0.15s | Spearman@80: 0.9374 | Kendall@80: 0.7992
Epoch 97/150 | Train Loss: 0.0177 | Epoch Time: 0.17s | Spearman@80: 0.9369 | Kendall@80: 0.7999
Epoch 98/150 | Train Loss: 0.0099 | Epoch Time: 0.16s | Spearman@80: 0.9364 | Kendall@80: 0.7984
Epoch 99/150 | Train Loss: 0.0149 | Epoch Time: 0.13s | Spearman@80: 0.9292 | Kendall@80: 0.7832
Epoch 100/150 | Train Loss: 0.0167 | Epoch Time: 0.12s | Spearman@80: 0.9388 | Kendall@80: 0.8043
Epoch 101/150 | Train Loss: 0.0127 | Epoch Time: 0.11s | Spearman@80: 0.9400 | Kendall@80: 0.8060
Epoch 102/150 | Train Loss: 0.0102 | Epoch Time: 0.11s | Spearman@80: 0.9390 | Kendall@80: 0.8054
Epoch 103/150 | Train Loss: 0.0136 | Epoch Time: 0.11s | Spearman@80: 0.9404 | Kendall@80: 0.8067
Epoch 104/150 | Train Loss: 0.0174 | Epoch Time: 0.13s | Spearman@80: 0.9399 | Kendall@80: 0.8049
Epoch 105/150 | Train Loss: 0.0190 | Epoch Time: 0.14s | Spearman@80: 0.9414 | Kendall@80: 0.8069
Epoch 106/150 | Train Loss: 0.0107 | Epoch Time: 0.11s | Spearman@80: 0.9420 | Kendall@80: 0.8113
Epoch 107/150 | Train Loss: 0.0132 | Epoch Time: 0.11s | Spearman@80: 0.9415 | Kendall@80: 0.8098
Epoch 108/150 | Train Loss: 0.0162 | Epoch Time: 0.10s | Spearman@80: 0.9415 | Kendall@80: 0.8119
Epoch 109/150 | Train Loss: 0.0171 | Epoch Time: 0.11s | Spearman@80: 0.9392 | Kendall@80: 0.8035
Epoch 110/150 | Train Loss: 0.0156 | Epoch Time: 0.11s | Spearman@80: 0.9415 | Kendall@80: 0.8098
Epoch 111/150 | Train Loss: 0.0164 | Epoch Time: 0.11s | Spearman@80: 0.9448 | Kendall@80: 0.8170
Epoch 112/150 | Train Loss: 0.0126 | Epoch Time: 0.11s | Spearman@80: 0.9416 | Kendall@80: 0.8100
Epoch 113/150 | Train Loss: 0.0113 | Epoch Time: 0.10s | Spearman@80: 0.9475 | Kendall@80: 0.8214
Epoch 114/150 | Train Loss: 0.0157 | Epoch Time: 0.13s | Spearman@80: 0.9427 | Kendall@80: 0.8081
Epoch 115/150 | Train Loss: 0.0129 | Epoch Time: 0.11s | Spearman@80: 0.9473 | Kendall@80: 0.8195
Epoch 116/150 | Train Loss: 0.0120 | Epoch Time: 0.11s | Spearman@80: 0.9421 | Kendall@80: 0.8117
Epoch 117/150 | Train Loss: 0.0101 | Epoch Time: 0.11s | Spearman@80: 0.9419 | Kendall@80: 0.8094
Epoch 118/150 | Train Loss: 0.0073 | Epoch Time: 0.10s | Spearman@80: 0.9423 | Kendall@80: 0.8100
Epoch 119/150 | Train Loss: 0.0108 | Epoch Time: 0.11s | Spearman@80: 0.9434 | Kendall@80: 0.8100
Epoch 120/150 | Train Loss: 0.0125 | Epoch Time: 0.11s | Spearman@80: 0.9396 | Kendall@80: 0.8092
Epoch 121/150 | Train Loss: 0.0117 | Epoch Time: 0.11s | Spearman@80: 0.9429 | Kendall@80: 0.8113
Epoch 122/150 | Train Loss: 0.0125 | Epoch Time: 0.11s | Spearman@80: 0.9439 | Kendall@80: 0.8130
Epoch 123/150 | Train Loss: 0.0134 | Epoch Time: 0.11s | Spearman@80: 0.9428 | Kendall@80: 0.8092
Epoch 124/150 | Train Loss: 0.0109 | Epoch Time: 0.14s | Spearman@80: 0.9410 | Kendall@80: 0.8056
Epoch 125/150 | Train Loss: 0.0144 | Epoch Time: 0.11s | Spearman@80: 0.9426 | Kendall@80: 0.8111
Epoch 126/150 | Train Loss: 0.0076 | Epoch Time: 0.11s | Spearman@80: 0.9435 | Kendall@80: 0.8098
Epoch 127/150 | Train Loss: 0.0115 | Epoch Time: 0.11s | Spearman@80: 0.9441 | Kendall@80: 0.8111
Epoch 128/150 | Train Loss: 0.0098 | Epoch Time: 0.11s | Spearman@80: 0.9407 | Kendall@80: 0.8056
Epoch 129/150 | Train Loss: 0.0164 | Epoch Time: 0.15s | Spearman@80: 0.9417 | Kendall@80: 0.8086
Epoch 130/150 | Train Loss: 0.0133 | Epoch Time: 0.11s | Spearman@80: 0.9412 | Kendall@80: 0.8088
Epoch 131/150 | Train Loss: 0.0117 | Epoch Time: 0.11s | Spearman@80: 0.9439 | Kendall@80: 0.8126
Epoch 132/150 | Train Loss: 0.0103 | Epoch Time: 0.11s | Spearman@80: 0.9423 | Kendall@80: 0.8075
Epoch 133/150 | Train Loss: 0.0107 | Epoch Time: 0.13s | Spearman@80: 0.9445 | Kendall@80: 0.8086
Epoch 134/150 | Train Loss: 0.0132 | Epoch Time: 0.13s | Spearman@80: 0.9445 | Kendall@80: 0.8075
Epoch 135/150 | Train Loss: 0.0117 | Epoch Time: 0.11s | Spearman@80: 0.9431 | Kendall@80: 0.8081
Epoch 136/150 | Train Loss: 0.0134 | Epoch Time: 0.11s | Spearman@80: 0.9419 | Kendall@80: 0.8073
Epoch 137/150 | Train Loss: 0.0103 | Epoch Time: 0.11s | Spearman@80: 0.9434 | Kendall@80: 0.8086
Epoch 138/150 | Train Loss: 0.0091 | Epoch Time: 0.13s | Spearman@80: 0.9443 | Kendall@80: 0.8098
Epoch 139/150 | Train Loss: 0.0100 | Epoch Time: 0.16s | Spearman@80: 0.9439 | Kendall@80: 0.8100
Epoch 140/150 | Train Loss: 0.0117 | Epoch Time: 0.16s | Spearman@80: 0.9453 | Kendall@80: 0.8113
Epoch 141/150 | Train Loss: 0.0120 | Epoch Time: 0.15s | Spearman@80: 0.9432 | Kendall@80: 0.8094
Epoch 142/150 | Train Loss: 0.0133 | Epoch Time: 0.15s | Spearman@80: 0.9431 | Kendall@80: 0.8094
Epoch 143/150 | Train Loss: 0.0138 | Epoch Time: 0.15s | Spearman@80: 0.9438 | Kendall@80: 0.8098
Epoch 144/150 | Train Loss: 0.0116 | Epoch Time: 0.16s | Spearman@80: 0.9446 | Kendall@80: 0.8094
Epoch 145/150 | Train Loss: 0.0136 | Epoch Time: 0.16s | Spearman@80: 0.9445 | Kendall@80: 0.8088
Epoch 146/150 | Train Loss: 0.0149 | Epoch Time: 0.15s | Spearman@80: 0.9435 | Kendall@80: 0.8094
Epoch 147/150 | Train Loss: 0.0168 | Epoch Time: 0.95s | Spearman@15560: 0.9328 | Kendall@15560: 0.7921
Epoch 148/150 | Train Loss: 0.0125 | Epoch Time: 0.94s | Spearman@15560: 0.9331 | Kendall@15560: 0.7922
Epoch 149/150 | Train Loss: 0.0126 | Epoch Time: 0.95s | Spearman@15560: 0.9330 | Kendall@15560: 0.7924
Epoch 150/150 | Train Loss: 0.0133 | Epoch Time: 0.94s | Spearman@15560: 0.9333 | Kendall@15560: 0.7930
Sample Count: 64, Spearman: 0.933063303384872, Kendall: 0.7924108936922698
{64: (0.933063303384872, 0.7924108936922698),
 128: (0.9407319093835824, 0.8044061316866072)}
Epoch 1/150 | Train Loss: 0.0900 | Epoch Time: 0.30s | Spearman@80: 0.5652 | Kendall@80: 0.4038
Epoch 2/150 | Train Loss: 0.0556 | Epoch Time: 0.31s | Spearman@80: 0.7580 | Kendall@80: 0.5755
Epoch 3/150 | Train Loss: 0.0484 | Epoch Time: 0.31s | Spearman@80: 0.8517 | Kendall@80: 0.6889
Epoch 4/150 | Train Loss: 0.0436 | Epoch Time: 0.31s | Spearman@80: 0.8527 | Kendall@80: 0.6832
Epoch 5/150 | Train Loss: 0.0414 | Epoch Time: 0.30s | Spearman@80: 0.8880 | Kendall@80: 0.7186
Epoch 6/150 | Train Loss: 0.0329 | Epoch Time: 0.31s | Spearman@80: 0.8954 | Kendall@80: 0.7385
Epoch 7/150 | Train Loss: 0.0341 | Epoch Time: 0.30s | Spearman@80: 0.8350 | Kendall@80: 0.6531
Epoch 8/150 | Train Loss: 0.0350 | Epoch Time: 0.31s | Spearman@80: 0.8856 | Kendall@80: 0.7205
Epoch 9/150 | Train Loss: 0.0390 | Epoch Time: 0.30s | Spearman@80: 0.9042 | Kendall@80: 0.7404
Epoch 10/150 | Train Loss: 0.0337 | Epoch Time: 0.30s | Spearman@80: 0.9218 | Kendall@80: 0.7747
Epoch 11/150 | Train Loss: 0.0381 | Epoch Time: 0.31s | Spearman@80: 0.8994 | Kendall@80: 0.7523
Epoch 12/150 | Train Loss: 0.0386 | Epoch Time: 0.30s | Spearman@80: 0.8999 | Kendall@80: 0.7332
Epoch 13/150 | Train Loss: 0.0311 | Epoch Time: 0.30s | Spearman@80: 0.8852 | Kendall@80: 0.7175
Epoch 14/150 | Train Loss: 0.0347 | Epoch Time: 0.31s | Spearman@80: 0.9176 | Kendall@80: 0.7684
Epoch 15/150 | Train Loss: 0.0308 | Epoch Time: 0.31s | Spearman@80: 0.9060 | Kendall@80: 0.7529
Epoch 16/150 | Train Loss: 0.0302 | Epoch Time: 0.31s | Spearman@80: 0.9075 | Kendall@80: 0.7455
Epoch 17/150 | Train Loss: 0.0329 | Epoch Time: 0.30s | Spearman@80: 0.9197 | Kendall@80: 0.7716
Epoch 18/150 | Train Loss: 0.0324 | Epoch Time: 0.31s | Spearman@80: 0.8979 | Kendall@80: 0.7447
Epoch 19/150 | Train Loss: 0.0344 | Epoch Time: 0.30s | Spearman@80: 0.9101 | Kendall@80: 0.7474
Epoch 20/150 | Train Loss: 0.0308 | Epoch Time: 0.31s | Spearman@80: 0.8844 | Kendall@80: 0.7266
Epoch 21/150 | Train Loss: 0.0292 | Epoch Time: 0.30s | Spearman@80: 0.9010 | Kendall@80: 0.7402
Epoch 22/150 | Train Loss: 0.0283 | Epoch Time: 0.31s | Spearman@80: 0.9144 | Kendall@80: 0.7635
Epoch 23/150 | Train Loss: 0.0292 | Epoch Time: 0.31s | Spearman@80: 0.9278 | Kendall@80: 0.7786
Epoch 24/150 | Train Loss: 0.0316 | Epoch Time: 0.30s | Spearman@80: 0.9012 | Kendall@80: 0.7393
Epoch 25/150 | Train Loss: 0.0275 | Epoch Time: 0.30s | Spearman@80: 0.9140 | Kendall@80: 0.7542
Epoch 26/150 | Train Loss: 0.0303 | Epoch Time: 0.31s | Spearman@80: 0.8797 | Kendall@80: 0.7090
Epoch 27/150 | Train Loss: 0.0349 | Epoch Time: 0.31s | Spearman@80: 0.9169 | Kendall@80: 0.7599
Epoch 28/150 | Train Loss: 0.0278 | Epoch Time: 0.31s | Spearman@80: 0.9049 | Kendall@80: 0.7536
Epoch 29/150 | Train Loss: 0.0244 | Epoch Time: 0.30s | Spearman@80: 0.9078 | Kendall@80: 0.7540
Epoch 30/150 | Train Loss: 0.0296 | Epoch Time: 0.31s | Spearman@80: 0.8953 | Kendall@80: 0.7275
Epoch 31/150 | Train Loss: 0.0303 | Epoch Time: 0.30s | Spearman@80: 0.8745 | Kendall@80: 0.7074
Epoch 32/150 | Train Loss: 0.0299 | Epoch Time: 0.30s | Spearman@80: 0.9102 | Kendall@80: 0.7568
Epoch 33/150 | Train Loss: 0.0320 | Epoch Time: 0.29s | Spearman@80: 0.8912 | Kendall@80: 0.7328
Epoch 34/150 | Train Loss: 0.0314 | Epoch Time: 0.31s | Spearman@80: 0.8923 | Kendall@80: 0.7207
Epoch 35/150 | Train Loss: 0.0313 | Epoch Time: 0.30s | Spearman@80: 0.9027 | Kendall@80: 0.7491
Epoch 36/150 | Train Loss: 0.0319 | Epoch Time: 0.30s | Spearman@80: 0.8721 | Kendall@80: 0.7161
Epoch 37/150 | Train Loss: 0.0254 | Epoch Time: 0.30s | Spearman@80: 0.9130 | Kendall@80: 0.7557
Epoch 38/150 | Train Loss: 0.0281 | Epoch Time: 0.30s | Spearman@80: 0.9126 | Kendall@80: 0.7544
Epoch 39/150 | Train Loss: 0.0281 | Epoch Time: 0.31s | Spearman@80: 0.9081 | Kendall@80: 0.7455
Epoch 40/150 | Train Loss: 0.0308 | Epoch Time: 0.30s | Spearman@80: 0.9114 | Kendall@80: 0.7510
Epoch 41/150 | Train Loss: 0.0353 | Epoch Time: 0.30s | Spearman@80: 0.9304 | Kendall@80: 0.7806
Epoch 42/150 | Train Loss: 0.0277 | Epoch Time: 0.30s | Spearman@80: 0.9158 | Kendall@80: 0.7635
Epoch 43/150 | Train Loss: 0.0256 | Epoch Time: 0.47s | Spearman@80: 0.8994 | Kendall@80: 0.7320
Epoch 44/150 | Train Loss: 0.0292 | Epoch Time: 0.30s | Spearman@80: 0.8713 | Kendall@80: 0.7088
Epoch 45/150 | Train Loss: 0.0287 | Epoch Time: 0.30s | Spearman@80: 0.9036 | Kendall@80: 0.7448
Epoch 46/150 | Train Loss: 0.0233 | Epoch Time: 0.30s | Spearman@80: 0.8865 | Kendall@80: 0.7264
Epoch 47/150 | Train Loss: 0.0266 | Epoch Time: 0.31s | Spearman@80: 0.8774 | Kendall@80: 0.7243
Epoch 48/150 | Train Loss: 0.0277 | Epoch Time: 0.31s | Spearman@80: 0.9159 | Kendall@80: 0.7579
Epoch 49/150 | Train Loss: 0.0270 | Epoch Time: 0.30s | Spearman@80: 0.8948 | Kendall@80: 0.7268
Epoch 50/150 | Train Loss: 0.0235 | Epoch Time: 0.30s | Spearman@80: 0.8776 | Kendall@80: 0.7129
Epoch 51/150 | Train Loss: 0.0267 | Epoch Time: 0.31s | Spearman@80: 0.9096 | Kendall@80: 0.7612
Epoch 52/150 | Train Loss: 0.0267 | Epoch Time: 0.31s | Spearman@80: 0.9122 | Kendall@80: 0.7597
Epoch 53/150 | Train Loss: 0.0300 | Epoch Time: 0.31s | Spearman@80: 0.9105 | Kendall@80: 0.7574
Epoch 54/150 | Train Loss: 0.0285 | Epoch Time: 0.31s | Spearman@80: 0.9261 | Kendall@80: 0.7678
Epoch 55/150 | Train Loss: 0.0284 | Epoch Time: 0.32s | Spearman@80: 0.8974 | Kendall@80: 0.7387
Epoch 56/150 | Train Loss: 0.0187 | Epoch Time: 0.32s | Spearman@80: 0.8908 | Kendall@80: 0.7281
Epoch 57/150 | Train Loss: 0.0289 | Epoch Time: 0.30s | Spearman@80: 0.8761 | Kendall@80: 0.7099
Epoch 58/150 | Train Loss: 0.0259 | Epoch Time: 0.31s | Spearman@80: 0.8920 | Kendall@80: 0.7328
Epoch 59/150 | Train Loss: 0.0283 | Epoch Time: 0.32s | Spearman@80: 0.9061 | Kendall@80: 0.7491
Epoch 60/150 | Train Loss: 0.0209 | Epoch Time: 0.25s | Spearman@80: 0.9145 | Kendall@80: 0.7584
Epoch 61/150 | Train Loss: 0.0269 | Epoch Time: 0.31s | Spearman@80: 0.8771 | Kendall@80: 0.7139
Epoch 62/150 | Train Loss: 0.0283 | Epoch Time: 0.33s | Spearman@80: 0.8809 | Kendall@80: 0.7122
Epoch 63/150 | Train Loss: 0.0224 | Epoch Time: 0.31s | Spearman@80: 0.8945 | Kendall@80: 0.7345
Epoch 64/150 | Train Loss: 0.0257 | Epoch Time: 0.31s | Spearman@80: 0.8868 | Kendall@80: 0.7296
Epoch 65/150 | Train Loss: 0.0287 | Epoch Time: 0.31s | Spearman@80: 0.8983 | Kendall@80: 0.7413
Epoch 66/150 | Train Loss: 0.0270 | Epoch Time: 0.30s | Spearman@80: 0.8968 | Kendall@80: 0.7383
Epoch 67/150 | Train Loss: 0.0242 | Epoch Time: 0.30s | Spearman@80: 0.8961 | Kendall@80: 0.7362
Epoch 68/150 | Train Loss: 0.0268 | Epoch Time: 0.31s | Spearman@80: 0.8959 | Kendall@80: 0.7427
Epoch 69/150 | Train Loss: 0.0301 | Epoch Time: 0.30s | Spearman@80: 0.9080 | Kendall@80: 0.7605
Epoch 70/150 | Train Loss: 0.0266 | Epoch Time: 0.31s | Spearman@80: 0.8943 | Kendall@80: 0.7349
Epoch 71/150 | Train Loss: 0.0280 | Epoch Time: 0.31s | Spearman@80: 0.9068 | Kendall@80: 0.7474
Epoch 72/150 | Train Loss: 0.0286 | Epoch Time: 0.30s | Spearman@80: 0.8767 | Kendall@80: 0.7156
Epoch 73/150 | Train Loss: 0.0236 | Epoch Time: 0.31s | Spearman@80: 0.8956 | Kendall@80: 0.7425
Epoch 74/150 | Train Loss: 0.0246 | Epoch Time: 0.29s | Spearman@80: 0.9097 | Kendall@80: 0.7565
Epoch 75/150 | Train Loss: 0.0248 | Epoch Time: 0.29s | Spearman@80: 0.8935 | Kendall@80: 0.7368
Epoch 76/150 | Train Loss: 0.0232 | Epoch Time: 0.29s | Spearman@80: 0.8885 | Kendall@80: 0.7324
Epoch 77/150 | Train Loss: 0.0279 | Epoch Time: 0.31s | Spearman@80: 0.9172 | Kendall@80: 0.7624
Epoch 78/150 | Train Loss: 0.0266 | Epoch Time: 0.32s | Spearman@80: 0.8916 | Kendall@80: 0.7320
Epoch 79/150 | Train Loss: 0.0259 | Epoch Time: 0.26s | Spearman@80: 0.9050 | Kendall@80: 0.7500
Epoch 80/150 | Train Loss: 0.0247 | Epoch Time: 0.28s | Spearman@80: 0.8958 | Kendall@80: 0.7434
Epoch 81/150 | Train Loss: 0.0262 | Epoch Time: 0.30s | Spearman@80: 0.8918 | Kendall@80: 0.7338
Epoch 82/150 | Train Loss: 0.0211 | Epoch Time: 0.27s | Spearman@80: 0.9170 | Kendall@80: 0.7650
Epoch 83/150 | Train Loss: 0.0292 | Epoch Time: 0.31s | Spearman@80: 0.9094 | Kendall@80: 0.7567
Epoch 84/150 | Train Loss: 0.0245 | Epoch Time: 0.29s | Spearman@80: 0.9085 | Kendall@80: 0.7542
Epoch 85/150 | Train Loss: 0.0253 | Epoch Time: 0.29s | Spearman@80: 0.8941 | Kendall@80: 0.7353
Epoch 86/150 | Train Loss: 0.0276 | Epoch Time: 0.27s | Spearman@80: 0.8775 | Kendall@80: 0.7173
Epoch 87/150 | Train Loss: 0.0257 | Epoch Time: 0.24s | Spearman@80: 0.9062 | Kendall@80: 0.7549
Epoch 88/150 | Train Loss: 0.0196 | Epoch Time: 0.31s | Spearman@80: 0.8981 | Kendall@80: 0.7440
Epoch 89/150 | Train Loss: 0.0271 | Epoch Time: 0.29s | Spearman@80: 0.9083 | Kendall@80: 0.7554
Epoch 90/150 | Train Loss: 0.0265 | Epoch Time: 0.29s | Spearman@80: 0.9183 | Kendall@80: 0.7630
Epoch 91/150 | Train Loss: 0.0205 | Epoch Time: 0.31s | Spearman@80: 0.9121 | Kendall@80: 0.7603
Epoch 92/150 | Train Loss: 0.0252 | Epoch Time: 0.30s | Spearman@80: 0.9157 | Kendall@80: 0.7649
Epoch 93/150 | Train Loss: 0.0214 | Epoch Time: 0.32s | Spearman@80: 0.9041 | Kendall@80: 0.7508
Epoch 94/150 | Train Loss: 0.0264 | Epoch Time: 0.33s | Spearman@80: 0.8838 | Kendall@80: 0.7192
Epoch 95/150 | Train Loss: 0.0280 | Epoch Time: 0.29s | Spearman@80: 0.8851 | Kendall@80: 0.7197
Epoch 96/150 | Train Loss: 0.0277 | Epoch Time: 0.32s | Spearman@80: 0.8920 | Kendall@80: 0.7339
Epoch 97/150 | Train Loss: 0.0241 | Epoch Time: 0.32s | Spearman@80: 0.8931 | Kendall@80: 0.7317
Epoch 98/150 | Train Loss: 0.0241 | Epoch Time: 0.31s | Spearman@80: 0.9135 | Kendall@80: 0.7610
Epoch 99/150 | Train Loss: 0.0189 | Epoch Time: 0.31s | Spearman@80: 0.9129 | Kendall@80: 0.7614
Epoch 100/150 | Train Loss: 0.0196 | Epoch Time: 0.30s | Spearman@80: 0.8998 | Kendall@80: 0.7417
Epoch 101/150 | Train Loss: 0.0213 | Epoch Time: 0.30s | Spearman@80: 0.9006 | Kendall@80: 0.7476
Epoch 102/150 | Train Loss: 0.0301 | Epoch Time: 0.30s | Spearman@80: 0.9283 | Kendall@80: 0.7794
Epoch 103/150 | Train Loss: 0.0250 | Epoch Time: 0.31s | Spearman@80: 0.9041 | Kendall@80: 0.7506
Epoch 104/150 | Train Loss: 0.0170 | Epoch Time: 0.31s | Spearman@80: 0.8874 | Kendall@80: 0.7250
Epoch 105/150 | Train Loss: 0.0209 | Epoch Time: 0.31s | Spearman@80: 0.8865 | Kendall@80: 0.7243
Epoch 106/150 | Train Loss: 0.0167 | Epoch Time: 0.31s | Spearman@80: 0.8867 | Kendall@80: 0.7231
Epoch 107/150 | Train Loss: 0.0184 | Epoch Time: 0.31s | Spearman@80: 0.8807 | Kendall@80: 0.7211
Epoch 108/150 | Train Loss: 0.0231 | Epoch Time: 0.31s | Spearman@80: 0.8950 | Kendall@80: 0.7362
Epoch 109/150 | Train Loss: 0.0197 | Epoch Time: 0.31s | Spearman@80: 0.8950 | Kendall@80: 0.7343
Epoch 110/150 | Train Loss: 0.0183 | Epoch Time: 0.31s | Spearman@80: 0.8901 | Kendall@80: 0.7288
Epoch 111/150 | Train Loss: 0.0242 | Epoch Time: 0.31s | Spearman@80: 0.8849 | Kendall@80: 0.7281
Epoch 112/150 | Train Loss: 0.0256 | Epoch Time: 0.30s | Spearman@80: 0.8881 | Kendall@80: 0.7281
Epoch 113/150 | Train Loss: 0.0221 | Epoch Time: 0.30s | Spearman@80: 0.9093 | Kendall@80: 0.7574
Epoch 114/150 | Train Loss: 0.0236 | Epoch Time: 0.30s | Spearman@80: 0.8959 | Kendall@80: 0.7427
Epoch 115/150 | Train Loss: 0.0201 | Epoch Time: 0.30s | Spearman@80: 0.8886 | Kendall@80: 0.7330
Epoch 116/150 | Train Loss: 0.0236 | Epoch Time: 0.31s | Spearman@80: 0.8937 | Kendall@80: 0.7413
Epoch 117/150 | Train Loss: 0.0212 | Epoch Time: 0.30s | Spearman@80: 0.8972 | Kendall@80: 0.7478
Epoch 118/150 | Train Loss: 0.0241 | Epoch Time: 0.31s | Spearman@80: 0.8968 | Kendall@80: 0.7375
Epoch 119/150 | Train Loss: 0.0227 | Epoch Time: 0.30s | Spearman@80: 0.9014 | Kendall@80: 0.7510
Epoch 120/150 | Train Loss: 0.0240 | Epoch Time: 0.30s | Spearman@80: 0.8991 | Kendall@80: 0.7491
Epoch 121/150 | Train Loss: 0.0214 | Epoch Time: 0.31s | Spearman@80: 0.9025 | Kendall@80: 0.7508
Epoch 122/150 | Train Loss: 0.0220 | Epoch Time: 0.30s | Spearman@80: 0.8929 | Kendall@80: 0.7400
Epoch 123/150 | Train Loss: 0.0243 | Epoch Time: 0.31s | Spearman@80: 0.8995 | Kendall@80: 0.7428
Epoch 124/150 | Train Loss: 0.0191 | Epoch Time: 0.31s | Spearman@80: 0.8899 | Kendall@80: 0.7313
Epoch 125/150 | Train Loss: 0.0174 | Epoch Time: 0.30s | Spearman@80: 0.8899 | Kendall@80: 0.7342
Epoch 126/150 | Train Loss: 0.0164 | Epoch Time: 0.30s | Spearman@80: 0.8968 | Kendall@80: 0.7394
Epoch 127/150 | Train Loss: 0.0224 | Epoch Time: 0.31s | Spearman@80: 0.8930 | Kendall@80: 0.7361
Epoch 128/150 | Train Loss: 0.0189 | Epoch Time: 0.30s | Spearman@80: 0.8906 | Kendall@80: 0.7307
Epoch 129/150 | Train Loss: 0.0220 | Epoch Time: 0.30s | Spearman@80: 0.8981 | Kendall@80: 0.7394
Epoch 130/150 | Train Loss: 0.0165 | Epoch Time: 0.31s | Spearman@80: 0.8934 | Kendall@80: 0.7361
Epoch 131/150 | Train Loss: 0.0212 | Epoch Time: 0.30s | Spearman@80: 0.8930 | Kendall@80: 0.7427
Epoch 132/150 | Train Loss: 0.0248 | Epoch Time: 0.30s | Spearman@80: 0.9012 | Kendall@80: 0.7436
Epoch 133/150 | Train Loss: 0.0209 | Epoch Time: 0.30s | Spearman@80: 0.8954 | Kendall@80: 0.7413
Epoch 134/150 | Train Loss: 0.0208 | Epoch Time: 0.31s | Spearman@80: 0.8952 | Kendall@80: 0.7377
Epoch 135/150 | Train Loss: 0.0228 | Epoch Time: 0.30s | Spearman@80: 0.8883 | Kendall@80: 0.7290
Epoch 136/150 | Train Loss: 0.0212 | Epoch Time: 0.31s | Spearman@80: 0.8867 | Kendall@80: 0.7262
Epoch 137/150 | Train Loss: 0.0203 | Epoch Time: 0.30s | Spearman@80: 0.8904 | Kendall@80: 0.7355
Epoch 138/150 | Train Loss: 0.0253 | Epoch Time: 0.30s | Spearman@80: 0.8913 | Kendall@80: 0.7323
Epoch 139/150 | Train Loss: 0.0198 | Epoch Time: 0.31s | Spearman@80: 0.8904 | Kendall@80: 0.7326
Epoch 140/150 | Train Loss: 0.0193 | Epoch Time: 0.30s | Spearman@80: 0.8978 | Kendall@80: 0.7419
Epoch 141/150 | Train Loss: 0.0171 | Epoch Time: 0.32s | Spearman@80: 0.8941 | Kendall@80: 0.7332
Epoch 142/150 | Train Loss: 0.0186 | Epoch Time: 0.31s | Spearman@80: 0.8906 | Kendall@80: 0.7286
Epoch 143/150 | Train Loss: 0.0221 | Epoch Time: 0.30s | Spearman@80: 0.8895 | Kendall@80: 0.7279
Epoch 144/150 | Train Loss: 0.0225 | Epoch Time: 0.30s | Spearman@80: 0.8921 | Kendall@80: 0.7317
Epoch 145/150 | Train Loss: 0.0147 | Epoch Time: 0.29s | Spearman@80: 0.8907 | Kendall@80: 0.7313
Epoch 146/150 | Train Loss: 0.0188 | Epoch Time: 0.31s | Spearman@80: 0.8909 | Kendall@80: 0.7298
Epoch 147/150 | Train Loss: 0.0158 | Epoch Time: 1.14s | Spearman@15496: 0.9217 | Kendall@15496: 0.7694
Epoch 148/150 | Train Loss: 0.0189 | Epoch Time: 1.11s | Spearman@15496: 0.9223 | Kendall@15496: 0.7709
Epoch 149/150 | Train Loss: 0.0217 | Epoch Time: 1.15s | Spearman@15496: 0.9222 | Kendall@15496: 0.7704
Epoch 150/150 | Train Loss: 0.0208 | Epoch Time: 1.16s | Spearman@15496: 0.9214 | Kendall@15496: 0.7693
Sample Count: 128, Spearman: 0.9219357751871646, Kendall: 0.7700236100569827
{64: (0.933063303384872, 0.7924108936922698),
 128: (0.9219357751871646, 0.7700236100569827)}
Average KDT:  0.7745392767837606
Variance KDT:  0.0002097637022207092
Average SPR:  0.9216829110895041
Variance SPR:  0.00013748141805392745
Average KDT:  0.7784880411010798
Variance KDT:  0.00034934141462934814
Average SPR:  0.9247056497459929
Variance SPR:  0.00014674831613315878
