Loading Files for NASBench101...
Loading dataset from file... This may take a few minutes...
Loaded dataset in 35 seconds
Loaded files in:  55.32117700576782  seconds
Normalizing ZCP dict
Epoch 1/150 | Train Loss: 0.0944 | Epoch Time: 0.86s | Spearman@80: 0.5709 | Kendall@80: 0.4038
Epoch 2/150 | Train Loss: 0.0743 | Epoch Time: 0.28s | Spearman@80: 0.6937 | Kendall@80: 0.5076
Epoch 3/150 | Train Loss: 0.0592 | Epoch Time: 0.28s | Spearman@80: 0.7832 | Kendall@80: 0.5873
Epoch 4/150 | Train Loss: 0.0543 | Epoch Time: 0.30s | Spearman@80: 0.8160 | Kendall@80: 0.6165
Epoch 5/150 | Train Loss: 0.0517 | Epoch Time: 0.25s | Spearman@80: 0.8318 | Kendall@80: 0.6367
Epoch 6/150 | Train Loss: 0.0420 | Epoch Time: 0.28s | Spearman@80: 0.8376 | Kendall@80: 0.6424
Epoch 7/150 | Train Loss: 0.0378 | Epoch Time: 0.27s | Spearman@80: 0.8035 | Kendall@80: 0.6044
Epoch 8/150 | Train Loss: 0.0389 | Epoch Time: 0.28s | Spearman@80: 0.8287 | Kendall@80: 0.6190
Epoch 9/150 | Train Loss: 0.0302 | Epoch Time: 0.29s | Spearman@80: 0.8585 | Kendall@80: 0.6544
Epoch 10/150 | Train Loss: 0.0279 | Epoch Time: 0.28s | Spearman@80: 0.8676 | Kendall@80: 0.6671
Epoch 11/150 | Train Loss: 0.0350 | Epoch Time: 0.27s | Spearman@80: 0.8526 | Kendall@80: 0.6538
Epoch 12/150 | Train Loss: 0.0263 | Epoch Time: 0.28s | Spearman@80: 0.8363 | Kendall@80: 0.6190
Epoch 13/150 | Train Loss: 0.0292 | Epoch Time: 0.28s | Spearman@80: 0.8589 | Kendall@80: 0.6589
Epoch 14/150 | Train Loss: 0.0301 | Epoch Time: 0.29s | Spearman@80: 0.8640 | Kendall@80: 0.6595
Epoch 15/150 | Train Loss: 0.0396 | Epoch Time: 0.29s | Spearman@80: 0.8329 | Kendall@80: 0.6196
Epoch 16/150 | Train Loss: 0.0271 | Epoch Time: 0.27s | Spearman@80: 0.8566 | Kendall@80: 0.6563
Epoch 17/150 | Train Loss: 0.0284 | Epoch Time: 0.26s | Spearman@80: 0.8675 | Kendall@80: 0.6684
Epoch 18/150 | Train Loss: 0.0363 | Epoch Time: 0.28s | Spearman@80: 0.8610 | Kendall@80: 0.6570
Epoch 19/150 | Train Loss: 0.0318 | Epoch Time: 0.27s | Spearman@80: 0.8582 | Kendall@80: 0.6513
Epoch 20/150 | Train Loss: 0.0257 | Epoch Time: 0.28s | Spearman@80: 0.8459 | Kendall@80: 0.6430
Epoch 21/150 | Train Loss: 0.0350 | Epoch Time: 0.29s | Spearman@80: 0.8557 | Kendall@80: 0.6595
Epoch 22/150 | Train Loss: 0.0277 | Epoch Time: 0.27s | Spearman@80: 0.8669 | Kendall@80: 0.6595
Epoch 23/150 | Train Loss: 0.0312 | Epoch Time: 0.29s | Spearman@80: 0.8459 | Kendall@80: 0.6456
Epoch 24/150 | Train Loss: 0.0260 | Epoch Time: 0.28s | Spearman@80: 0.8408 | Kendall@80: 0.6449
Epoch 25/150 | Train Loss: 0.0223 | Epoch Time: 0.29s | Spearman@80: 0.8404 | Kendall@80: 0.6399
Epoch 26/150 | Train Loss: 0.0258 | Epoch Time: 0.28s | Spearman@80: 0.8515 | Kendall@80: 0.6449
Epoch 27/150 | Train Loss: 0.0249 | Epoch Time: 0.28s | Spearman@80: 0.8520 | Kendall@80: 0.6475
Epoch 28/150 | Train Loss: 0.0236 | Epoch Time: 0.28s | Spearman@80: 0.8498 | Kendall@80: 0.6525
Epoch 29/150 | Train Loss: 0.0302 | Epoch Time: 0.29s | Spearman@80: 0.8765 | Kendall@80: 0.6785
Epoch 30/150 | Train Loss: 0.0262 | Epoch Time: 0.29s | Spearman@80: 0.8718 | Kendall@80: 0.6671
Epoch 31/150 | Train Loss: 0.0256 | Epoch Time: 0.28s | Spearman@80: 0.8523 | Kendall@80: 0.6551
Epoch 32/150 | Train Loss: 0.0259 | Epoch Time: 0.29s | Spearman@80: 0.8342 | Kendall@80: 0.6373
Epoch 33/150 | Train Loss: 0.0177 | Epoch Time: 0.28s | Spearman@80: 0.8433 | Kendall@80: 0.6456
Epoch 34/150 | Train Loss: 0.0222 | Epoch Time: 0.30s | Spearman@80: 0.8478 | Kendall@80: 0.6449
Epoch 35/150 | Train Loss: 0.0330 | Epoch Time: 0.28s | Spearman@80: 0.8530 | Kendall@80: 0.6456
Epoch 36/150 | Train Loss: 0.0273 | Epoch Time: 0.28s | Spearman@80: 0.8473 | Kendall@80: 0.6392
Epoch 37/150 | Train Loss: 0.0302 | Epoch Time: 0.29s | Spearman@80: 0.8566 | Kendall@80: 0.6608
Epoch 38/150 | Train Loss: 0.0250 | Epoch Time: 0.28s | Spearman@80: 0.8704 | Kendall@80: 0.6734
Epoch 39/150 | Train Loss: 0.0281 | Epoch Time: 0.28s | Spearman@80: 0.8578 | Kendall@80: 0.6563
Epoch 40/150 | Train Loss: 0.0314 | Epoch Time: 0.28s | Spearman@80: 0.8620 | Kendall@80: 0.6690
Epoch 41/150 | Train Loss: 0.0248 | Epoch Time: 0.27s | Spearman@80: 0.8467 | Kendall@80: 0.6500
Epoch 42/150 | Train Loss: 0.0269 | Epoch Time: 0.29s | Spearman@80: 0.8562 | Kendall@80: 0.6513
Epoch 43/150 | Train Loss: 0.0252 | Epoch Time: 0.28s | Spearman@80: 0.8277 | Kendall@80: 0.6241
Epoch 44/150 | Train Loss: 0.0234 | Epoch Time: 0.28s | Spearman@80: 0.8518 | Kendall@80: 0.6544
Epoch 45/150 | Train Loss: 0.0229 | Epoch Time: 0.28s | Spearman@80: 0.8466 | Kendall@80: 0.6437
Epoch 46/150 | Train Loss: 0.0340 | Epoch Time: 0.29s | Spearman@80: 0.8606 | Kendall@80: 0.6639
Epoch 47/150 | Train Loss: 0.0252 | Epoch Time: 0.28s | Spearman@80: 0.8759 | Kendall@80: 0.6810
Epoch 48/150 | Train Loss: 0.0243 | Epoch Time: 0.30s | Spearman@80: 0.8743 | Kendall@80: 0.6753
Epoch 49/150 | Train Loss: 0.0265 | Epoch Time: 0.28s | Spearman@80: 0.8791 | Kendall@80: 0.6816
Epoch 50/150 | Train Loss: 0.0199 | Epoch Time: 0.28s | Spearman@80: 0.8778 | Kendall@80: 0.6873
Epoch 51/150 | Train Loss: 0.0322 | Epoch Time: 0.28s | Spearman@80: 0.8660 | Kendall@80: 0.6715
Epoch 52/150 | Train Loss: 0.0207 | Epoch Time: 0.29s | Spearman@80: 0.8573 | Kendall@80: 0.6487
Epoch 53/150 | Train Loss: 0.0316 | Epoch Time: 0.28s | Spearman@80: 0.8644 | Kendall@80: 0.6658
Epoch 54/150 | Train Loss: 0.0257 | Epoch Time: 0.28s | Spearman@80: 0.8629 | Kendall@80: 0.6582
Epoch 55/150 | Train Loss: 0.0218 | Epoch Time: 0.29s | Spearman@80: 0.8581 | Kendall@80: 0.6551
Epoch 56/150 | Train Loss: 0.0228 | Epoch Time: 0.28s | Spearman@80: 0.8664 | Kendall@80: 0.6665
Epoch 57/150 | Train Loss: 0.0198 | Epoch Time: 0.27s | Spearman@80: 0.8456 | Kendall@80: 0.6386
Epoch 58/150 | Train Loss: 0.0261 | Epoch Time: 0.30s | Spearman@80: 0.8638 | Kendall@80: 0.6627
Epoch 59/150 | Train Loss: 0.0210 | Epoch Time: 0.28s | Spearman@80: 0.8746 | Kendall@80: 0.6747
Epoch 60/150 | Train Loss: 0.0300 | Epoch Time: 0.29s | Spearman@80: 0.8581 | Kendall@80: 0.6633
Epoch 61/150 | Train Loss: 0.0291 | Epoch Time: 0.27s | Spearman@80: 0.8470 | Kendall@80: 0.6437
Epoch 62/150 | Train Loss: 0.0225 | Epoch Time: 0.28s | Spearman@80: 0.8714 | Kendall@80: 0.6753
Epoch 63/150 | Train Loss: 0.0186 | Epoch Time: 0.27s | Spearman@80: 0.8721 | Kendall@80: 0.6741
Epoch 64/150 | Train Loss: 0.0190 | Epoch Time: 0.29s | Spearman@80: 0.8632 | Kendall@80: 0.6620
Epoch 65/150 | Train Loss: 0.0216 | Epoch Time: 0.30s | Spearman@80: 0.8612 | Kendall@80: 0.6627
Epoch 66/150 | Train Loss: 0.0193 | Epoch Time: 0.28s | Spearman@80: 0.8516 | Kendall@80: 0.6506
Epoch 67/150 | Train Loss: 0.0226 | Epoch Time: 0.28s | Spearman@80: 0.8488 | Kendall@80: 0.6500
Epoch 68/150 | Train Loss: 0.0211 | Epoch Time: 0.28s | Spearman@80: 0.8545 | Kendall@80: 0.6601
Epoch 69/150 | Train Loss: 0.0283 | Epoch Time: 0.28s | Spearman@80: 0.8423 | Kendall@80: 0.6380
Epoch 70/150 | Train Loss: 0.0199 | Epoch Time: 0.28s | Spearman@80: 0.8477 | Kendall@80: 0.6500
Epoch 71/150 | Train Loss: 0.0246 | Epoch Time: 0.28s | Spearman@80: 0.8485 | Kendall@80: 0.6538
Epoch 72/150 | Train Loss: 0.0237 | Epoch Time: 0.28s | Spearman@80: 0.8619 | Kendall@80: 0.6582
Epoch 73/150 | Train Loss: 0.0263 | Epoch Time: 0.28s | Spearman@80: 0.8485 | Kendall@80: 0.6424
Epoch 74/150 | Train Loss: 0.0178 | Epoch Time: 0.29s | Spearman@80: 0.8625 | Kendall@80: 0.6620
Epoch 75/150 | Train Loss: 0.0252 | Epoch Time: 0.29s | Spearman@80: 0.8517 | Kendall@80: 0.6519
Epoch 76/150 | Train Loss: 0.0336 | Epoch Time: 0.29s | Spearman@80: 0.8506 | Kendall@80: 0.6468
Epoch 77/150 | Train Loss: 0.0190 | Epoch Time: 0.29s | Spearman@80: 0.8558 | Kendall@80: 0.6506
Epoch 78/150 | Train Loss: 0.0176 | Epoch Time: 0.28s | Spearman@80: 0.8605 | Kendall@80: 0.6639
Epoch 79/150 | Train Loss: 0.0241 | Epoch Time: 0.29s | Spearman@80: 0.8698 | Kendall@80: 0.6677
Epoch 80/150 | Train Loss: 0.0200 | Epoch Time: 0.25s | Spearman@80: 0.8748 | Kendall@80: 0.6791
Epoch 81/150 | Train Loss: 0.0246 | Epoch Time: 0.24s | Spearman@80: 0.8836 | Kendall@80: 0.6899
Epoch 82/150 | Train Loss: 0.0228 | Epoch Time: 0.23s | Spearman@80: 0.8888 | Kendall@80: 0.6962
Epoch 83/150 | Train Loss: 0.0187 | Epoch Time: 0.23s | Spearman@80: 0.8810 | Kendall@80: 0.6873
Epoch 84/150 | Train Loss: 0.0177 | Epoch Time: 0.24s | Spearman@80: 0.8778 | Kendall@80: 0.6810
Epoch 85/150 | Train Loss: 0.0220 | Epoch Time: 0.22s | Spearman@80: 0.8689 | Kendall@80: 0.6677
Epoch 86/150 | Train Loss: 0.0210 | Epoch Time: 0.22s | Spearman@80: 0.8590 | Kendall@80: 0.6576
Epoch 87/150 | Train Loss: 0.0262 | Epoch Time: 0.23s | Spearman@80: 0.8482 | Kendall@80: 0.6570
Epoch 88/150 | Train Loss: 0.0247 | Epoch Time: 0.22s | Spearman@80: 0.8598 | Kendall@80: 0.6538
Epoch 89/150 | Train Loss: 0.0201 | Epoch Time: 0.22s | Spearman@80: 0.8625 | Kendall@80: 0.6576
Epoch 90/150 | Train Loss: 0.0183 | Epoch Time: 0.22s | Spearman@80: 0.8700 | Kendall@80: 0.6696
Epoch 91/150 | Train Loss: 0.0238 | Epoch Time: 0.23s | Spearman@80: 0.8596 | Kendall@80: 0.6658
Epoch 92/150 | Train Loss: 0.0144 | Epoch Time: 0.25s | Spearman@80: 0.8658 | Kendall@80: 0.6696
Epoch 93/150 | Train Loss: 0.0155 | Epoch Time: 0.22s | Spearman@80: 0.8657 | Kendall@80: 0.6665
Epoch 94/150 | Train Loss: 0.0164 | Epoch Time: 0.22s | Spearman@80: 0.8715 | Kendall@80: 0.6709
Epoch 95/150 | Train Loss: 0.0247 | Epoch Time: 0.22s | Spearman@80: 0.8704 | Kendall@80: 0.6684
Epoch 96/150 | Train Loss: 0.0198 | Epoch Time: 0.22s | Spearman@80: 0.8694 | Kendall@80: 0.6722
Epoch 97/150 | Train Loss: 0.0171 | Epoch Time: 0.22s | Spearman@80: 0.8611 | Kendall@80: 0.6665
Epoch 98/150 | Train Loss: 0.0214 | Epoch Time: 0.21s | Spearman@80: 0.8702 | Kendall@80: 0.6709
Epoch 99/150 | Train Loss: 0.0182 | Epoch Time: 0.22s | Spearman@80: 0.8719 | Kendall@80: 0.6715
Epoch 100/150 | Train Loss: 0.0180 | Epoch Time: 0.23s | Spearman@80: 0.8664 | Kendall@80: 0.6614
Epoch 101/150 | Train Loss: 0.0211 | Epoch Time: 0.23s | Spearman@80: 0.8672 | Kendall@80: 0.6658
Epoch 102/150 | Train Loss: 0.0177 | Epoch Time: 0.22s | Spearman@80: 0.8703 | Kendall@80: 0.6709
Epoch 103/150 | Train Loss: 0.0155 | Epoch Time: 0.22s | Spearman@80: 0.8727 | Kendall@80: 0.6797
Epoch 104/150 | Train Loss: 0.0283 | Epoch Time: 0.22s | Spearman@80: 0.8745 | Kendall@80: 0.6816
Epoch 105/150 | Train Loss: 0.0165 | Epoch Time: 0.24s | Spearman@80: 0.8744 | Kendall@80: 0.6810
Epoch 106/150 | Train Loss: 0.0199 | Epoch Time: 0.23s | Spearman@80: 0.8663 | Kendall@80: 0.6728
Epoch 107/150 | Train Loss: 0.0155 | Epoch Time: 0.24s | Spearman@80: 0.8722 | Kendall@80: 0.6785
Epoch 108/150 | Train Loss: 0.0173 | Epoch Time: 0.23s | Spearman@80: 0.8703 | Kendall@80: 0.6747
Epoch 109/150 | Train Loss: 0.0208 | Epoch Time: 0.21s | Spearman@80: 0.8685 | Kendall@80: 0.6759
Epoch 110/150 | Train Loss: 0.0203 | Epoch Time: 0.22s | Spearman@80: 0.8639 | Kendall@80: 0.6715
Epoch 111/150 | Train Loss: 0.0218 | Epoch Time: 0.22s | Spearman@80: 0.8656 | Kendall@80: 0.6690
Epoch 112/150 | Train Loss: 0.0185 | Epoch Time: 0.22s | Spearman@80: 0.8622 | Kendall@80: 0.6627
Epoch 113/150 | Train Loss: 0.0144 | Epoch Time: 0.22s | Spearman@80: 0.8638 | Kendall@80: 0.6665
Epoch 114/150 | Train Loss: 0.0170 | Epoch Time: 0.21s | Spearman@80: 0.8600 | Kendall@80: 0.6608
Epoch 115/150 | Train Loss: 0.0142 | Epoch Time: 0.21s | Spearman@80: 0.8666 | Kendall@80: 0.6671
Epoch 116/150 | Train Loss: 0.0196 | Epoch Time: 0.22s | Spearman@80: 0.8600 | Kendall@80: 0.6608
Epoch 117/150 | Train Loss: 0.0179 | Epoch Time: 0.23s | Spearman@80: 0.8652 | Kendall@80: 0.6677
Epoch 118/150 | Train Loss: 0.0161 | Epoch Time: 0.22s | Spearman@80: 0.8647 | Kendall@80: 0.6703
Epoch 119/150 | Train Loss: 0.0191 | Epoch Time: 0.22s | Spearman@80: 0.8664 | Kendall@80: 0.6715
Epoch 120/150 | Train Loss: 0.0104 | Epoch Time: 0.23s | Spearman@80: 0.8659 | Kendall@80: 0.6677
Epoch 121/150 | Train Loss: 0.0193 | Epoch Time: 0.24s | Spearman@80: 0.8647 | Kendall@80: 0.6652
Epoch 122/150 | Train Loss: 0.0156 | Epoch Time: 0.22s | Spearman@80: 0.8660 | Kendall@80: 0.6703
Epoch 123/150 | Train Loss: 0.0212 | Epoch Time: 0.21s | Spearman@80: 0.8716 | Kendall@80: 0.6766
Epoch 124/150 | Train Loss: 0.0143 | Epoch Time: 0.22s | Spearman@80: 0.8736 | Kendall@80: 0.6747
Epoch 125/150 | Train Loss: 0.0190 | Epoch Time: 0.22s | Spearman@80: 0.8648 | Kendall@80: 0.6627
Epoch 126/150 | Train Loss: 0.0158 | Epoch Time: 0.22s | Spearman@80: 0.8659 | Kendall@80: 0.6684
Epoch 127/150 | Train Loss: 0.0192 | Epoch Time: 0.21s | Spearman@80: 0.8668 | Kendall@80: 0.6684
Epoch 128/150 | Train Loss: 0.0149 | Epoch Time: 0.22s | Spearman@80: 0.8666 | Kendall@80: 0.6690
Epoch 129/150 | Train Loss: 0.0132 | Epoch Time: 0.21s | Spearman@80: 0.8663 | Kendall@80: 0.6690
Epoch 130/150 | Train Loss: 0.0189 | Epoch Time: 0.22s | Spearman@80: 0.8640 | Kendall@80: 0.6639
Epoch 131/150 | Train Loss: 0.0184 | Epoch Time: 0.22s | Spearman@80: 0.8675 | Kendall@80: 0.6696
Epoch 132/150 | Train Loss: 0.0171 | Epoch Time: 0.22s | Spearman@80: 0.8673 | Kendall@80: 0.6709
Epoch 133/150 | Train Loss: 0.0153 | Epoch Time: 0.22s | Spearman@80: 0.8670 | Kendall@80: 0.6709
Epoch 134/150 | Train Loss: 0.0199 | Epoch Time: 0.22s | Spearman@80: 0.8669 | Kendall@80: 0.6715
Epoch 135/150 | Train Loss: 0.0168 | Epoch Time: 0.22s | Spearman@80: 0.8629 | Kendall@80: 0.6677
Epoch 136/150 | Train Loss: 0.0124 | Epoch Time: 0.22s | Spearman@80: 0.8639 | Kendall@80: 0.6671
Epoch 137/150 | Train Loss: 0.0193 | Epoch Time: 0.22s | Spearman@80: 0.8658 | Kendall@80: 0.6696
Epoch 138/150 | Train Loss: 0.0170 | Epoch Time: 0.23s | Spearman@80: 0.8643 | Kendall@80: 0.6671
Epoch 139/150 | Train Loss: 0.0153 | Epoch Time: 0.22s | Spearman@80: 0.8628 | Kendall@80: 0.6677
Epoch 140/150 | Train Loss: 0.0244 | Epoch Time: 0.22s | Spearman@80: 0.8655 | Kendall@80: 0.6696
Epoch 141/150 | Train Loss: 0.0175 | Epoch Time: 0.22s | Spearman@80: 0.8659 | Kendall@80: 0.6684
Epoch 142/150 | Train Loss: 0.0192 | Epoch Time: 0.22s | Spearman@80: 0.8682 | Kendall@80: 0.6741
Epoch 143/150 | Train Loss: 0.0141 | Epoch Time: 0.23s | Spearman@80: 0.8646 | Kendall@80: 0.6690
Epoch 144/150 | Train Loss: 0.0132 | Epoch Time: 0.26s | Spearman@80: 0.8677 | Kendall@80: 0.6722
Epoch 145/150 | Train Loss: 0.0175 | Epoch Time: 0.22s | Spearman@80: 0.8690 | Kendall@80: 0.6741
Epoch 146/150 | Train Loss: 0.0145 | Epoch Time: 0.22s | Spearman@80: 0.8682 | Kendall@80: 0.6728
Epoch 147/150 | Train Loss: 0.0139 | Epoch Time: 23.14s | Spearman@423559: 0.8305 | Kendall@423559: 0.6400
Epoch 148/150 | Train Loss: 0.0175 | Epoch Time: 22.90s | Spearman@423559: 0.8297 | Kendall@423559: 0.6392
Epoch 149/150 | Train Loss: 0.0156 | Epoch Time: 23.18s | Spearman@423559: 0.8297 | Kendall@423559: 0.6391
Epoch 150/150 | Train Loss: 0.0158 | Epoch Time: 22.91s | Spearman@423559: 0.8282 | Kendall@423559: 0.6375
Sample Count: 64, Spearman: 0.8295334267505274, Kendall: 0.6389451562252432
{64: (0.8295334267505274, 0.6389451562252432)}
Epoch 1/150 | Train Loss: 0.0760 | Epoch Time: 0.45s | Spearman@80: 0.5518 | Kendall@80: 0.3805
Epoch 2/150 | Train Loss: 0.0541 | Epoch Time: 0.44s | Spearman@80: 0.6141 | Kendall@80: 0.4311
Epoch 3/150 | Train Loss: 0.0472 | Epoch Time: 0.45s | Spearman@80: 0.6359 | Kendall@80: 0.4590
Epoch 4/150 | Train Loss: 0.0413 | Epoch Time: 0.44s | Spearman@80: 0.6741 | Kendall@80: 0.5027
Epoch 5/150 | Train Loss: 0.0422 | Epoch Time: 0.44s | Spearman@80: 0.6597 | Kendall@80: 0.4869
Epoch 6/150 | Train Loss: 0.0495 | Epoch Time: 0.46s | Spearman@80: 0.6858 | Kendall@80: 0.4976
Epoch 7/150 | Train Loss: 0.0406 | Epoch Time: 0.45s | Spearman@80: 0.7286 | Kendall@80: 0.5407
Epoch 8/150 | Train Loss: 0.0421 | Epoch Time: 0.46s | Spearman@80: 0.7499 | Kendall@80: 0.5654
Epoch 9/150 | Train Loss: 0.0413 | Epoch Time: 0.44s | Spearman@80: 0.7359 | Kendall@80: 0.5400
Epoch 10/150 | Train Loss: 0.0466 | Epoch Time: 0.47s | Spearman@80: 0.7037 | Kendall@80: 0.5223
Epoch 11/150 | Train Loss: 0.0351 | Epoch Time: 0.44s | Spearman@80: 0.7305 | Kendall@80: 0.5565
Epoch 12/150 | Train Loss: 0.0410 | Epoch Time: 0.44s | Spearman@80: 0.7774 | Kendall@80: 0.5882
Epoch 13/150 | Train Loss: 0.0392 | Epoch Time: 0.44s | Spearman@80: 0.7866 | Kendall@80: 0.5913
Epoch 14/150 | Train Loss: 0.0409 | Epoch Time: 0.44s | Spearman@80: 0.7831 | Kendall@80: 0.5850
Epoch 15/150 | Train Loss: 0.0384 | Epoch Time: 0.51s | Spearman@80: 0.7319 | Kendall@80: 0.5470
Epoch 16/150 | Train Loss: 0.0332 | Epoch Time: 0.48s | Spearman@80: 0.7908 | Kendall@80: 0.5837
Epoch 17/150 | Train Loss: 0.0393 | Epoch Time: 0.44s | Spearman@80: 0.7374 | Kendall@80: 0.5533
Epoch 18/150 | Train Loss: 0.0433 | Epoch Time: 0.44s | Spearman@80: 0.7966 | Kendall@80: 0.6034
Epoch 19/150 | Train Loss: 0.0384 | Epoch Time: 0.44s | Spearman@80: 0.8107 | Kendall@80: 0.6160
Epoch 20/150 | Train Loss: 0.0361 | Epoch Time: 0.45s | Spearman@80: 0.7773 | Kendall@80: 0.5825
Epoch 21/150 | Train Loss: 0.0296 | Epoch Time: 0.44s | Spearman@80: 0.7893 | Kendall@80: 0.6008
Epoch 22/150 | Train Loss: 0.0417 | Epoch Time: 0.45s | Spearman@80: 0.7931 | Kendall@80: 0.6027
Epoch 23/150 | Train Loss: 0.0407 | Epoch Time: 0.44s | Spearman@80: 0.7837 | Kendall@80: 0.5945
Epoch 24/150 | Train Loss: 0.0317 | Epoch Time: 0.44s | Spearman@80: 0.7781 | Kendall@80: 0.5958
Epoch 25/150 | Train Loss: 0.0351 | Epoch Time: 0.44s | Spearman@80: 0.7699 | Kendall@80: 0.5837
Epoch 26/150 | Train Loss: 0.0334 | Epoch Time: 0.46s | Spearman@80: 0.7131 | Kendall@80: 0.5312
Epoch 27/150 | Train Loss: 0.0297 | Epoch Time: 0.44s | Spearman@80: 0.7922 | Kendall@80: 0.6122
Epoch 28/150 | Train Loss: 0.0325 | Epoch Time: 0.45s | Spearman@80: 0.7876 | Kendall@80: 0.5977
Epoch 29/150 | Train Loss: 0.0305 | Epoch Time: 0.45s | Spearman@80: 0.7779 | Kendall@80: 0.5932
Epoch 30/150 | Train Loss: 0.0305 | Epoch Time: 0.44s | Spearman@80: 0.7647 | Kendall@80: 0.5774
Epoch 31/150 | Train Loss: 0.0363 | Epoch Time: 0.44s | Spearman@80: 0.7874 | Kendall@80: 0.5996
Epoch 32/150 | Train Loss: 0.0298 | Epoch Time: 0.43s | Spearman@80: 0.8078 | Kendall@80: 0.6204
Epoch 33/150 | Train Loss: 0.0357 | Epoch Time: 0.43s | Spearman@80: 0.8163 | Kendall@80: 0.6325
Epoch 34/150 | Train Loss: 0.0313 | Epoch Time: 0.44s | Spearman@80: 0.7489 | Kendall@80: 0.5628
Epoch 35/150 | Train Loss: 0.0397 | Epoch Time: 0.48s | Spearman@80: 0.7886 | Kendall@80: 0.6097
Epoch 36/150 | Train Loss: 0.0275 | Epoch Time: 0.44s | Spearman@80: 0.7558 | Kendall@80: 0.5806
Epoch 37/150 | Train Loss: 0.0281 | Epoch Time: 0.44s | Spearman@80: 0.7741 | Kendall@80: 0.5926
Epoch 38/150 | Train Loss: 0.0385 | Epoch Time: 0.50s | Spearman@80: 0.7699 | Kendall@80: 0.5850
Epoch 39/150 | Train Loss: 0.0264 | Epoch Time: 0.48s | Spearman@80: 0.7998 | Kendall@80: 0.6141
Epoch 40/150 | Train Loss: 0.0294 | Epoch Time: 0.45s | Spearman@80: 0.7981 | Kendall@80: 0.6148
Epoch 41/150 | Train Loss: 0.0299 | Epoch Time: 0.49s | Spearman@80: 0.8030 | Kendall@80: 0.6198
Epoch 42/150 | Train Loss: 0.0253 | Epoch Time: 0.49s | Spearman@80: 0.7706 | Kendall@80: 0.6034
Epoch 43/150 | Train Loss: 0.0270 | Epoch Time: 0.44s | Spearman@80: 0.8225 | Kendall@80: 0.6420
Epoch 44/150 | Train Loss: 0.0285 | Epoch Time: 0.44s | Spearman@80: 0.7840 | Kendall@80: 0.6059
Epoch 45/150 | Train Loss: 0.0240 | Epoch Time: 0.44s | Spearman@80: 0.7775 | Kendall@80: 0.6040
Epoch 46/150 | Train Loss: 0.0294 | Epoch Time: 0.47s | Spearman@80: 0.7761 | Kendall@80: 0.5869
Epoch 47/150 | Train Loss: 0.0282 | Epoch Time: 0.45s | Spearman@80: 0.8247 | Kendall@80: 0.6445
Epoch 48/150 | Train Loss: 0.0281 | Epoch Time: 0.44s | Spearman@80: 0.7693 | Kendall@80: 0.5894
Epoch 49/150 | Train Loss: 0.0295 | Epoch Time: 0.45s | Spearman@80: 0.7617 | Kendall@80: 0.5863
Epoch 50/150 | Train Loss: 0.0301 | Epoch Time: 0.47s | Spearman@80: 0.7194 | Kendall@80: 0.5451
Epoch 51/150 | Train Loss: 0.0250 | Epoch Time: 0.45s | Spearman@80: 0.7140 | Kendall@80: 0.5457
Epoch 52/150 | Train Loss: 0.0287 | Epoch Time: 0.44s | Spearman@80: 0.8099 | Kendall@80: 0.6255
Epoch 53/150 | Train Loss: 0.0256 | Epoch Time: 0.44s | Spearman@80: 0.7913 | Kendall@80: 0.6072
Epoch 54/150 | Train Loss: 0.0287 | Epoch Time: 0.48s | Spearman@80: 0.8138 | Kendall@80: 0.6299
Epoch 55/150 | Train Loss: 0.0332 | Epoch Time: 0.48s | Spearman@80: 0.8347 | Kendall@80: 0.6496
Epoch 56/150 | Train Loss: 0.0274 | Epoch Time: 0.48s | Spearman@80: 0.8433 | Kendall@80: 0.6597
Epoch 57/150 | Train Loss: 0.0272 | Epoch Time: 0.44s | Spearman@80: 0.7741 | Kendall@80: 0.5920
Epoch 58/150 | Train Loss: 0.0261 | Epoch Time: 0.46s | Spearman@80: 0.8149 | Kendall@80: 0.6325
Epoch 59/150 | Train Loss: 0.0259 | Epoch Time: 0.49s | Spearman@80: 0.7368 | Kendall@80: 0.5730
Epoch 60/150 | Train Loss: 0.0225 | Epoch Time: 0.44s | Spearman@80: 0.8049 | Kendall@80: 0.6268
Epoch 61/150 | Train Loss: 0.0223 | Epoch Time: 0.44s | Spearman@80: 0.8126 | Kendall@80: 0.6293
Epoch 62/150 | Train Loss: 0.0287 | Epoch Time: 0.45s | Spearman@80: 0.7703 | Kendall@80: 0.5983
Epoch 63/150 | Train Loss: 0.0265 | Epoch Time: 0.44s | Spearman@80: 0.7942 | Kendall@80: 0.6110
Epoch 64/150 | Train Loss: 0.0274 | Epoch Time: 0.49s | Spearman@80: 0.7700 | Kendall@80: 0.5907
Epoch 65/150 | Train Loss: 0.0239 | Epoch Time: 0.45s | Spearman@80: 0.8057 | Kendall@80: 0.6268
Epoch 66/150 | Train Loss: 0.0298 | Epoch Time: 0.45s | Spearman@80: 0.7005 | Kendall@80: 0.5400
Epoch 67/150 | Train Loss: 0.0277 | Epoch Time: 0.44s | Spearman@80: 0.7912 | Kendall@80: 0.6129
Epoch 68/150 | Train Loss: 0.0287 | Epoch Time: 0.45s | Spearman@80: 0.7545 | Kendall@80: 0.5692
Epoch 69/150 | Train Loss: 0.0307 | Epoch Time: 0.51s | Spearman@80: 0.7883 | Kendall@80: 0.6040
Epoch 70/150 | Train Loss: 0.0235 | Epoch Time: 0.47s | Spearman@80: 0.8274 | Kendall@80: 0.6382
Epoch 71/150 | Train Loss: 0.0290 | Epoch Time: 0.47s | Spearman@80: 0.8005 | Kendall@80: 0.6211
Epoch 72/150 | Train Loss: 0.0256 | Epoch Time: 0.46s | Spearman@80: 0.8113 | Kendall@80: 0.6249
Epoch 73/150 | Train Loss: 0.0216 | Epoch Time: 0.45s | Spearman@80: 0.7810 | Kendall@80: 0.6008
Epoch 74/150 | Train Loss: 0.0249 | Epoch Time: 0.44s | Spearman@80: 0.8300 | Kendall@80: 0.6559
Epoch 75/150 | Train Loss: 0.0239 | Epoch Time: 0.46s | Spearman@80: 0.7854 | Kendall@80: 0.6110
Epoch 76/150 | Train Loss: 0.0227 | Epoch Time: 0.45s | Spearman@80: 0.8209 | Kendall@80: 0.6382
Epoch 77/150 | Train Loss: 0.0229 | Epoch Time: 0.47s | Spearman@80: 0.8418 | Kendall@80: 0.6635
Epoch 78/150 | Train Loss: 0.0222 | Epoch Time: 0.47s | Spearman@80: 0.8002 | Kendall@80: 0.6211
Epoch 79/150 | Train Loss: 0.0282 | Epoch Time: 0.44s | Spearman@80: 0.7964 | Kendall@80: 0.6192
Epoch 80/150 | Train Loss: 0.0212 | Epoch Time: 0.47s | Spearman@80: 0.8378 | Kendall@80: 0.6553
Epoch 81/150 | Train Loss: 0.0253 | Epoch Time: 0.46s | Spearman@80: 0.8089 | Kendall@80: 0.6287
Epoch 82/150 | Train Loss: 0.0226 | Epoch Time: 0.47s | Spearman@80: 0.7893 | Kendall@80: 0.6110
Epoch 83/150 | Train Loss: 0.0237 | Epoch Time: 0.47s | Spearman@80: 0.7955 | Kendall@80: 0.6198
Epoch 84/150 | Train Loss: 0.0249 | Epoch Time: 0.48s | Spearman@80: 0.8245 | Kendall@80: 0.6458
Epoch 85/150 | Train Loss: 0.0232 | Epoch Time: 0.49s | Spearman@80: 0.8105 | Kendall@80: 0.6337
Epoch 86/150 | Train Loss: 0.0190 | Epoch Time: 0.44s | Spearman@80: 0.8258 | Kendall@80: 0.6445
Epoch 87/150 | Train Loss: 0.0214 | Epoch Time: 0.44s | Spearman@80: 0.8184 | Kendall@80: 0.6375
Epoch 88/150 | Train Loss: 0.0211 | Epoch Time: 0.47s | Spearman@80: 0.8054 | Kendall@80: 0.6236
Epoch 89/150 | Train Loss: 0.0170 | Epoch Time: 0.44s | Spearman@80: 0.8220 | Kendall@80: 0.6432
Epoch 90/150 | Train Loss: 0.0212 | Epoch Time: 0.44s | Spearman@80: 0.7864 | Kendall@80: 0.6027
Epoch 91/150 | Train Loss: 0.0212 | Epoch Time: 0.45s | Spearman@80: 0.8264 | Kendall@80: 0.6426
Epoch 92/150 | Train Loss: 0.0238 | Epoch Time: 0.44s | Spearman@80: 0.8317 | Kendall@80: 0.6451
Epoch 93/150 | Train Loss: 0.0212 | Epoch Time: 0.45s | Spearman@80: 0.8284 | Kendall@80: 0.6458
Epoch 94/150 | Train Loss: 0.0208 | Epoch Time: 0.43s | Spearman@80: 0.8089 | Kendall@80: 0.6236
Epoch 95/150 | Train Loss: 0.0247 | Epoch Time: 0.44s | Spearman@80: 0.8223 | Kendall@80: 0.6363
Epoch 96/150 | Train Loss: 0.0207 | Epoch Time: 0.45s | Spearman@80: 0.8285 | Kendall@80: 0.6375
Epoch 97/150 | Train Loss: 0.0224 | Epoch Time: 0.45s | Spearman@80: 0.8267 | Kendall@80: 0.6344
Epoch 98/150 | Train Loss: 0.0206 | Epoch Time: 0.45s | Spearman@80: 0.7772 | Kendall@80: 0.6008
Epoch 99/150 | Train Loss: 0.0213 | Epoch Time: 0.48s | Spearman@80: 0.8454 | Kendall@80: 0.6616
Epoch 100/150 | Train Loss: 0.0256 | Epoch Time: 0.44s | Spearman@80: 0.7968 | Kendall@80: 0.6141
Epoch 101/150 | Train Loss: 0.0165 | Epoch Time: 0.45s | Spearman@80: 0.8473 | Kendall@80: 0.6603
Epoch 102/150 | Train Loss: 0.0196 | Epoch Time: 0.51s | Spearman@80: 0.8277 | Kendall@80: 0.6439
Epoch 103/150 | Train Loss: 0.0218 | Epoch Time: 0.45s | Spearman@80: 0.7998 | Kendall@80: 0.6217
Epoch 104/150 | Train Loss: 0.0191 | Epoch Time: 0.45s | Spearman@80: 0.8148 | Kendall@80: 0.6312
Epoch 105/150 | Train Loss: 0.0198 | Epoch Time: 0.44s | Spearman@80: 0.8197 | Kendall@80: 0.6236
Epoch 106/150 | Train Loss: 0.0179 | Epoch Time: 0.46s | Spearman@80: 0.8183 | Kendall@80: 0.6299
Epoch 107/150 | Train Loss: 0.0260 | Epoch Time: 0.46s | Spearman@80: 0.8179 | Kendall@80: 0.6280
Epoch 108/150 | Train Loss: 0.0211 | Epoch Time: 0.44s | Spearman@80: 0.8485 | Kendall@80: 0.6603
Epoch 109/150 | Train Loss: 0.0180 | Epoch Time: 0.44s | Spearman@80: 0.8423 | Kendall@80: 0.6559
Epoch 110/150 | Train Loss: 0.0174 | Epoch Time: 0.49s | Spearman@80: 0.8177 | Kendall@80: 0.6293
Epoch 111/150 | Train Loss: 0.0207 | Epoch Time: 0.44s | Spearman@80: 0.8251 | Kendall@80: 0.6394
Epoch 112/150 | Train Loss: 0.0230 | Epoch Time: 0.47s | Spearman@80: 0.8336 | Kendall@80: 0.6458
Epoch 113/150 | Train Loss: 0.0171 | Epoch Time: 0.45s | Spearman@80: 0.8247 | Kendall@80: 0.6344
Epoch 114/150 | Train Loss: 0.0216 | Epoch Time: 0.44s | Spearman@80: 0.8319 | Kendall@80: 0.6413
Epoch 115/150 | Train Loss: 0.0168 | Epoch Time: 0.44s | Spearman@80: 0.8411 | Kendall@80: 0.6489
Epoch 116/150 | Train Loss: 0.0181 | Epoch Time: 0.44s | Spearman@80: 0.8264 | Kendall@80: 0.6331
Epoch 117/150 | Train Loss: 0.0210 | Epoch Time: 0.44s | Spearman@80: 0.7877 | Kendall@80: 0.6040
Epoch 118/150 | Train Loss: 0.0197 | Epoch Time: 0.49s | Spearman@80: 0.8325 | Kendall@80: 0.6432
Epoch 119/150 | Train Loss: 0.0153 | Epoch Time: 0.44s | Spearman@80: 0.8262 | Kendall@80: 0.6363
Epoch 120/150 | Train Loss: 0.0161 | Epoch Time: 0.44s | Spearman@80: 0.8275 | Kendall@80: 0.6407
Epoch 121/150 | Train Loss: 0.0161 | Epoch Time: 0.44s | Spearman@80: 0.8344 | Kendall@80: 0.6445
Epoch 122/150 | Train Loss: 0.0180 | Epoch Time: 0.44s | Spearman@80: 0.8249 | Kendall@80: 0.6382
Epoch 123/150 | Train Loss: 0.0167 | Epoch Time: 0.45s | Spearman@80: 0.8262 | Kendall@80: 0.6369
Epoch 124/150 | Train Loss: 0.0149 | Epoch Time: 0.45s | Spearman@80: 0.8185 | Kendall@80: 0.6287
Epoch 125/150 | Train Loss: 0.0160 | Epoch Time: 0.45s | Spearman@80: 0.8213 | Kendall@80: 0.6325
Epoch 126/150 | Train Loss: 0.0164 | Epoch Time: 0.44s | Spearman@80: 0.8297 | Kendall@80: 0.6382
Epoch 127/150 | Train Loss: 0.0201 | Epoch Time: 0.49s | Spearman@80: 0.8070 | Kendall@80: 0.6217
Epoch 128/150 | Train Loss: 0.0164 | Epoch Time: 0.46s | Spearman@80: 0.8020 | Kendall@80: 0.6167
Epoch 129/150 | Train Loss: 0.0162 | Epoch Time: 0.44s | Spearman@80: 0.8198 | Kendall@80: 0.6306
Epoch 130/150 | Train Loss: 0.0177 | Epoch Time: 0.45s | Spearman@80: 0.8259 | Kendall@80: 0.6337
Epoch 131/150 | Train Loss: 0.0147 | Epoch Time: 0.43s | Spearman@80: 0.8303 | Kendall@80: 0.6375
Epoch 132/150 | Train Loss: 0.0155 | Epoch Time: 0.45s | Spearman@80: 0.8234 | Kendall@80: 0.6331
Epoch 133/150 | Train Loss: 0.0150 | Epoch Time: 0.45s | Spearman@80: 0.8272 | Kendall@80: 0.6350
Epoch 134/150 | Train Loss: 0.0139 | Epoch Time: 0.45s | Spearman@80: 0.8253 | Kendall@80: 0.6337
Epoch 135/150 | Train Loss: 0.0196 | Epoch Time: 0.49s | Spearman@80: 0.8280 | Kendall@80: 0.6382
Epoch 136/150 | Train Loss: 0.0239 | Epoch Time: 0.47s | Spearman@80: 0.8244 | Kendall@80: 0.6318
Epoch 137/150 | Train Loss: 0.0171 | Epoch Time: 0.48s | Spearman@80: 0.8216 | Kendall@80: 0.6287
Epoch 138/150 | Train Loss: 0.0184 | Epoch Time: 0.50s | Spearman@80: 0.8189 | Kendall@80: 0.6280
Epoch 139/150 | Train Loss: 0.0137 | Epoch Time: 0.45s | Spearman@80: 0.8185 | Kendall@80: 0.6261
Epoch 140/150 | Train Loss: 0.0187 | Epoch Time: 0.48s | Spearman@80: 0.8215 | Kendall@80: 0.6293
Epoch 141/150 | Train Loss: 0.0180 | Epoch Time: 0.46s | Spearman@80: 0.8238 | Kendall@80: 0.6325
Epoch 142/150 | Train Loss: 0.0185 | Epoch Time: 0.48s | Spearman@80: 0.8255 | Kendall@80: 0.6331
Epoch 143/150 | Train Loss: 0.0195 | Epoch Time: 0.50s | Spearman@80: 0.8261 | Kendall@80: 0.6337
Epoch 144/150 | Train Loss: 0.0130 | Epoch Time: 0.48s | Spearman@80: 0.8214 | Kendall@80: 0.6287
Epoch 145/150 | Train Loss: 0.0161 | Epoch Time: 0.45s | Spearman@80: 0.8225 | Kendall@80: 0.6280
Epoch 146/150 | Train Loss: 0.0185 | Epoch Time: 0.49s | Spearman@80: 0.8226 | Kendall@80: 0.6299
Epoch 147/150 | Train Loss: 0.0146 | Epoch Time: 29.57s | Spearman@423495: 0.8635 | Kendall@423495: 0.6841
Epoch 148/150 | Train Loss: 0.0192 | Epoch Time: 29.39s | Spearman@423495: 0.8642 | Kendall@423495: 0.6848
Epoch 149/150 | Train Loss: 0.0170 | Epoch Time: 29.58s | Spearman@423495: 0.8625 | Kendall@423495: 0.6829
Epoch 150/150 | Train Loss: 0.0188 | Epoch Time: 29.42s | Spearman@423495: 0.8658 | Kendall@423495: 0.6866
Sample Count: 128, Spearman: 0.8640149346485159, Kendall: 0.6846058477337987
{64: (0.8295334267505274, 0.6389451562252432),
 128: (0.8640149346485159, 0.6846058477337987)}
Epoch 1/150 | Train Loss: 0.0985 | Epoch Time: 0.25s | Spearman@80: 0.3736 | Kendall@80: 0.2582
Epoch 2/150 | Train Loss: 0.0777 | Epoch Time: 0.25s | Spearman@80: 0.4310 | Kendall@80: 0.3032
Epoch 3/150 | Train Loss: 0.0816 | Epoch Time: 0.25s | Spearman@80: 0.4826 | Kendall@80: 0.3576
Epoch 4/150 | Train Loss: 0.0755 | Epoch Time: 0.25s | Spearman@80: 0.5520 | Kendall@80: 0.4082
Epoch 5/150 | Train Loss: 0.0605 | Epoch Time: 0.25s | Spearman@80: 0.5690 | Kendall@80: 0.4120
Epoch 6/150 | Train Loss: 0.0615 | Epoch Time: 0.25s | Spearman@80: 0.6530 | Kendall@80: 0.4918
Epoch 7/150 | Train Loss: 0.0513 | Epoch Time: 0.25s | Spearman@80: 0.6524 | Kendall@80: 0.4804
Epoch 8/150 | Train Loss: 0.0484 | Epoch Time: 0.24s | Spearman@80: 0.6953 | Kendall@80: 0.5354
Epoch 9/150 | Train Loss: 0.0503 | Epoch Time: 0.25s | Spearman@80: 0.6569 | Kendall@80: 0.4975
Epoch 10/150 | Train Loss: 0.0481 | Epoch Time: 0.25s | Spearman@80: 0.7023 | Kendall@80: 0.5335
Epoch 11/150 | Train Loss: 0.0449 | Epoch Time: 0.25s | Spearman@80: 0.7237 | Kendall@80: 0.5544
Epoch 12/150 | Train Loss: 0.0418 | Epoch Time: 0.25s | Spearman@80: 0.7145 | Kendall@80: 0.5418
Epoch 13/150 | Train Loss: 0.0371 | Epoch Time: 0.25s | Spearman@80: 0.6657 | Kendall@80: 0.4924
Epoch 14/150 | Train Loss: 0.0416 | Epoch Time: 0.24s | Spearman@80: 0.7266 | Kendall@80: 0.5519
Epoch 15/150 | Train Loss: 0.0325 | Epoch Time: 0.24s | Spearman@80: 0.7139 | Kendall@80: 0.5424
Epoch 16/150 | Train Loss: 0.0407 | Epoch Time: 0.24s | Spearman@80: 0.7358 | Kendall@80: 0.5671
Epoch 17/150 | Train Loss: 0.0267 | Epoch Time: 0.25s | Spearman@80: 0.6988 | Kendall@80: 0.5335
Epoch 18/150 | Train Loss: 0.0319 | Epoch Time: 0.25s | Spearman@80: 0.7016 | Kendall@80: 0.5323
Epoch 19/150 | Train Loss: 0.0270 | Epoch Time: 0.25s | Spearman@80: 0.6566 | Kendall@80: 0.4962
Epoch 20/150 | Train Loss: 0.0270 | Epoch Time: 0.25s | Spearman@80: 0.6867 | Kendall@80: 0.5285
Epoch 21/150 | Train Loss: 0.0298 | Epoch Time: 0.24s | Spearman@80: 0.6821 | Kendall@80: 0.5253
Epoch 22/150 | Train Loss: 0.0317 | Epoch Time: 0.23s | Spearman@80: 0.6992 | Kendall@80: 0.5222
Epoch 23/150 | Train Loss: 0.0212 | Epoch Time: 0.25s | Spearman@80: 0.6866 | Kendall@80: 0.5203
Epoch 24/150 | Train Loss: 0.0274 | Epoch Time: 0.25s | Spearman@80: 0.6758 | Kendall@80: 0.5076
Epoch 25/150 | Train Loss: 0.0282 | Epoch Time: 0.25s | Spearman@80: 0.6757 | Kendall@80: 0.5196
Epoch 26/150 | Train Loss: 0.0370 | Epoch Time: 0.25s | Spearman@80: 0.6512 | Kendall@80: 0.4842
Epoch 27/150 | Train Loss: 0.0316 | Epoch Time: 0.24s | Spearman@80: 0.6428 | Kendall@80: 0.4861
Epoch 28/150 | Train Loss: 0.0347 | Epoch Time: 0.26s | Spearman@80: 0.6789 | Kendall@80: 0.5152
Epoch 29/150 | Train Loss: 0.0316 | Epoch Time: 0.24s | Spearman@80: 0.6811 | Kendall@80: 0.5146
Epoch 30/150 | Train Loss: 0.0311 | Epoch Time: 0.23s | Spearman@80: 0.6984 | Kendall@80: 0.5304
Epoch 31/150 | Train Loss: 0.0349 | Epoch Time: 0.25s | Spearman@80: 0.6919 | Kendall@80: 0.5165
Epoch 32/150 | Train Loss: 0.0301 | Epoch Time: 0.25s | Spearman@80: 0.6892 | Kendall@80: 0.5076
Epoch 33/150 | Train Loss: 0.0271 | Epoch Time: 0.25s | Spearman@80: 0.6863 | Kendall@80: 0.5259
Epoch 34/150 | Train Loss: 0.0287 | Epoch Time: 0.25s | Spearman@80: 0.6523 | Kendall@80: 0.4937
Epoch 35/150 | Train Loss: 0.0227 | Epoch Time: 0.25s | Spearman@80: 0.6258 | Kendall@80: 0.4696
Epoch 36/150 | Train Loss: 0.0285 | Epoch Time: 0.25s | Spearman@80: 0.6742 | Kendall@80: 0.5139
Epoch 37/150 | Train Loss: 0.0339 | Epoch Time: 0.25s | Spearman@80: 0.7131 | Kendall@80: 0.5253
Epoch 38/150 | Train Loss: 0.0295 | Epoch Time: 0.24s | Spearman@80: 0.7105 | Kendall@80: 0.5342
Epoch 39/150 | Train Loss: 0.0252 | Epoch Time: 0.24s | Spearman@80: 0.6575 | Kendall@80: 0.4968
Epoch 40/150 | Train Loss: 0.0276 | Epoch Time: 0.25s | Spearman@80: 0.6206 | Kendall@80: 0.4601
Epoch 41/150 | Train Loss: 0.0437 | Epoch Time: 0.24s | Spearman@80: 0.6682 | Kendall@80: 0.5082
Epoch 42/150 | Train Loss: 0.0212 | Epoch Time: 0.23s | Spearman@80: 0.7009 | Kendall@80: 0.5348
Epoch 43/150 | Train Loss: 0.0331 | Epoch Time: 0.25s | Spearman@80: 0.7005 | Kendall@80: 0.5386
Epoch 44/150 | Train Loss: 0.0196 | Epoch Time: 0.25s | Spearman@80: 0.6835 | Kendall@80: 0.5095
Epoch 45/150 | Train Loss: 0.0338 | Epoch Time: 0.23s | Spearman@80: 0.6898 | Kendall@80: 0.5247
Epoch 46/150 | Train Loss: 0.0257 | Epoch Time: 0.24s | Spearman@80: 0.6927 | Kendall@80: 0.5291
Epoch 47/150 | Train Loss: 0.0205 | Epoch Time: 0.25s | Spearman@80: 0.6901 | Kendall@80: 0.5133
Epoch 48/150 | Train Loss: 0.0215 | Epoch Time: 0.24s | Spearman@80: 0.6893 | Kendall@80: 0.5184
Epoch 49/150 | Train Loss: 0.0233 | Epoch Time: 0.24s | Spearman@80: 0.6872 | Kendall@80: 0.5196
Epoch 50/150 | Train Loss: 0.0191 | Epoch Time: 0.25s | Spearman@80: 0.6746 | Kendall@80: 0.5070
Epoch 51/150 | Train Loss: 0.0195 | Epoch Time: 0.27s | Spearman@80: 0.6412 | Kendall@80: 0.4829
Epoch 52/150 | Train Loss: 0.0283 | Epoch Time: 0.25s | Spearman@80: 0.6653 | Kendall@80: 0.5019
Epoch 53/150 | Train Loss: 0.0254 | Epoch Time: 0.24s | Spearman@80: 0.6809 | Kendall@80: 0.5139
Epoch 54/150 | Train Loss: 0.0239 | Epoch Time: 0.25s | Spearman@80: 0.6760 | Kendall@80: 0.5070
Epoch 55/150 | Train Loss: 0.0266 | Epoch Time: 0.23s | Spearman@80: 0.6600 | Kendall@80: 0.4937
Epoch 56/150 | Train Loss: 0.0246 | Epoch Time: 0.24s | Spearman@80: 0.6456 | Kendall@80: 0.4854
Epoch 57/150 | Train Loss: 0.0238 | Epoch Time: 0.25s | Spearman@80: 0.6531 | Kendall@80: 0.4880
Epoch 58/150 | Train Loss: 0.0318 | Epoch Time: 0.25s | Spearman@80: 0.6637 | Kendall@80: 0.4994
Epoch 59/150 | Train Loss: 0.0199 | Epoch Time: 0.24s | Spearman@80: 0.6777 | Kendall@80: 0.5108
Epoch 60/150 | Train Loss: 0.0244 | Epoch Time: 0.25s | Spearman@80: 0.6706 | Kendall@80: 0.5013
Epoch 61/150 | Train Loss: 0.0190 | Epoch Time: 0.24s | Spearman@80: 0.6549 | Kendall@80: 0.4905
Epoch 62/150 | Train Loss: 0.0250 | Epoch Time: 0.25s | Spearman@80: 0.7009 | Kendall@80: 0.5196
Epoch 63/150 | Train Loss: 0.0163 | Epoch Time: 0.24s | Spearman@80: 0.7111 | Kendall@80: 0.5348
Epoch 64/150 | Train Loss: 0.0226 | Epoch Time: 0.25s | Spearman@80: 0.6945 | Kendall@80: 0.5259
Epoch 65/150 | Train Loss: 0.0142 | Epoch Time: 0.24s | Spearman@80: 0.7021 | Kendall@80: 0.5399
Epoch 66/150 | Train Loss: 0.0213 | Epoch Time: 0.25s | Spearman@80: 0.6704 | Kendall@80: 0.5063
Epoch 67/150 | Train Loss: 0.0275 | Epoch Time: 0.25s | Spearman@80: 0.7010 | Kendall@80: 0.5196
Epoch 68/150 | Train Loss: 0.0203 | Epoch Time: 0.24s | Spearman@80: 0.6889 | Kendall@80: 0.5146
Epoch 69/150 | Train Loss: 0.0302 | Epoch Time: 0.24s | Spearman@80: 0.7102 | Kendall@80: 0.5411
Epoch 70/150 | Train Loss: 0.0268 | Epoch Time: 0.25s | Spearman@80: 0.6977 | Kendall@80: 0.5335
Epoch 71/150 | Train Loss: 0.0213 | Epoch Time: 0.25s | Spearman@80: 0.7133 | Kendall@80: 0.5424
Epoch 72/150 | Train Loss: 0.0198 | Epoch Time: 0.25s | Spearman@80: 0.7094 | Kendall@80: 0.5424
Epoch 73/150 | Train Loss: 0.0166 | Epoch Time: 0.24s | Spearman@80: 0.7073 | Kendall@80: 0.5380
Epoch 74/150 | Train Loss: 0.0264 | Epoch Time: 0.27s | Spearman@80: 0.7012 | Kendall@80: 0.5310
Epoch 75/150 | Train Loss: 0.0220 | Epoch Time: 0.25s | Spearman@80: 0.6973 | Kendall@80: 0.5278
Epoch 76/150 | Train Loss: 0.0272 | Epoch Time: 0.23s | Spearman@80: 0.7082 | Kendall@80: 0.5278
Epoch 77/150 | Train Loss: 0.0262 | Epoch Time: 0.25s | Spearman@80: 0.6878 | Kendall@80: 0.5095
Epoch 78/150 | Train Loss: 0.0204 | Epoch Time: 0.24s | Spearman@80: 0.6700 | Kendall@80: 0.4981
Epoch 79/150 | Train Loss: 0.0204 | Epoch Time: 0.23s | Spearman@80: 0.6907 | Kendall@80: 0.5120
Epoch 80/150 | Train Loss: 0.0145 | Epoch Time: 0.24s | Spearman@80: 0.6836 | Kendall@80: 0.5165
Epoch 81/150 | Train Loss: 0.0172 | Epoch Time: 0.24s | Spearman@80: 0.6822 | Kendall@80: 0.5152
Epoch 82/150 | Train Loss: 0.0174 | Epoch Time: 0.23s | Spearman@80: 0.7183 | Kendall@80: 0.5386
Epoch 83/150 | Train Loss: 0.0213 | Epoch Time: 0.24s | Spearman@80: 0.7023 | Kendall@80: 0.5259
Epoch 84/150 | Train Loss: 0.0207 | Epoch Time: 0.24s | Spearman@80: 0.6759 | Kendall@80: 0.5101
Epoch 85/150 | Train Loss: 0.0247 | Epoch Time: 0.24s | Spearman@80: 0.6818 | Kendall@80: 0.5234
Epoch 86/150 | Train Loss: 0.0189 | Epoch Time: 0.24s | Spearman@80: 0.6956 | Kendall@80: 0.5259
Epoch 87/150 | Train Loss: 0.0283 | Epoch Time: 0.24s | Spearman@80: 0.6986 | Kendall@80: 0.5190
Epoch 88/150 | Train Loss: 0.0202 | Epoch Time: 0.25s | Spearman@80: 0.6741 | Kendall@80: 0.4956
Epoch 89/150 | Train Loss: 0.0166 | Epoch Time: 0.25s | Spearman@80: 0.6778 | Kendall@80: 0.4962
Epoch 90/150 | Train Loss: 0.0183 | Epoch Time: 0.25s | Spearman@80: 0.6970 | Kendall@80: 0.5146
Epoch 91/150 | Train Loss: 0.0180 | Epoch Time: 0.24s | Spearman@80: 0.7045 | Kendall@80: 0.5241
Epoch 92/150 | Train Loss: 0.0268 | Epoch Time: 0.25s | Spearman@80: 0.6792 | Kendall@80: 0.5095
Epoch 93/150 | Train Loss: 0.0242 | Epoch Time: 0.23s | Spearman@80: 0.6691 | Kendall@80: 0.4937
Epoch 94/150 | Train Loss: 0.0188 | Epoch Time: 0.24s | Spearman@80: 0.6779 | Kendall@80: 0.5051
Epoch 95/150 | Train Loss: 0.0212 | Epoch Time: 0.25s | Spearman@80: 0.6742 | Kendall@80: 0.5000
Epoch 96/150 | Train Loss: 0.0180 | Epoch Time: 0.24s | Spearman@80: 0.6624 | Kendall@80: 0.4937
Epoch 97/150 | Train Loss: 0.0137 | Epoch Time: 0.24s | Spearman@80: 0.6910 | Kendall@80: 0.5158
Epoch 98/150 | Train Loss: 0.0177 | Epoch Time: 0.25s | Spearman@80: 0.6964 | Kendall@80: 0.5259
Epoch 99/150 | Train Loss: 0.0138 | Epoch Time: 0.24s | Spearman@80: 0.6867 | Kendall@80: 0.5165
Epoch 100/150 | Train Loss: 0.0192 | Epoch Time: 0.23s | Spearman@80: 0.6898 | Kendall@80: 0.5196
Epoch 101/150 | Train Loss: 0.0206 | Epoch Time: 0.23s | Spearman@80: 0.7008 | Kendall@80: 0.5285
Epoch 102/150 | Train Loss: 0.0149 | Epoch Time: 0.23s | Spearman@80: 0.7009 | Kendall@80: 0.5234
Epoch 103/150 | Train Loss: 0.0207 | Epoch Time: 0.25s | Spearman@80: 0.6809 | Kendall@80: 0.5051
Epoch 104/150 | Train Loss: 0.0135 | Epoch Time: 0.26s | Spearman@80: 0.6733 | Kendall@80: 0.4968
Epoch 105/150 | Train Loss: 0.0113 | Epoch Time: 0.24s | Spearman@80: 0.6636 | Kendall@80: 0.4905
Epoch 106/150 | Train Loss: 0.0177 | Epoch Time: 0.24s | Spearman@80: 0.6728 | Kendall@80: 0.5013
Epoch 107/150 | Train Loss: 0.0137 | Epoch Time: 0.25s | Spearman@80: 0.6656 | Kendall@80: 0.4949
Epoch 108/150 | Train Loss: 0.0163 | Epoch Time: 0.25s | Spearman@80: 0.6593 | Kendall@80: 0.4905
Epoch 109/150 | Train Loss: 0.0181 | Epoch Time: 0.25s | Spearman@80: 0.6569 | Kendall@80: 0.4880
Epoch 110/150 | Train Loss: 0.0151 | Epoch Time: 0.26s | Spearman@80: 0.6694 | Kendall@80: 0.4962
Epoch 111/150 | Train Loss: 0.0173 | Epoch Time: 0.24s | Spearman@80: 0.6791 | Kendall@80: 0.5070
Epoch 112/150 | Train Loss: 0.0140 | Epoch Time: 0.23s | Spearman@80: 0.6701 | Kendall@80: 0.4975
Epoch 113/150 | Train Loss: 0.0141 | Epoch Time: 0.23s | Spearman@80: 0.6584 | Kendall@80: 0.4867
Epoch 114/150 | Train Loss: 0.0227 | Epoch Time: 0.25s | Spearman@80: 0.6478 | Kendall@80: 0.4766
Epoch 115/150 | Train Loss: 0.0194 | Epoch Time: 0.25s | Spearman@80: 0.6626 | Kendall@80: 0.4899
Epoch 116/150 | Train Loss: 0.0159 | Epoch Time: 0.25s | Spearman@80: 0.6719 | Kendall@80: 0.4981
Epoch 117/150 | Train Loss: 0.0149 | Epoch Time: 0.23s | Spearman@80: 0.6686 | Kendall@80: 0.4968
Epoch 118/150 | Train Loss: 0.0104 | Epoch Time: 0.25s | Spearman@80: 0.6646 | Kendall@80: 0.4899
Epoch 119/150 | Train Loss: 0.0104 | Epoch Time: 0.24s | Spearman@80: 0.6671 | Kendall@80: 0.4930
Epoch 120/150 | Train Loss: 0.0174 | Epoch Time: 0.25s | Spearman@80: 0.6670 | Kendall@80: 0.4930
Epoch 121/150 | Train Loss: 0.0104 | Epoch Time: 0.24s | Spearman@80: 0.6692 | Kendall@80: 0.4949
Epoch 122/150 | Train Loss: 0.0197 | Epoch Time: 0.24s | Spearman@80: 0.6699 | Kendall@80: 0.4962
Epoch 123/150 | Train Loss: 0.0260 | Epoch Time: 0.24s | Spearman@80: 0.6787 | Kendall@80: 0.5082
Epoch 124/150 | Train Loss: 0.0158 | Epoch Time: 0.25s | Spearman@80: 0.6755 | Kendall@80: 0.5038
Epoch 125/150 | Train Loss: 0.0147 | Epoch Time: 0.24s | Spearman@80: 0.6641 | Kendall@80: 0.4924
Epoch 126/150 | Train Loss: 0.0167 | Epoch Time: 0.25s | Spearman@80: 0.6608 | Kendall@80: 0.4911
Epoch 127/150 | Train Loss: 0.0207 | Epoch Time: 0.25s | Spearman@80: 0.6604 | Kendall@80: 0.4886
Epoch 128/150 | Train Loss: 0.0164 | Epoch Time: 0.23s | Spearman@80: 0.6651 | Kendall@80: 0.4956
Epoch 129/150 | Train Loss: 0.0146 | Epoch Time: 0.25s | Spearman@80: 0.6780 | Kendall@80: 0.5032
Epoch 130/150 | Train Loss: 0.0161 | Epoch Time: 0.25s | Spearman@80: 0.6687 | Kendall@80: 0.4949
Epoch 131/150 | Train Loss: 0.0117 | Epoch Time: 0.24s | Spearman@80: 0.6694 | Kendall@80: 0.4949
Epoch 132/150 | Train Loss: 0.0092 | Epoch Time: 0.25s | Spearman@80: 0.6724 | Kendall@80: 0.4956
Epoch 133/150 | Train Loss: 0.0141 | Epoch Time: 0.24s | Spearman@80: 0.6691 | Kendall@80: 0.4937
Epoch 134/150 | Train Loss: 0.0154 | Epoch Time: 0.23s | Spearman@80: 0.6688 | Kendall@80: 0.4949
Epoch 135/150 | Train Loss: 0.0220 | Epoch Time: 0.25s | Spearman@80: 0.6662 | Kendall@80: 0.4911
Epoch 136/150 | Train Loss: 0.0135 | Epoch Time: 0.23s | Spearman@80: 0.6661 | Kendall@80: 0.4924
Epoch 137/150 | Train Loss: 0.0153 | Epoch Time: 0.23s | Spearman@80: 0.6683 | Kendall@80: 0.4975
Epoch 138/150 | Train Loss: 0.0185 | Epoch Time: 0.24s | Spearman@80: 0.6672 | Kendall@80: 0.4962
Epoch 139/150 | Train Loss: 0.0150 | Epoch Time: 0.25s | Spearman@80: 0.6685 | Kendall@80: 0.4949
Epoch 140/150 | Train Loss: 0.0139 | Epoch Time: 0.25s | Spearman@80: 0.6690 | Kendall@80: 0.4949
Epoch 141/150 | Train Loss: 0.0165 | Epoch Time: 0.25s | Spearman@80: 0.6658 | Kendall@80: 0.4924
Epoch 142/150 | Train Loss: 0.0123 | Epoch Time: 0.24s | Spearman@80: 0.6716 | Kendall@80: 0.4987
Epoch 143/150 | Train Loss: 0.0162 | Epoch Time: 0.25s | Spearman@80: 0.6746 | Kendall@80: 0.4994
Epoch 144/150 | Train Loss: 0.0111 | Epoch Time: 0.25s | Spearman@80: 0.6709 | Kendall@80: 0.4987
Epoch 145/150 | Train Loss: 0.0155 | Epoch Time: 0.24s | Spearman@80: 0.6666 | Kendall@80: 0.4962
Epoch 146/150 | Train Loss: 0.0091 | Epoch Time: 0.24s | Spearman@80: 0.6686 | Kendall@80: 0.4968
Epoch 147/150 | Train Loss: 0.0140 | Epoch Time: 29.42s | Spearman@423559: 0.8089 | Kendall@423559: 0.6189
Epoch 148/150 | Train Loss: 0.0134 | Epoch Time: 29.67s | Spearman@423559: 0.8078 | Kendall@423559: 0.6179
Epoch 149/150 | Train Loss: 0.0155 | Epoch Time: 29.46s | Spearman@423559: 0.8069 | Kendall@423559: 0.6168
Epoch 150/150 | Train Loss: 0.0123 | Epoch Time: 29.69s | Spearman@423559: 0.8074 | Kendall@423559: 0.6175
Sample Count: 64, Spearman: 0.8077355584181382, Kendall: 0.6177835154579125
{64: (0.8077355584181382, 0.6177835154579125),
 128: (0.8640149346485159, 0.6846058477337987)}
Epoch 1/150 | Train Loss: 0.0882 | Epoch Time: 0.50s | Spearman@80: 0.4554 | Kendall@80: 0.3338
Epoch 2/150 | Train Loss: 0.0688 | Epoch Time: 0.49s | Spearman@80: 0.5926 | Kendall@80: 0.4364
Epoch 3/150 | Train Loss: 0.0607 | Epoch Time: 0.49s | Spearman@80: 0.6190 | Kendall@80: 0.4598
Epoch 4/150 | Train Loss: 0.0561 | Epoch Time: 0.51s | Spearman@80: 0.6856 | Kendall@80: 0.5218
Epoch 5/150 | Train Loss: 0.0557 | Epoch Time: 0.50s | Spearman@80: 0.7440 | Kendall@80: 0.5700
Epoch 6/150 | Train Loss: 0.0476 | Epoch Time: 0.49s | Spearman@80: 0.7056 | Kendall@80: 0.5491
Epoch 7/150 | Train Loss: 0.0435 | Epoch Time: 0.47s | Spearman@80: 0.7188 | Kendall@80: 0.5636
Epoch 8/150 | Train Loss: 0.0488 | Epoch Time: 0.48s | Spearman@80: 0.7221 | Kendall@80: 0.5617
Epoch 9/150 | Train Loss: 0.0477 | Epoch Time: 0.52s | Spearman@80: 0.6788 | Kendall@80: 0.5282
Epoch 10/150 | Train Loss: 0.0544 | Epoch Time: 0.49s | Spearman@80: 0.7763 | Kendall@80: 0.5972
Epoch 11/150 | Train Loss: 0.0492 | Epoch Time: 0.50s | Spearman@80: 0.7676 | Kendall@80: 0.6061
Epoch 12/150 | Train Loss: 0.0531 | Epoch Time: 0.50s | Spearman@80: 0.7713 | Kendall@80: 0.6073
Epoch 13/150 | Train Loss: 0.0447 | Epoch Time: 0.50s | Spearman@80: 0.7720 | Kendall@80: 0.5788
Epoch 14/150 | Train Loss: 0.0484 | Epoch Time: 0.50s | Spearman@80: 0.6509 | Kendall@80: 0.5111
Epoch 15/150 | Train Loss: 0.0585 | Epoch Time: 0.48s | Spearman@80: 0.7530 | Kendall@80: 0.5687
Epoch 16/150 | Train Loss: 0.0445 | Epoch Time: 0.49s | Spearman@80: 0.7672 | Kendall@80: 0.5896
Epoch 17/150 | Train Loss: 0.0465 | Epoch Time: 0.49s | Spearman@80: 0.7435 | Kendall@80: 0.5712
Epoch 18/150 | Train Loss: 0.0451 | Epoch Time: 0.48s | Spearman@80: 0.7777 | Kendall@80: 0.6042
Epoch 19/150 | Train Loss: 0.0518 | Epoch Time: 0.49s | Spearman@80: 0.7393 | Kendall@80: 0.5782
Epoch 20/150 | Train Loss: 0.0403 | Epoch Time: 0.49s | Spearman@80: 0.7809 | Kendall@80: 0.5953
Epoch 21/150 | Train Loss: 0.0420 | Epoch Time: 0.47s | Spearman@80: 0.7491 | Kendall@80: 0.5858
Epoch 22/150 | Train Loss: 0.0475 | Epoch Time: 0.49s | Spearman@80: 0.7975 | Kendall@80: 0.6124
Epoch 23/150 | Train Loss: 0.0443 | Epoch Time: 0.51s | Spearman@80: 0.7594 | Kendall@80: 0.5814
Epoch 24/150 | Train Loss: 0.0424 | Epoch Time: 0.52s | Spearman@80: 0.7696 | Kendall@80: 0.5972
Epoch 25/150 | Train Loss: 0.0393 | Epoch Time: 0.49s | Spearman@80: 0.8176 | Kendall@80: 0.6472
Epoch 26/150 | Train Loss: 0.0395 | Epoch Time: 0.49s | Spearman@80: 0.7744 | Kendall@80: 0.6042
Epoch 27/150 | Train Loss: 0.0480 | Epoch Time: 0.49s | Spearman@80: 0.8001 | Kendall@80: 0.6200
Epoch 28/150 | Train Loss: 0.0384 | Epoch Time: 0.48s | Spearman@80: 0.8324 | Kendall@80: 0.6517
Epoch 29/150 | Train Loss: 0.0409 | Epoch Time: 0.50s | Spearman@80: 0.7560 | Kendall@80: 0.5864
Epoch 30/150 | Train Loss: 0.0392 | Epoch Time: 0.51s | Spearman@80: 0.7987 | Kendall@80: 0.6194
Epoch 31/150 | Train Loss: 0.0492 | Epoch Time: 0.49s | Spearman@80: 0.8227 | Kendall@80: 0.6422
Epoch 32/150 | Train Loss: 0.0443 | Epoch Time: 0.50s | Spearman@80: 0.7862 | Kendall@80: 0.6194
Epoch 33/150 | Train Loss: 0.0433 | Epoch Time: 0.47s | Spearman@80: 0.8063 | Kendall@80: 0.6200
Epoch 34/150 | Train Loss: 0.0385 | Epoch Time: 0.49s | Spearman@80: 0.8298 | Kendall@80: 0.6479
Epoch 35/150 | Train Loss: 0.0452 | Epoch Time: 0.49s | Spearman@80: 0.8251 | Kendall@80: 0.6333
Epoch 36/150 | Train Loss: 0.0413 | Epoch Time: 0.49s | Spearman@80: 0.7649 | Kendall@80: 0.6067
Epoch 37/150 | Train Loss: 0.0387 | Epoch Time: 0.50s | Spearman@80: 0.8311 | Kendall@80: 0.6472
Epoch 38/150 | Train Loss: 0.0371 | Epoch Time: 0.49s | Spearman@80: 0.8225 | Kendall@80: 0.6517
Epoch 39/150 | Train Loss: 0.0395 | Epoch Time: 0.50s | Spearman@80: 0.8179 | Kendall@80: 0.6517
Epoch 40/150 | Train Loss: 0.0344 | Epoch Time: 0.50s | Spearman@80: 0.8688 | Kendall@80: 0.6941
Epoch 41/150 | Train Loss: 0.0368 | Epoch Time: 0.52s | Spearman@80: 0.8477 | Kendall@80: 0.6732
Epoch 42/150 | Train Loss: 0.0375 | Epoch Time: 0.49s | Spearman@80: 0.8355 | Kendall@80: 0.6555
Epoch 43/150 | Train Loss: 0.0353 | Epoch Time: 0.48s | Spearman@80: 0.8539 | Kendall@80: 0.6700
Epoch 44/150 | Train Loss: 0.0347 | Epoch Time: 0.48s | Spearman@80: 0.8591 | Kendall@80: 0.6757
Epoch 45/150 | Train Loss: 0.0296 | Epoch Time: 0.50s | Spearman@80: 0.8588 | Kendall@80: 0.6802
Epoch 46/150 | Train Loss: 0.0372 | Epoch Time: 0.49s | Spearman@80: 0.8751 | Kendall@80: 0.6922
Epoch 47/150 | Train Loss: 0.0388 | Epoch Time: 0.49s | Spearman@80: 0.8086 | Kendall@80: 0.6333
Epoch 48/150 | Train Loss: 0.0393 | Epoch Time: 0.47s | Spearman@80: 0.8616 | Kendall@80: 0.6871
Epoch 49/150 | Train Loss: 0.0299 | Epoch Time: 0.48s | Spearman@80: 0.8627 | Kendall@80: 0.6745
Epoch 50/150 | Train Loss: 0.0323 | Epoch Time: 0.50s | Spearman@80: 0.8534 | Kendall@80: 0.6726
Epoch 51/150 | Train Loss: 0.0308 | Epoch Time: 0.49s | Spearman@80: 0.8656 | Kendall@80: 0.6846
Epoch 52/150 | Train Loss: 0.0366 | Epoch Time: 0.49s | Spearman@80: 0.8498 | Kendall@80: 0.6662
Epoch 53/150 | Train Loss: 0.0303 | Epoch Time: 0.47s | Spearman@80: 0.8394 | Kendall@80: 0.6536
Epoch 54/150 | Train Loss: 0.0311 | Epoch Time: 0.49s | Spearman@80: 0.8651 | Kendall@80: 0.6808
Epoch 55/150 | Train Loss: 0.0263 | Epoch Time: 0.49s | Spearman@80: 0.8586 | Kendall@80: 0.6783
Epoch 56/150 | Train Loss: 0.0288 | Epoch Time: 0.51s | Spearman@80: 0.8739 | Kendall@80: 0.6878
Epoch 57/150 | Train Loss: 0.0401 | Epoch Time: 0.48s | Spearman@80: 0.8612 | Kendall@80: 0.6783
Epoch 58/150 | Train Loss: 0.0359 | Epoch Time: 0.46s | Spearman@80: 0.8645 | Kendall@80: 0.6808
Epoch 59/150 | Train Loss: 0.0338 | Epoch Time: 0.49s | Spearman@80: 0.8719 | Kendall@80: 0.6973
Epoch 60/150 | Train Loss: 0.0375 | Epoch Time: 0.52s | Spearman@80: 0.8157 | Kendall@80: 0.6384
Epoch 61/150 | Train Loss: 0.0320 | Epoch Time: 0.45s | Spearman@80: 0.8375 | Kendall@80: 0.6574
Epoch 62/150 | Train Loss: 0.0258 | Epoch Time: 0.46s | Spearman@80: 0.8666 | Kendall@80: 0.6852
Epoch 63/150 | Train Loss: 0.0288 | Epoch Time: 0.45s | Spearman@80: 0.8606 | Kendall@80: 0.6890
Epoch 64/150 | Train Loss: 0.0286 | Epoch Time: 0.44s | Spearman@80: 0.8608 | Kendall@80: 0.6814
Epoch 65/150 | Train Loss: 0.0234 | Epoch Time: 0.44s | Spearman@80: 0.8741 | Kendall@80: 0.6954
Epoch 66/150 | Train Loss: 0.0282 | Epoch Time: 0.44s | Spearman@80: 0.8591 | Kendall@80: 0.6783
Epoch 67/150 | Train Loss: 0.0320 | Epoch Time: 0.44s | Spearman@80: 0.8479 | Kendall@80: 0.6751
Epoch 68/150 | Train Loss: 0.0283 | Epoch Time: 0.44s | Spearman@80: 0.8699 | Kendall@80: 0.6992
Epoch 69/150 | Train Loss: 0.0237 | Epoch Time: 0.44s | Spearman@80: 0.8766 | Kendall@80: 0.6979
Epoch 70/150 | Train Loss: 0.0268 | Epoch Time: 0.44s | Spearman@80: 0.8576 | Kendall@80: 0.6783
Epoch 71/150 | Train Loss: 0.0274 | Epoch Time: 0.44s | Spearman@80: 0.8884 | Kendall@80: 0.7150
Epoch 72/150 | Train Loss: 0.0263 | Epoch Time: 0.46s | Spearman@80: 0.8160 | Kendall@80: 0.6504
Epoch 73/150 | Train Loss: 0.0228 | Epoch Time: 0.48s | Spearman@80: 0.8869 | Kendall@80: 0.7087
Epoch 74/150 | Train Loss: 0.0237 | Epoch Time: 0.48s | Spearman@80: 0.8801 | Kendall@80: 0.7004
Epoch 75/150 | Train Loss: 0.0239 | Epoch Time: 0.48s | Spearman@80: 0.8744 | Kendall@80: 0.6979
Epoch 76/150 | Train Loss: 0.0223 | Epoch Time: 0.44s | Spearman@80: 0.8725 | Kendall@80: 0.6922
Epoch 77/150 | Train Loss: 0.0249 | Epoch Time: 0.44s | Spearman@80: 0.8424 | Kendall@80: 0.6479
Epoch 78/150 | Train Loss: 0.0287 | Epoch Time: 0.44s | Spearman@80: 0.8069 | Kendall@80: 0.6441
Epoch 79/150 | Train Loss: 0.0232 | Epoch Time: 0.44s | Spearman@80: 0.8734 | Kendall@80: 0.6928
Epoch 80/150 | Train Loss: 0.0207 | Epoch Time: 0.43s | Spearman@80: 0.8838 | Kendall@80: 0.7042
Epoch 81/150 | Train Loss: 0.0269 | Epoch Time: 0.49s | Spearman@80: 0.8469 | Kendall@80: 0.6802
Epoch 82/150 | Train Loss: 0.0265 | Epoch Time: 0.46s | Spearman@80: 0.8729 | Kendall@80: 0.6922
Epoch 83/150 | Train Loss: 0.0199 | Epoch Time: 0.49s | Spearman@80: 0.8789 | Kendall@80: 0.6998
Epoch 84/150 | Train Loss: 0.0227 | Epoch Time: 0.45s | Spearman@80: 0.8652 | Kendall@80: 0.6973
Epoch 85/150 | Train Loss: 0.0291 | Epoch Time: 0.45s | Spearman@80: 0.8806 | Kendall@80: 0.7080
Epoch 86/150 | Train Loss: 0.0240 | Epoch Time: 0.46s | Spearman@80: 0.8928 | Kendall@80: 0.7169
Epoch 87/150 | Train Loss: 0.0279 | Epoch Time: 0.49s | Spearman@80: 0.8669 | Kendall@80: 0.6878
Epoch 88/150 | Train Loss: 0.0182 | Epoch Time: 0.45s | Spearman@80: 0.8668 | Kendall@80: 0.6878
Epoch 89/150 | Train Loss: 0.0280 | Epoch Time: 0.46s | Spearman@80: 0.8105 | Kendall@80: 0.6415
Epoch 90/150 | Train Loss: 0.0264 | Epoch Time: 0.45s | Spearman@80: 0.8691 | Kendall@80: 0.6979
Epoch 91/150 | Train Loss: 0.0308 | Epoch Time: 0.44s | Spearman@80: 0.8234 | Kendall@80: 0.6358
Epoch 92/150 | Train Loss: 0.0244 | Epoch Time: 0.45s | Spearman@80: 0.8704 | Kendall@80: 0.6935
Epoch 93/150 | Train Loss: 0.0214 | Epoch Time: 0.46s | Spearman@80: 0.8838 | Kendall@80: 0.7042
Epoch 94/150 | Train Loss: 0.0243 | Epoch Time: 0.46s | Spearman@80: 0.8844 | Kendall@80: 0.7087
Epoch 95/150 | Train Loss: 0.0239 | Epoch Time: 0.45s | Spearman@80: 0.8664 | Kendall@80: 0.6916
Epoch 96/150 | Train Loss: 0.0230 | Epoch Time: 0.45s | Spearman@80: 0.8611 | Kendall@80: 0.6770
Epoch 97/150 | Train Loss: 0.0175 | Epoch Time: 0.46s | Spearman@80: 0.8745 | Kendall@80: 0.6928
Epoch 98/150 | Train Loss: 0.0226 | Epoch Time: 0.47s | Spearman@80: 0.8683 | Kendall@80: 0.6865
Epoch 99/150 | Train Loss: 0.0220 | Epoch Time: 0.46s | Spearman@80: 0.8726 | Kendall@80: 0.6947
Epoch 100/150 | Train Loss: 0.0257 | Epoch Time: 0.46s | Spearman@80: 0.8190 | Kendall@80: 0.6447
Epoch 101/150 | Train Loss: 0.0229 | Epoch Time: 0.46s | Spearman@80: 0.8756 | Kendall@80: 0.6979
Epoch 102/150 | Train Loss: 0.0205 | Epoch Time: 0.50s | Spearman@80: 0.8717 | Kendall@80: 0.6973
Epoch 103/150 | Train Loss: 0.0205 | Epoch Time: 0.45s | Spearman@80: 0.8741 | Kendall@80: 0.6979
Epoch 104/150 | Train Loss: 0.0209 | Epoch Time: 0.48s | Spearman@80: 0.8688 | Kendall@80: 0.6878
Epoch 105/150 | Train Loss: 0.0231 | Epoch Time: 0.46s | Spearman@80: 0.8712 | Kendall@80: 0.6979
Epoch 106/150 | Train Loss: 0.0205 | Epoch Time: 0.49s | Spearman@80: 0.8699 | Kendall@80: 0.6954
Epoch 107/150 | Train Loss: 0.0166 | Epoch Time: 0.47s | Spearman@80: 0.8757 | Kendall@80: 0.7004
Epoch 108/150 | Train Loss: 0.0229 | Epoch Time: 0.46s | Spearman@80: 0.8866 | Kendall@80: 0.7169
Epoch 109/150 | Train Loss: 0.0162 | Epoch Time: 0.45s | Spearman@80: 0.8748 | Kendall@80: 0.6992
Epoch 110/150 | Train Loss: 0.0146 | Epoch Time: 0.47s | Spearman@80: 0.8807 | Kendall@80: 0.7049
Epoch 111/150 | Train Loss: 0.0193 | Epoch Time: 0.45s | Spearman@80: 0.8672 | Kendall@80: 0.6814
Epoch 112/150 | Train Loss: 0.0148 | Epoch Time: 0.44s | Spearman@80: 0.8772 | Kendall@80: 0.7036
Epoch 113/150 | Train Loss: 0.0200 | Epoch Time: 0.46s | Spearman@80: 0.8796 | Kendall@80: 0.7011
Epoch 114/150 | Train Loss: 0.0199 | Epoch Time: 0.44s | Spearman@80: 0.8753 | Kendall@80: 0.6960
Epoch 115/150 | Train Loss: 0.0186 | Epoch Time: 0.46s | Spearman@80: 0.8696 | Kendall@80: 0.6852
Epoch 116/150 | Train Loss: 0.0191 | Epoch Time: 0.45s | Spearman@80: 0.8793 | Kendall@80: 0.7023
Epoch 117/150 | Train Loss: 0.0199 | Epoch Time: 0.49s | Spearman@80: 0.8809 | Kendall@80: 0.7093
Epoch 118/150 | Train Loss: 0.0194 | Epoch Time: 0.44s | Spearman@80: 0.8669 | Kendall@80: 0.6909
Epoch 119/150 | Train Loss: 0.0209 | Epoch Time: 0.44s | Spearman@80: 0.8828 | Kendall@80: 0.7093
Epoch 120/150 | Train Loss: 0.0180 | Epoch Time: 0.48s | Spearman@80: 0.8662 | Kendall@80: 0.6871
Epoch 121/150 | Train Loss: 0.0198 | Epoch Time: 0.45s | Spearman@80: 0.8785 | Kendall@80: 0.7023
Epoch 122/150 | Train Loss: 0.0152 | Epoch Time: 0.44s | Spearman@80: 0.8776 | Kendall@80: 0.7017
Epoch 123/150 | Train Loss: 0.0175 | Epoch Time: 0.46s | Spearman@80: 0.8741 | Kendall@80: 0.6985
Epoch 124/150 | Train Loss: 0.0205 | Epoch Time: 0.48s | Spearman@80: 0.8741 | Kendall@80: 0.6941
Epoch 125/150 | Train Loss: 0.0200 | Epoch Time: 0.44s | Spearman@80: 0.8788 | Kendall@80: 0.7068
Epoch 126/150 | Train Loss: 0.0167 | Epoch Time: 0.45s | Spearman@80: 0.8792 | Kendall@80: 0.7017
Epoch 127/150 | Train Loss: 0.0151 | Epoch Time: 0.46s | Spearman@80: 0.8773 | Kendall@80: 0.7023
Epoch 128/150 | Train Loss: 0.0157 | Epoch Time: 0.46s | Spearman@80: 0.8764 | Kendall@80: 0.7042
Epoch 129/150 | Train Loss: 0.0149 | Epoch Time: 0.50s | Spearman@80: 0.8755 | Kendall@80: 0.7042
Epoch 130/150 | Train Loss: 0.0170 | Epoch Time: 0.48s | Spearman@80: 0.8742 | Kendall@80: 0.7030
Epoch 131/150 | Train Loss: 0.0182 | Epoch Time: 0.46s | Spearman@80: 0.8778 | Kendall@80: 0.7036
Epoch 132/150 | Train Loss: 0.0115 | Epoch Time: 0.45s | Spearman@80: 0.8734 | Kendall@80: 0.6979
Epoch 133/150 | Train Loss: 0.0161 | Epoch Time: 0.46s | Spearman@80: 0.8716 | Kendall@80: 0.6941
Epoch 134/150 | Train Loss: 0.0159 | Epoch Time: 0.46s | Spearman@80: 0.8740 | Kendall@80: 0.6998
Epoch 135/150 | Train Loss: 0.0193 | Epoch Time: 0.45s | Spearman@80: 0.8753 | Kendall@80: 0.6985
Epoch 136/150 | Train Loss: 0.0163 | Epoch Time: 0.44s | Spearman@80: 0.8761 | Kendall@80: 0.7017
Epoch 137/150 | Train Loss: 0.0140 | Epoch Time: 0.44s | Spearman@80: 0.8780 | Kendall@80: 0.7042
Epoch 138/150 | Train Loss: 0.0176 | Epoch Time: 0.44s | Spearman@80: 0.8804 | Kendall@80: 0.7087
Epoch 139/150 | Train Loss: 0.0162 | Epoch Time: 0.48s | Spearman@80: 0.8789 | Kendall@80: 0.7042
Epoch 140/150 | Train Loss: 0.0178 | Epoch Time: 0.45s | Spearman@80: 0.8798 | Kendall@80: 0.7049
Epoch 141/150 | Train Loss: 0.0171 | Epoch Time: 0.44s | Spearman@80: 0.8725 | Kendall@80: 0.6979
Epoch 142/150 | Train Loss: 0.0227 | Epoch Time: 0.44s | Spearman@80: 0.8776 | Kendall@80: 0.7023
Epoch 143/150 | Train Loss: 0.0179 | Epoch Time: 0.44s | Spearman@80: 0.8790 | Kendall@80: 0.7061
Epoch 144/150 | Train Loss: 0.0212 | Epoch Time: 0.49s | Spearman@80: 0.8812 | Kendall@80: 0.7106
Epoch 145/150 | Train Loss: 0.0158 | Epoch Time: 0.45s | Spearman@80: 0.8796 | Kendall@80: 0.7068
Epoch 146/150 | Train Loss: 0.0165 | Epoch Time: 0.44s | Spearman@80: 0.8795 | Kendall@80: 0.7049
Epoch 147/150 | Train Loss: 0.0155 | Epoch Time: 25.03s | Spearman@423495: 0.8897 | Kendall@423495: 0.7175
Epoch 148/150 | Train Loss: 0.0172 | Epoch Time: 24.74s | Spearman@423495: 0.8901 | Kendall@423495: 0.7175
Epoch 149/150 | Train Loss: 0.0184 | Epoch Time: 24.95s | Spearman@423495: 0.8906 | Kendall@423495: 0.7189
Epoch 150/150 | Train Loss: 0.0169 | Epoch Time: 24.80s | Spearman@423495: 0.8899 | Kendall@423495: 0.7180
Sample Count: 128, Spearman: 0.8900909281660353, Kendall: 0.7179853959169114
{64: (0.8077355584181382, 0.6177835154579125),
 128: (0.8900909281660353, 0.7179853959169114)}
Epoch 1/150 | Train Loss: 0.0966 | Epoch Time: 0.22s | Spearman@80: 0.4722 | Kendall@80: 0.3383
Epoch 2/150 | Train Loss: 0.0727 | Epoch Time: 0.22s | Spearman@80: 0.5713 | Kendall@80: 0.4187
Epoch 3/150 | Train Loss: 0.0665 | Epoch Time: 0.23s | Spearman@80: 0.5938 | Kendall@80: 0.4403
Epoch 4/150 | Train Loss: 0.0621 | Epoch Time: 0.22s | Spearman@80: 0.6089 | Kendall@80: 0.4510
Epoch 5/150 | Train Loss: 0.0670 | Epoch Time: 0.22s | Spearman@80: 0.6632 | Kendall@80: 0.4871
Epoch 6/150 | Train Loss: 0.0676 | Epoch Time: 0.22s | Spearman@80: 0.6877 | Kendall@80: 0.5086
Epoch 7/150 | Train Loss: 0.0492 | Epoch Time: 0.24s | Spearman@80: 0.6946 | Kendall@80: 0.5112
Epoch 8/150 | Train Loss: 0.0421 | Epoch Time: 0.23s | Spearman@80: 0.7099 | Kendall@80: 0.5263
Epoch 9/150 | Train Loss: 0.0541 | Epoch Time: 0.24s | Spearman@80: 0.6986 | Kendall@80: 0.5156
Epoch 10/150 | Train Loss: 0.0466 | Epoch Time: 0.25s | Spearman@80: 0.7026 | Kendall@80: 0.5213
Epoch 11/150 | Train Loss: 0.0459 | Epoch Time: 0.22s | Spearman@80: 0.6818 | Kendall@80: 0.4953
Epoch 12/150 | Train Loss: 0.0500 | Epoch Time: 0.23s | Spearman@80: 0.7265 | Kendall@80: 0.5346
Epoch 13/150 | Train Loss: 0.0558 | Epoch Time: 0.23s | Spearman@80: 0.7285 | Kendall@80: 0.5352
Epoch 14/150 | Train Loss: 0.0509 | Epoch Time: 0.23s | Spearman@80: 0.7587 | Kendall@80: 0.5643
Epoch 15/150 | Train Loss: 0.0388 | Epoch Time: 0.22s | Spearman@80: 0.7408 | Kendall@80: 0.5529
Epoch 16/150 | Train Loss: 0.0439 | Epoch Time: 0.23s | Spearman@80: 0.7295 | Kendall@80: 0.5428
Epoch 17/150 | Train Loss: 0.0470 | Epoch Time: 0.22s | Spearman@80: 0.7367 | Kendall@80: 0.5415
Epoch 18/150 | Train Loss: 0.0422 | Epoch Time: 0.22s | Spearman@80: 0.7116 | Kendall@80: 0.5194
Epoch 19/150 | Train Loss: 0.0473 | Epoch Time: 0.22s | Spearman@80: 0.7419 | Kendall@80: 0.5472
Epoch 20/150 | Train Loss: 0.0424 | Epoch Time: 0.23s | Spearman@80: 0.7234 | Kendall@80: 0.5289
Epoch 21/150 | Train Loss: 0.0390 | Epoch Time: 0.22s | Spearman@80: 0.7171 | Kendall@80: 0.5263
Epoch 22/150 | Train Loss: 0.0469 | Epoch Time: 0.23s | Spearman@80: 0.7066 | Kendall@80: 0.5169
Epoch 23/150 | Train Loss: 0.0385 | Epoch Time: 0.23s | Spearman@80: 0.7626 | Kendall@80: 0.5732
Epoch 24/150 | Train Loss: 0.0502 | Epoch Time: 0.22s | Spearman@80: 0.7128 | Kendall@80: 0.5099
Epoch 25/150 | Train Loss: 0.0513 | Epoch Time: 0.22s | Spearman@80: 0.7497 | Kendall@80: 0.5466
Epoch 26/150 | Train Loss: 0.0380 | Epoch Time: 0.24s | Spearman@80: 0.7534 | Kendall@80: 0.5631
Epoch 27/150 | Train Loss: 0.0407 | Epoch Time: 0.23s | Spearman@80: 0.7745 | Kendall@80: 0.5871
Epoch 28/150 | Train Loss: 0.0453 | Epoch Time: 0.23s | Spearman@80: 0.6706 | Kendall@80: 0.4687
Epoch 29/150 | Train Loss: 0.0359 | Epoch Time: 0.25s | Spearman@80: 0.7841 | Kendall@80: 0.5871
Epoch 30/150 | Train Loss: 0.0329 | Epoch Time: 0.25s | Spearman@80: 0.7554 | Kendall@80: 0.5593
Epoch 31/150 | Train Loss: 0.0406 | Epoch Time: 0.23s | Spearman@80: 0.6939 | Kendall@80: 0.4922
Epoch 32/150 | Train Loss: 0.0455 | Epoch Time: 0.22s | Spearman@80: 0.7938 | Kendall@80: 0.5903
Epoch 33/150 | Train Loss: 0.0390 | Epoch Time: 0.22s | Spearman@80: 0.7603 | Kendall@80: 0.5694
Epoch 34/150 | Train Loss: 0.0347 | Epoch Time: 0.25s | Spearman@80: 0.7463 | Kendall@80: 0.5409
Epoch 35/150 | Train Loss: 0.0371 | Epoch Time: 0.25s | Spearman@80: 0.7977 | Kendall@80: 0.5960
Epoch 36/150 | Train Loss: 0.0339 | Epoch Time: 0.23s | Spearman@80: 0.7979 | Kendall@80: 0.5922
Epoch 37/150 | Train Loss: 0.0348 | Epoch Time: 0.23s | Spearman@80: 0.7965 | Kendall@80: 0.5909
Epoch 38/150 | Train Loss: 0.0367 | Epoch Time: 0.23s | Spearman@80: 0.8422 | Kendall@80: 0.6435
Epoch 39/150 | Train Loss: 0.0353 | Epoch Time: 0.22s | Spearman@80: 0.8204 | Kendall@80: 0.6188
Epoch 40/150 | Train Loss: 0.0458 | Epoch Time: 0.23s | Spearman@80: 0.8149 | Kendall@80: 0.6169
Epoch 41/150 | Train Loss: 0.0379 | Epoch Time: 0.23s | Spearman@80: 0.8449 | Kendall@80: 0.6555
Epoch 42/150 | Train Loss: 0.0345 | Epoch Time: 0.23s | Spearman@80: 0.8034 | Kendall@80: 0.6004
Epoch 43/150 | Train Loss: 0.0352 | Epoch Time: 0.24s | Spearman@80: 0.8317 | Kendall@80: 0.6314
Epoch 44/150 | Train Loss: 0.0403 | Epoch Time: 0.24s | Spearman@80: 0.8291 | Kendall@80: 0.6346
Epoch 45/150 | Train Loss: 0.0296 | Epoch Time: 0.23s | Spearman@80: 0.8277 | Kendall@80: 0.6295
Epoch 46/150 | Train Loss: 0.0345 | Epoch Time: 0.23s | Spearman@80: 0.7925 | Kendall@80: 0.5922
Epoch 47/150 | Train Loss: 0.0292 | Epoch Time: 0.23s | Spearman@80: 0.8179 | Kendall@80: 0.6150
Epoch 48/150 | Train Loss: 0.0318 | Epoch Time: 0.22s | Spearman@80: 0.8290 | Kendall@80: 0.6270
Epoch 49/150 | Train Loss: 0.0257 | Epoch Time: 0.24s | Spearman@80: 0.8027 | Kendall@80: 0.6067
Epoch 50/150 | Train Loss: 0.0354 | Epoch Time: 0.24s | Spearman@80: 0.7900 | Kendall@80: 0.5922
Epoch 51/150 | Train Loss: 0.0330 | Epoch Time: 0.24s | Spearman@80: 0.8385 | Kendall@80: 0.6409
Epoch 52/150 | Train Loss: 0.0214 | Epoch Time: 0.23s | Spearman@80: 0.8459 | Kendall@80: 0.6441
Epoch 53/150 | Train Loss: 0.0235 | Epoch Time: 0.23s | Spearman@80: 0.8292 | Kendall@80: 0.6352
Epoch 54/150 | Train Loss: 0.0304 | Epoch Time: 0.24s | Spearman@80: 0.7427 | Kendall@80: 0.5441
Epoch 55/150 | Train Loss: 0.0318 | Epoch Time: 0.25s | Spearman@80: 0.8221 | Kendall@80: 0.6264
Epoch 56/150 | Train Loss: 0.0381 | Epoch Time: 0.23s | Spearman@80: 0.7744 | Kendall@80: 0.5802
Epoch 57/150 | Train Loss: 0.0312 | Epoch Time: 0.27s | Spearman@80: 0.7962 | Kendall@80: 0.5979
Epoch 58/150 | Train Loss: 0.0327 | Epoch Time: 0.23s | Spearman@80: 0.8171 | Kendall@80: 0.6169
Epoch 59/150 | Train Loss: 0.0352 | Epoch Time: 0.23s | Spearman@80: 0.8327 | Kendall@80: 0.6321
Epoch 60/150 | Train Loss: 0.0348 | Epoch Time: 0.22s | Spearman@80: 0.8420 | Kendall@80: 0.6454
Epoch 61/150 | Train Loss: 0.0332 | Epoch Time: 0.22s | Spearman@80: 0.8405 | Kendall@80: 0.6435
Epoch 62/150 | Train Loss: 0.0210 | Epoch Time: 0.22s | Spearman@80: 0.8261 | Kendall@80: 0.6245
Epoch 63/150 | Train Loss: 0.0236 | Epoch Time: 0.24s | Spearman@80: 0.8115 | Kendall@80: 0.6175
Epoch 64/150 | Train Loss: 0.0241 | Epoch Time: 0.25s | Spearman@80: 0.8051 | Kendall@80: 0.6131
Epoch 65/150 | Train Loss: 0.0269 | Epoch Time: 0.23s | Spearman@80: 0.7712 | Kendall@80: 0.5890
Epoch 66/150 | Train Loss: 0.0231 | Epoch Time: 0.22s | Spearman@80: 0.8130 | Kendall@80: 0.6289
Epoch 67/150 | Train Loss: 0.0208 | Epoch Time: 0.24s | Spearman@80: 0.8152 | Kendall@80: 0.6359
Epoch 68/150 | Train Loss: 0.0218 | Epoch Time: 0.23s | Spearman@80: 0.7774 | Kendall@80: 0.5941
Epoch 69/150 | Train Loss: 0.0306 | Epoch Time: 0.25s | Spearman@80: 0.8366 | Kendall@80: 0.6479
Epoch 70/150 | Train Loss: 0.0225 | Epoch Time: 0.23s | Spearman@80: 0.8040 | Kendall@80: 0.6099
Epoch 71/150 | Train Loss: 0.0233 | Epoch Time: 0.24s | Spearman@80: 0.7679 | Kendall@80: 0.5732
Epoch 72/150 | Train Loss: 0.0282 | Epoch Time: 0.24s | Spearman@80: 0.7966 | Kendall@80: 0.6042
Epoch 73/150 | Train Loss: 0.0195 | Epoch Time: 0.23s | Spearman@80: 0.8385 | Kendall@80: 0.6397
Epoch 74/150 | Train Loss: 0.0244 | Epoch Time: 0.23s | Spearman@80: 0.7771 | Kendall@80: 0.5878
Epoch 75/150 | Train Loss: 0.0218 | Epoch Time: 0.23s | Spearman@80: 0.7452 | Kendall@80: 0.5637
Epoch 76/150 | Train Loss: 0.0251 | Epoch Time: 0.22s | Spearman@80: 0.8076 | Kendall@80: 0.6105
Epoch 77/150 | Train Loss: 0.0201 | Epoch Time: 0.23s | Spearman@80: 0.7751 | Kendall@80: 0.5846
Epoch 78/150 | Train Loss: 0.0187 | Epoch Time: 0.23s | Spearman@80: 0.7586 | Kendall@80: 0.5770
Epoch 79/150 | Train Loss: 0.0159 | Epoch Time: 0.23s | Spearman@80: 0.8055 | Kendall@80: 0.6112
Epoch 80/150 | Train Loss: 0.0235 | Epoch Time: 0.24s | Spearman@80: 0.8049 | Kendall@80: 0.6074
Epoch 81/150 | Train Loss: 0.0264 | Epoch Time: 0.23s | Spearman@80: 0.8386 | Kendall@80: 0.6473
Epoch 82/150 | Train Loss: 0.0188 | Epoch Time: 0.23s | Spearman@80: 0.8468 | Kendall@80: 0.6555
Epoch 83/150 | Train Loss: 0.0292 | Epoch Time: 0.23s | Spearman@80: 0.8304 | Kendall@80: 0.6333
Epoch 84/150 | Train Loss: 0.0269 | Epoch Time: 0.23s | Spearman@80: 0.7645 | Kendall@80: 0.5802
Epoch 85/150 | Train Loss: 0.0232 | Epoch Time: 0.23s | Spearman@80: 0.8448 | Kendall@80: 0.6454
Epoch 86/150 | Train Loss: 0.0241 | Epoch Time: 0.26s | Spearman@80: 0.7835 | Kendall@80: 0.5852
Epoch 87/150 | Train Loss: 0.0271 | Epoch Time: 0.23s | Spearman@80: 0.8040 | Kendall@80: 0.6067
Epoch 88/150 | Train Loss: 0.0271 | Epoch Time: 0.25s | Spearman@80: 0.8427 | Kendall@80: 0.6473
Epoch 89/150 | Train Loss: 0.0161 | Epoch Time: 0.23s | Spearman@80: 0.8395 | Kendall@80: 0.6536
Epoch 90/150 | Train Loss: 0.0239 | Epoch Time: 0.23s | Spearman@80: 0.8038 | Kendall@80: 0.6175
Epoch 91/150 | Train Loss: 0.0303 | Epoch Time: 0.23s | Spearman@80: 0.7682 | Kendall@80: 0.5871
Epoch 92/150 | Train Loss: 0.0247 | Epoch Time: 0.25s | Spearman@80: 0.8294 | Kendall@80: 0.6340
Epoch 93/150 | Train Loss: 0.0236 | Epoch Time: 0.23s | Spearman@80: 0.7832 | Kendall@80: 0.5897
Epoch 94/150 | Train Loss: 0.0247 | Epoch Time: 0.22s | Spearman@80: 0.7993 | Kendall@80: 0.6036
Epoch 95/150 | Train Loss: 0.0219 | Epoch Time: 0.23s | Spearman@80: 0.8243 | Kendall@80: 0.6257
Epoch 96/150 | Train Loss: 0.0248 | Epoch Time: 0.23s | Spearman@80: 0.8065 | Kendall@80: 0.6162
Epoch 97/150 | Train Loss: 0.0191 | Epoch Time: 0.23s | Spearman@80: 0.8125 | Kendall@80: 0.6213
Epoch 98/150 | Train Loss: 0.0193 | Epoch Time: 0.24s | Spearman@80: 0.7889 | Kendall@80: 0.5960
Epoch 99/150 | Train Loss: 0.0167 | Epoch Time: 0.25s | Spearman@80: 0.7923 | Kendall@80: 0.5972
Epoch 100/150 | Train Loss: 0.0194 | Epoch Time: 0.23s | Spearman@80: 0.8038 | Kendall@80: 0.6099
Epoch 101/150 | Train Loss: 0.0181 | Epoch Time: 0.23s | Spearman@80: 0.7490 | Kendall@80: 0.5643
Epoch 102/150 | Train Loss: 0.0205 | Epoch Time: 0.22s | Spearman@80: 0.7919 | Kendall@80: 0.6042
Epoch 103/150 | Train Loss: 0.0129 | Epoch Time: 0.24s | Spearman@80: 0.8227 | Kendall@80: 0.6283
Epoch 104/150 | Train Loss: 0.0229 | Epoch Time: 0.23s | Spearman@80: 0.7655 | Kendall@80: 0.5783
Epoch 105/150 | Train Loss: 0.0282 | Epoch Time: 0.23s | Spearman@80: 0.7872 | Kendall@80: 0.5991
Epoch 106/150 | Train Loss: 0.0222 | Epoch Time: 0.23s | Spearman@80: 0.8081 | Kendall@80: 0.6124
Epoch 107/150 | Train Loss: 0.0215 | Epoch Time: 0.23s | Spearman@80: 0.7940 | Kendall@80: 0.6029
Epoch 108/150 | Train Loss: 0.0245 | Epoch Time: 0.23s | Spearman@80: 0.7886 | Kendall@80: 0.6004
Epoch 109/150 | Train Loss: 0.0147 | Epoch Time: 0.24s | Spearman@80: 0.8181 | Kendall@80: 0.6264
Epoch 110/150 | Train Loss: 0.0186 | Epoch Time: 0.23s | Spearman@80: 0.8162 | Kendall@80: 0.6238
Epoch 111/150 | Train Loss: 0.0163 | Epoch Time: 0.24s | Spearman@80: 0.8082 | Kendall@80: 0.6169
Epoch 112/150 | Train Loss: 0.0260 | Epoch Time: 0.23s | Spearman@80: 0.8204 | Kendall@80: 0.6270
Epoch 113/150 | Train Loss: 0.0172 | Epoch Time: 0.22s | Spearman@80: 0.8335 | Kendall@80: 0.6416
Epoch 114/150 | Train Loss: 0.0147 | Epoch Time: 0.23s | Spearman@80: 0.8103 | Kendall@80: 0.6150
Epoch 115/150 | Train Loss: 0.0173 | Epoch Time: 0.23s | Spearman@80: 0.8187 | Kendall@80: 0.6219
Epoch 116/150 | Train Loss: 0.0166 | Epoch Time: 0.23s | Spearman@80: 0.8133 | Kendall@80: 0.6188
Epoch 117/150 | Train Loss: 0.0170 | Epoch Time: 0.23s | Spearman@80: 0.8063 | Kendall@80: 0.6124
Epoch 118/150 | Train Loss: 0.0134 | Epoch Time: 0.24s | Spearman@80: 0.8068 | Kendall@80: 0.6112
Epoch 119/150 | Train Loss: 0.0219 | Epoch Time: 0.25s | Spearman@80: 0.8058 | Kendall@80: 0.6093
Epoch 120/150 | Train Loss: 0.0154 | Epoch Time: 0.23s | Spearman@80: 0.7989 | Kendall@80: 0.6042
Epoch 121/150 | Train Loss: 0.0172 | Epoch Time: 0.22s | Spearman@80: 0.8132 | Kendall@80: 0.6194
Epoch 122/150 | Train Loss: 0.0180 | Epoch Time: 0.23s | Spearman@80: 0.8103 | Kendall@80: 0.6162
Epoch 123/150 | Train Loss: 0.0165 | Epoch Time: 0.23s | Spearman@80: 0.8222 | Kendall@80: 0.6245
Epoch 124/150 | Train Loss: 0.0177 | Epoch Time: 0.23s | Spearman@80: 0.8325 | Kendall@80: 0.6384
Epoch 125/150 | Train Loss: 0.0222 | Epoch Time: 0.23s | Spearman@80: 0.8271 | Kendall@80: 0.6314
Epoch 126/150 | Train Loss: 0.0149 | Epoch Time: 0.23s | Spearman@80: 0.8174 | Kendall@80: 0.6245
Epoch 127/150 | Train Loss: 0.0204 | Epoch Time: 0.23s | Spearman@80: 0.8027 | Kendall@80: 0.6112
Epoch 128/150 | Train Loss: 0.0158 | Epoch Time: 0.24s | Spearman@80: 0.8141 | Kendall@80: 0.6175
Epoch 129/150 | Train Loss: 0.0163 | Epoch Time: 0.24s | Spearman@80: 0.8162 | Kendall@80: 0.6207
Epoch 130/150 | Train Loss: 0.0167 | Epoch Time: 0.22s | Spearman@80: 0.8061 | Kendall@80: 0.6099
Epoch 131/150 | Train Loss: 0.0159 | Epoch Time: 0.23s | Spearman@80: 0.8047 | Kendall@80: 0.6105
Epoch 132/150 | Train Loss: 0.0173 | Epoch Time: 0.22s | Spearman@80: 0.8045 | Kendall@80: 0.6118
Epoch 133/150 | Train Loss: 0.0150 | Epoch Time: 0.23s | Spearman@80: 0.7996 | Kendall@80: 0.6074
Epoch 134/150 | Train Loss: 0.0166 | Epoch Time: 0.23s | Spearman@80: 0.8018 | Kendall@80: 0.6074
Epoch 135/150 | Train Loss: 0.0206 | Epoch Time: 0.22s | Spearman@80: 0.8059 | Kendall@80: 0.6124
Epoch 136/150 | Train Loss: 0.0138 | Epoch Time: 0.22s | Spearman@80: 0.8064 | Kendall@80: 0.6118
Epoch 137/150 | Train Loss: 0.0178 | Epoch Time: 0.26s | Spearman@80: 0.8087 | Kendall@80: 0.6137
Epoch 138/150 | Train Loss: 0.0165 | Epoch Time: 0.22s | Spearman@80: 0.8114 | Kendall@80: 0.6143
Epoch 139/150 | Train Loss: 0.0147 | Epoch Time: 0.25s | Spearman@80: 0.8069 | Kendall@80: 0.6112
Epoch 140/150 | Train Loss: 0.0172 | Epoch Time: 0.23s | Spearman@80: 0.8028 | Kendall@80: 0.6067
Epoch 141/150 | Train Loss: 0.0139 | Epoch Time: 0.26s | Spearman@80: 0.8083 | Kendall@80: 0.6105
Epoch 142/150 | Train Loss: 0.0127 | Epoch Time: 0.24s | Spearman@80: 0.8067 | Kendall@80: 0.6099
Epoch 143/150 | Train Loss: 0.0144 | Epoch Time: 0.22s | Spearman@80: 0.8071 | Kendall@80: 0.6118
Epoch 144/150 | Train Loss: 0.0156 | Epoch Time: 0.23s | Spearman@80: 0.8087 | Kendall@80: 0.6118
Epoch 145/150 | Train Loss: 0.0187 | Epoch Time: 0.22s | Spearman@80: 0.8090 | Kendall@80: 0.6137
Epoch 146/150 | Train Loss: 0.0180 | Epoch Time: 0.23s | Spearman@80: 0.8116 | Kendall@80: 0.6169
Epoch 147/150 | Train Loss: 0.0168 | Epoch Time: 24.14s | Spearman@423559: 0.7964 | Kendall@423559: 0.6011
Epoch 148/150 | Train Loss: 0.0238 | Epoch Time: 23.96s | Spearman@423559: 0.7979 | Kendall@423559: 0.6023
Epoch 149/150 | Train Loss: 0.0144 | Epoch Time: 24.21s | Spearman@423559: 0.7959 | Kendall@423559: 0.6003
Epoch 150/150 | Train Loss: 0.0179 | Epoch Time: 23.95s | Spearman@423559: 0.7977 | Kendall@423559: 0.6022
Sample Count: 64, Spearman: 0.7969923873921694, Kendall: 0.601474444443783
{64: (0.7969923873921694, 0.601474444443783),
 128: (0.8900909281660353, 0.7179853959169114)}
Epoch 1/150 | Train Loss: 0.0931 | Epoch Time: 0.45s | Spearman@80: 0.6688 | Kendall@80: 0.4816
Epoch 2/150 | Train Loss: 0.0619 | Epoch Time: 0.45s | Spearman@80: 0.7254 | Kendall@80: 0.5253
Epoch 3/150 | Train Loss: 0.0540 | Epoch Time: 0.45s | Spearman@80: 0.8118 | Kendall@80: 0.6057
Epoch 4/150 | Train Loss: 0.0514 | Epoch Time: 0.43s | Spearman@80: 0.7878 | Kendall@80: 0.5842
Epoch 5/150 | Train Loss: 0.0521 | Epoch Time: 0.49s | Spearman@80: 0.7966 | Kendall@80: 0.5968
Epoch 6/150 | Train Loss: 0.0518 | Epoch Time: 0.48s | Spearman@80: 0.7669 | Kendall@80: 0.5715
Epoch 7/150 | Train Loss: 0.0476 | Epoch Time: 0.46s | Spearman@80: 0.8113 | Kendall@80: 0.6177
Epoch 8/150 | Train Loss: 0.0468 | Epoch Time: 0.46s | Spearman@80: 0.8558 | Kendall@80: 0.6646
Epoch 9/150 | Train Loss: 0.0455 | Epoch Time: 0.45s | Spearman@80: 0.6736 | Kendall@80: 0.4873
Epoch 10/150 | Train Loss: 0.0471 | Epoch Time: 0.48s | Spearman@80: 0.8283 | Kendall@80: 0.6259
Epoch 11/150 | Train Loss: 0.0453 | Epoch Time: 0.46s | Spearman@80: 0.7739 | Kendall@80: 0.5810
Epoch 12/150 | Train Loss: 0.0445 | Epoch Time: 0.44s | Spearman@80: 0.8132 | Kendall@80: 0.6120
Epoch 13/150 | Train Loss: 0.0453 | Epoch Time: 0.45s | Spearman@80: 0.8230 | Kendall@80: 0.6266
Epoch 14/150 | Train Loss: 0.0416 | Epoch Time: 0.46s | Spearman@80: 0.8145 | Kendall@80: 0.6089
Epoch 15/150 | Train Loss: 0.0426 | Epoch Time: 0.45s | Spearman@80: 0.8138 | Kendall@80: 0.6196
Epoch 16/150 | Train Loss: 0.0422 | Epoch Time: 0.44s | Spearman@80: 0.8068 | Kendall@80: 0.5994
Epoch 17/150 | Train Loss: 0.0472 | Epoch Time: 0.44s | Spearman@80: 0.7409 | Kendall@80: 0.5519
Epoch 18/150 | Train Loss: 0.0460 | Epoch Time: 0.44s | Spearman@80: 0.8570 | Kendall@80: 0.6582
Epoch 19/150 | Train Loss: 0.0345 | Epoch Time: 0.45s | Spearman@80: 0.8346 | Kendall@80: 0.6411
Epoch 20/150 | Train Loss: 0.0398 | Epoch Time: 0.44s | Spearman@80: 0.8192 | Kendall@80: 0.6297
Epoch 21/150 | Train Loss: 0.0387 | Epoch Time: 0.47s | Spearman@80: 0.8342 | Kendall@80: 0.6411
Epoch 22/150 | Train Loss: 0.0407 | Epoch Time: 0.45s | Spearman@80: 0.8299 | Kendall@80: 0.6386
Epoch 23/150 | Train Loss: 0.0429 | Epoch Time: 0.45s | Spearman@80: 0.8528 | Kendall@80: 0.6532
Epoch 24/150 | Train Loss: 0.0419 | Epoch Time: 0.45s | Spearman@80: 0.7780 | Kendall@80: 0.5892
Epoch 25/150 | Train Loss: 0.0306 | Epoch Time: 0.44s | Spearman@80: 0.8612 | Kendall@80: 0.6728
Epoch 26/150 | Train Loss: 0.0392 | Epoch Time: 0.45s | Spearman@80: 0.8382 | Kendall@80: 0.6506
Epoch 27/150 | Train Loss: 0.0341 | Epoch Time: 0.49s | Spearman@80: 0.8683 | Kendall@80: 0.6791
Epoch 28/150 | Train Loss: 0.0450 | Epoch Time: 0.52s | Spearman@80: 0.7523 | Kendall@80: 0.5658
Epoch 29/150 | Train Loss: 0.0371 | Epoch Time: 0.48s | Spearman@80: 0.8344 | Kendall@80: 0.6323
Epoch 30/150 | Train Loss: 0.0413 | Epoch Time: 0.45s | Spearman@80: 0.8354 | Kendall@80: 0.6323
Epoch 31/150 | Train Loss: 0.0386 | Epoch Time: 0.45s | Spearman@80: 0.7918 | Kendall@80: 0.5918
Epoch 32/150 | Train Loss: 0.0317 | Epoch Time: 0.46s | Spearman@80: 0.8267 | Kendall@80: 0.6380
Epoch 33/150 | Train Loss: 0.0376 | Epoch Time: 0.47s | Spearman@80: 0.7679 | Kendall@80: 0.5696
Epoch 34/150 | Train Loss: 0.0452 | Epoch Time: 0.48s | Spearman@80: 0.8049 | Kendall@80: 0.6070
Epoch 35/150 | Train Loss: 0.0359 | Epoch Time: 0.45s | Spearman@80: 0.8627 | Kendall@80: 0.6766
Epoch 36/150 | Train Loss: 0.0407 | Epoch Time: 0.44s | Spearman@80: 0.8438 | Kendall@80: 0.6418
Epoch 37/150 | Train Loss: 0.0392 | Epoch Time: 0.45s | Spearman@80: 0.8139 | Kendall@80: 0.6127
Epoch 38/150 | Train Loss: 0.0381 | Epoch Time: 0.46s | Spearman@80: 0.8759 | Kendall@80: 0.6937
Epoch 39/150 | Train Loss: 0.0342 | Epoch Time: 0.45s | Spearman@80: 0.8399 | Kendall@80: 0.6373
Epoch 40/150 | Train Loss: 0.0365 | Epoch Time: 0.50s | Spearman@80: 0.8484 | Kendall@80: 0.6437
Epoch 41/150 | Train Loss: 0.0373 | Epoch Time: 0.50s | Spearman@80: 0.8764 | Kendall@80: 0.6848
Epoch 42/150 | Train Loss: 0.0282 | Epoch Time: 0.47s | Spearman@80: 0.8588 | Kendall@80: 0.6696
Epoch 43/150 | Train Loss: 0.0361 | Epoch Time: 0.45s | Spearman@80: 0.8024 | Kendall@80: 0.6000
Epoch 44/150 | Train Loss: 0.0396 | Epoch Time: 0.44s | Spearman@80: 0.7881 | Kendall@80: 0.5981
Epoch 45/150 | Train Loss: 0.0348 | Epoch Time: 0.45s | Spearman@80: 0.8512 | Kendall@80: 0.6576
Epoch 46/150 | Train Loss: 0.0328 | Epoch Time: 0.46s | Spearman@80: 0.8192 | Kendall@80: 0.6335
Epoch 47/150 | Train Loss: 0.0348 | Epoch Time: 0.47s | Spearman@80: 0.8255 | Kendall@80: 0.6234
Epoch 48/150 | Train Loss: 0.0321 | Epoch Time: 0.47s | Spearman@80: 0.8570 | Kendall@80: 0.6759
Epoch 49/150 | Train Loss: 0.0289 | Epoch Time: 0.45s | Spearman@80: 0.8398 | Kendall@80: 0.6532
Epoch 50/150 | Train Loss: 0.0356 | Epoch Time: 0.45s | Spearman@80: 0.8515 | Kendall@80: 0.6658
Epoch 51/150 | Train Loss: 0.0372 | Epoch Time: 0.45s | Spearman@80: 0.8603 | Kendall@80: 0.6772
Epoch 52/150 | Train Loss: 0.0288 | Epoch Time: 0.46s | Spearman@80: 0.8529 | Kendall@80: 0.6633
Epoch 53/150 | Train Loss: 0.0338 | Epoch Time: 0.48s | Spearman@80: 0.8632 | Kendall@80: 0.6791
Epoch 54/150 | Train Loss: 0.0330 | Epoch Time: 0.45s | Spearman@80: 0.8684 | Kendall@80: 0.6791
Epoch 55/150 | Train Loss: 0.0283 | Epoch Time: 0.45s | Spearman@80: 0.8760 | Kendall@80: 0.6937
Epoch 56/150 | Train Loss: 0.0324 | Epoch Time: 0.47s | Spearman@80: 0.8561 | Kendall@80: 0.6741
Epoch 57/150 | Train Loss: 0.0343 | Epoch Time: 0.45s | Spearman@80: 0.8740 | Kendall@80: 0.6861
Epoch 58/150 | Train Loss: 0.0250 | Epoch Time: 0.46s | Spearman@80: 0.8643 | Kendall@80: 0.6791
Epoch 59/150 | Train Loss: 0.0342 | Epoch Time: 0.48s | Spearman@80: 0.8754 | Kendall@80: 0.6911
Epoch 60/150 | Train Loss: 0.0307 | Epoch Time: 0.45s | Spearman@80: 0.8748 | Kendall@80: 0.6911
Epoch 61/150 | Train Loss: 0.0240 | Epoch Time: 0.47s | Spearman@80: 0.8798 | Kendall@80: 0.6962
Epoch 62/150 | Train Loss: 0.0274 | Epoch Time: 0.46s | Spearman@80: 0.8695 | Kendall@80: 0.6829
Epoch 63/150 | Train Loss: 0.0339 | Epoch Time: 0.44s | Spearman@80: 0.8309 | Kendall@80: 0.6475
Epoch 64/150 | Train Loss: 0.0268 | Epoch Time: 0.48s | Spearman@80: 0.8642 | Kendall@80: 0.6759
Epoch 65/150 | Train Loss: 0.0241 | Epoch Time: 0.48s | Spearman@80: 0.8683 | Kendall@80: 0.6854
Epoch 66/150 | Train Loss: 0.0347 | Epoch Time: 0.45s | Spearman@80: 0.8751 | Kendall@80: 0.6962
Epoch 67/150 | Train Loss: 0.0252 | Epoch Time: 0.48s | Spearman@80: 0.8786 | Kendall@80: 0.7019
Epoch 68/150 | Train Loss: 0.0304 | Epoch Time: 0.46s | Spearman@80: 0.8447 | Kendall@80: 0.6544
Epoch 69/150 | Train Loss: 0.0343 | Epoch Time: 0.48s | Spearman@80: 0.8816 | Kendall@80: 0.7089
Epoch 70/150 | Train Loss: 0.0313 | Epoch Time: 0.45s | Spearman@80: 0.8822 | Kendall@80: 0.7057
Epoch 71/150 | Train Loss: 0.0279 | Epoch Time: 0.45s | Spearman@80: 0.8842 | Kendall@80: 0.7082
Epoch 72/150 | Train Loss: 0.0264 | Epoch Time: 0.48s | Spearman@80: 0.8745 | Kendall@80: 0.6949
Epoch 73/150 | Train Loss: 0.0239 | Epoch Time: 0.46s | Spearman@80: 0.8885 | Kendall@80: 0.7108
Epoch 74/150 | Train Loss: 0.0265 | Epoch Time: 0.46s | Spearman@80: 0.8991 | Kendall@80: 0.7215
Epoch 75/150 | Train Loss: 0.0192 | Epoch Time: 0.47s | Spearman@80: 0.9011 | Kendall@80: 0.7272
Epoch 76/150 | Train Loss: 0.0260 | Epoch Time: 0.46s | Spearman@80: 0.8870 | Kendall@80: 0.7120
Epoch 77/150 | Train Loss: 0.0240 | Epoch Time: 0.48s | Spearman@80: 0.9016 | Kendall@80: 0.7297
Epoch 78/150 | Train Loss: 0.0198 | Epoch Time: 0.46s | Spearman@80: 0.9040 | Kendall@80: 0.7304
Epoch 79/150 | Train Loss: 0.0260 | Epoch Time: 0.45s | Spearman@80: 0.9046 | Kendall@80: 0.7304
Epoch 80/150 | Train Loss: 0.0300 | Epoch Time: 0.46s | Spearman@80: 0.8647 | Kendall@80: 0.6797
Epoch 81/150 | Train Loss: 0.0297 | Epoch Time: 0.49s | Spearman@80: 0.8881 | Kendall@80: 0.7038
Epoch 82/150 | Train Loss: 0.0301 | Epoch Time: 0.48s | Spearman@80: 0.8753 | Kendall@80: 0.6930
Epoch 83/150 | Train Loss: 0.0213 | Epoch Time: 0.47s | Spearman@80: 0.8812 | Kendall@80: 0.7025
Epoch 84/150 | Train Loss: 0.0248 | Epoch Time: 0.48s | Spearman@80: 0.8813 | Kendall@80: 0.7057
Epoch 85/150 | Train Loss: 0.0239 | Epoch Time: 0.47s | Spearman@80: 0.8680 | Kendall@80: 0.6791
Epoch 86/150 | Train Loss: 0.0202 | Epoch Time: 0.46s | Spearman@80: 0.8872 | Kendall@80: 0.7076
Epoch 87/150 | Train Loss: 0.0240 | Epoch Time: 0.47s | Spearman@80: 0.8629 | Kendall@80: 0.6797
Epoch 88/150 | Train Loss: 0.0201 | Epoch Time: 0.48s | Spearman@80: 0.8905 | Kendall@80: 0.7089
Epoch 89/150 | Train Loss: 0.0264 | Epoch Time: 0.46s | Spearman@80: 0.8894 | Kendall@80: 0.7070
Epoch 90/150 | Train Loss: 0.0191 | Epoch Time: 0.46s | Spearman@80: 0.8823 | Kendall@80: 0.6981
Epoch 91/150 | Train Loss: 0.0216 | Epoch Time: 0.45s | Spearman@80: 0.9030 | Kendall@80: 0.7247
Epoch 92/150 | Train Loss: 0.0228 | Epoch Time: 0.47s | Spearman@80: 0.8788 | Kendall@80: 0.6956
Epoch 93/150 | Train Loss: 0.0218 | Epoch Time: 0.49s | Spearman@80: 0.8715 | Kendall@80: 0.6854
Epoch 94/150 | Train Loss: 0.0214 | Epoch Time: 0.47s | Spearman@80: 0.8820 | Kendall@80: 0.6918
Epoch 95/150 | Train Loss: 0.0225 | Epoch Time: 0.45s | Spearman@80: 0.8786 | Kendall@80: 0.6911
Epoch 96/150 | Train Loss: 0.0197 | Epoch Time: 0.45s | Spearman@80: 0.8747 | Kendall@80: 0.6899
Epoch 97/150 | Train Loss: 0.0188 | Epoch Time: 0.47s | Spearman@80: 0.8915 | Kendall@80: 0.7171
Epoch 98/150 | Train Loss: 0.0217 | Epoch Time: 0.47s | Spearman@80: 0.8771 | Kendall@80: 0.6905
Epoch 99/150 | Train Loss: 0.0202 | Epoch Time: 0.48s | Spearman@80: 0.8950 | Kendall@80: 0.7108
Epoch 100/150 | Train Loss: 0.0240 | Epoch Time: 0.48s | Spearman@80: 0.8813 | Kendall@80: 0.6994
Epoch 101/150 | Train Loss: 0.0172 | Epoch Time: 0.49s | Spearman@80: 0.8787 | Kendall@80: 0.6956
Epoch 102/150 | Train Loss: 0.0239 | Epoch Time: 0.47s | Spearman@80: 0.8786 | Kendall@80: 0.6937
Epoch 103/150 | Train Loss: 0.0182 | Epoch Time: 0.45s | Spearman@80: 0.8789 | Kendall@80: 0.6937
Epoch 104/150 | Train Loss: 0.0167 | Epoch Time: 0.45s | Spearman@80: 0.8699 | Kendall@80: 0.6949
Epoch 105/150 | Train Loss: 0.0212 | Epoch Time: 0.48s | Spearman@80: 0.8923 | Kendall@80: 0.7108
Epoch 106/150 | Train Loss: 0.0160 | Epoch Time: 0.44s | Spearman@80: 0.8759 | Kendall@80: 0.6905
Epoch 107/150 | Train Loss: 0.0119 | Epoch Time: 0.45s | Spearman@80: 0.8723 | Kendall@80: 0.6867
Epoch 108/150 | Train Loss: 0.0230 | Epoch Time: 0.47s | Spearman@80: 0.8840 | Kendall@80: 0.6994
Epoch 109/150 | Train Loss: 0.0170 | Epoch Time: 0.45s | Spearman@80: 0.8739 | Kendall@80: 0.6861
Epoch 110/150 | Train Loss: 0.0173 | Epoch Time: 0.45s | Spearman@80: 0.8835 | Kendall@80: 0.6975
Epoch 111/150 | Train Loss: 0.0162 | Epoch Time: 0.46s | Spearman@80: 0.8739 | Kendall@80: 0.6886
Epoch 112/150 | Train Loss: 0.0193 | Epoch Time: 0.45s | Spearman@80: 0.8822 | Kendall@80: 0.6975
Epoch 113/150 | Train Loss: 0.0197 | Epoch Time: 0.45s | Spearman@80: 0.8887 | Kendall@80: 0.7120
Epoch 114/150 | Train Loss: 0.0152 | Epoch Time: 0.48s | Spearman@80: 0.8793 | Kendall@80: 0.6943
Epoch 115/150 | Train Loss: 0.0219 | Epoch Time: 0.50s | Spearman@80: 0.8840 | Kendall@80: 0.7063
Epoch 116/150 | Train Loss: 0.0171 | Epoch Time: 0.49s | Spearman@80: 0.8933 | Kendall@80: 0.7127
Epoch 117/150 | Train Loss: 0.0163 | Epoch Time: 0.45s | Spearman@80: 0.8987 | Kendall@80: 0.7196
Epoch 118/150 | Train Loss: 0.0174 | Epoch Time: 0.45s | Spearman@80: 0.8835 | Kendall@80: 0.6975
Epoch 119/150 | Train Loss: 0.0154 | Epoch Time: 0.45s | Spearman@80: 0.8808 | Kendall@80: 0.6943
Epoch 120/150 | Train Loss: 0.0149 | Epoch Time: 0.48s | Spearman@80: 0.8920 | Kendall@80: 0.7139
Epoch 121/150 | Train Loss: 0.0164 | Epoch Time: 0.49s | Spearman@80: 0.8885 | Kendall@80: 0.7044
Epoch 122/150 | Train Loss: 0.0189 | Epoch Time: 0.47s | Spearman@80: 0.8857 | Kendall@80: 0.7013
Epoch 123/150 | Train Loss: 0.0141 | Epoch Time: 0.47s | Spearman@80: 0.8762 | Kendall@80: 0.6905
Epoch 124/150 | Train Loss: 0.0184 | Epoch Time: 0.48s | Spearman@80: 0.8764 | Kendall@80: 0.6911
Epoch 125/150 | Train Loss: 0.0160 | Epoch Time: 0.45s | Spearman@80: 0.8790 | Kendall@80: 0.6943
Epoch 126/150 | Train Loss: 0.0159 | Epoch Time: 0.48s | Spearman@80: 0.8895 | Kendall@80: 0.7051
Epoch 127/150 | Train Loss: 0.0163 | Epoch Time: 0.50s | Spearman@80: 0.8895 | Kendall@80: 0.7057
Epoch 128/150 | Train Loss: 0.0185 | Epoch Time: 0.49s | Spearman@80: 0.8929 | Kendall@80: 0.7101
Epoch 129/150 | Train Loss: 0.0173 | Epoch Time: 0.49s | Spearman@80: 0.8948 | Kendall@80: 0.7158
Epoch 130/150 | Train Loss: 0.0154 | Epoch Time: 0.48s | Spearman@80: 0.8925 | Kendall@80: 0.7095
Epoch 131/150 | Train Loss: 0.0144 | Epoch Time: 0.46s | Spearman@80: 0.8910 | Kendall@80: 0.7076
Epoch 132/150 | Train Loss: 0.0163 | Epoch Time: 0.45s | Spearman@80: 0.8927 | Kendall@80: 0.7133
Epoch 133/150 | Train Loss: 0.0151 | Epoch Time: 0.45s | Spearman@80: 0.8851 | Kendall@80: 0.7032
Epoch 134/150 | Train Loss: 0.0151 | Epoch Time: 0.46s | Spearman@80: 0.8837 | Kendall@80: 0.7019
Epoch 135/150 | Train Loss: 0.0199 | Epoch Time: 0.48s | Spearman@80: 0.8816 | Kendall@80: 0.6975
Epoch 136/150 | Train Loss: 0.0164 | Epoch Time: 0.46s | Spearman@80: 0.8855 | Kendall@80: 0.7044
Epoch 137/150 | Train Loss: 0.0178 | Epoch Time: 0.46s | Spearman@80: 0.8853 | Kendall@80: 0.7076
Epoch 138/150 | Train Loss: 0.0139 | Epoch Time: 0.45s | Spearman@80: 0.8854 | Kendall@80: 0.7057
Epoch 139/150 | Train Loss: 0.0128 | Epoch Time: 0.48s | Spearman@80: 0.8837 | Kendall@80: 0.7032
Epoch 140/150 | Train Loss: 0.0167 | Epoch Time: 0.45s | Spearman@80: 0.8890 | Kendall@80: 0.7108
Epoch 141/150 | Train Loss: 0.0171 | Epoch Time: 0.48s | Spearman@80: 0.8871 | Kendall@80: 0.7057
Epoch 142/150 | Train Loss: 0.0144 | Epoch Time: 0.51s | Spearman@80: 0.8889 | Kendall@80: 0.7101
Epoch 143/150 | Train Loss: 0.0165 | Epoch Time: 0.48s | Spearman@80: 0.8892 | Kendall@80: 0.7114
Epoch 144/150 | Train Loss: 0.0128 | Epoch Time: 0.50s | Spearman@80: 0.8883 | Kendall@80: 0.7089
Epoch 145/150 | Train Loss: 0.0155 | Epoch Time: 0.49s | Spearman@80: 0.8889 | Kendall@80: 0.7089
Epoch 146/150 | Train Loss: 0.0141 | Epoch Time: 0.45s | Spearman@80: 0.8867 | Kendall@80: 0.7057
Epoch 147/150 | Train Loss: 0.0186 | Epoch Time: 24.74s | Spearman@423495: 0.8792 | Kendall@423495: 0.6992
Epoch 148/150 | Train Loss: 0.0094 | Epoch Time: 24.58s | Spearman@423495: 0.8791 | Kendall@423495: 0.6992
Epoch 149/150 | Train Loss: 0.0137 | Epoch Time: 24.64s | Spearman@423495: 0.8807 | Kendall@423495: 0.7011
Epoch 150/150 | Train Loss: 0.0128 | Epoch Time: 24.56s | Spearman@423495: 0.8788 | Kendall@423495: 0.6987
Sample Count: 128, Spearman: 0.8794498491696338, Kendall: 0.6995405432139535
{64: (0.7969923873921694, 0.601474444443783),
 128: (0.8794498491696338, 0.6995405432139535)}
Average KDT:  0.6194010387089796
Variance KDT:  0.00023531723096874814
Average SPR:  0.8114204575202782
Variance SPR:  0.00018327578111684479
Average KDT:  0.7007105956215546
Variance KDT:  0.00018638355080305595
Average SPR:  0.8778519039947282
Variance SPR:  0.00011460295404528774
