Loading files for NASBench201...
Normalizing ZCP dict
try to create the NAS-Bench-201 api from /home/ya255/projects/flan_hardware/nas_embedding_suite/embedding_datasets/NAS-Bench-201-v1_1-096897.pth
Loaded files in:  70.38670945167542  seconds
Loading cache for NASBench-201 speedup!!...
Loading cache for NASBench-201 speedup!!...
Epoch 1/150 | Train Loss: 0.0967 | Epoch Time: 0.90s | Spearman@80: 0.3546 | Kendall@80: 0.2470
Epoch 2/150 | Train Loss: 0.0781 | Epoch Time: 0.33s | Spearman@80: 0.4368 | Kendall@80: 0.3048
Epoch 3/150 | Train Loss: 0.0736 | Epoch Time: 0.30s | Spearman@80: 0.8604 | Kendall@80: 0.6700
Epoch 4/150 | Train Loss: 0.0568 | Epoch Time: 0.33s | Spearman@80: 0.7760 | Kendall@80: 0.5984
Epoch 5/150 | Train Loss: 0.0525 | Epoch Time: 0.33s | Spearman@80: 0.9191 | Kendall@80: 0.7557
Epoch 6/150 | Train Loss: 0.0387 | Epoch Time: 0.33s | Spearman@80: 0.8865 | Kendall@80: 0.6922
Epoch 7/150 | Train Loss: 0.0364 | Epoch Time: 0.32s | Spearman@80: 0.8587 | Kendall@80: 0.6797
Epoch 8/150 | Train Loss: 0.0404 | Epoch Time: 0.33s | Spearman@80: 0.7820 | Kendall@80: 0.5550
Epoch 9/150 | Train Loss: 0.0363 | Epoch Time: 0.33s | Spearman@80: 0.9354 | Kendall@80: 0.7798
Epoch 10/150 | Train Loss: 0.0357 | Epoch Time: 0.33s | Spearman@80: 0.9126 | Kendall@80: 0.7493
Epoch 11/150 | Train Loss: 0.0486 | Epoch Time: 0.34s | Spearman@80: 0.9130 | Kendall@80: 0.7375
Epoch 12/150 | Train Loss: 0.0325 | Epoch Time: 0.33s | Spearman@80: 0.9446 | Kendall@80: 0.8010
Epoch 13/150 | Train Loss: 0.0292 | Epoch Time: 0.33s | Spearman@80: 0.9285 | Kendall@80: 0.7705
Epoch 14/150 | Train Loss: 0.0303 | Epoch Time: 0.33s | Spearman@80: 0.9299 | Kendall@80: 0.7731
Epoch 15/150 | Train Loss: 0.0369 | Epoch Time: 0.31s | Spearman@80: 0.9303 | Kendall@80: 0.7890
Epoch 16/150 | Train Loss: 0.0321 | Epoch Time: 0.31s | Spearman@80: 0.9525 | Kendall@80: 0.8135
Epoch 17/150 | Train Loss: 0.0348 | Epoch Time: 0.32s | Spearman@80: 0.9396 | Kendall@80: 0.7915
Epoch 18/150 | Train Loss: 0.0308 | Epoch Time: 0.32s | Spearman@80: 0.9251 | Kendall@80: 0.7648
Epoch 19/150 | Train Loss: 0.0426 | Epoch Time: 0.31s | Spearman@80: 0.9449 | Kendall@80: 0.8074
Epoch 20/150 | Train Loss: 0.0300 | Epoch Time: 0.33s | Spearman@80: 0.9368 | Kendall@80: 0.7998
Epoch 21/150 | Train Loss: 0.0378 | Epoch Time: 0.33s | Spearman@80: 0.9411 | Kendall@80: 0.7881
Epoch 22/150 | Train Loss: 0.0359 | Epoch Time: 0.32s | Spearman@80: 0.9315 | Kendall@80: 0.7766
Epoch 23/150 | Train Loss: 0.0297 | Epoch Time: 0.32s | Spearman@80: 0.9214 | Kendall@80: 0.7595
Epoch 24/150 | Train Loss: 0.0341 | Epoch Time: 0.32s | Spearman@80: 0.9310 | Kendall@80: 0.7782
Epoch 25/150 | Train Loss: 0.0307 | Epoch Time: 0.32s | Spearman@80: 0.9467 | Kendall@80: 0.8118
Epoch 26/150 | Train Loss: 0.0312 | Epoch Time: 0.32s | Spearman@80: 0.9422 | Kendall@80: 0.7998
Epoch 27/150 | Train Loss: 0.0287 | Epoch Time: 0.31s | Spearman@80: 0.9459 | Kendall@80: 0.8046
Epoch 28/150 | Train Loss: 0.0373 | Epoch Time: 0.32s | Spearman@80: 0.9438 | Kendall@80: 0.8010
Epoch 29/150 | Train Loss: 0.0277 | Epoch Time: 0.31s | Spearman@80: 0.9426 | Kendall@80: 0.7951
Epoch 30/150 | Train Loss: 0.0260 | Epoch Time: 0.33s | Spearman@80: 0.9456 | Kendall@80: 0.8029
Epoch 31/150 | Train Loss: 0.0293 | Epoch Time: 0.31s | Spearman@80: 0.9513 | Kendall@80: 0.8135
Epoch 32/150 | Train Loss: 0.0324 | Epoch Time: 0.32s | Spearman@80: 0.9522 | Kendall@80: 0.8175
Epoch 33/150 | Train Loss: 0.0318 | Epoch Time: 0.33s | Spearman@80: 0.9444 | Kendall@80: 0.8137
Epoch 34/150 | Train Loss: 0.0325 | Epoch Time: 0.32s | Spearman@80: 0.9503 | Kendall@80: 0.8169
Epoch 35/150 | Train Loss: 0.0277 | Epoch Time: 0.33s | Spearman@80: 0.9266 | Kendall@80: 0.7756
Epoch 36/150 | Train Loss: 0.0344 | Epoch Time: 0.33s | Spearman@80: 0.9417 | Kendall@80: 0.7921
Epoch 37/150 | Train Loss: 0.0259 | Epoch Time: 0.34s | Spearman@80: 0.9365 | Kendall@80: 0.7912
Epoch 38/150 | Train Loss: 0.0254 | Epoch Time: 0.33s | Spearman@80: 0.9346 | Kendall@80: 0.7896
Epoch 39/150 | Train Loss: 0.0307 | Epoch Time: 0.33s | Spearman@80: 0.9392 | Kendall@80: 0.7887
Epoch 40/150 | Train Loss: 0.0302 | Epoch Time: 0.32s | Spearman@80: 0.9271 | Kendall@80: 0.7620
Epoch 41/150 | Train Loss: 0.0224 | Epoch Time: 0.34s | Spearman@80: 0.9470 | Kendall@80: 0.8027
Epoch 42/150 | Train Loss: 0.0225 | Epoch Time: 0.33s | Spearman@80: 0.9170 | Kendall@80: 0.7432
Epoch 43/150 | Train Loss: 0.0297 | Epoch Time: 0.33s | Spearman@80: 0.9522 | Kendall@80: 0.8065
Epoch 44/150 | Train Loss: 0.0231 | Epoch Time: 0.33s | Spearman@80: 0.9473 | Kendall@80: 0.8058
Epoch 45/150 | Train Loss: 0.0280 | Epoch Time: 0.34s | Spearman@80: 0.9581 | Kendall@80: 0.8309
Epoch 46/150 | Train Loss: 0.0263 | Epoch Time: 0.32s | Spearman@80: 0.9439 | Kendall@80: 0.7982
Epoch 47/150 | Train Loss: 0.0229 | Epoch Time: 0.33s | Spearman@80: 0.9388 | Kendall@80: 0.7843
Epoch 48/150 | Train Loss: 0.0185 | Epoch Time: 0.34s | Spearman@80: 0.9425 | Kendall@80: 0.8010
Epoch 49/150 | Train Loss: 0.0250 | Epoch Time: 0.32s | Spearman@80: 0.9447 | Kendall@80: 0.8014
Epoch 50/150 | Train Loss: 0.0261 | Epoch Time: 0.32s | Spearman@80: 0.9515 | Kendall@80: 0.8093
Epoch 51/150 | Train Loss: 0.0223 | Epoch Time: 0.32s | Spearman@80: 0.9519 | Kendall@80: 0.8182
Epoch 52/150 | Train Loss: 0.0249 | Epoch Time: 0.34s | Spearman@80: 0.9383 | Kendall@80: 0.7957
Epoch 53/150 | Train Loss: 0.0230 | Epoch Time: 0.33s | Spearman@80: 0.9332 | Kendall@80: 0.7804
Epoch 54/150 | Train Loss: 0.0302 | Epoch Time: 0.32s | Spearman@80: 0.9473 | Kendall@80: 0.8008
Epoch 55/150 | Train Loss: 0.0268 | Epoch Time: 0.32s | Spearman@80: 0.9286 | Kendall@80: 0.7762
Epoch 56/150 | Train Loss: 0.0198 | Epoch Time: 0.34s | Spearman@80: 0.9466 | Kendall@80: 0.8074
Epoch 57/150 | Train Loss: 0.0260 | Epoch Time: 0.33s | Spearman@80: 0.9397 | Kendall@80: 0.7921
Epoch 58/150 | Train Loss: 0.0288 | Epoch Time: 0.33s | Spearman@80: 0.9412 | Kendall@80: 0.7934
Epoch 59/150 | Train Loss: 0.0256 | Epoch Time: 0.34s | Spearman@80: 0.9418 | Kendall@80: 0.7991
Epoch 60/150 | Train Loss: 0.0247 | Epoch Time: 0.33s | Spearman@80: 0.9549 | Kendall@80: 0.8230
Epoch 61/150 | Train Loss: 0.0183 | Epoch Time: 0.33s | Spearman@80: 0.9551 | Kendall@80: 0.8283
Epoch 62/150 | Train Loss: 0.0196 | Epoch Time: 0.33s | Spearman@80: 0.9423 | Kendall@80: 0.7966
Epoch 63/150 | Train Loss: 0.0238 | Epoch Time: 0.32s | Spearman@80: 0.9517 | Kendall@80: 0.8058
Epoch 64/150 | Train Loss: 0.0248 | Epoch Time: 0.34s | Spearman@80: 0.9495 | Kendall@80: 0.8105
Epoch 65/150 | Train Loss: 0.0318 | Epoch Time: 0.33s | Spearman@80: 0.9584 | Kendall@80: 0.8258
Epoch 66/150 | Train Loss: 0.0241 | Epoch Time: 0.33s | Spearman@80: 0.9564 | Kendall@80: 0.8236
Epoch 67/150 | Train Loss: 0.0300 | Epoch Time: 0.33s | Spearman@80: 0.9514 | Kendall@80: 0.8160
Epoch 68/150 | Train Loss: 0.0216 | Epoch Time: 0.33s | Spearman@80: 0.9453 | Kendall@80: 0.8017
Epoch 69/150 | Train Loss: 0.0298 | Epoch Time: 0.34s | Spearman@80: 0.9558 | Kendall@80: 0.8249
Epoch 70/150 | Train Loss: 0.0261 | Epoch Time: 0.33s | Spearman@80: 0.9569 | Kendall@80: 0.8262
Epoch 71/150 | Train Loss: 0.0216 | Epoch Time: 0.33s | Spearman@80: 0.9639 | Kendall@80: 0.8363
Epoch 72/150 | Train Loss: 0.0287 | Epoch Time: 0.33s | Spearman@80: 0.9450 | Kendall@80: 0.7966
Epoch 73/150 | Train Loss: 0.0245 | Epoch Time: 0.32s | Spearman@80: 0.9525 | Kendall@80: 0.8213
Epoch 74/150 | Train Loss: 0.0201 | Epoch Time: 0.33s | Spearman@80: 0.9532 | Kendall@80: 0.8249
Epoch 75/150 | Train Loss: 0.0225 | Epoch Time: 0.31s | Spearman@80: 0.9521 | Kendall@80: 0.8166
Epoch 76/150 | Train Loss: 0.0238 | Epoch Time: 0.31s | Spearman@80: 0.9643 | Kendall@80: 0.8423
Epoch 77/150 | Train Loss: 0.0213 | Epoch Time: 0.33s | Spearman@80: 0.9637 | Kendall@80: 0.8372
Epoch 78/150 | Train Loss: 0.0210 | Epoch Time: 0.32s | Spearman@80: 0.9561 | Kendall@80: 0.8226
Epoch 79/150 | Train Loss: 0.0237 | Epoch Time: 0.33s | Spearman@80: 0.9545 | Kendall@80: 0.8271
Epoch 80/150 | Train Loss: 0.0194 | Epoch Time: 0.33s | Spearman@80: 0.9518 | Kendall@80: 0.8201
Epoch 81/150 | Train Loss: 0.0189 | Epoch Time: 0.32s | Spearman@80: 0.9468 | Kendall@80: 0.8116
Epoch 82/150 | Train Loss: 0.0159 | Epoch Time: 0.32s | Spearman@80: 0.9289 | Kendall@80: 0.7750
Epoch 83/150 | Train Loss: 0.0198 | Epoch Time: 0.33s | Spearman@80: 0.9585 | Kendall@80: 0.8293
Epoch 84/150 | Train Loss: 0.0245 | Epoch Time: 0.33s | Spearman@80: 0.9594 | Kendall@80: 0.8315
Epoch 85/150 | Train Loss: 0.0171 | Epoch Time: 0.31s | Spearman@80: 0.9568 | Kendall@80: 0.8205
Epoch 86/150 | Train Loss: 0.0177 | Epoch Time: 0.32s | Spearman@80: 0.9481 | Kendall@80: 0.8086
Epoch 87/150 | Train Loss: 0.0264 | Epoch Time: 0.33s | Spearman@80: 0.9433 | Kendall@80: 0.7912
Epoch 88/150 | Train Loss: 0.0244 | Epoch Time: 0.33s | Spearman@80: 0.9425 | Kendall@80: 0.7919
Epoch 89/150 | Train Loss: 0.0246 | Epoch Time: 0.33s | Spearman@80: 0.9556 | Kendall@80: 0.8182
Epoch 90/150 | Train Loss: 0.0177 | Epoch Time: 0.31s | Spearman@80: 0.9562 | Kendall@80: 0.8182
Epoch 91/150 | Train Loss: 0.0213 | Epoch Time: 0.33s | Spearman@80: 0.9590 | Kendall@80: 0.8217
Epoch 92/150 | Train Loss: 0.0192 | Epoch Time: 0.32s | Spearman@80: 0.9570 | Kendall@80: 0.8220
Epoch 93/150 | Train Loss: 0.0236 | Epoch Time: 0.31s | Spearman@80: 0.9480 | Kendall@80: 0.8099
Epoch 94/150 | Train Loss: 0.0191 | Epoch Time: 0.32s | Spearman@80: 0.9498 | Kendall@80: 0.8093
Epoch 95/150 | Train Loss: 0.0154 | Epoch Time: 0.33s | Spearman@80: 0.9488 | Kendall@80: 0.8039
Epoch 96/150 | Train Loss: 0.0191 | Epoch Time: 0.32s | Spearman@80: 0.9623 | Kendall@80: 0.8309
Epoch 97/150 | Train Loss: 0.0176 | Epoch Time: 0.33s | Spearman@80: 0.9634 | Kendall@80: 0.8344
Epoch 98/150 | Train Loss: 0.0174 | Epoch Time: 0.32s | Spearman@80: 0.9532 | Kendall@80: 0.8198
Epoch 99/150 | Train Loss: 0.0192 | Epoch Time: 0.32s | Spearman@80: 0.9535 | Kendall@80: 0.8156
Epoch 100/150 | Train Loss: 0.0145 | Epoch Time: 0.33s | Spearman@80: 0.9691 | Kendall@80: 0.8487
Epoch 101/150 | Train Loss: 0.0180 | Epoch Time: 0.33s | Spearman@80: 0.9641 | Kendall@80: 0.8395
Epoch 102/150 | Train Loss: 0.0205 | Epoch Time: 0.32s | Spearman@80: 0.9604 | Kendall@80: 0.8309
Epoch 103/150 | Train Loss: 0.0181 | Epoch Time: 0.33s | Spearman@80: 0.9605 | Kendall@80: 0.8302
Epoch 104/150 | Train Loss: 0.0146 | Epoch Time: 0.32s | Spearman@80: 0.9609 | Kendall@80: 0.8347
Epoch 105/150 | Train Loss: 0.0194 | Epoch Time: 0.32s | Spearman@80: 0.9616 | Kendall@80: 0.8353
Epoch 106/150 | Train Loss: 0.0235 | Epoch Time: 0.32s | Spearman@80: 0.9570 | Kendall@80: 0.8226
Epoch 107/150 | Train Loss: 0.0196 | Epoch Time: 0.34s | Spearman@80: 0.9589 | Kendall@80: 0.8281
Epoch 108/150 | Train Loss: 0.0130 | Epoch Time: 0.33s | Spearman@80: 0.9610 | Kendall@80: 0.8321
Epoch 109/150 | Train Loss: 0.0136 | Epoch Time: 0.34s | Spearman@80: 0.9609 | Kendall@80: 0.8347
Epoch 110/150 | Train Loss: 0.0252 | Epoch Time: 0.33s | Spearman@80: 0.9552 | Kendall@80: 0.8192
Epoch 111/150 | Train Loss: 0.0187 | Epoch Time: 0.32s | Spearman@80: 0.9586 | Kendall@80: 0.8283
Epoch 112/150 | Train Loss: 0.0204 | Epoch Time: 0.33s | Spearman@80: 0.9592 | Kendall@80: 0.8302
Epoch 113/150 | Train Loss: 0.0154 | Epoch Time: 0.34s | Spearman@80: 0.9614 | Kendall@80: 0.8376
Epoch 114/150 | Train Loss: 0.0168 | Epoch Time: 0.33s | Spearman@80: 0.9600 | Kendall@80: 0.8338
Epoch 115/150 | Train Loss: 0.0121 | Epoch Time: 0.33s | Spearman@80: 0.9543 | Kendall@80: 0.8220
Epoch 116/150 | Train Loss: 0.0121 | Epoch Time: 0.32s | Spearman@80: 0.9554 | Kendall@80: 0.8185
Epoch 117/150 | Train Loss: 0.0167 | Epoch Time: 0.32s | Spearman@80: 0.9533 | Kendall@80: 0.8198
Epoch 118/150 | Train Loss: 0.0151 | Epoch Time: 0.32s | Spearman@80: 0.9545 | Kendall@80: 0.8147
Epoch 119/150 | Train Loss: 0.0184 | Epoch Time: 0.31s | Spearman@80: 0.9620 | Kendall@80: 0.8341
Epoch 120/150 | Train Loss: 0.0129 | Epoch Time: 0.32s | Spearman@80: 0.9637 | Kendall@80: 0.8385
Epoch 121/150 | Train Loss: 0.0147 | Epoch Time: 0.33s | Spearman@80: 0.9616 | Kendall@80: 0.8334
Epoch 122/150 | Train Loss: 0.0182 | Epoch Time: 0.32s | Spearman@80: 0.9594 | Kendall@80: 0.8319
Epoch 123/150 | Train Loss: 0.0159 | Epoch Time: 0.33s | Spearman@80: 0.9613 | Kendall@80: 0.8351
Epoch 124/150 | Train Loss: 0.0115 | Epoch Time: 0.33s | Spearman@80: 0.9588 | Kendall@80: 0.8312
Epoch 125/150 | Train Loss: 0.0105 | Epoch Time: 0.34s | Spearman@80: 0.9616 | Kendall@80: 0.8360
Epoch 126/150 | Train Loss: 0.0172 | Epoch Time: 0.34s | Spearman@80: 0.9615 | Kendall@80: 0.8341
Epoch 127/150 | Train Loss: 0.0156 | Epoch Time: 0.33s | Spearman@80: 0.9617 | Kendall@80: 0.8341
Epoch 128/150 | Train Loss: 0.0184 | Epoch Time: 0.33s | Spearman@80: 0.9601 | Kendall@80: 0.8315
Epoch 129/150 | Train Loss: 0.0103 | Epoch Time: 0.33s | Spearman@80: 0.9605 | Kendall@80: 0.8328
Epoch 130/150 | Train Loss: 0.0186 | Epoch Time: 0.32s | Spearman@80: 0.9599 | Kendall@80: 0.8325
Epoch 131/150 | Train Loss: 0.0107 | Epoch Time: 0.32s | Spearman@80: 0.9586 | Kendall@80: 0.8274
Epoch 132/150 | Train Loss: 0.0150 | Epoch Time: 0.32s | Spearman@80: 0.9569 | Kendall@80: 0.8281
Epoch 133/150 | Train Loss: 0.0128 | Epoch Time: 0.32s | Spearman@80: 0.9575 | Kendall@80: 0.8274
Epoch 134/150 | Train Loss: 0.0098 | Epoch Time: 0.33s | Spearman@80: 0.9612 | Kendall@80: 0.8332
Epoch 135/150 | Train Loss: 0.0187 | Epoch Time: 0.31s | Spearman@80: 0.9597 | Kendall@80: 0.8300
Epoch 136/150 | Train Loss: 0.0130 | Epoch Time: 0.32s | Spearman@80: 0.9608 | Kendall@80: 0.8334
Epoch 137/150 | Train Loss: 0.0154 | Epoch Time: 0.33s | Spearman@80: 0.9568 | Kendall@80: 0.8236
Epoch 138/150 | Train Loss: 0.0116 | Epoch Time: 0.33s | Spearman@80: 0.9597 | Kendall@80: 0.8287
Epoch 139/150 | Train Loss: 0.0106 | Epoch Time: 0.32s | Spearman@80: 0.9600 | Kendall@80: 0.8302
Epoch 140/150 | Train Loss: 0.0114 | Epoch Time: 0.33s | Spearman@80: 0.9594 | Kendall@80: 0.8306
Epoch 141/150 | Train Loss: 0.0141 | Epoch Time: 0.33s | Spearman@80: 0.9590 | Kendall@80: 0.8287
Epoch 142/150 | Train Loss: 0.0113 | Epoch Time: 0.33s | Spearman@80: 0.9584 | Kendall@80: 0.8287
Epoch 143/150 | Train Loss: 0.0175 | Epoch Time: 0.31s | Spearman@80: 0.9602 | Kendall@80: 0.8312
Epoch 144/150 | Train Loss: 0.0223 | Epoch Time: 0.33s | Spearman@80: 0.9607 | Kendall@80: 0.8315
Epoch 145/150 | Train Loss: 0.0120 | Epoch Time: 0.31s | Spearman@80: 0.9598 | Kendall@80: 0.8296
Epoch 146/150 | Train Loss: 0.0200 | Epoch Time: 0.32s | Spearman@80: 0.9601 | Kendall@80: 0.8309
Epoch 147/150 | Train Loss: 0.0121 | Epoch Time: 1.63s | Spearman@15560: 0.9336 | Kendall@15560: 0.7828
Epoch 148/150 | Train Loss: 0.0097 | Epoch Time: 1.47s | Spearman@15560: 0.9338 | Kendall@15560: 0.7831
Epoch 149/150 | Train Loss: 0.0179 | Epoch Time: 1.46s | Spearman@15560: 0.9339 | Kendall@15560: 0.7833
Epoch 150/150 | Train Loss: 0.0136 | Epoch Time: 1.47s | Spearman@15560: 0.9330 | Kendall@15560: 0.7814
Sample Count: 64, Spearman: 0.9336004458835475, Kendall: 0.7826354751451597
{64: (0.9336004458835475, 0.7826354751451597)}
Epoch 1/150 | Train Loss: 0.0890 | Epoch Time: 0.66s | Spearman@80: 0.6205 | Kendall@80: 0.4497
Epoch 2/150 | Train Loss: 0.0585 | Epoch Time: 0.66s | Spearman@80: 0.8729 | Kendall@80: 0.6901
Epoch 3/150 | Train Loss: 0.0452 | Epoch Time: 0.65s | Spearman@80: 0.8875 | Kendall@80: 0.7174
Epoch 4/150 | Train Loss: 0.0455 | Epoch Time: 0.65s | Spearman@80: 0.9200 | Kendall@80: 0.7584
Epoch 5/150 | Train Loss: 0.0389 | Epoch Time: 0.63s | Spearman@80: 0.9202 | Kendall@80: 0.7667
Epoch 6/150 | Train Loss: 0.0314 | Epoch Time: 0.64s | Spearman@80: 0.9253 | Kendall@80: 0.7669
Epoch 7/150 | Train Loss: 0.0423 | Epoch Time: 0.66s | Spearman@80: 0.9297 | Kendall@80: 0.7775
Epoch 8/150 | Train Loss: 0.0395 | Epoch Time: 0.65s | Spearman@80: 0.9073 | Kendall@80: 0.7420
Epoch 9/150 | Train Loss: 0.0386 | Epoch Time: 0.68s | Spearman@80: 0.9158 | Kendall@80: 0.7508
Epoch 10/150 | Train Loss: 0.0334 | Epoch Time: 0.64s | Spearman@80: 0.9109 | Kendall@80: 0.7472
Epoch 11/150 | Train Loss: 0.0365 | Epoch Time: 0.66s | Spearman@80: 0.9150 | Kendall@80: 0.7496
Epoch 12/150 | Train Loss: 0.0383 | Epoch Time: 0.66s | Spearman@80: 0.9188 | Kendall@80: 0.7567
Epoch 13/150 | Train Loss: 0.0332 | Epoch Time: 0.66s | Spearman@80: 0.9240 | Kendall@80: 0.7682
Epoch 14/150 | Train Loss: 0.0335 | Epoch Time: 0.65s | Spearman@80: 0.9324 | Kendall@80: 0.7910
Epoch 15/150 | Train Loss: 0.0343 | Epoch Time: 0.67s | Spearman@80: 0.8754 | Kendall@80: 0.6880
Epoch 16/150 | Train Loss: 0.0339 | Epoch Time: 0.65s | Spearman@80: 0.9195 | Kendall@80: 0.7491
Epoch 17/150 | Train Loss: 0.0347 | Epoch Time: 0.67s | Spearman@80: 0.9114 | Kendall@80: 0.7377
Epoch 18/150 | Train Loss: 0.0342 | Epoch Time: 0.66s | Spearman@80: 0.9101 | Kendall@80: 0.7517
Epoch 19/150 | Train Loss: 0.0371 | Epoch Time: 0.65s | Spearman@80: 0.9122 | Kendall@80: 0.7597
Epoch 20/150 | Train Loss: 0.0352 | Epoch Time: 0.66s | Spearman@80: 0.8638 | Kendall@80: 0.6927
Epoch 21/150 | Train Loss: 0.0313 | Epoch Time: 0.66s | Spearman@80: 0.9106 | Kendall@80: 0.7578
Epoch 22/150 | Train Loss: 0.0361 | Epoch Time: 0.65s | Spearman@80: 0.9009 | Kendall@80: 0.7339
Epoch 23/150 | Train Loss: 0.0317 | Epoch Time: 0.67s | Spearman@80: 0.9278 | Kendall@80: 0.7826
Epoch 24/150 | Train Loss: 0.0364 | Epoch Time: 0.64s | Spearman@80: 0.9184 | Kendall@80: 0.7593
Epoch 25/150 | Train Loss: 0.0327 | Epoch Time: 0.65s | Spearman@80: 0.8832 | Kendall@80: 0.7318
Epoch 26/150 | Train Loss: 0.0365 | Epoch Time: 0.65s | Spearman@80: 0.9078 | Kendall@80: 0.7498
Epoch 27/150 | Train Loss: 0.0378 | Epoch Time: 0.66s | Spearman@80: 0.9374 | Kendall@80: 0.7872
Epoch 28/150 | Train Loss: 0.0294 | Epoch Time: 0.66s | Spearman@80: 0.9254 | Kendall@80: 0.7815
Epoch 29/150 | Train Loss: 0.0301 | Epoch Time: 0.64s | Spearman@80: 0.8083 | Kendall@80: 0.6138
Epoch 30/150 | Train Loss: 0.0333 | Epoch Time: 0.66s | Spearman@80: 0.8955 | Kendall@80: 0.7466
Epoch 31/150 | Train Loss: 0.0272 | Epoch Time: 0.66s | Spearman@80: 0.9337 | Kendall@80: 0.7883
Epoch 32/150 | Train Loss: 0.0252 | Epoch Time: 0.64s | Spearman@80: 0.9278 | Kendall@80: 0.7870
Epoch 33/150 | Train Loss: 0.0290 | Epoch Time: 0.65s | Spearman@80: 0.9269 | Kendall@80: 0.7959
Epoch 34/150 | Train Loss: 0.0268 | Epoch Time: 0.65s | Spearman@80: 0.9282 | Kendall@80: 0.7897
Epoch 35/150 | Train Loss: 0.0382 | Epoch Time: 0.63s | Spearman@80: 0.9097 | Kendall@80: 0.7574
Epoch 36/150 | Train Loss: 0.0333 | Epoch Time: 0.65s | Spearman@80: 0.8941 | Kendall@80: 0.7358
Epoch 37/150 | Train Loss: 0.0314 | Epoch Time: 0.66s | Spearman@80: 0.9208 | Kendall@80: 0.7737
Epoch 38/150 | Train Loss: 0.0289 | Epoch Time: 0.66s | Spearman@80: 0.9347 | Kendall@80: 0.7914
Epoch 39/150 | Train Loss: 0.0316 | Epoch Time: 0.66s | Spearman@80: 0.9255 | Kendall@80: 0.7819
Epoch 40/150 | Train Loss: 0.0266 | Epoch Time: 0.65s | Spearman@80: 0.9109 | Kendall@80: 0.7610
Epoch 41/150 | Train Loss: 0.0309 | Epoch Time: 0.67s | Spearman@80: 0.9377 | Kendall@80: 0.7978
Epoch 42/150 | Train Loss: 0.0302 | Epoch Time: 0.65s | Spearman@80: 0.9233 | Kendall@80: 0.7851
Epoch 43/150 | Train Loss: 0.0300 | Epoch Time: 0.67s | Spearman@80: 0.9233 | Kendall@80: 0.7781
Epoch 44/150 | Train Loss: 0.0324 | Epoch Time: 0.66s | Spearman@80: 0.9214 | Kendall@80: 0.7743
Epoch 45/150 | Train Loss: 0.0285 | Epoch Time: 0.64s | Spearman@80: 0.9135 | Kendall@80: 0.7768
Epoch 46/150 | Train Loss: 0.0337 | Epoch Time: 0.64s | Spearman@80: 0.9063 | Kendall@80: 0.7555
Epoch 47/150 | Train Loss: 0.0275 | Epoch Time: 0.65s | Spearman@80: 0.9225 | Kendall@80: 0.7821
Epoch 48/150 | Train Loss: 0.0276 | Epoch Time: 0.66s | Spearman@80: 0.8858 | Kendall@80: 0.7337
Epoch 49/150 | Train Loss: 0.0312 | Epoch Time: 0.66s | Spearman@80: 0.9240 | Kendall@80: 0.7935
Epoch 50/150 | Train Loss: 0.0273 | Epoch Time: 0.67s | Spearman@80: 0.9145 | Kendall@80: 0.7623
Epoch 51/150 | Train Loss: 0.0325 | Epoch Time: 0.67s | Spearman@80: 0.9294 | Kendall@80: 0.7971
Epoch 52/150 | Train Loss: 0.0272 | Epoch Time: 0.67s | Spearman@80: 0.9270 | Kendall@80: 0.7948
Epoch 53/150 | Train Loss: 0.0244 | Epoch Time: 0.63s | Spearman@80: 0.9143 | Kendall@80: 0.7770
Epoch 54/150 | Train Loss: 0.0302 | Epoch Time: 0.68s | Spearman@80: 0.9141 | Kendall@80: 0.7445
Epoch 55/150 | Train Loss: 0.0365 | Epoch Time: 0.65s | Spearman@80: 0.9000 | Kendall@80: 0.7498
Epoch 56/150 | Train Loss: 0.0329 | Epoch Time: 0.66s | Spearman@80: 0.9122 | Kendall@80: 0.7732
Epoch 57/150 | Train Loss: 0.0302 | Epoch Time: 0.64s | Spearman@80: 0.8634 | Kendall@80: 0.7161
Epoch 58/150 | Train Loss: 0.0281 | Epoch Time: 0.65s | Spearman@80: 0.8956 | Kendall@80: 0.7536
Epoch 59/150 | Train Loss: 0.0289 | Epoch Time: 0.65s | Spearman@80: 0.9288 | Kendall@80: 0.7973
Epoch 60/150 | Train Loss: 0.0301 | Epoch Time: 0.65s | Spearman@80: 0.9216 | Kendall@80: 0.7845
Epoch 61/150 | Train Loss: 0.0340 | Epoch Time: 0.64s | Spearman@80: 0.9360 | Kendall@80: 0.7978
Epoch 62/150 | Train Loss: 0.0319 | Epoch Time: 0.66s | Spearman@80: 0.9017 | Kendall@80: 0.7680
Epoch 63/150 | Train Loss: 0.0268 | Epoch Time: 0.65s | Spearman@80: 0.9072 | Kendall@80: 0.7591
Epoch 64/150 | Train Loss: 0.0258 | Epoch Time: 0.66s | Spearman@80: 0.9184 | Kendall@80: 0.7762
Epoch 65/150 | Train Loss: 0.0286 | Epoch Time: 0.65s | Spearman@80: 0.9167 | Kendall@80: 0.7749
Epoch 66/150 | Train Loss: 0.0257 | Epoch Time: 0.66s | Spearman@80: 0.9182 | Kendall@80: 0.7745
Epoch 67/150 | Train Loss: 0.0252 | Epoch Time: 0.65s | Spearman@80: 0.9209 | Kendall@80: 0.7872
Epoch 68/150 | Train Loss: 0.0285 | Epoch Time: 0.65s | Spearman@80: 0.9257 | Kendall@80: 0.7895
Epoch 69/150 | Train Loss: 0.0290 | Epoch Time: 0.64s | Spearman@80: 0.9212 | Kendall@80: 0.7878
Epoch 70/150 | Train Loss: 0.0292 | Epoch Time: 0.65s | Spearman@80: 0.9338 | Kendall@80: 0.8003
Epoch 71/150 | Train Loss: 0.0266 | Epoch Time: 0.64s | Spearman@80: 0.9064 | Kendall@80: 0.7667
Epoch 72/150 | Train Loss: 0.0300 | Epoch Time: 0.65s | Spearman@80: 0.9057 | Kendall@80: 0.7534
Epoch 73/150 | Train Loss: 0.0280 | Epoch Time: 0.68s | Spearman@80: 0.8960 | Kendall@80: 0.7661
Epoch 74/150 | Train Loss: 0.0267 | Epoch Time: 0.66s | Spearman@80: 0.9359 | Kendall@80: 0.8005
Epoch 75/150 | Train Loss: 0.0311 | Epoch Time: 0.66s | Spearman@80: 0.8975 | Kendall@80: 0.7510
Epoch 76/150 | Train Loss: 0.0282 | Epoch Time: 0.65s | Spearman@80: 0.9041 | Kendall@80: 0.7610
Epoch 77/150 | Train Loss: 0.0235 | Epoch Time: 0.66s | Spearman@80: 0.9129 | Kendall@80: 0.7764
Epoch 78/150 | Train Loss: 0.0247 | Epoch Time: 0.66s | Spearman@80: 0.9186 | Kendall@80: 0.7796
Epoch 79/150 | Train Loss: 0.0265 | Epoch Time: 0.66s | Spearman@80: 0.9064 | Kendall@80: 0.7682
Epoch 80/150 | Train Loss: 0.0262 | Epoch Time: 0.65s | Spearman@80: 0.9237 | Kendall@80: 0.7864
Epoch 81/150 | Train Loss: 0.0249 | Epoch Time: 0.66s | Spearman@80: 0.9237 | Kendall@80: 0.7908
Epoch 82/150 | Train Loss: 0.0247 | Epoch Time: 0.65s | Spearman@80: 0.9017 | Kendall@80: 0.7610
Epoch 83/150 | Train Loss: 0.0291 | Epoch Time: 0.66s | Spearman@80: 0.9226 | Kendall@80: 0.7870
Epoch 84/150 | Train Loss: 0.0244 | Epoch Time: 0.66s | Spearman@80: 0.9212 | Kendall@80: 0.7751
Epoch 85/150 | Train Loss: 0.0228 | Epoch Time: 0.67s | Spearman@80: 0.9250 | Kendall@80: 0.7889
Epoch 86/150 | Train Loss: 0.0239 | Epoch Time: 0.65s | Spearman@80: 0.9197 | Kendall@80: 0.7796
Epoch 87/150 | Train Loss: 0.0259 | Epoch Time: 0.63s | Spearman@80: 0.9250 | Kendall@80: 0.7927
Epoch 88/150 | Train Loss: 0.0222 | Epoch Time: 0.66s | Spearman@80: 0.9129 | Kendall@80: 0.7739
Epoch 89/150 | Train Loss: 0.0247 | Epoch Time: 0.65s | Spearman@80: 0.9119 | Kendall@80: 0.7718
Epoch 90/150 | Train Loss: 0.0201 | Epoch Time: 0.65s | Spearman@80: 0.9183 | Kendall@80: 0.7838
Epoch 91/150 | Train Loss: 0.0222 | Epoch Time: 0.65s | Spearman@80: 0.9094 | Kendall@80: 0.7673
Epoch 92/150 | Train Loss: 0.0217 | Epoch Time: 0.65s | Spearman@80: 0.9198 | Kendall@80: 0.7859
Epoch 93/150 | Train Loss: 0.0286 | Epoch Time: 0.67s | Spearman@80: 0.9036 | Kendall@80: 0.7635
Epoch 94/150 | Train Loss: 0.0237 | Epoch Time: 0.65s | Spearman@80: 0.9121 | Kendall@80: 0.7705
Epoch 95/150 | Train Loss: 0.0211 | Epoch Time: 0.65s | Spearman@80: 0.9187 | Kendall@80: 0.7749
Epoch 96/150 | Train Loss: 0.0277 | Epoch Time: 0.66s | Spearman@80: 0.9010 | Kendall@80: 0.7669
Epoch 97/150 | Train Loss: 0.0247 | Epoch Time: 0.66s | Spearman@80: 0.8954 | Kendall@80: 0.7477
Epoch 98/150 | Train Loss: 0.0224 | Epoch Time: 0.65s | Spearman@80: 0.9061 | Kendall@80: 0.7737
Epoch 99/150 | Train Loss: 0.0251 | Epoch Time: 0.66s | Spearman@80: 0.9001 | Kendall@80: 0.7460
Epoch 100/150 | Train Loss: 0.0204 | Epoch Time: 0.64s | Spearman@80: 0.9020 | Kendall@80: 0.7616
Epoch 101/150 | Train Loss: 0.0189 | Epoch Time: 0.66s | Spearman@80: 0.9007 | Kendall@80: 0.7572
Epoch 102/150 | Train Loss: 0.0173 | Epoch Time: 0.66s | Spearman@80: 0.9040 | Kendall@80: 0.7661
Epoch 103/150 | Train Loss: 0.0230 | Epoch Time: 0.66s | Spearman@80: 0.8987 | Kendall@80: 0.7553
Epoch 104/150 | Train Loss: 0.0260 | Epoch Time: 0.65s | Spearman@80: 0.9167 | Kendall@80: 0.7832
Epoch 105/150 | Train Loss: 0.0209 | Epoch Time: 0.67s | Spearman@80: 0.9127 | Kendall@80: 0.7762
Epoch 106/150 | Train Loss: 0.0219 | Epoch Time: 0.65s | Spearman@80: 0.9056 | Kendall@80: 0.7686
Epoch 107/150 | Train Loss: 0.0223 | Epoch Time: 0.65s | Spearman@80: 0.9110 | Kendall@80: 0.7669
Epoch 108/150 | Train Loss: 0.0266 | Epoch Time: 0.65s | Spearman@80: 0.9126 | Kendall@80: 0.7701
Epoch 109/150 | Train Loss: 0.0258 | Epoch Time: 0.64s | Spearman@80: 0.8939 | Kendall@80: 0.7618
Epoch 110/150 | Train Loss: 0.0197 | Epoch Time: 0.65s | Spearman@80: 0.9057 | Kendall@80: 0.7597
Epoch 111/150 | Train Loss: 0.0255 | Epoch Time: 0.66s | Spearman@80: 0.8989 | Kendall@80: 0.7597
Epoch 112/150 | Train Loss: 0.0228 | Epoch Time: 0.65s | Spearman@80: 0.9036 | Kendall@80: 0.7599
Epoch 113/150 | Train Loss: 0.0199 | Epoch Time: 0.66s | Spearman@80: 0.9119 | Kendall@80: 0.7762
Epoch 114/150 | Train Loss: 0.0246 | Epoch Time: 0.65s | Spearman@80: 0.9228 | Kendall@80: 0.7851
Epoch 115/150 | Train Loss: 0.0208 | Epoch Time: 0.66s | Spearman@80: 0.9145 | Kendall@80: 0.7707
Epoch 116/150 | Train Loss: 0.0201 | Epoch Time: 0.65s | Spearman@80: 0.9146 | Kendall@80: 0.7762
Epoch 117/150 | Train Loss: 0.0222 | Epoch Time: 0.66s | Spearman@80: 0.9114 | Kendall@80: 0.7688
Epoch 118/150 | Train Loss: 0.0235 | Epoch Time: 0.65s | Spearman@80: 0.9060 | Kendall@80: 0.7701
Epoch 119/150 | Train Loss: 0.0206 | Epoch Time: 0.65s | Spearman@80: 0.9030 | Kendall@80: 0.7648
Epoch 120/150 | Train Loss: 0.0147 | Epoch Time: 0.65s | Spearman@80: 0.9136 | Kendall@80: 0.7775
Epoch 121/150 | Train Loss: 0.0213 | Epoch Time: 0.65s | Spearman@80: 0.9156 | Kendall@80: 0.7756
Epoch 122/150 | Train Loss: 0.0272 | Epoch Time: 0.66s | Spearman@80: 0.9157 | Kendall@80: 0.7749
Epoch 123/150 | Train Loss: 0.0202 | Epoch Time: 0.65s | Spearman@80: 0.9107 | Kendall@80: 0.7718
Epoch 124/150 | Train Loss: 0.0183 | Epoch Time: 0.66s | Spearman@80: 0.9100 | Kendall@80: 0.7686
Epoch 125/150 | Train Loss: 0.0166 | Epoch Time: 0.65s | Spearman@80: 0.9071 | Kendall@80: 0.7648
Epoch 126/150 | Train Loss: 0.0231 | Epoch Time: 0.66s | Spearman@80: 0.9024 | Kendall@80: 0.7599
Epoch 127/150 | Train Loss: 0.0257 | Epoch Time: 0.65s | Spearman@80: 0.9092 | Kendall@80: 0.7688
Epoch 128/150 | Train Loss: 0.0158 | Epoch Time: 0.67s | Spearman@80: 0.9111 | Kendall@80: 0.7699
Epoch 129/150 | Train Loss: 0.0194 | Epoch Time: 0.65s | Spearman@80: 0.9119 | Kendall@80: 0.7692
Epoch 130/150 | Train Loss: 0.0208 | Epoch Time: 0.65s | Spearman@80: 0.9061 | Kendall@80: 0.7629
Epoch 131/150 | Train Loss: 0.0242 | Epoch Time: 0.66s | Spearman@80: 0.9097 | Kendall@80: 0.7673
Epoch 132/150 | Train Loss: 0.0218 | Epoch Time: 0.66s | Spearman@80: 0.9108 | Kendall@80: 0.7686
Epoch 133/150 | Train Loss: 0.0252 | Epoch Time: 0.65s | Spearman@80: 0.9137 | Kendall@80: 0.7743
Epoch 134/150 | Train Loss: 0.0204 | Epoch Time: 0.65s | Spearman@80: 0.9131 | Kendall@80: 0.7726
Epoch 135/150 | Train Loss: 0.0204 | Epoch Time: 0.65s | Spearman@80: 0.9133 | Kendall@80: 0.7732
Epoch 136/150 | Train Loss: 0.0243 | Epoch Time: 0.65s | Spearman@80: 0.9138 | Kendall@80: 0.7749
Epoch 137/150 | Train Loss: 0.0215 | Epoch Time: 0.66s | Spearman@80: 0.9127 | Kendall@80: 0.7718
Epoch 138/150 | Train Loss: 0.0208 | Epoch Time: 0.66s | Spearman@80: 0.9112 | Kendall@80: 0.7680
Epoch 139/150 | Train Loss: 0.0187 | Epoch Time: 0.66s | Spearman@80: 0.9123 | Kendall@80: 0.7701
Epoch 140/150 | Train Loss: 0.0184 | Epoch Time: 0.66s | Spearman@80: 0.9114 | Kendall@80: 0.7692
Epoch 141/150 | Train Loss: 0.0221 | Epoch Time: 0.64s | Spearman@80: 0.9123 | Kendall@80: 0.7699
Epoch 142/150 | Train Loss: 0.0233 | Epoch Time: 0.67s | Spearman@80: 0.9136 | Kendall@80: 0.7726
Epoch 143/150 | Train Loss: 0.0202 | Epoch Time: 0.66s | Spearman@80: 0.9137 | Kendall@80: 0.7737
Epoch 144/150 | Train Loss: 0.0212 | Epoch Time: 0.67s | Spearman@80: 0.9147 | Kendall@80: 0.7718
Epoch 145/150 | Train Loss: 0.0213 | Epoch Time: 0.68s | Spearman@80: 0.9144 | Kendall@80: 0.7739
Epoch 146/150 | Train Loss: 0.0202 | Epoch Time: 0.65s | Spearman@80: 0.9130 | Kendall@80: 0.7718
Epoch 147/150 | Train Loss: 0.0228 | Epoch Time: 1.99s | Spearman@15496: 0.9186 | Kendall@15496: 0.7689
Epoch 148/150 | Train Loss: 0.0216 | Epoch Time: 1.86s | Spearman@15496: 0.9176 | Kendall@15496: 0.7678
Epoch 149/150 | Train Loss: 0.0226 | Epoch Time: 1.87s | Spearman@15496: 0.9195 | Kendall@15496: 0.7702
Epoch 150/150 | Train Loss: 0.0232 | Epoch Time: 1.88s | Spearman@15496: 0.9158 | Kendall@15496: 0.7656
Sample Count: 128, Spearman: 0.9178764687101205, Kendall: 0.7681348760081179
{64: (0.9336004458835475, 0.7826354751451597),
 128: (0.9178764687101205, 0.7681348760081179)}
Epoch 1/150 | Train Loss: 0.0949 | Epoch Time: 0.33s | Spearman@80: 0.3889 | Kendall@80: 0.2674
Epoch 2/150 | Train Loss: 0.0807 | Epoch Time: 0.34s | Spearman@80: 0.4851 | Kendall@80: 0.3406
Epoch 3/150 | Train Loss: 0.0830 | Epoch Time: 0.34s | Spearman@80: 0.6370 | Kendall@80: 0.4711
Epoch 4/150 | Train Loss: 0.0600 | Epoch Time: 0.33s | Spearman@80: 0.7917 | Kendall@80: 0.5902
Epoch 5/150 | Train Loss: 0.0477 | Epoch Time: 0.35s | Spearman@80: 0.8572 | Kendall@80: 0.6700
Epoch 6/150 | Train Loss: 0.0397 | Epoch Time: 0.33s | Spearman@80: 0.8145 | Kendall@80: 0.6168
Epoch 7/150 | Train Loss: 0.0424 | Epoch Time: 0.33s | Spearman@80: 0.8406 | Kendall@80: 0.6422
Epoch 8/150 | Train Loss: 0.0409 | Epoch Time: 0.33s | Spearman@80: 0.8730 | Kendall@80: 0.7117
Epoch 9/150 | Train Loss: 0.0332 | Epoch Time: 0.33s | Spearman@80: 0.8716 | Kendall@80: 0.7079
Epoch 10/150 | Train Loss: 0.0287 | Epoch Time: 0.34s | Spearman@80: 0.8545 | Kendall@80: 0.6768
Epoch 11/150 | Train Loss: 0.0279 | Epoch Time: 0.35s | Spearman@80: 0.8810 | Kendall@80: 0.7246
Epoch 12/150 | Train Loss: 0.0332 | Epoch Time: 0.34s | Spearman@80: 0.8535 | Kendall@80: 0.6787
Epoch 13/150 | Train Loss: 0.0385 | Epoch Time: 0.33s | Spearman@80: 0.8525 | Kendall@80: 0.6781
Epoch 14/150 | Train Loss: 0.0284 | Epoch Time: 0.33s | Spearman@80: 0.8788 | Kendall@80: 0.7235
Epoch 15/150 | Train Loss: 0.0273 | Epoch Time: 0.33s | Spearman@80: 0.8634 | Kendall@80: 0.7034
Epoch 16/150 | Train Loss: 0.0288 | Epoch Time: 0.33s | Spearman@80: 0.8746 | Kendall@80: 0.7254
Epoch 17/150 | Train Loss: 0.0247 | Epoch Time: 0.34s | Spearman@80: 0.8842 | Kendall@80: 0.7277
Epoch 18/150 | Train Loss: 0.0249 | Epoch Time: 0.34s | Spearman@80: 0.8732 | Kendall@80: 0.7212
Epoch 19/150 | Train Loss: 0.0284 | Epoch Time: 0.34s | Spearman@80: 0.8931 | Kendall@80: 0.7531
Epoch 20/150 | Train Loss: 0.0396 | Epoch Time: 0.33s | Spearman@80: 0.8830 | Kendall@80: 0.7294
Epoch 21/150 | Train Loss: 0.0289 | Epoch Time: 0.35s | Spearman@80: 0.8909 | Kendall@80: 0.7487
Epoch 22/150 | Train Loss: 0.0279 | Epoch Time: 0.33s | Spearman@80: 0.8625 | Kendall@80: 0.6979
Epoch 23/150 | Train Loss: 0.0230 | Epoch Time: 0.33s | Spearman@80: 0.8823 | Kendall@80: 0.7260
Epoch 24/150 | Train Loss: 0.0220 | Epoch Time: 0.35s | Spearman@80: 0.8787 | Kendall@80: 0.7140
Epoch 25/150 | Train Loss: 0.0232 | Epoch Time: 0.34s | Spearman@80: 0.8755 | Kendall@80: 0.7309
Epoch 26/150 | Train Loss: 0.0186 | Epoch Time: 0.32s | Spearman@80: 0.8736 | Kendall@80: 0.7313
Epoch 27/150 | Train Loss: 0.0288 | Epoch Time: 0.32s | Spearman@80: 0.8873 | Kendall@80: 0.7381
Epoch 28/150 | Train Loss: 0.0240 | Epoch Time: 0.33s | Spearman@80: 0.8602 | Kendall@80: 0.6751
Epoch 29/150 | Train Loss: 0.0229 | Epoch Time: 0.34s | Spearman@80: 0.8732 | Kendall@80: 0.7024
Epoch 30/150 | Train Loss: 0.0261 | Epoch Time: 0.33s | Spearman@80: 0.8724 | Kendall@80: 0.7138
Epoch 31/150 | Train Loss: 0.0334 | Epoch Time: 0.34s | Spearman@80: 0.8552 | Kendall@80: 0.7043
Epoch 32/150 | Train Loss: 0.0244 | Epoch Time: 0.33s | Spearman@80: 0.8601 | Kendall@80: 0.6984
Epoch 33/150 | Train Loss: 0.0238 | Epoch Time: 0.33s | Spearman@80: 0.8751 | Kendall@80: 0.7294
Epoch 34/150 | Train Loss: 0.0232 | Epoch Time: 0.33s | Spearman@80: 0.8473 | Kendall@80: 0.6926
Epoch 35/150 | Train Loss: 0.0241 | Epoch Time: 0.34s | Spearman@80: 0.8850 | Kendall@80: 0.7421
Epoch 36/150 | Train Loss: 0.0208 | Epoch Time: 0.32s | Spearman@80: 0.8553 | Kendall@80: 0.6990
Epoch 37/150 | Train Loss: 0.0209 | Epoch Time: 0.34s | Spearman@80: 0.8742 | Kendall@80: 0.7281
Epoch 38/150 | Train Loss: 0.0150 | Epoch Time: 0.34s | Spearman@80: 0.8660 | Kendall@80: 0.7123
Epoch 39/150 | Train Loss: 0.0230 | Epoch Time: 0.34s | Spearman@80: 0.8754 | Kendall@80: 0.7231
Epoch 40/150 | Train Loss: 0.0118 | Epoch Time: 0.34s | Spearman@80: 0.8759 | Kendall@80: 0.7153
Epoch 41/150 | Train Loss: 0.0184 | Epoch Time: 0.32s | Spearman@80: 0.8705 | Kendall@80: 0.7070
Epoch 42/150 | Train Loss: 0.0221 | Epoch Time: 0.35s | Spearman@80: 0.8599 | Kendall@80: 0.7043
Epoch 43/150 | Train Loss: 0.0224 | Epoch Time: 0.32s | Spearman@80: 0.8574 | Kendall@80: 0.6952
Epoch 44/150 | Train Loss: 0.0232 | Epoch Time: 0.32s | Spearman@80: 0.8646 | Kendall@80: 0.7153
Epoch 45/150 | Train Loss: 0.0249 | Epoch Time: 0.35s | Spearman@80: 0.8795 | Kendall@80: 0.7340
Epoch 46/150 | Train Loss: 0.0182 | Epoch Time: 0.34s | Spearman@80: 0.8812 | Kendall@80: 0.7340
Epoch 47/150 | Train Loss: 0.0260 | Epoch Time: 0.34s | Spearman@80: 0.8815 | Kendall@80: 0.7364
Epoch 48/150 | Train Loss: 0.0211 | Epoch Time: 0.33s | Spearman@80: 0.8745 | Kendall@80: 0.7258
Epoch 49/150 | Train Loss: 0.0253 | Epoch Time: 0.33s | Spearman@80: 0.8991 | Kendall@80: 0.7598
Epoch 50/150 | Train Loss: 0.0248 | Epoch Time: 0.34s | Spearman@80: 0.8962 | Kendall@80: 0.7455
Epoch 51/150 | Train Loss: 0.0231 | Epoch Time: 0.33s | Spearman@80: 0.8750 | Kendall@80: 0.7125
Epoch 52/150 | Train Loss: 0.0228 | Epoch Time: 0.33s | Spearman@80: 0.8836 | Kendall@80: 0.7338
Epoch 53/150 | Train Loss: 0.0189 | Epoch Time: 0.34s | Spearman@80: 0.8744 | Kendall@80: 0.7231
Epoch 54/150 | Train Loss: 0.0253 | Epoch Time: 0.34s | Spearman@80: 0.8699 | Kendall@80: 0.7155
Epoch 55/150 | Train Loss: 0.0264 | Epoch Time: 0.35s | Spearman@80: 0.8471 | Kendall@80: 0.6859
Epoch 56/150 | Train Loss: 0.0254 | Epoch Time: 0.33s | Spearman@80: 0.8532 | Kendall@80: 0.6882
Epoch 57/150 | Train Loss: 0.0249 | Epoch Time: 0.34s | Spearman@80: 0.8676 | Kendall@80: 0.7091
Epoch 58/150 | Train Loss: 0.0203 | Epoch Time: 0.34s | Spearman@80: 0.8686 | Kendall@80: 0.7210
Epoch 59/150 | Train Loss: 0.0194 | Epoch Time: 0.34s | Spearman@80: 0.8605 | Kendall@80: 0.7089
Epoch 60/150 | Train Loss: 0.0199 | Epoch Time: 0.32s | Spearman@80: 0.8684 | Kendall@80: 0.7136
Epoch 61/150 | Train Loss: 0.0219 | Epoch Time: 0.34s | Spearman@80: 0.8743 | Kendall@80: 0.7258
Epoch 62/150 | Train Loss: 0.0141 | Epoch Time: 0.35s | Spearman@80: 0.8614 | Kendall@80: 0.7047
Epoch 63/150 | Train Loss: 0.0177 | Epoch Time: 0.34s | Spearman@80: 0.8787 | Kendall@80: 0.7353
Epoch 64/150 | Train Loss: 0.0138 | Epoch Time: 0.33s | Spearman@80: 0.8832 | Kendall@80: 0.7410
Epoch 65/150 | Train Loss: 0.0151 | Epoch Time: 0.34s | Spearman@80: 0.8773 | Kendall@80: 0.7281
Epoch 66/150 | Train Loss: 0.0160 | Epoch Time: 0.34s | Spearman@80: 0.8712 | Kendall@80: 0.7155
Epoch 67/150 | Train Loss: 0.0162 | Epoch Time: 0.33s | Spearman@80: 0.8827 | Kendall@80: 0.7389
Epoch 68/150 | Train Loss: 0.0152 | Epoch Time: 0.34s | Spearman@80: 0.8783 | Kendall@80: 0.7300
Epoch 69/150 | Train Loss: 0.0163 | Epoch Time: 0.33s | Spearman@80: 0.8626 | Kendall@80: 0.7129
Epoch 70/150 | Train Loss: 0.0187 | Epoch Time: 0.33s | Spearman@80: 0.8767 | Kendall@80: 0.7275
Epoch 71/150 | Train Loss: 0.0192 | Epoch Time: 0.33s | Spearman@80: 0.8804 | Kendall@80: 0.7347
Epoch 72/150 | Train Loss: 0.0198 | Epoch Time: 0.34s | Spearman@80: 0.8790 | Kendall@80: 0.7334
Epoch 73/150 | Train Loss: 0.0167 | Epoch Time: 0.33s | Spearman@80: 0.8827 | Kendall@80: 0.7372
Epoch 74/150 | Train Loss: 0.0212 | Epoch Time: 0.34s | Spearman@80: 0.8894 | Kendall@80: 0.7427
Epoch 75/150 | Train Loss: 0.0192 | Epoch Time: 0.33s | Spearman@80: 0.8835 | Kendall@80: 0.7383
Epoch 76/150 | Train Loss: 0.0219 | Epoch Time: 0.33s | Spearman@80: 0.8842 | Kendall@80: 0.7406
Epoch 77/150 | Train Loss: 0.0176 | Epoch Time: 0.35s | Spearman@80: 0.8906 | Kendall@80: 0.7503
Epoch 78/150 | Train Loss: 0.0146 | Epoch Time: 0.34s | Spearman@80: 0.8885 | Kendall@80: 0.7436
Epoch 79/150 | Train Loss: 0.0135 | Epoch Time: 0.33s | Spearman@80: 0.8803 | Kendall@80: 0.7385
Epoch 80/150 | Train Loss: 0.0174 | Epoch Time: 0.33s | Spearman@80: 0.8648 | Kendall@80: 0.7172
Epoch 81/150 | Train Loss: 0.0185 | Epoch Time: 0.33s | Spearman@80: 0.8738 | Kendall@80: 0.7258
Epoch 82/150 | Train Loss: 0.0167 | Epoch Time: 0.33s | Spearman@80: 0.8705 | Kendall@80: 0.7224
Epoch 83/150 | Train Loss: 0.0142 | Epoch Time: 0.35s | Spearman@80: 0.8750 | Kendall@80: 0.7252
Epoch 84/150 | Train Loss: 0.0136 | Epoch Time: 0.34s | Spearman@80: 0.8786 | Kendall@80: 0.7296
Epoch 85/150 | Train Loss: 0.0124 | Epoch Time: 0.33s | Spearman@80: 0.8811 | Kendall@80: 0.7391
Epoch 86/150 | Train Loss: 0.0169 | Epoch Time: 0.33s | Spearman@80: 0.8807 | Kendall@80: 0.7391
Epoch 87/150 | Train Loss: 0.0187 | Epoch Time: 0.33s | Spearman@80: 0.8714 | Kendall@80: 0.7294
Epoch 88/150 | Train Loss: 0.0141 | Epoch Time: 0.33s | Spearman@80: 0.8503 | Kendall@80: 0.7047
Epoch 89/150 | Train Loss: 0.0150 | Epoch Time: 0.32s | Spearman@80: 0.8443 | Kendall@80: 0.6844
Epoch 90/150 | Train Loss: 0.0131 | Epoch Time: 0.34s | Spearman@80: 0.8613 | Kendall@80: 0.7072
Epoch 91/150 | Train Loss: 0.0187 | Epoch Time: 0.33s | Spearman@80: 0.8454 | Kendall@80: 0.6859
Epoch 92/150 | Train Loss: 0.0145 | Epoch Time: 0.35s | Spearman@80: 0.8537 | Kendall@80: 0.7030
Epoch 93/150 | Train Loss: 0.0112 | Epoch Time: 0.33s | Spearman@80: 0.8655 | Kendall@80: 0.7226
Epoch 94/150 | Train Loss: 0.0090 | Epoch Time: 0.35s | Spearman@80: 0.8619 | Kendall@80: 0.7106
Epoch 95/150 | Train Loss: 0.0170 | Epoch Time: 0.33s | Spearman@80: 0.8560 | Kendall@80: 0.6971
Epoch 96/150 | Train Loss: 0.0079 | Epoch Time: 0.33s | Spearman@80: 0.8706 | Kendall@80: 0.7167
Epoch 97/150 | Train Loss: 0.0127 | Epoch Time: 0.34s | Spearman@80: 0.8735 | Kendall@80: 0.7186
Epoch 98/150 | Train Loss: 0.0190 | Epoch Time: 0.32s | Spearman@80: 0.8660 | Kendall@80: 0.7098
Epoch 99/150 | Train Loss: 0.0126 | Epoch Time: 0.33s | Spearman@80: 0.8482 | Kendall@80: 0.6948
Epoch 100/150 | Train Loss: 0.0130 | Epoch Time: 0.33s | Spearman@80: 0.8608 | Kendall@80: 0.7161
Epoch 101/150 | Train Loss: 0.0123 | Epoch Time: 0.33s | Spearman@80: 0.8629 | Kendall@80: 0.7161
Epoch 102/150 | Train Loss: 0.0124 | Epoch Time: 0.33s | Spearman@80: 0.8665 | Kendall@80: 0.7172
Epoch 103/150 | Train Loss: 0.0169 | Epoch Time: 0.33s | Spearman@80: 0.8734 | Kendall@80: 0.7277
Epoch 104/150 | Train Loss: 0.0147 | Epoch Time: 0.34s | Spearman@80: 0.8828 | Kendall@80: 0.7381
Epoch 105/150 | Train Loss: 0.0139 | Epoch Time: 0.33s | Spearman@80: 0.8871 | Kendall@80: 0.7529
Epoch 106/150 | Train Loss: 0.0139 | Epoch Time: 0.34s | Spearman@80: 0.8694 | Kendall@80: 0.7193
Epoch 107/150 | Train Loss: 0.0108 | Epoch Time: 0.33s | Spearman@80: 0.8773 | Kendall@80: 0.7326
Epoch 108/150 | Train Loss: 0.0113 | Epoch Time: 0.33s | Spearman@80: 0.8784 | Kendall@80: 0.7334
Epoch 109/150 | Train Loss: 0.0173 | Epoch Time: 0.33s | Spearman@80: 0.8649 | Kendall@80: 0.7079
Epoch 110/150 | Train Loss: 0.0174 | Epoch Time: 0.33s | Spearman@80: 0.8668 | Kendall@80: 0.7150
Epoch 111/150 | Train Loss: 0.0124 | Epoch Time: 0.33s | Spearman@80: 0.8597 | Kendall@80: 0.7093
Epoch 112/150 | Train Loss: 0.0211 | Epoch Time: 0.33s | Spearman@80: 0.8484 | Kendall@80: 0.6907
Epoch 113/150 | Train Loss: 0.0120 | Epoch Time: 0.35s | Spearman@80: 0.8633 | Kendall@80: 0.7089
Epoch 114/150 | Train Loss: 0.0103 | Epoch Time: 0.34s | Spearman@80: 0.8696 | Kendall@80: 0.7195
Epoch 115/150 | Train Loss: 0.0119 | Epoch Time: 0.33s | Spearman@80: 0.8724 | Kendall@80: 0.7199
Epoch 116/150 | Train Loss: 0.0120 | Epoch Time: 0.34s | Spearman@80: 0.8671 | Kendall@80: 0.7110
Epoch 117/150 | Train Loss: 0.0099 | Epoch Time: 0.33s | Spearman@80: 0.8640 | Kendall@80: 0.7112
Epoch 118/150 | Train Loss: 0.0067 | Epoch Time: 0.33s | Spearman@80: 0.8648 | Kendall@80: 0.7112
Epoch 119/150 | Train Loss: 0.0148 | Epoch Time: 0.33s | Spearman@80: 0.8627 | Kendall@80: 0.7072
Epoch 120/150 | Train Loss: 0.0107 | Epoch Time: 0.33s | Spearman@80: 0.8640 | Kendall@80: 0.7108
Epoch 121/150 | Train Loss: 0.0128 | Epoch Time: 0.34s | Spearman@80: 0.8661 | Kendall@80: 0.7138
Epoch 122/150 | Train Loss: 0.0096 | Epoch Time: 0.32s | Spearman@80: 0.8635 | Kendall@80: 0.7087
Epoch 123/150 | Train Loss: 0.0110 | Epoch Time: 0.35s | Spearman@80: 0.8653 | Kendall@80: 0.7079
Epoch 124/150 | Train Loss: 0.0079 | Epoch Time: 0.34s | Spearman@80: 0.8602 | Kendall@80: 0.7049
Epoch 125/150 | Train Loss: 0.0123 | Epoch Time: 0.33s | Spearman@80: 0.8538 | Kendall@80: 0.6935
Epoch 126/150 | Train Loss: 0.0156 | Epoch Time: 0.33s | Spearman@80: 0.8686 | Kendall@80: 0.7182
Epoch 127/150 | Train Loss: 0.0097 | Epoch Time: 0.33s | Spearman@80: 0.8690 | Kendall@80: 0.7176
Epoch 128/150 | Train Loss: 0.0115 | Epoch Time: 0.32s | Spearman@80: 0.8654 | Kendall@80: 0.7091
Epoch 129/150 | Train Loss: 0.0122 | Epoch Time: 0.34s | Spearman@80: 0.8656 | Kendall@80: 0.7131
Epoch 130/150 | Train Loss: 0.0076 | Epoch Time: 0.33s | Spearman@80: 0.8643 | Kendall@80: 0.7079
Epoch 131/150 | Train Loss: 0.0086 | Epoch Time: 0.33s | Spearman@80: 0.8617 | Kendall@80: 0.7072
Epoch 132/150 | Train Loss: 0.0094 | Epoch Time: 0.35s | Spearman@80: 0.8649 | Kendall@80: 0.7112
Epoch 133/150 | Train Loss: 0.0112 | Epoch Time: 0.33s | Spearman@80: 0.8651 | Kendall@80: 0.7110
Epoch 134/150 | Train Loss: 0.0137 | Epoch Time: 0.33s | Spearman@80: 0.8657 | Kendall@80: 0.7110
Epoch 135/150 | Train Loss: 0.0122 | Epoch Time: 0.33s | Spearman@80: 0.8645 | Kendall@80: 0.7081
Epoch 136/150 | Train Loss: 0.0117 | Epoch Time: 0.33s | Spearman@80: 0.8656 | Kendall@80: 0.7123
Epoch 137/150 | Train Loss: 0.0121 | Epoch Time: 0.33s | Spearman@80: 0.8676 | Kendall@80: 0.7125
Epoch 138/150 | Train Loss: 0.0129 | Epoch Time: 0.33s | Spearman@80: 0.8679 | Kendall@80: 0.7136
Epoch 139/150 | Train Loss: 0.0083 | Epoch Time: 0.32s | Spearman@80: 0.8682 | Kendall@80: 0.7125
Epoch 140/150 | Train Loss: 0.0104 | Epoch Time: 0.33s | Spearman@80: 0.8703 | Kendall@80: 0.7186
Epoch 141/150 | Train Loss: 0.0145 | Epoch Time: 0.32s | Spearman@80: 0.8690 | Kendall@80: 0.7163
Epoch 142/150 | Train Loss: 0.0153 | Epoch Time: 0.33s | Spearman@80: 0.8669 | Kendall@80: 0.7114
Epoch 143/150 | Train Loss: 0.0101 | Epoch Time: 0.34s | Spearman@80: 0.8689 | Kendall@80: 0.7169
Epoch 144/150 | Train Loss: 0.0095 | Epoch Time: 0.33s | Spearman@80: 0.8672 | Kendall@80: 0.7136
Epoch 145/150 | Train Loss: 0.0079 | Epoch Time: 0.33s | Spearman@80: 0.8663 | Kendall@80: 0.7098
Epoch 146/150 | Train Loss: 0.0090 | Epoch Time: 0.32s | Spearman@80: 0.8651 | Kendall@80: 0.7110
Epoch 147/150 | Train Loss: 0.0075 | Epoch Time: 1.61s | Spearman@15560: 0.9089 | Kendall@15560: 0.7586
Epoch 148/150 | Train Loss: 0.0120 | Epoch Time: 1.56s | Spearman@15560: 0.9090 | Kendall@15560: 0.7591
Epoch 149/150 | Train Loss: 0.0124 | Epoch Time: 1.54s | Spearman@15560: 0.9083 | Kendall@15560: 0.7575
Epoch 150/150 | Train Loss: 0.0082 | Epoch Time: 1.52s | Spearman@15560: 0.9087 | Kendall@15560: 0.7579
Sample Count: 64, Spearman: 0.9087483166351684, Kendall: 0.7582746424655161
{64: (0.9087483166351684, 0.7582746424655161),
 128: (0.9178764687101205, 0.7681348760081179)}
Epoch 1/150 | Train Loss: 0.0932 | Epoch Time: 0.65s | Spearman@80: 0.5513 | Kendall@80: 0.3966
Epoch 2/150 | Train Loss: 0.0622 | Epoch Time: 0.66s | Spearman@80: 0.8723 | Kendall@80: 0.6825
Epoch 3/150 | Train Loss: 0.0437 | Epoch Time: 0.65s | Spearman@80: 0.8825 | Kendall@80: 0.7094
Epoch 4/150 | Train Loss: 0.0370 | Epoch Time: 0.67s | Spearman@80: 0.8965 | Kendall@80: 0.7231
Epoch 5/150 | Train Loss: 0.0379 | Epoch Time: 0.65s | Spearman@80: 0.8868 | Kendall@80: 0.7091
Epoch 6/150 | Train Loss: 0.0395 | Epoch Time: 0.66s | Spearman@80: 0.9063 | Kendall@80: 0.7426
Epoch 7/150 | Train Loss: 0.0311 | Epoch Time: 0.65s | Spearman@80: 0.8990 | Kendall@80: 0.7349
Epoch 8/150 | Train Loss: 0.0320 | Epoch Time: 0.63s | Spearman@80: 0.9239 | Kendall@80: 0.7696
Epoch 9/150 | Train Loss: 0.0298 | Epoch Time: 0.65s | Spearman@80: 0.9069 | Kendall@80: 0.7474
Epoch 10/150 | Train Loss: 0.0324 | Epoch Time: 0.65s | Spearman@80: 0.9077 | Kendall@80: 0.7474
Epoch 11/150 | Train Loss: 0.0323 | Epoch Time: 0.65s | Spearman@80: 0.9291 | Kendall@80: 0.7865
Epoch 12/150 | Train Loss: 0.0318 | Epoch Time: 0.65s | Spearman@80: 0.9293 | Kendall@80: 0.7805
Epoch 13/150 | Train Loss: 0.0329 | Epoch Time: 0.65s | Spearman@80: 0.9165 | Kendall@80: 0.7573
Epoch 14/150 | Train Loss: 0.0341 | Epoch Time: 0.65s | Spearman@80: 0.9231 | Kendall@80: 0.7673
Epoch 15/150 | Train Loss: 0.0370 | Epoch Time: 0.66s | Spearman@80: 0.9232 | Kendall@80: 0.7724
Epoch 16/150 | Train Loss: 0.0395 | Epoch Time: 0.65s | Spearman@80: 0.9193 | Kendall@80: 0.7601
Epoch 17/150 | Train Loss: 0.0326 | Epoch Time: 0.65s | Spearman@80: 0.9255 | Kendall@80: 0.7764
Epoch 18/150 | Train Loss: 0.0268 | Epoch Time: 0.65s | Spearman@80: 0.9205 | Kendall@80: 0.7647
Epoch 19/150 | Train Loss: 0.0258 | Epoch Time: 0.65s | Spearman@80: 0.9050 | Kendall@80: 0.7415
Epoch 20/150 | Train Loss: 0.0221 | Epoch Time: 0.65s | Spearman@80: 0.9283 | Kendall@80: 0.7823
Epoch 21/150 | Train Loss: 0.0332 | Epoch Time: 0.66s | Spearman@80: 0.9024 | Kendall@80: 0.7423
Epoch 22/150 | Train Loss: 0.0272 | Epoch Time: 0.65s | Spearman@80: 0.9331 | Kendall@80: 0.7968
Epoch 23/150 | Train Loss: 0.0344 | Epoch Time: 0.65s | Spearman@80: 0.9144 | Kendall@80: 0.7603
Epoch 24/150 | Train Loss: 0.0313 | Epoch Time: 0.65s | Spearman@80: 0.8945 | Kendall@80: 0.7208
Epoch 25/150 | Train Loss: 0.0341 | Epoch Time: 0.66s | Spearman@80: 0.9276 | Kendall@80: 0.7810
Epoch 26/150 | Train Loss: 0.0262 | Epoch Time: 0.66s | Spearman@80: 0.9322 | Kendall@80: 0.7876
Epoch 27/150 | Train Loss: 0.0344 | Epoch Time: 0.66s | Spearman@80: 0.9237 | Kendall@80: 0.7787
Epoch 28/150 | Train Loss: 0.0272 | Epoch Time: 0.65s | Spearman@80: 0.9242 | Kendall@80: 0.7768
Epoch 29/150 | Train Loss: 0.0310 | Epoch Time: 0.66s | Spearman@80: 0.9172 | Kendall@80: 0.7635
Epoch 30/150 | Train Loss: 0.0307 | Epoch Time: 0.65s | Spearman@80: 0.9213 | Kendall@80: 0.7630
Epoch 31/150 | Train Loss: 0.0249 | Epoch Time: 0.66s | Spearman@80: 0.9136 | Kendall@80: 0.7653
Epoch 32/150 | Train Loss: 0.0360 | Epoch Time: 0.64s | Spearman@80: 0.9143 | Kendall@80: 0.7544
Epoch 33/150 | Train Loss: 0.0292 | Epoch Time: 0.66s | Spearman@80: 0.9250 | Kendall@80: 0.7812
Epoch 34/150 | Train Loss: 0.0264 | Epoch Time: 0.67s | Spearman@80: 0.9212 | Kendall@80: 0.7747
Epoch 35/150 | Train Loss: 0.0254 | Epoch Time: 0.66s | Spearman@80: 0.9215 | Kendall@80: 0.7673
Epoch 36/150 | Train Loss: 0.0278 | Epoch Time: 0.65s | Spearman@80: 0.9122 | Kendall@80: 0.7601
Epoch 37/150 | Train Loss: 0.0229 | Epoch Time: 0.66s | Spearman@80: 0.9121 | Kendall@80: 0.7605
Epoch 38/150 | Train Loss: 0.0302 | Epoch Time: 0.63s | Spearman@80: 0.9165 | Kendall@80: 0.7683
Epoch 39/150 | Train Loss: 0.0285 | Epoch Time: 0.64s | Spearman@80: 0.9108 | Kendall@80: 0.7580
Epoch 40/150 | Train Loss: 0.0278 | Epoch Time: 0.67s | Spearman@80: 0.9173 | Kendall@80: 0.7675
Epoch 41/150 | Train Loss: 0.0284 | Epoch Time: 0.65s | Spearman@80: 0.9145 | Kendall@80: 0.7654
Epoch 42/150 | Train Loss: 0.0265 | Epoch Time: 0.66s | Spearman@80: 0.9238 | Kendall@80: 0.7768
Epoch 43/150 | Train Loss: 0.0267 | Epoch Time: 0.67s | Spearman@80: 0.9249 | Kendall@80: 0.7825
Epoch 44/150 | Train Loss: 0.0279 | Epoch Time: 0.65s | Spearman@80: 0.9153 | Kendall@80: 0.7620
Epoch 45/150 | Train Loss: 0.0239 | Epoch Time: 0.64s | Spearman@80: 0.9217 | Kendall@80: 0.7753
Epoch 46/150 | Train Loss: 0.0243 | Epoch Time: 0.66s | Spearman@80: 0.9177 | Kendall@80: 0.7665
Epoch 47/150 | Train Loss: 0.0318 | Epoch Time: 0.65s | Spearman@80: 0.9008 | Kendall@80: 0.7451
Epoch 48/150 | Train Loss: 0.0229 | Epoch Time: 0.66s | Spearman@80: 0.9132 | Kendall@80: 0.7641
Epoch 49/150 | Train Loss: 0.0270 | Epoch Time: 0.66s | Spearman@80: 0.8997 | Kendall@80: 0.7398
Epoch 50/150 | Train Loss: 0.0241 | Epoch Time: 0.66s | Spearman@80: 0.9062 | Kendall@80: 0.7514
Epoch 51/150 | Train Loss: 0.0290 | Epoch Time: 0.66s | Spearman@80: 0.8989 | Kendall@80: 0.7398
Epoch 52/150 | Train Loss: 0.0213 | Epoch Time: 0.67s | Spearman@80: 0.9181 | Kendall@80: 0.7709
Epoch 53/150 | Train Loss: 0.0223 | Epoch Time: 0.66s | Spearman@80: 0.9045 | Kendall@80: 0.7481
Epoch 54/150 | Train Loss: 0.0236 | Epoch Time: 0.67s | Spearman@80: 0.8972 | Kendall@80: 0.7394
Epoch 55/150 | Train Loss: 0.0248 | Epoch Time: 0.65s | Spearman@80: 0.9041 | Kendall@80: 0.7443
Epoch 56/150 | Train Loss: 0.0241 | Epoch Time: 0.68s | Spearman@80: 0.9224 | Kendall@80: 0.7742
Epoch 57/150 | Train Loss: 0.0280 | Epoch Time: 0.64s | Spearman@80: 0.9107 | Kendall@80: 0.7540
Epoch 58/150 | Train Loss: 0.0275 | Epoch Time: 0.65s | Spearman@80: 0.9154 | Kendall@80: 0.7607
Epoch 59/150 | Train Loss: 0.0300 | Epoch Time: 0.65s | Spearman@80: 0.9217 | Kendall@80: 0.7787
Epoch 60/150 | Train Loss: 0.0255 | Epoch Time: 0.66s | Spearman@80: 0.9252 | Kendall@80: 0.7783
Epoch 61/150 | Train Loss: 0.0238 | Epoch Time: 0.65s | Spearman@80: 0.9226 | Kendall@80: 0.7804
Epoch 62/150 | Train Loss: 0.0266 | Epoch Time: 0.66s | Spearman@80: 0.9111 | Kendall@80: 0.7582
Epoch 63/150 | Train Loss: 0.0238 | Epoch Time: 0.66s | Spearman@80: 0.9076 | Kendall@80: 0.7514
Epoch 64/150 | Train Loss: 0.0220 | Epoch Time: 0.65s | Spearman@80: 0.9058 | Kendall@80: 0.7506
Epoch 65/150 | Train Loss: 0.0277 | Epoch Time: 0.64s | Spearman@80: 0.8992 | Kendall@80: 0.7449
Epoch 66/150 | Train Loss: 0.0236 | Epoch Time: 0.65s | Spearman@80: 0.9047 | Kendall@80: 0.7453
Epoch 67/150 | Train Loss: 0.0213 | Epoch Time: 0.66s | Spearman@80: 0.9111 | Kendall@80: 0.7521
Epoch 68/150 | Train Loss: 0.0265 | Epoch Time: 0.66s | Spearman@80: 0.9137 | Kendall@80: 0.7622
Epoch 69/150 | Train Loss: 0.0279 | Epoch Time: 0.66s | Spearman@80: 0.9039 | Kendall@80: 0.7521
Epoch 70/150 | Train Loss: 0.0231 | Epoch Time: 0.68s | Spearman@80: 0.9161 | Kendall@80: 0.7689
Epoch 71/150 | Train Loss: 0.0240 | Epoch Time: 0.66s | Spearman@80: 0.9127 | Kendall@80: 0.7675
Epoch 72/150 | Train Loss: 0.0243 | Epoch Time: 0.65s | Spearman@80: 0.9068 | Kendall@80: 0.7527
Epoch 73/150 | Train Loss: 0.0206 | Epoch Time: 0.64s | Spearman@80: 0.9196 | Kendall@80: 0.7819
Epoch 74/150 | Train Loss: 0.0230 | Epoch Time: 0.65s | Spearman@80: 0.9245 | Kendall@80: 0.7855
Epoch 75/150 | Train Loss: 0.0282 | Epoch Time: 0.64s | Spearman@80: 0.9242 | Kendall@80: 0.7874
Epoch 76/150 | Train Loss: 0.0183 | Epoch Time: 0.67s | Spearman@80: 0.9143 | Kendall@80: 0.7703
Epoch 77/150 | Train Loss: 0.0233 | Epoch Time: 0.65s | Spearman@80: 0.9252 | Kendall@80: 0.7912
Epoch 78/150 | Train Loss: 0.0244 | Epoch Time: 0.66s | Spearman@80: 0.9206 | Kendall@80: 0.7785
Epoch 79/150 | Train Loss: 0.0254 | Epoch Time: 0.66s | Spearman@80: 0.9234 | Kendall@80: 0.7861
Epoch 80/150 | Train Loss: 0.0258 | Epoch Time: 0.65s | Spearman@80: 0.9293 | Kendall@80: 0.8011
Epoch 81/150 | Train Loss: 0.0221 | Epoch Time: 0.64s | Spearman@80: 0.9230 | Kendall@80: 0.7882
Epoch 82/150 | Train Loss: 0.0221 | Epoch Time: 0.67s | Spearman@80: 0.9249 | Kendall@80: 0.7907
Epoch 83/150 | Train Loss: 0.0161 | Epoch Time: 0.64s | Spearman@80: 0.9197 | Kendall@80: 0.7848
Epoch 84/150 | Train Loss: 0.0191 | Epoch Time: 0.66s | Spearman@80: 0.9158 | Kendall@80: 0.7741
Epoch 85/150 | Train Loss: 0.0214 | Epoch Time: 0.65s | Spearman@80: 0.9245 | Kendall@80: 0.7920
Epoch 86/150 | Train Loss: 0.0177 | Epoch Time: 0.66s | Spearman@80: 0.9214 | Kendall@80: 0.7926
Epoch 87/150 | Train Loss: 0.0201 | Epoch Time: 0.65s | Spearman@80: 0.9239 | Kendall@80: 0.7886
Epoch 88/150 | Train Loss: 0.0183 | Epoch Time: 0.66s | Spearman@80: 0.9229 | Kendall@80: 0.7886
Epoch 89/150 | Train Loss: 0.0182 | Epoch Time: 0.66s | Spearman@80: 0.9152 | Kendall@80: 0.7749
Epoch 90/150 | Train Loss: 0.0187 | Epoch Time: 0.67s | Spearman@80: 0.9210 | Kendall@80: 0.7863
Epoch 91/150 | Train Loss: 0.0199 | Epoch Time: 0.67s | Spearman@80: 0.9219 | Kendall@80: 0.7848
Epoch 92/150 | Train Loss: 0.0184 | Epoch Time: 0.65s | Spearman@80: 0.9150 | Kendall@80: 0.7694
Epoch 93/150 | Train Loss: 0.0184 | Epoch Time: 0.65s | Spearman@80: 0.9172 | Kendall@80: 0.7755
Epoch 94/150 | Train Loss: 0.0189 | Epoch Time: 0.67s | Spearman@80: 0.9123 | Kendall@80: 0.7727
Epoch 95/150 | Train Loss: 0.0172 | Epoch Time: 0.66s | Spearman@80: 0.9225 | Kendall@80: 0.7895
Epoch 96/150 | Train Loss: 0.0177 | Epoch Time: 0.65s | Spearman@80: 0.9189 | Kendall@80: 0.7755
Epoch 97/150 | Train Loss: 0.0204 | Epoch Time: 0.65s | Spearman@80: 0.9160 | Kendall@80: 0.7800
Epoch 98/150 | Train Loss: 0.0189 | Epoch Time: 0.69s | Spearman@80: 0.9220 | Kendall@80: 0.7869
Epoch 99/150 | Train Loss: 0.0184 | Epoch Time: 0.65s | Spearman@80: 0.9190 | Kendall@80: 0.7806
Epoch 100/150 | Train Loss: 0.0208 | Epoch Time: 0.66s | Spearman@80: 0.9241 | Kendall@80: 0.7901
Epoch 101/150 | Train Loss: 0.0152 | Epoch Time: 0.67s | Spearman@80: 0.9234 | Kendall@80: 0.7861
Epoch 102/150 | Train Loss: 0.0164 | Epoch Time: 0.65s | Spearman@80: 0.9185 | Kendall@80: 0.7857
Epoch 103/150 | Train Loss: 0.0182 | Epoch Time: 0.65s | Spearman@80: 0.9205 | Kendall@80: 0.7800
Epoch 104/150 | Train Loss: 0.0163 | Epoch Time: 0.63s | Spearman@80: 0.9210 | Kendall@80: 0.7895
Epoch 105/150 | Train Loss: 0.0164 | Epoch Time: 0.65s | Spearman@80: 0.9276 | Kendall@80: 0.7952
Epoch 106/150 | Train Loss: 0.0167 | Epoch Time: 0.65s | Spearman@80: 0.9198 | Kendall@80: 0.7804
Epoch 107/150 | Train Loss: 0.0173 | Epoch Time: 0.67s | Spearman@80: 0.9225 | Kendall@80: 0.7895
Epoch 108/150 | Train Loss: 0.0200 | Epoch Time: 0.65s | Spearman@80: 0.9275 | Kendall@80: 0.7965
Epoch 109/150 | Train Loss: 0.0191 | Epoch Time: 0.66s | Spearman@80: 0.9234 | Kendall@80: 0.7888
Epoch 110/150 | Train Loss: 0.0160 | Epoch Time: 0.65s | Spearman@80: 0.9233 | Kendall@80: 0.7886
Epoch 111/150 | Train Loss: 0.0145 | Epoch Time: 0.66s | Spearman@80: 0.9234 | Kendall@80: 0.7861
Epoch 112/150 | Train Loss: 0.0165 | Epoch Time: 0.66s | Spearman@80: 0.9249 | Kendall@80: 0.7909
Epoch 113/150 | Train Loss: 0.0168 | Epoch Time: 0.67s | Spearman@80: 0.9276 | Kendall@80: 0.7960
Epoch 114/150 | Train Loss: 0.0202 | Epoch Time: 0.66s | Spearman@80: 0.9298 | Kendall@80: 0.7975
Epoch 115/150 | Train Loss: 0.0170 | Epoch Time: 0.65s | Spearman@80: 0.9264 | Kendall@80: 0.7922
Epoch 116/150 | Train Loss: 0.0148 | Epoch Time: 0.66s | Spearman@80: 0.9261 | Kendall@80: 0.7869
Epoch 117/150 | Train Loss: 0.0139 | Epoch Time: 0.65s | Spearman@80: 0.9244 | Kendall@80: 0.7876
Epoch 118/150 | Train Loss: 0.0161 | Epoch Time: 0.64s | Spearman@80: 0.9219 | Kendall@80: 0.7838
Epoch 119/150 | Train Loss: 0.0186 | Epoch Time: 0.67s | Spearman@80: 0.9254 | Kendall@80: 0.7876
Epoch 120/150 | Train Loss: 0.0165 | Epoch Time: 0.65s | Spearman@80: 0.9270 | Kendall@80: 0.7971
Epoch 121/150 | Train Loss: 0.0147 | Epoch Time: 0.67s | Spearman@80: 0.9245 | Kendall@80: 0.7928
Epoch 122/150 | Train Loss: 0.0185 | Epoch Time: 0.67s | Spearman@80: 0.9240 | Kendall@80: 0.7918
Epoch 123/150 | Train Loss: 0.0123 | Epoch Time: 0.66s | Spearman@80: 0.9221 | Kendall@80: 0.7884
Epoch 124/150 | Train Loss: 0.0155 | Epoch Time: 0.65s | Spearman@80: 0.9240 | Kendall@80: 0.7916
Epoch 125/150 | Train Loss: 0.0165 | Epoch Time: 0.65s | Spearman@80: 0.9241 | Kendall@80: 0.7888
Epoch 126/150 | Train Loss: 0.0171 | Epoch Time: 0.65s | Spearman@80: 0.9241 | Kendall@80: 0.7920
Epoch 127/150 | Train Loss: 0.0203 | Epoch Time: 0.65s | Spearman@80: 0.9247 | Kendall@80: 0.7863
Epoch 128/150 | Train Loss: 0.0171 | Epoch Time: 0.64s | Spearman@80: 0.9225 | Kendall@80: 0.7880
Epoch 129/150 | Train Loss: 0.0164 | Epoch Time: 0.66s | Spearman@80: 0.9219 | Kendall@80: 0.7874
Epoch 130/150 | Train Loss: 0.0154 | Epoch Time: 0.66s | Spearman@80: 0.9213 | Kendall@80: 0.7869
Epoch 131/150 | Train Loss: 0.0159 | Epoch Time: 0.66s | Spearman@80: 0.9225 | Kendall@80: 0.7886
Epoch 132/150 | Train Loss: 0.0147 | Epoch Time: 0.64s | Spearman@80: 0.9222 | Kendall@80: 0.7850
Epoch 133/150 | Train Loss: 0.0125 | Epoch Time: 0.65s | Spearman@80: 0.9221 | Kendall@80: 0.7876
Epoch 134/150 | Train Loss: 0.0124 | Epoch Time: 0.66s | Spearman@80: 0.9207 | Kendall@80: 0.7857
Epoch 135/150 | Train Loss: 0.0172 | Epoch Time: 0.67s | Spearman@80: 0.9237 | Kendall@80: 0.7912
Epoch 136/150 | Train Loss: 0.0153 | Epoch Time: 0.66s | Spearman@80: 0.9216 | Kendall@80: 0.7874
Epoch 137/150 | Train Loss: 0.0126 | Epoch Time: 0.65s | Spearman@80: 0.9230 | Kendall@80: 0.7869
Epoch 138/150 | Train Loss: 0.0150 | Epoch Time: 0.63s | Spearman@80: 0.9230 | Kendall@80: 0.7874
Epoch 139/150 | Train Loss: 0.0121 | Epoch Time: 0.68s | Spearman@80: 0.9250 | Kendall@80: 0.7888
Epoch 140/150 | Train Loss: 0.0155 | Epoch Time: 0.65s | Spearman@80: 0.9248 | Kendall@80: 0.7886
Epoch 141/150 | Train Loss: 0.0139 | Epoch Time: 0.66s | Spearman@80: 0.9245 | Kendall@80: 0.7892
Epoch 142/150 | Train Loss: 0.0185 | Epoch Time: 0.66s | Spearman@80: 0.9233 | Kendall@80: 0.7867
Epoch 143/150 | Train Loss: 0.0166 | Epoch Time: 0.66s | Spearman@80: 0.9232 | Kendall@80: 0.7888
Epoch 144/150 | Train Loss: 0.0184 | Epoch Time: 0.66s | Spearman@80: 0.9241 | Kendall@80: 0.7888
Epoch 145/150 | Train Loss: 0.0122 | Epoch Time: 0.65s | Spearman@80: 0.9240 | Kendall@80: 0.7901
Epoch 146/150 | Train Loss: 0.0140 | Epoch Time: 0.65s | Spearman@80: 0.9243 | Kendall@80: 0.7939
Epoch 147/150 | Train Loss: 0.0152 | Epoch Time: 1.98s | Spearman@15496: 0.9400 | Kendall@15496: 0.8068
Epoch 148/150 | Train Loss: 0.0157 | Epoch Time: 1.90s | Spearman@15496: 0.9394 | Kendall@15496: 0.8062
Epoch 149/150 | Train Loss: 0.0146 | Epoch Time: 1.92s | Spearman@15496: 0.9391 | Kendall@15496: 0.8059
Epoch 150/150 | Train Loss: 0.0156 | Epoch Time: 1.90s | Spearman@15496: 0.9399 | Kendall@15496: 0.8072
Sample Count: 128, Spearman: 0.9395782629576913, Kendall: 0.8065181413972217
{64: (0.9087483166351684, 0.7582746424655161),
 128: (0.9395782629576913, 0.8065181413972217)}
Epoch 1/150 | Train Loss: 0.0975 | Epoch Time: 0.33s | Spearman@80: 0.2472 | Kendall@80: 0.1706
Epoch 2/150 | Train Loss: 0.0912 | Epoch Time: 0.33s | Spearman@80: 0.3409 | Kendall@80: 0.2328
Epoch 3/150 | Train Loss: 0.0748 | Epoch Time: 0.34s | Spearman@80: 0.5595 | Kendall@80: 0.3962
Epoch 4/150 | Train Loss: 0.0638 | Epoch Time: 0.33s | Spearman@80: 0.7999 | Kendall@80: 0.6007
Epoch 5/150 | Train Loss: 0.0464 | Epoch Time: 0.33s | Spearman@80: 0.8404 | Kendall@80: 0.6445
Epoch 6/150 | Train Loss: 0.0262 | Epoch Time: 0.33s | Spearman@80: 0.8482 | Kendall@80: 0.6546
Epoch 7/150 | Train Loss: 0.0299 | Epoch Time: 0.33s | Spearman@80: 0.8748 | Kendall@80: 0.6855
Epoch 8/150 | Train Loss: 0.0296 | Epoch Time: 0.33s | Spearman@80: 0.8887 | Kendall@80: 0.7128
Epoch 9/150 | Train Loss: 0.0327 | Epoch Time: 0.33s | Spearman@80: 0.8824 | Kendall@80: 0.7016
Epoch 10/150 | Train Loss: 0.0318 | Epoch Time: 0.33s | Spearman@80: 0.8743 | Kendall@80: 0.6925
Epoch 11/150 | Train Loss: 0.0301 | Epoch Time: 0.33s | Spearman@80: 0.8908 | Kendall@80: 0.7217
Epoch 12/150 | Train Loss: 0.0263 | Epoch Time: 0.33s | Spearman@80: 0.8971 | Kendall@80: 0.7248
Epoch 13/150 | Train Loss: 0.0336 | Epoch Time: 0.33s | Spearman@80: 0.8533 | Kendall@80: 0.6553
Epoch 14/150 | Train Loss: 0.0253 | Epoch Time: 0.35s | Spearman@80: 0.8605 | Kendall@80: 0.6753
Epoch 15/150 | Train Loss: 0.0346 | Epoch Time: 0.32s | Spearman@80: 0.8793 | Kendall@80: 0.7041
Epoch 16/150 | Train Loss: 0.0307 | Epoch Time: 0.33s | Spearman@80: 0.8843 | Kendall@80: 0.7109
Epoch 17/150 | Train Loss: 0.0240 | Epoch Time: 0.33s | Spearman@80: 0.8903 | Kendall@80: 0.7255
Epoch 18/150 | Train Loss: 0.0230 | Epoch Time: 0.34s | Spearman@80: 0.9021 | Kendall@80: 0.7489
Epoch 19/150 | Train Loss: 0.0238 | Epoch Time: 0.33s | Spearman@80: 0.8983 | Kendall@80: 0.7333
Epoch 20/150 | Train Loss: 0.0249 | Epoch Time: 0.33s | Spearman@80: 0.8404 | Kendall@80: 0.6622
Epoch 21/150 | Train Loss: 0.0339 | Epoch Time: 0.33s | Spearman@80: 0.8900 | Kendall@80: 0.7229
Epoch 22/150 | Train Loss: 0.0331 | Epoch Time: 0.32s | Spearman@80: 0.9035 | Kendall@80: 0.7413
Epoch 23/150 | Train Loss: 0.0250 | Epoch Time: 0.32s | Spearman@80: 0.8856 | Kendall@80: 0.7134
Epoch 24/150 | Train Loss: 0.0267 | Epoch Time: 0.34s | Spearman@80: 0.8875 | Kendall@80: 0.7223
Epoch 25/150 | Train Loss: 0.0257 | Epoch Time: 0.34s | Spearman@80: 0.9109 | Kendall@80: 0.7580
Epoch 26/150 | Train Loss: 0.0296 | Epoch Time: 0.33s | Spearman@80: 0.9084 | Kendall@80: 0.7536
Epoch 27/150 | Train Loss: 0.0289 | Epoch Time: 0.33s | Spearman@80: 0.9102 | Kendall@80: 0.7591
Epoch 28/150 | Train Loss: 0.0289 | Epoch Time: 0.33s | Spearman@80: 0.9018 | Kendall@80: 0.7422
Epoch 29/150 | Train Loss: 0.0258 | Epoch Time: 0.33s | Spearman@80: 0.8946 | Kendall@80: 0.7326
Epoch 30/150 | Train Loss: 0.0211 | Epoch Time: 0.33s | Spearman@80: 0.8973 | Kendall@80: 0.7375
Epoch 31/150 | Train Loss: 0.0197 | Epoch Time: 0.33s | Spearman@80: 0.8819 | Kendall@80: 0.7060
Epoch 32/150 | Train Loss: 0.0292 | Epoch Time: 0.33s | Spearman@80: 0.9098 | Kendall@80: 0.7491
Epoch 33/150 | Train Loss: 0.0182 | Epoch Time: 0.33s | Spearman@80: 0.8866 | Kendall@80: 0.7096
Epoch 34/150 | Train Loss: 0.0243 | Epoch Time: 0.32s | Spearman@80: 0.9100 | Kendall@80: 0.7567
Epoch 35/150 | Train Loss: 0.0279 | Epoch Time: 0.34s | Spearman@80: 0.9140 | Kendall@80: 0.7593
Epoch 36/150 | Train Loss: 0.0221 | Epoch Time: 0.34s | Spearman@80: 0.8983 | Kendall@80: 0.7371
Epoch 37/150 | Train Loss: 0.0231 | Epoch Time: 0.33s | Spearman@80: 0.9109 | Kendall@80: 0.7555
Epoch 38/150 | Train Loss: 0.0216 | Epoch Time: 0.33s | Spearman@80: 0.9044 | Kendall@80: 0.7400
Epoch 39/150 | Train Loss: 0.0234 | Epoch Time: 0.33s | Spearman@80: 0.9066 | Kendall@80: 0.7489
Epoch 40/150 | Train Loss: 0.0192 | Epoch Time: 0.33s | Spearman@80: 0.8925 | Kendall@80: 0.7288
Epoch 41/150 | Train Loss: 0.0167 | Epoch Time: 0.34s | Spearman@80: 0.8955 | Kendall@80: 0.7286
Epoch 42/150 | Train Loss: 0.0221 | Epoch Time: 0.33s | Spearman@80: 0.9113 | Kendall@80: 0.7637
Epoch 43/150 | Train Loss: 0.0190 | Epoch Time: 0.33s | Spearman@80: 0.8791 | Kendall@80: 0.7064
Epoch 44/150 | Train Loss: 0.0224 | Epoch Time: 0.33s | Spearman@80: 0.8941 | Kendall@80: 0.7172
Epoch 45/150 | Train Loss: 0.0152 | Epoch Time: 0.33s | Spearman@80: 0.9055 | Kendall@80: 0.7420
Epoch 46/150 | Train Loss: 0.0146 | Epoch Time: 0.33s | Spearman@80: 0.8906 | Kendall@80: 0.7172
Epoch 47/150 | Train Loss: 0.0311 | Epoch Time: 0.34s | Spearman@80: 0.8947 | Kendall@80: 0.7250
Epoch 48/150 | Train Loss: 0.0232 | Epoch Time: 0.33s | Spearman@80: 0.8942 | Kendall@80: 0.7248
Epoch 49/150 | Train Loss: 0.0256 | Epoch Time: 0.34s | Spearman@80: 0.9143 | Kendall@80: 0.7529
Epoch 50/150 | Train Loss: 0.0226 | Epoch Time: 0.33s | Spearman@80: 0.9179 | Kendall@80: 0.7580
Epoch 51/150 | Train Loss: 0.0193 | Epoch Time: 0.33s | Spearman@80: 0.9091 | Kendall@80: 0.7460
Epoch 52/150 | Train Loss: 0.0237 | Epoch Time: 0.34s | Spearman@80: 0.9180 | Kendall@80: 0.7629
Epoch 53/150 | Train Loss: 0.0188 | Epoch Time: 0.33s | Spearman@80: 0.9200 | Kendall@80: 0.7705
Epoch 54/150 | Train Loss: 0.0207 | Epoch Time: 0.34s | Spearman@80: 0.9251 | Kendall@80: 0.7732
Epoch 55/150 | Train Loss: 0.0188 | Epoch Time: 0.33s | Spearman@80: 0.9269 | Kendall@80: 0.7720
Epoch 56/150 | Train Loss: 0.0167 | Epoch Time: 0.33s | Spearman@80: 0.9288 | Kendall@80: 0.7745
Epoch 57/150 | Train Loss: 0.0148 | Epoch Time: 0.34s | Spearman@80: 0.9276 | Kendall@80: 0.7730
Epoch 58/150 | Train Loss: 0.0198 | Epoch Time: 0.33s | Spearman@80: 0.8934 | Kendall@80: 0.7257
Epoch 59/150 | Train Loss: 0.0236 | Epoch Time: 0.33s | Spearman@80: 0.9056 | Kendall@80: 0.7352
Epoch 60/150 | Train Loss: 0.0239 | Epoch Time: 0.34s | Spearman@80: 0.9021 | Kendall@80: 0.7390
Epoch 61/150 | Train Loss: 0.0230 | Epoch Time: 0.33s | Spearman@80: 0.8951 | Kendall@80: 0.7314
Epoch 62/150 | Train Loss: 0.0249 | Epoch Time: 0.33s | Spearman@80: 0.9014 | Kendall@80: 0.7466
Epoch 63/150 | Train Loss: 0.0207 | Epoch Time: 0.34s | Spearman@80: 0.9053 | Kendall@80: 0.7409
Epoch 64/150 | Train Loss: 0.0253 | Epoch Time: 0.33s | Spearman@80: 0.9163 | Kendall@80: 0.7618
Epoch 65/150 | Train Loss: 0.0126 | Epoch Time: 0.35s | Spearman@80: 0.9248 | Kendall@80: 0.7821
Epoch 66/150 | Train Loss: 0.0202 | Epoch Time: 0.34s | Spearman@80: 0.9097 | Kendall@80: 0.7515
Epoch 67/150 | Train Loss: 0.0193 | Epoch Time: 0.33s | Spearman@80: 0.9251 | Kendall@80: 0.7802
Epoch 68/150 | Train Loss: 0.0194 | Epoch Time: 0.35s | Spearman@80: 0.9213 | Kendall@80: 0.7692
Epoch 69/150 | Train Loss: 0.0175 | Epoch Time: 0.33s | Spearman@80: 0.9100 | Kendall@80: 0.7555
Epoch 70/150 | Train Loss: 0.0198 | Epoch Time: 0.33s | Spearman@80: 0.9222 | Kendall@80: 0.7711
Epoch 71/150 | Train Loss: 0.0179 | Epoch Time: 0.33s | Spearman@80: 0.9199 | Kendall@80: 0.7663
Epoch 72/150 | Train Loss: 0.0218 | Epoch Time: 0.34s | Spearman@80: 0.9314 | Kendall@80: 0.7866
Epoch 73/150 | Train Loss: 0.0154 | Epoch Time: 0.33s | Spearman@80: 0.9264 | Kendall@80: 0.7758
Epoch 74/150 | Train Loss: 0.0171 | Epoch Time: 0.34s | Spearman@80: 0.9192 | Kendall@80: 0.7663
Epoch 75/150 | Train Loss: 0.0254 | Epoch Time: 0.33s | Spearman@80: 0.9191 | Kendall@80: 0.7701
Epoch 76/150 | Train Loss: 0.0216 | Epoch Time: 0.33s | Spearman@80: 0.9370 | Kendall@80: 0.7933
Epoch 77/150 | Train Loss: 0.0166 | Epoch Time: 0.33s | Spearman@80: 0.9336 | Kendall@80: 0.7872
Epoch 78/150 | Train Loss: 0.0205 | Epoch Time: 0.34s | Spearman@80: 0.9223 | Kendall@80: 0.7701
Epoch 79/150 | Train Loss: 0.0207 | Epoch Time: 0.33s | Spearman@80: 0.9350 | Kendall@80: 0.7910
Epoch 80/150 | Train Loss: 0.0159 | Epoch Time: 0.33s | Spearman@80: 0.9333 | Kendall@80: 0.7908
Epoch 81/150 | Train Loss: 0.0137 | Epoch Time: 0.33s | Spearman@80: 0.9335 | Kendall@80: 0.7889
Epoch 82/150 | Train Loss: 0.0165 | Epoch Time: 0.33s | Spearman@80: 0.9298 | Kendall@80: 0.7853
Epoch 83/150 | Train Loss: 0.0230 | Epoch Time: 0.34s | Spearman@80: 0.9385 | Kendall@80: 0.8024
Epoch 84/150 | Train Loss: 0.0171 | Epoch Time: 0.33s | Spearman@80: 0.9398 | Kendall@80: 0.8069
Epoch 85/150 | Train Loss: 0.0122 | Epoch Time: 0.34s | Spearman@80: 0.9228 | Kendall@80: 0.7770
Epoch 86/150 | Train Loss: 0.0197 | Epoch Time: 0.33s | Spearman@80: 0.9382 | Kendall@80: 0.7942
Epoch 87/150 | Train Loss: 0.0200 | Epoch Time: 0.33s | Spearman@80: 0.9377 | Kendall@80: 0.7967
Epoch 88/150 | Train Loss: 0.0146 | Epoch Time: 0.33s | Spearman@80: 0.9212 | Kendall@80: 0.7688
Epoch 89/150 | Train Loss: 0.0170 | Epoch Time: 0.33s | Spearman@80: 0.9382 | Kendall@80: 0.7961
Epoch 90/150 | Train Loss: 0.0139 | Epoch Time: 0.33s | Spearman@80: 0.9371 | Kendall@80: 0.7973
Epoch 91/150 | Train Loss: 0.0166 | Epoch Time: 0.33s | Spearman@80: 0.9359 | Kendall@80: 0.7929
Epoch 92/150 | Train Loss: 0.0115 | Epoch Time: 0.33s | Spearman@80: 0.9387 | Kendall@80: 0.7999
Epoch 93/150 | Train Loss: 0.0147 | Epoch Time: 0.33s | Spearman@80: 0.9415 | Kendall@80: 0.8037
Epoch 94/150 | Train Loss: 0.0114 | Epoch Time: 0.34s | Spearman@80: 0.9391 | Kendall@80: 0.7999
Epoch 95/150 | Train Loss: 0.0127 | Epoch Time: 0.33s | Spearman@80: 0.9358 | Kendall@80: 0.7992
Epoch 96/150 | Train Loss: 0.0132 | Epoch Time: 0.34s | Spearman@80: 0.9443 | Kendall@80: 0.8170
Epoch 97/150 | Train Loss: 0.0172 | Epoch Time: 0.33s | Spearman@80: 0.9399 | Kendall@80: 0.8056
Epoch 98/150 | Train Loss: 0.0137 | Epoch Time: 0.33s | Spearman@80: 0.9423 | Kendall@80: 0.8100
Epoch 99/150 | Train Loss: 0.0116 | Epoch Time: 0.33s | Spearman@80: 0.9309 | Kendall@80: 0.7904
Epoch 100/150 | Train Loss: 0.0146 | Epoch Time: 0.33s | Spearman@80: 0.9401 | Kendall@80: 0.8069
Epoch 101/150 | Train Loss: 0.0143 | Epoch Time: 0.33s | Spearman@80: 0.9411 | Kendall@80: 0.8060
Epoch 102/150 | Train Loss: 0.0159 | Epoch Time: 0.33s | Spearman@80: 0.9433 | Kendall@80: 0.8088
Epoch 103/150 | Train Loss: 0.0159 | Epoch Time: 0.33s | Spearman@80: 0.9421 | Kendall@80: 0.8043
Epoch 104/150 | Train Loss: 0.0091 | Epoch Time: 0.33s | Spearman@80: 0.9412 | Kendall@80: 0.8069
Epoch 105/150 | Train Loss: 0.0153 | Epoch Time: 0.33s | Spearman@80: 0.9367 | Kendall@80: 0.8011
Epoch 106/150 | Train Loss: 0.0144 | Epoch Time: 0.34s | Spearman@80: 0.9405 | Kendall@80: 0.8075
Epoch 107/150 | Train Loss: 0.0122 | Epoch Time: 0.34s | Spearman@80: 0.9400 | Kendall@80: 0.8060
Epoch 108/150 | Train Loss: 0.0079 | Epoch Time: 0.34s | Spearman@80: 0.9445 | Kendall@80: 0.8119
Epoch 109/150 | Train Loss: 0.0143 | Epoch Time: 0.33s | Spearman@80: 0.9439 | Kendall@80: 0.8113
Epoch 110/150 | Train Loss: 0.0108 | Epoch Time: 0.33s | Spearman@80: 0.9415 | Kendall@80: 0.8081
Epoch 111/150 | Train Loss: 0.0190 | Epoch Time: 0.33s | Spearman@80: 0.9425 | Kendall@80: 0.8100
Epoch 112/150 | Train Loss: 0.0113 | Epoch Time: 0.33s | Spearman@80: 0.9458 | Kendall@80: 0.8132
Epoch 113/150 | Train Loss: 0.0139 | Epoch Time: 0.34s | Spearman@80: 0.9421 | Kendall@80: 0.8041
Epoch 114/150 | Train Loss: 0.0107 | Epoch Time: 0.33s | Spearman@80: 0.9437 | Kendall@80: 0.8094
Epoch 115/150 | Train Loss: 0.0107 | Epoch Time: 0.33s | Spearman@80: 0.9445 | Kendall@80: 0.8138
Epoch 116/150 | Train Loss: 0.0095 | Epoch Time: 0.33s | Spearman@80: 0.9434 | Kendall@80: 0.8100
Epoch 117/150 | Train Loss: 0.0095 | Epoch Time: 0.34s | Spearman@80: 0.9431 | Kendall@80: 0.8113
Epoch 118/150 | Train Loss: 0.0127 | Epoch Time: 0.34s | Spearman@80: 0.9399 | Kendall@80: 0.8043
Epoch 119/150 | Train Loss: 0.0100 | Epoch Time: 0.33s | Spearman@80: 0.9424 | Kendall@80: 0.8111
Epoch 120/150 | Train Loss: 0.0189 | Epoch Time: 0.34s | Spearman@80: 0.9423 | Kendall@80: 0.8088
Epoch 121/150 | Train Loss: 0.0085 | Epoch Time: 0.35s | Spearman@80: 0.9476 | Kendall@80: 0.8132
Epoch 122/150 | Train Loss: 0.0155 | Epoch Time: 0.33s | Spearman@80: 0.9478 | Kendall@80: 0.8157
Epoch 123/150 | Train Loss: 0.0083 | Epoch Time: 0.33s | Spearman@80: 0.9441 | Kendall@80: 0.8132
Epoch 124/150 | Train Loss: 0.0081 | Epoch Time: 0.33s | Spearman@80: 0.9446 | Kendall@80: 0.8130
Epoch 125/150 | Train Loss: 0.0107 | Epoch Time: 0.33s | Spearman@80: 0.9469 | Kendall@80: 0.8170
Epoch 126/150 | Train Loss: 0.0100 | Epoch Time: 0.34s | Spearman@80: 0.9453 | Kendall@80: 0.8183
Epoch 127/150 | Train Loss: 0.0092 | Epoch Time: 0.33s | Spearman@80: 0.9450 | Kendall@80: 0.8170
Epoch 128/150 | Train Loss: 0.0090 | Epoch Time: 0.33s | Spearman@80: 0.9444 | Kendall@80: 0.8155
Epoch 129/150 | Train Loss: 0.0115 | Epoch Time: 0.34s | Spearman@80: 0.9401 | Kendall@80: 0.8062
Epoch 130/150 | Train Loss: 0.0108 | Epoch Time: 0.33s | Spearman@80: 0.9433 | Kendall@80: 0.8132
Epoch 131/150 | Train Loss: 0.0107 | Epoch Time: 0.33s | Spearman@80: 0.9433 | Kendall@80: 0.8126
Epoch 132/150 | Train Loss: 0.0113 | Epoch Time: 0.33s | Spearman@80: 0.9442 | Kendall@80: 0.8119
Epoch 133/150 | Train Loss: 0.0123 | Epoch Time: 0.34s | Spearman@80: 0.9445 | Kendall@80: 0.8132
Epoch 134/150 | Train Loss: 0.0081 | Epoch Time: 0.33s | Spearman@80: 0.9425 | Kendall@80: 0.8081
Epoch 135/150 | Train Loss: 0.0100 | Epoch Time: 0.35s | Spearman@80: 0.9424 | Kendall@80: 0.8107
Epoch 136/150 | Train Loss: 0.0164 | Epoch Time: 0.32s | Spearman@80: 0.9432 | Kendall@80: 0.8130
Epoch 137/150 | Train Loss: 0.0068 | Epoch Time: 0.34s | Spearman@80: 0.9446 | Kendall@80: 0.8170
Epoch 138/150 | Train Loss: 0.0119 | Epoch Time: 0.34s | Spearman@80: 0.9443 | Kendall@80: 0.8143
Epoch 139/150 | Train Loss: 0.0108 | Epoch Time: 0.33s | Spearman@80: 0.9434 | Kendall@80: 0.8119
Epoch 140/150 | Train Loss: 0.0110 | Epoch Time: 0.33s | Spearman@80: 0.9431 | Kendall@80: 0.8119
Epoch 141/150 | Train Loss: 0.0051 | Epoch Time: 0.33s | Spearman@80: 0.9439 | Kendall@80: 0.8145
Epoch 142/150 | Train Loss: 0.0097 | Epoch Time: 0.33s | Spearman@80: 0.9436 | Kendall@80: 0.8138
Epoch 143/150 | Train Loss: 0.0079 | Epoch Time: 0.34s | Spearman@80: 0.9431 | Kendall@80: 0.8113
Epoch 144/150 | Train Loss: 0.0123 | Epoch Time: 0.33s | Spearman@80: 0.9425 | Kendall@80: 0.8100
Epoch 145/150 | Train Loss: 0.0092 | Epoch Time: 0.33s | Spearman@80: 0.9429 | Kendall@80: 0.8113
Epoch 146/150 | Train Loss: 0.0100 | Epoch Time: 0.32s | Spearman@80: 0.9430 | Kendall@80: 0.8126
Epoch 147/150 | Train Loss: 0.0086 | Epoch Time: 1.58s | Spearman@15560: 0.9239 | Kendall@15560: 0.7790
Epoch 148/150 | Train Loss: 0.0088 | Epoch Time: 1.54s | Spearman@15560: 0.9244 | Kendall@15560: 0.7801
Epoch 149/150 | Train Loss: 0.0140 | Epoch Time: 1.53s | Spearman@15560: 0.9238 | Kendall@15560: 0.7790
Epoch 150/150 | Train Loss: 0.0088 | Epoch Time: 1.55s | Spearman@15560: 0.9235 | Kendall@15560: 0.7782
Sample Count: 64, Spearman: 0.9239226748357997, Kendall: 0.7791014472344571
{64: (0.9239226748357997, 0.7791014472344571),
 128: (0.9395782629576913, 0.8065181413972217)}
Epoch 1/150 | Train Loss: 0.0909 | Epoch Time: 0.66s | Spearman@80: 0.4839 | Kendall@80: 0.3442
Epoch 2/150 | Train Loss: 0.0620 | Epoch Time: 0.66s | Spearman@80: 0.8027 | Kendall@80: 0.6247
Epoch 3/150 | Train Loss: 0.0402 | Epoch Time: 0.64s | Spearman@80: 0.8013 | Kendall@80: 0.6080
Epoch 4/150 | Train Loss: 0.0374 | Epoch Time: 0.66s | Spearman@80: 0.8800 | Kendall@80: 0.7179
Epoch 5/150 | Train Loss: 0.0325 | Epoch Time: 0.68s | Spearman@80: 0.8667 | Kendall@80: 0.7050
Epoch 6/150 | Train Loss: 0.0415 | Epoch Time: 0.65s | Spearman@80: 0.8501 | Kendall@80: 0.6605
Epoch 7/150 | Train Loss: 0.0375 | Epoch Time: 0.66s | Spearman@80: 0.8940 | Kendall@80: 0.7373
Epoch 8/150 | Train Loss: 0.0370 | Epoch Time: 0.66s | Spearman@80: 0.8812 | Kendall@80: 0.7180
Epoch 9/150 | Train Loss: 0.0442 | Epoch Time: 0.66s | Spearman@80: 0.8980 | Kendall@80: 0.7373
Epoch 10/150 | Train Loss: 0.0377 | Epoch Time: 0.66s | Spearman@80: 0.8617 | Kendall@80: 0.6690
Epoch 11/150 | Train Loss: 0.0387 | Epoch Time: 0.67s | Spearman@80: 0.8635 | Kendall@80: 0.6925
Epoch 12/150 | Train Loss: 0.0283 | Epoch Time: 0.66s | Spearman@80: 0.8839 | Kendall@80: 0.7133
Epoch 13/150 | Train Loss: 0.0351 | Epoch Time: 0.66s | Spearman@80: 0.8568 | Kendall@80: 0.6830
Epoch 14/150 | Train Loss: 0.0406 | Epoch Time: 0.66s | Spearman@80: 0.8406 | Kendall@80: 0.6518
Epoch 15/150 | Train Loss: 0.0419 | Epoch Time: 0.65s | Spearman@80: 0.8751 | Kendall@80: 0.7016
Epoch 16/150 | Train Loss: 0.0287 | Epoch Time: 0.66s | Spearman@80: 0.9048 | Kendall@80: 0.7472
Epoch 17/150 | Train Loss: 0.0362 | Epoch Time: 0.65s | Spearman@80: 0.8651 | Kendall@80: 0.7101
Epoch 18/150 | Train Loss: 0.0309 | Epoch Time: 0.66s | Spearman@80: 0.8654 | Kendall@80: 0.7059
Epoch 19/150 | Train Loss: 0.0319 | Epoch Time: 0.65s | Spearman@80: 0.9185 | Kendall@80: 0.7663
Epoch 20/150 | Train Loss: 0.0315 | Epoch Time: 0.66s | Spearman@80: 0.9013 | Kendall@80: 0.7434
Epoch 21/150 | Train Loss: 0.0296 | Epoch Time: 0.66s | Spearman@80: 0.9031 | Kendall@80: 0.7288
Epoch 22/150 | Train Loss: 0.0359 | Epoch Time: 0.67s | Spearman@80: 0.8812 | Kendall@80: 0.7120
Epoch 23/150 | Train Loss: 0.0336 | Epoch Time: 0.64s | Spearman@80: 0.9045 | Kendall@80: 0.7516
Epoch 24/150 | Train Loss: 0.0324 | Epoch Time: 0.67s | Spearman@80: 0.9121 | Kendall@80: 0.7633
Epoch 25/150 | Train Loss: 0.0327 | Epoch Time: 0.64s | Spearman@80: 0.9090 | Kendall@80: 0.7573
Epoch 26/150 | Train Loss: 0.0272 | Epoch Time: 0.65s | Spearman@80: 0.9114 | Kendall@80: 0.7576
Epoch 27/150 | Train Loss: 0.0265 | Epoch Time: 0.66s | Spearman@80: 0.8997 | Kendall@80: 0.7361
Epoch 28/150 | Train Loss: 0.0329 | Epoch Time: 0.65s | Spearman@80: 0.9140 | Kendall@80: 0.7487
Epoch 29/150 | Train Loss: 0.0309 | Epoch Time: 0.65s | Spearman@80: 0.8967 | Kendall@80: 0.7402
Epoch 30/150 | Train Loss: 0.0352 | Epoch Time: 0.66s | Spearman@80: 0.9111 | Kendall@80: 0.7631
Epoch 31/150 | Train Loss: 0.0283 | Epoch Time: 0.65s | Spearman@80: 0.9156 | Kendall@80: 0.7612
Epoch 32/150 | Train Loss: 0.0321 | Epoch Time: 0.65s | Spearman@80: 0.8674 | Kendall@80: 0.7086
Epoch 33/150 | Train Loss: 0.0291 | Epoch Time: 0.65s | Spearman@80: 0.9120 | Kendall@80: 0.7510
Epoch 34/150 | Train Loss: 0.0250 | Epoch Time: 0.66s | Spearman@80: 0.9248 | Kendall@80: 0.7701
Epoch 35/150 | Train Loss: 0.0356 | Epoch Time: 0.65s | Spearman@80: 0.8832 | Kendall@80: 0.7326
Epoch 36/150 | Train Loss: 0.0236 | Epoch Time: 0.66s | Spearman@80: 0.9100 | Kendall@80: 0.7647
Epoch 37/150 | Train Loss: 0.0326 | Epoch Time: 0.66s | Spearman@80: 0.8928 | Kendall@80: 0.7412
Epoch 38/150 | Train Loss: 0.0271 | Epoch Time: 0.66s | Spearman@80: 0.8922 | Kendall@80: 0.7485
Epoch 39/150 | Train Loss: 0.0291 | Epoch Time: 0.67s | Spearman@80: 0.8890 | Kendall@80: 0.7409
Epoch 40/150 | Train Loss: 0.0282 | Epoch Time: 0.65s | Spearman@80: 0.9066 | Kendall@80: 0.7466
Epoch 41/150 | Train Loss: 0.0283 | Epoch Time: 0.66s | Spearman@80: 0.9219 | Kendall@80: 0.7666
Epoch 42/150 | Train Loss: 0.0309 | Epoch Time: 0.65s | Spearman@80: 0.9104 | Kendall@80: 0.7529
Epoch 43/150 | Train Loss: 0.0294 | Epoch Time: 0.65s | Spearman@80: 0.9032 | Kendall@80: 0.7586
Epoch 44/150 | Train Loss: 0.0265 | Epoch Time: 0.66s | Spearman@80: 0.8925 | Kendall@80: 0.7319
Epoch 45/150 | Train Loss: 0.0295 | Epoch Time: 0.64s | Spearman@80: 0.9174 | Kendall@80: 0.7743
Epoch 46/150 | Train Loss: 0.0257 | Epoch Time: 0.66s | Spearman@80: 0.9162 | Kendall@80: 0.7671
Epoch 47/150 | Train Loss: 0.0267 | Epoch Time: 0.66s | Spearman@80: 0.9097 | Kendall@80: 0.7576
Epoch 48/150 | Train Loss: 0.0327 | Epoch Time: 0.65s | Spearman@80: 0.9001 | Kendall@80: 0.7338
Epoch 49/150 | Train Loss: 0.0288 | Epoch Time: 0.66s | Spearman@80: 0.8880 | Kendall@80: 0.7296
Epoch 50/150 | Train Loss: 0.0226 | Epoch Time: 0.65s | Spearman@80: 0.8901 | Kendall@80: 0.7336
Epoch 51/150 | Train Loss: 0.0252 | Epoch Time: 0.66s | Spearman@80: 0.9114 | Kendall@80: 0.7544
Epoch 52/150 | Train Loss: 0.0268 | Epoch Time: 0.65s | Spearman@80: 0.9157 | Kendall@80: 0.7580
Epoch 53/150 | Train Loss: 0.0264 | Epoch Time: 0.66s | Spearman@80: 0.9126 | Kendall@80: 0.7533
Epoch 54/150 | Train Loss: 0.0325 | Epoch Time: 0.67s | Spearman@80: 0.8970 | Kendall@80: 0.7504
Epoch 55/150 | Train Loss: 0.0276 | Epoch Time: 0.66s | Spearman@80: 0.9152 | Kendall@80: 0.7656
Epoch 56/150 | Train Loss: 0.0317 | Epoch Time: 0.66s | Spearman@80: 0.9066 | Kendall@80: 0.7436
Epoch 57/150 | Train Loss: 0.0279 | Epoch Time: 0.67s | Spearman@80: 0.9063 | Kendall@80: 0.7614
Epoch 58/150 | Train Loss: 0.0249 | Epoch Time: 0.65s | Spearman@80: 0.9010 | Kendall@80: 0.7470
Epoch 59/150 | Train Loss: 0.0300 | Epoch Time: 0.66s | Spearman@80: 0.8964 | Kendall@80: 0.7491
Epoch 60/150 | Train Loss: 0.0279 | Epoch Time: 0.66s | Spearman@80: 0.9086 | Kendall@80: 0.7620
Epoch 61/150 | Train Loss: 0.0326 | Epoch Time: 0.65s | Spearman@80: 0.9032 | Kendall@80: 0.7447
Epoch 62/150 | Train Loss: 0.0267 | Epoch Time: 0.66s | Spearman@80: 0.9085 | Kendall@80: 0.7605
Epoch 63/150 | Train Loss: 0.0292 | Epoch Time: 0.65s | Spearman@80: 0.9072 | Kendall@80: 0.7537
Epoch 64/150 | Train Loss: 0.0309 | Epoch Time: 0.65s | Spearman@80: 0.9214 | Kendall@80: 0.7726
Epoch 65/150 | Train Loss: 0.0247 | Epoch Time: 0.65s | Spearman@80: 0.9259 | Kendall@80: 0.7783
Epoch 66/150 | Train Loss: 0.0253 | Epoch Time: 0.66s | Spearman@80: 0.9002 | Kendall@80: 0.7423
Epoch 67/150 | Train Loss: 0.0233 | Epoch Time: 0.64s | Spearman@80: 0.8973 | Kendall@80: 0.7383
Epoch 68/150 | Train Loss: 0.0313 | Epoch Time: 0.66s | Spearman@80: 0.9041 | Kendall@80: 0.7504
Epoch 69/150 | Train Loss: 0.0279 | Epoch Time: 0.65s | Spearman@80: 0.8965 | Kendall@80: 0.7469
Epoch 70/150 | Train Loss: 0.0247 | Epoch Time: 0.65s | Spearman@80: 0.9037 | Kendall@80: 0.7481
Epoch 71/150 | Train Loss: 0.0246 | Epoch Time: 0.68s | Spearman@80: 0.8952 | Kendall@80: 0.7460
Epoch 72/150 | Train Loss: 0.0252 | Epoch Time: 0.67s | Spearman@80: 0.9001 | Kendall@80: 0.7402
Epoch 73/150 | Train Loss: 0.0276 | Epoch Time: 0.66s | Spearman@80: 0.9088 | Kendall@80: 0.7504
Epoch 74/150 | Train Loss: 0.0250 | Epoch Time: 0.65s | Spearman@80: 0.9081 | Kendall@80: 0.7554
Epoch 75/150 | Train Loss: 0.0268 | Epoch Time: 0.65s | Spearman@80: 0.9040 | Kendall@80: 0.7618
Epoch 76/150 | Train Loss: 0.0250 | Epoch Time: 0.65s | Spearman@80: 0.9029 | Kendall@80: 0.7574
Epoch 77/150 | Train Loss: 0.0251 | Epoch Time: 0.65s | Spearman@80: 0.9146 | Kendall@80: 0.7663
Epoch 78/150 | Train Loss: 0.0203 | Epoch Time: 0.64s | Spearman@80: 0.9025 | Kendall@80: 0.7417
Epoch 79/150 | Train Loss: 0.0231 | Epoch Time: 0.65s | Spearman@80: 0.9176 | Kendall@80: 0.7678
Epoch 80/150 | Train Loss: 0.0236 | Epoch Time: 0.66s | Spearman@80: 0.9097 | Kendall@80: 0.7572
Epoch 81/150 | Train Loss: 0.0234 | Epoch Time: 0.65s | Spearman@80: 0.9019 | Kendall@80: 0.7453
Epoch 82/150 | Train Loss: 0.0254 | Epoch Time: 0.65s | Spearman@80: 0.9067 | Kendall@80: 0.7471
Epoch 83/150 | Train Loss: 0.0231 | Epoch Time: 0.66s | Spearman@80: 0.9123 | Kendall@80: 0.7485
Epoch 84/150 | Train Loss: 0.0251 | Epoch Time: 0.65s | Spearman@80: 0.9261 | Kendall@80: 0.7727
Epoch 85/150 | Train Loss: 0.0267 | Epoch Time: 0.64s | Spearman@80: 0.9083 | Kendall@80: 0.7476
Epoch 86/150 | Train Loss: 0.0231 | Epoch Time: 0.65s | Spearman@80: 0.9066 | Kendall@80: 0.7565
Epoch 87/150 | Train Loss: 0.0241 | Epoch Time: 0.65s | Spearman@80: 0.9126 | Kendall@80: 0.7663
Epoch 88/150 | Train Loss: 0.0222 | Epoch Time: 0.68s | Spearman@80: 0.9205 | Kendall@80: 0.7769
Epoch 89/150 | Train Loss: 0.0265 | Epoch Time: 0.65s | Spearman@80: 0.9083 | Kendall@80: 0.7568
Epoch 90/150 | Train Loss: 0.0221 | Epoch Time: 0.65s | Spearman@80: 0.9105 | Kendall@80: 0.7599
Epoch 91/150 | Train Loss: 0.0308 | Epoch Time: 0.65s | Spearman@80: 0.9065 | Kendall@80: 0.7554
Epoch 92/150 | Train Loss: 0.0228 | Epoch Time: 0.66s | Spearman@80: 0.9086 | Kendall@80: 0.7638
Epoch 93/150 | Train Loss: 0.0217 | Epoch Time: 0.67s | Spearman@80: 0.9044 | Kendall@80: 0.7549
Epoch 94/150 | Train Loss: 0.0224 | Epoch Time: 0.66s | Spearman@80: 0.9130 | Kendall@80: 0.7682
Epoch 95/150 | Train Loss: 0.0249 | Epoch Time: 0.65s | Spearman@80: 0.9100 | Kendall@80: 0.7618
Epoch 96/150 | Train Loss: 0.0215 | Epoch Time: 0.65s | Spearman@80: 0.9072 | Kendall@80: 0.7523
Epoch 97/150 | Train Loss: 0.0194 | Epoch Time: 0.65s | Spearman@80: 0.9105 | Kendall@80: 0.7616
Epoch 98/150 | Train Loss: 0.0238 | Epoch Time: 0.65s | Spearman@80: 0.9124 | Kendall@80: 0.7558
Epoch 99/150 | Train Loss: 0.0234 | Epoch Time: 0.66s | Spearman@80: 0.9159 | Kendall@80: 0.7654
Epoch 100/150 | Train Loss: 0.0227 | Epoch Time: 0.65s | Spearman@80: 0.9218 | Kendall@80: 0.7726
Epoch 101/150 | Train Loss: 0.0273 | Epoch Time: 0.66s | Spearman@80: 0.9106 | Kendall@80: 0.7619
Epoch 102/150 | Train Loss: 0.0226 | Epoch Time: 0.66s | Spearman@80: 0.9112 | Kendall@80: 0.7665
Epoch 103/150 | Train Loss: 0.0238 | Epoch Time: 0.65s | Spearman@80: 0.9067 | Kendall@80: 0.7603
Epoch 104/150 | Train Loss: 0.0225 | Epoch Time: 0.65s | Spearman@80: 0.9177 | Kendall@80: 0.7731
Epoch 105/150 | Train Loss: 0.0205 | Epoch Time: 0.66s | Spearman@80: 0.9145 | Kendall@80: 0.7647
Epoch 106/150 | Train Loss: 0.0220 | Epoch Time: 0.66s | Spearman@80: 0.9134 | Kendall@80: 0.7618
Epoch 107/150 | Train Loss: 0.0259 | Epoch Time: 0.65s | Spearman@80: 0.9109 | Kendall@80: 0.7574
Epoch 108/150 | Train Loss: 0.0252 | Epoch Time: 0.65s | Spearman@80: 0.8974 | Kendall@80: 0.7478
Epoch 109/150 | Train Loss: 0.0234 | Epoch Time: 0.65s | Spearman@80: 0.9139 | Kendall@80: 0.7584
Epoch 110/150 | Train Loss: 0.0253 | Epoch Time: 0.65s | Spearman@80: 0.9087 | Kendall@80: 0.7557
Epoch 111/150 | Train Loss: 0.0217 | Epoch Time: 0.65s | Spearman@80: 0.9071 | Kendall@80: 0.7620
Epoch 112/150 | Train Loss: 0.0244 | Epoch Time: 0.65s | Spearman@80: 0.9150 | Kendall@80: 0.7654
Epoch 113/150 | Train Loss: 0.0189 | Epoch Time: 0.65s | Spearman@80: 0.9159 | Kendall@80: 0.7641
Epoch 114/150 | Train Loss: 0.0199 | Epoch Time: 0.65s | Spearman@80: 0.9115 | Kendall@80: 0.7644
Epoch 115/150 | Train Loss: 0.0213 | Epoch Time: 0.65s | Spearman@80: 0.9191 | Kendall@80: 0.7720
Epoch 116/150 | Train Loss: 0.0195 | Epoch Time: 0.64s | Spearman@80: 0.9154 | Kendall@80: 0.7616
Epoch 117/150 | Train Loss: 0.0201 | Epoch Time: 0.66s | Spearman@80: 0.9168 | Kendall@80: 0.7609
Epoch 118/150 | Train Loss: 0.0214 | Epoch Time: 0.65s | Spearman@80: 0.9125 | Kendall@80: 0.7593
Epoch 119/150 | Train Loss: 0.0222 | Epoch Time: 0.65s | Spearman@80: 0.9050 | Kendall@80: 0.7529
Epoch 120/150 | Train Loss: 0.0224 | Epoch Time: 0.65s | Spearman@80: 0.9143 | Kendall@80: 0.7669
Epoch 121/150 | Train Loss: 0.0213 | Epoch Time: 0.65s | Spearman@80: 0.9154 | Kendall@80: 0.7612
Epoch 122/150 | Train Loss: 0.0227 | Epoch Time: 0.64s | Spearman@80: 0.9209 | Kendall@80: 0.7762
Epoch 123/150 | Train Loss: 0.0215 | Epoch Time: 0.65s | Spearman@80: 0.9188 | Kendall@80: 0.7669
Epoch 124/150 | Train Loss: 0.0184 | Epoch Time: 0.65s | Spearman@80: 0.9170 | Kendall@80: 0.7673
Epoch 125/150 | Train Loss: 0.0162 | Epoch Time: 0.65s | Spearman@80: 0.9178 | Kendall@80: 0.7701
Epoch 126/150 | Train Loss: 0.0173 | Epoch Time: 0.65s | Spearman@80: 0.9171 | Kendall@80: 0.7692
Epoch 127/150 | Train Loss: 0.0196 | Epoch Time: 0.64s | Spearman@80: 0.9168 | Kendall@80: 0.7680
Epoch 128/150 | Train Loss: 0.0219 | Epoch Time: 0.65s | Spearman@80: 0.9171 | Kendall@80: 0.7724
Epoch 129/150 | Train Loss: 0.0197 | Epoch Time: 0.65s | Spearman@80: 0.9130 | Kendall@80: 0.7597
Epoch 130/150 | Train Loss: 0.0259 | Epoch Time: 0.65s | Spearman@80: 0.9096 | Kendall@80: 0.7610
Epoch 131/150 | Train Loss: 0.0190 | Epoch Time: 0.66s | Spearman@80: 0.9100 | Kendall@80: 0.7610
Epoch 132/150 | Train Loss: 0.0201 | Epoch Time: 0.65s | Spearman@80: 0.9030 | Kendall@80: 0.7516
Epoch 133/150 | Train Loss: 0.0233 | Epoch Time: 0.65s | Spearman@80: 0.9097 | Kendall@80: 0.7597
Epoch 134/150 | Train Loss: 0.0181 | Epoch Time: 0.66s | Spearman@80: 0.9183 | Kendall@80: 0.7661
Epoch 135/150 | Train Loss: 0.0230 | Epoch Time: 0.65s | Spearman@80: 0.9103 | Kendall@80: 0.7597
Epoch 136/150 | Train Loss: 0.0154 | Epoch Time: 0.65s | Spearman@80: 0.9127 | Kendall@80: 0.7616
Epoch 137/150 | Train Loss: 0.0249 | Epoch Time: 0.65s | Spearman@80: 0.9179 | Kendall@80: 0.7675
Epoch 138/150 | Train Loss: 0.0156 | Epoch Time: 0.65s | Spearman@80: 0.9125 | Kendall@80: 0.7609
Epoch 139/150 | Train Loss: 0.0241 | Epoch Time: 0.65s | Spearman@80: 0.9109 | Kendall@80: 0.7597
Epoch 140/150 | Train Loss: 0.0205 | Epoch Time: 0.66s | Spearman@80: 0.9111 | Kendall@80: 0.7603
Epoch 141/150 | Train Loss: 0.0223 | Epoch Time: 0.65s | Spearman@80: 0.9118 | Kendall@80: 0.7597
Epoch 142/150 | Train Loss: 0.0186 | Epoch Time: 0.66s | Spearman@80: 0.9172 | Kendall@80: 0.7657
Epoch 143/150 | Train Loss: 0.0239 | Epoch Time: 0.65s | Spearman@80: 0.9197 | Kendall@80: 0.7736
Epoch 144/150 | Train Loss: 0.0205 | Epoch Time: 0.65s | Spearman@80: 0.9171 | Kendall@80: 0.7654
Epoch 145/150 | Train Loss: 0.0232 | Epoch Time: 0.65s | Spearman@80: 0.9175 | Kendall@80: 0.7663
Epoch 146/150 | Train Loss: 0.0193 | Epoch Time: 0.65s | Spearman@80: 0.9185 | Kendall@80: 0.7720
Epoch 147/150 | Train Loss: 0.0212 | Epoch Time: 1.98s | Spearman@15496: 0.9276 | Kendall@15496: 0.7788
Epoch 148/150 | Train Loss: 0.0173 | Epoch Time: 1.90s | Spearman@15496: 0.9267 | Kendall@15496: 0.7779
Epoch 149/150 | Train Loss: 0.0228 | Epoch Time: 1.89s | Spearman@15496: 0.9268 | Kendall@15496: 0.7784
Epoch 150/150 | Train Loss: 0.0216 | Epoch Time: 1.89s | Spearman@15496: 0.9274 | Kendall@15496: 0.7790
Sample Count: 128, Spearman: 0.9271340066115512, Kendall: 0.77850080217505
{64: (0.9239226748357997, 0.7791014472344571),
 128: (0.9271340066115512, 0.77850080217505)}
Average KDT:  0.7733371882817109
Variance KDT:  0.00011552170211142215
Average SPR:  0.922090479118172
Variance SPR:  0.0001046165252702035
Average KDT:  0.7843846065267965
Variance KDT:  0.0002628554204798772
Average SPR:  0.9281962460931211
Variance SPR:  7.905882195208563e-05
