normalizing task:  Amoeba.json
normalizing task:  PNAS_fix-w-d.json
normalizing task:  ENAS_fix-w-d.json
normalizing task:  NASNet.json
normalizing task:  DARTS.json
normalizing task:  ENAS.json
normalizing task:  PNAS.json
normalizing task:  DARTS_lr-wd.json
normalizing task:  DARTS_fix-w-d.json
Epoch 1/150 | Train Loss: 0.0984 | Epoch Time: 0.96s | Spearman@80: 0.5037 | Kendall@80: 0.3607
Epoch 2/150 | Train Loss: 0.0912 | Epoch Time: 0.47s | Spearman@80: 0.4304 | Kendall@80: 0.2968
Epoch 3/150 | Train Loss: 0.0824 | Epoch Time: 0.45s | Spearman@80: 0.3516 | Kendall@80: 0.2340
Epoch 4/150 | Train Loss: 0.0663 | Epoch Time: 0.46s | Spearman@80: 0.5002 | Kendall@80: 0.3398
Epoch 5/150 | Train Loss: 0.0608 | Epoch Time: 0.46s | Spearman@80: 0.5034 | Kendall@80: 0.3563
Epoch 6/150 | Train Loss: 0.0670 | Epoch Time: 0.46s | Spearman@80: 0.5255 | Kendall@80: 0.3639
Epoch 7/150 | Train Loss: 0.0696 | Epoch Time: 0.46s | Spearman@80: 0.5162 | Kendall@80: 0.3576
Epoch 8/150 | Train Loss: 0.0598 | Epoch Time: 0.45s | Spearman@80: 0.5407 | Kendall@80: 0.3797
Epoch 9/150 | Train Loss: 0.0575 | Epoch Time: 0.46s | Spearman@80: 0.5179 | Kendall@80: 0.3531
Epoch 10/150 | Train Loss: 0.0643 | Epoch Time: 0.45s | Spearman@80: 0.5573 | Kendall@80: 0.3962
Epoch 11/150 | Train Loss: 0.0520 | Epoch Time: 0.46s | Spearman@80: 0.5322 | Kendall@80: 0.3658
Epoch 12/150 | Train Loss: 0.0592 | Epoch Time: 0.45s | Spearman@80: 0.5628 | Kendall@80: 0.3842
Epoch 13/150 | Train Loss: 0.0534 | Epoch Time: 0.46s | Spearman@80: 0.5251 | Kendall@80: 0.3747
Epoch 14/150 | Train Loss: 0.0490 | Epoch Time: 0.47s | Spearman@80: 0.5228 | Kendall@80: 0.3531
Epoch 15/150 | Train Loss: 0.0571 | Epoch Time: 0.47s | Spearman@80: 0.5302 | Kendall@80: 0.3633
Epoch 16/150 | Train Loss: 0.0367 | Epoch Time: 0.47s | Spearman@80: 0.4968 | Kendall@80: 0.3360
Epoch 17/150 | Train Loss: 0.0547 | Epoch Time: 0.46s | Spearman@80: 0.5211 | Kendall@80: 0.3569
Epoch 18/150 | Train Loss: 0.0504 | Epoch Time: 0.45s | Spearman@80: 0.4903 | Kendall@80: 0.3411
Epoch 19/150 | Train Loss: 0.0544 | Epoch Time: 0.47s | Spearman@80: 0.5229 | Kendall@80: 0.3626
Epoch 20/150 | Train Loss: 0.0386 | Epoch Time: 0.42s | Spearman@80: 0.5269 | Kendall@80: 0.3506
Epoch 21/150 | Train Loss: 0.0503 | Epoch Time: 0.42s | Spearman@80: 0.4507 | Kendall@80: 0.3145
Epoch 22/150 | Train Loss: 0.0483 | Epoch Time: 0.42s | Spearman@80: 0.4505 | Kendall@80: 0.3145
Epoch 23/150 | Train Loss: 0.0399 | Epoch Time: 0.42s | Spearman@80: 0.5075 | Kendall@80: 0.3468
Epoch 24/150 | Train Loss: 0.0360 | Epoch Time: 0.42s | Spearman@80: 0.4286 | Kendall@80: 0.3031
Epoch 25/150 | Train Loss: 0.0258 | Epoch Time: 0.42s | Spearman@80: 0.5049 | Kendall@80: 0.3449
Epoch 26/150 | Train Loss: 0.0399 | Epoch Time: 0.41s | Spearman@80: 0.4869 | Kendall@80: 0.3341
Epoch 27/150 | Train Loss: 0.0423 | Epoch Time: 0.42s | Spearman@80: 0.4403 | Kendall@80: 0.3113
Epoch 28/150 | Train Loss: 0.0332 | Epoch Time: 0.42s | Spearman@80: 0.3836 | Kendall@80: 0.2676
Epoch 29/150 | Train Loss: 0.0489 | Epoch Time: 0.42s | Spearman@80: 0.4485 | Kendall@80: 0.3094
Epoch 30/150 | Train Loss: 0.0335 | Epoch Time: 0.42s | Spearman@80: 0.4526 | Kendall@80: 0.3145
Epoch 31/150 | Train Loss: 0.0397 | Epoch Time: 0.42s | Spearman@80: 0.4478 | Kendall@80: 0.3006
Epoch 32/150 | Train Loss: 0.0333 | Epoch Time: 0.42s | Spearman@80: 0.3741 | Kendall@80: 0.2632
Epoch 33/150 | Train Loss: 0.0415 | Epoch Time: 0.42s | Spearman@80: 0.4303 | Kendall@80: 0.3006
Epoch 34/150 | Train Loss: 0.0371 | Epoch Time: 0.42s | Spearman@80: 0.4993 | Kendall@80: 0.3493
Epoch 35/150 | Train Loss: 0.0373 | Epoch Time: 0.42s | Spearman@80: 0.4419 | Kendall@80: 0.3107
Epoch 36/150 | Train Loss: 0.0203 | Epoch Time: 0.43s | Spearman@80: 0.4242 | Kendall@80: 0.2930
Epoch 37/150 | Train Loss: 0.0257 | Epoch Time: 0.42s | Spearman@80: 0.3416 | Kendall@80: 0.2214
Epoch 38/150 | Train Loss: 0.0302 | Epoch Time: 0.42s | Spearman@80: 0.4161 | Kendall@80: 0.2936
Epoch 39/150 | Train Loss: 0.0337 | Epoch Time: 0.42s | Spearman@80: 0.4416 | Kendall@80: 0.3189
Epoch 40/150 | Train Loss: 0.0312 | Epoch Time: 0.43s | Spearman@80: 0.4566 | Kendall@80: 0.3151
Epoch 41/150 | Train Loss: 0.0361 | Epoch Time: 0.41s | Spearman@80: 0.3406 | Kendall@80: 0.2328
Epoch 42/150 | Train Loss: 0.0358 | Epoch Time: 0.42s | Spearman@80: 0.4452 | Kendall@80: 0.3177
Epoch 43/150 | Train Loss: 0.0291 | Epoch Time: 0.42s | Spearman@80: 0.4645 | Kendall@80: 0.3278
Epoch 44/150 | Train Loss: 0.0271 | Epoch Time: 0.42s | Spearman@80: 0.4032 | Kendall@80: 0.2746
Epoch 45/150 | Train Loss: 0.0366 | Epoch Time: 0.42s | Spearman@80: 0.3456 | Kendall@80: 0.2296
Epoch 46/150 | Train Loss: 0.0322 | Epoch Time: 0.42s | Spearman@80: 0.3444 | Kendall@80: 0.2359
Epoch 47/150 | Train Loss: 0.0264 | Epoch Time: 0.43s | Spearman@80: 0.4050 | Kendall@80: 0.2689
Epoch 48/150 | Train Loss: 0.0273 | Epoch Time: 0.42s | Spearman@80: 0.3950 | Kendall@80: 0.2689
Epoch 49/150 | Train Loss: 0.0313 | Epoch Time: 0.42s | Spearman@80: 0.3544 | Kendall@80: 0.2328
Epoch 50/150 | Train Loss: 0.0285 | Epoch Time: 0.42s | Spearman@80: 0.3821 | Kendall@80: 0.2594
Epoch 51/150 | Train Loss: 0.0341 | Epoch Time: 0.42s | Spearman@80: 0.4106 | Kendall@80: 0.2714
Epoch 52/150 | Train Loss: 0.0235 | Epoch Time: 0.42s | Spearman@80: 0.4210 | Kendall@80: 0.2866
Epoch 53/150 | Train Loss: 0.0209 | Epoch Time: 0.42s | Spearman@80: 0.3332 | Kendall@80: 0.2207
Epoch 54/150 | Train Loss: 0.0381 | Epoch Time: 0.42s | Spearman@80: 0.2874 | Kendall@80: 0.1891
Epoch 55/150 | Train Loss: 0.0238 | Epoch Time: 0.42s | Spearman@80: 0.3698 | Kendall@80: 0.2429
Epoch 56/150 | Train Loss: 0.0231 | Epoch Time: 0.42s | Spearman@80: 0.3503 | Kendall@80: 0.2366
Epoch 57/150 | Train Loss: 0.0226 | Epoch Time: 0.41s | Spearman@80: 0.3455 | Kendall@80: 0.2340
Epoch 58/150 | Train Loss: 0.0290 | Epoch Time: 0.42s | Spearman@80: 0.3956 | Kendall@80: 0.2746
Epoch 59/150 | Train Loss: 0.0240 | Epoch Time: 0.42s | Spearman@80: 0.3431 | Kendall@80: 0.2258
Epoch 60/150 | Train Loss: 0.0191 | Epoch Time: 0.42s | Spearman@80: 0.3329 | Kendall@80: 0.2214
Epoch 61/150 | Train Loss: 0.0225 | Epoch Time: 0.42s | Spearman@80: 0.3642 | Kendall@80: 0.2429
Epoch 62/150 | Train Loss: 0.0242 | Epoch Time: 0.42s | Spearman@80: 0.3435 | Kendall@80: 0.2334
Epoch 63/150 | Train Loss: 0.0230 | Epoch Time: 0.42s | Spearman@80: 0.3754 | Kendall@80: 0.2575
Epoch 64/150 | Train Loss: 0.0173 | Epoch Time: 0.42s | Spearman@80: 0.4084 | Kendall@80: 0.2809
Epoch 65/150 | Train Loss: 0.0274 | Epoch Time: 0.42s | Spearman@80: 0.2963 | Kendall@80: 0.2112
Epoch 66/150 | Train Loss: 0.0261 | Epoch Time: 0.42s | Spearman@80: 0.3536 | Kendall@80: 0.2467
Epoch 67/150 | Train Loss: 0.0211 | Epoch Time: 0.42s | Spearman@80: 0.3824 | Kendall@80: 0.2486
Epoch 68/150 | Train Loss: 0.0265 | Epoch Time: 0.42s | Spearman@80: 0.3523 | Kendall@80: 0.2372
Epoch 69/150 | Train Loss: 0.0213 | Epoch Time: 0.42s | Spearman@80: 0.3250 | Kendall@80: 0.2214
Epoch 70/150 | Train Loss: 0.0213 | Epoch Time: 0.42s | Spearman@80: 0.4257 | Kendall@80: 0.2835
Epoch 71/150 | Train Loss: 0.0277 | Epoch Time: 0.42s | Spearman@80: 0.4568 | Kendall@80: 0.3101
Epoch 72/150 | Train Loss: 0.0234 | Epoch Time: 0.41s | Spearman@80: 0.3721 | Kendall@80: 0.2518
Epoch 73/150 | Train Loss: 0.0174 | Epoch Time: 0.41s | Spearman@80: 0.3849 | Kendall@80: 0.2606
Epoch 74/150 | Train Loss: 0.0178 | Epoch Time: 0.41s | Spearman@80: 0.3598 | Kendall@80: 0.2442
Epoch 75/150 | Train Loss: 0.0218 | Epoch Time: 0.42s | Spearman@80: 0.3529 | Kendall@80: 0.2435
Epoch 76/150 | Train Loss: 0.0260 | Epoch Time: 0.42s | Spearman@80: 0.4395 | Kendall@80: 0.2968
Epoch 77/150 | Train Loss: 0.0253 | Epoch Time: 0.42s | Spearman@80: 0.3314 | Kendall@80: 0.2201
Epoch 78/150 | Train Loss: 0.0238 | Epoch Time: 0.42s | Spearman@80: 0.3520 | Kendall@80: 0.2391
Epoch 79/150 | Train Loss: 0.0187 | Epoch Time: 0.42s | Spearman@80: 0.3850 | Kendall@80: 0.2562
Epoch 80/150 | Train Loss: 0.0249 | Epoch Time: 0.42s | Spearman@80: 0.4165 | Kendall@80: 0.2847
Epoch 81/150 | Train Loss: 0.0166 | Epoch Time: 0.42s | Spearman@80: 0.4050 | Kendall@80: 0.2816
Epoch 82/150 | Train Loss: 0.0201 | Epoch Time: 0.41s | Spearman@80: 0.3645 | Kendall@80: 0.2442
Epoch 83/150 | Train Loss: 0.0151 | Epoch Time: 0.42s | Spearman@80: 0.3513 | Kendall@80: 0.2378
Epoch 84/150 | Train Loss: 0.0187 | Epoch Time: 0.42s | Spearman@80: 0.3939 | Kendall@80: 0.2721
Epoch 85/150 | Train Loss: 0.0169 | Epoch Time: 0.42s | Spearman@80: 0.4073 | Kendall@80: 0.2765
Epoch 86/150 | Train Loss: 0.0185 | Epoch Time: 0.41s | Spearman@80: 0.3757 | Kendall@80: 0.2562
Epoch 87/150 | Train Loss: 0.0148 | Epoch Time: 0.41s | Spearman@80: 0.3848 | Kendall@80: 0.2568
Epoch 88/150 | Train Loss: 0.0220 | Epoch Time: 0.41s | Spearman@80: 0.3594 | Kendall@80: 0.2442
Epoch 89/150 | Train Loss: 0.0189 | Epoch Time: 0.45s | Spearman@80: 0.3720 | Kendall@80: 0.2518
Epoch 90/150 | Train Loss: 0.0157 | Epoch Time: 0.47s | Spearman@80: 0.3776 | Kendall@80: 0.2524
Epoch 91/150 | Train Loss: 0.0126 | Epoch Time: 0.47s | Spearman@80: 0.3879 | Kendall@80: 0.2587
Epoch 92/150 | Train Loss: 0.0219 | Epoch Time: 0.48s | Spearman@80: 0.3637 | Kendall@80: 0.2385
Epoch 93/150 | Train Loss: 0.0165 | Epoch Time: 0.45s | Spearman@80: 0.3783 | Kendall@80: 0.2499
Epoch 94/150 | Train Loss: 0.0210 | Epoch Time: 0.48s | Spearman@80: 0.3821 | Kendall@80: 0.2581
Epoch 95/150 | Train Loss: 0.0139 | Epoch Time: 0.46s | Spearman@80: 0.3914 | Kendall@80: 0.2676
Epoch 96/150 | Train Loss: 0.0183 | Epoch Time: 0.47s | Spearman@80: 0.3683 | Kendall@80: 0.2423
Epoch 97/150 | Train Loss: 0.0143 | Epoch Time: 0.47s | Spearman@80: 0.3523 | Kendall@80: 0.2366
Epoch 98/150 | Train Loss: 0.0168 | Epoch Time: 0.48s | Spearman@80: 0.3577 | Kendall@80: 0.2416
Epoch 99/150 | Train Loss: 0.0138 | Epoch Time: 0.48s | Spearman@80: 0.3738 | Kendall@80: 0.2537
Epoch 100/150 | Train Loss: 0.0203 | Epoch Time: 0.48s | Spearman@80: 0.3873 | Kendall@80: 0.2587
Epoch 101/150 | Train Loss: 0.0180 | Epoch Time: 0.47s | Spearman@80: 0.4228 | Kendall@80: 0.2797
Epoch 102/150 | Train Loss: 0.0171 | Epoch Time: 0.48s | Spearman@80: 0.3884 | Kendall@80: 0.2581
Epoch 103/150 | Train Loss: 0.0108 | Epoch Time: 0.47s | Spearman@80: 0.3796 | Kendall@80: 0.2549
Epoch 104/150 | Train Loss: 0.0117 | Epoch Time: 0.48s | Spearman@80: 0.3719 | Kendall@80: 0.2537
Epoch 105/150 | Train Loss: 0.0122 | Epoch Time: 0.47s | Spearman@80: 0.3879 | Kendall@80: 0.2594
Epoch 106/150 | Train Loss: 0.0175 | Epoch Time: 0.49s | Spearman@80: 0.3926 | Kendall@80: 0.2657
Epoch 107/150 | Train Loss: 0.0173 | Epoch Time: 0.47s | Spearman@80: 0.3970 | Kendall@80: 0.2632
Epoch 108/150 | Train Loss: 0.0181 | Epoch Time: 0.48s | Spearman@80: 0.3735 | Kendall@80: 0.2473
Epoch 109/150 | Train Loss: 0.0128 | Epoch Time: 0.47s | Spearman@80: 0.3872 | Kendall@80: 0.2562
Epoch 110/150 | Train Loss: 0.0170 | Epoch Time: 0.47s | Spearman@80: 0.3942 | Kendall@80: 0.2644
Epoch 111/150 | Train Loss: 0.0098 | Epoch Time: 0.49s | Spearman@80: 0.3758 | Kendall@80: 0.2549
Epoch 112/150 | Train Loss: 0.0151 | Epoch Time: 0.47s | Spearman@80: 0.3794 | Kendall@80: 0.2587
Epoch 113/150 | Train Loss: 0.0151 | Epoch Time: 0.48s | Spearman@80: 0.3886 | Kendall@80: 0.2613
Epoch 114/150 | Train Loss: 0.0122 | Epoch Time: 0.46s | Spearman@80: 0.3780 | Kendall@80: 0.2492
Epoch 115/150 | Train Loss: 0.0170 | Epoch Time: 0.48s | Spearman@80: 0.3971 | Kendall@80: 0.2619
Epoch 116/150 | Train Loss: 0.0143 | Epoch Time: 0.49s | Spearman@80: 0.3808 | Kendall@80: 0.2505
Epoch 117/150 | Train Loss: 0.0126 | Epoch Time: 0.47s | Spearman@80: 0.3647 | Kendall@80: 0.2353
Epoch 118/150 | Train Loss: 0.0098 | Epoch Time: 0.47s | Spearman@80: 0.3710 | Kendall@80: 0.2435
Epoch 119/150 | Train Loss: 0.0117 | Epoch Time: 0.47s | Spearman@80: 0.3932 | Kendall@80: 0.2625
Epoch 120/150 | Train Loss: 0.0115 | Epoch Time: 0.47s | Spearman@80: 0.4042 | Kendall@80: 0.2676
Epoch 121/150 | Train Loss: 0.0131 | Epoch Time: 0.47s | Spearman@80: 0.3950 | Kendall@80: 0.2657
Epoch 122/150 | Train Loss: 0.0159 | Epoch Time: 0.48s | Spearman@80: 0.3831 | Kendall@80: 0.2530
Epoch 123/150 | Train Loss: 0.0120 | Epoch Time: 0.48s | Spearman@80: 0.3779 | Kendall@80: 0.2486
Epoch 124/150 | Train Loss: 0.0151 | Epoch Time: 0.48s | Spearman@80: 0.3805 | Kendall@80: 0.2499
Epoch 125/150 | Train Loss: 0.0096 | Epoch Time: 0.48s | Spearman@80: 0.3789 | Kendall@80: 0.2530
Epoch 126/150 | Train Loss: 0.0136 | Epoch Time: 0.47s | Spearman@80: 0.3725 | Kendall@80: 0.2473
Epoch 127/150 | Train Loss: 0.0096 | Epoch Time: 0.48s | Spearman@80: 0.3743 | Kendall@80: 0.2480
Epoch 128/150 | Train Loss: 0.0103 | Epoch Time: 0.47s | Spearman@80: 0.3707 | Kendall@80: 0.2480
Epoch 129/150 | Train Loss: 0.0156 | Epoch Time: 0.48s | Spearman@80: 0.3650 | Kendall@80: 0.2429
Epoch 130/150 | Train Loss: 0.0168 | Epoch Time: 0.44s | Spearman@80: 0.3671 | Kendall@80: 0.2442
Epoch 131/150 | Train Loss: 0.0153 | Epoch Time: 0.41s | Spearman@80: 0.3631 | Kendall@80: 0.2435
Epoch 132/150 | Train Loss: 0.0127 | Epoch Time: 0.44s | Spearman@80: 0.3652 | Kendall@80: 0.2454
Epoch 133/150 | Train Loss: 0.0115 | Epoch Time: 0.42s | Spearman@80: 0.3685 | Kendall@80: 0.2473
Epoch 134/150 | Train Loss: 0.0077 | Epoch Time: 0.43s | Spearman@80: 0.3663 | Kendall@80: 0.2486
Epoch 135/150 | Train Loss: 0.0090 | Epoch Time: 0.43s | Spearman@80: 0.3675 | Kendall@80: 0.2473
Epoch 136/150 | Train Loss: 0.0094 | Epoch Time: 0.42s | Spearman@80: 0.3733 | Kendall@80: 0.2492
Epoch 137/150 | Train Loss: 0.0092 | Epoch Time: 0.42s | Spearman@80: 0.3777 | Kendall@80: 0.2524
Epoch 138/150 | Train Loss: 0.0110 | Epoch Time: 0.42s | Spearman@80: 0.3760 | Kendall@80: 0.2499
Epoch 139/150 | Train Loss: 0.0136 | Epoch Time: 0.41s | Spearman@80: 0.3823 | Kendall@80: 0.2530
Epoch 140/150 | Train Loss: 0.0113 | Epoch Time: 0.42s | Spearman@80: 0.3809 | Kendall@80: 0.2518
Epoch 141/150 | Train Loss: 0.0090 | Epoch Time: 0.42s | Spearman@80: 0.3803 | Kendall@80: 0.2543
Epoch 142/150 | Train Loss: 0.0149 | Epoch Time: 0.42s | Spearman@80: 0.3840 | Kendall@80: 0.2575
Epoch 143/150 | Train Loss: 0.0149 | Epoch Time: 0.43s | Spearman@80: 0.3851 | Kendall@80: 0.2562
Epoch 144/150 | Train Loss: 0.0125 | Epoch Time: 0.43s | Spearman@80: 0.3849 | Kendall@80: 0.2587
Epoch 145/150 | Train Loss: 0.0116 | Epoch Time: 0.42s | Spearman@80: 0.3811 | Kendall@80: 0.2581
Epoch 146/150 | Train Loss: 0.0092 | Epoch Time: 0.42s | Spearman@80: 0.3843 | Kendall@80: 0.2562
Epoch 147/150 | Train Loss: 0.0091 | Epoch Time: 1.22s | Spearman@4934: 0.3678 | Kendall@4934: 0.2497
Epoch 148/150 | Train Loss: 0.0108 | Epoch Time: 1.22s | Spearman@4934: 0.3671 | Kendall@4934: 0.2492
Epoch 149/150 | Train Loss: 0.0110 | Epoch Time: 1.21s | Spearman@4934: 0.3673 | Kendall@4934: 0.2493
Epoch 150/150 | Train Loss: 0.0147 | Epoch Time: 1.22s | Spearman@4934: 0.3688 | Kendall@4934: 0.2504
Sample Count: 64, Spearman: 0.36774123210869114, Kendall: 0.2496646080753272
{64: (0.36774123210869114, 0.2496646080753272)}
Epoch 1/150 | Train Loss: 0.0985 | Epoch Time: 0.84s | Spearman@80: 0.2911 | Kendall@80: 0.2083
Epoch 2/150 | Train Loss: 0.0872 | Epoch Time: 0.82s | Spearman@80: 0.3442 | Kendall@80: 0.2419
Epoch 3/150 | Train Loss: 0.0739 | Epoch Time: 0.83s | Spearman@80: 0.3706 | Kendall@80: 0.2679
Epoch 4/150 | Train Loss: 0.0641 | Epoch Time: 0.83s | Spearman@80: 0.4896 | Kendall@80: 0.3528
Epoch 5/150 | Train Loss: 0.0746 | Epoch Time: 0.84s | Spearman@80: 0.5264 | Kendall@80: 0.3642
Epoch 6/150 | Train Loss: 0.0643 | Epoch Time: 0.83s | Spearman@80: 0.4989 | Kendall@80: 0.3585
Epoch 7/150 | Train Loss: 0.0648 | Epoch Time: 0.81s | Spearman@80: 0.5020 | Kendall@80: 0.3528
Epoch 8/150 | Train Loss: 0.0595 | Epoch Time: 0.83s | Spearman@80: 0.4835 | Kendall@80: 0.3484
Epoch 9/150 | Train Loss: 0.0682 | Epoch Time: 0.83s | Spearman@80: 0.4670 | Kendall@80: 0.3205
Epoch 10/150 | Train Loss: 0.0607 | Epoch Time: 0.82s | Spearman@80: 0.4731 | Kendall@80: 0.3389
Epoch 11/150 | Train Loss: 0.0558 | Epoch Time: 0.83s | Spearman@80: 0.5228 | Kendall@80: 0.3712
Epoch 12/150 | Train Loss: 0.0546 | Epoch Time: 0.82s | Spearman@80: 0.5302 | Kendall@80: 0.3757
Epoch 13/150 | Train Loss: 0.0561 | Epoch Time: 0.83s | Spearman@80: 0.5378 | Kendall@80: 0.3947
Epoch 14/150 | Train Loss: 0.0512 | Epoch Time: 0.84s | Spearman@80: 0.5226 | Kendall@80: 0.3693
Epoch 15/150 | Train Loss: 0.0553 | Epoch Time: 0.83s | Spearman@80: 0.5510 | Kendall@80: 0.4004
Epoch 16/150 | Train Loss: 0.0569 | Epoch Time: 0.82s | Spearman@80: 0.4683 | Kendall@80: 0.3218
Epoch 17/150 | Train Loss: 0.0592 | Epoch Time: 0.83s | Spearman@80: 0.4809 | Kendall@80: 0.3357
Epoch 18/150 | Train Loss: 0.0586 | Epoch Time: 0.83s | Spearman@80: 0.5833 | Kendall@80: 0.4245
Epoch 19/150 | Train Loss: 0.0537 | Epoch Time: 0.83s | Spearman@80: 0.5845 | Kendall@80: 0.4226
Epoch 20/150 | Train Loss: 0.0539 | Epoch Time: 0.82s | Spearman@80: 0.5863 | Kendall@80: 0.4200
Epoch 21/150 | Train Loss: 0.0539 | Epoch Time: 0.83s | Spearman@80: 0.5678 | Kendall@80: 0.4067
Epoch 22/150 | Train Loss: 0.0551 | Epoch Time: 0.83s | Spearman@80: 0.5346 | Kendall@80: 0.3801
Epoch 23/150 | Train Loss: 0.0558 | Epoch Time: 0.83s | Spearman@80: 0.5794 | Kendall@80: 0.4200
Epoch 24/150 | Train Loss: 0.0494 | Epoch Time: 0.82s | Spearman@80: 0.5503 | Kendall@80: 0.4080
Epoch 25/150 | Train Loss: 0.0500 | Epoch Time: 0.83s | Spearman@80: 0.5012 | Kendall@80: 0.3446
Epoch 26/150 | Train Loss: 0.0509 | Epoch Time: 0.83s | Spearman@80: 0.5627 | Kendall@80: 0.3997
Epoch 27/150 | Train Loss: 0.0494 | Epoch Time: 0.83s | Spearman@80: 0.6070 | Kendall@80: 0.4283
Epoch 28/150 | Train Loss: 0.0456 | Epoch Time: 0.82s | Spearman@80: 0.5871 | Kendall@80: 0.4257
Epoch 29/150 | Train Loss: 0.0479 | Epoch Time: 0.83s | Spearman@80: 0.6375 | Kendall@80: 0.4505
Epoch 30/150 | Train Loss: 0.0447 | Epoch Time: 0.83s | Spearman@80: 0.6094 | Kendall@80: 0.4188
Epoch 31/150 | Train Loss: 0.0446 | Epoch Time: 0.83s | Spearman@80: 0.6576 | Kendall@80: 0.4790
Epoch 32/150 | Train Loss: 0.0433 | Epoch Time: 0.82s | Spearman@80: 0.6304 | Kendall@80: 0.4276
Epoch 33/150 | Train Loss: 0.0421 | Epoch Time: 0.83s | Spearman@80: 0.6041 | Kendall@80: 0.4397
Epoch 34/150 | Train Loss: 0.0441 | Epoch Time: 0.82s | Spearman@80: 0.6147 | Kendall@80: 0.4530
Epoch 35/150 | Train Loss: 0.0444 | Epoch Time: 0.83s | Spearman@80: 0.6262 | Kendall@80: 0.4429
Epoch 36/150 | Train Loss: 0.0393 | Epoch Time: 0.83s | Spearman@80: 0.6072 | Kendall@80: 0.4397
Epoch 37/150 | Train Loss: 0.0404 | Epoch Time: 0.83s | Spearman@80: 0.5228 | Kendall@80: 0.3795
Epoch 38/150 | Train Loss: 0.0416 | Epoch Time: 0.83s | Spearman@80: 0.5763 | Kendall@80: 0.4124
Epoch 39/150 | Train Loss: 0.0374 | Epoch Time: 0.82s | Spearman@80: 0.5755 | Kendall@80: 0.4131
Epoch 40/150 | Train Loss: 0.0492 | Epoch Time: 0.83s | Spearman@80: 0.5360 | Kendall@80: 0.3623
Epoch 41/150 | Train Loss: 0.0472 | Epoch Time: 0.83s | Spearman@80: 0.6155 | Kendall@80: 0.4479
Epoch 42/150 | Train Loss: 0.0439 | Epoch Time: 0.82s | Spearman@80: 0.6088 | Kendall@80: 0.4372
Epoch 43/150 | Train Loss: 0.0493 | Epoch Time: 0.83s | Spearman@80: 0.6291 | Kendall@80: 0.4549
Epoch 44/150 | Train Loss: 0.0417 | Epoch Time: 0.82s | Spearman@80: 0.5951 | Kendall@80: 0.4200
Epoch 45/150 | Train Loss: 0.0431 | Epoch Time: 0.83s | Spearman@80: 0.5798 | Kendall@80: 0.4175
Epoch 46/150 | Train Loss: 0.0388 | Epoch Time: 0.82s | Spearman@80: 0.5360 | Kendall@80: 0.3839
Epoch 47/150 | Train Loss: 0.0319 | Epoch Time: 0.83s | Spearman@80: 0.5294 | Kendall@80: 0.3776
Epoch 48/150 | Train Loss: 0.0366 | Epoch Time: 0.83s | Spearman@80: 0.4990 | Kendall@80: 0.3642
Epoch 49/150 | Train Loss: 0.0533 | Epoch Time: 0.83s | Spearman@80: 0.5918 | Kendall@80: 0.4188
Epoch 50/150 | Train Loss: 0.0328 | Epoch Time: 0.84s | Spearman@80: 0.5815 | Kendall@80: 0.4207
Epoch 51/150 | Train Loss: 0.0362 | Epoch Time: 0.82s | Spearman@80: 0.5627 | Kendall@80: 0.4080
Epoch 52/150 | Train Loss: 0.0345 | Epoch Time: 0.82s | Spearman@80: 0.5005 | Kendall@80: 0.3579
Epoch 53/150 | Train Loss: 0.0403 | Epoch Time: 0.83s | Spearman@80: 0.5426 | Kendall@80: 0.3978
Epoch 54/150 | Train Loss: 0.0339 | Epoch Time: 0.83s | Spearman@80: 0.5356 | Kendall@80: 0.3782
Epoch 55/150 | Train Loss: 0.0287 | Epoch Time: 0.83s | Spearman@80: 0.5280 | Kendall@80: 0.3801
Epoch 56/150 | Train Loss: 0.0350 | Epoch Time: 0.82s | Spearman@80: 0.5859 | Kendall@80: 0.4264
Epoch 57/150 | Train Loss: 0.0336 | Epoch Time: 0.83s | Spearman@80: 0.5894 | Kendall@80: 0.4238
Epoch 58/150 | Train Loss: 0.0297 | Epoch Time: 0.83s | Spearman@80: 0.5127 | Kendall@80: 0.3725
Epoch 59/150 | Train Loss: 0.0314 | Epoch Time: 0.82s | Spearman@80: 0.5772 | Kendall@80: 0.4264
Epoch 60/150 | Train Loss: 0.0227 | Epoch Time: 0.83s | Spearman@80: 0.5190 | Kendall@80: 0.3636
Epoch 61/150 | Train Loss: 0.0289 | Epoch Time: 0.83s | Spearman@80: 0.5472 | Kendall@80: 0.3864
Epoch 62/150 | Train Loss: 0.0272 | Epoch Time: 0.83s | Spearman@80: 0.5372 | Kendall@80: 0.3839
Epoch 63/150 | Train Loss: 0.0315 | Epoch Time: 0.82s | Spearman@80: 0.5144 | Kendall@80: 0.3623
Epoch 64/150 | Train Loss: 0.0312 | Epoch Time: 0.83s | Spearman@80: 0.5463 | Kendall@80: 0.3966
Epoch 65/150 | Train Loss: 0.0325 | Epoch Time: 0.83s | Spearman@80: 0.5576 | Kendall@80: 0.3934
Epoch 66/150 | Train Loss: 0.0329 | Epoch Time: 0.82s | Spearman@80: 0.5544 | Kendall@80: 0.3921
Epoch 67/150 | Train Loss: 0.0248 | Epoch Time: 0.83s | Spearman@80: 0.5149 | Kendall@80: 0.3738
Epoch 68/150 | Train Loss: 0.0323 | Epoch Time: 0.83s | Spearman@80: 0.5001 | Kendall@80: 0.3547
Epoch 69/150 | Train Loss: 0.0282 | Epoch Time: 0.83s | Spearman@80: 0.4805 | Kendall@80: 0.3427
Epoch 70/150 | Train Loss: 0.0267 | Epoch Time: 0.83s | Spearman@80: 0.5291 | Kendall@80: 0.3776
Epoch 71/150 | Train Loss: 0.0277 | Epoch Time: 0.82s | Spearman@80: 0.5660 | Kendall@80: 0.4016
Epoch 72/150 | Train Loss: 0.0289 | Epoch Time: 0.83s | Spearman@80: 0.5286 | Kendall@80: 0.3763
Epoch 73/150 | Train Loss: 0.0307 | Epoch Time: 0.83s | Spearman@80: 0.5310 | Kendall@80: 0.3807
Epoch 74/150 | Train Loss: 0.0319 | Epoch Time: 0.82s | Spearman@80: 0.5179 | Kendall@80: 0.3611
Epoch 75/150 | Train Loss: 0.0256 | Epoch Time: 0.83s | Spearman@80: 0.4778 | Kendall@80: 0.3382
Epoch 76/150 | Train Loss: 0.0267 | Epoch Time: 0.83s | Spearman@80: 0.5312 | Kendall@80: 0.3693
Epoch 77/150 | Train Loss: 0.0224 | Epoch Time: 0.82s | Spearman@80: 0.5741 | Kendall@80: 0.4093
Epoch 78/150 | Train Loss: 0.0281 | Epoch Time: 0.82s | Spearman@80: 0.5469 | Kendall@80: 0.3852
Epoch 79/150 | Train Loss: 0.0261 | Epoch Time: 0.83s | Spearman@80: 0.5447 | Kendall@80: 0.3871
Epoch 80/150 | Train Loss: 0.0318 | Epoch Time: 0.83s | Spearman@80: 0.5616 | Kendall@80: 0.4036
Epoch 81/150 | Train Loss: 0.0246 | Epoch Time: 0.83s | Spearman@80: 0.5740 | Kendall@80: 0.4105
Epoch 82/150 | Train Loss: 0.0252 | Epoch Time: 0.83s | Spearman@80: 0.5572 | Kendall@80: 0.3909
Epoch 83/150 | Train Loss: 0.0265 | Epoch Time: 0.83s | Spearman@80: 0.5548 | Kendall@80: 0.3890
Epoch 84/150 | Train Loss: 0.0232 | Epoch Time: 0.82s | Spearman@80: 0.5653 | Kendall@80: 0.4067
Epoch 85/150 | Train Loss: 0.0280 | Epoch Time: 0.83s | Spearman@80: 0.5473 | Kendall@80: 0.3839
Epoch 86/150 | Train Loss: 0.0223 | Epoch Time: 0.83s | Spearman@80: 0.5577 | Kendall@80: 0.4010
Epoch 87/150 | Train Loss: 0.0225 | Epoch Time: 0.82s | Spearman@80: 0.5519 | Kendall@80: 0.3845
Epoch 88/150 | Train Loss: 0.0239 | Epoch Time: 0.82s | Spearman@80: 0.5297 | Kendall@80: 0.3833
Epoch 89/150 | Train Loss: 0.0196 | Epoch Time: 0.83s | Spearman@80: 0.5668 | Kendall@80: 0.3978
Epoch 90/150 | Train Loss: 0.0195 | Epoch Time: 0.83s | Spearman@80: 0.5884 | Kendall@80: 0.4200
Epoch 91/150 | Train Loss: 0.0185 | Epoch Time: 0.83s | Spearman@80: 0.6026 | Kendall@80: 0.4340
Epoch 92/150 | Train Loss: 0.0201 | Epoch Time: 0.83s | Spearman@80: 0.5619 | Kendall@80: 0.4048
Epoch 93/150 | Train Loss: 0.0181 | Epoch Time: 0.84s | Spearman@80: 0.5856 | Kendall@80: 0.4156
Epoch 94/150 | Train Loss: 0.0185 | Epoch Time: 0.95s | Spearman@80: 0.5881 | Kendall@80: 0.4188
Epoch 95/150 | Train Loss: 0.0149 | Epoch Time: 0.95s | Spearman@80: 0.5812 | Kendall@80: 0.4169
Epoch 96/150 | Train Loss: 0.0156 | Epoch Time: 0.93s | Spearman@80: 0.5904 | Kendall@80: 0.4226
Epoch 97/150 | Train Loss: 0.0161 | Epoch Time: 0.95s | Spearman@80: 0.5814 | Kendall@80: 0.4074
Epoch 98/150 | Train Loss: 0.0168 | Epoch Time: 0.96s | Spearman@80: 0.5652 | Kendall@80: 0.4036
Epoch 99/150 | Train Loss: 0.0146 | Epoch Time: 0.92s | Spearman@80: 0.5647 | Kendall@80: 0.4055
Epoch 100/150 | Train Loss: 0.0154 | Epoch Time: 0.94s | Spearman@80: 0.5638 | Kendall@80: 0.4023
Epoch 101/150 | Train Loss: 0.0213 | Epoch Time: 0.94s | Spearman@80: 0.5652 | Kendall@80: 0.4036
Epoch 102/150 | Train Loss: 0.0177 | Epoch Time: 0.96s | Spearman@80: 0.5336 | Kendall@80: 0.3776
Epoch 103/150 | Train Loss: 0.0137 | Epoch Time: 0.94s | Spearman@80: 0.5572 | Kendall@80: 0.3959
Epoch 104/150 | Train Loss: 0.0205 | Epoch Time: 0.94s | Spearman@80: 0.5564 | Kendall@80: 0.3978
Epoch 105/150 | Train Loss: 0.0163 | Epoch Time: 0.93s | Spearman@80: 0.5494 | Kendall@80: 0.3915
Epoch 106/150 | Train Loss: 0.0194 | Epoch Time: 0.94s | Spearman@80: 0.5638 | Kendall@80: 0.4023
Epoch 107/150 | Train Loss: 0.0135 | Epoch Time: 0.94s | Spearman@80: 0.5324 | Kendall@80: 0.3801
Epoch 108/150 | Train Loss: 0.0138 | Epoch Time: 0.94s | Spearman@80: 0.5495 | Kendall@80: 0.3921
Epoch 109/150 | Train Loss: 0.0141 | Epoch Time: 0.94s | Spearman@80: 0.5434 | Kendall@80: 0.3833
Epoch 110/150 | Train Loss: 0.0144 | Epoch Time: 0.95s | Spearman@80: 0.5610 | Kendall@80: 0.4023
Epoch 111/150 | Train Loss: 0.0152 | Epoch Time: 0.94s | Spearman@80: 0.5548 | Kendall@80: 0.4010
Epoch 112/150 | Train Loss: 0.0192 | Epoch Time: 0.93s | Spearman@80: 0.5593 | Kendall@80: 0.4004
Epoch 113/150 | Train Loss: 0.0144 | Epoch Time: 0.94s | Spearman@80: 0.5419 | Kendall@80: 0.3947
Epoch 114/150 | Train Loss: 0.0180 | Epoch Time: 0.94s | Spearman@80: 0.5526 | Kendall@80: 0.3921
Epoch 115/150 | Train Loss: 0.0170 | Epoch Time: 0.94s | Spearman@80: 0.5495 | Kendall@80: 0.3915
Epoch 116/150 | Train Loss: 0.0141 | Epoch Time: 0.95s | Spearman@80: 0.5600 | Kendall@80: 0.3978
Epoch 117/150 | Train Loss: 0.0162 | Epoch Time: 0.94s | Spearman@80: 0.5627 | Kendall@80: 0.4016
Epoch 118/150 | Train Loss: 0.0116 | Epoch Time: 0.95s | Spearman@80: 0.5617 | Kendall@80: 0.4010
Epoch 119/150 | Train Loss: 0.0122 | Epoch Time: 0.95s | Spearman@80: 0.5530 | Kendall@80: 0.3997
Epoch 120/150 | Train Loss: 0.0142 | Epoch Time: 0.94s | Spearman@80: 0.5520 | Kendall@80: 0.3915
Epoch 121/150 | Train Loss: 0.0128 | Epoch Time: 0.95s | Spearman@80: 0.5482 | Kendall@80: 0.3896
Epoch 122/150 | Train Loss: 0.0126 | Epoch Time: 0.93s | Spearman@80: 0.5437 | Kendall@80: 0.3864
Epoch 123/150 | Train Loss: 0.0140 | Epoch Time: 0.95s | Spearman@80: 0.5326 | Kendall@80: 0.3820
Epoch 124/150 | Train Loss: 0.0125 | Epoch Time: 0.94s | Spearman@80: 0.5381 | Kendall@80: 0.3820
Epoch 125/150 | Train Loss: 0.0116 | Epoch Time: 0.94s | Spearman@80: 0.5376 | Kendall@80: 0.3845
Epoch 126/150 | Train Loss: 0.0129 | Epoch Time: 0.93s | Spearman@80: 0.5453 | Kendall@80: 0.3883
Epoch 127/150 | Train Loss: 0.0144 | Epoch Time: 0.94s | Spearman@80: 0.5491 | Kendall@80: 0.3896
Epoch 128/150 | Train Loss: 0.0141 | Epoch Time: 0.95s | Spearman@80: 0.5470 | Kendall@80: 0.3871
Epoch 129/150 | Train Loss: 0.0113 | Epoch Time: 0.94s | Spearman@80: 0.5546 | Kendall@80: 0.3940
Epoch 130/150 | Train Loss: 0.0122 | Epoch Time: 0.94s | Spearman@80: 0.5461 | Kendall@80: 0.3845
Epoch 131/150 | Train Loss: 0.0147 | Epoch Time: 0.95s | Spearman@80: 0.5455 | Kendall@80: 0.3858
Epoch 132/150 | Train Loss: 0.0114 | Epoch Time: 0.94s | Spearman@80: 0.5534 | Kendall@80: 0.3953
Epoch 133/150 | Train Loss: 0.0127 | Epoch Time: 0.92s | Spearman@80: 0.5413 | Kendall@80: 0.3839
Epoch 134/150 | Train Loss: 0.0098 | Epoch Time: 0.82s | Spearman@80: 0.5445 | Kendall@80: 0.3877
Epoch 135/150 | Train Loss: 0.0123 | Epoch Time: 0.83s | Spearman@80: 0.5478 | Kendall@80: 0.3940
Epoch 136/150 | Train Loss: 0.0105 | Epoch Time: 0.83s | Spearman@80: 0.5548 | Kendall@80: 0.3978
Epoch 137/150 | Train Loss: 0.0101 | Epoch Time: 0.82s | Spearman@80: 0.5508 | Kendall@80: 0.3959
Epoch 138/150 | Train Loss: 0.0108 | Epoch Time: 0.82s | Spearman@80: 0.5394 | Kendall@80: 0.3820
Epoch 139/150 | Train Loss: 0.0096 | Epoch Time: 0.82s | Spearman@80: 0.5502 | Kendall@80: 0.3915
Epoch 140/150 | Train Loss: 0.0122 | Epoch Time: 0.83s | Spearman@80: 0.5545 | Kendall@80: 0.3966
Epoch 141/150 | Train Loss: 0.0076 | Epoch Time: 0.83s | Spearman@80: 0.5558 | Kendall@80: 0.3978
Epoch 142/150 | Train Loss: 0.0142 | Epoch Time: 0.83s | Spearman@80: 0.5521 | Kendall@80: 0.3953
Epoch 143/150 | Train Loss: 0.0135 | Epoch Time: 0.82s | Spearman@80: 0.5536 | Kendall@80: 0.3985
Epoch 144/150 | Train Loss: 0.0134 | Epoch Time: 0.82s | Spearman@80: 0.5464 | Kendall@80: 0.3883
Epoch 145/150 | Train Loss: 0.0097 | Epoch Time: 0.83s | Spearman@80: 0.5498 | Kendall@80: 0.3934
Epoch 146/150 | Train Loss: 0.0111 | Epoch Time: 0.83s | Spearman@80: 0.5470 | Kendall@80: 0.3890
Epoch 147/150 | Train Loss: 0.0131 | Epoch Time: 1.63s | Spearman@4870: 0.5398 | Kendall@4870: 0.3772
Epoch 148/150 | Train Loss: 0.0124 | Epoch Time: 1.64s | Spearman@4870: 0.5398 | Kendall@4870: 0.3773
Epoch 149/150 | Train Loss: 0.0097 | Epoch Time: 1.62s | Spearman@4870: 0.5393 | Kendall@4870: 0.3769
Epoch 150/150 | Train Loss: 0.0115 | Epoch Time: 1.59s | Spearman@4870: 0.5388 | Kendall@4870: 0.3765
Sample Count: 128, Spearman: 0.5394486513390421, Kendall: 0.3769602254680877
{64: (0.36774123210869114, 0.2496646080753272),
 128: (0.5394486513390421, 0.3769602254680877)}
Epoch 1/150 | Train Loss: 0.1008 | Epoch Time: 0.41s | Spearman@80: 0.2455 | Kendall@80: 0.1554
Epoch 2/150 | Train Loss: 0.0946 | Epoch Time: 0.42s | Spearman@80: 0.1907 | Kendall@80: 0.1268
Epoch 3/150 | Train Loss: 0.0788 | Epoch Time: 0.42s | Spearman@80: 0.1461 | Kendall@80: 0.1002
Epoch 4/150 | Train Loss: 0.0661 | Epoch Time: 0.42s | Spearman@80: 0.1530 | Kendall@80: 0.1040
Epoch 5/150 | Train Loss: 0.0637 | Epoch Time: 0.42s | Spearman@80: 0.3042 | Kendall@80: 0.2023
Epoch 6/150 | Train Loss: 0.0717 | Epoch Time: 0.42s | Spearman@80: 0.3374 | Kendall@80: 0.2143
Epoch 7/150 | Train Loss: 0.0739 | Epoch Time: 0.42s | Spearman@80: 0.3392 | Kendall@80: 0.2175
Epoch 8/150 | Train Loss: 0.0762 | Epoch Time: 0.42s | Spearman@80: 0.3197 | Kendall@80: 0.2048
Epoch 9/150 | Train Loss: 0.0644 | Epoch Time: 0.42s | Spearman@80: 0.1960 | Kendall@80: 0.1325
Epoch 10/150 | Train Loss: 0.0732 | Epoch Time: 0.42s | Spearman@80: 0.3254 | Kendall@80: 0.2105
Epoch 11/150 | Train Loss: 0.0667 | Epoch Time: 0.42s | Spearman@80: 0.2947 | Kendall@80: 0.1896
Epoch 12/150 | Train Loss: 0.0694 | Epoch Time: 0.42s | Spearman@80: 0.3224 | Kendall@80: 0.2061
Epoch 13/150 | Train Loss: 0.0632 | Epoch Time: 0.42s | Spearman@80: 0.3035 | Kendall@80: 0.2099
Epoch 14/150 | Train Loss: 0.0646 | Epoch Time: 0.42s | Spearman@80: 0.3851 | Kendall@80: 0.2562
Epoch 15/150 | Train Loss: 0.0603 | Epoch Time: 0.42s | Spearman@80: 0.2858 | Kendall@80: 0.1877
Epoch 16/150 | Train Loss: 0.0549 | Epoch Time: 0.42s | Spearman@80: 0.3962 | Kendall@80: 0.2619
Epoch 17/150 | Train Loss: 0.0629 | Epoch Time: 0.42s | Spearman@80: 0.2683 | Kendall@80: 0.1706
Epoch 18/150 | Train Loss: 0.0560 | Epoch Time: 0.42s | Spearman@80: 0.3885 | Kendall@80: 0.2594
Epoch 19/150 | Train Loss: 0.0499 | Epoch Time: 0.42s | Spearman@80: 0.3571 | Kendall@80: 0.2346
Epoch 20/150 | Train Loss: 0.0557 | Epoch Time: 0.42s | Spearman@80: 0.4103 | Kendall@80: 0.2784
Epoch 21/150 | Train Loss: 0.0508 | Epoch Time: 0.42s | Spearman@80: 0.4186 | Kendall@80: 0.2784
Epoch 22/150 | Train Loss: 0.0496 | Epoch Time: 0.42s | Spearman@80: 0.4120 | Kendall@80: 0.2701
Epoch 23/150 | Train Loss: 0.0450 | Epoch Time: 0.42s | Spearman@80: 0.3145 | Kendall@80: 0.2112
Epoch 24/150 | Train Loss: 0.0548 | Epoch Time: 0.42s | Spearman@80: 0.4459 | Kendall@80: 0.2898
Epoch 25/150 | Train Loss: 0.0496 | Epoch Time: 0.42s | Spearman@80: 0.3889 | Kendall@80: 0.2594
Epoch 26/150 | Train Loss: 0.0495 | Epoch Time: 0.42s | Spearman@80: 0.3848 | Kendall@80: 0.2663
Epoch 27/150 | Train Loss: 0.0498 | Epoch Time: 0.42s | Spearman@80: 0.3571 | Kendall@80: 0.2454
Epoch 28/150 | Train Loss: 0.0475 | Epoch Time: 0.42s | Spearman@80: 0.3291 | Kendall@80: 0.2200
Epoch 29/150 | Train Loss: 0.0438 | Epoch Time: 0.43s | Spearman@80: 0.3809 | Kendall@80: 0.2536
Epoch 30/150 | Train Loss: 0.0410 | Epoch Time: 0.42s | Spearman@80: 0.3463 | Kendall@80: 0.2276
Epoch 31/150 | Train Loss: 0.0479 | Epoch Time: 0.42s | Spearman@80: 0.3491 | Kendall@80: 0.2194
Epoch 32/150 | Train Loss: 0.0385 | Epoch Time: 0.42s | Spearman@80: 0.3126 | Kendall@80: 0.2080
Epoch 33/150 | Train Loss: 0.0311 | Epoch Time: 0.42s | Spearman@80: 0.3937 | Kendall@80: 0.2587
Epoch 34/150 | Train Loss: 0.0412 | Epoch Time: 0.42s | Spearman@80: 0.4097 | Kendall@80: 0.2682
Epoch 35/150 | Train Loss: 0.0293 | Epoch Time: 0.42s | Spearman@80: 0.3519 | Kendall@80: 0.2321
Epoch 36/150 | Train Loss: 0.0376 | Epoch Time: 0.42s | Spearman@80: 0.3706 | Kendall@80: 0.2486
Epoch 37/150 | Train Loss: 0.0428 | Epoch Time: 0.42s | Spearman@80: 0.3359 | Kendall@80: 0.2289
Epoch 38/150 | Train Loss: 0.0430 | Epoch Time: 0.42s | Spearman@80: 0.3388 | Kendall@80: 0.2283
Epoch 39/150 | Train Loss: 0.0448 | Epoch Time: 0.42s | Spearman@80: 0.3685 | Kendall@80: 0.2315
Epoch 40/150 | Train Loss: 0.0404 | Epoch Time: 0.42s | Spearman@80: 0.3688 | Kendall@80: 0.2372
Epoch 41/150 | Train Loss: 0.0365 | Epoch Time: 0.42s | Spearman@80: 0.3452 | Kendall@80: 0.2283
Epoch 42/150 | Train Loss: 0.0374 | Epoch Time: 0.42s | Spearman@80: 0.3377 | Kendall@80: 0.2251
Epoch 43/150 | Train Loss: 0.0318 | Epoch Time: 0.42s | Spearman@80: 0.2891 | Kendall@80: 0.1852
Epoch 44/150 | Train Loss: 0.0355 | Epoch Time: 0.42s | Spearman@80: 0.3488 | Kendall@80: 0.2283
Epoch 45/150 | Train Loss: 0.0349 | Epoch Time: 0.42s | Spearman@80: 0.3868 | Kendall@80: 0.2600
Epoch 46/150 | Train Loss: 0.0346 | Epoch Time: 0.42s | Spearman@80: 0.3439 | Kendall@80: 0.2264
Epoch 47/150 | Train Loss: 0.0318 | Epoch Time: 0.42s | Spearman@80: 0.3463 | Kendall@80: 0.2245
Epoch 48/150 | Train Loss: 0.0230 | Epoch Time: 0.42s | Spearman@80: 0.3537 | Kendall@80: 0.2296
Epoch 49/150 | Train Loss: 0.0247 | Epoch Time: 0.42s | Spearman@80: 0.3997 | Kendall@80: 0.2670
Epoch 50/150 | Train Loss: 0.0269 | Epoch Time: 0.42s | Spearman@80: 0.3721 | Kendall@80: 0.2536
Epoch 51/150 | Train Loss: 0.0234 | Epoch Time: 0.42s | Spearman@80: 0.3684 | Kendall@80: 0.2505
Epoch 52/150 | Train Loss: 0.0293 | Epoch Time: 0.42s | Spearman@80: 0.3724 | Kendall@80: 0.2479
Epoch 53/150 | Train Loss: 0.0288 | Epoch Time: 0.42s | Spearman@80: 0.3862 | Kendall@80: 0.2581
Epoch 54/150 | Train Loss: 0.0278 | Epoch Time: 0.42s | Spearman@80: 0.3960 | Kendall@80: 0.2594
Epoch 55/150 | Train Loss: 0.0246 | Epoch Time: 0.42s | Spearman@80: 0.4188 | Kendall@80: 0.2733
Epoch 56/150 | Train Loss: 0.0296 | Epoch Time: 0.42s | Spearman@80: 0.4230 | Kendall@80: 0.2809
Epoch 57/150 | Train Loss: 0.0298 | Epoch Time: 0.42s | Spearman@80: 0.4039 | Kendall@80: 0.2771
Epoch 58/150 | Train Loss: 0.0263 | Epoch Time: 0.42s | Spearman@80: 0.4205 | Kendall@80: 0.2777
Epoch 59/150 | Train Loss: 0.0315 | Epoch Time: 0.42s | Spearman@80: 0.3540 | Kendall@80: 0.2353
Epoch 60/150 | Train Loss: 0.0290 | Epoch Time: 0.42s | Spearman@80: 0.3718 | Kendall@80: 0.2524
Epoch 61/150 | Train Loss: 0.0225 | Epoch Time: 0.42s | Spearman@80: 0.4792 | Kendall@80: 0.3202
Epoch 62/150 | Train Loss: 0.0222 | Epoch Time: 0.42s | Spearman@80: 0.4207 | Kendall@80: 0.2771
Epoch 63/150 | Train Loss: 0.0239 | Epoch Time: 0.42s | Spearman@80: 0.4038 | Kendall@80: 0.2720
Epoch 64/150 | Train Loss: 0.0237 | Epoch Time: 0.42s | Spearman@80: 0.3913 | Kendall@80: 0.2651
Epoch 65/150 | Train Loss: 0.0282 | Epoch Time: 0.42s | Spearman@80: 0.3724 | Kendall@80: 0.2460
Epoch 66/150 | Train Loss: 0.0228 | Epoch Time: 0.42s | Spearman@80: 0.3745 | Kendall@80: 0.2498
Epoch 67/150 | Train Loss: 0.0219 | Epoch Time: 0.42s | Spearman@80: 0.3389 | Kendall@80: 0.2150
Epoch 68/150 | Train Loss: 0.0216 | Epoch Time: 0.42s | Spearman@80: 0.3238 | Kendall@80: 0.2238
Epoch 69/150 | Train Loss: 0.0242 | Epoch Time: 0.42s | Spearman@80: 0.3153 | Kendall@80: 0.2112
Epoch 70/150 | Train Loss: 0.0249 | Epoch Time: 0.42s | Spearman@80: 0.3630 | Kendall@80: 0.2410
Epoch 71/150 | Train Loss: 0.0204 | Epoch Time: 0.42s | Spearman@80: 0.3430 | Kendall@80: 0.2302
Epoch 72/150 | Train Loss: 0.0208 | Epoch Time: 0.42s | Spearman@80: 0.3460 | Kendall@80: 0.2238
Epoch 73/150 | Train Loss: 0.0148 | Epoch Time: 0.42s | Spearman@80: 0.3415 | Kendall@80: 0.2264
Epoch 74/150 | Train Loss: 0.0143 | Epoch Time: 0.42s | Spearman@80: 0.3775 | Kendall@80: 0.2397
Epoch 75/150 | Train Loss: 0.0136 | Epoch Time: 0.42s | Spearman@80: 0.3730 | Kendall@80: 0.2473
Epoch 76/150 | Train Loss: 0.0177 | Epoch Time: 0.42s | Spearman@80: 0.3559 | Kendall@80: 0.2422
Epoch 77/150 | Train Loss: 0.0156 | Epoch Time: 0.42s | Spearman@80: 0.3813 | Kendall@80: 0.2524
Epoch 78/150 | Train Loss: 0.0221 | Epoch Time: 0.42s | Spearman@80: 0.3582 | Kendall@80: 0.2308
Epoch 79/150 | Train Loss: 0.0187 | Epoch Time: 0.42s | Spearman@80: 0.3731 | Kendall@80: 0.2498
Epoch 80/150 | Train Loss: 0.0163 | Epoch Time: 0.42s | Spearman@80: 0.3556 | Kendall@80: 0.2365
Epoch 81/150 | Train Loss: 0.0205 | Epoch Time: 0.42s | Spearman@80: 0.3418 | Kendall@80: 0.2213
Epoch 82/150 | Train Loss: 0.0127 | Epoch Time: 0.42s | Spearman@80: 0.3441 | Kendall@80: 0.2276
Epoch 83/150 | Train Loss: 0.0172 | Epoch Time: 0.42s | Spearman@80: 0.3706 | Kendall@80: 0.2384
Epoch 84/150 | Train Loss: 0.0198 | Epoch Time: 0.42s | Spearman@80: 0.3847 | Kendall@80: 0.2632
Epoch 85/150 | Train Loss: 0.0178 | Epoch Time: 0.42s | Spearman@80: 0.3739 | Kendall@80: 0.2473
Epoch 86/150 | Train Loss: 0.0162 | Epoch Time: 0.42s | Spearman@80: 0.3782 | Kendall@80: 0.2498
Epoch 87/150 | Train Loss: 0.0143 | Epoch Time: 0.42s | Spearman@80: 0.3777 | Kendall@80: 0.2486
Epoch 88/150 | Train Loss: 0.0182 | Epoch Time: 0.42s | Spearman@80: 0.3615 | Kendall@80: 0.2454
Epoch 89/150 | Train Loss: 0.0148 | Epoch Time: 0.42s | Spearman@80: 0.3628 | Kendall@80: 0.2448
Epoch 90/150 | Train Loss: 0.0130 | Epoch Time: 0.42s | Spearman@80: 0.3931 | Kendall@80: 0.2606
Epoch 91/150 | Train Loss: 0.0104 | Epoch Time: 0.42s | Spearman@80: 0.3727 | Kendall@80: 0.2562
Epoch 92/150 | Train Loss: 0.0168 | Epoch Time: 0.42s | Spearman@80: 0.3649 | Kendall@80: 0.2435
Epoch 93/150 | Train Loss: 0.0205 | Epoch Time: 0.42s | Spearman@80: 0.3768 | Kendall@80: 0.2454
Epoch 94/150 | Train Loss: 0.0249 | Epoch Time: 0.42s | Spearman@80: 0.3647 | Kendall@80: 0.2498
Epoch 95/150 | Train Loss: 0.0111 | Epoch Time: 0.42s | Spearman@80: 0.3743 | Kendall@80: 0.2498
Epoch 96/150 | Train Loss: 0.0141 | Epoch Time: 0.44s | Spearman@80: 0.3665 | Kendall@80: 0.2365
Epoch 97/150 | Train Loss: 0.0104 | Epoch Time: 0.42s | Spearman@80: 0.3717 | Kendall@80: 0.2492
Epoch 98/150 | Train Loss: 0.0162 | Epoch Time: 0.42s | Spearman@80: 0.3718 | Kendall@80: 0.2441
Epoch 99/150 | Train Loss: 0.0094 | Epoch Time: 0.42s | Spearman@80: 0.3937 | Kendall@80: 0.2670
Epoch 100/150 | Train Loss: 0.0078 | Epoch Time: 0.42s | Spearman@80: 0.4080 | Kendall@80: 0.2765
Epoch 101/150 | Train Loss: 0.0112 | Epoch Time: 0.42s | Spearman@80: 0.3904 | Kendall@80: 0.2651
Epoch 102/150 | Train Loss: 0.0111 | Epoch Time: 0.42s | Spearman@80: 0.4127 | Kendall@80: 0.2727
Epoch 103/150 | Train Loss: 0.0133 | Epoch Time: 0.42s | Spearman@80: 0.4097 | Kendall@80: 0.2695
Epoch 104/150 | Train Loss: 0.0090 | Epoch Time: 0.42s | Spearman@80: 0.3918 | Kendall@80: 0.2625
Epoch 105/150 | Train Loss: 0.0129 | Epoch Time: 0.42s | Spearman@80: 0.3736 | Kendall@80: 0.2511
Epoch 106/150 | Train Loss: 0.0116 | Epoch Time: 0.42s | Spearman@80: 0.3662 | Kendall@80: 0.2422
Epoch 107/150 | Train Loss: 0.0121 | Epoch Time: 0.42s | Spearman@80: 0.3794 | Kendall@80: 0.2587
Epoch 108/150 | Train Loss: 0.0114 | Epoch Time: 0.42s | Spearman@80: 0.3862 | Kendall@80: 0.2644
Epoch 109/150 | Train Loss: 0.0108 | Epoch Time: 0.42s | Spearman@80: 0.3857 | Kendall@80: 0.2619
Epoch 110/150 | Train Loss: 0.0098 | Epoch Time: 0.42s | Spearman@80: 0.3787 | Kendall@80: 0.2479
Epoch 111/150 | Train Loss: 0.0057 | Epoch Time: 0.42s | Spearman@80: 0.3972 | Kendall@80: 0.2651
Epoch 112/150 | Train Loss: 0.0103 | Epoch Time: 0.42s | Spearman@80: 0.3728 | Kendall@80: 0.2505
Epoch 113/150 | Train Loss: 0.0084 | Epoch Time: 0.42s | Spearman@80: 0.3689 | Kendall@80: 0.2429
Epoch 114/150 | Train Loss: 0.0134 | Epoch Time: 0.42s | Spearman@80: 0.3869 | Kendall@80: 0.2575
Epoch 115/150 | Train Loss: 0.0150 | Epoch Time: 0.42s | Spearman@80: 0.4000 | Kendall@80: 0.2682
Epoch 116/150 | Train Loss: 0.0088 | Epoch Time: 0.42s | Spearman@80: 0.3932 | Kendall@80: 0.2638
Epoch 117/150 | Train Loss: 0.0067 | Epoch Time: 0.42s | Spearman@80: 0.3735 | Kendall@80: 0.2505
Epoch 118/150 | Train Loss: 0.0109 | Epoch Time: 0.42s | Spearman@80: 0.3820 | Kendall@80: 0.2562
Epoch 119/150 | Train Loss: 0.0076 | Epoch Time: 0.42s | Spearman@80: 0.3826 | Kendall@80: 0.2562
Epoch 120/150 | Train Loss: 0.0128 | Epoch Time: 0.42s | Spearman@80: 0.3790 | Kendall@80: 0.2517
Epoch 121/150 | Train Loss: 0.0091 | Epoch Time: 0.42s | Spearman@80: 0.3950 | Kendall@80: 0.2619
Epoch 122/150 | Train Loss: 0.0061 | Epoch Time: 0.42s | Spearman@80: 0.3959 | Kendall@80: 0.2644
Epoch 123/150 | Train Loss: 0.0133 | Epoch Time: 0.42s | Spearman@80: 0.3866 | Kendall@80: 0.2587
Epoch 124/150 | Train Loss: 0.0090 | Epoch Time: 0.42s | Spearman@80: 0.3745 | Kendall@80: 0.2492
Epoch 125/150 | Train Loss: 0.0108 | Epoch Time: 0.42s | Spearman@80: 0.3820 | Kendall@80: 0.2543
Epoch 126/150 | Train Loss: 0.0088 | Epoch Time: 0.42s | Spearman@80: 0.3776 | Kendall@80: 0.2486
Epoch 127/150 | Train Loss: 0.0108 | Epoch Time: 0.42s | Spearman@80: 0.3844 | Kendall@80: 0.2568
Epoch 128/150 | Train Loss: 0.0099 | Epoch Time: 0.42s | Spearman@80: 0.3855 | Kendall@80: 0.2600
Epoch 129/150 | Train Loss: 0.0111 | Epoch Time: 0.42s | Spearman@80: 0.3792 | Kendall@80: 0.2511
Epoch 130/150 | Train Loss: 0.0129 | Epoch Time: 0.42s | Spearman@80: 0.3820 | Kendall@80: 0.2530
Epoch 131/150 | Train Loss: 0.0050 | Epoch Time: 0.42s | Spearman@80: 0.3805 | Kendall@80: 0.2555
Epoch 132/150 | Train Loss: 0.0096 | Epoch Time: 0.42s | Spearman@80: 0.3875 | Kendall@80: 0.2606
Epoch 133/150 | Train Loss: 0.0072 | Epoch Time: 0.42s | Spearman@80: 0.3868 | Kendall@80: 0.2606
Epoch 134/150 | Train Loss: 0.0100 | Epoch Time: 0.42s | Spearman@80: 0.3876 | Kendall@80: 0.2613
Epoch 135/150 | Train Loss: 0.0126 | Epoch Time: 0.42s | Spearman@80: 0.3851 | Kendall@80: 0.2594
Epoch 136/150 | Train Loss: 0.0119 | Epoch Time: 0.42s | Spearman@80: 0.3875 | Kendall@80: 0.2613
Epoch 137/150 | Train Loss: 0.0089 | Epoch Time: 0.42s | Spearman@80: 0.3937 | Kendall@80: 0.2657
Epoch 138/150 | Train Loss: 0.0110 | Epoch Time: 0.43s | Spearman@80: 0.3912 | Kendall@80: 0.2619
Epoch 139/150 | Train Loss: 0.0067 | Epoch Time: 0.42s | Spearman@80: 0.3802 | Kendall@80: 0.2505
Epoch 140/150 | Train Loss: 0.0047 | Epoch Time: 0.42s | Spearman@80: 0.3874 | Kendall@80: 0.2562
Epoch 141/150 | Train Loss: 0.0063 | Epoch Time: 0.42s | Spearman@80: 0.3867 | Kendall@80: 0.2575
Epoch 142/150 | Train Loss: 0.0087 | Epoch Time: 0.42s | Spearman@80: 0.3870 | Kendall@80: 0.2562
Epoch 143/150 | Train Loss: 0.0064 | Epoch Time: 0.42s | Spearman@80: 0.3760 | Kendall@80: 0.2467
Epoch 144/150 | Train Loss: 0.0083 | Epoch Time: 0.42s | Spearman@80: 0.3846 | Kendall@80: 0.2536
Epoch 145/150 | Train Loss: 0.0075 | Epoch Time: 0.42s | Spearman@80: 0.3852 | Kendall@80: 0.2555
Epoch 146/150 | Train Loss: 0.0078 | Epoch Time: 0.42s | Spearman@80: 0.3761 | Kendall@80: 0.2473
Epoch 147/150 | Train Loss: 0.0048 | Epoch Time: 1.23s | Spearman@4934: 0.3815 | Kendall@4934: 0.2601
Epoch 148/150 | Train Loss: 0.0092 | Epoch Time: 1.23s | Spearman@4934: 0.3800 | Kendall@4934: 0.2591
Epoch 149/150 | Train Loss: 0.0106 | Epoch Time: 1.22s | Spearman@4934: 0.3801 | Kendall@4934: 0.2591
Epoch 150/150 | Train Loss: 0.0051 | Epoch Time: 1.23s | Spearman@4934: 0.3782 | Kendall@4934: 0.2578
Sample Count: 64, Spearman: 0.37993595089933574, Kendall: 0.25902689151963953
{64: (0.37993595089933574, 0.25902689151963953),
 128: (0.5394486513390421, 0.3769602254680877)}
Epoch 1/150 | Train Loss: 0.0964 | Epoch Time: 0.82s | Spearman@80: 0.5989 | Kendall@80: 0.4354
Epoch 2/150 | Train Loss: 0.0817 | Epoch Time: 0.83s | Spearman@80: 0.6115 | Kendall@80: 0.4506
Epoch 3/150 | Train Loss: 0.0738 | Epoch Time: 0.82s | Spearman@80: 0.6584 | Kendall@80: 0.4696
Epoch 4/150 | Train Loss: 0.0644 | Epoch Time: 0.83s | Spearman@80: 0.5643 | Kendall@80: 0.4113
Epoch 5/150 | Train Loss: 0.0694 | Epoch Time: 0.83s | Spearman@80: 0.6532 | Kendall@80: 0.4772
Epoch 6/150 | Train Loss: 0.0718 | Epoch Time: 0.83s | Spearman@80: 0.5717 | Kendall@80: 0.4113
Epoch 7/150 | Train Loss: 0.0679 | Epoch Time: 0.82s | Spearman@80: 0.6407 | Kendall@80: 0.4696
Epoch 8/150 | Train Loss: 0.0622 | Epoch Time: 0.83s | Spearman@80: 0.5858 | Kendall@80: 0.4233
Epoch 9/150 | Train Loss: 0.0598 | Epoch Time: 0.81s | Spearman@80: 0.6112 | Kendall@80: 0.4449
Epoch 10/150 | Train Loss: 0.0631 | Epoch Time: 0.81s | Spearman@80: 0.6364 | Kendall@80: 0.4708
Epoch 11/150 | Train Loss: 0.0616 | Epoch Time: 0.81s | Spearman@80: 0.6119 | Kendall@80: 0.4430
Epoch 12/150 | Train Loss: 0.0602 | Epoch Time: 0.83s | Spearman@80: 0.6190 | Kendall@80: 0.4518
Epoch 13/150 | Train Loss: 0.0649 | Epoch Time: 0.83s | Spearman@80: 0.5557 | Kendall@80: 0.3954
Epoch 14/150 | Train Loss: 0.0565 | Epoch Time: 0.83s | Spearman@80: 0.5837 | Kendall@80: 0.4202
Epoch 15/150 | Train Loss: 0.0566 | Epoch Time: 0.82s | Spearman@80: 0.5193 | Kendall@80: 0.3688
Epoch 16/150 | Train Loss: 0.0614 | Epoch Time: 0.82s | Spearman@80: 0.6022 | Kendall@80: 0.4404
Epoch 17/150 | Train Loss: 0.0528 | Epoch Time: 0.81s | Spearman@80: 0.5978 | Kendall@80: 0.4328
Epoch 18/150 | Train Loss: 0.0588 | Epoch Time: 0.81s | Spearman@80: 0.6372 | Kendall@80: 0.4753
Epoch 19/150 | Train Loss: 0.0618 | Epoch Time: 0.82s | Spearman@80: 0.5843 | Kendall@80: 0.4170
Epoch 20/150 | Train Loss: 0.0574 | Epoch Time: 0.82s | Spearman@80: 0.6461 | Kendall@80: 0.4708
Epoch 21/150 | Train Loss: 0.0555 | Epoch Time: 0.83s | Spearman@80: 0.5839 | Kendall@80: 0.4265
Epoch 22/150 | Train Loss: 0.0552 | Epoch Time: 0.82s | Spearman@80: 0.5772 | Kendall@80: 0.4030
Epoch 23/150 | Train Loss: 0.0550 | Epoch Time: 0.83s | Spearman@80: 0.6116 | Kendall@80: 0.4531
Epoch 24/150 | Train Loss: 0.0502 | Epoch Time: 0.82s | Spearman@80: 0.5688 | Kendall@80: 0.4081
Epoch 25/150 | Train Loss: 0.0539 | Epoch Time: 0.83s | Spearman@80: 0.6024 | Kendall@80: 0.4461
Epoch 26/150 | Train Loss: 0.0485 | Epoch Time: 0.83s | Spearman@80: 0.4941 | Kendall@80: 0.3542
Epoch 27/150 | Train Loss: 0.0531 | Epoch Time: 0.83s | Spearman@80: 0.6252 | Kendall@80: 0.4582
Epoch 28/150 | Train Loss: 0.0541 | Epoch Time: 0.82s | Spearman@80: 0.5605 | Kendall@80: 0.4037
Epoch 29/150 | Train Loss: 0.0479 | Epoch Time: 0.83s | Spearman@80: 0.6119 | Kendall@80: 0.4436
Epoch 30/150 | Train Loss: 0.0513 | Epoch Time: 0.82s | Spearman@80: 0.5918 | Kendall@80: 0.4221
Epoch 31/150 | Train Loss: 0.0477 | Epoch Time: 0.81s | Spearman@80: 0.6082 | Kendall@80: 0.4341
Epoch 32/150 | Train Loss: 0.0496 | Epoch Time: 0.82s | Spearman@80: 0.5839 | Kendall@80: 0.4189
Epoch 33/150 | Train Loss: 0.0443 | Epoch Time: 0.83s | Spearman@80: 0.5465 | Kendall@80: 0.3821
Epoch 34/150 | Train Loss: 0.0436 | Epoch Time: 0.82s | Spearman@80: 0.6013 | Kendall@80: 0.4360
Epoch 35/150 | Train Loss: 0.0495 | Epoch Time: 0.83s | Spearman@80: 0.6066 | Kendall@80: 0.4373
Epoch 36/150 | Train Loss: 0.0432 | Epoch Time: 0.82s | Spearman@80: 0.5930 | Kendall@80: 0.4240
Epoch 37/150 | Train Loss: 0.0507 | Epoch Time: 0.83s | Spearman@80: 0.5775 | Kendall@80: 0.4056
Epoch 38/150 | Train Loss: 0.0427 | Epoch Time: 0.82s | Spearman@80: 0.5958 | Kendall@80: 0.4271
Epoch 39/150 | Train Loss: 0.0426 | Epoch Time: 0.81s | Spearman@80: 0.6241 | Kendall@80: 0.4506
Epoch 40/150 | Train Loss: 0.0425 | Epoch Time: 0.83s | Spearman@80: 0.5585 | Kendall@80: 0.3885
Epoch 41/150 | Train Loss: 0.0438 | Epoch Time: 0.83s | Spearman@80: 0.5701 | Kendall@80: 0.4081
Epoch 42/150 | Train Loss: 0.0529 | Epoch Time: 0.82s | Spearman@80: 0.6405 | Kendall@80: 0.4689
Epoch 43/150 | Train Loss: 0.0403 | Epoch Time: 0.83s | Spearman@80: 0.5443 | Kendall@80: 0.3904
Epoch 44/150 | Train Loss: 0.0457 | Epoch Time: 0.84s | Spearman@80: 0.6041 | Kendall@80: 0.4259
Epoch 45/150 | Train Loss: 0.0430 | Epoch Time: 0.83s | Spearman@80: 0.5972 | Kendall@80: 0.4347
Epoch 46/150 | Train Loss: 0.0406 | Epoch Time: 0.82s | Spearman@80: 0.5964 | Kendall@80: 0.4252
Epoch 47/150 | Train Loss: 0.0407 | Epoch Time: 0.83s | Spearman@80: 0.6388 | Kendall@80: 0.4702
Epoch 48/150 | Train Loss: 0.0383 | Epoch Time: 0.83s | Spearman@80: 0.6239 | Kendall@80: 0.4436
Epoch 49/150 | Train Loss: 0.0462 | Epoch Time: 0.82s | Spearman@80: 0.5734 | Kendall@80: 0.4100
Epoch 50/150 | Train Loss: 0.0435 | Epoch Time: 0.82s | Spearman@80: 0.6080 | Kendall@80: 0.4480
Epoch 51/150 | Train Loss: 0.0385 | Epoch Time: 0.82s | Spearman@80: 0.5787 | Kendall@80: 0.4189
Epoch 52/150 | Train Loss: 0.0492 | Epoch Time: 0.83s | Spearman@80: 0.5751 | Kendall@80: 0.4183
Epoch 53/150 | Train Loss: 0.0401 | Epoch Time: 0.82s | Spearman@80: 0.5930 | Kendall@80: 0.4208
Epoch 54/150 | Train Loss: 0.0370 | Epoch Time: 0.83s | Spearman@80: 0.5839 | Kendall@80: 0.4106
Epoch 55/150 | Train Loss: 0.0412 | Epoch Time: 0.82s | Spearman@80: 0.6306 | Kendall@80: 0.4556
Epoch 56/150 | Train Loss: 0.0410 | Epoch Time: 0.82s | Spearman@80: 0.5354 | Kendall@80: 0.3815
Epoch 57/150 | Train Loss: 0.0380 | Epoch Time: 0.82s | Spearman@80: 0.6201 | Kendall@80: 0.4404
Epoch 58/150 | Train Loss: 0.0360 | Epoch Time: 0.84s | Spearman@80: 0.5804 | Kendall@80: 0.4144
Epoch 59/150 | Train Loss: 0.0379 | Epoch Time: 0.83s | Spearman@80: 0.6025 | Kendall@80: 0.4297
Epoch 60/150 | Train Loss: 0.0357 | Epoch Time: 0.81s | Spearman@80: 0.5549 | Kendall@80: 0.3859
Epoch 61/150 | Train Loss: 0.0314 | Epoch Time: 0.82s | Spearman@80: 0.6421 | Kendall@80: 0.4651
Epoch 62/150 | Train Loss: 0.0428 | Epoch Time: 0.83s | Spearman@80: 0.6144 | Kendall@80: 0.4461
Epoch 63/150 | Train Loss: 0.0414 | Epoch Time: 0.82s | Spearman@80: 0.6277 | Kendall@80: 0.4474
Epoch 64/150 | Train Loss: 0.0364 | Epoch Time: 0.83s | Spearman@80: 0.6013 | Kendall@80: 0.4284
Epoch 65/150 | Train Loss: 0.0352 | Epoch Time: 0.82s | Spearman@80: 0.6163 | Kendall@80: 0.4474
Epoch 66/150 | Train Loss: 0.0333 | Epoch Time: 0.82s | Spearman@80: 0.5934 | Kendall@80: 0.4246
Epoch 67/150 | Train Loss: 0.0305 | Epoch Time: 0.84s | Spearman@80: 0.6185 | Kendall@80: 0.4480
Epoch 68/150 | Train Loss: 0.0286 | Epoch Time: 0.83s | Spearman@80: 0.5745 | Kendall@80: 0.4119
Epoch 69/150 | Train Loss: 0.0320 | Epoch Time: 0.82s | Spearman@80: 0.5894 | Kendall@80: 0.4183
Epoch 70/150 | Train Loss: 0.0311 | Epoch Time: 0.82s | Spearman@80: 0.6268 | Kendall@80: 0.4582
Epoch 71/150 | Train Loss: 0.0351 | Epoch Time: 0.82s | Spearman@80: 0.5385 | Kendall@80: 0.3815
Epoch 72/150 | Train Loss: 0.0362 | Epoch Time: 0.83s | Spearman@80: 0.5777 | Kendall@80: 0.4125
Epoch 73/150 | Train Loss: 0.0360 | Epoch Time: 0.83s | Spearman@80: 0.5766 | Kendall@80: 0.4056
Epoch 74/150 | Train Loss: 0.0279 | Epoch Time: 0.82s | Spearman@80: 0.5936 | Kendall@80: 0.4259
Epoch 75/150 | Train Loss: 0.0328 | Epoch Time: 0.83s | Spearman@80: 0.6698 | Kendall@80: 0.4924
Epoch 76/150 | Train Loss: 0.0325 | Epoch Time: 0.82s | Spearman@80: 0.6390 | Kendall@80: 0.4588
Epoch 77/150 | Train Loss: 0.0287 | Epoch Time: 0.82s | Spearman@80: 0.6424 | Kendall@80: 0.4658
Epoch 78/150 | Train Loss: 0.0324 | Epoch Time: 0.83s | Spearman@80: 0.6584 | Kendall@80: 0.4842
Epoch 79/150 | Train Loss: 0.0319 | Epoch Time: 0.83s | Spearman@80: 0.6428 | Kendall@80: 0.4658
Epoch 80/150 | Train Loss: 0.0292 | Epoch Time: 0.83s | Spearman@80: 0.6775 | Kendall@80: 0.4943
Epoch 81/150 | Train Loss: 0.0323 | Epoch Time: 0.81s | Spearman@80: 0.6373 | Kendall@80: 0.4569
Epoch 82/150 | Train Loss: 0.0382 | Epoch Time: 0.81s | Spearman@80: 0.6576 | Kendall@80: 0.4823
Epoch 83/150 | Train Loss: 0.0305 | Epoch Time: 0.83s | Spearman@80: 0.6211 | Kendall@80: 0.4487
Epoch 84/150 | Train Loss: 0.0254 | Epoch Time: 0.83s | Spearman@80: 0.6544 | Kendall@80: 0.4740
Epoch 85/150 | Train Loss: 0.0260 | Epoch Time: 0.82s | Spearman@80: 0.6132 | Kendall@80: 0.4404
Epoch 86/150 | Train Loss: 0.0291 | Epoch Time: 0.81s | Spearman@80: 0.6276 | Kendall@80: 0.4499
Epoch 87/150 | Train Loss: 0.0279 | Epoch Time: 0.83s | Spearman@80: 0.5844 | Kendall@80: 0.4151
Epoch 88/150 | Train Loss: 0.0291 | Epoch Time: 0.81s | Spearman@80: 0.6097 | Kendall@80: 0.4252
Epoch 89/150 | Train Loss: 0.0280 | Epoch Time: 0.83s | Spearman@80: 0.5860 | Kendall@80: 0.4164
Epoch 90/150 | Train Loss: 0.0269 | Epoch Time: 0.83s | Spearman@80: 0.6229 | Kendall@80: 0.4455
Epoch 91/150 | Train Loss: 0.0292 | Epoch Time: 0.82s | Spearman@80: 0.6242 | Kendall@80: 0.4449
Epoch 92/150 | Train Loss: 0.0285 | Epoch Time: 0.83s | Spearman@80: 0.6169 | Kendall@80: 0.4417
Epoch 93/150 | Train Loss: 0.0275 | Epoch Time: 0.83s | Spearman@80: 0.6046 | Kendall@80: 0.4271
Epoch 94/150 | Train Loss: 0.0217 | Epoch Time: 0.82s | Spearman@80: 0.6285 | Kendall@80: 0.4474
Epoch 95/150 | Train Loss: 0.0191 | Epoch Time: 0.83s | Spearman@80: 0.6390 | Kendall@80: 0.4550
Epoch 96/150 | Train Loss: 0.0253 | Epoch Time: 0.83s | Spearman@80: 0.6523 | Kendall@80: 0.4588
Epoch 97/150 | Train Loss: 0.0213 | Epoch Time: 0.83s | Spearman@80: 0.6282 | Kendall@80: 0.4385
Epoch 98/150 | Train Loss: 0.0260 | Epoch Time: 0.81s | Spearman@80: 0.6214 | Kendall@80: 0.4341
Epoch 99/150 | Train Loss: 0.0251 | Epoch Time: 0.83s | Spearman@80: 0.6278 | Kendall@80: 0.4423
Epoch 100/150 | Train Loss: 0.0259 | Epoch Time: 0.83s | Spearman@80: 0.6386 | Kendall@80: 0.4531
Epoch 101/150 | Train Loss: 0.0240 | Epoch Time: 0.81s | Spearman@80: 0.6395 | Kendall@80: 0.4531
Epoch 102/150 | Train Loss: 0.0237 | Epoch Time: 0.82s | Spearman@80: 0.6340 | Kendall@80: 0.4436
Epoch 103/150 | Train Loss: 0.0173 | Epoch Time: 0.83s | Spearman@80: 0.6426 | Kendall@80: 0.4563
Epoch 104/150 | Train Loss: 0.0222 | Epoch Time: 0.83s | Spearman@80: 0.6208 | Kendall@80: 0.4423
Epoch 105/150 | Train Loss: 0.0220 | Epoch Time: 0.83s | Spearman@80: 0.6016 | Kendall@80: 0.4233
Epoch 106/150 | Train Loss: 0.0213 | Epoch Time: 0.82s | Spearman@80: 0.6333 | Kendall@80: 0.4506
Epoch 107/150 | Train Loss: 0.0191 | Epoch Time: 0.83s | Spearman@80: 0.6115 | Kendall@80: 0.4265
Epoch 108/150 | Train Loss: 0.0143 | Epoch Time: 0.82s | Spearman@80: 0.6029 | Kendall@80: 0.4189
Epoch 109/150 | Train Loss: 0.0179 | Epoch Time: 0.82s | Spearman@80: 0.6171 | Kendall@80: 0.4341
Epoch 110/150 | Train Loss: 0.0149 | Epoch Time: 0.83s | Spearman@80: 0.6143 | Kendall@80: 0.4347
Epoch 111/150 | Train Loss: 0.0191 | Epoch Time: 0.83s | Spearman@80: 0.6242 | Kendall@80: 0.4392
Epoch 112/150 | Train Loss: 0.0153 | Epoch Time: 0.82s | Spearman@80: 0.6362 | Kendall@80: 0.4512
Epoch 113/150 | Train Loss: 0.0175 | Epoch Time: 0.83s | Spearman@80: 0.6155 | Kendall@80: 0.4379
Epoch 114/150 | Train Loss: 0.0175 | Epoch Time: 0.83s | Spearman@80: 0.6227 | Kendall@80: 0.4354
Epoch 115/150 | Train Loss: 0.0177 | Epoch Time: 0.82s | Spearman@80: 0.6149 | Kendall@80: 0.4316
Epoch 116/150 | Train Loss: 0.0115 | Epoch Time: 0.83s | Spearman@80: 0.6054 | Kendall@80: 0.4278
Epoch 117/150 | Train Loss: 0.0140 | Epoch Time: 0.82s | Spearman@80: 0.6110 | Kendall@80: 0.4259
Epoch 118/150 | Train Loss: 0.0153 | Epoch Time: 0.81s | Spearman@80: 0.6080 | Kendall@80: 0.4259
Epoch 119/150 | Train Loss: 0.0167 | Epoch Time: 0.82s | Spearman@80: 0.6023 | Kendall@80: 0.4227
Epoch 120/150 | Train Loss: 0.0132 | Epoch Time: 0.83s | Spearman@80: 0.6204 | Kendall@80: 0.4379
Epoch 121/150 | Train Loss: 0.0148 | Epoch Time: 0.83s | Spearman@80: 0.6108 | Kendall@80: 0.4322
Epoch 122/150 | Train Loss: 0.0147 | Epoch Time: 0.83s | Spearman@80: 0.6187 | Kendall@80: 0.4360
Epoch 123/150 | Train Loss: 0.0161 | Epoch Time: 0.80s | Spearman@80: 0.6409 | Kendall@80: 0.4512
Epoch 124/150 | Train Loss: 0.0150 | Epoch Time: 0.81s | Spearman@80: 0.6378 | Kendall@80: 0.4525
Epoch 125/150 | Train Loss: 0.0129 | Epoch Time: 0.83s | Spearman@80: 0.6273 | Kendall@80: 0.4411
Epoch 126/150 | Train Loss: 0.0132 | Epoch Time: 0.84s | Spearman@80: 0.6270 | Kendall@80: 0.4411
Epoch 127/150 | Train Loss: 0.0152 | Epoch Time: 0.83s | Spearman@80: 0.6422 | Kendall@80: 0.4506
Epoch 128/150 | Train Loss: 0.0160 | Epoch Time: 0.83s | Spearman@80: 0.6125 | Kendall@80: 0.4278
Epoch 129/150 | Train Loss: 0.0132 | Epoch Time: 0.83s | Spearman@80: 0.6327 | Kendall@80: 0.4449
Epoch 130/150 | Train Loss: 0.0124 | Epoch Time: 0.82s | Spearman@80: 0.6366 | Kendall@80: 0.4493
Epoch 131/150 | Train Loss: 0.0128 | Epoch Time: 0.82s | Spearman@80: 0.6380 | Kendall@80: 0.4493
Epoch 132/150 | Train Loss: 0.0168 | Epoch Time: 0.83s | Spearman@80: 0.6338 | Kendall@80: 0.4461
Epoch 133/150 | Train Loss: 0.0164 | Epoch Time: 0.83s | Spearman@80: 0.6232 | Kendall@80: 0.4398
Epoch 134/150 | Train Loss: 0.0125 | Epoch Time: 0.83s | Spearman@80: 0.6296 | Kendall@80: 0.4449
Epoch 135/150 | Train Loss: 0.0149 | Epoch Time: 0.83s | Spearman@80: 0.6318 | Kendall@80: 0.4480
Epoch 136/150 | Train Loss: 0.0129 | Epoch Time: 0.83s | Spearman@80: 0.6365 | Kendall@80: 0.4518
Epoch 137/150 | Train Loss: 0.0111 | Epoch Time: 0.83s | Spearman@80: 0.6360 | Kendall@80: 0.4487
Epoch 138/150 | Train Loss: 0.0117 | Epoch Time: 0.82s | Spearman@80: 0.6260 | Kendall@80: 0.4404
Epoch 139/150 | Train Loss: 0.0104 | Epoch Time: 0.83s | Spearman@80: 0.6251 | Kendall@80: 0.4404
Epoch 140/150 | Train Loss: 0.0125 | Epoch Time: 0.82s | Spearman@80: 0.6288 | Kendall@80: 0.4442
Epoch 141/150 | Train Loss: 0.0083 | Epoch Time: 0.83s | Spearman@80: 0.6284 | Kendall@80: 0.4455
Epoch 142/150 | Train Loss: 0.0116 | Epoch Time: 0.83s | Spearman@80: 0.6262 | Kendall@80: 0.4411
Epoch 143/150 | Train Loss: 0.0087 | Epoch Time: 0.82s | Spearman@80: 0.6340 | Kendall@80: 0.4499
Epoch 144/150 | Train Loss: 0.0098 | Epoch Time: 0.83s | Spearman@80: 0.6319 | Kendall@80: 0.4487
Epoch 145/150 | Train Loss: 0.0107 | Epoch Time: 0.83s | Spearman@80: 0.6252 | Kendall@80: 0.4436
Epoch 146/150 | Train Loss: 0.0126 | Epoch Time: 0.82s | Spearman@80: 0.6279 | Kendall@80: 0.4455
Epoch 147/150 | Train Loss: 0.0129 | Epoch Time: 1.65s | Spearman@4870: 0.5410 | Kendall@4870: 0.3782
Epoch 148/150 | Train Loss: 0.0143 | Epoch Time: 1.61s | Spearman@4870: 0.5411 | Kendall@4870: 0.3784
Epoch 149/150 | Train Loss: 0.0131 | Epoch Time: 1.62s | Spearman@4870: 0.5406 | Kendall@4870: 0.3779
Epoch 150/150 | Train Loss: 0.0125 | Epoch Time: 1.61s | Spearman@4870: 0.5432 | Kendall@4870: 0.3798
Sample Count: 128, Spearman: 0.5414623836370993, Kendall: 0.3785756466656364
{64: (0.37993595089933574, 0.25902689151963953),
 128: (0.5414623836370993, 0.3785756466656364)}
Epoch 1/150 | Train Loss: 0.0979 | Epoch Time: 0.41s | Spearman@80: 0.3523 | Kendall@80: 0.2449
Epoch 2/150 | Train Loss: 0.0878 | Epoch Time: 0.42s | Spearman@80: 0.3881 | Kendall@80: 0.2683
Epoch 3/150 | Train Loss: 0.0798 | Epoch Time: 0.43s | Spearman@80: 0.4085 | Kendall@80: 0.2785
Epoch 4/150 | Train Loss: 0.0715 | Epoch Time: 0.42s | Spearman@80: 0.4395 | Kendall@80: 0.2962
Epoch 5/150 | Train Loss: 0.0687 | Epoch Time: 0.42s | Spearman@80: 0.4366 | Kendall@80: 0.3013
Epoch 6/150 | Train Loss: 0.0716 | Epoch Time: 0.42s | Spearman@80: 0.4752 | Kendall@80: 0.3304
Epoch 7/150 | Train Loss: 0.0630 | Epoch Time: 0.43s | Spearman@80: 0.5218 | Kendall@80: 0.3596
Epoch 8/150 | Train Loss: 0.0577 | Epoch Time: 0.42s | Spearman@80: 0.5658 | Kendall@80: 0.3963
Epoch 9/150 | Train Loss: 0.0551 | Epoch Time: 0.42s | Spearman@80: 0.5536 | Kendall@80: 0.3748
Epoch 10/150 | Train Loss: 0.0637 | Epoch Time: 0.42s | Spearman@80: 0.5715 | Kendall@80: 0.3989
Epoch 11/150 | Train Loss: 0.0577 | Epoch Time: 0.41s | Spearman@80: 0.5982 | Kendall@80: 0.4299
Epoch 12/150 | Train Loss: 0.0495 | Epoch Time: 0.42s | Spearman@80: 0.6040 | Kendall@80: 0.4217
Epoch 13/150 | Train Loss: 0.0508 | Epoch Time: 0.42s | Spearman@80: 0.6124 | Kendall@80: 0.4331
Epoch 14/150 | Train Loss: 0.0382 | Epoch Time: 0.41s | Spearman@80: 0.5322 | Kendall@80: 0.3754
Epoch 15/150 | Train Loss: 0.0509 | Epoch Time: 0.42s | Spearman@80: 0.5425 | Kendall@80: 0.3767
Epoch 16/150 | Train Loss: 0.0439 | Epoch Time: 0.40s | Spearman@80: 0.6117 | Kendall@80: 0.4312
Epoch 17/150 | Train Loss: 0.0440 | Epoch Time: 0.42s | Spearman@80: 0.6082 | Kendall@80: 0.4343
Epoch 18/150 | Train Loss: 0.0399 | Epoch Time: 0.44s | Spearman@80: 0.6216 | Kendall@80: 0.4331
Epoch 19/150 | Train Loss: 0.0486 | Epoch Time: 0.42s | Spearman@80: 0.5560 | Kendall@80: 0.3837
Epoch 20/150 | Train Loss: 0.0394 | Epoch Time: 0.43s | Spearman@80: 0.5926 | Kendall@80: 0.4166
Epoch 21/150 | Train Loss: 0.0358 | Epoch Time: 0.41s | Spearman@80: 0.5513 | Kendall@80: 0.3786
Epoch 22/150 | Train Loss: 0.0342 | Epoch Time: 0.42s | Spearman@80: 0.5494 | Kendall@80: 0.3773
Epoch 23/150 | Train Loss: 0.0324 | Epoch Time: 0.42s | Spearman@80: 0.5683 | Kendall@80: 0.3906
Epoch 24/150 | Train Loss: 0.0369 | Epoch Time: 0.42s | Spearman@80: 0.5138 | Kendall@80: 0.3526
Epoch 25/150 | Train Loss: 0.0373 | Epoch Time: 0.42s | Spearman@80: 0.5391 | Kendall@80: 0.3780
Epoch 26/150 | Train Loss: 0.0376 | Epoch Time: 0.42s | Spearman@80: 0.5284 | Kendall@80: 0.3653
Epoch 27/150 | Train Loss: 0.0487 | Epoch Time: 0.42s | Spearman@80: 0.6102 | Kendall@80: 0.4191
Epoch 28/150 | Train Loss: 0.0360 | Epoch Time: 0.42s | Spearman@80: 0.5435 | Kendall@80: 0.3741
Epoch 29/150 | Train Loss: 0.0269 | Epoch Time: 0.42s | Spearman@80: 0.5438 | Kendall@80: 0.3773
Epoch 30/150 | Train Loss: 0.0288 | Epoch Time: 0.42s | Spearman@80: 0.5123 | Kendall@80: 0.3615
Epoch 31/150 | Train Loss: 0.0446 | Epoch Time: 0.42s | Spearman@80: 0.5013 | Kendall@80: 0.3399
Epoch 32/150 | Train Loss: 0.0339 | Epoch Time: 0.42s | Spearman@80: 0.4956 | Kendall@80: 0.3501
Epoch 33/150 | Train Loss: 0.0379 | Epoch Time: 0.42s | Spearman@80: 0.5516 | Kendall@80: 0.3818
Epoch 34/150 | Train Loss: 0.0227 | Epoch Time: 0.42s | Spearman@80: 0.5094 | Kendall@80: 0.3482
Epoch 35/150 | Train Loss: 0.0325 | Epoch Time: 0.42s | Spearman@80: 0.5007 | Kendall@80: 0.3387
Epoch 36/150 | Train Loss: 0.0310 | Epoch Time: 0.42s | Spearman@80: 0.4561 | Kendall@80: 0.3159
Epoch 37/150 | Train Loss: 0.0379 | Epoch Time: 0.42s | Spearman@80: 0.5256 | Kendall@80: 0.3697
Epoch 38/150 | Train Loss: 0.0353 | Epoch Time: 0.42s | Spearman@80: 0.5497 | Kendall@80: 0.3843
Epoch 39/150 | Train Loss: 0.0277 | Epoch Time: 0.42s | Spearman@80: 0.5076 | Kendall@80: 0.3482
Epoch 40/150 | Train Loss: 0.0298 | Epoch Time: 0.42s | Spearman@80: 0.5092 | Kendall@80: 0.3532
Epoch 41/150 | Train Loss: 0.0266 | Epoch Time: 0.43s | Spearman@80: 0.4964 | Kendall@80: 0.3469
Epoch 42/150 | Train Loss: 0.0278 | Epoch Time: 0.42s | Spearman@80: 0.5283 | Kendall@80: 0.3678
Epoch 43/150 | Train Loss: 0.0330 | Epoch Time: 0.42s | Spearman@80: 0.5747 | Kendall@80: 0.4020
Epoch 44/150 | Train Loss: 0.0277 | Epoch Time: 0.41s | Spearman@80: 0.5709 | Kendall@80: 0.4027
Epoch 45/150 | Train Loss: 0.0388 | Epoch Time: 0.41s | Spearman@80: 0.5506 | Kendall@80: 0.3837
Epoch 46/150 | Train Loss: 0.0232 | Epoch Time: 0.42s | Spearman@80: 0.5723 | Kendall@80: 0.3970
Epoch 47/150 | Train Loss: 0.0200 | Epoch Time: 0.42s | Spearman@80: 0.5521 | Kendall@80: 0.3805
Epoch 48/150 | Train Loss: 0.0220 | Epoch Time: 0.42s | Spearman@80: 0.4929 | Kendall@80: 0.3412
Epoch 49/150 | Train Loss: 0.0250 | Epoch Time: 0.42s | Spearman@80: 0.5546 | Kendall@80: 0.3862
Epoch 50/150 | Train Loss: 0.0312 | Epoch Time: 0.41s | Spearman@80: 0.5628 | Kendall@80: 0.4001
Epoch 51/150 | Train Loss: 0.0221 | Epoch Time: 0.42s | Spearman@80: 0.5609 | Kendall@80: 0.3957
Epoch 52/150 | Train Loss: 0.0318 | Epoch Time: 0.42s | Spearman@80: 0.5245 | Kendall@80: 0.3615
Epoch 53/150 | Train Loss: 0.0287 | Epoch Time: 0.42s | Spearman@80: 0.4848 | Kendall@80: 0.3418
Epoch 54/150 | Train Loss: 0.0256 | Epoch Time: 0.42s | Spearman@80: 0.5630 | Kendall@80: 0.4014
Epoch 55/150 | Train Loss: 0.0351 | Epoch Time: 0.42s | Spearman@80: 0.5538 | Kendall@80: 0.3919
Epoch 56/150 | Train Loss: 0.0195 | Epoch Time: 0.42s | Spearman@80: 0.5443 | Kendall@80: 0.3722
Epoch 57/150 | Train Loss: 0.0161 | Epoch Time: 0.42s | Spearman@80: 0.5545 | Kendall@80: 0.3824
Epoch 58/150 | Train Loss: 0.0224 | Epoch Time: 0.42s | Spearman@80: 0.5381 | Kendall@80: 0.3748
Epoch 59/150 | Train Loss: 0.0213 | Epoch Time: 0.42s | Spearman@80: 0.5210 | Kendall@80: 0.3602
Epoch 60/150 | Train Loss: 0.0213 | Epoch Time: 0.43s | Spearman@80: 0.5235 | Kendall@80: 0.3634
Epoch 61/150 | Train Loss: 0.0196 | Epoch Time: 0.42s | Spearman@80: 0.5378 | Kendall@80: 0.3722
Epoch 62/150 | Train Loss: 0.0252 | Epoch Time: 0.42s | Spearman@80: 0.5201 | Kendall@80: 0.3539
Epoch 63/150 | Train Loss: 0.0216 | Epoch Time: 0.42s | Spearman@80: 0.4972 | Kendall@80: 0.3539
Epoch 64/150 | Train Loss: 0.0189 | Epoch Time: 0.42s | Spearman@80: 0.5302 | Kendall@80: 0.3703
Epoch 65/150 | Train Loss: 0.0166 | Epoch Time: 0.42s | Spearman@80: 0.5302 | Kendall@80: 0.3722
Epoch 66/150 | Train Loss: 0.0247 | Epoch Time: 0.42s | Spearman@80: 0.5499 | Kendall@80: 0.3900
Epoch 67/150 | Train Loss: 0.0227 | Epoch Time: 0.42s | Spearman@80: 0.5617 | Kendall@80: 0.3957
Epoch 68/150 | Train Loss: 0.0263 | Epoch Time: 0.42s | Spearman@80: 0.5284 | Kendall@80: 0.3703
Epoch 69/150 | Train Loss: 0.0350 | Epoch Time: 0.42s | Spearman@80: 0.5638 | Kendall@80: 0.3976
Epoch 70/150 | Train Loss: 0.0202 | Epoch Time: 0.42s | Spearman@80: 0.5307 | Kendall@80: 0.3741
Epoch 71/150 | Train Loss: 0.0225 | Epoch Time: 0.42s | Spearman@80: 0.5460 | Kendall@80: 0.3932
Epoch 72/150 | Train Loss: 0.0210 | Epoch Time: 0.42s | Spearman@80: 0.5146 | Kendall@80: 0.3589
Epoch 73/150 | Train Loss: 0.0223 | Epoch Time: 0.42s | Spearman@80: 0.5460 | Kendall@80: 0.3900
Epoch 74/150 | Train Loss: 0.0200 | Epoch Time: 0.42s | Spearman@80: 0.5285 | Kendall@80: 0.3735
Epoch 75/150 | Train Loss: 0.0177 | Epoch Time: 0.42s | Spearman@80: 0.4866 | Kendall@80: 0.3323
Epoch 76/150 | Train Loss: 0.0228 | Epoch Time: 0.42s | Spearman@80: 0.5511 | Kendall@80: 0.3849
Epoch 77/150 | Train Loss: 0.0212 | Epoch Time: 0.42s | Spearman@80: 0.5484 | Kendall@80: 0.3830
Epoch 78/150 | Train Loss: 0.0187 | Epoch Time: 0.42s | Spearman@80: 0.5425 | Kendall@80: 0.3786
Epoch 79/150 | Train Loss: 0.0154 | Epoch Time: 0.42s | Spearman@80: 0.4795 | Kendall@80: 0.3323
Epoch 80/150 | Train Loss: 0.0182 | Epoch Time: 0.42s | Spearman@80: 0.4649 | Kendall@80: 0.3197
Epoch 81/150 | Train Loss: 0.0156 | Epoch Time: 0.43s | Spearman@80: 0.5067 | Kendall@80: 0.3494
Epoch 82/150 | Train Loss: 0.0199 | Epoch Time: 0.42s | Spearman@80: 0.5141 | Kendall@80: 0.3589
Epoch 83/150 | Train Loss: 0.0147 | Epoch Time: 0.43s | Spearman@80: 0.4852 | Kendall@80: 0.3475
Epoch 84/150 | Train Loss: 0.0177 | Epoch Time: 0.42s | Spearman@80: 0.5532 | Kendall@80: 0.3900
Epoch 85/150 | Train Loss: 0.0175 | Epoch Time: 0.42s | Spearman@80: 0.5422 | Kendall@80: 0.3824
Epoch 86/150 | Train Loss: 0.0173 | Epoch Time: 0.41s | Spearman@80: 0.4990 | Kendall@80: 0.3532
Epoch 87/150 | Train Loss: 0.0127 | Epoch Time: 0.42s | Spearman@80: 0.4774 | Kendall@80: 0.3336
Epoch 88/150 | Train Loss: 0.0120 | Epoch Time: 0.42s | Spearman@80: 0.5219 | Kendall@80: 0.3678
Epoch 89/150 | Train Loss: 0.0193 | Epoch Time: 0.42s | Spearman@80: 0.5468 | Kendall@80: 0.3887
Epoch 90/150 | Train Loss: 0.0089 | Epoch Time: 0.42s | Spearman@80: 0.5368 | Kendall@80: 0.3760
Epoch 91/150 | Train Loss: 0.0134 | Epoch Time: 0.42s | Spearman@80: 0.5470 | Kendall@80: 0.3881
Epoch 92/150 | Train Loss: 0.0198 | Epoch Time: 0.42s | Spearman@80: 0.5391 | Kendall@80: 0.3868
Epoch 93/150 | Train Loss: 0.0173 | Epoch Time: 0.42s | Spearman@80: 0.5326 | Kendall@80: 0.3697
Epoch 94/150 | Train Loss: 0.0132 | Epoch Time: 0.43s | Spearman@80: 0.5363 | Kendall@80: 0.3735
Epoch 95/150 | Train Loss: 0.0101 | Epoch Time: 0.42s | Spearman@80: 0.5396 | Kendall@80: 0.3760
Epoch 96/150 | Train Loss: 0.0194 | Epoch Time: 0.43s | Spearman@80: 0.5324 | Kendall@80: 0.3767
Epoch 97/150 | Train Loss: 0.0124 | Epoch Time: 0.41s | Spearman@80: 0.5381 | Kendall@80: 0.3818
Epoch 98/150 | Train Loss: 0.0124 | Epoch Time: 0.42s | Spearman@80: 0.5357 | Kendall@80: 0.3735
Epoch 99/150 | Train Loss: 0.0099 | Epoch Time: 0.42s | Spearman@80: 0.5512 | Kendall@80: 0.3894
Epoch 100/150 | Train Loss: 0.0141 | Epoch Time: 0.42s | Spearman@80: 0.5067 | Kendall@80: 0.3602
Epoch 101/150 | Train Loss: 0.0129 | Epoch Time: 0.42s | Spearman@80: 0.5297 | Kendall@80: 0.3697
Epoch 102/150 | Train Loss: 0.0187 | Epoch Time: 0.43s | Spearman@80: 0.5231 | Kendall@80: 0.3741
Epoch 103/150 | Train Loss: 0.0131 | Epoch Time: 0.42s | Spearman@80: 0.5012 | Kendall@80: 0.3615
Epoch 104/150 | Train Loss: 0.0143 | Epoch Time: 0.42s | Spearman@80: 0.5431 | Kendall@80: 0.3856
Epoch 105/150 | Train Loss: 0.0138 | Epoch Time: 0.41s | Spearman@80: 0.5292 | Kendall@80: 0.3735
Epoch 106/150 | Train Loss: 0.0118 | Epoch Time: 0.42s | Spearman@80: 0.5190 | Kendall@80: 0.3627
Epoch 107/150 | Train Loss: 0.0089 | Epoch Time: 0.42s | Spearman@80: 0.5287 | Kendall@80: 0.3748
Epoch 108/150 | Train Loss: 0.0146 | Epoch Time: 0.43s | Spearman@80: 0.5268 | Kendall@80: 0.3760
Epoch 109/150 | Train Loss: 0.0098 | Epoch Time: 0.42s | Spearman@80: 0.5257 | Kendall@80: 0.3710
Epoch 110/150 | Train Loss: 0.0080 | Epoch Time: 0.41s | Spearman@80: 0.5228 | Kendall@80: 0.3710
Epoch 111/150 | Train Loss: 0.0164 | Epoch Time: 0.42s | Spearman@80: 0.5273 | Kendall@80: 0.3735
Epoch 112/150 | Train Loss: 0.0076 | Epoch Time: 0.42s | Spearman@80: 0.5103 | Kendall@80: 0.3570
Epoch 113/150 | Train Loss: 0.0083 | Epoch Time: 0.42s | Spearman@80: 0.5009 | Kendall@80: 0.3488
Epoch 114/150 | Train Loss: 0.0064 | Epoch Time: 0.42s | Spearman@80: 0.4768 | Kendall@80: 0.3311
Epoch 115/150 | Train Loss: 0.0073 | Epoch Time: 0.43s | Spearman@80: 0.4838 | Kendall@80: 0.3368
Epoch 116/150 | Train Loss: 0.0128 | Epoch Time: 0.42s | Spearman@80: 0.4844 | Kendall@80: 0.3368
Epoch 117/150 | Train Loss: 0.0100 | Epoch Time: 0.42s | Spearman@80: 0.5067 | Kendall@80: 0.3577
Epoch 118/150 | Train Loss: 0.0138 | Epoch Time: 0.42s | Spearman@80: 0.5125 | Kendall@80: 0.3608
Epoch 119/150 | Train Loss: 0.0067 | Epoch Time: 0.42s | Spearman@80: 0.5213 | Kendall@80: 0.3716
Epoch 120/150 | Train Loss: 0.0122 | Epoch Time: 0.42s | Spearman@80: 0.5071 | Kendall@80: 0.3596
Epoch 121/150 | Train Loss: 0.0098 | Epoch Time: 0.42s | Spearman@80: 0.5184 | Kendall@80: 0.3684
Epoch 122/150 | Train Loss: 0.0103 | Epoch Time: 0.42s | Spearman@80: 0.5199 | Kendall@80: 0.3691
Epoch 123/150 | Train Loss: 0.0103 | Epoch Time: 0.43s | Spearman@80: 0.5114 | Kendall@80: 0.3653
Epoch 124/150 | Train Loss: 0.0082 | Epoch Time: 0.42s | Spearman@80: 0.4976 | Kendall@80: 0.3551
Epoch 125/150 | Train Loss: 0.0083 | Epoch Time: 0.42s | Spearman@80: 0.4931 | Kendall@80: 0.3494
Epoch 126/150 | Train Loss: 0.0121 | Epoch Time: 0.42s | Spearman@80: 0.5028 | Kendall@80: 0.3532
Epoch 127/150 | Train Loss: 0.0076 | Epoch Time: 0.42s | Spearman@80: 0.4962 | Kendall@80: 0.3475
Epoch 128/150 | Train Loss: 0.0120 | Epoch Time: 0.42s | Spearman@80: 0.5096 | Kendall@80: 0.3545
Epoch 129/150 | Train Loss: 0.0079 | Epoch Time: 0.42s | Spearman@80: 0.5063 | Kendall@80: 0.3558
Epoch 130/150 | Train Loss: 0.0084 | Epoch Time: 0.42s | Spearman@80: 0.5118 | Kendall@80: 0.3615
Epoch 131/150 | Train Loss: 0.0126 | Epoch Time: 0.42s | Spearman@80: 0.5091 | Kendall@80: 0.3589
Epoch 132/150 | Train Loss: 0.0084 | Epoch Time: 0.41s | Spearman@80: 0.5075 | Kendall@80: 0.3589
Epoch 133/150 | Train Loss: 0.0091 | Epoch Time: 0.42s | Spearman@80: 0.4991 | Kendall@80: 0.3539
Epoch 134/150 | Train Loss: 0.0070 | Epoch Time: 0.42s | Spearman@80: 0.5039 | Kendall@80: 0.3558
Epoch 135/150 | Train Loss: 0.0096 | Epoch Time: 0.42s | Spearman@80: 0.4981 | Kendall@80: 0.3513
Epoch 136/150 | Train Loss: 0.0054 | Epoch Time: 0.42s | Spearman@80: 0.5003 | Kendall@80: 0.3507
Epoch 137/150 | Train Loss: 0.0076 | Epoch Time: 0.42s | Spearman@80: 0.5042 | Kendall@80: 0.3551
Epoch 138/150 | Train Loss: 0.0064 | Epoch Time: 0.42s | Spearman@80: 0.5042 | Kendall@80: 0.3570
Epoch 139/150 | Train Loss: 0.0085 | Epoch Time: 0.42s | Spearman@80: 0.5016 | Kendall@80: 0.3539
Epoch 140/150 | Train Loss: 0.0054 | Epoch Time: 0.42s | Spearman@80: 0.4995 | Kendall@80: 0.3526
Epoch 141/150 | Train Loss: 0.0082 | Epoch Time: 0.42s | Spearman@80: 0.5000 | Kendall@80: 0.3507
Epoch 142/150 | Train Loss: 0.0092 | Epoch Time: 0.42s | Spearman@80: 0.5006 | Kendall@80: 0.3488
Epoch 143/150 | Train Loss: 0.0098 | Epoch Time: 0.42s | Spearman@80: 0.5013 | Kendall@80: 0.3520
Epoch 144/150 | Train Loss: 0.0086 | Epoch Time: 0.42s | Spearman@80: 0.4952 | Kendall@80: 0.3494
Epoch 145/150 | Train Loss: 0.0079 | Epoch Time: 0.42s | Spearman@80: 0.4980 | Kendall@80: 0.3507
Epoch 146/150 | Train Loss: 0.0066 | Epoch Time: 0.42s | Spearman@80: 0.4969 | Kendall@80: 0.3475
Epoch 147/150 | Train Loss: 0.0071 | Epoch Time: 1.25s | Spearman@4934: 0.5447 | Kendall@4934: 0.3817
Epoch 148/150 | Train Loss: 0.0079 | Epoch Time: 1.24s | Spearman@4934: 0.5440 | Kendall@4934: 0.3810
Epoch 149/150 | Train Loss: 0.0105 | Epoch Time: 1.24s | Spearman@4934: 0.5439 | Kendall@4934: 0.3809
Epoch 150/150 | Train Loss: 0.0106 | Epoch Time: 1.24s | Spearman@4934: 0.5447 | Kendall@4934: 0.3816
Sample Count: 64, Spearman: 0.544330209390832, Kendall: 0.3813167855484847
{64: (0.544330209390832, 0.3813167855484847),
 128: (0.5414623836370993, 0.3785756466656364)}
Epoch 1/150 | Train Loss: 0.0985 | Epoch Time: 0.82s | Spearman@80: 0.5809 | Kendall@80: 0.4013
Epoch 2/150 | Train Loss: 0.0881 | Epoch Time: 0.80s | Spearman@80: 0.5976 | Kendall@80: 0.4101
Epoch 3/150 | Train Loss: 0.0694 | Epoch Time: 0.83s | Spearman@80: 0.5636 | Kendall@80: 0.3994
Epoch 4/150 | Train Loss: 0.0654 | Epoch Time: 0.83s | Spearman@80: 0.6507 | Kendall@80: 0.4545
Epoch 5/150 | Train Loss: 0.0694 | Epoch Time: 0.81s | Spearman@80: 0.6083 | Kendall@80: 0.4298
Epoch 6/150 | Train Loss: 0.0638 | Epoch Time: 0.82s | Spearman@80: 0.6364 | Kendall@80: 0.4462
Epoch 7/150 | Train Loss: 0.0619 | Epoch Time: 0.81s | Spearman@80: 0.6356 | Kendall@80: 0.4481
Epoch 8/150 | Train Loss: 0.0571 | Epoch Time: 0.82s | Spearman@80: 0.6665 | Kendall@80: 0.4754
Epoch 9/150 | Train Loss: 0.0660 | Epoch Time: 0.82s | Spearman@80: 0.6563 | Kendall@80: 0.4684
Epoch 10/150 | Train Loss: 0.0613 | Epoch Time: 0.82s | Spearman@80: 0.6276 | Kendall@80: 0.4450
Epoch 11/150 | Train Loss: 0.0633 | Epoch Time: 0.82s | Spearman@80: 0.6555 | Kendall@80: 0.4709
Epoch 12/150 | Train Loss: 0.0599 | Epoch Time: 0.83s | Spearman@80: 0.6735 | Kendall@80: 0.4887
Epoch 13/150 | Train Loss: 0.0580 | Epoch Time: 0.82s | Spearman@80: 0.6688 | Kendall@80: 0.4836
Epoch 14/150 | Train Loss: 0.0670 | Epoch Time: 0.82s | Spearman@80: 0.6097 | Kendall@80: 0.4336
Epoch 15/150 | Train Loss: 0.0538 | Epoch Time: 0.81s | Spearman@80: 0.6700 | Kendall@80: 0.4798
Epoch 16/150 | Train Loss: 0.0621 | Epoch Time: 0.83s | Spearman@80: 0.6776 | Kendall@80: 0.4849
Epoch 17/150 | Train Loss: 0.0571 | Epoch Time: 0.82s | Spearman@80: 0.6657 | Kendall@80: 0.4728
Epoch 18/150 | Train Loss: 0.0527 | Epoch Time: 0.82s | Spearman@80: 0.6967 | Kendall@80: 0.5115
Epoch 19/150 | Train Loss: 0.0507 | Epoch Time: 0.82s | Spearman@80: 0.6933 | Kendall@80: 0.5127
Epoch 20/150 | Train Loss: 0.0538 | Epoch Time: 0.83s | Spearman@80: 0.6980 | Kendall@80: 0.5077
Epoch 21/150 | Train Loss: 0.0527 | Epoch Time: 0.83s | Spearman@80: 0.6651 | Kendall@80: 0.4817
Epoch 22/150 | Train Loss: 0.0495 | Epoch Time: 0.81s | Spearman@80: 0.6379 | Kendall@80: 0.4526
Epoch 23/150 | Train Loss: 0.0552 | Epoch Time: 0.83s | Spearman@80: 0.5963 | Kendall@80: 0.4355
Epoch 24/150 | Train Loss: 0.0459 | Epoch Time: 0.82s | Spearman@80: 0.6647 | Kendall@80: 0.4817
Epoch 25/150 | Train Loss: 0.0507 | Epoch Time: 0.83s | Spearman@80: 0.6638 | Kendall@80: 0.4735
Epoch 26/150 | Train Loss: 0.0511 | Epoch Time: 0.82s | Spearman@80: 0.6174 | Kendall@80: 0.4431
Epoch 27/150 | Train Loss: 0.0469 | Epoch Time: 0.83s | Spearman@80: 0.5424 | Kendall@80: 0.3854
Epoch 28/150 | Train Loss: 0.0494 | Epoch Time: 0.82s | Spearman@80: 0.4941 | Kendall@80: 0.3455
Epoch 29/150 | Train Loss: 0.0477 | Epoch Time: 0.83s | Spearman@80: 0.6235 | Kendall@80: 0.4488
Epoch 30/150 | Train Loss: 0.0485 | Epoch Time: 0.81s | Spearman@80: 0.6424 | Kendall@80: 0.4652
Epoch 31/150 | Train Loss: 0.0456 | Epoch Time: 0.82s | Spearman@80: 0.6008 | Kendall@80: 0.4285
Epoch 32/150 | Train Loss: 0.0439 | Epoch Time: 0.82s | Spearman@80: 0.6368 | Kendall@80: 0.4595
Epoch 33/150 | Train Loss: 0.0379 | Epoch Time: 0.82s | Spearman@80: 0.5957 | Kendall@80: 0.4329
Epoch 34/150 | Train Loss: 0.0446 | Epoch Time: 0.82s | Spearman@80: 0.5861 | Kendall@80: 0.4196
Epoch 35/150 | Train Loss: 0.0418 | Epoch Time: 0.80s | Spearman@80: 0.5382 | Kendall@80: 0.3816
Epoch 36/150 | Train Loss: 0.0381 | Epoch Time: 0.81s | Spearman@80: 0.6398 | Kendall@80: 0.4589
Epoch 37/150 | Train Loss: 0.0411 | Epoch Time: 0.82s | Spearman@80: 0.6176 | Kendall@80: 0.4450
Epoch 38/150 | Train Loss: 0.0347 | Epoch Time: 0.82s | Spearman@80: 0.5583 | Kendall@80: 0.4025
Epoch 39/150 | Train Loss: 0.0336 | Epoch Time: 0.82s | Spearman@80: 0.6807 | Kendall@80: 0.4912
Epoch 40/150 | Train Loss: 0.0366 | Epoch Time: 0.82s | Spearman@80: 0.6876 | Kendall@80: 0.4994
Epoch 41/150 | Train Loss: 0.0451 | Epoch Time: 0.83s | Spearman@80: 0.5047 | Kendall@80: 0.3626
Epoch 42/150 | Train Loss: 0.0387 | Epoch Time: 0.81s | Spearman@80: 0.6505 | Kendall@80: 0.4703
Epoch 43/150 | Train Loss: 0.0341 | Epoch Time: 0.81s | Spearman@80: 0.6769 | Kendall@80: 0.4956
Epoch 44/150 | Train Loss: 0.0391 | Epoch Time: 0.83s | Spearman@80: 0.6142 | Kendall@80: 0.4456
Epoch 45/150 | Train Loss: 0.0297 | Epoch Time: 0.82s | Spearman@80: 0.6646 | Kendall@80: 0.4868
Epoch 46/150 | Train Loss: 0.0328 | Epoch Time: 0.81s | Spearman@80: 0.6478 | Kendall@80: 0.4621
Epoch 47/150 | Train Loss: 0.0339 | Epoch Time: 0.80s | Spearman@80: 0.6512 | Kendall@80: 0.4652
Epoch 48/150 | Train Loss: 0.0376 | Epoch Time: 0.83s | Spearman@80: 0.6751 | Kendall@80: 0.4823
Epoch 49/150 | Train Loss: 0.0321 | Epoch Time: 0.83s | Spearman@80: 0.6793 | Kendall@80: 0.4880
Epoch 50/150 | Train Loss: 0.0314 | Epoch Time: 0.83s | Spearman@80: 0.6291 | Kendall@80: 0.4589
Epoch 51/150 | Train Loss: 0.0310 | Epoch Time: 0.83s | Spearman@80: 0.5823 | Kendall@80: 0.4215
Epoch 52/150 | Train Loss: 0.0270 | Epoch Time: 0.82s | Spearman@80: 0.6738 | Kendall@80: 0.4855
Epoch 53/150 | Train Loss: 0.0205 | Epoch Time: 0.82s | Spearman@80: 0.6914 | Kendall@80: 0.5026
Epoch 54/150 | Train Loss: 0.0294 | Epoch Time: 0.82s | Spearman@80: 0.6488 | Kendall@80: 0.4602
Epoch 55/150 | Train Loss: 0.0330 | Epoch Time: 0.82s | Spearman@80: 0.6640 | Kendall@80: 0.4779
Epoch 56/150 | Train Loss: 0.0288 | Epoch Time: 0.82s | Spearman@80: 0.6522 | Kendall@80: 0.4671
Epoch 57/150 | Train Loss: 0.0214 | Epoch Time: 0.82s | Spearman@80: 0.6489 | Kendall@80: 0.4633
Epoch 58/150 | Train Loss: 0.0258 | Epoch Time: 0.82s | Spearman@80: 0.6142 | Kendall@80: 0.4399
Epoch 59/150 | Train Loss: 0.0279 | Epoch Time: 0.82s | Spearman@80: 0.6780 | Kendall@80: 0.4861
Epoch 60/150 | Train Loss: 0.0358 | Epoch Time: 0.81s | Spearman@80: 0.6508 | Kendall@80: 0.4652
Epoch 61/150 | Train Loss: 0.0269 | Epoch Time: 0.82s | Spearman@80: 0.6311 | Kendall@80: 0.4608
Epoch 62/150 | Train Loss: 0.0371 | Epoch Time: 0.82s | Spearman@80: 0.6667 | Kendall@80: 0.4766
Epoch 63/150 | Train Loss: 0.0306 | Epoch Time: 0.82s | Spearman@80: 0.6960 | Kendall@80: 0.4982
Epoch 64/150 | Train Loss: 0.0256 | Epoch Time: 0.82s | Spearman@80: 0.6046 | Kendall@80: 0.4241
Epoch 65/150 | Train Loss: 0.0268 | Epoch Time: 0.80s | Spearman@80: 0.6276 | Kendall@80: 0.4443
Epoch 66/150 | Train Loss: 0.0233 | Epoch Time: 0.83s | Spearman@80: 0.6563 | Kendall@80: 0.4697
Epoch 67/150 | Train Loss: 0.0262 | Epoch Time: 0.83s | Spearman@80: 0.6292 | Kendall@80: 0.4545
Epoch 68/150 | Train Loss: 0.0328 | Epoch Time: 0.83s | Spearman@80: 0.6433 | Kendall@80: 0.4652
Epoch 69/150 | Train Loss: 0.0242 | Epoch Time: 0.82s | Spearman@80: 0.6340 | Kendall@80: 0.4583
Epoch 70/150 | Train Loss: 0.0294 | Epoch Time: 0.82s | Spearman@80: 0.7089 | Kendall@80: 0.5102
Epoch 71/150 | Train Loss: 0.0268 | Epoch Time: 0.83s | Spearman@80: 0.6632 | Kendall@80: 0.4792
Epoch 72/150 | Train Loss: 0.0205 | Epoch Time: 0.83s | Spearman@80: 0.6517 | Kendall@80: 0.4665
Epoch 73/150 | Train Loss: 0.0216 | Epoch Time: 0.81s | Spearman@80: 0.6077 | Kendall@80: 0.4355
Epoch 74/150 | Train Loss: 0.0221 | Epoch Time: 0.83s | Spearman@80: 0.6312 | Kendall@80: 0.4456
Epoch 75/150 | Train Loss: 0.0233 | Epoch Time: 0.82s | Spearman@80: 0.6091 | Kendall@80: 0.4412
Epoch 76/150 | Train Loss: 0.0190 | Epoch Time: 0.82s | Spearman@80: 0.6735 | Kendall@80: 0.4849
Epoch 77/150 | Train Loss: 0.0217 | Epoch Time: 0.81s | Spearman@80: 0.6251 | Kendall@80: 0.4488
Epoch 78/150 | Train Loss: 0.0213 | Epoch Time: 0.81s | Spearman@80: 0.6649 | Kendall@80: 0.4773
Epoch 79/150 | Train Loss: 0.0180 | Epoch Time: 0.80s | Spearman@80: 0.6141 | Kendall@80: 0.4355
Epoch 80/150 | Train Loss: 0.0203 | Epoch Time: 0.82s | Spearman@80: 0.6536 | Kendall@80: 0.4709
Epoch 81/150 | Train Loss: 0.0223 | Epoch Time: 0.82s | Spearman@80: 0.6685 | Kendall@80: 0.4956
Epoch 82/150 | Train Loss: 0.0206 | Epoch Time: 0.81s | Spearman@80: 0.6951 | Kendall@80: 0.5026
Epoch 83/150 | Train Loss: 0.0193 | Epoch Time: 0.83s | Spearman@80: 0.6722 | Kendall@80: 0.4817
Epoch 84/150 | Train Loss: 0.0253 | Epoch Time: 0.83s | Spearman@80: 0.6809 | Kendall@80: 0.4963
Epoch 85/150 | Train Loss: 0.0184 | Epoch Time: 0.82s | Spearman@80: 0.6715 | Kendall@80: 0.4868
Epoch 86/150 | Train Loss: 0.0171 | Epoch Time: 0.83s | Spearman@80: 0.6973 | Kendall@80: 0.5020
Epoch 87/150 | Train Loss: 0.0194 | Epoch Time: 0.82s | Spearman@80: 0.6899 | Kendall@80: 0.5026
Epoch 88/150 | Train Loss: 0.0198 | Epoch Time: 0.82s | Spearman@80: 0.6630 | Kendall@80: 0.4766
Epoch 89/150 | Train Loss: 0.0164 | Epoch Time: 0.81s | Spearman@80: 0.6886 | Kendall@80: 0.5007
Epoch 90/150 | Train Loss: 0.0177 | Epoch Time: 0.83s | Spearman@80: 0.6600 | Kendall@80: 0.4766
Epoch 91/150 | Train Loss: 0.0178 | Epoch Time: 0.82s | Spearman@80: 0.6599 | Kendall@80: 0.4798
Epoch 92/150 | Train Loss: 0.0158 | Epoch Time: 0.82s | Spearman@80: 0.6518 | Kendall@80: 0.4697
Epoch 93/150 | Train Loss: 0.0166 | Epoch Time: 0.83s | Spearman@80: 0.6722 | Kendall@80: 0.4849
Epoch 94/150 | Train Loss: 0.0229 | Epoch Time: 0.81s | Spearman@80: 0.6857 | Kendall@80: 0.4982
Epoch 95/150 | Train Loss: 0.0175 | Epoch Time: 0.81s | Spearman@80: 0.6409 | Kendall@80: 0.4671
Epoch 96/150 | Train Loss: 0.0172 | Epoch Time: 0.81s | Spearman@80: 0.6799 | Kendall@80: 0.4912
Epoch 97/150 | Train Loss: 0.0152 | Epoch Time: 0.82s | Spearman@80: 0.6796 | Kendall@80: 0.4887
Epoch 98/150 | Train Loss: 0.0180 | Epoch Time: 0.82s | Spearman@80: 0.7090 | Kendall@80: 0.5115
Epoch 99/150 | Train Loss: 0.0188 | Epoch Time: 0.82s | Spearman@80: 0.6805 | Kendall@80: 0.4887
Epoch 100/150 | Train Loss: 0.0166 | Epoch Time: 0.83s | Spearman@80: 0.6718 | Kendall@80: 0.4785
Epoch 101/150 | Train Loss: 0.0159 | Epoch Time: 0.82s | Spearman@80: 0.6618 | Kendall@80: 0.4760
Epoch 102/150 | Train Loss: 0.0169 | Epoch Time: 0.82s | Spearman@80: 0.6748 | Kendall@80: 0.4817
Epoch 103/150 | Train Loss: 0.0155 | Epoch Time: 0.83s | Spearman@80: 0.6878 | Kendall@80: 0.4963
Epoch 104/150 | Train Loss: 0.0143 | Epoch Time: 0.82s | Spearman@80: 0.6678 | Kendall@80: 0.4792
Epoch 105/150 | Train Loss: 0.0147 | Epoch Time: 0.83s | Spearman@80: 0.6805 | Kendall@80: 0.4899
Epoch 106/150 | Train Loss: 0.0127 | Epoch Time: 0.82s | Spearman@80: 0.6827 | Kendall@80: 0.4899
Epoch 107/150 | Train Loss: 0.0159 | Epoch Time: 0.82s | Spearman@80: 0.6765 | Kendall@80: 0.4880
Epoch 108/150 | Train Loss: 0.0184 | Epoch Time: 0.83s | Spearman@80: 0.6442 | Kendall@80: 0.4646
Epoch 109/150 | Train Loss: 0.0145 | Epoch Time: 0.81s | Spearman@80: 0.6648 | Kendall@80: 0.4798
Epoch 110/150 | Train Loss: 0.0121 | Epoch Time: 0.82s | Spearman@80: 0.6758 | Kendall@80: 0.4893
Epoch 111/150 | Train Loss: 0.0107 | Epoch Time: 0.83s | Spearman@80: 0.6694 | Kendall@80: 0.4861
Epoch 112/150 | Train Loss: 0.0095 | Epoch Time: 0.83s | Spearman@80: 0.6746 | Kendall@80: 0.4906
Epoch 113/150 | Train Loss: 0.0139 | Epoch Time: 0.82s | Spearman@80: 0.6787 | Kendall@80: 0.4937
Epoch 114/150 | Train Loss: 0.0104 | Epoch Time: 0.80s | Spearman@80: 0.6668 | Kendall@80: 0.4823
Epoch 115/150 | Train Loss: 0.0153 | Epoch Time: 0.83s | Spearman@80: 0.6659 | Kendall@80: 0.4766
Epoch 116/150 | Train Loss: 0.0133 | Epoch Time: 0.82s | Spearman@80: 0.6659 | Kendall@80: 0.4798
Epoch 117/150 | Train Loss: 0.0121 | Epoch Time: 0.80s | Spearman@80: 0.6606 | Kendall@80: 0.4735
Epoch 118/150 | Train Loss: 0.0124 | Epoch Time: 0.81s | Spearman@80: 0.6780 | Kendall@80: 0.4931
Epoch 119/150 | Train Loss: 0.0149 | Epoch Time: 0.81s | Spearman@80: 0.6575 | Kendall@80: 0.4785
Epoch 120/150 | Train Loss: 0.0120 | Epoch Time: 0.83s | Spearman@80: 0.6930 | Kendall@80: 0.4994
Epoch 121/150 | Train Loss: 0.0116 | Epoch Time: 0.81s | Spearman@80: 0.6864 | Kendall@80: 0.4969
Epoch 122/150 | Train Loss: 0.0148 | Epoch Time: 0.82s | Spearman@80: 0.6783 | Kendall@80: 0.4874
Epoch 123/150 | Train Loss: 0.0105 | Epoch Time: 0.82s | Spearman@80: 0.6797 | Kendall@80: 0.4849
Epoch 124/150 | Train Loss: 0.0087 | Epoch Time: 0.81s | Spearman@80: 0.6688 | Kendall@80: 0.4811
Epoch 125/150 | Train Loss: 0.0134 | Epoch Time: 0.83s | Spearman@80: 0.6761 | Kendall@80: 0.4849
Epoch 126/150 | Train Loss: 0.0091 | Epoch Time: 0.83s | Spearman@80: 0.6652 | Kendall@80: 0.4779
Epoch 127/150 | Train Loss: 0.0130 | Epoch Time: 0.82s | Spearman@80: 0.6630 | Kendall@80: 0.4804
Epoch 128/150 | Train Loss: 0.0109 | Epoch Time: 0.81s | Spearman@80: 0.6636 | Kendall@80: 0.4760
Epoch 129/150 | Train Loss: 0.0086 | Epoch Time: 0.81s | Spearman@80: 0.6925 | Kendall@80: 0.5007
Epoch 130/150 | Train Loss: 0.0123 | Epoch Time: 0.82s | Spearman@80: 0.6824 | Kendall@80: 0.4944
Epoch 131/150 | Train Loss: 0.0107 | Epoch Time: 0.82s | Spearman@80: 0.6693 | Kendall@80: 0.4842
Epoch 132/150 | Train Loss: 0.0118 | Epoch Time: 0.82s | Spearman@80: 0.6718 | Kendall@80: 0.4830
Epoch 133/150 | Train Loss: 0.0103 | Epoch Time: 0.82s | Spearman@80: 0.6740 | Kendall@80: 0.4893
Epoch 134/150 | Train Loss: 0.0129 | Epoch Time: 0.82s | Spearman@80: 0.6659 | Kendall@80: 0.4817
Epoch 135/150 | Train Loss: 0.0108 | Epoch Time: 0.81s | Spearman@80: 0.6836 | Kendall@80: 0.4937
Epoch 136/150 | Train Loss: 0.0093 | Epoch Time: 0.83s | Spearman@80: 0.6800 | Kendall@80: 0.4893
Epoch 137/150 | Train Loss: 0.0111 | Epoch Time: 0.84s | Spearman@80: 0.6645 | Kendall@80: 0.4785
Epoch 138/150 | Train Loss: 0.0140 | Epoch Time: 0.81s | Spearman@80: 0.6646 | Kendall@80: 0.4798
Epoch 139/150 | Train Loss: 0.0087 | Epoch Time: 0.82s | Spearman@80: 0.6761 | Kendall@80: 0.4880
Epoch 140/150 | Train Loss: 0.0100 | Epoch Time: 0.81s | Spearman@80: 0.6708 | Kendall@80: 0.4861
Epoch 141/150 | Train Loss: 0.0121 | Epoch Time: 0.82s | Spearman@80: 0.6704 | Kendall@80: 0.4855
Epoch 142/150 | Train Loss: 0.0069 | Epoch Time: 0.82s | Spearman@80: 0.6706 | Kendall@80: 0.4849
Epoch 143/150 | Train Loss: 0.0105 | Epoch Time: 0.82s | Spearman@80: 0.6716 | Kendall@80: 0.4861
Epoch 144/150 | Train Loss: 0.0091 | Epoch Time: 0.82s | Spearman@80: 0.6777 | Kendall@80: 0.4874
Epoch 145/150 | Train Loss: 0.0102 | Epoch Time: 0.82s | Spearman@80: 0.6759 | Kendall@80: 0.4887
Epoch 146/150 | Train Loss: 0.0070 | Epoch Time: 0.81s | Spearman@80: 0.6847 | Kendall@80: 0.4950
Epoch 147/150 | Train Loss: 0.0109 | Epoch Time: 1.62s | Spearman@4870: 0.6697 | Kendall@4870: 0.4856
Epoch 148/150 | Train Loss: 0.0145 | Epoch Time: 1.63s | Spearman@4870: 0.6711 | Kendall@4870: 0.4868
Epoch 149/150 | Train Loss: 0.0080 | Epoch Time: 1.61s | Spearman@4870: 0.6713 | Kendall@4870: 0.4870
Epoch 150/150 | Train Loss: 0.0167 | Epoch Time: 1.62s | Spearman@4870: 0.6698 | Kendall@4870: 0.4857
Sample Count: 128, Spearman: 0.6704831471504704, Kendall: 0.48626699372921955
{64: (0.544330209390832, 0.3813167855484847),
 128: (0.6704831471504704, 0.48626699372921955)}
Average KDT:  0.29666942838115046
Variance KDT:  0.003597196262922398
Average SPR:  0.4306691307996196
Variance SPR:  0.006484205587656027
Average KDT:  0.4139342886209813
Variance KDT:  0.0026164450450785978
Average SPR:  0.5837980607088706
Variance SPR:  0.0037578279586551896
