normalizing task:  Amoeba.json
normalizing task:  PNAS_fix-w-d.json
normalizing task:  ENAS_fix-w-d.json
normalizing task:  NASNet.json
normalizing task:  DARTS.json
normalizing task:  ENAS.json
normalizing task:  PNAS.json
normalizing task:  DARTS_lr-wd.json
normalizing task:  DARTS_fix-w-d.json
Epoch 1/150 | Train Loss: 0.0991 | Epoch Time: 1.06s | Spearman@80: 0.3500 | Kendall@80: 0.2329
Epoch 2/150 | Train Loss: 0.0901 | Epoch Time: 0.52s | Spearman@80: 0.1842 | Kendall@80: 0.1341
Epoch 3/150 | Train Loss: 0.0776 | Epoch Time: 0.52s | Spearman@80: 0.2953 | Kendall@80: 0.2050
Epoch 4/150 | Train Loss: 0.0763 | Epoch Time: 0.50s | Spearman@80: 0.3302 | Kendall@80: 0.2291
Epoch 5/150 | Train Loss: 0.0615 | Epoch Time: 0.47s | Spearman@80: 0.3548 | Kendall@80: 0.2431
Epoch 6/150 | Train Loss: 0.0695 | Epoch Time: 0.46s | Spearman@80: 0.3661 | Kendall@80: 0.2418
Epoch 7/150 | Train Loss: 0.0639 | Epoch Time: 0.49s | Spearman@80: 0.4067 | Kendall@80: 0.2824
Epoch 8/150 | Train Loss: 0.0627 | Epoch Time: 0.51s | Spearman@80: 0.4043 | Kendall@80: 0.2729
Epoch 9/150 | Train Loss: 0.0637 | Epoch Time: 0.50s | Spearman@80: 0.3995 | Kendall@80: 0.2633
Epoch 10/150 | Train Loss: 0.0528 | Epoch Time: 0.50s | Spearman@80: 0.4516 | Kendall@80: 0.3147
Epoch 11/150 | Train Loss: 0.0486 | Epoch Time: 0.50s | Spearman@80: 0.4428 | Kendall@80: 0.2995
Epoch 12/150 | Train Loss: 0.0591 | Epoch Time: 0.50s | Spearman@80: 0.4615 | Kendall@80: 0.3210
Epoch 13/150 | Train Loss: 0.0530 | Epoch Time: 0.51s | Spearman@80: 0.4519 | Kendall@80: 0.3122
Epoch 14/150 | Train Loss: 0.0515 | Epoch Time: 0.50s | Spearman@80: 0.4556 | Kendall@80: 0.3179
Epoch 15/150 | Train Loss: 0.0612 | Epoch Time: 0.52s | Spearman@80: 0.4571 | Kendall@80: 0.3223
Epoch 16/150 | Train Loss: 0.0478 | Epoch Time: 0.50s | Spearman@80: 0.4410 | Kendall@80: 0.2969
Epoch 17/150 | Train Loss: 0.0483 | Epoch Time: 0.51s | Spearman@80: 0.4141 | Kendall@80: 0.2849
Epoch 18/150 | Train Loss: 0.0458 | Epoch Time: 0.51s | Spearman@80: 0.4854 | Kendall@80: 0.3502
Epoch 19/150 | Train Loss: 0.0439 | Epoch Time: 0.50s | Spearman@80: 0.3864 | Kendall@80: 0.2614
Epoch 20/150 | Train Loss: 0.0459 | Epoch Time: 0.51s | Spearman@80: 0.3858 | Kendall@80: 0.2633
Epoch 21/150 | Train Loss: 0.0471 | Epoch Time: 0.51s | Spearman@80: 0.4539 | Kendall@80: 0.3280
Epoch 22/150 | Train Loss: 0.0493 | Epoch Time: 0.49s | Spearman@80: 0.3350 | Kendall@80: 0.2405
Epoch 23/150 | Train Loss: 0.0502 | Epoch Time: 0.48s | Spearman@80: 0.3425 | Kendall@80: 0.2342
Epoch 24/150 | Train Loss: 0.0484 | Epoch Time: 0.49s | Spearman@80: 0.4388 | Kendall@80: 0.3064
Epoch 25/150 | Train Loss: 0.0486 | Epoch Time: 0.51s | Spearman@80: 0.4258 | Kendall@80: 0.3090
Epoch 26/150 | Train Loss: 0.0428 | Epoch Time: 0.52s | Spearman@80: 0.4403 | Kendall@80: 0.3058
Epoch 27/150 | Train Loss: 0.0407 | Epoch Time: 0.51s | Spearman@80: 0.4347 | Kendall@80: 0.3090
Epoch 28/150 | Train Loss: 0.0410 | Epoch Time: 0.49s | Spearman@80: 0.4041 | Kendall@80: 0.2938
Epoch 29/150 | Train Loss: 0.0420 | Epoch Time: 0.48s | Spearman@80: 0.4443 | Kendall@80: 0.3109
Epoch 30/150 | Train Loss: 0.0448 | Epoch Time: 0.51s | Spearman@80: 0.4322 | Kendall@80: 0.3001
Epoch 31/150 | Train Loss: 0.0437 | Epoch Time: 0.50s | Spearman@80: 0.4418 | Kendall@80: 0.2988
Epoch 32/150 | Train Loss: 0.0480 | Epoch Time: 0.48s | Spearman@80: 0.5151 | Kendall@80: 0.3673
Epoch 33/150 | Train Loss: 0.0528 | Epoch Time: 0.51s | Spearman@80: 0.3614 | Kendall@80: 0.2538
Epoch 34/150 | Train Loss: 0.0319 | Epoch Time: 0.50s | Spearman@80: 0.3618 | Kendall@80: 0.2494
Epoch 35/150 | Train Loss: 0.0293 | Epoch Time: 0.49s | Spearman@80: 0.3718 | Kendall@80: 0.2570
Epoch 36/150 | Train Loss: 0.0449 | Epoch Time: 0.49s | Spearman@80: 0.3087 | Kendall@80: 0.2107
Epoch 37/150 | Train Loss: 0.0401 | Epoch Time: 0.50s | Spearman@80: 0.4145 | Kendall@80: 0.2919
Epoch 38/150 | Train Loss: 0.0307 | Epoch Time: 0.50s | Spearman@80: 0.4168 | Kendall@80: 0.2912
Epoch 39/150 | Train Loss: 0.0368 | Epoch Time: 0.49s | Spearman@80: 0.4178 | Kendall@80: 0.2912
Epoch 40/150 | Train Loss: 0.0332 | Epoch Time: 0.50s | Spearman@80: 0.3963 | Kendall@80: 0.2760
Epoch 41/150 | Train Loss: 0.0303 | Epoch Time: 0.50s | Spearman@80: 0.4406 | Kendall@80: 0.3071
Epoch 42/150 | Train Loss: 0.0371 | Epoch Time: 0.51s | Spearman@80: 0.3799 | Kendall@80: 0.2608
Epoch 43/150 | Train Loss: 0.0282 | Epoch Time: 0.48s | Spearman@80: 0.4278 | Kendall@80: 0.2988
Epoch 44/150 | Train Loss: 0.0327 | Epoch Time: 0.49s | Spearman@80: 0.4054 | Kendall@80: 0.2874
Epoch 45/150 | Train Loss: 0.0311 | Epoch Time: 0.48s | Spearman@80: 0.3644 | Kendall@80: 0.2500
Epoch 46/150 | Train Loss: 0.0253 | Epoch Time: 0.49s | Spearman@80: 0.4603 | Kendall@80: 0.3179
Epoch 47/150 | Train Loss: 0.0300 | Epoch Time: 0.50s | Spearman@80: 0.3466 | Kendall@80: 0.2367
Epoch 48/150 | Train Loss: 0.0232 | Epoch Time: 0.50s | Spearman@80: 0.4396 | Kendall@80: 0.3122
Epoch 49/150 | Train Loss: 0.0369 | Epoch Time: 0.51s | Spearman@80: 0.2920 | Kendall@80: 0.1924
Epoch 50/150 | Train Loss: 0.0258 | Epoch Time: 0.51s | Spearman@80: 0.4747 | Kendall@80: 0.3470
Epoch 51/150 | Train Loss: 0.0309 | Epoch Time: 0.50s | Spearman@80: 0.4060 | Kendall@80: 0.2900
Epoch 52/150 | Train Loss: 0.0293 | Epoch Time: 0.51s | Spearman@80: 0.4004 | Kendall@80: 0.2849
Epoch 53/150 | Train Loss: 0.0300 | Epoch Time: 0.49s | Spearman@80: 0.3986 | Kendall@80: 0.2786
Epoch 54/150 | Train Loss: 0.0280 | Epoch Time: 0.50s | Spearman@80: 0.3646 | Kendall@80: 0.2583
Epoch 55/150 | Train Loss: 0.0292 | Epoch Time: 0.51s | Spearman@80: 0.5062 | Kendall@80: 0.3597
Epoch 56/150 | Train Loss: 0.0278 | Epoch Time: 0.50s | Spearman@80: 0.4192 | Kendall@80: 0.2893
Epoch 57/150 | Train Loss: 0.0235 | Epoch Time: 0.49s | Spearman@80: 0.4220 | Kendall@80: 0.2931
Epoch 58/150 | Train Loss: 0.0261 | Epoch Time: 0.49s | Spearman@80: 0.4391 | Kendall@80: 0.3122
Epoch 59/150 | Train Loss: 0.0249 | Epoch Time: 0.50s | Spearman@80: 0.4289 | Kendall@80: 0.3084
Epoch 60/150 | Train Loss: 0.0298 | Epoch Time: 0.50s | Spearman@80: 0.4059 | Kendall@80: 0.2874
Epoch 61/150 | Train Loss: 0.0242 | Epoch Time: 0.50s | Spearman@80: 0.4467 | Kendall@80: 0.3160
Epoch 62/150 | Train Loss: 0.0256 | Epoch Time: 0.50s | Spearman@80: 0.4238 | Kendall@80: 0.3033
Epoch 63/150 | Train Loss: 0.0239 | Epoch Time: 0.49s | Spearman@80: 0.4132 | Kendall@80: 0.2957
Epoch 64/150 | Train Loss: 0.0239 | Epoch Time: 0.50s | Spearman@80: 0.4528 | Kendall@80: 0.3267
Epoch 65/150 | Train Loss: 0.0169 | Epoch Time: 0.51s | Spearman@80: 0.4332 | Kendall@80: 0.3001
Epoch 66/150 | Train Loss: 0.0253 | Epoch Time: 0.50s | Spearman@80: 0.3745 | Kendall@80: 0.2545
Epoch 67/150 | Train Loss: 0.0290 | Epoch Time: 0.50s | Spearman@80: 0.3088 | Kendall@80: 0.2158
Epoch 68/150 | Train Loss: 0.0336 | Epoch Time: 0.49s | Spearman@80: 0.3842 | Kendall@80: 0.2691
Epoch 69/150 | Train Loss: 0.0339 | Epoch Time: 0.50s | Spearman@80: 0.4201 | Kendall@80: 0.2995
Epoch 70/150 | Train Loss: 0.0242 | Epoch Time: 0.50s | Spearman@80: 0.4552 | Kendall@80: 0.3286
Epoch 71/150 | Train Loss: 0.0272 | Epoch Time: 0.50s | Spearman@80: 0.3771 | Kendall@80: 0.2602
Epoch 72/150 | Train Loss: 0.0185 | Epoch Time: 0.51s | Spearman@80: 0.3733 | Kendall@80: 0.2545
Epoch 73/150 | Train Loss: 0.0201 | Epoch Time: 0.51s | Spearman@80: 0.3994 | Kendall@80: 0.2779
Epoch 74/150 | Train Loss: 0.0146 | Epoch Time: 0.49s | Spearman@80: 0.4156 | Kendall@80: 0.2925
Epoch 75/150 | Train Loss: 0.0162 | Epoch Time: 0.50s | Spearman@80: 0.4295 | Kendall@80: 0.3001
Epoch 76/150 | Train Loss: 0.0311 | Epoch Time: 0.50s | Spearman@80: 0.3681 | Kendall@80: 0.2602
Epoch 77/150 | Train Loss: 0.0215 | Epoch Time: 0.50s | Spearman@80: 0.4579 | Kendall@80: 0.3267
Epoch 78/150 | Train Loss: 0.0242 | Epoch Time: 0.50s | Spearman@80: 0.4616 | Kendall@80: 0.3343
Epoch 79/150 | Train Loss: 0.0184 | Epoch Time: 0.51s | Spearman@80: 0.4079 | Kendall@80: 0.2855
Epoch 80/150 | Train Loss: 0.0191 | Epoch Time: 0.49s | Spearman@80: 0.4407 | Kendall@80: 0.3064
Epoch 81/150 | Train Loss: 0.0234 | Epoch Time: 0.50s | Spearman@80: 0.4510 | Kendall@80: 0.3090
Epoch 82/150 | Train Loss: 0.0204 | Epoch Time: 0.49s | Spearman@80: 0.4265 | Kendall@80: 0.2938
Epoch 83/150 | Train Loss: 0.0188 | Epoch Time: 0.50s | Spearman@80: 0.4022 | Kendall@80: 0.2779
Epoch 84/150 | Train Loss: 0.0230 | Epoch Time: 0.50s | Spearman@80: 0.3684 | Kendall@80: 0.2526
Epoch 85/150 | Train Loss: 0.0208 | Epoch Time: 0.50s | Spearman@80: 0.3756 | Kendall@80: 0.2583
Epoch 86/150 | Train Loss: 0.0210 | Epoch Time: 0.50s | Spearman@80: 0.4224 | Kendall@80: 0.2919
Epoch 87/150 | Train Loss: 0.0215 | Epoch Time: 0.49s | Spearman@80: 0.3844 | Kendall@80: 0.2646
Epoch 88/150 | Train Loss: 0.0189 | Epoch Time: 0.50s | Spearman@80: 0.4004 | Kendall@80: 0.2754
Epoch 89/150 | Train Loss: 0.0263 | Epoch Time: 0.50s | Spearman@80: 0.4142 | Kendall@80: 0.2843
Epoch 90/150 | Train Loss: 0.0173 | Epoch Time: 0.51s | Spearman@80: 0.4170 | Kendall@80: 0.2868
Epoch 91/150 | Train Loss: 0.0239 | Epoch Time: 0.51s | Spearman@80: 0.3963 | Kendall@80: 0.2703
Epoch 92/150 | Train Loss: 0.0167 | Epoch Time: 0.50s | Spearman@80: 0.3925 | Kendall@80: 0.2665
Epoch 93/150 | Train Loss: 0.0129 | Epoch Time: 0.50s | Spearman@80: 0.3995 | Kendall@80: 0.2735
Epoch 94/150 | Train Loss: 0.0196 | Epoch Time: 0.50s | Spearman@80: 0.4277 | Kendall@80: 0.2912
Epoch 95/150 | Train Loss: 0.0161 | Epoch Time: 0.49s | Spearman@80: 0.4449 | Kendall@80: 0.2982
Epoch 96/150 | Train Loss: 0.0119 | Epoch Time: 0.49s | Spearman@80: 0.4049 | Kendall@80: 0.2843
Epoch 97/150 | Train Loss: 0.0140 | Epoch Time: 0.51s | Spearman@80: 0.3909 | Kendall@80: 0.2773
Epoch 98/150 | Train Loss: 0.0117 | Epoch Time: 0.50s | Spearman@80: 0.4269 | Kendall@80: 0.2950
Epoch 99/150 | Train Loss: 0.0198 | Epoch Time: 0.52s | Spearman@80: 0.4255 | Kendall@80: 0.2950
Epoch 100/150 | Train Loss: 0.0158 | Epoch Time: 0.51s | Spearman@80: 0.3795 | Kendall@80: 0.2640
Epoch 101/150 | Train Loss: 0.0147 | Epoch Time: 0.51s | Spearman@80: 0.3833 | Kendall@80: 0.2608
Epoch 102/150 | Train Loss: 0.0122 | Epoch Time: 0.49s | Spearman@80: 0.4142 | Kendall@80: 0.2868
Epoch 103/150 | Train Loss: 0.0121 | Epoch Time: 0.51s | Spearman@80: 0.4561 | Kendall@80: 0.3185
Epoch 104/150 | Train Loss: 0.0178 | Epoch Time: 0.49s | Spearman@80: 0.4501 | Kendall@80: 0.3147
Epoch 105/150 | Train Loss: 0.0138 | Epoch Time: 0.51s | Spearman@80: 0.4315 | Kendall@80: 0.2957
Epoch 106/150 | Train Loss: 0.0175 | Epoch Time: 0.51s | Spearman@80: 0.4200 | Kendall@80: 0.2912
Epoch 107/150 | Train Loss: 0.0181 | Epoch Time: 0.51s | Spearman@80: 0.4123 | Kendall@80: 0.2862
Epoch 108/150 | Train Loss: 0.0134 | Epoch Time: 0.51s | Spearman@80: 0.4373 | Kendall@80: 0.3033
Epoch 109/150 | Train Loss: 0.0157 | Epoch Time: 0.51s | Spearman@80: 0.4458 | Kendall@80: 0.3084
Epoch 110/150 | Train Loss: 0.0105 | Epoch Time: 0.52s | Spearman@80: 0.4353 | Kendall@80: 0.3014
Epoch 111/150 | Train Loss: 0.0128 | Epoch Time: 0.49s | Spearman@80: 0.4514 | Kendall@80: 0.3160
Epoch 112/150 | Train Loss: 0.0159 | Epoch Time: 0.52s | Spearman@80: 0.4245 | Kendall@80: 0.2950
Epoch 113/150 | Train Loss: 0.0143 | Epoch Time: 0.51s | Spearman@80: 0.4009 | Kendall@80: 0.2817
Epoch 114/150 | Train Loss: 0.0090 | Epoch Time: 0.51s | Spearman@80: 0.4156 | Kendall@80: 0.2912
Epoch 115/150 | Train Loss: 0.0141 | Epoch Time: 0.48s | Spearman@80: 0.4225 | Kendall@80: 0.2950
Epoch 116/150 | Train Loss: 0.0097 | Epoch Time: 0.50s | Spearman@80: 0.4128 | Kendall@80: 0.2855
Epoch 117/150 | Train Loss: 0.0136 | Epoch Time: 0.49s | Spearman@80: 0.4252 | Kendall@80: 0.2938
Epoch 118/150 | Train Loss: 0.0154 | Epoch Time: 0.50s | Spearman@80: 0.4296 | Kendall@80: 0.3026
Epoch 119/150 | Train Loss: 0.0153 | Epoch Time: 0.50s | Spearman@80: 0.4249 | Kendall@80: 0.2988
Epoch 120/150 | Train Loss: 0.0137 | Epoch Time: 0.48s | Spearman@80: 0.4188 | Kendall@80: 0.2912
Epoch 121/150 | Train Loss: 0.0119 | Epoch Time: 0.50s | Spearman@80: 0.4233 | Kendall@80: 0.2976
Epoch 122/150 | Train Loss: 0.0100 | Epoch Time: 0.50s | Spearman@80: 0.4277 | Kendall@80: 0.2931
Epoch 123/150 | Train Loss: 0.0081 | Epoch Time: 0.50s | Spearman@80: 0.4292 | Kendall@80: 0.2938
Epoch 124/150 | Train Loss: 0.0140 | Epoch Time: 0.51s | Spearman@80: 0.4388 | Kendall@80: 0.3039
Epoch 125/150 | Train Loss: 0.0092 | Epoch Time: 0.49s | Spearman@80: 0.4384 | Kendall@80: 0.3020
Epoch 126/150 | Train Loss: 0.0157 | Epoch Time: 0.48s | Spearman@80: 0.4363 | Kendall@80: 0.3052
Epoch 127/150 | Train Loss: 0.0110 | Epoch Time: 0.50s | Spearman@80: 0.4347 | Kendall@80: 0.2995
Epoch 128/150 | Train Loss: 0.0069 | Epoch Time: 0.51s | Spearman@80: 0.4326 | Kendall@80: 0.2988
Epoch 129/150 | Train Loss: 0.0068 | Epoch Time: 0.50s | Spearman@80: 0.4369 | Kendall@80: 0.3007
Epoch 130/150 | Train Loss: 0.0046 | Epoch Time: 0.51s | Spearman@80: 0.4339 | Kendall@80: 0.3014
Epoch 131/150 | Train Loss: 0.0106 | Epoch Time: 0.51s | Spearman@80: 0.4358 | Kendall@80: 0.3014
Epoch 132/150 | Train Loss: 0.0098 | Epoch Time: 0.50s | Spearman@80: 0.4337 | Kendall@80: 0.3020
Epoch 133/150 | Train Loss: 0.0104 | Epoch Time: 0.51s | Spearman@80: 0.4295 | Kendall@80: 0.3001
Epoch 134/150 | Train Loss: 0.0070 | Epoch Time: 0.50s | Spearman@80: 0.4282 | Kendall@80: 0.2982
Epoch 135/150 | Train Loss: 0.0115 | Epoch Time: 0.49s | Spearman@80: 0.4301 | Kendall@80: 0.2976
Epoch 136/150 | Train Loss: 0.0122 | Epoch Time: 0.49s | Spearman@80: 0.4328 | Kendall@80: 0.3007
Epoch 137/150 | Train Loss: 0.0078 | Epoch Time: 0.50s | Spearman@80: 0.4242 | Kendall@80: 0.2919
Epoch 138/150 | Train Loss: 0.0091 | Epoch Time: 0.51s | Spearman@80: 0.4261 | Kendall@80: 0.2912
Epoch 139/150 | Train Loss: 0.0108 | Epoch Time: 0.49s | Spearman@80: 0.4291 | Kendall@80: 0.2963
Epoch 140/150 | Train Loss: 0.0096 | Epoch Time: 0.53s | Spearman@80: 0.4323 | Kendall@80: 0.3007
Epoch 141/150 | Train Loss: 0.0124 | Epoch Time: 0.51s | Spearman@80: 0.4272 | Kendall@80: 0.2957
Epoch 142/150 | Train Loss: 0.0107 | Epoch Time: 0.51s | Spearman@80: 0.4349 | Kendall@80: 0.2995
Epoch 143/150 | Train Loss: 0.0108 | Epoch Time: 0.48s | Spearman@80: 0.4332 | Kendall@80: 0.3001
Epoch 144/150 | Train Loss: 0.0071 | Epoch Time: 0.49s | Spearman@80: 0.4310 | Kendall@80: 0.2969
Epoch 145/150 | Train Loss: 0.0119 | Epoch Time: 0.50s | Spearman@80: 0.4288 | Kendall@80: 0.2950
Epoch 146/150 | Train Loss: 0.0093 | Epoch Time: 0.50s | Spearman@80: 0.4283 | Kendall@80: 0.2963
Epoch 147/150 | Train Loss: 0.0071 | Epoch Time: 1.46s | Spearman@4934: 0.5080 | Kendall@4934: 0.3524
Epoch 148/150 | Train Loss: 0.0110 | Epoch Time: 1.47s | Spearman@4934: 0.5091 | Kendall@4934: 0.3533
Epoch 149/150 | Train Loss: 0.0106 | Epoch Time: 1.48s | Spearman@4934: 0.5082 | Kendall@4934: 0.3525
Epoch 150/150 | Train Loss: 0.0125 | Epoch Time: 1.45s | Spearman@4934: 0.5068 | Kendall@4934: 0.3515
Sample Count: 64, Spearman: 0.5080197419026973, Kendall: 0.3524162200438206
{64: (0.5080197419026973, 0.3524162200438206)}
Epoch 1/150 | Train Loss: 0.0996 | Epoch Time: 0.97s | Spearman@80: 0.4350 | Kendall@80: 0.3062
Epoch 2/150 | Train Loss: 0.0954 | Epoch Time: 1.01s | Spearman@80: 0.4590 | Kendall@80: 0.3233
Epoch 3/150 | Train Loss: 0.0785 | Epoch Time: 1.01s | Spearman@80: 0.5056 | Kendall@80: 0.3746
Epoch 4/150 | Train Loss: 0.0816 | Epoch Time: 1.00s | Spearman@80: 0.5387 | Kendall@80: 0.3899
Epoch 5/150 | Train Loss: 0.0732 | Epoch Time: 1.00s | Spearman@80: 0.5445 | Kendall@80: 0.3924
Epoch 6/150 | Train Loss: 0.0722 | Epoch Time: 0.97s | Spearman@80: 0.5081 | Kendall@80: 0.3613
Epoch 7/150 | Train Loss: 0.0702 | Epoch Time: 0.99s | Spearman@80: 0.5692 | Kendall@80: 0.4127
Epoch 8/150 | Train Loss: 0.0747 | Epoch Time: 1.00s | Spearman@80: 0.5737 | Kendall@80: 0.4368
Epoch 9/150 | Train Loss: 0.0625 | Epoch Time: 0.97s | Spearman@80: 0.5559 | Kendall@80: 0.4019
Epoch 10/150 | Train Loss: 0.0740 | Epoch Time: 1.00s | Spearman@80: 0.6215 | Kendall@80: 0.4723
Epoch 11/150 | Train Loss: 0.0683 | Epoch Time: 1.00s | Spearman@80: 0.5567 | Kendall@80: 0.4152
Epoch 12/150 | Train Loss: 0.0643 | Epoch Time: 1.00s | Spearman@80: 0.6046 | Kendall@80: 0.4482
Epoch 13/150 | Train Loss: 0.0692 | Epoch Time: 0.98s | Spearman@80: 0.6208 | Kendall@80: 0.4615
Epoch 14/150 | Train Loss: 0.0647 | Epoch Time: 1.02s | Spearman@80: 0.5698 | Kendall@80: 0.4114
Epoch 15/150 | Train Loss: 0.0682 | Epoch Time: 1.00s | Spearman@80: 0.5323 | Kendall@80: 0.3797
Epoch 16/150 | Train Loss: 0.0684 | Epoch Time: 0.99s | Spearman@80: 0.5845 | Kendall@80: 0.4323
Epoch 17/150 | Train Loss: 0.0637 | Epoch Time: 1.02s | Spearman@80: 0.5786 | Kendall@80: 0.4222
Epoch 18/150 | Train Loss: 0.0646 | Epoch Time: 1.02s | Spearman@80: 0.6061 | Kendall@80: 0.4501
Epoch 19/150 | Train Loss: 0.0588 | Epoch Time: 0.97s | Spearman@80: 0.5631 | Kendall@80: 0.4146
Epoch 20/150 | Train Loss: 0.0623 | Epoch Time: 1.02s | Spearman@80: 0.5961 | Kendall@80: 0.4304
Epoch 21/150 | Train Loss: 0.0608 | Epoch Time: 0.98s | Spearman@80: 0.6062 | Kendall@80: 0.4431
Epoch 22/150 | Train Loss: 0.0550 | Epoch Time: 1.00s | Spearman@80: 0.5522 | Kendall@80: 0.4108
Epoch 23/150 | Train Loss: 0.0555 | Epoch Time: 0.99s | Spearman@80: 0.5715 | Kendall@80: 0.4152
Epoch 24/150 | Train Loss: 0.0598 | Epoch Time: 1.00s | Spearman@80: 0.6194 | Kendall@80: 0.4513
Epoch 25/150 | Train Loss: 0.0496 | Epoch Time: 1.01s | Spearman@80: 0.6061 | Kendall@80: 0.4431
Epoch 26/150 | Train Loss: 0.0540 | Epoch Time: 0.99s | Spearman@80: 0.5563 | Kendall@80: 0.3975
Epoch 27/150 | Train Loss: 0.0590 | Epoch Time: 1.00s | Spearman@80: 0.5545 | Kendall@80: 0.4019
Epoch 28/150 | Train Loss: 0.0649 | Epoch Time: 1.00s | Spearman@80: 0.5990 | Kendall@80: 0.4292
Epoch 29/150 | Train Loss: 0.0533 | Epoch Time: 1.01s | Spearman@80: 0.6098 | Kendall@80: 0.4361
Epoch 30/150 | Train Loss: 0.0508 | Epoch Time: 0.98s | Spearman@80: 0.5317 | Kendall@80: 0.3696
Epoch 31/150 | Train Loss: 0.0483 | Epoch Time: 0.99s | Spearman@80: 0.5789 | Kendall@80: 0.4127
Epoch 32/150 | Train Loss: 0.0557 | Epoch Time: 1.00s | Spearman@80: 0.6414 | Kendall@80: 0.4628
Epoch 33/150 | Train Loss: 0.0503 | Epoch Time: 1.01s | Spearman@80: 0.5982 | Kendall@80: 0.4323
Epoch 34/150 | Train Loss: 0.0444 | Epoch Time: 1.00s | Spearman@80: 0.5977 | Kendall@80: 0.4342
Epoch 35/150 | Train Loss: 0.0493 | Epoch Time: 1.01s | Spearman@80: 0.5755 | Kendall@80: 0.4082
Epoch 36/150 | Train Loss: 0.0415 | Epoch Time: 1.00s | Spearman@80: 0.6522 | Kendall@80: 0.4723
Epoch 37/150 | Train Loss: 0.0484 | Epoch Time: 1.00s | Spearman@80: 0.5222 | Kendall@80: 0.3867
Epoch 38/150 | Train Loss: 0.0507 | Epoch Time: 1.00s | Spearman@80: 0.5701 | Kendall@80: 0.4076
Epoch 39/150 | Train Loss: 0.0467 | Epoch Time: 0.99s | Spearman@80: 0.5968 | Kendall@80: 0.4216
Epoch 40/150 | Train Loss: 0.0454 | Epoch Time: 0.99s | Spearman@80: 0.6110 | Kendall@80: 0.4431
Epoch 41/150 | Train Loss: 0.0445 | Epoch Time: 0.97s | Spearman@80: 0.6255 | Kendall@80: 0.4488
Epoch 42/150 | Train Loss: 0.0469 | Epoch Time: 1.02s | Spearman@80: 0.5796 | Kendall@80: 0.4120
Epoch 43/150 | Train Loss: 0.0536 | Epoch Time: 0.97s | Spearman@80: 0.6551 | Kendall@80: 0.4849
Epoch 44/150 | Train Loss: 0.0412 | Epoch Time: 0.99s | Spearman@80: 0.5609 | Kendall@80: 0.4114
Epoch 45/150 | Train Loss: 0.0558 | Epoch Time: 0.98s | Spearman@80: 0.6102 | Kendall@80: 0.4545
Epoch 46/150 | Train Loss: 0.0494 | Epoch Time: 1.01s | Spearman@80: 0.6312 | Kendall@80: 0.4691
Epoch 47/150 | Train Loss: 0.0506 | Epoch Time: 1.01s | Spearman@80: 0.5826 | Kendall@80: 0.4222
Epoch 48/150 | Train Loss: 0.0430 | Epoch Time: 0.99s | Spearman@80: 0.6394 | Kendall@80: 0.4691
Epoch 49/150 | Train Loss: 0.0415 | Epoch Time: 0.99s | Spearman@80: 0.6114 | Kendall@80: 0.4374
Epoch 50/150 | Train Loss: 0.0376 | Epoch Time: 1.00s | Spearman@80: 0.5729 | Kendall@80: 0.4082
Epoch 51/150 | Train Loss: 0.0420 | Epoch Time: 0.99s | Spearman@80: 0.6398 | Kendall@80: 0.4571
Epoch 52/150 | Train Loss: 0.0354 | Epoch Time: 1.02s | Spearman@80: 0.5536 | Kendall@80: 0.3962
Epoch 53/150 | Train Loss: 0.0363 | Epoch Time: 0.97s | Spearman@80: 0.6190 | Kendall@80: 0.4418
Epoch 54/150 | Train Loss: 0.0382 | Epoch Time: 1.02s | Spearman@80: 0.6511 | Kendall@80: 0.4697
Epoch 55/150 | Train Loss: 0.0415 | Epoch Time: 1.00s | Spearman@80: 0.5286 | Kendall@80: 0.3734
Epoch 56/150 | Train Loss: 0.0375 | Epoch Time: 1.00s | Spearman@80: 0.6550 | Kendall@80: 0.4716
Epoch 57/150 | Train Loss: 0.0360 | Epoch Time: 1.01s | Spearman@80: 0.6857 | Kendall@80: 0.4989
Epoch 58/150 | Train Loss: 0.0404 | Epoch Time: 1.00s | Spearman@80: 0.6391 | Kendall@80: 0.4571
Epoch 59/150 | Train Loss: 0.0353 | Epoch Time: 0.98s | Spearman@80: 0.5789 | Kendall@80: 0.4101
Epoch 60/150 | Train Loss: 0.0410 | Epoch Time: 0.99s | Spearman@80: 0.6448 | Kendall@80: 0.4748
Epoch 61/150 | Train Loss: 0.0475 | Epoch Time: 1.01s | Spearman@80: 0.5549 | Kendall@80: 0.3899
Epoch 62/150 | Train Loss: 0.0434 | Epoch Time: 0.98s | Spearman@80: 0.6450 | Kendall@80: 0.4583
Epoch 63/150 | Train Loss: 0.0372 | Epoch Time: 1.00s | Spearman@80: 0.6710 | Kendall@80: 0.4983
Epoch 64/150 | Train Loss: 0.0423 | Epoch Time: 0.99s | Spearman@80: 0.6132 | Kendall@80: 0.4437
Epoch 65/150 | Train Loss: 0.0371 | Epoch Time: 0.99s | Spearman@80: 0.6619 | Kendall@80: 0.4830
Epoch 66/150 | Train Loss: 0.0329 | Epoch Time: 1.03s | Spearman@80: 0.6521 | Kendall@80: 0.4672
Epoch 67/150 | Train Loss: 0.0373 | Epoch Time: 1.02s | Spearman@80: 0.6807 | Kendall@80: 0.4907
Epoch 68/150 | Train Loss: 0.0349 | Epoch Time: 1.01s | Spearman@80: 0.6240 | Kendall@80: 0.4558
Epoch 69/150 | Train Loss: 0.0360 | Epoch Time: 1.01s | Spearman@80: 0.6586 | Kendall@80: 0.4767
Epoch 70/150 | Train Loss: 0.0381 | Epoch Time: 0.99s | Spearman@80: 0.6147 | Kendall@80: 0.4368
Epoch 71/150 | Train Loss: 0.0313 | Epoch Time: 0.99s | Spearman@80: 0.6359 | Kendall@80: 0.4653
Epoch 72/150 | Train Loss: 0.0308 | Epoch Time: 1.02s | Spearman@80: 0.6847 | Kendall@80: 0.4951
Epoch 73/150 | Train Loss: 0.0303 | Epoch Time: 1.01s | Spearman@80: 0.6794 | Kendall@80: 0.5014
Epoch 74/150 | Train Loss: 0.0315 | Epoch Time: 1.01s | Spearman@80: 0.6486 | Kendall@80: 0.4691
Epoch 75/150 | Train Loss: 0.0368 | Epoch Time: 1.00s | Spearman@80: 0.6200 | Kendall@80: 0.4456
Epoch 76/150 | Train Loss: 0.0326 | Epoch Time: 1.00s | Spearman@80: 0.6829 | Kendall@80: 0.4951
Epoch 77/150 | Train Loss: 0.0277 | Epoch Time: 0.99s | Spearman@80: 0.7068 | Kendall@80: 0.5261
Epoch 78/150 | Train Loss: 0.0351 | Epoch Time: 1.05s | Spearman@80: 0.6456 | Kendall@80: 0.4685
Epoch 79/150 | Train Loss: 0.0318 | Epoch Time: 0.84s | Spearman@80: 0.6512 | Kendall@80: 0.4697
Epoch 80/150 | Train Loss: 0.0259 | Epoch Time: 0.82s | Spearman@80: 0.6678 | Kendall@80: 0.4919
Epoch 81/150 | Train Loss: 0.0293 | Epoch Time: 0.82s | Spearman@80: 0.7057 | Kendall@80: 0.5185
Epoch 82/150 | Train Loss: 0.0304 | Epoch Time: 0.84s | Spearman@80: 0.7349 | Kendall@80: 0.5395
Epoch 83/150 | Train Loss: 0.0274 | Epoch Time: 0.83s | Spearman@80: 0.6899 | Kendall@80: 0.5097
Epoch 84/150 | Train Loss: 0.0286 | Epoch Time: 0.83s | Spearman@80: 0.6579 | Kendall@80: 0.4773
Epoch 85/150 | Train Loss: 0.0276 | Epoch Time: 0.83s | Spearman@80: 0.6864 | Kendall@80: 0.5008
Epoch 86/150 | Train Loss: 0.0317 | Epoch Time: 0.86s | Spearman@80: 0.7224 | Kendall@80: 0.5300
Epoch 87/150 | Train Loss: 0.0338 | Epoch Time: 0.82s | Spearman@80: 0.6894 | Kendall@80: 0.5040
Epoch 88/150 | Train Loss: 0.0262 | Epoch Time: 0.82s | Spearman@80: 0.7446 | Kendall@80: 0.5515
Epoch 89/150 | Train Loss: 0.0268 | Epoch Time: 0.83s | Spearman@80: 0.6994 | Kendall@80: 0.5173
Epoch 90/150 | Train Loss: 0.0243 | Epoch Time: 0.83s | Spearman@80: 0.6896 | Kendall@80: 0.5052
Epoch 91/150 | Train Loss: 0.0321 | Epoch Time: 0.83s | Spearman@80: 0.7177 | Kendall@80: 0.5236
Epoch 92/150 | Train Loss: 0.0282 | Epoch Time: 0.84s | Spearman@80: 0.7121 | Kendall@80: 0.5255
Epoch 93/150 | Train Loss: 0.0274 | Epoch Time: 0.84s | Spearman@80: 0.7229 | Kendall@80: 0.5211
Epoch 94/150 | Train Loss: 0.0269 | Epoch Time: 0.83s | Spearman@80: 0.6746 | Kendall@80: 0.4938
Epoch 95/150 | Train Loss: 0.0264 | Epoch Time: 0.83s | Spearman@80: 0.7402 | Kendall@80: 0.5382
Epoch 96/150 | Train Loss: 0.0273 | Epoch Time: 0.83s | Spearman@80: 0.7308 | Kendall@80: 0.5388
Epoch 97/150 | Train Loss: 0.0250 | Epoch Time: 0.84s | Spearman@80: 0.7356 | Kendall@80: 0.5407
Epoch 98/150 | Train Loss: 0.0243 | Epoch Time: 0.86s | Spearman@80: 0.7553 | Kendall@80: 0.5610
Epoch 99/150 | Train Loss: 0.0223 | Epoch Time: 0.86s | Spearman@80: 0.7311 | Kendall@80: 0.5445
Epoch 100/150 | Train Loss: 0.0219 | Epoch Time: 0.84s | Spearman@80: 0.7247 | Kendall@80: 0.5255
Epoch 101/150 | Train Loss: 0.0231 | Epoch Time: 0.82s | Spearman@80: 0.7170 | Kendall@80: 0.5312
Epoch 102/150 | Train Loss: 0.0329 | Epoch Time: 0.83s | Spearman@80: 0.7349 | Kendall@80: 0.5376
Epoch 103/150 | Train Loss: 0.0224 | Epoch Time: 0.82s | Spearman@80: 0.7278 | Kendall@80: 0.5344
Epoch 104/150 | Train Loss: 0.0202 | Epoch Time: 0.83s | Spearman@80: 0.7206 | Kendall@80: 0.5268
Epoch 105/150 | Train Loss: 0.0190 | Epoch Time: 0.82s | Spearman@80: 0.7126 | Kendall@80: 0.5179
Epoch 106/150 | Train Loss: 0.0234 | Epoch Time: 0.83s | Spearman@80: 0.7184 | Kendall@80: 0.5179
Epoch 107/150 | Train Loss: 0.0289 | Epoch Time: 0.83s | Spearman@80: 0.7114 | Kendall@80: 0.5255
Epoch 108/150 | Train Loss: 0.0203 | Epoch Time: 0.84s | Spearman@80: 0.7425 | Kendall@80: 0.5388
Epoch 109/150 | Train Loss: 0.0284 | Epoch Time: 0.84s | Spearman@80: 0.7201 | Kendall@80: 0.5350
Epoch 110/150 | Train Loss: 0.0217 | Epoch Time: 0.82s | Spearman@80: 0.7173 | Kendall@80: 0.5249
Epoch 111/150 | Train Loss: 0.0230 | Epoch Time: 0.83s | Spearman@80: 0.7421 | Kendall@80: 0.5477
Epoch 112/150 | Train Loss: 0.0245 | Epoch Time: 0.84s | Spearman@80: 0.7533 | Kendall@80: 0.5496
Epoch 113/150 | Train Loss: 0.0236 | Epoch Time: 0.84s | Spearman@80: 0.7308 | Kendall@80: 0.5331
Epoch 114/150 | Train Loss: 0.0190 | Epoch Time: 0.82s | Spearman@80: 0.7411 | Kendall@80: 0.5426
Epoch 115/150 | Train Loss: 0.0202 | Epoch Time: 0.82s | Spearman@80: 0.7166 | Kendall@80: 0.5306
Epoch 116/150 | Train Loss: 0.0224 | Epoch Time: 0.84s | Spearman@80: 0.7444 | Kendall@80: 0.5458
Epoch 117/150 | Train Loss: 0.0197 | Epoch Time: 0.83s | Spearman@80: 0.7335 | Kendall@80: 0.5414
Epoch 118/150 | Train Loss: 0.0229 | Epoch Time: 0.82s | Spearman@80: 0.7161 | Kendall@80: 0.5312
Epoch 119/150 | Train Loss: 0.0222 | Epoch Time: 0.85s | Spearman@80: 0.7320 | Kendall@80: 0.5369
Epoch 120/150 | Train Loss: 0.0244 | Epoch Time: 0.83s | Spearman@80: 0.7394 | Kendall@80: 0.5452
Epoch 121/150 | Train Loss: 0.0179 | Epoch Time: 0.83s | Spearman@80: 0.7249 | Kendall@80: 0.5300
Epoch 122/150 | Train Loss: 0.0217 | Epoch Time: 0.82s | Spearman@80: 0.7158 | Kendall@80: 0.5230
Epoch 123/150 | Train Loss: 0.0241 | Epoch Time: 0.84s | Spearman@80: 0.7511 | Kendall@80: 0.5509
Epoch 124/150 | Train Loss: 0.0191 | Epoch Time: 0.84s | Spearman@80: 0.7496 | Kendall@80: 0.5547
Epoch 125/150 | Train Loss: 0.0159 | Epoch Time: 0.82s | Spearman@80: 0.7529 | Kendall@80: 0.5566
Epoch 126/150 | Train Loss: 0.0177 | Epoch Time: 0.85s | Spearman@80: 0.7493 | Kendall@80: 0.5496
Epoch 127/150 | Train Loss: 0.0190 | Epoch Time: 0.82s | Spearman@80: 0.7296 | Kendall@80: 0.5350
Epoch 128/150 | Train Loss: 0.0198 | Epoch Time: 0.85s | Spearman@80: 0.7381 | Kendall@80: 0.5445
Epoch 129/150 | Train Loss: 0.0205 | Epoch Time: 0.83s | Spearman@80: 0.7483 | Kendall@80: 0.5458
Epoch 130/150 | Train Loss: 0.0209 | Epoch Time: 0.84s | Spearman@80: 0.7464 | Kendall@80: 0.5483
Epoch 131/150 | Train Loss: 0.0190 | Epoch Time: 0.82s | Spearman@80: 0.7290 | Kendall@80: 0.5344
Epoch 132/150 | Train Loss: 0.0166 | Epoch Time: 0.83s | Spearman@80: 0.7240 | Kendall@80: 0.5268
Epoch 133/150 | Train Loss: 0.0210 | Epoch Time: 0.85s | Spearman@80: 0.7448 | Kendall@80: 0.5471
Epoch 134/150 | Train Loss: 0.0151 | Epoch Time: 0.82s | Spearman@80: 0.7389 | Kendall@80: 0.5433
Epoch 135/150 | Train Loss: 0.0181 | Epoch Time: 0.84s | Spearman@80: 0.7504 | Kendall@80: 0.5534
Epoch 136/150 | Train Loss: 0.0199 | Epoch Time: 0.83s | Spearman@80: 0.7462 | Kendall@80: 0.5496
Epoch 137/150 | Train Loss: 0.0176 | Epoch Time: 0.86s | Spearman@80: 0.7420 | Kendall@80: 0.5439
Epoch 138/150 | Train Loss: 0.0213 | Epoch Time: 0.83s | Spearman@80: 0.7397 | Kendall@80: 0.5433
Epoch 139/150 | Train Loss: 0.0211 | Epoch Time: 0.82s | Spearman@80: 0.7270 | Kendall@80: 0.5344
Epoch 140/150 | Train Loss: 0.0181 | Epoch Time: 0.82s | Spearman@80: 0.7514 | Kendall@80: 0.5528
Epoch 141/150 | Train Loss: 0.0175 | Epoch Time: 0.83s | Spearman@80: 0.7460 | Kendall@80: 0.5464
Epoch 142/150 | Train Loss: 0.0189 | Epoch Time: 0.84s | Spearman@80: 0.7368 | Kendall@80: 0.5401
Epoch 143/150 | Train Loss: 0.0217 | Epoch Time: 0.83s | Spearman@80: 0.7259 | Kendall@80: 0.5325
Epoch 144/150 | Train Loss: 0.0217 | Epoch Time: 0.83s | Spearman@80: 0.7319 | Kendall@80: 0.5395
Epoch 145/150 | Train Loss: 0.0161 | Epoch Time: 0.83s | Spearman@80: 0.7386 | Kendall@80: 0.5420
Epoch 146/150 | Train Loss: 0.0181 | Epoch Time: 0.85s | Spearman@80: 0.7307 | Kendall@80: 0.5363
Epoch 147/150 | Train Loss: 0.0208 | Epoch Time: 1.65s | Spearman@4870: 0.7046 | Kendall@4870: 0.5140
Epoch 148/150 | Train Loss: 0.0216 | Epoch Time: 1.63s | Spearman@4870: 0.7060 | Kendall@4870: 0.5151
Epoch 149/150 | Train Loss: 0.0160 | Epoch Time: 1.63s | Spearman@4870: 0.7043 | Kendall@4870: 0.5137
Epoch 150/150 | Train Loss: 0.0180 | Epoch Time: 1.63s | Spearman@4870: 0.7073 | Kendall@4870: 0.5164
Sample Count: 128, Spearman: 0.7055512729663549, Kendall: 0.5148191155956985
{64: (0.5080197419026973, 0.3524162200438206),
 128: (0.7055512729663549, 0.5148191155956985)}
Epoch 1/150 | Train Loss: 0.0987 | Epoch Time: 0.43s | Spearman@80: 0.5321 | Kendall@80: 0.3654
Epoch 2/150 | Train Loss: 0.0928 | Epoch Time: 0.43s | Spearman@80: 0.4265 | Kendall@80: 0.2855
Epoch 3/150 | Train Loss: 0.0844 | Epoch Time: 0.42s | Spearman@80: 0.5277 | Kendall@80: 0.3686
Epoch 4/150 | Train Loss: 0.0762 | Epoch Time: 0.43s | Spearman@80: 0.5749 | Kendall@80: 0.3984
Epoch 5/150 | Train Loss: 0.0629 | Epoch Time: 0.42s | Spearman@80: 0.5899 | Kendall@80: 0.4250
Epoch 6/150 | Train Loss: 0.0609 | Epoch Time: 0.43s | Spearman@80: 0.5848 | Kendall@80: 0.4224
Epoch 7/150 | Train Loss: 0.0496 | Epoch Time: 0.42s | Spearman@80: 0.5605 | Kendall@80: 0.4142
Epoch 8/150 | Train Loss: 0.0632 | Epoch Time: 0.42s | Spearman@80: 0.5945 | Kendall@80: 0.4446
Epoch 9/150 | Train Loss: 0.0540 | Epoch Time: 0.44s | Spearman@80: 0.5003 | Kendall@80: 0.3565
Epoch 10/150 | Train Loss: 0.0501 | Epoch Time: 0.42s | Spearman@80: 0.5130 | Kendall@80: 0.3717
Epoch 11/150 | Train Loss: 0.0404 | Epoch Time: 0.42s | Spearman@80: 0.4741 | Kendall@80: 0.3413
Epoch 12/150 | Train Loss: 0.0511 | Epoch Time: 0.42s | Spearman@80: 0.5540 | Kendall@80: 0.4015
Epoch 13/150 | Train Loss: 0.0407 | Epoch Time: 0.43s | Spearman@80: 0.4220 | Kendall@80: 0.2963
Epoch 14/150 | Train Loss: 0.0394 | Epoch Time: 0.42s | Spearman@80: 0.4721 | Kendall@80: 0.3324
Epoch 15/150 | Train Loss: 0.0560 | Epoch Time: 0.42s | Spearman@80: 0.5051 | Kendall@80: 0.3673
Epoch 16/150 | Train Loss: 0.0393 | Epoch Time: 0.42s | Spearman@80: 0.4872 | Kendall@80: 0.3407
Epoch 17/150 | Train Loss: 0.0468 | Epoch Time: 0.42s | Spearman@80: 0.4311 | Kendall@80: 0.3052
Epoch 18/150 | Train Loss: 0.0427 | Epoch Time: 0.44s | Spearman@80: 0.4300 | Kendall@80: 0.2988
Epoch 19/150 | Train Loss: 0.0394 | Epoch Time: 0.42s | Spearman@80: 0.3956 | Kendall@80: 0.2811
Epoch 20/150 | Train Loss: 0.0383 | Epoch Time: 0.42s | Spearman@80: 0.5520 | Kendall@80: 0.3996
Epoch 21/150 | Train Loss: 0.0468 | Epoch Time: 0.42s | Spearman@80: 0.5172 | Kendall@80: 0.3755
Epoch 22/150 | Train Loss: 0.0512 | Epoch Time: 0.42s | Spearman@80: 0.5235 | Kendall@80: 0.3730
Epoch 23/150 | Train Loss: 0.0421 | Epoch Time: 0.42s | Spearman@80: 0.5342 | Kendall@80: 0.3850
Epoch 24/150 | Train Loss: 0.0422 | Epoch Time: 0.42s | Spearman@80: 0.5216 | Kendall@80: 0.3755
Epoch 25/150 | Train Loss: 0.0367 | Epoch Time: 0.42s | Spearman@80: 0.4588 | Kendall@80: 0.3261
Epoch 26/150 | Train Loss: 0.0335 | Epoch Time: 0.42s | Spearman@80: 0.4417 | Kendall@80: 0.3077
Epoch 27/150 | Train Loss: 0.0378 | Epoch Time: 0.43s | Spearman@80: 0.3575 | Kendall@80: 0.2507
Epoch 28/150 | Train Loss: 0.0348 | Epoch Time: 0.44s | Spearman@80: 0.3136 | Kendall@80: 0.2101
Epoch 29/150 | Train Loss: 0.0342 | Epoch Time: 0.42s | Spearman@80: 0.4384 | Kendall@80: 0.3077
Epoch 30/150 | Train Loss: 0.0316 | Epoch Time: 0.43s | Spearman@80: 0.4240 | Kendall@80: 0.2963
Epoch 31/150 | Train Loss: 0.0369 | Epoch Time: 0.42s | Spearman@80: 0.2334 | Kendall@80: 0.1556
Epoch 32/150 | Train Loss: 0.0281 | Epoch Time: 0.43s | Spearman@80: 0.3605 | Kendall@80: 0.2526
Epoch 33/150 | Train Loss: 0.0317 | Epoch Time: 0.42s | Spearman@80: 0.4128 | Kendall@80: 0.2925
Epoch 34/150 | Train Loss: 0.0359 | Epoch Time: 0.43s | Spearman@80: 0.3657 | Kendall@80: 0.2640
Epoch 35/150 | Train Loss: 0.0484 | Epoch Time: 0.44s | Spearman@80: 0.4613 | Kendall@80: 0.3248
Epoch 36/150 | Train Loss: 0.0404 | Epoch Time: 0.44s | Spearman@80: 0.5081 | Kendall@80: 0.3686
Epoch 37/150 | Train Loss: 0.0374 | Epoch Time: 0.42s | Spearman@80: 0.5231 | Kendall@80: 0.3755
Epoch 38/150 | Train Loss: 0.0284 | Epoch Time: 0.42s | Spearman@80: 0.4331 | Kendall@80: 0.3109
Epoch 39/150 | Train Loss: 0.0366 | Epoch Time: 0.42s | Spearman@80: 0.3558 | Kendall@80: 0.2532
Epoch 40/150 | Train Loss: 0.0394 | Epoch Time: 0.42s | Spearman@80: 0.4154 | Kendall@80: 0.2849
Epoch 41/150 | Train Loss: 0.0346 | Epoch Time: 0.41s | Spearman@80: 0.5223 | Kendall@80: 0.3825
Epoch 42/150 | Train Loss: 0.0365 | Epoch Time: 0.42s | Spearman@80: 0.5150 | Kendall@80: 0.3711
Epoch 43/150 | Train Loss: 0.0334 | Epoch Time: 0.42s | Spearman@80: 0.4476 | Kendall@80: 0.3128
Epoch 44/150 | Train Loss: 0.0350 | Epoch Time: 0.43s | Spearman@80: 0.4814 | Kendall@80: 0.3419
Epoch 45/150 | Train Loss: 0.0347 | Epoch Time: 0.44s | Spearman@80: 0.3989 | Kendall@80: 0.2805
Epoch 46/150 | Train Loss: 0.0324 | Epoch Time: 0.45s | Spearman@80: 0.3218 | Kendall@80: 0.2260
Epoch 47/150 | Train Loss: 0.0316 | Epoch Time: 0.42s | Spearman@80: 0.3564 | Kendall@80: 0.2519
Epoch 48/150 | Train Loss: 0.0306 | Epoch Time: 0.42s | Spearman@80: 0.3680 | Kendall@80: 0.2589
Epoch 49/150 | Train Loss: 0.0457 | Epoch Time: 0.43s | Spearman@80: 0.4389 | Kendall@80: 0.3115
Epoch 50/150 | Train Loss: 0.0306 | Epoch Time: 0.42s | Spearman@80: 0.4315 | Kendall@80: 0.3058
Epoch 51/150 | Train Loss: 0.0280 | Epoch Time: 0.43s | Spearman@80: 0.3703 | Kendall@80: 0.2614
Epoch 52/150 | Train Loss: 0.0286 | Epoch Time: 0.42s | Spearman@80: 0.3528 | Kendall@80: 0.2462
Epoch 53/150 | Train Loss: 0.0329 | Epoch Time: 0.42s | Spearman@80: 0.4619 | Kendall@80: 0.3312
Epoch 54/150 | Train Loss: 0.0421 | Epoch Time: 0.42s | Spearman@80: 0.4667 | Kendall@80: 0.3356
Epoch 55/150 | Train Loss: 0.0387 | Epoch Time: 0.44s | Spearman@80: 0.4417 | Kendall@80: 0.3090
Epoch 56/150 | Train Loss: 0.0424 | Epoch Time: 0.43s | Spearman@80: 0.3900 | Kendall@80: 0.2672
Epoch 57/150 | Train Loss: 0.0316 | Epoch Time: 0.42s | Spearman@80: 0.3215 | Kendall@80: 0.2228
Epoch 58/150 | Train Loss: 0.0330 | Epoch Time: 0.43s | Spearman@80: 0.4359 | Kendall@80: 0.3039
Epoch 59/150 | Train Loss: 0.0305 | Epoch Time: 0.42s | Spearman@80: 0.3556 | Kendall@80: 0.2475
Epoch 60/150 | Train Loss: 0.0288 | Epoch Time: 0.43s | Spearman@80: 0.3943 | Kendall@80: 0.2729
Epoch 61/150 | Train Loss: 0.0283 | Epoch Time: 0.42s | Spearman@80: 0.4504 | Kendall@80: 0.3198
Epoch 62/150 | Train Loss: 0.0374 | Epoch Time: 0.42s | Spearman@80: 0.4775 | Kendall@80: 0.3419
Epoch 63/150 | Train Loss: 0.0373 | Epoch Time: 0.42s | Spearman@80: 0.4390 | Kendall@80: 0.3071
Epoch 64/150 | Train Loss: 0.0329 | Epoch Time: 0.44s | Spearman@80: 0.3905 | Kendall@80: 0.2729
Epoch 65/150 | Train Loss: 0.0385 | Epoch Time: 0.44s | Spearman@80: 0.4072 | Kendall@80: 0.2868
Epoch 66/150 | Train Loss: 0.0257 | Epoch Time: 0.42s | Spearman@80: 0.4041 | Kendall@80: 0.2874
Epoch 67/150 | Train Loss: 0.0326 | Epoch Time: 0.43s | Spearman@80: 0.3760 | Kendall@80: 0.2653
Epoch 68/150 | Train Loss: 0.0285 | Epoch Time: 0.42s | Spearman@80: 0.3803 | Kendall@80: 0.2646
Epoch 69/150 | Train Loss: 0.0218 | Epoch Time: 0.44s | Spearman@80: 0.4065 | Kendall@80: 0.2881
Epoch 70/150 | Train Loss: 0.0250 | Epoch Time: 0.43s | Spearman@80: 0.4117 | Kendall@80: 0.2874
Epoch 71/150 | Train Loss: 0.0238 | Epoch Time: 0.42s | Spearman@80: 0.4341 | Kendall@80: 0.3090
Epoch 72/150 | Train Loss: 0.0358 | Epoch Time: 0.43s | Spearman@80: 0.4146 | Kendall@80: 0.2944
Epoch 73/150 | Train Loss: 0.0325 | Epoch Time: 0.43s | Spearman@80: 0.3620 | Kendall@80: 0.2576
Epoch 74/150 | Train Loss: 0.0223 | Epoch Time: 0.42s | Spearman@80: 0.3704 | Kendall@80: 0.2538
Epoch 75/150 | Train Loss: 0.0309 | Epoch Time: 0.43s | Spearman@80: 0.4188 | Kendall@80: 0.2957
Epoch 76/150 | Train Loss: 0.0264 | Epoch Time: 0.42s | Spearman@80: 0.4287 | Kendall@80: 0.3026
Epoch 77/150 | Train Loss: 0.0258 | Epoch Time: 0.42s | Spearman@80: 0.4532 | Kendall@80: 0.3223
Epoch 78/150 | Train Loss: 0.0233 | Epoch Time: 0.44s | Spearman@80: 0.4663 | Kendall@80: 0.3343
Epoch 79/150 | Train Loss: 0.0272 | Epoch Time: 0.42s | Spearman@80: 0.4912 | Kendall@80: 0.3508
Epoch 80/150 | Train Loss: 0.0277 | Epoch Time: 0.45s | Spearman@80: 0.4585 | Kendall@80: 0.3293
Epoch 81/150 | Train Loss: 0.0235 | Epoch Time: 0.42s | Spearman@80: 0.4496 | Kendall@80: 0.3160
Epoch 82/150 | Train Loss: 0.0270 | Epoch Time: 0.42s | Spearman@80: 0.4424 | Kendall@80: 0.3115
Epoch 83/150 | Train Loss: 0.0228 | Epoch Time: 0.42s | Spearman@80: 0.4195 | Kendall@80: 0.2950
Epoch 84/150 | Train Loss: 0.0229 | Epoch Time: 0.46s | Spearman@80: 0.3982 | Kendall@80: 0.2805
Epoch 85/150 | Train Loss: 0.0238 | Epoch Time: 0.42s | Spearman@80: 0.4602 | Kendall@80: 0.3255
Epoch 86/150 | Train Loss: 0.0204 | Epoch Time: 0.42s | Spearman@80: 0.4429 | Kendall@80: 0.3090
Epoch 87/150 | Train Loss: 0.0216 | Epoch Time: 0.42s | Spearman@80: 0.4606 | Kendall@80: 0.3261
Epoch 88/150 | Train Loss: 0.0254 | Epoch Time: 0.46s | Spearman@80: 0.4769 | Kendall@80: 0.3432
Epoch 89/150 | Train Loss: 0.0209 | Epoch Time: 0.42s | Spearman@80: 0.4349 | Kendall@80: 0.3090
Epoch 90/150 | Train Loss: 0.0182 | Epoch Time: 0.42s | Spearman@80: 0.4263 | Kendall@80: 0.2982
Epoch 91/150 | Train Loss: 0.0181 | Epoch Time: 0.42s | Spearman@80: 0.4294 | Kendall@80: 0.2995
Epoch 92/150 | Train Loss: 0.0207 | Epoch Time: 0.43s | Spearman@80: 0.4024 | Kendall@80: 0.2811
Epoch 93/150 | Train Loss: 0.0178 | Epoch Time: 0.42s | Spearman@80: 0.4002 | Kendall@80: 0.2773
Epoch 94/150 | Train Loss: 0.0188 | Epoch Time: 0.43s | Spearman@80: 0.4204 | Kendall@80: 0.2944
Epoch 95/150 | Train Loss: 0.0226 | Epoch Time: 0.44s | Spearman@80: 0.3763 | Kendall@80: 0.2646
Epoch 96/150 | Train Loss: 0.0287 | Epoch Time: 0.43s | Spearman@80: 0.3980 | Kendall@80: 0.2779
Epoch 97/150 | Train Loss: 0.0215 | Epoch Time: 0.42s | Spearman@80: 0.4170 | Kendall@80: 0.2925
Epoch 98/150 | Train Loss: 0.0260 | Epoch Time: 0.42s | Spearman@80: 0.3889 | Kendall@80: 0.2729
Epoch 99/150 | Train Loss: 0.0130 | Epoch Time: 0.42s | Spearman@80: 0.4168 | Kendall@80: 0.2957
Epoch 100/150 | Train Loss: 0.0197 | Epoch Time: 0.42s | Spearman@80: 0.4384 | Kendall@80: 0.3077
Epoch 101/150 | Train Loss: 0.0203 | Epoch Time: 0.42s | Spearman@80: 0.4294 | Kendall@80: 0.3014
Epoch 102/150 | Train Loss: 0.0153 | Epoch Time: 0.44s | Spearman@80: 0.4072 | Kendall@80: 0.2824
Epoch 103/150 | Train Loss: 0.0183 | Epoch Time: 0.42s | Spearman@80: 0.4172 | Kendall@80: 0.2957
Epoch 104/150 | Train Loss: 0.0223 | Epoch Time: 0.42s | Spearman@80: 0.4224 | Kendall@80: 0.3001
Epoch 105/150 | Train Loss: 0.0170 | Epoch Time: 0.43s | Spearman@80: 0.4376 | Kendall@80: 0.3096
Epoch 106/150 | Train Loss: 0.0157 | Epoch Time: 0.42s | Spearman@80: 0.4318 | Kendall@80: 0.3096
Epoch 107/150 | Train Loss: 0.0133 | Epoch Time: 0.43s | Spearman@80: 0.3876 | Kendall@80: 0.2697
Epoch 108/150 | Train Loss: 0.0099 | Epoch Time: 0.43s | Spearman@80: 0.3796 | Kendall@80: 0.2621
Epoch 109/150 | Train Loss: 0.0222 | Epoch Time: 0.45s | Spearman@80: 0.4231 | Kendall@80: 0.2957
Epoch 110/150 | Train Loss: 0.0209 | Epoch Time: 0.42s | Spearman@80: 0.4146 | Kendall@80: 0.2944
Epoch 111/150 | Train Loss: 0.0211 | Epoch Time: 0.43s | Spearman@80: 0.3887 | Kendall@80: 0.2703
Epoch 112/150 | Train Loss: 0.0142 | Epoch Time: 0.43s | Spearman@80: 0.3985 | Kendall@80: 0.2824
Epoch 113/150 | Train Loss: 0.0219 | Epoch Time: 0.42s | Spearman@80: 0.3883 | Kendall@80: 0.2716
Epoch 114/150 | Train Loss: 0.0169 | Epoch Time: 0.43s | Spearman@80: 0.3984 | Kendall@80: 0.2817
Epoch 115/150 | Train Loss: 0.0189 | Epoch Time: 0.43s | Spearman@80: 0.4232 | Kendall@80: 0.3026
Epoch 116/150 | Train Loss: 0.0140 | Epoch Time: 0.42s | Spearman@80: 0.4444 | Kendall@80: 0.3096
Epoch 117/150 | Train Loss: 0.0174 | Epoch Time: 0.44s | Spearman@80: 0.4278 | Kendall@80: 0.3007
Epoch 118/150 | Train Loss: 0.0179 | Epoch Time: 0.42s | Spearman@80: 0.4146 | Kendall@80: 0.2925
Epoch 119/150 | Train Loss: 0.0200 | Epoch Time: 0.43s | Spearman@80: 0.4270 | Kendall@80: 0.3026
Epoch 120/150 | Train Loss: 0.0152 | Epoch Time: 0.43s | Spearman@80: 0.4415 | Kendall@80: 0.3147
Epoch 121/150 | Train Loss: 0.0185 | Epoch Time: 0.43s | Spearman@80: 0.4382 | Kendall@80: 0.3096
Epoch 122/150 | Train Loss: 0.0152 | Epoch Time: 0.42s | Spearman@80: 0.4360 | Kendall@80: 0.3090
Epoch 123/150 | Train Loss: 0.0129 | Epoch Time: 0.43s | Spearman@80: 0.4194 | Kendall@80: 0.2976
Epoch 124/150 | Train Loss: 0.0176 | Epoch Time: 0.43s | Spearman@80: 0.4194 | Kendall@80: 0.2988
Epoch 125/150 | Train Loss: 0.0194 | Epoch Time: 0.42s | Spearman@80: 0.4287 | Kendall@80: 0.3020
Epoch 126/150 | Train Loss: 0.0144 | Epoch Time: 0.43s | Spearman@80: 0.4274 | Kendall@80: 0.3014
Epoch 127/150 | Train Loss: 0.0193 | Epoch Time: 0.42s | Spearman@80: 0.4280 | Kendall@80: 0.3007
Epoch 128/150 | Train Loss: 0.0185 | Epoch Time: 0.42s | Spearman@80: 0.4230 | Kendall@80: 0.2963
Epoch 129/150 | Train Loss: 0.0174 | Epoch Time: 0.42s | Spearman@80: 0.3946 | Kendall@80: 0.2786
Epoch 130/150 | Train Loss: 0.0189 | Epoch Time: 0.44s | Spearman@80: 0.4093 | Kendall@80: 0.2938
Epoch 131/150 | Train Loss: 0.0152 | Epoch Time: 0.43s | Spearman@80: 0.4211 | Kendall@80: 0.2969
Epoch 132/150 | Train Loss: 0.0114 | Epoch Time: 0.42s | Spearman@80: 0.4050 | Kendall@80: 0.2855
Epoch 133/150 | Train Loss: 0.0183 | Epoch Time: 0.42s | Spearman@80: 0.4116 | Kendall@80: 0.2912
Epoch 134/150 | Train Loss: 0.0117 | Epoch Time: 0.42s | Spearman@80: 0.4130 | Kendall@80: 0.2938
Epoch 135/150 | Train Loss: 0.0148 | Epoch Time: 0.44s | Spearman@80: 0.4110 | Kendall@80: 0.2931
Epoch 136/150 | Train Loss: 0.0120 | Epoch Time: 0.43s | Spearman@80: 0.4072 | Kendall@80: 0.2881
Epoch 137/150 | Train Loss: 0.0182 | Epoch Time: 0.42s | Spearman@80: 0.4239 | Kendall@80: 0.3033
Epoch 138/150 | Train Loss: 0.0160 | Epoch Time: 0.42s | Spearman@80: 0.4102 | Kendall@80: 0.2887
Epoch 139/150 | Train Loss: 0.0178 | Epoch Time: 0.42s | Spearman@80: 0.4094 | Kendall@80: 0.2906
Epoch 140/150 | Train Loss: 0.0168 | Epoch Time: 0.42s | Spearman@80: 0.4085 | Kendall@80: 0.2881
Epoch 141/150 | Train Loss: 0.0104 | Epoch Time: 0.42s | Spearman@80: 0.4095 | Kendall@80: 0.2893
Epoch 142/150 | Train Loss: 0.0140 | Epoch Time: 0.44s | Spearman@80: 0.4054 | Kendall@80: 0.2849
Epoch 143/150 | Train Loss: 0.0159 | Epoch Time: 0.42s | Spearman@80: 0.4066 | Kendall@80: 0.2874
Epoch 144/150 | Train Loss: 0.0161 | Epoch Time: 0.43s | Spearman@80: 0.4063 | Kendall@80: 0.2874
Epoch 145/150 | Train Loss: 0.0131 | Epoch Time: 0.42s | Spearman@80: 0.4026 | Kendall@80: 0.2862
Epoch 146/150 | Train Loss: 0.0139 | Epoch Time: 0.42s | Spearman@80: 0.3964 | Kendall@80: 0.2798
Epoch 147/150 | Train Loss: 0.0219 | Epoch Time: 1.24s | Spearman@4934: 0.5662 | Kendall@4934: 0.3984
Epoch 148/150 | Train Loss: 0.0160 | Epoch Time: 1.25s | Spearman@4934: 0.5691 | Kendall@4934: 0.4007
Epoch 149/150 | Train Loss: 0.0137 | Epoch Time: 1.25s | Spearman@4934: 0.5674 | Kendall@4934: 0.3993
Epoch 150/150 | Train Loss: 0.0105 | Epoch Time: 1.24s | Spearman@4934: 0.5656 | Kendall@4934: 0.3979
Sample Count: 64, Spearman: 0.5670902230768382, Kendall: 0.3990749648742132
{64: (0.5670902230768382, 0.3990749648742132),
 128: (0.7055512729663549, 0.5148191155956985)}
Epoch 1/150 | Train Loss: 0.0999 | Epoch Time: 0.84s | Spearman@80: 0.6464 | Kendall@80: 0.4591
Epoch 2/150 | Train Loss: 0.0900 | Epoch Time: 0.83s | Spearman@80: 0.7007 | Kendall@80: 0.5111
Epoch 3/150 | Train Loss: 0.0785 | Epoch Time: 0.84s | Spearman@80: 0.7336 | Kendall@80: 0.5422
Epoch 4/150 | Train Loss: 0.0714 | Epoch Time: 0.83s | Spearman@80: 0.7729 | Kendall@80: 0.5732
Epoch 5/150 | Train Loss: 0.0652 | Epoch Time: 0.83s | Spearman@80: 0.7363 | Kendall@80: 0.5358
Epoch 6/150 | Train Loss: 0.0572 | Epoch Time: 0.83s | Spearman@80: 0.7455 | Kendall@80: 0.5428
Epoch 7/150 | Train Loss: 0.0602 | Epoch Time: 0.85s | Spearman@80: 0.7156 | Kendall@80: 0.5200
Epoch 8/150 | Train Loss: 0.0636 | Epoch Time: 0.82s | Spearman@80: 0.7221 | Kendall@80: 0.5308
Epoch 9/150 | Train Loss: 0.0550 | Epoch Time: 0.84s | Spearman@80: 0.7064 | Kendall@80: 0.5181
Epoch 10/150 | Train Loss: 0.0544 | Epoch Time: 0.86s | Spearman@80: 0.7210 | Kendall@80: 0.5244
Epoch 11/150 | Train Loss: 0.0586 | Epoch Time: 0.83s | Spearman@80: 0.6833 | Kendall@80: 0.4997
Epoch 12/150 | Train Loss: 0.0442 | Epoch Time: 0.88s | Spearman@80: 0.7058 | Kendall@80: 0.5143
Epoch 13/150 | Train Loss: 0.0503 | Epoch Time: 0.83s | Spearman@80: 0.7417 | Kendall@80: 0.5504
Epoch 14/150 | Train Loss: 0.0501 | Epoch Time: 0.84s | Spearman@80: 0.7090 | Kendall@80: 0.5124
Epoch 15/150 | Train Loss: 0.0537 | Epoch Time: 0.83s | Spearman@80: 0.7281 | Kendall@80: 0.5371
Epoch 16/150 | Train Loss: 0.0475 | Epoch Time: 0.83s | Spearman@80: 0.7336 | Kendall@80: 0.5371
Epoch 17/150 | Train Loss: 0.0492 | Epoch Time: 0.82s | Spearman@80: 0.7168 | Kendall@80: 0.5212
Epoch 18/150 | Train Loss: 0.0532 | Epoch Time: 0.82s | Spearman@80: 0.7161 | Kendall@80: 0.5308
Epoch 19/150 | Train Loss: 0.0497 | Epoch Time: 0.84s | Spearman@80: 0.6932 | Kendall@80: 0.5130
Epoch 20/150 | Train Loss: 0.0488 | Epoch Time: 0.82s | Spearman@80: 0.7560 | Kendall@80: 0.5612
Epoch 21/150 | Train Loss: 0.0392 | Epoch Time: 0.84s | Spearman@80: 0.7315 | Kendall@80: 0.5320
Epoch 22/150 | Train Loss: 0.0453 | Epoch Time: 0.85s | Spearman@80: 0.6825 | Kendall@80: 0.5029
Epoch 23/150 | Train Loss: 0.0438 | Epoch Time: 0.83s | Spearman@80: 0.7395 | Kendall@80: 0.5472
Epoch 24/150 | Train Loss: 0.0444 | Epoch Time: 0.83s | Spearman@80: 0.6923 | Kendall@80: 0.5136
Epoch 25/150 | Train Loss: 0.0495 | Epoch Time: 0.84s | Spearman@80: 0.7344 | Kendall@80: 0.5409
Epoch 26/150 | Train Loss: 0.0474 | Epoch Time: 0.83s | Spearman@80: 0.7079 | Kendall@80: 0.5092
Epoch 27/150 | Train Loss: 0.0418 | Epoch Time: 0.82s | Spearman@80: 0.7107 | Kendall@80: 0.5155
Epoch 28/150 | Train Loss: 0.0435 | Epoch Time: 0.82s | Spearman@80: 0.7059 | Kendall@80: 0.5244
Epoch 29/150 | Train Loss: 0.0478 | Epoch Time: 0.85s | Spearman@80: 0.7596 | Kendall@80: 0.5599
Epoch 30/150 | Train Loss: 0.0439 | Epoch Time: 0.83s | Spearman@80: 0.7643 | Kendall@80: 0.5606
Epoch 31/150 | Train Loss: 0.0418 | Epoch Time: 0.84s | Spearman@80: 0.7614 | Kendall@80: 0.5751
Epoch 32/150 | Train Loss: 0.0393 | Epoch Time: 0.83s | Spearman@80: 0.7745 | Kendall@80: 0.5783
Epoch 33/150 | Train Loss: 0.0477 | Epoch Time: 0.84s | Spearman@80: 0.7466 | Kendall@80: 0.5536
Epoch 34/150 | Train Loss: 0.0361 | Epoch Time: 0.83s | Spearman@80: 0.7590 | Kendall@80: 0.5606
Epoch 35/150 | Train Loss: 0.0464 | Epoch Time: 0.84s | Spearman@80: 0.6841 | Kendall@80: 0.4971
Epoch 36/150 | Train Loss: 0.0440 | Epoch Time: 0.84s | Spearman@80: 0.7535 | Kendall@80: 0.5542
Epoch 37/150 | Train Loss: 0.0400 | Epoch Time: 0.84s | Spearman@80: 0.7277 | Kendall@80: 0.5308
Epoch 38/150 | Train Loss: 0.0388 | Epoch Time: 0.83s | Spearman@80: 0.6881 | Kendall@80: 0.5060
Epoch 39/150 | Train Loss: 0.0392 | Epoch Time: 0.84s | Spearman@80: 0.7055 | Kendall@80: 0.5035
Epoch 40/150 | Train Loss: 0.0417 | Epoch Time: 0.82s | Spearman@80: 0.7482 | Kendall@80: 0.5529
Epoch 41/150 | Train Loss: 0.0416 | Epoch Time: 0.83s | Spearman@80: 0.7544 | Kendall@80: 0.5555
Epoch 42/150 | Train Loss: 0.0338 | Epoch Time: 0.83s | Spearman@80: 0.7338 | Kendall@80: 0.5301
Epoch 43/150 | Train Loss: 0.0412 | Epoch Time: 0.84s | Spearman@80: 0.7355 | Kendall@80: 0.5542
Epoch 44/150 | Train Loss: 0.0363 | Epoch Time: 0.84s | Spearman@80: 0.7303 | Kendall@80: 0.5409
Epoch 45/150 | Train Loss: 0.0424 | Epoch Time: 0.82s | Spearman@80: 0.7488 | Kendall@80: 0.5542
Epoch 46/150 | Train Loss: 0.0408 | Epoch Time: 0.88s | Spearman@80: 0.6779 | Kendall@80: 0.5079
Epoch 47/150 | Train Loss: 0.0427 | Epoch Time: 0.84s | Spearman@80: 0.7257 | Kendall@80: 0.5225
Epoch 48/150 | Train Loss: 0.0409 | Epoch Time: 0.84s | Spearman@80: 0.7509 | Kendall@80: 0.5536
Epoch 49/150 | Train Loss: 0.0507 | Epoch Time: 0.82s | Spearman@80: 0.7685 | Kendall@80: 0.5663
Epoch 50/150 | Train Loss: 0.0394 | Epoch Time: 0.84s | Spearman@80: 0.7125 | Kendall@80: 0.5250
Epoch 51/150 | Train Loss: 0.0418 | Epoch Time: 0.85s | Spearman@80: 0.7581 | Kendall@80: 0.5587
Epoch 52/150 | Train Loss: 0.0360 | Epoch Time: 0.84s | Spearman@80: 0.7594 | Kendall@80: 0.5713
Epoch 53/150 | Train Loss: 0.0398 | Epoch Time: 0.83s | Spearman@80: 0.7586 | Kendall@80: 0.5758
Epoch 54/150 | Train Loss: 0.0432 | Epoch Time: 0.82s | Spearman@80: 0.7472 | Kendall@80: 0.5568
Epoch 55/150 | Train Loss: 0.0411 | Epoch Time: 0.82s | Spearman@80: 0.7343 | Kendall@80: 0.5460
Epoch 56/150 | Train Loss: 0.0350 | Epoch Time: 0.85s | Spearman@80: 0.7559 | Kendall@80: 0.5574
Epoch 57/150 | Train Loss: 0.0386 | Epoch Time: 0.83s | Spearman@80: 0.7308 | Kendall@80: 0.5409
Epoch 58/150 | Train Loss: 0.0363 | Epoch Time: 0.88s | Spearman@80: 0.7488 | Kendall@80: 0.5732
Epoch 59/150 | Train Loss: 0.0336 | Epoch Time: 0.84s | Spearman@80: 0.7356 | Kendall@80: 0.5472
Epoch 60/150 | Train Loss: 0.0352 | Epoch Time: 0.84s | Spearman@80: 0.7405 | Kendall@80: 0.5434
Epoch 61/150 | Train Loss: 0.0339 | Epoch Time: 0.85s | Spearman@80: 0.7470 | Kendall@80: 0.5561
Epoch 62/150 | Train Loss: 0.0373 | Epoch Time: 0.84s | Spearman@80: 0.7805 | Kendall@80: 0.5828
Epoch 63/150 | Train Loss: 0.0350 | Epoch Time: 0.83s | Spearman@80: 0.7301 | Kendall@80: 0.5453
Epoch 64/150 | Train Loss: 0.0316 | Epoch Time: 0.82s | Spearman@80: 0.7838 | Kendall@80: 0.5853
Epoch 65/150 | Train Loss: 0.0301 | Epoch Time: 0.84s | Spearman@80: 0.7242 | Kendall@80: 0.5396
Epoch 66/150 | Train Loss: 0.0326 | Epoch Time: 0.83s | Spearman@80: 0.7805 | Kendall@80: 0.5821
Epoch 67/150 | Train Loss: 0.0279 | Epoch Time: 0.82s | Spearman@80: 0.7654 | Kendall@80: 0.5732
Epoch 68/150 | Train Loss: 0.0314 | Epoch Time: 0.84s | Spearman@80: 0.7398 | Kendall@80: 0.5536
Epoch 69/150 | Train Loss: 0.0296 | Epoch Time: 0.83s | Spearman@80: 0.7459 | Kendall@80: 0.5549
Epoch 70/150 | Train Loss: 0.0331 | Epoch Time: 0.85s | Spearman@80: 0.7275 | Kendall@80: 0.5384
Epoch 71/150 | Train Loss: 0.0333 | Epoch Time: 0.83s | Spearman@80: 0.7697 | Kendall@80: 0.5789
Epoch 72/150 | Train Loss: 0.0289 | Epoch Time: 0.86s | Spearman@80: 0.7036 | Kendall@80: 0.5117
Epoch 73/150 | Train Loss: 0.0334 | Epoch Time: 0.83s | Spearman@80: 0.7345 | Kendall@80: 0.5529
Epoch 74/150 | Train Loss: 0.0322 | Epoch Time: 0.84s | Spearman@80: 0.7064 | Kendall@80: 0.5149
Epoch 75/150 | Train Loss: 0.0347 | Epoch Time: 0.83s | Spearman@80: 0.7721 | Kendall@80: 0.5789
Epoch 76/150 | Train Loss: 0.0271 | Epoch Time: 0.83s | Spearman@80: 0.7130 | Kendall@80: 0.5282
Epoch 77/150 | Train Loss: 0.0296 | Epoch Time: 0.83s | Spearman@80: 0.7598 | Kendall@80: 0.5688
Epoch 78/150 | Train Loss: 0.0326 | Epoch Time: 0.82s | Spearman@80: 0.7181 | Kendall@80: 0.5231
Epoch 79/150 | Train Loss: 0.0264 | Epoch Time: 0.85s | Spearman@80: 0.7362 | Kendall@80: 0.5555
Epoch 80/150 | Train Loss: 0.0291 | Epoch Time: 0.83s | Spearman@80: 0.7551 | Kendall@80: 0.5599
Epoch 81/150 | Train Loss: 0.0303 | Epoch Time: 0.84s | Spearman@80: 0.6976 | Kendall@80: 0.5162
Epoch 82/150 | Train Loss: 0.0319 | Epoch Time: 0.83s | Spearman@80: 0.7162 | Kendall@80: 0.5327
Epoch 83/150 | Train Loss: 0.0339 | Epoch Time: 0.86s | Spearman@80: 0.7330 | Kendall@80: 0.5422
Epoch 84/150 | Train Loss: 0.0322 | Epoch Time: 0.86s | Spearman@80: 0.7425 | Kendall@80: 0.5568
Epoch 85/150 | Train Loss: 0.0266 | Epoch Time: 0.89s | Spearman@80: 0.7077 | Kendall@80: 0.5231
Epoch 86/150 | Train Loss: 0.0266 | Epoch Time: 0.83s | Spearman@80: 0.7084 | Kendall@80: 0.5206
Epoch 87/150 | Train Loss: 0.0311 | Epoch Time: 0.83s | Spearman@80: 0.7461 | Kendall@80: 0.5587
Epoch 88/150 | Train Loss: 0.0256 | Epoch Time: 0.84s | Spearman@80: 0.7454 | Kendall@80: 0.5542
Epoch 89/150 | Train Loss: 0.0270 | Epoch Time: 0.82s | Spearman@80: 0.7178 | Kendall@80: 0.5390
Epoch 90/150 | Train Loss: 0.0286 | Epoch Time: 0.83s | Spearman@80: 0.7546 | Kendall@80: 0.5618
Epoch 91/150 | Train Loss: 0.0301 | Epoch Time: 0.87s | Spearman@80: 0.7475 | Kendall@80: 0.5644
Epoch 92/150 | Train Loss: 0.0251 | Epoch Time: 0.83s | Spearman@80: 0.7630 | Kendall@80: 0.5713
Epoch 93/150 | Train Loss: 0.0237 | Epoch Time: 0.85s | Spearman@80: 0.7294 | Kendall@80: 0.5479
Epoch 94/150 | Train Loss: 0.0294 | Epoch Time: 0.86s | Spearman@80: 0.7485 | Kendall@80: 0.5568
Epoch 95/150 | Train Loss: 0.0232 | Epoch Time: 0.83s | Spearman@80: 0.7572 | Kendall@80: 0.5739
Epoch 96/150 | Train Loss: 0.0307 | Epoch Time: 0.83s | Spearman@80: 0.7577 | Kendall@80: 0.5663
Epoch 97/150 | Train Loss: 0.0256 | Epoch Time: 0.84s | Spearman@80: 0.7192 | Kendall@80: 0.5289
Epoch 98/150 | Train Loss: 0.0325 | Epoch Time: 0.86s | Spearman@80: 0.7724 | Kendall@80: 0.5739
Epoch 99/150 | Train Loss: 0.0247 | Epoch Time: 0.83s | Spearman@80: 0.7401 | Kendall@80: 0.5504
Epoch 100/150 | Train Loss: 0.0271 | Epoch Time: 0.83s | Spearman@80: 0.7436 | Kendall@80: 0.5561
Epoch 101/150 | Train Loss: 0.0226 | Epoch Time: 0.83s | Spearman@80: 0.7557 | Kendall@80: 0.5631
Epoch 102/150 | Train Loss: 0.0252 | Epoch Time: 0.85s | Spearman@80: 0.7211 | Kendall@80: 0.5390
Epoch 103/150 | Train Loss: 0.0274 | Epoch Time: 0.83s | Spearman@80: 0.7577 | Kendall@80: 0.5675
Epoch 104/150 | Train Loss: 0.0202 | Epoch Time: 0.86s | Spearman@80: 0.7531 | Kendall@80: 0.5625
Epoch 105/150 | Train Loss: 0.0208 | Epoch Time: 0.82s | Spearman@80: 0.7543 | Kendall@80: 0.5669
Epoch 106/150 | Train Loss: 0.0198 | Epoch Time: 0.83s | Spearman@80: 0.7467 | Kendall@80: 0.5618
Epoch 107/150 | Train Loss: 0.0198 | Epoch Time: 0.82s | Spearman@80: 0.7529 | Kendall@80: 0.5656
Epoch 108/150 | Train Loss: 0.0251 | Epoch Time: 0.88s | Spearman@80: 0.7405 | Kendall@80: 0.5510
Epoch 109/150 | Train Loss: 0.0256 | Epoch Time: 0.85s | Spearman@80: 0.7287 | Kendall@80: 0.5434
Epoch 110/150 | Train Loss: 0.0223 | Epoch Time: 0.85s | Spearman@80: 0.7280 | Kendall@80: 0.5460
Epoch 111/150 | Train Loss: 0.0215 | Epoch Time: 0.88s | Spearman@80: 0.7253 | Kendall@80: 0.5403
Epoch 112/150 | Train Loss: 0.0235 | Epoch Time: 0.86s | Spearman@80: 0.7130 | Kendall@80: 0.5276
Epoch 113/150 | Train Loss: 0.0237 | Epoch Time: 0.85s | Spearman@80: 0.7434 | Kendall@80: 0.5523
Epoch 114/150 | Train Loss: 0.0191 | Epoch Time: 0.88s | Spearman@80: 0.7289 | Kendall@80: 0.5409
Epoch 115/150 | Train Loss: 0.0256 | Epoch Time: 0.87s | Spearman@80: 0.7254 | Kendall@80: 0.5371
Epoch 116/150 | Train Loss: 0.0245 | Epoch Time: 0.83s | Spearman@80: 0.7341 | Kendall@80: 0.5472
Epoch 117/150 | Train Loss: 0.0186 | Epoch Time: 0.82s | Spearman@80: 0.7364 | Kendall@80: 0.5523
Epoch 118/150 | Train Loss: 0.0233 | Epoch Time: 0.88s | Spearman@80: 0.7494 | Kendall@80: 0.5612
Epoch 119/150 | Train Loss: 0.0167 | Epoch Time: 0.88s | Spearman@80: 0.7375 | Kendall@80: 0.5510
Epoch 120/150 | Train Loss: 0.0214 | Epoch Time: 0.83s | Spearman@80: 0.7408 | Kendall@80: 0.5485
Epoch 121/150 | Train Loss: 0.0222 | Epoch Time: 0.89s | Spearman@80: 0.7431 | Kendall@80: 0.5542
Epoch 122/150 | Train Loss: 0.0188 | Epoch Time: 0.83s | Spearman@80: 0.7477 | Kendall@80: 0.5561
Epoch 123/150 | Train Loss: 0.0162 | Epoch Time: 0.86s | Spearman@80: 0.7468 | Kendall@80: 0.5587
Epoch 124/150 | Train Loss: 0.0202 | Epoch Time: 0.84s | Spearman@80: 0.7353 | Kendall@80: 0.5491
Epoch 125/150 | Train Loss: 0.0204 | Epoch Time: 0.85s | Spearman@80: 0.7450 | Kendall@80: 0.5549
Epoch 126/150 | Train Loss: 0.0130 | Epoch Time: 0.88s | Spearman@80: 0.7640 | Kendall@80: 0.5682
Epoch 127/150 | Train Loss: 0.0204 | Epoch Time: 0.85s | Spearman@80: 0.7604 | Kendall@80: 0.5663
Epoch 128/150 | Train Loss: 0.0185 | Epoch Time: 0.86s | Spearman@80: 0.7599 | Kendall@80: 0.5656
Epoch 129/150 | Train Loss: 0.0186 | Epoch Time: 0.85s | Spearman@80: 0.7639 | Kendall@80: 0.5669
Epoch 130/150 | Train Loss: 0.0190 | Epoch Time: 0.83s | Spearman@80: 0.7591 | Kendall@80: 0.5663
Epoch 131/150 | Train Loss: 0.0184 | Epoch Time: 0.82s | Spearman@80: 0.7555 | Kendall@80: 0.5631
Epoch 132/150 | Train Loss: 0.0161 | Epoch Time: 0.84s | Spearman@80: 0.7577 | Kendall@80: 0.5656
Epoch 133/150 | Train Loss: 0.0204 | Epoch Time: 0.84s | Spearman@80: 0.7517 | Kendall@80: 0.5574
Epoch 134/150 | Train Loss: 0.0185 | Epoch Time: 0.84s | Spearman@80: 0.7610 | Kendall@80: 0.5675
Epoch 135/150 | Train Loss: 0.0191 | Epoch Time: 0.84s | Spearman@80: 0.7565 | Kendall@80: 0.5656
Epoch 136/150 | Train Loss: 0.0145 | Epoch Time: 0.88s | Spearman@80: 0.7506 | Kendall@80: 0.5574
Epoch 137/150 | Train Loss: 0.0164 | Epoch Time: 0.86s | Spearman@80: 0.7515 | Kendall@80: 0.5574
Epoch 138/150 | Train Loss: 0.0147 | Epoch Time: 0.89s | Spearman@80: 0.7516 | Kendall@80: 0.5580
Epoch 139/150 | Train Loss: 0.0180 | Epoch Time: 0.83s | Spearman@80: 0.7505 | Kendall@80: 0.5612
Epoch 140/150 | Train Loss: 0.0131 | Epoch Time: 0.87s | Spearman@80: 0.7522 | Kendall@80: 0.5618
Epoch 141/150 | Train Loss: 0.0165 | Epoch Time: 0.84s | Spearman@80: 0.7508 | Kendall@80: 0.5625
Epoch 142/150 | Train Loss: 0.0179 | Epoch Time: 0.92s | Spearman@80: 0.7504 | Kendall@80: 0.5574
Epoch 143/150 | Train Loss: 0.0190 | Epoch Time: 0.87s | Spearman@80: 0.7477 | Kendall@80: 0.5568
Epoch 144/150 | Train Loss: 0.0166 | Epoch Time: 0.84s | Spearman@80: 0.7508 | Kendall@80: 0.5593
Epoch 145/150 | Train Loss: 0.0142 | Epoch Time: 0.86s | Spearman@80: 0.7514 | Kendall@80: 0.5580
Epoch 146/150 | Train Loss: 0.0166 | Epoch Time: 0.84s | Spearman@80: 0.7511 | Kendall@80: 0.5625
Epoch 147/150 | Train Loss: 0.0176 | Epoch Time: 1.63s | Spearman@4870: 0.6794 | Kendall@4870: 0.4922
Epoch 148/150 | Train Loss: 0.0198 | Epoch Time: 1.65s | Spearman@4870: 0.6776 | Kendall@4870: 0.4906
Epoch 149/150 | Train Loss: 0.0179 | Epoch Time: 1.64s | Spearman@4870: 0.6802 | Kendall@4870: 0.4930
Epoch 150/150 | Train Loss: 0.0163 | Epoch Time: 1.65s | Spearman@4870: 0.6834 | Kendall@4870: 0.4960
Sample Count: 128, Spearman: 0.6801480112933838, Kendall: 0.4929594757362015
{64: (0.5670902230768382, 0.3990749648742132),
 128: (0.6801480112933838, 0.4929594757362015)}
Epoch 1/150 | Train Loss: 0.0998 | Epoch Time: 0.43s | Spearman@80: 0.5769 | Kendall@80: 0.4190
Epoch 2/150 | Train Loss: 0.0925 | Epoch Time: 0.43s | Spearman@80: 0.4896 | Kendall@80: 0.3424
Epoch 3/150 | Train Loss: 0.0804 | Epoch Time: 0.44s | Spearman@80: 0.5578 | Kendall@80: 0.3873
Epoch 4/150 | Train Loss: 0.0691 | Epoch Time: 0.46s | Spearman@80: 0.6696 | Kendall@80: 0.4912
Epoch 5/150 | Train Loss: 0.0612 | Epoch Time: 0.42s | Spearman@80: 0.6825 | Kendall@80: 0.4994
Epoch 6/150 | Train Loss: 0.0594 | Epoch Time: 0.44s | Spearman@80: 0.7161 | Kendall@80: 0.5317
Epoch 7/150 | Train Loss: 0.0547 | Epoch Time: 0.43s | Spearman@80: 0.7481 | Kendall@80: 0.5432
Epoch 8/150 | Train Loss: 0.0517 | Epoch Time: 0.46s | Spearman@80: 0.7398 | Kendall@80: 0.5457
Epoch 9/150 | Train Loss: 0.0421 | Epoch Time: 0.44s | Spearman@80: 0.7260 | Kendall@80: 0.5330
Epoch 10/150 | Train Loss: 0.0493 | Epoch Time: 0.44s | Spearman@80: 0.7330 | Kendall@80: 0.5343
Epoch 11/150 | Train Loss: 0.0438 | Epoch Time: 0.44s | Spearman@80: 0.7545 | Kendall@80: 0.5653
Epoch 12/150 | Train Loss: 0.0507 | Epoch Time: 0.42s | Spearman@80: 0.7161 | Kendall@80: 0.5311
Epoch 13/150 | Train Loss: 0.0363 | Epoch Time: 0.46s | Spearman@80: 0.7227 | Kendall@80: 0.5387
Epoch 14/150 | Train Loss: 0.0546 | Epoch Time: 0.44s | Spearman@80: 0.7165 | Kendall@80: 0.5241
Epoch 15/150 | Train Loss: 0.0408 | Epoch Time: 0.47s | Spearman@80: 0.6890 | Kendall@80: 0.5102
Epoch 16/150 | Train Loss: 0.0390 | Epoch Time: 0.43s | Spearman@80: 0.7102 | Kendall@80: 0.5260
Epoch 17/150 | Train Loss: 0.0419 | Epoch Time: 0.45s | Spearman@80: 0.7097 | Kendall@80: 0.5134
Epoch 18/150 | Train Loss: 0.0338 | Epoch Time: 0.43s | Spearman@80: 0.7159 | Kendall@80: 0.5317
Epoch 19/150 | Train Loss: 0.0392 | Epoch Time: 0.42s | Spearman@80: 0.6772 | Kendall@80: 0.5045
Epoch 20/150 | Train Loss: 0.0396 | Epoch Time: 0.42s | Spearman@80: 0.6868 | Kendall@80: 0.5020
Epoch 21/150 | Train Loss: 0.0426 | Epoch Time: 0.45s | Spearman@80: 0.6029 | Kendall@80: 0.4177
Epoch 22/150 | Train Loss: 0.0360 | Epoch Time: 0.44s | Spearman@80: 0.6546 | Kendall@80: 0.4849
Epoch 23/150 | Train Loss: 0.0405 | Epoch Time: 0.44s | Spearman@80: 0.6558 | Kendall@80: 0.4817
Epoch 24/150 | Train Loss: 0.0388 | Epoch Time: 0.42s | Spearman@80: 0.6548 | Kendall@80: 0.4735
Epoch 25/150 | Train Loss: 0.0392 | Epoch Time: 0.43s | Spearman@80: 0.6381 | Kendall@80: 0.4627
Epoch 26/150 | Train Loss: 0.0402 | Epoch Time: 0.43s | Spearman@80: 0.6161 | Kendall@80: 0.4481
Epoch 27/150 | Train Loss: 0.0338 | Epoch Time: 0.43s | Spearman@80: 0.6671 | Kendall@80: 0.4899
Epoch 28/150 | Train Loss: 0.0324 | Epoch Time: 0.42s | Spearman@80: 0.6183 | Kendall@80: 0.4526
Epoch 29/150 | Train Loss: 0.0343 | Epoch Time: 0.43s | Spearman@80: 0.5612 | Kendall@80: 0.3987
Epoch 30/150 | Train Loss: 0.0414 | Epoch Time: 0.46s | Spearman@80: 0.5908 | Kendall@80: 0.4209
Epoch 31/150 | Train Loss: 0.0302 | Epoch Time: 0.43s | Spearman@80: 0.6117 | Kendall@80: 0.4418
Epoch 32/150 | Train Loss: 0.0325 | Epoch Time: 0.44s | Spearman@80: 0.6096 | Kendall@80: 0.4355
Epoch 33/150 | Train Loss: 0.0322 | Epoch Time: 0.46s | Spearman@80: 0.5737 | Kendall@80: 0.4057
Epoch 34/150 | Train Loss: 0.0305 | Epoch Time: 0.44s | Spearman@80: 0.5973 | Kendall@80: 0.4412
Epoch 35/150 | Train Loss: 0.0375 | Epoch Time: 0.42s | Spearman@80: 0.6341 | Kendall@80: 0.4671
Epoch 36/150 | Train Loss: 0.0335 | Epoch Time: 0.46s | Spearman@80: 0.6582 | Kendall@80: 0.4779
Epoch 37/150 | Train Loss: 0.0293 | Epoch Time: 0.47s | Spearman@80: 0.5771 | Kendall@80: 0.4051
Epoch 38/150 | Train Loss: 0.0443 | Epoch Time: 0.43s | Spearman@80: 0.5841 | Kendall@80: 0.4241
Epoch 39/150 | Train Loss: 0.0343 | Epoch Time: 0.42s | Spearman@80: 0.5704 | Kendall@80: 0.4120
Epoch 40/150 | Train Loss: 0.0314 | Epoch Time: 0.45s | Spearman@80: 0.5627 | Kendall@80: 0.3968
Epoch 41/150 | Train Loss: 0.0477 | Epoch Time: 0.44s | Spearman@80: 0.6075 | Kendall@80: 0.4266
Epoch 42/150 | Train Loss: 0.0365 | Epoch Time: 0.44s | Spearman@80: 0.5851 | Kendall@80: 0.4171
Epoch 43/150 | Train Loss: 0.0300 | Epoch Time: 0.45s | Spearman@80: 0.5938 | Kendall@80: 0.4215
Epoch 44/150 | Train Loss: 0.0287 | Epoch Time: 0.44s | Spearman@80: 0.5826 | Kendall@80: 0.4089
Epoch 45/150 | Train Loss: 0.0308 | Epoch Time: 0.44s | Spearman@80: 0.6113 | Kendall@80: 0.4418
Epoch 46/150 | Train Loss: 0.0303 | Epoch Time: 0.46s | Spearman@80: 0.5686 | Kendall@80: 0.4025
Epoch 47/150 | Train Loss: 0.0241 | Epoch Time: 0.45s | Spearman@80: 0.5751 | Kendall@80: 0.4057
Epoch 48/150 | Train Loss: 0.0349 | Epoch Time: 0.43s | Spearman@80: 0.5792 | Kendall@80: 0.4095
Epoch 49/150 | Train Loss: 0.0341 | Epoch Time: 0.47s | Spearman@80: 0.5910 | Kendall@80: 0.4139
Epoch 50/150 | Train Loss: 0.0356 | Epoch Time: 0.43s | Spearman@80: 0.6092 | Kendall@80: 0.4380
Epoch 51/150 | Train Loss: 0.0209 | Epoch Time: 0.46s | Spearman@80: 0.6151 | Kendall@80: 0.4367
Epoch 52/150 | Train Loss: 0.0241 | Epoch Time: 0.47s | Spearman@80: 0.5624 | Kendall@80: 0.4013
Epoch 53/150 | Train Loss: 0.0355 | Epoch Time: 0.42s | Spearman@80: 0.5626 | Kendall@80: 0.4006
Epoch 54/150 | Train Loss: 0.0266 | Epoch Time: 0.45s | Spearman@80: 0.5987 | Kendall@80: 0.4253
Epoch 55/150 | Train Loss: 0.0337 | Epoch Time: 0.44s | Spearman@80: 0.6159 | Kendall@80: 0.4475
Epoch 56/150 | Train Loss: 0.0353 | Epoch Time: 0.43s | Spearman@80: 0.6244 | Kendall@80: 0.4551
Epoch 57/150 | Train Loss: 0.0295 | Epoch Time: 0.44s | Spearman@80: 0.6121 | Kendall@80: 0.4431
Epoch 58/150 | Train Loss: 0.0321 | Epoch Time: 0.45s | Spearman@80: 0.6110 | Kendall@80: 0.4481
Epoch 59/150 | Train Loss: 0.0266 | Epoch Time: 0.44s | Spearman@80: 0.5789 | Kendall@80: 0.4203
Epoch 60/150 | Train Loss: 0.0242 | Epoch Time: 0.46s | Spearman@80: 0.5803 | Kendall@80: 0.4177
Epoch 61/150 | Train Loss: 0.0331 | Epoch Time: 0.45s | Spearman@80: 0.6132 | Kendall@80: 0.4488
Epoch 62/150 | Train Loss: 0.0306 | Epoch Time: 0.44s | Spearman@80: 0.6256 | Kendall@80: 0.4602
Epoch 63/150 | Train Loss: 0.0278 | Epoch Time: 0.43s | Spearman@80: 0.6453 | Kendall@80: 0.4728
Epoch 64/150 | Train Loss: 0.0265 | Epoch Time: 0.43s | Spearman@80: 0.5703 | Kendall@80: 0.4101
Epoch 65/150 | Train Loss: 0.0266 | Epoch Time: 0.43s | Spearman@80: 0.5696 | Kendall@80: 0.4177
Epoch 66/150 | Train Loss: 0.0196 | Epoch Time: 0.44s | Spearman@80: 0.5644 | Kendall@80: 0.4127
Epoch 67/150 | Train Loss: 0.0293 | Epoch Time: 0.43s | Spearman@80: 0.5676 | Kendall@80: 0.4095
Epoch 68/150 | Train Loss: 0.0252 | Epoch Time: 0.45s | Spearman@80: 0.5459 | Kendall@80: 0.3943
Epoch 69/150 | Train Loss: 0.0308 | Epoch Time: 0.44s | Spearman@80: 0.5469 | Kendall@80: 0.3880
Epoch 70/150 | Train Loss: 0.0369 | Epoch Time: 0.44s | Spearman@80: 0.5625 | Kendall@80: 0.4006
Epoch 71/150 | Train Loss: 0.0299 | Epoch Time: 0.42s | Spearman@80: 0.5773 | Kendall@80: 0.4209
Epoch 72/150 | Train Loss: 0.0251 | Epoch Time: 0.45s | Spearman@80: 0.5489 | Kendall@80: 0.3968
Epoch 73/150 | Train Loss: 0.0230 | Epoch Time: 0.43s | Spearman@80: 0.5279 | Kendall@80: 0.3791
Epoch 74/150 | Train Loss: 0.0225 | Epoch Time: 0.44s | Spearman@80: 0.5374 | Kendall@80: 0.3829
Epoch 75/150 | Train Loss: 0.0269 | Epoch Time: 0.45s | Spearman@80: 0.5917 | Kendall@80: 0.4253
Epoch 76/150 | Train Loss: 0.0245 | Epoch Time: 0.43s | Spearman@80: 0.5198 | Kendall@80: 0.3747
Epoch 77/150 | Train Loss: 0.0177 | Epoch Time: 0.46s | Spearman@80: 0.5198 | Kendall@80: 0.3753
Epoch 78/150 | Train Loss: 0.0237 | Epoch Time: 0.44s | Spearman@80: 0.5304 | Kendall@80: 0.3867
Epoch 79/150 | Train Loss: 0.0149 | Epoch Time: 0.44s | Spearman@80: 0.4833 | Kendall@80: 0.3436
Epoch 80/150 | Train Loss: 0.0165 | Epoch Time: 0.46s | Spearman@80: 0.4789 | Kendall@80: 0.3405
Epoch 81/150 | Train Loss: 0.0215 | Epoch Time: 0.53s | Spearman@80: 0.4950 | Kendall@80: 0.3614
Epoch 82/150 | Train Loss: 0.0255 | Epoch Time: 0.47s | Spearman@80: 0.5088 | Kendall@80: 0.3753
Epoch 83/150 | Train Loss: 0.0215 | Epoch Time: 0.43s | Spearman@80: 0.5301 | Kendall@80: 0.3861
Epoch 84/150 | Train Loss: 0.0164 | Epoch Time: 0.43s | Spearman@80: 0.5536 | Kendall@80: 0.3994
Epoch 85/150 | Train Loss: 0.0252 | Epoch Time: 0.45s | Spearman@80: 0.5552 | Kendall@80: 0.4013
Epoch 86/150 | Train Loss: 0.0210 | Epoch Time: 0.43s | Spearman@80: 0.5548 | Kendall@80: 0.3994
Epoch 87/150 | Train Loss: 0.0239 | Epoch Time: 0.45s | Spearman@80: 0.5087 | Kendall@80: 0.3626
Epoch 88/150 | Train Loss: 0.0225 | Epoch Time: 0.42s | Spearman@80: 0.5180 | Kendall@80: 0.3804
Epoch 89/150 | Train Loss: 0.0187 | Epoch Time: 0.43s | Spearman@80: 0.5714 | Kendall@80: 0.4120
Epoch 90/150 | Train Loss: 0.0183 | Epoch Time: 0.44s | Spearman@80: 0.5846 | Kendall@80: 0.4209
Epoch 91/150 | Train Loss: 0.0223 | Epoch Time: 0.45s | Spearman@80: 0.5860 | Kendall@80: 0.4222
Epoch 92/150 | Train Loss: 0.0178 | Epoch Time: 0.45s | Spearman@80: 0.5743 | Kendall@80: 0.4082
Epoch 93/150 | Train Loss: 0.0172 | Epoch Time: 0.44s | Spearman@80: 0.5887 | Kendall@80: 0.4228
Epoch 94/150 | Train Loss: 0.0257 | Epoch Time: 0.45s | Spearman@80: 0.6119 | Kendall@80: 0.4469
Epoch 95/150 | Train Loss: 0.0208 | Epoch Time: 0.43s | Spearman@80: 0.5795 | Kendall@80: 0.4177
Epoch 96/150 | Train Loss: 0.0203 | Epoch Time: 0.42s | Spearman@80: 0.5826 | Kendall@80: 0.4177
Epoch 97/150 | Train Loss: 0.0123 | Epoch Time: 0.43s | Spearman@80: 0.6008 | Kendall@80: 0.4386
Epoch 98/150 | Train Loss: 0.0188 | Epoch Time: 0.43s | Spearman@80: 0.5836 | Kendall@80: 0.4247
Epoch 99/150 | Train Loss: 0.0195 | Epoch Time: 0.42s | Spearman@80: 0.5595 | Kendall@80: 0.4032
Epoch 100/150 | Train Loss: 0.0194 | Epoch Time: 0.43s | Spearman@80: 0.5692 | Kendall@80: 0.4177
Epoch 101/150 | Train Loss: 0.0173 | Epoch Time: 0.44s | Spearman@80: 0.5220 | Kendall@80: 0.3816
Epoch 102/150 | Train Loss: 0.0199 | Epoch Time: 0.44s | Spearman@80: 0.5349 | Kendall@80: 0.3873
Epoch 103/150 | Train Loss: 0.0114 | Epoch Time: 0.45s | Spearman@80: 0.5530 | Kendall@80: 0.3949
Epoch 104/150 | Train Loss: 0.0164 | Epoch Time: 0.47s | Spearman@80: 0.5424 | Kendall@80: 0.3899
Epoch 105/150 | Train Loss: 0.0145 | Epoch Time: 0.52s | Spearman@80: 0.5675 | Kendall@80: 0.4089
Epoch 106/150 | Train Loss: 0.0212 | Epoch Time: 0.52s | Spearman@80: 0.5647 | Kendall@80: 0.4063
Epoch 107/150 | Train Loss: 0.0108 | Epoch Time: 0.51s | Spearman@80: 0.5538 | Kendall@80: 0.3981
Epoch 108/150 | Train Loss: 0.0175 | Epoch Time: 0.51s | Spearman@80: 0.5465 | Kendall@80: 0.3899
Epoch 109/150 | Train Loss: 0.0154 | Epoch Time: 0.51s | Spearman@80: 0.5499 | Kendall@80: 0.3905
Epoch 110/150 | Train Loss: 0.0199 | Epoch Time: 0.52s | Spearman@80: 0.5401 | Kendall@80: 0.3899
Epoch 111/150 | Train Loss: 0.0153 | Epoch Time: 0.51s | Spearman@80: 0.5168 | Kendall@80: 0.3671
Epoch 112/150 | Train Loss: 0.0139 | Epoch Time: 0.51s | Spearman@80: 0.5326 | Kendall@80: 0.3810
Epoch 113/150 | Train Loss: 0.0182 | Epoch Time: 0.51s | Spearman@80: 0.5586 | Kendall@80: 0.4006
Epoch 114/150 | Train Loss: 0.0216 | Epoch Time: 0.50s | Spearman@80: 0.5781 | Kendall@80: 0.4184
Epoch 115/150 | Train Loss: 0.0160 | Epoch Time: 0.52s | Spearman@80: 0.5751 | Kendall@80: 0.4190
Epoch 116/150 | Train Loss: 0.0161 | Epoch Time: 0.52s | Spearman@80: 0.5620 | Kendall@80: 0.4019
Epoch 117/150 | Train Loss: 0.0163 | Epoch Time: 0.51s | Spearman@80: 0.5811 | Kendall@80: 0.4184
Epoch 118/150 | Train Loss: 0.0153 | Epoch Time: 0.52s | Spearman@80: 0.5623 | Kendall@80: 0.4063
Epoch 119/150 | Train Loss: 0.0095 | Epoch Time: 0.50s | Spearman@80: 0.5530 | Kendall@80: 0.3962
Epoch 120/150 | Train Loss: 0.0172 | Epoch Time: 0.50s | Spearman@80: 0.5388 | Kendall@80: 0.3835
Epoch 121/150 | Train Loss: 0.0087 | Epoch Time: 0.51s | Spearman@80: 0.5565 | Kendall@80: 0.4013
Epoch 122/150 | Train Loss: 0.0106 | Epoch Time: 0.52s | Spearman@80: 0.5671 | Kendall@80: 0.4101
Epoch 123/150 | Train Loss: 0.0118 | Epoch Time: 0.53s | Spearman@80: 0.5688 | Kendall@80: 0.4139
Epoch 124/150 | Train Loss: 0.0128 | Epoch Time: 0.51s | Spearman@80: 0.5609 | Kendall@80: 0.4063
Epoch 125/150 | Train Loss: 0.0135 | Epoch Time: 0.51s | Spearman@80: 0.5448 | Kendall@80: 0.3880
Epoch 126/150 | Train Loss: 0.0201 | Epoch Time: 0.51s | Spearman@80: 0.5506 | Kendall@80: 0.3918
Epoch 127/150 | Train Loss: 0.0136 | Epoch Time: 0.52s | Spearman@80: 0.5545 | Kendall@80: 0.3987
Epoch 128/150 | Train Loss: 0.0108 | Epoch Time: 0.50s | Spearman@80: 0.5569 | Kendall@80: 0.4000
Epoch 129/150 | Train Loss: 0.0142 | Epoch Time: 0.51s | Spearman@80: 0.5600 | Kendall@80: 0.4038
Epoch 130/150 | Train Loss: 0.0128 | Epoch Time: 0.51s | Spearman@80: 0.5614 | Kendall@80: 0.4025
Epoch 131/150 | Train Loss: 0.0127 | Epoch Time: 0.52s | Spearman@80: 0.5503 | Kendall@80: 0.3918
Epoch 132/150 | Train Loss: 0.0100 | Epoch Time: 0.51s | Spearman@80: 0.5509 | Kendall@80: 0.3924
Epoch 133/150 | Train Loss: 0.0141 | Epoch Time: 0.52s | Spearman@80: 0.5439 | Kendall@80: 0.3918
Epoch 134/150 | Train Loss: 0.0122 | Epoch Time: 0.51s | Spearman@80: 0.5455 | Kendall@80: 0.3899
Epoch 135/150 | Train Loss: 0.0137 | Epoch Time: 0.52s | Spearman@80: 0.5481 | Kendall@80: 0.3930
Epoch 136/150 | Train Loss: 0.0122 | Epoch Time: 0.52s | Spearman@80: 0.5438 | Kendall@80: 0.3899
Epoch 137/150 | Train Loss: 0.0183 | Epoch Time: 0.51s | Spearman@80: 0.5439 | Kendall@80: 0.3892
Epoch 138/150 | Train Loss: 0.0140 | Epoch Time: 0.49s | Spearman@80: 0.5506 | Kendall@80: 0.3930
Epoch 139/150 | Train Loss: 0.0126 | Epoch Time: 0.51s | Spearman@80: 0.5483 | Kendall@80: 0.3924
Epoch 140/150 | Train Loss: 0.0112 | Epoch Time: 0.51s | Spearman@80: 0.5445 | Kendall@80: 0.3899
Epoch 141/150 | Train Loss: 0.0151 | Epoch Time: 0.50s | Spearman@80: 0.5528 | Kendall@80: 0.3968
Epoch 142/150 | Train Loss: 0.0112 | Epoch Time: 0.51s | Spearman@80: 0.5558 | Kendall@80: 0.3975
Epoch 143/150 | Train Loss: 0.0096 | Epoch Time: 0.51s | Spearman@80: 0.5559 | Kendall@80: 0.3975
Epoch 144/150 | Train Loss: 0.0098 | Epoch Time: 0.53s | Spearman@80: 0.5537 | Kendall@80: 0.3956
Epoch 145/150 | Train Loss: 0.0090 | Epoch Time: 0.50s | Spearman@80: 0.5578 | Kendall@80: 0.3968
Epoch 146/150 | Train Loss: 0.0164 | Epoch Time: 0.51s | Spearman@80: 0.5591 | Kendall@80: 0.4019
Epoch 147/150 | Train Loss: 0.0109 | Epoch Time: 1.50s | Spearman@4934: 0.5370 | Kendall@4934: 0.3745
Epoch 148/150 | Train Loss: 0.0168 | Epoch Time: 1.49s | Spearman@4934: 0.5382 | Kendall@4934: 0.3754
Epoch 149/150 | Train Loss: 0.0117 | Epoch Time: 1.50s | Spearman@4934: 0.5385 | Kendall@4934: 0.3757
Epoch 150/150 | Train Loss: 0.0176 | Epoch Time: 1.50s | Spearman@4934: 0.5392 | Kendall@4934: 0.3764
Sample Count: 64, Spearman: 0.5381884213498818, Kendall: 0.3754842396856259
{64: (0.5381884213498818, 0.3754842396856259),
 128: (0.6801480112933838, 0.4929594757362015)}
Epoch 1/150 | Train Loss: 0.0977 | Epoch Time: 1.01s | Spearman@80: 0.4638 | Kendall@80: 0.3174
Epoch 2/150 | Train Loss: 0.0930 | Epoch Time: 1.00s | Spearman@80: 0.3988 | Kendall@80: 0.2743
Epoch 3/150 | Train Loss: 0.0715 | Epoch Time: 1.00s | Spearman@80: 0.6228 | Kendall@80: 0.4580
Epoch 4/150 | Train Loss: 0.0532 | Epoch Time: 1.00s | Spearman@80: 0.6038 | Kendall@80: 0.4371
Epoch 5/150 | Train Loss: 0.0581 | Epoch Time: 1.02s | Spearman@80: 0.6219 | Kendall@80: 0.4612
Epoch 6/150 | Train Loss: 0.0524 | Epoch Time: 1.00s | Spearman@80: 0.6092 | Kendall@80: 0.4492
Epoch 7/150 | Train Loss: 0.0591 | Epoch Time: 0.98s | Spearman@80: 0.6105 | Kendall@80: 0.4460
Epoch 8/150 | Train Loss: 0.0506 | Epoch Time: 1.00s | Spearman@80: 0.5677 | Kendall@80: 0.4169
Epoch 9/150 | Train Loss: 0.0568 | Epoch Time: 1.01s | Spearman@80: 0.6173 | Kendall@80: 0.4580
Epoch 10/150 | Train Loss: 0.0585 | Epoch Time: 1.03s | Spearman@80: 0.5842 | Kendall@80: 0.4181
Epoch 11/150 | Train Loss: 0.0571 | Epoch Time: 0.98s | Spearman@80: 0.6459 | Kendall@80: 0.4777
Epoch 12/150 | Train Loss: 0.0566 | Epoch Time: 1.00s | Spearman@80: 0.5999 | Kendall@80: 0.4321
Epoch 13/150 | Train Loss: 0.0532 | Epoch Time: 0.99s | Spearman@80: 0.6241 | Kendall@80: 0.4574
Epoch 14/150 | Train Loss: 0.0595 | Epoch Time: 1.00s | Spearman@80: 0.5969 | Kendall@80: 0.4270
Epoch 15/150 | Train Loss: 0.0506 | Epoch Time: 1.01s | Spearman@80: 0.6418 | Kendall@80: 0.4587
Epoch 16/150 | Train Loss: 0.0492 | Epoch Time: 1.00s | Spearman@80: 0.5943 | Kendall@80: 0.4390
Epoch 17/150 | Train Loss: 0.0512 | Epoch Time: 1.00s | Spearman@80: 0.6087 | Kendall@80: 0.4378
Epoch 18/150 | Train Loss: 0.0502 | Epoch Time: 0.99s | Spearman@80: 0.6083 | Kendall@80: 0.4460
Epoch 19/150 | Train Loss: 0.0468 | Epoch Time: 1.01s | Spearman@80: 0.6044 | Kendall@80: 0.4327
Epoch 20/150 | Train Loss: 0.0456 | Epoch Time: 1.01s | Spearman@80: 0.5862 | Kendall@80: 0.4194
Epoch 21/150 | Train Loss: 0.0512 | Epoch Time: 0.99s | Spearman@80: 0.6218 | Kendall@80: 0.4460
Epoch 22/150 | Train Loss: 0.0528 | Epoch Time: 1.00s | Spearman@80: 0.6235 | Kendall@80: 0.4485
Epoch 23/150 | Train Loss: 0.0475 | Epoch Time: 1.01s | Spearman@80: 0.5939 | Kendall@80: 0.4314
Epoch 24/150 | Train Loss: 0.0478 | Epoch Time: 1.00s | Spearman@80: 0.5963 | Kendall@80: 0.4302
Epoch 25/150 | Train Loss: 0.0487 | Epoch Time: 1.02s | Spearman@80: 0.6312 | Kendall@80: 0.4542
Epoch 26/150 | Train Loss: 0.0423 | Epoch Time: 0.96s | Spearman@80: 0.5358 | Kendall@80: 0.3700
Epoch 27/150 | Train Loss: 0.0527 | Epoch Time: 0.83s | Spearman@80: 0.6185 | Kendall@80: 0.4479
Epoch 28/150 | Train Loss: 0.0433 | Epoch Time: 0.84s | Spearman@80: 0.5920 | Kendall@80: 0.4207
Epoch 29/150 | Train Loss: 0.0490 | Epoch Time: 0.85s | Spearman@80: 0.5808 | Kendall@80: 0.4226
Epoch 30/150 | Train Loss: 0.0519 | Epoch Time: 0.84s | Spearman@80: 0.6047 | Kendall@80: 0.4302
Epoch 31/150 | Train Loss: 0.0451 | Epoch Time: 0.84s | Spearman@80: 0.4933 | Kendall@80: 0.3440
Epoch 32/150 | Train Loss: 0.0419 | Epoch Time: 0.84s | Spearman@80: 0.5916 | Kendall@80: 0.4238
Epoch 33/150 | Train Loss: 0.0488 | Epoch Time: 0.83s | Spearman@80: 0.5582 | Kendall@80: 0.3921
Epoch 34/150 | Train Loss: 0.0480 | Epoch Time: 0.86s | Spearman@80: 0.6047 | Kendall@80: 0.4397
Epoch 35/150 | Train Loss: 0.0476 | Epoch Time: 0.83s | Spearman@80: 0.5693 | Kendall@80: 0.4112
Epoch 36/150 | Train Loss: 0.0421 | Epoch Time: 0.86s | Spearman@80: 0.5686 | Kendall@80: 0.4086
Epoch 37/150 | Train Loss: 0.0450 | Epoch Time: 0.84s | Spearman@80: 0.5679 | Kendall@80: 0.4061
Epoch 38/150 | Train Loss: 0.0406 | Epoch Time: 0.82s | Spearman@80: 0.5698 | Kendall@80: 0.4010
Epoch 39/150 | Train Loss: 0.0411 | Epoch Time: 0.85s | Spearman@80: 0.6240 | Kendall@80: 0.4466
Epoch 40/150 | Train Loss: 0.0422 | Epoch Time: 0.83s | Spearman@80: 0.5716 | Kendall@80: 0.3978
Epoch 41/150 | Train Loss: 0.0467 | Epoch Time: 0.85s | Spearman@80: 0.5557 | Kendall@80: 0.3947
Epoch 42/150 | Train Loss: 0.0393 | Epoch Time: 0.82s | Spearman@80: 0.5917 | Kendall@80: 0.4232
Epoch 43/150 | Train Loss: 0.0402 | Epoch Time: 0.84s | Spearman@80: 0.5508 | Kendall@80: 0.3966
Epoch 44/150 | Train Loss: 0.0438 | Epoch Time: 0.84s | Spearman@80: 0.5749 | Kendall@80: 0.4131
Epoch 45/150 | Train Loss: 0.0383 | Epoch Time: 0.83s | Spearman@80: 0.5554 | Kendall@80: 0.3896
Epoch 46/150 | Train Loss: 0.0408 | Epoch Time: 0.82s | Spearman@80: 0.5716 | Kendall@80: 0.4112
Epoch 47/150 | Train Loss: 0.0387 | Epoch Time: 0.86s | Spearman@80: 0.5905 | Kendall@80: 0.4283
Epoch 48/150 | Train Loss: 0.0386 | Epoch Time: 0.83s | Spearman@80: 0.5419 | Kendall@80: 0.3896
Epoch 49/150 | Train Loss: 0.0350 | Epoch Time: 0.83s | Spearman@80: 0.5866 | Kendall@80: 0.4169
Epoch 50/150 | Train Loss: 0.0374 | Epoch Time: 0.83s | Spearman@80: 0.5583 | Kendall@80: 0.3940
Epoch 51/150 | Train Loss: 0.0410 | Epoch Time: 0.85s | Spearman@80: 0.5474 | Kendall@80: 0.3928
Epoch 52/150 | Train Loss: 0.0396 | Epoch Time: 0.82s | Spearman@80: 0.5600 | Kendall@80: 0.3978
Epoch 53/150 | Train Loss: 0.0352 | Epoch Time: 0.83s | Spearman@80: 0.5248 | Kendall@80: 0.3636
Epoch 54/150 | Train Loss: 0.0440 | Epoch Time: 0.83s | Spearman@80: 0.5825 | Kendall@80: 0.4061
Epoch 55/150 | Train Loss: 0.0324 | Epoch Time: 0.85s | Spearman@80: 0.5290 | Kendall@80: 0.3750
Epoch 56/150 | Train Loss: 0.0419 | Epoch Time: 0.83s | Spearman@80: 0.5750 | Kendall@80: 0.4181
Epoch 57/150 | Train Loss: 0.0319 | Epoch Time: 0.83s | Spearman@80: 0.4814 | Kendall@80: 0.3351
Epoch 58/150 | Train Loss: 0.0366 | Epoch Time: 0.86s | Spearman@80: 0.5196 | Kendall@80: 0.3598
Epoch 59/150 | Train Loss: 0.0371 | Epoch Time: 0.83s | Spearman@80: 0.6129 | Kendall@80: 0.4479
Epoch 60/150 | Train Loss: 0.0315 | Epoch Time: 0.85s | Spearman@80: 0.6023 | Kendall@80: 0.4340
Epoch 61/150 | Train Loss: 0.0373 | Epoch Time: 0.84s | Spearman@80: 0.6079 | Kendall@80: 0.4371
Epoch 62/150 | Train Loss: 0.0386 | Epoch Time: 0.85s | Spearman@80: 0.5728 | Kendall@80: 0.3978
Epoch 63/150 | Train Loss: 0.0365 | Epoch Time: 0.89s | Spearman@80: 0.5598 | Kendall@80: 0.4016
Epoch 64/150 | Train Loss: 0.0348 | Epoch Time: 0.84s | Spearman@80: 0.5878 | Kendall@80: 0.4219
Epoch 65/150 | Train Loss: 0.0300 | Epoch Time: 0.85s | Spearman@80: 0.5346 | Kendall@80: 0.3807
Epoch 66/150 | Train Loss: 0.0321 | Epoch Time: 0.84s | Spearman@80: 0.5872 | Kendall@80: 0.4207
Epoch 67/150 | Train Loss: 0.0338 | Epoch Time: 0.85s | Spearman@80: 0.5217 | Kendall@80: 0.3668
Epoch 68/150 | Train Loss: 0.0473 | Epoch Time: 0.84s | Spearman@80: 0.5406 | Kendall@80: 0.3877
Epoch 69/150 | Train Loss: 0.0374 | Epoch Time: 0.84s | Spearman@80: 0.5284 | Kendall@80: 0.3706
Epoch 70/150 | Train Loss: 0.0343 | Epoch Time: 0.84s | Spearman@80: 0.5366 | Kendall@80: 0.3826
Epoch 71/150 | Train Loss: 0.0335 | Epoch Time: 0.83s | Spearman@80: 0.5133 | Kendall@80: 0.3655
Epoch 72/150 | Train Loss: 0.0276 | Epoch Time: 0.84s | Spearman@80: 0.5459 | Kendall@80: 0.3738
Epoch 73/150 | Train Loss: 0.0283 | Epoch Time: 0.86s | Spearman@80: 0.5013 | Kendall@80: 0.3497
Epoch 74/150 | Train Loss: 0.0250 | Epoch Time: 0.84s | Spearman@80: 0.5342 | Kendall@80: 0.3693
Epoch 75/150 | Train Loss: 0.0259 | Epoch Time: 0.85s | Spearman@80: 0.6001 | Kendall@80: 0.4371
Epoch 76/150 | Train Loss: 0.0302 | Epoch Time: 0.83s | Spearman@80: 0.6207 | Kendall@80: 0.4479
Epoch 77/150 | Train Loss: 0.0320 | Epoch Time: 0.83s | Spearman@80: 0.5946 | Kendall@80: 0.4340
Epoch 78/150 | Train Loss: 0.0261 | Epoch Time: 0.85s | Spearman@80: 0.6063 | Kendall@80: 0.4384
Epoch 79/150 | Train Loss: 0.0281 | Epoch Time: 0.84s | Spearman@80: 0.5759 | Kendall@80: 0.4080
Epoch 80/150 | Train Loss: 0.0350 | Epoch Time: 0.85s | Spearman@80: 0.5946 | Kendall@80: 0.4232
Epoch 81/150 | Train Loss: 0.0271 | Epoch Time: 0.86s | Spearman@80: 0.5955 | Kendall@80: 0.4238
Epoch 82/150 | Train Loss: 0.0267 | Epoch Time: 0.85s | Spearman@80: 0.5567 | Kendall@80: 0.3871
Epoch 83/150 | Train Loss: 0.0265 | Epoch Time: 0.85s | Spearman@80: 0.5766 | Kendall@80: 0.4124
Epoch 84/150 | Train Loss: 0.0234 | Epoch Time: 0.82s | Spearman@80: 0.6019 | Kendall@80: 0.4321
Epoch 85/150 | Train Loss: 0.0277 | Epoch Time: 0.83s | Spearman@80: 0.6100 | Kendall@80: 0.4384
Epoch 86/150 | Train Loss: 0.0277 | Epoch Time: 0.86s | Spearman@80: 0.5904 | Kendall@80: 0.4169
Epoch 87/150 | Train Loss: 0.0304 | Epoch Time: 0.86s | Spearman@80: 0.5695 | Kendall@80: 0.4029
Epoch 88/150 | Train Loss: 0.0270 | Epoch Time: 0.82s | Spearman@80: 0.5831 | Kendall@80: 0.4137
Epoch 89/150 | Train Loss: 0.0235 | Epoch Time: 0.83s | Spearman@80: 0.5797 | Kendall@80: 0.4016
Epoch 90/150 | Train Loss: 0.0318 | Epoch Time: 0.84s | Spearman@80: 0.6065 | Kendall@80: 0.4308
Epoch 91/150 | Train Loss: 0.0267 | Epoch Time: 0.85s | Spearman@80: 0.5615 | Kendall@80: 0.3928
Epoch 92/150 | Train Loss: 0.0232 | Epoch Time: 0.86s | Spearman@80: 0.5586 | Kendall@80: 0.3972
Epoch 93/150 | Train Loss: 0.0239 | Epoch Time: 0.83s | Spearman@80: 0.5884 | Kendall@80: 0.4219
Epoch 94/150 | Train Loss: 0.0218 | Epoch Time: 0.86s | Spearman@80: 0.5900 | Kendall@80: 0.4302
Epoch 95/150 | Train Loss: 0.0226 | Epoch Time: 0.84s | Spearman@80: 0.5885 | Kendall@80: 0.4213
Epoch 96/150 | Train Loss: 0.0204 | Epoch Time: 0.82s | Spearman@80: 0.5861 | Kendall@80: 0.4219
Epoch 97/150 | Train Loss: 0.0237 | Epoch Time: 0.88s | Spearman@80: 0.5826 | Kendall@80: 0.4175
Epoch 98/150 | Train Loss: 0.0276 | Epoch Time: 0.86s | Spearman@80: 0.6085 | Kendall@80: 0.4435
Epoch 99/150 | Train Loss: 0.0243 | Epoch Time: 0.85s | Spearman@80: 0.5965 | Kendall@80: 0.4264
Epoch 100/150 | Train Loss: 0.0222 | Epoch Time: 0.82s | Spearman@80: 0.5777 | Kendall@80: 0.4137
Epoch 101/150 | Train Loss: 0.0274 | Epoch Time: 0.83s | Spearman@80: 0.5828 | Kendall@80: 0.4188
Epoch 102/150 | Train Loss: 0.0194 | Epoch Time: 0.84s | Spearman@80: 0.5985 | Kendall@80: 0.4264
Epoch 103/150 | Train Loss: 0.0242 | Epoch Time: 0.85s | Spearman@80: 0.5832 | Kendall@80: 0.4118
Epoch 104/150 | Train Loss: 0.0205 | Epoch Time: 0.84s | Spearman@80: 0.5699 | Kendall@80: 0.3972
Epoch 105/150 | Train Loss: 0.0194 | Epoch Time: 0.83s | Spearman@80: 0.6013 | Kendall@80: 0.4251
Epoch 106/150 | Train Loss: 0.0211 | Epoch Time: 0.87s | Spearman@80: 0.5959 | Kendall@80: 0.4219
Epoch 107/150 | Train Loss: 0.0188 | Epoch Time: 0.87s | Spearman@80: 0.5803 | Kendall@80: 0.4086
Epoch 108/150 | Train Loss: 0.0240 | Epoch Time: 0.92s | Spearman@80: 0.5883 | Kendall@80: 0.4194
Epoch 109/150 | Train Loss: 0.0236 | Epoch Time: 0.86s | Spearman@80: 0.5620 | Kendall@80: 0.3991
Epoch 110/150 | Train Loss: 0.0222 | Epoch Time: 0.89s | Spearman@80: 0.5954 | Kendall@80: 0.4257
Epoch 111/150 | Train Loss: 0.0206 | Epoch Time: 0.84s | Spearman@80: 0.5858 | Kendall@80: 0.4162
Epoch 112/150 | Train Loss: 0.0166 | Epoch Time: 0.82s | Spearman@80: 0.5746 | Kendall@80: 0.4048
Epoch 113/150 | Train Loss: 0.0221 | Epoch Time: 0.83s | Spearman@80: 0.5793 | Kendall@80: 0.4131
Epoch 114/150 | Train Loss: 0.0201 | Epoch Time: 0.86s | Spearman@80: 0.5831 | Kendall@80: 0.4156
Epoch 115/150 | Train Loss: 0.0200 | Epoch Time: 0.82s | Spearman@80: 0.5872 | Kendall@80: 0.4194
Epoch 116/150 | Train Loss: 0.0183 | Epoch Time: 0.83s | Spearman@80: 0.5957 | Kendall@80: 0.4257
Epoch 117/150 | Train Loss: 0.0171 | Epoch Time: 0.89s | Spearman@80: 0.5938 | Kendall@80: 0.4270
Epoch 118/150 | Train Loss: 0.0225 | Epoch Time: 0.85s | Spearman@80: 0.5754 | Kendall@80: 0.4137
Epoch 119/150 | Train Loss: 0.0187 | Epoch Time: 0.85s | Spearman@80: 0.5682 | Kendall@80: 0.4054
Epoch 120/150 | Train Loss: 0.0146 | Epoch Time: 0.83s | Spearman@80: 0.5885 | Kendall@80: 0.4181
Epoch 121/150 | Train Loss: 0.0141 | Epoch Time: 0.83s | Spearman@80: 0.5914 | Kendall@80: 0.4251
Epoch 122/150 | Train Loss: 0.0233 | Epoch Time: 0.86s | Spearman@80: 0.5872 | Kendall@80: 0.4207
Epoch 123/150 | Train Loss: 0.0216 | Epoch Time: 0.83s | Spearman@80: 0.5623 | Kendall@80: 0.3972
Epoch 124/150 | Train Loss: 0.0181 | Epoch Time: 0.85s | Spearman@80: 0.5819 | Kendall@80: 0.4118
Epoch 125/150 | Train Loss: 0.0171 | Epoch Time: 0.87s | Spearman@80: 0.5869 | Kendall@80: 0.4194
Epoch 126/150 | Train Loss: 0.0218 | Epoch Time: 0.85s | Spearman@80: 0.5933 | Kendall@80: 0.4219
Epoch 127/150 | Train Loss: 0.0181 | Epoch Time: 0.84s | Spearman@80: 0.5860 | Kendall@80: 0.4200
Epoch 128/150 | Train Loss: 0.0199 | Epoch Time: 0.84s | Spearman@80: 0.5810 | Kendall@80: 0.4156
Epoch 129/150 | Train Loss: 0.0117 | Epoch Time: 0.83s | Spearman@80: 0.5914 | Kendall@80: 0.4232
Epoch 130/150 | Train Loss: 0.0192 | Epoch Time: 0.85s | Spearman@80: 0.5851 | Kendall@80: 0.4238
Epoch 131/150 | Train Loss: 0.0198 | Epoch Time: 0.86s | Spearman@80: 0.5861 | Kendall@80: 0.4188
Epoch 132/150 | Train Loss: 0.0215 | Epoch Time: 0.85s | Spearman@80: 0.5885 | Kendall@80: 0.4131
Epoch 133/150 | Train Loss: 0.0165 | Epoch Time: 0.86s | Spearman@80: 0.5832 | Kendall@80: 0.4156
Epoch 134/150 | Train Loss: 0.0172 | Epoch Time: 0.85s | Spearman@80: 0.5962 | Kendall@80: 0.4308
Epoch 135/150 | Train Loss: 0.0177 | Epoch Time: 0.86s | Spearman@80: 0.5896 | Kendall@80: 0.4270
Epoch 136/150 | Train Loss: 0.0174 | Epoch Time: 0.88s | Spearman@80: 0.5862 | Kendall@80: 0.4207
Epoch 137/150 | Train Loss: 0.0173 | Epoch Time: 0.87s | Spearman@80: 0.5808 | Kendall@80: 0.4162
Epoch 138/150 | Train Loss: 0.0205 | Epoch Time: 0.90s | Spearman@80: 0.5896 | Kendall@80: 0.4251
Epoch 139/150 | Train Loss: 0.0166 | Epoch Time: 0.87s | Spearman@80: 0.5896 | Kendall@80: 0.4257
Epoch 140/150 | Train Loss: 0.0232 | Epoch Time: 0.89s | Spearman@80: 0.5926 | Kendall@80: 0.4232
Epoch 141/150 | Train Loss: 0.0178 | Epoch Time: 0.83s | Spearman@80: 0.5931 | Kendall@80: 0.4270
Epoch 142/150 | Train Loss: 0.0136 | Epoch Time: 0.85s | Spearman@80: 0.5861 | Kendall@80: 0.4213
Epoch 143/150 | Train Loss: 0.0191 | Epoch Time: 0.84s | Spearman@80: 0.5947 | Kendall@80: 0.4251
Epoch 144/150 | Train Loss: 0.0146 | Epoch Time: 0.86s | Spearman@80: 0.5936 | Kendall@80: 0.4276
Epoch 145/150 | Train Loss: 0.0141 | Epoch Time: 0.86s | Spearman@80: 0.5976 | Kendall@80: 0.4289
Epoch 146/150 | Train Loss: 0.0177 | Epoch Time: 0.87s | Spearman@80: 0.5922 | Kendall@80: 0.4226
Epoch 147/150 | Train Loss: 0.0160 | Epoch Time: 1.72s | Spearman@4870: 0.5674 | Kendall@4870: 0.4001
Epoch 148/150 | Train Loss: 0.0111 | Epoch Time: 1.71s | Spearman@4870: 0.5688 | Kendall@4870: 0.4014
Epoch 149/150 | Train Loss: 0.0215 | Epoch Time: 1.67s | Spearman@4870: 0.5653 | Kendall@4870: 0.3985
Epoch 150/150 | Train Loss: 0.0174 | Epoch Time: 1.70s | Spearman@4870: 0.5697 | Kendall@4870: 0.4019
Sample Count: 128, Spearman: 0.5677946856176619, Kendall: 0.4004742611161468
{64: (0.5381884213498818, 0.3754842396856259),
 128: (0.5677946856176619, 0.4004742611161468)}
Average KDT:  0.37565847486788656
Variance KDT:  0.00036285492380731615
Average SPR:  0.5377661287764725
Variance SPR:  0.0005816427898662014
Average KDT:  0.4694176174826823
Variance KDT:  0.0024562338360060373
Average SPR:  0.6511646566258001
Variance SPR:  0.003582830316886483
