Loading files for NASBench201...
Normalizing ZCP dict
try to create the NAS-Bench-201 api from /home/ya255/projects/flan_hardware/nas_embedding_suite/embedding_datasets/NAS-Bench-201-v1_1-096897.pth
Loaded files in:  61.5275297164917  seconds
Loading cache for NASBench-201 speedup!!...
Loading cache for NASBench-201 speedup!!...
Epoch 1/150 | Train Loss: 0.0961 | Epoch Time: 1.18s | Spearman@80: 0.3082 | Kendall@80: 0.2153
Epoch 2/150 | Train Loss: 0.0831 | Epoch Time: 0.21s | Spearman@80: 0.4421 | Kendall@80: 0.3094
Epoch 3/150 | Train Loss: 0.0663 | Epoch Time: 0.19s | Spearman@80: 0.8681 | Kendall@80: 0.6674
Epoch 4/150 | Train Loss: 0.0540 | Epoch Time: 0.17s | Spearman@80: 0.7335 | Kendall@80: 0.5539
Epoch 5/150 | Train Loss: 0.0517 | Epoch Time: 0.17s | Spearman@80: 0.8954 | Kendall@80: 0.7121
Epoch 6/150 | Train Loss: 0.0401 | Epoch Time: 0.17s | Spearman@80: 0.8906 | Kendall@80: 0.7223
Epoch 7/150 | Train Loss: 0.0365 | Epoch Time: 0.17s | Spearman@80: 0.8835 | Kendall@80: 0.7087
Epoch 8/150 | Train Loss: 0.0339 | Epoch Time: 0.17s | Spearman@80: 0.9252 | Kendall@80: 0.7642
Epoch 9/150 | Train Loss: 0.0360 | Epoch Time: 0.17s | Spearman@80: 0.9228 | Kendall@80: 0.7550
Epoch 10/150 | Train Loss: 0.0318 | Epoch Time: 0.17s | Spearman@80: 0.9343 | Kendall@80: 0.7849
Epoch 11/150 | Train Loss: 0.0325 | Epoch Time: 0.17s | Spearman@80: 0.9326 | Kendall@80: 0.7804
Epoch 12/150 | Train Loss: 0.0340 | Epoch Time: 0.17s | Spearman@80: 0.9449 | Kendall@80: 0.8078
Epoch 13/150 | Train Loss: 0.0332 | Epoch Time: 0.17s | Spearman@80: 0.9301 | Kendall@80: 0.7779
Epoch 14/150 | Train Loss: 0.0348 | Epoch Time: 0.17s | Spearman@80: 0.9234 | Kendall@80: 0.7684
Epoch 15/150 | Train Loss: 0.0364 | Epoch Time: 0.17s | Spearman@80: 0.9287 | Kendall@80: 0.7728
Epoch 16/150 | Train Loss: 0.0255 | Epoch Time: 0.18s | Spearman@80: 0.9448 | Kendall@80: 0.8103
Epoch 17/150 | Train Loss: 0.0346 | Epoch Time: 0.18s | Spearman@80: 0.9460 | Kendall@80: 0.8071
Epoch 18/150 | Train Loss: 0.0277 | Epoch Time: 0.18s | Spearman@80: 0.9278 | Kendall@80: 0.7648
Epoch 19/150 | Train Loss: 0.0266 | Epoch Time: 0.16s | Spearman@80: 0.9396 | Kendall@80: 0.7906
Epoch 20/150 | Train Loss: 0.0278 | Epoch Time: 0.16s | Spearman@80: 0.9435 | Kendall@80: 0.8046
Epoch 21/150 | Train Loss: 0.0293 | Epoch Time: 0.16s | Spearman@80: 0.9445 | Kendall@80: 0.8147
Epoch 22/150 | Train Loss: 0.0363 | Epoch Time: 0.17s | Spearman@80: 0.9477 | Kendall@80: 0.8201
Epoch 23/150 | Train Loss: 0.0267 | Epoch Time: 0.17s | Spearman@80: 0.9394 | Kendall@80: 0.7991
Epoch 24/150 | Train Loss: 0.0343 | Epoch Time: 0.16s | Spearman@80: 0.9376 | Kendall@80: 0.7896
Epoch 25/150 | Train Loss: 0.0330 | Epoch Time: 0.16s | Spearman@80: 0.9479 | Kendall@80: 0.8173
Epoch 26/150 | Train Loss: 0.0227 | Epoch Time: 0.17s | Spearman@80: 0.9471 | Kendall@80: 0.8150
Epoch 27/150 | Train Loss: 0.0311 | Epoch Time: 0.17s | Spearman@80: 0.9493 | Kendall@80: 0.8198
Epoch 28/150 | Train Loss: 0.0279 | Epoch Time: 0.17s | Spearman@80: 0.9467 | Kendall@80: 0.8065
Epoch 29/150 | Train Loss: 0.0224 | Epoch Time: 0.17s | Spearman@80: 0.9109 | Kendall@80: 0.7400
Epoch 30/150 | Train Loss: 0.0337 | Epoch Time: 0.16s | Spearman@80: 0.9461 | Kendall@80: 0.8086
Epoch 31/150 | Train Loss: 0.0273 | Epoch Time: 0.17s | Spearman@80: 0.9539 | Kendall@80: 0.8245
Epoch 32/150 | Train Loss: 0.0221 | Epoch Time: 0.17s | Spearman@80: 0.9506 | Kendall@80: 0.8112
Epoch 33/150 | Train Loss: 0.0225 | Epoch Time: 0.17s | Spearman@80: 0.9414 | Kendall@80: 0.7966
Epoch 34/150 | Train Loss: 0.0284 | Epoch Time: 0.18s | Spearman@80: 0.9485 | Kendall@80: 0.8150
Epoch 35/150 | Train Loss: 0.0279 | Epoch Time: 0.16s | Spearman@80: 0.9432 | Kendall@80: 0.8004
Epoch 36/150 | Train Loss: 0.0238 | Epoch Time: 0.16s | Spearman@80: 0.9269 | Kendall@80: 0.7677
Epoch 37/150 | Train Loss: 0.0405 | Epoch Time: 0.16s | Spearman@80: 0.9450 | Kendall@80: 0.8017
Epoch 38/150 | Train Loss: 0.0326 | Epoch Time: 0.17s | Spearman@80: 0.9401 | Kendall@80: 0.7912
Epoch 39/150 | Train Loss: 0.0322 | Epoch Time: 0.16s | Spearman@80: 0.9498 | Kendall@80: 0.8156
Epoch 40/150 | Train Loss: 0.0299 | Epoch Time: 0.16s | Spearman@80: 0.9363 | Kendall@80: 0.7839
Epoch 41/150 | Train Loss: 0.0205 | Epoch Time: 0.17s | Spearman@80: 0.9344 | Kendall@80: 0.7858
Epoch 42/150 | Train Loss: 0.0235 | Epoch Time: 0.17s | Spearman@80: 0.9394 | Kendall@80: 0.7998
Epoch 43/150 | Train Loss: 0.0270 | Epoch Time: 0.18s | Spearman@80: 0.9338 | Kendall@80: 0.7912
Epoch 44/150 | Train Loss: 0.0299 | Epoch Time: 0.18s | Spearman@80: 0.9448 | Kendall@80: 0.8020
Epoch 45/150 | Train Loss: 0.0293 | Epoch Time: 0.18s | Spearman@80: 0.9425 | Kendall@80: 0.8046
Epoch 46/150 | Train Loss: 0.0244 | Epoch Time: 0.18s | Spearman@80: 0.9296 | Kendall@80: 0.7737
Epoch 47/150 | Train Loss: 0.0221 | Epoch Time: 0.18s | Spearman@80: 0.9283 | Kendall@80: 0.7743
Epoch 48/150 | Train Loss: 0.0231 | Epoch Time: 0.18s | Spearman@80: 0.9353 | Kendall@80: 0.8029
Epoch 49/150 | Train Loss: 0.0249 | Epoch Time: 0.18s | Spearman@80: 0.9374 | Kendall@80: 0.7966
Epoch 50/150 | Train Loss: 0.0255 | Epoch Time: 0.18s | Spearman@80: 0.9509 | Kendall@80: 0.8252
Epoch 51/150 | Train Loss: 0.0263 | Epoch Time: 0.17s | Spearman@80: 0.9426 | Kendall@80: 0.8010
Epoch 52/150 | Train Loss: 0.0218 | Epoch Time: 0.18s | Spearman@80: 0.9390 | Kendall@80: 0.7959
Epoch 53/150 | Train Loss: 0.0230 | Epoch Time: 0.18s | Spearman@80: 0.9388 | Kendall@80: 0.7959
Epoch 54/150 | Train Loss: 0.0255 | Epoch Time: 0.18s | Spearman@80: 0.9395 | Kendall@80: 0.8099
Epoch 55/150 | Train Loss: 0.0195 | Epoch Time: 0.18s | Spearman@80: 0.9359 | Kendall@80: 0.7896
Epoch 56/150 | Train Loss: 0.0277 | Epoch Time: 0.18s | Spearman@80: 0.9400 | Kendall@80: 0.8080
Epoch 57/150 | Train Loss: 0.0303 | Epoch Time: 0.18s | Spearman@80: 0.9329 | Kendall@80: 0.7862
Epoch 58/150 | Train Loss: 0.0279 | Epoch Time: 0.17s | Spearman@80: 0.9419 | Kendall@80: 0.8023
Epoch 59/150 | Train Loss: 0.0165 | Epoch Time: 0.17s | Spearman@80: 0.9311 | Kendall@80: 0.7801
Epoch 60/150 | Train Loss: 0.0286 | Epoch Time: 0.18s | Spearman@80: 0.9395 | Kendall@80: 0.7934
Epoch 61/150 | Train Loss: 0.0222 | Epoch Time: 0.18s | Spearman@80: 0.9441 | Kendall@80: 0.8131
Epoch 62/150 | Train Loss: 0.0312 | Epoch Time: 0.18s | Spearman@80: 0.9477 | Kendall@80: 0.8226
Epoch 63/150 | Train Loss: 0.0199 | Epoch Time: 0.18s | Spearman@80: 0.9384 | Kendall@80: 0.7947
Epoch 64/150 | Train Loss: 0.0283 | Epoch Time: 0.18s | Spearman@80: 0.9391 | Kendall@80: 0.7957
Epoch 65/150 | Train Loss: 0.0239 | Epoch Time: 0.18s | Spearman@80: 0.9402 | Kendall@80: 0.7998
Epoch 66/150 | Train Loss: 0.0265 | Epoch Time: 0.17s | Spearman@80: 0.9373 | Kendall@80: 0.7928
Epoch 67/150 | Train Loss: 0.0178 | Epoch Time: 0.18s | Spearman@80: 0.9400 | Kendall@80: 0.7928
Epoch 68/150 | Train Loss: 0.0225 | Epoch Time: 0.18s | Spearman@80: 0.9477 | Kendall@80: 0.8182
Epoch 69/150 | Train Loss: 0.0223 | Epoch Time: 0.18s | Spearman@80: 0.9450 | Kendall@80: 0.8086
Epoch 70/150 | Train Loss: 0.0235 | Epoch Time: 0.18s | Spearman@80: 0.9526 | Kendall@80: 0.8293
Epoch 71/150 | Train Loss: 0.0220 | Epoch Time: 0.17s | Spearman@80: 0.9436 | Kendall@80: 0.8128
Epoch 72/150 | Train Loss: 0.0180 | Epoch Time: 0.18s | Spearman@80: 0.9484 | Kendall@80: 0.8207
Epoch 73/150 | Train Loss: 0.0206 | Epoch Time: 0.18s | Spearman@80: 0.9429 | Kendall@80: 0.8093
Epoch 74/150 | Train Loss: 0.0228 | Epoch Time: 0.18s | Spearman@80: 0.9462 | Kendall@80: 0.8188
Epoch 75/150 | Train Loss: 0.0190 | Epoch Time: 0.18s | Spearman@80: 0.9438 | Kendall@80: 0.8128
Epoch 76/150 | Train Loss: 0.0228 | Epoch Time: 0.18s | Spearman@80: 0.9364 | Kendall@80: 0.7845
Epoch 77/150 | Train Loss: 0.0247 | Epoch Time: 0.17s | Spearman@80: 0.9439 | Kendall@80: 0.8086
Epoch 78/150 | Train Loss: 0.0210 | Epoch Time: 0.17s | Spearman@80: 0.9423 | Kendall@80: 0.7985
Epoch 79/150 | Train Loss: 0.0214 | Epoch Time: 0.17s | Spearman@80: 0.9442 | Kendall@80: 0.8061
Epoch 80/150 | Train Loss: 0.0220 | Epoch Time: 0.17s | Spearman@80: 0.9449 | Kendall@80: 0.8112
Epoch 81/150 | Train Loss: 0.0141 | Epoch Time: 0.17s | Spearman@80: 0.9492 | Kendall@80: 0.8274
Epoch 82/150 | Train Loss: 0.0187 | Epoch Time: 0.17s | Spearman@80: 0.9485 | Kendall@80: 0.8239
Epoch 83/150 | Train Loss: 0.0167 | Epoch Time: 0.17s | Spearman@80: 0.9489 | Kendall@80: 0.8233
Epoch 84/150 | Train Loss: 0.0175 | Epoch Time: 0.17s | Spearman@80: 0.9471 | Kendall@80: 0.8205
Epoch 85/150 | Train Loss: 0.0236 | Epoch Time: 0.17s | Spearman@80: 0.9449 | Kendall@80: 0.8150
Epoch 86/150 | Train Loss: 0.0213 | Epoch Time: 0.17s | Spearman@80: 0.9370 | Kendall@80: 0.7991
Epoch 87/150 | Train Loss: 0.0252 | Epoch Time: 0.18s | Spearman@80: 0.9465 | Kendall@80: 0.8150
Epoch 88/150 | Train Loss: 0.0265 | Epoch Time: 0.18s | Spearman@80: 0.9444 | Kendall@80: 0.8131
Epoch 89/150 | Train Loss: 0.0178 | Epoch Time: 0.16s | Spearman@80: 0.9479 | Kendall@80: 0.8163
Epoch 90/150 | Train Loss: 0.0178 | Epoch Time: 0.17s | Spearman@80: 0.9439 | Kendall@80: 0.8105
Epoch 91/150 | Train Loss: 0.0137 | Epoch Time: 0.16s | Spearman@80: 0.9430 | Kendall@80: 0.8099
Epoch 92/150 | Train Loss: 0.0258 | Epoch Time: 0.17s | Spearman@80: 0.9503 | Kendall@80: 0.8182
Epoch 93/150 | Train Loss: 0.0234 | Epoch Time: 0.17s | Spearman@80: 0.9486 | Kendall@80: 0.8185
Epoch 94/150 | Train Loss: 0.0135 | Epoch Time: 0.17s | Spearman@80: 0.9451 | Kendall@80: 0.8112
Epoch 95/150 | Train Loss: 0.0204 | Epoch Time: 0.17s | Spearman@80: 0.9461 | Kendall@80: 0.8135
Epoch 96/150 | Train Loss: 0.0158 | Epoch Time: 0.17s | Spearman@80: 0.9483 | Kendall@80: 0.8137
Epoch 97/150 | Train Loss: 0.0191 | Epoch Time: 0.16s | Spearman@80: 0.9490 | Kendall@80: 0.8179
Epoch 98/150 | Train Loss: 0.0202 | Epoch Time: 0.17s | Spearman@80: 0.9447 | Kendall@80: 0.8118
Epoch 99/150 | Train Loss: 0.0205 | Epoch Time: 0.16s | Spearman@80: 0.9475 | Kendall@80: 0.8093
Epoch 100/150 | Train Loss: 0.0195 | Epoch Time: 0.17s | Spearman@80: 0.9514 | Kendall@80: 0.8274
Epoch 101/150 | Train Loss: 0.0193 | Epoch Time: 0.17s | Spearman@80: 0.9467 | Kendall@80: 0.8128
Epoch 102/150 | Train Loss: 0.0181 | Epoch Time: 0.16s | Spearman@80: 0.9502 | Kendall@80: 0.8118
Epoch 103/150 | Train Loss: 0.0133 | Epoch Time: 0.17s | Spearman@80: 0.9464 | Kendall@80: 0.8055
Epoch 104/150 | Train Loss: 0.0145 | Epoch Time: 0.18s | Spearman@80: 0.9469 | Kendall@80: 0.8112
Epoch 105/150 | Train Loss: 0.0162 | Epoch Time: 0.17s | Spearman@80: 0.9477 | Kendall@80: 0.8118
Epoch 106/150 | Train Loss: 0.0132 | Epoch Time: 0.16s | Spearman@80: 0.9466 | Kendall@80: 0.8125
Epoch 107/150 | Train Loss: 0.0172 | Epoch Time: 0.17s | Spearman@80: 0.9466 | Kendall@80: 0.8128
Epoch 108/150 | Train Loss: 0.0180 | Epoch Time: 0.17s | Spearman@80: 0.9487 | Kendall@80: 0.8137
Epoch 109/150 | Train Loss: 0.0129 | Epoch Time: 0.16s | Spearman@80: 0.9473 | Kendall@80: 0.8109
Epoch 110/150 | Train Loss: 0.0108 | Epoch Time: 0.17s | Spearman@80: 0.9490 | Kendall@80: 0.8131
Epoch 111/150 | Train Loss: 0.0134 | Epoch Time: 0.17s | Spearman@80: 0.9488 | Kendall@80: 0.8144
Epoch 112/150 | Train Loss: 0.0145 | Epoch Time: 0.18s | Spearman@80: 0.9460 | Kendall@80: 0.8103
Epoch 113/150 | Train Loss: 0.0166 | Epoch Time: 0.19s | Spearman@80: 0.9404 | Kendall@80: 0.7963
Epoch 114/150 | Train Loss: 0.0163 | Epoch Time: 0.18s | Spearman@80: 0.9498 | Kendall@80: 0.8192
Epoch 115/150 | Train Loss: 0.0136 | Epoch Time: 0.18s | Spearman@80: 0.9490 | Kendall@80: 0.8125
Epoch 116/150 | Train Loss: 0.0170 | Epoch Time: 0.18s | Spearman@80: 0.9458 | Kendall@80: 0.8084
Epoch 117/150 | Train Loss: 0.0132 | Epoch Time: 0.18s | Spearman@80: 0.9461 | Kendall@80: 0.8078
Epoch 118/150 | Train Loss: 0.0134 | Epoch Time: 0.18s | Spearman@80: 0.9425 | Kendall@80: 0.7995
Epoch 119/150 | Train Loss: 0.0154 | Epoch Time: 0.18s | Spearman@80: 0.9424 | Kendall@80: 0.7985
Epoch 120/150 | Train Loss: 0.0173 | Epoch Time: 0.18s | Spearman@80: 0.9458 | Kendall@80: 0.8061
Epoch 121/150 | Train Loss: 0.0199 | Epoch Time: 0.18s | Spearman@80: 0.9495 | Kendall@80: 0.8182
Epoch 122/150 | Train Loss: 0.0112 | Epoch Time: 0.19s | Spearman@80: 0.9447 | Kendall@80: 0.8065
Epoch 123/150 | Train Loss: 0.0125 | Epoch Time: 0.17s | Spearman@80: 0.9449 | Kendall@80: 0.8067
Epoch 124/150 | Train Loss: 0.0194 | Epoch Time: 0.18s | Spearman@80: 0.9448 | Kendall@80: 0.8046
Epoch 125/150 | Train Loss: 0.0149 | Epoch Time: 0.18s | Spearman@80: 0.9456 | Kendall@80: 0.8084
Epoch 126/150 | Train Loss: 0.0126 | Epoch Time: 0.18s | Spearman@80: 0.9436 | Kendall@80: 0.8029
Epoch 127/150 | Train Loss: 0.0093 | Epoch Time: 0.18s | Spearman@80: 0.9440 | Kendall@80: 0.8036
Epoch 128/150 | Train Loss: 0.0123 | Epoch Time: 0.17s | Spearman@80: 0.9426 | Kendall@80: 0.7991
Epoch 129/150 | Train Loss: 0.0136 | Epoch Time: 0.18s | Spearman@80: 0.9424 | Kendall@80: 0.7970
Epoch 130/150 | Train Loss: 0.0108 | Epoch Time: 0.18s | Spearman@80: 0.9424 | Kendall@80: 0.7998
Epoch 131/150 | Train Loss: 0.0151 | Epoch Time: 0.18s | Spearman@80: 0.9450 | Kendall@80: 0.8061
Epoch 132/150 | Train Loss: 0.0122 | Epoch Time: 0.18s | Spearman@80: 0.9447 | Kendall@80: 0.8080
Epoch 133/150 | Train Loss: 0.0148 | Epoch Time: 0.18s | Spearman@80: 0.9433 | Kendall@80: 0.8033
Epoch 134/150 | Train Loss: 0.0116 | Epoch Time: 0.18s | Spearman@80: 0.9446 | Kendall@80: 0.8067
Epoch 135/150 | Train Loss: 0.0147 | Epoch Time: 0.18s | Spearman@80: 0.9449 | Kendall@80: 0.8074
Epoch 136/150 | Train Loss: 0.0148 | Epoch Time: 0.18s | Spearman@80: 0.9440 | Kendall@80: 0.8048
Epoch 137/150 | Train Loss: 0.0151 | Epoch Time: 0.18s | Spearman@80: 0.9461 | Kendall@80: 0.8103
Epoch 138/150 | Train Loss: 0.0108 | Epoch Time: 0.17s | Spearman@80: 0.9455 | Kendall@80: 0.8090
Epoch 139/150 | Train Loss: 0.0155 | Epoch Time: 0.18s | Spearman@80: 0.9455 | Kendall@80: 0.8103
Epoch 140/150 | Train Loss: 0.0158 | Epoch Time: 0.18s | Spearman@80: 0.9447 | Kendall@80: 0.8078
Epoch 141/150 | Train Loss: 0.0116 | Epoch Time: 0.18s | Spearman@80: 0.9447 | Kendall@80: 0.8074
Epoch 142/150 | Train Loss: 0.0140 | Epoch Time: 0.17s | Spearman@80: 0.9459 | Kendall@80: 0.8112
Epoch 143/150 | Train Loss: 0.0162 | Epoch Time: 0.18s | Spearman@80: 0.9459 | Kendall@80: 0.8086
Epoch 144/150 | Train Loss: 0.0175 | Epoch Time: 0.18s | Spearman@80: 0.9453 | Kendall@80: 0.8065
Epoch 145/150 | Train Loss: 0.0174 | Epoch Time: 0.18s | Spearman@80: 0.9459 | Kendall@80: 0.8093
Epoch 146/150 | Train Loss: 0.0154 | Epoch Time: 0.17s | Spearman@80: 0.9458 | Kendall@80: 0.8090
Epoch 147/150 | Train Loss: 0.0140 | Epoch Time: 1.09s | Spearman@15560: 0.9273 | Kendall@15560: 0.7737
Epoch 148/150 | Train Loss: 0.0148 | Epoch Time: 1.13s | Spearman@15560: 0.9275 | Kendall@15560: 0.7743
Epoch 149/150 | Train Loss: 0.0150 | Epoch Time: 1.09s | Spearman@15560: 0.9273 | Kendall@15560: 0.7731
Epoch 150/150 | Train Loss: 0.0118 | Epoch Time: 1.10s | Spearman@15560: 0.9270 | Kendall@15560: 0.7735
Sample Count: 64, Spearman: 0.927281626712649, Kendall: 0.7736486734676418
{64: (0.927281626712649, 0.7736486734676418)}
Epoch 1/150 | Train Loss: 0.0905 | Epoch Time: 0.36s | Spearman@80: 0.6455 | Kendall@80: 0.4736
Epoch 2/150 | Train Loss: 0.0596 | Epoch Time: 0.36s | Spearman@80: 0.9252 | Kendall@80: 0.7692
Epoch 3/150 | Train Loss: 0.0472 | Epoch Time: 0.37s | Spearman@80: 0.8956 | Kendall@80: 0.7288
Epoch 4/150 | Train Loss: 0.0400 | Epoch Time: 0.37s | Spearman@80: 0.9072 | Kendall@80: 0.7415
Epoch 5/150 | Train Loss: 0.0314 | Epoch Time: 0.38s | Spearman@80: 0.8892 | Kendall@80: 0.7066
Epoch 6/150 | Train Loss: 0.0363 | Epoch Time: 0.37s | Spearman@80: 0.9201 | Kendall@80: 0.7631
Epoch 7/150 | Train Loss: 0.0399 | Epoch Time: 0.38s | Spearman@80: 0.9111 | Kendall@80: 0.7580
Epoch 8/150 | Train Loss: 0.0372 | Epoch Time: 0.37s | Spearman@80: 0.9283 | Kendall@80: 0.7802
Epoch 9/150 | Train Loss: 0.0363 | Epoch Time: 0.38s | Spearman@80: 0.9330 | Kendall@80: 0.7845
Epoch 10/150 | Train Loss: 0.0314 | Epoch Time: 0.37s | Spearman@80: 0.9287 | Kendall@80: 0.7739
Epoch 11/150 | Train Loss: 0.0337 | Epoch Time: 0.35s | Spearman@80: 0.9191 | Kendall@80: 0.7625
Epoch 12/150 | Train Loss: 0.0382 | Epoch Time: 0.38s | Spearman@80: 0.9400 | Kendall@80: 0.7923
Epoch 13/150 | Train Loss: 0.0346 | Epoch Time: 0.38s | Spearman@80: 0.9033 | Kendall@80: 0.7445
Epoch 14/150 | Train Loss: 0.0292 | Epoch Time: 0.38s | Spearman@80: 0.9248 | Kendall@80: 0.7794
Epoch 15/150 | Train Loss: 0.0316 | Epoch Time: 0.36s | Spearman@80: 0.9241 | Kendall@80: 0.7726
Epoch 16/150 | Train Loss: 0.0268 | Epoch Time: 0.37s | Spearman@80: 0.9282 | Kendall@80: 0.7876
Epoch 17/150 | Train Loss: 0.0389 | Epoch Time: 0.35s | Spearman@80: 0.9152 | Kendall@80: 0.7663
Epoch 18/150 | Train Loss: 0.0301 | Epoch Time: 0.37s | Spearman@80: 0.9052 | Kendall@80: 0.7407
Epoch 19/150 | Train Loss: 0.0335 | Epoch Time: 0.34s | Spearman@80: 0.9160 | Kendall@80: 0.7656
Epoch 20/150 | Train Loss: 0.0305 | Epoch Time: 0.35s | Spearman@80: 0.9252 | Kendall@80: 0.7796
Epoch 21/150 | Train Loss: 0.0335 | Epoch Time: 0.36s | Spearman@80: 0.9170 | Kendall@80: 0.7675
Epoch 22/150 | Train Loss: 0.0356 | Epoch Time: 0.35s | Spearman@80: 0.9285 | Kendall@80: 0.7821
Epoch 23/150 | Train Loss: 0.0299 | Epoch Time: 0.35s | Spearman@80: 0.9234 | Kendall@80: 0.7724
Epoch 24/150 | Train Loss: 0.0336 | Epoch Time: 0.35s | Spearman@80: 0.9037 | Kendall@80: 0.7502
Epoch 25/150 | Train Loss: 0.0335 | Epoch Time: 0.38s | Spearman@80: 0.9138 | Kendall@80: 0.7631
Epoch 26/150 | Train Loss: 0.0326 | Epoch Time: 0.36s | Spearman@80: 0.9145 | Kendall@80: 0.7567
Epoch 27/150 | Train Loss: 0.0308 | Epoch Time: 0.34s | Spearman@80: 0.8930 | Kendall@80: 0.7400
Epoch 28/150 | Train Loss: 0.0404 | Epoch Time: 0.34s | Spearman@80: 0.9143 | Kendall@80: 0.7656
Epoch 29/150 | Train Loss: 0.0320 | Epoch Time: 0.33s | Spearman@80: 0.8765 | Kendall@80: 0.7047
Epoch 30/150 | Train Loss: 0.0325 | Epoch Time: 0.34s | Spearman@80: 0.9141 | Kendall@80: 0.7635
Epoch 31/150 | Train Loss: 0.0359 | Epoch Time: 0.33s | Spearman@80: 0.8828 | Kendall@80: 0.7267
Epoch 32/150 | Train Loss: 0.0337 | Epoch Time: 0.34s | Spearman@80: 0.9190 | Kendall@80: 0.7768
Epoch 33/150 | Train Loss: 0.0343 | Epoch Time: 0.34s | Spearman@80: 0.9106 | Kendall@80: 0.7612
Epoch 34/150 | Train Loss: 0.0284 | Epoch Time: 0.35s | Spearman@80: 0.9255 | Kendall@80: 0.7864
Epoch 35/150 | Train Loss: 0.0342 | Epoch Time: 0.33s | Spearman@80: 0.9289 | Kendall@80: 0.7796
Epoch 36/150 | Train Loss: 0.0299 | Epoch Time: 0.34s | Spearman@80: 0.9270 | Kendall@80: 0.7853
Epoch 37/150 | Train Loss: 0.0303 | Epoch Time: 0.34s | Spearman@80: 0.9186 | Kendall@80: 0.7661
Epoch 38/150 | Train Loss: 0.0320 | Epoch Time: 0.37s | Spearman@80: 0.9099 | Kendall@80: 0.7623
Epoch 39/150 | Train Loss: 0.0266 | Epoch Time: 0.38s | Spearman@80: 0.9128 | Kendall@80: 0.7604
Epoch 40/150 | Train Loss: 0.0267 | Epoch Time: 0.36s | Spearman@80: 0.9177 | Kendall@80: 0.7711
Epoch 41/150 | Train Loss: 0.0314 | Epoch Time: 0.37s | Spearman@80: 0.9183 | Kendall@80: 0.7610
Epoch 42/150 | Train Loss: 0.0302 | Epoch Time: 0.37s | Spearman@80: 0.9064 | Kendall@80: 0.7580
Epoch 43/150 | Train Loss: 0.0309 | Epoch Time: 0.38s | Spearman@80: 0.9221 | Kendall@80: 0.7711
Epoch 44/150 | Train Loss: 0.0282 | Epoch Time: 0.38s | Spearman@80: 0.9318 | Kendall@80: 0.7897
Epoch 45/150 | Train Loss: 0.0358 | Epoch Time: 0.36s | Spearman@80: 0.9231 | Kendall@80: 0.7851
Epoch 46/150 | Train Loss: 0.0217 | Epoch Time: 0.37s | Spearman@80: 0.9210 | Kendall@80: 0.7711
Epoch 47/150 | Train Loss: 0.0344 | Epoch Time: 0.37s | Spearman@80: 0.9190 | Kendall@80: 0.7745
Epoch 48/150 | Train Loss: 0.0306 | Epoch Time: 0.37s | Spearman@80: 0.9091 | Kendall@80: 0.7572
Epoch 49/150 | Train Loss: 0.0301 | Epoch Time: 0.36s | Spearman@80: 0.9288 | Kendall@80: 0.7876
Epoch 50/150 | Train Loss: 0.0306 | Epoch Time: 0.37s | Spearman@80: 0.9158 | Kendall@80: 0.7675
Epoch 51/150 | Train Loss: 0.0300 | Epoch Time: 0.38s | Spearman@80: 0.9301 | Kendall@80: 0.7910
Epoch 52/150 | Train Loss: 0.0290 | Epoch Time: 0.36s | Spearman@80: 0.9151 | Kendall@80: 0.7616
Epoch 53/150 | Train Loss: 0.0334 | Epoch Time: 0.38s | Spearman@80: 0.8920 | Kendall@80: 0.7250
Epoch 54/150 | Train Loss: 0.0300 | Epoch Time: 0.36s | Spearman@80: 0.9236 | Kendall@80: 0.7800
Epoch 55/150 | Train Loss: 0.0290 | Epoch Time: 0.34s | Spearman@80: 0.9254 | Kendall@80: 0.7821
Epoch 56/150 | Train Loss: 0.0244 | Epoch Time: 0.34s | Spearman@80: 0.9019 | Kendall@80: 0.7400
Epoch 57/150 | Train Loss: 0.0284 | Epoch Time: 0.34s | Spearman@80: 0.9162 | Kendall@80: 0.7625
Epoch 58/150 | Train Loss: 0.0256 | Epoch Time: 0.33s | Spearman@80: 0.9167 | Kendall@80: 0.7629
Epoch 59/150 | Train Loss: 0.0322 | Epoch Time: 0.36s | Spearman@80: 0.9187 | Kendall@80: 0.7707
Epoch 60/150 | Train Loss: 0.0283 | Epoch Time: 0.36s | Spearman@80: 0.9108 | Kendall@80: 0.7610
Epoch 61/150 | Train Loss: 0.0306 | Epoch Time: 0.34s | Spearman@80: 0.9050 | Kendall@80: 0.7447
Epoch 62/150 | Train Loss: 0.0346 | Epoch Time: 0.34s | Spearman@80: 0.8854 | Kendall@80: 0.7299
Epoch 63/150 | Train Loss: 0.0277 | Epoch Time: 0.34s | Spearman@80: 0.8718 | Kendall@80: 0.7128
Epoch 64/150 | Train Loss: 0.0316 | Epoch Time: 0.34s | Spearman@80: 0.9316 | Kendall@80: 0.7895
Epoch 65/150 | Train Loss: 0.0307 | Epoch Time: 0.34s | Spearman@80: 0.9274 | Kendall@80: 0.7845
Epoch 66/150 | Train Loss: 0.0265 | Epoch Time: 0.34s | Spearman@80: 0.9381 | Kendall@80: 0.8069
Epoch 67/150 | Train Loss: 0.0299 | Epoch Time: 0.35s | Spearman@80: 0.9293 | Kendall@80: 0.7897
Epoch 68/150 | Train Loss: 0.0337 | Epoch Time: 0.35s | Spearman@80: 0.9071 | Kendall@80: 0.7553
Epoch 69/150 | Train Loss: 0.0278 | Epoch Time: 0.34s | Spearman@80: 0.9350 | Kendall@80: 0.7967
Epoch 70/150 | Train Loss: 0.0232 | Epoch Time: 0.34s | Spearman@80: 0.9293 | Kendall@80: 0.7847
Epoch 71/150 | Train Loss: 0.0259 | Epoch Time: 0.35s | Spearman@80: 0.9191 | Kendall@80: 0.7739
Epoch 72/150 | Train Loss: 0.0252 | Epoch Time: 0.38s | Spearman@80: 0.9260 | Kendall@80: 0.7783
Epoch 73/150 | Train Loss: 0.0291 | Epoch Time: 0.40s | Spearman@80: 0.9222 | Kendall@80: 0.7743
Epoch 74/150 | Train Loss: 0.0252 | Epoch Time: 0.37s | Spearman@80: 0.8954 | Kendall@80: 0.7288
Epoch 75/150 | Train Loss: 0.0282 | Epoch Time: 0.38s | Spearman@80: 0.9217 | Kendall@80: 0.7732
Epoch 76/150 | Train Loss: 0.0255 | Epoch Time: 0.38s | Spearman@80: 0.9276 | Kendall@80: 0.7826
Epoch 77/150 | Train Loss: 0.0323 | Epoch Time: 0.38s | Spearman@80: 0.9163 | Kendall@80: 0.7604
Epoch 78/150 | Train Loss: 0.0241 | Epoch Time: 0.37s | Spearman@80: 0.9135 | Kendall@80: 0.7604
Epoch 79/150 | Train Loss: 0.0199 | Epoch Time: 0.36s | Spearman@80: 0.9257 | Kendall@80: 0.7851
Epoch 80/150 | Train Loss: 0.0307 | Epoch Time: 0.37s | Spearman@80: 0.9080 | Kendall@80: 0.7559
Epoch 81/150 | Train Loss: 0.0257 | Epoch Time: 0.38s | Spearman@80: 0.9273 | Kendall@80: 0.7838
Epoch 82/150 | Train Loss: 0.0237 | Epoch Time: 0.38s | Spearman@80: 0.9131 | Kendall@80: 0.7629
Epoch 83/150 | Train Loss: 0.0255 | Epoch Time: 0.38s | Spearman@80: 0.9178 | Kendall@80: 0.7730
Epoch 84/150 | Train Loss: 0.0249 | Epoch Time: 0.36s | Spearman@80: 0.9221 | Kendall@80: 0.7787
Epoch 85/150 | Train Loss: 0.0266 | Epoch Time: 0.38s | Spearman@80: 0.9083 | Kendall@80: 0.7529
Epoch 86/150 | Train Loss: 0.0272 | Epoch Time: 0.37s | Spearman@80: 0.9070 | Kendall@80: 0.7567
Epoch 87/150 | Train Loss: 0.0287 | Epoch Time: 0.41s | Spearman@80: 0.9140 | Kendall@80: 0.7701
Epoch 88/150 | Train Loss: 0.0238 | Epoch Time: 0.36s | Spearman@80: 0.9007 | Kendall@80: 0.7464
Epoch 89/150 | Train Loss: 0.0269 | Epoch Time: 0.36s | Spearman@80: 0.8806 | Kendall@80: 0.7282
Epoch 90/150 | Train Loss: 0.0278 | Epoch Time: 0.35s | Spearman@80: 0.9059 | Kendall@80: 0.7572
Epoch 91/150 | Train Loss: 0.0243 | Epoch Time: 0.35s | Spearman@80: 0.9123 | Kendall@80: 0.7555
Epoch 92/150 | Train Loss: 0.0272 | Epoch Time: 0.37s | Spearman@80: 0.9090 | Kendall@80: 0.7616
Epoch 93/150 | Train Loss: 0.0259 | Epoch Time: 0.36s | Spearman@80: 0.9120 | Kendall@80: 0.7610
Epoch 94/150 | Train Loss: 0.0244 | Epoch Time: 0.34s | Spearman@80: 0.9158 | Kendall@80: 0.7768
Epoch 95/150 | Train Loss: 0.0222 | Epoch Time: 0.34s | Spearman@80: 0.9113 | Kendall@80: 0.7675
Epoch 96/150 | Train Loss: 0.0266 | Epoch Time: 0.34s | Spearman@80: 0.9166 | Kendall@80: 0.7699
Epoch 97/150 | Train Loss: 0.0248 | Epoch Time: 0.34s | Spearman@80: 0.9197 | Kendall@80: 0.7794
Epoch 98/150 | Train Loss: 0.0266 | Epoch Time: 0.34s | Spearman@80: 0.9192 | Kendall@80: 0.7777
Epoch 99/150 | Train Loss: 0.0245 | Epoch Time: 0.34s | Spearman@80: 0.9159 | Kendall@80: 0.7686
Epoch 100/150 | Train Loss: 0.0260 | Epoch Time: 0.34s | Spearman@80: 0.9192 | Kendall@80: 0.7800
Epoch 101/150 | Train Loss: 0.0191 | Epoch Time: 0.35s | Spearman@80: 0.9160 | Kendall@80: 0.7711
Epoch 102/150 | Train Loss: 0.0225 | Epoch Time: 0.34s | Spearman@80: 0.9120 | Kendall@80: 0.7673
Epoch 103/150 | Train Loss: 0.0260 | Epoch Time: 0.34s | Spearman@80: 0.9080 | Kendall@80: 0.7623
Epoch 104/150 | Train Loss: 0.0214 | Epoch Time: 0.36s | Spearman@80: 0.9071 | Kendall@80: 0.7584
Epoch 105/150 | Train Loss: 0.0219 | Epoch Time: 0.37s | Spearman@80: 0.9139 | Kendall@80: 0.7711
Epoch 106/150 | Train Loss: 0.0252 | Epoch Time: 0.37s | Spearman@80: 0.9126 | Kendall@80: 0.7718
Epoch 107/150 | Train Loss: 0.0218 | Epoch Time: 0.38s | Spearman@80: 0.9119 | Kendall@80: 0.7673
Epoch 108/150 | Train Loss: 0.0261 | Epoch Time: 0.37s | Spearman@80: 0.9092 | Kendall@80: 0.7661
Epoch 109/150 | Train Loss: 0.0282 | Epoch Time: 0.37s | Spearman@80: 0.9119 | Kendall@80: 0.7673
Epoch 110/150 | Train Loss: 0.0252 | Epoch Time: 0.36s | Spearman@80: 0.9108 | Kendall@80: 0.7686
Epoch 111/150 | Train Loss: 0.0213 | Epoch Time: 0.38s | Spearman@80: 0.9106 | Kendall@80: 0.7724
Epoch 112/150 | Train Loss: 0.0228 | Epoch Time: 0.37s | Spearman@80: 0.9153 | Kendall@80: 0.7724
Epoch 113/150 | Train Loss: 0.0191 | Epoch Time: 0.35s | Spearman@80: 0.9106 | Kendall@80: 0.7648
Epoch 114/150 | Train Loss: 0.0258 | Epoch Time: 0.38s | Spearman@80: 0.9155 | Kendall@80: 0.7699
Epoch 115/150 | Train Loss: 0.0241 | Epoch Time: 0.36s | Spearman@80: 0.9169 | Kendall@80: 0.7724
Epoch 116/150 | Train Loss: 0.0236 | Epoch Time: 0.37s | Spearman@80: 0.9096 | Kendall@80: 0.7648
Epoch 117/150 | Train Loss: 0.0201 | Epoch Time: 0.37s | Spearman@80: 0.9101 | Kendall@80: 0.7648
Epoch 118/150 | Train Loss: 0.0230 | Epoch Time: 0.36s | Spearman@80: 0.9127 | Kendall@80: 0.7661
Epoch 119/150 | Train Loss: 0.0202 | Epoch Time: 0.38s | Spearman@80: 0.9135 | Kendall@80: 0.7682
Epoch 120/150 | Train Loss: 0.0258 | Epoch Time: 0.36s | Spearman@80: 0.9129 | Kendall@80: 0.7654
Epoch 121/150 | Train Loss: 0.0202 | Epoch Time: 0.36s | Spearman@80: 0.9101 | Kendall@80: 0.7635
Epoch 122/150 | Train Loss: 0.0243 | Epoch Time: 0.35s | Spearman@80: 0.9075 | Kendall@80: 0.7604
Epoch 123/150 | Train Loss: 0.0226 | Epoch Time: 0.35s | Spearman@80: 0.9073 | Kendall@80: 0.7604
Epoch 124/150 | Train Loss: 0.0203 | Epoch Time: 0.35s | Spearman@80: 0.9084 | Kendall@80: 0.7610
Epoch 125/150 | Train Loss: 0.0248 | Epoch Time: 0.35s | Spearman@80: 0.9057 | Kendall@80: 0.7546
Epoch 126/150 | Train Loss: 0.0209 | Epoch Time: 0.35s | Spearman@80: 0.9099 | Kendall@80: 0.7625
Epoch 127/150 | Train Loss: 0.0239 | Epoch Time: 0.36s | Spearman@80: 0.9114 | Kendall@80: 0.7673
Epoch 128/150 | Train Loss: 0.0218 | Epoch Time: 0.37s | Spearman@80: 0.9101 | Kendall@80: 0.7648
Epoch 129/150 | Train Loss: 0.0249 | Epoch Time: 0.34s | Spearman@80: 0.9113 | Kendall@80: 0.7623
Epoch 130/150 | Train Loss: 0.0211 | Epoch Time: 0.34s | Spearman@80: 0.9144 | Kendall@80: 0.7707
Epoch 131/150 | Train Loss: 0.0188 | Epoch Time: 0.34s | Spearman@80: 0.9103 | Kendall@80: 0.7680
Epoch 132/150 | Train Loss: 0.0214 | Epoch Time: 0.34s | Spearman@80: 0.9081 | Kendall@80: 0.7654
Epoch 133/150 | Train Loss: 0.0264 | Epoch Time: 0.34s | Spearman@80: 0.9042 | Kendall@80: 0.7584
Epoch 134/150 | Train Loss: 0.0259 | Epoch Time: 0.34s | Spearman@80: 0.9079 | Kendall@80: 0.7604
Epoch 135/150 | Train Loss: 0.0202 | Epoch Time: 0.34s | Spearman@80: 0.9079 | Kendall@80: 0.7625
Epoch 136/150 | Train Loss: 0.0246 | Epoch Time: 0.36s | Spearman@80: 0.9097 | Kendall@80: 0.7656
Epoch 137/150 | Train Loss: 0.0239 | Epoch Time: 0.33s | Spearman@80: 0.9057 | Kendall@80: 0.7604
Epoch 138/150 | Train Loss: 0.0228 | Epoch Time: 0.34s | Spearman@80: 0.9083 | Kendall@80: 0.7623
Epoch 139/150 | Train Loss: 0.0190 | Epoch Time: 0.34s | Spearman@80: 0.9098 | Kendall@80: 0.7675
Epoch 140/150 | Train Loss: 0.0217 | Epoch Time: 0.36s | Spearman@80: 0.9078 | Kendall@80: 0.7623
Epoch 141/150 | Train Loss: 0.0225 | Epoch Time: 0.37s | Spearman@80: 0.9079 | Kendall@80: 0.7623
Epoch 142/150 | Train Loss: 0.0247 | Epoch Time: 0.37s | Spearman@80: 0.9083 | Kendall@80: 0.7642
Epoch 143/150 | Train Loss: 0.0200 | Epoch Time: 0.37s | Spearman@80: 0.9073 | Kendall@80: 0.7629
Epoch 144/150 | Train Loss: 0.0216 | Epoch Time: 0.38s | Spearman@80: 0.9096 | Kendall@80: 0.7682
Epoch 145/150 | Train Loss: 0.0186 | Epoch Time: 0.36s | Spearman@80: 0.9085 | Kendall@80: 0.7654
Epoch 146/150 | Train Loss: 0.0286 | Epoch Time: 0.38s | Spearman@80: 0.9077 | Kendall@80: 0.7642
Epoch 147/150 | Train Loss: 0.0201 | Epoch Time: 1.46s | Spearman@15496: 0.9160 | Kendall@15496: 0.7642
Epoch 148/150 | Train Loss: 0.0220 | Epoch Time: 1.41s | Spearman@15496: 0.9159 | Kendall@15496: 0.7643
Epoch 149/150 | Train Loss: 0.0192 | Epoch Time: 1.38s | Spearman@15496: 0.9162 | Kendall@15496: 0.7646
Epoch 150/150 | Train Loss: 0.0208 | Epoch Time: 1.32s | Spearman@15496: 0.9169 | Kendall@15496: 0.7650
Sample Count: 128, Spearman: 0.9162803114280593, Kendall: 0.7645478984460339
{64: (0.927281626712649, 0.7736486734676418),
 128: (0.9162803114280593, 0.7645478984460339)}
Epoch 1/150 | Train Loss: 0.0947 | Epoch Time: 0.18s | Spearman@80: 0.4205 | Kendall@80: 0.2902
Epoch 2/150 | Train Loss: 0.0708 | Epoch Time: 0.17s | Spearman@80: 0.5433 | Kendall@80: 0.3897
Epoch 3/150 | Train Loss: 0.0573 | Epoch Time: 0.17s | Spearman@80: 0.8047 | Kendall@80: 0.6219
Epoch 4/150 | Train Loss: 0.0566 | Epoch Time: 0.17s | Spearman@80: 0.8133 | Kendall@80: 0.6324
Epoch 5/150 | Train Loss: 0.0400 | Epoch Time: 0.17s | Spearman@80: 0.8208 | Kendall@80: 0.6420
Epoch 6/150 | Train Loss: 0.0372 | Epoch Time: 0.17s | Spearman@80: 0.8135 | Kendall@80: 0.6248
Epoch 7/150 | Train Loss: 0.0304 | Epoch Time: 0.17s | Spearman@80: 0.8319 | Kendall@80: 0.6540
Epoch 8/150 | Train Loss: 0.0370 | Epoch Time: 0.17s | Spearman@80: 0.8366 | Kendall@80: 0.6595
Epoch 9/150 | Train Loss: 0.0266 | Epoch Time: 0.17s | Spearman@80: 0.8386 | Kendall@80: 0.6624
Epoch 10/150 | Train Loss: 0.0231 | Epoch Time: 0.17s | Spearman@80: 0.8654 | Kendall@80: 0.7024
Epoch 11/150 | Train Loss: 0.0336 | Epoch Time: 0.17s | Spearman@80: 0.8810 | Kendall@80: 0.7188
Epoch 12/150 | Train Loss: 0.0270 | Epoch Time: 0.19s | Spearman@80: 0.8603 | Kendall@80: 0.6842
Epoch 13/150 | Train Loss: 0.0275 | Epoch Time: 0.17s | Spearman@80: 0.8721 | Kendall@80: 0.7115
Epoch 14/150 | Train Loss: 0.0266 | Epoch Time: 0.17s | Spearman@80: 0.8404 | Kendall@80: 0.6700
Epoch 15/150 | Train Loss: 0.0247 | Epoch Time: 0.17s | Spearman@80: 0.8653 | Kendall@80: 0.7087
Epoch 16/150 | Train Loss: 0.0249 | Epoch Time: 0.17s | Spearman@80: 0.8828 | Kendall@80: 0.7302
Epoch 17/150 | Train Loss: 0.0261 | Epoch Time: 0.17s | Spearman@80: 0.8444 | Kendall@80: 0.6719
Epoch 18/150 | Train Loss: 0.0253 | Epoch Time: 0.17s | Spearman@80: 0.8623 | Kendall@80: 0.7034
Epoch 19/150 | Train Loss: 0.0267 | Epoch Time: 0.17s | Spearman@80: 0.8307 | Kendall@80: 0.6692
Epoch 20/150 | Train Loss: 0.0338 | Epoch Time: 0.18s | Spearman@80: 0.8742 | Kendall@80: 0.7214
Epoch 21/150 | Train Loss: 0.0274 | Epoch Time: 0.19s | Spearman@80: 0.8635 | Kendall@80: 0.6992
Epoch 22/150 | Train Loss: 0.0284 | Epoch Time: 0.19s | Spearman@80: 0.8637 | Kendall@80: 0.7119
Epoch 23/150 | Train Loss: 0.0242 | Epoch Time: 0.19s | Spearman@80: 0.8625 | Kendall@80: 0.7081
Epoch 24/150 | Train Loss: 0.0203 | Epoch Time: 0.18s | Spearman@80: 0.8792 | Kendall@80: 0.7269
Epoch 25/150 | Train Loss: 0.0176 | Epoch Time: 0.19s | Spearman@80: 0.8839 | Kendall@80: 0.7309
Epoch 26/150 | Train Loss: 0.0229 | Epoch Time: 0.19s | Spearman@80: 0.8791 | Kendall@80: 0.7281
Epoch 27/150 | Train Loss: 0.0226 | Epoch Time: 0.18s | Spearman@80: 0.8443 | Kendall@80: 0.6789
Epoch 28/150 | Train Loss: 0.0234 | Epoch Time: 0.19s | Spearman@80: 0.8649 | Kendall@80: 0.7024
Epoch 29/150 | Train Loss: 0.0224 | Epoch Time: 0.19s | Spearman@80: 0.8838 | Kendall@80: 0.7427
Epoch 30/150 | Train Loss: 0.0264 | Epoch Time: 0.18s | Spearman@80: 0.8600 | Kendall@80: 0.7011
Epoch 31/150 | Train Loss: 0.0269 | Epoch Time: 0.18s | Spearman@80: 0.8536 | Kendall@80: 0.6941
Epoch 32/150 | Train Loss: 0.0222 | Epoch Time: 0.19s | Spearman@80: 0.8549 | Kendall@80: 0.7060
Epoch 33/150 | Train Loss: 0.0255 | Epoch Time: 0.19s | Spearman@80: 0.8367 | Kendall@80: 0.6781
Epoch 34/150 | Train Loss: 0.0194 | Epoch Time: 0.19s | Spearman@80: 0.8693 | Kendall@80: 0.7252
Epoch 35/150 | Train Loss: 0.0182 | Epoch Time: 0.18s | Spearman@80: 0.8756 | Kendall@80: 0.7271
Epoch 36/150 | Train Loss: 0.0225 | Epoch Time: 0.18s | Spearman@80: 0.8727 | Kendall@80: 0.7134
Epoch 37/150 | Train Loss: 0.0214 | Epoch Time: 0.19s | Spearman@80: 0.8502 | Kendall@80: 0.6591
Epoch 38/150 | Train Loss: 0.0265 | Epoch Time: 0.19s | Spearman@80: 0.8821 | Kendall@80: 0.7416
Epoch 39/150 | Train Loss: 0.0263 | Epoch Time: 0.19s | Spearman@80: 0.8855 | Kendall@80: 0.7410
Epoch 40/150 | Train Loss: 0.0193 | Epoch Time: 0.19s | Spearman@80: 0.8846 | Kendall@80: 0.7296
Epoch 41/150 | Train Loss: 0.0154 | Epoch Time: 0.19s | Spearman@80: 0.8845 | Kendall@80: 0.7416
Epoch 42/150 | Train Loss: 0.0135 | Epoch Time: 0.19s | Spearman@80: 0.8938 | Kendall@80: 0.7429
Epoch 43/150 | Train Loss: 0.0295 | Epoch Time: 0.19s | Spearman@80: 0.8687 | Kendall@80: 0.6960
Epoch 44/150 | Train Loss: 0.0187 | Epoch Time: 0.18s | Spearman@80: 0.8964 | Kendall@80: 0.7510
Epoch 45/150 | Train Loss: 0.0236 | Epoch Time: 0.17s | Spearman@80: 0.8924 | Kendall@80: 0.7391
Epoch 46/150 | Train Loss: 0.0204 | Epoch Time: 0.18s | Spearman@80: 0.8839 | Kendall@80: 0.7246
Epoch 47/150 | Train Loss: 0.0174 | Epoch Time: 0.19s | Spearman@80: 0.8864 | Kendall@80: 0.7404
Epoch 48/150 | Train Loss: 0.0262 | Epoch Time: 0.18s | Spearman@80: 0.8813 | Kendall@80: 0.7296
Epoch 49/150 | Train Loss: 0.0201 | Epoch Time: 0.18s | Spearman@80: 0.8739 | Kendall@80: 0.7224
Epoch 50/150 | Train Loss: 0.0242 | Epoch Time: 0.19s | Spearman@80: 0.8744 | Kendall@80: 0.7199
Epoch 51/150 | Train Loss: 0.0218 | Epoch Time: 0.19s | Spearman@80: 0.8836 | Kendall@80: 0.7366
Epoch 52/150 | Train Loss: 0.0262 | Epoch Time: 0.18s | Spearman@80: 0.8809 | Kendall@80: 0.7360
Epoch 53/150 | Train Loss: 0.0322 | Epoch Time: 0.17s | Spearman@80: 0.8787 | Kendall@80: 0.7319
Epoch 54/150 | Train Loss: 0.0270 | Epoch Time: 0.17s | Spearman@80: 0.8637 | Kendall@80: 0.7072
Epoch 55/150 | Train Loss: 0.0247 | Epoch Time: 0.17s | Spearman@80: 0.8783 | Kendall@80: 0.7370
Epoch 56/150 | Train Loss: 0.0171 | Epoch Time: 0.17s | Spearman@80: 0.8635 | Kendall@80: 0.7129
Epoch 57/150 | Train Loss: 0.0185 | Epoch Time: 0.17s | Spearman@80: 0.8835 | Kendall@80: 0.7364
Epoch 58/150 | Train Loss: 0.0142 | Epoch Time: 0.17s | Spearman@80: 0.8893 | Kendall@80: 0.7395
Epoch 59/150 | Train Loss: 0.0196 | Epoch Time: 0.16s | Spearman@80: 0.8949 | Kendall@80: 0.7385
Epoch 60/150 | Train Loss: 0.0212 | Epoch Time: 0.17s | Spearman@80: 0.8907 | Kendall@80: 0.7357
Epoch 61/150 | Train Loss: 0.0158 | Epoch Time: 0.17s | Spearman@80: 0.8884 | Kendall@80: 0.7376
Epoch 62/150 | Train Loss: 0.0148 | Epoch Time: 0.18s | Spearman@80: 0.8570 | Kendall@80: 0.6933
Epoch 63/150 | Train Loss: 0.0240 | Epoch Time: 0.18s | Spearman@80: 0.8883 | Kendall@80: 0.7328
Epoch 64/150 | Train Loss: 0.0199 | Epoch Time: 0.18s | Spearman@80: 0.8995 | Kendall@80: 0.7562
Epoch 65/150 | Train Loss: 0.0173 | Epoch Time: 0.17s | Spearman@80: 0.9036 | Kendall@80: 0.7535
Epoch 66/150 | Train Loss: 0.0164 | Epoch Time: 0.17s | Spearman@80: 0.8967 | Kendall@80: 0.7417
Epoch 67/150 | Train Loss: 0.0143 | Epoch Time: 0.17s | Spearman@80: 0.8678 | Kendall@80: 0.7098
Epoch 68/150 | Train Loss: 0.0138 | Epoch Time: 0.17s | Spearman@80: 0.8839 | Kendall@80: 0.7345
Epoch 69/150 | Train Loss: 0.0264 | Epoch Time: 0.17s | Spearman@80: 0.8818 | Kendall@80: 0.7300
Epoch 70/150 | Train Loss: 0.0126 | Epoch Time: 0.17s | Spearman@80: 0.8706 | Kendall@80: 0.7144
Epoch 71/150 | Train Loss: 0.0140 | Epoch Time: 0.17s | Spearman@80: 0.8999 | Kendall@80: 0.7613
Epoch 72/150 | Train Loss: 0.0155 | Epoch Time: 0.17s | Spearman@80: 0.9059 | Kendall@80: 0.7592
Epoch 73/150 | Train Loss: 0.0189 | Epoch Time: 0.17s | Spearman@80: 0.9058 | Kendall@80: 0.7525
Epoch 74/150 | Train Loss: 0.0157 | Epoch Time: 0.17s | Spearman@80: 0.8972 | Kendall@80: 0.7516
Epoch 75/150 | Train Loss: 0.0161 | Epoch Time: 0.17s | Spearman@80: 0.8646 | Kendall@80: 0.6967
Epoch 76/150 | Train Loss: 0.0225 | Epoch Time: 0.17s | Spearman@80: 0.8642 | Kendall@80: 0.7017
Epoch 77/150 | Train Loss: 0.0196 | Epoch Time: 0.17s | Spearman@80: 0.8634 | Kendall@80: 0.7058
Epoch 78/150 | Train Loss: 0.0256 | Epoch Time: 0.17s | Spearman@80: 0.8831 | Kendall@80: 0.7303
Epoch 79/150 | Train Loss: 0.0168 | Epoch Time: 0.18s | Spearman@80: 0.8908 | Kendall@80: 0.7353
Epoch 80/150 | Train Loss: 0.0177 | Epoch Time: 0.17s | Spearman@80: 0.8867 | Kendall@80: 0.7345
Epoch 81/150 | Train Loss: 0.0190 | Epoch Time: 0.17s | Spearman@80: 0.8672 | Kendall@80: 0.7047
Epoch 82/150 | Train Loss: 0.0188 | Epoch Time: 0.17s | Spearman@80: 0.8667 | Kendall@80: 0.7087
Epoch 83/150 | Train Loss: 0.0138 | Epoch Time: 0.17s | Spearman@80: 0.8766 | Kendall@80: 0.7271
Epoch 84/150 | Train Loss: 0.0170 | Epoch Time: 0.17s | Spearman@80: 0.8785 | Kendall@80: 0.7296
Epoch 85/150 | Train Loss: 0.0162 | Epoch Time: 0.18s | Spearman@80: 0.9000 | Kendall@80: 0.7454
Epoch 86/150 | Train Loss: 0.0127 | Epoch Time: 0.19s | Spearman@80: 0.8899 | Kendall@80: 0.7376
Epoch 87/150 | Train Loss: 0.0112 | Epoch Time: 0.18s | Spearman@80: 0.8885 | Kendall@80: 0.7323
Epoch 88/150 | Train Loss: 0.0149 | Epoch Time: 0.18s | Spearman@80: 0.8918 | Kendall@80: 0.7402
Epoch 89/150 | Train Loss: 0.0156 | Epoch Time: 0.19s | Spearman@80: 0.8862 | Kendall@80: 0.7294
Epoch 90/150 | Train Loss: 0.0203 | Epoch Time: 0.18s | Spearman@80: 0.8485 | Kendall@80: 0.6827
Epoch 91/150 | Train Loss: 0.0186 | Epoch Time: 0.18s | Spearman@80: 0.8527 | Kendall@80: 0.6857
Epoch 92/150 | Train Loss: 0.0183 | Epoch Time: 0.19s | Spearman@80: 0.8828 | Kendall@80: 0.7315
Epoch 93/150 | Train Loss: 0.0116 | Epoch Time: 0.19s | Spearman@80: 0.8949 | Kendall@80: 0.7468
Epoch 94/150 | Train Loss: 0.0149 | Epoch Time: 0.19s | Spearman@80: 0.8975 | Kendall@80: 0.7488
Epoch 95/150 | Train Loss: 0.0143 | Epoch Time: 0.19s | Spearman@80: 0.8926 | Kendall@80: 0.7383
Epoch 96/150 | Train Loss: 0.0135 | Epoch Time: 0.19s | Spearman@80: 0.8994 | Kendall@80: 0.7529
Epoch 97/150 | Train Loss: 0.0156 | Epoch Time: 0.19s | Spearman@80: 0.8975 | Kendall@80: 0.7510
Epoch 98/150 | Train Loss: 0.0083 | Epoch Time: 0.17s | Spearman@80: 0.8916 | Kendall@80: 0.7421
Epoch 99/150 | Train Loss: 0.0111 | Epoch Time: 0.19s | Spearman@80: 0.8880 | Kendall@80: 0.7378
Epoch 100/150 | Train Loss: 0.0189 | Epoch Time: 0.19s | Spearman@80: 0.8865 | Kendall@80: 0.7397
Epoch 101/150 | Train Loss: 0.0119 | Epoch Time: 0.18s | Spearman@80: 0.8907 | Kendall@80: 0.7406
Epoch 102/150 | Train Loss: 0.0124 | Epoch Time: 0.18s | Spearman@80: 0.8756 | Kendall@80: 0.7148
Epoch 103/150 | Train Loss: 0.0141 | Epoch Time: 0.18s | Spearman@80: 0.8669 | Kendall@80: 0.7110
Epoch 104/150 | Train Loss: 0.0156 | Epoch Time: 0.17s | Spearman@80: 0.8706 | Kendall@80: 0.7138
Epoch 105/150 | Train Loss: 0.0157 | Epoch Time: 0.18s | Spearman@80: 0.9024 | Kendall@80: 0.7512
Epoch 106/150 | Train Loss: 0.0144 | Epoch Time: 0.19s | Spearman@80: 0.8859 | Kendall@80: 0.7275
Epoch 107/150 | Train Loss: 0.0110 | Epoch Time: 0.18s | Spearman@80: 0.8681 | Kendall@80: 0.7104
Epoch 108/150 | Train Loss: 0.0151 | Epoch Time: 0.19s | Spearman@80: 0.8698 | Kendall@80: 0.7131
Epoch 109/150 | Train Loss: 0.0161 | Epoch Time: 0.19s | Spearman@80: 0.8716 | Kendall@80: 0.7150
Epoch 110/150 | Train Loss: 0.0153 | Epoch Time: 0.19s | Spearman@80: 0.8546 | Kendall@80: 0.6965
Epoch 111/150 | Train Loss: 0.0092 | Epoch Time: 0.19s | Spearman@80: 0.8535 | Kendall@80: 0.6958
Epoch 112/150 | Train Loss: 0.0118 | Epoch Time: 0.17s | Spearman@80: 0.8573 | Kendall@80: 0.6973
Epoch 113/150 | Train Loss: 0.0127 | Epoch Time: 0.18s | Spearman@80: 0.8696 | Kendall@80: 0.7144
Epoch 114/150 | Train Loss: 0.0086 | Epoch Time: 0.18s | Spearman@80: 0.8695 | Kendall@80: 0.7157
Epoch 115/150 | Train Loss: 0.0177 | Epoch Time: 0.19s | Spearman@80: 0.8716 | Kendall@80: 0.7180
Epoch 116/150 | Train Loss: 0.0081 | Epoch Time: 0.19s | Spearman@80: 0.8679 | Kendall@80: 0.7081
Epoch 117/150 | Train Loss: 0.0070 | Epoch Time: 0.18s | Spearman@80: 0.8712 | Kendall@80: 0.7163
Epoch 118/150 | Train Loss: 0.0149 | Epoch Time: 0.19s | Spearman@80: 0.8693 | Kendall@80: 0.7152
Epoch 119/150 | Train Loss: 0.0113 | Epoch Time: 0.19s | Spearman@80: 0.8674 | Kendall@80: 0.7131
Epoch 120/150 | Train Loss: 0.0094 | Epoch Time: 0.17s | Spearman@80: 0.8815 | Kendall@80: 0.7260
Epoch 121/150 | Train Loss: 0.0098 | Epoch Time: 0.17s | Spearman@80: 0.8818 | Kendall@80: 0.7220
Epoch 122/150 | Train Loss: 0.0125 | Epoch Time: 0.17s | Spearman@80: 0.8783 | Kendall@80: 0.7195
Epoch 123/150 | Train Loss: 0.0136 | Epoch Time: 0.17s | Spearman@80: 0.8678 | Kendall@80: 0.7055
Epoch 124/150 | Train Loss: 0.0121 | Epoch Time: 0.17s | Spearman@80: 0.8716 | Kendall@80: 0.7108
Epoch 125/150 | Train Loss: 0.0137 | Epoch Time: 0.17s | Spearman@80: 0.8803 | Kendall@80: 0.7207
Epoch 126/150 | Train Loss: 0.0089 | Epoch Time: 0.17s | Spearman@80: 0.8772 | Kendall@80: 0.7152
Epoch 127/150 | Train Loss: 0.0080 | Epoch Time: 0.18s | Spearman@80: 0.8750 | Kendall@80: 0.7157
Epoch 128/150 | Train Loss: 0.0133 | Epoch Time: 0.17s | Spearman@80: 0.8797 | Kendall@80: 0.7226
Epoch 129/150 | Train Loss: 0.0113 | Epoch Time: 0.17s | Spearman@80: 0.8898 | Kendall@80: 0.7364
Epoch 130/150 | Train Loss: 0.0110 | Epoch Time: 0.18s | Spearman@80: 0.8917 | Kendall@80: 0.7376
Epoch 131/150 | Train Loss: 0.0110 | Epoch Time: 0.18s | Spearman@80: 0.8931 | Kendall@80: 0.7397
Epoch 132/150 | Train Loss: 0.0068 | Epoch Time: 0.18s | Spearman@80: 0.8915 | Kendall@80: 0.7391
Epoch 133/150 | Train Loss: 0.0135 | Epoch Time: 0.18s | Spearman@80: 0.8871 | Kendall@80: 0.7332
Epoch 134/150 | Train Loss: 0.0060 | Epoch Time: 0.19s | Spearman@80: 0.8833 | Kendall@80: 0.7262
Epoch 135/150 | Train Loss: 0.0130 | Epoch Time: 0.17s | Spearman@80: 0.8847 | Kendall@80: 0.7279
Epoch 136/150 | Train Loss: 0.0128 | Epoch Time: 0.17s | Spearman@80: 0.8788 | Kendall@80: 0.7207
Epoch 137/150 | Train Loss: 0.0103 | Epoch Time: 0.17s | Spearman@80: 0.8769 | Kendall@80: 0.7201
Epoch 138/150 | Train Loss: 0.0079 | Epoch Time: 0.17s | Spearman@80: 0.8834 | Kendall@80: 0.7258
Epoch 139/150 | Train Loss: 0.0093 | Epoch Time: 0.17s | Spearman@80: 0.8824 | Kendall@80: 0.7245
Epoch 140/150 | Train Loss: 0.0119 | Epoch Time: 0.17s | Spearman@80: 0.8804 | Kendall@80: 0.7231
Epoch 141/150 | Train Loss: 0.0092 | Epoch Time: 0.17s | Spearman@80: 0.8770 | Kendall@80: 0.7182
Epoch 142/150 | Train Loss: 0.0092 | Epoch Time: 0.17s | Spearman@80: 0.8759 | Kendall@80: 0.7197
Epoch 143/150 | Train Loss: 0.0065 | Epoch Time: 0.17s | Spearman@80: 0.8765 | Kendall@80: 0.7180
Epoch 144/150 | Train Loss: 0.0092 | Epoch Time: 0.17s | Spearman@80: 0.8746 | Kendall@80: 0.7157
Epoch 145/150 | Train Loss: 0.0089 | Epoch Time: 0.17s | Spearman@80: 0.8736 | Kendall@80: 0.7159
Epoch 146/150 | Train Loss: 0.0090 | Epoch Time: 0.17s | Spearman@80: 0.8739 | Kendall@80: 0.7157
Epoch 147/150 | Train Loss: 0.0101 | Epoch Time: 1.21s | Spearman@15560: 0.9034 | Kendall@15560: 0.7536
Epoch 148/150 | Train Loss: 0.0071 | Epoch Time: 1.17s | Spearman@15560: 0.9033 | Kendall@15560: 0.7542
Epoch 149/150 | Train Loss: 0.0135 | Epoch Time: 1.25s | Spearman@15560: 0.9021 | Kendall@15560: 0.7520
Epoch 150/150 | Train Loss: 0.0138 | Epoch Time: 1.24s | Spearman@15560: 0.9031 | Kendall@15560: 0.7533
Sample Count: 64, Spearman: 0.9029479352091819, Kendall: 0.7532717793956865
{64: (0.9029479352091819, 0.7532717793956865),
 128: (0.9162803114280593, 0.7645478984460339)}
Epoch 1/150 | Train Loss: 0.0902 | Epoch Time: 0.39s | Spearman@80: 0.4848 | Kendall@80: 0.3405
Epoch 2/150 | Train Loss: 0.0639 | Epoch Time: 0.36s | Spearman@80: 0.8836 | Kendall@80: 0.6946
Epoch 3/150 | Train Loss: 0.0423 | Epoch Time: 0.39s | Spearman@80: 0.8775 | Kendall@80: 0.6992
Epoch 4/150 | Train Loss: 0.0375 | Epoch Time: 0.36s | Spearman@80: 0.8799 | Kendall@80: 0.7030
Epoch 5/150 | Train Loss: 0.0393 | Epoch Time: 0.38s | Spearman@80: 0.8752 | Kendall@80: 0.6946
Epoch 6/150 | Train Loss: 0.0371 | Epoch Time: 0.37s | Spearman@80: 0.9117 | Kendall@80: 0.7472
Epoch 7/150 | Train Loss: 0.0321 | Epoch Time: 0.34s | Spearman@80: 0.9084 | Kendall@80: 0.7417
Epoch 8/150 | Train Loss: 0.0334 | Epoch Time: 0.34s | Spearman@80: 0.8941 | Kendall@80: 0.7313
Epoch 9/150 | Train Loss: 0.0281 | Epoch Time: 0.34s | Spearman@80: 0.9141 | Kendall@80: 0.7544
Epoch 10/150 | Train Loss: 0.0311 | Epoch Time: 0.34s | Spearman@80: 0.9020 | Kendall@80: 0.7261
Epoch 11/150 | Train Loss: 0.0350 | Epoch Time: 0.34s | Spearman@80: 0.9216 | Kendall@80: 0.7696
Epoch 12/150 | Train Loss: 0.0369 | Epoch Time: 0.37s | Spearman@80: 0.8950 | Kendall@80: 0.7487
Epoch 13/150 | Train Loss: 0.0279 | Epoch Time: 0.35s | Spearman@80: 0.9251 | Kendall@80: 0.7749
Epoch 14/150 | Train Loss: 0.0290 | Epoch Time: 0.34s | Spearman@80: 0.8305 | Kendall@80: 0.6662
Epoch 15/150 | Train Loss: 0.0307 | Epoch Time: 0.34s | Spearman@80: 0.8708 | Kendall@80: 0.7024
Epoch 16/150 | Train Loss: 0.0323 | Epoch Time: 0.34s | Spearman@80: 0.9282 | Kendall@80: 0.7761
Epoch 17/150 | Train Loss: 0.0355 | Epoch Time: 0.34s | Spearman@80: 0.9275 | Kendall@80: 0.7749
Epoch 18/150 | Train Loss: 0.0308 | Epoch Time: 0.33s | Spearman@80: 0.9256 | Kendall@80: 0.7681
Epoch 19/150 | Train Loss: 0.0331 | Epoch Time: 0.34s | Spearman@80: 0.9181 | Kendall@80: 0.7603
Epoch 20/150 | Train Loss: 0.0303 | Epoch Time: 0.35s | Spearman@80: 0.9336 | Kendall@80: 0.7907
Epoch 21/150 | Train Loss: 0.0348 | Epoch Time: 0.34s | Spearman@80: 0.9174 | Kendall@80: 0.7660
Epoch 22/150 | Train Loss: 0.0356 | Epoch Time: 0.34s | Spearman@80: 0.9282 | Kendall@80: 0.7791
Epoch 23/150 | Train Loss: 0.0295 | Epoch Time: 0.34s | Spearman@80: 0.9149 | Kendall@80: 0.7628
Epoch 24/150 | Train Loss: 0.0296 | Epoch Time: 0.35s | Spearman@80: 0.9143 | Kendall@80: 0.7603
Epoch 25/150 | Train Loss: 0.0334 | Epoch Time: 0.36s | Spearman@80: 0.8870 | Kendall@80: 0.7202
Epoch 26/150 | Train Loss: 0.0301 | Epoch Time: 0.37s | Spearman@80: 0.9117 | Kendall@80: 0.7595
Epoch 27/150 | Train Loss: 0.0328 | Epoch Time: 0.36s | Spearman@80: 0.9259 | Kendall@80: 0.7840
Epoch 28/150 | Train Loss: 0.0325 | Epoch Time: 0.35s | Spearman@80: 0.9182 | Kendall@80: 0.7685
Epoch 29/150 | Train Loss: 0.0267 | Epoch Time: 0.34s | Spearman@80: 0.9154 | Kendall@80: 0.7639
Epoch 30/150 | Train Loss: 0.0277 | Epoch Time: 0.38s | Spearman@80: 0.9264 | Kendall@80: 0.7727
Epoch 31/150 | Train Loss: 0.0250 | Epoch Time: 0.40s | Spearman@80: 0.9048 | Kendall@80: 0.7546
Epoch 32/150 | Train Loss: 0.0318 | Epoch Time: 0.39s | Spearman@80: 0.9279 | Kendall@80: 0.7876
Epoch 33/150 | Train Loss: 0.0284 | Epoch Time: 0.40s | Spearman@80: 0.9267 | Kendall@80: 0.7768
Epoch 34/150 | Train Loss: 0.0220 | Epoch Time: 0.39s | Spearman@80: 0.9214 | Kendall@80: 0.7804
Epoch 35/150 | Train Loss: 0.0280 | Epoch Time: 0.40s | Spearman@80: 0.9285 | Kendall@80: 0.7882
Epoch 36/150 | Train Loss: 0.0260 | Epoch Time: 0.41s | Spearman@80: 0.9205 | Kendall@80: 0.7730
Epoch 37/150 | Train Loss: 0.0299 | Epoch Time: 0.40s | Spearman@80: 0.9135 | Kendall@80: 0.7527
Epoch 38/150 | Train Loss: 0.0288 | Epoch Time: 0.39s | Spearman@80: 0.9271 | Kendall@80: 0.7869
Epoch 39/150 | Train Loss: 0.0303 | Epoch Time: 0.40s | Spearman@80: 0.9263 | Kendall@80: 0.7825
Epoch 40/150 | Train Loss: 0.0301 | Epoch Time: 0.40s | Spearman@80: 0.9275 | Kendall@80: 0.7857
Epoch 41/150 | Train Loss: 0.0309 | Epoch Time: 0.40s | Spearman@80: 0.9212 | Kendall@80: 0.7681
Epoch 42/150 | Train Loss: 0.0283 | Epoch Time: 0.41s | Spearman@80: 0.9346 | Kendall@80: 0.7916
Epoch 43/150 | Train Loss: 0.0238 | Epoch Time: 0.40s | Spearman@80: 0.9295 | Kendall@80: 0.7882
Epoch 44/150 | Train Loss: 0.0295 | Epoch Time: 0.41s | Spearman@80: 0.9235 | Kendall@80: 0.7806
Epoch 45/150 | Train Loss: 0.0242 | Epoch Time: 0.41s | Spearman@80: 0.9277 | Kendall@80: 0.7865
Epoch 46/150 | Train Loss: 0.0291 | Epoch Time: 0.41s | Spearman@80: 0.9189 | Kendall@80: 0.7743
Epoch 47/150 | Train Loss: 0.0208 | Epoch Time: 0.41s | Spearman@80: 0.9329 | Kendall@80: 0.7935
Epoch 48/150 | Train Loss: 0.0266 | Epoch Time: 0.41s | Spearman@80: 0.9231 | Kendall@80: 0.7798
Epoch 49/150 | Train Loss: 0.0278 | Epoch Time: 0.41s | Spearman@80: 0.9167 | Kendall@80: 0.7741
Epoch 50/150 | Train Loss: 0.0240 | Epoch Time: 0.41s | Spearman@80: 0.9261 | Kendall@80: 0.7842
Epoch 51/150 | Train Loss: 0.0238 | Epoch Time: 0.41s | Spearman@80: 0.9334 | Kendall@80: 0.7988
Epoch 52/150 | Train Loss: 0.0222 | Epoch Time: 0.40s | Spearman@80: 0.9280 | Kendall@80: 0.7930
Epoch 53/150 | Train Loss: 0.0267 | Epoch Time: 0.40s | Spearman@80: 0.9206 | Kendall@80: 0.7760
Epoch 54/150 | Train Loss: 0.0260 | Epoch Time: 0.40s | Spearman@80: 0.9306 | Kendall@80: 0.7909
Epoch 55/150 | Train Loss: 0.0247 | Epoch Time: 0.40s | Spearman@80: 0.9398 | Kendall@80: 0.7971
Epoch 56/150 | Train Loss: 0.0273 | Epoch Time: 0.40s | Spearman@80: 0.9076 | Kendall@80: 0.7519
Epoch 57/150 | Train Loss: 0.0280 | Epoch Time: 0.40s | Spearman@80: 0.9272 | Kendall@80: 0.7804
Epoch 58/150 | Train Loss: 0.0268 | Epoch Time: 0.40s | Spearman@80: 0.9004 | Kendall@80: 0.7425
Epoch 59/150 | Train Loss: 0.0266 | Epoch Time: 0.40s | Spearman@80: 0.9312 | Kendall@80: 0.7944
Epoch 60/150 | Train Loss: 0.0255 | Epoch Time: 0.40s | Spearman@80: 0.9260 | Kendall@80: 0.7863
Epoch 61/150 | Train Loss: 0.0264 | Epoch Time: 0.40s | Spearman@80: 0.9179 | Kendall@80: 0.7728
Epoch 62/150 | Train Loss: 0.0295 | Epoch Time: 0.39s | Spearman@80: 0.9115 | Kendall@80: 0.7653
Epoch 63/150 | Train Loss: 0.0308 | Epoch Time: 0.40s | Spearman@80: 0.9265 | Kendall@80: 0.7886
Epoch 64/150 | Train Loss: 0.0255 | Epoch Time: 0.39s | Spearman@80: 0.9271 | Kendall@80: 0.7941
Epoch 65/150 | Train Loss: 0.0259 | Epoch Time: 0.39s | Spearman@80: 0.9275 | Kendall@80: 0.7882
Epoch 66/150 | Train Loss: 0.0212 | Epoch Time: 0.39s | Spearman@80: 0.9239 | Kendall@80: 0.7880
Epoch 67/150 | Train Loss: 0.0200 | Epoch Time: 0.39s | Spearman@80: 0.9297 | Kendall@80: 0.7971
Epoch 68/150 | Train Loss: 0.0227 | Epoch Time: 0.40s | Spearman@80: 0.9158 | Kendall@80: 0.7764
Epoch 69/150 | Train Loss: 0.0261 | Epoch Time: 0.40s | Spearman@80: 0.9226 | Kendall@80: 0.7897
Epoch 70/150 | Train Loss: 0.0215 | Epoch Time: 0.40s | Spearman@80: 0.9170 | Kendall@80: 0.7746
Epoch 71/150 | Train Loss: 0.0228 | Epoch Time: 0.40s | Spearman@80: 0.9234 | Kendall@80: 0.7937
Epoch 72/150 | Train Loss: 0.0244 | Epoch Time: 0.41s | Spearman@80: 0.9071 | Kendall@80: 0.7569
Epoch 73/150 | Train Loss: 0.0210 | Epoch Time: 0.39s | Spearman@80: 0.9340 | Kendall@80: 0.8030
Epoch 74/150 | Train Loss: 0.0199 | Epoch Time: 0.40s | Spearman@80: 0.9322 | Kendall@80: 0.8025
Epoch 75/150 | Train Loss: 0.0246 | Epoch Time: 0.39s | Spearman@80: 0.9368 | Kendall@80: 0.8077
Epoch 76/150 | Train Loss: 0.0201 | Epoch Time: 0.41s | Spearman@80: 0.9349 | Kendall@80: 0.8020
Epoch 77/150 | Train Loss: 0.0208 | Epoch Time: 0.40s | Spearman@80: 0.9135 | Kendall@80: 0.7684
Epoch 78/150 | Train Loss: 0.0214 | Epoch Time: 0.40s | Spearman@80: 0.9198 | Kendall@80: 0.7791
Epoch 79/150 | Train Loss: 0.0227 | Epoch Time: 0.40s | Spearman@80: 0.9280 | Kendall@80: 0.7956
Epoch 80/150 | Train Loss: 0.0250 | Epoch Time: 0.40s | Spearman@80: 0.9282 | Kendall@80: 0.7963
Epoch 81/150 | Train Loss: 0.0249 | Epoch Time: 0.40s | Spearman@80: 0.9288 | Kendall@80: 0.7933
Epoch 82/150 | Train Loss: 0.0167 | Epoch Time: 0.39s | Spearman@80: 0.9329 | Kendall@80: 0.8022
Epoch 83/150 | Train Loss: 0.0270 | Epoch Time: 0.40s | Spearman@80: 0.9313 | Kendall@80: 0.7952
Epoch 84/150 | Train Loss: 0.0272 | Epoch Time: 0.39s | Spearman@80: 0.8887 | Kendall@80: 0.7242
Epoch 85/150 | Train Loss: 0.0256 | Epoch Time: 0.40s | Spearman@80: 0.9289 | Kendall@80: 0.7920
Epoch 86/150 | Train Loss: 0.0208 | Epoch Time: 0.39s | Spearman@80: 0.9349 | Kendall@80: 0.8023
Epoch 87/150 | Train Loss: 0.0224 | Epoch Time: 0.40s | Spearman@80: 0.9360 | Kendall@80: 0.8072
Epoch 88/150 | Train Loss: 0.0199 | Epoch Time: 0.39s | Spearman@80: 0.9347 | Kendall@80: 0.8057
Epoch 89/150 | Train Loss: 0.0198 | Epoch Time: 0.40s | Spearman@80: 0.9422 | Kendall@80: 0.8161
Epoch 90/150 | Train Loss: 0.0195 | Epoch Time: 0.39s | Spearman@80: 0.9429 | Kendall@80: 0.8158
Epoch 91/150 | Train Loss: 0.0177 | Epoch Time: 0.40s | Spearman@80: 0.9393 | Kendall@80: 0.8077
Epoch 92/150 | Train Loss: 0.0200 | Epoch Time: 0.39s | Spearman@80: 0.9326 | Kendall@80: 0.7982
Epoch 93/150 | Train Loss: 0.0208 | Epoch Time: 0.39s | Spearman@80: 0.9366 | Kendall@80: 0.8066
Epoch 94/150 | Train Loss: 0.0195 | Epoch Time: 0.40s | Spearman@80: 0.9314 | Kendall@80: 0.7982
Epoch 95/150 | Train Loss: 0.0210 | Epoch Time: 0.38s | Spearman@80: 0.9388 | Kendall@80: 0.8117
Epoch 96/150 | Train Loss: 0.0180 | Epoch Time: 0.40s | Spearman@80: 0.9402 | Kendall@80: 0.8140
Epoch 97/150 | Train Loss: 0.0168 | Epoch Time: 0.41s | Spearman@80: 0.9363 | Kendall@80: 0.8028
Epoch 98/150 | Train Loss: 0.0231 | Epoch Time: 0.40s | Spearman@80: 0.9307 | Kendall@80: 0.7971
Epoch 99/150 | Train Loss: 0.0176 | Epoch Time: 0.40s | Spearman@80: 0.9349 | Kendall@80: 0.8009
Epoch 100/150 | Train Loss: 0.0183 | Epoch Time: 0.40s | Spearman@80: 0.9411 | Kendall@80: 0.8110
Epoch 101/150 | Train Loss: 0.0198 | Epoch Time: 0.40s | Spearman@80: 0.9405 | Kendall@80: 0.8158
Epoch 102/150 | Train Loss: 0.0230 | Epoch Time: 0.40s | Spearman@80: 0.9366 | Kendall@80: 0.7994
Epoch 103/150 | Train Loss: 0.0192 | Epoch Time: 0.40s | Spearman@80: 0.9468 | Kendall@80: 0.8161
Epoch 104/150 | Train Loss: 0.0205 | Epoch Time: 0.40s | Spearman@80: 0.9410 | Kendall@80: 0.8106
Epoch 105/150 | Train Loss: 0.0213 | Epoch Time: 0.41s | Spearman@80: 0.9387 | Kendall@80: 0.8085
Epoch 106/150 | Train Loss: 0.0187 | Epoch Time: 0.39s | Spearman@80: 0.9372 | Kendall@80: 0.8058
Epoch 107/150 | Train Loss: 0.0190 | Epoch Time: 0.40s | Spearman@80: 0.9389 | Kendall@80: 0.8098
Epoch 108/150 | Train Loss: 0.0177 | Epoch Time: 0.39s | Spearman@80: 0.9382 | Kendall@80: 0.8085
Epoch 109/150 | Train Loss: 0.0144 | Epoch Time: 0.39s | Spearman@80: 0.9422 | Kendall@80: 0.8209
Epoch 110/150 | Train Loss: 0.0173 | Epoch Time: 0.40s | Spearman@80: 0.9462 | Kendall@80: 0.8223
Epoch 111/150 | Train Loss: 0.0145 | Epoch Time: 0.39s | Spearman@80: 0.9412 | Kendall@80: 0.8125
Epoch 112/150 | Train Loss: 0.0194 | Epoch Time: 0.39s | Spearman@80: 0.9453 | Kendall@80: 0.8223
Epoch 113/150 | Train Loss: 0.0190 | Epoch Time: 0.41s | Spearman@80: 0.9507 | Kendall@80: 0.8292
Epoch 114/150 | Train Loss: 0.0170 | Epoch Time: 0.40s | Spearman@80: 0.9488 | Kendall@80: 0.8248
Epoch 115/150 | Train Loss: 0.0137 | Epoch Time: 0.40s | Spearman@80: 0.9405 | Kendall@80: 0.8112
Epoch 116/150 | Train Loss: 0.0185 | Epoch Time: 0.40s | Spearman@80: 0.9424 | Kendall@80: 0.8157
Epoch 117/150 | Train Loss: 0.0178 | Epoch Time: 0.39s | Spearman@80: 0.9399 | Kendall@80: 0.8117
Epoch 118/150 | Train Loss: 0.0151 | Epoch Time: 0.40s | Spearman@80: 0.9404 | Kendall@80: 0.8096
Epoch 119/150 | Train Loss: 0.0138 | Epoch Time: 0.40s | Spearman@80: 0.9424 | Kendall@80: 0.8106
Epoch 120/150 | Train Loss: 0.0172 | Epoch Time: 0.40s | Spearman@80: 0.9424 | Kendall@80: 0.8199
Epoch 121/150 | Train Loss: 0.0187 | Epoch Time: 0.41s | Spearman@80: 0.9447 | Kendall@80: 0.8185
Epoch 122/150 | Train Loss: 0.0142 | Epoch Time: 0.42s | Spearman@80: 0.9492 | Kendall@80: 0.8271
Epoch 123/150 | Train Loss: 0.0196 | Epoch Time: 0.43s | Spearman@80: 0.9407 | Kendall@80: 0.8121
Epoch 124/150 | Train Loss: 0.0149 | Epoch Time: 0.42s | Spearman@80: 0.9397 | Kendall@80: 0.8125
Epoch 125/150 | Train Loss: 0.0136 | Epoch Time: 0.41s | Spearman@80: 0.9369 | Kendall@80: 0.8047
Epoch 126/150 | Train Loss: 0.0189 | Epoch Time: 0.40s | Spearman@80: 0.9376 | Kendall@80: 0.8042
Epoch 127/150 | Train Loss: 0.0132 | Epoch Time: 0.42s | Spearman@80: 0.9404 | Kendall@80: 0.8089
Epoch 128/150 | Train Loss: 0.0152 | Epoch Time: 0.43s | Spearman@80: 0.9436 | Kendall@80: 0.8142
Epoch 129/150 | Train Loss: 0.0202 | Epoch Time: 0.43s | Spearman@80: 0.9453 | Kendall@80: 0.8182
Epoch 130/150 | Train Loss: 0.0187 | Epoch Time: 0.43s | Spearman@80: 0.9419 | Kendall@80: 0.8140
Epoch 131/150 | Train Loss: 0.0180 | Epoch Time: 0.41s | Spearman@80: 0.9394 | Kendall@80: 0.8100
Epoch 132/150 | Train Loss: 0.0168 | Epoch Time: 0.42s | Spearman@80: 0.9438 | Kendall@80: 0.8197
Epoch 133/150 | Train Loss: 0.0181 | Epoch Time: 0.43s | Spearman@80: 0.9414 | Kendall@80: 0.8140
Epoch 134/150 | Train Loss: 0.0166 | Epoch Time: 0.42s | Spearman@80: 0.9382 | Kendall@80: 0.8055
Epoch 135/150 | Train Loss: 0.0143 | Epoch Time: 0.43s | Spearman@80: 0.9454 | Kendall@80: 0.8174
Epoch 136/150 | Train Loss: 0.0149 | Epoch Time: 0.43s | Spearman@80: 0.9476 | Kendall@80: 0.8231
Epoch 137/150 | Train Loss: 0.0137 | Epoch Time: 0.41s | Spearman@80: 0.9430 | Kendall@80: 0.8158
Epoch 138/150 | Train Loss: 0.0114 | Epoch Time: 0.43s | Spearman@80: 0.9439 | Kendall@80: 0.8210
Epoch 139/150 | Train Loss: 0.0177 | Epoch Time: 0.41s | Spearman@80: 0.9466 | Kendall@80: 0.8218
Epoch 140/150 | Train Loss: 0.0179 | Epoch Time: 0.41s | Spearman@80: 0.9417 | Kendall@80: 0.8160
Epoch 141/150 | Train Loss: 0.0150 | Epoch Time: 0.41s | Spearman@80: 0.9459 | Kendall@80: 0.8204
Epoch 142/150 | Train Loss: 0.0141 | Epoch Time: 0.40s | Spearman@80: 0.9457 | Kendall@80: 0.8223
Epoch 143/150 | Train Loss: 0.0188 | Epoch Time: 0.40s | Spearman@80: 0.9438 | Kendall@80: 0.8204
Epoch 144/150 | Train Loss: 0.0173 | Epoch Time: 0.40s | Spearman@80: 0.9429 | Kendall@80: 0.8182
Epoch 145/150 | Train Loss: 0.0167 | Epoch Time: 0.40s | Spearman@80: 0.9438 | Kendall@80: 0.8186
Epoch 146/150 | Train Loss: 0.0148 | Epoch Time: 0.40s | Spearman@80: 0.9461 | Kendall@80: 0.8233
Epoch 147/150 | Train Loss: 0.0146 | Epoch Time: 1.58s | Spearman@15496: 0.9434 | Kendall@15496: 0.8099
Epoch 148/150 | Train Loss: 0.0143 | Epoch Time: 1.40s | Spearman@15496: 0.9437 | Kendall@15496: 0.8106
Epoch 149/150 | Train Loss: 0.0202 | Epoch Time: 1.37s | Spearman@15496: 0.9427 | Kendall@15496: 0.8088
Epoch 150/150 | Train Loss: 0.0154 | Epoch Time: 1.39s | Spearman@15496: 0.9431 | Kendall@15496: 0.8096
Sample Count: 128, Spearman: 0.9432099580369049, Kendall: 0.8097315833147984
{64: (0.9029479352091819, 0.7532717793956865),
 128: (0.9432099580369049, 0.8097315833147984)}
Epoch 1/150 | Train Loss: 0.0987 | Epoch Time: 0.19s | Spearman@80: 0.5186 | Kendall@80: 0.3664
Epoch 2/150 | Train Loss: 0.0814 | Epoch Time: 0.19s | Spearman@80: 0.5096 | Kendall@80: 0.3546
Epoch 3/150 | Train Loss: 0.0500 | Epoch Time: 0.20s | Spearman@80: 0.8336 | Kendall@80: 0.6347
Epoch 4/150 | Train Loss: 0.0391 | Epoch Time: 0.18s | Spearman@80: 0.8404 | Kendall@80: 0.6506
Epoch 5/150 | Train Loss: 0.0370 | Epoch Time: 0.17s | Spearman@80: 0.8307 | Kendall@80: 0.6362
Epoch 6/150 | Train Loss: 0.0338 | Epoch Time: 0.19s | Spearman@80: 0.8557 | Kendall@80: 0.6629
Epoch 7/150 | Train Loss: 0.0281 | Epoch Time: 0.18s | Spearman@80: 0.8581 | Kendall@80: 0.6654
Epoch 8/150 | Train Loss: 0.0369 | Epoch Time: 0.17s | Spearman@80: 0.8443 | Kendall@80: 0.6646
Epoch 9/150 | Train Loss: 0.0350 | Epoch Time: 0.17s | Spearman@80: 0.8894 | Kendall@80: 0.7238
Epoch 10/150 | Train Loss: 0.0305 | Epoch Time: 0.19s | Spearman@80: 0.8533 | Kendall@80: 0.6730
Epoch 11/150 | Train Loss: 0.0321 | Epoch Time: 0.19s | Spearman@80: 0.8928 | Kendall@80: 0.7244
Epoch 12/150 | Train Loss: 0.0335 | Epoch Time: 0.18s | Spearman@80: 0.8803 | Kendall@80: 0.7147
Epoch 13/150 | Train Loss: 0.0323 | Epoch Time: 0.19s | Spearman@80: 0.8819 | Kendall@80: 0.7147
Epoch 14/150 | Train Loss: 0.0230 | Epoch Time: 0.18s | Spearman@80: 0.8944 | Kendall@80: 0.7326
Epoch 15/150 | Train Loss: 0.0188 | Epoch Time: 0.17s | Spearman@80: 0.8956 | Kendall@80: 0.7362
Epoch 16/150 | Train Loss: 0.0252 | Epoch Time: 0.17s | Spearman@80: 0.9046 | Kendall@80: 0.7536
Epoch 17/150 | Train Loss: 0.0281 | Epoch Time: 0.18s | Spearman@80: 0.8900 | Kendall@80: 0.7295
Epoch 18/150 | Train Loss: 0.0225 | Epoch Time: 0.17s | Spearman@80: 0.9068 | Kendall@80: 0.7529
Epoch 19/150 | Train Loss: 0.0219 | Epoch Time: 0.18s | Spearman@80: 0.8977 | Kendall@80: 0.7301
Epoch 20/150 | Train Loss: 0.0271 | Epoch Time: 0.18s | Spearman@80: 0.9090 | Kendall@80: 0.7529
Epoch 21/150 | Train Loss: 0.0236 | Epoch Time: 0.18s | Spearman@80: 0.9053 | Kendall@80: 0.7483
Epoch 22/150 | Train Loss: 0.0266 | Epoch Time: 0.18s | Spearman@80: 0.8959 | Kendall@80: 0.7377
Epoch 23/150 | Train Loss: 0.0264 | Epoch Time: 0.19s | Spearman@80: 0.9049 | Kendall@80: 0.7517
Epoch 24/150 | Train Loss: 0.0295 | Epoch Time: 0.19s | Spearman@80: 0.9068 | Kendall@80: 0.7567
Epoch 25/150 | Train Loss: 0.0240 | Epoch Time: 0.18s | Spearman@80: 0.9015 | Kendall@80: 0.7445
Epoch 26/150 | Train Loss: 0.0283 | Epoch Time: 0.17s | Spearman@80: 0.9069 | Kendall@80: 0.7612
Epoch 27/150 | Train Loss: 0.0210 | Epoch Time: 0.17s | Spearman@80: 0.8995 | Kendall@80: 0.7453
Epoch 28/150 | Train Loss: 0.0264 | Epoch Time: 0.17s | Spearman@80: 0.8952 | Kendall@80: 0.7420
Epoch 29/150 | Train Loss: 0.0203 | Epoch Time: 0.17s | Spearman@80: 0.9036 | Kendall@80: 0.7529
Epoch 30/150 | Train Loss: 0.0202 | Epoch Time: 0.17s | Spearman@80: 0.8989 | Kendall@80: 0.7420
Epoch 31/150 | Train Loss: 0.0246 | Epoch Time: 0.17s | Spearman@80: 0.9112 | Kendall@80: 0.7663
Epoch 32/150 | Train Loss: 0.0244 | Epoch Time: 0.17s | Spearman@80: 0.9193 | Kendall@80: 0.7724
Epoch 33/150 | Train Loss: 0.0238 | Epoch Time: 0.17s | Spearman@80: 0.9129 | Kendall@80: 0.7616
Epoch 34/150 | Train Loss: 0.0257 | Epoch Time: 0.17s | Spearman@80: 0.9024 | Kendall@80: 0.7491
Epoch 35/150 | Train Loss: 0.0374 | Epoch Time: 0.17s | Spearman@80: 0.8943 | Kendall@80: 0.7413
Epoch 36/150 | Train Loss: 0.0234 | Epoch Time: 0.17s | Spearman@80: 0.9033 | Kendall@80: 0.7546
Epoch 37/150 | Train Loss: 0.0192 | Epoch Time: 0.17s | Spearman@80: 0.9049 | Kendall@80: 0.7542
Epoch 38/150 | Train Loss: 0.0237 | Epoch Time: 0.17s | Spearman@80: 0.9127 | Kendall@80: 0.7637
Epoch 39/150 | Train Loss: 0.0189 | Epoch Time: 0.17s | Spearman@80: 0.9070 | Kendall@80: 0.7618
Epoch 40/150 | Train Loss: 0.0257 | Epoch Time: 0.17s | Spearman@80: 0.9069 | Kendall@80: 0.7572
Epoch 41/150 | Train Loss: 0.0201 | Epoch Time: 0.17s | Spearman@80: 0.9103 | Kendall@80: 0.7650
Epoch 42/150 | Train Loss: 0.0217 | Epoch Time: 0.17s | Spearman@80: 0.9106 | Kendall@80: 0.7612
Epoch 43/150 | Train Loss: 0.0174 | Epoch Time: 0.17s | Spearman@80: 0.9140 | Kendall@80: 0.7648
Epoch 44/150 | Train Loss: 0.0250 | Epoch Time: 0.17s | Spearman@80: 0.9262 | Kendall@80: 0.7866
Epoch 45/150 | Train Loss: 0.0194 | Epoch Time: 0.17s | Spearman@80: 0.9112 | Kendall@80: 0.7650
Epoch 46/150 | Train Loss: 0.0238 | Epoch Time: 0.17s | Spearman@80: 0.9184 | Kendall@80: 0.7756
Epoch 47/150 | Train Loss: 0.0192 | Epoch Time: 0.17s | Spearman@80: 0.9165 | Kendall@80: 0.7768
Epoch 48/150 | Train Loss: 0.0210 | Epoch Time: 0.17s | Spearman@80: 0.9160 | Kendall@80: 0.7730
Epoch 49/150 | Train Loss: 0.0238 | Epoch Time: 0.17s | Spearman@80: 0.9135 | Kendall@80: 0.7663
Epoch 50/150 | Train Loss: 0.0157 | Epoch Time: 0.18s | Spearman@80: 0.9170 | Kendall@80: 0.7764
Epoch 51/150 | Train Loss: 0.0182 | Epoch Time: 0.18s | Spearman@80: 0.9095 | Kendall@80: 0.7540
Epoch 52/150 | Train Loss: 0.0166 | Epoch Time: 0.18s | Spearman@80: 0.9180 | Kendall@80: 0.7718
Epoch 53/150 | Train Loss: 0.0161 | Epoch Time: 0.17s | Spearman@80: 0.9217 | Kendall@80: 0.7775
Epoch 54/150 | Train Loss: 0.0243 | Epoch Time: 0.17s | Spearman@80: 0.9204 | Kendall@80: 0.7789
Epoch 55/150 | Train Loss: 0.0172 | Epoch Time: 0.17s | Spearman@80: 0.9146 | Kendall@80: 0.7663
Epoch 56/150 | Train Loss: 0.0191 | Epoch Time: 0.17s | Spearman@80: 0.9196 | Kendall@80: 0.7724
Epoch 57/150 | Train Loss: 0.0259 | Epoch Time: 0.17s | Spearman@80: 0.9268 | Kendall@80: 0.7859
Epoch 58/150 | Train Loss: 0.0190 | Epoch Time: 0.17s | Spearman@80: 0.9135 | Kendall@80: 0.7629
Epoch 59/150 | Train Loss: 0.0265 | Epoch Time: 0.17s | Spearman@80: 0.9155 | Kendall@80: 0.7732
Epoch 60/150 | Train Loss: 0.0172 | Epoch Time: 0.17s | Spearman@80: 0.9146 | Kendall@80: 0.7667
Epoch 61/150 | Train Loss: 0.0203 | Epoch Time: 0.17s | Spearman@80: 0.9181 | Kendall@80: 0.7768
Epoch 62/150 | Train Loss: 0.0162 | Epoch Time: 0.17s | Spearman@80: 0.9184 | Kendall@80: 0.7711
Epoch 63/150 | Train Loss: 0.0158 | Epoch Time: 0.17s | Spearman@80: 0.9304 | Kendall@80: 0.7904
Epoch 64/150 | Train Loss: 0.0140 | Epoch Time: 0.17s | Spearman@80: 0.9159 | Kendall@80: 0.7726
Epoch 65/150 | Train Loss: 0.0239 | Epoch Time: 0.17s | Spearman@80: 0.9008 | Kendall@80: 0.7464
Epoch 66/150 | Train Loss: 0.0205 | Epoch Time: 0.17s | Spearman@80: 0.9216 | Kendall@80: 0.7777
Epoch 67/150 | Train Loss: 0.0135 | Epoch Time: 0.17s | Spearman@80: 0.9209 | Kendall@80: 0.7707
Epoch 68/150 | Train Loss: 0.0187 | Epoch Time: 0.17s | Spearman@80: 0.9250 | Kendall@80: 0.7827
Epoch 69/150 | Train Loss: 0.0168 | Epoch Time: 0.17s | Spearman@80: 0.9135 | Kendall@80: 0.7699
Epoch 70/150 | Train Loss: 0.0172 | Epoch Time: 0.17s | Spearman@80: 0.9058 | Kendall@80: 0.7574
Epoch 71/150 | Train Loss: 0.0161 | Epoch Time: 0.19s | Spearman@80: 0.9131 | Kendall@80: 0.7667
Epoch 72/150 | Train Loss: 0.0232 | Epoch Time: 0.18s | Spearman@80: 0.9122 | Kendall@80: 0.7584
Epoch 73/150 | Train Loss: 0.0208 | Epoch Time: 0.20s | Spearman@80: 0.9269 | Kendall@80: 0.7940
Epoch 74/150 | Train Loss: 0.0175 | Epoch Time: 0.18s | Spearman@80: 0.9323 | Kendall@80: 0.7999
Epoch 75/150 | Train Loss: 0.0212 | Epoch Time: 0.18s | Spearman@80: 0.9082 | Kendall@80: 0.7578
Epoch 76/150 | Train Loss: 0.0226 | Epoch Time: 0.19s | Spearman@80: 0.9334 | Kendall@80: 0.7959
Epoch 77/150 | Train Loss: 0.0218 | Epoch Time: 0.18s | Spearman@80: 0.9321 | Kendall@80: 0.7946
Epoch 78/150 | Train Loss: 0.0148 | Epoch Time: 0.18s | Spearman@80: 0.9356 | Kendall@80: 0.8037
Epoch 79/150 | Train Loss: 0.0140 | Epoch Time: 0.19s | Spearman@80: 0.9373 | Kendall@80: 0.8049
Epoch 80/150 | Train Loss: 0.0151 | Epoch Time: 0.19s | Spearman@80: 0.9352 | Kendall@80: 0.7967
Epoch 81/150 | Train Loss: 0.0226 | Epoch Time: 0.17s | Spearman@80: 0.9227 | Kendall@80: 0.7819
Epoch 82/150 | Train Loss: 0.0238 | Epoch Time: 0.18s | Spearman@80: 0.9220 | Kendall@80: 0.7845
Epoch 83/150 | Train Loss: 0.0234 | Epoch Time: 0.18s | Spearman@80: 0.9392 | Kendall@80: 0.8037
Epoch 84/150 | Train Loss: 0.0197 | Epoch Time: 0.18s | Spearman@80: 0.9358 | Kendall@80: 0.8011
Epoch 85/150 | Train Loss: 0.0132 | Epoch Time: 0.19s | Spearman@80: 0.9380 | Kendall@80: 0.8043
Epoch 86/150 | Train Loss: 0.0169 | Epoch Time: 0.17s | Spearman@80: 0.9369 | Kendall@80: 0.8041
Epoch 87/150 | Train Loss: 0.0143 | Epoch Time: 0.18s | Spearman@80: 0.9309 | Kendall@80: 0.7847
Epoch 88/150 | Train Loss: 0.0142 | Epoch Time: 0.19s | Spearman@80: 0.9361 | Kendall@80: 0.7967
Epoch 89/150 | Train Loss: 0.0179 | Epoch Time: 0.19s | Spearman@80: 0.9253 | Kendall@80: 0.7802
Epoch 90/150 | Train Loss: 0.0185 | Epoch Time: 0.18s | Spearman@80: 0.9286 | Kendall@80: 0.7889
Epoch 91/150 | Train Loss: 0.0165 | Epoch Time: 0.18s | Spearman@80: 0.9331 | Kendall@80: 0.7908
Epoch 92/150 | Train Loss: 0.0177 | Epoch Time: 0.18s | Spearman@80: 0.9306 | Kendall@80: 0.7973
Epoch 93/150 | Train Loss: 0.0180 | Epoch Time: 0.18s | Spearman@80: 0.9378 | Kendall@80: 0.8056
Epoch 94/150 | Train Loss: 0.0114 | Epoch Time: 0.17s | Spearman@80: 0.9405 | Kendall@80: 0.8105
Epoch 95/150 | Train Loss: 0.0184 | Epoch Time: 0.18s | Spearman@80: 0.9380 | Kendall@80: 0.8054
Epoch 96/150 | Train Loss: 0.0187 | Epoch Time: 0.18s | Spearman@80: 0.9415 | Kendall@80: 0.8075
Epoch 97/150 | Train Loss: 0.0149 | Epoch Time: 0.18s | Spearman@80: 0.9436 | Kendall@80: 0.8126
Epoch 98/150 | Train Loss: 0.0102 | Epoch Time: 0.19s | Spearman@80: 0.9422 | Kendall@80: 0.8105
Epoch 99/150 | Train Loss: 0.0152 | Epoch Time: 0.17s | Spearman@80: 0.9391 | Kendall@80: 0.8060
Epoch 100/150 | Train Loss: 0.0154 | Epoch Time: 0.19s | Spearman@80: 0.9439 | Kendall@80: 0.8130
Epoch 101/150 | Train Loss: 0.0124 | Epoch Time: 0.19s | Spearman@80: 0.9466 | Kendall@80: 0.8181
Epoch 102/150 | Train Loss: 0.0101 | Epoch Time: 0.17s | Spearman@80: 0.9431 | Kendall@80: 0.8119
Epoch 103/150 | Train Loss: 0.0131 | Epoch Time: 0.17s | Spearman@80: 0.9459 | Kendall@80: 0.8195
Epoch 104/150 | Train Loss: 0.0145 | Epoch Time: 0.17s | Spearman@80: 0.9473 | Kendall@80: 0.8214
Epoch 105/150 | Train Loss: 0.0173 | Epoch Time: 0.17s | Spearman@80: 0.9465 | Kendall@80: 0.8183
Epoch 106/150 | Train Loss: 0.0112 | Epoch Time: 0.17s | Spearman@80: 0.9456 | Kendall@80: 0.8151
Epoch 107/150 | Train Loss: 0.0139 | Epoch Time: 0.17s | Spearman@80: 0.9451 | Kendall@80: 0.8149
Epoch 108/150 | Train Loss: 0.0124 | Epoch Time: 0.17s | Spearman@80: 0.9447 | Kendall@80: 0.8132
Epoch 109/150 | Train Loss: 0.0168 | Epoch Time: 0.17s | Spearman@80: 0.9448 | Kendall@80: 0.8174
Epoch 110/150 | Train Loss: 0.0155 | Epoch Time: 0.17s | Spearman@80: 0.9471 | Kendall@80: 0.8194
Epoch 111/150 | Train Loss: 0.0156 | Epoch Time: 0.18s | Spearman@80: 0.9464 | Kendall@80: 0.8195
Epoch 112/150 | Train Loss: 0.0135 | Epoch Time: 0.18s | Spearman@80: 0.9470 | Kendall@80: 0.8208
Epoch 113/150 | Train Loss: 0.0097 | Epoch Time: 0.18s | Spearman@80: 0.9451 | Kendall@80: 0.8105
Epoch 114/150 | Train Loss: 0.0174 | Epoch Time: 0.17s | Spearman@80: 0.9447 | Kendall@80: 0.8100
Epoch 115/150 | Train Loss: 0.0125 | Epoch Time: 0.17s | Spearman@80: 0.9503 | Kendall@80: 0.8263
Epoch 116/150 | Train Loss: 0.0114 | Epoch Time: 0.17s | Spearman@80: 0.9449 | Kendall@80: 0.8174
Epoch 117/150 | Train Loss: 0.0105 | Epoch Time: 0.17s | Spearman@80: 0.9474 | Kendall@80: 0.8194
Epoch 118/150 | Train Loss: 0.0071 | Epoch Time: 0.17s | Spearman@80: 0.9484 | Kendall@80: 0.8232
Epoch 119/150 | Train Loss: 0.0110 | Epoch Time: 0.17s | Spearman@80: 0.9480 | Kendall@80: 0.8219
Epoch 120/150 | Train Loss: 0.0128 | Epoch Time: 0.17s | Spearman@80: 0.9474 | Kendall@80: 0.8225
Epoch 121/150 | Train Loss: 0.0107 | Epoch Time: 0.17s | Spearman@80: 0.9472 | Kendall@80: 0.8189
Epoch 122/150 | Train Loss: 0.0095 | Epoch Time: 0.17s | Spearman@80: 0.9468 | Kendall@80: 0.8183
Epoch 123/150 | Train Loss: 0.0135 | Epoch Time: 0.17s | Spearman@80: 0.9466 | Kendall@80: 0.8189
Epoch 124/150 | Train Loss: 0.0110 | Epoch Time: 0.18s | Spearman@80: 0.9479 | Kendall@80: 0.8189
Epoch 125/150 | Train Loss: 0.0133 | Epoch Time: 0.17s | Spearman@80: 0.9485 | Kendall@80: 0.8206
Epoch 126/150 | Train Loss: 0.0070 | Epoch Time: 0.17s | Spearman@80: 0.9445 | Kendall@80: 0.8130
Epoch 127/150 | Train Loss: 0.0115 | Epoch Time: 0.17s | Spearman@80: 0.9463 | Kendall@80: 0.8157
Epoch 128/150 | Train Loss: 0.0102 | Epoch Time: 0.19s | Spearman@80: 0.9479 | Kendall@80: 0.8183
Epoch 129/150 | Train Loss: 0.0146 | Epoch Time: 0.19s | Spearman@80: 0.9490 | Kendall@80: 0.8219
Epoch 130/150 | Train Loss: 0.0121 | Epoch Time: 0.17s | Spearman@80: 0.9490 | Kendall@80: 0.8221
Epoch 131/150 | Train Loss: 0.0129 | Epoch Time: 0.17s | Spearman@80: 0.9493 | Kendall@80: 0.8214
Epoch 132/150 | Train Loss: 0.0092 | Epoch Time: 0.17s | Spearman@80: 0.9479 | Kendall@80: 0.8176
Epoch 133/150 | Train Loss: 0.0098 | Epoch Time: 0.17s | Spearman@80: 0.9477 | Kendall@80: 0.8151
Epoch 134/150 | Train Loss: 0.0159 | Epoch Time: 0.17s | Spearman@80: 0.9478 | Kendall@80: 0.8164
Epoch 135/150 | Train Loss: 0.0114 | Epoch Time: 0.17s | Spearman@80: 0.9501 | Kendall@80: 0.8232
Epoch 136/150 | Train Loss: 0.0138 | Epoch Time: 0.18s | Spearman@80: 0.9475 | Kendall@80: 0.8208
Epoch 137/150 | Train Loss: 0.0090 | Epoch Time: 0.17s | Spearman@80: 0.9492 | Kendall@80: 0.8227
Epoch 138/150 | Train Loss: 0.0080 | Epoch Time: 0.18s | Spearman@80: 0.9483 | Kendall@80: 0.8202
Epoch 139/150 | Train Loss: 0.0088 | Epoch Time: 0.17s | Spearman@80: 0.9483 | Kendall@80: 0.8200
Epoch 140/150 | Train Loss: 0.0100 | Epoch Time: 0.17s | Spearman@80: 0.9487 | Kendall@80: 0.8206
Epoch 141/150 | Train Loss: 0.0117 | Epoch Time: 0.17s | Spearman@80: 0.9484 | Kendall@80: 0.8202
Epoch 142/150 | Train Loss: 0.0115 | Epoch Time: 0.17s | Spearman@80: 0.9493 | Kendall@80: 0.8225
Epoch 143/150 | Train Loss: 0.0131 | Epoch Time: 0.18s | Spearman@80: 0.9486 | Kendall@80: 0.8202
Epoch 144/150 | Train Loss: 0.0132 | Epoch Time: 0.17s | Spearman@80: 0.9483 | Kendall@80: 0.8200
Epoch 145/150 | Train Loss: 0.0132 | Epoch Time: 0.17s | Spearman@80: 0.9497 | Kendall@80: 0.8227
Epoch 146/150 | Train Loss: 0.0126 | Epoch Time: 0.17s | Spearman@80: 0.9492 | Kendall@80: 0.8213
Epoch 147/150 | Train Loss: 0.0149 | Epoch Time: 1.25s | Spearman@15560: 0.9354 | Kendall@15560: 0.7963
Epoch 148/150 | Train Loss: 0.0131 | Epoch Time: 1.24s | Spearman@15560: 0.9364 | Kendall@15560: 0.7982
Epoch 149/150 | Train Loss: 0.0103 | Epoch Time: 1.26s | Spearman@15560: 0.9357 | Kendall@15560: 0.7970
Epoch 150/150 | Train Loss: 0.0110 | Epoch Time: 1.19s | Spearman@15560: 0.9360 | Kendall@15560: 0.7977
Sample Count: 64, Spearman: 0.9358500096021061, Kendall: 0.7972738951250145
{64: (0.9358500096021061, 0.7972738951250145),
 128: (0.9432099580369049, 0.8097315833147984)}
Epoch 1/150 | Train Loss: 0.0900 | Epoch Time: 0.35s | Spearman@80: 0.5651 | Kendall@80: 0.4031
Epoch 2/150 | Train Loss: 0.0556 | Epoch Time: 0.35s | Spearman@80: 0.7583 | Kendall@80: 0.5764
Epoch 3/150 | Train Loss: 0.0484 | Epoch Time: 0.35s | Spearman@80: 0.8519 | Kendall@80: 0.6891
Epoch 4/150 | Train Loss: 0.0436 | Epoch Time: 0.36s | Spearman@80: 0.8527 | Kendall@80: 0.6832
Epoch 5/150 | Train Loss: 0.0414 | Epoch Time: 0.37s | Spearman@80: 0.8881 | Kendall@80: 0.7199
Epoch 6/150 | Train Loss: 0.0329 | Epoch Time: 0.35s | Spearman@80: 0.8955 | Kendall@80: 0.7391
Epoch 7/150 | Train Loss: 0.0341 | Epoch Time: 0.35s | Spearman@80: 0.8351 | Kendall@80: 0.6544
Epoch 8/150 | Train Loss: 0.0350 | Epoch Time: 0.35s | Spearman@80: 0.8856 | Kendall@80: 0.7194
Epoch 9/150 | Train Loss: 0.0390 | Epoch Time: 0.35s | Spearman@80: 0.9042 | Kendall@80: 0.7398
Epoch 10/150 | Train Loss: 0.0337 | Epoch Time: 0.34s | Spearman@80: 0.9218 | Kendall@80: 0.7752
Epoch 11/150 | Train Loss: 0.0381 | Epoch Time: 0.35s | Spearman@80: 0.8996 | Kendall@80: 0.7548
Epoch 12/150 | Train Loss: 0.0385 | Epoch Time: 0.35s | Spearman@80: 0.9030 | Kendall@80: 0.7371
Epoch 13/150 | Train Loss: 0.0310 | Epoch Time: 0.36s | Spearman@80: 0.8815 | Kendall@80: 0.7173
Epoch 14/150 | Train Loss: 0.0353 | Epoch Time: 0.40s | Spearman@80: 0.9068 | Kendall@80: 0.7555
Epoch 15/150 | Train Loss: 0.0303 | Epoch Time: 0.38s | Spearman@80: 0.9042 | Kendall@80: 0.7584
Epoch 16/150 | Train Loss: 0.0324 | Epoch Time: 0.39s | Spearman@80: 0.8911 | Kendall@80: 0.7194
Epoch 17/150 | Train Loss: 0.0330 | Epoch Time: 0.39s | Spearman@80: 0.9090 | Kendall@80: 0.7506
Epoch 18/150 | Train Loss: 0.0322 | Epoch Time: 0.39s | Spearman@80: 0.9072 | Kendall@80: 0.7656
Epoch 19/150 | Train Loss: 0.0338 | Epoch Time: 0.37s | Spearman@80: 0.9059 | Kendall@80: 0.7502
Epoch 20/150 | Train Loss: 0.0285 | Epoch Time: 0.39s | Spearman@80: 0.9118 | Kendall@80: 0.7643
Epoch 21/150 | Train Loss: 0.0284 | Epoch Time: 0.38s | Spearman@80: 0.9012 | Kendall@80: 0.7438
Epoch 22/150 | Train Loss: 0.0291 | Epoch Time: 0.36s | Spearman@80: 0.9083 | Kendall@80: 0.7510
Epoch 23/150 | Train Loss: 0.0311 | Epoch Time: 0.39s | Spearman@80: 0.9224 | Kendall@80: 0.7658
Epoch 24/150 | Train Loss: 0.0306 | Epoch Time: 0.38s | Spearman@80: 0.8975 | Kendall@80: 0.7347
Epoch 25/150 | Train Loss: 0.0293 | Epoch Time: 0.38s | Spearman@80: 0.9245 | Kendall@80: 0.7757
Epoch 26/150 | Train Loss: 0.0284 | Epoch Time: 0.37s | Spearman@80: 0.9080 | Kendall@80: 0.7561
Epoch 27/150 | Train Loss: 0.0327 | Epoch Time: 0.37s | Spearman@80: 0.9176 | Kendall@80: 0.7620
Epoch 28/150 | Train Loss: 0.0282 | Epoch Time: 0.39s | Spearman@80: 0.9218 | Kendall@80: 0.7762
Epoch 29/150 | Train Loss: 0.0257 | Epoch Time: 0.38s | Spearman@80: 0.9251 | Kendall@80: 0.7807
Epoch 30/150 | Train Loss: 0.0278 | Epoch Time: 0.36s | Spearman@80: 0.9141 | Kendall@80: 0.7582
Epoch 31/150 | Train Loss: 0.0269 | Epoch Time: 0.36s | Spearman@80: 0.8840 | Kendall@80: 0.7199
Epoch 32/150 | Train Loss: 0.0286 | Epoch Time: 0.36s | Spearman@80: 0.9121 | Kendall@80: 0.7527
Epoch 33/150 | Train Loss: 0.0304 | Epoch Time: 0.37s | Spearman@80: 0.8970 | Kendall@80: 0.7453
Epoch 34/150 | Train Loss: 0.0314 | Epoch Time: 0.36s | Spearman@80: 0.8495 | Kendall@80: 0.6703
Epoch 35/150 | Train Loss: 0.0311 | Epoch Time: 0.36s | Spearman@80: 0.9065 | Kendall@80: 0.7552
Epoch 36/150 | Train Loss: 0.0293 | Epoch Time: 0.37s | Spearman@80: 0.9025 | Kendall@80: 0.7506
Epoch 37/150 | Train Loss: 0.0253 | Epoch Time: 0.36s | Spearman@80: 0.9172 | Kendall@80: 0.7650
Epoch 38/150 | Train Loss: 0.0259 | Epoch Time: 0.35s | Spearman@80: 0.8928 | Kendall@80: 0.7328
Epoch 39/150 | Train Loss: 0.0292 | Epoch Time: 0.35s | Spearman@80: 0.8976 | Kendall@80: 0.7313
Epoch 40/150 | Train Loss: 0.0321 | Epoch Time: 0.35s | Spearman@80: 0.8346 | Kendall@80: 0.6512
Epoch 41/150 | Train Loss: 0.0405 | Epoch Time: 0.35s | Spearman@80: 0.9223 | Kendall@80: 0.7561
Epoch 42/150 | Train Loss: 0.0338 | Epoch Time: 0.35s | Spearman@80: 0.9011 | Kendall@80: 0.7472
Epoch 43/150 | Train Loss: 0.0273 | Epoch Time: 0.36s | Spearman@80: 0.9134 | Kendall@80: 0.7531
Epoch 44/150 | Train Loss: 0.0282 | Epoch Time: 0.37s | Spearman@80: 0.8949 | Kendall@80: 0.7317
Epoch 45/150 | Train Loss: 0.0285 | Epoch Time: 0.35s | Spearman@80: 0.8744 | Kendall@80: 0.7071
Epoch 46/150 | Train Loss: 0.0223 | Epoch Time: 0.34s | Spearman@80: 0.9028 | Kendall@80: 0.7521
Epoch 47/150 | Train Loss: 0.0278 | Epoch Time: 0.35s | Spearman@80: 0.8907 | Kendall@80: 0.7362
Epoch 48/150 | Train Loss: 0.0275 | Epoch Time: 0.37s | Spearman@80: 0.8819 | Kendall@80: 0.7214
Epoch 49/150 | Train Loss: 0.0259 | Epoch Time: 0.39s | Spearman@80: 0.9023 | Kendall@80: 0.7429
Epoch 50/150 | Train Loss: 0.0245 | Epoch Time: 0.38s | Spearman@80: 0.8742 | Kendall@80: 0.7116
Epoch 51/150 | Train Loss: 0.0227 | Epoch Time: 0.38s | Spearman@80: 0.9080 | Kendall@80: 0.7463
Epoch 52/150 | Train Loss: 0.0268 | Epoch Time: 0.37s | Spearman@80: 0.9105 | Kendall@80: 0.7520
Epoch 53/150 | Train Loss: 0.0292 | Epoch Time: 0.39s | Spearman@80: 0.8973 | Kendall@80: 0.7383
Epoch 54/150 | Train Loss: 0.0293 | Epoch Time: 0.38s | Spearman@80: 0.9186 | Kendall@80: 0.7631
Epoch 55/150 | Train Loss: 0.0283 | Epoch Time: 0.37s | Spearman@80: 0.9141 | Kendall@80: 0.7584
Epoch 56/150 | Train Loss: 0.0209 | Epoch Time: 0.37s | Spearman@80: 0.8528 | Kendall@80: 0.6955
Epoch 57/150 | Train Loss: 0.0300 | Epoch Time: 0.37s | Spearman@80: 0.9157 | Kendall@80: 0.7645
Epoch 58/150 | Train Loss: 0.0256 | Epoch Time: 0.38s | Spearman@80: 0.9036 | Kendall@80: 0.7404
Epoch 59/150 | Train Loss: 0.0298 | Epoch Time: 0.37s | Spearman@80: 0.9138 | Kendall@80: 0.7675
Epoch 60/150 | Train Loss: 0.0201 | Epoch Time: 0.38s | Spearman@80: 0.9103 | Kendall@80: 0.7603
Epoch 61/150 | Train Loss: 0.0253 | Epoch Time: 0.37s | Spearman@80: 0.9009 | Kendall@80: 0.7419
Epoch 62/150 | Train Loss: 0.0286 | Epoch Time: 0.37s | Spearman@80: 0.8613 | Kendall@80: 0.7025
Epoch 63/150 | Train Loss: 0.0235 | Epoch Time: 0.35s | Spearman@80: 0.9059 | Kendall@80: 0.7504
Epoch 64/150 | Train Loss: 0.0272 | Epoch Time: 0.36s | Spearman@80: 0.9002 | Kendall@80: 0.7461
Epoch 65/150 | Train Loss: 0.0280 | Epoch Time: 0.35s | Spearman@80: 0.8999 | Kendall@80: 0.7406
Epoch 66/150 | Train Loss: 0.0286 | Epoch Time: 0.36s | Spearman@80: 0.9114 | Kendall@80: 0.7620
Epoch 67/150 | Train Loss: 0.0246 | Epoch Time: 0.36s | Spearman@80: 0.9044 | Kendall@80: 0.7452
Epoch 68/150 | Train Loss: 0.0265 | Epoch Time: 0.35s | Spearman@80: 0.8988 | Kendall@80: 0.7433
Epoch 69/150 | Train Loss: 0.0289 | Epoch Time: 0.35s | Spearman@80: 0.9084 | Kendall@80: 0.7549
Epoch 70/150 | Train Loss: 0.0258 | Epoch Time: 0.36s | Spearman@80: 0.9008 | Kendall@80: 0.7415
Epoch 71/150 | Train Loss: 0.0272 | Epoch Time: 0.35s | Spearman@80: 0.8996 | Kendall@80: 0.7396
Epoch 72/150 | Train Loss: 0.0293 | Epoch Time: 0.35s | Spearman@80: 0.8793 | Kendall@80: 0.7158
Epoch 73/150 | Train Loss: 0.0229 | Epoch Time: 0.35s | Spearman@80: 0.9073 | Kendall@80: 0.7535
Epoch 74/150 | Train Loss: 0.0245 | Epoch Time: 0.35s | Spearman@80: 0.9163 | Kendall@80: 0.7732
Epoch 75/150 | Train Loss: 0.0259 | Epoch Time: 0.35s | Spearman@80: 0.8897 | Kendall@80: 0.7377
Epoch 76/150 | Train Loss: 0.0246 | Epoch Time: 0.35s | Spearman@80: 0.8964 | Kendall@80: 0.7478
Epoch 77/150 | Train Loss: 0.0284 | Epoch Time: 0.34s | Spearman@80: 0.9080 | Kendall@80: 0.7503
Epoch 78/150 | Train Loss: 0.0252 | Epoch Time: 0.38s | Spearman@80: 0.8801 | Kendall@80: 0.7135
Epoch 79/150 | Train Loss: 0.0268 | Epoch Time: 0.35s | Spearman@80: 0.9202 | Kendall@80: 0.7714
Epoch 80/150 | Train Loss: 0.0242 | Epoch Time: 0.34s | Spearman@80: 0.9036 | Kendall@80: 0.7434
Epoch 81/150 | Train Loss: 0.0280 | Epoch Time: 0.35s | Spearman@80: 0.8864 | Kendall@80: 0.7305
Epoch 82/150 | Train Loss: 0.0222 | Epoch Time: 0.36s | Spearman@80: 0.9128 | Kendall@80: 0.7606
Epoch 83/150 | Train Loss: 0.0294 | Epoch Time: 0.37s | Spearman@80: 0.9113 | Kendall@80: 0.7620
Epoch 84/150 | Train Loss: 0.0266 | Epoch Time: 0.39s | Spearman@80: 0.9018 | Kendall@80: 0.7421
Epoch 85/150 | Train Loss: 0.0252 | Epoch Time: 0.37s | Spearman@80: 0.8844 | Kendall@80: 0.7213
Epoch 86/150 | Train Loss: 0.0269 | Epoch Time: 0.38s | Spearman@80: 0.8599 | Kendall@80: 0.6957
Epoch 87/150 | Train Loss: 0.0281 | Epoch Time: 0.37s | Spearman@80: 0.9052 | Kendall@80: 0.7506
Epoch 88/150 | Train Loss: 0.0204 | Epoch Time: 0.36s | Spearman@80: 0.9002 | Kendall@80: 0.7459
Epoch 89/150 | Train Loss: 0.0270 | Epoch Time: 0.37s | Spearman@80: 0.8951 | Kendall@80: 0.7444
Epoch 90/150 | Train Loss: 0.0270 | Epoch Time: 0.35s | Spearman@80: 0.8944 | Kendall@80: 0.7381
Epoch 91/150 | Train Loss: 0.0195 | Epoch Time: 0.38s | Spearman@80: 0.8997 | Kendall@80: 0.7480
Epoch 92/150 | Train Loss: 0.0233 | Epoch Time: 0.37s | Spearman@80: 0.8915 | Kendall@80: 0.7357
Epoch 93/150 | Train Loss: 0.0229 | Epoch Time: 0.37s | Spearman@80: 0.9051 | Kendall@80: 0.7504
Epoch 94/150 | Train Loss: 0.0264 | Epoch Time: 0.38s | Spearman@80: 0.8985 | Kendall@80: 0.7375
Epoch 95/150 | Train Loss: 0.0280 | Epoch Time: 0.35s | Spearman@80: 0.8726 | Kendall@80: 0.7114
Epoch 96/150 | Train Loss: 0.0288 | Epoch Time: 0.36s | Spearman@80: 0.8920 | Kendall@80: 0.7323
Epoch 97/150 | Train Loss: 0.0229 | Epoch Time: 0.36s | Spearman@80: 0.8938 | Kendall@80: 0.7368
Epoch 98/150 | Train Loss: 0.0235 | Epoch Time: 0.37s | Spearman@80: 0.9063 | Kendall@80: 0.7523
Epoch 99/150 | Train Loss: 0.0195 | Epoch Time: 0.34s | Spearman@80: 0.9049 | Kendall@80: 0.7428
Epoch 100/150 | Train Loss: 0.0202 | Epoch Time: 0.34s | Spearman@80: 0.9046 | Kendall@80: 0.7529
Epoch 101/150 | Train Loss: 0.0199 | Epoch Time: 0.34s | Spearman@80: 0.9013 | Kendall@80: 0.7472
Epoch 102/150 | Train Loss: 0.0309 | Epoch Time: 0.34s | Spearman@80: 0.9153 | Kendall@80: 0.7656
Epoch 103/150 | Train Loss: 0.0242 | Epoch Time: 0.33s | Spearman@80: 0.9015 | Kendall@80: 0.7459
Epoch 104/150 | Train Loss: 0.0182 | Epoch Time: 0.37s | Spearman@80: 0.8917 | Kendall@80: 0.7317
Epoch 105/150 | Train Loss: 0.0221 | Epoch Time: 0.34s | Spearman@80: 0.8808 | Kendall@80: 0.7186
Epoch 106/150 | Train Loss: 0.0170 | Epoch Time: 0.34s | Spearman@80: 0.8804 | Kendall@80: 0.7154
Epoch 107/150 | Train Loss: 0.0194 | Epoch Time: 0.33s | Spearman@80: 0.8878 | Kendall@80: 0.7315
Epoch 108/150 | Train Loss: 0.0227 | Epoch Time: 0.33s | Spearman@80: 0.9101 | Kendall@80: 0.7529
Epoch 109/150 | Train Loss: 0.0201 | Epoch Time: 0.34s | Spearman@80: 0.8992 | Kendall@80: 0.7464
Epoch 110/150 | Train Loss: 0.0190 | Epoch Time: 0.33s | Spearman@80: 0.8878 | Kendall@80: 0.7345
Epoch 111/150 | Train Loss: 0.0244 | Epoch Time: 0.33s | Spearman@80: 0.8852 | Kendall@80: 0.7285
Epoch 112/150 | Train Loss: 0.0258 | Epoch Time: 0.35s | Spearman@80: 0.8873 | Kendall@80: 0.7319
Epoch 113/150 | Train Loss: 0.0220 | Epoch Time: 0.33s | Spearman@80: 0.8986 | Kendall@80: 0.7419
Epoch 114/150 | Train Loss: 0.0219 | Epoch Time: 0.34s | Spearman@80: 0.8942 | Kendall@80: 0.7421
Epoch 115/150 | Train Loss: 0.0200 | Epoch Time: 0.33s | Spearman@80: 0.8916 | Kendall@80: 0.7332
Epoch 116/150 | Train Loss: 0.0244 | Epoch Time: 0.35s | Spearman@80: 0.8931 | Kendall@80: 0.7408
Epoch 117/150 | Train Loss: 0.0237 | Epoch Time: 0.37s | Spearman@80: 0.8962 | Kendall@80: 0.7428
Epoch 118/150 | Train Loss: 0.0245 | Epoch Time: 0.37s | Spearman@80: 0.8945 | Kendall@80: 0.7415
Epoch 119/150 | Train Loss: 0.0216 | Epoch Time: 0.37s | Spearman@80: 0.8958 | Kendall@80: 0.7444
Epoch 120/150 | Train Loss: 0.0250 | Epoch Time: 0.37s | Spearman@80: 0.8979 | Kendall@80: 0.7463
Epoch 121/150 | Train Loss: 0.0209 | Epoch Time: 0.38s | Spearman@80: 0.8976 | Kendall@80: 0.7504
Epoch 122/150 | Train Loss: 0.0234 | Epoch Time: 0.36s | Spearman@80: 0.8964 | Kendall@80: 0.7474
Epoch 123/150 | Train Loss: 0.0254 | Epoch Time: 0.37s | Spearman@80: 0.8948 | Kendall@80: 0.7476
Epoch 124/150 | Train Loss: 0.0203 | Epoch Time: 0.36s | Spearman@80: 0.8929 | Kendall@80: 0.7432
Epoch 125/150 | Train Loss: 0.0183 | Epoch Time: 0.38s | Spearman@80: 0.8964 | Kendall@80: 0.7470
Epoch 126/150 | Train Loss: 0.0166 | Epoch Time: 0.36s | Spearman@80: 0.8983 | Kendall@80: 0.7462
Epoch 127/150 | Train Loss: 0.0236 | Epoch Time: 0.37s | Spearman@80: 0.8886 | Kendall@80: 0.7358
Epoch 128/150 | Train Loss: 0.0202 | Epoch Time: 0.36s | Spearman@80: 0.8884 | Kendall@80: 0.7357
Epoch 129/150 | Train Loss: 0.0219 | Epoch Time: 0.36s | Spearman@80: 0.8950 | Kendall@80: 0.7396
Epoch 130/150 | Train Loss: 0.0166 | Epoch Time: 0.35s | Spearman@80: 0.8910 | Kendall@80: 0.7376
Epoch 131/150 | Train Loss: 0.0210 | Epoch Time: 0.36s | Spearman@80: 0.8937 | Kendall@80: 0.7413
Epoch 132/150 | Train Loss: 0.0260 | Epoch Time: 0.35s | Spearman@80: 0.8941 | Kendall@80: 0.7409
Epoch 133/150 | Train Loss: 0.0213 | Epoch Time: 0.34s | Spearman@80: 0.8949 | Kendall@80: 0.7428
Epoch 134/150 | Train Loss: 0.0210 | Epoch Time: 0.34s | Spearman@80: 0.8909 | Kendall@80: 0.7355
Epoch 135/150 | Train Loss: 0.0213 | Epoch Time: 0.33s | Spearman@80: 0.8923 | Kendall@80: 0.7419
Epoch 136/150 | Train Loss: 0.0214 | Epoch Time: 0.34s | Spearman@80: 0.8828 | Kendall@80: 0.7279
Epoch 137/150 | Train Loss: 0.0221 | Epoch Time: 0.36s | Spearman@80: 0.8895 | Kendall@80: 0.7343
Epoch 138/150 | Train Loss: 0.0256 | Epoch Time: 0.35s | Spearman@80: 0.8896 | Kendall@80: 0.7362
Epoch 139/150 | Train Loss: 0.0200 | Epoch Time: 0.33s | Spearman@80: 0.8868 | Kendall@80: 0.7389
Epoch 140/150 | Train Loss: 0.0182 | Epoch Time: 0.33s | Spearman@80: 0.8935 | Kendall@80: 0.7419
Epoch 141/150 | Train Loss: 0.0162 | Epoch Time: 0.34s | Spearman@80: 0.8911 | Kendall@80: 0.7400
Epoch 142/150 | Train Loss: 0.0186 | Epoch Time: 0.34s | Spearman@80: 0.8889 | Kendall@80: 0.7358
Epoch 143/150 | Train Loss: 0.0224 | Epoch Time: 0.33s | Spearman@80: 0.8903 | Kendall@80: 0.7383
Epoch 144/150 | Train Loss: 0.0224 | Epoch Time: 0.33s | Spearman@80: 0.8886 | Kendall@80: 0.7387
Epoch 145/150 | Train Loss: 0.0148 | Epoch Time: 0.34s | Spearman@80: 0.8901 | Kendall@80: 0.7368
Epoch 146/150 | Train Loss: 0.0193 | Epoch Time: 0.36s | Spearman@80: 0.8891 | Kendall@80: 0.7402
Epoch 147/150 | Train Loss: 0.0157 | Epoch Time: 1.36s | Spearman@15496: 0.9227 | Kendall@15496: 0.7727
Epoch 148/150 | Train Loss: 0.0193 | Epoch Time: 1.46s | Spearman@15496: 0.9217 | Kendall@15496: 0.7709
Epoch 149/150 | Train Loss: 0.0215 | Epoch Time: 1.44s | Spearman@15496: 0.9240 | Kendall@15496: 0.7750
Epoch 150/150 | Train Loss: 0.0211 | Epoch Time: 1.42s | Spearman@15496: 0.9212 | Kendall@15496: 0.7704
Sample Count: 128, Spearman: 0.9224040656940466, Kendall: 0.7722548697968378
{64: (0.9358500096021061, 0.7972738951250145),
 128: (0.9224040656940466, 0.7722548697968378)}
Average KDT:  0.7747314493294475
Variance KDT:  0.0003232838998929837
Average SPR:  0.9220265238413123
Variance SPR:  0.00019423246965375127
Average KDT:  0.78217811718589
Variance KDT:  0.0003894963157588035
Average SPR:  0.9272981117196704
Variance SPR:  0.00013284348766334577
