normalizing task:  Amoeba.json
normalizing task:  PNAS_fix-w-d.json
normalizing task:  ENAS_fix-w-d.json
normalizing task:  NASNet.json
normalizing task:  DARTS.json
normalizing task:  ENAS.json
normalizing task:  PNAS.json
normalizing task:  DARTS_lr-wd.json
normalizing task:  DARTS_fix-w-d.json
Epoch 1/150 | Train Loss: 0.0992 | Epoch Time: 0.92s | Spearman@80: 0.3491 | Kendall@80: 0.2329
Epoch 2/150 | Train Loss: 0.0897 | Epoch Time: 0.46s | Spearman@80: 0.1851 | Kendall@80: 0.1353
Epoch 3/150 | Train Loss: 0.0794 | Epoch Time: 0.46s | Spearman@80: 0.2775 | Kendall@80: 0.1936
Epoch 4/150 | Train Loss: 0.0782 | Epoch Time: 0.47s | Spearman@80: 0.3181 | Kendall@80: 0.2222
Epoch 5/150 | Train Loss: 0.0628 | Epoch Time: 0.46s | Spearman@80: 0.3702 | Kendall@80: 0.2538
Epoch 6/150 | Train Loss: 0.0688 | Epoch Time: 0.46s | Spearman@80: 0.2963 | Kendall@80: 0.1974
Epoch 7/150 | Train Loss: 0.0666 | Epoch Time: 0.46s | Spearman@80: 0.4017 | Kendall@80: 0.2824
Epoch 8/150 | Train Loss: 0.0617 | Epoch Time: 0.47s | Spearman@80: 0.4102 | Kendall@80: 0.2900
Epoch 9/150 | Train Loss: 0.0639 | Epoch Time: 0.47s | Spearman@80: 0.4225 | Kendall@80: 0.2931
Epoch 10/150 | Train Loss: 0.0533 | Epoch Time: 0.46s | Spearman@80: 0.4422 | Kendall@80: 0.3109
Epoch 11/150 | Train Loss: 0.0487 | Epoch Time: 0.46s | Spearman@80: 0.4100 | Kendall@80: 0.2798
Epoch 12/150 | Train Loss: 0.0589 | Epoch Time: 0.46s | Spearman@80: 0.3882 | Kendall@80: 0.2684
Epoch 13/150 | Train Loss: 0.0522 | Epoch Time: 0.47s | Spearman@80: 0.4421 | Kendall@80: 0.3141
Epoch 14/150 | Train Loss: 0.0528 | Epoch Time: 0.46s | Spearman@80: 0.4415 | Kendall@80: 0.3172
Epoch 15/150 | Train Loss: 0.0586 | Epoch Time: 0.46s | Spearman@80: 0.4277 | Kendall@80: 0.3064
Epoch 16/150 | Train Loss: 0.0470 | Epoch Time: 0.46s | Spearman@80: 0.4659 | Kendall@80: 0.3248
Epoch 17/150 | Train Loss: 0.0469 | Epoch Time: 0.46s | Spearman@80: 0.4142 | Kendall@80: 0.2830
Epoch 18/150 | Train Loss: 0.0503 | Epoch Time: 0.47s | Spearman@80: 0.4694 | Kendall@80: 0.3318
Epoch 19/150 | Train Loss: 0.0507 | Epoch Time: 0.45s | Spearman@80: 0.3930 | Kendall@80: 0.2729
Epoch 20/150 | Train Loss: 0.0498 | Epoch Time: 0.45s | Spearman@80: 0.4585 | Kendall@80: 0.3217
Epoch 21/150 | Train Loss: 0.0461 | Epoch Time: 0.45s | Spearman@80: 0.4665 | Kendall@80: 0.3343
Epoch 22/150 | Train Loss: 0.0494 | Epoch Time: 0.45s | Spearman@80: 0.4516 | Kendall@80: 0.3261
Epoch 23/150 | Train Loss: 0.0449 | Epoch Time: 0.45s | Spearman@80: 0.4866 | Kendall@80: 0.3584
Epoch 24/150 | Train Loss: 0.0426 | Epoch Time: 0.45s | Spearman@80: 0.4905 | Kendall@80: 0.3584
Epoch 25/150 | Train Loss: 0.0500 | Epoch Time: 0.45s | Spearman@80: 0.5052 | Kendall@80: 0.3667
Epoch 26/150 | Train Loss: 0.0430 | Epoch Time: 0.45s | Spearman@80: 0.4430 | Kendall@80: 0.3115
Epoch 27/150 | Train Loss: 0.0426 | Epoch Time: 0.45s | Spearman@80: 0.4775 | Kendall@80: 0.3388
Epoch 28/150 | Train Loss: 0.0461 | Epoch Time: 0.45s | Spearman@80: 0.4162 | Kendall@80: 0.3039
Epoch 29/150 | Train Loss: 0.0452 | Epoch Time: 0.46s | Spearman@80: 0.4379 | Kendall@80: 0.3217
Epoch 30/150 | Train Loss: 0.0462 | Epoch Time: 0.45s | Spearman@80: 0.4469 | Kendall@80: 0.3210
Epoch 31/150 | Train Loss: 0.0607 | Epoch Time: 0.45s | Spearman@80: 0.4735 | Kendall@80: 0.3457
Epoch 32/150 | Train Loss: 0.0528 | Epoch Time: 0.45s | Spearman@80: 0.4871 | Kendall@80: 0.3483
Epoch 33/150 | Train Loss: 0.0481 | Epoch Time: 0.46s | Spearman@80: 0.3999 | Kendall@80: 0.2836
Epoch 34/150 | Train Loss: 0.0325 | Epoch Time: 0.45s | Spearman@80: 0.4608 | Kendall@80: 0.3337
Epoch 35/150 | Train Loss: 0.0358 | Epoch Time: 0.45s | Spearman@80: 0.4585 | Kendall@80: 0.3331
Epoch 36/150 | Train Loss: 0.0478 | Epoch Time: 0.45s | Spearman@80: 0.4791 | Kendall@80: 0.3413
Epoch 37/150 | Train Loss: 0.0522 | Epoch Time: 0.45s | Spearman@80: 0.4436 | Kendall@80: 0.3134
Epoch 38/150 | Train Loss: 0.0423 | Epoch Time: 0.45s | Spearman@80: 0.3426 | Kendall@80: 0.2374
Epoch 39/150 | Train Loss: 0.0576 | Epoch Time: 0.45s | Spearman@80: 0.4417 | Kendall@80: 0.3026
Epoch 40/150 | Train Loss: 0.0418 | Epoch Time: 0.45s | Spearman@80: 0.3908 | Kendall@80: 0.2684
Epoch 41/150 | Train Loss: 0.0370 | Epoch Time: 0.45s | Spearman@80: 0.4449 | Kendall@80: 0.3210
Epoch 42/150 | Train Loss: 0.0454 | Epoch Time: 0.45s | Spearman@80: 0.4447 | Kendall@80: 0.3166
Epoch 43/150 | Train Loss: 0.0295 | Epoch Time: 0.44s | Spearman@80: 0.4633 | Kendall@80: 0.3267
Epoch 44/150 | Train Loss: 0.0366 | Epoch Time: 0.45s | Spearman@80: 0.4219 | Kendall@80: 0.3033
Epoch 45/150 | Train Loss: 0.0360 | Epoch Time: 0.46s | Spearman@80: 0.4226 | Kendall@80: 0.2957
Epoch 46/150 | Train Loss: 0.0291 | Epoch Time: 0.46s | Spearman@80: 0.4312 | Kendall@80: 0.3045
Epoch 47/150 | Train Loss: 0.0352 | Epoch Time: 0.45s | Spearman@80: 0.4088 | Kendall@80: 0.2925
Epoch 48/150 | Train Loss: 0.0306 | Epoch Time: 0.45s | Spearman@80: 0.4654 | Kendall@80: 0.3305
Epoch 49/150 | Train Loss: 0.0394 | Epoch Time: 0.45s | Spearman@80: 0.4027 | Kendall@80: 0.2817
Epoch 50/150 | Train Loss: 0.0246 | Epoch Time: 0.45s | Spearman@80: 0.4847 | Kendall@80: 0.3470
Epoch 51/150 | Train Loss: 0.0249 | Epoch Time: 0.45s | Spearman@80: 0.4453 | Kendall@80: 0.3185
Epoch 52/150 | Train Loss: 0.0361 | Epoch Time: 0.45s | Spearman@80: 0.4102 | Kendall@80: 0.2906
Epoch 53/150 | Train Loss: 0.0311 | Epoch Time: 0.46s | Spearman@80: 0.4069 | Kendall@80: 0.2887
Epoch 54/150 | Train Loss: 0.0280 | Epoch Time: 0.46s | Spearman@80: 0.4112 | Kendall@80: 0.2982
Epoch 55/150 | Train Loss: 0.0321 | Epoch Time: 0.45s | Spearman@80: 0.5208 | Kendall@80: 0.3724
Epoch 56/150 | Train Loss: 0.0357 | Epoch Time: 0.45s | Spearman@80: 0.4754 | Kendall@80: 0.3419
Epoch 57/150 | Train Loss: 0.0262 | Epoch Time: 0.45s | Spearman@80: 0.4526 | Kendall@80: 0.3204
Epoch 58/150 | Train Loss: 0.0267 | Epoch Time: 0.45s | Spearman@80: 0.4248 | Kendall@80: 0.3014
Epoch 59/150 | Train Loss: 0.0236 | Epoch Time: 0.46s | Spearman@80: 0.4453 | Kendall@80: 0.3191
Epoch 60/150 | Train Loss: 0.0302 | Epoch Time: 0.46s | Spearman@80: 0.4767 | Kendall@80: 0.3375
Epoch 61/150 | Train Loss: 0.0257 | Epoch Time: 0.46s | Spearman@80: 0.4779 | Kendall@80: 0.3299
Epoch 62/150 | Train Loss: 0.0258 | Epoch Time: 0.45s | Spearman@80: 0.5024 | Kendall@80: 0.3584
Epoch 63/150 | Train Loss: 0.0281 | Epoch Time: 0.45s | Spearman@80: 0.4735 | Kendall@80: 0.3350
Epoch 64/150 | Train Loss: 0.0229 | Epoch Time: 0.45s | Spearman@80: 0.4628 | Kendall@80: 0.3229
Epoch 65/150 | Train Loss: 0.0190 | Epoch Time: 0.46s | Spearman@80: 0.4881 | Kendall@80: 0.3476
Epoch 66/150 | Train Loss: 0.0268 | Epoch Time: 0.45s | Spearman@80: 0.4707 | Kendall@80: 0.3381
Epoch 67/150 | Train Loss: 0.0294 | Epoch Time: 0.45s | Spearman@80: 0.4062 | Kendall@80: 0.2773
Epoch 68/150 | Train Loss: 0.0348 | Epoch Time: 0.46s | Spearman@80: 0.4956 | Kendall@80: 0.3470
Epoch 69/150 | Train Loss: 0.0283 | Epoch Time: 0.45s | Spearman@80: 0.5064 | Kendall@80: 0.3622
Epoch 70/150 | Train Loss: 0.0194 | Epoch Time: 0.46s | Spearman@80: 0.4715 | Kendall@80: 0.3407
Epoch 71/150 | Train Loss: 0.0240 | Epoch Time: 0.45s | Spearman@80: 0.4450 | Kendall@80: 0.3166
Epoch 72/150 | Train Loss: 0.0187 | Epoch Time: 0.45s | Spearman@80: 0.4887 | Kendall@80: 0.3502
Epoch 73/150 | Train Loss: 0.0163 | Epoch Time: 0.45s | Spearman@80: 0.4511 | Kendall@80: 0.3236
Epoch 74/150 | Train Loss: 0.0177 | Epoch Time: 0.46s | Spearman@80: 0.4925 | Kendall@80: 0.3553
Epoch 75/150 | Train Loss: 0.0159 | Epoch Time: 0.47s | Spearman@80: 0.4921 | Kendall@80: 0.3508
Epoch 76/150 | Train Loss: 0.0289 | Epoch Time: 0.47s | Spearman@80: 0.4618 | Kendall@80: 0.3312
Epoch 77/150 | Train Loss: 0.0197 | Epoch Time: 0.46s | Spearman@80: 0.4690 | Kendall@80: 0.3362
Epoch 78/150 | Train Loss: 0.0182 | Epoch Time: 0.46s | Spearman@80: 0.4333 | Kendall@80: 0.3071
Epoch 79/150 | Train Loss: 0.0226 | Epoch Time: 0.47s | Spearman@80: 0.4767 | Kendall@80: 0.3451
Epoch 80/150 | Train Loss: 0.0196 | Epoch Time: 0.48s | Spearman@80: 0.4735 | Kendall@80: 0.3381
Epoch 81/150 | Train Loss: 0.0213 | Epoch Time: 0.53s | Spearman@80: 0.5177 | Kendall@80: 0.3730
Epoch 82/150 | Train Loss: 0.0242 | Epoch Time: 0.54s | Spearman@80: 0.4584 | Kendall@80: 0.3248
Epoch 83/150 | Train Loss: 0.0195 | Epoch Time: 0.54s | Spearman@80: 0.4642 | Kendall@80: 0.3267
Epoch 84/150 | Train Loss: 0.0229 | Epoch Time: 0.54s | Spearman@80: 0.4543 | Kendall@80: 0.3185
Epoch 85/150 | Train Loss: 0.0219 | Epoch Time: 0.54s | Spearman@80: 0.4448 | Kendall@80: 0.3166
Epoch 86/150 | Train Loss: 0.0194 | Epoch Time: 0.54s | Spearman@80: 0.4530 | Kendall@80: 0.3280
Epoch 87/150 | Train Loss: 0.0153 | Epoch Time: 0.53s | Spearman@80: 0.4078 | Kendall@80: 0.2843
Epoch 88/150 | Train Loss: 0.0169 | Epoch Time: 0.53s | Spearman@80: 0.4750 | Kendall@80: 0.3400
Epoch 89/150 | Train Loss: 0.0224 | Epoch Time: 0.54s | Spearman@80: 0.4397 | Kendall@80: 0.3147
Epoch 90/150 | Train Loss: 0.0161 | Epoch Time: 0.54s | Spearman@80: 0.4088 | Kendall@80: 0.2830
Epoch 91/150 | Train Loss: 0.0269 | Epoch Time: 0.53s | Spearman@80: 0.4317 | Kendall@80: 0.3001
Epoch 92/150 | Train Loss: 0.0167 | Epoch Time: 0.53s | Spearman@80: 0.4334 | Kendall@80: 0.3020
Epoch 93/150 | Train Loss: 0.0123 | Epoch Time: 0.53s | Spearman@80: 0.4336 | Kendall@80: 0.3026
Epoch 94/150 | Train Loss: 0.0163 | Epoch Time: 0.53s | Spearman@80: 0.4511 | Kendall@80: 0.3236
Epoch 95/150 | Train Loss: 0.0163 | Epoch Time: 0.53s | Spearman@80: 0.4681 | Kendall@80: 0.3356
Epoch 96/150 | Train Loss: 0.0109 | Epoch Time: 0.53s | Spearman@80: 0.4426 | Kendall@80: 0.3090
Epoch 97/150 | Train Loss: 0.0112 | Epoch Time: 0.53s | Spearman@80: 0.4337 | Kendall@80: 0.3026
Epoch 98/150 | Train Loss: 0.0141 | Epoch Time: 0.53s | Spearman@80: 0.4707 | Kendall@80: 0.3381
Epoch 99/150 | Train Loss: 0.0203 | Epoch Time: 0.53s | Spearman@80: 0.4648 | Kendall@80: 0.3337
Epoch 100/150 | Train Loss: 0.0154 | Epoch Time: 0.53s | Spearman@80: 0.4306 | Kendall@80: 0.3014
Epoch 101/150 | Train Loss: 0.0149 | Epoch Time: 0.53s | Spearman@80: 0.4598 | Kendall@80: 0.3324
Epoch 102/150 | Train Loss: 0.0115 | Epoch Time: 0.55s | Spearman@80: 0.4425 | Kendall@80: 0.3172
Epoch 103/150 | Train Loss: 0.0114 | Epoch Time: 0.53s | Spearman@80: 0.4788 | Kendall@80: 0.3451
Epoch 104/150 | Train Loss: 0.0143 | Epoch Time: 0.53s | Spearman@80: 0.4392 | Kendall@80: 0.3090
Epoch 105/150 | Train Loss: 0.0149 | Epoch Time: 0.53s | Spearman@80: 0.4456 | Kendall@80: 0.3166
Epoch 106/150 | Train Loss: 0.0163 | Epoch Time: 0.54s | Spearman@80: 0.4606 | Kendall@80: 0.3293
Epoch 107/150 | Train Loss: 0.0195 | Epoch Time: 0.53s | Spearman@80: 0.4326 | Kendall@80: 0.3045
Epoch 108/150 | Train Loss: 0.0149 | Epoch Time: 0.53s | Spearman@80: 0.4620 | Kendall@80: 0.3299
Epoch 109/150 | Train Loss: 0.0178 | Epoch Time: 0.52s | Spearman@80: 0.4577 | Kendall@80: 0.3286
Epoch 110/150 | Train Loss: 0.0119 | Epoch Time: 0.53s | Spearman@80: 0.4539 | Kendall@80: 0.3223
Epoch 111/150 | Train Loss: 0.0110 | Epoch Time: 0.54s | Spearman@80: 0.4428 | Kendall@80: 0.3147
Epoch 112/150 | Train Loss: 0.0132 | Epoch Time: 0.53s | Spearman@80: 0.4413 | Kendall@80: 0.3122
Epoch 113/150 | Train Loss: 0.0128 | Epoch Time: 0.53s | Spearman@80: 0.4475 | Kendall@80: 0.3185
Epoch 114/150 | Train Loss: 0.0092 | Epoch Time: 0.53s | Spearman@80: 0.4439 | Kendall@80: 0.3185
Epoch 115/150 | Train Loss: 0.0146 | Epoch Time: 0.53s | Spearman@80: 0.4448 | Kendall@80: 0.3179
Epoch 116/150 | Train Loss: 0.0105 | Epoch Time: 0.53s | Spearman@80: 0.4486 | Kendall@80: 0.3191
Epoch 117/150 | Train Loss: 0.0117 | Epoch Time: 0.53s | Spearman@80: 0.4403 | Kendall@80: 0.3134
Epoch 118/150 | Train Loss: 0.0146 | Epoch Time: 0.53s | Spearman@80: 0.4482 | Kendall@80: 0.3204
Epoch 119/150 | Train Loss: 0.0142 | Epoch Time: 0.53s | Spearman@80: 0.4498 | Kendall@80: 0.3198
Epoch 120/150 | Train Loss: 0.0161 | Epoch Time: 0.53s | Spearman@80: 0.4639 | Kendall@80: 0.3286
Epoch 121/150 | Train Loss: 0.0126 | Epoch Time: 0.54s | Spearman@80: 0.4692 | Kendall@80: 0.3362
Epoch 122/150 | Train Loss: 0.0072 | Epoch Time: 0.53s | Spearman@80: 0.4687 | Kendall@80: 0.3362
Epoch 123/150 | Train Loss: 0.0088 | Epoch Time: 0.53s | Spearman@80: 0.4678 | Kendall@80: 0.3394
Epoch 124/150 | Train Loss: 0.0119 | Epoch Time: 0.53s | Spearman@80: 0.4647 | Kendall@80: 0.3343
Epoch 125/150 | Train Loss: 0.0066 | Epoch Time: 0.53s | Spearman@80: 0.4598 | Kendall@80: 0.3299
Epoch 126/150 | Train Loss: 0.0157 | Epoch Time: 0.54s | Spearman@80: 0.4493 | Kendall@80: 0.3185
Epoch 127/150 | Train Loss: 0.0125 | Epoch Time: 0.53s | Spearman@80: 0.4472 | Kendall@80: 0.3185
Epoch 128/150 | Train Loss: 0.0071 | Epoch Time: 0.53s | Spearman@80: 0.4557 | Kendall@80: 0.3299
Epoch 129/150 | Train Loss: 0.0056 | Epoch Time: 0.53s | Spearman@80: 0.4508 | Kendall@80: 0.3223
Epoch 130/150 | Train Loss: 0.0048 | Epoch Time: 0.53s | Spearman@80: 0.4547 | Kendall@80: 0.3280
Epoch 131/150 | Train Loss: 0.0103 | Epoch Time: 0.53s | Spearman@80: 0.4501 | Kendall@80: 0.3236
Epoch 132/150 | Train Loss: 0.0117 | Epoch Time: 0.53s | Spearman@80: 0.4527 | Kendall@80: 0.3242
Epoch 133/150 | Train Loss: 0.0081 | Epoch Time: 0.53s | Spearman@80: 0.4414 | Kendall@80: 0.3147
Epoch 134/150 | Train Loss: 0.0094 | Epoch Time: 0.53s | Spearman@80: 0.4571 | Kendall@80: 0.3267
Epoch 135/150 | Train Loss: 0.0134 | Epoch Time: 0.53s | Spearman@80: 0.4508 | Kendall@80: 0.3236
Epoch 136/150 | Train Loss: 0.0130 | Epoch Time: 0.53s | Spearman@80: 0.4461 | Kendall@80: 0.3179
Epoch 137/150 | Train Loss: 0.0072 | Epoch Time: 0.53s | Spearman@80: 0.4604 | Kendall@80: 0.3331
Epoch 138/150 | Train Loss: 0.0075 | Epoch Time: 0.53s | Spearman@80: 0.4606 | Kendall@80: 0.3331
Epoch 139/150 | Train Loss: 0.0130 | Epoch Time: 0.53s | Spearman@80: 0.4567 | Kendall@80: 0.3286
Epoch 140/150 | Train Loss: 0.0117 | Epoch Time: 0.53s | Spearman@80: 0.4547 | Kendall@80: 0.3267
Epoch 141/150 | Train Loss: 0.0140 | Epoch Time: 0.53s | Spearman@80: 0.4578 | Kendall@80: 0.3280
Epoch 142/150 | Train Loss: 0.0095 | Epoch Time: 0.53s | Spearman@80: 0.4551 | Kendall@80: 0.3255
Epoch 143/150 | Train Loss: 0.0100 | Epoch Time: 0.53s | Spearman@80: 0.4592 | Kendall@80: 0.3293
Epoch 144/150 | Train Loss: 0.0064 | Epoch Time: 0.53s | Spearman@80: 0.4560 | Kendall@80: 0.3261
Epoch 145/150 | Train Loss: 0.0135 | Epoch Time: 0.53s | Spearman@80: 0.4576 | Kendall@80: 0.3274
Epoch 146/150 | Train Loss: 0.0120 | Epoch Time: 0.53s | Spearman@80: 0.4592 | Kendall@80: 0.3280
Epoch 147/150 | Train Loss: 0.0065 | Epoch Time: 1.56s | Spearman@4934: 0.5650 | Kendall@4934: 0.3968
Epoch 148/150 | Train Loss: 0.0107 | Epoch Time: 1.39s | Spearman@4934: 0.5660 | Kendall@4934: 0.3976
Epoch 149/150 | Train Loss: 0.0117 | Epoch Time: 1.37s | Spearman@4934: 0.5651 | Kendall@4934: 0.3969
Epoch 150/150 | Train Loss: 0.0137 | Epoch Time: 1.39s | Spearman@4934: 0.5665 | Kendall@4934: 0.3980
Sample Count: 64, Spearman: 0.5656803052581942, Kendall: 0.3973148769789787
{64: (0.5656803052581942, 0.3973148769789787)}
Epoch 1/150 | Train Loss: 0.0997 | Epoch Time: 0.90s | Spearman@80: 0.4254 | Kendall@80: 0.2967
Epoch 2/150 | Train Loss: 0.0957 | Epoch Time: 0.89s | Spearman@80: 0.4512 | Kendall@80: 0.3100
Epoch 3/150 | Train Loss: 0.0810 | Epoch Time: 0.89s | Spearman@80: 0.5135 | Kendall@80: 0.3753
Epoch 4/150 | Train Loss: 0.0837 | Epoch Time: 0.89s | Spearman@80: 0.5034 | Kendall@80: 0.3708
Epoch 5/150 | Train Loss: 0.0736 | Epoch Time: 0.89s | Spearman@80: 0.5845 | Kendall@80: 0.4292
Epoch 6/150 | Train Loss: 0.0721 | Epoch Time: 0.89s | Spearman@80: 0.4478 | Kendall@80: 0.3195
Epoch 7/150 | Train Loss: 0.0737 | Epoch Time: 0.89s | Spearman@80: 0.5785 | Kendall@80: 0.4317
Epoch 8/150 | Train Loss: 0.0773 | Epoch Time: 0.89s | Spearman@80: 0.5626 | Kendall@80: 0.4216
Epoch 9/150 | Train Loss: 0.0656 | Epoch Time: 0.89s | Spearman@80: 0.5991 | Kendall@80: 0.4431
Epoch 10/150 | Train Loss: 0.0731 | Epoch Time: 0.89s | Spearman@80: 0.5343 | Kendall@80: 0.3854
Epoch 11/150 | Train Loss: 0.0651 | Epoch Time: 0.88s | Spearman@80: 0.5561 | Kendall@80: 0.4146
Epoch 12/150 | Train Loss: 0.0616 | Epoch Time: 0.88s | Spearman@80: 0.5695 | Kendall@80: 0.4222
Epoch 13/150 | Train Loss: 0.0698 | Epoch Time: 0.89s | Spearman@80: 0.5848 | Kendall@80: 0.4342
Epoch 14/150 | Train Loss: 0.0624 | Epoch Time: 0.89s | Spearman@80: 0.4459 | Kendall@80: 0.3125
Epoch 15/150 | Train Loss: 0.0685 | Epoch Time: 0.89s | Spearman@80: 0.5131 | Kendall@80: 0.3677
Epoch 16/150 | Train Loss: 0.0615 | Epoch Time: 0.89s | Spearman@80: 0.5963 | Kendall@80: 0.4349
Epoch 17/150 | Train Loss: 0.0639 | Epoch Time: 0.89s | Spearman@80: 0.6048 | Kendall@80: 0.4507
Epoch 18/150 | Train Loss: 0.0590 | Epoch Time: 0.90s | Spearman@80: 0.6003 | Kendall@80: 0.4412
Epoch 19/150 | Train Loss: 0.0580 | Epoch Time: 0.91s | Spearman@80: 0.5886 | Kendall@80: 0.4292
Epoch 20/150 | Train Loss: 0.0629 | Epoch Time: 0.92s | Spearman@80: 0.5884 | Kendall@80: 0.4285
Epoch 21/150 | Train Loss: 0.0606 | Epoch Time: 0.92s | Spearman@80: 0.5834 | Kendall@80: 0.4222
Epoch 22/150 | Train Loss: 0.0535 | Epoch Time: 0.93s | Spearman@80: 0.5580 | Kendall@80: 0.3994
Epoch 23/150 | Train Loss: 0.0533 | Epoch Time: 0.92s | Spearman@80: 0.5967 | Kendall@80: 0.4273
Epoch 24/150 | Train Loss: 0.0578 | Epoch Time: 0.92s | Spearman@80: 0.6580 | Kendall@80: 0.4887
Epoch 25/150 | Train Loss: 0.0482 | Epoch Time: 0.92s | Spearman@80: 0.6074 | Kendall@80: 0.4494
Epoch 26/150 | Train Loss: 0.0569 | Epoch Time: 0.92s | Spearman@80: 0.5741 | Kendall@80: 0.4235
Epoch 27/150 | Train Loss: 0.0556 | Epoch Time: 0.92s | Spearman@80: 0.5460 | Kendall@80: 0.3930
Epoch 28/150 | Train Loss: 0.0600 | Epoch Time: 0.92s | Spearman@80: 0.6095 | Kendall@80: 0.4450
Epoch 29/150 | Train Loss: 0.0509 | Epoch Time: 0.92s | Spearman@80: 0.5846 | Kendall@80: 0.4273
Epoch 30/150 | Train Loss: 0.0505 | Epoch Time: 0.92s | Spearman@80: 0.5040 | Kendall@80: 0.3556
Epoch 31/150 | Train Loss: 0.0491 | Epoch Time: 0.92s | Spearman@80: 0.5306 | Kendall@80: 0.3905
Epoch 32/150 | Train Loss: 0.0530 | Epoch Time: 0.91s | Spearman@80: 0.5999 | Kendall@80: 0.4361
Epoch 33/150 | Train Loss: 0.0486 | Epoch Time: 0.92s | Spearman@80: 0.5106 | Kendall@80: 0.3797
Epoch 34/150 | Train Loss: 0.0516 | Epoch Time: 0.92s | Spearman@80: 0.5790 | Kendall@80: 0.4209
Epoch 35/150 | Train Loss: 0.0490 | Epoch Time: 0.92s | Spearman@80: 0.5676 | Kendall@80: 0.4006
Epoch 36/150 | Train Loss: 0.0403 | Epoch Time: 0.92s | Spearman@80: 0.5713 | Kendall@80: 0.4120
Epoch 37/150 | Train Loss: 0.0453 | Epoch Time: 0.92s | Spearman@80: 0.5551 | Kendall@80: 0.4025
Epoch 38/150 | Train Loss: 0.0474 | Epoch Time: 0.92s | Spearman@80: 0.6071 | Kendall@80: 0.4431
Epoch 39/150 | Train Loss: 0.0471 | Epoch Time: 0.92s | Spearman@80: 0.5576 | Kendall@80: 0.4063
Epoch 40/150 | Train Loss: 0.0460 | Epoch Time: 0.92s | Spearman@80: 0.6100 | Kendall@80: 0.4393
Epoch 41/150 | Train Loss: 0.0446 | Epoch Time: 0.92s | Spearman@80: 0.6244 | Kendall@80: 0.4590
Epoch 42/150 | Train Loss: 0.0490 | Epoch Time: 0.92s | Spearman@80: 0.6249 | Kendall@80: 0.4437
Epoch 43/150 | Train Loss: 0.0529 | Epoch Time: 0.92s | Spearman@80: 0.5920 | Kendall@80: 0.4412
Epoch 44/150 | Train Loss: 0.0416 | Epoch Time: 0.92s | Spearman@80: 0.5807 | Kendall@80: 0.4311
Epoch 45/150 | Train Loss: 0.0543 | Epoch Time: 0.93s | Spearman@80: 0.6184 | Kendall@80: 0.4647
Epoch 46/150 | Train Loss: 0.0478 | Epoch Time: 0.91s | Spearman@80: 0.6155 | Kendall@80: 0.4450
Epoch 47/150 | Train Loss: 0.0507 | Epoch Time: 0.92s | Spearman@80: 0.6722 | Kendall@80: 0.4964
Epoch 48/150 | Train Loss: 0.0409 | Epoch Time: 0.91s | Spearman@80: 0.6446 | Kendall@80: 0.4729
Epoch 49/150 | Train Loss: 0.0419 | Epoch Time: 0.92s | Spearman@80: 0.6313 | Kendall@80: 0.4564
Epoch 50/150 | Train Loss: 0.0436 | Epoch Time: 0.92s | Spearman@80: 0.6063 | Kendall@80: 0.4431
Epoch 51/150 | Train Loss: 0.0388 | Epoch Time: 0.93s | Spearman@80: 0.6304 | Kendall@80: 0.4571
Epoch 52/150 | Train Loss: 0.0350 | Epoch Time: 0.92s | Spearman@80: 0.5628 | Kendall@80: 0.3975
Epoch 53/150 | Train Loss: 0.0395 | Epoch Time: 0.92s | Spearman@80: 0.6343 | Kendall@80: 0.4583
Epoch 54/150 | Train Loss: 0.0390 | Epoch Time: 0.92s | Spearman@80: 0.6035 | Kendall@80: 0.4279
Epoch 55/150 | Train Loss: 0.0470 | Epoch Time: 0.92s | Spearman@80: 0.6262 | Kendall@80: 0.4482
Epoch 56/150 | Train Loss: 0.0446 | Epoch Time: 0.90s | Spearman@80: 0.5955 | Kendall@80: 0.4273
Epoch 57/150 | Train Loss: 0.0414 | Epoch Time: 0.89s | Spearman@80: 0.6310 | Kendall@80: 0.4615
Epoch 58/150 | Train Loss: 0.0453 | Epoch Time: 0.89s | Spearman@80: 0.6413 | Kendall@80: 0.4704
Epoch 59/150 | Train Loss: 0.0395 | Epoch Time: 0.89s | Spearman@80: 0.5750 | Kendall@80: 0.4190
Epoch 60/150 | Train Loss: 0.0447 | Epoch Time: 0.89s | Spearman@80: 0.6234 | Kendall@80: 0.4571
Epoch 61/150 | Train Loss: 0.0527 | Epoch Time: 0.89s | Spearman@80: 0.5814 | Kendall@80: 0.4235
Epoch 62/150 | Train Loss: 0.0456 | Epoch Time: 0.89s | Spearman@80: 0.6357 | Kendall@80: 0.4564
Epoch 63/150 | Train Loss: 0.0339 | Epoch Time: 0.89s | Spearman@80: 0.6322 | Kendall@80: 0.4577
Epoch 64/150 | Train Loss: 0.0439 | Epoch Time: 0.89s | Spearman@80: 0.5957 | Kendall@80: 0.4418
Epoch 65/150 | Train Loss: 0.0355 | Epoch Time: 0.89s | Spearman@80: 0.5957 | Kendall@80: 0.4399
Epoch 66/150 | Train Loss: 0.0384 | Epoch Time: 0.89s | Spearman@80: 0.6121 | Kendall@80: 0.4501
Epoch 67/150 | Train Loss: 0.0358 | Epoch Time: 0.89s | Spearman@80: 0.6163 | Kendall@80: 0.4501
Epoch 68/150 | Train Loss: 0.0377 | Epoch Time: 0.89s | Spearman@80: 0.6434 | Kendall@80: 0.4761
Epoch 69/150 | Train Loss: 0.0360 | Epoch Time: 0.89s | Spearman@80: 0.5711 | Kendall@80: 0.4247
Epoch 70/150 | Train Loss: 0.0444 | Epoch Time: 0.89s | Spearman@80: 0.5699 | Kendall@80: 0.4095
Epoch 71/150 | Train Loss: 0.0323 | Epoch Time: 0.89s | Spearman@80: 0.6017 | Kendall@80: 0.4482
Epoch 72/150 | Train Loss: 0.0375 | Epoch Time: 0.89s | Spearman@80: 0.6146 | Kendall@80: 0.4444
Epoch 73/150 | Train Loss: 0.0341 | Epoch Time: 0.89s | Spearman@80: 0.6245 | Kendall@80: 0.4526
Epoch 74/150 | Train Loss: 0.0361 | Epoch Time: 0.89s | Spearman@80: 0.5967 | Kendall@80: 0.4317
Epoch 75/150 | Train Loss: 0.0422 | Epoch Time: 0.88s | Spearman@80: 0.5472 | Kendall@80: 0.3949
Epoch 76/150 | Train Loss: 0.0371 | Epoch Time: 0.89s | Spearman@80: 0.6180 | Kendall@80: 0.4564
Epoch 77/150 | Train Loss: 0.0308 | Epoch Time: 0.90s | Spearman@80: 0.6265 | Kendall@80: 0.4545
Epoch 78/150 | Train Loss: 0.0348 | Epoch Time: 0.89s | Spearman@80: 0.6306 | Kendall@80: 0.4552
Epoch 79/150 | Train Loss: 0.0351 | Epoch Time: 0.89s | Spearman@80: 0.6071 | Kendall@80: 0.4311
Epoch 80/150 | Train Loss: 0.0301 | Epoch Time: 0.89s | Spearman@80: 0.6243 | Kendall@80: 0.4596
Epoch 81/150 | Train Loss: 0.0353 | Epoch Time: 0.89s | Spearman@80: 0.6277 | Kendall@80: 0.4469
Epoch 82/150 | Train Loss: 0.0318 | Epoch Time: 0.89s | Spearman@80: 0.6676 | Kendall@80: 0.4875
Epoch 83/150 | Train Loss: 0.0330 | Epoch Time: 0.89s | Spearman@80: 0.6325 | Kendall@80: 0.4615
Epoch 84/150 | Train Loss: 0.0327 | Epoch Time: 0.90s | Spearman@80: 0.5943 | Kendall@80: 0.4260
Epoch 85/150 | Train Loss: 0.0310 | Epoch Time: 0.91s | Spearman@80: 0.5856 | Kendall@80: 0.4273
Epoch 86/150 | Train Loss: 0.0329 | Epoch Time: 0.93s | Spearman@80: 0.6018 | Kendall@80: 0.4380
Epoch 87/150 | Train Loss: 0.0331 | Epoch Time: 0.92s | Spearman@80: 0.5637 | Kendall@80: 0.4051
Epoch 88/150 | Train Loss: 0.0305 | Epoch Time: 0.92s | Spearman@80: 0.6221 | Kendall@80: 0.4532
Epoch 89/150 | Train Loss: 0.0289 | Epoch Time: 0.92s | Spearman@80: 0.6254 | Kendall@80: 0.4513
Epoch 90/150 | Train Loss: 0.0270 | Epoch Time: 0.92s | Spearman@80: 0.6133 | Kendall@80: 0.4463
Epoch 91/150 | Train Loss: 0.0367 | Epoch Time: 0.92s | Spearman@80: 0.6178 | Kendall@80: 0.4494
Epoch 92/150 | Train Loss: 0.0295 | Epoch Time: 0.92s | Spearman@80: 0.5847 | Kendall@80: 0.4184
Epoch 93/150 | Train Loss: 0.0269 | Epoch Time: 0.92s | Spearman@80: 0.5809 | Kendall@80: 0.4216
Epoch 94/150 | Train Loss: 0.0282 | Epoch Time: 0.91s | Spearman@80: 0.5677 | Kendall@80: 0.4108
Epoch 95/150 | Train Loss: 0.0299 | Epoch Time: 0.92s | Spearman@80: 0.5996 | Kendall@80: 0.4336
Epoch 96/150 | Train Loss: 0.0322 | Epoch Time: 0.92s | Spearman@80: 0.6275 | Kendall@80: 0.4577
Epoch 97/150 | Train Loss: 0.0274 | Epoch Time: 0.92s | Spearman@80: 0.6195 | Kendall@80: 0.4463
Epoch 98/150 | Train Loss: 0.0272 | Epoch Time: 0.92s | Spearman@80: 0.6575 | Kendall@80: 0.4799
Epoch 99/150 | Train Loss: 0.0250 | Epoch Time: 0.92s | Spearman@80: 0.6267 | Kendall@80: 0.4571
Epoch 100/150 | Train Loss: 0.0224 | Epoch Time: 0.92s | Spearman@80: 0.6176 | Kendall@80: 0.4552
Epoch 101/150 | Train Loss: 0.0297 | Epoch Time: 0.92s | Spearman@80: 0.6283 | Kendall@80: 0.4609
Epoch 102/150 | Train Loss: 0.0330 | Epoch Time: 0.92s | Spearman@80: 0.6289 | Kendall@80: 0.4590
Epoch 103/150 | Train Loss: 0.0237 | Epoch Time: 0.92s | Spearman@80: 0.6142 | Kendall@80: 0.4475
Epoch 104/150 | Train Loss: 0.0232 | Epoch Time: 0.92s | Spearman@80: 0.6436 | Kendall@80: 0.4609
Epoch 105/150 | Train Loss: 0.0231 | Epoch Time: 0.91s | Spearman@80: 0.6126 | Kendall@80: 0.4399
Epoch 106/150 | Train Loss: 0.0256 | Epoch Time: 0.92s | Spearman@80: 0.5916 | Kendall@80: 0.4279
Epoch 107/150 | Train Loss: 0.0330 | Epoch Time: 0.93s | Spearman@80: 0.6120 | Kendall@80: 0.4374
Epoch 108/150 | Train Loss: 0.0212 | Epoch Time: 0.92s | Spearman@80: 0.6365 | Kendall@80: 0.4634
Epoch 109/150 | Train Loss: 0.0309 | Epoch Time: 0.91s | Spearman@80: 0.6606 | Kendall@80: 0.4799
Epoch 110/150 | Train Loss: 0.0242 | Epoch Time: 0.92s | Spearman@80: 0.6347 | Kendall@80: 0.4615
Epoch 111/150 | Train Loss: 0.0283 | Epoch Time: 0.93s | Spearman@80: 0.6312 | Kendall@80: 0.4583
Epoch 112/150 | Train Loss: 0.0283 | Epoch Time: 0.91s | Spearman@80: 0.6472 | Kendall@80: 0.4697
Epoch 113/150 | Train Loss: 0.0245 | Epoch Time: 0.91s | Spearman@80: 0.5982 | Kendall@80: 0.4298
Epoch 114/150 | Train Loss: 0.0211 | Epoch Time: 0.93s | Spearman@80: 0.5878 | Kendall@80: 0.4247
Epoch 115/150 | Train Loss: 0.0254 | Epoch Time: 0.92s | Spearman@80: 0.5945 | Kendall@80: 0.4228
Epoch 116/150 | Train Loss: 0.0234 | Epoch Time: 0.92s | Spearman@80: 0.5867 | Kendall@80: 0.4222
Epoch 117/150 | Train Loss: 0.0207 | Epoch Time: 0.92s | Spearman@80: 0.6182 | Kendall@80: 0.4482
Epoch 118/150 | Train Loss: 0.0233 | Epoch Time: 0.92s | Spearman@80: 0.6112 | Kendall@80: 0.4406
Epoch 119/150 | Train Loss: 0.0230 | Epoch Time: 0.91s | Spearman@80: 0.6113 | Kendall@80: 0.4475
Epoch 120/150 | Train Loss: 0.0226 | Epoch Time: 0.92s | Spearman@80: 0.6083 | Kendall@80: 0.4374
Epoch 121/150 | Train Loss: 0.0206 | Epoch Time: 0.93s | Spearman@80: 0.6061 | Kendall@80: 0.4406
Epoch 122/150 | Train Loss: 0.0213 | Epoch Time: 0.90s | Spearman@80: 0.6174 | Kendall@80: 0.4488
Epoch 123/150 | Train Loss: 0.0233 | Epoch Time: 0.89s | Spearman@80: 0.6348 | Kendall@80: 0.4628
Epoch 124/150 | Train Loss: 0.0196 | Epoch Time: 0.89s | Spearman@80: 0.6234 | Kendall@80: 0.4545
Epoch 125/150 | Train Loss: 0.0195 | Epoch Time: 0.89s | Spearman@80: 0.6418 | Kendall@80: 0.4653
Epoch 126/150 | Train Loss: 0.0189 | Epoch Time: 0.89s | Spearman@80: 0.6191 | Kendall@80: 0.4513
Epoch 127/150 | Train Loss: 0.0216 | Epoch Time: 0.89s | Spearman@80: 0.6100 | Kendall@80: 0.4469
Epoch 128/150 | Train Loss: 0.0222 | Epoch Time: 0.89s | Spearman@80: 0.6057 | Kendall@80: 0.4412
Epoch 129/150 | Train Loss: 0.0216 | Epoch Time: 0.89s | Spearman@80: 0.6100 | Kendall@80: 0.4431
Epoch 130/150 | Train Loss: 0.0217 | Epoch Time: 0.89s | Spearman@80: 0.6224 | Kendall@80: 0.4545
Epoch 131/150 | Train Loss: 0.0191 | Epoch Time: 0.88s | Spearman@80: 0.6203 | Kendall@80: 0.4545
Epoch 132/150 | Train Loss: 0.0198 | Epoch Time: 0.91s | Spearman@80: 0.6034 | Kendall@80: 0.4406
Epoch 133/150 | Train Loss: 0.0196 | Epoch Time: 0.89s | Spearman@80: 0.6258 | Kendall@80: 0.4571
Epoch 134/150 | Train Loss: 0.0163 | Epoch Time: 0.88s | Spearman@80: 0.6198 | Kendall@80: 0.4539
Epoch 135/150 | Train Loss: 0.0191 | Epoch Time: 0.89s | Spearman@80: 0.6315 | Kendall@80: 0.4609
Epoch 136/150 | Train Loss: 0.0202 | Epoch Time: 0.88s | Spearman@80: 0.6214 | Kendall@80: 0.4520
Epoch 137/150 | Train Loss: 0.0176 | Epoch Time: 0.89s | Spearman@80: 0.6195 | Kendall@80: 0.4532
Epoch 138/150 | Train Loss: 0.0212 | Epoch Time: 0.89s | Spearman@80: 0.6165 | Kendall@80: 0.4513
Epoch 139/150 | Train Loss: 0.0257 | Epoch Time: 0.89s | Spearman@80: 0.6147 | Kendall@80: 0.4482
Epoch 140/150 | Train Loss: 0.0192 | Epoch Time: 0.89s | Spearman@80: 0.6244 | Kendall@80: 0.4520
Epoch 141/150 | Train Loss: 0.0183 | Epoch Time: 0.89s | Spearman@80: 0.6298 | Kendall@80: 0.4577
Epoch 142/150 | Train Loss: 0.0190 | Epoch Time: 0.88s | Spearman@80: 0.6203 | Kendall@80: 0.4552
Epoch 143/150 | Train Loss: 0.0232 | Epoch Time: 0.89s | Spearman@80: 0.6135 | Kendall@80: 0.4469
Epoch 144/150 | Train Loss: 0.0213 | Epoch Time: 0.88s | Spearman@80: 0.6085 | Kendall@80: 0.4456
Epoch 145/150 | Train Loss: 0.0177 | Epoch Time: 0.89s | Spearman@80: 0.6197 | Kendall@80: 0.4513
Epoch 146/150 | Train Loss: 0.0194 | Epoch Time: 0.89s | Spearman@80: 0.6063 | Kendall@80: 0.4444
Epoch 147/150 | Train Loss: 0.0206 | Epoch Time: 1.81s | Spearman@4870: 0.6529 | Kendall@4870: 0.4679
Epoch 148/150 | Train Loss: 0.0211 | Epoch Time: 1.82s | Spearman@4870: 0.6526 | Kendall@4870: 0.4676
Epoch 149/150 | Train Loss: 0.0173 | Epoch Time: 1.89s | Spearman@4870: 0.6535 | Kendall@4870: 0.4684
Epoch 150/150 | Train Loss: 0.0181 | Epoch Time: 1.89s | Spearman@4870: 0.6553 | Kendall@4870: 0.4700
Sample Count: 128, Spearman: 0.6535638807300204, Kendall: 0.4684618357372032
{64: (0.5656803052581942, 0.3973148769789787),
 128: (0.6535638807300204, 0.4684618357372032)}
Epoch 1/150 | Train Loss: 0.0987 | Epoch Time: 0.47s | Spearman@80: 0.5337 | Kendall@80: 0.3660
Epoch 2/150 | Train Loss: 0.0928 | Epoch Time: 0.47s | Spearman@80: 0.4382 | Kendall@80: 0.2963
Epoch 3/150 | Train Loss: 0.0834 | Epoch Time: 0.47s | Spearman@80: 0.5330 | Kendall@80: 0.3749
Epoch 4/150 | Train Loss: 0.0753 | Epoch Time: 0.47s | Spearman@80: 0.5576 | Kendall@80: 0.3869
Epoch 5/150 | Train Loss: 0.0625 | Epoch Time: 0.47s | Spearman@80: 0.5537 | Kendall@80: 0.3952
Epoch 6/150 | Train Loss: 0.0602 | Epoch Time: 0.47s | Spearman@80: 0.6088 | Kendall@80: 0.4421
Epoch 7/150 | Train Loss: 0.0511 | Epoch Time: 0.47s | Spearman@80: 0.5197 | Kendall@80: 0.3730
Epoch 8/150 | Train Loss: 0.0597 | Epoch Time: 0.47s | Spearman@80: 0.5092 | Kendall@80: 0.3629
Epoch 9/150 | Train Loss: 0.0541 | Epoch Time: 0.47s | Spearman@80: 0.4944 | Kendall@80: 0.3559
Epoch 10/150 | Train Loss: 0.0522 | Epoch Time: 0.47s | Spearman@80: 0.5148 | Kendall@80: 0.3692
Epoch 11/150 | Train Loss: 0.0437 | Epoch Time: 0.47s | Spearman@80: 0.5642 | Kendall@80: 0.4136
Epoch 12/150 | Train Loss: 0.0513 | Epoch Time: 0.47s | Spearman@80: 0.5426 | Kendall@80: 0.3901
Epoch 13/150 | Train Loss: 0.0410 | Epoch Time: 0.47s | Spearman@80: 0.4820 | Kendall@80: 0.3438
Epoch 14/150 | Train Loss: 0.0410 | Epoch Time: 0.47s | Spearman@80: 0.4328 | Kendall@80: 0.3014
Epoch 15/150 | Train Loss: 0.0562 | Epoch Time: 0.47s | Spearman@80: 0.4913 | Kendall@80: 0.3553
Epoch 16/150 | Train Loss: 0.0396 | Epoch Time: 0.47s | Spearman@80: 0.5496 | Kendall@80: 0.3996
Epoch 17/150 | Train Loss: 0.0520 | Epoch Time: 0.47s | Spearman@80: 0.4928 | Kendall@80: 0.3464
Epoch 18/150 | Train Loss: 0.0405 | Epoch Time: 0.47s | Spearman@80: 0.4385 | Kendall@80: 0.3033
Epoch 19/150 | Train Loss: 0.0395 | Epoch Time: 0.47s | Spearman@80: 0.4675 | Kendall@80: 0.3356
Epoch 20/150 | Train Loss: 0.0392 | Epoch Time: 0.47s | Spearman@80: 0.5499 | Kendall@80: 0.3952
Epoch 21/150 | Train Loss: 0.0443 | Epoch Time: 0.47s | Spearman@80: 0.4161 | Kendall@80: 0.3001
Epoch 22/150 | Train Loss: 0.0536 | Epoch Time: 0.47s | Spearman@80: 0.4299 | Kendall@80: 0.3058
Epoch 23/150 | Train Loss: 0.0431 | Epoch Time: 0.47s | Spearman@80: 0.5411 | Kendall@80: 0.3895
Epoch 24/150 | Train Loss: 0.0442 | Epoch Time: 0.47s | Spearman@80: 0.5251 | Kendall@80: 0.3755
Epoch 25/150 | Train Loss: 0.0355 | Epoch Time: 0.47s | Spearman@80: 0.4470 | Kendall@80: 0.3141
Epoch 26/150 | Train Loss: 0.0351 | Epoch Time: 0.48s | Spearman@80: 0.4024 | Kendall@80: 0.2811
Epoch 27/150 | Train Loss: 0.0407 | Epoch Time: 0.48s | Spearman@80: 0.3587 | Kendall@80: 0.2488
Epoch 28/150 | Train Loss: 0.0362 | Epoch Time: 0.47s | Spearman@80: 0.2369 | Kendall@80: 0.1651
Epoch 29/150 | Train Loss: 0.0378 | Epoch Time: 0.47s | Spearman@80: 0.4537 | Kendall@80: 0.3160
Epoch 30/150 | Train Loss: 0.0333 | Epoch Time: 0.47s | Spearman@80: 0.4552 | Kendall@80: 0.3255
Epoch 31/150 | Train Loss: 0.0372 | Epoch Time: 0.47s | Spearman@80: 0.3685 | Kendall@80: 0.2678
Epoch 32/150 | Train Loss: 0.0268 | Epoch Time: 0.47s | Spearman@80: 0.3427 | Kendall@80: 0.2374
Epoch 33/150 | Train Loss: 0.0304 | Epoch Time: 0.47s | Spearman@80: 0.3641 | Kendall@80: 0.2519
Epoch 34/150 | Train Loss: 0.0418 | Epoch Time: 0.47s | Spearman@80: 0.3813 | Kendall@80: 0.2716
Epoch 35/150 | Train Loss: 0.0409 | Epoch Time: 0.47s | Spearman@80: 0.3973 | Kendall@80: 0.2805
Epoch 36/150 | Train Loss: 0.0392 | Epoch Time: 0.47s | Spearman@80: 0.4053 | Kendall@80: 0.2887
Epoch 37/150 | Train Loss: 0.0355 | Epoch Time: 0.47s | Spearman@80: 0.4124 | Kendall@80: 0.2938
Epoch 38/150 | Train Loss: 0.0241 | Epoch Time: 0.47s | Spearman@80: 0.3483 | Kendall@80: 0.2456
Epoch 39/150 | Train Loss: 0.0368 | Epoch Time: 0.47s | Spearman@80: 0.3051 | Kendall@80: 0.2114
Epoch 40/150 | Train Loss: 0.0349 | Epoch Time: 0.47s | Spearman@80: 0.3716 | Kendall@80: 0.2589
Epoch 41/150 | Train Loss: 0.0305 | Epoch Time: 0.47s | Spearman@80: 0.3844 | Kendall@80: 0.2703
Epoch 42/150 | Train Loss: 0.0330 | Epoch Time: 0.47s | Spearman@80: 0.3472 | Kendall@80: 0.2443
Epoch 43/150 | Train Loss: 0.0327 | Epoch Time: 0.47s | Spearman@80: 0.4048 | Kendall@80: 0.2811
Epoch 44/150 | Train Loss: 0.0338 | Epoch Time: 0.47s | Spearman@80: 0.4367 | Kendall@80: 0.3045
Epoch 45/150 | Train Loss: 0.0321 | Epoch Time: 0.47s | Spearman@80: 0.3798 | Kendall@80: 0.2627
Epoch 46/150 | Train Loss: 0.0336 | Epoch Time: 0.47s | Spearman@80: 0.3397 | Kendall@80: 0.2342
Epoch 47/150 | Train Loss: 0.0370 | Epoch Time: 0.47s | Spearman@80: 0.3226 | Kendall@80: 0.2266
Epoch 48/150 | Train Loss: 0.0296 | Epoch Time: 0.47s | Spearman@80: 0.3724 | Kendall@80: 0.2659
Epoch 49/150 | Train Loss: 0.0405 | Epoch Time: 0.47s | Spearman@80: 0.3831 | Kendall@80: 0.2779
Epoch 50/150 | Train Loss: 0.0279 | Epoch Time: 0.47s | Spearman@80: 0.3413 | Kendall@80: 0.2412
Epoch 51/150 | Train Loss: 0.0291 | Epoch Time: 0.47s | Spearman@80: 0.3366 | Kendall@80: 0.2348
Epoch 52/150 | Train Loss: 0.0279 | Epoch Time: 0.47s | Spearman@80: 0.2870 | Kendall@80: 0.1987
Epoch 53/150 | Train Loss: 0.0328 | Epoch Time: 0.47s | Spearman@80: 0.3685 | Kendall@80: 0.2621
Epoch 54/150 | Train Loss: 0.0390 | Epoch Time: 0.47s | Spearman@80: 0.3809 | Kendall@80: 0.2633
Epoch 55/150 | Train Loss: 0.0339 | Epoch Time: 0.47s | Spearman@80: 0.4293 | Kendall@80: 0.3026
Epoch 56/150 | Train Loss: 0.0390 | Epoch Time: 0.47s | Spearman@80: 0.3724 | Kendall@80: 0.2538
Epoch 57/150 | Train Loss: 0.0283 | Epoch Time: 0.47s | Spearman@80: 0.3017 | Kendall@80: 0.2044
Epoch 58/150 | Train Loss: 0.0320 | Epoch Time: 0.47s | Spearman@80: 0.3241 | Kendall@80: 0.2260
Epoch 59/150 | Train Loss: 0.0301 | Epoch Time: 0.47s | Spearman@80: 0.3553 | Kendall@80: 0.2481
Epoch 60/150 | Train Loss: 0.0216 | Epoch Time: 0.47s | Spearman@80: 0.3925 | Kendall@80: 0.2767
Epoch 61/150 | Train Loss: 0.0237 | Epoch Time: 0.47s | Spearman@80: 0.3889 | Kendall@80: 0.2767
Epoch 62/150 | Train Loss: 0.0307 | Epoch Time: 0.47s | Spearman@80: 0.3884 | Kendall@80: 0.2767
Epoch 63/150 | Train Loss: 0.0315 | Epoch Time: 0.47s | Spearman@80: 0.3836 | Kendall@80: 0.2691
Epoch 64/150 | Train Loss: 0.0290 | Epoch Time: 0.47s | Spearman@80: 0.3725 | Kendall@80: 0.2570
Epoch 65/150 | Train Loss: 0.0306 | Epoch Time: 0.46s | Spearman@80: 0.3747 | Kendall@80: 0.2570
Epoch 66/150 | Train Loss: 0.0228 | Epoch Time: 0.45s | Spearman@80: 0.3660 | Kendall@80: 0.2526
Epoch 67/150 | Train Loss: 0.0356 | Epoch Time: 0.45s | Spearman@80: 0.3527 | Kendall@80: 0.2450
Epoch 68/150 | Train Loss: 0.0275 | Epoch Time: 0.45s | Spearman@80: 0.3426 | Kendall@80: 0.2361
Epoch 69/150 | Train Loss: 0.0201 | Epoch Time: 0.45s | Spearman@80: 0.3695 | Kendall@80: 0.2608
Epoch 70/150 | Train Loss: 0.0211 | Epoch Time: 0.46s | Spearman@80: 0.3397 | Kendall@80: 0.2323
Epoch 71/150 | Train Loss: 0.0214 | Epoch Time: 0.45s | Spearman@80: 0.3356 | Kendall@80: 0.2310
Epoch 72/150 | Train Loss: 0.0340 | Epoch Time: 0.46s | Spearman@80: 0.3201 | Kendall@80: 0.2228
Epoch 73/150 | Train Loss: 0.0314 | Epoch Time: 0.45s | Spearman@80: 0.3420 | Kendall@80: 0.2437
Epoch 74/150 | Train Loss: 0.0212 | Epoch Time: 0.45s | Spearman@80: 0.3728 | Kendall@80: 0.2570
Epoch 75/150 | Train Loss: 0.0290 | Epoch Time: 0.46s | Spearman@80: 0.3529 | Kendall@80: 0.2462
Epoch 76/150 | Train Loss: 0.0246 | Epoch Time: 0.46s | Spearman@80: 0.3592 | Kendall@80: 0.2494
Epoch 77/150 | Train Loss: 0.0177 | Epoch Time: 0.45s | Spearman@80: 0.3642 | Kendall@80: 0.2589
Epoch 78/150 | Train Loss: 0.0203 | Epoch Time: 0.46s | Spearman@80: 0.4183 | Kendall@80: 0.2963
Epoch 79/150 | Train Loss: 0.0219 | Epoch Time: 0.45s | Spearman@80: 0.4431 | Kendall@80: 0.3128
Epoch 80/150 | Train Loss: 0.0288 | Epoch Time: 0.45s | Spearman@80: 0.3817 | Kendall@80: 0.2672
Epoch 81/150 | Train Loss: 0.0220 | Epoch Time: 0.46s | Spearman@80: 0.3617 | Kendall@80: 0.2507
Epoch 82/150 | Train Loss: 0.0273 | Epoch Time: 0.45s | Spearman@80: 0.3312 | Kendall@80: 0.2209
Epoch 83/150 | Train Loss: 0.0230 | Epoch Time: 0.45s | Spearman@80: 0.3207 | Kendall@80: 0.2196
Epoch 84/150 | Train Loss: 0.0173 | Epoch Time: 0.45s | Spearman@80: 0.3158 | Kendall@80: 0.2171
Epoch 85/150 | Train Loss: 0.0242 | Epoch Time: 0.45s | Spearman@80: 0.3810 | Kendall@80: 0.2672
Epoch 86/150 | Train Loss: 0.0185 | Epoch Time: 0.46s | Spearman@80: 0.3559 | Kendall@80: 0.2462
Epoch 87/150 | Train Loss: 0.0167 | Epoch Time: 0.45s | Spearman@80: 0.3676 | Kendall@80: 0.2589
Epoch 88/150 | Train Loss: 0.0205 | Epoch Time: 0.45s | Spearman@80: 0.3471 | Kendall@80: 0.2399
Epoch 89/150 | Train Loss: 0.0199 | Epoch Time: 0.46s | Spearman@80: 0.3155 | Kendall@80: 0.2164
Epoch 90/150 | Train Loss: 0.0169 | Epoch Time: 0.45s | Spearman@80: 0.3672 | Kendall@80: 0.2576
Epoch 91/150 | Train Loss: 0.0182 | Epoch Time: 0.45s | Spearman@80: 0.3810 | Kendall@80: 0.2703
Epoch 92/150 | Train Loss: 0.0207 | Epoch Time: 0.46s | Spearman@80: 0.3642 | Kendall@80: 0.2519
Epoch 93/150 | Train Loss: 0.0154 | Epoch Time: 0.45s | Spearman@80: 0.3605 | Kendall@80: 0.2507
Epoch 94/150 | Train Loss: 0.0165 | Epoch Time: 0.45s | Spearman@80: 0.3670 | Kendall@80: 0.2595
Epoch 95/150 | Train Loss: 0.0224 | Epoch Time: 0.46s | Spearman@80: 0.3255 | Kendall@80: 0.2196
Epoch 96/150 | Train Loss: 0.0248 | Epoch Time: 0.45s | Spearman@80: 0.3230 | Kendall@80: 0.2222
Epoch 97/150 | Train Loss: 0.0179 | Epoch Time: 0.46s | Spearman@80: 0.3227 | Kendall@80: 0.2266
Epoch 98/150 | Train Loss: 0.0237 | Epoch Time: 0.46s | Spearman@80: 0.3317 | Kendall@80: 0.2317
Epoch 99/150 | Train Loss: 0.0125 | Epoch Time: 0.45s | Spearman@80: 0.3678 | Kendall@80: 0.2532
Epoch 100/150 | Train Loss: 0.0141 | Epoch Time: 0.45s | Spearman@80: 0.3672 | Kendall@80: 0.2570
Epoch 101/150 | Train Loss: 0.0176 | Epoch Time: 0.45s | Spearman@80: 0.3588 | Kendall@80: 0.2443
Epoch 102/150 | Train Loss: 0.0182 | Epoch Time: 0.46s | Spearman@80: 0.3661 | Kendall@80: 0.2564
Epoch 103/150 | Train Loss: 0.0149 | Epoch Time: 0.46s | Spearman@80: 0.3644 | Kendall@80: 0.2589
Epoch 104/150 | Train Loss: 0.0185 | Epoch Time: 0.45s | Spearman@80: 0.3351 | Kendall@80: 0.2298
Epoch 105/150 | Train Loss: 0.0166 | Epoch Time: 0.45s | Spearman@80: 0.3423 | Kendall@80: 0.2380
Epoch 106/150 | Train Loss: 0.0165 | Epoch Time: 0.46s | Spearman@80: 0.3772 | Kendall@80: 0.2608
Epoch 107/150 | Train Loss: 0.0129 | Epoch Time: 0.45s | Spearman@80: 0.3683 | Kendall@80: 0.2545
Epoch 108/150 | Train Loss: 0.0104 | Epoch Time: 0.46s | Spearman@80: 0.3785 | Kendall@80: 0.2608
Epoch 109/150 | Train Loss: 0.0188 | Epoch Time: 0.45s | Spearman@80: 0.3852 | Kendall@80: 0.2684
Epoch 110/150 | Train Loss: 0.0180 | Epoch Time: 0.45s | Spearman@80: 0.3750 | Kendall@80: 0.2576
Epoch 111/150 | Train Loss: 0.0164 | Epoch Time: 0.46s | Spearman@80: 0.3431 | Kendall@80: 0.2355
Epoch 112/150 | Train Loss: 0.0132 | Epoch Time: 0.45s | Spearman@80: 0.3297 | Kendall@80: 0.2234
Epoch 113/150 | Train Loss: 0.0204 | Epoch Time: 0.45s | Spearman@80: 0.3323 | Kendall@80: 0.2253
Epoch 114/150 | Train Loss: 0.0158 | Epoch Time: 0.46s | Spearman@80: 0.3452 | Kendall@80: 0.2361
Epoch 115/150 | Train Loss: 0.0177 | Epoch Time: 0.46s | Spearman@80: 0.3486 | Kendall@80: 0.2374
Epoch 116/150 | Train Loss: 0.0127 | Epoch Time: 0.46s | Spearman@80: 0.3652 | Kendall@80: 0.2557
Epoch 117/150 | Train Loss: 0.0173 | Epoch Time: 0.46s | Spearman@80: 0.3572 | Kendall@80: 0.2456
Epoch 118/150 | Train Loss: 0.0164 | Epoch Time: 0.46s | Spearman@80: 0.3612 | Kendall@80: 0.2519
Epoch 119/150 | Train Loss: 0.0198 | Epoch Time: 0.45s | Spearman@80: 0.3642 | Kendall@80: 0.2551
Epoch 120/150 | Train Loss: 0.0137 | Epoch Time: 0.46s | Spearman@80: 0.3755 | Kendall@80: 0.2659
Epoch 121/150 | Train Loss: 0.0166 | Epoch Time: 0.46s | Spearman@80: 0.3698 | Kendall@80: 0.2564
Epoch 122/150 | Train Loss: 0.0135 | Epoch Time: 0.47s | Spearman@80: 0.3659 | Kendall@80: 0.2538
Epoch 123/150 | Train Loss: 0.0120 | Epoch Time: 0.47s | Spearman@80: 0.3496 | Kendall@80: 0.2367
Epoch 124/150 | Train Loss: 0.0156 | Epoch Time: 0.47s | Spearman@80: 0.3544 | Kendall@80: 0.2475
Epoch 125/150 | Train Loss: 0.0171 | Epoch Time: 0.47s | Spearman@80: 0.3605 | Kendall@80: 0.2513
Epoch 126/150 | Train Loss: 0.0113 | Epoch Time: 0.47s | Spearman@80: 0.3767 | Kendall@80: 0.2633
Epoch 127/150 | Train Loss: 0.0188 | Epoch Time: 0.48s | Spearman@80: 0.3703 | Kendall@80: 0.2570
Epoch 128/150 | Train Loss: 0.0176 | Epoch Time: 0.47s | Spearman@80: 0.3593 | Kendall@80: 0.2507
Epoch 129/150 | Train Loss: 0.0178 | Epoch Time: 0.47s | Spearman@80: 0.3388 | Kendall@80: 0.2348
Epoch 130/150 | Train Loss: 0.0166 | Epoch Time: 0.47s | Spearman@80: 0.3632 | Kendall@80: 0.2513
Epoch 131/150 | Train Loss: 0.0157 | Epoch Time: 0.47s | Spearman@80: 0.3745 | Kendall@80: 0.2627
Epoch 132/150 | Train Loss: 0.0111 | Epoch Time: 0.46s | Spearman@80: 0.3678 | Kendall@80: 0.2570
Epoch 133/150 | Train Loss: 0.0167 | Epoch Time: 0.47s | Spearman@80: 0.3653 | Kendall@80: 0.2538
Epoch 134/150 | Train Loss: 0.0120 | Epoch Time: 0.47s | Spearman@80: 0.3742 | Kendall@80: 0.2627
Epoch 135/150 | Train Loss: 0.0150 | Epoch Time: 0.47s | Spearman@80: 0.3655 | Kendall@80: 0.2519
Epoch 136/150 | Train Loss: 0.0117 | Epoch Time: 0.47s | Spearman@80: 0.3636 | Kendall@80: 0.2532
Epoch 137/150 | Train Loss: 0.0144 | Epoch Time: 0.47s | Spearman@80: 0.3721 | Kendall@80: 0.2614
Epoch 138/150 | Train Loss: 0.0150 | Epoch Time: 0.47s | Spearman@80: 0.3628 | Kendall@80: 0.2513
Epoch 139/150 | Train Loss: 0.0144 | Epoch Time: 0.47s | Spearman@80: 0.3604 | Kendall@80: 0.2494
Epoch 140/150 | Train Loss: 0.0172 | Epoch Time: 0.47s | Spearman@80: 0.3650 | Kendall@80: 0.2519
Epoch 141/150 | Train Loss: 0.0100 | Epoch Time: 0.47s | Spearman@80: 0.3632 | Kendall@80: 0.2519
Epoch 142/150 | Train Loss: 0.0152 | Epoch Time: 0.47s | Spearman@80: 0.3622 | Kendall@80: 0.2481
Epoch 143/150 | Train Loss: 0.0135 | Epoch Time: 0.47s | Spearman@80: 0.3639 | Kendall@80: 0.2519
Epoch 144/150 | Train Loss: 0.0155 | Epoch Time: 0.47s | Spearman@80: 0.3601 | Kendall@80: 0.2507
Epoch 145/150 | Train Loss: 0.0151 | Epoch Time: 0.48s | Spearman@80: 0.3640 | Kendall@80: 0.2507
Epoch 146/150 | Train Loss: 0.0123 | Epoch Time: 0.47s | Spearman@80: 0.3545 | Kendall@80: 0.2450
Epoch 147/150 | Train Loss: 0.0214 | Epoch Time: 1.45s | Spearman@4934: 0.5280 | Kendall@4934: 0.3691
Epoch 148/150 | Train Loss: 0.0138 | Epoch Time: 1.46s | Spearman@4934: 0.5282 | Kendall@4934: 0.3692
Epoch 149/150 | Train Loss: 0.0125 | Epoch Time: 1.46s | Spearman@4934: 0.5258 | Kendall@4934: 0.3674
Epoch 150/150 | Train Loss: 0.0115 | Epoch Time: 1.46s | Spearman@4934: 0.5231 | Kendall@4934: 0.3654
Sample Count: 64, Spearman: 0.5262894324031948, Kendall: 0.3677509183593318
{64: (0.5262894324031948, 0.3677509183593318),
 128: (0.6535638807300204, 0.4684618357372032)}
Epoch 1/150 | Train Loss: 0.0999 | Epoch Time: 0.92s | Spearman@80: 0.6477 | Kendall@80: 0.4604
Epoch 2/150 | Train Loss: 0.0904 | Epoch Time: 0.92s | Spearman@80: 0.7117 | Kendall@80: 0.5238
Epoch 3/150 | Train Loss: 0.0735 | Epoch Time: 0.92s | Spearman@80: 0.6344 | Kendall@80: 0.4585
Epoch 4/150 | Train Loss: 0.0720 | Epoch Time: 0.91s | Spearman@80: 0.7177 | Kendall@80: 0.5238
Epoch 5/150 | Train Loss: 0.0706 | Epoch Time: 0.92s | Spearman@80: 0.7310 | Kendall@80: 0.5282
Epoch 6/150 | Train Loss: 0.0634 | Epoch Time: 0.92s | Spearman@80: 0.6948 | Kendall@80: 0.5029
Epoch 7/150 | Train Loss: 0.0592 | Epoch Time: 0.92s | Spearman@80: 0.7036 | Kendall@80: 0.5079
Epoch 8/150 | Train Loss: 0.0668 | Epoch Time: 0.92s | Spearman@80: 0.7441 | Kendall@80: 0.5498
Epoch 9/150 | Train Loss: 0.0564 | Epoch Time: 0.92s | Spearman@80: 0.7508 | Kendall@80: 0.5580
Epoch 10/150 | Train Loss: 0.0572 | Epoch Time: 0.92s | Spearman@80: 0.7351 | Kendall@80: 0.5352
Epoch 11/150 | Train Loss: 0.0572 | Epoch Time: 0.94s | Spearman@80: 0.6865 | Kendall@80: 0.4946
Epoch 12/150 | Train Loss: 0.0462 | Epoch Time: 0.93s | Spearman@80: 0.7521 | Kendall@80: 0.5536
Epoch 13/150 | Train Loss: 0.0539 | Epoch Time: 0.92s | Spearman@80: 0.7635 | Kendall@80: 0.5707
Epoch 14/150 | Train Loss: 0.0472 | Epoch Time: 0.94s | Spearman@80: 0.6934 | Kendall@80: 0.4984
Epoch 15/150 | Train Loss: 0.0548 | Epoch Time: 0.92s | Spearman@80: 0.7351 | Kendall@80: 0.5384
Epoch 16/150 | Train Loss: 0.0477 | Epoch Time: 0.92s | Spearman@80: 0.6822 | Kendall@80: 0.4876
Epoch 17/150 | Train Loss: 0.0504 | Epoch Time: 0.92s | Spearman@80: 0.7242 | Kendall@80: 0.5352
Epoch 18/150 | Train Loss: 0.0516 | Epoch Time: 0.91s | Spearman@80: 0.6702 | Kendall@80: 0.4921
Epoch 19/150 | Train Loss: 0.0513 | Epoch Time: 0.89s | Spearman@80: 0.6683 | Kendall@80: 0.4971
Epoch 20/150 | Train Loss: 0.0522 | Epoch Time: 0.89s | Spearman@80: 0.7276 | Kendall@80: 0.5282
Epoch 21/150 | Train Loss: 0.0451 | Epoch Time: 0.91s | Spearman@80: 0.7330 | Kendall@80: 0.5282
Epoch 22/150 | Train Loss: 0.0438 | Epoch Time: 0.89s | Spearman@80: 0.6770 | Kendall@80: 0.5010
Epoch 23/150 | Train Loss: 0.0459 | Epoch Time: 0.89s | Spearman@80: 0.7072 | Kendall@80: 0.5174
Epoch 24/150 | Train Loss: 0.0469 | Epoch Time: 0.89s | Spearman@80: 0.6761 | Kendall@80: 0.4908
Epoch 25/150 | Train Loss: 0.0487 | Epoch Time: 0.90s | Spearman@80: 0.7190 | Kendall@80: 0.5365
Epoch 26/150 | Train Loss: 0.0481 | Epoch Time: 0.89s | Spearman@80: 0.7185 | Kendall@80: 0.5187
Epoch 27/150 | Train Loss: 0.0413 | Epoch Time: 0.89s | Spearman@80: 0.6937 | Kendall@80: 0.5003
Epoch 28/150 | Train Loss: 0.0426 | Epoch Time: 0.90s | Spearman@80: 0.6894 | Kendall@80: 0.5187
Epoch 29/150 | Train Loss: 0.0507 | Epoch Time: 0.89s | Spearman@80: 0.7382 | Kendall@80: 0.5333
Epoch 30/150 | Train Loss: 0.0417 | Epoch Time: 0.89s | Spearman@80: 0.7463 | Kendall@80: 0.5447
Epoch 31/150 | Train Loss: 0.0406 | Epoch Time: 0.89s | Spearman@80: 0.7627 | Kendall@80: 0.5631
Epoch 32/150 | Train Loss: 0.0375 | Epoch Time: 0.89s | Spearman@80: 0.7366 | Kendall@80: 0.5365
Epoch 33/150 | Train Loss: 0.0446 | Epoch Time: 0.89s | Spearman@80: 0.7448 | Kendall@80: 0.5580
Epoch 34/150 | Train Loss: 0.0360 | Epoch Time: 0.89s | Spearman@80: 0.7325 | Kendall@80: 0.5257
Epoch 35/150 | Train Loss: 0.0437 | Epoch Time: 0.91s | Spearman@80: 0.7193 | Kendall@80: 0.5212
Epoch 36/150 | Train Loss: 0.0422 | Epoch Time: 0.90s | Spearman@80: 0.7486 | Kendall@80: 0.5593
Epoch 37/150 | Train Loss: 0.0385 | Epoch Time: 0.90s | Spearman@80: 0.7045 | Kendall@80: 0.5238
Epoch 38/150 | Train Loss: 0.0396 | Epoch Time: 0.90s | Spearman@80: 0.7431 | Kendall@80: 0.5504
Epoch 39/150 | Train Loss: 0.0379 | Epoch Time: 0.91s | Spearman@80: 0.7209 | Kendall@80: 0.5333
Epoch 40/150 | Train Loss: 0.0410 | Epoch Time: 0.89s | Spearman@80: 0.7147 | Kendall@80: 0.5181
Epoch 41/150 | Train Loss: 0.0418 | Epoch Time: 0.95s | Spearman@80: 0.7367 | Kendall@80: 0.5415
Epoch 42/150 | Train Loss: 0.0341 | Epoch Time: 1.06s | Spearman@80: 0.7077 | Kendall@80: 0.5092
Epoch 43/150 | Train Loss: 0.0420 | Epoch Time: 1.04s | Spearman@80: 0.7392 | Kendall@80: 0.5434
Epoch 44/150 | Train Loss: 0.0345 | Epoch Time: 1.04s | Spearman@80: 0.7117 | Kendall@80: 0.5263
Epoch 45/150 | Train Loss: 0.0440 | Epoch Time: 1.05s | Spearman@80: 0.7477 | Kendall@80: 0.5447
Epoch 46/150 | Train Loss: 0.0430 | Epoch Time: 1.04s | Spearman@80: 0.6952 | Kendall@80: 0.5098
Epoch 47/150 | Train Loss: 0.0385 | Epoch Time: 1.04s | Spearman@80: 0.7387 | Kendall@80: 0.5371
Epoch 48/150 | Train Loss: 0.0379 | Epoch Time: 1.04s | Spearman@80: 0.7308 | Kendall@80: 0.5365
Epoch 49/150 | Train Loss: 0.0474 | Epoch Time: 1.04s | Spearman@80: 0.7196 | Kendall@80: 0.5244
Epoch 50/150 | Train Loss: 0.0370 | Epoch Time: 1.06s | Spearman@80: 0.7018 | Kendall@80: 0.5320
Epoch 51/150 | Train Loss: 0.0432 | Epoch Time: 1.06s | Spearman@80: 0.7227 | Kendall@80: 0.5270
Epoch 52/150 | Train Loss: 0.0371 | Epoch Time: 1.05s | Spearman@80: 0.7634 | Kendall@80: 0.5669
Epoch 53/150 | Train Loss: 0.0380 | Epoch Time: 1.05s | Spearman@80: 0.7306 | Kendall@80: 0.5384
Epoch 54/150 | Train Loss: 0.0434 | Epoch Time: 1.05s | Spearman@80: 0.7624 | Kendall@80: 0.5720
Epoch 55/150 | Train Loss: 0.0391 | Epoch Time: 1.05s | Spearman@80: 0.7086 | Kendall@80: 0.5206
Epoch 56/150 | Train Loss: 0.0345 | Epoch Time: 1.05s | Spearman@80: 0.7290 | Kendall@80: 0.5301
Epoch 57/150 | Train Loss: 0.0400 | Epoch Time: 1.05s | Spearman@80: 0.6920 | Kendall@80: 0.4940
Epoch 58/150 | Train Loss: 0.0380 | Epoch Time: 1.04s | Spearman@80: 0.7577 | Kendall@80: 0.5644
Epoch 59/150 | Train Loss: 0.0374 | Epoch Time: 1.05s | Spearman@80: 0.7159 | Kendall@80: 0.5206
Epoch 60/150 | Train Loss: 0.0369 | Epoch Time: 1.05s | Spearman@80: 0.7097 | Kendall@80: 0.5073
Epoch 61/150 | Train Loss: 0.0313 | Epoch Time: 1.05s | Spearman@80: 0.6900 | Kendall@80: 0.4997
Epoch 62/150 | Train Loss: 0.0362 | Epoch Time: 1.04s | Spearman@80: 0.7523 | Kendall@80: 0.5625
Epoch 63/150 | Train Loss: 0.0343 | Epoch Time: 1.05s | Spearman@80: 0.7179 | Kendall@80: 0.5327
Epoch 64/150 | Train Loss: 0.0300 | Epoch Time: 1.05s | Spearman@80: 0.7163 | Kendall@80: 0.5250
Epoch 65/150 | Train Loss: 0.0316 | Epoch Time: 1.04s | Spearman@80: 0.7423 | Kendall@80: 0.5517
Epoch 66/150 | Train Loss: 0.0368 | Epoch Time: 1.06s | Spearman@80: 0.7714 | Kendall@80: 0.5656
Epoch 67/150 | Train Loss: 0.0297 | Epoch Time: 1.05s | Spearman@80: 0.7616 | Kendall@80: 0.5663
Epoch 68/150 | Train Loss: 0.0321 | Epoch Time: 1.05s | Spearman@80: 0.7435 | Kendall@80: 0.5561
Epoch 69/150 | Train Loss: 0.0308 | Epoch Time: 1.05s | Spearman@80: 0.7451 | Kendall@80: 0.5453
Epoch 70/150 | Train Loss: 0.0335 | Epoch Time: 1.05s | Spearman@80: 0.7324 | Kendall@80: 0.5327
Epoch 71/150 | Train Loss: 0.0314 | Epoch Time: 1.05s | Spearman@80: 0.7770 | Kendall@80: 0.5859
Epoch 72/150 | Train Loss: 0.0304 | Epoch Time: 1.05s | Spearman@80: 0.6943 | Kendall@80: 0.5067
Epoch 73/150 | Train Loss: 0.0332 | Epoch Time: 1.06s | Spearman@80: 0.7720 | Kendall@80: 0.5789
Epoch 74/150 | Train Loss: 0.0337 | Epoch Time: 1.04s | Spearman@80: 0.7417 | Kendall@80: 0.5479
Epoch 75/150 | Train Loss: 0.0336 | Epoch Time: 1.05s | Spearman@80: 0.7298 | Kendall@80: 0.5422
Epoch 76/150 | Train Loss: 0.0279 | Epoch Time: 1.05s | Spearman@80: 0.6845 | Kendall@80: 0.4971
Epoch 77/150 | Train Loss: 0.0306 | Epoch Time: 1.05s | Spearman@80: 0.7338 | Kendall@80: 0.5434
Epoch 78/150 | Train Loss: 0.0366 | Epoch Time: 1.05s | Spearman@80: 0.7173 | Kendall@80: 0.5282
Epoch 79/150 | Train Loss: 0.0270 | Epoch Time: 1.05s | Spearman@80: 0.7205 | Kendall@80: 0.5320
Epoch 80/150 | Train Loss: 0.0284 | Epoch Time: 1.04s | Spearman@80: 0.7057 | Kendall@80: 0.5181
Epoch 81/150 | Train Loss: 0.0310 | Epoch Time: 1.04s | Spearman@80: 0.7312 | Kendall@80: 0.5365
Epoch 82/150 | Train Loss: 0.0307 | Epoch Time: 1.05s | Spearman@80: 0.6823 | Kendall@80: 0.4946
Epoch 83/150 | Train Loss: 0.0353 | Epoch Time: 1.05s | Spearman@80: 0.7035 | Kendall@80: 0.5117
Epoch 84/150 | Train Loss: 0.0330 | Epoch Time: 1.05s | Spearman@80: 0.7434 | Kendall@80: 0.5485
Epoch 85/150 | Train Loss: 0.0304 | Epoch Time: 1.05s | Spearman@80: 0.7368 | Kendall@80: 0.5498
Epoch 86/150 | Train Loss: 0.0269 | Epoch Time: 1.04s | Spearman@80: 0.7057 | Kendall@80: 0.5181
Epoch 87/150 | Train Loss: 0.0325 | Epoch Time: 1.05s | Spearman@80: 0.7186 | Kendall@80: 0.5346
Epoch 88/150 | Train Loss: 0.0246 | Epoch Time: 1.09s | Spearman@80: 0.7396 | Kendall@80: 0.5479
Epoch 89/150 | Train Loss: 0.0290 | Epoch Time: 1.05s | Spearman@80: 0.7188 | Kendall@80: 0.5289
Epoch 90/150 | Train Loss: 0.0282 | Epoch Time: 1.06s | Spearman@80: 0.7159 | Kendall@80: 0.5282
Epoch 91/150 | Train Loss: 0.0330 | Epoch Time: 1.04s | Spearman@80: 0.7289 | Kendall@80: 0.5409
Epoch 92/150 | Train Loss: 0.0276 | Epoch Time: 1.04s | Spearman@80: 0.7585 | Kendall@80: 0.5644
Epoch 93/150 | Train Loss: 0.0286 | Epoch Time: 1.05s | Spearman@80: 0.7555 | Kendall@80: 0.5644
Epoch 94/150 | Train Loss: 0.0308 | Epoch Time: 1.05s | Spearman@80: 0.7631 | Kendall@80: 0.5720
Epoch 95/150 | Train Loss: 0.0262 | Epoch Time: 1.04s | Spearman@80: 0.7439 | Kendall@80: 0.5555
Epoch 96/150 | Train Loss: 0.0310 | Epoch Time: 1.05s | Spearman@80: 0.7425 | Kendall@80: 0.5568
Epoch 97/150 | Train Loss: 0.0254 | Epoch Time: 1.04s | Spearman@80: 0.7252 | Kendall@80: 0.5384
Epoch 98/150 | Train Loss: 0.0318 | Epoch Time: 1.05s | Spearman@80: 0.7481 | Kendall@80: 0.5580
Epoch 99/150 | Train Loss: 0.0250 | Epoch Time: 1.04s | Spearman@80: 0.7174 | Kendall@80: 0.5320
Epoch 100/150 | Train Loss: 0.0292 | Epoch Time: 1.05s | Spearman@80: 0.7304 | Kendall@80: 0.5403
Epoch 101/150 | Train Loss: 0.0268 | Epoch Time: 1.05s | Spearman@80: 0.7346 | Kendall@80: 0.5403
Epoch 102/150 | Train Loss: 0.0237 | Epoch Time: 1.05s | Spearman@80: 0.7205 | Kendall@80: 0.5314
Epoch 103/150 | Train Loss: 0.0324 | Epoch Time: 1.04s | Spearman@80: 0.7218 | Kendall@80: 0.5314
Epoch 104/150 | Train Loss: 0.0234 | Epoch Time: 1.07s | Spearman@80: 0.7495 | Kendall@80: 0.5631
Epoch 105/150 | Train Loss: 0.0242 | Epoch Time: 1.05s | Spearman@80: 0.7402 | Kendall@80: 0.5510
Epoch 106/150 | Train Loss: 0.0208 | Epoch Time: 1.06s | Spearman@80: 0.7432 | Kendall@80: 0.5555
Epoch 107/150 | Train Loss: 0.0206 | Epoch Time: 1.06s | Spearman@80: 0.7286 | Kendall@80: 0.5447
Epoch 108/150 | Train Loss: 0.0278 | Epoch Time: 1.06s | Spearman@80: 0.7185 | Kendall@80: 0.5346
Epoch 109/150 | Train Loss: 0.0294 | Epoch Time: 1.05s | Spearman@80: 0.7351 | Kendall@80: 0.5460
Epoch 110/150 | Train Loss: 0.0262 | Epoch Time: 1.06s | Spearman@80: 0.7354 | Kendall@80: 0.5485
Epoch 111/150 | Train Loss: 0.0264 | Epoch Time: 1.05s | Spearman@80: 0.7140 | Kendall@80: 0.5308
Epoch 112/150 | Train Loss: 0.0254 | Epoch Time: 1.05s | Spearman@80: 0.7357 | Kendall@80: 0.5523
Epoch 113/150 | Train Loss: 0.0252 | Epoch Time: 1.07s | Spearman@80: 0.7470 | Kendall@80: 0.5580
Epoch 114/150 | Train Loss: 0.0211 | Epoch Time: 1.06s | Spearman@80: 0.7380 | Kendall@80: 0.5587
Epoch 115/150 | Train Loss: 0.0248 | Epoch Time: 1.07s | Spearman@80: 0.7314 | Kendall@80: 0.5472
Epoch 116/150 | Train Loss: 0.0281 | Epoch Time: 1.05s | Spearman@80: 0.7539 | Kendall@80: 0.5663
Epoch 117/150 | Train Loss: 0.0253 | Epoch Time: 1.05s | Spearman@80: 0.7394 | Kendall@80: 0.5593
Epoch 118/150 | Train Loss: 0.0242 | Epoch Time: 1.06s | Spearman@80: 0.7413 | Kendall@80: 0.5599
Epoch 119/150 | Train Loss: 0.0260 | Epoch Time: 1.05s | Spearman@80: 0.7500 | Kendall@80: 0.5669
Epoch 120/150 | Train Loss: 0.0243 | Epoch Time: 1.07s | Spearman@80: 0.7289 | Kendall@80: 0.5491
Epoch 121/150 | Train Loss: 0.0242 | Epoch Time: 1.06s | Spearman@80: 0.7319 | Kendall@80: 0.5536
Epoch 122/150 | Train Loss: 0.0230 | Epoch Time: 1.05s | Spearman@80: 0.7472 | Kendall@80: 0.5669
Epoch 123/150 | Train Loss: 0.0205 | Epoch Time: 1.05s | Spearman@80: 0.7372 | Kendall@80: 0.5580
Epoch 124/150 | Train Loss: 0.0226 | Epoch Time: 1.05s | Spearman@80: 0.7397 | Kendall@80: 0.5580
Epoch 125/150 | Train Loss: 0.0238 | Epoch Time: 1.05s | Spearman@80: 0.7437 | Kendall@80: 0.5618
Epoch 126/150 | Train Loss: 0.0164 | Epoch Time: 1.05s | Spearman@80: 0.7464 | Kendall@80: 0.5625
Epoch 127/150 | Train Loss: 0.0230 | Epoch Time: 1.05s | Spearman@80: 0.7498 | Kendall@80: 0.5675
Epoch 128/150 | Train Loss: 0.0228 | Epoch Time: 1.06s | Spearman@80: 0.7474 | Kendall@80: 0.5637
Epoch 129/150 | Train Loss: 0.0236 | Epoch Time: 1.06s | Spearman@80: 0.7461 | Kendall@80: 0.5644
Epoch 130/150 | Train Loss: 0.0250 | Epoch Time: 1.06s | Spearman@80: 0.7481 | Kendall@80: 0.5656
Epoch 131/150 | Train Loss: 0.0211 | Epoch Time: 1.06s | Spearman@80: 0.7494 | Kendall@80: 0.5675
Epoch 132/150 | Train Loss: 0.0204 | Epoch Time: 1.05s | Spearman@80: 0.7523 | Kendall@80: 0.5707
Epoch 133/150 | Train Loss: 0.0254 | Epoch Time: 1.06s | Spearman@80: 0.7494 | Kendall@80: 0.5656
Epoch 134/150 | Train Loss: 0.0208 | Epoch Time: 1.05s | Spearman@80: 0.7520 | Kendall@80: 0.5669
Epoch 135/150 | Train Loss: 0.0232 | Epoch Time: 1.06s | Spearman@80: 0.7537 | Kendall@80: 0.5739
Epoch 136/150 | Train Loss: 0.0208 | Epoch Time: 1.09s | Spearman@80: 0.7517 | Kendall@80: 0.5688
Epoch 137/150 | Train Loss: 0.0232 | Epoch Time: 1.05s | Spearman@80: 0.7525 | Kendall@80: 0.5688
Epoch 138/150 | Train Loss: 0.0203 | Epoch Time: 1.05s | Spearman@80: 0.7512 | Kendall@80: 0.5713
Epoch 139/150 | Train Loss: 0.0225 | Epoch Time: 1.05s | Spearman@80: 0.7448 | Kendall@80: 0.5618
Epoch 140/150 | Train Loss: 0.0194 | Epoch Time: 1.05s | Spearman@80: 0.7468 | Kendall@80: 0.5650
Epoch 141/150 | Train Loss: 0.0230 | Epoch Time: 1.05s | Spearman@80: 0.7453 | Kendall@80: 0.5631
Epoch 142/150 | Train Loss: 0.0218 | Epoch Time: 1.05s | Spearman@80: 0.7515 | Kendall@80: 0.5726
Epoch 143/150 | Train Loss: 0.0217 | Epoch Time: 1.05s | Spearman@80: 0.7471 | Kendall@80: 0.5612
Epoch 144/150 | Train Loss: 0.0193 | Epoch Time: 1.04s | Spearman@80: 0.7495 | Kendall@80: 0.5669
Epoch 145/150 | Train Loss: 0.0186 | Epoch Time: 1.04s | Spearman@80: 0.7490 | Kendall@80: 0.5682
Epoch 146/150 | Train Loss: 0.0214 | Epoch Time: 1.05s | Spearman@80: 0.7474 | Kendall@80: 0.5669
Epoch 147/150 | Train Loss: 0.0218 | Epoch Time: 2.08s | Spearman@4870: 0.6818 | Kendall@4870: 0.4957
Epoch 148/150 | Train Loss: 0.0240 | Epoch Time: 1.82s | Spearman@4870: 0.6804 | Kendall@4870: 0.4941
Epoch 149/150 | Train Loss: 0.0235 | Epoch Time: 1.84s | Spearman@4870: 0.6870 | Kendall@4870: 0.5004
Epoch 150/150 | Train Loss: 0.0210 | Epoch Time: 1.83s | Spearman@4870: 0.6900 | Kendall@4870: 0.5034
Sample Count: 128, Spearman: 0.6847969464711416, Kendall: 0.4984240183917509
{64: (0.5262894324031948, 0.3677509183593318),
 128: (0.6847969464711416, 0.4984240183917509)}
Epoch 1/150 | Train Loss: 0.0998 | Epoch Time: 0.46s | Spearman@80: 0.5777 | Kendall@80: 0.4190
Epoch 2/150 | Train Loss: 0.0925 | Epoch Time: 0.46s | Spearman@80: 0.4962 | Kendall@80: 0.3443
Epoch 3/150 | Train Loss: 0.0807 | Epoch Time: 0.46s | Spearman@80: 0.5362 | Kendall@80: 0.3721
Epoch 4/150 | Train Loss: 0.0685 | Epoch Time: 0.46s | Spearman@80: 0.6614 | Kendall@80: 0.4849
Epoch 5/150 | Train Loss: 0.0615 | Epoch Time: 0.47s | Spearman@80: 0.6759 | Kendall@80: 0.4950
Epoch 6/150 | Train Loss: 0.0577 | Epoch Time: 0.46s | Spearman@80: 0.7212 | Kendall@80: 0.5343
Epoch 7/150 | Train Loss: 0.0568 | Epoch Time: 0.47s | Spearman@80: 0.7331 | Kendall@80: 0.5457
Epoch 8/150 | Train Loss: 0.0536 | Epoch Time: 0.46s | Spearman@80: 0.7348 | Kendall@80: 0.5457
Epoch 9/150 | Train Loss: 0.0455 | Epoch Time: 0.48s | Spearman@80: 0.7894 | Kendall@80: 0.5793
Epoch 10/150 | Train Loss: 0.0488 | Epoch Time: 0.48s | Spearman@80: 0.7604 | Kendall@80: 0.5609
Epoch 11/150 | Train Loss: 0.0458 | Epoch Time: 0.47s | Spearman@80: 0.7320 | Kendall@80: 0.5375
Epoch 12/150 | Train Loss: 0.0515 | Epoch Time: 0.47s | Spearman@80: 0.7567 | Kendall@80: 0.5628
Epoch 13/150 | Train Loss: 0.0381 | Epoch Time: 0.48s | Spearman@80: 0.7306 | Kendall@80: 0.5368
Epoch 14/150 | Train Loss: 0.0533 | Epoch Time: 0.50s | Spearman@80: 0.7640 | Kendall@80: 0.5596
Epoch 15/150 | Train Loss: 0.0427 | Epoch Time: 0.48s | Spearman@80: 0.7365 | Kendall@80: 0.5584
Epoch 16/150 | Train Loss: 0.0389 | Epoch Time: 0.48s | Spearman@80: 0.7141 | Kendall@80: 0.5159
Epoch 17/150 | Train Loss: 0.0348 | Epoch Time: 0.48s | Spearman@80: 0.6613 | Kendall@80: 0.4659
Epoch 18/150 | Train Loss: 0.0431 | Epoch Time: 0.47s | Spearman@80: 0.6337 | Kendall@80: 0.4545
Epoch 19/150 | Train Loss: 0.0516 | Epoch Time: 0.48s | Spearman@80: 0.6467 | Kendall@80: 0.4798
Epoch 20/150 | Train Loss: 0.0551 | Epoch Time: 0.47s | Spearman@80: 0.6587 | Kendall@80: 0.4912
Epoch 21/150 | Train Loss: 0.0475 | Epoch Time: 0.47s | Spearman@80: 0.5980 | Kendall@80: 0.4304
Epoch 22/150 | Train Loss: 0.0420 | Epoch Time: 0.47s | Spearman@80: 0.6706 | Kendall@80: 0.4988
Epoch 23/150 | Train Loss: 0.0459 | Epoch Time: 0.48s | Spearman@80: 0.6802 | Kendall@80: 0.5039
Epoch 24/150 | Train Loss: 0.0405 | Epoch Time: 0.48s | Spearman@80: 0.6944 | Kendall@80: 0.5058
Epoch 25/150 | Train Loss: 0.0407 | Epoch Time: 0.48s | Spearman@80: 0.6618 | Kendall@80: 0.4760
Epoch 26/150 | Train Loss: 0.0405 | Epoch Time: 0.48s | Spearman@80: 0.6484 | Kendall@80: 0.4728
Epoch 27/150 | Train Loss: 0.0310 | Epoch Time: 0.48s | Spearman@80: 0.6122 | Kendall@80: 0.4469
Epoch 28/150 | Train Loss: 0.0354 | Epoch Time: 0.48s | Spearman@80: 0.5783 | Kendall@80: 0.4196
Epoch 29/150 | Train Loss: 0.0366 | Epoch Time: 0.48s | Spearman@80: 0.5113 | Kendall@80: 0.3588
Epoch 30/150 | Train Loss: 0.0402 | Epoch Time: 0.48s | Spearman@80: 0.5478 | Kendall@80: 0.3943
Epoch 31/150 | Train Loss: 0.0266 | Epoch Time: 0.48s | Spearman@80: 0.5959 | Kendall@80: 0.4279
Epoch 32/150 | Train Loss: 0.0339 | Epoch Time: 0.48s | Spearman@80: 0.6269 | Kendall@80: 0.4393
Epoch 33/150 | Train Loss: 0.0341 | Epoch Time: 0.47s | Spearman@80: 0.5681 | Kendall@80: 0.4006
Epoch 34/150 | Train Loss: 0.0351 | Epoch Time: 0.47s | Spearman@80: 0.6063 | Kendall@80: 0.4348
Epoch 35/150 | Train Loss: 0.0386 | Epoch Time: 0.48s | Spearman@80: 0.5979 | Kendall@80: 0.4304
Epoch 36/150 | Train Loss: 0.0294 | Epoch Time: 0.48s | Spearman@80: 0.6283 | Kendall@80: 0.4488
Epoch 37/150 | Train Loss: 0.0262 | Epoch Time: 0.47s | Spearman@80: 0.5921 | Kendall@80: 0.4165
Epoch 38/150 | Train Loss: 0.0374 | Epoch Time: 0.47s | Spearman@80: 0.6034 | Kendall@80: 0.4234
Epoch 39/150 | Train Loss: 0.0321 | Epoch Time: 0.47s | Spearman@80: 0.5869 | Kendall@80: 0.4133
Epoch 40/150 | Train Loss: 0.0267 | Epoch Time: 0.47s | Spearman@80: 0.5745 | Kendall@80: 0.4044
Epoch 41/150 | Train Loss: 0.0424 | Epoch Time: 0.47s | Spearman@80: 0.5842 | Kendall@80: 0.4101
Epoch 42/150 | Train Loss: 0.0348 | Epoch Time: 0.47s | Spearman@80: 0.5089 | Kendall@80: 0.3721
Epoch 43/150 | Train Loss: 0.0298 | Epoch Time: 0.47s | Spearman@80: 0.5701 | Kendall@80: 0.4171
Epoch 44/150 | Train Loss: 0.0339 | Epoch Time: 0.48s | Spearman@80: 0.5779 | Kendall@80: 0.4013
Epoch 45/150 | Train Loss: 0.0380 | Epoch Time: 0.48s | Spearman@80: 0.5956 | Kendall@80: 0.4336
Epoch 46/150 | Train Loss: 0.0301 | Epoch Time: 0.47s | Spearman@80: 0.5682 | Kendall@80: 0.4076
Epoch 47/150 | Train Loss: 0.0288 | Epoch Time: 0.47s | Spearman@80: 0.5531 | Kendall@80: 0.3899
Epoch 48/150 | Train Loss: 0.0364 | Epoch Time: 0.47s | Spearman@80: 0.6000 | Kendall@80: 0.4241
Epoch 49/150 | Train Loss: 0.0323 | Epoch Time: 0.47s | Spearman@80: 0.6128 | Kendall@80: 0.4348
Epoch 50/150 | Train Loss: 0.0339 | Epoch Time: 0.48s | Spearman@80: 0.6093 | Kendall@80: 0.4374
Epoch 51/150 | Train Loss: 0.0255 | Epoch Time: 0.49s | Spearman@80: 0.6282 | Kendall@80: 0.4450
Epoch 52/150 | Train Loss: 0.0276 | Epoch Time: 0.48s | Spearman@80: 0.6062 | Kendall@80: 0.4317
Epoch 53/150 | Train Loss: 0.0290 | Epoch Time: 0.47s | Spearman@80: 0.5729 | Kendall@80: 0.4177
Epoch 54/150 | Train Loss: 0.0251 | Epoch Time: 0.47s | Spearman@80: 0.5329 | Kendall@80: 0.3740
Epoch 55/150 | Train Loss: 0.0345 | Epoch Time: 0.47s | Spearman@80: 0.5995 | Kendall@80: 0.4272
Epoch 56/150 | Train Loss: 0.0364 | Epoch Time: 0.47s | Spearman@80: 0.6167 | Kendall@80: 0.4526
Epoch 57/150 | Train Loss: 0.0329 | Epoch Time: 0.49s | Spearman@80: 0.5794 | Kendall@80: 0.4209
Epoch 58/150 | Train Loss: 0.0285 | Epoch Time: 0.49s | Spearman@80: 0.5387 | Kendall@80: 0.3835
Epoch 59/150 | Train Loss: 0.0283 | Epoch Time: 0.48s | Spearman@80: 0.5969 | Kendall@80: 0.4291
Epoch 60/150 | Train Loss: 0.0262 | Epoch Time: 0.49s | Spearman@80: 0.6308 | Kendall@80: 0.4500
Epoch 61/150 | Train Loss: 0.0287 | Epoch Time: 0.48s | Spearman@80: 0.5998 | Kendall@80: 0.4329
Epoch 62/150 | Train Loss: 0.0309 | Epoch Time: 0.47s | Spearman@80: 0.6010 | Kendall@80: 0.4374
Epoch 63/150 | Train Loss: 0.0254 | Epoch Time: 0.48s | Spearman@80: 0.6155 | Kendall@80: 0.4399
Epoch 64/150 | Train Loss: 0.0243 | Epoch Time: 0.49s | Spearman@80: 0.5791 | Kendall@80: 0.4108
Epoch 65/150 | Train Loss: 0.0231 | Epoch Time: 0.48s | Spearman@80: 0.5476 | Kendall@80: 0.3899
Epoch 66/150 | Train Loss: 0.0219 | Epoch Time: 0.48s | Spearman@80: 0.5316 | Kendall@80: 0.3848
Epoch 67/150 | Train Loss: 0.0280 | Epoch Time: 0.47s | Spearman@80: 0.5574 | Kendall@80: 0.4038
Epoch 68/150 | Train Loss: 0.0305 | Epoch Time: 0.48s | Spearman@80: 0.5384 | Kendall@80: 0.3873
Epoch 69/150 | Train Loss: 0.0305 | Epoch Time: 0.47s | Spearman@80: 0.5235 | Kendall@80: 0.3721
Epoch 70/150 | Train Loss: 0.0382 | Epoch Time: 0.48s | Spearman@80: 0.5420 | Kendall@80: 0.3848
Epoch 71/150 | Train Loss: 0.0312 | Epoch Time: 0.48s | Spearman@80: 0.5963 | Kendall@80: 0.4310
Epoch 72/150 | Train Loss: 0.0233 | Epoch Time: 0.48s | Spearman@80: 0.5825 | Kendall@80: 0.4127
Epoch 73/150 | Train Loss: 0.0268 | Epoch Time: 0.48s | Spearman@80: 0.5797 | Kendall@80: 0.4114
Epoch 74/150 | Train Loss: 0.0219 | Epoch Time: 0.48s | Spearman@80: 0.5574 | Kendall@80: 0.4013
Epoch 75/150 | Train Loss: 0.0268 | Epoch Time: 0.48s | Spearman@80: 0.5510 | Kendall@80: 0.3880
Epoch 76/150 | Train Loss: 0.0232 | Epoch Time: 0.48s | Spearman@80: 0.5401 | Kendall@80: 0.3892
Epoch 77/150 | Train Loss: 0.0179 | Epoch Time: 0.48s | Spearman@80: 0.5264 | Kendall@80: 0.3797
Epoch 78/150 | Train Loss: 0.0198 | Epoch Time: 0.48s | Spearman@80: 0.5184 | Kendall@80: 0.3702
Epoch 79/150 | Train Loss: 0.0168 | Epoch Time: 0.47s | Spearman@80: 0.4696 | Kendall@80: 0.3316
Epoch 80/150 | Train Loss: 0.0166 | Epoch Time: 0.48s | Spearman@80: 0.4688 | Kendall@80: 0.3278
Epoch 81/150 | Train Loss: 0.0247 | Epoch Time: 0.47s | Spearman@80: 0.5064 | Kendall@80: 0.3531
Epoch 82/150 | Train Loss: 0.0196 | Epoch Time: 0.46s | Spearman@80: 0.5373 | Kendall@80: 0.3778
Epoch 83/150 | Train Loss: 0.0204 | Epoch Time: 0.46s | Spearman@80: 0.5211 | Kendall@80: 0.3626
Epoch 84/150 | Train Loss: 0.0220 | Epoch Time: 0.46s | Spearman@80: 0.5825 | Kendall@80: 0.4177
Epoch 85/150 | Train Loss: 0.0236 | Epoch Time: 0.46s | Spearman@80: 0.5748 | Kendall@80: 0.4260
Epoch 86/150 | Train Loss: 0.0245 | Epoch Time: 0.46s | Spearman@80: 0.5637 | Kendall@80: 0.4146
Epoch 87/150 | Train Loss: 0.0263 | Epoch Time: 0.46s | Spearman@80: 0.5364 | Kendall@80: 0.3797
Epoch 88/150 | Train Loss: 0.0262 | Epoch Time: 0.46s | Spearman@80: 0.5541 | Kendall@80: 0.3956
Epoch 89/150 | Train Loss: 0.0195 | Epoch Time: 0.46s | Spearman@80: 0.5684 | Kendall@80: 0.4127
Epoch 90/150 | Train Loss: 0.0149 | Epoch Time: 0.46s | Spearman@80: 0.5882 | Kendall@80: 0.4215
Epoch 91/150 | Train Loss: 0.0195 | Epoch Time: 0.46s | Spearman@80: 0.5982 | Kendall@80: 0.4291
Epoch 92/150 | Train Loss: 0.0162 | Epoch Time: 0.46s | Spearman@80: 0.5874 | Kendall@80: 0.4209
Epoch 93/150 | Train Loss: 0.0167 | Epoch Time: 0.46s | Spearman@80: 0.5888 | Kendall@80: 0.4247
Epoch 94/150 | Train Loss: 0.0238 | Epoch Time: 0.46s | Spearman@80: 0.5543 | Kendall@80: 0.3978
Epoch 95/150 | Train Loss: 0.0198 | Epoch Time: 0.47s | Spearman@80: 0.5323 | Kendall@80: 0.3829
Epoch 96/150 | Train Loss: 0.0240 | Epoch Time: 0.46s | Spearman@80: 0.5442 | Kendall@80: 0.3880
Epoch 97/150 | Train Loss: 0.0155 | Epoch Time: 0.46s | Spearman@80: 0.5542 | Kendall@80: 0.3886
Epoch 98/150 | Train Loss: 0.0140 | Epoch Time: 0.46s | Spearman@80: 0.5615 | Kendall@80: 0.3962
Epoch 99/150 | Train Loss: 0.0189 | Epoch Time: 0.46s | Spearman@80: 0.5719 | Kendall@80: 0.4082
Epoch 100/150 | Train Loss: 0.0204 | Epoch Time: 0.46s | Spearman@80: 0.5544 | Kendall@80: 0.4025
Epoch 101/150 | Train Loss: 0.0139 | Epoch Time: 0.46s | Spearman@80: 0.5341 | Kendall@80: 0.3848
Epoch 102/150 | Train Loss: 0.0205 | Epoch Time: 0.46s | Spearman@80: 0.5367 | Kendall@80: 0.3848
Epoch 103/150 | Train Loss: 0.0099 | Epoch Time: 0.46s | Spearman@80: 0.5657 | Kendall@80: 0.4044
Epoch 104/150 | Train Loss: 0.0195 | Epoch Time: 0.46s | Spearman@80: 0.5759 | Kendall@80: 0.4114
Epoch 105/150 | Train Loss: 0.0131 | Epoch Time: 0.46s | Spearman@80: 0.5736 | Kendall@80: 0.4108
Epoch 106/150 | Train Loss: 0.0194 | Epoch Time: 0.46s | Spearman@80: 0.5625 | Kendall@80: 0.4013
Epoch 107/150 | Train Loss: 0.0127 | Epoch Time: 0.46s | Spearman@80: 0.5442 | Kendall@80: 0.3918
Epoch 108/150 | Train Loss: 0.0163 | Epoch Time: 0.46s | Spearman@80: 0.5457 | Kendall@80: 0.3829
Epoch 109/150 | Train Loss: 0.0153 | Epoch Time: 0.46s | Spearman@80: 0.5621 | Kendall@80: 0.4063
Epoch 110/150 | Train Loss: 0.0222 | Epoch Time: 0.46s | Spearman@80: 0.5801 | Kendall@80: 0.4152
Epoch 111/150 | Train Loss: 0.0180 | Epoch Time: 0.46s | Spearman@80: 0.5558 | Kendall@80: 0.4013
Epoch 112/150 | Train Loss: 0.0144 | Epoch Time: 0.46s | Spearman@80: 0.5353 | Kendall@80: 0.3823
Epoch 113/150 | Train Loss: 0.0162 | Epoch Time: 0.46s | Spearman@80: 0.5504 | Kendall@80: 0.4006
Epoch 114/150 | Train Loss: 0.0200 | Epoch Time: 0.46s | Spearman@80: 0.5668 | Kendall@80: 0.4127
Epoch 115/150 | Train Loss: 0.0147 | Epoch Time: 0.46s | Spearman@80: 0.5758 | Kendall@80: 0.4152
Epoch 116/150 | Train Loss: 0.0138 | Epoch Time: 0.46s | Spearman@80: 0.5653 | Kendall@80: 0.4089
Epoch 117/150 | Train Loss: 0.0167 | Epoch Time: 0.46s | Spearman@80: 0.5873 | Kendall@80: 0.4234
Epoch 118/150 | Train Loss: 0.0154 | Epoch Time: 0.46s | Spearman@80: 0.5806 | Kendall@80: 0.4196
Epoch 119/150 | Train Loss: 0.0133 | Epoch Time: 0.46s | Spearman@80: 0.5713 | Kendall@80: 0.4108
Epoch 120/150 | Train Loss: 0.0161 | Epoch Time: 0.46s | Spearman@80: 0.5633 | Kendall@80: 0.4044
Epoch 121/150 | Train Loss: 0.0079 | Epoch Time: 0.46s | Spearman@80: 0.5677 | Kendall@80: 0.4076
Epoch 122/150 | Train Loss: 0.0123 | Epoch Time: 0.46s | Spearman@80: 0.5624 | Kendall@80: 0.4063
Epoch 123/150 | Train Loss: 0.0115 | Epoch Time: 0.46s | Spearman@80: 0.5689 | Kendall@80: 0.4076
Epoch 124/150 | Train Loss: 0.0126 | Epoch Time: 0.46s | Spearman@80: 0.5683 | Kendall@80: 0.4057
Epoch 125/150 | Train Loss: 0.0156 | Epoch Time: 0.46s | Spearman@80: 0.5595 | Kendall@80: 0.3987
Epoch 126/150 | Train Loss: 0.0175 | Epoch Time: 0.46s | Spearman@80: 0.5689 | Kendall@80: 0.4108
Epoch 127/150 | Train Loss: 0.0160 | Epoch Time: 0.46s | Spearman@80: 0.5694 | Kendall@80: 0.4133
Epoch 128/150 | Train Loss: 0.0116 | Epoch Time: 0.46s | Spearman@80: 0.5811 | Kendall@80: 0.4215
Epoch 129/150 | Train Loss: 0.0137 | Epoch Time: 0.46s | Spearman@80: 0.5758 | Kendall@80: 0.4158
Epoch 130/150 | Train Loss: 0.0114 | Epoch Time: 0.46s | Spearman@80: 0.5722 | Kendall@80: 0.4127
Epoch 131/150 | Train Loss: 0.0128 | Epoch Time: 0.46s | Spearman@80: 0.5666 | Kendall@80: 0.4063
Epoch 132/150 | Train Loss: 0.0117 | Epoch Time: 0.46s | Spearman@80: 0.5558 | Kendall@80: 0.3987
Epoch 133/150 | Train Loss: 0.0159 | Epoch Time: 0.46s | Spearman@80: 0.5652 | Kendall@80: 0.4032
Epoch 134/150 | Train Loss: 0.0095 | Epoch Time: 0.46s | Spearman@80: 0.5664 | Kendall@80: 0.4082
Epoch 135/150 | Train Loss: 0.0145 | Epoch Time: 0.46s | Spearman@80: 0.5677 | Kendall@80: 0.4070
Epoch 136/150 | Train Loss: 0.0109 | Epoch Time: 0.47s | Spearman@80: 0.5641 | Kendall@80: 0.4051
Epoch 137/150 | Train Loss: 0.0186 | Epoch Time: 0.48s | Spearman@80: 0.5709 | Kendall@80: 0.4139
Epoch 138/150 | Train Loss: 0.0131 | Epoch Time: 0.47s | Spearman@80: 0.5648 | Kendall@80: 0.4076
Epoch 139/150 | Train Loss: 0.0131 | Epoch Time: 0.48s | Spearman@80: 0.5583 | Kendall@80: 0.4057
Epoch 140/150 | Train Loss: 0.0116 | Epoch Time: 0.47s | Spearman@80: 0.5576 | Kendall@80: 0.4044
Epoch 141/150 | Train Loss: 0.0143 | Epoch Time: 0.47s | Spearman@80: 0.5635 | Kendall@80: 0.4063
Epoch 142/150 | Train Loss: 0.0101 | Epoch Time: 0.47s | Spearman@80: 0.5675 | Kendall@80: 0.4082
Epoch 143/150 | Train Loss: 0.0094 | Epoch Time: 0.47s | Spearman@80: 0.5562 | Kendall@80: 0.3987
Epoch 144/150 | Train Loss: 0.0115 | Epoch Time: 0.48s | Spearman@80: 0.5643 | Kendall@80: 0.4044
Epoch 145/150 | Train Loss: 0.0096 | Epoch Time: 0.47s | Spearman@80: 0.5580 | Kendall@80: 0.3994
Epoch 146/150 | Train Loss: 0.0159 | Epoch Time: 0.47s | Spearman@80: 0.5661 | Kendall@80: 0.4101
Epoch 147/150 | Train Loss: 0.0110 | Epoch Time: 1.47s | Spearman@4934: 0.5415 | Kendall@4934: 0.3784
Epoch 148/150 | Train Loss: 0.0147 | Epoch Time: 1.47s | Spearman@4934: 0.5436 | Kendall@4934: 0.3799
Epoch 149/150 | Train Loss: 0.0118 | Epoch Time: 1.47s | Spearman@4934: 0.5442 | Kendall@4934: 0.3803
Epoch 150/150 | Train Loss: 0.0195 | Epoch Time: 1.48s | Spearman@4934: 0.5433 | Kendall@4934: 0.3798
Sample Count: 64, Spearman: 0.5431607876227116, Kendall: 0.3795843535818094
{64: (0.5431607876227116, 0.3795843535818094),
 128: (0.6847969464711416, 0.4984240183917509)}
Epoch 1/150 | Train Loss: 0.0977 | Epoch Time: 0.93s | Spearman@80: 0.4798 | Kendall@80: 0.3288
Epoch 2/150 | Train Loss: 0.0930 | Epoch Time: 0.93s | Spearman@80: 0.4070 | Kendall@80: 0.2813
Epoch 3/150 | Train Loss: 0.0716 | Epoch Time: 0.92s | Spearman@80: 0.6237 | Kendall@80: 0.4631
Epoch 4/150 | Train Loss: 0.0608 | Epoch Time: 0.93s | Spearman@80: 0.6276 | Kendall@80: 0.4568
Epoch 5/150 | Train Loss: 0.0567 | Epoch Time: 0.94s | Spearman@80: 0.5718 | Kendall@80: 0.4207
Epoch 6/150 | Train Loss: 0.0514 | Epoch Time: 0.93s | Spearman@80: 0.5647 | Kendall@80: 0.4175
Epoch 7/150 | Train Loss: 0.0583 | Epoch Time: 0.93s | Spearman@80: 0.5893 | Kendall@80: 0.4219
Epoch 8/150 | Train Loss: 0.0488 | Epoch Time: 0.93s | Spearman@80: 0.5892 | Kendall@80: 0.4314
Epoch 9/150 | Train Loss: 0.0541 | Epoch Time: 0.93s | Spearman@80: 0.5720 | Kendall@80: 0.4143
Epoch 10/150 | Train Loss: 0.0609 | Epoch Time: 0.93s | Spearman@80: 0.5740 | Kendall@80: 0.4086
Epoch 11/150 | Train Loss: 0.0549 | Epoch Time: 0.94s | Spearman@80: 0.6091 | Kendall@80: 0.4422
Epoch 12/150 | Train Loss: 0.0559 | Epoch Time: 0.93s | Spearman@80: 0.5343 | Kendall@80: 0.3826
Epoch 13/150 | Train Loss: 0.0545 | Epoch Time: 0.93s | Spearman@80: 0.6306 | Kendall@80: 0.4587
Epoch 14/150 | Train Loss: 0.0574 | Epoch Time: 0.93s | Spearman@80: 0.5937 | Kendall@80: 0.4283
Epoch 15/150 | Train Loss: 0.0489 | Epoch Time: 0.92s | Spearman@80: 0.6047 | Kendall@80: 0.4219
Epoch 16/150 | Train Loss: 0.0437 | Epoch Time: 0.93s | Spearman@80: 0.5573 | Kendall@80: 0.4035
Epoch 17/150 | Train Loss: 0.0489 | Epoch Time: 0.93s | Spearman@80: 0.5698 | Kendall@80: 0.4029
Epoch 18/150 | Train Loss: 0.0524 | Epoch Time: 0.95s | Spearman@80: 0.5754 | Kendall@80: 0.4162
Epoch 19/150 | Train Loss: 0.0494 | Epoch Time: 0.94s | Spearman@80: 0.5973 | Kendall@80: 0.4321
Epoch 20/150 | Train Loss: 0.0399 | Epoch Time: 0.93s | Spearman@80: 0.5896 | Kendall@80: 0.4251
Epoch 21/150 | Train Loss: 0.0497 | Epoch Time: 0.93s | Spearman@80: 0.6127 | Kendall@80: 0.4365
Epoch 22/150 | Train Loss: 0.0526 | Epoch Time: 0.93s | Spearman@80: 0.6131 | Kendall@80: 0.4460
Epoch 23/150 | Train Loss: 0.0461 | Epoch Time: 0.95s | Spearman@80: 0.5924 | Kendall@80: 0.4200
Epoch 24/150 | Train Loss: 0.0485 | Epoch Time: 0.93s | Spearman@80: 0.5653 | Kendall@80: 0.4099
Epoch 25/150 | Train Loss: 0.0495 | Epoch Time: 0.92s | Spearman@80: 0.6176 | Kendall@80: 0.4523
Epoch 26/150 | Train Loss: 0.0418 | Epoch Time: 0.91s | Spearman@80: 0.4726 | Kendall@80: 0.3256
Epoch 27/150 | Train Loss: 0.0555 | Epoch Time: 0.91s | Spearman@80: 0.5768 | Kendall@80: 0.4061
Epoch 28/150 | Train Loss: 0.0457 | Epoch Time: 0.90s | Spearman@80: 0.5329 | Kendall@80: 0.3649
Epoch 29/150 | Train Loss: 0.0507 | Epoch Time: 0.90s | Spearman@80: 0.5787 | Kendall@80: 0.4213
Epoch 30/150 | Train Loss: 0.0436 | Epoch Time: 0.90s | Spearman@80: 0.5548 | Kendall@80: 0.3896
Epoch 31/150 | Train Loss: 0.0420 | Epoch Time: 0.90s | Spearman@80: 0.5375 | Kendall@80: 0.3782
Epoch 32/150 | Train Loss: 0.0401 | Epoch Time: 0.90s | Spearman@80: 0.5996 | Kendall@80: 0.4327
Epoch 33/150 | Train Loss: 0.0447 | Epoch Time: 0.96s | Spearman@80: 0.5238 | Kendall@80: 0.3617
Epoch 34/150 | Train Loss: 0.0466 | Epoch Time: 1.04s | Spearman@80: 0.5753 | Kendall@80: 0.4226
Epoch 35/150 | Train Loss: 0.0454 | Epoch Time: 1.04s | Spearman@80: 0.5407 | Kendall@80: 0.3826
Epoch 36/150 | Train Loss: 0.0419 | Epoch Time: 1.06s | Spearman@80: 0.5479 | Kendall@80: 0.3877
Epoch 37/150 | Train Loss: 0.0460 | Epoch Time: 1.05s | Spearman@80: 0.5800 | Kendall@80: 0.4080
Epoch 38/150 | Train Loss: 0.0406 | Epoch Time: 1.04s | Spearman@80: 0.6131 | Kendall@80: 0.4378
Epoch 39/150 | Train Loss: 0.0436 | Epoch Time: 1.04s | Spearman@80: 0.5846 | Kendall@80: 0.4099
Epoch 40/150 | Train Loss: 0.0441 | Epoch Time: 1.04s | Spearman@80: 0.5892 | Kendall@80: 0.4194
Epoch 41/150 | Train Loss: 0.0433 | Epoch Time: 1.05s | Spearman@80: 0.5770 | Kendall@80: 0.4112
Epoch 42/150 | Train Loss: 0.0378 | Epoch Time: 1.04s | Spearman@80: 0.6001 | Kendall@80: 0.4384
Epoch 43/150 | Train Loss: 0.0390 | Epoch Time: 1.05s | Spearman@80: 0.5799 | Kendall@80: 0.4188
Epoch 44/150 | Train Loss: 0.0445 | Epoch Time: 1.05s | Spearman@80: 0.5178 | Kendall@80: 0.3693
Epoch 45/150 | Train Loss: 0.0391 | Epoch Time: 1.04s | Spearman@80: 0.4888 | Kendall@80: 0.3301
Epoch 46/150 | Train Loss: 0.0403 | Epoch Time: 1.04s | Spearman@80: 0.5886 | Kendall@80: 0.4245
Epoch 47/150 | Train Loss: 0.0359 | Epoch Time: 1.05s | Spearman@80: 0.5363 | Kendall@80: 0.3681
Epoch 48/150 | Train Loss: 0.0433 | Epoch Time: 1.05s | Spearman@80: 0.6022 | Kendall@80: 0.4416
Epoch 49/150 | Train Loss: 0.0350 | Epoch Time: 1.04s | Spearman@80: 0.5665 | Kendall@80: 0.3953
Epoch 50/150 | Train Loss: 0.0364 | Epoch Time: 1.04s | Spearman@80: 0.5415 | Kendall@80: 0.3883
Epoch 51/150 | Train Loss: 0.0398 | Epoch Time: 1.05s | Spearman@80: 0.5216 | Kendall@80: 0.3744
Epoch 52/150 | Train Loss: 0.0369 | Epoch Time: 1.06s | Spearman@80: 0.5590 | Kendall@80: 0.3934
Epoch 53/150 | Train Loss: 0.0355 | Epoch Time: 1.05s | Spearman@80: 0.5434 | Kendall@80: 0.3833
Epoch 54/150 | Train Loss: 0.0386 | Epoch Time: 1.05s | Spearman@80: 0.5746 | Kendall@80: 0.4023
Epoch 55/150 | Train Loss: 0.0287 | Epoch Time: 1.05s | Spearman@80: 0.5571 | Kendall@80: 0.3947
Epoch 56/150 | Train Loss: 0.0407 | Epoch Time: 1.05s | Spearman@80: 0.5993 | Kendall@80: 0.4340
Epoch 57/150 | Train Loss: 0.0317 | Epoch Time: 1.06s | Spearman@80: 0.4827 | Kendall@80: 0.3275
Epoch 58/150 | Train Loss: 0.0375 | Epoch Time: 1.05s | Spearman@80: 0.5270 | Kendall@80: 0.3643
Epoch 59/150 | Train Loss: 0.0351 | Epoch Time: 1.05s | Spearman@80: 0.5631 | Kendall@80: 0.3864
Epoch 60/150 | Train Loss: 0.0287 | Epoch Time: 1.05s | Spearman@80: 0.5844 | Kendall@80: 0.4169
Epoch 61/150 | Train Loss: 0.0362 | Epoch Time: 1.06s | Spearman@80: 0.5785 | Kendall@80: 0.4048
Epoch 62/150 | Train Loss: 0.0389 | Epoch Time: 1.07s | Spearman@80: 0.5773 | Kendall@80: 0.4086
Epoch 63/150 | Train Loss: 0.0337 | Epoch Time: 1.07s | Spearman@80: 0.6192 | Kendall@80: 0.4409
Epoch 64/150 | Train Loss: 0.0283 | Epoch Time: 1.06s | Spearman@80: 0.5604 | Kendall@80: 0.3997
Epoch 65/150 | Train Loss: 0.0285 | Epoch Time: 1.06s | Spearman@80: 0.5463 | Kendall@80: 0.3820
Epoch 66/150 | Train Loss: 0.0301 | Epoch Time: 1.06s | Spearman@80: 0.5828 | Kendall@80: 0.4131
Epoch 67/150 | Train Loss: 0.0330 | Epoch Time: 1.07s | Spearman@80: 0.5265 | Kendall@80: 0.3757
Epoch 68/150 | Train Loss: 0.0444 | Epoch Time: 1.06s | Spearman@80: 0.5306 | Kendall@80: 0.3801
Epoch 69/150 | Train Loss: 0.0311 | Epoch Time: 1.06s | Spearman@80: 0.5367 | Kendall@80: 0.3820
Epoch 70/150 | Train Loss: 0.0313 | Epoch Time: 1.07s | Spearman@80: 0.5299 | Kendall@80: 0.3693
Epoch 71/150 | Train Loss: 0.0313 | Epoch Time: 1.06s | Spearman@80: 0.4800 | Kendall@80: 0.3282
Epoch 72/150 | Train Loss: 0.0287 | Epoch Time: 1.06s | Spearman@80: 0.4967 | Kendall@80: 0.3440
Epoch 73/150 | Train Loss: 0.0268 | Epoch Time: 1.07s | Spearman@80: 0.4853 | Kendall@80: 0.3326
Epoch 74/150 | Train Loss: 0.0245 | Epoch Time: 1.06s | Spearman@80: 0.5723 | Kendall@80: 0.4048
Epoch 75/150 | Train Loss: 0.0290 | Epoch Time: 1.06s | Spearman@80: 0.5855 | Kendall@80: 0.4238
Epoch 76/150 | Train Loss: 0.0303 | Epoch Time: 1.06s | Spearman@80: 0.6251 | Kendall@80: 0.4466
Epoch 77/150 | Train Loss: 0.0332 | Epoch Time: 1.06s | Spearman@80: 0.5916 | Kendall@80: 0.4118
Epoch 78/150 | Train Loss: 0.0279 | Epoch Time: 1.06s | Spearman@80: 0.5886 | Kendall@80: 0.4245
Epoch 79/150 | Train Loss: 0.0279 | Epoch Time: 1.06s | Spearman@80: 0.5731 | Kendall@80: 0.4092
Epoch 80/150 | Train Loss: 0.0366 | Epoch Time: 1.06s | Spearman@80: 0.5962 | Kendall@80: 0.4302
Epoch 81/150 | Train Loss: 0.0267 | Epoch Time: 1.06s | Spearman@80: 0.5671 | Kendall@80: 0.3909
Epoch 82/150 | Train Loss: 0.0233 | Epoch Time: 1.06s | Spearman@80: 0.5891 | Kendall@80: 0.4169
Epoch 83/150 | Train Loss: 0.0267 | Epoch Time: 1.06s | Spearman@80: 0.5847 | Kendall@80: 0.4162
Epoch 84/150 | Train Loss: 0.0257 | Epoch Time: 1.06s | Spearman@80: 0.6116 | Kendall@80: 0.4346
Epoch 85/150 | Train Loss: 0.0302 | Epoch Time: 1.05s | Spearman@80: 0.5926 | Kendall@80: 0.4226
Epoch 86/150 | Train Loss: 0.0257 | Epoch Time: 1.05s | Spearman@80: 0.5959 | Kendall@80: 0.4245
Epoch 87/150 | Train Loss: 0.0312 | Epoch Time: 1.05s | Spearman@80: 0.5783 | Kendall@80: 0.4061
Epoch 88/150 | Train Loss: 0.0278 | Epoch Time: 1.05s | Spearman@80: 0.5659 | Kendall@80: 0.4004
Epoch 89/150 | Train Loss: 0.0229 | Epoch Time: 1.06s | Spearman@80: 0.5996 | Kendall@80: 0.4289
Epoch 90/150 | Train Loss: 0.0339 | Epoch Time: 1.05s | Spearman@80: 0.5942 | Kendall@80: 0.4213
Epoch 91/150 | Train Loss: 0.0298 | Epoch Time: 1.05s | Spearman@80: 0.5722 | Kendall@80: 0.3966
Epoch 92/150 | Train Loss: 0.0257 | Epoch Time: 1.05s | Spearman@80: 0.5757 | Kendall@80: 0.4105
Epoch 93/150 | Train Loss: 0.0244 | Epoch Time: 1.07s | Spearman@80: 0.5726 | Kendall@80: 0.4035
Epoch 94/150 | Train Loss: 0.0222 | Epoch Time: 1.06s | Spearman@80: 0.6126 | Kendall@80: 0.4403
Epoch 95/150 | Train Loss: 0.0242 | Epoch Time: 1.05s | Spearman@80: 0.5948 | Kendall@80: 0.4264
Epoch 96/150 | Train Loss: 0.0230 | Epoch Time: 1.08s | Spearman@80: 0.5680 | Kendall@80: 0.4010
Epoch 97/150 | Train Loss: 0.0262 | Epoch Time: 1.05s | Spearman@80: 0.5878 | Kendall@80: 0.4156
Epoch 98/150 | Train Loss: 0.0246 | Epoch Time: 1.05s | Spearman@80: 0.5979 | Kendall@80: 0.4245
Epoch 99/150 | Train Loss: 0.0254 | Epoch Time: 1.06s | Spearman@80: 0.5969 | Kendall@80: 0.4207
Epoch 100/150 | Train Loss: 0.0242 | Epoch Time: 1.05s | Spearman@80: 0.5956 | Kendall@80: 0.4207
Epoch 101/150 | Train Loss: 0.0260 | Epoch Time: 1.05s | Spearman@80: 0.6136 | Kendall@80: 0.4346
Epoch 102/150 | Train Loss: 0.0194 | Epoch Time: 1.05s | Spearman@80: 0.5891 | Kendall@80: 0.4143
Epoch 103/150 | Train Loss: 0.0245 | Epoch Time: 1.06s | Spearman@80: 0.6045 | Kendall@80: 0.4270
Epoch 104/150 | Train Loss: 0.0241 | Epoch Time: 1.05s | Spearman@80: 0.5995 | Kendall@80: 0.4232
Epoch 105/150 | Train Loss: 0.0207 | Epoch Time: 1.08s | Spearman@80: 0.5987 | Kendall@80: 0.4219
Epoch 106/150 | Train Loss: 0.0203 | Epoch Time: 1.06s | Spearman@80: 0.6022 | Kendall@80: 0.4245
Epoch 107/150 | Train Loss: 0.0193 | Epoch Time: 1.06s | Spearman@80: 0.6122 | Kendall@80: 0.4397
Epoch 108/150 | Train Loss: 0.0252 | Epoch Time: 1.06s | Spearman@80: 0.5767 | Kendall@80: 0.4073
Epoch 109/150 | Train Loss: 0.0212 | Epoch Time: 1.05s | Spearman@80: 0.5786 | Kendall@80: 0.4054
Epoch 110/150 | Train Loss: 0.0258 | Epoch Time: 1.06s | Spearman@80: 0.5976 | Kendall@80: 0.4283
Epoch 111/150 | Train Loss: 0.0239 | Epoch Time: 1.06s | Spearman@80: 0.5784 | Kendall@80: 0.4061
Epoch 112/150 | Train Loss: 0.0219 | Epoch Time: 1.05s | Spearman@80: 0.5776 | Kendall@80: 0.4099
Epoch 113/150 | Train Loss: 0.0199 | Epoch Time: 1.06s | Spearman@80: 0.5944 | Kendall@80: 0.4207
Epoch 114/150 | Train Loss: 0.0207 | Epoch Time: 1.05s | Spearman@80: 0.5781 | Kendall@80: 0.4150
Epoch 115/150 | Train Loss: 0.0191 | Epoch Time: 1.07s | Spearman@80: 0.5982 | Kendall@80: 0.4308
Epoch 116/150 | Train Loss: 0.0168 | Epoch Time: 1.06s | Spearman@80: 0.6016 | Kendall@80: 0.4270
Epoch 117/150 | Train Loss: 0.0167 | Epoch Time: 1.05s | Spearman@80: 0.5917 | Kendall@80: 0.4194
Epoch 118/150 | Train Loss: 0.0238 | Epoch Time: 1.06s | Spearman@80: 0.5897 | Kendall@80: 0.4238
Epoch 119/150 | Train Loss: 0.0209 | Epoch Time: 1.06s | Spearman@80: 0.5926 | Kendall@80: 0.4219
Epoch 120/150 | Train Loss: 0.0157 | Epoch Time: 1.06s | Spearman@80: 0.5931 | Kendall@80: 0.4213
Epoch 121/150 | Train Loss: 0.0177 | Epoch Time: 1.07s | Spearman@80: 0.6042 | Kendall@80: 0.4346
Epoch 122/150 | Train Loss: 0.0224 | Epoch Time: 1.06s | Spearman@80: 0.6084 | Kendall@80: 0.4365
Epoch 123/150 | Train Loss: 0.0245 | Epoch Time: 1.06s | Spearman@80: 0.5925 | Kendall@80: 0.4226
Epoch 124/150 | Train Loss: 0.0187 | Epoch Time: 1.06s | Spearman@80: 0.5925 | Kendall@80: 0.4181
Epoch 125/150 | Train Loss: 0.0175 | Epoch Time: 1.06s | Spearman@80: 0.5996 | Kendall@80: 0.4219
Epoch 126/150 | Train Loss: 0.0244 | Epoch Time: 1.07s | Spearman@80: 0.5942 | Kendall@80: 0.4308
Epoch 127/150 | Train Loss: 0.0196 | Epoch Time: 1.07s | Spearman@80: 0.6014 | Kendall@80: 0.4340
Epoch 128/150 | Train Loss: 0.0200 | Epoch Time: 1.06s | Spearman@80: 0.6096 | Kendall@80: 0.4409
Epoch 129/150 | Train Loss: 0.0127 | Epoch Time: 1.06s | Spearman@80: 0.6145 | Kendall@80: 0.4435
Epoch 130/150 | Train Loss: 0.0207 | Epoch Time: 1.07s | Spearman@80: 0.6132 | Kendall@80: 0.4428
Epoch 131/150 | Train Loss: 0.0206 | Epoch Time: 1.07s | Spearman@80: 0.6148 | Kendall@80: 0.4384
Epoch 132/150 | Train Loss: 0.0212 | Epoch Time: 1.06s | Spearman@80: 0.6128 | Kendall@80: 0.4365
Epoch 133/150 | Train Loss: 0.0185 | Epoch Time: 1.06s | Spearman@80: 0.6137 | Kendall@80: 0.4403
Epoch 134/150 | Train Loss: 0.0190 | Epoch Time: 1.06s | Spearman@80: 0.6107 | Kendall@80: 0.4397
Epoch 135/150 | Train Loss: 0.0200 | Epoch Time: 1.06s | Spearman@80: 0.6114 | Kendall@80: 0.4403
Epoch 136/150 | Train Loss: 0.0208 | Epoch Time: 1.06s | Spearman@80: 0.6062 | Kendall@80: 0.4352
Epoch 137/150 | Train Loss: 0.0169 | Epoch Time: 1.07s | Spearman@80: 0.6113 | Kendall@80: 0.4327
Epoch 138/150 | Train Loss: 0.0242 | Epoch Time: 1.07s | Spearman@80: 0.6144 | Kendall@80: 0.4384
Epoch 139/150 | Train Loss: 0.0175 | Epoch Time: 1.06s | Spearman@80: 0.6181 | Kendall@80: 0.4473
Epoch 140/150 | Train Loss: 0.0229 | Epoch Time: 1.06s | Spearman@80: 0.6173 | Kendall@80: 0.4422
Epoch 141/150 | Train Loss: 0.0217 | Epoch Time: 1.06s | Spearman@80: 0.6150 | Kendall@80: 0.4371
Epoch 142/150 | Train Loss: 0.0143 | Epoch Time: 1.07s | Spearman@80: 0.6104 | Kendall@80: 0.4340
Epoch 143/150 | Train Loss: 0.0179 | Epoch Time: 1.05s | Spearman@80: 0.6225 | Kendall@80: 0.4409
Epoch 144/150 | Train Loss: 0.0162 | Epoch Time: 1.05s | Spearman@80: 0.6056 | Kendall@80: 0.4340
Epoch 145/150 | Train Loss: 0.0170 | Epoch Time: 1.05s | Spearman@80: 0.6036 | Kendall@80: 0.4295
Epoch 146/150 | Train Loss: 0.0179 | Epoch Time: 1.06s | Spearman@80: 0.6222 | Kendall@80: 0.4422
Epoch 147/150 | Train Loss: 0.0182 | Epoch Time: 2.09s | Spearman@4870: 0.5572 | Kendall@4870: 0.3920
Epoch 148/150 | Train Loss: 0.0144 | Epoch Time: 1.83s | Spearman@4870: 0.5622 | Kendall@4870: 0.3960
Epoch 149/150 | Train Loss: 0.0214 | Epoch Time: 1.84s | Spearman@4870: 0.5556 | Kendall@4870: 0.3906
Epoch 150/150 | Train Loss: 0.0178 | Epoch Time: 1.83s | Spearman@4870: 0.5568 | Kendall@4870: 0.3916
Sample Count: 128, Spearman: 0.557954204045935, Kendall: 0.39255494733411017
{64: (0.5431607876227116, 0.3795843535818094),
 128: (0.557954204045935, 0.39255494733411017)}
Average KDT:  0.38155004964003997
Variance KDT:  0.00014760325537403721
Average SPR:  0.5450435084280335
Variance SPR:  0.00026037912952851783
Average KDT:  0.4531469338210214
Variance KDT:  0.001985316478119097
Average SPR:  0.632105010415699
Variance SPR:  0.0029117551085746513
