Loading files for NASBench201...
Normalizing ZCP dict
try to create the NAS-Bench-201 api from /home/ya255/projects/flan_hardware/nas_embedding_suite/embedding_datasets/NAS-Bench-201-v1_1-096897.pth
Loaded files in:  98.64870762825012  seconds
Loading cache for NASBench-201 speedup!!...
Loading cache for NASBench-201 speedup!!...
Epoch 1/150 | Train Loss: 0.0961 | Epoch Time: 3.47s | Spearman@80: 0.2533 | Kendall@80: 0.1741
Epoch 2/150 | Train Loss: 0.0801 | Epoch Time: 0.30s | Spearman@80: 0.4228 | Kendall@80: 0.2941
Epoch 3/150 | Train Loss: 0.0510 | Epoch Time: 0.30s | Spearman@80: 0.7200 | Kendall@80: 0.5080
Epoch 4/150 | Train Loss: 0.0486 | Epoch Time: 0.30s | Spearman@80: 0.6949 | Kendall@80: 0.5347
Epoch 5/150 | Train Loss: 0.0558 | Epoch Time: 0.30s | Spearman@80: 0.8281 | Kendall@80: 0.6384
Epoch 6/150 | Train Loss: 0.0424 | Epoch Time: 0.30s | Spearman@80: 0.8647 | Kendall@80: 0.6873
Epoch 7/150 | Train Loss: 0.0445 | Epoch Time: 0.30s | Spearman@80: 0.8900 | Kendall@80: 0.7138
Epoch 8/150 | Train Loss: 0.0449 | Epoch Time: 0.30s | Spearman@80: 0.8361 | Kendall@80: 0.6606
Epoch 9/150 | Train Loss: 0.0442 | Epoch Time: 0.29s | Spearman@80: 0.8762 | Kendall@80: 0.7000
Epoch 10/150 | Train Loss: 0.0367 | Epoch Time: 0.30s | Spearman@80: 0.9151 | Kendall@80: 0.7354
Epoch 11/150 | Train Loss: 0.0508 | Epoch Time: 0.30s | Spearman@80: 0.8787 | Kendall@80: 0.7057
Epoch 12/150 | Train Loss: 0.0444 | Epoch Time: 0.29s | Spearman@80: 0.9066 | Kendall@80: 0.7417
Epoch 13/150 | Train Loss: 0.0358 | Epoch Time: 0.30s | Spearman@80: 0.9223 | Kendall@80: 0.7578
Epoch 14/150 | Train Loss: 0.0386 | Epoch Time: 0.30s | Spearman@80: 0.9338 | Kendall@80: 0.7773
Epoch 15/150 | Train Loss: 0.0396 | Epoch Time: 0.30s | Spearman@80: 0.9532 | Kendall@80: 0.8300
Epoch 16/150 | Train Loss: 0.0348 | Epoch Time: 0.30s | Spearman@80: 0.9467 | Kendall@80: 0.8182
Epoch 17/150 | Train Loss: 0.0319 | Epoch Time: 0.30s | Spearman@80: 0.9255 | Kendall@80: 0.7762
Epoch 18/150 | Train Loss: 0.0409 | Epoch Time: 0.30s | Spearman@80: 0.9378 | Kendall@80: 0.7921
Epoch 19/150 | Train Loss: 0.0280 | Epoch Time: 0.30s | Spearman@80: 0.9453 | Kendall@80: 0.8029
Epoch 20/150 | Train Loss: 0.0372 | Epoch Time: 0.29s | Spearman@80: 0.9342 | Kendall@80: 0.7832
Epoch 21/150 | Train Loss: 0.0344 | Epoch Time: 0.30s | Spearman@80: 0.9067 | Kendall@80: 0.7261
Epoch 22/150 | Train Loss: 0.0330 | Epoch Time: 0.30s | Spearman@80: 0.9409 | Kendall@80: 0.7944
Epoch 23/150 | Train Loss: 0.0356 | Epoch Time: 0.30s | Spearman@80: 0.9404 | Kendall@80: 0.7940
Epoch 24/150 | Train Loss: 0.0281 | Epoch Time: 0.30s | Spearman@80: 0.9264 | Kendall@80: 0.7690
Epoch 25/150 | Train Loss: 0.0312 | Epoch Time: 0.30s | Spearman@80: 0.9281 | Kendall@80: 0.7747
Epoch 26/150 | Train Loss: 0.0268 | Epoch Time: 0.30s | Spearman@80: 0.9521 | Kendall@80: 0.8243
Epoch 27/150 | Train Loss: 0.0329 | Epoch Time: 0.30s | Spearman@80: 0.9450 | Kendall@80: 0.8052
Epoch 28/150 | Train Loss: 0.0271 | Epoch Time: 0.30s | Spearman@80: 0.9286 | Kendall@80: 0.7750
Epoch 29/150 | Train Loss: 0.0240 | Epoch Time: 0.31s | Spearman@80: 0.9415 | Kendall@80: 0.7947
Epoch 30/150 | Train Loss: 0.0267 | Epoch Time: 0.30s | Spearman@80: 0.9405 | Kendall@80: 0.7959
Epoch 31/150 | Train Loss: 0.0258 | Epoch Time: 0.30s | Spearman@80: 0.9445 | Kendall@80: 0.8029
Epoch 32/150 | Train Loss: 0.0232 | Epoch Time: 0.30s | Spearman@80: 0.9508 | Kendall@80: 0.8188
Epoch 33/150 | Train Loss: 0.0430 | Epoch Time: 0.29s | Spearman@80: 0.9173 | Kendall@80: 0.7436
Epoch 34/150 | Train Loss: 0.0315 | Epoch Time: 0.30s | Spearman@80: 0.9494 | Kendall@80: 0.8128
Epoch 35/150 | Train Loss: 0.0260 | Epoch Time: 0.30s | Spearman@80: 0.9518 | Kendall@80: 0.8163
Epoch 36/150 | Train Loss: 0.0288 | Epoch Time: 0.30s | Spearman@80: 0.9455 | Kendall@80: 0.8105
Epoch 37/150 | Train Loss: 0.0281 | Epoch Time: 0.30s | Spearman@80: 0.9374 | Kendall@80: 0.7883
Epoch 38/150 | Train Loss: 0.0241 | Epoch Time: 0.30s | Spearman@80: 0.9459 | Kendall@80: 0.8137
Epoch 39/150 | Train Loss: 0.0325 | Epoch Time: 0.30s | Spearman@80: 0.9482 | Kendall@80: 0.8220
Epoch 40/150 | Train Loss: 0.0273 | Epoch Time: 0.30s | Spearman@80: 0.9480 | Kendall@80: 0.8211
Epoch 41/150 | Train Loss: 0.0259 | Epoch Time: 0.30s | Spearman@80: 0.9417 | Kendall@80: 0.7931
Epoch 42/150 | Train Loss: 0.0289 | Epoch Time: 0.29s | Spearman@80: 0.9477 | Kendall@80: 0.8078
Epoch 43/150 | Train Loss: 0.0289 | Epoch Time: 0.30s | Spearman@80: 0.9501 | Kendall@80: 0.8071
Epoch 44/150 | Train Loss: 0.0288 | Epoch Time: 0.30s | Spearman@80: 0.9498 | Kendall@80: 0.8175
Epoch 45/150 | Train Loss: 0.0288 | Epoch Time: 0.31s | Spearman@80: 0.9500 | Kendall@80: 0.8169
Epoch 46/150 | Train Loss: 0.0231 | Epoch Time: 0.30s | Spearman@80: 0.9648 | Kendall@80: 0.8439
Epoch 47/150 | Train Loss: 0.0218 | Epoch Time: 0.30s | Spearman@80: 0.9608 | Kendall@80: 0.8385
Epoch 48/150 | Train Loss: 0.0221 | Epoch Time: 0.30s | Spearman@80: 0.9502 | Kendall@80: 0.8103
Epoch 49/150 | Train Loss: 0.0290 | Epoch Time: 0.30s | Spearman@80: 0.9511 | Kendall@80: 0.8144
Epoch 50/150 | Train Loss: 0.0263 | Epoch Time: 0.30s | Spearman@80: 0.9396 | Kendall@80: 0.7995
Epoch 51/150 | Train Loss: 0.0268 | Epoch Time: 0.30s | Spearman@80: 0.9585 | Kendall@80: 0.8429
Epoch 52/150 | Train Loss: 0.0182 | Epoch Time: 0.30s | Spearman@80: 0.9635 | Kendall@80: 0.8480
Epoch 53/150 | Train Loss: 0.0277 | Epoch Time: 0.30s | Spearman@80: 0.9565 | Kendall@80: 0.8220
Epoch 54/150 | Train Loss: 0.0231 | Epoch Time: 0.30s | Spearman@80: 0.9625 | Kendall@80: 0.8385
Epoch 55/150 | Train Loss: 0.0225 | Epoch Time: 0.30s | Spearman@80: 0.9607 | Kendall@80: 0.8328
Epoch 56/150 | Train Loss: 0.0228 | Epoch Time: 0.31s | Spearman@80: 0.9509 | Kendall@80: 0.8156
Epoch 57/150 | Train Loss: 0.0257 | Epoch Time: 0.30s | Spearman@80: 0.9611 | Kendall@80: 0.8321
Epoch 58/150 | Train Loss: 0.0257 | Epoch Time: 0.30s | Spearman@80: 0.9504 | Kendall@80: 0.8128
Epoch 59/150 | Train Loss: 0.0245 | Epoch Time: 0.30s | Spearman@80: 0.9499 | Kendall@80: 0.8173
Epoch 60/150 | Train Loss: 0.0171 | Epoch Time: 0.30s | Spearman@80: 0.9612 | Kendall@80: 0.8382
Epoch 61/150 | Train Loss: 0.0178 | Epoch Time: 0.30s | Spearman@80: 0.9645 | Kendall@80: 0.8417
Epoch 62/150 | Train Loss: 0.0216 | Epoch Time: 0.30s | Spearman@80: 0.9612 | Kendall@80: 0.8404
Epoch 63/150 | Train Loss: 0.0227 | Epoch Time: 0.30s | Spearman@80: 0.9635 | Kendall@80: 0.8420
Epoch 64/150 | Train Loss: 0.0264 | Epoch Time: 0.30s | Spearman@80: 0.9590 | Kendall@80: 0.8360
Epoch 65/150 | Train Loss: 0.0212 | Epoch Time: 0.30s | Spearman@80: 0.9532 | Kendall@80: 0.8224
Epoch 66/150 | Train Loss: 0.0174 | Epoch Time: 0.30s | Spearman@80: 0.9569 | Kendall@80: 0.8281
Epoch 67/150 | Train Loss: 0.0203 | Epoch Time: 0.31s | Spearman@80: 0.9574 | Kendall@80: 0.8309
Epoch 68/150 | Train Loss: 0.0161 | Epoch Time: 0.30s | Spearman@80: 0.9563 | Kendall@80: 0.8325
Epoch 69/150 | Train Loss: 0.0214 | Epoch Time: 0.30s | Spearman@80: 0.9518 | Kendall@80: 0.8243
Epoch 70/150 | Train Loss: 0.0209 | Epoch Time: 0.30s | Spearman@80: 0.9538 | Kendall@80: 0.8283
Epoch 71/150 | Train Loss: 0.0252 | Epoch Time: 0.29s | Spearman@80: 0.9538 | Kendall@80: 0.8236
Epoch 72/150 | Train Loss: 0.0187 | Epoch Time: 0.30s | Spearman@80: 0.9506 | Kendall@80: 0.8131
Epoch 73/150 | Train Loss: 0.0302 | Epoch Time: 0.31s | Spearman@80: 0.9520 | Kendall@80: 0.8118
Epoch 74/150 | Train Loss: 0.0191 | Epoch Time: 0.30s | Spearman@80: 0.9513 | Kendall@80: 0.8122
Epoch 75/150 | Train Loss: 0.0258 | Epoch Time: 0.30s | Spearman@80: 0.9516 | Kendall@80: 0.8135
Epoch 76/150 | Train Loss: 0.0167 | Epoch Time: 0.30s | Spearman@80: 0.9559 | Kendall@80: 0.8258
Epoch 77/150 | Train Loss: 0.0219 | Epoch Time: 0.30s | Spearman@80: 0.9548 | Kendall@80: 0.8252
Epoch 78/150 | Train Loss: 0.0165 | Epoch Time: 0.30s | Spearman@80: 0.9632 | Kendall@80: 0.8423
Epoch 79/150 | Train Loss: 0.0170 | Epoch Time: 0.30s | Spearman@80: 0.9621 | Kendall@80: 0.8449
Epoch 80/150 | Train Loss: 0.0247 | Epoch Time: 0.30s | Spearman@80: 0.9596 | Kendall@80: 0.8376
Epoch 81/150 | Train Loss: 0.0223 | Epoch Time: 0.31s | Spearman@80: 0.9599 | Kendall@80: 0.8328
Epoch 82/150 | Train Loss: 0.0173 | Epoch Time: 0.30s | Spearman@80: 0.9565 | Kendall@80: 0.8226
Epoch 83/150 | Train Loss: 0.0144 | Epoch Time: 0.30s | Spearman@80: 0.9603 | Kendall@80: 0.8376
Epoch 84/150 | Train Loss: 0.0176 | Epoch Time: 0.30s | Spearman@80: 0.9580 | Kendall@80: 0.8309
Epoch 85/150 | Train Loss: 0.0176 | Epoch Time: 0.30s | Spearman@80: 0.9555 | Kendall@80: 0.8211
Epoch 86/150 | Train Loss: 0.0177 | Epoch Time: 0.30s | Spearman@80: 0.9567 | Kendall@80: 0.8300
Epoch 87/150 | Train Loss: 0.0156 | Epoch Time: 0.30s | Spearman@80: 0.9493 | Kendall@80: 0.8131
Epoch 88/150 | Train Loss: 0.0213 | Epoch Time: 0.30s | Spearman@80: 0.9497 | Kendall@80: 0.8093
Epoch 89/150 | Train Loss: 0.0212 | Epoch Time: 0.30s | Spearman@80: 0.9569 | Kendall@80: 0.8283
Epoch 90/150 | Train Loss: 0.0240 | Epoch Time: 0.30s | Spearman@80: 0.9615 | Kendall@80: 0.8449
Epoch 91/150 | Train Loss: 0.0182 | Epoch Time: 0.30s | Spearman@80: 0.9546 | Kendall@80: 0.8233
Epoch 92/150 | Train Loss: 0.0182 | Epoch Time: 0.30s | Spearman@80: 0.9594 | Kendall@80: 0.8391
Epoch 93/150 | Train Loss: 0.0146 | Epoch Time: 0.30s | Spearman@80: 0.9550 | Kendall@80: 0.8325
Epoch 94/150 | Train Loss: 0.0157 | Epoch Time: 0.30s | Spearman@80: 0.9566 | Kendall@80: 0.8211
Epoch 95/150 | Train Loss: 0.0248 | Epoch Time: 0.30s | Spearman@80: 0.9598 | Kendall@80: 0.8347
Epoch 96/150 | Train Loss: 0.0209 | Epoch Time: 0.30s | Spearman@80: 0.9592 | Kendall@80: 0.8366
Epoch 97/150 | Train Loss: 0.0185 | Epoch Time: 0.30s | Spearman@80: 0.9591 | Kendall@80: 0.8293
Epoch 98/150 | Train Loss: 0.0187 | Epoch Time: 0.30s | Spearman@80: 0.9507 | Kendall@80: 0.8109
Epoch 99/150 | Train Loss: 0.0136 | Epoch Time: 0.30s | Spearman@80: 0.9536 | Kendall@80: 0.8201
Epoch 100/150 | Train Loss: 0.0181 | Epoch Time: 0.30s | Spearman@80: 0.9579 | Kendall@80: 0.8245
Epoch 101/150 | Train Loss: 0.0111 | Epoch Time: 0.30s | Spearman@80: 0.9600 | Kendall@80: 0.8366
Epoch 102/150 | Train Loss: 0.0147 | Epoch Time: 0.30s | Spearman@80: 0.9600 | Kendall@80: 0.8385
Epoch 103/150 | Train Loss: 0.0180 | Epoch Time: 0.30s | Spearman@80: 0.9562 | Kendall@80: 0.8213
Epoch 104/150 | Train Loss: 0.0183 | Epoch Time: 0.30s | Spearman@80: 0.9561 | Kendall@80: 0.8224
Epoch 105/150 | Train Loss: 0.0133 | Epoch Time: 0.30s | Spearman@80: 0.9568 | Kendall@80: 0.8213
Epoch 106/150 | Train Loss: 0.0230 | Epoch Time: 0.30s | Spearman@80: 0.9626 | Kendall@80: 0.8351
Epoch 107/150 | Train Loss: 0.0159 | Epoch Time: 0.30s | Spearman@80: 0.9667 | Kendall@80: 0.8525
Epoch 108/150 | Train Loss: 0.0147 | Epoch Time: 0.30s | Spearman@80: 0.9606 | Kendall@80: 0.8302
Epoch 109/150 | Train Loss: 0.0244 | Epoch Time: 0.30s | Spearman@80: 0.9463 | Kendall@80: 0.7972
Epoch 110/150 | Train Loss: 0.0128 | Epoch Time: 0.30s | Spearman@80: 0.9527 | Kendall@80: 0.8144
Epoch 111/150 | Train Loss: 0.0163 | Epoch Time: 0.30s | Spearman@80: 0.9532 | Kendall@80: 0.8175
Epoch 112/150 | Train Loss: 0.0125 | Epoch Time: 0.30s | Spearman@80: 0.9509 | Kendall@80: 0.8169
Epoch 113/150 | Train Loss: 0.0165 | Epoch Time: 0.30s | Spearman@80: 0.9541 | Kendall@80: 0.8169
Epoch 114/150 | Train Loss: 0.0193 | Epoch Time: 0.30s | Spearman@80: 0.9579 | Kendall@80: 0.8302
Epoch 115/150 | Train Loss: 0.0146 | Epoch Time: 0.29s | Spearman@80: 0.9531 | Kendall@80: 0.8188
Epoch 116/150 | Train Loss: 0.0164 | Epoch Time: 0.30s | Spearman@80: 0.9572 | Kendall@80: 0.8302
Epoch 117/150 | Train Loss: 0.0130 | Epoch Time: 0.30s | Spearman@80: 0.9577 | Kendall@80: 0.8283
Epoch 118/150 | Train Loss: 0.0140 | Epoch Time: 0.30s | Spearman@80: 0.9589 | Kendall@80: 0.8302
Epoch 119/150 | Train Loss: 0.0118 | Epoch Time: 0.30s | Spearman@80: 0.9609 | Kendall@80: 0.8423
Epoch 120/150 | Train Loss: 0.0121 | Epoch Time: 0.29s | Spearman@80: 0.9621 | Kendall@80: 0.8391
Epoch 121/150 | Train Loss: 0.0163 | Epoch Time: 0.30s | Spearman@80: 0.9575 | Kendall@80: 0.8321
Epoch 122/150 | Train Loss: 0.0105 | Epoch Time: 0.30s | Spearman@80: 0.9584 | Kendall@80: 0.8281
Epoch 123/150 | Train Loss: 0.0106 | Epoch Time: 0.30s | Spearman@80: 0.9624 | Kendall@80: 0.8429
Epoch 124/150 | Train Loss: 0.0112 | Epoch Time: 0.31s | Spearman@80: 0.9617 | Kendall@80: 0.8417
Epoch 125/150 | Train Loss: 0.0141 | Epoch Time: 0.31s | Spearman@80: 0.9615 | Kendall@80: 0.8366
Epoch 126/150 | Train Loss: 0.0170 | Epoch Time: 0.31s | Spearman@80: 0.9624 | Kendall@80: 0.8395
Epoch 127/150 | Train Loss: 0.0126 | Epoch Time: 0.32s | Spearman@80: 0.9645 | Kendall@80: 0.8417
Epoch 128/150 | Train Loss: 0.0155 | Epoch Time: 0.31s | Spearman@80: 0.9638 | Kendall@80: 0.8417
Epoch 129/150 | Train Loss: 0.0127 | Epoch Time: 0.31s | Spearman@80: 0.9640 | Kendall@80: 0.8429
Epoch 130/150 | Train Loss: 0.0111 | Epoch Time: 0.31s | Spearman@80: 0.9632 | Kendall@80: 0.8398
Epoch 131/150 | Train Loss: 0.0102 | Epoch Time: 0.31s | Spearman@80: 0.9638 | Kendall@80: 0.8401
Epoch 132/150 | Train Loss: 0.0096 | Epoch Time: 0.31s | Spearman@80: 0.9632 | Kendall@80: 0.8379
Epoch 133/150 | Train Loss: 0.0098 | Epoch Time: 0.31s | Spearman@80: 0.9624 | Kendall@80: 0.8391
Epoch 134/150 | Train Loss: 0.0148 | Epoch Time: 0.31s | Spearman@80: 0.9640 | Kendall@80: 0.8423
Epoch 135/150 | Train Loss: 0.0118 | Epoch Time: 0.31s | Spearman@80: 0.9631 | Kendall@80: 0.8404
Epoch 136/150 | Train Loss: 0.0087 | Epoch Time: 0.30s | Spearman@80: 0.9628 | Kendall@80: 0.8379
Epoch 137/150 | Train Loss: 0.0108 | Epoch Time: 0.30s | Spearman@80: 0.9631 | Kendall@80: 0.8401
Epoch 138/150 | Train Loss: 0.0088 | Epoch Time: 0.31s | Spearman@80: 0.9641 | Kendall@80: 0.8417
Epoch 139/150 | Train Loss: 0.0107 | Epoch Time: 0.30s | Spearman@80: 0.9624 | Kendall@80: 0.8360
Epoch 140/150 | Train Loss: 0.0142 | Epoch Time: 0.30s | Spearman@80: 0.9617 | Kendall@80: 0.8334
Epoch 141/150 | Train Loss: 0.0133 | Epoch Time: 0.30s | Spearman@80: 0.9601 | Kendall@80: 0.8319
Epoch 142/150 | Train Loss: 0.0107 | Epoch Time: 0.30s | Spearman@80: 0.9625 | Kendall@80: 0.8376
Epoch 143/150 | Train Loss: 0.0123 | Epoch Time: 0.30s | Spearman@80: 0.9628 | Kendall@80: 0.8410
Epoch 144/150 | Train Loss: 0.0154 | Epoch Time: 0.30s | Spearman@80: 0.9606 | Kendall@80: 0.8328
Epoch 145/150 | Train Loss: 0.0128 | Epoch Time: 0.30s | Spearman@80: 0.9630 | Kendall@80: 0.8414
Epoch 146/150 | Train Loss: 0.0092 | Epoch Time: 0.30s | Spearman@80: 0.9633 | Kendall@80: 0.8408
Epoch 147/150 | Train Loss: 0.0143 | Epoch Time: 1.89s | Spearman@15560: 0.9403 | Kendall@15560: 0.8048
Epoch 148/150 | Train Loss: 0.0163 | Epoch Time: 1.62s | Spearman@15560: 0.9404 | Kendall@15560: 0.8050
Epoch 149/150 | Train Loss: 0.0130 | Epoch Time: 1.61s | Spearman@15560: 0.9406 | Kendall@15560: 0.8053
Epoch 150/150 | Train Loss: 0.0063 | Epoch Time: 1.61s | Spearman@15560: 0.9405 | Kendall@15560: 0.8048
Sample Count: 64, Spearman: 0.9404605454201693, Kendall: 0.8049973684077049
{64: (0.9404605454201693, 0.8049973684077049)}
Epoch 1/150 | Train Loss: 0.0910 | Epoch Time: 0.54s | Spearman@80: 0.5235 | Kendall@80: 0.3772
Epoch 2/150 | Train Loss: 0.0576 | Epoch Time: 0.54s | Spearman@80: 0.6531 | Kendall@80: 0.4869
Epoch 3/150 | Train Loss: 0.0472 | Epoch Time: 0.54s | Spearman@80: 0.8970 | Kendall@80: 0.7369
Epoch 4/150 | Train Loss: 0.0427 | Epoch Time: 0.53s | Spearman@80: 0.8881 | Kendall@80: 0.7123
Epoch 5/150 | Train Loss: 0.0345 | Epoch Time: 0.55s | Spearman@80: 0.9246 | Kendall@80: 0.7739
Epoch 6/150 | Train Loss: 0.0399 | Epoch Time: 0.54s | Spearman@80: 0.9018 | Kendall@80: 0.7299
Epoch 7/150 | Train Loss: 0.0457 | Epoch Time: 0.55s | Spearman@80: 0.9357 | Kendall@80: 0.7929
Epoch 8/150 | Train Loss: 0.0332 | Epoch Time: 0.55s | Spearman@80: 0.9241 | Kendall@80: 0.7827
Epoch 9/150 | Train Loss: 0.0336 | Epoch Time: 0.54s | Spearman@80: 0.9109 | Kendall@80: 0.7656
Epoch 10/150 | Train Loss: 0.0440 | Epoch Time: 0.54s | Spearman@80: 0.9042 | Kendall@80: 0.7464
Epoch 11/150 | Train Loss: 0.0316 | Epoch Time: 0.54s | Spearman@80: 0.9211 | Kendall@80: 0.7610
Epoch 12/150 | Train Loss: 0.0338 | Epoch Time: 0.54s | Spearman@80: 0.9027 | Kendall@80: 0.7508
Epoch 13/150 | Train Loss: 0.0308 | Epoch Time: 0.54s | Spearman@80: 0.8626 | Kendall@80: 0.6908
Epoch 14/150 | Train Loss: 0.0378 | Epoch Time: 0.54s | Spearman@80: 0.9230 | Kendall@80: 0.7724
Epoch 15/150 | Train Loss: 0.0381 | Epoch Time: 0.54s | Spearman@80: 0.9280 | Kendall@80: 0.7870
Epoch 16/150 | Train Loss: 0.0363 | Epoch Time: 0.53s | Spearman@80: 0.9135 | Kendall@80: 0.7597
Epoch 17/150 | Train Loss: 0.0373 | Epoch Time: 0.54s | Spearman@80: 0.9211 | Kendall@80: 0.7642
Epoch 18/150 | Train Loss: 0.0326 | Epoch Time: 0.54s | Spearman@80: 0.9185 | Kendall@80: 0.7661
Epoch 19/150 | Train Loss: 0.0379 | Epoch Time: 0.55s | Spearman@80: 0.9238 | Kendall@80: 0.7758
Epoch 20/150 | Train Loss: 0.0329 | Epoch Time: 0.54s | Spearman@80: 0.9242 | Kendall@80: 0.7840
Epoch 21/150 | Train Loss: 0.0325 | Epoch Time: 0.54s | Spearman@80: 0.9210 | Kendall@80: 0.7656
Epoch 22/150 | Train Loss: 0.0360 | Epoch Time: 0.54s | Spearman@80: 0.9126 | Kendall@80: 0.7675
Epoch 23/150 | Train Loss: 0.0328 | Epoch Time: 0.53s | Spearman@80: 0.9191 | Kendall@80: 0.7612
Epoch 24/150 | Train Loss: 0.0348 | Epoch Time: 0.54s | Spearman@80: 0.9252 | Kendall@80: 0.7764
Epoch 25/150 | Train Loss: 0.0315 | Epoch Time: 0.54s | Spearman@80: 0.9247 | Kendall@80: 0.7800
Epoch 26/150 | Train Loss: 0.0290 | Epoch Time: 0.54s | Spearman@80: 0.9230 | Kendall@80: 0.7745
Epoch 27/150 | Train Loss: 0.0298 | Epoch Time: 0.54s | Spearman@80: 0.9005 | Kendall@80: 0.7326
Epoch 28/150 | Train Loss: 0.0384 | Epoch Time: 0.53s | Spearman@80: 0.9428 | Kendall@80: 0.8016
Epoch 29/150 | Train Loss: 0.0340 | Epoch Time: 0.54s | Spearman@80: 0.9368 | Kendall@80: 0.7933
Epoch 30/150 | Train Loss: 0.0297 | Epoch Time: 0.53s | Spearman@80: 0.9341 | Kendall@80: 0.7711
Epoch 31/150 | Train Loss: 0.0365 | Epoch Time: 0.54s | Spearman@80: 0.9268 | Kendall@80: 0.7705
Epoch 32/150 | Train Loss: 0.0425 | Epoch Time: 0.54s | Spearman@80: 0.9165 | Kendall@80: 0.7453
Epoch 33/150 | Train Loss: 0.0312 | Epoch Time: 0.53s | Spearman@80: 0.9280 | Kendall@80: 0.7739
Epoch 34/150 | Train Loss: 0.0322 | Epoch Time: 0.54s | Spearman@80: 0.9079 | Kendall@80: 0.7555
Epoch 35/150 | Train Loss: 0.0328 | Epoch Time: 0.54s | Spearman@80: 0.9093 | Kendall@80: 0.7580
Epoch 36/150 | Train Loss: 0.0309 | Epoch Time: 0.54s | Spearman@80: 0.9315 | Kendall@80: 0.7895
Epoch 37/150 | Train Loss: 0.0334 | Epoch Time: 0.53s | Spearman@80: 0.9231 | Kendall@80: 0.7781
Epoch 38/150 | Train Loss: 0.0300 | Epoch Time: 0.53s | Spearman@80: 0.9017 | Kendall@80: 0.7517
Epoch 39/150 | Train Loss: 0.0320 | Epoch Time: 0.54s | Spearman@80: 0.9158 | Kendall@80: 0.7586
Epoch 40/150 | Train Loss: 0.0312 | Epoch Time: 0.53s | Spearman@80: 0.8907 | Kendall@80: 0.7371
Epoch 41/150 | Train Loss: 0.0289 | Epoch Time: 0.54s | Spearman@80: 0.9338 | Kendall@80: 0.7965
Epoch 42/150 | Train Loss: 0.0280 | Epoch Time: 0.54s | Spearman@80: 0.9301 | Kendall@80: 0.7980
Epoch 43/150 | Train Loss: 0.0310 | Epoch Time: 0.54s | Spearman@80: 0.9288 | Kendall@80: 0.7872
Epoch 44/150 | Train Loss: 0.0370 | Epoch Time: 0.54s | Spearman@80: 0.9355 | Kendall@80: 0.7971
Epoch 45/150 | Train Loss: 0.0326 | Epoch Time: 0.54s | Spearman@80: 0.9302 | Kendall@80: 0.7853
Epoch 46/150 | Train Loss: 0.0315 | Epoch Time: 0.54s | Spearman@80: 0.9096 | Kendall@80: 0.7542
Epoch 47/150 | Train Loss: 0.0246 | Epoch Time: 0.54s | Spearman@80: 0.9348 | Kendall@80: 0.7948
Epoch 48/150 | Train Loss: 0.0285 | Epoch Time: 0.54s | Spearman@80: 0.9281 | Kendall@80: 0.7927
Epoch 49/150 | Train Loss: 0.0340 | Epoch Time: 0.54s | Spearman@80: 0.9044 | Kendall@80: 0.7502
Epoch 50/150 | Train Loss: 0.0297 | Epoch Time: 0.52s | Spearman@80: 0.9337 | Kendall@80: 0.7942
Epoch 51/150 | Train Loss: 0.0326 | Epoch Time: 0.54s | Spearman@80: 0.9185 | Kendall@80: 0.7686
Epoch 52/150 | Train Loss: 0.0311 | Epoch Time: 0.55s | Spearman@80: 0.9346 | Kendall@80: 0.8073
Epoch 53/150 | Train Loss: 0.0293 | Epoch Time: 0.54s | Spearman@80: 0.9182 | Kendall@80: 0.7720
Epoch 54/150 | Train Loss: 0.0288 | Epoch Time: 0.55s | Spearman@80: 0.9407 | Kendall@80: 0.8003
Epoch 55/150 | Train Loss: 0.0328 | Epoch Time: 0.54s | Spearman@80: 0.9200 | Kendall@80: 0.7686
Epoch 56/150 | Train Loss: 0.0288 | Epoch Time: 0.53s | Spearman@80: 0.9054 | Kendall@80: 0.7561
Epoch 57/150 | Train Loss: 0.0319 | Epoch Time: 0.55s | Spearman@80: 0.9286 | Kendall@80: 0.7821
Epoch 58/150 | Train Loss: 0.0318 | Epoch Time: 0.54s | Spearman@80: 0.9326 | Kendall@80: 0.7921
Epoch 59/150 | Train Loss: 0.0250 | Epoch Time: 0.54s | Spearman@80: 0.9351 | Kendall@80: 0.7933
Epoch 60/150 | Train Loss: 0.0286 | Epoch Time: 0.54s | Spearman@80: 0.9218 | Kendall@80: 0.7737
Epoch 61/150 | Train Loss: 0.0277 | Epoch Time: 0.54s | Spearman@80: 0.9104 | Kendall@80: 0.7644
Epoch 62/150 | Train Loss: 0.0302 | Epoch Time: 0.55s | Spearman@80: 0.9239 | Kendall@80: 0.7807
Epoch 63/150 | Train Loss: 0.0304 | Epoch Time: 0.53s | Spearman@80: 0.9061 | Kendall@80: 0.7629
Epoch 64/150 | Train Loss: 0.0334 | Epoch Time: 0.54s | Spearman@80: 0.9301 | Kendall@80: 0.7965
Epoch 65/150 | Train Loss: 0.0304 | Epoch Time: 0.53s | Spearman@80: 0.9282 | Kendall@80: 0.7991
Epoch 66/150 | Train Loss: 0.0233 | Epoch Time: 0.54s | Spearman@80: 0.9169 | Kendall@80: 0.7768
Epoch 67/150 | Train Loss: 0.0270 | Epoch Time: 0.54s | Spearman@80: 0.9331 | Kendall@80: 0.7864
Epoch 68/150 | Train Loss: 0.0294 | Epoch Time: 0.53s | Spearman@80: 0.9246 | Kendall@80: 0.7800
Epoch 69/150 | Train Loss: 0.0230 | Epoch Time: 0.54s | Spearman@80: 0.9348 | Kendall@80: 0.8041
Epoch 70/150 | Train Loss: 0.0271 | Epoch Time: 0.54s | Spearman@80: 0.9207 | Kendall@80: 0.7787
Epoch 71/150 | Train Loss: 0.0325 | Epoch Time: 0.54s | Spearman@80: 0.9267 | Kendall@80: 0.7910
Epoch 72/150 | Train Loss: 0.0304 | Epoch Time: 0.54s | Spearman@80: 0.9308 | Kendall@80: 0.7991
Epoch 73/150 | Train Loss: 0.0266 | Epoch Time: 0.54s | Spearman@80: 0.9178 | Kendall@80: 0.7832
Epoch 74/150 | Train Loss: 0.0276 | Epoch Time: 0.54s | Spearman@80: 0.9208 | Kendall@80: 0.7749
Epoch 75/150 | Train Loss: 0.0273 | Epoch Time: 0.54s | Spearman@80: 0.9265 | Kendall@80: 0.7838
Epoch 76/150 | Train Loss: 0.0284 | Epoch Time: 0.55s | Spearman@80: 0.9267 | Kendall@80: 0.7933
Epoch 77/150 | Train Loss: 0.0227 | Epoch Time: 0.54s | Spearman@80: 0.9249 | Kendall@80: 0.7883
Epoch 78/150 | Train Loss: 0.0257 | Epoch Time: 0.54s | Spearman@80: 0.9259 | Kendall@80: 0.7959
Epoch 79/150 | Train Loss: 0.0239 | Epoch Time: 0.54s | Spearman@80: 0.9162 | Kendall@80: 0.7743
Epoch 80/150 | Train Loss: 0.0301 | Epoch Time: 0.54s | Spearman@80: 0.9124 | Kendall@80: 0.7815
Epoch 81/150 | Train Loss: 0.0303 | Epoch Time: 0.53s | Spearman@80: 0.9175 | Kendall@80: 0.7802
Epoch 82/150 | Train Loss: 0.0294 | Epoch Time: 0.54s | Spearman@80: 0.9281 | Kendall@80: 0.7916
Epoch 83/150 | Train Loss: 0.0259 | Epoch Time: 0.55s | Spearman@80: 0.9281 | Kendall@80: 0.7910
Epoch 84/150 | Train Loss: 0.0227 | Epoch Time: 0.54s | Spearman@80: 0.9204 | Kendall@80: 0.7656
Epoch 85/150 | Train Loss: 0.0274 | Epoch Time: 0.54s | Spearman@80: 0.9210 | Kendall@80: 0.7834
Epoch 86/150 | Train Loss: 0.0260 | Epoch Time: 0.54s | Spearman@80: 0.9183 | Kendall@80: 0.7705
Epoch 87/150 | Train Loss: 0.0284 | Epoch Time: 0.53s | Spearman@80: 0.9264 | Kendall@80: 0.7883
Epoch 88/150 | Train Loss: 0.0227 | Epoch Time: 0.54s | Spearman@80: 0.9106 | Kendall@80: 0.7737
Epoch 89/150 | Train Loss: 0.0274 | Epoch Time: 0.54s | Spearman@80: 0.9288 | Kendall@80: 0.7933
Epoch 90/150 | Train Loss: 0.0284 | Epoch Time: 0.55s | Spearman@80: 0.9216 | Kendall@80: 0.7808
Epoch 91/150 | Train Loss: 0.0284 | Epoch Time: 0.55s | Spearman@80: 0.9078 | Kendall@80: 0.7642
Epoch 92/150 | Train Loss: 0.0309 | Epoch Time: 0.54s | Spearman@80: 0.9161 | Kendall@80: 0.7635
Epoch 93/150 | Train Loss: 0.0231 | Epoch Time: 0.54s | Spearman@80: 0.9195 | Kendall@80: 0.7921
Epoch 94/150 | Train Loss: 0.0199 | Epoch Time: 0.54s | Spearman@80: 0.9168 | Kendall@80: 0.7878
Epoch 95/150 | Train Loss: 0.0255 | Epoch Time: 0.54s | Spearman@80: 0.9254 | Kendall@80: 0.7876
Epoch 96/150 | Train Loss: 0.0239 | Epoch Time: 0.54s | Spearman@80: 0.9202 | Kendall@80: 0.7914
Epoch 97/150 | Train Loss: 0.0239 | Epoch Time: 0.54s | Spearman@80: 0.9215 | Kendall@80: 0.7872
Epoch 98/150 | Train Loss: 0.0199 | Epoch Time: 0.56s | Spearman@80: 0.9242 | Kendall@80: 0.7927
Epoch 99/150 | Train Loss: 0.0214 | Epoch Time: 0.61s | Spearman@80: 0.9191 | Kendall@80: 0.7764
Epoch 100/150 | Train Loss: 0.0270 | Epoch Time: 0.61s | Spearman@80: 0.9179 | Kendall@80: 0.7821
Epoch 101/150 | Train Loss: 0.0253 | Epoch Time: 0.61s | Spearman@80: 0.9173 | Kendall@80: 0.7857
Epoch 102/150 | Train Loss: 0.0216 | Epoch Time: 0.60s | Spearman@80: 0.9197 | Kendall@80: 0.7832
Epoch 103/150 | Train Loss: 0.0255 | Epoch Time: 0.61s | Spearman@80: 0.9251 | Kendall@80: 0.7885
Epoch 104/150 | Train Loss: 0.0219 | Epoch Time: 0.60s | Spearman@80: 0.9313 | Kendall@80: 0.8041
Epoch 105/150 | Train Loss: 0.0293 | Epoch Time: 0.61s | Spearman@80: 0.9182 | Kendall@80: 0.7889
Epoch 106/150 | Train Loss: 0.0282 | Epoch Time: 0.61s | Spearman@80: 0.9079 | Kendall@80: 0.7802
Epoch 107/150 | Train Loss: 0.0224 | Epoch Time: 0.60s | Spearman@80: 0.9183 | Kendall@80: 0.7889
Epoch 108/150 | Train Loss: 0.0201 | Epoch Time: 0.61s | Spearman@80: 0.9207 | Kendall@80: 0.7851
Epoch 109/150 | Train Loss: 0.0215 | Epoch Time: 0.61s | Spearman@80: 0.9203 | Kendall@80: 0.7819
Epoch 110/150 | Train Loss: 0.0223 | Epoch Time: 0.62s | Spearman@80: 0.9153 | Kendall@80: 0.7813
Epoch 111/150 | Train Loss: 0.0218 | Epoch Time: 0.61s | Spearman@80: 0.9081 | Kendall@80: 0.7800
Epoch 112/150 | Train Loss: 0.0244 | Epoch Time: 0.61s | Spearman@80: 0.9239 | Kendall@80: 0.7952
Epoch 113/150 | Train Loss: 0.0276 | Epoch Time: 0.62s | Spearman@80: 0.9224 | Kendall@80: 0.7876
Epoch 114/150 | Train Loss: 0.0186 | Epoch Time: 0.61s | Spearman@80: 0.9213 | Kendall@80: 0.7935
Epoch 115/150 | Train Loss: 0.0214 | Epoch Time: 0.61s | Spearman@80: 0.9230 | Kendall@80: 0.7910
Epoch 116/150 | Train Loss: 0.0226 | Epoch Time: 0.61s | Spearman@80: 0.9209 | Kendall@80: 0.7946
Epoch 117/150 | Train Loss: 0.0269 | Epoch Time: 0.61s | Spearman@80: 0.9211 | Kendall@80: 0.7940
Epoch 118/150 | Train Loss: 0.0231 | Epoch Time: 0.61s | Spearman@80: 0.9215 | Kendall@80: 0.7902
Epoch 119/150 | Train Loss: 0.0204 | Epoch Time: 0.61s | Spearman@80: 0.9193 | Kendall@80: 0.7840
Epoch 120/150 | Train Loss: 0.0218 | Epoch Time: 0.61s | Spearman@80: 0.9121 | Kendall@80: 0.7775
Epoch 121/150 | Train Loss: 0.0237 | Epoch Time: 0.61s | Spearman@80: 0.9104 | Kendall@80: 0.7781
Epoch 122/150 | Train Loss: 0.0214 | Epoch Time: 0.62s | Spearman@80: 0.9078 | Kendall@80: 0.7756
Epoch 123/150 | Train Loss: 0.0198 | Epoch Time: 0.62s | Spearman@80: 0.9143 | Kendall@80: 0.7794
Epoch 124/150 | Train Loss: 0.0197 | Epoch Time: 0.61s | Spearman@80: 0.9139 | Kendall@80: 0.7794
Epoch 125/150 | Train Loss: 0.0210 | Epoch Time: 0.61s | Spearman@80: 0.9134 | Kendall@80: 0.7808
Epoch 126/150 | Train Loss: 0.0198 | Epoch Time: 0.63s | Spearman@80: 0.9170 | Kendall@80: 0.7864
Epoch 127/150 | Train Loss: 0.0202 | Epoch Time: 0.61s | Spearman@80: 0.9120 | Kendall@80: 0.7807
Epoch 128/150 | Train Loss: 0.0249 | Epoch Time: 0.62s | Spearman@80: 0.9151 | Kendall@80: 0.7832
Epoch 129/150 | Train Loss: 0.0224 | Epoch Time: 0.61s | Spearman@80: 0.9174 | Kendall@80: 0.7827
Epoch 130/150 | Train Loss: 0.0204 | Epoch Time: 0.61s | Spearman@80: 0.9166 | Kendall@80: 0.7813
Epoch 131/150 | Train Loss: 0.0198 | Epoch Time: 0.60s | Spearman@80: 0.9123 | Kendall@80: 0.7775
Epoch 132/150 | Train Loss: 0.0170 | Epoch Time: 0.61s | Spearman@80: 0.9121 | Kendall@80: 0.7770
Epoch 133/150 | Train Loss: 0.0233 | Epoch Time: 0.62s | Spearman@80: 0.9137 | Kendall@80: 0.7807
Epoch 134/150 | Train Loss: 0.0208 | Epoch Time: 0.61s | Spearman@80: 0.9125 | Kendall@80: 0.7819
Epoch 135/150 | Train Loss: 0.0229 | Epoch Time: 0.63s | Spearman@80: 0.9163 | Kendall@80: 0.7851
Epoch 136/150 | Train Loss: 0.0210 | Epoch Time: 0.62s | Spearman@80: 0.9155 | Kendall@80: 0.7851
Epoch 137/150 | Train Loss: 0.0189 | Epoch Time: 0.62s | Spearman@80: 0.9138 | Kendall@80: 0.7781
Epoch 138/150 | Train Loss: 0.0215 | Epoch Time: 0.61s | Spearman@80: 0.9169 | Kendall@80: 0.7815
Epoch 139/150 | Train Loss: 0.0168 | Epoch Time: 0.62s | Spearman@80: 0.9163 | Kendall@80: 0.7815
Epoch 140/150 | Train Loss: 0.0186 | Epoch Time: 0.61s | Spearman@80: 0.9174 | Kendall@80: 0.7827
Epoch 141/150 | Train Loss: 0.0185 | Epoch Time: 0.61s | Spearman@80: 0.9165 | Kendall@80: 0.7838
Epoch 142/150 | Train Loss: 0.0188 | Epoch Time: 0.61s | Spearman@80: 0.9172 | Kendall@80: 0.7845
Epoch 143/150 | Train Loss: 0.0214 | Epoch Time: 0.62s | Spearman@80: 0.9161 | Kendall@80: 0.7813
Epoch 144/150 | Train Loss: 0.0173 | Epoch Time: 0.63s | Spearman@80: 0.9174 | Kendall@80: 0.7834
Epoch 145/150 | Train Loss: 0.0202 | Epoch Time: 0.63s | Spearman@80: 0.9186 | Kendall@80: 0.7859
Epoch 146/150 | Train Loss: 0.0192 | Epoch Time: 0.62s | Spearman@80: 0.9177 | Kendall@80: 0.7832
Epoch 147/150 | Train Loss: 0.0176 | Epoch Time: 2.19s | Spearman@15496: 0.9190 | Kendall@15496: 0.7735
Epoch 148/150 | Train Loss: 0.0221 | Epoch Time: 1.98s | Spearman@15496: 0.9182 | Kendall@15496: 0.7747
Epoch 149/150 | Train Loss: 0.0202 | Epoch Time: 1.95s | Spearman@15496: 0.9189 | Kendall@15496: 0.7731
Epoch 150/150 | Train Loss: 0.0159 | Epoch Time: 1.97s | Spearman@15496: 0.9166 | Kendall@15496: 0.7702
Sample Count: 128, Spearman: 0.9181561236478507, Kendall: 0.772870117377308
{64: (0.9404605454201693, 0.8049973684077049),
 128: (0.9181561236478507, 0.772870117377308)}
Epoch 1/150 | Train Loss: 0.0961 | Epoch Time: 0.28s | Spearman@80: 0.3808 | Kendall@80: 0.2620
Epoch 2/150 | Train Loss: 0.0816 | Epoch Time: 0.28s | Spearman@80: 0.4738 | Kendall@80: 0.3342
Epoch 3/150 | Train Loss: 0.0670 | Epoch Time: 0.27s | Spearman@80: 0.8191 | Kendall@80: 0.6403
Epoch 4/150 | Train Loss: 0.0477 | Epoch Time: 0.28s | Spearman@80: 0.7725 | Kendall@80: 0.5832
Epoch 5/150 | Train Loss: 0.0450 | Epoch Time: 0.28s | Spearman@80: 0.8008 | Kendall@80: 0.6181
Epoch 6/150 | Train Loss: 0.0382 | Epoch Time: 0.28s | Spearman@80: 0.8072 | Kendall@80: 0.6267
Epoch 7/150 | Train Loss: 0.0389 | Epoch Time: 0.29s | Spearman@80: 0.8782 | Kendall@80: 0.7355
Epoch 8/150 | Train Loss: 0.0313 | Epoch Time: 0.32s | Spearman@80: 0.7532 | Kendall@80: 0.5478
Epoch 9/150 | Train Loss: 0.0295 | Epoch Time: 0.32s | Spearman@80: 0.8706 | Kendall@80: 0.7083
Epoch 10/150 | Train Loss: 0.0300 | Epoch Time: 0.31s | Spearman@80: 0.8524 | Kendall@80: 0.6960
Epoch 11/150 | Train Loss: 0.0326 | Epoch Time: 0.32s | Spearman@80: 0.8547 | Kendall@80: 0.6971
Epoch 12/150 | Train Loss: 0.0372 | Epoch Time: 0.32s | Spearman@80: 0.8422 | Kendall@80: 0.6846
Epoch 13/150 | Train Loss: 0.0304 | Epoch Time: 0.32s | Spearman@80: 0.8514 | Kendall@80: 0.6865
Epoch 14/150 | Train Loss: 0.0293 | Epoch Time: 0.32s | Spearman@80: 0.8101 | Kendall@80: 0.6185
Epoch 15/150 | Train Loss: 0.0317 | Epoch Time: 0.31s | Spearman@80: 0.8433 | Kendall@80: 0.6783
Epoch 16/150 | Train Loss: 0.0282 | Epoch Time: 0.32s | Spearman@80: 0.8530 | Kendall@80: 0.6872
Epoch 17/150 | Train Loss: 0.0287 | Epoch Time: 0.32s | Spearman@80: 0.8486 | Kendall@80: 0.6853
Epoch 18/150 | Train Loss: 0.0307 | Epoch Time: 0.32s | Spearman@80: 0.8767 | Kendall@80: 0.7284
Epoch 19/150 | Train Loss: 0.0361 | Epoch Time: 0.31s | Spearman@80: 0.8680 | Kendall@80: 0.7022
Epoch 20/150 | Train Loss: 0.0293 | Epoch Time: 0.31s | Spearman@80: 0.8453 | Kendall@80: 0.6728
Epoch 21/150 | Train Loss: 0.0373 | Epoch Time: 0.31s | Spearman@80: 0.8718 | Kendall@80: 0.7169
Epoch 22/150 | Train Loss: 0.0322 | Epoch Time: 0.31s | Spearman@80: 0.8715 | Kendall@80: 0.7163
Epoch 23/150 | Train Loss: 0.0256 | Epoch Time: 0.31s | Spearman@80: 0.8473 | Kendall@80: 0.6770
Epoch 24/150 | Train Loss: 0.0195 | Epoch Time: 0.31s | Spearman@80: 0.8566 | Kendall@80: 0.6937
Epoch 25/150 | Train Loss: 0.0264 | Epoch Time: 0.31s | Spearman@80: 0.8572 | Kendall@80: 0.6941
Epoch 26/150 | Train Loss: 0.0201 | Epoch Time: 0.31s | Spearman@80: 0.8799 | Kendall@80: 0.7351
Epoch 27/150 | Train Loss: 0.0201 | Epoch Time: 0.31s | Spearman@80: 0.8516 | Kendall@80: 0.6967
Epoch 28/150 | Train Loss: 0.0284 | Epoch Time: 0.31s | Spearman@80: 0.8408 | Kendall@80: 0.6916
Epoch 29/150 | Train Loss: 0.0360 | Epoch Time: 0.32s | Spearman@80: 0.8508 | Kendall@80: 0.6933
Epoch 30/150 | Train Loss: 0.0258 | Epoch Time: 0.31s | Spearman@80: 0.8762 | Kendall@80: 0.7239
Epoch 31/150 | Train Loss: 0.0221 | Epoch Time: 0.30s | Spearman@80: 0.8643 | Kendall@80: 0.7091
Epoch 32/150 | Train Loss: 0.0214 | Epoch Time: 0.31s | Spearman@80: 0.8541 | Kendall@80: 0.6929
Epoch 33/150 | Train Loss: 0.0282 | Epoch Time: 0.30s | Spearman@80: 0.8652 | Kendall@80: 0.7151
Epoch 34/150 | Train Loss: 0.0190 | Epoch Time: 0.32s | Spearman@80: 0.8691 | Kendall@80: 0.7129
Epoch 35/150 | Train Loss: 0.0321 | Epoch Time: 0.31s | Spearman@80: 0.8229 | Kendall@80: 0.6616
Epoch 36/150 | Train Loss: 0.0216 | Epoch Time: 0.30s | Spearman@80: 0.8647 | Kendall@80: 0.7182
Epoch 37/150 | Train Loss: 0.0215 | Epoch Time: 0.31s | Spearman@80: 0.8577 | Kendall@80: 0.6960
Epoch 38/150 | Train Loss: 0.0187 | Epoch Time: 0.31s | Spearman@80: 0.8581 | Kendall@80: 0.6954
Epoch 39/150 | Train Loss: 0.0219 | Epoch Time: 0.31s | Spearman@80: 0.8374 | Kendall@80: 0.6825
Epoch 40/150 | Train Loss: 0.0313 | Epoch Time: 0.30s | Spearman@80: 0.8478 | Kendall@80: 0.6950
Epoch 41/150 | Train Loss: 0.0200 | Epoch Time: 0.31s | Spearman@80: 0.8595 | Kendall@80: 0.7007
Epoch 42/150 | Train Loss: 0.0308 | Epoch Time: 0.31s | Spearman@80: 0.8766 | Kendall@80: 0.7208
Epoch 43/150 | Train Loss: 0.0226 | Epoch Time: 0.31s | Spearman@80: 0.8626 | Kendall@80: 0.7003
Epoch 44/150 | Train Loss: 0.0257 | Epoch Time: 0.30s | Spearman@80: 0.8661 | Kendall@80: 0.7144
Epoch 45/150 | Train Loss: 0.0216 | Epoch Time: 0.31s | Spearman@80: 0.8579 | Kendall@80: 0.7047
Epoch 46/150 | Train Loss: 0.0359 | Epoch Time: 0.31s | Spearman@80: 0.8709 | Kendall@80: 0.7216
Epoch 47/150 | Train Loss: 0.0261 | Epoch Time: 0.30s | Spearman@80: 0.8864 | Kendall@80: 0.7315
Epoch 48/150 | Train Loss: 0.0239 | Epoch Time: 0.31s | Spearman@80: 0.8803 | Kendall@80: 0.7201
Epoch 49/150 | Train Loss: 0.0182 | Epoch Time: 0.30s | Spearman@80: 0.8777 | Kendall@80: 0.7199
Epoch 50/150 | Train Loss: 0.0243 | Epoch Time: 0.30s | Spearman@80: 0.8453 | Kendall@80: 0.6857
Epoch 51/150 | Train Loss: 0.0184 | Epoch Time: 0.31s | Spearman@80: 0.8709 | Kendall@80: 0.7186
Epoch 52/150 | Train Loss: 0.0199 | Epoch Time: 0.30s | Spearman@80: 0.8881 | Kendall@80: 0.7385
Epoch 53/150 | Train Loss: 0.0216 | Epoch Time: 0.30s | Spearman@80: 0.8721 | Kendall@80: 0.7153
Epoch 54/150 | Train Loss: 0.0213 | Epoch Time: 0.30s | Spearman@80: 0.8588 | Kendall@80: 0.7123
Epoch 55/150 | Train Loss: 0.0236 | Epoch Time: 0.31s | Spearman@80: 0.8602 | Kendall@80: 0.7066
Epoch 56/150 | Train Loss: 0.0216 | Epoch Time: 0.30s | Spearman@80: 0.8363 | Kendall@80: 0.6734
Epoch 57/150 | Train Loss: 0.0149 | Epoch Time: 0.31s | Spearman@80: 0.8064 | Kendall@80: 0.6384
Epoch 58/150 | Train Loss: 0.0222 | Epoch Time: 0.30s | Spearman@80: 0.8475 | Kendall@80: 0.6903
Epoch 59/150 | Train Loss: 0.0207 | Epoch Time: 0.31s | Spearman@80: 0.8477 | Kendall@80: 0.6910
Epoch 60/150 | Train Loss: 0.0176 | Epoch Time: 0.31s | Spearman@80: 0.8324 | Kendall@80: 0.6605
Epoch 61/150 | Train Loss: 0.0307 | Epoch Time: 0.31s | Spearman@80: 0.8302 | Kendall@80: 0.6679
Epoch 62/150 | Train Loss: 0.0237 | Epoch Time: 0.31s | Spearman@80: 0.8135 | Kendall@80: 0.6365
Epoch 63/150 | Train Loss: 0.0294 | Epoch Time: 0.31s | Spearman@80: 0.8535 | Kendall@80: 0.6952
Epoch 64/150 | Train Loss: 0.0189 | Epoch Time: 0.31s | Spearman@80: 0.8562 | Kendall@80: 0.6992
Epoch 65/150 | Train Loss: 0.0204 | Epoch Time: 0.30s | Spearman@80: 0.8819 | Kendall@80: 0.7328
Epoch 66/150 | Train Loss: 0.0194 | Epoch Time: 0.31s | Spearman@80: 0.8183 | Kendall@80: 0.6377
Epoch 67/150 | Train Loss: 0.0217 | Epoch Time: 0.31s | Spearman@80: 0.8702 | Kendall@80: 0.7136
Epoch 68/150 | Train Loss: 0.0179 | Epoch Time: 0.30s | Spearman@80: 0.8869 | Kendall@80: 0.7467
Epoch 69/150 | Train Loss: 0.0211 | Epoch Time: 0.31s | Spearman@80: 0.8710 | Kendall@80: 0.7294
Epoch 70/150 | Train Loss: 0.0247 | Epoch Time: 0.31s | Spearman@80: 0.8577 | Kendall@80: 0.7182
Epoch 71/150 | Train Loss: 0.0166 | Epoch Time: 0.31s | Spearman@80: 0.8571 | Kendall@80: 0.7077
Epoch 72/150 | Train Loss: 0.0168 | Epoch Time: 0.31s | Spearman@80: 0.8614 | Kendall@80: 0.7100
Epoch 73/150 | Train Loss: 0.0133 | Epoch Time: 0.31s | Spearman@80: 0.8677 | Kendall@80: 0.7125
Epoch 74/150 | Train Loss: 0.0178 | Epoch Time: 0.30s | Spearman@80: 0.8469 | Kendall@80: 0.6859
Epoch 75/150 | Train Loss: 0.0214 | Epoch Time: 0.31s | Spearman@80: 0.8413 | Kendall@80: 0.6901
Epoch 76/150 | Train Loss: 0.0140 | Epoch Time: 0.30s | Spearman@80: 0.8385 | Kendall@80: 0.6884
Epoch 77/150 | Train Loss: 0.0136 | Epoch Time: 0.31s | Spearman@80: 0.8393 | Kendall@80: 0.6825
Epoch 78/150 | Train Loss: 0.0140 | Epoch Time: 0.30s | Spearman@80: 0.8524 | Kendall@80: 0.6933
Epoch 79/150 | Train Loss: 0.0133 | Epoch Time: 0.30s | Spearman@80: 0.8460 | Kendall@80: 0.6859
Epoch 80/150 | Train Loss: 0.0147 | Epoch Time: 0.31s | Spearman@80: 0.8548 | Kendall@80: 0.7017
Epoch 81/150 | Train Loss: 0.0144 | Epoch Time: 0.30s | Spearman@80: 0.8585 | Kendall@80: 0.7062
Epoch 82/150 | Train Loss: 0.0155 | Epoch Time: 0.31s | Spearman@80: 0.8670 | Kendall@80: 0.7144
Epoch 83/150 | Train Loss: 0.0223 | Epoch Time: 0.30s | Spearman@80: 0.8789 | Kendall@80: 0.7288
Epoch 84/150 | Train Loss: 0.0179 | Epoch Time: 0.31s | Spearman@80: 0.8457 | Kendall@80: 0.6827
Epoch 85/150 | Train Loss: 0.0160 | Epoch Time: 0.31s | Spearman@80: 0.8396 | Kendall@80: 0.6789
Epoch 86/150 | Train Loss: 0.0159 | Epoch Time: 0.31s | Spearman@80: 0.8632 | Kendall@80: 0.7117
Epoch 87/150 | Train Loss: 0.0240 | Epoch Time: 0.31s | Spearman@80: 0.8592 | Kendall@80: 0.7100
Epoch 88/150 | Train Loss: 0.0171 | Epoch Time: 0.31s | Spearman@80: 0.8321 | Kendall@80: 0.6728
Epoch 89/150 | Train Loss: 0.0164 | Epoch Time: 0.31s | Spearman@80: 0.8194 | Kendall@80: 0.6599
Epoch 90/150 | Train Loss: 0.0214 | Epoch Time: 0.31s | Spearman@80: 0.8437 | Kendall@80: 0.6846
Epoch 91/150 | Train Loss: 0.0100 | Epoch Time: 0.31s | Spearman@80: 0.8611 | Kendall@80: 0.7053
Epoch 92/150 | Train Loss: 0.0118 | Epoch Time: 0.30s | Spearman@80: 0.8567 | Kendall@80: 0.7041
Epoch 93/150 | Train Loss: 0.0139 | Epoch Time: 0.31s | Spearman@80: 0.8591 | Kendall@80: 0.7119
Epoch 94/150 | Train Loss: 0.0108 | Epoch Time: 0.31s | Spearman@80: 0.8679 | Kendall@80: 0.7176
Epoch 95/150 | Train Loss: 0.0150 | Epoch Time: 0.30s | Spearman@80: 0.8576 | Kendall@80: 0.7060
Epoch 96/150 | Train Loss: 0.0180 | Epoch Time: 0.30s | Spearman@80: 0.8470 | Kendall@80: 0.6914
Epoch 97/150 | Train Loss: 0.0132 | Epoch Time: 0.31s | Spearman@80: 0.8334 | Kendall@80: 0.6789
Epoch 98/150 | Train Loss: 0.0136 | Epoch Time: 0.31s | Spearman@80: 0.8578 | Kendall@80: 0.7024
Epoch 99/150 | Train Loss: 0.0084 | Epoch Time: 0.30s | Spearman@80: 0.8699 | Kendall@80: 0.7195
Epoch 100/150 | Train Loss: 0.0156 | Epoch Time: 0.31s | Spearman@80: 0.8700 | Kendall@80: 0.7176
Epoch 101/150 | Train Loss: 0.0095 | Epoch Time: 0.31s | Spearman@80: 0.8694 | Kendall@80: 0.7161
Epoch 102/150 | Train Loss: 0.0143 | Epoch Time: 0.30s | Spearman@80: 0.8629 | Kendall@80: 0.7098
Epoch 103/150 | Train Loss: 0.0133 | Epoch Time: 0.31s | Spearman@80: 0.8551 | Kendall@80: 0.7015
Epoch 104/150 | Train Loss: 0.0146 | Epoch Time: 0.32s | Spearman@80: 0.8552 | Kendall@80: 0.6971
Epoch 105/150 | Train Loss: 0.0087 | Epoch Time: 0.31s | Spearman@80: 0.8579 | Kendall@80: 0.7036
Epoch 106/150 | Train Loss: 0.0202 | Epoch Time: 0.31s | Spearman@80: 0.8533 | Kendall@80: 0.6990
Epoch 107/150 | Train Loss: 0.0098 | Epoch Time: 0.31s | Spearman@80: 0.8476 | Kendall@80: 0.7003
Epoch 108/150 | Train Loss: 0.0080 | Epoch Time: 0.31s | Spearman@80: 0.8623 | Kendall@80: 0.7144
Epoch 109/150 | Train Loss: 0.0111 | Epoch Time: 0.31s | Spearman@80: 0.8622 | Kendall@80: 0.7119
Epoch 110/150 | Train Loss: 0.0167 | Epoch Time: 0.31s | Spearman@80: 0.8559 | Kendall@80: 0.6994
Epoch 111/150 | Train Loss: 0.0143 | Epoch Time: 0.31s | Spearman@80: 0.8532 | Kendall@80: 0.6979
Epoch 112/150 | Train Loss: 0.0113 | Epoch Time: 0.31s | Spearman@80: 0.8471 | Kendall@80: 0.6954
Epoch 113/150 | Train Loss: 0.0108 | Epoch Time: 0.31s | Spearman@80: 0.8473 | Kendall@80: 0.6876
Epoch 114/150 | Train Loss: 0.0185 | Epoch Time: 0.31s | Spearman@80: 0.8426 | Kendall@80: 0.6882
Epoch 115/150 | Train Loss: 0.0131 | Epoch Time: 0.32s | Spearman@80: 0.8497 | Kendall@80: 0.6948
Epoch 116/150 | Train Loss: 0.0094 | Epoch Time: 0.31s | Spearman@80: 0.8563 | Kendall@80: 0.7028
Epoch 117/150 | Train Loss: 0.0158 | Epoch Time: 0.32s | Spearman@80: 0.8612 | Kendall@80: 0.7079
Epoch 118/150 | Train Loss: 0.0123 | Epoch Time: 0.31s | Spearman@80: 0.8562 | Kendall@80: 0.7036
Epoch 119/150 | Train Loss: 0.0102 | Epoch Time: 0.31s | Spearman@80: 0.8551 | Kendall@80: 0.7024
Epoch 120/150 | Train Loss: 0.0139 | Epoch Time: 0.31s | Spearman@80: 0.8550 | Kendall@80: 0.7005
Epoch 121/150 | Train Loss: 0.0087 | Epoch Time: 0.31s | Spearman@80: 0.8568 | Kendall@80: 0.7022
Epoch 122/150 | Train Loss: 0.0136 | Epoch Time: 0.31s | Spearman@80: 0.8598 | Kendall@80: 0.7062
Epoch 123/150 | Train Loss: 0.0103 | Epoch Time: 0.31s | Spearman@80: 0.8554 | Kendall@80: 0.7011
Epoch 124/150 | Train Loss: 0.0119 | Epoch Time: 0.31s | Spearman@80: 0.8567 | Kendall@80: 0.7036
Epoch 125/150 | Train Loss: 0.0135 | Epoch Time: 0.31s | Spearman@80: 0.8538 | Kendall@80: 0.7005
Epoch 126/150 | Train Loss: 0.0123 | Epoch Time: 0.31s | Spearman@80: 0.8512 | Kendall@80: 0.6984
Epoch 127/150 | Train Loss: 0.0108 | Epoch Time: 0.31s | Spearman@80: 0.8511 | Kendall@80: 0.6960
Epoch 128/150 | Train Loss: 0.0070 | Epoch Time: 0.31s | Spearman@80: 0.8523 | Kendall@80: 0.6973
Epoch 129/150 | Train Loss: 0.0086 | Epoch Time: 0.31s | Spearman@80: 0.8496 | Kendall@80: 0.6958
Epoch 130/150 | Train Loss: 0.0157 | Epoch Time: 0.31s | Spearman@80: 0.8525 | Kendall@80: 0.7013
Epoch 131/150 | Train Loss: 0.0139 | Epoch Time: 0.31s | Spearman@80: 0.8525 | Kendall@80: 0.7017
Epoch 132/150 | Train Loss: 0.0187 | Epoch Time: 0.31s | Spearman@80: 0.8560 | Kendall@80: 0.7053
Epoch 133/150 | Train Loss: 0.0094 | Epoch Time: 0.32s | Spearman@80: 0.8556 | Kendall@80: 0.7081
Epoch 134/150 | Train Loss: 0.0071 | Epoch Time: 0.31s | Spearman@80: 0.8543 | Kendall@80: 0.7026
Epoch 135/150 | Train Loss: 0.0161 | Epoch Time: 0.31s | Spearman@80: 0.8562 | Kendall@80: 0.7062
Epoch 136/150 | Train Loss: 0.0063 | Epoch Time: 0.31s | Spearman@80: 0.8554 | Kendall@80: 0.7058
Epoch 137/150 | Train Loss: 0.0122 | Epoch Time: 0.31s | Spearman@80: 0.8572 | Kendall@80: 0.7049
Epoch 138/150 | Train Loss: 0.0145 | Epoch Time: 0.31s | Spearman@80: 0.8559 | Kendall@80: 0.7066
Epoch 139/150 | Train Loss: 0.0073 | Epoch Time: 0.31s | Spearman@80: 0.8551 | Kendall@80: 0.7030
Epoch 140/150 | Train Loss: 0.0118 | Epoch Time: 0.31s | Spearman@80: 0.8558 | Kendall@80: 0.7060
Epoch 141/150 | Train Loss: 0.0086 | Epoch Time: 0.32s | Spearman@80: 0.8545 | Kendall@80: 0.7028
Epoch 142/150 | Train Loss: 0.0161 | Epoch Time: 0.31s | Spearman@80: 0.8585 | Kendall@80: 0.7072
Epoch 143/150 | Train Loss: 0.0090 | Epoch Time: 0.32s | Spearman@80: 0.8553 | Kendall@80: 0.7039
Epoch 144/150 | Train Loss: 0.0105 | Epoch Time: 0.32s | Spearman@80: 0.8523 | Kendall@80: 0.6990
Epoch 145/150 | Train Loss: 0.0102 | Epoch Time: 0.32s | Spearman@80: 0.8550 | Kendall@80: 0.7034
Epoch 146/150 | Train Loss: 0.0093 | Epoch Time: 0.32s | Spearman@80: 0.8554 | Kendall@80: 0.7036
Epoch 147/150 | Train Loss: 0.0072 | Epoch Time: 1.88s | Spearman@15560: 0.9104 | Kendall@15560: 0.7672
Epoch 148/150 | Train Loss: 0.0108 | Epoch Time: 1.68s | Spearman@15560: 0.9100 | Kendall@15560: 0.7675
Epoch 149/150 | Train Loss: 0.0124 | Epoch Time: 1.66s | Spearman@15560: 0.9086 | Kendall@15560: 0.7650
Epoch 150/150 | Train Loss: 0.0113 | Epoch Time: 1.66s | Spearman@15560: 0.9112 | Kendall@15560: 0.7680
Sample Count: 64, Spearman: 0.9100446758055862, Kendall: 0.7669516615765342
{64: (0.9100446758055862, 0.7669516615765342),
 128: (0.9181561236478507, 0.772870117377308)}
Epoch 1/150 | Train Loss: 0.0893 | Epoch Time: 0.54s | Spearman@80: 0.4038 | Kendall@80: 0.2827
Epoch 2/150 | Train Loss: 0.0667 | Epoch Time: 0.54s | Spearman@80: 0.8531 | Kendall@80: 0.6677
Epoch 3/150 | Train Loss: 0.0473 | Epoch Time: 0.54s | Spearman@80: 0.8348 | Kendall@80: 0.6487
Epoch 4/150 | Train Loss: 0.0471 | Epoch Time: 0.54s | Spearman@80: 0.8759 | Kendall@80: 0.6954
Epoch 5/150 | Train Loss: 0.0360 | Epoch Time: 0.54s | Spearman@80: 0.8896 | Kendall@80: 0.7229
Epoch 6/150 | Train Loss: 0.0376 | Epoch Time: 0.54s | Spearman@80: 0.9076 | Kendall@80: 0.7445
Epoch 7/150 | Train Loss: 0.0318 | Epoch Time: 0.54s | Spearman@80: 0.8784 | Kendall@80: 0.7011
Epoch 8/150 | Train Loss: 0.0398 | Epoch Time: 0.55s | Spearman@80: 0.9187 | Kendall@80: 0.7660
Epoch 9/150 | Train Loss: 0.0310 | Epoch Time: 0.54s | Spearman@80: 0.8839 | Kendall@80: 0.7115
Epoch 10/150 | Train Loss: 0.0329 | Epoch Time: 0.54s | Spearman@80: 0.8773 | Kendall@80: 0.7066
Epoch 11/150 | Train Loss: 0.0340 | Epoch Time: 0.55s | Spearman@80: 0.9071 | Kendall@80: 0.7423
Epoch 12/150 | Train Loss: 0.0317 | Epoch Time: 0.53s | Spearman@80: 0.8967 | Kendall@80: 0.7267
Epoch 13/150 | Train Loss: 0.0302 | Epoch Time: 0.54s | Spearman@80: 0.9297 | Kendall@80: 0.7783
Epoch 14/150 | Train Loss: 0.0327 | Epoch Time: 0.54s | Spearman@80: 0.8987 | Kendall@80: 0.7351
Epoch 15/150 | Train Loss: 0.0395 | Epoch Time: 0.54s | Spearman@80: 0.9182 | Kendall@80: 0.7603
Epoch 16/150 | Train Loss: 0.0327 | Epoch Time: 0.55s | Spearman@80: 0.8538 | Kendall@80: 0.6766
Epoch 17/150 | Train Loss: 0.0325 | Epoch Time: 0.54s | Spearman@80: 0.9100 | Kendall@80: 0.7546
Epoch 18/150 | Train Loss: 0.0306 | Epoch Time: 0.54s | Spearman@80: 0.8856 | Kendall@80: 0.7174
Epoch 19/150 | Train Loss: 0.0344 | Epoch Time: 0.54s | Spearman@80: 0.8940 | Kendall@80: 0.7265
Epoch 20/150 | Train Loss: 0.0300 | Epoch Time: 0.55s | Spearman@80: 0.9212 | Kendall@80: 0.7616
Epoch 21/150 | Train Loss: 0.0347 | Epoch Time: 0.55s | Spearman@80: 0.9165 | Kendall@80: 0.7577
Epoch 22/150 | Train Loss: 0.0304 | Epoch Time: 0.54s | Spearman@80: 0.9001 | Kendall@80: 0.7296
Epoch 23/150 | Train Loss: 0.0315 | Epoch Time: 0.54s | Spearman@80: 0.9124 | Kendall@80: 0.7523
Epoch 24/150 | Train Loss: 0.0243 | Epoch Time: 0.54s | Spearman@80: 0.9239 | Kendall@80: 0.7673
Epoch 25/150 | Train Loss: 0.0340 | Epoch Time: 0.53s | Spearman@80: 0.9286 | Kendall@80: 0.7850
Epoch 26/150 | Train Loss: 0.0285 | Epoch Time: 0.54s | Spearman@80: 0.9166 | Kendall@80: 0.7677
Epoch 27/150 | Train Loss: 0.0309 | Epoch Time: 0.54s | Spearman@80: 0.9234 | Kendall@80: 0.7652
Epoch 28/150 | Train Loss: 0.0271 | Epoch Time: 0.53s | Spearman@80: 0.9281 | Kendall@80: 0.7730
Epoch 29/150 | Train Loss: 0.0290 | Epoch Time: 0.55s | Spearman@80: 0.9253 | Kendall@80: 0.7719
Epoch 30/150 | Train Loss: 0.0281 | Epoch Time: 0.53s | Spearman@80: 0.9222 | Kendall@80: 0.7722
Epoch 31/150 | Train Loss: 0.0300 | Epoch Time: 0.54s | Spearman@80: 0.9225 | Kendall@80: 0.7649
Epoch 32/150 | Train Loss: 0.0256 | Epoch Time: 0.54s | Spearman@80: 0.9165 | Kendall@80: 0.7601
Epoch 33/150 | Train Loss: 0.0266 | Epoch Time: 0.54s | Spearman@80: 0.8978 | Kendall@80: 0.7362
Epoch 34/150 | Train Loss: 0.0360 | Epoch Time: 0.55s | Spearman@80: 0.9207 | Kendall@80: 0.7622
Epoch 35/150 | Train Loss: 0.0303 | Epoch Time: 0.54s | Spearman@80: 0.9253 | Kendall@80: 0.7705
Epoch 36/150 | Train Loss: 0.0285 | Epoch Time: 0.54s | Spearman@80: 0.9319 | Kendall@80: 0.7810
Epoch 37/150 | Train Loss: 0.0285 | Epoch Time: 0.54s | Spearman@80: 0.9278 | Kendall@80: 0.7806
Epoch 38/150 | Train Loss: 0.0275 | Epoch Time: 0.53s | Spearman@80: 0.9368 | Kendall@80: 0.7907
Epoch 39/150 | Train Loss: 0.0242 | Epoch Time: 0.54s | Spearman@80: 0.9201 | Kendall@80: 0.7658
Epoch 40/150 | Train Loss: 0.0193 | Epoch Time: 0.53s | Spearman@80: 0.9257 | Kendall@80: 0.7755
Epoch 41/150 | Train Loss: 0.0221 | Epoch Time: 0.54s | Spearman@80: 0.9328 | Kendall@80: 0.7873
Epoch 42/150 | Train Loss: 0.0280 | Epoch Time: 0.53s | Spearman@80: 0.9323 | Kendall@80: 0.7810
Epoch 43/150 | Train Loss: 0.0254 | Epoch Time: 0.54s | Spearman@80: 0.9375 | Kendall@80: 0.7873
Epoch 44/150 | Train Loss: 0.0262 | Epoch Time: 0.53s | Spearman@80: 0.9450 | Kendall@80: 0.8032
Epoch 45/150 | Train Loss: 0.0272 | Epoch Time: 0.54s | Spearman@80: 0.9445 | Kendall@80: 0.7969
Epoch 46/150 | Train Loss: 0.0231 | Epoch Time: 0.54s | Spearman@80: 0.9207 | Kendall@80: 0.7599
Epoch 47/150 | Train Loss: 0.0281 | Epoch Time: 0.54s | Spearman@80: 0.9404 | Kendall@80: 0.7886
Epoch 48/150 | Train Loss: 0.0275 | Epoch Time: 0.54s | Spearman@80: 0.9496 | Kendall@80: 0.8157
Epoch 49/150 | Train Loss: 0.0237 | Epoch Time: 0.54s | Spearman@80: 0.9535 | Kendall@80: 0.8218
Epoch 50/150 | Train Loss: 0.0235 | Epoch Time: 0.53s | Spearman@80: 0.9372 | Kendall@80: 0.7907
Epoch 51/150 | Train Loss: 0.0243 | Epoch Time: 0.54s | Spearman@80: 0.9432 | Kendall@80: 0.8013
Epoch 52/150 | Train Loss: 0.0239 | Epoch Time: 0.53s | Spearman@80: 0.9520 | Kendall@80: 0.8122
Epoch 53/150 | Train Loss: 0.0215 | Epoch Time: 0.54s | Spearman@80: 0.9360 | Kendall@80: 0.7880
Epoch 54/150 | Train Loss: 0.0210 | Epoch Time: 0.53s | Spearman@80: 0.9265 | Kendall@80: 0.7772
Epoch 55/150 | Train Loss: 0.0217 | Epoch Time: 0.54s | Spearman@80: 0.9323 | Kendall@80: 0.7888
Epoch 56/150 | Train Loss: 0.0213 | Epoch Time: 0.54s | Spearman@80: 0.9415 | Kendall@80: 0.8044
Epoch 57/150 | Train Loss: 0.0285 | Epoch Time: 0.54s | Spearman@80: 0.9370 | Kendall@80: 0.7922
Epoch 58/150 | Train Loss: 0.0240 | Epoch Time: 0.55s | Spearman@80: 0.9535 | Kendall@80: 0.8190
Epoch 59/150 | Train Loss: 0.0219 | Epoch Time: 0.54s | Spearman@80: 0.9406 | Kendall@80: 0.7925
Epoch 60/150 | Train Loss: 0.0212 | Epoch Time: 0.54s | Spearman@80: 0.9352 | Kendall@80: 0.7859
Epoch 61/150 | Train Loss: 0.0213 | Epoch Time: 0.54s | Spearman@80: 0.9409 | Kendall@80: 0.7926
Epoch 62/150 | Train Loss: 0.0231 | Epoch Time: 0.59s | Spearman@80: 0.9282 | Kendall@80: 0.7897
Epoch 63/150 | Train Loss: 0.0243 | Epoch Time: 0.60s | Spearman@80: 0.9383 | Kendall@80: 0.7954
Epoch 64/150 | Train Loss: 0.0227 | Epoch Time: 0.60s | Spearman@80: 0.9352 | Kendall@80: 0.7803
Epoch 65/150 | Train Loss: 0.0300 | Epoch Time: 0.62s | Spearman@80: 0.9444 | Kendall@80: 0.8036
Epoch 66/150 | Train Loss: 0.0199 | Epoch Time: 0.61s | Spearman@80: 0.9331 | Kendall@80: 0.7890
Epoch 67/150 | Train Loss: 0.0231 | Epoch Time: 0.61s | Spearman@80: 0.9509 | Kendall@80: 0.8142
Epoch 68/150 | Train Loss: 0.0180 | Epoch Time: 0.59s | Spearman@80: 0.9423 | Kendall@80: 0.8044
Epoch 69/150 | Train Loss: 0.0217 | Epoch Time: 0.60s | Spearman@80: 0.9398 | Kendall@80: 0.7941
Epoch 70/150 | Train Loss: 0.0239 | Epoch Time: 0.60s | Spearman@80: 0.9391 | Kendall@80: 0.7924
Epoch 71/150 | Train Loss: 0.0237 | Epoch Time: 0.60s | Spearman@80: 0.9477 | Kendall@80: 0.8119
Epoch 72/150 | Train Loss: 0.0236 | Epoch Time: 0.60s | Spearman@80: 0.9369 | Kendall@80: 0.7869
Epoch 73/150 | Train Loss: 0.0233 | Epoch Time: 0.60s | Spearman@80: 0.9408 | Kendall@80: 0.7947
Epoch 74/150 | Train Loss: 0.0216 | Epoch Time: 0.60s | Spearman@80: 0.9283 | Kendall@80: 0.7751
Epoch 75/150 | Train Loss: 0.0256 | Epoch Time: 0.60s | Spearman@80: 0.9342 | Kendall@80: 0.7903
Epoch 76/150 | Train Loss: 0.0220 | Epoch Time: 0.60s | Spearman@80: 0.9374 | Kendall@80: 0.7941
Epoch 77/150 | Train Loss: 0.0233 | Epoch Time: 0.60s | Spearman@80: 0.9400 | Kendall@80: 0.8020
Epoch 78/150 | Train Loss: 0.0179 | Epoch Time: 0.60s | Spearman@80: 0.9329 | Kendall@80: 0.7869
Epoch 79/150 | Train Loss: 0.0203 | Epoch Time: 0.60s | Spearman@80: 0.9433 | Kendall@80: 0.8009
Epoch 80/150 | Train Loss: 0.0236 | Epoch Time: 0.60s | Spearman@80: 0.9336 | Kendall@80: 0.7996
Epoch 81/150 | Train Loss: 0.0196 | Epoch Time: 0.60s | Spearman@80: 0.9415 | Kendall@80: 0.8041
Epoch 82/150 | Train Loss: 0.0268 | Epoch Time: 0.60s | Spearman@80: 0.9395 | Kendall@80: 0.7990
Epoch 83/150 | Train Loss: 0.0200 | Epoch Time: 0.60s | Spearman@80: 0.9447 | Kendall@80: 0.8085
Epoch 84/150 | Train Loss: 0.0181 | Epoch Time: 0.60s | Spearman@80: 0.9398 | Kendall@80: 0.8060
Epoch 85/150 | Train Loss: 0.0291 | Epoch Time: 0.61s | Spearman@80: 0.9449 | Kendall@80: 0.8081
Epoch 86/150 | Train Loss: 0.0210 | Epoch Time: 0.61s | Spearman@80: 0.9422 | Kendall@80: 0.8041
Epoch 87/150 | Train Loss: 0.0174 | Epoch Time: 0.61s | Spearman@80: 0.9401 | Kendall@80: 0.8001
Epoch 88/150 | Train Loss: 0.0207 | Epoch Time: 0.61s | Spearman@80: 0.9453 | Kendall@80: 0.8049
Epoch 89/150 | Train Loss: 0.0169 | Epoch Time: 0.60s | Spearman@80: 0.9505 | Kendall@80: 0.8142
Epoch 90/150 | Train Loss: 0.0207 | Epoch Time: 0.60s | Spearman@80: 0.9539 | Kendall@80: 0.8226
Epoch 91/150 | Train Loss: 0.0222 | Epoch Time: 0.60s | Spearman@80: 0.9556 | Kendall@80: 0.8229
Epoch 92/150 | Train Loss: 0.0189 | Epoch Time: 0.61s | Spearman@80: 0.9527 | Kendall@80: 0.8250
Epoch 93/150 | Train Loss: 0.0218 | Epoch Time: 0.61s | Spearman@80: 0.9508 | Kendall@80: 0.8127
Epoch 94/150 | Train Loss: 0.0196 | Epoch Time: 0.60s | Spearman@80: 0.9500 | Kendall@80: 0.8148
Epoch 95/150 | Train Loss: 0.0162 | Epoch Time: 0.60s | Spearman@80: 0.9530 | Kendall@80: 0.8233
Epoch 96/150 | Train Loss: 0.0141 | Epoch Time: 0.60s | Spearman@80: 0.9513 | Kendall@80: 0.8159
Epoch 97/150 | Train Loss: 0.0201 | Epoch Time: 0.60s | Spearman@80: 0.9590 | Kendall@80: 0.8328
Epoch 98/150 | Train Loss: 0.0171 | Epoch Time: 0.60s | Spearman@80: 0.9545 | Kendall@80: 0.8216
Epoch 99/150 | Train Loss: 0.0165 | Epoch Time: 0.60s | Spearman@80: 0.9560 | Kendall@80: 0.8269
Epoch 100/150 | Train Loss: 0.0153 | Epoch Time: 0.59s | Spearman@80: 0.9557 | Kendall@80: 0.8326
Epoch 101/150 | Train Loss: 0.0226 | Epoch Time: 0.61s | Spearman@80: 0.9543 | Kendall@80: 0.8223
Epoch 102/150 | Train Loss: 0.0158 | Epoch Time: 0.61s | Spearman@80: 0.9579 | Kendall@80: 0.8309
Epoch 103/150 | Train Loss: 0.0201 | Epoch Time: 0.61s | Spearman@80: 0.9566 | Kendall@80: 0.8292
Epoch 104/150 | Train Loss: 0.0188 | Epoch Time: 0.60s | Spearman@80: 0.9561 | Kendall@80: 0.8296
Epoch 105/150 | Train Loss: 0.0188 | Epoch Time: 0.61s | Spearman@80: 0.9535 | Kendall@80: 0.8247
Epoch 106/150 | Train Loss: 0.0187 | Epoch Time: 0.60s | Spearman@80: 0.9526 | Kendall@80: 0.8205
Epoch 107/150 | Train Loss: 0.0132 | Epoch Time: 0.60s | Spearman@80: 0.9559 | Kendall@80: 0.8293
Epoch 108/150 | Train Loss: 0.0164 | Epoch Time: 0.60s | Spearman@80: 0.9603 | Kendall@80: 0.8368
Epoch 109/150 | Train Loss: 0.0191 | Epoch Time: 0.60s | Spearman@80: 0.9567 | Kendall@80: 0.8216
Epoch 110/150 | Train Loss: 0.0167 | Epoch Time: 0.62s | Spearman@80: 0.9506 | Kendall@80: 0.8142
Epoch 111/150 | Train Loss: 0.0175 | Epoch Time: 0.59s | Spearman@80: 0.9563 | Kendall@80: 0.8302
Epoch 112/150 | Train Loss: 0.0211 | Epoch Time: 0.60s | Spearman@80: 0.9573 | Kendall@80: 0.8339
Epoch 113/150 | Train Loss: 0.0179 | Epoch Time: 0.61s | Spearman@80: 0.9517 | Kendall@80: 0.8226
Epoch 114/150 | Train Loss: 0.0206 | Epoch Time: 0.61s | Spearman@80: 0.9474 | Kendall@80: 0.8197
Epoch 115/150 | Train Loss: 0.0212 | Epoch Time: 0.60s | Spearman@80: 0.9478 | Kendall@80: 0.8161
Epoch 116/150 | Train Loss: 0.0153 | Epoch Time: 0.62s | Spearman@80: 0.9484 | Kendall@80: 0.8166
Epoch 117/150 | Train Loss: 0.0156 | Epoch Time: 0.61s | Spearman@80: 0.9554 | Kendall@80: 0.8269
Epoch 118/150 | Train Loss: 0.0177 | Epoch Time: 0.60s | Spearman@80: 0.9543 | Kendall@80: 0.8326
Epoch 119/150 | Train Loss: 0.0206 | Epoch Time: 0.61s | Spearman@80: 0.9525 | Kendall@80: 0.8292
Epoch 120/150 | Train Loss: 0.0180 | Epoch Time: 0.62s | Spearman@80: 0.9534 | Kendall@80: 0.8269
Epoch 121/150 | Train Loss: 0.0198 | Epoch Time: 0.62s | Spearman@80: 0.9497 | Kendall@80: 0.8201
Epoch 122/150 | Train Loss: 0.0174 | Epoch Time: 0.62s | Spearman@80: 0.9535 | Kendall@80: 0.8254
Epoch 123/150 | Train Loss: 0.0178 | Epoch Time: 0.60s | Spearman@80: 0.9504 | Kendall@80: 0.8172
Epoch 124/150 | Train Loss: 0.0137 | Epoch Time: 0.61s | Spearman@80: 0.9541 | Kendall@80: 0.8250
Epoch 125/150 | Train Loss: 0.0168 | Epoch Time: 0.61s | Spearman@80: 0.9531 | Kendall@80: 0.8250
Epoch 126/150 | Train Loss: 0.0161 | Epoch Time: 0.61s | Spearman@80: 0.9522 | Kendall@80: 0.8237
Epoch 127/150 | Train Loss: 0.0165 | Epoch Time: 0.61s | Spearman@80: 0.9555 | Kendall@80: 0.8273
Epoch 128/150 | Train Loss: 0.0181 | Epoch Time: 0.60s | Spearman@80: 0.9548 | Kendall@80: 0.8261
Epoch 129/150 | Train Loss: 0.0160 | Epoch Time: 0.60s | Spearman@80: 0.9559 | Kendall@80: 0.8282
Epoch 130/150 | Train Loss: 0.0189 | Epoch Time: 0.62s | Spearman@80: 0.9548 | Kendall@80: 0.8261
Epoch 131/150 | Train Loss: 0.0136 | Epoch Time: 0.61s | Spearman@80: 0.9577 | Kendall@80: 0.8320
Epoch 132/150 | Train Loss: 0.0146 | Epoch Time: 0.61s | Spearman@80: 0.9552 | Kendall@80: 0.8292
Epoch 133/150 | Train Loss: 0.0179 | Epoch Time: 0.61s | Spearman@80: 0.9574 | Kendall@80: 0.8349
Epoch 134/150 | Train Loss: 0.0167 | Epoch Time: 0.61s | Spearman@80: 0.9584 | Kendall@80: 0.8358
Epoch 135/150 | Train Loss: 0.0143 | Epoch Time: 0.63s | Spearman@80: 0.9590 | Kendall@80: 0.8385
Epoch 136/150 | Train Loss: 0.0153 | Epoch Time: 0.62s | Spearman@80: 0.9565 | Kendall@80: 0.8324
Epoch 137/150 | Train Loss: 0.0172 | Epoch Time: 0.61s | Spearman@80: 0.9579 | Kendall@80: 0.8334
Epoch 138/150 | Train Loss: 0.0172 | Epoch Time: 0.61s | Spearman@80: 0.9586 | Kendall@80: 0.8351
Epoch 139/150 | Train Loss: 0.0174 | Epoch Time: 0.61s | Spearman@80: 0.9582 | Kendall@80: 0.8339
Epoch 140/150 | Train Loss: 0.0178 | Epoch Time: 0.61s | Spearman@80: 0.9598 | Kendall@80: 0.8368
Epoch 141/150 | Train Loss: 0.0173 | Epoch Time: 0.61s | Spearman@80: 0.9589 | Kendall@80: 0.8375
Epoch 142/150 | Train Loss: 0.0211 | Epoch Time: 0.62s | Spearman@80: 0.9605 | Kendall@80: 0.8426
Epoch 143/150 | Train Loss: 0.0156 | Epoch Time: 0.61s | Spearman@80: 0.9588 | Kendall@80: 0.8349
Epoch 144/150 | Train Loss: 0.0146 | Epoch Time: 0.61s | Spearman@80: 0.9602 | Kendall@80: 0.8389
Epoch 145/150 | Train Loss: 0.0144 | Epoch Time: 0.61s | Spearman@80: 0.9583 | Kendall@80: 0.8338
Epoch 146/150 | Train Loss: 0.0150 | Epoch Time: 0.61s | Spearman@80: 0.9588 | Kendall@80: 0.8334
Epoch 147/150 | Train Loss: 0.0156 | Epoch Time: 2.21s | Spearman@15496: 0.9507 | Kendall@15496: 0.8236
Epoch 148/150 | Train Loss: 0.0184 | Epoch Time: 1.97s | Spearman@15496: 0.9504 | Kendall@15496: 0.8233
Epoch 149/150 | Train Loss: 0.0133 | Epoch Time: 1.96s | Spearman@15496: 0.9498 | Kendall@15496: 0.8219
Epoch 150/150 | Train Loss: 0.0163 | Epoch Time: 1.96s | Spearman@15496: 0.9512 | Kendall@15496: 0.8245
Sample Count: 128, Spearman: 0.9505061844806666, Kendall: 0.8233171376972488
{64: (0.9100446758055862, 0.7669516615765342),
 128: (0.9505061844806666, 0.8233171376972488)}
Epoch 1/150 | Train Loss: 0.1012 | Epoch Time: 0.28s | Spearman@80: 0.1879 | Kendall@80: 0.1313
Epoch 2/150 | Train Loss: 0.0960 | Epoch Time: 0.27s | Spearman@80: 0.2966 | Kendall@80: 0.2109
Epoch 3/150 | Train Loss: 0.0758 | Epoch Time: 0.28s | Spearman@80: 0.6350 | Kendall@80: 0.4482
Epoch 4/150 | Train Loss: 0.0473 | Epoch Time: 0.28s | Spearman@80: 0.8369 | Kendall@80: 0.6400
Epoch 5/150 | Train Loss: 0.0418 | Epoch Time: 0.28s | Spearman@80: 0.7954 | Kendall@80: 0.6163
Epoch 6/150 | Train Loss: 0.0454 | Epoch Time: 0.27s | Spearman@80: 0.8074 | Kendall@80: 0.6208
Epoch 7/150 | Train Loss: 0.0408 | Epoch Time: 0.28s | Spearman@80: 0.8439 | Kendall@80: 0.6616
Epoch 8/150 | Train Loss: 0.0346 | Epoch Time: 0.28s | Spearman@80: 0.8579 | Kendall@80: 0.6736
Epoch 9/150 | Train Loss: 0.0488 | Epoch Time: 0.27s | Spearman@80: 0.8653 | Kendall@80: 0.6722
Epoch 10/150 | Train Loss: 0.0387 | Epoch Time: 0.27s | Spearman@80: 0.8847 | Kendall@80: 0.7045
Epoch 11/150 | Train Loss: 0.0378 | Epoch Time: 0.28s | Spearman@80: 0.8679 | Kendall@80: 0.6781
Epoch 12/150 | Train Loss: 0.0352 | Epoch Time: 0.28s | Spearman@80: 0.8127 | Kendall@80: 0.6335
Epoch 13/150 | Train Loss: 0.0310 | Epoch Time: 0.27s | Spearman@80: 0.8737 | Kendall@80: 0.7009
Epoch 14/150 | Train Loss: 0.0253 | Epoch Time: 0.28s | Spearman@80: 0.8805 | Kendall@80: 0.7147
Epoch 15/150 | Train Loss: 0.0348 | Epoch Time: 0.27s | Spearman@80: 0.8927 | Kendall@80: 0.7343
Epoch 16/150 | Train Loss: 0.0290 | Epoch Time: 0.27s | Spearman@80: 0.8616 | Kendall@80: 0.6855
Epoch 17/150 | Train Loss: 0.0286 | Epoch Time: 0.28s | Spearman@80: 0.8900 | Kendall@80: 0.7301
Epoch 18/150 | Train Loss: 0.0347 | Epoch Time: 0.27s | Spearman@80: 0.8743 | Kendall@80: 0.7014
Epoch 19/150 | Train Loss: 0.0274 | Epoch Time: 0.27s | Spearman@80: 0.9066 | Kendall@80: 0.7635
Epoch 20/150 | Train Loss: 0.0285 | Epoch Time: 0.28s | Spearman@80: 0.9038 | Kendall@80: 0.7523
Epoch 21/150 | Train Loss: 0.0240 | Epoch Time: 0.27s | Spearman@80: 0.8976 | Kendall@80: 0.7383
Epoch 22/150 | Train Loss: 0.0198 | Epoch Time: 0.28s | Spearman@80: 0.8993 | Kendall@80: 0.7413
Epoch 23/150 | Train Loss: 0.0259 | Epoch Time: 0.28s | Spearman@80: 0.9056 | Kendall@80: 0.7517
Epoch 24/150 | Train Loss: 0.0222 | Epoch Time: 0.27s | Spearman@80: 0.9114 | Kendall@80: 0.7644
Epoch 25/150 | Train Loss: 0.0158 | Epoch Time: 0.28s | Spearman@80: 0.9154 | Kendall@80: 0.7743
Epoch 26/150 | Train Loss: 0.0254 | Epoch Time: 0.27s | Spearman@80: 0.9158 | Kendall@80: 0.7597
Epoch 27/150 | Train Loss: 0.0223 | Epoch Time: 0.28s | Spearman@80: 0.9069 | Kendall@80: 0.7485
Epoch 28/150 | Train Loss: 0.0268 | Epoch Time: 0.28s | Spearman@80: 0.9025 | Kendall@80: 0.7394
Epoch 29/150 | Train Loss: 0.0264 | Epoch Time: 0.28s | Spearman@80: 0.9111 | Kendall@80: 0.7572
Epoch 30/150 | Train Loss: 0.0272 | Epoch Time: 0.28s | Spearman@80: 0.9019 | Kendall@80: 0.7517
Epoch 31/150 | Train Loss: 0.0251 | Epoch Time: 0.28s | Spearman@80: 0.8986 | Kendall@80: 0.7426
Epoch 32/150 | Train Loss: 0.0220 | Epoch Time: 0.28s | Spearman@80: 0.8940 | Kendall@80: 0.7318
Epoch 33/150 | Train Loss: 0.0200 | Epoch Time: 0.28s | Spearman@80: 0.8847 | Kendall@80: 0.7244
Epoch 34/150 | Train Loss: 0.0243 | Epoch Time: 0.27s | Spearman@80: 0.9120 | Kendall@80: 0.7586
Epoch 35/150 | Train Loss: 0.0219 | Epoch Time: 0.27s | Spearman@80: 0.9162 | Kendall@80: 0.7732
Epoch 36/150 | Train Loss: 0.0194 | Epoch Time: 0.27s | Spearman@80: 0.9107 | Kendall@80: 0.7521
Epoch 37/150 | Train Loss: 0.0239 | Epoch Time: 0.27s | Spearman@80: 0.9228 | Kendall@80: 0.7756
Epoch 38/150 | Train Loss: 0.0179 | Epoch Time: 0.27s | Spearman@80: 0.9204 | Kendall@80: 0.7680
Epoch 39/150 | Train Loss: 0.0197 | Epoch Time: 0.28s | Spearman@80: 0.9039 | Kendall@80: 0.7447
Epoch 40/150 | Train Loss: 0.0248 | Epoch Time: 0.28s | Spearman@80: 0.8923 | Kendall@80: 0.7263
Epoch 41/150 | Train Loss: 0.0222 | Epoch Time: 0.27s | Spearman@80: 0.8853 | Kendall@80: 0.7174
Epoch 42/150 | Train Loss: 0.0258 | Epoch Time: 0.28s | Spearman@80: 0.9083 | Kendall@80: 0.7489
Epoch 43/150 | Train Loss: 0.0224 | Epoch Time: 0.28s | Spearman@80: 0.9198 | Kendall@80: 0.7758
Epoch 44/150 | Train Loss: 0.0205 | Epoch Time: 0.28s | Spearman@80: 0.8995 | Kendall@80: 0.7428
Epoch 45/150 | Train Loss: 0.0175 | Epoch Time: 0.28s | Spearman@80: 0.9050 | Kendall@80: 0.7477
Epoch 46/150 | Train Loss: 0.0215 | Epoch Time: 0.28s | Spearman@80: 0.9007 | Kendall@80: 0.7428
Epoch 47/150 | Train Loss: 0.0171 | Epoch Time: 0.28s | Spearman@80: 0.8870 | Kendall@80: 0.7261
Epoch 48/150 | Train Loss: 0.0235 | Epoch Time: 0.28s | Spearman@80: 0.8984 | Kendall@80: 0.7460
Epoch 49/150 | Train Loss: 0.0212 | Epoch Time: 0.28s | Spearman@80: 0.9009 | Kendall@80: 0.7409
Epoch 50/150 | Train Loss: 0.0212 | Epoch Time: 0.28s | Spearman@80: 0.9062 | Kendall@80: 0.7491
Epoch 51/150 | Train Loss: 0.0191 | Epoch Time: 0.27s | Spearman@80: 0.9111 | Kendall@80: 0.7498
Epoch 52/150 | Train Loss: 0.0220 | Epoch Time: 0.28s | Spearman@80: 0.9113 | Kendall@80: 0.7536
Epoch 53/150 | Train Loss: 0.0201 | Epoch Time: 0.28s | Spearman@80: 0.9099 | Kendall@80: 0.7548
Epoch 54/150 | Train Loss: 0.0209 | Epoch Time: 0.27s | Spearman@80: 0.9078 | Kendall@80: 0.7567
Epoch 55/150 | Train Loss: 0.0203 | Epoch Time: 0.28s | Spearman@80: 0.9269 | Kendall@80: 0.7764
Epoch 56/150 | Train Loss: 0.0144 | Epoch Time: 0.28s | Spearman@80: 0.9208 | Kendall@80: 0.7732
Epoch 57/150 | Train Loss: 0.0227 | Epoch Time: 0.27s | Spearman@80: 0.9050 | Kendall@80: 0.7510
Epoch 58/150 | Train Loss: 0.0191 | Epoch Time: 0.28s | Spearman@80: 0.8897 | Kendall@80: 0.7358
Epoch 59/150 | Train Loss: 0.0226 | Epoch Time: 0.27s | Spearman@80: 0.9036 | Kendall@80: 0.7534
Epoch 60/150 | Train Loss: 0.0189 | Epoch Time: 0.28s | Spearman@80: 0.9079 | Kendall@80: 0.7610
Epoch 61/150 | Train Loss: 0.0238 | Epoch Time: 0.28s | Spearman@80: 0.9081 | Kendall@80: 0.7536
Epoch 62/150 | Train Loss: 0.0282 | Epoch Time: 0.28s | Spearman@80: 0.8806 | Kendall@80: 0.7090
Epoch 63/150 | Train Loss: 0.0274 | Epoch Time: 0.28s | Spearman@80: 0.8773 | Kendall@80: 0.7060
Epoch 64/150 | Train Loss: 0.0194 | Epoch Time: 0.27s | Spearman@80: 0.8938 | Kendall@80: 0.7255
Epoch 65/150 | Train Loss: 0.0195 | Epoch Time: 0.28s | Spearman@80: 0.9072 | Kendall@80: 0.7498
Epoch 66/150 | Train Loss: 0.0184 | Epoch Time: 0.27s | Spearman@80: 0.9043 | Kendall@80: 0.7477
Epoch 67/150 | Train Loss: 0.0186 | Epoch Time: 0.27s | Spearman@80: 0.9187 | Kendall@80: 0.7713
Epoch 68/150 | Train Loss: 0.0239 | Epoch Time: 0.28s | Spearman@80: 0.9162 | Kendall@80: 0.7654
Epoch 69/150 | Train Loss: 0.0171 | Epoch Time: 0.28s | Spearman@80: 0.9067 | Kendall@80: 0.7445
Epoch 70/150 | Train Loss: 0.0181 | Epoch Time: 0.27s | Spearman@80: 0.9207 | Kendall@80: 0.7775
Epoch 71/150 | Train Loss: 0.0156 | Epoch Time: 0.28s | Spearman@80: 0.9075 | Kendall@80: 0.7489
Epoch 72/150 | Train Loss: 0.0219 | Epoch Time: 0.27s | Spearman@80: 0.8925 | Kendall@80: 0.7388
Epoch 73/150 | Train Loss: 0.0215 | Epoch Time: 0.27s | Spearman@80: 0.8953 | Kendall@80: 0.7426
Epoch 74/150 | Train Loss: 0.0304 | Epoch Time: 0.27s | Spearman@80: 0.8939 | Kendall@80: 0.7339
Epoch 75/150 | Train Loss: 0.0207 | Epoch Time: 0.27s | Spearman@80: 0.9087 | Kendall@80: 0.7565
Epoch 76/150 | Train Loss: 0.0198 | Epoch Time: 0.28s | Spearman@80: 0.9208 | Kendall@80: 0.7730
Epoch 77/150 | Train Loss: 0.0151 | Epoch Time: 0.28s | Spearman@80: 0.9206 | Kendall@80: 0.7770
Epoch 78/150 | Train Loss: 0.0128 | Epoch Time: 0.27s | Spearman@80: 0.9187 | Kendall@80: 0.7726
Epoch 79/150 | Train Loss: 0.0202 | Epoch Time: 0.27s | Spearman@80: 0.9201 | Kendall@80: 0.7669
Epoch 80/150 | Train Loss: 0.0122 | Epoch Time: 0.27s | Spearman@80: 0.9149 | Kendall@80: 0.7642
Epoch 81/150 | Train Loss: 0.0162 | Epoch Time: 0.28s | Spearman@80: 0.9039 | Kendall@80: 0.7458
Epoch 82/150 | Train Loss: 0.0177 | Epoch Time: 0.28s | Spearman@80: 0.9158 | Kendall@80: 0.7713
Epoch 83/150 | Train Loss: 0.0195 | Epoch Time: 0.27s | Spearman@80: 0.9074 | Kendall@80: 0.7565
Epoch 84/150 | Train Loss: 0.0136 | Epoch Time: 0.28s | Spearman@80: 0.9144 | Kendall@80: 0.7637
Epoch 85/150 | Train Loss: 0.0109 | Epoch Time: 0.28s | Spearman@80: 0.9001 | Kendall@80: 0.7383
Epoch 86/150 | Train Loss: 0.0224 | Epoch Time: 0.27s | Spearman@80: 0.9092 | Kendall@80: 0.7559
Epoch 87/150 | Train Loss: 0.0142 | Epoch Time: 0.28s | Spearman@80: 0.9027 | Kendall@80: 0.7458
Epoch 88/150 | Train Loss: 0.0206 | Epoch Time: 0.28s | Spearman@80: 0.8907 | Kendall@80: 0.7312
Epoch 89/150 | Train Loss: 0.0223 | Epoch Time: 0.27s | Spearman@80: 0.9032 | Kendall@80: 0.7458
Epoch 90/150 | Train Loss: 0.0167 | Epoch Time: 0.28s | Spearman@80: 0.9187 | Kendall@80: 0.7694
Epoch 91/150 | Train Loss: 0.0190 | Epoch Time: 0.28s | Spearman@80: 0.9198 | Kendall@80: 0.7783
Epoch 92/150 | Train Loss: 0.0192 | Epoch Time: 0.28s | Spearman@80: 0.9212 | Kendall@80: 0.7701
Epoch 93/150 | Train Loss: 0.0128 | Epoch Time: 0.28s | Spearman@80: 0.9164 | Kendall@80: 0.7654
Epoch 94/150 | Train Loss: 0.0127 | Epoch Time: 0.28s | Spearman@80: 0.9111 | Kendall@80: 0.7580
Epoch 95/150 | Train Loss: 0.0148 | Epoch Time: 0.27s | Spearman@80: 0.9119 | Kendall@80: 0.7561
Epoch 96/150 | Train Loss: 0.0185 | Epoch Time: 0.27s | Spearman@80: 0.9107 | Kendall@80: 0.7508
Epoch 97/150 | Train Loss: 0.0110 | Epoch Time: 0.27s | Spearman@80: 0.9103 | Kendall@80: 0.7548
Epoch 98/150 | Train Loss: 0.0133 | Epoch Time: 0.28s | Spearman@80: 0.9101 | Kendall@80: 0.7542
Epoch 99/150 | Train Loss: 0.0114 | Epoch Time: 0.28s | Spearman@80: 0.9104 | Kendall@80: 0.7504
Epoch 100/150 | Train Loss: 0.0183 | Epoch Time: 0.28s | Spearman@80: 0.9137 | Kendall@80: 0.7599
Epoch 101/150 | Train Loss: 0.0130 | Epoch Time: 0.28s | Spearman@80: 0.9171 | Kendall@80: 0.7642
Epoch 102/150 | Train Loss: 0.0159 | Epoch Time: 0.27s | Spearman@80: 0.9180 | Kendall@80: 0.7654
Epoch 103/150 | Train Loss: 0.0139 | Epoch Time: 0.28s | Spearman@80: 0.9158 | Kendall@80: 0.7707
Epoch 104/150 | Train Loss: 0.0138 | Epoch Time: 0.27s | Spearman@80: 0.9181 | Kendall@80: 0.7730
Epoch 105/150 | Train Loss: 0.0108 | Epoch Time: 0.28s | Spearman@80: 0.9159 | Kendall@80: 0.7661
Epoch 106/150 | Train Loss: 0.0142 | Epoch Time: 0.27s | Spearman@80: 0.9141 | Kendall@80: 0.7673
Epoch 107/150 | Train Loss: 0.0083 | Epoch Time: 0.27s | Spearman@80: 0.9137 | Kendall@80: 0.7663
Epoch 108/150 | Train Loss: 0.0126 | Epoch Time: 0.28s | Spearman@80: 0.9172 | Kendall@80: 0.7686
Epoch 109/150 | Train Loss: 0.0198 | Epoch Time: 0.27s | Spearman@80: 0.9123 | Kendall@80: 0.7661
Epoch 110/150 | Train Loss: 0.0111 | Epoch Time: 0.28s | Spearman@80: 0.9114 | Kendall@80: 0.7642
Epoch 111/150 | Train Loss: 0.0151 | Epoch Time: 0.30s | Spearman@80: 0.9153 | Kendall@80: 0.7694
Epoch 112/150 | Train Loss: 0.0173 | Epoch Time: 0.32s | Spearman@80: 0.9138 | Kendall@80: 0.7648
Epoch 113/150 | Train Loss: 0.0193 | Epoch Time: 0.30s | Spearman@80: 0.9094 | Kendall@80: 0.7616
Epoch 114/150 | Train Loss: 0.0099 | Epoch Time: 0.31s | Spearman@80: 0.9131 | Kendall@80: 0.7680
Epoch 115/150 | Train Loss: 0.0126 | Epoch Time: 0.32s | Spearman@80: 0.9141 | Kendall@80: 0.7713
Epoch 116/150 | Train Loss: 0.0122 | Epoch Time: 0.31s | Spearman@80: 0.9228 | Kendall@80: 0.7808
Epoch 117/150 | Train Loss: 0.0113 | Epoch Time: 0.31s | Spearman@80: 0.9223 | Kendall@80: 0.7768
Epoch 118/150 | Train Loss: 0.0150 | Epoch Time: 0.32s | Spearman@80: 0.9203 | Kendall@80: 0.7751
Epoch 119/150 | Train Loss: 0.0133 | Epoch Time: 0.32s | Spearman@80: 0.9183 | Kendall@80: 0.7737
Epoch 120/150 | Train Loss: 0.0108 | Epoch Time: 0.32s | Spearman@80: 0.9153 | Kendall@80: 0.7732
Epoch 121/150 | Train Loss: 0.0162 | Epoch Time: 0.32s | Spearman@80: 0.9146 | Kendall@80: 0.7726
Epoch 122/150 | Train Loss: 0.0142 | Epoch Time: 0.32s | Spearman@80: 0.9176 | Kendall@80: 0.7783
Epoch 123/150 | Train Loss: 0.0125 | Epoch Time: 0.32s | Spearman@80: 0.9126 | Kendall@80: 0.7669
Epoch 124/150 | Train Loss: 0.0120 | Epoch Time: 0.32s | Spearman@80: 0.9088 | Kendall@80: 0.7591
Epoch 125/150 | Train Loss: 0.0086 | Epoch Time: 0.31s | Spearman@80: 0.9115 | Kendall@80: 0.7656
Epoch 126/150 | Train Loss: 0.0100 | Epoch Time: 0.30s | Spearman@80: 0.9190 | Kendall@80: 0.7745
Epoch 127/150 | Train Loss: 0.0133 | Epoch Time: 0.32s | Spearman@80: 0.9169 | Kendall@80: 0.7699
Epoch 128/150 | Train Loss: 0.0123 | Epoch Time: 0.32s | Spearman@80: 0.9163 | Kendall@80: 0.7720
Epoch 129/150 | Train Loss: 0.0101 | Epoch Time: 0.31s | Spearman@80: 0.9140 | Kendall@80: 0.7692
Epoch 130/150 | Train Loss: 0.0135 | Epoch Time: 0.31s | Spearman@80: 0.9140 | Kendall@80: 0.7711
Epoch 131/150 | Train Loss: 0.0157 | Epoch Time: 0.32s | Spearman@80: 0.9147 | Kendall@80: 0.7724
Epoch 132/150 | Train Loss: 0.0073 | Epoch Time: 0.31s | Spearman@80: 0.9157 | Kendall@80: 0.7732
Epoch 133/150 | Train Loss: 0.0111 | Epoch Time: 0.32s | Spearman@80: 0.9188 | Kendall@80: 0.7749
Epoch 134/150 | Train Loss: 0.0130 | Epoch Time: 0.32s | Spearman@80: 0.9174 | Kendall@80: 0.7686
Epoch 135/150 | Train Loss: 0.0095 | Epoch Time: 0.32s | Spearman@80: 0.9132 | Kendall@80: 0.7637
Epoch 136/150 | Train Loss: 0.0101 | Epoch Time: 0.31s | Spearman@80: 0.9169 | Kendall@80: 0.7705
Epoch 137/150 | Train Loss: 0.0089 | Epoch Time: 0.31s | Spearman@80: 0.9159 | Kendall@80: 0.7688
Epoch 138/150 | Train Loss: 0.0084 | Epoch Time: 0.31s | Spearman@80: 0.9169 | Kendall@80: 0.7713
Epoch 139/150 | Train Loss: 0.0079 | Epoch Time: 0.31s | Spearman@80: 0.9191 | Kendall@80: 0.7770
Epoch 140/150 | Train Loss: 0.0105 | Epoch Time: 0.31s | Spearman@80: 0.9192 | Kendall@80: 0.7758
Epoch 141/150 | Train Loss: 0.0125 | Epoch Time: 0.32s | Spearman@80: 0.9183 | Kendall@80: 0.7732
Epoch 142/150 | Train Loss: 0.0083 | Epoch Time: 0.31s | Spearman@80: 0.9174 | Kendall@80: 0.7713
Epoch 143/150 | Train Loss: 0.0160 | Epoch Time: 0.31s | Spearman@80: 0.9182 | Kendall@80: 0.7751
Epoch 144/150 | Train Loss: 0.0049 | Epoch Time: 0.31s | Spearman@80: 0.9202 | Kendall@80: 0.7783
Epoch 145/150 | Train Loss: 0.0169 | Epoch Time: 0.31s | Spearman@80: 0.9202 | Kendall@80: 0.7770
Epoch 146/150 | Train Loss: 0.0109 | Epoch Time: 0.31s | Spearman@80: 0.9191 | Kendall@80: 0.7762
Epoch 147/150 | Train Loss: 0.0127 | Epoch Time: 1.83s | Spearman@15560: 0.9248 | Kendall@15560: 0.7778
Epoch 148/150 | Train Loss: 0.0101 | Epoch Time: 1.66s | Spearman@15560: 0.9248 | Kendall@15560: 0.7778
Epoch 149/150 | Train Loss: 0.0095 | Epoch Time: 1.66s | Spearman@15560: 0.9242 | Kendall@15560: 0.7765
Epoch 150/150 | Train Loss: 0.0143 | Epoch Time: 1.66s | Spearman@15560: 0.9250 | Kendall@15560: 0.7777
Sample Count: 64, Spearman: 0.9246957055177991, Kendall: 0.7774314596605849
{64: (0.9246957055177991, 0.7774314596605849),
 128: (0.9505061844806666, 0.8233171376972488)}
Epoch 1/150 | Train Loss: 0.0873 | Epoch Time: 0.54s | Spearman@80: 0.4633 | Kendall@80: 0.3283
Epoch 2/150 | Train Loss: 0.0632 | Epoch Time: 0.54s | Spearman@80: 0.8802 | Kendall@80: 0.7014
Epoch 3/150 | Train Loss: 0.0493 | Epoch Time: 0.54s | Spearman@80: 0.7761 | Kendall@80: 0.6054
Epoch 4/150 | Train Loss: 0.0508 | Epoch Time: 0.55s | Spearman@80: 0.8216 | Kendall@80: 0.6495
Epoch 5/150 | Train Loss: 0.0427 | Epoch Time: 0.53s | Spearman@80: 0.8956 | Kendall@80: 0.7398
Epoch 6/150 | Train Loss: 0.0431 | Epoch Time: 0.54s | Spearman@80: 0.8908 | Kendall@80: 0.7319
Epoch 7/150 | Train Loss: 0.0373 | Epoch Time: 0.54s | Spearman@80: 0.8977 | Kendall@80: 0.7321
Epoch 8/150 | Train Loss: 0.0347 | Epoch Time: 0.55s | Spearman@80: 0.8934 | Kendall@80: 0.7362
Epoch 9/150 | Train Loss: 0.0354 | Epoch Time: 0.54s | Spearman@80: 0.8921 | Kendall@80: 0.7294
Epoch 10/150 | Train Loss: 0.0322 | Epoch Time: 0.55s | Spearman@80: 0.8981 | Kendall@80: 0.7417
Epoch 11/150 | Train Loss: 0.0351 | Epoch Time: 0.54s | Spearman@80: 0.8625 | Kendall@80: 0.6957
Epoch 12/150 | Train Loss: 0.0406 | Epoch Time: 0.54s | Spearman@80: 0.9025 | Kendall@80: 0.7377
Epoch 13/150 | Train Loss: 0.0363 | Epoch Time: 0.54s | Spearman@80: 0.9107 | Kendall@80: 0.7508
Epoch 14/150 | Train Loss: 0.0426 | Epoch Time: 0.54s | Spearman@80: 0.9290 | Kendall@80: 0.7771
Epoch 15/150 | Train Loss: 0.0398 | Epoch Time: 0.54s | Spearman@80: 0.8975 | Kendall@80: 0.7300
Epoch 16/150 | Train Loss: 0.0316 | Epoch Time: 0.54s | Spearman@80: 0.9186 | Kendall@80: 0.7618
Epoch 17/150 | Train Loss: 0.0343 | Epoch Time: 0.55s | Spearman@80: 0.8541 | Kendall@80: 0.6824
Epoch 18/150 | Train Loss: 0.0369 | Epoch Time: 0.54s | Spearman@80: 0.8886 | Kendall@80: 0.7288
Epoch 19/150 | Train Loss: 0.0347 | Epoch Time: 0.54s | Spearman@80: 0.9178 | Kendall@80: 0.7605
Epoch 20/150 | Train Loss: 0.0328 | Epoch Time: 0.54s | Spearman@80: 0.8912 | Kendall@80: 0.7243
Epoch 21/150 | Train Loss: 0.0373 | Epoch Time: 0.54s | Spearman@80: 0.9043 | Kendall@80: 0.7394
Epoch 22/150 | Train Loss: 0.0365 | Epoch Time: 0.54s | Spearman@80: 0.9117 | Kendall@80: 0.7676
Epoch 23/150 | Train Loss: 0.0316 | Epoch Time: 0.54s | Spearman@80: 0.9154 | Kendall@80: 0.7554
Epoch 24/150 | Train Loss: 0.0338 | Epoch Time: 0.55s | Spearman@80: 0.9199 | Kendall@80: 0.7686
Epoch 25/150 | Train Loss: 0.0337 | Epoch Time: 0.55s | Spearman@80: 0.9331 | Kendall@80: 0.7811
Epoch 26/150 | Train Loss: 0.0398 | Epoch Time: 0.54s | Spearman@80: 0.8914 | Kendall@80: 0.7307
Epoch 27/150 | Train Loss: 0.0297 | Epoch Time: 0.54s | Spearman@80: 0.9200 | Kendall@80: 0.7489
Epoch 28/150 | Train Loss: 0.0348 | Epoch Time: 0.54s | Spearman@80: 0.9131 | Kendall@80: 0.7549
Epoch 29/150 | Train Loss: 0.0333 | Epoch Time: 0.54s | Spearman@80: 0.9156 | Kendall@80: 0.7491
Epoch 30/150 | Train Loss: 0.0284 | Epoch Time: 0.55s | Spearman@80: 0.9106 | Kendall@80: 0.7427
Epoch 31/150 | Train Loss: 0.0367 | Epoch Time: 0.54s | Spearman@80: 0.9032 | Kendall@80: 0.7427
Epoch 32/150 | Train Loss: 0.0305 | Epoch Time: 0.54s | Spearman@80: 0.8899 | Kendall@80: 0.7207
Epoch 33/150 | Train Loss: 0.0265 | Epoch Time: 0.54s | Spearman@80: 0.9046 | Kendall@80: 0.7434
Epoch 34/150 | Train Loss: 0.0284 | Epoch Time: 0.54s | Spearman@80: 0.9084 | Kendall@80: 0.7460
Epoch 35/150 | Train Loss: 0.0347 | Epoch Time: 0.55s | Spearman@80: 0.9110 | Kendall@80: 0.7620
Epoch 36/150 | Train Loss: 0.0323 | Epoch Time: 0.54s | Spearman@80: 0.9016 | Kendall@80: 0.7434
Epoch 37/150 | Train Loss: 0.0373 | Epoch Time: 0.54s | Spearman@80: 0.9077 | Kendall@80: 0.7440
Epoch 38/150 | Train Loss: 0.0325 | Epoch Time: 0.55s | Spearman@80: 0.8917 | Kendall@80: 0.7213
Epoch 39/150 | Train Loss: 0.0347 | Epoch Time: 0.54s | Spearman@80: 0.9057 | Kendall@80: 0.7402
Epoch 40/150 | Train Loss: 0.0297 | Epoch Time: 0.54s | Spearman@80: 0.9088 | Kendall@80: 0.7433
Epoch 41/150 | Train Loss: 0.0305 | Epoch Time: 0.55s | Spearman@80: 0.9086 | Kendall@80: 0.7500
Epoch 42/150 | Train Loss: 0.0254 | Epoch Time: 0.54s | Spearman@80: 0.9177 | Kendall@80: 0.7546
Epoch 43/150 | Train Loss: 0.0250 | Epoch Time: 0.54s | Spearman@80: 0.9076 | Kendall@80: 0.7457
Epoch 44/150 | Train Loss: 0.0312 | Epoch Time: 0.54s | Spearman@80: 0.9059 | Kendall@80: 0.7483
Epoch 45/150 | Train Loss: 0.0300 | Epoch Time: 0.54s | Spearman@80: 0.9202 | Kendall@80: 0.7563
Epoch 46/150 | Train Loss: 0.0294 | Epoch Time: 0.54s | Spearman@80: 0.9224 | Kendall@80: 0.7640
Epoch 47/150 | Train Loss: 0.0277 | Epoch Time: 0.54s | Spearman@80: 0.8971 | Kendall@80: 0.7355
Epoch 48/150 | Train Loss: 0.0225 | Epoch Time: 0.54s | Spearman@80: 0.9124 | Kendall@80: 0.7540
Epoch 49/150 | Train Loss: 0.0235 | Epoch Time: 0.55s | Spearman@80: 0.9342 | Kendall@80: 0.7862
Epoch 50/150 | Train Loss: 0.0247 | Epoch Time: 0.54s | Spearman@80: 0.8931 | Kendall@80: 0.7298
Epoch 51/150 | Train Loss: 0.0304 | Epoch Time: 0.54s | Spearman@80: 0.9097 | Kendall@80: 0.7504
Epoch 52/150 | Train Loss: 0.0265 | Epoch Time: 0.53s | Spearman@80: 0.9149 | Kendall@80: 0.7578
Epoch 53/150 | Train Loss: 0.0266 | Epoch Time: 0.54s | Spearman@80: 0.9103 | Kendall@80: 0.7523
Epoch 54/150 | Train Loss: 0.0244 | Epoch Time: 0.54s | Spearman@80: 0.9030 | Kendall@80: 0.7491
Epoch 55/150 | Train Loss: 0.0248 | Epoch Time: 0.54s | Spearman@80: 0.8890 | Kendall@80: 0.7239
Epoch 56/150 | Train Loss: 0.0229 | Epoch Time: 0.55s | Spearman@80: 0.8905 | Kendall@80: 0.7237
Epoch 57/150 | Train Loss: 0.0218 | Epoch Time: 0.54s | Spearman@80: 0.8940 | Kendall@80: 0.7199
Epoch 58/150 | Train Loss: 0.0262 | Epoch Time: 0.53s | Spearman@80: 0.8899 | Kendall@80: 0.7266
Epoch 59/150 | Train Loss: 0.0308 | Epoch Time: 0.54s | Spearman@80: 0.8930 | Kendall@80: 0.7243
Epoch 60/150 | Train Loss: 0.0249 | Epoch Time: 0.55s | Spearman@80: 0.9097 | Kendall@80: 0.7491
Epoch 61/150 | Train Loss: 0.0255 | Epoch Time: 0.54s | Spearman@80: 0.9153 | Kendall@80: 0.7597
Epoch 62/150 | Train Loss: 0.0264 | Epoch Time: 0.54s | Spearman@80: 0.9102 | Kendall@80: 0.7612
Epoch 63/150 | Train Loss: 0.0250 | Epoch Time: 0.54s | Spearman@80: 0.9274 | Kendall@80: 0.7701
Epoch 64/150 | Train Loss: 0.0306 | Epoch Time: 0.55s | Spearman@80: 0.9156 | Kendall@80: 0.7586
Epoch 65/150 | Train Loss: 0.0221 | Epoch Time: 0.54s | Spearman@80: 0.9042 | Kendall@80: 0.7421
Epoch 66/150 | Train Loss: 0.0280 | Epoch Time: 0.54s | Spearman@80: 0.8999 | Kendall@80: 0.7460
Epoch 67/150 | Train Loss: 0.0286 | Epoch Time: 0.55s | Spearman@80: 0.9307 | Kendall@80: 0.7745
Epoch 68/150 | Train Loss: 0.0239 | Epoch Time: 0.55s | Spearman@80: 0.9193 | Kendall@80: 0.7605
Epoch 69/150 | Train Loss: 0.0279 | Epoch Time: 0.55s | Spearman@80: 0.8796 | Kendall@80: 0.7218
Epoch 70/150 | Train Loss: 0.0295 | Epoch Time: 0.55s | Spearman@80: 0.9205 | Kendall@80: 0.7619
Epoch 71/150 | Train Loss: 0.0244 | Epoch Time: 0.54s | Spearman@80: 0.9205 | Kendall@80: 0.7737
Epoch 72/150 | Train Loss: 0.0304 | Epoch Time: 0.54s | Spearman@80: 0.8973 | Kendall@80: 0.7300
Epoch 73/150 | Train Loss: 0.0263 | Epoch Time: 0.54s | Spearman@80: 0.9145 | Kendall@80: 0.7620
Epoch 74/150 | Train Loss: 0.0251 | Epoch Time: 0.53s | Spearman@80: 0.9199 | Kendall@80: 0.7709
Epoch 75/150 | Train Loss: 0.0264 | Epoch Time: 0.54s | Spearman@80: 0.9051 | Kendall@80: 0.7472
Epoch 76/150 | Train Loss: 0.0233 | Epoch Time: 0.54s | Spearman@80: 0.9224 | Kendall@80: 0.7769
Epoch 77/150 | Train Loss: 0.0230 | Epoch Time: 0.54s | Spearman@80: 0.9236 | Kendall@80: 0.7667
Epoch 78/150 | Train Loss: 0.0202 | Epoch Time: 0.55s | Spearman@80: 0.9024 | Kendall@80: 0.7366
Epoch 79/150 | Train Loss: 0.0202 | Epoch Time: 0.54s | Spearman@80: 0.8994 | Kendall@80: 0.7450
Epoch 80/150 | Train Loss: 0.0229 | Epoch Time: 0.54s | Spearman@80: 0.8991 | Kendall@80: 0.7497
Epoch 81/150 | Train Loss: 0.0222 | Epoch Time: 0.53s | Spearman@80: 0.8891 | Kendall@80: 0.7345
Epoch 82/150 | Train Loss: 0.0253 | Epoch Time: 0.53s | Spearman@80: 0.9152 | Kendall@80: 0.7631
Epoch 83/150 | Train Loss: 0.0204 | Epoch Time: 0.53s | Spearman@80: 0.9109 | Kendall@80: 0.7529
Epoch 84/150 | Train Loss: 0.0184 | Epoch Time: 0.55s | Spearman@80: 0.9047 | Kendall@80: 0.7476
Epoch 85/150 | Train Loss: 0.0254 | Epoch Time: 0.54s | Spearman@80: 0.9066 | Kendall@80: 0.7510
Epoch 86/150 | Train Loss: 0.0231 | Epoch Time: 0.54s | Spearman@80: 0.9159 | Kendall@80: 0.7695
Epoch 87/150 | Train Loss: 0.0277 | Epoch Time: 0.54s | Spearman@80: 0.9148 | Kendall@80: 0.7584
Epoch 88/150 | Train Loss: 0.0266 | Epoch Time: 0.54s | Spearman@80: 0.9252 | Kendall@80: 0.7800
Epoch 89/150 | Train Loss: 0.0230 | Epoch Time: 0.54s | Spearman@80: 0.9143 | Kendall@80: 0.7586
Epoch 90/150 | Train Loss: 0.0234 | Epoch Time: 0.54s | Spearman@80: 0.9168 | Kendall@80: 0.7642
Epoch 91/150 | Train Loss: 0.0266 | Epoch Time: 0.54s | Spearman@80: 0.9204 | Kendall@80: 0.7758
Epoch 92/150 | Train Loss: 0.0219 | Epoch Time: 0.54s | Spearman@80: 0.9189 | Kendall@80: 0.7700
Epoch 93/150 | Train Loss: 0.0214 | Epoch Time: 0.53s | Spearman@80: 0.9167 | Kendall@80: 0.7667
Epoch 94/150 | Train Loss: 0.0231 | Epoch Time: 0.53s | Spearman@80: 0.9138 | Kendall@80: 0.7622
Epoch 95/150 | Train Loss: 0.0255 | Epoch Time: 0.53s | Spearman@80: 0.9145 | Kendall@80: 0.7603
Epoch 96/150 | Train Loss: 0.0240 | Epoch Time: 0.54s | Spearman@80: 0.9139 | Kendall@80: 0.7673
Epoch 97/150 | Train Loss: 0.0173 | Epoch Time: 0.54s | Spearman@80: 0.9155 | Kendall@80: 0.7669
Epoch 98/150 | Train Loss: 0.0211 | Epoch Time: 0.53s | Spearman@80: 0.9136 | Kendall@80: 0.7660
Epoch 99/150 | Train Loss: 0.0169 | Epoch Time: 0.54s | Spearman@80: 0.9206 | Kendall@80: 0.7705
Epoch 100/150 | Train Loss: 0.0226 | Epoch Time: 0.53s | Spearman@80: 0.9134 | Kendall@80: 0.7635
Epoch 101/150 | Train Loss: 0.0209 | Epoch Time: 0.55s | Spearman@80: 0.9121 | Kendall@80: 0.7676
Epoch 102/150 | Train Loss: 0.0225 | Epoch Time: 0.54s | Spearman@80: 0.9148 | Kendall@80: 0.7705
Epoch 103/150 | Train Loss: 0.0226 | Epoch Time: 0.54s | Spearman@80: 0.9144 | Kendall@80: 0.7635
Epoch 104/150 | Train Loss: 0.0175 | Epoch Time: 0.54s | Spearman@80: 0.9179 | Kendall@80: 0.7714
Epoch 105/150 | Train Loss: 0.0189 | Epoch Time: 0.54s | Spearman@80: 0.9091 | Kendall@80: 0.7595
Epoch 106/150 | Train Loss: 0.0216 | Epoch Time: 0.54s | Spearman@80: 0.9182 | Kendall@80: 0.7741
Epoch 107/150 | Train Loss: 0.0263 | Epoch Time: 0.54s | Spearman@80: 0.9200 | Kendall@80: 0.7821
Epoch 108/150 | Train Loss: 0.0210 | Epoch Time: 0.54s | Spearman@80: 0.9334 | Kendall@80: 0.7932
Epoch 109/150 | Train Loss: 0.0192 | Epoch Time: 0.53s | Spearman@80: 0.9207 | Kendall@80: 0.7792
Epoch 110/150 | Train Loss: 0.0170 | Epoch Time: 0.54s | Spearman@80: 0.9176 | Kendall@80: 0.7774
Epoch 111/150 | Train Loss: 0.0255 | Epoch Time: 0.53s | Spearman@80: 0.9199 | Kendall@80: 0.7727
Epoch 112/150 | Train Loss: 0.0200 | Epoch Time: 0.54s | Spearman@80: 0.9274 | Kendall@80: 0.7858
Epoch 113/150 | Train Loss: 0.0200 | Epoch Time: 0.53s | Spearman@80: 0.9366 | Kendall@80: 0.8023
Epoch 114/150 | Train Loss: 0.0190 | Epoch Time: 0.54s | Spearman@80: 0.9215 | Kendall@80: 0.7896
Epoch 115/150 | Train Loss: 0.0202 | Epoch Time: 0.55s | Spearman@80: 0.9139 | Kendall@80: 0.7732
Epoch 116/150 | Train Loss: 0.0188 | Epoch Time: 0.53s | Spearman@80: 0.9236 | Kendall@80: 0.7832
Epoch 117/150 | Train Loss: 0.0211 | Epoch Time: 0.54s | Spearman@80: 0.9251 | Kendall@80: 0.7885
Epoch 118/150 | Train Loss: 0.0170 | Epoch Time: 0.54s | Spearman@80: 0.9217 | Kendall@80: 0.7845
Epoch 119/150 | Train Loss: 0.0182 | Epoch Time: 0.53s | Spearman@80: 0.9189 | Kendall@80: 0.7795
Epoch 120/150 | Train Loss: 0.0246 | Epoch Time: 0.54s | Spearman@80: 0.9113 | Kendall@80: 0.7697
Epoch 121/150 | Train Loss: 0.0226 | Epoch Time: 0.54s | Spearman@80: 0.9163 | Kendall@80: 0.7739
Epoch 122/150 | Train Loss: 0.0233 | Epoch Time: 0.54s | Spearman@80: 0.9223 | Kendall@80: 0.7816
Epoch 123/150 | Train Loss: 0.0211 | Epoch Time: 0.54s | Spearman@80: 0.9196 | Kendall@80: 0.7827
Epoch 124/150 | Train Loss: 0.0222 | Epoch Time: 0.53s | Spearman@80: 0.9209 | Kendall@80: 0.7770
Epoch 125/150 | Train Loss: 0.0228 | Epoch Time: 0.55s | Spearman@80: 0.9268 | Kendall@80: 0.7877
Epoch 126/150 | Train Loss: 0.0213 | Epoch Time: 0.55s | Spearman@80: 0.9239 | Kendall@80: 0.7915
Epoch 127/150 | Train Loss: 0.0203 | Epoch Time: 0.53s | Spearman@80: 0.9241 | Kendall@80: 0.7860
Epoch 128/150 | Train Loss: 0.0198 | Epoch Time: 0.55s | Spearman@80: 0.9263 | Kendall@80: 0.7910
Epoch 129/150 | Train Loss: 0.0189 | Epoch Time: 0.53s | Spearman@80: 0.9253 | Kendall@80: 0.7902
Epoch 130/150 | Train Loss: 0.0172 | Epoch Time: 0.54s | Spearman@80: 0.9262 | Kendall@80: 0.7947
Epoch 131/150 | Train Loss: 0.0165 | Epoch Time: 0.55s | Spearman@80: 0.9306 | Kendall@80: 0.8019
Epoch 132/150 | Train Loss: 0.0253 | Epoch Time: 0.53s | Spearman@80: 0.9283 | Kendall@80: 0.7955
Epoch 133/150 | Train Loss: 0.0185 | Epoch Time: 0.54s | Spearman@80: 0.9259 | Kendall@80: 0.7966
Epoch 134/150 | Train Loss: 0.0198 | Epoch Time: 0.54s | Spearman@80: 0.9266 | Kendall@80: 0.7965
Epoch 135/150 | Train Loss: 0.0194 | Epoch Time: 0.55s | Spearman@80: 0.9274 | Kendall@80: 0.7959
Epoch 136/150 | Train Loss: 0.0185 | Epoch Time: 0.54s | Spearman@80: 0.9268 | Kendall@80: 0.7965
Epoch 137/150 | Train Loss: 0.0205 | Epoch Time: 0.54s | Spearman@80: 0.9263 | Kendall@80: 0.7953
Epoch 138/150 | Train Loss: 0.0168 | Epoch Time: 0.53s | Spearman@80: 0.9290 | Kendall@80: 0.7968
Epoch 139/150 | Train Loss: 0.0164 | Epoch Time: 0.53s | Spearman@80: 0.9263 | Kendall@80: 0.7955
Epoch 140/150 | Train Loss: 0.0203 | Epoch Time: 0.54s | Spearman@80: 0.9263 | Kendall@80: 0.7997
Epoch 141/150 | Train Loss: 0.0140 | Epoch Time: 0.53s | Spearman@80: 0.9253 | Kendall@80: 0.7966
Epoch 142/150 | Train Loss: 0.0217 | Epoch Time: 0.54s | Spearman@80: 0.9256 | Kendall@80: 0.7934
Epoch 143/150 | Train Loss: 0.0174 | Epoch Time: 0.54s | Spearman@80: 0.9251 | Kendall@80: 0.7940
Epoch 144/150 | Train Loss: 0.0165 | Epoch Time: 0.53s | Spearman@80: 0.9246 | Kendall@80: 0.7934
Epoch 145/150 | Train Loss: 0.0180 | Epoch Time: 0.53s | Spearman@80: 0.9251 | Kendall@80: 0.7936
Epoch 146/150 | Train Loss: 0.0192 | Epoch Time: 0.54s | Spearman@80: 0.9263 | Kendall@80: 0.7993
Epoch 147/150 | Train Loss: 0.0194 | Epoch Time: 1.99s | Spearman@15496: 0.9337 | Kendall@15496: 0.7920
Epoch 148/150 | Train Loss: 0.0199 | Epoch Time: 1.94s | Spearman@15496: 0.9325 | Kendall@15496: 0.7891
Epoch 149/150 | Train Loss: 0.0178 | Epoch Time: 1.94s | Spearman@15496: 0.9322 | Kendall@15496: 0.7884
Epoch 150/150 | Train Loss: 0.0186 | Epoch Time: 1.94s | Spearman@15496: 0.9328 | Kendall@15496: 0.7894
Sample Count: 128, Spearman: 0.9327999413743788, Kendall: 0.7897205195177727
{64: (0.9246957055177991, 0.7774314596605849),
 128: (0.9327999413743788, 0.7897205195177727)}
Average KDT:  0.7831268298816081
Variance KDT:  0.0002574645890244896
Average SPR:  0.9250669755811849
Variance SPR:  0.00015425644146520304
Average KDT:  0.7953025915307764
Variance KDT:  0.0004397300738392661
Average SPR:  0.9338207498342989
Variance SPR:  0.00017494209760373679
