normalizing task:  Amoeba.json
normalizing task:  PNAS_fix-w-d.json
normalizing task:  ENAS_fix-w-d.json
normalizing task:  NASNet.json
normalizing task:  DARTS.json
normalizing task:  ENAS.json
normalizing task:  PNAS.json
normalizing task:  DARTS_lr-wd.json
normalizing task:  DARTS_fix-w-d.json
Epoch 1/150 | Train Loss: 0.0987 | Epoch Time: 1.03s | Spearman@80: 0.3466 | Kendall@80: 0.2340
Epoch 2/150 | Train Loss: 0.0938 | Epoch Time: 0.42s | Spearman@80: 0.2409 | Kendall@80: 0.1612
Epoch 3/150 | Train Loss: 0.0858 | Epoch Time: 0.42s | Spearman@80: 0.2941 | Kendall@80: 0.1922
Epoch 4/150 | Train Loss: 0.0751 | Epoch Time: 0.44s | Spearman@80: 0.3177 | Kendall@80: 0.2087
Epoch 5/150 | Train Loss: 0.0693 | Epoch Time: 0.45s | Spearman@80: 0.4283 | Kendall@80: 0.2873
Epoch 6/150 | Train Loss: 0.0713 | Epoch Time: 0.42s | Spearman@80: 0.4417 | Kendall@80: 0.3063
Epoch 7/150 | Train Loss: 0.0624 | Epoch Time: 0.43s | Spearman@80: 0.4697 | Kendall@80: 0.3189
Epoch 8/150 | Train Loss: 0.0616 | Epoch Time: 0.42s | Spearman@80: 0.3972 | Kendall@80: 0.2664
Epoch 9/150 | Train Loss: 0.0521 | Epoch Time: 0.43s | Spearman@80: 0.3863 | Kendall@80: 0.2562
Epoch 10/150 | Train Loss: 0.0559 | Epoch Time: 0.43s | Spearman@80: 0.4602 | Kendall@80: 0.3189
Epoch 11/150 | Train Loss: 0.0541 | Epoch Time: 0.43s | Spearman@80: 0.4644 | Kendall@80: 0.3158
Epoch 12/150 | Train Loss: 0.0443 | Epoch Time: 0.42s | Spearman@80: 0.4298 | Kendall@80: 0.2942
Epoch 13/150 | Train Loss: 0.0457 | Epoch Time: 0.42s | Spearman@80: 0.4021 | Kendall@80: 0.2702
Epoch 14/150 | Train Loss: 0.0601 | Epoch Time: 0.43s | Spearman@80: 0.4557 | Kendall@80: 0.3088
Epoch 15/150 | Train Loss: 0.0492 | Epoch Time: 0.43s | Spearman@80: 0.4196 | Kendall@80: 0.2721
Epoch 16/150 | Train Loss: 0.0449 | Epoch Time: 0.42s | Spearman@80: 0.4216 | Kendall@80: 0.2892
Epoch 17/150 | Train Loss: 0.0510 | Epoch Time: 0.43s | Spearman@80: 0.4825 | Kendall@80: 0.3278
Epoch 18/150 | Train Loss: 0.0477 | Epoch Time: 0.42s | Spearman@80: 0.4588 | Kendall@80: 0.3145
Epoch 19/150 | Train Loss: 0.0478 | Epoch Time: 0.44s | Spearman@80: 0.3487 | Kendall@80: 0.2385
Epoch 20/150 | Train Loss: 0.0489 | Epoch Time: 0.43s | Spearman@80: 0.4532 | Kendall@80: 0.3094
Epoch 21/150 | Train Loss: 0.0409 | Epoch Time: 0.41s | Spearman@80: 0.4400 | Kendall@80: 0.2936
Epoch 22/150 | Train Loss: 0.0411 | Epoch Time: 0.43s | Spearman@80: 0.4422 | Kendall@80: 0.3031
Epoch 23/150 | Train Loss: 0.0446 | Epoch Time: 0.43s | Spearman@80: 0.4944 | Kendall@80: 0.3462
Epoch 24/150 | Train Loss: 0.0380 | Epoch Time: 0.42s | Spearman@80: 0.4776 | Kendall@80: 0.3373
Epoch 25/150 | Train Loss: 0.0433 | Epoch Time: 0.42s | Spearman@80: 0.4544 | Kendall@80: 0.3221
Epoch 26/150 | Train Loss: 0.0389 | Epoch Time: 0.44s | Spearman@80: 0.4333 | Kendall@80: 0.2911
Epoch 27/150 | Train Loss: 0.0389 | Epoch Time: 0.43s | Spearman@80: 0.3477 | Kendall@80: 0.2461
Epoch 28/150 | Train Loss: 0.0312 | Epoch Time: 0.42s | Spearman@80: 0.3969 | Kendall@80: 0.2695
Epoch 29/150 | Train Loss: 0.0357 | Epoch Time: 0.44s | Spearman@80: 0.3889 | Kendall@80: 0.2492
Epoch 30/150 | Train Loss: 0.0377 | Epoch Time: 0.44s | Spearman@80: 0.4465 | Kendall@80: 0.2987
Epoch 31/150 | Train Loss: 0.0385 | Epoch Time: 0.43s | Spearman@80: 0.4395 | Kendall@80: 0.2942
Epoch 32/150 | Train Loss: 0.0467 | Epoch Time: 0.44s | Spearman@80: 0.3616 | Kendall@80: 0.2499
Epoch 33/150 | Train Loss: 0.0370 | Epoch Time: 0.44s | Spearman@80: 0.3754 | Kendall@80: 0.2347
Epoch 34/150 | Train Loss: 0.0339 | Epoch Time: 0.42s | Spearman@80: 0.4333 | Kendall@80: 0.2968
Epoch 35/150 | Train Loss: 0.0369 | Epoch Time: 0.42s | Spearman@80: 0.4124 | Kendall@80: 0.2835
Epoch 36/150 | Train Loss: 0.0369 | Epoch Time: 0.42s | Spearman@80: 0.3841 | Kendall@80: 0.2657
Epoch 37/150 | Train Loss: 0.0386 | Epoch Time: 0.43s | Spearman@80: 0.3957 | Kendall@80: 0.2606
Epoch 38/150 | Train Loss: 0.0433 | Epoch Time: 0.43s | Spearman@80: 0.3984 | Kendall@80: 0.2695
Epoch 39/150 | Train Loss: 0.0364 | Epoch Time: 0.42s | Spearman@80: 0.3367 | Kendall@80: 0.2296
Epoch 40/150 | Train Loss: 0.0312 | Epoch Time: 0.44s | Spearman@80: 0.3893 | Kendall@80: 0.2613
Epoch 41/150 | Train Loss: 0.0369 | Epoch Time: 0.43s | Spearman@80: 0.3325 | Kendall@80: 0.2391
Epoch 42/150 | Train Loss: 0.0336 | Epoch Time: 0.43s | Spearman@80: 0.4463 | Kendall@80: 0.3037
Epoch 43/150 | Train Loss: 0.0327 | Epoch Time: 0.45s | Spearman@80: 0.4123 | Kendall@80: 0.2835
Epoch 44/150 | Train Loss: 0.0361 | Epoch Time: 0.43s | Spearman@80: 0.3783 | Kendall@80: 0.2606
Epoch 45/150 | Train Loss: 0.0274 | Epoch Time: 0.43s | Spearman@80: 0.4412 | Kendall@80: 0.2949
Epoch 46/150 | Train Loss: 0.0318 | Epoch Time: 0.42s | Spearman@80: 0.4290 | Kendall@80: 0.2904
Epoch 47/150 | Train Loss: 0.0344 | Epoch Time: 0.42s | Spearman@80: 0.3687 | Kendall@80: 0.2543
Epoch 48/150 | Train Loss: 0.0319 | Epoch Time: 0.44s | Spearman@80: 0.3756 | Kendall@80: 0.2562
Epoch 49/150 | Train Loss: 0.0312 | Epoch Time: 0.46s | Spearman@80: 0.4225 | Kendall@80: 0.2936
Epoch 50/150 | Train Loss: 0.0351 | Epoch Time: 0.43s | Spearman@80: 0.4373 | Kendall@80: 0.2911
Epoch 51/150 | Train Loss: 0.0287 | Epoch Time: 0.42s | Spearman@80: 0.3555 | Kendall@80: 0.2448
Epoch 52/150 | Train Loss: 0.0277 | Epoch Time: 0.41s | Spearman@80: 0.3600 | Kendall@80: 0.2271
Epoch 53/150 | Train Loss: 0.0458 | Epoch Time: 0.42s | Spearman@80: 0.3697 | Kendall@80: 0.2467
Epoch 54/150 | Train Loss: 0.0319 | Epoch Time: 0.41s | Spearman@80: 0.4090 | Kendall@80: 0.2771
Epoch 55/150 | Train Loss: 0.0402 | Epoch Time: 0.42s | Spearman@80: 0.4359 | Kendall@80: 0.2942
Epoch 56/150 | Train Loss: 0.0316 | Epoch Time: 0.48s | Spearman@80: 0.3826 | Kendall@80: 0.2619
Epoch 57/150 | Train Loss: 0.0295 | Epoch Time: 0.42s | Spearman@80: 0.4004 | Kendall@80: 0.2625
Epoch 58/150 | Train Loss: 0.0258 | Epoch Time: 0.43s | Spearman@80: 0.4433 | Kendall@80: 0.3018
Epoch 59/150 | Train Loss: 0.0359 | Epoch Time: 0.44s | Spearman@80: 0.3868 | Kendall@80: 0.2702
Epoch 60/150 | Train Loss: 0.0266 | Epoch Time: 0.42s | Spearman@80: 0.4208 | Kendall@80: 0.2841
Epoch 61/150 | Train Loss: 0.0282 | Epoch Time: 0.42s | Spearman@80: 0.4298 | Kendall@80: 0.2822
Epoch 62/150 | Train Loss: 0.0199 | Epoch Time: 0.44s | Spearman@80: 0.3936 | Kendall@80: 0.2562
Epoch 63/150 | Train Loss: 0.0223 | Epoch Time: 0.44s | Spearman@80: 0.3572 | Kendall@80: 0.2480
Epoch 64/150 | Train Loss: 0.0199 | Epoch Time: 0.43s | Spearman@80: 0.3914 | Kendall@80: 0.2702
Epoch 65/150 | Train Loss: 0.0310 | Epoch Time: 0.43s | Spearman@80: 0.3864 | Kendall@80: 0.2657
Epoch 66/150 | Train Loss: 0.0284 | Epoch Time: 0.42s | Spearman@80: 0.3843 | Kendall@80: 0.2587
Epoch 67/150 | Train Loss: 0.0286 | Epoch Time: 0.42s | Spearman@80: 0.4175 | Kendall@80: 0.2759
Epoch 68/150 | Train Loss: 0.0280 | Epoch Time: 0.42s | Spearman@80: 0.3695 | Kendall@80: 0.2543
Epoch 69/150 | Train Loss: 0.0230 | Epoch Time: 0.44s | Spearman@80: 0.4226 | Kendall@80: 0.2784
Epoch 70/150 | Train Loss: 0.0212 | Epoch Time: 0.43s | Spearman@80: 0.4093 | Kendall@80: 0.2670
Epoch 71/150 | Train Loss: 0.0179 | Epoch Time: 0.43s | Spearman@80: 0.3448 | Kendall@80: 0.2404
Epoch 72/150 | Train Loss: 0.0191 | Epoch Time: 0.42s | Spearman@80: 0.3834 | Kendall@80: 0.2549
Epoch 73/150 | Train Loss: 0.0203 | Epoch Time: 0.42s | Spearman@80: 0.3721 | Kendall@80: 0.2505
Epoch 74/150 | Train Loss: 0.0240 | Epoch Time: 0.42s | Spearman@80: 0.3544 | Kendall@80: 0.2328
Epoch 75/150 | Train Loss: 0.0222 | Epoch Time: 0.44s | Spearman@80: 0.3909 | Kendall@80: 0.2537
Epoch 76/150 | Train Loss: 0.0226 | Epoch Time: 0.42s | Spearman@80: 0.3672 | Kendall@80: 0.2594
Epoch 77/150 | Train Loss: 0.0302 | Epoch Time: 0.42s | Spearman@80: 0.3420 | Kendall@80: 0.2423
Epoch 78/150 | Train Loss: 0.0229 | Epoch Time: 0.43s | Spearman@80: 0.3657 | Kendall@80: 0.2397
Epoch 79/150 | Train Loss: 0.0288 | Epoch Time: 0.43s | Spearman@80: 0.3984 | Kendall@80: 0.2740
Epoch 80/150 | Train Loss: 0.0239 | Epoch Time: 0.42s | Spearman@80: 0.3819 | Kendall@80: 0.2587
Epoch 81/150 | Train Loss: 0.0155 | Epoch Time: 0.42s | Spearman@80: 0.3391 | Kendall@80: 0.2207
Epoch 82/150 | Train Loss: 0.0184 | Epoch Time: 0.43s | Spearman@80: 0.3725 | Kendall@80: 0.2416
Epoch 83/150 | Train Loss: 0.0171 | Epoch Time: 0.42s | Spearman@80: 0.3639 | Kendall@80: 0.2467
Epoch 84/150 | Train Loss: 0.0158 | Epoch Time: 0.43s | Spearman@80: 0.3561 | Kendall@80: 0.2448
Epoch 85/150 | Train Loss: 0.0187 | Epoch Time: 0.43s | Spearman@80: 0.3949 | Kendall@80: 0.2746
Epoch 86/150 | Train Loss: 0.0178 | Epoch Time: 0.44s | Spearman@80: 0.4223 | Kendall@80: 0.2784
Epoch 87/150 | Train Loss: 0.0203 | Epoch Time: 0.43s | Spearman@80: 0.3917 | Kendall@80: 0.2657
Epoch 88/150 | Train Loss: 0.0190 | Epoch Time: 0.42s | Spearman@80: 0.3777 | Kendall@80: 0.2568
Epoch 89/150 | Train Loss: 0.0195 | Epoch Time: 0.43s | Spearman@80: 0.3685 | Kendall@80: 0.2461
Epoch 90/150 | Train Loss: 0.0196 | Epoch Time: 0.45s | Spearman@80: 0.3477 | Kendall@80: 0.2315
Epoch 91/150 | Train Loss: 0.0238 | Epoch Time: 0.43s | Spearman@80: 0.3510 | Kendall@80: 0.2347
Epoch 92/150 | Train Loss: 0.0171 | Epoch Time: 0.43s | Spearman@80: 0.3347 | Kendall@80: 0.2207
Epoch 93/150 | Train Loss: 0.0243 | Epoch Time: 0.43s | Spearman@80: 0.3774 | Kendall@80: 0.2473
Epoch 94/150 | Train Loss: 0.0210 | Epoch Time: 0.42s | Spearman@80: 0.3587 | Kendall@80: 0.2385
Epoch 95/150 | Train Loss: 0.0136 | Epoch Time: 0.42s | Spearman@80: 0.3952 | Kendall@80: 0.2568
Epoch 96/150 | Train Loss: 0.0128 | Epoch Time: 0.42s | Spearman@80: 0.3740 | Kendall@80: 0.2486
Epoch 97/150 | Train Loss: 0.0130 | Epoch Time: 0.42s | Spearman@80: 0.3732 | Kendall@80: 0.2461
Epoch 98/150 | Train Loss: 0.0164 | Epoch Time: 0.44s | Spearman@80: 0.3592 | Kendall@80: 0.2397
Epoch 99/150 | Train Loss: 0.0144 | Epoch Time: 0.42s | Spearman@80: 0.3362 | Kendall@80: 0.2239
Epoch 100/150 | Train Loss: 0.0172 | Epoch Time: 0.43s | Spearman@80: 0.3333 | Kendall@80: 0.2214
Epoch 101/150 | Train Loss: 0.0214 | Epoch Time: 0.43s | Spearman@80: 0.3208 | Kendall@80: 0.2182
Epoch 102/150 | Train Loss: 0.0176 | Epoch Time: 0.42s | Spearman@80: 0.3435 | Kendall@80: 0.2321
Epoch 103/150 | Train Loss: 0.0176 | Epoch Time: 0.45s | Spearman@80: 0.3614 | Kendall@80: 0.2410
Epoch 104/150 | Train Loss: 0.0129 | Epoch Time: 0.42s | Spearman@80: 0.3480 | Kendall@80: 0.2296
Epoch 105/150 | Train Loss: 0.0130 | Epoch Time: 0.43s | Spearman@80: 0.3502 | Kendall@80: 0.2277
Epoch 106/150 | Train Loss: 0.0126 | Epoch Time: 0.42s | Spearman@80: 0.3264 | Kendall@80: 0.2176
Epoch 107/150 | Train Loss: 0.0116 | Epoch Time: 0.42s | Spearman@80: 0.3027 | Kendall@80: 0.2017
Epoch 108/150 | Train Loss: 0.0118 | Epoch Time: 0.42s | Spearman@80: 0.3321 | Kendall@80: 0.2176
Epoch 109/150 | Train Loss: 0.0108 | Epoch Time: 0.42s | Spearman@80: 0.3276 | Kendall@80: 0.2112
Epoch 110/150 | Train Loss: 0.0138 | Epoch Time: 0.42s | Spearman@80: 0.3234 | Kendall@80: 0.2188
Epoch 111/150 | Train Loss: 0.0118 | Epoch Time: 0.42s | Spearman@80: 0.3100 | Kendall@80: 0.2093
Epoch 112/150 | Train Loss: 0.0128 | Epoch Time: 0.44s | Spearman@80: 0.3067 | Kendall@80: 0.2074
Epoch 113/150 | Train Loss: 0.0170 | Epoch Time: 0.42s | Spearman@80: 0.3227 | Kendall@80: 0.2144
Epoch 114/150 | Train Loss: 0.0124 | Epoch Time: 0.43s | Spearman@80: 0.3172 | Kendall@80: 0.2144
Epoch 115/150 | Train Loss: 0.0116 | Epoch Time: 0.43s | Spearman@80: 0.3212 | Kendall@80: 0.2169
Epoch 116/150 | Train Loss: 0.0163 | Epoch Time: 0.43s | Spearman@80: 0.3154 | Kendall@80: 0.2125
Epoch 117/150 | Train Loss: 0.0117 | Epoch Time: 0.42s | Spearman@80: 0.3015 | Kendall@80: 0.2043
Epoch 118/150 | Train Loss: 0.0162 | Epoch Time: 0.42s | Spearman@80: 0.3045 | Kendall@80: 0.2030
Epoch 119/150 | Train Loss: 0.0110 | Epoch Time: 0.43s | Spearman@80: 0.2846 | Kendall@80: 0.1865
Epoch 120/150 | Train Loss: 0.0119 | Epoch Time: 0.45s | Spearman@80: 0.2966 | Kendall@80: 0.1935
Epoch 121/150 | Train Loss: 0.0151 | Epoch Time: 0.43s | Spearman@80: 0.2958 | Kendall@80: 0.1941
Epoch 122/150 | Train Loss: 0.0143 | Epoch Time: 0.42s | Spearman@80: 0.2955 | Kendall@80: 0.1979
Epoch 123/150 | Train Loss: 0.0077 | Epoch Time: 0.46s | Spearman@80: 0.2962 | Kendall@80: 0.2005
Epoch 124/150 | Train Loss: 0.0154 | Epoch Time: 0.43s | Spearman@80: 0.2862 | Kendall@80: 0.1941
Epoch 125/150 | Train Loss: 0.0134 | Epoch Time: 0.44s | Spearman@80: 0.2996 | Kendall@80: 0.2024
Epoch 126/150 | Train Loss: 0.0113 | Epoch Time: 0.43s | Spearman@80: 0.2978 | Kendall@80: 0.2011
Epoch 127/150 | Train Loss: 0.0101 | Epoch Time: 0.47s | Spearman@80: 0.3099 | Kendall@80: 0.2049
Epoch 128/150 | Train Loss: 0.0094 | Epoch Time: 0.43s | Spearman@80: 0.3003 | Kendall@80: 0.2017
Epoch 129/150 | Train Loss: 0.0107 | Epoch Time: 0.42s | Spearman@80: 0.3172 | Kendall@80: 0.2093
Epoch 130/150 | Train Loss: 0.0103 | Epoch Time: 0.42s | Spearman@80: 0.3087 | Kendall@80: 0.2068
Epoch 131/150 | Train Loss: 0.0106 | Epoch Time: 0.42s | Spearman@80: 0.3053 | Kendall@80: 0.2049
Epoch 132/150 | Train Loss: 0.0111 | Epoch Time: 0.44s | Spearman@80: 0.2935 | Kendall@80: 0.1992
Epoch 133/150 | Train Loss: 0.0066 | Epoch Time: 0.42s | Spearman@80: 0.3051 | Kendall@80: 0.2036
Epoch 134/150 | Train Loss: 0.0121 | Epoch Time: 0.43s | Spearman@80: 0.3101 | Kendall@80: 0.2062
Epoch 135/150 | Train Loss: 0.0108 | Epoch Time: 0.42s | Spearman@80: 0.3129 | Kendall@80: 0.2100
Epoch 136/150 | Train Loss: 0.0136 | Epoch Time: 0.45s | Spearman@80: 0.3196 | Kendall@80: 0.2157
Epoch 137/150 | Train Loss: 0.0134 | Epoch Time: 0.42s | Spearman@80: 0.3199 | Kendall@80: 0.2176
Epoch 138/150 | Train Loss: 0.0099 | Epoch Time: 0.42s | Spearman@80: 0.3134 | Kendall@80: 0.2119
Epoch 139/150 | Train Loss: 0.0105 | Epoch Time: 0.44s | Spearman@80: 0.3210 | Kendall@80: 0.2157
Epoch 140/150 | Train Loss: 0.0112 | Epoch Time: 0.42s | Spearman@80: 0.3058 | Kendall@80: 0.2055
Epoch 141/150 | Train Loss: 0.0062 | Epoch Time: 0.44s | Spearman@80: 0.3002 | Kendall@80: 0.2024
Epoch 142/150 | Train Loss: 0.0091 | Epoch Time: 0.42s | Spearman@80: 0.3137 | Kendall@80: 0.2119
Epoch 143/150 | Train Loss: 0.0124 | Epoch Time: 0.44s | Spearman@80: 0.3101 | Kendall@80: 0.2068
Epoch 144/150 | Train Loss: 0.0093 | Epoch Time: 0.44s | Spearman@80: 0.3125 | Kendall@80: 0.2093
Epoch 145/150 | Train Loss: 0.0126 | Epoch Time: 0.44s | Spearman@80: 0.3181 | Kendall@80: 0.2131
Epoch 146/150 | Train Loss: 0.0157 | Epoch Time: 0.45s | Spearman@80: 0.3077 | Kendall@80: 0.2055
Epoch 147/150 | Train Loss: 0.0133 | Epoch Time: 1.20s | Spearman@4934: 0.3336 | Kendall@4934: 0.2262
Epoch 148/150 | Train Loss: 0.0082 | Epoch Time: 1.18s | Spearman@4934: 0.3348 | Kendall@4934: 0.2269
Epoch 149/150 | Train Loss: 0.0162 | Epoch Time: 1.19s | Spearman@4934: 0.3326 | Kendall@4934: 0.2254
Epoch 150/150 | Train Loss: 0.0127 | Epoch Time: 1.18s | Spearman@4934: 0.3339 | Kendall@4934: 0.2263
Sample Count: 64, Spearman: 0.33373351470969603, Kendall: 0.22620234701592787
{64: (0.33373351470969603, 0.22620234701592787)}
Epoch 1/150 | Train Loss: 0.0985 | Epoch Time: 0.85s | Spearman@80: 0.2079 | Kendall@80: 0.1506
Epoch 2/150 | Train Loss: 0.0898 | Epoch Time: 0.84s | Spearman@80: 0.2026 | Kendall@80: 0.1455
Epoch 3/150 | Train Loss: 0.0736 | Epoch Time: 0.84s | Spearman@80: 0.2851 | Kendall@80: 0.2127
Epoch 4/150 | Train Loss: 0.0757 | Epoch Time: 0.86s | Spearman@80: 0.3613 | Kendall@80: 0.2691
Epoch 5/150 | Train Loss: 0.0646 | Epoch Time: 0.86s | Spearman@80: 0.3915 | Kendall@80: 0.2932
Epoch 6/150 | Train Loss: 0.0696 | Epoch Time: 0.83s | Spearman@80: 0.4333 | Kendall@80: 0.3116
Epoch 7/150 | Train Loss: 0.0665 | Epoch Time: 0.83s | Spearman@80: 0.3957 | Kendall@80: 0.2863
Epoch 8/150 | Train Loss: 0.0610 | Epoch Time: 0.84s | Spearman@80: 0.4196 | Kendall@80: 0.3008
Epoch 9/150 | Train Loss: 0.0605 | Epoch Time: 0.83s | Spearman@80: 0.4704 | Kendall@80: 0.3382
Epoch 10/150 | Train Loss: 0.0629 | Epoch Time: 0.83s | Spearman@80: 0.5004 | Kendall@80: 0.3592
Epoch 11/150 | Train Loss: 0.0598 | Epoch Time: 0.85s | Spearman@80: 0.4402 | Kendall@80: 0.3046
Epoch 12/150 | Train Loss: 0.0568 | Epoch Time: 0.84s | Spearman@80: 0.4320 | Kendall@80: 0.3180
Epoch 13/150 | Train Loss: 0.0564 | Epoch Time: 0.84s | Spearman@80: 0.4494 | Kendall@80: 0.3186
Epoch 14/150 | Train Loss: 0.0548 | Epoch Time: 0.84s | Spearman@80: 0.4508 | Kendall@80: 0.3249
Epoch 15/150 | Train Loss: 0.0561 | Epoch Time: 0.85s | Spearman@80: 0.4405 | Kendall@80: 0.3148
Epoch 16/150 | Train Loss: 0.0608 | Epoch Time: 0.84s | Spearman@80: 0.4754 | Kendall@80: 0.3382
Epoch 17/150 | Train Loss: 0.0525 | Epoch Time: 0.82s | Spearman@80: 0.4835 | Kendall@80: 0.3440
Epoch 18/150 | Train Loss: 0.0517 | Epoch Time: 0.87s | Spearman@80: 0.4758 | Kendall@80: 0.3363
Epoch 19/150 | Train Loss: 0.0599 | Epoch Time: 0.85s | Spearman@80: 0.5159 | Kendall@80: 0.3687
Epoch 20/150 | Train Loss: 0.0533 | Epoch Time: 0.87s | Spearman@80: 0.5141 | Kendall@80: 0.3623
Epoch 21/150 | Train Loss: 0.0565 | Epoch Time: 0.84s | Spearman@80: 0.5226 | Kendall@80: 0.3826
Epoch 22/150 | Train Loss: 0.0569 | Epoch Time: 0.88s | Spearman@80: 0.5374 | Kendall@80: 0.3820
Epoch 23/150 | Train Loss: 0.0459 | Epoch Time: 0.84s | Spearman@80: 0.5360 | Kendall@80: 0.3915
Epoch 24/150 | Train Loss: 0.0537 | Epoch Time: 0.83s | Spearman@80: 0.5671 | Kendall@80: 0.3972
Epoch 25/150 | Train Loss: 0.0469 | Epoch Time: 0.85s | Spearman@80: 0.5984 | Kendall@80: 0.4238
Epoch 26/150 | Train Loss: 0.0436 | Epoch Time: 0.84s | Spearman@80: 0.4967 | Kendall@80: 0.3573
Epoch 27/150 | Train Loss: 0.0499 | Epoch Time: 0.87s | Spearman@80: 0.5625 | Kendall@80: 0.3966
Epoch 28/150 | Train Loss: 0.0505 | Epoch Time: 0.84s | Spearman@80: 0.5310 | Kendall@80: 0.3833
Epoch 29/150 | Train Loss: 0.0527 | Epoch Time: 0.84s | Spearman@80: 0.5961 | Kendall@80: 0.4238
Epoch 30/150 | Train Loss: 0.0507 | Epoch Time: 0.85s | Spearman@80: 0.5692 | Kendall@80: 0.3978
Epoch 31/150 | Train Loss: 0.0420 | Epoch Time: 0.83s | Spearman@80: 0.5175 | Kendall@80: 0.3649
Epoch 32/150 | Train Loss: 0.0534 | Epoch Time: 0.83s | Spearman@80: 0.5507 | Kendall@80: 0.3826
Epoch 33/150 | Train Loss: 0.0437 | Epoch Time: 0.84s | Spearman@80: 0.5261 | Kendall@80: 0.3655
Epoch 34/150 | Train Loss: 0.0473 | Epoch Time: 0.86s | Spearman@80: 0.5105 | Kendall@80: 0.3598
Epoch 35/150 | Train Loss: 0.0418 | Epoch Time: 0.83s | Spearman@80: 0.5141 | Kendall@80: 0.3636
Epoch 36/150 | Train Loss: 0.0414 | Epoch Time: 0.83s | Spearman@80: 0.4988 | Kendall@80: 0.3497
Epoch 37/150 | Train Loss: 0.0393 | Epoch Time: 0.86s | Spearman@80: 0.5364 | Kendall@80: 0.3801
Epoch 38/150 | Train Loss: 0.0449 | Epoch Time: 0.83s | Spearman@80: 0.5966 | Kendall@80: 0.4226
Epoch 39/150 | Train Loss: 0.0405 | Epoch Time: 0.83s | Spearman@80: 0.5607 | Kendall@80: 0.3997
Epoch 40/150 | Train Loss: 0.0419 | Epoch Time: 0.84s | Spearman@80: 0.5622 | Kendall@80: 0.3934
Epoch 41/150 | Train Loss: 0.0501 | Epoch Time: 0.85s | Spearman@80: 0.5565 | Kendall@80: 0.3966
Epoch 42/150 | Train Loss: 0.0365 | Epoch Time: 0.84s | Spearman@80: 0.5108 | Kendall@80: 0.3585
Epoch 43/150 | Train Loss: 0.0349 | Epoch Time: 0.84s | Spearman@80: 0.4858 | Kendall@80: 0.3401
Epoch 44/150 | Train Loss: 0.0378 | Epoch Time: 0.83s | Spearman@80: 0.5364 | Kendall@80: 0.3719
Epoch 45/150 | Train Loss: 0.0430 | Epoch Time: 0.86s | Spearman@80: 0.5736 | Kendall@80: 0.4048
Epoch 46/150 | Train Loss: 0.0359 | Epoch Time: 0.82s | Spearman@80: 0.5311 | Kendall@80: 0.3769
Epoch 47/150 | Train Loss: 0.0353 | Epoch Time: 0.82s | Spearman@80: 0.5446 | Kendall@80: 0.3738
Epoch 48/150 | Train Loss: 0.0314 | Epoch Time: 0.85s | Spearman@80: 0.5554 | Kendall@80: 0.3959
Epoch 49/150 | Train Loss: 0.0424 | Epoch Time: 0.83s | Spearman@80: 0.6061 | Kendall@80: 0.4245
Epoch 50/150 | Train Loss: 0.0354 | Epoch Time: 0.83s | Spearman@80: 0.5937 | Kendall@80: 0.4207
Epoch 51/150 | Train Loss: 0.0378 | Epoch Time: 0.83s | Spearman@80: 0.5822 | Kendall@80: 0.4093
Epoch 52/150 | Train Loss: 0.0284 | Epoch Time: 0.87s | Spearman@80: 0.5404 | Kendall@80: 0.3896
Epoch 53/150 | Train Loss: 0.0389 | Epoch Time: 0.88s | Spearman@80: 0.5490 | Kendall@80: 0.3820
Epoch 54/150 | Train Loss: 0.0332 | Epoch Time: 0.85s | Spearman@80: 0.4965 | Kendall@80: 0.3370
Epoch 55/150 | Train Loss: 0.0389 | Epoch Time: 0.84s | Spearman@80: 0.5474 | Kendall@80: 0.3852
Epoch 56/150 | Train Loss: 0.0400 | Epoch Time: 0.86s | Spearman@80: 0.5204 | Kendall@80: 0.3655
Epoch 57/150 | Train Loss: 0.0292 | Epoch Time: 0.84s | Spearman@80: 0.4953 | Kendall@80: 0.3395
Epoch 58/150 | Train Loss: 0.0324 | Epoch Time: 0.83s | Spearman@80: 0.4927 | Kendall@80: 0.3478
Epoch 59/150 | Train Loss: 0.0247 | Epoch Time: 0.83s | Spearman@80: 0.5374 | Kendall@80: 0.3782
Epoch 60/150 | Train Loss: 0.0317 | Epoch Time: 0.87s | Spearman@80: 0.5432 | Kendall@80: 0.3833
Epoch 61/150 | Train Loss: 0.0334 | Epoch Time: 0.82s | Spearman@80: 0.5359 | Kendall@80: 0.3763
Epoch 62/150 | Train Loss: 0.0331 | Epoch Time: 0.86s | Spearman@80: 0.5096 | Kendall@80: 0.3636
Epoch 63/150 | Train Loss: 0.0287 | Epoch Time: 0.85s | Spearman@80: 0.5445 | Kendall@80: 0.3858
Epoch 64/150 | Train Loss: 0.0266 | Epoch Time: 0.83s | Spearman@80: 0.5436 | Kendall@80: 0.3864
Epoch 65/150 | Train Loss: 0.0292 | Epoch Time: 0.86s | Spearman@80: 0.5159 | Kendall@80: 0.3630
Epoch 66/150 | Train Loss: 0.0238 | Epoch Time: 0.86s | Spearman@80: 0.5513 | Kendall@80: 0.3902
Epoch 67/150 | Train Loss: 0.0268 | Epoch Time: 0.83s | Spearman@80: 0.5552 | Kendall@80: 0.3947
Epoch 68/150 | Train Loss: 0.0287 | Epoch Time: 0.85s | Spearman@80: 0.5134 | Kendall@80: 0.3649
Epoch 69/150 | Train Loss: 0.0272 | Epoch Time: 0.82s | Spearman@80: 0.5196 | Kendall@80: 0.3642
Epoch 70/150 | Train Loss: 0.0294 | Epoch Time: 0.86s | Spearman@80: 0.5145 | Kendall@80: 0.3630
Epoch 71/150 | Train Loss: 0.0323 | Epoch Time: 0.86s | Spearman@80: 0.5432 | Kendall@80: 0.3763
Epoch 72/150 | Train Loss: 0.0345 | Epoch Time: 0.86s | Spearman@80: 0.5609 | Kendall@80: 0.3959
Epoch 73/150 | Train Loss: 0.0240 | Epoch Time: 0.85s | Spearman@80: 0.5504 | Kendall@80: 0.3896
Epoch 74/150 | Train Loss: 0.0268 | Epoch Time: 0.84s | Spearman@80: 0.5412 | Kendall@80: 0.3769
Epoch 75/150 | Train Loss: 0.0264 | Epoch Time: 0.83s | Spearman@80: 0.4828 | Kendall@80: 0.3376
Epoch 76/150 | Train Loss: 0.0290 | Epoch Time: 0.84s | Spearman@80: 0.4782 | Kendall@80: 0.3275
Epoch 77/150 | Train Loss: 0.0222 | Epoch Time: 0.83s | Spearman@80: 0.4772 | Kendall@80: 0.3338
Epoch 78/150 | Train Loss: 0.0234 | Epoch Time: 0.83s | Spearman@80: 0.4625 | Kendall@80: 0.3224
Epoch 79/150 | Train Loss: 0.0295 | Epoch Time: 0.86s | Spearman@80: 0.5142 | Kendall@80: 0.3668
Epoch 80/150 | Train Loss: 0.0224 | Epoch Time: 0.83s | Spearman@80: 0.4962 | Kendall@80: 0.3446
Epoch 81/150 | Train Loss: 0.0195 | Epoch Time: 0.83s | Spearman@80: 0.5114 | Kendall@80: 0.3585
Epoch 82/150 | Train Loss: 0.0224 | Epoch Time: 0.86s | Spearman@80: 0.5373 | Kendall@80: 0.3763
Epoch 83/150 | Train Loss: 0.0248 | Epoch Time: 0.84s | Spearman@80: 0.5141 | Kendall@80: 0.3604
Epoch 84/150 | Train Loss: 0.0209 | Epoch Time: 0.83s | Spearman@80: 0.5006 | Kendall@80: 0.3433
Epoch 85/150 | Train Loss: 0.0235 | Epoch Time: 0.83s | Spearman@80: 0.4976 | Kendall@80: 0.3471
Epoch 86/150 | Train Loss: 0.0243 | Epoch Time: 0.86s | Spearman@80: 0.5198 | Kendall@80: 0.3655
Epoch 87/150 | Train Loss: 0.0220 | Epoch Time: 0.84s | Spearman@80: 0.5038 | Kendall@80: 0.3484
Epoch 88/150 | Train Loss: 0.0199 | Epoch Time: 0.85s | Spearman@80: 0.5045 | Kendall@80: 0.3516
Epoch 89/150 | Train Loss: 0.0270 | Epoch Time: 0.83s | Spearman@80: 0.5191 | Kendall@80: 0.3630
Epoch 90/150 | Train Loss: 0.0265 | Epoch Time: 0.83s | Spearman@80: 0.5569 | Kendall@80: 0.3896
Epoch 91/150 | Train Loss: 0.0167 | Epoch Time: 0.84s | Spearman@80: 0.5373 | Kendall@80: 0.3820
Epoch 92/150 | Train Loss: 0.0235 | Epoch Time: 0.85s | Spearman@80: 0.5428 | Kendall@80: 0.3826
Epoch 93/150 | Train Loss: 0.0169 | Epoch Time: 0.83s | Spearman@80: 0.5296 | Kendall@80: 0.3725
Epoch 94/150 | Train Loss: 0.0238 | Epoch Time: 0.85s | Spearman@80: 0.5464 | Kendall@80: 0.3858
Epoch 95/150 | Train Loss: 0.0199 | Epoch Time: 0.87s | Spearman@80: 0.5451 | Kendall@80: 0.3909
Epoch 96/150 | Train Loss: 0.0255 | Epoch Time: 0.84s | Spearman@80: 0.5091 | Kendall@80: 0.3516
Epoch 97/150 | Train Loss: 0.0186 | Epoch Time: 0.84s | Spearman@80: 0.5236 | Kendall@80: 0.3642
Epoch 98/150 | Train Loss: 0.0228 | Epoch Time: 0.85s | Spearman@80: 0.4886 | Kendall@80: 0.3414
Epoch 99/150 | Train Loss: 0.0163 | Epoch Time: 0.83s | Spearman@80: 0.5253 | Kendall@80: 0.3649
Epoch 100/150 | Train Loss: 0.0167 | Epoch Time: 0.85s | Spearman@80: 0.5205 | Kendall@80: 0.3668
Epoch 101/150 | Train Loss: 0.0192 | Epoch Time: 0.86s | Spearman@80: 0.4974 | Kendall@80: 0.3452
Epoch 102/150 | Train Loss: 0.0188 | Epoch Time: 0.91s | Spearman@80: 0.5047 | Kendall@80: 0.3484
Epoch 103/150 | Train Loss: 0.0179 | Epoch Time: 0.87s | Spearman@80: 0.4915 | Kendall@80: 0.3401
Epoch 104/150 | Train Loss: 0.0140 | Epoch Time: 0.84s | Spearman@80: 0.5138 | Kendall@80: 0.3560
Epoch 105/150 | Train Loss: 0.0209 | Epoch Time: 0.84s | Spearman@80: 0.5118 | Kendall@80: 0.3554
Epoch 106/150 | Train Loss: 0.0172 | Epoch Time: 0.83s | Spearman@80: 0.5232 | Kendall@80: 0.3617
Epoch 107/150 | Train Loss: 0.0174 | Epoch Time: 0.84s | Spearman@80: 0.5232 | Kendall@80: 0.3693
Epoch 108/150 | Train Loss: 0.0170 | Epoch Time: 0.86s | Spearman@80: 0.5166 | Kendall@80: 0.3585
Epoch 109/150 | Train Loss: 0.0181 | Epoch Time: 0.83s | Spearman@80: 0.5275 | Kendall@80: 0.3636
Epoch 110/150 | Train Loss: 0.0120 | Epoch Time: 0.83s | Spearman@80: 0.5048 | Kendall@80: 0.3516
Epoch 111/150 | Train Loss: 0.0161 | Epoch Time: 0.84s | Spearman@80: 0.5046 | Kendall@80: 0.3522
Epoch 112/150 | Train Loss: 0.0181 | Epoch Time: 0.83s | Spearman@80: 0.5099 | Kendall@80: 0.3573
Epoch 113/150 | Train Loss: 0.0130 | Epoch Time: 0.84s | Spearman@80: 0.5361 | Kendall@80: 0.3763
Epoch 114/150 | Train Loss: 0.0104 | Epoch Time: 0.83s | Spearman@80: 0.5232 | Kendall@80: 0.3674
Epoch 115/150 | Train Loss: 0.0166 | Epoch Time: 0.84s | Spearman@80: 0.5337 | Kendall@80: 0.3750
Epoch 116/150 | Train Loss: 0.0147 | Epoch Time: 0.82s | Spearman@80: 0.5255 | Kendall@80: 0.3623
Epoch 117/150 | Train Loss: 0.0127 | Epoch Time: 0.82s | Spearman@80: 0.5224 | Kendall@80: 0.3630
Epoch 118/150 | Train Loss: 0.0144 | Epoch Time: 0.82s | Spearman@80: 0.5241 | Kendall@80: 0.3668
Epoch 119/150 | Train Loss: 0.0099 | Epoch Time: 0.87s | Spearman@80: 0.5214 | Kendall@80: 0.3630
Epoch 120/150 | Train Loss: 0.0167 | Epoch Time: 0.87s | Spearman@80: 0.5170 | Kendall@80: 0.3649
Epoch 121/150 | Train Loss: 0.0173 | Epoch Time: 0.85s | Spearman@80: 0.5170 | Kendall@80: 0.3598
Epoch 122/150 | Train Loss: 0.0120 | Epoch Time: 0.85s | Spearman@80: 0.5112 | Kendall@80: 0.3585
Epoch 123/150 | Train Loss: 0.0133 | Epoch Time: 0.84s | Spearman@80: 0.5213 | Kendall@80: 0.3642
Epoch 124/150 | Train Loss: 0.0136 | Epoch Time: 0.84s | Spearman@80: 0.5242 | Kendall@80: 0.3680
Epoch 125/150 | Train Loss: 0.0119 | Epoch Time: 0.83s | Spearman@80: 0.5194 | Kendall@80: 0.3668
Epoch 126/150 | Train Loss: 0.0110 | Epoch Time: 0.84s | Spearman@80: 0.5188 | Kendall@80: 0.3661
Epoch 127/150 | Train Loss: 0.0135 | Epoch Time: 0.84s | Spearman@80: 0.5100 | Kendall@80: 0.3623
Epoch 128/150 | Train Loss: 0.0097 | Epoch Time: 0.84s | Spearman@80: 0.5153 | Kendall@80: 0.3573
Epoch 129/150 | Train Loss: 0.0128 | Epoch Time: 0.82s | Spearman@80: 0.5149 | Kendall@80: 0.3604
Epoch 130/150 | Train Loss: 0.0114 | Epoch Time: 0.83s | Spearman@80: 0.5181 | Kendall@80: 0.3642
Epoch 131/150 | Train Loss: 0.0113 | Epoch Time: 0.84s | Spearman@80: 0.5110 | Kendall@80: 0.3566
Epoch 132/150 | Train Loss: 0.0127 | Epoch Time: 0.85s | Spearman@80: 0.5035 | Kendall@80: 0.3535
Epoch 133/150 | Train Loss: 0.0145 | Epoch Time: 0.85s | Spearman@80: 0.5104 | Kendall@80: 0.3560
Epoch 134/150 | Train Loss: 0.0142 | Epoch Time: 0.90s | Spearman@80: 0.5164 | Kendall@80: 0.3611
Epoch 135/150 | Train Loss: 0.0140 | Epoch Time: 0.86s | Spearman@80: 0.5163 | Kendall@80: 0.3592
Epoch 136/150 | Train Loss: 0.0133 | Epoch Time: 0.87s | Spearman@80: 0.5221 | Kendall@80: 0.3642
Epoch 137/150 | Train Loss: 0.0128 | Epoch Time: 0.84s | Spearman@80: 0.5178 | Kendall@80: 0.3617
Epoch 138/150 | Train Loss: 0.0136 | Epoch Time: 0.84s | Spearman@80: 0.5212 | Kendall@80: 0.3617
Epoch 139/150 | Train Loss: 0.0098 | Epoch Time: 0.84s | Spearman@80: 0.5203 | Kendall@80: 0.3598
Epoch 140/150 | Train Loss: 0.0105 | Epoch Time: 0.82s | Spearman@80: 0.5175 | Kendall@80: 0.3592
Epoch 141/150 | Train Loss: 0.0102 | Epoch Time: 0.85s | Spearman@80: 0.5144 | Kendall@80: 0.3592
Epoch 142/150 | Train Loss: 0.0122 | Epoch Time: 0.85s | Spearman@80: 0.5136 | Kendall@80: 0.3573
Epoch 143/150 | Train Loss: 0.0152 | Epoch Time: 0.86s | Spearman@80: 0.5110 | Kendall@80: 0.3547
Epoch 144/150 | Train Loss: 0.0109 | Epoch Time: 0.85s | Spearman@80: 0.5055 | Kendall@80: 0.3535
Epoch 145/150 | Train Loss: 0.0130 | Epoch Time: 0.84s | Spearman@80: 0.5185 | Kendall@80: 0.3617
Epoch 146/150 | Train Loss: 0.0124 | Epoch Time: 0.86s | Spearman@80: 0.5186 | Kendall@80: 0.3611
Epoch 147/150 | Train Loss: 0.0121 | Epoch Time: 1.59s | Spearman@4870: 0.5497 | Kendall@4870: 0.3846
Epoch 148/150 | Train Loss: 0.0120 | Epoch Time: 1.58s | Spearman@4870: 0.5500 | Kendall@4870: 0.3848
Epoch 149/150 | Train Loss: 0.0137 | Epoch Time: 1.57s | Spearman@4870: 0.5470 | Kendall@4870: 0.3825
Epoch 150/150 | Train Loss: 0.0100 | Epoch Time: 1.59s | Spearman@4870: 0.5499 | Kendall@4870: 0.3847
Sample Count: 128, Spearman: 0.5491567188520668, Kendall: 0.38416744504546
{64: (0.33373351470969603, 0.22620234701592787),
 128: (0.5491567188520668, 0.38416744504546)}
Epoch 1/150 | Train Loss: 0.0998 | Epoch Time: 0.42s | Spearman@80: 0.0053 | Kendall@80: 0.0082
Epoch 2/150 | Train Loss: 0.0982 | Epoch Time: 0.42s | Spearman@80: -0.0038 | Kendall@80: -0.0013
Epoch 3/150 | Train Loss: 0.0841 | Epoch Time: 0.46s | Spearman@80: -0.0428 | Kendall@80: -0.0273
Epoch 4/150 | Train Loss: 0.0867 | Epoch Time: 0.42s | Spearman@80: -0.0003 | Kendall@80: 0.0019
Epoch 5/150 | Train Loss: 0.0817 | Epoch Time: 0.44s | Spearman@80: -0.0055 | Kendall@80: 0.0057
Epoch 6/150 | Train Loss: 0.0760 | Epoch Time: 0.46s | Spearman@80: 0.0660 | Kendall@80: 0.0482
Epoch 7/150 | Train Loss: 0.0684 | Epoch Time: 0.42s | Spearman@80: -0.0340 | Kendall@80: -0.0247
Epoch 8/150 | Train Loss: 0.0798 | Epoch Time: 0.43s | Spearman@80: 0.0120 | Kendall@80: 0.0108
Epoch 9/150 | Train Loss: 0.0843 | Epoch Time: 0.45s | Spearman@80: 0.0226 | Kendall@80: 0.0190
Epoch 10/150 | Train Loss: 0.0702 | Epoch Time: 0.42s | Spearman@80: 0.0625 | Kendall@80: 0.0450
Epoch 11/150 | Train Loss: 0.0654 | Epoch Time: 0.45s | Spearman@80: 0.1031 | Kendall@80: 0.0755
Epoch 12/150 | Train Loss: 0.0661 | Epoch Time: 0.43s | Spearman@80: 0.1570 | Kendall@80: 0.1059
Epoch 13/150 | Train Loss: 0.0567 | Epoch Time: 0.42s | Spearman@80: 0.0884 | Kendall@80: 0.0628
Epoch 14/150 | Train Loss: 0.0537 | Epoch Time: 0.44s | Spearman@80: 0.1475 | Kendall@80: 0.1040
Epoch 15/150 | Train Loss: 0.0653 | Epoch Time: 0.44s | Spearman@80: 0.1515 | Kendall@80: 0.1008
Epoch 16/150 | Train Loss: 0.0498 | Epoch Time: 0.43s | Spearman@80: 0.1324 | Kendall@80: 0.0932
Epoch 17/150 | Train Loss: 0.0654 | Epoch Time: 0.42s | Spearman@80: 0.3300 | Kendall@80: 0.2080
Epoch 18/150 | Train Loss: 0.0555 | Epoch Time: 0.48s | Spearman@80: 0.2573 | Kendall@80: 0.1731
Epoch 19/150 | Train Loss: 0.0585 | Epoch Time: 0.44s | Spearman@80: 0.2237 | Kendall@80: 0.1528
Epoch 20/150 | Train Loss: 0.0576 | Epoch Time: 0.42s | Spearman@80: 0.2907 | Kendall@80: 0.1940
Epoch 21/150 | Train Loss: 0.0521 | Epoch Time: 0.41s | Spearman@80: 0.3353 | Kendall@80: 0.2213
Epoch 22/150 | Train Loss: 0.0539 | Epoch Time: 0.43s | Spearman@80: 0.3790 | Kendall@80: 0.2524
Epoch 23/150 | Train Loss: 0.0520 | Epoch Time: 0.44s | Spearman@80: 0.3706 | Kendall@80: 0.2410
Epoch 24/150 | Train Loss: 0.0502 | Epoch Time: 0.44s | Spearman@80: 0.2679 | Kendall@80: 0.1769
Epoch 25/150 | Train Loss: 0.0457 | Epoch Time: 0.42s | Spearman@80: 0.2572 | Kendall@80: 0.1661
Epoch 26/150 | Train Loss: 0.0640 | Epoch Time: 0.42s | Spearman@80: 0.3782 | Kendall@80: 0.2587
Epoch 27/150 | Train Loss: 0.0662 | Epoch Time: 0.41s | Spearman@80: 0.4788 | Kendall@80: 0.3228
Epoch 28/150 | Train Loss: 0.0492 | Epoch Time: 0.43s | Spearman@80: 0.3676 | Kendall@80: 0.2492
Epoch 29/150 | Train Loss: 0.0472 | Epoch Time: 0.43s | Spearman@80: 0.3635 | Kendall@80: 0.2486
Epoch 30/150 | Train Loss: 0.0426 | Epoch Time: 0.42s | Spearman@80: 0.3931 | Kendall@80: 0.2600
Epoch 31/150 | Train Loss: 0.0481 | Epoch Time: 0.42s | Spearman@80: 0.3456 | Kendall@80: 0.2283
Epoch 32/150 | Train Loss: 0.0504 | Epoch Time: 0.42s | Spearman@80: 0.3480 | Kendall@80: 0.2213
Epoch 33/150 | Train Loss: 0.0546 | Epoch Time: 0.45s | Spearman@80: 0.3730 | Kendall@80: 0.2473
Epoch 34/150 | Train Loss: 0.0479 | Epoch Time: 0.44s | Spearman@80: 0.3586 | Kendall@80: 0.2365
Epoch 35/150 | Train Loss: 0.0436 | Epoch Time: 0.42s | Spearman@80: 0.3883 | Kendall@80: 0.2594
Epoch 36/150 | Train Loss: 0.0328 | Epoch Time: 0.46s | Spearman@80: 0.4542 | Kendall@80: 0.3094
Epoch 37/150 | Train Loss: 0.0411 | Epoch Time: 0.43s | Spearman@80: 0.4059 | Kendall@80: 0.2822
Epoch 38/150 | Train Loss: 0.0408 | Epoch Time: 0.45s | Spearman@80: 0.3593 | Kendall@80: 0.2536
Epoch 39/150 | Train Loss: 0.0486 | Epoch Time: 0.43s | Spearman@80: 0.5443 | Kendall@80: 0.3691
Epoch 40/150 | Train Loss: 0.0384 | Epoch Time: 0.45s | Spearman@80: 0.4987 | Kendall@80: 0.3405
Epoch 41/150 | Train Loss: 0.0516 | Epoch Time: 0.45s | Spearman@80: 0.4649 | Kendall@80: 0.3171
Epoch 42/150 | Train Loss: 0.0329 | Epoch Time: 0.44s | Spearman@80: 0.3677 | Kendall@80: 0.2422
Epoch 43/150 | Train Loss: 0.0327 | Epoch Time: 0.44s | Spearman@80: 0.3262 | Kendall@80: 0.2099
Epoch 44/150 | Train Loss: 0.0401 | Epoch Time: 0.45s | Spearman@80: 0.4403 | Kendall@80: 0.2936
Epoch 45/150 | Train Loss: 0.0380 | Epoch Time: 0.44s | Spearman@80: 0.4188 | Kendall@80: 0.2904
Epoch 46/150 | Train Loss: 0.0309 | Epoch Time: 0.42s | Spearman@80: 0.3863 | Kendall@80: 0.2695
Epoch 47/150 | Train Loss: 0.0473 | Epoch Time: 0.42s | Spearman@80: 0.4670 | Kendall@80: 0.3259
Epoch 48/150 | Train Loss: 0.0401 | Epoch Time: 0.42s | Spearman@80: 0.5149 | Kendall@80: 0.3526
Epoch 49/150 | Train Loss: 0.0320 | Epoch Time: 0.43s | Spearman@80: 0.4429 | Kendall@80: 0.3037
Epoch 50/150 | Train Loss: 0.0304 | Epoch Time: 0.43s | Spearman@80: 0.4567 | Kendall@80: 0.3228
Epoch 51/150 | Train Loss: 0.0333 | Epoch Time: 0.42s | Spearman@80: 0.4697 | Kendall@80: 0.3329
Epoch 52/150 | Train Loss: 0.0349 | Epoch Time: 0.44s | Spearman@80: 0.4600 | Kendall@80: 0.3177
Epoch 53/150 | Train Loss: 0.0340 | Epoch Time: 0.42s | Spearman@80: 0.4073 | Kendall@80: 0.2866
Epoch 54/150 | Train Loss: 0.0300 | Epoch Time: 0.45s | Spearman@80: 0.4644 | Kendall@80: 0.3215
Epoch 55/150 | Train Loss: 0.0398 | Epoch Time: 0.43s | Spearman@80: 0.4438 | Kendall@80: 0.3056
Epoch 56/150 | Train Loss: 0.0298 | Epoch Time: 0.42s | Spearman@80: 0.4618 | Kendall@80: 0.3278
Epoch 57/150 | Train Loss: 0.0328 | Epoch Time: 0.43s | Spearman@80: 0.4319 | Kendall@80: 0.3120
Epoch 58/150 | Train Loss: 0.0285 | Epoch Time: 0.43s | Spearman@80: 0.4042 | Kendall@80: 0.2860
Epoch 59/150 | Train Loss: 0.0260 | Epoch Time: 0.45s | Spearman@80: 0.4087 | Kendall@80: 0.2885
Epoch 60/150 | Train Loss: 0.0305 | Epoch Time: 0.42s | Spearman@80: 0.3988 | Kendall@80: 0.2841
Epoch 61/150 | Train Loss: 0.0241 | Epoch Time: 0.44s | Spearman@80: 0.4748 | Kendall@80: 0.3361
Epoch 62/150 | Train Loss: 0.0311 | Epoch Time: 0.44s | Spearman@80: 0.5054 | Kendall@80: 0.3551
Epoch 63/150 | Train Loss: 0.0193 | Epoch Time: 0.42s | Spearman@80: 0.4692 | Kendall@80: 0.3354
Epoch 64/150 | Train Loss: 0.0285 | Epoch Time: 0.42s | Spearman@80: 0.4188 | Kendall@80: 0.2968
Epoch 65/150 | Train Loss: 0.0313 | Epoch Time: 0.44s | Spearman@80: 0.4721 | Kendall@80: 0.3342
Epoch 66/150 | Train Loss: 0.0255 | Epoch Time: 0.43s | Spearman@80: 0.4979 | Kendall@80: 0.3469
Epoch 67/150 | Train Loss: 0.0267 | Epoch Time: 0.43s | Spearman@80: 0.5257 | Kendall@80: 0.3640
Epoch 68/150 | Train Loss: 0.0222 | Epoch Time: 0.43s | Spearman@80: 0.5298 | Kendall@80: 0.3633
Epoch 69/150 | Train Loss: 0.0237 | Epoch Time: 0.43s | Spearman@80: 0.5556 | Kendall@80: 0.3843
Epoch 70/150 | Train Loss: 0.0205 | Epoch Time: 0.44s | Spearman@80: 0.5224 | Kendall@80: 0.3672
Epoch 71/150 | Train Loss: 0.0190 | Epoch Time: 0.42s | Spearman@80: 0.4402 | Kendall@80: 0.3094
Epoch 72/150 | Train Loss: 0.0232 | Epoch Time: 0.42s | Spearman@80: 0.4725 | Kendall@80: 0.3291
Epoch 73/150 | Train Loss: 0.0234 | Epoch Time: 0.42s | Spearman@80: 0.5504 | Kendall@80: 0.3811
Epoch 74/150 | Train Loss: 0.0257 | Epoch Time: 0.42s | Spearman@80: 0.4822 | Kendall@80: 0.3374
Epoch 75/150 | Train Loss: 0.0228 | Epoch Time: 0.42s | Spearman@80: 0.5239 | Kendall@80: 0.3595
Epoch 76/150 | Train Loss: 0.0174 | Epoch Time: 0.44s | Spearman@80: 0.4997 | Kendall@80: 0.3538
Epoch 77/150 | Train Loss: 0.0294 | Epoch Time: 0.46s | Spearman@80: 0.5165 | Kendall@80: 0.3627
Epoch 78/150 | Train Loss: 0.0219 | Epoch Time: 0.42s | Spearman@80: 0.5250 | Kendall@80: 0.3646
Epoch 79/150 | Train Loss: 0.0220 | Epoch Time: 0.43s | Spearman@80: 0.5082 | Kendall@80: 0.3538
Epoch 80/150 | Train Loss: 0.0208 | Epoch Time: 0.42s | Spearman@80: 0.4817 | Kendall@80: 0.3285
Epoch 81/150 | Train Loss: 0.0219 | Epoch Time: 0.43s | Spearman@80: 0.4788 | Kendall@80: 0.3297
Epoch 82/150 | Train Loss: 0.0271 | Epoch Time: 0.42s | Spearman@80: 0.5024 | Kendall@80: 0.3450
Epoch 83/150 | Train Loss: 0.0242 | Epoch Time: 0.42s | Spearman@80: 0.5045 | Kendall@80: 0.3500
Epoch 84/150 | Train Loss: 0.0184 | Epoch Time: 0.42s | Spearman@80: 0.5206 | Kendall@80: 0.3538
Epoch 85/150 | Train Loss: 0.0173 | Epoch Time: 0.42s | Spearman@80: 0.5208 | Kendall@80: 0.3532
Epoch 86/150 | Train Loss: 0.0180 | Epoch Time: 0.42s | Spearman@80: 0.4960 | Kendall@80: 0.3399
Epoch 87/150 | Train Loss: 0.0174 | Epoch Time: 0.42s | Spearman@80: 0.5068 | Kendall@80: 0.3431
Epoch 88/150 | Train Loss: 0.0176 | Epoch Time: 0.43s | Spearman@80: 0.4986 | Kendall@80: 0.3475
Epoch 89/150 | Train Loss: 0.0170 | Epoch Time: 0.43s | Spearman@80: 0.5137 | Kendall@80: 0.3519
Epoch 90/150 | Train Loss: 0.0186 | Epoch Time: 0.43s | Spearman@80: 0.5366 | Kendall@80: 0.3653
Epoch 91/150 | Train Loss: 0.0196 | Epoch Time: 0.42s | Spearman@80: 0.5641 | Kendall@80: 0.3862
Epoch 92/150 | Train Loss: 0.0231 | Epoch Time: 0.42s | Spearman@80: 0.5527 | Kendall@80: 0.3805
Epoch 93/150 | Train Loss: 0.0194 | Epoch Time: 0.41s | Spearman@80: 0.5024 | Kendall@80: 0.3469
Epoch 94/150 | Train Loss: 0.0165 | Epoch Time: 0.46s | Spearman@80: 0.5334 | Kendall@80: 0.3665
Epoch 95/150 | Train Loss: 0.0174 | Epoch Time: 0.43s | Spearman@80: 0.5408 | Kendall@80: 0.3741
Epoch 96/150 | Train Loss: 0.0203 | Epoch Time: 0.44s | Spearman@80: 0.5427 | Kendall@80: 0.3779
Epoch 97/150 | Train Loss: 0.0195 | Epoch Time: 0.44s | Spearman@80: 0.4785 | Kendall@80: 0.3259
Epoch 98/150 | Train Loss: 0.0128 | Epoch Time: 0.45s | Spearman@80: 0.4553 | Kendall@80: 0.3152
Epoch 99/150 | Train Loss: 0.0139 | Epoch Time: 0.45s | Spearman@80: 0.4579 | Kendall@80: 0.3120
Epoch 100/150 | Train Loss: 0.0191 | Epoch Time: 0.42s | Spearman@80: 0.4376 | Kendall@80: 0.3031
Epoch 101/150 | Train Loss: 0.0206 | Epoch Time: 0.44s | Spearman@80: 0.4996 | Kendall@80: 0.3361
Epoch 102/150 | Train Loss: 0.0206 | Epoch Time: 0.42s | Spearman@80: 0.4966 | Kendall@80: 0.3386
Epoch 103/150 | Train Loss: 0.0158 | Epoch Time: 0.47s | Spearman@80: 0.4852 | Kendall@80: 0.3335
Epoch 104/150 | Train Loss: 0.0120 | Epoch Time: 0.44s | Spearman@80: 0.4829 | Kendall@80: 0.3247
Epoch 105/150 | Train Loss: 0.0124 | Epoch Time: 0.43s | Spearman@80: 0.4941 | Kendall@80: 0.3393
Epoch 106/150 | Train Loss: 0.0134 | Epoch Time: 0.44s | Spearman@80: 0.4793 | Kendall@80: 0.3291
Epoch 107/150 | Train Loss: 0.0146 | Epoch Time: 0.43s | Spearman@80: 0.4830 | Kendall@80: 0.3297
Epoch 108/150 | Train Loss: 0.0145 | Epoch Time: 0.42s | Spearman@80: 0.4787 | Kendall@80: 0.3266
Epoch 109/150 | Train Loss: 0.0129 | Epoch Time: 0.44s | Spearman@80: 0.4955 | Kendall@80: 0.3431
Epoch 110/150 | Train Loss: 0.0145 | Epoch Time: 0.44s | Spearman@80: 0.4882 | Kendall@80: 0.3335
Epoch 111/150 | Train Loss: 0.0114 | Epoch Time: 0.42s | Spearman@80: 0.5064 | Kendall@80: 0.3513
Epoch 112/150 | Train Loss: 0.0112 | Epoch Time: 0.44s | Spearman@80: 0.4918 | Kendall@80: 0.3323
Epoch 113/150 | Train Loss: 0.0097 | Epoch Time: 0.42s | Spearman@80: 0.4978 | Kendall@80: 0.3367
Epoch 114/150 | Train Loss: 0.0112 | Epoch Time: 0.43s | Spearman@80: 0.4788 | Kendall@80: 0.3234
Epoch 115/150 | Train Loss: 0.0123 | Epoch Time: 0.42s | Spearman@80: 0.4785 | Kendall@80: 0.3234
Epoch 116/150 | Train Loss: 0.0112 | Epoch Time: 0.43s | Spearman@80: 0.4795 | Kendall@80: 0.3253
Epoch 117/150 | Train Loss: 0.0100 | Epoch Time: 0.44s | Spearman@80: 0.5113 | Kendall@80: 0.3456
Epoch 118/150 | Train Loss: 0.0102 | Epoch Time: 0.43s | Spearman@80: 0.5088 | Kendall@80: 0.3456
Epoch 119/150 | Train Loss: 0.0100 | Epoch Time: 0.43s | Spearman@80: 0.4897 | Kendall@80: 0.3335
Epoch 120/150 | Train Loss: 0.0136 | Epoch Time: 0.42s | Spearman@80: 0.4947 | Kendall@80: 0.3361
Epoch 121/150 | Train Loss: 0.0116 | Epoch Time: 0.45s | Spearman@80: 0.4985 | Kendall@80: 0.3367
Epoch 122/150 | Train Loss: 0.0094 | Epoch Time: 0.44s | Spearman@80: 0.5048 | Kendall@80: 0.3405
Epoch 123/150 | Train Loss: 0.0084 | Epoch Time: 0.43s | Spearman@80: 0.4947 | Kendall@80: 0.3393
Epoch 124/150 | Train Loss: 0.0114 | Epoch Time: 0.44s | Spearman@80: 0.4953 | Kendall@80: 0.3386
Epoch 125/150 | Train Loss: 0.0101 | Epoch Time: 0.42s | Spearman@80: 0.5117 | Kendall@80: 0.3532
Epoch 126/150 | Train Loss: 0.0062 | Epoch Time: 0.43s | Spearman@80: 0.5108 | Kendall@80: 0.3488
Epoch 127/150 | Train Loss: 0.0125 | Epoch Time: 0.42s | Spearman@80: 0.5068 | Kendall@80: 0.3443
Epoch 128/150 | Train Loss: 0.0080 | Epoch Time: 0.43s | Spearman@80: 0.5095 | Kendall@80: 0.3488
Epoch 129/150 | Train Loss: 0.0110 | Epoch Time: 0.42s | Spearman@80: 0.5086 | Kendall@80: 0.3507
Epoch 130/150 | Train Loss: 0.0112 | Epoch Time: 0.42s | Spearman@80: 0.5046 | Kendall@80: 0.3494
Epoch 131/150 | Train Loss: 0.0089 | Epoch Time: 0.44s | Spearman@80: 0.4987 | Kendall@80: 0.3437
Epoch 132/150 | Train Loss: 0.0071 | Epoch Time: 0.42s | Spearman@80: 0.5002 | Kendall@80: 0.3437
Epoch 133/150 | Train Loss: 0.0100 | Epoch Time: 0.42s | Spearman@80: 0.5009 | Kendall@80: 0.3431
Epoch 134/150 | Train Loss: 0.0104 | Epoch Time: 0.43s | Spearman@80: 0.4999 | Kendall@80: 0.3431
Epoch 135/150 | Train Loss: 0.0121 | Epoch Time: 0.45s | Spearman@80: 0.5048 | Kendall@80: 0.3462
Epoch 136/150 | Train Loss: 0.0079 | Epoch Time: 0.44s | Spearman@80: 0.5042 | Kendall@80: 0.3456
Epoch 137/150 | Train Loss: 0.0080 | Epoch Time: 0.43s | Spearman@80: 0.5068 | Kendall@80: 0.3475
Epoch 138/150 | Train Loss: 0.0119 | Epoch Time: 0.42s | Spearman@80: 0.5073 | Kendall@80: 0.3494
Epoch 139/150 | Train Loss: 0.0119 | Epoch Time: 0.43s | Spearman@80: 0.5057 | Kendall@80: 0.3500
Epoch 140/150 | Train Loss: 0.0101 | Epoch Time: 0.42s | Spearman@80: 0.5028 | Kendall@80: 0.3450
Epoch 141/150 | Train Loss: 0.0105 | Epoch Time: 0.43s | Spearman@80: 0.5065 | Kendall@80: 0.3475
Epoch 142/150 | Train Loss: 0.0143 | Epoch Time: 0.43s | Spearman@80: 0.5068 | Kendall@80: 0.3500
Epoch 143/150 | Train Loss: 0.0082 | Epoch Time: 0.42s | Spearman@80: 0.5015 | Kendall@80: 0.3424
Epoch 144/150 | Train Loss: 0.0074 | Epoch Time: 0.42s | Spearman@80: 0.5075 | Kendall@80: 0.3462
Epoch 145/150 | Train Loss: 0.0093 | Epoch Time: 0.42s | Spearman@80: 0.5023 | Kendall@80: 0.3437
Epoch 146/150 | Train Loss: 0.0086 | Epoch Time: 0.43s | Spearman@80: 0.5063 | Kendall@80: 0.3475
Epoch 147/150 | Train Loss: 0.0118 | Epoch Time: 1.19s | Spearman@4934: 0.4845 | Kendall@4934: 0.3341
Epoch 148/150 | Train Loss: 0.0087 | Epoch Time: 1.17s | Spearman@4934: 0.4849 | Kendall@4934: 0.3344
Epoch 149/150 | Train Loss: 0.0110 | Epoch Time: 1.17s | Spearman@4934: 0.4843 | Kendall@4934: 0.3340
Epoch 150/150 | Train Loss: 0.0064 | Epoch Time: 1.17s | Spearman@4934: 0.4847 | Kendall@4934: 0.3342
Sample Count: 64, Spearman: 0.4845953244731718, Kendall: 0.33415498903551566
{64: (0.4845953244731718, 0.33415498903551566),
 128: (0.5491567188520668, 0.38416744504546)}
Epoch 1/150 | Train Loss: 0.0972 | Epoch Time: 0.83s | Spearman@80: 0.5948 | Kendall@80: 0.4176
Epoch 2/150 | Train Loss: 0.0887 | Epoch Time: 0.83s | Spearman@80: 0.5823 | Kendall@80: 0.4297
Epoch 3/150 | Train Loss: 0.0808 | Epoch Time: 0.84s | Spearman@80: 0.6505 | Kendall@80: 0.4677
Epoch 4/150 | Train Loss: 0.0705 | Epoch Time: 0.83s | Spearman@80: 0.6457 | Kendall@80: 0.4582
Epoch 5/150 | Train Loss: 0.0716 | Epoch Time: 0.83s | Spearman@80: 0.6629 | Kendall@80: 0.4816
Epoch 6/150 | Train Loss: 0.0630 | Epoch Time: 0.85s | Spearman@80: 0.5432 | Kendall@80: 0.3783
Epoch 7/150 | Train Loss: 0.0584 | Epoch Time: 0.84s | Spearman@80: 0.4978 | Kendall@80: 0.3574
Epoch 8/150 | Train Loss: 0.0650 | Epoch Time: 0.86s | Spearman@80: 0.6432 | Kendall@80: 0.4689
Epoch 9/150 | Train Loss: 0.0667 | Epoch Time: 0.84s | Spearman@80: 0.6342 | Kendall@80: 0.4575
Epoch 10/150 | Train Loss: 0.0610 | Epoch Time: 0.83s | Spearman@80: 0.6627 | Kendall@80: 0.4968
Epoch 11/150 | Train Loss: 0.0583 | Epoch Time: 0.84s | Spearman@80: 0.6201 | Kendall@80: 0.4461
Epoch 12/150 | Train Loss: 0.0601 | Epoch Time: 0.83s | Spearman@80: 0.6523 | Kendall@80: 0.4791
Epoch 13/150 | Train Loss: 0.0595 | Epoch Time: 0.85s | Spearman@80: 0.6219 | Kendall@80: 0.4461
Epoch 14/150 | Train Loss: 0.0532 | Epoch Time: 0.83s | Spearman@80: 0.6571 | Kendall@80: 0.4867
Epoch 15/150 | Train Loss: 0.0564 | Epoch Time: 0.84s | Spearman@80: 0.6554 | Kendall@80: 0.4892
Epoch 16/150 | Train Loss: 0.0565 | Epoch Time: 0.82s | Spearman@80: 0.6547 | Kendall@80: 0.4937
Epoch 17/150 | Train Loss: 0.0568 | Epoch Time: 0.84s | Spearman@80: 0.6537 | Kendall@80: 0.4867
Epoch 18/150 | Train Loss: 0.0606 | Epoch Time: 0.83s | Spearman@80: 0.6840 | Kendall@80: 0.5209
Epoch 19/150 | Train Loss: 0.0547 | Epoch Time: 0.86s | Spearman@80: 0.6816 | Kendall@80: 0.5051
Epoch 20/150 | Train Loss: 0.0496 | Epoch Time: 0.83s | Spearman@80: 0.6475 | Kendall@80: 0.4689
Epoch 21/150 | Train Loss: 0.0466 | Epoch Time: 0.83s | Spearman@80: 0.6968 | Kendall@80: 0.5285
Epoch 22/150 | Train Loss: 0.0432 | Epoch Time: 0.83s | Spearman@80: 0.6297 | Kendall@80: 0.4670
Epoch 23/150 | Train Loss: 0.0484 | Epoch Time: 0.83s | Spearman@80: 0.6527 | Kendall@80: 0.4842
Epoch 24/150 | Train Loss: 0.0469 | Epoch Time: 0.85s | Spearman@80: 0.6055 | Kendall@80: 0.4480
Epoch 25/150 | Train Loss: 0.0472 | Epoch Time: 0.84s | Spearman@80: 0.6933 | Kendall@80: 0.5234
Epoch 26/150 | Train Loss: 0.0499 | Epoch Time: 0.85s | Spearman@80: 0.6463 | Kendall@80: 0.4823
Epoch 27/150 | Train Loss: 0.0489 | Epoch Time: 0.84s | Spearman@80: 0.6786 | Kendall@80: 0.5082
Epoch 28/150 | Train Loss: 0.0436 | Epoch Time: 0.84s | Spearman@80: 0.6743 | Kendall@80: 0.5051
Epoch 29/150 | Train Loss: 0.0436 | Epoch Time: 0.85s | Spearman@80: 0.6287 | Kendall@80: 0.4651
Epoch 30/150 | Train Loss: 0.0462 | Epoch Time: 0.83s | Spearman@80: 0.6295 | Kendall@80: 0.4588
Epoch 31/150 | Train Loss: 0.0451 | Epoch Time: 0.83s | Spearman@80: 0.6517 | Kendall@80: 0.4892
Epoch 32/150 | Train Loss: 0.0399 | Epoch Time: 0.85s | Spearman@80: 0.5964 | Kendall@80: 0.4436
Epoch 33/150 | Train Loss: 0.0418 | Epoch Time: 0.84s | Spearman@80: 0.6101 | Kendall@80: 0.4474
Epoch 34/150 | Train Loss: 0.0388 | Epoch Time: 0.84s | Spearman@80: 0.6370 | Kendall@80: 0.4645
Epoch 35/150 | Train Loss: 0.0456 | Epoch Time: 0.82s | Spearman@80: 0.5825 | Kendall@80: 0.4189
Epoch 36/150 | Train Loss: 0.0446 | Epoch Time: 0.86s | Spearman@80: 0.5706 | Kendall@80: 0.4151
Epoch 37/150 | Train Loss: 0.0439 | Epoch Time: 0.83s | Spearman@80: 0.6546 | Kendall@80: 0.4797
Epoch 38/150 | Train Loss: 0.0457 | Epoch Time: 0.83s | Spearman@80: 0.6365 | Kendall@80: 0.4689
Epoch 39/150 | Train Loss: 0.0441 | Epoch Time: 0.83s | Spearman@80: 0.6099 | Kendall@80: 0.4468
Epoch 40/150 | Train Loss: 0.0382 | Epoch Time: 0.84s | Spearman@80: 0.5740 | Kendall@80: 0.4132
Epoch 41/150 | Train Loss: 0.0424 | Epoch Time: 0.83s | Spearman@80: 0.6373 | Kendall@80: 0.4664
Epoch 42/150 | Train Loss: 0.0374 | Epoch Time: 0.85s | Spearman@80: 0.6331 | Kendall@80: 0.4645
Epoch 43/150 | Train Loss: 0.0357 | Epoch Time: 0.82s | Spearman@80: 0.5939 | Kendall@80: 0.4278
Epoch 44/150 | Train Loss: 0.0330 | Epoch Time: 0.82s | Spearman@80: 0.5737 | Kendall@80: 0.4138
Epoch 45/150 | Train Loss: 0.0418 | Epoch Time: 0.84s | Spearman@80: 0.6851 | Kendall@80: 0.5108
Epoch 46/150 | Train Loss: 0.0371 | Epoch Time: 0.83s | Spearman@80: 0.6177 | Kendall@80: 0.4525
Epoch 47/150 | Train Loss: 0.0400 | Epoch Time: 0.83s | Spearman@80: 0.6218 | Kendall@80: 0.4563
Epoch 48/150 | Train Loss: 0.0401 | Epoch Time: 0.83s | Spearman@80: 0.6336 | Kendall@80: 0.4639
Epoch 49/150 | Train Loss: 0.0349 | Epoch Time: 0.83s | Spearman@80: 0.6670 | Kendall@80: 0.4949
Epoch 50/150 | Train Loss: 0.0338 | Epoch Time: 0.83s | Spearman@80: 0.5957 | Kendall@80: 0.4335
Epoch 51/150 | Train Loss: 0.0335 | Epoch Time: 0.84s | Spearman@80: 0.6301 | Kendall@80: 0.4670
Epoch 52/150 | Train Loss: 0.0358 | Epoch Time: 0.84s | Spearman@80: 0.6481 | Kendall@80: 0.4823
Epoch 53/150 | Train Loss: 0.0386 | Epoch Time: 0.85s | Spearman@80: 0.6573 | Kendall@80: 0.4892
Epoch 54/150 | Train Loss: 0.0351 | Epoch Time: 0.86s | Spearman@80: 0.6384 | Kendall@80: 0.4791
Epoch 55/150 | Train Loss: 0.0292 | Epoch Time: 0.88s | Spearman@80: 0.6546 | Kendall@80: 0.4848
Epoch 56/150 | Train Loss: 0.0399 | Epoch Time: 0.84s | Spearman@80: 0.6258 | Kendall@80: 0.4550
Epoch 57/150 | Train Loss: 0.0321 | Epoch Time: 0.83s | Spearman@80: 0.6506 | Kendall@80: 0.4791
Epoch 58/150 | Train Loss: 0.0297 | Epoch Time: 0.85s | Spearman@80: 0.5760 | Kendall@80: 0.4195
Epoch 59/150 | Train Loss: 0.0324 | Epoch Time: 0.83s | Spearman@80: 0.5986 | Kendall@80: 0.4436
Epoch 60/150 | Train Loss: 0.0380 | Epoch Time: 0.85s | Spearman@80: 0.5984 | Kendall@80: 0.4385
Epoch 61/150 | Train Loss: 0.0330 | Epoch Time: 0.85s | Spearman@80: 0.6082 | Kendall@80: 0.4474
Epoch 62/150 | Train Loss: 0.0301 | Epoch Time: 0.84s | Spearman@80: 0.5824 | Kendall@80: 0.4284
Epoch 63/150 | Train Loss: 0.0334 | Epoch Time: 0.84s | Spearman@80: 0.6618 | Kendall@80: 0.4911
Epoch 64/150 | Train Loss: 0.0304 | Epoch Time: 0.84s | Spearman@80: 0.6279 | Kendall@80: 0.4639
Epoch 65/150 | Train Loss: 0.0368 | Epoch Time: 0.83s | Spearman@80: 0.5687 | Kendall@80: 0.4062
Epoch 66/150 | Train Loss: 0.0251 | Epoch Time: 0.84s | Spearman@80: 0.6446 | Kendall@80: 0.4778
Epoch 67/150 | Train Loss: 0.0242 | Epoch Time: 0.84s | Spearman@80: 0.5916 | Kendall@80: 0.4284
Epoch 68/150 | Train Loss: 0.0267 | Epoch Time: 0.83s | Spearman@80: 0.6083 | Kendall@80: 0.4455
Epoch 69/150 | Train Loss: 0.0263 | Epoch Time: 0.83s | Spearman@80: 0.6024 | Kendall@80: 0.4411
Epoch 70/150 | Train Loss: 0.0288 | Epoch Time: 0.86s | Spearman@80: 0.5830 | Kendall@80: 0.4252
Epoch 71/150 | Train Loss: 0.0263 | Epoch Time: 0.84s | Spearman@80: 0.6328 | Kendall@80: 0.4683
Epoch 72/150 | Train Loss: 0.0257 | Epoch Time: 0.84s | Spearman@80: 0.6411 | Kendall@80: 0.4810
Epoch 73/150 | Train Loss: 0.0280 | Epoch Time: 0.84s | Spearman@80: 0.5651 | Kendall@80: 0.4043
Epoch 74/150 | Train Loss: 0.0275 | Epoch Time: 0.86s | Spearman@80: 0.6181 | Kendall@80: 0.4607
Epoch 75/150 | Train Loss: 0.0257 | Epoch Time: 0.84s | Spearman@80: 0.6389 | Kendall@80: 0.4734
Epoch 76/150 | Train Loss: 0.0287 | Epoch Time: 0.85s | Spearman@80: 0.6178 | Kendall@80: 0.4575
Epoch 77/150 | Train Loss: 0.0285 | Epoch Time: 0.84s | Spearman@80: 0.5862 | Kendall@80: 0.4328
Epoch 78/150 | Train Loss: 0.0297 | Epoch Time: 0.84s | Spearman@80: 0.6372 | Kendall@80: 0.4753
Epoch 79/150 | Train Loss: 0.0276 | Epoch Time: 0.84s | Spearman@80: 0.6199 | Kendall@80: 0.4601
Epoch 80/150 | Train Loss: 0.0251 | Epoch Time: 0.85s | Spearman@80: 0.6641 | Kendall@80: 0.4987
Epoch 81/150 | Train Loss: 0.0280 | Epoch Time: 0.83s | Spearman@80: 0.5826 | Kendall@80: 0.4214
Epoch 82/150 | Train Loss: 0.0243 | Epoch Time: 0.88s | Spearman@80: 0.6363 | Kendall@80: 0.4670
Epoch 83/150 | Train Loss: 0.0272 | Epoch Time: 0.84s | Spearman@80: 0.6404 | Kendall@80: 0.4835
Epoch 84/150 | Train Loss: 0.0236 | Epoch Time: 0.83s | Spearman@80: 0.6804 | Kendall@80: 0.5089
Epoch 85/150 | Train Loss: 0.0207 | Epoch Time: 0.83s | Spearman@80: 0.6330 | Kendall@80: 0.4582
Epoch 86/150 | Train Loss: 0.0267 | Epoch Time: 0.88s | Spearman@80: 0.6005 | Kendall@80: 0.4379
Epoch 87/150 | Train Loss: 0.0204 | Epoch Time: 0.84s | Spearman@80: 0.6627 | Kendall@80: 0.4911
Epoch 88/150 | Train Loss: 0.0212 | Epoch Time: 0.84s | Spearman@80: 0.6206 | Kendall@80: 0.4582
Epoch 89/150 | Train Loss: 0.0249 | Epoch Time: 0.86s | Spearman@80: 0.6276 | Kendall@80: 0.4620
Epoch 90/150 | Train Loss: 0.0195 | Epoch Time: 0.84s | Spearman@80: 0.5977 | Kendall@80: 0.4347
Epoch 91/150 | Train Loss: 0.0269 | Epoch Time: 0.83s | Spearman@80: 0.6456 | Kendall@80: 0.4797
Epoch 92/150 | Train Loss: 0.0209 | Epoch Time: 0.83s | Spearman@80: 0.6013 | Kendall@80: 0.4322
Epoch 93/150 | Train Loss: 0.0218 | Epoch Time: 0.84s | Spearman@80: 0.6655 | Kendall@80: 0.5013
Epoch 94/150 | Train Loss: 0.0221 | Epoch Time: 0.84s | Spearman@80: 0.6480 | Kendall@80: 0.4778
Epoch 95/150 | Train Loss: 0.0235 | Epoch Time: 0.85s | Spearman@80: 0.6458 | Kendall@80: 0.4804
Epoch 96/150 | Train Loss: 0.0216 | Epoch Time: 0.83s | Spearman@80: 0.6119 | Kendall@80: 0.4455
Epoch 97/150 | Train Loss: 0.0203 | Epoch Time: 0.83s | Spearman@80: 0.6298 | Kendall@80: 0.4670
Epoch 98/150 | Train Loss: 0.0223 | Epoch Time: 0.83s | Spearman@80: 0.6281 | Kendall@80: 0.4632
Epoch 99/150 | Train Loss: 0.0189 | Epoch Time: 0.84s | Spearman@80: 0.6468 | Kendall@80: 0.4892
Epoch 100/150 | Train Loss: 0.0216 | Epoch Time: 0.85s | Spearman@80: 0.6437 | Kendall@80: 0.4759
Epoch 101/150 | Train Loss: 0.0146 | Epoch Time: 0.84s | Spearman@80: 0.6367 | Kendall@80: 0.4702
Epoch 102/150 | Train Loss: 0.0142 | Epoch Time: 0.83s | Spearman@80: 0.6392 | Kendall@80: 0.4728
Epoch 103/150 | Train Loss: 0.0198 | Epoch Time: 0.83s | Spearman@80: 0.6343 | Kendall@80: 0.4632
Epoch 104/150 | Train Loss: 0.0205 | Epoch Time: 0.84s | Spearman@80: 0.6398 | Kendall@80: 0.4721
Epoch 105/150 | Train Loss: 0.0151 | Epoch Time: 0.85s | Spearman@80: 0.6473 | Kendall@80: 0.4791
Epoch 106/150 | Train Loss: 0.0245 | Epoch Time: 0.84s | Spearman@80: 0.6186 | Kendall@80: 0.4594
Epoch 107/150 | Train Loss: 0.0186 | Epoch Time: 0.83s | Spearman@80: 0.6382 | Kendall@80: 0.4734
Epoch 108/150 | Train Loss: 0.0145 | Epoch Time: 0.87s | Spearman@80: 0.6482 | Kendall@80: 0.4778
Epoch 109/150 | Train Loss: 0.0168 | Epoch Time: 0.85s | Spearman@80: 0.6598 | Kendall@80: 0.4886
Epoch 110/150 | Train Loss: 0.0192 | Epoch Time: 0.85s | Spearman@80: 0.6785 | Kendall@80: 0.5095
Epoch 111/150 | Train Loss: 0.0178 | Epoch Time: 0.84s | Spearman@80: 0.6475 | Kendall@80: 0.4778
Epoch 112/150 | Train Loss: 0.0140 | Epoch Time: 0.85s | Spearman@80: 0.6507 | Kendall@80: 0.4759
Epoch 113/150 | Train Loss: 0.0185 | Epoch Time: 0.86s | Spearman@80: 0.6243 | Kendall@80: 0.4531
Epoch 114/150 | Train Loss: 0.0152 | Epoch Time: 0.83s | Spearman@80: 0.6316 | Kendall@80: 0.4626
Epoch 115/150 | Train Loss: 0.0167 | Epoch Time: 0.83s | Spearman@80: 0.6463 | Kendall@80: 0.4702
Epoch 116/150 | Train Loss: 0.0171 | Epoch Time: 0.83s | Spearman@80: 0.6587 | Kendall@80: 0.4899
Epoch 117/150 | Train Loss: 0.0133 | Epoch Time: 0.85s | Spearman@80: 0.6534 | Kendall@80: 0.4759
Epoch 118/150 | Train Loss: 0.0186 | Epoch Time: 0.84s | Spearman@80: 0.6510 | Kendall@80: 0.4785
Epoch 119/150 | Train Loss: 0.0144 | Epoch Time: 0.85s | Spearman@80: 0.6411 | Kendall@80: 0.4778
Epoch 120/150 | Train Loss: 0.0146 | Epoch Time: 0.83s | Spearman@80: 0.6254 | Kendall@80: 0.4645
Epoch 121/150 | Train Loss: 0.0136 | Epoch Time: 0.84s | Spearman@80: 0.6179 | Kendall@80: 0.4531
Epoch 122/150 | Train Loss: 0.0130 | Epoch Time: 0.86s | Spearman@80: 0.6312 | Kendall@80: 0.4601
Epoch 123/150 | Train Loss: 0.0128 | Epoch Time: 0.85s | Spearman@80: 0.6367 | Kendall@80: 0.4683
Epoch 124/150 | Train Loss: 0.0149 | Epoch Time: 0.88s | Spearman@80: 0.6369 | Kendall@80: 0.4645
Epoch 125/150 | Train Loss: 0.0158 | Epoch Time: 0.84s | Spearman@80: 0.6072 | Kendall@80: 0.4404
Epoch 126/150 | Train Loss: 0.0116 | Epoch Time: 0.85s | Spearman@80: 0.6250 | Kendall@80: 0.4569
Epoch 127/150 | Train Loss: 0.0145 | Epoch Time: 0.86s | Spearman@80: 0.6207 | Kendall@80: 0.4544
Epoch 128/150 | Train Loss: 0.0092 | Epoch Time: 0.86s | Spearman@80: 0.6199 | Kendall@80: 0.4512
Epoch 129/150 | Train Loss: 0.0111 | Epoch Time: 0.83s | Spearman@80: 0.6250 | Kendall@80: 0.4569
Epoch 130/150 | Train Loss: 0.0100 | Epoch Time: 0.87s | Spearman@80: 0.6398 | Kendall@80: 0.4696
Epoch 131/150 | Train Loss: 0.0153 | Epoch Time: 0.85s | Spearman@80: 0.6397 | Kendall@80: 0.4696
Epoch 132/150 | Train Loss: 0.0095 | Epoch Time: 0.84s | Spearman@80: 0.6343 | Kendall@80: 0.4651
Epoch 133/150 | Train Loss: 0.0149 | Epoch Time: 0.84s | Spearman@80: 0.6300 | Kendall@80: 0.4620
Epoch 134/150 | Train Loss: 0.0125 | Epoch Time: 0.86s | Spearman@80: 0.6558 | Kendall@80: 0.4848
Epoch 135/150 | Train Loss: 0.0124 | Epoch Time: 0.88s | Spearman@80: 0.6227 | Kendall@80: 0.4525
Epoch 136/150 | Train Loss: 0.0156 | Epoch Time: 0.87s | Spearman@80: 0.6283 | Kendall@80: 0.4588
Epoch 137/150 | Train Loss: 0.0116 | Epoch Time: 0.85s | Spearman@80: 0.6273 | Kendall@80: 0.4582
Epoch 138/150 | Train Loss: 0.0118 | Epoch Time: 0.85s | Spearman@80: 0.6271 | Kendall@80: 0.4601
Epoch 139/150 | Train Loss: 0.0127 | Epoch Time: 0.83s | Spearman@80: 0.6370 | Kendall@80: 0.4658
Epoch 140/150 | Train Loss: 0.0109 | Epoch Time: 0.83s | Spearman@80: 0.6425 | Kendall@80: 0.4753
Epoch 141/150 | Train Loss: 0.0104 | Epoch Time: 0.84s | Spearman@80: 0.6384 | Kendall@80: 0.4721
Epoch 142/150 | Train Loss: 0.0112 | Epoch Time: 0.85s | Spearman@80: 0.6347 | Kendall@80: 0.4677
Epoch 143/150 | Train Loss: 0.0125 | Epoch Time: 0.82s | Spearman@80: 0.6501 | Kendall@80: 0.4804
Epoch 144/150 | Train Loss: 0.0114 | Epoch Time: 0.84s | Spearman@80: 0.6372 | Kendall@80: 0.4683
Epoch 145/150 | Train Loss: 0.0132 | Epoch Time: 0.83s | Spearman@80: 0.6491 | Kendall@80: 0.4785
Epoch 146/150 | Train Loss: 0.0102 | Epoch Time: 0.82s | Spearman@80: 0.6306 | Kendall@80: 0.4664
Epoch 147/150 | Train Loss: 0.0097 | Epoch Time: 1.58s | Spearman@4870: 0.6955 | Kendall@4870: 0.5072
Epoch 148/150 | Train Loss: 0.0107 | Epoch Time: 1.59s | Spearman@4870: 0.6922 | Kendall@4870: 0.5042
Epoch 149/150 | Train Loss: 0.0138 | Epoch Time: 1.57s | Spearman@4870: 0.6941 | Kendall@4870: 0.5062
Epoch 150/150 | Train Loss: 0.0115 | Epoch Time: 1.59s | Spearman@4870: 0.6925 | Kendall@4870: 0.5047
Sample Count: 128, Spearman: 0.6935934268616614, Kendall: 0.5055516327069696
{64: (0.4845953244731718, 0.33415498903551566),
 128: (0.6935934268616614, 0.5055516327069696)}
Epoch 1/150 | Train Loss: 0.0975 | Epoch Time: 0.44s | Spearman@80: 0.4895 | Kendall@80: 0.3418
Epoch 2/150 | Train Loss: 0.0891 | Epoch Time: 0.43s | Spearman@80: 0.5041 | Kendall@80: 0.3532
Epoch 3/150 | Train Loss: 0.0793 | Epoch Time: 0.42s | Spearman@80: 0.5115 | Kendall@80: 0.3627
Epoch 4/150 | Train Loss: 0.0645 | Epoch Time: 0.43s | Spearman@80: 0.5359 | Kendall@80: 0.3868
Epoch 5/150 | Train Loss: 0.0585 | Epoch Time: 0.43s | Spearman@80: 0.5447 | Kendall@80: 0.3887
Epoch 6/150 | Train Loss: 0.0531 | Epoch Time: 0.44s | Spearman@80: 0.4931 | Kendall@80: 0.3437
Epoch 7/150 | Train Loss: 0.0599 | Epoch Time: 0.44s | Spearman@80: 0.5648 | Kendall@80: 0.4096
Epoch 8/150 | Train Loss: 0.0572 | Epoch Time: 0.42s | Spearman@80: 0.5469 | Kendall@80: 0.3824
Epoch 9/150 | Train Loss: 0.0578 | Epoch Time: 0.43s | Spearman@80: 0.5370 | Kendall@80: 0.3773
Epoch 10/150 | Train Loss: 0.0623 | Epoch Time: 0.45s | Spearman@80: 0.5471 | Kendall@80: 0.3849
Epoch 11/150 | Train Loss: 0.0486 | Epoch Time: 0.43s | Spearman@80: 0.4046 | Kendall@80: 0.2734
Epoch 12/150 | Train Loss: 0.0441 | Epoch Time: 0.43s | Spearman@80: 0.3921 | Kendall@80: 0.2620
Epoch 13/150 | Train Loss: 0.0502 | Epoch Time: 0.43s | Spearman@80: 0.5433 | Kendall@80: 0.3760
Epoch 14/150 | Train Loss: 0.0410 | Epoch Time: 0.42s | Spearman@80: 0.5369 | Kendall@80: 0.3665
Epoch 15/150 | Train Loss: 0.0397 | Epoch Time: 0.43s | Spearman@80: 0.3165 | Kendall@80: 0.2132
Epoch 16/150 | Train Loss: 0.0542 | Epoch Time: 0.44s | Spearman@80: 0.5322 | Kendall@80: 0.3710
Epoch 17/150 | Train Loss: 0.0563 | Epoch Time: 0.42s | Spearman@80: 0.5321 | Kendall@80: 0.3722
Epoch 18/150 | Train Loss: 0.0569 | Epoch Time: 0.45s | Spearman@80: 0.5353 | Kendall@80: 0.3691
Epoch 19/150 | Train Loss: 0.0467 | Epoch Time: 0.44s | Spearman@80: 0.5312 | Kendall@80: 0.3646
Epoch 20/150 | Train Loss: 0.0381 | Epoch Time: 0.43s | Spearman@80: 0.5521 | Kendall@80: 0.3900
Epoch 21/150 | Train Loss: 0.0426 | Epoch Time: 0.44s | Spearman@80: 0.5538 | Kendall@80: 0.3811
Epoch 22/150 | Train Loss: 0.0382 | Epoch Time: 0.42s | Spearman@80: 0.4588 | Kendall@80: 0.3057
Epoch 23/150 | Train Loss: 0.0408 | Epoch Time: 0.43s | Spearman@80: 0.5305 | Kendall@80: 0.3678
Epoch 24/150 | Train Loss: 0.0390 | Epoch Time: 0.45s | Spearman@80: 0.5260 | Kendall@80: 0.3697
Epoch 25/150 | Train Loss: 0.0420 | Epoch Time: 0.46s | Spearman@80: 0.5333 | Kendall@80: 0.3665
Epoch 26/150 | Train Loss: 0.0383 | Epoch Time: 0.42s | Spearman@80: 0.3965 | Kendall@80: 0.2759
Epoch 27/150 | Train Loss: 0.0307 | Epoch Time: 0.43s | Spearman@80: 0.5335 | Kendall@80: 0.3710
Epoch 28/150 | Train Loss: 0.0447 | Epoch Time: 0.46s | Spearman@80: 0.3449 | Kendall@80: 0.2348
Epoch 29/150 | Train Loss: 0.0381 | Epoch Time: 0.43s | Spearman@80: 0.5485 | Kendall@80: 0.3767
Epoch 30/150 | Train Loss: 0.0386 | Epoch Time: 0.44s | Spearman@80: 0.5100 | Kendall@80: 0.3539
Epoch 31/150 | Train Loss: 0.0321 | Epoch Time: 0.46s | Spearman@80: 0.4334 | Kendall@80: 0.3064
Epoch 32/150 | Train Loss: 0.0287 | Epoch Time: 0.42s | Spearman@80: 0.4918 | Kendall@80: 0.3355
Epoch 33/150 | Train Loss: 0.0281 | Epoch Time: 0.42s | Spearman@80: 0.5643 | Kendall@80: 0.3976
Epoch 34/150 | Train Loss: 0.0289 | Epoch Time: 0.43s | Spearman@80: 0.5484 | Kendall@80: 0.3868
Epoch 35/150 | Train Loss: 0.0273 | Epoch Time: 0.43s | Spearman@80: 0.4761 | Kendall@80: 0.3292
Epoch 36/150 | Train Loss: 0.0327 | Epoch Time: 0.44s | Spearman@80: 0.5255 | Kendall@80: 0.3735
Epoch 37/150 | Train Loss: 0.0266 | Epoch Time: 0.42s | Spearman@80: 0.5681 | Kendall@80: 0.4046
Epoch 38/150 | Train Loss: 0.0273 | Epoch Time: 0.46s | Spearman@80: 0.5258 | Kendall@80: 0.3697
Epoch 39/150 | Train Loss: 0.0285 | Epoch Time: 0.42s | Spearman@80: 0.5284 | Kendall@80: 0.3691
Epoch 40/150 | Train Loss: 0.0208 | Epoch Time: 0.42s | Spearman@80: 0.5080 | Kendall@80: 0.3488
Epoch 41/150 | Train Loss: 0.0260 | Epoch Time: 0.42s | Spearman@80: 0.5544 | Kendall@80: 0.3900
Epoch 42/150 | Train Loss: 0.0351 | Epoch Time: 0.43s | Spearman@80: 0.5223 | Kendall@80: 0.3729
Epoch 43/150 | Train Loss: 0.0256 | Epoch Time: 0.42s | Spearman@80: 0.5593 | Kendall@80: 0.3862
Epoch 44/150 | Train Loss: 0.0277 | Epoch Time: 0.43s | Spearman@80: 0.5538 | Kendall@80: 0.3868
Epoch 45/150 | Train Loss: 0.0231 | Epoch Time: 0.42s | Spearman@80: 0.5637 | Kendall@80: 0.4046
Epoch 46/150 | Train Loss: 0.0216 | Epoch Time: 0.43s | Spearman@80: 0.5432 | Kendall@80: 0.3818
Epoch 47/150 | Train Loss: 0.0370 | Epoch Time: 0.44s | Spearman@80: 0.5259 | Kendall@80: 0.3678
Epoch 48/150 | Train Loss: 0.0285 | Epoch Time: 0.43s | Spearman@80: 0.5185 | Kendall@80: 0.3703
Epoch 49/150 | Train Loss: 0.0236 | Epoch Time: 0.43s | Spearman@80: 0.5179 | Kendall@80: 0.3640
Epoch 50/150 | Train Loss: 0.0232 | Epoch Time: 0.42s | Spearman@80: 0.5393 | Kendall@80: 0.3748
Epoch 51/150 | Train Loss: 0.0189 | Epoch Time: 0.42s | Spearman@80: 0.5207 | Kendall@80: 0.3640
Epoch 52/150 | Train Loss: 0.0243 | Epoch Time: 0.45s | Spearman@80: 0.5278 | Kendall@80: 0.3710
Epoch 53/150 | Train Loss: 0.0296 | Epoch Time: 0.47s | Spearman@80: 0.4770 | Kendall@80: 0.3298
Epoch 54/150 | Train Loss: 0.0178 | Epoch Time: 0.46s | Spearman@80: 0.5395 | Kendall@80: 0.3799
Epoch 55/150 | Train Loss: 0.0218 | Epoch Time: 0.43s | Spearman@80: 0.5469 | Kendall@80: 0.3881
Epoch 56/150 | Train Loss: 0.0247 | Epoch Time: 0.44s | Spearman@80: 0.5564 | Kendall@80: 0.3900
Epoch 57/150 | Train Loss: 0.0194 | Epoch Time: 0.43s | Spearman@80: 0.5665 | Kendall@80: 0.3957
Epoch 58/150 | Train Loss: 0.0265 | Epoch Time: 0.43s | Spearman@80: 0.5351 | Kendall@80: 0.3672
Epoch 59/150 | Train Loss: 0.0242 | Epoch Time: 0.42s | Spearman@80: 0.4829 | Kendall@80: 0.3304
Epoch 60/150 | Train Loss: 0.0153 | Epoch Time: 0.43s | Spearman@80: 0.5135 | Kendall@80: 0.3589
Epoch 61/150 | Train Loss: 0.0226 | Epoch Time: 0.42s | Spearman@80: 0.5322 | Kendall@80: 0.3760
Epoch 62/150 | Train Loss: 0.0252 | Epoch Time: 0.44s | Spearman@80: 0.5409 | Kendall@80: 0.3862
Epoch 63/150 | Train Loss: 0.0237 | Epoch Time: 0.46s | Spearman@80: 0.5064 | Kendall@80: 0.3482
Epoch 64/150 | Train Loss: 0.0337 | Epoch Time: 0.44s | Spearman@80: 0.5717 | Kendall@80: 0.4033
Epoch 65/150 | Train Loss: 0.0265 | Epoch Time: 0.45s | Spearman@80: 0.5301 | Kendall@80: 0.3691
Epoch 66/150 | Train Loss: 0.0197 | Epoch Time: 0.42s | Spearman@80: 0.5749 | Kendall@80: 0.4014
Epoch 67/150 | Train Loss: 0.0180 | Epoch Time: 0.45s | Spearman@80: 0.5207 | Kendall@80: 0.3570
Epoch 68/150 | Train Loss: 0.0196 | Epoch Time: 0.42s | Spearman@80: 0.5645 | Kendall@80: 0.3938
Epoch 69/150 | Train Loss: 0.0233 | Epoch Time: 0.44s | Spearman@80: 0.5652 | Kendall@80: 0.3976
Epoch 70/150 | Train Loss: 0.0161 | Epoch Time: 0.42s | Spearman@80: 0.5555 | Kendall@80: 0.3868
Epoch 71/150 | Train Loss: 0.0170 | Epoch Time: 0.42s | Spearman@80: 0.5366 | Kendall@80: 0.3805
Epoch 72/150 | Train Loss: 0.0171 | Epoch Time: 0.44s | Spearman@80: 0.5117 | Kendall@80: 0.3608
Epoch 73/150 | Train Loss: 0.0210 | Epoch Time: 0.42s | Spearman@80: 0.5414 | Kendall@80: 0.3767
Epoch 74/150 | Train Loss: 0.0114 | Epoch Time: 0.45s | Spearman@80: 0.5250 | Kendall@80: 0.3697
Epoch 75/150 | Train Loss: 0.0187 | Epoch Time: 0.44s | Spearman@80: 0.5205 | Kendall@80: 0.3735
Epoch 76/150 | Train Loss: 0.0189 | Epoch Time: 0.45s | Spearman@80: 0.5211 | Kendall@80: 0.3646
Epoch 77/150 | Train Loss: 0.0111 | Epoch Time: 0.44s | Spearman@80: 0.5265 | Kendall@80: 0.3716
Epoch 78/150 | Train Loss: 0.0181 | Epoch Time: 0.42s | Spearman@80: 0.5664 | Kendall@80: 0.3976
Epoch 79/150 | Train Loss: 0.0206 | Epoch Time: 0.44s | Spearman@80: 0.4963 | Kendall@80: 0.3469
Epoch 80/150 | Train Loss: 0.0218 | Epoch Time: 0.43s | Spearman@80: 0.5351 | Kendall@80: 0.3805
Epoch 81/150 | Train Loss: 0.0256 | Epoch Time: 0.45s | Spearman@80: 0.5554 | Kendall@80: 0.3925
Epoch 82/150 | Train Loss: 0.0178 | Epoch Time: 0.44s | Spearman@80: 0.5653 | Kendall@80: 0.3989
Epoch 83/150 | Train Loss: 0.0192 | Epoch Time: 0.44s | Spearman@80: 0.5615 | Kendall@80: 0.3932
Epoch 84/150 | Train Loss: 0.0211 | Epoch Time: 0.43s | Spearman@80: 0.5341 | Kendall@80: 0.3773
Epoch 85/150 | Train Loss: 0.0156 | Epoch Time: 0.43s | Spearman@80: 0.5179 | Kendall@80: 0.3615
Epoch 86/150 | Train Loss: 0.0185 | Epoch Time: 0.47s | Spearman@80: 0.5455 | Kendall@80: 0.3805
Epoch 87/150 | Train Loss: 0.0129 | Epoch Time: 0.42s | Spearman@80: 0.5439 | Kendall@80: 0.3868
Epoch 88/150 | Train Loss: 0.0179 | Epoch Time: 0.42s | Spearman@80: 0.5480 | Kendall@80: 0.3824
Epoch 89/150 | Train Loss: 0.0112 | Epoch Time: 0.42s | Spearman@80: 0.5375 | Kendall@80: 0.3811
Epoch 90/150 | Train Loss: 0.0125 | Epoch Time: 0.41s | Spearman@80: 0.5484 | Kendall@80: 0.3900
Epoch 91/150 | Train Loss: 0.0247 | Epoch Time: 0.44s | Spearman@80: 0.5516 | Kendall@80: 0.3995
Epoch 92/150 | Train Loss: 0.0097 | Epoch Time: 0.43s | Spearman@80: 0.5536 | Kendall@80: 0.4008
Epoch 93/150 | Train Loss: 0.0115 | Epoch Time: 0.42s | Spearman@80: 0.5761 | Kendall@80: 0.4109
Epoch 94/150 | Train Loss: 0.0116 | Epoch Time: 0.45s | Spearman@80: 0.5762 | Kendall@80: 0.4103
Epoch 95/150 | Train Loss: 0.0114 | Epoch Time: 0.42s | Spearman@80: 0.5606 | Kendall@80: 0.4020
Epoch 96/150 | Train Loss: 0.0082 | Epoch Time: 0.42s | Spearman@80: 0.5432 | Kendall@80: 0.3799
Epoch 97/150 | Train Loss: 0.0112 | Epoch Time: 0.43s | Spearman@80: 0.5347 | Kendall@80: 0.3748
Epoch 98/150 | Train Loss: 0.0099 | Epoch Time: 0.42s | Spearman@80: 0.5442 | Kendall@80: 0.3837
Epoch 99/150 | Train Loss: 0.0134 | Epoch Time: 0.43s | Spearman@80: 0.5383 | Kendall@80: 0.3818
Epoch 100/150 | Train Loss: 0.0147 | Epoch Time: 0.42s | Spearman@80: 0.5217 | Kendall@80: 0.3665
Epoch 101/150 | Train Loss: 0.0135 | Epoch Time: 0.44s | Spearman@80: 0.5391 | Kendall@80: 0.3767
Epoch 102/150 | Train Loss: 0.0090 | Epoch Time: 0.45s | Spearman@80: 0.5317 | Kendall@80: 0.3741
Epoch 103/150 | Train Loss: 0.0103 | Epoch Time: 0.45s | Spearman@80: 0.5300 | Kendall@80: 0.3722
Epoch 104/150 | Train Loss: 0.0140 | Epoch Time: 0.44s | Spearman@80: 0.5517 | Kendall@80: 0.3875
Epoch 105/150 | Train Loss: 0.0067 | Epoch Time: 0.42s | Spearman@80: 0.5584 | Kendall@80: 0.3938
Epoch 106/150 | Train Loss: 0.0119 | Epoch Time: 0.45s | Spearman@80: 0.5537 | Kendall@80: 0.3881
Epoch 107/150 | Train Loss: 0.0120 | Epoch Time: 0.42s | Spearman@80: 0.5499 | Kendall@80: 0.3894
Epoch 108/150 | Train Loss: 0.0100 | Epoch Time: 0.42s | Spearman@80: 0.5418 | Kendall@80: 0.3919
Epoch 109/150 | Train Loss: 0.0174 | Epoch Time: 0.43s | Spearman@80: 0.5376 | Kendall@80: 0.3856
Epoch 110/150 | Train Loss: 0.0112 | Epoch Time: 0.42s | Spearman@80: 0.5532 | Kendall@80: 0.3919
Epoch 111/150 | Train Loss: 0.0110 | Epoch Time: 0.42s | Spearman@80: 0.5488 | Kendall@80: 0.3887
Epoch 112/150 | Train Loss: 0.0102 | Epoch Time: 0.44s | Spearman@80: 0.5377 | Kendall@80: 0.3818
Epoch 113/150 | Train Loss: 0.0089 | Epoch Time: 0.44s | Spearman@80: 0.5340 | Kendall@80: 0.3767
Epoch 114/150 | Train Loss: 0.0065 | Epoch Time: 0.43s | Spearman@80: 0.5281 | Kendall@80: 0.3729
Epoch 115/150 | Train Loss: 0.0143 | Epoch Time: 0.42s | Spearman@80: 0.5293 | Kendall@80: 0.3735
Epoch 116/150 | Train Loss: 0.0101 | Epoch Time: 0.45s | Spearman@80: 0.5234 | Kendall@80: 0.3729
Epoch 117/150 | Train Loss: 0.0083 | Epoch Time: 0.46s | Spearman@80: 0.5266 | Kendall@80: 0.3722
Epoch 118/150 | Train Loss: 0.0087 | Epoch Time: 0.42s | Spearman@80: 0.5381 | Kendall@80: 0.3830
Epoch 119/150 | Train Loss: 0.0094 | Epoch Time: 0.42s | Spearman@80: 0.5397 | Kendall@80: 0.3824
Epoch 120/150 | Train Loss: 0.0067 | Epoch Time: 0.45s | Spearman@80: 0.5425 | Kendall@80: 0.3843
Epoch 121/150 | Train Loss: 0.0093 | Epoch Time: 0.43s | Spearman@80: 0.5313 | Kendall@80: 0.3748
Epoch 122/150 | Train Loss: 0.0092 | Epoch Time: 0.43s | Spearman@80: 0.5367 | Kendall@80: 0.3792
Epoch 123/150 | Train Loss: 0.0069 | Epoch Time: 0.42s | Spearman@80: 0.5334 | Kendall@80: 0.3780
Epoch 124/150 | Train Loss: 0.0062 | Epoch Time: 0.44s | Spearman@80: 0.5414 | Kendall@80: 0.3818
Epoch 125/150 | Train Loss: 0.0058 | Epoch Time: 0.43s | Spearman@80: 0.5368 | Kendall@80: 0.3760
Epoch 126/150 | Train Loss: 0.0072 | Epoch Time: 0.44s | Spearman@80: 0.5392 | Kendall@80: 0.3754
Epoch 127/150 | Train Loss: 0.0082 | Epoch Time: 0.43s | Spearman@80: 0.5396 | Kendall@80: 0.3773
Epoch 128/150 | Train Loss: 0.0094 | Epoch Time: 0.42s | Spearman@80: 0.5384 | Kendall@80: 0.3767
Epoch 129/150 | Train Loss: 0.0087 | Epoch Time: 0.43s | Spearman@80: 0.5353 | Kendall@80: 0.3741
Epoch 130/150 | Train Loss: 0.0093 | Epoch Time: 0.42s | Spearman@80: 0.5367 | Kendall@80: 0.3760
Epoch 131/150 | Train Loss: 0.0064 | Epoch Time: 0.42s | Spearman@80: 0.5485 | Kendall@80: 0.3862
Epoch 132/150 | Train Loss: 0.0084 | Epoch Time: 0.43s | Spearman@80: 0.5390 | Kendall@80: 0.3799
Epoch 133/150 | Train Loss: 0.0067 | Epoch Time: 0.42s | Spearman@80: 0.5465 | Kendall@80: 0.3843
Epoch 134/150 | Train Loss: 0.0072 | Epoch Time: 0.43s | Spearman@80: 0.5511 | Kendall@80: 0.3887
Epoch 135/150 | Train Loss: 0.0073 | Epoch Time: 0.44s | Spearman@80: 0.5433 | Kendall@80: 0.3799
Epoch 136/150 | Train Loss: 0.0080 | Epoch Time: 0.45s | Spearman@80: 0.5453 | Kendall@80: 0.3837
Epoch 137/150 | Train Loss: 0.0115 | Epoch Time: 0.42s | Spearman@80: 0.5432 | Kendall@80: 0.3824
Epoch 138/150 | Train Loss: 0.0085 | Epoch Time: 0.42s | Spearman@80: 0.5446 | Kendall@80: 0.3837
Epoch 139/150 | Train Loss: 0.0104 | Epoch Time: 0.45s | Spearman@80: 0.5429 | Kendall@80: 0.3818
Epoch 140/150 | Train Loss: 0.0079 | Epoch Time: 0.42s | Spearman@80: 0.5450 | Kendall@80: 0.3837
Epoch 141/150 | Train Loss: 0.0072 | Epoch Time: 0.43s | Spearman@80: 0.5433 | Kendall@80: 0.3830
Epoch 142/150 | Train Loss: 0.0093 | Epoch Time: 0.42s | Spearman@80: 0.5424 | Kendall@80: 0.3818
Epoch 143/150 | Train Loss: 0.0052 | Epoch Time: 0.45s | Spearman@80: 0.5470 | Kendall@80: 0.3849
Epoch 144/150 | Train Loss: 0.0101 | Epoch Time: 0.42s | Spearman@80: 0.5429 | Kendall@80: 0.3824
Epoch 145/150 | Train Loss: 0.0082 | Epoch Time: 0.43s | Spearman@80: 0.5470 | Kendall@80: 0.3856
Epoch 146/150 | Train Loss: 0.0100 | Epoch Time: 0.42s | Spearman@80: 0.5482 | Kendall@80: 0.3849
Epoch 147/150 | Train Loss: 0.0077 | Epoch Time: 1.18s | Spearman@4934: 0.5485 | Kendall@4934: 0.3835
Epoch 148/150 | Train Loss: 0.0068 | Epoch Time: 1.18s | Spearman@4934: 0.5487 | Kendall@4934: 0.3836
Epoch 149/150 | Train Loss: 0.0042 | Epoch Time: 1.19s | Spearman@4934: 0.5494 | Kendall@4934: 0.3842
Epoch 150/150 | Train Loss: 0.0047 | Epoch Time: 1.18s | Spearman@4934: 0.5491 | Kendall@4934: 0.3839
Sample Count: 64, Spearman: 0.5489492839746288, Kendall: 0.3837882227105032
{64: (0.5489492839746288, 0.3837882227105032),
 128: (0.6935934268616614, 0.5055516327069696)}
Epoch 1/150 | Train Loss: 0.0977 | Epoch Time: 0.82s | Spearman@80: 0.4405 | Kendall@80: 0.2942
Epoch 2/150 | Train Loss: 0.0821 | Epoch Time: 0.84s | Spearman@80: 0.3950 | Kendall@80: 0.2714
Epoch 3/150 | Train Loss: 0.0765 | Epoch Time: 0.83s | Spearman@80: 0.4968 | Kendall@80: 0.3481
Epoch 4/150 | Train Loss: 0.0695 | Epoch Time: 0.83s | Spearman@80: 0.5984 | Kendall@80: 0.4279
Epoch 5/150 | Train Loss: 0.0612 | Epoch Time: 0.86s | Spearman@80: 0.6488 | Kendall@80: 0.4646
Epoch 6/150 | Train Loss: 0.0606 | Epoch Time: 0.84s | Spearman@80: 0.6481 | Kendall@80: 0.4684
Epoch 7/150 | Train Loss: 0.0641 | Epoch Time: 0.84s | Spearman@80: 0.6751 | Kendall@80: 0.4798
Epoch 8/150 | Train Loss: 0.0579 | Epoch Time: 0.83s | Spearman@80: 0.6828 | Kendall@80: 0.4893
Epoch 9/150 | Train Loss: 0.0560 | Epoch Time: 0.84s | Spearman@80: 0.6816 | Kendall@80: 0.4918
Epoch 10/150 | Train Loss: 0.0529 | Epoch Time: 0.83s | Spearman@80: 0.6904 | Kendall@80: 0.5032
Epoch 11/150 | Train Loss: 0.0542 | Epoch Time: 0.85s | Spearman@80: 0.7106 | Kendall@80: 0.5153
Epoch 12/150 | Train Loss: 0.0521 | Epoch Time: 0.85s | Spearman@80: 0.7363 | Kendall@80: 0.5425
Epoch 13/150 | Train Loss: 0.0580 | Epoch Time: 0.83s | Spearman@80: 0.7208 | Kendall@80: 0.5286
Epoch 14/150 | Train Loss: 0.0515 | Epoch Time: 0.85s | Spearman@80: 0.7308 | Kendall@80: 0.5368
Epoch 15/150 | Train Loss: 0.0461 | Epoch Time: 0.84s | Spearman@80: 0.6891 | Kendall@80: 0.5013
Epoch 16/150 | Train Loss: 0.0521 | Epoch Time: 0.83s | Spearman@80: 0.6741 | Kendall@80: 0.4849
Epoch 17/150 | Train Loss: 0.0602 | Epoch Time: 0.84s | Spearman@80: 0.6998 | Kendall@80: 0.5102
Epoch 18/150 | Train Loss: 0.0513 | Epoch Time: 0.83s | Spearman@80: 0.7129 | Kendall@80: 0.5083
Epoch 19/150 | Train Loss: 0.0522 | Epoch Time: 0.86s | Spearman@80: 0.7125 | Kendall@80: 0.5165
Epoch 20/150 | Train Loss: 0.0576 | Epoch Time: 0.84s | Spearman@80: 0.7086 | Kendall@80: 0.5108
Epoch 21/150 | Train Loss: 0.0519 | Epoch Time: 0.83s | Spearman@80: 0.6979 | Kendall@80: 0.5077
Epoch 22/150 | Train Loss: 0.0438 | Epoch Time: 0.82s | Spearman@80: 0.6668 | Kendall@80: 0.4868
Epoch 23/150 | Train Loss: 0.0458 | Epoch Time: 0.86s | Spearman@80: 0.7262 | Kendall@80: 0.5400
Epoch 24/150 | Train Loss: 0.0462 | Epoch Time: 0.87s | Spearman@80: 0.7159 | Kendall@80: 0.5191
Epoch 25/150 | Train Loss: 0.0474 | Epoch Time: 0.83s | Spearman@80: 0.7100 | Kendall@80: 0.5127
Epoch 26/150 | Train Loss: 0.0491 | Epoch Time: 0.85s | Spearman@80: 0.7432 | Kendall@80: 0.5482
Epoch 27/150 | Train Loss: 0.0504 | Epoch Time: 0.87s | Spearman@80: 0.7417 | Kendall@80: 0.5451
Epoch 28/150 | Train Loss: 0.0403 | Epoch Time: 0.84s | Spearman@80: 0.6708 | Kendall@80: 0.5007
Epoch 29/150 | Train Loss: 0.0361 | Epoch Time: 0.82s | Spearman@80: 0.7220 | Kendall@80: 0.5375
Epoch 30/150 | Train Loss: 0.0446 | Epoch Time: 0.83s | Spearman@80: 0.7336 | Kendall@80: 0.5438
Epoch 31/150 | Train Loss: 0.0369 | Epoch Time: 0.85s | Spearman@80: 0.7372 | Kendall@80: 0.5451
Epoch 32/150 | Train Loss: 0.0454 | Epoch Time: 0.87s | Spearman@80: 0.7280 | Kendall@80: 0.5495
Epoch 33/150 | Train Loss: 0.0381 | Epoch Time: 0.86s | Spearman@80: 0.7290 | Kendall@80: 0.5438
Epoch 34/150 | Train Loss: 0.0346 | Epoch Time: 0.83s | Spearman@80: 0.7001 | Kendall@80: 0.5197
Epoch 35/150 | Train Loss: 0.0382 | Epoch Time: 0.83s | Spearman@80: 0.7352 | Kendall@80: 0.5432
Epoch 36/150 | Train Loss: 0.0370 | Epoch Time: 0.85s | Spearman@80: 0.6799 | Kendall@80: 0.4975
Epoch 37/150 | Train Loss: 0.0380 | Epoch Time: 0.85s | Spearman@80: 0.7306 | Kendall@80: 0.5419
Epoch 38/150 | Train Loss: 0.0380 | Epoch Time: 0.85s | Spearman@80: 0.6934 | Kendall@80: 0.5127
Epoch 39/150 | Train Loss: 0.0410 | Epoch Time: 0.85s | Spearman@80: 0.7715 | Kendall@80: 0.5831
Epoch 40/150 | Train Loss: 0.0383 | Epoch Time: 0.83s | Spearman@80: 0.7436 | Kendall@80: 0.5565
Epoch 41/150 | Train Loss: 0.0465 | Epoch Time: 0.85s | Spearman@80: 0.7287 | Kendall@80: 0.5375
Epoch 42/150 | Train Loss: 0.0403 | Epoch Time: 0.85s | Spearman@80: 0.6987 | Kendall@80: 0.5260
Epoch 43/150 | Train Loss: 0.0378 | Epoch Time: 0.84s | Spearman@80: 0.6338 | Kendall@80: 0.4728
Epoch 44/150 | Train Loss: 0.0363 | Epoch Time: 0.84s | Spearman@80: 0.6923 | Kendall@80: 0.5115
Epoch 45/150 | Train Loss: 0.0330 | Epoch Time: 0.84s | Spearman@80: 0.6873 | Kendall@80: 0.4975
Epoch 46/150 | Train Loss: 0.0392 | Epoch Time: 0.85s | Spearman@80: 0.7193 | Kendall@80: 0.5362
Epoch 47/150 | Train Loss: 0.0423 | Epoch Time: 0.83s | Spearman@80: 0.7278 | Kendall@80: 0.5419
Epoch 48/150 | Train Loss: 0.0384 | Epoch Time: 0.88s | Spearman@80: 0.7012 | Kendall@80: 0.5127
Epoch 49/150 | Train Loss: 0.0342 | Epoch Time: 0.83s | Spearman@80: 0.6911 | Kendall@80: 0.5083
Epoch 50/150 | Train Loss: 0.0334 | Epoch Time: 0.85s | Spearman@80: 0.6860 | Kendall@80: 0.5013
Epoch 51/150 | Train Loss: 0.0425 | Epoch Time: 0.83s | Spearman@80: 0.7275 | Kendall@80: 0.5362
Epoch 52/150 | Train Loss: 0.0342 | Epoch Time: 0.84s | Spearman@80: 0.6650 | Kendall@80: 0.4836
Epoch 53/150 | Train Loss: 0.0416 | Epoch Time: 0.85s | Spearman@80: 0.7076 | Kendall@80: 0.5121
Epoch 54/150 | Train Loss: 0.0367 | Epoch Time: 0.86s | Spearman@80: 0.6769 | Kendall@80: 0.4931
Epoch 55/150 | Train Loss: 0.0327 | Epoch Time: 0.86s | Spearman@80: 0.6908 | Kendall@80: 0.5051
Epoch 56/150 | Train Loss: 0.0297 | Epoch Time: 0.84s | Spearman@80: 0.6714 | Kendall@80: 0.4912
Epoch 57/150 | Train Loss: 0.0256 | Epoch Time: 0.86s | Spearman@80: 0.6908 | Kendall@80: 0.5051
Epoch 58/150 | Train Loss: 0.0275 | Epoch Time: 0.83s | Spearman@80: 0.6608 | Kendall@80: 0.4792
Epoch 59/150 | Train Loss: 0.0277 | Epoch Time: 0.84s | Spearman@80: 0.6471 | Kendall@80: 0.4652
Epoch 60/150 | Train Loss: 0.0306 | Epoch Time: 0.83s | Spearman@80: 0.7107 | Kendall@80: 0.5197
Epoch 61/150 | Train Loss: 0.0322 | Epoch Time: 0.84s | Spearman@80: 0.7150 | Kendall@80: 0.5260
Epoch 62/150 | Train Loss: 0.0392 | Epoch Time: 0.86s | Spearman@80: 0.7477 | Kendall@80: 0.5552
Epoch 63/150 | Train Loss: 0.0309 | Epoch Time: 0.82s | Spearman@80: 0.6959 | Kendall@80: 0.5070
Epoch 64/150 | Train Loss: 0.0346 | Epoch Time: 0.83s | Spearman@80: 0.7137 | Kendall@80: 0.5248
Epoch 65/150 | Train Loss: 0.0293 | Epoch Time: 0.85s | Spearman@80: 0.6370 | Kendall@80: 0.4684
Epoch 66/150 | Train Loss: 0.0333 | Epoch Time: 0.85s | Spearman@80: 0.6133 | Kendall@80: 0.4519
Epoch 67/150 | Train Loss: 0.0289 | Epoch Time: 0.83s | Spearman@80: 0.7019 | Kendall@80: 0.5140
Epoch 68/150 | Train Loss: 0.0284 | Epoch Time: 0.85s | Spearman@80: 0.7143 | Kendall@80: 0.5273
Epoch 69/150 | Train Loss: 0.0276 | Epoch Time: 0.85s | Spearman@80: 0.7118 | Kendall@80: 0.5273
Epoch 70/150 | Train Loss: 0.0286 | Epoch Time: 0.83s | Spearman@80: 0.6247 | Kendall@80: 0.4545
Epoch 71/150 | Train Loss: 0.0266 | Epoch Time: 0.83s | Spearman@80: 0.6718 | Kendall@80: 0.4823
Epoch 72/150 | Train Loss: 0.0314 | Epoch Time: 0.86s | Spearman@80: 0.6585 | Kendall@80: 0.4804
Epoch 73/150 | Train Loss: 0.0239 | Epoch Time: 0.84s | Spearman@80: 0.6766 | Kendall@80: 0.4925
Epoch 74/150 | Train Loss: 0.0269 | Epoch Time: 0.84s | Spearman@80: 0.6623 | Kendall@80: 0.4855
Epoch 75/150 | Train Loss: 0.0229 | Epoch Time: 0.84s | Spearman@80: 0.6869 | Kendall@80: 0.4950
Epoch 76/150 | Train Loss: 0.0257 | Epoch Time: 0.86s | Spearman@80: 0.6616 | Kendall@80: 0.4830
Epoch 77/150 | Train Loss: 0.0290 | Epoch Time: 0.87s | Spearman@80: 0.6753 | Kendall@80: 0.4956
Epoch 78/150 | Train Loss: 0.0209 | Epoch Time: 0.84s | Spearman@80: 0.6725 | Kendall@80: 0.4950
Epoch 79/150 | Train Loss: 0.0300 | Epoch Time: 0.85s | Spearman@80: 0.6646 | Kendall@80: 0.4842
Epoch 80/150 | Train Loss: 0.0249 | Epoch Time: 0.85s | Spearman@80: 0.6564 | Kendall@80: 0.4817
Epoch 81/150 | Train Loss: 0.0368 | Epoch Time: 0.83s | Spearman@80: 0.7167 | Kendall@80: 0.5311
Epoch 82/150 | Train Loss: 0.0275 | Epoch Time: 0.87s | Spearman@80: 0.6892 | Kendall@80: 0.5020
Epoch 83/150 | Train Loss: 0.0278 | Epoch Time: 0.84s | Spearman@80: 0.6835 | Kendall@80: 0.4975
Epoch 84/150 | Train Loss: 0.0279 | Epoch Time: 0.87s | Spearman@80: 0.6742 | Kendall@80: 0.4880
Epoch 85/150 | Train Loss: 0.0284 | Epoch Time: 0.83s | Spearman@80: 0.6952 | Kendall@80: 0.5020
Epoch 86/150 | Train Loss: 0.0237 | Epoch Time: 0.86s | Spearman@80: 0.6901 | Kendall@80: 0.4994
Epoch 87/150 | Train Loss: 0.0245 | Epoch Time: 0.83s | Spearman@80: 0.6960 | Kendall@80: 0.5134
Epoch 88/150 | Train Loss: 0.0240 | Epoch Time: 0.83s | Spearman@80: 0.7038 | Kendall@80: 0.5115
Epoch 89/150 | Train Loss: 0.0235 | Epoch Time: 0.86s | Spearman@80: 0.6849 | Kendall@80: 0.4988
Epoch 90/150 | Train Loss: 0.0233 | Epoch Time: 0.84s | Spearman@80: 0.7032 | Kendall@80: 0.5159
Epoch 91/150 | Train Loss: 0.0188 | Epoch Time: 0.84s | Spearman@80: 0.7066 | Kendall@80: 0.5134
Epoch 92/150 | Train Loss: 0.0192 | Epoch Time: 0.84s | Spearman@80: 0.6793 | Kendall@80: 0.4944
Epoch 93/150 | Train Loss: 0.0188 | Epoch Time: 0.83s | Spearman@80: 0.6722 | Kendall@80: 0.4899
Epoch 94/150 | Train Loss: 0.0161 | Epoch Time: 0.86s | Spearman@80: 0.6664 | Kendall@80: 0.4785
Epoch 95/150 | Train Loss: 0.0187 | Epoch Time: 0.86s | Spearman@80: 0.6843 | Kendall@80: 0.4969
Epoch 96/150 | Train Loss: 0.0210 | Epoch Time: 0.85s | Spearman@80: 0.7155 | Kendall@80: 0.5292
Epoch 97/150 | Train Loss: 0.0191 | Epoch Time: 0.84s | Spearman@80: 0.7220 | Kendall@80: 0.5337
Epoch 98/150 | Train Loss: 0.0197 | Epoch Time: 0.84s | Spearman@80: 0.7080 | Kendall@80: 0.5191
Epoch 99/150 | Train Loss: 0.0238 | Epoch Time: 0.83s | Spearman@80: 0.7200 | Kendall@80: 0.5375
Epoch 100/150 | Train Loss: 0.0145 | Epoch Time: 0.83s | Spearman@80: 0.6890 | Kendall@80: 0.5032
Epoch 101/150 | Train Loss: 0.0175 | Epoch Time: 0.84s | Spearman@80: 0.6982 | Kendall@80: 0.5127
Epoch 102/150 | Train Loss: 0.0166 | Epoch Time: 0.87s | Spearman@80: 0.7057 | Kendall@80: 0.5159
Epoch 103/150 | Train Loss: 0.0146 | Epoch Time: 0.87s | Spearman@80: 0.6978 | Kendall@80: 0.5077
Epoch 104/150 | Train Loss: 0.0144 | Epoch Time: 0.85s | Spearman@80: 0.6862 | Kendall@80: 0.4988
Epoch 105/150 | Train Loss: 0.0144 | Epoch Time: 0.89s | Spearman@80: 0.7144 | Kendall@80: 0.5260
Epoch 106/150 | Train Loss: 0.0235 | Epoch Time: 0.83s | Spearman@80: 0.6893 | Kendall@80: 0.5001
Epoch 107/150 | Train Loss: 0.0190 | Epoch Time: 0.83s | Spearman@80: 0.7053 | Kendall@80: 0.5172
Epoch 108/150 | Train Loss: 0.0146 | Epoch Time: 0.84s | Spearman@80: 0.7068 | Kendall@80: 0.5165
Epoch 109/150 | Train Loss: 0.0156 | Epoch Time: 0.83s | Spearman@80: 0.7110 | Kendall@80: 0.5153
Epoch 110/150 | Train Loss: 0.0148 | Epoch Time: 0.83s | Spearman@80: 0.7035 | Kendall@80: 0.5134
Epoch 111/150 | Train Loss: 0.0161 | Epoch Time: 0.85s | Spearman@80: 0.7036 | Kendall@80: 0.5153
Epoch 112/150 | Train Loss: 0.0123 | Epoch Time: 0.84s | Spearman@80: 0.6885 | Kendall@80: 0.5058
Epoch 113/150 | Train Loss: 0.0168 | Epoch Time: 0.84s | Spearman@80: 0.6831 | Kendall@80: 0.4988
Epoch 114/150 | Train Loss: 0.0117 | Epoch Time: 0.84s | Spearman@80: 0.6896 | Kendall@80: 0.5032
Epoch 115/150 | Train Loss: 0.0182 | Epoch Time: 0.83s | Spearman@80: 0.6801 | Kendall@80: 0.4937
Epoch 116/150 | Train Loss: 0.0176 | Epoch Time: 0.85s | Spearman@80: 0.6937 | Kendall@80: 0.5045
Epoch 117/150 | Train Loss: 0.0150 | Epoch Time: 0.83s | Spearman@80: 0.6952 | Kendall@80: 0.5070
Epoch 118/150 | Train Loss: 0.0145 | Epoch Time: 0.83s | Spearman@80: 0.6865 | Kendall@80: 0.5032
Epoch 119/150 | Train Loss: 0.0119 | Epoch Time: 0.83s | Spearman@80: 0.6923 | Kendall@80: 0.5096
Epoch 120/150 | Train Loss: 0.0149 | Epoch Time: 0.82s | Spearman@80: 0.6986 | Kendall@80: 0.5153
Epoch 121/150 | Train Loss: 0.0151 | Epoch Time: 0.85s | Spearman@80: 0.7029 | Kendall@80: 0.5153
Epoch 122/150 | Train Loss: 0.0146 | Epoch Time: 0.83s | Spearman@80: 0.6932 | Kendall@80: 0.5115
Epoch 123/150 | Train Loss: 0.0112 | Epoch Time: 0.84s | Spearman@80: 0.7021 | Kendall@80: 0.5203
Epoch 124/150 | Train Loss: 0.0113 | Epoch Time: 0.83s | Spearman@80: 0.7017 | Kendall@80: 0.5127
Epoch 125/150 | Train Loss: 0.0161 | Epoch Time: 0.83s | Spearman@80: 0.7023 | Kendall@80: 0.5115
Epoch 126/150 | Train Loss: 0.0120 | Epoch Time: 0.85s | Spearman@80: 0.6973 | Kendall@80: 0.5108
Epoch 127/150 | Train Loss: 0.0165 | Epoch Time: 0.86s | Spearman@80: 0.6992 | Kendall@80: 0.5115
Epoch 128/150 | Train Loss: 0.0138 | Epoch Time: 0.71s | Spearman@80: 0.6900 | Kendall@80: 0.5026
Epoch 129/150 | Train Loss: 0.0108 | Epoch Time: 0.79s | Spearman@80: 0.6922 | Kendall@80: 0.5083
Epoch 130/150 | Train Loss: 0.0116 | Epoch Time: 0.78s | Spearman@80: 0.6902 | Kendall@80: 0.5070
Epoch 131/150 | Train Loss: 0.0128 | Epoch Time: 0.76s | Spearman@80: 0.6981 | Kendall@80: 0.5153
Epoch 132/150 | Train Loss: 0.0136 | Epoch Time: 0.77s | Spearman@80: 0.7014 | Kendall@80: 0.5178
Epoch 133/150 | Train Loss: 0.0126 | Epoch Time: 0.75s | Spearman@80: 0.6956 | Kendall@80: 0.5115
Epoch 134/150 | Train Loss: 0.0110 | Epoch Time: 0.74s | Spearman@80: 0.7069 | Kendall@80: 0.5184
Epoch 135/150 | Train Loss: 0.0104 | Epoch Time: 0.74s | Spearman@80: 0.6978 | Kendall@80: 0.5127
Epoch 136/150 | Train Loss: 0.0112 | Epoch Time: 0.78s | Spearman@80: 0.6980 | Kendall@80: 0.5121
Epoch 137/150 | Train Loss: 0.0109 | Epoch Time: 0.79s | Spearman@80: 0.6962 | Kendall@80: 0.5140
Epoch 138/150 | Train Loss: 0.0095 | Epoch Time: 0.79s | Spearman@80: 0.7003 | Kendall@80: 0.5172
Epoch 139/150 | Train Loss: 0.0140 | Epoch Time: 0.78s | Spearman@80: 0.7064 | Kendall@80: 0.5203
Epoch 140/150 | Train Loss: 0.0122 | Epoch Time: 0.74s | Spearman@80: 0.6961 | Kendall@80: 0.5121
Epoch 141/150 | Train Loss: 0.0122 | Epoch Time: 0.78s | Spearman@80: 0.6987 | Kendall@80: 0.5108
Epoch 142/150 | Train Loss: 0.0128 | Epoch Time: 0.74s | Spearman@80: 0.6984 | Kendall@80: 0.5159
Epoch 143/150 | Train Loss: 0.0100 | Epoch Time: 0.76s | Spearman@80: 0.6956 | Kendall@80: 0.5102
Epoch 144/150 | Train Loss: 0.0137 | Epoch Time: 0.80s | Spearman@80: 0.6924 | Kendall@80: 0.5083
Epoch 145/150 | Train Loss: 0.0083 | Epoch Time: 0.75s | Spearman@80: 0.7008 | Kendall@80: 0.5178
Epoch 146/150 | Train Loss: 0.0125 | Epoch Time: 0.75s | Spearman@80: 0.7059 | Kendall@80: 0.5172
Epoch 147/150 | Train Loss: 0.0150 | Epoch Time: 1.40s | Spearman@4870: 0.7230 | Kendall@4870: 0.5314
Epoch 148/150 | Train Loss: 0.0088 | Epoch Time: 1.35s | Spearman@4870: 0.7239 | Kendall@4870: 0.5325
Epoch 149/150 | Train Loss: 0.0152 | Epoch Time: 1.43s | Spearman@4870: 0.7245 | Kendall@4870: 0.5329
Epoch 150/150 | Train Loss: 0.0111 | Epoch Time: 1.40s | Spearman@4870: 0.7238 | Kendall@4870: 0.5321
Sample Count: 128, Spearman: 0.7238083856698496, Kendall: 0.5322211589641028
{64: (0.5489492839746288, 0.3837882227105032),
 128: (0.7238083856698496, 0.5322211589641028)}
Average KDT:  0.31471518625398226
Variance KDT:  0.004327837669163483
Average SPR:  0.4557593743858322
Variance SPR:  0.008135393898769236
Average KDT:  0.4739800789055108
Variance KDT:  0.00415169853890309
Average SPR:  0.6555195104611926
Variance SPR:  0.005808679008739909
