Loading files for NASBench201...
Normalizing ZCP dict
try to create the NAS-Bench-201 api from /home/ya255/projects/flan_hardware/nas_embedding_suite/embedding_datasets/NAS-Bench-201-v1_1-096897.pth
Loaded files in:  98.83100771903992  seconds
Loading cache for NASBench-201 speedup!!...
Loading cache for NASBench-201 speedup!!...
Epoch 1/150 | Train Loss: 0.0964 | Epoch Time: 1.17s | Spearman@80: 0.3182 | Kendall@80: 0.2254
Epoch 2/150 | Train Loss: 0.0796 | Epoch Time: 0.17s | Spearman@80: 0.4680 | Kendall@80: 0.3341
Epoch 3/150 | Train Loss: 0.0632 | Epoch Time: 0.15s | Spearman@80: 0.7050 | Kendall@80: 0.5342
Epoch 4/150 | Train Loss: 0.0470 | Epoch Time: 0.16s | Spearman@80: 0.8425 | Kendall@80: 0.6791
Epoch 5/150 | Train Loss: 0.0515 | Epoch Time: 0.15s | Spearman@80: 0.8435 | Kendall@80: 0.6664
Epoch 6/150 | Train Loss: 0.0383 | Epoch Time: 0.16s | Spearman@80: 0.9261 | Kendall@80: 0.7667
Epoch 7/150 | Train Loss: 0.0417 | Epoch Time: 0.14s | Spearman@80: 0.9206 | Kendall@80: 0.7576
Epoch 8/150 | Train Loss: 0.0435 | Epoch Time: 0.15s | Spearman@80: 0.9019 | Kendall@80: 0.7305
Epoch 9/150 | Train Loss: 0.0345 | Epoch Time: 0.14s | Spearman@80: 0.9285 | Kendall@80: 0.7705
Epoch 10/150 | Train Loss: 0.0378 | Epoch Time: 0.15s | Spearman@80: 0.9244 | Kendall@80: 0.7601
Epoch 11/150 | Train Loss: 0.0340 | Epoch Time: 0.15s | Spearman@80: 0.9038 | Kendall@80: 0.7305
Epoch 12/150 | Train Loss: 0.0379 | Epoch Time: 0.15s | Spearman@80: 0.9071 | Kendall@80: 0.7322
Epoch 13/150 | Train Loss: 0.0314 | Epoch Time: 0.14s | Spearman@80: 0.9182 | Kendall@80: 0.7610
Epoch 14/150 | Train Loss: 0.0306 | Epoch Time: 0.15s | Spearman@80: 0.9381 | Kendall@80: 0.7855
Epoch 15/150 | Train Loss: 0.0306 | Epoch Time: 0.14s | Spearman@80: 0.9488 | Kendall@80: 0.8097
Epoch 16/150 | Train Loss: 0.0305 | Epoch Time: 0.15s | Spearman@80: 0.9368 | Kendall@80: 0.7813
Epoch 17/150 | Train Loss: 0.0321 | Epoch Time: 0.16s | Spearman@80: 0.9396 | Kendall@80: 0.7957
Epoch 18/150 | Train Loss: 0.0382 | Epoch Time: 0.16s | Spearman@80: 0.9446 | Kendall@80: 0.8036
Epoch 19/150 | Train Loss: 0.0318 | Epoch Time: 0.16s | Spearman@80: 0.9471 | Kendall@80: 0.8105
Epoch 20/150 | Train Loss: 0.0351 | Epoch Time: 0.16s | Spearman@80: 0.9242 | Kendall@80: 0.7728
Epoch 21/150 | Train Loss: 0.0292 | Epoch Time: 0.15s | Spearman@80: 0.9299 | Kendall@80: 0.7804
Epoch 22/150 | Train Loss: 0.0249 | Epoch Time: 0.15s | Spearman@80: 0.9378 | Kendall@80: 0.7883
Epoch 23/150 | Train Loss: 0.0299 | Epoch Time: 0.14s | Spearman@80: 0.9314 | Kendall@80: 0.7724
Epoch 24/150 | Train Loss: 0.0289 | Epoch Time: 0.15s | Spearman@80: 0.9464 | Kendall@80: 0.8086
Epoch 25/150 | Train Loss: 0.0270 | Epoch Time: 0.15s | Spearman@80: 0.9383 | Kendall@80: 0.7902
Epoch 26/150 | Train Loss: 0.0352 | Epoch Time: 0.15s | Spearman@80: 0.9430 | Kendall@80: 0.8027
Epoch 27/150 | Train Loss: 0.0290 | Epoch Time: 0.14s | Spearman@80: 0.9384 | Kendall@80: 0.7959
Epoch 28/150 | Train Loss: 0.0243 | Epoch Time: 0.14s | Spearman@80: 0.9059 | Kendall@80: 0.7322
Epoch 29/150 | Train Loss: 0.0340 | Epoch Time: 0.15s | Spearman@80: 0.9177 | Kendall@80: 0.7500
Epoch 30/150 | Train Loss: 0.0248 | Epoch Time: 0.14s | Spearman@80: 0.9335 | Kendall@80: 0.7826
Epoch 31/150 | Train Loss: 0.0376 | Epoch Time: 0.16s | Spearman@80: 0.9024 | Kendall@80: 0.7271
Epoch 32/150 | Train Loss: 0.0343 | Epoch Time: 0.15s | Spearman@80: 0.9335 | Kendall@80: 0.7788
Epoch 33/150 | Train Loss: 0.0327 | Epoch Time: 0.15s | Spearman@80: 0.9514 | Kendall@80: 0.8290
Epoch 34/150 | Train Loss: 0.0291 | Epoch Time: 0.16s | Spearman@80: 0.9334 | Kendall@80: 0.7794
Epoch 35/150 | Train Loss: 0.0325 | Epoch Time: 0.15s | Spearman@80: 0.9409 | Kendall@80: 0.8020
Epoch 36/150 | Train Loss: 0.0273 | Epoch Time: 0.15s | Spearman@80: 0.9380 | Kendall@80: 0.7877
Epoch 37/150 | Train Loss: 0.0282 | Epoch Time: 0.15s | Spearman@80: 0.9099 | Kendall@80: 0.7335
Epoch 38/150 | Train Loss: 0.0318 | Epoch Time: 0.14s | Spearman@80: 0.9371 | Kendall@80: 0.7788
Epoch 39/150 | Train Loss: 0.0272 | Epoch Time: 0.14s | Spearman@80: 0.9357 | Kendall@80: 0.7864
Epoch 40/150 | Train Loss: 0.0366 | Epoch Time: 0.14s | Spearman@80: 0.9348 | Kendall@80: 0.7843
Epoch 41/150 | Train Loss: 0.0211 | Epoch Time: 0.14s | Spearman@80: 0.9354 | Kendall@80: 0.7877
Epoch 42/150 | Train Loss: 0.0323 | Epoch Time: 0.15s | Spearman@80: 0.9385 | Kendall@80: 0.8023
Epoch 43/150 | Train Loss: 0.0264 | Epoch Time: 0.15s | Spearman@80: 0.9308 | Kendall@80: 0.7754
Epoch 44/150 | Train Loss: 0.0274 | Epoch Time: 0.16s | Spearman@80: 0.9318 | Kendall@80: 0.7743
Epoch 45/150 | Train Loss: 0.0235 | Epoch Time: 0.16s | Spearman@80: 0.9376 | Kendall@80: 0.7928
Epoch 46/150 | Train Loss: 0.0220 | Epoch Time: 0.15s | Spearman@80: 0.9319 | Kendall@80: 0.7851
Epoch 47/150 | Train Loss: 0.0210 | Epoch Time: 0.15s | Spearman@80: 0.9260 | Kendall@80: 0.7718
Epoch 48/150 | Train Loss: 0.0351 | Epoch Time: 0.14s | Spearman@80: 0.9328 | Kendall@80: 0.7896
Epoch 49/150 | Train Loss: 0.0273 | Epoch Time: 0.15s | Spearman@80: 0.9409 | Kendall@80: 0.7972
Epoch 50/150 | Train Loss: 0.0237 | Epoch Time: 0.16s | Spearman@80: 0.9450 | Kendall@80: 0.8067
Epoch 51/150 | Train Loss: 0.0291 | Epoch Time: 0.16s | Spearman@80: 0.9426 | Kendall@80: 0.8017
Epoch 52/150 | Train Loss: 0.0241 | Epoch Time: 0.15s | Spearman@80: 0.9330 | Kendall@80: 0.7788
Epoch 53/150 | Train Loss: 0.0237 | Epoch Time: 0.16s | Spearman@80: 0.9322 | Kendall@80: 0.7693
Epoch 54/150 | Train Loss: 0.0253 | Epoch Time: 0.16s | Spearman@80: 0.9312 | Kendall@80: 0.7782
Epoch 55/150 | Train Loss: 0.0258 | Epoch Time: 0.15s | Spearman@80: 0.9314 | Kendall@80: 0.7801
Epoch 56/150 | Train Loss: 0.0220 | Epoch Time: 0.16s | Spearman@80: 0.9285 | Kendall@80: 0.7686
Epoch 57/150 | Train Loss: 0.0312 | Epoch Time: 0.16s | Spearman@80: 0.9280 | Kendall@80: 0.7693
Epoch 58/150 | Train Loss: 0.0266 | Epoch Time: 0.14s | Spearman@80: 0.9134 | Kendall@80: 0.7426
Epoch 59/150 | Train Loss: 0.0312 | Epoch Time: 0.16s | Spearman@80: 0.9315 | Kendall@80: 0.7724
Epoch 60/150 | Train Loss: 0.0230 | Epoch Time: 0.16s | Spearman@80: 0.9382 | Kendall@80: 0.7902
Epoch 61/150 | Train Loss: 0.0266 | Epoch Time: 0.16s | Spearman@80: 0.9370 | Kendall@80: 0.7870
Epoch 62/150 | Train Loss: 0.0248 | Epoch Time: 0.14s | Spearman@80: 0.9407 | Kendall@80: 0.7938
Epoch 63/150 | Train Loss: 0.0241 | Epoch Time: 0.14s | Spearman@80: 0.9412 | Kendall@80: 0.7991
Epoch 64/150 | Train Loss: 0.0364 | Epoch Time: 0.15s | Spearman@80: 0.9368 | Kendall@80: 0.7870
Epoch 65/150 | Train Loss: 0.0215 | Epoch Time: 0.16s | Spearman@80: 0.9298 | Kendall@80: 0.7747
Epoch 66/150 | Train Loss: 0.0219 | Epoch Time: 0.16s | Spearman@80: 0.9321 | Kendall@80: 0.7762
Epoch 67/150 | Train Loss: 0.0244 | Epoch Time: 0.16s | Spearman@80: 0.9304 | Kendall@80: 0.7779
Epoch 68/150 | Train Loss: 0.0272 | Epoch Time: 0.16s | Spearman@80: 0.9252 | Kendall@80: 0.7686
Epoch 69/150 | Train Loss: 0.0284 | Epoch Time: 0.15s | Spearman@80: 0.9284 | Kendall@80: 0.7741
Epoch 70/150 | Train Loss: 0.0228 | Epoch Time: 0.15s | Spearman@80: 0.9430 | Kendall@80: 0.8042
Epoch 71/150 | Train Loss: 0.0176 | Epoch Time: 0.16s | Spearman@80: 0.9400 | Kendall@80: 0.7953
Epoch 72/150 | Train Loss: 0.0207 | Epoch Time: 0.14s | Spearman@80: 0.9389 | Kendall@80: 0.7940
Epoch 73/150 | Train Loss: 0.0279 | Epoch Time: 0.15s | Spearman@80: 0.9369 | Kendall@80: 0.7870
Epoch 74/150 | Train Loss: 0.0257 | Epoch Time: 0.14s | Spearman@80: 0.9417 | Kendall@80: 0.7991
Epoch 75/150 | Train Loss: 0.0277 | Epoch Time: 0.15s | Spearman@80: 0.9422 | Kendall@80: 0.8048
Epoch 76/150 | Train Loss: 0.0193 | Epoch Time: 0.14s | Spearman@80: 0.9393 | Kendall@80: 0.7953
Epoch 77/150 | Train Loss: 0.0276 | Epoch Time: 0.14s | Spearman@80: 0.9377 | Kendall@80: 0.7839
Epoch 78/150 | Train Loss: 0.0253 | Epoch Time: 0.14s | Spearman@80: 0.9302 | Kendall@80: 0.7756
Epoch 79/150 | Train Loss: 0.0234 | Epoch Time: 0.14s | Spearman@80: 0.9356 | Kendall@80: 0.7845
Epoch 80/150 | Train Loss: 0.0218 | Epoch Time: 0.14s | Spearman@80: 0.9356 | Kendall@80: 0.7845
Epoch 81/150 | Train Loss: 0.0181 | Epoch Time: 0.15s | Spearman@80: 0.9345 | Kendall@80: 0.7760
Epoch 82/150 | Train Loss: 0.0206 | Epoch Time: 0.14s | Spearman@80: 0.9226 | Kendall@80: 0.7623
Epoch 83/150 | Train Loss: 0.0230 | Epoch Time: 0.15s | Spearman@80: 0.9237 | Kendall@80: 0.7665
Epoch 84/150 | Train Loss: 0.0266 | Epoch Time: 0.15s | Spearman@80: 0.9377 | Kendall@80: 0.7959
Epoch 85/150 | Train Loss: 0.0224 | Epoch Time: 0.14s | Spearman@80: 0.9416 | Kendall@80: 0.7953
Epoch 86/150 | Train Loss: 0.0208 | Epoch Time: 0.15s | Spearman@80: 0.9430 | Kendall@80: 0.8033
Epoch 87/150 | Train Loss: 0.0269 | Epoch Time: 0.14s | Spearman@80: 0.9416 | Kendall@80: 0.8001
Epoch 88/150 | Train Loss: 0.0239 | Epoch Time: 0.15s | Spearman@80: 0.9441 | Kendall@80: 0.8097
Epoch 89/150 | Train Loss: 0.0209 | Epoch Time: 0.15s | Spearman@80: 0.9433 | Kendall@80: 0.8055
Epoch 90/150 | Train Loss: 0.0191 | Epoch Time: 0.14s | Spearman@80: 0.9373 | Kendall@80: 0.7919
Epoch 91/150 | Train Loss: 0.0248 | Epoch Time: 0.14s | Spearman@80: 0.9369 | Kendall@80: 0.7870
Epoch 92/150 | Train Loss: 0.0237 | Epoch Time: 0.15s | Spearman@80: 0.9400 | Kendall@80: 0.7934
Epoch 93/150 | Train Loss: 0.0228 | Epoch Time: 0.14s | Spearman@80: 0.9435 | Kendall@80: 0.7959
Epoch 94/150 | Train Loss: 0.0217 | Epoch Time: 0.15s | Spearman@80: 0.9417 | Kendall@80: 0.8027
Epoch 95/150 | Train Loss: 0.0204 | Epoch Time: 0.15s | Spearman@80: 0.9412 | Kendall@80: 0.7953
Epoch 96/150 | Train Loss: 0.0223 | Epoch Time: 0.14s | Spearman@80: 0.9392 | Kendall@80: 0.7890
Epoch 97/150 | Train Loss: 0.0218 | Epoch Time: 0.14s | Spearman@80: 0.9429 | Kendall@80: 0.7957
Epoch 98/150 | Train Loss: 0.0164 | Epoch Time: 0.15s | Spearman@80: 0.9408 | Kendall@80: 0.7972
Epoch 99/150 | Train Loss: 0.0240 | Epoch Time: 0.14s | Spearman@80: 0.9461 | Kendall@80: 0.8086
Epoch 100/150 | Train Loss: 0.0246 | Epoch Time: 0.15s | Spearman@80: 0.9464 | Kendall@80: 0.8086
Epoch 101/150 | Train Loss: 0.0233 | Epoch Time: 0.16s | Spearman@80: 0.9444 | Kendall@80: 0.8039
Epoch 102/150 | Train Loss: 0.0266 | Epoch Time: 0.15s | Spearman@80: 0.9398 | Kendall@80: 0.7966
Epoch 103/150 | Train Loss: 0.0189 | Epoch Time: 0.16s | Spearman@80: 0.9371 | Kendall@80: 0.7909
Epoch 104/150 | Train Loss: 0.0174 | Epoch Time: 0.16s | Spearman@80: 0.9420 | Kendall@80: 0.7925
Epoch 105/150 | Train Loss: 0.0216 | Epoch Time: 0.16s | Spearman@80: 0.9417 | Kendall@80: 0.7915
Epoch 106/150 | Train Loss: 0.0221 | Epoch Time: 0.16s | Spearman@80: 0.9429 | Kendall@80: 0.8027
Epoch 107/150 | Train Loss: 0.0206 | Epoch Time: 0.15s | Spearman@80: 0.9384 | Kendall@80: 0.7906
Epoch 108/150 | Train Loss: 0.0175 | Epoch Time: 0.15s | Spearman@80: 0.9400 | Kendall@80: 0.7864
Epoch 109/150 | Train Loss: 0.0215 | Epoch Time: 0.15s | Spearman@80: 0.9358 | Kendall@80: 0.7890
Epoch 110/150 | Train Loss: 0.0244 | Epoch Time: 0.15s | Spearman@80: 0.9356 | Kendall@80: 0.7912
Epoch 111/150 | Train Loss: 0.0198 | Epoch Time: 0.15s | Spearman@80: 0.9354 | Kendall@80: 0.7877
Epoch 112/150 | Train Loss: 0.0207 | Epoch Time: 0.15s | Spearman@80: 0.9354 | Kendall@80: 0.7864
Epoch 113/150 | Train Loss: 0.0212 | Epoch Time: 0.15s | Spearman@80: 0.9371 | Kendall@80: 0.7915
Epoch 114/150 | Train Loss: 0.0275 | Epoch Time: 0.15s | Spearman@80: 0.9401 | Kendall@80: 0.7991
Epoch 115/150 | Train Loss: 0.0205 | Epoch Time: 0.16s | Spearman@80: 0.9388 | Kendall@80: 0.7951
Epoch 116/150 | Train Loss: 0.0158 | Epoch Time: 0.15s | Spearman@80: 0.9419 | Kendall@80: 0.8023
Epoch 117/150 | Train Loss: 0.0200 | Epoch Time: 0.15s | Spearman@80: 0.9424 | Kendall@80: 0.8029
Epoch 118/150 | Train Loss: 0.0204 | Epoch Time: 0.15s | Spearman@80: 0.9373 | Kendall@80: 0.7928
Epoch 119/150 | Train Loss: 0.0185 | Epoch Time: 0.15s | Spearman@80: 0.9389 | Kendall@80: 0.7976
Epoch 120/150 | Train Loss: 0.0129 | Epoch Time: 0.15s | Spearman@80: 0.9389 | Kendall@80: 0.7985
Epoch 121/150 | Train Loss: 0.0138 | Epoch Time: 0.15s | Spearman@80: 0.9415 | Kendall@80: 0.7998
Epoch 122/150 | Train Loss: 0.0161 | Epoch Time: 0.16s | Spearman@80: 0.9405 | Kendall@80: 0.7951
Epoch 123/150 | Train Loss: 0.0173 | Epoch Time: 0.15s | Spearman@80: 0.9401 | Kendall@80: 0.7959
Epoch 124/150 | Train Loss: 0.0146 | Epoch Time: 0.16s | Spearman@80: 0.9412 | Kendall@80: 0.8004
Epoch 125/150 | Train Loss: 0.0135 | Epoch Time: 0.15s | Spearman@80: 0.9392 | Kendall@80: 0.7940
Epoch 126/150 | Train Loss: 0.0211 | Epoch Time: 0.15s | Spearman@80: 0.9388 | Kendall@80: 0.7931
Epoch 127/150 | Train Loss: 0.0175 | Epoch Time: 0.16s | Spearman@80: 0.9393 | Kendall@80: 0.7928
Epoch 128/150 | Train Loss: 0.0200 | Epoch Time: 0.16s | Spearman@80: 0.9400 | Kendall@80: 0.7970
Epoch 129/150 | Train Loss: 0.0151 | Epoch Time: 0.16s | Spearman@80: 0.9383 | Kendall@80: 0.7934
Epoch 130/150 | Train Loss: 0.0175 | Epoch Time: 0.15s | Spearman@80: 0.9375 | Kendall@80: 0.7919
Epoch 131/150 | Train Loss: 0.0203 | Epoch Time: 0.15s | Spearman@80: 0.9393 | Kendall@80: 0.7921
Epoch 132/150 | Train Loss: 0.0129 | Epoch Time: 0.16s | Spearman@80: 0.9441 | Kendall@80: 0.8004
Epoch 133/150 | Train Loss: 0.0194 | Epoch Time: 0.16s | Spearman@80: 0.9378 | Kendall@80: 0.7900
Epoch 134/150 | Train Loss: 0.0152 | Epoch Time: 0.15s | Spearman@80: 0.9355 | Kendall@80: 0.7890
Epoch 135/150 | Train Loss: 0.0115 | Epoch Time: 0.16s | Spearman@80: 0.9378 | Kendall@80: 0.7883
Epoch 136/150 | Train Loss: 0.0135 | Epoch Time: 0.16s | Spearman@80: 0.9372 | Kendall@80: 0.7874
Epoch 137/150 | Train Loss: 0.0148 | Epoch Time: 0.16s | Spearman@80: 0.9379 | Kendall@80: 0.7887
Epoch 138/150 | Train Loss: 0.0208 | Epoch Time: 0.15s | Spearman@80: 0.9381 | Kendall@80: 0.7890
Epoch 139/150 | Train Loss: 0.0159 | Epoch Time: 0.16s | Spearman@80: 0.9374 | Kendall@80: 0.7870
Epoch 140/150 | Train Loss: 0.0188 | Epoch Time: 0.16s | Spearman@80: 0.9363 | Kendall@80: 0.7858
Epoch 141/150 | Train Loss: 0.0182 | Epoch Time: 0.16s | Spearman@80: 0.9370 | Kendall@80: 0.7883
Epoch 142/150 | Train Loss: 0.0234 | Epoch Time: 0.16s | Spearman@80: 0.9379 | Kendall@80: 0.7906
Epoch 143/150 | Train Loss: 0.0155 | Epoch Time: 0.15s | Spearman@80: 0.9362 | Kendall@80: 0.7864
Epoch 144/150 | Train Loss: 0.0150 | Epoch Time: 0.14s | Spearman@80: 0.9407 | Kendall@80: 0.7928
Epoch 145/150 | Train Loss: 0.0189 | Epoch Time: 0.15s | Spearman@80: 0.9384 | Kendall@80: 0.7919
Epoch 146/150 | Train Loss: 0.0123 | Epoch Time: 0.16s | Spearman@80: 0.9382 | Kendall@80: 0.7890
Epoch 147/150 | Train Loss: 0.0191 | Epoch Time: 1.01s | Spearman@15560: 0.9200 | Kendall@15560: 0.7613
Epoch 148/150 | Train Loss: 0.0211 | Epoch Time: 0.92s | Spearman@15560: 0.9202 | Kendall@15560: 0.7614
Epoch 149/150 | Train Loss: 0.0195 | Epoch Time: 0.94s | Spearman@15560: 0.9200 | Kendall@15560: 0.7605
Epoch 150/150 | Train Loss: 0.0222 | Epoch Time: 0.93s | Spearman@15560: 0.9198 | Kendall@15560: 0.7610
Sample Count: 64, Spearman: 0.9200279438636685, Kendall: 0.7610359113792925
{64: (0.9200279438636685, 0.7610359113792925)}
Epoch 1/150 | Train Loss: 0.0958 | Epoch Time: 0.31s | Spearman@80: 0.5626 | Kendall@80: 0.4053
Epoch 2/150 | Train Loss: 0.0662 | Epoch Time: 0.29s | Spearman@80: 0.8896 | Kendall@80: 0.7083
Epoch 3/150 | Train Loss: 0.0427 | Epoch Time: 0.29s | Spearman@80: 0.8755 | Kendall@80: 0.6925
Epoch 4/150 | Train Loss: 0.0427 | Epoch Time: 0.29s | Spearman@80: 0.9289 | Kendall@80: 0.7789
Epoch 5/150 | Train Loss: 0.0394 | Epoch Time: 0.30s | Spearman@80: 0.9087 | Kendall@80: 0.7415
Epoch 6/150 | Train Loss: 0.0392 | Epoch Time: 0.29s | Spearman@80: 0.7823 | Kendall@80: 0.5745
Epoch 7/150 | Train Loss: 0.0352 | Epoch Time: 0.29s | Spearman@80: 0.8854 | Kendall@80: 0.7058
Epoch 8/150 | Train Loss: 0.0354 | Epoch Time: 0.29s | Spearman@80: 0.8870 | Kendall@80: 0.7161
Epoch 9/150 | Train Loss: 0.0396 | Epoch Time: 0.29s | Spearman@80: 0.9260 | Kendall@80: 0.7787
Epoch 10/150 | Train Loss: 0.0400 | Epoch Time: 0.31s | Spearman@80: 0.9313 | Kendall@80: 0.7885
Epoch 11/150 | Train Loss: 0.0324 | Epoch Time: 0.31s | Spearman@80: 0.9276 | Kendall@80: 0.7853
Epoch 12/150 | Train Loss: 0.0335 | Epoch Time: 0.31s | Spearman@80: 0.9071 | Kendall@80: 0.7394
Epoch 13/150 | Train Loss: 0.0419 | Epoch Time: 0.32s | Spearman@80: 0.9202 | Kendall@80: 0.7701
Epoch 14/150 | Train Loss: 0.0446 | Epoch Time: 0.32s | Spearman@80: 0.9389 | Kendall@80: 0.7980
Epoch 15/150 | Train Loss: 0.0316 | Epoch Time: 0.31s | Spearman@80: 0.9334 | Kendall@80: 0.7838
Epoch 16/150 | Train Loss: 0.0321 | Epoch Time: 0.31s | Spearman@80: 0.9195 | Kendall@80: 0.7597
Epoch 17/150 | Train Loss: 0.0375 | Epoch Time: 0.31s | Spearman@80: 0.9366 | Kendall@80: 0.7929
Epoch 18/150 | Train Loss: 0.0301 | Epoch Time: 0.31s | Spearman@80: 0.9301 | Kendall@80: 0.7813
Epoch 19/150 | Train Loss: 0.0358 | Epoch Time: 0.32s | Spearman@80: 0.9070 | Kendall@80: 0.7521
Epoch 20/150 | Train Loss: 0.0341 | Epoch Time: 0.29s | Spearman@80: 0.9360 | Kendall@80: 0.7965
Epoch 21/150 | Train Loss: 0.0346 | Epoch Time: 0.29s | Spearman@80: 0.9324 | Kendall@80: 0.7807
Epoch 22/150 | Train Loss: 0.0341 | Epoch Time: 0.30s | Spearman@80: 0.9336 | Kendall@80: 0.7895
Epoch 23/150 | Train Loss: 0.0311 | Epoch Time: 0.29s | Spearman@80: 0.9353 | Kendall@80: 0.7851
Epoch 24/150 | Train Loss: 0.0311 | Epoch Time: 0.30s | Spearman@80: 0.9288 | Kendall@80: 0.7851
Epoch 25/150 | Train Loss: 0.0330 | Epoch Time: 0.32s | Spearman@80: 0.9169 | Kendall@80: 0.7574
Epoch 26/150 | Train Loss: 0.0275 | Epoch Time: 0.30s | Spearman@80: 0.9163 | Kendall@80: 0.7593
Epoch 27/150 | Train Loss: 0.0319 | Epoch Time: 0.31s | Spearman@80: 0.9329 | Kendall@80: 0.7935
Epoch 28/150 | Train Loss: 0.0281 | Epoch Time: 0.31s | Spearman@80: 0.9174 | Kendall@80: 0.7584
Epoch 29/150 | Train Loss: 0.0340 | Epoch Time: 0.31s | Spearman@80: 0.9330 | Kendall@80: 0.7916
Epoch 30/150 | Train Loss: 0.0312 | Epoch Time: 0.29s | Spearman@80: 0.9157 | Kendall@80: 0.7540
Epoch 31/150 | Train Loss: 0.0419 | Epoch Time: 0.32s | Spearman@80: 0.9095 | Kendall@80: 0.7559
Epoch 32/150 | Train Loss: 0.0321 | Epoch Time: 0.31s | Spearman@80: 0.8576 | Kendall@80: 0.7001
Epoch 33/150 | Train Loss: 0.0377 | Epoch Time: 0.30s | Spearman@80: 0.9304 | Kendall@80: 0.7914
Epoch 34/150 | Train Loss: 0.0300 | Epoch Time: 0.32s | Spearman@80: 0.9440 | Kendall@80: 0.8088
Epoch 35/150 | Train Loss: 0.0287 | Epoch Time: 0.31s | Spearman@80: 0.9393 | Kendall@80: 0.7967
Epoch 36/150 | Train Loss: 0.0314 | Epoch Time: 0.29s | Spearman@80: 0.9304 | Kendall@80: 0.7916
Epoch 37/150 | Train Loss: 0.0312 | Epoch Time: 0.30s | Spearman@80: 0.9224 | Kendall@80: 0.7813
Epoch 38/150 | Train Loss: 0.0312 | Epoch Time: 0.30s | Spearman@80: 0.9145 | Kendall@80: 0.7737
Epoch 39/150 | Train Loss: 0.0338 | Epoch Time: 0.29s | Spearman@80: 0.9367 | Kendall@80: 0.7997
Epoch 40/150 | Train Loss: 0.0335 | Epoch Time: 0.30s | Spearman@80: 0.9422 | Kendall@80: 0.8081
Epoch 41/150 | Train Loss: 0.0337 | Epoch Time: 0.30s | Spearman@80: 0.9329 | Kendall@80: 0.8010
Epoch 42/150 | Train Loss: 0.0292 | Epoch Time: 0.30s | Spearman@80: 0.9319 | Kendall@80: 0.7940
Epoch 43/150 | Train Loss: 0.0370 | Epoch Time: 0.30s | Spearman@80: 0.9288 | Kendall@80: 0.7743
Epoch 44/150 | Train Loss: 0.0354 | Epoch Time: 0.30s | Spearman@80: 0.9315 | Kendall@80: 0.7929
Epoch 45/150 | Train Loss: 0.0292 | Epoch Time: 0.31s | Spearman@80: 0.9295 | Kendall@80: 0.7940
Epoch 46/150 | Train Loss: 0.0249 | Epoch Time: 0.32s | Spearman@80: 0.9324 | Kendall@80: 0.7883
Epoch 47/150 | Train Loss: 0.0355 | Epoch Time: 0.31s | Spearman@80: 0.9314 | Kendall@80: 0.7838
Epoch 48/150 | Train Loss: 0.0274 | Epoch Time: 0.32s | Spearman@80: 0.9304 | Kendall@80: 0.7819
Epoch 49/150 | Train Loss: 0.0303 | Epoch Time: 0.31s | Spearman@80: 0.8991 | Kendall@80: 0.7318
Epoch 50/150 | Train Loss: 0.0384 | Epoch Time: 0.31s | Spearman@80: 0.9228 | Kendall@80: 0.7635
Epoch 51/150 | Train Loss: 0.0280 | Epoch Time: 0.31s | Spearman@80: 0.9289 | Kendall@80: 0.7819
Epoch 52/150 | Train Loss: 0.0277 | Epoch Time: 0.30s | Spearman@80: 0.9246 | Kendall@80: 0.7800
Epoch 53/150 | Train Loss: 0.0361 | Epoch Time: 0.30s | Spearman@80: 0.9312 | Kendall@80: 0.7827
Epoch 54/150 | Train Loss: 0.0343 | Epoch Time: 0.29s | Spearman@80: 0.9311 | Kendall@80: 0.7923
Epoch 55/150 | Train Loss: 0.0359 | Epoch Time: 0.31s | Spearman@80: 0.9327 | Kendall@80: 0.7878
Epoch 56/150 | Train Loss: 0.0324 | Epoch Time: 0.32s | Spearman@80: 0.9321 | Kendall@80: 0.7883
Epoch 57/150 | Train Loss: 0.0355 | Epoch Time: 0.31s | Spearman@80: 0.9155 | Kendall@80: 0.7610
Epoch 58/150 | Train Loss: 0.0300 | Epoch Time: 0.30s | Spearman@80: 0.9210 | Kendall@80: 0.7749
Epoch 59/150 | Train Loss: 0.0310 | Epoch Time: 0.29s | Spearman@80: 0.9156 | Kendall@80: 0.7654
Epoch 60/150 | Train Loss: 0.0254 | Epoch Time: 0.30s | Spearman@80: 0.9155 | Kendall@80: 0.7713
Epoch 61/150 | Train Loss: 0.0271 | Epoch Time: 0.30s | Spearman@80: 0.9300 | Kendall@80: 0.7895
Epoch 62/150 | Train Loss: 0.0260 | Epoch Time: 0.29s | Spearman@80: 0.9261 | Kendall@80: 0.7796
Epoch 63/150 | Train Loss: 0.0274 | Epoch Time: 0.30s | Spearman@80: 0.9258 | Kendall@80: 0.7713
Epoch 64/150 | Train Loss: 0.0318 | Epoch Time: 0.30s | Spearman@80: 0.9299 | Kendall@80: 0.7866
Epoch 65/150 | Train Loss: 0.0251 | Epoch Time: 0.32s | Spearman@80: 0.9313 | Kendall@80: 0.7845
Epoch 66/150 | Train Loss: 0.0267 | Epoch Time: 0.31s | Spearman@80: 0.9286 | Kendall@80: 0.7845
Epoch 67/150 | Train Loss: 0.0333 | Epoch Time: 0.31s | Spearman@80: 0.9287 | Kendall@80: 0.7770
Epoch 68/150 | Train Loss: 0.0322 | Epoch Time: 0.30s | Spearman@80: 0.9236 | Kendall@80: 0.7756
Epoch 69/150 | Train Loss: 0.0239 | Epoch Time: 0.31s | Spearman@80: 0.9281 | Kendall@80: 0.7787
Epoch 70/150 | Train Loss: 0.0339 | Epoch Time: 0.31s | Spearman@80: 0.9232 | Kendall@80: 0.7654
Epoch 71/150 | Train Loss: 0.0291 | Epoch Time: 0.29s | Spearman@80: 0.9345 | Kendall@80: 0.8005
Epoch 72/150 | Train Loss: 0.0270 | Epoch Time: 0.30s | Spearman@80: 0.9264 | Kendall@80: 0.7787
Epoch 73/150 | Train Loss: 0.0251 | Epoch Time: 0.30s | Spearman@80: 0.9393 | Kendall@80: 0.8043
Epoch 74/150 | Train Loss: 0.0298 | Epoch Time: 0.30s | Spearman@80: 0.9348 | Kendall@80: 0.7999
Epoch 75/150 | Train Loss: 0.0300 | Epoch Time: 0.29s | Spearman@80: 0.9267 | Kendall@80: 0.7819
Epoch 76/150 | Train Loss: 0.0248 | Epoch Time: 0.31s | Spearman@80: 0.9186 | Kendall@80: 0.7686
Epoch 77/150 | Train Loss: 0.0319 | Epoch Time: 0.32s | Spearman@80: 0.9236 | Kendall@80: 0.7787
Epoch 78/150 | Train Loss: 0.0262 | Epoch Time: 0.30s | Spearman@80: 0.9305 | Kendall@80: 0.7927
Epoch 79/150 | Train Loss: 0.0292 | Epoch Time: 0.30s | Spearman@80: 0.9255 | Kendall@80: 0.7857
Epoch 80/150 | Train Loss: 0.0322 | Epoch Time: 0.29s | Spearman@80: 0.9317 | Kendall@80: 0.7946
Epoch 81/150 | Train Loss: 0.0294 | Epoch Time: 0.30s | Spearman@80: 0.9319 | Kendall@80: 0.7819
Epoch 82/150 | Train Loss: 0.0286 | Epoch Time: 0.29s | Spearman@80: 0.9357 | Kendall@80: 0.7999
Epoch 83/150 | Train Loss: 0.0245 | Epoch Time: 0.28s | Spearman@80: 0.9235 | Kendall@80: 0.7819
Epoch 84/150 | Train Loss: 0.0287 | Epoch Time: 0.30s | Spearman@80: 0.9248 | Kendall@80: 0.7743
Epoch 85/150 | Train Loss: 0.0340 | Epoch Time: 0.29s | Spearman@80: 0.9078 | Kendall@80: 0.7584
Epoch 86/150 | Train Loss: 0.0244 | Epoch Time: 0.32s | Spearman@80: 0.9205 | Kendall@80: 0.7745
Epoch 87/150 | Train Loss: 0.0283 | Epoch Time: 0.29s | Spearman@80: 0.9301 | Kendall@80: 0.7914
Epoch 88/150 | Train Loss: 0.0261 | Epoch Time: 0.30s | Spearman@80: 0.9298 | Kendall@80: 0.7838
Epoch 89/150 | Train Loss: 0.0277 | Epoch Time: 0.30s | Spearman@80: 0.9212 | Kendall@80: 0.7720
Epoch 90/150 | Train Loss: 0.0240 | Epoch Time: 0.31s | Spearman@80: 0.9225 | Kendall@80: 0.7794
Epoch 91/150 | Train Loss: 0.0241 | Epoch Time: 0.32s | Spearman@80: 0.9200 | Kendall@80: 0.7783
Epoch 92/150 | Train Loss: 0.0214 | Epoch Time: 0.30s | Spearman@80: 0.9286 | Kendall@80: 0.7847
Epoch 93/150 | Train Loss: 0.0273 | Epoch Time: 0.31s | Spearman@80: 0.9239 | Kendall@80: 0.7813
Epoch 94/150 | Train Loss: 0.0243 | Epoch Time: 0.32s | Spearman@80: 0.9217 | Kendall@80: 0.7815
Epoch 95/150 | Train Loss: 0.0306 | Epoch Time: 0.31s | Spearman@80: 0.9247 | Kendall@80: 0.7819
Epoch 96/150 | Train Loss: 0.0258 | Epoch Time: 0.28s | Spearman@80: 0.9253 | Kendall@80: 0.7838
Epoch 97/150 | Train Loss: 0.0286 | Epoch Time: 0.30s | Spearman@80: 0.9199 | Kendall@80: 0.7701
Epoch 98/150 | Train Loss: 0.0186 | Epoch Time: 0.29s | Spearman@80: 0.9236 | Kendall@80: 0.7834
Epoch 99/150 | Train Loss: 0.0249 | Epoch Time: 0.30s | Spearman@80: 0.9273 | Kendall@80: 0.7904
Epoch 100/150 | Train Loss: 0.0262 | Epoch Time: 0.31s | Spearman@80: 0.9250 | Kendall@80: 0.7885
Epoch 101/150 | Train Loss: 0.0227 | Epoch Time: 0.32s | Spearman@80: 0.9256 | Kendall@80: 0.7834
Epoch 102/150 | Train Loss: 0.0216 | Epoch Time: 0.28s | Spearman@80: 0.9292 | Kendall@80: 0.7872
Epoch 103/150 | Train Loss: 0.0277 | Epoch Time: 0.30s | Spearman@80: 0.9286 | Kendall@80: 0.7967
Epoch 104/150 | Train Loss: 0.0246 | Epoch Time: 0.31s | Spearman@80: 0.9267 | Kendall@80: 0.7929
Epoch 105/150 | Train Loss: 0.0204 | Epoch Time: 0.32s | Spearman@80: 0.9266 | Kendall@80: 0.7959
Epoch 106/150 | Train Loss: 0.0303 | Epoch Time: 0.33s | Spearman@80: 0.9163 | Kendall@80: 0.7711
Epoch 107/150 | Train Loss: 0.0256 | Epoch Time: 0.32s | Spearman@80: 0.9140 | Kendall@80: 0.7688
Epoch 108/150 | Train Loss: 0.0236 | Epoch Time: 0.31s | Spearman@80: 0.9240 | Kendall@80: 0.7889
Epoch 109/150 | Train Loss: 0.0234 | Epoch Time: 0.32s | Spearman@80: 0.9293 | Kendall@80: 0.7952
Epoch 110/150 | Train Loss: 0.0241 | Epoch Time: 0.30s | Spearman@80: 0.9269 | Kendall@80: 0.7883
Epoch 111/150 | Train Loss: 0.0222 | Epoch Time: 0.32s | Spearman@80: 0.9147 | Kendall@80: 0.7770
Epoch 112/150 | Train Loss: 0.0212 | Epoch Time: 0.32s | Spearman@80: 0.9125 | Kendall@80: 0.7707
Epoch 113/150 | Train Loss: 0.0251 | Epoch Time: 0.30s | Spearman@80: 0.9116 | Kendall@80: 0.7705
Epoch 114/150 | Train Loss: 0.0233 | Epoch Time: 0.30s | Spearman@80: 0.9199 | Kendall@80: 0.7895
Epoch 115/150 | Train Loss: 0.0240 | Epoch Time: 0.30s | Spearman@80: 0.9204 | Kendall@80: 0.7813
Epoch 116/150 | Train Loss: 0.0228 | Epoch Time: 0.31s | Spearman@80: 0.9244 | Kendall@80: 0.7921
Epoch 117/150 | Train Loss: 0.0242 | Epoch Time: 0.29s | Spearman@80: 0.9208 | Kendall@80: 0.7859
Epoch 118/150 | Train Loss: 0.0246 | Epoch Time: 0.30s | Spearman@80: 0.9104 | Kendall@80: 0.7680
Epoch 119/150 | Train Loss: 0.0232 | Epoch Time: 0.31s | Spearman@80: 0.9233 | Kendall@80: 0.7870
Epoch 120/150 | Train Loss: 0.0252 | Epoch Time: 0.32s | Spearman@80: 0.9223 | Kendall@80: 0.7845
Epoch 121/150 | Train Loss: 0.0207 | Epoch Time: 0.32s | Spearman@80: 0.9141 | Kendall@80: 0.7718
Epoch 122/150 | Train Loss: 0.0205 | Epoch Time: 0.32s | Spearman@80: 0.9256 | Kendall@80: 0.7971
Epoch 123/150 | Train Loss: 0.0224 | Epoch Time: 0.31s | Spearman@80: 0.9244 | Kendall@80: 0.7895
Epoch 124/150 | Train Loss: 0.0197 | Epoch Time: 0.31s | Spearman@80: 0.9218 | Kendall@80: 0.7883
Epoch 125/150 | Train Loss: 0.0217 | Epoch Time: 0.32s | Spearman@80: 0.9209 | Kendall@80: 0.7878
Epoch 126/150 | Train Loss: 0.0211 | Epoch Time: 0.32s | Spearman@80: 0.9199 | Kendall@80: 0.7840
Epoch 127/150 | Train Loss: 0.0183 | Epoch Time: 0.31s | Spearman@80: 0.9240 | Kendall@80: 0.7946
Epoch 128/150 | Train Loss: 0.0266 | Epoch Time: 0.30s | Spearman@80: 0.9207 | Kendall@80: 0.7870
Epoch 129/150 | Train Loss: 0.0237 | Epoch Time: 0.30s | Spearman@80: 0.9253 | Kendall@80: 0.7946
Epoch 130/150 | Train Loss: 0.0225 | Epoch Time: 0.31s | Spearman@80: 0.9259 | Kendall@80: 0.7946
Epoch 131/150 | Train Loss: 0.0215 | Epoch Time: 0.31s | Spearman@80: 0.9235 | Kendall@80: 0.7897
Epoch 132/150 | Train Loss: 0.0234 | Epoch Time: 0.31s | Spearman@80: 0.9230 | Kendall@80: 0.7891
Epoch 133/150 | Train Loss: 0.0249 | Epoch Time: 0.29s | Spearman@80: 0.9201 | Kendall@80: 0.7876
Epoch 134/150 | Train Loss: 0.0205 | Epoch Time: 0.30s | Spearman@80: 0.9196 | Kendall@80: 0.7883
Epoch 135/150 | Train Loss: 0.0230 | Epoch Time: 0.31s | Spearman@80: 0.9225 | Kendall@80: 0.7891
Epoch 136/150 | Train Loss: 0.0179 | Epoch Time: 0.30s | Spearman@80: 0.9236 | Kendall@80: 0.7897
Epoch 137/150 | Train Loss: 0.0190 | Epoch Time: 0.29s | Spearman@80: 0.9197 | Kendall@80: 0.7827
Epoch 138/150 | Train Loss: 0.0201 | Epoch Time: 0.29s | Spearman@80: 0.9187 | Kendall@80: 0.7826
Epoch 139/150 | Train Loss: 0.0189 | Epoch Time: 0.30s | Spearman@80: 0.9186 | Kendall@80: 0.7796
Epoch 140/150 | Train Loss: 0.0215 | Epoch Time: 0.31s | Spearman@80: 0.9204 | Kendall@80: 0.7864
Epoch 141/150 | Train Loss: 0.0260 | Epoch Time: 0.32s | Spearman@80: 0.9199 | Kendall@80: 0.7847
Epoch 142/150 | Train Loss: 0.0282 | Epoch Time: 0.32s | Spearman@80: 0.9163 | Kendall@80: 0.7768
Epoch 143/150 | Train Loss: 0.0234 | Epoch Time: 0.31s | Spearman@80: 0.9201 | Kendall@80: 0.7864
Epoch 144/150 | Train Loss: 0.0184 | Epoch Time: 0.32s | Spearman@80: 0.9196 | Kendall@80: 0.7847
Epoch 145/150 | Train Loss: 0.0216 | Epoch Time: 0.32s | Spearman@80: 0.9184 | Kendall@80: 0.7851
Epoch 146/150 | Train Loss: 0.0174 | Epoch Time: 0.30s | Spearman@80: 0.9172 | Kendall@80: 0.7800
Epoch 147/150 | Train Loss: 0.0227 | Epoch Time: 1.19s | Spearman@15496: 0.9234 | Kendall@15496: 0.7735
Epoch 148/150 | Train Loss: 0.0195 | Epoch Time: 1.16s | Spearman@15496: 0.9223 | Kendall@15496: 0.7717
Epoch 149/150 | Train Loss: 0.0196 | Epoch Time: 1.12s | Spearman@15496: 0.9234 | Kendall@15496: 0.7737
Epoch 150/150 | Train Loss: 0.0199 | Epoch Time: 1.13s | Spearman@15496: 0.9237 | Kendall@15496: 0.7739
Sample Count: 128, Spearman: 0.9232155801140894, Kendall: 0.7732047612278616
{64: (0.9200279438636685, 0.7610359113792925),
 128: (0.9232155801140894, 0.7732047612278616)}
Epoch 1/150 | Train Loss: 0.0955 | Epoch Time: 0.16s | Spearman@80: 0.3939 | Kendall@80: 0.2703
Epoch 2/150 | Train Loss: 0.0766 | Epoch Time: 0.16s | Spearman@80: 0.5293 | Kendall@80: 0.3768
Epoch 3/150 | Train Loss: 0.0626 | Epoch Time: 0.16s | Spearman@80: 0.8346 | Kendall@80: 0.6730
Epoch 4/150 | Train Loss: 0.0493 | Epoch Time: 0.16s | Spearman@80: 0.8527 | Kendall@80: 0.6842
Epoch 5/150 | Train Loss: 0.0412 | Epoch Time: 0.16s | Spearman@80: 0.8624 | Kendall@80: 0.6950
Epoch 6/150 | Train Loss: 0.0338 | Epoch Time: 0.16s | Spearman@80: 0.8654 | Kendall@80: 0.6988
Epoch 7/150 | Train Loss: 0.0340 | Epoch Time: 0.17s | Spearman@80: 0.8813 | Kendall@80: 0.7191
Epoch 8/150 | Train Loss: 0.0298 | Epoch Time: 0.16s | Spearman@80: 0.8712 | Kendall@80: 0.7087
Epoch 9/150 | Train Loss: 0.0282 | Epoch Time: 0.16s | Spearman@80: 0.8599 | Kendall@80: 0.6924
Epoch 10/150 | Train Loss: 0.0336 | Epoch Time: 0.16s | Spearman@80: 0.8846 | Kendall@80: 0.7258
Epoch 11/150 | Train Loss: 0.0371 | Epoch Time: 0.16s | Spearman@80: 0.8525 | Kendall@80: 0.6747
Epoch 12/150 | Train Loss: 0.0283 | Epoch Time: 0.16s | Spearman@80: 0.8682 | Kendall@80: 0.6941
Epoch 13/150 | Train Loss: 0.0364 | Epoch Time: 0.15s | Spearman@80: 0.8754 | Kendall@80: 0.7051
Epoch 14/150 | Train Loss: 0.0314 | Epoch Time: 0.16s | Spearman@80: 0.8636 | Kendall@80: 0.7049
Epoch 15/150 | Train Loss: 0.0349 | Epoch Time: 0.15s | Spearman@80: 0.8274 | Kendall@80: 0.6529
Epoch 16/150 | Train Loss: 0.0268 | Epoch Time: 0.15s | Spearman@80: 0.8830 | Kendall@80: 0.7326
Epoch 17/150 | Train Loss: 0.0335 | Epoch Time: 0.14s | Spearman@80: 0.8500 | Kendall@80: 0.6990
Epoch 18/150 | Train Loss: 0.0369 | Epoch Time: 0.15s | Spearman@80: 0.8542 | Kendall@80: 0.6969
Epoch 19/150 | Train Loss: 0.0294 | Epoch Time: 0.15s | Spearman@80: 0.8734 | Kendall@80: 0.7197
Epoch 20/150 | Train Loss: 0.0265 | Epoch Time: 0.15s | Spearman@80: 0.8691 | Kendall@80: 0.7205
Epoch 21/150 | Train Loss: 0.0265 | Epoch Time: 0.15s | Spearman@80: 0.8731 | Kendall@80: 0.7296
Epoch 22/150 | Train Loss: 0.0228 | Epoch Time: 0.14s | Spearman@80: 0.8712 | Kendall@80: 0.7226
Epoch 23/150 | Train Loss: 0.0241 | Epoch Time: 0.15s | Spearman@80: 0.8445 | Kendall@80: 0.6768
Epoch 24/150 | Train Loss: 0.0199 | Epoch Time: 0.15s | Spearman@80: 0.8598 | Kendall@80: 0.7087
Epoch 25/150 | Train Loss: 0.0234 | Epoch Time: 0.16s | Spearman@80: 0.8492 | Kendall@80: 0.6891
Epoch 26/150 | Train Loss: 0.0253 | Epoch Time: 0.16s | Spearman@80: 0.8730 | Kendall@80: 0.7231
Epoch 27/150 | Train Loss: 0.0189 | Epoch Time: 0.15s | Spearman@80: 0.8631 | Kendall@80: 0.6984
Epoch 28/150 | Train Loss: 0.0255 | Epoch Time: 0.14s | Spearman@80: 0.8763 | Kendall@80: 0.7218
Epoch 29/150 | Train Loss: 0.0282 | Epoch Time: 0.14s | Spearman@80: 0.8390 | Kendall@80: 0.6783
Epoch 30/150 | Train Loss: 0.0242 | Epoch Time: 0.16s | Spearman@80: 0.8703 | Kendall@80: 0.7199
Epoch 31/150 | Train Loss: 0.0239 | Epoch Time: 0.16s | Spearman@80: 0.8832 | Kendall@80: 0.7324
Epoch 32/150 | Train Loss: 0.0212 | Epoch Time: 0.15s | Spearman@80: 0.8580 | Kendall@80: 0.7011
Epoch 33/150 | Train Loss: 0.0287 | Epoch Time: 0.16s | Spearman@80: 0.8741 | Kendall@80: 0.7265
Epoch 34/150 | Train Loss: 0.0254 | Epoch Time: 0.15s | Spearman@80: 0.8822 | Kendall@80: 0.7389
Epoch 35/150 | Train Loss: 0.0237 | Epoch Time: 0.15s | Spearman@80: 0.8685 | Kendall@80: 0.7174
Epoch 36/150 | Train Loss: 0.0238 | Epoch Time: 0.16s | Spearman@80: 0.8662 | Kendall@80: 0.7201
Epoch 37/150 | Train Loss: 0.0213 | Epoch Time: 0.14s | Spearman@80: 0.8622 | Kendall@80: 0.7182
Epoch 38/150 | Train Loss: 0.0233 | Epoch Time: 0.15s | Spearman@80: 0.8611 | Kendall@80: 0.7133
Epoch 39/150 | Train Loss: 0.0207 | Epoch Time: 0.16s | Spearman@80: 0.8546 | Kendall@80: 0.6994
Epoch 40/150 | Train Loss: 0.0194 | Epoch Time: 0.15s | Spearman@80: 0.8554 | Kendall@80: 0.7022
Epoch 41/150 | Train Loss: 0.0220 | Epoch Time: 0.14s | Spearman@80: 0.8607 | Kendall@80: 0.7055
Epoch 42/150 | Train Loss: 0.0230 | Epoch Time: 0.15s | Spearman@80: 0.8756 | Kendall@80: 0.7345
Epoch 43/150 | Train Loss: 0.0233 | Epoch Time: 0.15s | Spearman@80: 0.8456 | Kendall@80: 0.6840
Epoch 44/150 | Train Loss: 0.0219 | Epoch Time: 0.14s | Spearman@80: 0.8727 | Kendall@80: 0.7243
Epoch 45/150 | Train Loss: 0.0192 | Epoch Time: 0.15s | Spearman@80: 0.8765 | Kendall@80: 0.7258
Epoch 46/150 | Train Loss: 0.0195 | Epoch Time: 0.15s | Spearman@80: 0.8798 | Kendall@80: 0.7313
Epoch 47/150 | Train Loss: 0.0229 | Epoch Time: 0.14s | Spearman@80: 0.8606 | Kendall@80: 0.7049
Epoch 48/150 | Train Loss: 0.0202 | Epoch Time: 0.15s | Spearman@80: 0.8720 | Kendall@80: 0.7167
Epoch 49/150 | Train Loss: 0.0159 | Epoch Time: 0.15s | Spearman@80: 0.8708 | Kendall@80: 0.7212
Epoch 50/150 | Train Loss: 0.0187 | Epoch Time: 0.14s | Spearman@80: 0.8524 | Kendall@80: 0.7005
Epoch 51/150 | Train Loss: 0.0127 | Epoch Time: 0.16s | Spearman@80: 0.8748 | Kendall@80: 0.7267
Epoch 52/150 | Train Loss: 0.0175 | Epoch Time: 0.16s | Spearman@80: 0.8827 | Kendall@80: 0.7334
Epoch 53/150 | Train Loss: 0.0165 | Epoch Time: 0.16s | Spearman@80: 0.8668 | Kendall@80: 0.7119
Epoch 54/150 | Train Loss: 0.0216 | Epoch Time: 0.15s | Spearman@80: 0.8559 | Kendall@80: 0.6958
Epoch 55/150 | Train Loss: 0.0196 | Epoch Time: 0.15s | Spearman@80: 0.8677 | Kendall@80: 0.7157
Epoch 56/150 | Train Loss: 0.0149 | Epoch Time: 0.14s | Spearman@80: 0.8435 | Kendall@80: 0.6897
Epoch 57/150 | Train Loss: 0.0177 | Epoch Time: 0.16s | Spearman@80: 0.8564 | Kendall@80: 0.7053
Epoch 58/150 | Train Loss: 0.0228 | Epoch Time: 0.16s | Spearman@80: 0.8642 | Kendall@80: 0.7079
Epoch 59/150 | Train Loss: 0.0269 | Epoch Time: 0.16s | Spearman@80: 0.8769 | Kendall@80: 0.7283
Epoch 60/150 | Train Loss: 0.0239 | Epoch Time: 0.16s | Spearman@80: 0.8731 | Kendall@80: 0.7218
Epoch 61/150 | Train Loss: 0.0250 | Epoch Time: 0.16s | Spearman@80: 0.8712 | Kendall@80: 0.7262
Epoch 62/150 | Train Loss: 0.0187 | Epoch Time: 0.16s | Spearman@80: 0.8781 | Kendall@80: 0.7296
Epoch 63/150 | Train Loss: 0.0217 | Epoch Time: 0.15s | Spearman@80: 0.8857 | Kendall@80: 0.7397
Epoch 64/150 | Train Loss: 0.0212 | Epoch Time: 0.15s | Spearman@80: 0.8868 | Kendall@80: 0.7347
Epoch 65/150 | Train Loss: 0.0224 | Epoch Time: 0.15s | Spearman@80: 0.8697 | Kendall@80: 0.7201
Epoch 66/150 | Train Loss: 0.0245 | Epoch Time: 0.14s | Spearman@80: 0.8875 | Kendall@80: 0.7440
Epoch 67/150 | Train Loss: 0.0251 | Epoch Time: 0.16s | Spearman@80: 0.8905 | Kendall@80: 0.7302
Epoch 68/150 | Train Loss: 0.0173 | Epoch Time: 0.14s | Spearman@80: 0.8768 | Kendall@80: 0.7290
Epoch 69/150 | Train Loss: 0.0134 | Epoch Time: 0.15s | Spearman@80: 0.8660 | Kendall@80: 0.7104
Epoch 70/150 | Train Loss: 0.0189 | Epoch Time: 0.14s | Spearman@80: 0.8674 | Kendall@80: 0.7148
Epoch 71/150 | Train Loss: 0.0198 | Epoch Time: 0.15s | Spearman@80: 0.8764 | Kendall@80: 0.7271
Epoch 72/150 | Train Loss: 0.0207 | Epoch Time: 0.15s | Spearman@80: 0.8775 | Kendall@80: 0.7262
Epoch 73/150 | Train Loss: 0.0166 | Epoch Time: 0.15s | Spearman@80: 0.8720 | Kendall@80: 0.7182
Epoch 74/150 | Train Loss: 0.0241 | Epoch Time: 0.16s | Spearman@80: 0.8696 | Kendall@80: 0.7138
Epoch 75/150 | Train Loss: 0.0124 | Epoch Time: 0.15s | Spearman@80: 0.8850 | Kendall@80: 0.7389
Epoch 76/150 | Train Loss: 0.0177 | Epoch Time: 0.15s | Spearman@80: 0.8708 | Kendall@80: 0.7131
Epoch 77/150 | Train Loss: 0.0141 | Epoch Time: 0.15s | Spearman@80: 0.8681 | Kendall@80: 0.7131
Epoch 78/150 | Train Loss: 0.0177 | Epoch Time: 0.15s | Spearman@80: 0.8747 | Kendall@80: 0.7262
Epoch 79/150 | Train Loss: 0.0193 | Epoch Time: 0.14s | Spearman@80: 0.8779 | Kendall@80: 0.7294
Epoch 80/150 | Train Loss: 0.0178 | Epoch Time: 0.14s | Spearman@80: 0.8671 | Kendall@80: 0.7131
Epoch 81/150 | Train Loss: 0.0139 | Epoch Time: 0.15s | Spearman@80: 0.8656 | Kendall@80: 0.7106
Epoch 82/150 | Train Loss: 0.0168 | Epoch Time: 0.15s | Spearman@80: 0.8728 | Kendall@80: 0.7205
Epoch 83/150 | Train Loss: 0.0250 | Epoch Time: 0.15s | Spearman@80: 0.8740 | Kendall@80: 0.7207
Epoch 84/150 | Train Loss: 0.0161 | Epoch Time: 0.15s | Spearman@80: 0.8654 | Kendall@80: 0.7053
Epoch 85/150 | Train Loss: 0.0198 | Epoch Time: 0.16s | Spearman@80: 0.8533 | Kendall@80: 0.6935
Epoch 86/150 | Train Loss: 0.0168 | Epoch Time: 0.16s | Spearman@80: 0.8534 | Kendall@80: 0.6948
Epoch 87/150 | Train Loss: 0.0188 | Epoch Time: 0.16s | Spearman@80: 0.8671 | Kendall@80: 0.7150
Epoch 88/150 | Train Loss: 0.0172 | Epoch Time: 0.16s | Spearman@80: 0.8704 | Kendall@80: 0.7203
Epoch 89/150 | Train Loss: 0.0137 | Epoch Time: 0.16s | Spearman@80: 0.8573 | Kendall@80: 0.6979
Epoch 90/150 | Train Loss: 0.0193 | Epoch Time: 0.16s | Spearman@80: 0.8610 | Kendall@80: 0.7007
Epoch 91/150 | Train Loss: 0.0102 | Epoch Time: 0.15s | Spearman@80: 0.8802 | Kendall@80: 0.7302
Epoch 92/150 | Train Loss: 0.0136 | Epoch Time: 0.15s | Spearman@80: 0.8814 | Kendall@80: 0.7300
Epoch 93/150 | Train Loss: 0.0202 | Epoch Time: 0.16s | Spearman@80: 0.8753 | Kendall@80: 0.7220
Epoch 94/150 | Train Loss: 0.0169 | Epoch Time: 0.15s | Spearman@80: 0.8783 | Kendall@80: 0.7235
Epoch 95/150 | Train Loss: 0.0161 | Epoch Time: 0.16s | Spearman@80: 0.8703 | Kendall@80: 0.7148
Epoch 96/150 | Train Loss: 0.0129 | Epoch Time: 0.15s | Spearman@80: 0.8744 | Kendall@80: 0.7184
Epoch 97/150 | Train Loss: 0.0161 | Epoch Time: 0.15s | Spearman@80: 0.8732 | Kendall@80: 0.7220
Epoch 98/150 | Train Loss: 0.0135 | Epoch Time: 0.15s | Spearman@80: 0.8771 | Kendall@80: 0.7233
Epoch 99/150 | Train Loss: 0.0155 | Epoch Time: 0.16s | Spearman@80: 0.8765 | Kendall@80: 0.7245
Epoch 100/150 | Train Loss: 0.0134 | Epoch Time: 0.16s | Spearman@80: 0.8817 | Kendall@80: 0.7334
Epoch 101/150 | Train Loss: 0.0169 | Epoch Time: 0.15s | Spearman@80: 0.8778 | Kendall@80: 0.7258
Epoch 102/150 | Train Loss: 0.0177 | Epoch Time: 0.16s | Spearman@80: 0.8678 | Kendall@80: 0.7140
Epoch 103/150 | Train Loss: 0.0238 | Epoch Time: 0.15s | Spearman@80: 0.8713 | Kendall@80: 0.7155
Epoch 104/150 | Train Loss: 0.0118 | Epoch Time: 0.16s | Spearman@80: 0.8731 | Kendall@80: 0.7197
Epoch 105/150 | Train Loss: 0.0163 | Epoch Time: 0.15s | Spearman@80: 0.8723 | Kendall@80: 0.7161
Epoch 106/150 | Train Loss: 0.0137 | Epoch Time: 0.15s | Spearman@80: 0.8728 | Kendall@80: 0.7182
Epoch 107/150 | Train Loss: 0.0207 | Epoch Time: 0.15s | Spearman@80: 0.8710 | Kendall@80: 0.7131
Epoch 108/150 | Train Loss: 0.0096 | Epoch Time: 0.15s | Spearman@80: 0.8769 | Kendall@80: 0.7246
Epoch 109/150 | Train Loss: 0.0122 | Epoch Time: 0.15s | Spearman@80: 0.8773 | Kendall@80: 0.7275
Epoch 110/150 | Train Loss: 0.0118 | Epoch Time: 0.15s | Spearman@80: 0.8740 | Kendall@80: 0.7258
Epoch 111/150 | Train Loss: 0.0157 | Epoch Time: 0.15s | Spearman@80: 0.8687 | Kendall@80: 0.7180
Epoch 112/150 | Train Loss: 0.0094 | Epoch Time: 0.14s | Spearman@80: 0.8734 | Kendall@80: 0.7193
Epoch 113/150 | Train Loss: 0.0160 | Epoch Time: 0.16s | Spearman@80: 0.8784 | Kendall@80: 0.7264
Epoch 114/150 | Train Loss: 0.0146 | Epoch Time: 0.15s | Spearman@80: 0.8763 | Kendall@80: 0.7224
Epoch 115/150 | Train Loss: 0.0134 | Epoch Time: 0.15s | Spearman@80: 0.8739 | Kendall@80: 0.7231
Epoch 116/150 | Train Loss: 0.0136 | Epoch Time: 0.15s | Spearman@80: 0.8774 | Kendall@80: 0.7239
Epoch 117/150 | Train Loss: 0.0136 | Epoch Time: 0.15s | Spearman@80: 0.8716 | Kendall@80: 0.7182
Epoch 118/150 | Train Loss: 0.0094 | Epoch Time: 0.15s | Spearman@80: 0.8714 | Kendall@80: 0.7169
Epoch 119/150 | Train Loss: 0.0090 | Epoch Time: 0.15s | Spearman@80: 0.8761 | Kendall@80: 0.7224
Epoch 120/150 | Train Loss: 0.0113 | Epoch Time: 0.15s | Spearman@80: 0.8810 | Kendall@80: 0.7290
Epoch 121/150 | Train Loss: 0.0095 | Epoch Time: 0.15s | Spearman@80: 0.8799 | Kendall@80: 0.7303
Epoch 122/150 | Train Loss: 0.0128 | Epoch Time: 0.14s | Spearman@80: 0.8755 | Kendall@80: 0.7218
Epoch 123/150 | Train Loss: 0.0137 | Epoch Time: 0.15s | Spearman@80: 0.8727 | Kendall@80: 0.7150
Epoch 124/150 | Train Loss: 0.0139 | Epoch Time: 0.15s | Spearman@80: 0.8741 | Kendall@80: 0.7180
Epoch 125/150 | Train Loss: 0.0141 | Epoch Time: 0.15s | Spearman@80: 0.8798 | Kendall@80: 0.7258
Epoch 126/150 | Train Loss: 0.0113 | Epoch Time: 0.14s | Spearman@80: 0.8817 | Kendall@80: 0.7315
Epoch 127/150 | Train Loss: 0.0145 | Epoch Time: 0.15s | Spearman@80: 0.8819 | Kendall@80: 0.7315
Epoch 128/150 | Train Loss: 0.0135 | Epoch Time: 0.16s | Spearman@80: 0.8748 | Kendall@80: 0.7193
Epoch 129/150 | Train Loss: 0.0118 | Epoch Time: 0.15s | Spearman@80: 0.8751 | Kendall@80: 0.7208
Epoch 130/150 | Train Loss: 0.0125 | Epoch Time: 0.15s | Spearman@80: 0.8753 | Kendall@80: 0.7214
Epoch 131/150 | Train Loss: 0.0147 | Epoch Time: 0.15s | Spearman@80: 0.8775 | Kendall@80: 0.7246
Epoch 132/150 | Train Loss: 0.0092 | Epoch Time: 0.15s | Spearman@80: 0.8774 | Kendall@80: 0.7260
Epoch 133/150 | Train Loss: 0.0108 | Epoch Time: 0.14s | Spearman@80: 0.8759 | Kendall@80: 0.7231
Epoch 134/150 | Train Loss: 0.0128 | Epoch Time: 0.16s | Spearman@80: 0.8736 | Kendall@80: 0.7212
Epoch 135/150 | Train Loss: 0.0123 | Epoch Time: 0.16s | Spearman@80: 0.8715 | Kendall@80: 0.7155
Epoch 136/150 | Train Loss: 0.0109 | Epoch Time: 0.16s | Spearman@80: 0.8700 | Kendall@80: 0.7131
Epoch 137/150 | Train Loss: 0.0167 | Epoch Time: 0.15s | Spearman@80: 0.8698 | Kendall@80: 0.7144
Epoch 138/150 | Train Loss: 0.0181 | Epoch Time: 0.16s | Spearman@80: 0.8707 | Kendall@80: 0.7148
Epoch 139/150 | Train Loss: 0.0137 | Epoch Time: 0.16s | Spearman@80: 0.8737 | Kendall@80: 0.7193
Epoch 140/150 | Train Loss: 0.0116 | Epoch Time: 0.15s | Spearman@80: 0.8745 | Kendall@80: 0.7218
Epoch 141/150 | Train Loss: 0.0114 | Epoch Time: 0.16s | Spearman@80: 0.8738 | Kendall@80: 0.7224
Epoch 142/150 | Train Loss: 0.0110 | Epoch Time: 0.15s | Spearman@80: 0.8731 | Kendall@80: 0.7216
Epoch 143/150 | Train Loss: 0.0109 | Epoch Time: 0.16s | Spearman@80: 0.8751 | Kendall@80: 0.7214
Epoch 144/150 | Train Loss: 0.0126 | Epoch Time: 0.15s | Spearman@80: 0.8762 | Kendall@80: 0.7218
Epoch 145/150 | Train Loss: 0.0111 | Epoch Time: 0.15s | Spearman@80: 0.8768 | Kendall@80: 0.7231
Epoch 146/150 | Train Loss: 0.0127 | Epoch Time: 0.15s | Spearman@80: 0.8776 | Kendall@80: 0.7235
Epoch 147/150 | Train Loss: 0.0110 | Epoch Time: 1.01s | Spearman@15560: 0.9002 | Kendall@15560: 0.7470
Epoch 148/150 | Train Loss: 0.0121 | Epoch Time: 1.00s | Spearman@15560: 0.8997 | Kendall@15560: 0.7464
Epoch 149/150 | Train Loss: 0.0104 | Epoch Time: 1.00s | Spearman@15560: 0.8996 | Kendall@15560: 0.7466
Epoch 150/150 | Train Loss: 0.0101 | Epoch Time: 1.03s | Spearman@15560: 0.9007 | Kendall@15560: 0.7480
Sample Count: 64, Spearman: 0.9000645640329973, Kendall: 0.7470061546813688
{64: (0.9000645640329973, 0.7470061546813688),
 128: (0.9232155801140894, 0.7732047612278616)}
Epoch 1/150 | Train Loss: 0.0958 | Epoch Time: 0.29s | Spearman@80: 0.4571 | Kendall@80: 0.3209
Epoch 2/150 | Train Loss: 0.0687 | Epoch Time: 0.29s | Spearman@80: 0.8751 | Kendall@80: 0.6910
Epoch 3/150 | Train Loss: 0.0412 | Epoch Time: 0.30s | Spearman@80: 0.8566 | Kendall@80: 0.6791
Epoch 4/150 | Train Loss: 0.0412 | Epoch Time: 0.32s | Spearman@80: 0.8813 | Kendall@80: 0.7005
Epoch 5/150 | Train Loss: 0.0343 | Epoch Time: 0.31s | Spearman@80: 0.8893 | Kendall@80: 0.7138
Epoch 6/150 | Train Loss: 0.0311 | Epoch Time: 0.31s | Spearman@80: 0.8810 | Kendall@80: 0.7089
Epoch 7/150 | Train Loss: 0.0389 | Epoch Time: 0.32s | Spearman@80: 0.8950 | Kendall@80: 0.7288
Epoch 8/150 | Train Loss: 0.0342 | Epoch Time: 0.31s | Spearman@80: 0.9000 | Kendall@80: 0.7381
Epoch 9/150 | Train Loss: 0.0360 | Epoch Time: 0.32s | Spearman@80: 0.8987 | Kendall@80: 0.7385
Epoch 10/150 | Train Loss: 0.0355 | Epoch Time: 0.31s | Spearman@80: 0.8842 | Kendall@80: 0.7174
Epoch 11/150 | Train Loss: 0.0379 | Epoch Time: 0.32s | Spearman@80: 0.9128 | Kendall@80: 0.7495
Epoch 12/150 | Train Loss: 0.0366 | Epoch Time: 0.32s | Spearman@80: 0.9068 | Kendall@80: 0.7480
Epoch 13/150 | Train Loss: 0.0291 | Epoch Time: 0.31s | Spearman@80: 0.8962 | Kendall@80: 0.7273
Epoch 14/150 | Train Loss: 0.0298 | Epoch Time: 0.32s | Spearman@80: 0.8893 | Kendall@80: 0.7208
Epoch 15/150 | Train Loss: 0.0318 | Epoch Time: 0.31s | Spearman@80: 0.8922 | Kendall@80: 0.7398
Epoch 16/150 | Train Loss: 0.0349 | Epoch Time: 0.30s | Spearman@80: 0.9192 | Kendall@80: 0.7719
Epoch 17/150 | Train Loss: 0.0376 | Epoch Time: 0.32s | Spearman@80: 0.8802 | Kendall@80: 0.7020
Epoch 18/150 | Train Loss: 0.0373 | Epoch Time: 0.32s | Spearman@80: 0.8988 | Kendall@80: 0.7370
Epoch 19/150 | Train Loss: 0.0327 | Epoch Time: 0.31s | Spearman@80: 0.8136 | Kendall@80: 0.6278
Epoch 20/150 | Train Loss: 0.0346 | Epoch Time: 0.31s | Spearman@80: 0.8811 | Kendall@80: 0.7121
Epoch 21/150 | Train Loss: 0.0309 | Epoch Time: 0.32s | Spearman@80: 0.8912 | Kendall@80: 0.7180
Epoch 22/150 | Train Loss: 0.0363 | Epoch Time: 0.31s | Spearman@80: 0.9019 | Kendall@80: 0.7489
Epoch 23/150 | Train Loss: 0.0286 | Epoch Time: 0.31s | Spearman@80: 0.9178 | Kendall@80: 0.7639
Epoch 24/150 | Train Loss: 0.0317 | Epoch Time: 0.29s | Spearman@80: 0.8889 | Kendall@80: 0.7134
Epoch 25/150 | Train Loss: 0.0286 | Epoch Time: 0.29s | Spearman@80: 0.9237 | Kendall@80: 0.7677
Epoch 26/150 | Train Loss: 0.0279 | Epoch Time: 0.30s | Spearman@80: 0.9029 | Kendall@80: 0.7421
Epoch 27/150 | Train Loss: 0.0349 | Epoch Time: 0.30s | Spearman@80: 0.8783 | Kendall@80: 0.7134
Epoch 28/150 | Train Loss: 0.0310 | Epoch Time: 0.30s | Spearman@80: 0.8993 | Kendall@80: 0.7419
Epoch 29/150 | Train Loss: 0.0305 | Epoch Time: 0.30s | Spearman@80: 0.8998 | Kendall@80: 0.7387
Epoch 30/150 | Train Loss: 0.0273 | Epoch Time: 0.31s | Spearman@80: 0.8951 | Kendall@80: 0.7259
Epoch 31/150 | Train Loss: 0.0311 | Epoch Time: 0.29s | Spearman@80: 0.9030 | Kendall@80: 0.7349
Epoch 32/150 | Train Loss: 0.0283 | Epoch Time: 0.30s | Spearman@80: 0.8796 | Kendall@80: 0.7110
Epoch 33/150 | Train Loss: 0.0355 | Epoch Time: 0.30s | Spearman@80: 0.8895 | Kendall@80: 0.7239
Epoch 34/150 | Train Loss: 0.0305 | Epoch Time: 0.29s | Spearman@80: 0.8733 | Kendall@80: 0.6956
Epoch 35/150 | Train Loss: 0.0249 | Epoch Time: 0.31s | Spearman@80: 0.9228 | Kendall@80: 0.7740
Epoch 36/150 | Train Loss: 0.0282 | Epoch Time: 0.32s | Spearman@80: 0.9172 | Kendall@80: 0.7603
Epoch 37/150 | Train Loss: 0.0287 | Epoch Time: 0.31s | Spearman@80: 0.8617 | Kendall@80: 0.6808
Epoch 38/150 | Train Loss: 0.0333 | Epoch Time: 0.31s | Spearman@80: 0.9162 | Kendall@80: 0.7573
Epoch 39/150 | Train Loss: 0.0304 | Epoch Time: 0.31s | Spearman@80: 0.9128 | Kendall@80: 0.7576
Epoch 40/150 | Train Loss: 0.0284 | Epoch Time: 0.31s | Spearman@80: 0.9110 | Kendall@80: 0.7561
Epoch 41/150 | Train Loss: 0.0307 | Epoch Time: 0.32s | Spearman@80: 0.9063 | Kendall@80: 0.7476
Epoch 42/150 | Train Loss: 0.0314 | Epoch Time: 0.31s | Spearman@80: 0.8982 | Kendall@80: 0.7421
Epoch 43/150 | Train Loss: 0.0254 | Epoch Time: 0.31s | Spearman@80: 0.9141 | Kendall@80: 0.7675
Epoch 44/150 | Train Loss: 0.0290 | Epoch Time: 0.31s | Spearman@80: 0.8974 | Kendall@80: 0.7419
Epoch 45/150 | Train Loss: 0.0359 | Epoch Time: 0.30s | Spearman@80: 0.9014 | Kendall@80: 0.7462
Epoch 46/150 | Train Loss: 0.0276 | Epoch Time: 0.30s | Spearman@80: 0.9026 | Kendall@80: 0.7540
Epoch 47/150 | Train Loss: 0.0306 | Epoch Time: 0.31s | Spearman@80: 0.9122 | Kendall@80: 0.7544
Epoch 48/150 | Train Loss: 0.0319 | Epoch Time: 0.30s | Spearman@80: 0.9067 | Kendall@80: 0.7408
Epoch 49/150 | Train Loss: 0.0265 | Epoch Time: 0.29s | Spearman@80: 0.9004 | Kendall@80: 0.7406
Epoch 50/150 | Train Loss: 0.0282 | Epoch Time: 0.30s | Spearman@80: 0.8926 | Kendall@80: 0.7324
Epoch 51/150 | Train Loss: 0.0255 | Epoch Time: 0.29s | Spearman@80: 0.8830 | Kendall@80: 0.7220
Epoch 52/150 | Train Loss: 0.0250 | Epoch Time: 0.30s | Spearman@80: 0.9051 | Kendall@80: 0.7450
Epoch 53/150 | Train Loss: 0.0299 | Epoch Time: 0.30s | Spearman@80: 0.9159 | Kendall@80: 0.7732
Epoch 54/150 | Train Loss: 0.0250 | Epoch Time: 0.29s | Spearman@80: 0.9174 | Kendall@80: 0.7732
Epoch 55/150 | Train Loss: 0.0310 | Epoch Time: 0.29s | Spearman@80: 0.9101 | Kendall@80: 0.7584
Epoch 56/150 | Train Loss: 0.0284 | Epoch Time: 0.30s | Spearman@80: 0.9117 | Kendall@80: 0.7527
Epoch 57/150 | Train Loss: 0.0318 | Epoch Time: 0.29s | Spearman@80: 0.9160 | Kendall@80: 0.7639
Epoch 58/150 | Train Loss: 0.0268 | Epoch Time: 0.32s | Spearman@80: 0.9136 | Kendall@80: 0.7609
Epoch 59/150 | Train Loss: 0.0296 | Epoch Time: 0.31s | Spearman@80: 0.9005 | Kendall@80: 0.7417
Epoch 60/150 | Train Loss: 0.0358 | Epoch Time: 0.32s | Spearman@80: 0.9062 | Kendall@80: 0.7385
Epoch 61/150 | Train Loss: 0.0294 | Epoch Time: 0.31s | Spearman@80: 0.9042 | Kendall@80: 0.7552
Epoch 62/150 | Train Loss: 0.0322 | Epoch Time: 0.31s | Spearman@80: 0.9065 | Kendall@80: 0.7537
Epoch 63/150 | Train Loss: 0.0238 | Epoch Time: 0.29s | Spearman@80: 0.9045 | Kendall@80: 0.7476
Epoch 64/150 | Train Loss: 0.0237 | Epoch Time: 0.30s | Spearman@80: 0.9004 | Kendall@80: 0.7476
Epoch 65/150 | Train Loss: 0.0227 | Epoch Time: 0.31s | Spearman@80: 0.9017 | Kendall@80: 0.7487
Epoch 66/150 | Train Loss: 0.0258 | Epoch Time: 0.31s | Spearman@80: 0.9051 | Kendall@80: 0.7554
Epoch 67/150 | Train Loss: 0.0260 | Epoch Time: 0.29s | Spearman@80: 0.8985 | Kendall@80: 0.7419
Epoch 68/150 | Train Loss: 0.0273 | Epoch Time: 0.29s | Spearman@80: 0.9056 | Kendall@80: 0.7550
Epoch 69/150 | Train Loss: 0.0259 | Epoch Time: 0.31s | Spearman@80: 0.8968 | Kendall@80: 0.7394
Epoch 70/150 | Train Loss: 0.0277 | Epoch Time: 0.31s | Spearman@80: 0.8916 | Kendall@80: 0.7377
Epoch 71/150 | Train Loss: 0.0221 | Epoch Time: 0.31s | Spearman@80: 0.9065 | Kendall@80: 0.7548
Epoch 72/150 | Train Loss: 0.0326 | Epoch Time: 0.31s | Spearman@80: 0.9141 | Kendall@80: 0.7647
Epoch 73/150 | Train Loss: 0.0254 | Epoch Time: 0.29s | Spearman@80: 0.9049 | Kendall@80: 0.7514
Epoch 74/150 | Train Loss: 0.0240 | Epoch Time: 0.29s | Spearman@80: 0.9089 | Kendall@80: 0.7559
Epoch 75/150 | Train Loss: 0.0255 | Epoch Time: 0.30s | Spearman@80: 0.9128 | Kendall@80: 0.7620
Epoch 76/150 | Train Loss: 0.0238 | Epoch Time: 0.31s | Spearman@80: 0.8996 | Kendall@80: 0.7445
Epoch 77/150 | Train Loss: 0.0240 | Epoch Time: 0.31s | Spearman@80: 0.8988 | Kendall@80: 0.7434
Epoch 78/150 | Train Loss: 0.0231 | Epoch Time: 0.30s | Spearman@80: 0.9068 | Kendall@80: 0.7548
Epoch 79/150 | Train Loss: 0.0269 | Epoch Time: 0.29s | Spearman@80: 0.9069 | Kendall@80: 0.7533
Epoch 80/150 | Train Loss: 0.0260 | Epoch Time: 0.29s | Spearman@80: 0.9119 | Kendall@80: 0.7658
Epoch 81/150 | Train Loss: 0.0260 | Epoch Time: 0.29s | Spearman@80: 0.9173 | Kendall@80: 0.7684
Epoch 82/150 | Train Loss: 0.0260 | Epoch Time: 0.28s | Spearman@80: 0.9098 | Kendall@80: 0.7624
Epoch 83/150 | Train Loss: 0.0241 | Epoch Time: 0.29s | Spearman@80: 0.9051 | Kendall@80: 0.7468
Epoch 84/150 | Train Loss: 0.0273 | Epoch Time: 0.29s | Spearman@80: 0.9070 | Kendall@80: 0.7554
Epoch 85/150 | Train Loss: 0.0195 | Epoch Time: 0.30s | Spearman@80: 0.9093 | Kendall@80: 0.7561
Epoch 86/150 | Train Loss: 0.0209 | Epoch Time: 0.30s | Spearman@80: 0.8984 | Kendall@80: 0.7436
Epoch 87/150 | Train Loss: 0.0257 | Epoch Time: 0.31s | Spearman@80: 0.9027 | Kendall@80: 0.7500
Epoch 88/150 | Train Loss: 0.0185 | Epoch Time: 0.33s | Spearman@80: 0.9112 | Kendall@80: 0.7580
Epoch 89/150 | Train Loss: 0.0198 | Epoch Time: 0.30s | Spearman@80: 0.9131 | Kendall@80: 0.7599
Epoch 90/150 | Train Loss: 0.0230 | Epoch Time: 0.29s | Spearman@80: 0.9164 | Kendall@80: 0.7658
Epoch 91/150 | Train Loss: 0.0204 | Epoch Time: 0.31s | Spearman@80: 0.9163 | Kendall@80: 0.7645
Epoch 92/150 | Train Loss: 0.0207 | Epoch Time: 0.32s | Spearman@80: 0.9169 | Kendall@80: 0.7743
Epoch 93/150 | Train Loss: 0.0191 | Epoch Time: 0.30s | Spearman@80: 0.9186 | Kendall@80: 0.7764
Epoch 94/150 | Train Loss: 0.0200 | Epoch Time: 0.30s | Spearman@80: 0.9182 | Kendall@80: 0.7703
Epoch 95/150 | Train Loss: 0.0227 | Epoch Time: 0.29s | Spearman@80: 0.9149 | Kendall@80: 0.7645
Epoch 96/150 | Train Loss: 0.0222 | Epoch Time: 0.29s | Spearman@80: 0.9110 | Kendall@80: 0.7626
Epoch 97/150 | Train Loss: 0.0236 | Epoch Time: 0.30s | Spearman@80: 0.9069 | Kendall@80: 0.7563
Epoch 98/150 | Train Loss: 0.0215 | Epoch Time: 0.30s | Spearman@80: 0.9103 | Kendall@80: 0.7601
Epoch 99/150 | Train Loss: 0.0234 | Epoch Time: 0.29s | Spearman@80: 0.9078 | Kendall@80: 0.7571
Epoch 100/150 | Train Loss: 0.0214 | Epoch Time: 0.30s | Spearman@80: 0.9151 | Kendall@80: 0.7666
Epoch 101/150 | Train Loss: 0.0229 | Epoch Time: 0.29s | Spearman@80: 0.9146 | Kendall@80: 0.7692
Epoch 102/150 | Train Loss: 0.0247 | Epoch Time: 0.29s | Spearman@80: 0.9096 | Kendall@80: 0.7576
Epoch 103/150 | Train Loss: 0.0210 | Epoch Time: 0.30s | Spearman@80: 0.9160 | Kendall@80: 0.7684
Epoch 104/150 | Train Loss: 0.0218 | Epoch Time: 0.29s | Spearman@80: 0.9054 | Kendall@80: 0.7542
Epoch 105/150 | Train Loss: 0.0223 | Epoch Time: 0.31s | Spearman@80: 0.9116 | Kendall@80: 0.7626
Epoch 106/150 | Train Loss: 0.0185 | Epoch Time: 0.31s | Spearman@80: 0.9154 | Kendall@80: 0.7708
Epoch 107/150 | Train Loss: 0.0195 | Epoch Time: 0.32s | Spearman@80: 0.9167 | Kendall@80: 0.7717
Epoch 108/150 | Train Loss: 0.0182 | Epoch Time: 0.31s | Spearman@80: 0.9081 | Kendall@80: 0.7584
Epoch 109/150 | Train Loss: 0.0240 | Epoch Time: 0.31s | Spearman@80: 0.9152 | Kendall@80: 0.7708
Epoch 110/150 | Train Loss: 0.0193 | Epoch Time: 0.31s | Spearman@80: 0.9168 | Kendall@80: 0.7757
Epoch 111/150 | Train Loss: 0.0205 | Epoch Time: 0.31s | Spearman@80: 0.9170 | Kendall@80: 0.7673
Epoch 112/150 | Train Loss: 0.0189 | Epoch Time: 0.32s | Spearman@80: 0.9125 | Kendall@80: 0.7668
Epoch 113/150 | Train Loss: 0.0205 | Epoch Time: 0.32s | Spearman@80: 0.9109 | Kendall@80: 0.7652
Epoch 114/150 | Train Loss: 0.0242 | Epoch Time: 0.31s | Spearman@80: 0.9143 | Kendall@80: 0.7679
Epoch 115/150 | Train Loss: 0.0204 | Epoch Time: 0.31s | Spearman@80: 0.9145 | Kendall@80: 0.7711
Epoch 116/150 | Train Loss: 0.0259 | Epoch Time: 0.31s | Spearman@80: 0.9165 | Kendall@80: 0.7734
Epoch 117/150 | Train Loss: 0.0260 | Epoch Time: 0.30s | Spearman@80: 0.9182 | Kendall@80: 0.7743
Epoch 118/150 | Train Loss: 0.0234 | Epoch Time: 0.30s | Spearman@80: 0.9170 | Kendall@80: 0.7730
Epoch 119/150 | Train Loss: 0.0165 | Epoch Time: 0.30s | Spearman@80: 0.9181 | Kendall@80: 0.7724
Epoch 120/150 | Train Loss: 0.0170 | Epoch Time: 0.29s | Spearman@80: 0.9164 | Kendall@80: 0.7717
Epoch 121/150 | Train Loss: 0.0197 | Epoch Time: 0.30s | Spearman@80: 0.9152 | Kendall@80: 0.7706
Epoch 122/150 | Train Loss: 0.0208 | Epoch Time: 0.31s | Spearman@80: 0.9177 | Kendall@80: 0.7743
Epoch 123/150 | Train Loss: 0.0205 | Epoch Time: 0.30s | Spearman@80: 0.9173 | Kendall@80: 0.7745
Epoch 124/150 | Train Loss: 0.0184 | Epoch Time: 0.30s | Spearman@80: 0.9199 | Kendall@80: 0.7781
Epoch 125/150 | Train Loss: 0.0206 | Epoch Time: 0.29s | Spearman@80: 0.9231 | Kendall@80: 0.7810
Epoch 126/150 | Train Loss: 0.0213 | Epoch Time: 0.30s | Spearman@80: 0.9244 | Kendall@80: 0.7861
Epoch 127/150 | Train Loss: 0.0188 | Epoch Time: 0.29s | Spearman@80: 0.9253 | Kendall@80: 0.7844
Epoch 128/150 | Train Loss: 0.0231 | Epoch Time: 0.30s | Spearman@80: 0.9249 | Kendall@80: 0.7831
Epoch 129/150 | Train Loss: 0.0210 | Epoch Time: 0.29s | Spearman@80: 0.9226 | Kendall@80: 0.7829
Epoch 130/150 | Train Loss: 0.0184 | Epoch Time: 0.30s | Spearman@80: 0.9256 | Kendall@80: 0.7852
Epoch 131/150 | Train Loss: 0.0183 | Epoch Time: 0.30s | Spearman@80: 0.9222 | Kendall@80: 0.7797
Epoch 132/150 | Train Loss: 0.0200 | Epoch Time: 0.29s | Spearman@80: 0.9180 | Kendall@80: 0.7728
Epoch 133/150 | Train Loss: 0.0183 | Epoch Time: 0.30s | Spearman@80: 0.9188 | Kendall@80: 0.7745
Epoch 134/150 | Train Loss: 0.0186 | Epoch Time: 0.30s | Spearman@80: 0.9250 | Kendall@80: 0.7835
Epoch 135/150 | Train Loss: 0.0195 | Epoch Time: 0.29s | Spearman@80: 0.9211 | Kendall@80: 0.7768
Epoch 136/150 | Train Loss: 0.0182 | Epoch Time: 0.29s | Spearman@80: 0.9210 | Kendall@80: 0.7793
Epoch 137/150 | Train Loss: 0.0234 | Epoch Time: 0.30s | Spearman@80: 0.9196 | Kendall@80: 0.7781
Epoch 138/150 | Train Loss: 0.0164 | Epoch Time: 0.30s | Spearman@80: 0.9283 | Kendall@80: 0.7859
Epoch 139/150 | Train Loss: 0.0171 | Epoch Time: 0.29s | Spearman@80: 0.9240 | Kendall@80: 0.7825
Epoch 140/150 | Train Loss: 0.0183 | Epoch Time: 0.32s | Spearman@80: 0.9183 | Kendall@80: 0.7724
Epoch 141/150 | Train Loss: 0.0173 | Epoch Time: 0.32s | Spearman@80: 0.9247 | Kendall@80: 0.7817
Epoch 142/150 | Train Loss: 0.0195 | Epoch Time: 0.32s | Spearman@80: 0.9207 | Kendall@80: 0.7768
Epoch 143/150 | Train Loss: 0.0185 | Epoch Time: 0.31s | Spearman@80: 0.9192 | Kendall@80: 0.7749
Epoch 144/150 | Train Loss: 0.0157 | Epoch Time: 0.32s | Spearman@80: 0.9193 | Kendall@80: 0.7741
Epoch 145/150 | Train Loss: 0.0165 | Epoch Time: 0.31s | Spearman@80: 0.9231 | Kendall@80: 0.7814
Epoch 146/150 | Train Loss: 0.0177 | Epoch Time: 0.32s | Spearman@80: 0.9236 | Kendall@80: 0.7779
Epoch 147/150 | Train Loss: 0.0188 | Epoch Time: 1.20s | Spearman@15496: 0.9360 | Kendall@15496: 0.7979
Epoch 148/150 | Train Loss: 0.0222 | Epoch Time: 1.18s | Spearman@15496: 0.9363 | Kendall@15496: 0.7990
Epoch 149/150 | Train Loss: 0.0204 | Epoch Time: 1.12s | Spearman@15496: 0.9364 | Kendall@15496: 0.7987
Epoch 150/150 | Train Loss: 0.0162 | Epoch Time: 1.18s | Spearman@15496: 0.9357 | Kendall@15496: 0.7984
Sample Count: 128, Spearman: 0.9361143574604227, Kendall: 0.7984730309867563
{64: (0.9000645640329973, 0.7470061546813688),
 128: (0.9361143574604227, 0.7984730309867563)}
Epoch 1/150 | Train Loss: 0.0994 | Epoch Time: 0.14s | Spearman@80: 0.3483 | Kendall@80: 0.2408
Epoch 2/150 | Train Loss: 0.0844 | Epoch Time: 0.15s | Spearman@80: 0.5562 | Kendall@80: 0.3975
Epoch 3/150 | Train Loss: 0.0518 | Epoch Time: 0.14s | Spearman@80: 0.8057 | Kendall@80: 0.6070
Epoch 4/150 | Train Loss: 0.0377 | Epoch Time: 0.15s | Spearman@80: 0.7819 | Kendall@80: 0.5979
Epoch 5/150 | Train Loss: 0.0378 | Epoch Time: 0.15s | Spearman@80: 0.7813 | Kendall@80: 0.5906
Epoch 6/150 | Train Loss: 0.0364 | Epoch Time: 0.15s | Spearman@80: 0.7917 | Kendall@80: 0.6032
Epoch 7/150 | Train Loss: 0.0415 | Epoch Time: 0.15s | Spearman@80: 0.8616 | Kendall@80: 0.6779
Epoch 8/150 | Train Loss: 0.0340 | Epoch Time: 0.16s | Spearman@80: 0.8782 | Kendall@80: 0.6946
Epoch 9/150 | Train Loss: 0.0382 | Epoch Time: 0.15s | Spearman@80: 0.8680 | Kendall@80: 0.6804
Epoch 10/150 | Train Loss: 0.0278 | Epoch Time: 0.15s | Spearman@80: 0.8886 | Kendall@80: 0.7073
Epoch 11/150 | Train Loss: 0.0266 | Epoch Time: 0.16s | Spearman@80: 0.8873 | Kendall@80: 0.7090
Epoch 12/150 | Train Loss: 0.0266 | Epoch Time: 0.16s | Spearman@80: 0.8772 | Kendall@80: 0.6965
Epoch 13/150 | Train Loss: 0.0269 | Epoch Time: 0.15s | Spearman@80: 0.8881 | Kendall@80: 0.7066
Epoch 14/150 | Train Loss: 0.0351 | Epoch Time: 0.15s | Spearman@80: 0.9032 | Kendall@80: 0.7383
Epoch 15/150 | Train Loss: 0.0325 | Epoch Time: 0.15s | Spearman@80: 0.8835 | Kendall@80: 0.7117
Epoch 16/150 | Train Loss: 0.0261 | Epoch Time: 0.16s | Spearman@80: 0.8972 | Kendall@80: 0.7197
Epoch 17/150 | Train Loss: 0.0292 | Epoch Time: 0.16s | Spearman@80: 0.8794 | Kendall@80: 0.6984
Epoch 18/150 | Train Loss: 0.0379 | Epoch Time: 0.16s | Spearman@80: 0.9025 | Kendall@80: 0.7458
Epoch 19/150 | Train Loss: 0.0313 | Epoch Time: 0.16s | Spearman@80: 0.9009 | Kendall@80: 0.7426
Epoch 20/150 | Train Loss: 0.0273 | Epoch Time: 0.15s | Spearman@80: 0.8738 | Kendall@80: 0.7003
Epoch 21/150 | Train Loss: 0.0240 | Epoch Time: 0.15s | Spearman@80: 0.9032 | Kendall@80: 0.7381
Epoch 22/150 | Train Loss: 0.0227 | Epoch Time: 0.16s | Spearman@80: 0.9009 | Kendall@80: 0.7371
Epoch 23/150 | Train Loss: 0.0252 | Epoch Time: 0.16s | Spearman@80: 0.9035 | Kendall@80: 0.7441
Epoch 24/150 | Train Loss: 0.0223 | Epoch Time: 0.16s | Spearman@80: 0.9039 | Kendall@80: 0.7523
Epoch 25/150 | Train Loss: 0.0248 | Epoch Time: 0.16s | Spearman@80: 0.9102 | Kendall@80: 0.7584
Epoch 26/150 | Train Loss: 0.0248 | Epoch Time: 0.14s | Spearman@80: 0.9144 | Kendall@80: 0.7688
Epoch 27/150 | Train Loss: 0.0284 | Epoch Time: 0.14s | Spearman@80: 0.9089 | Kendall@80: 0.7546
Epoch 28/150 | Train Loss: 0.0228 | Epoch Time: 0.16s | Spearman@80: 0.9100 | Kendall@80: 0.7661
Epoch 29/150 | Train Loss: 0.0231 | Epoch Time: 0.16s | Spearman@80: 0.8998 | Kendall@80: 0.7485
Epoch 30/150 | Train Loss: 0.0241 | Epoch Time: 0.15s | Spearman@80: 0.9020 | Kendall@80: 0.7498
Epoch 31/150 | Train Loss: 0.0291 | Epoch Time: 0.15s | Spearman@80: 0.8883 | Kendall@80: 0.7219
Epoch 32/150 | Train Loss: 0.0372 | Epoch Time: 0.14s | Spearman@80: 0.9043 | Kendall@80: 0.7409
Epoch 33/150 | Train Loss: 0.0268 | Epoch Time: 0.15s | Spearman@80: 0.8998 | Kendall@80: 0.7324
Epoch 34/150 | Train Loss: 0.0247 | Epoch Time: 0.15s | Spearman@80: 0.9052 | Kendall@80: 0.7422
Epoch 35/150 | Train Loss: 0.0269 | Epoch Time: 0.15s | Spearman@80: 0.9023 | Kendall@80: 0.7420
Epoch 36/150 | Train Loss: 0.0206 | Epoch Time: 0.15s | Spearman@80: 0.9104 | Kendall@80: 0.7572
Epoch 37/150 | Train Loss: 0.0194 | Epoch Time: 0.15s | Spearman@80: 0.9104 | Kendall@80: 0.7567
Epoch 38/150 | Train Loss: 0.0257 | Epoch Time: 0.15s | Spearman@80: 0.8984 | Kendall@80: 0.7343
Epoch 39/150 | Train Loss: 0.0177 | Epoch Time: 0.15s | Spearman@80: 0.8978 | Kendall@80: 0.7390
Epoch 40/150 | Train Loss: 0.0264 | Epoch Time: 0.15s | Spearman@80: 0.8670 | Kendall@80: 0.6874
Epoch 41/150 | Train Loss: 0.0341 | Epoch Time: 0.15s | Spearman@80: 0.8919 | Kendall@80: 0.7187
Epoch 42/150 | Train Loss: 0.0226 | Epoch Time: 0.15s | Spearman@80: 0.9001 | Kendall@80: 0.7333
Epoch 43/150 | Train Loss: 0.0187 | Epoch Time: 0.16s | Spearman@80: 0.9000 | Kendall@80: 0.7318
Epoch 44/150 | Train Loss: 0.0204 | Epoch Time: 0.16s | Spearman@80: 0.9150 | Kendall@80: 0.7623
Epoch 45/150 | Train Loss: 0.0257 | Epoch Time: 0.16s | Spearman@80: 0.9004 | Kendall@80: 0.7422
Epoch 46/150 | Train Loss: 0.0274 | Epoch Time: 0.15s | Spearman@80: 0.9033 | Kendall@80: 0.7515
Epoch 47/150 | Train Loss: 0.0272 | Epoch Time: 0.16s | Spearman@80: 0.8944 | Kendall@80: 0.7394
Epoch 48/150 | Train Loss: 0.0234 | Epoch Time: 0.16s | Spearman@80: 0.9018 | Kendall@80: 0.7415
Epoch 49/150 | Train Loss: 0.0203 | Epoch Time: 0.16s | Spearman@80: 0.9134 | Kendall@80: 0.7567
Epoch 50/150 | Train Loss: 0.0288 | Epoch Time: 0.16s | Spearman@80: 0.9075 | Kendall@80: 0.7517
Epoch 51/150 | Train Loss: 0.0240 | Epoch Time: 0.16s | Spearman@80: 0.9061 | Kendall@80: 0.7479
Epoch 52/150 | Train Loss: 0.0228 | Epoch Time: 0.16s | Spearman@80: 0.9132 | Kendall@80: 0.7580
Epoch 53/150 | Train Loss: 0.0217 | Epoch Time: 0.16s | Spearman@80: 0.9104 | Kendall@80: 0.7561
Epoch 54/150 | Train Loss: 0.0256 | Epoch Time: 0.15s | Spearman@80: 0.9083 | Kendall@80: 0.7517
Epoch 55/150 | Train Loss: 0.0212 | Epoch Time: 0.16s | Spearman@80: 0.9160 | Kendall@80: 0.7648
Epoch 56/150 | Train Loss: 0.0216 | Epoch Time: 0.15s | Spearman@80: 0.9067 | Kendall@80: 0.7515
Epoch 57/150 | Train Loss: 0.0175 | Epoch Time: 0.16s | Spearman@80: 0.9192 | Kendall@80: 0.7732
Epoch 58/150 | Train Loss: 0.0145 | Epoch Time: 0.15s | Spearman@80: 0.9143 | Kendall@80: 0.7667
Epoch 59/150 | Train Loss: 0.0204 | Epoch Time: 0.16s | Spearman@80: 0.9206 | Kendall@80: 0.7688
Epoch 60/150 | Train Loss: 0.0198 | Epoch Time: 0.15s | Spearman@80: 0.9144 | Kendall@80: 0.7694
Epoch 61/150 | Train Loss: 0.0197 | Epoch Time: 0.16s | Spearman@80: 0.9126 | Kendall@80: 0.7661
Epoch 62/150 | Train Loss: 0.0142 | Epoch Time: 0.16s | Spearman@80: 0.9174 | Kendall@80: 0.7701
Epoch 63/150 | Train Loss: 0.0185 | Epoch Time: 0.16s | Spearman@80: 0.9227 | Kendall@80: 0.7807
Epoch 64/150 | Train Loss: 0.0182 | Epoch Time: 0.16s | Spearman@80: 0.9171 | Kendall@80: 0.7692
Epoch 65/150 | Train Loss: 0.0151 | Epoch Time: 0.16s | Spearman@80: 0.9181 | Kendall@80: 0.7661
Epoch 66/150 | Train Loss: 0.0245 | Epoch Time: 0.15s | Spearman@80: 0.9251 | Kendall@80: 0.7758
Epoch 67/150 | Train Loss: 0.0213 | Epoch Time: 0.16s | Spearman@80: 0.9130 | Kendall@80: 0.7565
Epoch 68/150 | Train Loss: 0.0180 | Epoch Time: 0.16s | Spearman@80: 0.9169 | Kendall@80: 0.7720
Epoch 69/150 | Train Loss: 0.0214 | Epoch Time: 0.16s | Spearman@80: 0.9171 | Kendall@80: 0.7675
Epoch 70/150 | Train Loss: 0.0199 | Epoch Time: 0.16s | Spearman@80: 0.9137 | Kendall@80: 0.7656
Epoch 71/150 | Train Loss: 0.0199 | Epoch Time: 0.16s | Spearman@80: 0.9204 | Kendall@80: 0.7768
Epoch 72/150 | Train Loss: 0.0222 | Epoch Time: 0.16s | Spearman@80: 0.9200 | Kendall@80: 0.7764
Epoch 73/150 | Train Loss: 0.0187 | Epoch Time: 0.15s | Spearman@80: 0.9228 | Kendall@80: 0.7745
Epoch 74/150 | Train Loss: 0.0138 | Epoch Time: 0.15s | Spearman@80: 0.9240 | Kendall@80: 0.7789
Epoch 75/150 | Train Loss: 0.0146 | Epoch Time: 0.15s | Spearman@80: 0.9156 | Kendall@80: 0.7688
Epoch 76/150 | Train Loss: 0.0192 | Epoch Time: 0.14s | Spearman@80: 0.9142 | Kendall@80: 0.7625
Epoch 77/150 | Train Loss: 0.0199 | Epoch Time: 0.15s | Spearman@80: 0.9331 | Kendall@80: 0.7927
Epoch 78/150 | Train Loss: 0.0162 | Epoch Time: 0.15s | Spearman@80: 0.9322 | Kendall@80: 0.7902
Epoch 79/150 | Train Loss: 0.0127 | Epoch Time: 0.15s | Spearman@80: 0.9272 | Kendall@80: 0.7813
Epoch 80/150 | Train Loss: 0.0184 | Epoch Time: 0.14s | Spearman@80: 0.9283 | Kendall@80: 0.7840
Epoch 81/150 | Train Loss: 0.0151 | Epoch Time: 0.15s | Spearman@80: 0.9328 | Kendall@80: 0.7864
Epoch 82/150 | Train Loss: 0.0182 | Epoch Time: 0.15s | Spearman@80: 0.9336 | Kendall@80: 0.7897
Epoch 83/150 | Train Loss: 0.0167 | Epoch Time: 0.15s | Spearman@80: 0.9309 | Kendall@80: 0.7878
Epoch 84/150 | Train Loss: 0.0159 | Epoch Time: 0.14s | Spearman@80: 0.9311 | Kendall@80: 0.7872
Epoch 85/150 | Train Loss: 0.0172 | Epoch Time: 0.15s | Spearman@80: 0.9348 | Kendall@80: 0.7971
Epoch 86/150 | Train Loss: 0.0116 | Epoch Time: 0.16s | Spearman@80: 0.9343 | Kendall@80: 0.7961
Epoch 87/150 | Train Loss: 0.0217 | Epoch Time: 0.16s | Spearman@80: 0.9292 | Kendall@80: 0.7897
Epoch 88/150 | Train Loss: 0.0220 | Epoch Time: 0.15s | Spearman@80: 0.9127 | Kendall@80: 0.7574
Epoch 89/150 | Train Loss: 0.0204 | Epoch Time: 0.15s | Spearman@80: 0.9386 | Kendall@80: 0.8005
Epoch 90/150 | Train Loss: 0.0145 | Epoch Time: 0.16s | Spearman@80: 0.9342 | Kendall@80: 0.7980
Epoch 91/150 | Train Loss: 0.0211 | Epoch Time: 0.16s | Spearman@80: 0.9238 | Kendall@80: 0.7726
Epoch 92/150 | Train Loss: 0.0181 | Epoch Time: 0.15s | Spearman@80: 0.9264 | Kendall@80: 0.7789
Epoch 93/150 | Train Loss: 0.0128 | Epoch Time: 0.15s | Spearman@80: 0.9261 | Kendall@80: 0.7775
Epoch 94/150 | Train Loss: 0.0203 | Epoch Time: 0.15s | Spearman@80: 0.9396 | Kendall@80: 0.7997
Epoch 95/150 | Train Loss: 0.0147 | Epoch Time: 0.15s | Spearman@80: 0.9394 | Kendall@80: 0.8011
Epoch 96/150 | Train Loss: 0.0163 | Epoch Time: 0.16s | Spearman@80: 0.9354 | Kendall@80: 0.7980
Epoch 97/150 | Train Loss: 0.0179 | Epoch Time: 0.15s | Spearman@80: 0.9323 | Kendall@80: 0.7940
Epoch 98/150 | Train Loss: 0.0185 | Epoch Time: 0.16s | Spearman@80: 0.9292 | Kendall@80: 0.7864
Epoch 99/150 | Train Loss: 0.0164 | Epoch Time: 0.15s | Spearman@80: 0.9326 | Kendall@80: 0.7948
Epoch 100/150 | Train Loss: 0.0231 | Epoch Time: 0.15s | Spearman@80: 0.9356 | Kendall@80: 0.7935
Epoch 101/150 | Train Loss: 0.0164 | Epoch Time: 0.15s | Spearman@80: 0.9379 | Kendall@80: 0.7997
Epoch 102/150 | Train Loss: 0.0105 | Epoch Time: 0.14s | Spearman@80: 0.9318 | Kendall@80: 0.7908
Epoch 103/150 | Train Loss: 0.0116 | Epoch Time: 0.15s | Spearman@80: 0.9345 | Kendall@80: 0.7942
Epoch 104/150 | Train Loss: 0.0156 | Epoch Time: 0.14s | Spearman@80: 0.9369 | Kendall@80: 0.7973
Epoch 105/150 | Train Loss: 0.0128 | Epoch Time: 0.15s | Spearman@80: 0.9393 | Kendall@80: 0.8016
Epoch 106/150 | Train Loss: 0.0198 | Epoch Time: 0.15s | Spearman@80: 0.9220 | Kendall@80: 0.7756
Epoch 107/150 | Train Loss: 0.0191 | Epoch Time: 0.15s | Spearman@80: 0.9291 | Kendall@80: 0.7866
Epoch 108/150 | Train Loss: 0.0167 | Epoch Time: 0.15s | Spearman@80: 0.9337 | Kendall@80: 0.7942
Epoch 109/150 | Train Loss: 0.0131 | Epoch Time: 0.16s | Spearman@80: 0.9315 | Kendall@80: 0.7908
Epoch 110/150 | Train Loss: 0.0162 | Epoch Time: 0.16s | Spearman@80: 0.9340 | Kendall@80: 0.7959
Epoch 111/150 | Train Loss: 0.0180 | Epoch Time: 0.16s | Spearman@80: 0.9366 | Kendall@80: 0.7980
Epoch 112/150 | Train Loss: 0.0139 | Epoch Time: 0.16s | Spearman@80: 0.9329 | Kendall@80: 0.7933
Epoch 113/150 | Train Loss: 0.0169 | Epoch Time: 0.15s | Spearman@80: 0.9346 | Kendall@80: 0.7942
Epoch 114/150 | Train Loss: 0.0204 | Epoch Time: 0.15s | Spearman@80: 0.9363 | Kendall@80: 0.7954
Epoch 115/150 | Train Loss: 0.0089 | Epoch Time: 0.15s | Spearman@80: 0.9361 | Kendall@80: 0.7942
Epoch 116/150 | Train Loss: 0.0095 | Epoch Time: 0.15s | Spearman@80: 0.9374 | Kendall@80: 0.7991
Epoch 117/150 | Train Loss: 0.0105 | Epoch Time: 0.15s | Spearman@80: 0.9375 | Kendall@80: 0.7991
Epoch 118/150 | Train Loss: 0.0095 | Epoch Time: 0.15s | Spearman@80: 0.9362 | Kendall@80: 0.7927
Epoch 119/150 | Train Loss: 0.0124 | Epoch Time: 0.14s | Spearman@80: 0.9390 | Kendall@80: 0.8029
Epoch 120/150 | Train Loss: 0.0147 | Epoch Time: 0.15s | Spearman@80: 0.9400 | Kendall@80: 0.8041
Epoch 121/150 | Train Loss: 0.0072 | Epoch Time: 0.16s | Spearman@80: 0.9371 | Kendall@80: 0.7980
Epoch 122/150 | Train Loss: 0.0109 | Epoch Time: 0.16s | Spearman@80: 0.9345 | Kendall@80: 0.7961
Epoch 123/150 | Train Loss: 0.0142 | Epoch Time: 0.15s | Spearman@80: 0.9377 | Kendall@80: 0.8010
Epoch 124/150 | Train Loss: 0.0116 | Epoch Time: 0.14s | Spearman@80: 0.9373 | Kendall@80: 0.8011
Epoch 125/150 | Train Loss: 0.0088 | Epoch Time: 0.16s | Spearman@80: 0.9356 | Kendall@80: 0.7954
Epoch 126/150 | Train Loss: 0.0076 | Epoch Time: 0.16s | Spearman@80: 0.9401 | Kendall@80: 0.8041
Epoch 127/150 | Train Loss: 0.0094 | Epoch Time: 0.16s | Spearman@80: 0.9401 | Kendall@80: 0.8056
Epoch 128/150 | Train Loss: 0.0110 | Epoch Time: 0.17s | Spearman@80: 0.9401 | Kendall@80: 0.8035
Epoch 129/150 | Train Loss: 0.0097 | Epoch Time: 0.15s | Spearman@80: 0.9374 | Kendall@80: 0.7991
Epoch 130/150 | Train Loss: 0.0124 | Epoch Time: 0.16s | Spearman@80: 0.9352 | Kendall@80: 0.7992
Epoch 131/150 | Train Loss: 0.0108 | Epoch Time: 0.16s | Spearman@80: 0.9337 | Kendall@80: 0.7946
Epoch 132/150 | Train Loss: 0.0138 | Epoch Time: 0.14s | Spearman@80: 0.9362 | Kendall@80: 0.7978
Epoch 133/150 | Train Loss: 0.0106 | Epoch Time: 0.15s | Spearman@80: 0.9371 | Kendall@80: 0.7986
Epoch 134/150 | Train Loss: 0.0149 | Epoch Time: 0.15s | Spearman@80: 0.9379 | Kendall@80: 0.8016
Epoch 135/150 | Train Loss: 0.0144 | Epoch Time: 0.15s | Spearman@80: 0.9376 | Kendall@80: 0.7997
Epoch 136/150 | Train Loss: 0.0162 | Epoch Time: 0.14s | Spearman@80: 0.9390 | Kendall@80: 0.8016
Epoch 137/150 | Train Loss: 0.0100 | Epoch Time: 0.15s | Spearman@80: 0.9391 | Kendall@80: 0.8030
Epoch 138/150 | Train Loss: 0.0132 | Epoch Time: 0.15s | Spearman@80: 0.9378 | Kendall@80: 0.8011
Epoch 139/150 | Train Loss: 0.0091 | Epoch Time: 0.15s | Spearman@80: 0.9379 | Kendall@80: 0.8003
Epoch 140/150 | Train Loss: 0.0117 | Epoch Time: 0.14s | Spearman@80: 0.9384 | Kendall@80: 0.8016
Epoch 141/150 | Train Loss: 0.0122 | Epoch Time: 0.15s | Spearman@80: 0.9388 | Kendall@80: 0.8018
Epoch 142/150 | Train Loss: 0.0160 | Epoch Time: 0.15s | Spearman@80: 0.9395 | Kendall@80: 0.8029
Epoch 143/150 | Train Loss: 0.0115 | Epoch Time: 0.15s | Spearman@80: 0.9391 | Kendall@80: 0.8022
Epoch 144/150 | Train Loss: 0.0084 | Epoch Time: 0.15s | Spearman@80: 0.9401 | Kendall@80: 0.8056
Epoch 145/150 | Train Loss: 0.0095 | Epoch Time: 0.15s | Spearman@80: 0.9399 | Kendall@80: 0.8030
Epoch 146/150 | Train Loss: 0.0122 | Epoch Time: 0.15s | Spearman@80: 0.9403 | Kendall@80: 0.8056
Epoch 147/150 | Train Loss: 0.0103 | Epoch Time: 0.97s | Spearman@15560: 0.9333 | Kendall@15560: 0.7907
Epoch 148/150 | Train Loss: 0.0150 | Epoch Time: 1.10s | Spearman@15560: 0.9332 | Kendall@15560: 0.7908
Epoch 149/150 | Train Loss: 0.0145 | Epoch Time: 0.95s | Spearman@15560: 0.9326 | Kendall@15560: 0.7899
Epoch 150/150 | Train Loss: 0.0116 | Epoch Time: 0.95s | Spearman@15560: 0.9328 | Kendall@15560: 0.7902
Sample Count: 64, Spearman: 0.9329833035002971, Kendall: 0.7903913257452071
{64: (0.9329833035002971, 0.7903913257452071),
 128: (0.9361143574604227, 0.7984730309867563)}
Epoch 1/150 | Train Loss: 0.0836 | Epoch Time: 0.31s | Spearman@80: 0.5841 | Kendall@80: 0.4141
Epoch 2/150 | Train Loss: 0.0554 | Epoch Time: 0.32s | Spearman@80: 0.8502 | Kendall@80: 0.6817
Epoch 3/150 | Train Loss: 0.0471 | Epoch Time: 0.29s | Spearman@80: 0.8544 | Kendall@80: 0.6938
Epoch 4/150 | Train Loss: 0.0362 | Epoch Time: 0.30s | Spearman@80: 0.8831 | Kendall@80: 0.7122
Epoch 5/150 | Train Loss: 0.0429 | Epoch Time: 0.31s | Spearman@80: 0.8737 | Kendall@80: 0.7095
Epoch 6/150 | Train Loss: 0.0399 | Epoch Time: 0.32s | Spearman@80: 0.8845 | Kendall@80: 0.7110
Epoch 7/150 | Train Loss: 0.0311 | Epoch Time: 0.31s | Spearman@80: 0.9101 | Kendall@80: 0.7516
Epoch 8/150 | Train Loss: 0.0363 | Epoch Time: 0.32s | Spearman@80: 0.9023 | Kendall@80: 0.7383
Epoch 9/150 | Train Loss: 0.0399 | Epoch Time: 0.32s | Spearman@80: 0.9143 | Kendall@80: 0.7622
Epoch 10/150 | Train Loss: 0.0296 | Epoch Time: 0.30s | Spearman@80: 0.8989 | Kendall@80: 0.7423
Epoch 11/150 | Train Loss: 0.0355 | Epoch Time: 0.30s | Spearman@80: 0.8937 | Kendall@80: 0.7334
Epoch 12/150 | Train Loss: 0.0363 | Epoch Time: 0.29s | Spearman@80: 0.8679 | Kendall@80: 0.6919
Epoch 13/150 | Train Loss: 0.0382 | Epoch Time: 0.29s | Spearman@80: 0.8795 | Kendall@80: 0.7135
Epoch 14/150 | Train Loss: 0.0451 | Epoch Time: 0.32s | Spearman@80: 0.8357 | Kendall@80: 0.6353
Epoch 15/150 | Train Loss: 0.0390 | Epoch Time: 0.31s | Spearman@80: 0.9006 | Kendall@80: 0.7415
Epoch 16/150 | Train Loss: 0.0315 | Epoch Time: 0.31s | Spearman@80: 0.8959 | Kendall@80: 0.7429
Epoch 17/150 | Train Loss: 0.0362 | Epoch Time: 0.30s | Spearman@80: 0.9073 | Kendall@80: 0.7517
Epoch 18/150 | Train Loss: 0.0377 | Epoch Time: 0.29s | Spearman@80: 0.8923 | Kendall@80: 0.7272
Epoch 19/150 | Train Loss: 0.0355 | Epoch Time: 0.31s | Spearman@80: 0.9129 | Kendall@80: 0.7584
Epoch 20/150 | Train Loss: 0.0408 | Epoch Time: 0.31s | Spearman@80: 0.9141 | Kendall@80: 0.7684
Epoch 21/150 | Train Loss: 0.0346 | Epoch Time: 0.30s | Spearman@80: 0.9034 | Kendall@80: 0.7487
Epoch 22/150 | Train Loss: 0.0322 | Epoch Time: 0.32s | Spearman@80: 0.8965 | Kendall@80: 0.7408
Epoch 23/150 | Train Loss: 0.0323 | Epoch Time: 0.30s | Spearman@80: 0.8969 | Kendall@80: 0.7349
Epoch 24/150 | Train Loss: 0.0314 | Epoch Time: 0.30s | Spearman@80: 0.8932 | Kendall@80: 0.7161
Epoch 25/150 | Train Loss: 0.0319 | Epoch Time: 0.31s | Spearman@80: 0.8996 | Kendall@80: 0.7372
Epoch 26/150 | Train Loss: 0.0303 | Epoch Time: 0.31s | Spearman@80: 0.9103 | Kendall@80: 0.7559
Epoch 27/150 | Train Loss: 0.0271 | Epoch Time: 0.30s | Spearman@80: 0.9101 | Kendall@80: 0.7529
Epoch 28/150 | Train Loss: 0.0276 | Epoch Time: 0.31s | Spearman@80: 0.8952 | Kendall@80: 0.7376
Epoch 29/150 | Train Loss: 0.0308 | Epoch Time: 0.31s | Spearman@80: 0.9036 | Kendall@80: 0.7510
Epoch 30/150 | Train Loss: 0.0301 | Epoch Time: 0.30s | Spearman@80: 0.9125 | Kendall@80: 0.7593
Epoch 31/150 | Train Loss: 0.0315 | Epoch Time: 0.30s | Spearman@80: 0.9017 | Kendall@80: 0.7478
Epoch 32/150 | Train Loss: 0.0341 | Epoch Time: 0.29s | Spearman@80: 0.8963 | Kendall@80: 0.7334
Epoch 33/150 | Train Loss: 0.0373 | Epoch Time: 0.30s | Spearman@80: 0.9062 | Kendall@80: 0.7504
Epoch 34/150 | Train Loss: 0.0309 | Epoch Time: 0.30s | Spearman@80: 0.8891 | Kendall@80: 0.7230
Epoch 35/150 | Train Loss: 0.0331 | Epoch Time: 0.31s | Spearman@80: 0.9033 | Kendall@80: 0.7421
Epoch 36/150 | Train Loss: 0.0318 | Epoch Time: 0.31s | Spearman@80: 0.8983 | Kendall@80: 0.7402
Epoch 37/150 | Train Loss: 0.0297 | Epoch Time: 0.33s | Spearman@80: 0.9091 | Kendall@80: 0.7624
Epoch 38/150 | Train Loss: 0.0342 | Epoch Time: 0.30s | Spearman@80: 0.8913 | Kendall@80: 0.7269
Epoch 39/150 | Train Loss: 0.0264 | Epoch Time: 0.32s | Spearman@80: 0.8962 | Kendall@80: 0.7332
Epoch 40/150 | Train Loss: 0.0326 | Epoch Time: 0.32s | Spearman@80: 0.8987 | Kendall@80: 0.7347
Epoch 41/150 | Train Loss: 0.0346 | Epoch Time: 0.31s | Spearman@80: 0.8886 | Kendall@80: 0.7220
Epoch 42/150 | Train Loss: 0.0340 | Epoch Time: 0.30s | Spearman@80: 0.8814 | Kendall@80: 0.7188
Epoch 43/150 | Train Loss: 0.0289 | Epoch Time: 0.31s | Spearman@80: 0.8909 | Kendall@80: 0.7360
Epoch 44/150 | Train Loss: 0.0261 | Epoch Time: 0.31s | Spearman@80: 0.8930 | Kendall@80: 0.7345
Epoch 45/150 | Train Loss: 0.0292 | Epoch Time: 0.31s | Spearman@80: 0.8946 | Kendall@80: 0.7326
Epoch 46/150 | Train Loss: 0.0333 | Epoch Time: 0.29s | Spearman@80: 0.8930 | Kendall@80: 0.7294
Epoch 47/150 | Train Loss: 0.0263 | Epoch Time: 0.30s | Spearman@80: 0.8895 | Kendall@80: 0.7326
Epoch 48/150 | Train Loss: 0.0268 | Epoch Time: 0.31s | Spearman@80: 0.8901 | Kendall@80: 0.7332
Epoch 49/150 | Train Loss: 0.0292 | Epoch Time: 0.31s | Spearman@80: 0.9036 | Kendall@80: 0.7440
Epoch 50/150 | Train Loss: 0.0279 | Epoch Time: 0.31s | Spearman@80: 0.8832 | Kendall@80: 0.7201
Epoch 51/150 | Train Loss: 0.0332 | Epoch Time: 0.31s | Spearman@80: 0.8720 | Kendall@80: 0.7033
Epoch 52/150 | Train Loss: 0.0291 | Epoch Time: 0.30s | Spearman@80: 0.9092 | Kendall@80: 0.7608
Epoch 53/150 | Train Loss: 0.0300 | Epoch Time: 0.29s | Spearman@80: 0.8986 | Kendall@80: 0.7465
Epoch 54/150 | Train Loss: 0.0222 | Epoch Time: 0.30s | Spearman@80: 0.8976 | Kendall@80: 0.7460
Epoch 55/150 | Train Loss: 0.0292 | Epoch Time: 0.30s | Spearman@80: 0.8955 | Kendall@80: 0.7379
Epoch 56/150 | Train Loss: 0.0291 | Epoch Time: 0.31s | Spearman@80: 0.8869 | Kendall@80: 0.7273
Epoch 57/150 | Train Loss: 0.0253 | Epoch Time: 0.30s | Spearman@80: 0.8483 | Kendall@80: 0.6762
Epoch 58/150 | Train Loss: 0.0298 | Epoch Time: 0.30s | Spearman@80: 0.9054 | Kendall@80: 0.7491
Epoch 59/150 | Train Loss: 0.0279 | Epoch Time: 0.29s | Spearman@80: 0.8909 | Kendall@80: 0.7347
Epoch 60/150 | Train Loss: 0.0332 | Epoch Time: 0.29s | Spearman@80: 0.8644 | Kendall@80: 0.7033
Epoch 61/150 | Train Loss: 0.0304 | Epoch Time: 0.29s | Spearman@80: 0.9068 | Kendall@80: 0.7574
Epoch 62/150 | Train Loss: 0.0292 | Epoch Time: 0.29s | Spearman@80: 0.9164 | Kendall@80: 0.7625
Epoch 63/150 | Train Loss: 0.0268 | Epoch Time: 0.30s | Spearman@80: 0.8943 | Kendall@80: 0.7417
Epoch 64/150 | Train Loss: 0.0294 | Epoch Time: 0.29s | Spearman@80: 0.8911 | Kendall@80: 0.7364
Epoch 65/150 | Train Loss: 0.0301 | Epoch Time: 0.29s | Spearman@80: 0.9139 | Kendall@80: 0.7659
Epoch 66/150 | Train Loss: 0.0292 | Epoch Time: 0.29s | Spearman@80: 0.8977 | Kendall@80: 0.7489
Epoch 67/150 | Train Loss: 0.0260 | Epoch Time: 0.29s | Spearman@80: 0.9124 | Kendall@80: 0.7663
Epoch 68/150 | Train Loss: 0.0284 | Epoch Time: 0.31s | Spearman@80: 0.9064 | Kendall@80: 0.7502
Epoch 69/150 | Train Loss: 0.0324 | Epoch Time: 0.32s | Spearman@80: 0.8737 | Kendall@80: 0.7048
Epoch 70/150 | Train Loss: 0.0321 | Epoch Time: 0.30s | Spearman@80: 0.8647 | Kendall@80: 0.6970
Epoch 71/150 | Train Loss: 0.0256 | Epoch Time: 0.32s | Spearman@80: 0.9028 | Kendall@80: 0.7417
Epoch 72/150 | Train Loss: 0.0238 | Epoch Time: 0.32s | Spearman@80: 0.8822 | Kendall@80: 0.7122
Epoch 73/150 | Train Loss: 0.0245 | Epoch Time: 0.31s | Spearman@80: 0.8639 | Kendall@80: 0.6982
Epoch 74/150 | Train Loss: 0.0292 | Epoch Time: 0.32s | Spearman@80: 0.8513 | Kendall@80: 0.6790
Epoch 75/150 | Train Loss: 0.0274 | Epoch Time: 0.31s | Spearman@80: 0.8699 | Kendall@80: 0.6983
Epoch 76/150 | Train Loss: 0.0264 | Epoch Time: 0.31s | Spearman@80: 0.8991 | Kendall@80: 0.7361
Epoch 77/150 | Train Loss: 0.0305 | Epoch Time: 0.31s | Spearman@80: 0.8902 | Kendall@80: 0.7218
Epoch 78/150 | Train Loss: 0.0263 | Epoch Time: 0.32s | Spearman@80: 0.8598 | Kendall@80: 0.6900
Epoch 79/150 | Train Loss: 0.0256 | Epoch Time: 0.33s | Spearman@80: 0.8548 | Kendall@80: 0.6860
Epoch 80/150 | Train Loss: 0.0226 | Epoch Time: 0.32s | Spearman@80: 0.9052 | Kendall@80: 0.7466
Epoch 81/150 | Train Loss: 0.0257 | Epoch Time: 0.32s | Spearman@80: 0.8759 | Kendall@80: 0.7129
Epoch 82/150 | Train Loss: 0.0240 | Epoch Time: 0.31s | Spearman@80: 0.8861 | Kendall@80: 0.7165
Epoch 83/150 | Train Loss: 0.0227 | Epoch Time: 0.29s | Spearman@80: 0.8891 | Kendall@80: 0.7247
Epoch 84/150 | Train Loss: 0.0260 | Epoch Time: 0.29s | Spearman@80: 0.8880 | Kendall@80: 0.7212
Epoch 85/150 | Train Loss: 0.0290 | Epoch Time: 0.30s | Spearman@80: 0.9100 | Kendall@80: 0.7550
Epoch 86/150 | Train Loss: 0.0246 | Epoch Time: 0.30s | Spearman@80: 0.9132 | Kendall@80: 0.7616
Epoch 87/150 | Train Loss: 0.0222 | Epoch Time: 0.29s | Spearman@80: 0.8925 | Kendall@80: 0.7309
Epoch 88/150 | Train Loss: 0.0246 | Epoch Time: 0.29s | Spearman@80: 0.9067 | Kendall@80: 0.7491
Epoch 89/150 | Train Loss: 0.0294 | Epoch Time: 0.30s | Spearman@80: 0.8858 | Kendall@80: 0.7177
Epoch 90/150 | Train Loss: 0.0312 | Epoch Time: 0.29s | Spearman@80: 0.8966 | Kendall@80: 0.7390
Epoch 91/150 | Train Loss: 0.0251 | Epoch Time: 0.30s | Spearman@80: 0.8952 | Kendall@80: 0.7336
Epoch 92/150 | Train Loss: 0.0256 | Epoch Time: 0.31s | Spearman@80: 0.8885 | Kendall@80: 0.7260
Epoch 93/150 | Train Loss: 0.0280 | Epoch Time: 0.30s | Spearman@80: 0.8790 | Kendall@80: 0.7144
Epoch 94/150 | Train Loss: 0.0251 | Epoch Time: 0.30s | Spearman@80: 0.8731 | Kendall@80: 0.7027
Epoch 95/150 | Train Loss: 0.0282 | Epoch Time: 0.31s | Spearman@80: 0.8947 | Kendall@80: 0.7304
Epoch 96/150 | Train Loss: 0.0232 | Epoch Time: 0.31s | Spearman@80: 0.8980 | Kendall@80: 0.7390
Epoch 97/150 | Train Loss: 0.0260 | Epoch Time: 0.32s | Spearman@80: 0.8776 | Kendall@80: 0.7110
Epoch 98/150 | Train Loss: 0.0284 | Epoch Time: 0.32s | Spearman@80: 0.8855 | Kendall@80: 0.7231
Epoch 99/150 | Train Loss: 0.0254 | Epoch Time: 0.32s | Spearman@80: 0.8814 | Kendall@80: 0.7177
Epoch 100/150 | Train Loss: 0.0257 | Epoch Time: 0.31s | Spearman@80: 0.8877 | Kendall@80: 0.7273
Epoch 101/150 | Train Loss: 0.0264 | Epoch Time: 0.32s | Spearman@80: 0.8796 | Kendall@80: 0.7177
Epoch 102/150 | Train Loss: 0.0227 | Epoch Time: 0.30s | Spearman@80: 0.8770 | Kendall@80: 0.7141
Epoch 103/150 | Train Loss: 0.0238 | Epoch Time: 0.30s | Spearman@80: 0.8853 | Kendall@80: 0.7173
Epoch 104/150 | Train Loss: 0.0302 | Epoch Time: 0.30s | Spearman@80: 0.8695 | Kendall@80: 0.6987
Epoch 105/150 | Train Loss: 0.0267 | Epoch Time: 0.31s | Spearman@80: 0.8617 | Kendall@80: 0.6913
Epoch 106/150 | Train Loss: 0.0217 | Epoch Time: 0.31s | Spearman@80: 0.8677 | Kendall@80: 0.6987
Epoch 107/150 | Train Loss: 0.0258 | Epoch Time: 0.29s | Spearman@80: 0.8797 | Kendall@80: 0.7133
Epoch 108/150 | Train Loss: 0.0268 | Epoch Time: 0.29s | Spearman@80: 0.8703 | Kendall@80: 0.6995
Epoch 109/150 | Train Loss: 0.0244 | Epoch Time: 0.29s | Spearman@80: 0.8708 | Kendall@80: 0.7021
Epoch 110/150 | Train Loss: 0.0177 | Epoch Time: 0.29s | Spearman@80: 0.8802 | Kendall@80: 0.7116
Epoch 111/150 | Train Loss: 0.0234 | Epoch Time: 0.29s | Spearman@80: 0.8852 | Kendall@80: 0.7198
Epoch 112/150 | Train Loss: 0.0249 | Epoch Time: 0.29s | Spearman@80: 0.8704 | Kendall@80: 0.7025
Epoch 113/150 | Train Loss: 0.0224 | Epoch Time: 0.30s | Spearman@80: 0.8746 | Kendall@80: 0.7135
Epoch 114/150 | Train Loss: 0.0237 | Epoch Time: 0.30s | Spearman@80: 0.8935 | Kendall@80: 0.7326
Epoch 115/150 | Train Loss: 0.0236 | Epoch Time: 0.31s | Spearman@80: 0.8768 | Kendall@80: 0.7154
Epoch 116/150 | Train Loss: 0.0256 | Epoch Time: 0.32s | Spearman@80: 0.8798 | Kendall@80: 0.7163
Epoch 117/150 | Train Loss: 0.0227 | Epoch Time: 0.31s | Spearman@80: 0.8782 | Kendall@80: 0.7160
Epoch 118/150 | Train Loss: 0.0240 | Epoch Time: 0.31s | Spearman@80: 0.8815 | Kendall@80: 0.7133
Epoch 119/150 | Train Loss: 0.0256 | Epoch Time: 0.32s | Spearman@80: 0.8895 | Kendall@80: 0.7300
Epoch 120/150 | Train Loss: 0.0218 | Epoch Time: 0.32s | Spearman@80: 0.8845 | Kendall@80: 0.7205
Epoch 121/150 | Train Loss: 0.0253 | Epoch Time: 0.31s | Spearman@80: 0.8868 | Kendall@80: 0.7233
Epoch 122/150 | Train Loss: 0.0216 | Epoch Time: 0.30s | Spearman@80: 0.8928 | Kendall@80: 0.7309
Epoch 123/150 | Train Loss: 0.0234 | Epoch Time: 0.31s | Spearman@80: 0.8923 | Kendall@80: 0.7307
Epoch 124/150 | Train Loss: 0.0254 | Epoch Time: 0.32s | Spearman@80: 0.8806 | Kendall@80: 0.7131
Epoch 125/150 | Train Loss: 0.0242 | Epoch Time: 0.30s | Spearman@80: 0.8793 | Kendall@80: 0.7126
Epoch 126/150 | Train Loss: 0.0198 | Epoch Time: 0.31s | Spearman@80: 0.8858 | Kendall@80: 0.7220
Epoch 127/150 | Train Loss: 0.0229 | Epoch Time: 0.31s | Spearman@80: 0.8818 | Kendall@80: 0.7182
Epoch 128/150 | Train Loss: 0.0247 | Epoch Time: 0.32s | Spearman@80: 0.8773 | Kendall@80: 0.7112
Epoch 129/150 | Train Loss: 0.0200 | Epoch Time: 0.31s | Spearman@80: 0.8850 | Kendall@80: 0.7224
Epoch 130/150 | Train Loss: 0.0225 | Epoch Time: 0.31s | Spearman@80: 0.8854 | Kendall@80: 0.7233
Epoch 131/150 | Train Loss: 0.0233 | Epoch Time: 0.31s | Spearman@80: 0.8866 | Kendall@80: 0.7243
Epoch 132/150 | Train Loss: 0.0227 | Epoch Time: 0.29s | Spearman@80: 0.8761 | Kendall@80: 0.7095
Epoch 133/150 | Train Loss: 0.0215 | Epoch Time: 0.31s | Spearman@80: 0.8696 | Kendall@80: 0.6989
Epoch 134/150 | Train Loss: 0.0226 | Epoch Time: 0.31s | Spearman@80: 0.8751 | Kendall@80: 0.7084
Epoch 135/150 | Train Loss: 0.0230 | Epoch Time: 0.31s | Spearman@80: 0.8813 | Kendall@80: 0.7139
Epoch 136/150 | Train Loss: 0.0247 | Epoch Time: 0.30s | Spearman@80: 0.8857 | Kendall@80: 0.7260
Epoch 137/150 | Train Loss: 0.0202 | Epoch Time: 0.30s | Spearman@80: 0.8859 | Kendall@80: 0.7256
Epoch 138/150 | Train Loss: 0.0237 | Epoch Time: 0.30s | Spearman@80: 0.8824 | Kendall@80: 0.7175
Epoch 139/150 | Train Loss: 0.0233 | Epoch Time: 0.32s | Spearman@80: 0.8791 | Kendall@80: 0.7175
Epoch 140/150 | Train Loss: 0.0239 | Epoch Time: 0.32s | Spearman@80: 0.8822 | Kendall@80: 0.7203
Epoch 141/150 | Train Loss: 0.0190 | Epoch Time: 0.32s | Spearman@80: 0.8797 | Kendall@80: 0.7160
Epoch 142/150 | Train Loss: 0.0275 | Epoch Time: 0.32s | Spearman@80: 0.8805 | Kendall@80: 0.7158
Epoch 143/150 | Train Loss: 0.0236 | Epoch Time: 0.32s | Spearman@80: 0.8811 | Kendall@80: 0.7184
Epoch 144/150 | Train Loss: 0.0245 | Epoch Time: 0.32s | Spearman@80: 0.8772 | Kendall@80: 0.7173
Epoch 145/150 | Train Loss: 0.0209 | Epoch Time: 0.32s | Spearman@80: 0.8777 | Kendall@80: 0.7095
Epoch 146/150 | Train Loss: 0.0239 | Epoch Time: 0.31s | Spearman@80: 0.8767 | Kendall@80: 0.7135
Epoch 147/150 | Train Loss: 0.0219 | Epoch Time: 1.16s | Spearman@15496: 0.9134 | Kendall@15496: 0.7578
Epoch 148/150 | Train Loss: 0.0206 | Epoch Time: 1.19s | Spearman@15496: 0.9146 | Kendall@15496: 0.7591
Epoch 149/150 | Train Loss: 0.0230 | Epoch Time: 1.12s | Spearman@15496: 0.9112 | Kendall@15496: 0.7545
Epoch 150/150 | Train Loss: 0.0222 | Epoch Time: 1.14s | Spearman@15496: 0.9122 | Kendall@15496: 0.7560
Sample Count: 128, Spearman: 0.9128466788780771, Kendall: 0.7568535838975035
{64: (0.9329833035002971, 0.7903913257452071),
 128: (0.9128466788780771, 0.7568535838975035)}
Average KDT:  0.7661444639352895
Variance KDT:  0.0003267608326484439
Average SPR:  0.917691937132321
Variance SPR:  0.0001833356984104445
Average KDT:  0.7761771253707072
Variance KDT:  0.00029311387030135573
Average SPR:  0.9240588721508631
Variance SPR:  9.058638183153342e-05
