normalizing task:  Amoeba.json
normalizing task:  PNAS_fix-w-d.json
normalizing task:  ENAS_fix-w-d.json
normalizing task:  NASNet.json
normalizing task:  DARTS.json
normalizing task:  ENAS.json
normalizing task:  PNAS.json
normalizing task:  DARTS_lr-wd.json
normalizing task:  DARTS_fix-w-d.json
Epoch 1/150 | Train Loss: 0.0984 | Epoch Time: 0.93s | Spearman@80: 0.5073 | Kendall@80: 0.3620
Epoch 2/150 | Train Loss: 0.0911 | Epoch Time: 0.43s | Spearman@80: 0.4250 | Kendall@80: 0.2898
Epoch 3/150 | Train Loss: 0.0815 | Epoch Time: 0.44s | Spearman@80: 0.3621 | Kendall@80: 0.2391
Epoch 4/150 | Train Loss: 0.0659 | Epoch Time: 0.44s | Spearman@80: 0.5066 | Kendall@80: 0.3468
Epoch 5/150 | Train Loss: 0.0605 | Epoch Time: 0.44s | Spearman@80: 0.5144 | Kendall@80: 0.3677
Epoch 6/150 | Train Loss: 0.0683 | Epoch Time: 0.43s | Spearman@80: 0.5087 | Kendall@80: 0.3443
Epoch 7/150 | Train Loss: 0.0695 | Epoch Time: 0.43s | Spearman@80: 0.5333 | Kendall@80: 0.3696
Epoch 8/150 | Train Loss: 0.0649 | Epoch Time: 0.43s | Spearman@80: 0.5203 | Kendall@80: 0.3563
Epoch 9/150 | Train Loss: 0.0614 | Epoch Time: 0.42s | Spearman@80: 0.5134 | Kendall@80: 0.3453
Epoch 10/150 | Train Loss: 0.0640 | Epoch Time: 0.44s | Spearman@80: 0.5508 | Kendall@80: 0.3791
Epoch 11/150 | Train Loss: 0.0601 | Epoch Time: 0.42s | Spearman@80: 0.5774 | Kendall@80: 0.4158
Epoch 12/150 | Train Loss: 0.0603 | Epoch Time: 0.42s | Spearman@80: 0.4990 | Kendall@80: 0.3392
Epoch 13/150 | Train Loss: 0.0572 | Epoch Time: 0.43s | Spearman@80: 0.5212 | Kendall@80: 0.3633
Epoch 14/150 | Train Loss: 0.0509 | Epoch Time: 0.43s | Spearman@80: 0.5229 | Kendall@80: 0.3601
Epoch 15/150 | Train Loss: 0.0595 | Epoch Time: 0.44s | Spearman@80: 0.5336 | Kendall@80: 0.3664
Epoch 16/150 | Train Loss: 0.0435 | Epoch Time: 0.42s | Spearman@80: 0.4668 | Kendall@80: 0.3196
Epoch 17/150 | Train Loss: 0.0553 | Epoch Time: 0.42s | Spearman@80: 0.5649 | Kendall@80: 0.3981
Epoch 18/150 | Train Loss: 0.0492 | Epoch Time: 0.42s | Spearman@80: 0.5158 | Kendall@80: 0.3626
Epoch 19/150 | Train Loss: 0.0605 | Epoch Time: 0.44s | Spearman@80: 0.5290 | Kendall@80: 0.3728
Epoch 20/150 | Train Loss: 0.0430 | Epoch Time: 0.42s | Spearman@80: 0.5503 | Kendall@80: 0.3785
Epoch 21/150 | Train Loss: 0.0547 | Epoch Time: 0.44s | Spearman@80: 0.4756 | Kendall@80: 0.3354
Epoch 22/150 | Train Loss: 0.0483 | Epoch Time: 0.44s | Spearman@80: 0.4094 | Kendall@80: 0.2822
Epoch 23/150 | Train Loss: 0.0509 | Epoch Time: 0.44s | Spearman@80: 0.4264 | Kendall@80: 0.2955
Epoch 24/150 | Train Loss: 0.0375 | Epoch Time: 0.42s | Spearman@80: 0.4690 | Kendall@80: 0.3272
Epoch 25/150 | Train Loss: 0.0260 | Epoch Time: 0.43s | Spearman@80: 0.4626 | Kendall@80: 0.3126
Epoch 26/150 | Train Loss: 0.0473 | Epoch Time: 0.43s | Spearman@80: 0.4597 | Kendall@80: 0.3227
Epoch 27/150 | Train Loss: 0.0460 | Epoch Time: 0.42s | Spearman@80: 0.4523 | Kendall@80: 0.3132
Epoch 28/150 | Train Loss: 0.0382 | Epoch Time: 0.42s | Spearman@80: 0.3757 | Kendall@80: 0.2625
Epoch 29/150 | Train Loss: 0.0506 | Epoch Time: 0.42s | Spearman@80: 0.4605 | Kendall@80: 0.3145
Epoch 30/150 | Train Loss: 0.0369 | Epoch Time: 0.42s | Spearman@80: 0.4310 | Kendall@80: 0.2993
Epoch 31/150 | Train Loss: 0.0413 | Epoch Time: 0.42s | Spearman@80: 0.4492 | Kendall@80: 0.3031
Epoch 32/150 | Train Loss: 0.0349 | Epoch Time: 0.42s | Spearman@80: 0.3869 | Kendall@80: 0.2702
Epoch 33/150 | Train Loss: 0.0364 | Epoch Time: 0.42s | Spearman@80: 0.4996 | Kendall@80: 0.3468
Epoch 34/150 | Train Loss: 0.0415 | Epoch Time: 0.43s | Spearman@80: 0.4257 | Kendall@80: 0.3018
Epoch 35/150 | Train Loss: 0.0444 | Epoch Time: 0.44s | Spearman@80: 0.4711 | Kendall@80: 0.3208
Epoch 36/150 | Train Loss: 0.0304 | Epoch Time: 0.42s | Spearman@80: 0.5030 | Kendall@80: 0.3569
Epoch 37/150 | Train Loss: 0.0335 | Epoch Time: 0.42s | Spearman@80: 0.4318 | Kendall@80: 0.3082
Epoch 38/150 | Train Loss: 0.0333 | Epoch Time: 0.42s | Spearman@80: 0.4456 | Kendall@80: 0.3088
Epoch 39/150 | Train Loss: 0.0381 | Epoch Time: 0.44s | Spearman@80: 0.4815 | Kendall@80: 0.3189
Epoch 40/150 | Train Loss: 0.0329 | Epoch Time: 0.43s | Spearman@80: 0.4384 | Kendall@80: 0.3164
Epoch 41/150 | Train Loss: 0.0496 | Epoch Time: 0.42s | Spearman@80: 0.4604 | Kendall@80: 0.3221
Epoch 42/150 | Train Loss: 0.0463 | Epoch Time: 0.43s | Spearman@80: 0.4469 | Kendall@80: 0.2968
Epoch 43/150 | Train Loss: 0.0393 | Epoch Time: 0.44s | Spearman@80: 0.4590 | Kendall@80: 0.3139
Epoch 44/150 | Train Loss: 0.0298 | Epoch Time: 0.42s | Spearman@80: 0.4394 | Kendall@80: 0.2999
Epoch 45/150 | Train Loss: 0.0332 | Epoch Time: 0.42s | Spearman@80: 0.4267 | Kendall@80: 0.2885
Epoch 46/150 | Train Loss: 0.0320 | Epoch Time: 0.43s | Spearman@80: 0.4222 | Kendall@80: 0.2866
Epoch 47/150 | Train Loss: 0.0264 | Epoch Time: 0.43s | Spearman@80: 0.4558 | Kendall@80: 0.3164
Epoch 48/150 | Train Loss: 0.0287 | Epoch Time: 0.43s | Spearman@80: 0.4121 | Kendall@80: 0.2847
Epoch 49/150 | Train Loss: 0.0326 | Epoch Time: 0.43s | Spearman@80: 0.4438 | Kendall@80: 0.3031
Epoch 50/150 | Train Loss: 0.0269 | Epoch Time: 0.42s | Spearman@80: 0.3789 | Kendall@80: 0.2606
Epoch 51/150 | Train Loss: 0.0277 | Epoch Time: 0.44s | Spearman@80: 0.4698 | Kendall@80: 0.3303
Epoch 52/150 | Train Loss: 0.0274 | Epoch Time: 0.42s | Spearman@80: 0.4694 | Kendall@80: 0.3208
Epoch 53/150 | Train Loss: 0.0264 | Epoch Time: 0.42s | Spearman@80: 0.4318 | Kendall@80: 0.2898
Epoch 54/150 | Train Loss: 0.0349 | Epoch Time: 0.42s | Spearman@80: 0.2986 | Kendall@80: 0.2011
Epoch 55/150 | Train Loss: 0.0267 | Epoch Time: 0.42s | Spearman@80: 0.4487 | Kendall@80: 0.3050
Epoch 56/150 | Train Loss: 0.0233 | Epoch Time: 0.42s | Spearman@80: 0.3774 | Kendall@80: 0.2664
Epoch 57/150 | Train Loss: 0.0193 | Epoch Time: 0.42s | Spearman@80: 0.3971 | Kendall@80: 0.2664
Epoch 58/150 | Train Loss: 0.0293 | Epoch Time: 0.45s | Spearman@80: 0.4084 | Kendall@80: 0.2803
Epoch 59/150 | Train Loss: 0.0200 | Epoch Time: 0.43s | Spearman@80: 0.3384 | Kendall@80: 0.2315
Epoch 60/150 | Train Loss: 0.0218 | Epoch Time: 0.44s | Spearman@80: 0.4205 | Kendall@80: 0.2911
Epoch 61/150 | Train Loss: 0.0234 | Epoch Time: 0.43s | Spearman@80: 0.4477 | Kendall@80: 0.3082
Epoch 62/150 | Train Loss: 0.0233 | Epoch Time: 0.42s | Spearman@80: 0.4001 | Kendall@80: 0.2759
Epoch 63/150 | Train Loss: 0.0317 | Epoch Time: 0.43s | Spearman@80: 0.3859 | Kendall@80: 0.2638
Epoch 64/150 | Train Loss: 0.0210 | Epoch Time: 0.42s | Spearman@80: 0.4331 | Kendall@80: 0.2968
Epoch 65/150 | Train Loss: 0.0378 | Epoch Time: 0.43s | Spearman@80: 0.3962 | Kendall@80: 0.2778
Epoch 66/150 | Train Loss: 0.0209 | Epoch Time: 0.42s | Spearman@80: 0.3692 | Kendall@80: 0.2568
Epoch 67/150 | Train Loss: 0.0261 | Epoch Time: 0.43s | Spearman@80: 0.3690 | Kendall@80: 0.2435
Epoch 68/150 | Train Loss: 0.0277 | Epoch Time: 0.43s | Spearman@80: 0.3942 | Kendall@80: 0.2702
Epoch 69/150 | Train Loss: 0.0150 | Epoch Time: 0.43s | Spearman@80: 0.3510 | Kendall@80: 0.2378
Epoch 70/150 | Train Loss: 0.0248 | Epoch Time: 0.42s | Spearman@80: 0.3637 | Kendall@80: 0.2480
Epoch 71/150 | Train Loss: 0.0277 | Epoch Time: 0.43s | Spearman@80: 0.3958 | Kendall@80: 0.2664
Epoch 72/150 | Train Loss: 0.0285 | Epoch Time: 0.43s | Spearman@80: 0.4281 | Kendall@80: 0.2898
Epoch 73/150 | Train Loss: 0.0189 | Epoch Time: 0.42s | Spearman@80: 0.3208 | Kendall@80: 0.2220
Epoch 74/150 | Train Loss: 0.0193 | Epoch Time: 0.42s | Spearman@80: 0.3118 | Kendall@80: 0.2074
Epoch 75/150 | Train Loss: 0.0240 | Epoch Time: 0.42s | Spearman@80: 0.3712 | Kendall@80: 0.2549
Epoch 76/150 | Train Loss: 0.0263 | Epoch Time: 0.43s | Spearman@80: 0.4306 | Kendall@80: 0.2930
Epoch 77/150 | Train Loss: 0.0278 | Epoch Time: 0.43s | Spearman@80: 0.3700 | Kendall@80: 0.2499
Epoch 78/150 | Train Loss: 0.0196 | Epoch Time: 0.43s | Spearman@80: 0.2972 | Kendall@80: 0.1979
Epoch 79/150 | Train Loss: 0.0192 | Epoch Time: 0.41s | Spearman@80: 0.3351 | Kendall@80: 0.2188
Epoch 80/150 | Train Loss: 0.0245 | Epoch Time: 0.42s | Spearman@80: 0.3552 | Kendall@80: 0.2315
Epoch 81/150 | Train Loss: 0.0196 | Epoch Time: 0.42s | Spearman@80: 0.3783 | Kendall@80: 0.2568
Epoch 82/150 | Train Loss: 0.0233 | Epoch Time: 0.43s | Spearman@80: 0.3511 | Kendall@80: 0.2372
Epoch 83/150 | Train Loss: 0.0148 | Epoch Time: 0.42s | Spearman@80: 0.3581 | Kendall@80: 0.2391
Epoch 84/150 | Train Loss: 0.0142 | Epoch Time: 0.42s | Spearman@80: 0.3700 | Kendall@80: 0.2568
Epoch 85/150 | Train Loss: 0.0150 | Epoch Time: 0.42s | Spearman@80: 0.3862 | Kendall@80: 0.2632
Epoch 86/150 | Train Loss: 0.0202 | Epoch Time: 0.42s | Spearman@80: 0.3969 | Kendall@80: 0.2683
Epoch 87/150 | Train Loss: 0.0143 | Epoch Time: 0.43s | Spearman@80: 0.4063 | Kendall@80: 0.2727
Epoch 88/150 | Train Loss: 0.0249 | Epoch Time: 0.43s | Spearman@80: 0.4006 | Kendall@80: 0.2651
Epoch 89/150 | Train Loss: 0.0187 | Epoch Time: 0.42s | Spearman@80: 0.3667 | Kendall@80: 0.2480
Epoch 90/150 | Train Loss: 0.0174 | Epoch Time: 0.43s | Spearman@80: 0.4306 | Kendall@80: 0.2841
Epoch 91/150 | Train Loss: 0.0113 | Epoch Time: 0.42s | Spearman@80: 0.4299 | Kendall@80: 0.2790
Epoch 92/150 | Train Loss: 0.0229 | Epoch Time: 0.42s | Spearman@80: 0.3660 | Kendall@80: 0.2423
Epoch 93/150 | Train Loss: 0.0208 | Epoch Time: 0.42s | Spearman@80: 0.3596 | Kendall@80: 0.2423
Epoch 94/150 | Train Loss: 0.0159 | Epoch Time: 0.42s | Spearman@80: 0.3912 | Kendall@80: 0.2606
Epoch 95/150 | Train Loss: 0.0130 | Epoch Time: 0.42s | Spearman@80: 0.4026 | Kendall@80: 0.2708
Epoch 96/150 | Train Loss: 0.0171 | Epoch Time: 0.42s | Spearman@80: 0.3884 | Kendall@80: 0.2568
Epoch 97/150 | Train Loss: 0.0124 | Epoch Time: 0.43s | Spearman@80: 0.3558 | Kendall@80: 0.2359
Epoch 98/150 | Train Loss: 0.0161 | Epoch Time: 0.42s | Spearman@80: 0.3452 | Kendall@80: 0.2353
Epoch 99/150 | Train Loss: 0.0126 | Epoch Time: 0.42s | Spearman@80: 0.3864 | Kendall@80: 0.2657
Epoch 100/150 | Train Loss: 0.0190 | Epoch Time: 0.43s | Spearman@80: 0.4174 | Kendall@80: 0.2809
Epoch 101/150 | Train Loss: 0.0172 | Epoch Time: 0.42s | Spearman@80: 0.4257 | Kendall@80: 0.2816
Epoch 102/150 | Train Loss: 0.0182 | Epoch Time: 0.43s | Spearman@80: 0.3831 | Kendall@80: 0.2556
Epoch 103/150 | Train Loss: 0.0109 | Epoch Time: 0.43s | Spearman@80: 0.3618 | Kendall@80: 0.2499
Epoch 104/150 | Train Loss: 0.0139 | Epoch Time: 0.46s | Spearman@80: 0.4022 | Kendall@80: 0.2746
Epoch 105/150 | Train Loss: 0.0121 | Epoch Time: 0.44s | Spearman@80: 0.4192 | Kendall@80: 0.2835
Epoch 106/150 | Train Loss: 0.0140 | Epoch Time: 0.42s | Spearman@80: 0.3880 | Kendall@80: 0.2651
Epoch 107/150 | Train Loss: 0.0134 | Epoch Time: 0.43s | Spearman@80: 0.4012 | Kendall@80: 0.2702
Epoch 108/150 | Train Loss: 0.0128 | Epoch Time: 0.43s | Spearman@80: 0.3880 | Kendall@80: 0.2581
Epoch 109/150 | Train Loss: 0.0108 | Epoch Time: 0.43s | Spearman@80: 0.3883 | Kendall@80: 0.2581
Epoch 110/150 | Train Loss: 0.0185 | Epoch Time: 0.43s | Spearman@80: 0.3828 | Kendall@80: 0.2549
Epoch 111/150 | Train Loss: 0.0077 | Epoch Time: 0.42s | Spearman@80: 0.3512 | Kendall@80: 0.2435
Epoch 112/150 | Train Loss: 0.0181 | Epoch Time: 0.44s | Spearman@80: 0.3661 | Kendall@80: 0.2391
Epoch 113/150 | Train Loss: 0.0179 | Epoch Time: 0.42s | Spearman@80: 0.3682 | Kendall@80: 0.2435
Epoch 114/150 | Train Loss: 0.0118 | Epoch Time: 0.44s | Spearman@80: 0.3672 | Kendall@80: 0.2442
Epoch 115/150 | Train Loss: 0.0145 | Epoch Time: 0.43s | Spearman@80: 0.3784 | Kendall@80: 0.2473
Epoch 116/150 | Train Loss: 0.0118 | Epoch Time: 0.42s | Spearman@80: 0.3761 | Kendall@80: 0.2499
Epoch 117/150 | Train Loss: 0.0130 | Epoch Time: 0.45s | Spearman@80: 0.3755 | Kendall@80: 0.2499
Epoch 118/150 | Train Loss: 0.0081 | Epoch Time: 0.42s | Spearman@80: 0.3678 | Kendall@80: 0.2429
Epoch 119/150 | Train Loss: 0.0097 | Epoch Time: 0.42s | Spearman@80: 0.3727 | Kendall@80: 0.2461
Epoch 120/150 | Train Loss: 0.0107 | Epoch Time: 0.42s | Spearman@80: 0.3762 | Kendall@80: 0.2442
Epoch 121/150 | Train Loss: 0.0121 | Epoch Time: 0.43s | Spearman@80: 0.3701 | Kendall@80: 0.2461
Epoch 122/150 | Train Loss: 0.0152 | Epoch Time: 0.43s | Spearman@80: 0.3698 | Kendall@80: 0.2454
Epoch 123/150 | Train Loss: 0.0119 | Epoch Time: 0.42s | Spearman@80: 0.3702 | Kendall@80: 0.2391
Epoch 124/150 | Train Loss: 0.0122 | Epoch Time: 0.45s | Spearman@80: 0.3804 | Kendall@80: 0.2480
Epoch 125/150 | Train Loss: 0.0085 | Epoch Time: 0.45s | Spearman@80: 0.3788 | Kendall@80: 0.2486
Epoch 126/150 | Train Loss: 0.0145 | Epoch Time: 0.43s | Spearman@80: 0.3672 | Kendall@80: 0.2429
Epoch 127/150 | Train Loss: 0.0088 | Epoch Time: 0.42s | Spearman@80: 0.3658 | Kendall@80: 0.2435
Epoch 128/150 | Train Loss: 0.0092 | Epoch Time: 0.42s | Spearman@80: 0.3767 | Kendall@80: 0.2461
Epoch 129/150 | Train Loss: 0.0132 | Epoch Time: 0.43s | Spearman@80: 0.3814 | Kendall@80: 0.2524
Epoch 130/150 | Train Loss: 0.0153 | Epoch Time: 0.42s | Spearman@80: 0.3719 | Kendall@80: 0.2467
Epoch 131/150 | Train Loss: 0.0123 | Epoch Time: 0.42s | Spearman@80: 0.3589 | Kendall@80: 0.2423
Epoch 132/150 | Train Loss: 0.0136 | Epoch Time: 0.43s | Spearman@80: 0.3497 | Kendall@80: 0.2334
Epoch 133/150 | Train Loss: 0.0101 | Epoch Time: 0.41s | Spearman@80: 0.3578 | Kendall@80: 0.2397
Epoch 134/150 | Train Loss: 0.0095 | Epoch Time: 0.42s | Spearman@80: 0.3696 | Kendall@80: 0.2448
Epoch 135/150 | Train Loss: 0.0092 | Epoch Time: 0.43s | Spearman@80: 0.3707 | Kendall@80: 0.2461
Epoch 136/150 | Train Loss: 0.0100 | Epoch Time: 0.44s | Spearman@80: 0.3723 | Kendall@80: 0.2467
Epoch 137/150 | Train Loss: 0.0072 | Epoch Time: 0.42s | Spearman@80: 0.3694 | Kendall@80: 0.2461
Epoch 138/150 | Train Loss: 0.0105 | Epoch Time: 0.42s | Spearman@80: 0.3680 | Kendall@80: 0.2423
Epoch 139/150 | Train Loss: 0.0143 | Epoch Time: 0.42s | Spearman@80: 0.3717 | Kendall@80: 0.2448
Epoch 140/150 | Train Loss: 0.0098 | Epoch Time: 0.43s | Spearman@80: 0.3712 | Kendall@80: 0.2467
Epoch 141/150 | Train Loss: 0.0096 | Epoch Time: 0.43s | Spearman@80: 0.3781 | Kendall@80: 0.2499
Epoch 142/150 | Train Loss: 0.0133 | Epoch Time: 0.42s | Spearman@80: 0.3728 | Kendall@80: 0.2448
Epoch 143/150 | Train Loss: 0.0090 | Epoch Time: 0.42s | Spearman@80: 0.3749 | Kendall@80: 0.2486
Epoch 144/150 | Train Loss: 0.0109 | Epoch Time: 0.42s | Spearman@80: 0.3777 | Kendall@80: 0.2499
Epoch 145/150 | Train Loss: 0.0094 | Epoch Time: 0.42s | Spearman@80: 0.3777 | Kendall@80: 0.2505
Epoch 146/150 | Train Loss: 0.0074 | Epoch Time: 0.42s | Spearman@80: 0.3753 | Kendall@80: 0.2448
Epoch 147/150 | Train Loss: 0.0076 | Epoch Time: 1.25s | Spearman@4934: 0.3900 | Kendall@4934: 0.2657
Epoch 148/150 | Train Loss: 0.0094 | Epoch Time: 1.25s | Spearman@4934: 0.3886 | Kendall@4934: 0.2647
Epoch 149/150 | Train Loss: 0.0089 | Epoch Time: 1.24s | Spearman@4934: 0.3893 | Kendall@4934: 0.2652
Epoch 150/150 | Train Loss: 0.0142 | Epoch Time: 1.26s | Spearman@4934: 0.3901 | Kendall@4934: 0.2657
Sample Count: 64, Spearman: 0.389521441431955, Kendall: 0.2653330168825388
{64: (0.389521441431955, 0.2653330168825388)}
Epoch 1/150 | Train Loss: 0.0985 | Epoch Time: 0.83s | Spearman@80: 0.2842 | Kendall@80: 0.2038
Epoch 2/150 | Train Loss: 0.0885 | Epoch Time: 0.83s | Spearman@80: 0.3401 | Kendall@80: 0.2419
Epoch 3/150 | Train Loss: 0.0768 | Epoch Time: 0.83s | Spearman@80: 0.4070 | Kendall@80: 0.2875
Epoch 4/150 | Train Loss: 0.0627 | Epoch Time: 0.82s | Spearman@80: 0.5170 | Kendall@80: 0.3661
Epoch 5/150 | Train Loss: 0.0756 | Epoch Time: 0.85s | Spearman@80: 0.4678 | Kendall@80: 0.3262
Epoch 6/150 | Train Loss: 0.0660 | Epoch Time: 0.84s | Spearman@80: 0.4831 | Kendall@80: 0.3414
Epoch 7/150 | Train Loss: 0.0617 | Epoch Time: 0.84s | Spearman@80: 0.5273 | Kendall@80: 0.3750
Epoch 8/150 | Train Loss: 0.0621 | Epoch Time: 0.82s | Spearman@80: 0.5881 | Kendall@80: 0.4207
Epoch 9/150 | Train Loss: 0.0713 | Epoch Time: 0.84s | Spearman@80: 0.5231 | Kendall@80: 0.3611
Epoch 10/150 | Train Loss: 0.0623 | Epoch Time: 0.84s | Spearman@80: 0.6486 | Kendall@80: 0.4612
Epoch 11/150 | Train Loss: 0.0571 | Epoch Time: 0.83s | Spearman@80: 0.5617 | Kendall@80: 0.4004
Epoch 12/150 | Train Loss: 0.0642 | Epoch Time: 0.83s | Spearman@80: 0.5589 | Kendall@80: 0.3972
Epoch 13/150 | Train Loss: 0.0564 | Epoch Time: 0.83s | Spearman@80: 0.6341 | Kendall@80: 0.4562
Epoch 14/150 | Train Loss: 0.0554 | Epoch Time: 0.84s | Spearman@80: 0.6542 | Kendall@80: 0.4733
Epoch 15/150 | Train Loss: 0.0536 | Epoch Time: 0.85s | Spearman@80: 0.6638 | Kendall@80: 0.4860
Epoch 16/150 | Train Loss: 0.0550 | Epoch Time: 0.83s | Spearman@80: 0.5719 | Kendall@80: 0.3902
Epoch 17/150 | Train Loss: 0.0554 | Epoch Time: 0.84s | Spearman@80: 0.6491 | Kendall@80: 0.4670
Epoch 18/150 | Train Loss: 0.0561 | Epoch Time: 0.82s | Spearman@80: 0.6608 | Kendall@80: 0.4841
Epoch 19/150 | Train Loss: 0.0582 | Epoch Time: 0.85s | Spearman@80: 0.6430 | Kendall@80: 0.4651
Epoch 20/150 | Train Loss: 0.0530 | Epoch Time: 0.82s | Spearman@80: 0.6754 | Kendall@80: 0.4936
Epoch 21/150 | Train Loss: 0.0561 | Epoch Time: 0.83s | Spearman@80: 0.6555 | Kendall@80: 0.4739
Epoch 22/150 | Train Loss: 0.0524 | Epoch Time: 0.82s | Spearman@80: 0.6184 | Kendall@80: 0.4524
Epoch 23/150 | Train Loss: 0.0542 | Epoch Time: 0.82s | Spearman@80: 0.6334 | Kendall@80: 0.4600
Epoch 24/150 | Train Loss: 0.0488 | Epoch Time: 0.87s | Spearman@80: 0.6608 | Kendall@80: 0.4866
Epoch 25/150 | Train Loss: 0.0507 | Epoch Time: 0.83s | Spearman@80: 0.6115 | Kendall@80: 0.4276
Epoch 26/150 | Train Loss: 0.0553 | Epoch Time: 0.84s | Spearman@80: 0.6805 | Kendall@80: 0.4872
Epoch 27/150 | Train Loss: 0.0487 | Epoch Time: 0.88s | Spearman@80: 0.6916 | Kendall@80: 0.5126
Epoch 28/150 | Train Loss: 0.0540 | Epoch Time: 0.83s | Spearman@80: 0.5824 | Kendall@80: 0.4194
Epoch 29/150 | Train Loss: 0.0466 | Epoch Time: 0.83s | Spearman@80: 0.6399 | Kendall@80: 0.4505
Epoch 30/150 | Train Loss: 0.0480 | Epoch Time: 0.83s | Spearman@80: 0.6902 | Kendall@80: 0.4910
Epoch 31/150 | Train Loss: 0.0512 | Epoch Time: 0.82s | Spearman@80: 0.7174 | Kendall@80: 0.5240
Epoch 32/150 | Train Loss: 0.0458 | Epoch Time: 0.86s | Spearman@80: 0.6747 | Kendall@80: 0.4796
Epoch 33/150 | Train Loss: 0.0473 | Epoch Time: 0.83s | Spearman@80: 0.7068 | Kendall@80: 0.5227
Epoch 34/150 | Train Loss: 0.0476 | Epoch Time: 0.84s | Spearman@80: 0.6648 | Kendall@80: 0.4796
Epoch 35/150 | Train Loss: 0.0483 | Epoch Time: 0.82s | Spearman@80: 0.6065 | Kendall@80: 0.4340
Epoch 36/150 | Train Loss: 0.0423 | Epoch Time: 0.83s | Spearman@80: 0.6031 | Kendall@80: 0.4333
Epoch 37/150 | Train Loss: 0.0460 | Epoch Time: 0.82s | Spearman@80: 0.6489 | Kendall@80: 0.4676
Epoch 38/150 | Train Loss: 0.0457 | Epoch Time: 0.84s | Spearman@80: 0.6444 | Kendall@80: 0.4708
Epoch 39/150 | Train Loss: 0.0443 | Epoch Time: 0.86s | Spearman@80: 0.6454 | Kendall@80: 0.4517
Epoch 40/150 | Train Loss: 0.0504 | Epoch Time: 0.83s | Spearman@80: 0.6613 | Kendall@80: 0.4733
Epoch 41/150 | Train Loss: 0.0419 | Epoch Time: 0.82s | Spearman@80: 0.6082 | Kendall@80: 0.4353
Epoch 42/150 | Train Loss: 0.0433 | Epoch Time: 0.83s | Spearman@80: 0.6410 | Kendall@80: 0.4511
Epoch 43/150 | Train Loss: 0.0486 | Epoch Time: 0.83s | Spearman@80: 0.6087 | Kendall@80: 0.4359
Epoch 44/150 | Train Loss: 0.0483 | Epoch Time: 0.84s | Spearman@80: 0.6348 | Kendall@80: 0.4524
Epoch 45/150 | Train Loss: 0.0431 | Epoch Time: 0.83s | Spearman@80: 0.6206 | Kendall@80: 0.4359
Epoch 46/150 | Train Loss: 0.0397 | Epoch Time: 0.83s | Spearman@80: 0.6618 | Kendall@80: 0.4790
Epoch 47/150 | Train Loss: 0.0429 | Epoch Time: 0.83s | Spearman@80: 0.5964 | Kendall@80: 0.4238
Epoch 48/150 | Train Loss: 0.0415 | Epoch Time: 0.82s | Spearman@80: 0.6320 | Kendall@80: 0.4555
Epoch 49/150 | Train Loss: 0.0542 | Epoch Time: 0.84s | Spearman@80: 0.6271 | Kendall@80: 0.4340
Epoch 50/150 | Train Loss: 0.0385 | Epoch Time: 0.85s | Spearman@80: 0.6155 | Kendall@80: 0.4429
Epoch 51/150 | Train Loss: 0.0426 | Epoch Time: 0.82s | Spearman@80: 0.6146 | Kendall@80: 0.4384
Epoch 52/150 | Train Loss: 0.0391 | Epoch Time: 0.83s | Spearman@80: 0.6330 | Kendall@80: 0.4606
Epoch 53/150 | Train Loss: 0.0388 | Epoch Time: 0.82s | Spearman@80: 0.6281 | Kendall@80: 0.4543
Epoch 54/150 | Train Loss: 0.0397 | Epoch Time: 0.83s | Spearman@80: 0.6006 | Kendall@80: 0.4289
Epoch 55/150 | Train Loss: 0.0373 | Epoch Time: 0.82s | Spearman@80: 0.6150 | Kendall@80: 0.4327
Epoch 56/150 | Train Loss: 0.0422 | Epoch Time: 0.84s | Spearman@80: 0.6049 | Kendall@80: 0.4295
Epoch 57/150 | Train Loss: 0.0432 | Epoch Time: 0.82s | Spearman@80: 0.6049 | Kendall@80: 0.4169
Epoch 58/150 | Train Loss: 0.0384 | Epoch Time: 0.83s | Spearman@80: 0.6459 | Kendall@80: 0.4746
Epoch 59/150 | Train Loss: 0.0379 | Epoch Time: 0.83s | Spearman@80: 0.6943 | Kendall@80: 0.5170
Epoch 60/150 | Train Loss: 0.0307 | Epoch Time: 0.99s | Spearman@80: 0.6288 | Kendall@80: 0.4530
Epoch 61/150 | Train Loss: 0.0343 | Epoch Time: 0.82s | Spearman@80: 0.5806 | Kendall@80: 0.4162
Epoch 62/150 | Train Loss: 0.0386 | Epoch Time: 0.83s | Spearman@80: 0.6270 | Kendall@80: 0.4435
Epoch 63/150 | Train Loss: 0.0355 | Epoch Time: 0.85s | Spearman@80: 0.5954 | Kendall@80: 0.4207
Epoch 64/150 | Train Loss: 0.0370 | Epoch Time: 0.83s | Spearman@80: 0.5665 | Kendall@80: 0.4093
Epoch 65/150 | Train Loss: 0.0347 | Epoch Time: 0.82s | Spearman@80: 0.6071 | Kendall@80: 0.4353
Epoch 66/150 | Train Loss: 0.0337 | Epoch Time: 0.84s | Spearman@80: 0.5702 | Kendall@80: 0.4055
Epoch 67/150 | Train Loss: 0.0365 | Epoch Time: 0.83s | Spearman@80: 0.5826 | Kendall@80: 0.4124
Epoch 68/150 | Train Loss: 0.0364 | Epoch Time: 0.83s | Spearman@80: 0.6072 | Kendall@80: 0.4422
Epoch 69/150 | Train Loss: 0.0311 | Epoch Time: 0.83s | Spearman@80: 0.5119 | Kendall@80: 0.3611
Epoch 70/150 | Train Loss: 0.0365 | Epoch Time: 0.83s | Spearman@80: 0.6087 | Kendall@80: 0.4327
Epoch 71/150 | Train Loss: 0.0296 | Epoch Time: 0.83s | Spearman@80: 0.6307 | Kendall@80: 0.4517
Epoch 72/150 | Train Loss: 0.0356 | Epoch Time: 0.82s | Spearman@80: 0.6407 | Kendall@80: 0.4606
Epoch 73/150 | Train Loss: 0.0359 | Epoch Time: 0.83s | Spearman@80: 0.6394 | Kendall@80: 0.4663
Epoch 74/150 | Train Loss: 0.0360 | Epoch Time: 0.83s | Spearman@80: 0.6122 | Kendall@80: 0.4359
Epoch 75/150 | Train Loss: 0.0371 | Epoch Time: 0.84s | Spearman@80: 0.5983 | Kendall@80: 0.4245
Epoch 76/150 | Train Loss: 0.0311 | Epoch Time: 0.83s | Spearman@80: 0.6274 | Kendall@80: 0.4492
Epoch 77/150 | Train Loss: 0.0336 | Epoch Time: 0.83s | Spearman@80: 0.6460 | Kendall@80: 0.4727
Epoch 78/150 | Train Loss: 0.0316 | Epoch Time: 0.83s | Spearman@80: 0.6463 | Kendall@80: 0.4682
Epoch 79/150 | Train Loss: 0.0305 | Epoch Time: 0.83s | Spearman@80: 0.6450 | Kendall@80: 0.4708
Epoch 80/150 | Train Loss: 0.0347 | Epoch Time: 0.83s | Spearman@80: 0.6271 | Kendall@80: 0.4511
Epoch 81/150 | Train Loss: 0.0276 | Epoch Time: 0.82s | Spearman@80: 0.6858 | Kendall@80: 0.5063
Epoch 82/150 | Train Loss: 0.0352 | Epoch Time: 0.83s | Spearman@80: 0.6797 | Kendall@80: 0.5037
Epoch 83/150 | Train Loss: 0.0315 | Epoch Time: 0.82s | Spearman@80: 0.6428 | Kendall@80: 0.4638
Epoch 84/150 | Train Loss: 0.0304 | Epoch Time: 0.83s | Spearman@80: 0.6333 | Kendall@80: 0.4587
Epoch 85/150 | Train Loss: 0.0310 | Epoch Time: 0.83s | Spearman@80: 0.6363 | Kendall@80: 0.4625
Epoch 86/150 | Train Loss: 0.0334 | Epoch Time: 0.82s | Spearman@80: 0.6089 | Kendall@80: 0.4308
Epoch 87/150 | Train Loss: 0.0302 | Epoch Time: 0.83s | Spearman@80: 0.6662 | Kendall@80: 0.4853
Epoch 88/150 | Train Loss: 0.0284 | Epoch Time: 0.84s | Spearman@80: 0.6400 | Kendall@80: 0.4670
Epoch 89/150 | Train Loss: 0.0269 | Epoch Time: 0.85s | Spearman@80: 0.5799 | Kendall@80: 0.4213
Epoch 90/150 | Train Loss: 0.0198 | Epoch Time: 0.82s | Spearman@80: 0.5737 | Kendall@80: 0.4181
Epoch 91/150 | Train Loss: 0.0253 | Epoch Time: 0.82s | Spearman@80: 0.5747 | Kendall@80: 0.4086
Epoch 92/150 | Train Loss: 0.0321 | Epoch Time: 0.85s | Spearman@80: 0.6270 | Kendall@80: 0.4555
Epoch 93/150 | Train Loss: 0.0276 | Epoch Time: 0.84s | Spearman@80: 0.5980 | Kendall@80: 0.4232
Epoch 94/150 | Train Loss: 0.0234 | Epoch Time: 0.82s | Spearman@80: 0.6300 | Kendall@80: 0.4612
Epoch 95/150 | Train Loss: 0.0260 | Epoch Time: 0.86s | Spearman@80: 0.6049 | Kendall@80: 0.4353
Epoch 96/150 | Train Loss: 0.0230 | Epoch Time: 0.83s | Spearman@80: 0.6090 | Kendall@80: 0.4391
Epoch 97/150 | Train Loss: 0.0230 | Epoch Time: 0.82s | Spearman@80: 0.6203 | Kendall@80: 0.4479
Epoch 98/150 | Train Loss: 0.0228 | Epoch Time: 0.87s | Spearman@80: 0.5904 | Kendall@80: 0.4194
Epoch 99/150 | Train Loss: 0.0228 | Epoch Time: 0.82s | Spearman@80: 0.5708 | Kendall@80: 0.3991
Epoch 100/150 | Train Loss: 0.0240 | Epoch Time: 0.82s | Spearman@80: 0.5735 | Kendall@80: 0.4080
Epoch 101/150 | Train Loss: 0.0266 | Epoch Time: 0.83s | Spearman@80: 0.5745 | Kendall@80: 0.4099
Epoch 102/150 | Train Loss: 0.0262 | Epoch Time: 0.83s | Spearman@80: 0.5743 | Kendall@80: 0.4086
Epoch 103/150 | Train Loss: 0.0252 | Epoch Time: 0.83s | Spearman@80: 0.5390 | Kendall@80: 0.3769
Epoch 104/150 | Train Loss: 0.0224 | Epoch Time: 0.85s | Spearman@80: 0.5375 | Kendall@80: 0.3769
Epoch 105/150 | Train Loss: 0.0220 | Epoch Time: 0.82s | Spearman@80: 0.5426 | Kendall@80: 0.3814
Epoch 106/150 | Train Loss: 0.0265 | Epoch Time: 0.83s | Spearman@80: 0.5346 | Kendall@80: 0.3801
Epoch 107/150 | Train Loss: 0.0197 | Epoch Time: 0.83s | Spearman@80: 0.5615 | Kendall@80: 0.3940
Epoch 108/150 | Train Loss: 0.0237 | Epoch Time: 0.83s | Spearman@80: 0.5870 | Kendall@80: 0.4207
Epoch 109/150 | Train Loss: 0.0232 | Epoch Time: 0.83s | Spearman@80: 0.5867 | Kendall@80: 0.4207
Epoch 110/150 | Train Loss: 0.0188 | Epoch Time: 0.83s | Spearman@80: 0.6073 | Kendall@80: 0.4378
Epoch 111/150 | Train Loss: 0.0258 | Epoch Time: 0.83s | Spearman@80: 0.6082 | Kendall@80: 0.4359
Epoch 112/150 | Train Loss: 0.0298 | Epoch Time: 0.84s | Spearman@80: 0.6045 | Kendall@80: 0.4422
Epoch 113/150 | Train Loss: 0.0233 | Epoch Time: 0.83s | Spearman@80: 0.5789 | Kendall@80: 0.4150
Epoch 114/150 | Train Loss: 0.0287 | Epoch Time: 0.82s | Spearman@80: 0.5740 | Kendall@80: 0.4137
Epoch 115/150 | Train Loss: 0.0217 | Epoch Time: 0.82s | Spearman@80: 0.5950 | Kendall@80: 0.4283
Epoch 116/150 | Train Loss: 0.0207 | Epoch Time: 0.83s | Spearman@80: 0.5912 | Kendall@80: 0.4245
Epoch 117/150 | Train Loss: 0.0241 | Epoch Time: 0.83s | Spearman@80: 0.5804 | Kendall@80: 0.4181
Epoch 118/150 | Train Loss: 0.0226 | Epoch Time: 0.83s | Spearman@80: 0.6019 | Kendall@80: 0.4391
Epoch 119/150 | Train Loss: 0.0203 | Epoch Time: 0.84s | Spearman@80: 0.6160 | Kendall@80: 0.4473
Epoch 120/150 | Train Loss: 0.0219 | Epoch Time: 0.83s | Spearman@80: 0.6091 | Kendall@80: 0.4403
Epoch 121/150 | Train Loss: 0.0193 | Epoch Time: 0.84s | Spearman@80: 0.6011 | Kendall@80: 0.4359
Epoch 122/150 | Train Loss: 0.0223 | Epoch Time: 0.82s | Spearman@80: 0.5915 | Kendall@80: 0.4295
Epoch 123/150 | Train Loss: 0.0231 | Epoch Time: 0.83s | Spearman@80: 0.6022 | Kendall@80: 0.4346
Epoch 124/150 | Train Loss: 0.0231 | Epoch Time: 0.84s | Spearman@80: 0.5995 | Kendall@80: 0.4321
Epoch 125/150 | Train Loss: 0.0183 | Epoch Time: 0.83s | Spearman@80: 0.5909 | Kendall@80: 0.4232
Epoch 126/150 | Train Loss: 0.0216 | Epoch Time: 0.84s | Spearman@80: 0.6030 | Kendall@80: 0.4410
Epoch 127/150 | Train Loss: 0.0204 | Epoch Time: 0.82s | Spearman@80: 0.5889 | Kendall@80: 0.4232
Epoch 128/150 | Train Loss: 0.0183 | Epoch Time: 0.83s | Spearman@80: 0.5863 | Kendall@80: 0.4213
Epoch 129/150 | Train Loss: 0.0189 | Epoch Time: 0.83s | Spearman@80: 0.5906 | Kendall@80: 0.4232
Epoch 130/150 | Train Loss: 0.0184 | Epoch Time: 0.83s | Spearman@80: 0.5943 | Kendall@80: 0.4257
Epoch 131/150 | Train Loss: 0.0222 | Epoch Time: 0.83s | Spearman@80: 0.5873 | Kendall@80: 0.4238
Epoch 132/150 | Train Loss: 0.0184 | Epoch Time: 0.83s | Spearman@80: 0.5761 | Kendall@80: 0.4093
Epoch 133/150 | Train Loss: 0.0181 | Epoch Time: 0.83s | Spearman@80: 0.6073 | Kendall@80: 0.4346
Epoch 134/150 | Train Loss: 0.0162 | Epoch Time: 0.82s | Spearman@80: 0.5862 | Kendall@80: 0.4131
Epoch 135/150 | Train Loss: 0.0176 | Epoch Time: 0.84s | Spearman@80: 0.5855 | Kendall@80: 0.4175
Epoch 136/150 | Train Loss: 0.0175 | Epoch Time: 0.84s | Spearman@80: 0.5865 | Kendall@80: 0.4175
Epoch 137/150 | Train Loss: 0.0182 | Epoch Time: 0.82s | Spearman@80: 0.5989 | Kendall@80: 0.4346
Epoch 138/150 | Train Loss: 0.0176 | Epoch Time: 0.83s | Spearman@80: 0.5885 | Kendall@80: 0.4213
Epoch 139/150 | Train Loss: 0.0173 | Epoch Time: 0.84s | Spearman@80: 0.6028 | Kendall@80: 0.4378
Epoch 140/150 | Train Loss: 0.0170 | Epoch Time: 0.82s | Spearman@80: 0.5951 | Kendall@80: 0.4257
Epoch 141/150 | Train Loss: 0.0184 | Epoch Time: 0.83s | Spearman@80: 0.5893 | Kendall@80: 0.4283
Epoch 142/150 | Train Loss: 0.0199 | Epoch Time: 0.83s | Spearman@80: 0.6049 | Kendall@80: 0.4384
Epoch 143/150 | Train Loss: 0.0177 | Epoch Time: 0.82s | Spearman@80: 0.5883 | Kendall@80: 0.4257
Epoch 144/150 | Train Loss: 0.0199 | Epoch Time: 0.83s | Spearman@80: 0.5936 | Kendall@80: 0.4251
Epoch 145/150 | Train Loss: 0.0182 | Epoch Time: 0.83s | Spearman@80: 0.5899 | Kendall@80: 0.4232
Epoch 146/150 | Train Loss: 0.0219 | Epoch Time: 0.82s | Spearman@80: 0.5907 | Kendall@80: 0.4245
Epoch 147/150 | Train Loss: 0.0228 | Epoch Time: 1.63s | Spearman@4870: 0.5380 | Kendall@4870: 0.3777
Epoch 148/150 | Train Loss: 0.0200 | Epoch Time: 1.64s | Spearman@4870: 0.5358 | Kendall@4870: 0.3761
Epoch 149/150 | Train Loss: 0.0157 | Epoch Time: 1.63s | Spearman@4870: 0.5400 | Kendall@4870: 0.3792
Epoch 150/150 | Train Loss: 0.0205 | Epoch Time: 1.64s | Spearman@4870: 0.5303 | Kendall@4870: 0.3720
Sample Count: 128, Spearman: 0.5360382526504184, Kendall: 0.376253206539935
{64: (0.389521441431955, 0.2653330168825388),
 128: (0.5360382526504184, 0.376253206539935)}
Epoch 1/150 | Train Loss: 0.1008 | Epoch Time: 0.42s | Spearman@80: 0.2493 | Kendall@80: 0.1604
Epoch 2/150 | Train Loss: 0.0947 | Epoch Time: 0.44s | Spearman@80: 0.2001 | Kendall@80: 0.1319
Epoch 3/150 | Train Loss: 0.0790 | Epoch Time: 0.42s | Spearman@80: 0.1560 | Kendall@80: 0.1065
Epoch 4/150 | Train Loss: 0.0668 | Epoch Time: 0.45s | Spearman@80: 0.1473 | Kendall@80: 0.0938
Epoch 5/150 | Train Loss: 0.0654 | Epoch Time: 0.43s | Spearman@80: 0.3036 | Kendall@80: 0.2010
Epoch 6/150 | Train Loss: 0.0705 | Epoch Time: 0.42s | Spearman@80: 0.3354 | Kendall@80: 0.2118
Epoch 7/150 | Train Loss: 0.0735 | Epoch Time: 0.42s | Spearman@80: 0.3540 | Kendall@80: 0.2289
Epoch 8/150 | Train Loss: 0.0734 | Epoch Time: 0.43s | Spearman@80: 0.2509 | Kendall@80: 0.1579
Epoch 9/150 | Train Loss: 0.0600 | Epoch Time: 0.42s | Spearman@80: 0.1906 | Kendall@80: 0.1332
Epoch 10/150 | Train Loss: 0.0679 | Epoch Time: 0.42s | Spearman@80: 0.2785 | Kendall@80: 0.1795
Epoch 11/150 | Train Loss: 0.0678 | Epoch Time: 0.42s | Spearman@80: 0.3270 | Kendall@80: 0.2226
Epoch 12/150 | Train Loss: 0.0712 | Epoch Time: 0.43s | Spearman@80: 0.3902 | Kendall@80: 0.2600
Epoch 13/150 | Train Loss: 0.0589 | Epoch Time: 0.42s | Spearman@80: 0.2813 | Kendall@80: 0.1902
Epoch 14/150 | Train Loss: 0.0685 | Epoch Time: 0.42s | Spearman@80: 0.3618 | Kendall@80: 0.2410
Epoch 15/150 | Train Loss: 0.0645 | Epoch Time: 0.42s | Spearman@80: 0.3074 | Kendall@80: 0.2074
Epoch 16/150 | Train Loss: 0.0612 | Epoch Time: 0.42s | Spearman@80: 0.3667 | Kendall@80: 0.2321
Epoch 17/150 | Train Loss: 0.0603 | Epoch Time: 0.42s | Spearman@80: 0.2626 | Kendall@80: 0.1668
Epoch 18/150 | Train Loss: 0.0511 | Epoch Time: 0.42s | Spearman@80: 0.3447 | Kendall@80: 0.2207
Epoch 19/150 | Train Loss: 0.0498 | Epoch Time: 0.42s | Spearman@80: 0.3728 | Kendall@80: 0.2467
Epoch 20/150 | Train Loss: 0.0533 | Epoch Time: 0.42s | Spearman@80: 0.2804 | Kendall@80: 0.1757
Epoch 21/150 | Train Loss: 0.0462 | Epoch Time: 0.44s | Spearman@80: 0.3535 | Kendall@80: 0.2346
Epoch 22/150 | Train Loss: 0.0476 | Epoch Time: 0.42s | Spearman@80: 0.3913 | Kendall@80: 0.2581
Epoch 23/150 | Train Loss: 0.0479 | Epoch Time: 0.42s | Spearman@80: 0.3758 | Kendall@80: 0.2498
Epoch 24/150 | Train Loss: 0.0514 | Epoch Time: 0.42s | Spearman@80: 0.4580 | Kendall@80: 0.2980
Epoch 25/150 | Train Loss: 0.0538 | Epoch Time: 0.42s | Spearman@80: 0.4082 | Kendall@80: 0.2638
Epoch 26/150 | Train Loss: 0.0479 | Epoch Time: 0.44s | Spearman@80: 0.3469 | Kendall@80: 0.2264
Epoch 27/150 | Train Loss: 0.0521 | Epoch Time: 0.42s | Spearman@80: 0.4074 | Kendall@80: 0.2689
Epoch 28/150 | Train Loss: 0.0453 | Epoch Time: 0.42s | Spearman@80: 0.3171 | Kendall@80: 0.2042
Epoch 29/150 | Train Loss: 0.0438 | Epoch Time: 0.43s | Spearman@80: 0.4100 | Kendall@80: 0.2714
Epoch 30/150 | Train Loss: 0.0456 | Epoch Time: 0.45s | Spearman@80: 0.4824 | Kendall@80: 0.3107
Epoch 31/150 | Train Loss: 0.0494 | Epoch Time: 0.42s | Spearman@80: 0.2875 | Kendall@80: 0.1852
Epoch 32/150 | Train Loss: 0.0441 | Epoch Time: 0.42s | Spearman@80: 0.3393 | Kendall@80: 0.2200
Epoch 33/150 | Train Loss: 0.0402 | Epoch Time: 0.42s | Spearman@80: 0.5163 | Kendall@80: 0.3450
Epoch 34/150 | Train Loss: 0.0503 | Epoch Time: 0.43s | Spearman@80: 0.4876 | Kendall@80: 0.3183
Epoch 35/150 | Train Loss: 0.0469 | Epoch Time: 0.42s | Spearman@80: 0.4150 | Kendall@80: 0.2727
Epoch 36/150 | Train Loss: 0.0396 | Epoch Time: 0.43s | Spearman@80: 0.3510 | Kendall@80: 0.2340
Epoch 37/150 | Train Loss: 0.0420 | Epoch Time: 0.43s | Spearman@80: 0.4246 | Kendall@80: 0.2854
Epoch 38/150 | Train Loss: 0.0373 | Epoch Time: 0.45s | Spearman@80: 0.4393 | Kendall@80: 0.2942
Epoch 39/150 | Train Loss: 0.0528 | Epoch Time: 0.42s | Spearman@80: 0.5226 | Kendall@80: 0.3500
Epoch 40/150 | Train Loss: 0.0429 | Epoch Time: 0.44s | Spearman@80: 0.4051 | Kendall@80: 0.2619
Epoch 41/150 | Train Loss: 0.0466 | Epoch Time: 0.42s | Spearman@80: 0.4629 | Kendall@80: 0.3177
Epoch 42/150 | Train Loss: 0.0415 | Epoch Time: 0.42s | Spearman@80: 0.4009 | Kendall@80: 0.2606
Epoch 43/150 | Train Loss: 0.0302 | Epoch Time: 0.42s | Spearman@80: 0.4568 | Kendall@80: 0.3139
Epoch 44/150 | Train Loss: 0.0384 | Epoch Time: 0.42s | Spearman@80: 0.4692 | Kendall@80: 0.3215
Epoch 45/150 | Train Loss: 0.0437 | Epoch Time: 0.42s | Spearman@80: 0.3884 | Kendall@80: 0.2581
Epoch 46/150 | Train Loss: 0.0428 | Epoch Time: 0.42s | Spearman@80: 0.4559 | Kendall@80: 0.3088
Epoch 47/150 | Train Loss: 0.0351 | Epoch Time: 0.42s | Spearman@80: 0.4293 | Kendall@80: 0.2904
Epoch 48/150 | Train Loss: 0.0308 | Epoch Time: 0.43s | Spearman@80: 0.4483 | Kendall@80: 0.2999
Epoch 49/150 | Train Loss: 0.0379 | Epoch Time: 0.44s | Spearman@80: 0.5443 | Kendall@80: 0.3811
Epoch 50/150 | Train Loss: 0.0274 | Epoch Time: 0.44s | Spearman@80: 0.4938 | Kendall@80: 0.3354
Epoch 51/150 | Train Loss: 0.0283 | Epoch Time: 0.42s | Spearman@80: 0.4324 | Kendall@80: 0.2841
Epoch 52/150 | Train Loss: 0.0408 | Epoch Time: 0.45s | Spearman@80: 0.3730 | Kendall@80: 0.2467
Epoch 53/150 | Train Loss: 0.0322 | Epoch Time: 0.43s | Spearman@80: 0.5519 | Kendall@80: 0.3754
Epoch 54/150 | Train Loss: 0.0387 | Epoch Time: 0.42s | Spearman@80: 0.5555 | Kendall@80: 0.3824
Epoch 55/150 | Train Loss: 0.0345 | Epoch Time: 0.43s | Spearman@80: 0.5752 | Kendall@80: 0.3982
Epoch 56/150 | Train Loss: 0.0363 | Epoch Time: 0.43s | Spearman@80: 0.5097 | Kendall@80: 0.3488
Epoch 57/150 | Train Loss: 0.0379 | Epoch Time: 0.43s | Spearman@80: 0.5048 | Kendall@80: 0.3462
Epoch 58/150 | Train Loss: 0.0243 | Epoch Time: 0.43s | Spearman@80: 0.5222 | Kendall@80: 0.3595
Epoch 59/150 | Train Loss: 0.0260 | Epoch Time: 0.42s | Spearman@80: 0.4729 | Kendall@80: 0.3240
Epoch 60/150 | Train Loss: 0.0295 | Epoch Time: 0.43s | Spearman@80: 0.5470 | Kendall@80: 0.3786
Epoch 61/150 | Train Loss: 0.0289 | Epoch Time: 0.42s | Spearman@80: 0.5317 | Kendall@80: 0.3703
Epoch 62/150 | Train Loss: 0.0256 | Epoch Time: 0.42s | Spearman@80: 0.4363 | Kendall@80: 0.2936
Epoch 63/150 | Train Loss: 0.0333 | Epoch Time: 0.42s | Spearman@80: 0.4840 | Kendall@80: 0.3228
Epoch 64/150 | Train Loss: 0.0312 | Epoch Time: 0.42s | Spearman@80: 0.4386 | Kendall@80: 0.2917
Epoch 65/150 | Train Loss: 0.0376 | Epoch Time: 0.42s | Spearman@80: 0.4811 | Kendall@80: 0.3209
Epoch 66/150 | Train Loss: 0.0225 | Epoch Time: 0.42s | Spearman@80: 0.5242 | Kendall@80: 0.3595
Epoch 67/150 | Train Loss: 0.0262 | Epoch Time: 0.42s | Spearman@80: 0.4953 | Kendall@80: 0.3405
Epoch 68/150 | Train Loss: 0.0264 | Epoch Time: 0.42s | Spearman@80: 0.3325 | Kendall@80: 0.2131
Epoch 69/150 | Train Loss: 0.0251 | Epoch Time: 0.42s | Spearman@80: 0.4472 | Kendall@80: 0.3012
Epoch 70/150 | Train Loss: 0.0320 | Epoch Time: 0.43s | Spearman@80: 0.4884 | Kendall@80: 0.3310
Epoch 71/150 | Train Loss: 0.0214 | Epoch Time: 0.42s | Spearman@80: 0.4857 | Kendall@80: 0.3247
Epoch 72/150 | Train Loss: 0.0350 | Epoch Time: 0.42s | Spearman@80: 0.4928 | Kendall@80: 0.3367
Epoch 73/150 | Train Loss: 0.0254 | Epoch Time: 0.45s | Spearman@80: 0.5128 | Kendall@80: 0.3494
Epoch 74/150 | Train Loss: 0.0221 | Epoch Time: 0.42s | Spearman@80: 0.5421 | Kendall@80: 0.3754
Epoch 75/150 | Train Loss: 0.0220 | Epoch Time: 0.42s | Spearman@80: 0.5239 | Kendall@80: 0.3608
Epoch 76/150 | Train Loss: 0.0257 | Epoch Time: 0.44s | Spearman@80: 0.4324 | Kendall@80: 0.2961
Epoch 77/150 | Train Loss: 0.0254 | Epoch Time: 0.42s | Spearman@80: 0.5318 | Kendall@80: 0.3602
Epoch 78/150 | Train Loss: 0.0245 | Epoch Time: 0.42s | Spearman@80: 0.5119 | Kendall@80: 0.3526
Epoch 79/150 | Train Loss: 0.0202 | Epoch Time: 0.42s | Spearman@80: 0.5132 | Kendall@80: 0.3513
Epoch 80/150 | Train Loss: 0.0193 | Epoch Time: 0.42s | Spearman@80: 0.4428 | Kendall@80: 0.2942
Epoch 81/150 | Train Loss: 0.0277 | Epoch Time: 0.42s | Spearman@80: 0.4569 | Kendall@80: 0.3126
Epoch 82/150 | Train Loss: 0.0231 | Epoch Time: 0.42s | Spearman@80: 0.4955 | Kendall@80: 0.3380
Epoch 83/150 | Train Loss: 0.0206 | Epoch Time: 0.42s | Spearman@80: 0.5216 | Kendall@80: 0.3621
Epoch 84/150 | Train Loss: 0.0269 | Epoch Time: 0.42s | Spearman@80: 0.5234 | Kendall@80: 0.3621
Epoch 85/150 | Train Loss: 0.0204 | Epoch Time: 0.42s | Spearman@80: 0.5643 | Kendall@80: 0.3874
Epoch 86/150 | Train Loss: 0.0211 | Epoch Time: 0.44s | Spearman@80: 0.5628 | Kendall@80: 0.3811
Epoch 87/150 | Train Loss: 0.0187 | Epoch Time: 0.42s | Spearman@80: 0.5883 | Kendall@80: 0.4090
Epoch 88/150 | Train Loss: 0.0159 | Epoch Time: 0.42s | Spearman@80: 0.5746 | Kendall@80: 0.3957
Epoch 89/150 | Train Loss: 0.0178 | Epoch Time: 0.42s | Spearman@80: 0.5906 | Kendall@80: 0.4090
Epoch 90/150 | Train Loss: 0.0238 | Epoch Time: 0.46s | Spearman@80: 0.5808 | Kendall@80: 0.4033
Epoch 91/150 | Train Loss: 0.0167 | Epoch Time: 0.42s | Spearman@80: 0.5433 | Kendall@80: 0.3691
Epoch 92/150 | Train Loss: 0.0123 | Epoch Time: 0.42s | Spearman@80: 0.5853 | Kendall@80: 0.4084
Epoch 93/150 | Train Loss: 0.0119 | Epoch Time: 0.43s | Spearman@80: 0.5741 | Kendall@80: 0.4020
Epoch 94/150 | Train Loss: 0.0207 | Epoch Time: 0.42s | Spearman@80: 0.5546 | Kendall@80: 0.3849
Epoch 95/150 | Train Loss: 0.0177 | Epoch Time: 0.42s | Spearman@80: 0.5789 | Kendall@80: 0.4008
Epoch 96/150 | Train Loss: 0.0164 | Epoch Time: 0.42s | Spearman@80: 0.5778 | Kendall@80: 0.4008
Epoch 97/150 | Train Loss: 0.0141 | Epoch Time: 0.42s | Spearman@80: 0.5851 | Kendall@80: 0.4052
Epoch 98/150 | Train Loss: 0.0161 | Epoch Time: 0.42s | Spearman@80: 0.5714 | Kendall@80: 0.3963
Epoch 99/150 | Train Loss: 0.0168 | Epoch Time: 0.43s | Spearman@80: 0.5890 | Kendall@80: 0.4115
Epoch 100/150 | Train Loss: 0.0139 | Epoch Time: 0.45s | Spearman@80: 0.5982 | Kendall@80: 0.4211
Epoch 101/150 | Train Loss: 0.0146 | Epoch Time: 0.43s | Spearman@80: 0.5794 | Kendall@80: 0.4020
Epoch 102/150 | Train Loss: 0.0196 | Epoch Time: 0.43s | Spearman@80: 0.5841 | Kendall@80: 0.4039
Epoch 103/150 | Train Loss: 0.0171 | Epoch Time: 0.43s | Spearman@80: 0.5780 | Kendall@80: 0.4033
Epoch 104/150 | Train Loss: 0.0134 | Epoch Time: 0.42s | Spearman@80: 0.5345 | Kendall@80: 0.3640
Epoch 105/150 | Train Loss: 0.0145 | Epoch Time: 0.43s | Spearman@80: 0.5215 | Kendall@80: 0.3564
Epoch 106/150 | Train Loss: 0.0136 | Epoch Time: 0.45s | Spearman@80: 0.5420 | Kendall@80: 0.3729
Epoch 107/150 | Train Loss: 0.0140 | Epoch Time: 0.45s | Spearman@80: 0.5518 | Kendall@80: 0.3811
Epoch 108/150 | Train Loss: 0.0143 | Epoch Time: 0.42s | Spearman@80: 0.5472 | Kendall@80: 0.3735
Epoch 109/150 | Train Loss: 0.0175 | Epoch Time: 0.42s | Spearman@80: 0.5680 | Kendall@80: 0.3944
Epoch 110/150 | Train Loss: 0.0089 | Epoch Time: 0.42s | Spearman@80: 0.5944 | Kendall@80: 0.4141
Epoch 111/150 | Train Loss: 0.0126 | Epoch Time: 0.42s | Spearman@80: 0.5585 | Kendall@80: 0.3855
Epoch 112/150 | Train Loss: 0.0158 | Epoch Time: 0.42s | Spearman@80: 0.5382 | Kendall@80: 0.3729
Epoch 113/150 | Train Loss: 0.0138 | Epoch Time: 0.43s | Spearman@80: 0.5262 | Kendall@80: 0.3583
Epoch 114/150 | Train Loss: 0.0175 | Epoch Time: 0.42s | Spearman@80: 0.5370 | Kendall@80: 0.3703
Epoch 115/150 | Train Loss: 0.0139 | Epoch Time: 0.42s | Spearman@80: 0.5249 | Kendall@80: 0.3576
Epoch 116/150 | Train Loss: 0.0099 | Epoch Time: 0.43s | Spearman@80: 0.5482 | Kendall@80: 0.3760
Epoch 117/150 | Train Loss: 0.0157 | Epoch Time: 0.42s | Spearman@80: 0.5560 | Kendall@80: 0.3849
Epoch 118/150 | Train Loss: 0.0101 | Epoch Time: 0.44s | Spearman@80: 0.5632 | Kendall@80: 0.3887
Epoch 119/150 | Train Loss: 0.0118 | Epoch Time: 0.42s | Spearman@80: 0.5662 | Kendall@80: 0.3906
Epoch 120/150 | Train Loss: 0.0130 | Epoch Time: 0.42s | Spearman@80: 0.5795 | Kendall@80: 0.4008
Epoch 121/150 | Train Loss: 0.0109 | Epoch Time: 0.43s | Spearman@80: 0.5816 | Kendall@80: 0.4058
Epoch 122/150 | Train Loss: 0.0106 | Epoch Time: 0.44s | Spearman@80: 0.5847 | Kendall@80: 0.4071
Epoch 123/150 | Train Loss: 0.0114 | Epoch Time: 0.42s | Spearman@80: 0.5749 | Kendall@80: 0.3989
Epoch 124/150 | Train Loss: 0.0113 | Epoch Time: 0.42s | Spearman@80: 0.5706 | Kendall@80: 0.3957
Epoch 125/150 | Train Loss: 0.0115 | Epoch Time: 0.42s | Spearman@80: 0.5728 | Kendall@80: 0.3970
Epoch 126/150 | Train Loss: 0.0129 | Epoch Time: 0.42s | Spearman@80: 0.5672 | Kendall@80: 0.3951
Epoch 127/150 | Train Loss: 0.0098 | Epoch Time: 0.43s | Spearman@80: 0.5673 | Kendall@80: 0.3951
Epoch 128/150 | Train Loss: 0.0088 | Epoch Time: 0.42s | Spearman@80: 0.5622 | Kendall@80: 0.3932
Epoch 129/150 | Train Loss: 0.0129 | Epoch Time: 0.43s | Spearman@80: 0.5569 | Kendall@80: 0.3887
Epoch 130/150 | Train Loss: 0.0121 | Epoch Time: 0.43s | Spearman@80: 0.5655 | Kendall@80: 0.3925
Epoch 131/150 | Train Loss: 0.0083 | Epoch Time: 0.42s | Spearman@80: 0.5751 | Kendall@80: 0.3995
Epoch 132/150 | Train Loss: 0.0121 | Epoch Time: 0.42s | Spearman@80: 0.5706 | Kendall@80: 0.3989
Epoch 133/150 | Train Loss: 0.0091 | Epoch Time: 0.42s | Spearman@80: 0.5637 | Kendall@80: 0.3963
Epoch 134/150 | Train Loss: 0.0094 | Epoch Time: 0.43s | Spearman@80: 0.5570 | Kendall@80: 0.3919
Epoch 135/150 | Train Loss: 0.0110 | Epoch Time: 0.44s | Spearman@80: 0.5630 | Kendall@80: 0.3951
Epoch 136/150 | Train Loss: 0.0116 | Epoch Time: 0.42s | Spearman@80: 0.5628 | Kendall@80: 0.3951
Epoch 137/150 | Train Loss: 0.0106 | Epoch Time: 0.43s | Spearman@80: 0.5638 | Kendall@80: 0.3963
Epoch 138/150 | Train Loss: 0.0104 | Epoch Time: 0.43s | Spearman@80: 0.5591 | Kendall@80: 0.3919
Epoch 139/150 | Train Loss: 0.0088 | Epoch Time: 0.42s | Spearman@80: 0.5703 | Kendall@80: 0.3982
Epoch 140/150 | Train Loss: 0.0096 | Epoch Time: 0.42s | Spearman@80: 0.5674 | Kendall@80: 0.3963
Epoch 141/150 | Train Loss: 0.0082 | Epoch Time: 0.43s | Spearman@80: 0.5681 | Kendall@80: 0.3982
Epoch 142/150 | Train Loss: 0.0106 | Epoch Time: 0.42s | Spearman@80: 0.5636 | Kendall@80: 0.3976
Epoch 143/150 | Train Loss: 0.0116 | Epoch Time: 0.46s | Spearman@80: 0.5613 | Kendall@80: 0.3951
Epoch 144/150 | Train Loss: 0.0118 | Epoch Time: 0.43s | Spearman@80: 0.5676 | Kendall@80: 0.4008
Epoch 145/150 | Train Loss: 0.0082 | Epoch Time: 0.43s | Spearman@80: 0.5638 | Kendall@80: 0.3963
Epoch 146/150 | Train Loss: 0.0099 | Epoch Time: 0.45s | Spearman@80: 0.5681 | Kendall@80: 0.3995
Epoch 147/150 | Train Loss: 0.0114 | Epoch Time: 1.26s | Spearman@4934: 0.5306 | Kendall@4934: 0.3708
Epoch 148/150 | Train Loss: 0.0095 | Epoch Time: 1.27s | Spearman@4934: 0.5279 | Kendall@4934: 0.3688
Epoch 149/150 | Train Loss: 0.0121 | Epoch Time: 1.27s | Spearman@4934: 0.5265 | Kendall@4934: 0.3678
Epoch 150/150 | Train Loss: 0.0077 | Epoch Time: 1.25s | Spearman@4934: 0.5272 | Kendall@4934: 0.3683
Sample Count: 64, Spearman: 0.5280418396337194, Kendall: 0.36893169749978827
{64: (0.5280418396337194, 0.36893169749978827),
 128: (0.5360382526504184, 0.376253206539935)}
Epoch 1/150 | Train Loss: 0.0966 | Epoch Time: 0.84s | Spearman@80: 0.6058 | Kendall@80: 0.4436
Epoch 2/150 | Train Loss: 0.0823 | Epoch Time: 0.84s | Spearman@80: 0.6219 | Kendall@80: 0.4632
Epoch 3/150 | Train Loss: 0.0731 | Epoch Time: 0.83s | Spearman@80: 0.6498 | Kendall@80: 0.4670
Epoch 4/150 | Train Loss: 0.0655 | Epoch Time: 0.83s | Spearman@80: 0.6277 | Kendall@80: 0.4531
Epoch 5/150 | Train Loss: 0.0687 | Epoch Time: 0.83s | Spearman@80: 0.6549 | Kendall@80: 0.4804
Epoch 6/150 | Train Loss: 0.0717 | Epoch Time: 0.83s | Spearman@80: 0.5342 | Kendall@80: 0.3847
Epoch 7/150 | Train Loss: 0.0709 | Epoch Time: 0.84s | Spearman@80: 0.6429 | Kendall@80: 0.4734
Epoch 8/150 | Train Loss: 0.0629 | Epoch Time: 0.84s | Spearman@80: 0.6051 | Kendall@80: 0.4379
Epoch 9/150 | Train Loss: 0.0562 | Epoch Time: 0.83s | Spearman@80: 0.6211 | Kendall@80: 0.4569
Epoch 10/150 | Train Loss: 0.0612 | Epoch Time: 0.83s | Spearman@80: 0.5693 | Kendall@80: 0.4087
Epoch 11/150 | Train Loss: 0.0626 | Epoch Time: 0.82s | Spearman@80: 0.5552 | Kendall@80: 0.4081
Epoch 12/150 | Train Loss: 0.0591 | Epoch Time: 0.83s | Spearman@80: 0.5904 | Kendall@80: 0.4240
Epoch 13/150 | Train Loss: 0.0692 | Epoch Time: 0.85s | Spearman@80: 0.5906 | Kendall@80: 0.4316
Epoch 14/150 | Train Loss: 0.0537 | Epoch Time: 0.82s | Spearman@80: 0.5941 | Kendall@80: 0.4392
Epoch 15/150 | Train Loss: 0.0581 | Epoch Time: 0.82s | Spearman@80: 0.5530 | Kendall@80: 0.3999
Epoch 16/150 | Train Loss: 0.0615 | Epoch Time: 0.83s | Spearman@80: 0.4982 | Kendall@80: 0.3549
Epoch 17/150 | Train Loss: 0.0530 | Epoch Time: 0.83s | Spearman@80: 0.6006 | Kendall@80: 0.4430
Epoch 18/150 | Train Loss: 0.0601 | Epoch Time: 0.83s | Spearman@80: 0.5985 | Kendall@80: 0.4303
Epoch 19/150 | Train Loss: 0.0624 | Epoch Time: 0.83s | Spearman@80: 0.5750 | Kendall@80: 0.4170
Epoch 20/150 | Train Loss: 0.0545 | Epoch Time: 0.83s | Spearman@80: 0.5699 | Kendall@80: 0.4081
Epoch 21/150 | Train Loss: 0.0586 | Epoch Time: 0.83s | Spearman@80: 0.6101 | Kendall@80: 0.4455
Epoch 22/150 | Train Loss: 0.0571 | Epoch Time: 0.83s | Spearman@80: 0.6187 | Kendall@80: 0.4474
Epoch 23/150 | Train Loss: 0.0556 | Epoch Time: 0.82s | Spearman@80: 0.5785 | Kendall@80: 0.4087
Epoch 24/150 | Train Loss: 0.0520 | Epoch Time: 0.83s | Spearman@80: 0.6054 | Kendall@80: 0.4347
Epoch 25/150 | Train Loss: 0.0607 | Epoch Time: 0.83s | Spearman@80: 0.5183 | Kendall@80: 0.3612
Epoch 26/150 | Train Loss: 0.0495 | Epoch Time: 0.83s | Spearman@80: 0.5345 | Kendall@80: 0.3802
Epoch 27/150 | Train Loss: 0.0514 | Epoch Time: 0.83s | Spearman@80: 0.5386 | Kendall@80: 0.3840
Epoch 28/150 | Train Loss: 0.0535 | Epoch Time: 0.84s | Spearman@80: 0.5824 | Kendall@80: 0.4240
Epoch 29/150 | Train Loss: 0.0521 | Epoch Time: 0.83s | Spearman@80: 0.6552 | Kendall@80: 0.4816
Epoch 30/150 | Train Loss: 0.0549 | Epoch Time: 0.84s | Spearman@80: 0.6009 | Kendall@80: 0.4328
Epoch 31/150 | Train Loss: 0.0466 | Epoch Time: 0.82s | Spearman@80: 0.5274 | Kendall@80: 0.3657
Epoch 32/150 | Train Loss: 0.0531 | Epoch Time: 0.83s | Spearman@80: 0.5850 | Kendall@80: 0.4233
Epoch 33/150 | Train Loss: 0.0437 | Epoch Time: 0.83s | Spearman@80: 0.4215 | Kendall@80: 0.2959
Epoch 34/150 | Train Loss: 0.0437 | Epoch Time: 0.84s | Spearman@80: 0.6109 | Kendall@80: 0.4468
Epoch 35/150 | Train Loss: 0.0486 | Epoch Time: 0.82s | Spearman@80: 0.5297 | Kendall@80: 0.3726
Epoch 36/150 | Train Loss: 0.0440 | Epoch Time: 0.83s | Spearman@80: 0.5365 | Kendall@80: 0.3777
Epoch 37/150 | Train Loss: 0.0538 | Epoch Time: 0.83s | Spearman@80: 0.5838 | Kendall@80: 0.4259
Epoch 38/150 | Train Loss: 0.0426 | Epoch Time: 0.82s | Spearman@80: 0.5435 | Kendall@80: 0.3847
Epoch 39/150 | Train Loss: 0.0439 | Epoch Time: 0.86s | Spearman@80: 0.5003 | Kendall@80: 0.3536
Epoch 40/150 | Train Loss: 0.0443 | Epoch Time: 0.83s | Spearman@80: 0.5941 | Kendall@80: 0.4284
Epoch 41/150 | Train Loss: 0.0487 | Epoch Time: 0.86s | Spearman@80: 0.5356 | Kendall@80: 0.3821
Epoch 42/150 | Train Loss: 0.0559 | Epoch Time: 0.83s | Spearman@80: 0.6312 | Kendall@80: 0.4588
Epoch 43/150 | Train Loss: 0.0400 | Epoch Time: 0.83s | Spearman@80: 0.5285 | Kendall@80: 0.3669
Epoch 44/150 | Train Loss: 0.0464 | Epoch Time: 0.85s | Spearman@80: 0.4820 | Kendall@80: 0.3365
Epoch 45/150 | Train Loss: 0.0489 | Epoch Time: 0.83s | Spearman@80: 0.6251 | Kendall@80: 0.4645
Epoch 46/150 | Train Loss: 0.0417 | Epoch Time: 0.83s | Spearman@80: 0.5297 | Kendall@80: 0.3625
Epoch 47/150 | Train Loss: 0.0474 | Epoch Time: 0.83s | Spearman@80: 0.6097 | Kendall@80: 0.4525
Epoch 48/150 | Train Loss: 0.0410 | Epoch Time: 0.82s | Spearman@80: 0.5943 | Kendall@80: 0.4176
Epoch 49/150 | Train Loss: 0.0451 | Epoch Time: 0.85s | Spearman@80: 0.5470 | Kendall@80: 0.3809
Epoch 50/150 | Train Loss: 0.0435 | Epoch Time: 0.83s | Spearman@80: 0.6161 | Kendall@80: 0.4436
Epoch 51/150 | Train Loss: 0.0366 | Epoch Time: 0.82s | Spearman@80: 0.5220 | Kendall@80: 0.3707
Epoch 52/150 | Train Loss: 0.0456 | Epoch Time: 0.83s | Spearman@80: 0.6197 | Kendall@80: 0.4455
Epoch 53/150 | Train Loss: 0.0406 | Epoch Time: 0.83s | Spearman@80: 0.5555 | Kendall@80: 0.3891
Epoch 54/150 | Train Loss: 0.0441 | Epoch Time: 0.83s | Spearman@80: 0.5928 | Kendall@80: 0.4335
Epoch 55/150 | Train Loss: 0.0421 | Epoch Time: 0.83s | Spearman@80: 0.6370 | Kendall@80: 0.4607
Epoch 56/150 | Train Loss: 0.0446 | Epoch Time: 0.84s | Spearman@80: 0.4486 | Kendall@80: 0.3143
Epoch 57/150 | Train Loss: 0.0395 | Epoch Time: 0.82s | Spearman@80: 0.5723 | Kendall@80: 0.4068
Epoch 58/150 | Train Loss: 0.0365 | Epoch Time: 0.83s | Spearman@80: 0.6191 | Kendall@80: 0.4417
Epoch 59/150 | Train Loss: 0.0362 | Epoch Time: 0.85s | Spearman@80: 0.5353 | Kendall@80: 0.3701
Epoch 60/150 | Train Loss: 0.0366 | Epoch Time: 0.83s | Spearman@80: 0.5535 | Kendall@80: 0.3866
Epoch 61/150 | Train Loss: 0.0302 | Epoch Time: 0.83s | Spearman@80: 0.5617 | Kendall@80: 0.3916
Epoch 62/150 | Train Loss: 0.0385 | Epoch Time: 0.83s | Spearman@80: 0.5527 | Kendall@80: 0.3885
Epoch 63/150 | Train Loss: 0.0384 | Epoch Time: 0.83s | Spearman@80: 0.5933 | Kendall@80: 0.4189
Epoch 64/150 | Train Loss: 0.0417 | Epoch Time: 0.83s | Spearman@80: 0.5796 | Kendall@80: 0.4043
Epoch 65/150 | Train Loss: 0.0353 | Epoch Time: 0.83s | Spearman@80: 0.5360 | Kendall@80: 0.3733
Epoch 66/150 | Train Loss: 0.0348 | Epoch Time: 0.85s | Spearman@80: 0.5652 | Kendall@80: 0.4068
Epoch 67/150 | Train Loss: 0.0343 | Epoch Time: 0.84s | Spearman@80: 0.5485 | Kendall@80: 0.3733
Epoch 68/150 | Train Loss: 0.0368 | Epoch Time: 0.82s | Spearman@80: 0.6079 | Kendall@80: 0.4354
Epoch 69/150 | Train Loss: 0.0358 | Epoch Time: 0.83s | Spearman@80: 0.6586 | Kendall@80: 0.4816
Epoch 70/150 | Train Loss: 0.0344 | Epoch Time: 0.84s | Spearman@80: 0.5095 | Kendall@80: 0.3580
Epoch 71/150 | Train Loss: 0.0308 | Epoch Time: 0.82s | Spearman@80: 0.5078 | Kendall@80: 0.3549
Epoch 72/150 | Train Loss: 0.0333 | Epoch Time: 0.82s | Spearman@80: 0.5428 | Kendall@80: 0.3752
Epoch 73/150 | Train Loss: 0.0281 | Epoch Time: 0.83s | Spearman@80: 0.5684 | Kendall@80: 0.4005
Epoch 74/150 | Train Loss: 0.0280 | Epoch Time: 0.83s | Spearman@80: 0.5007 | Kendall@80: 0.3479
Epoch 75/150 | Train Loss: 0.0302 | Epoch Time: 0.83s | Spearman@80: 0.5937 | Kendall@80: 0.4113
Epoch 76/150 | Train Loss: 0.0324 | Epoch Time: 0.82s | Spearman@80: 0.5271 | Kendall@80: 0.3580
Epoch 77/150 | Train Loss: 0.0287 | Epoch Time: 0.84s | Spearman@80: 0.5557 | Kendall@80: 0.3891
Epoch 78/150 | Train Loss: 0.0364 | Epoch Time: 0.83s | Spearman@80: 0.5904 | Kendall@80: 0.4138
Epoch 79/150 | Train Loss: 0.0337 | Epoch Time: 0.82s | Spearman@80: 0.5051 | Kendall@80: 0.3555
Epoch 80/150 | Train Loss: 0.0305 | Epoch Time: 0.83s | Spearman@80: 0.5432 | Kendall@80: 0.3790
Epoch 81/150 | Train Loss: 0.0275 | Epoch Time: 0.83s | Spearman@80: 0.6281 | Kendall@80: 0.4487
Epoch 82/150 | Train Loss: 0.0348 | Epoch Time: 0.83s | Spearman@80: 0.5665 | Kendall@80: 0.3999
Epoch 83/150 | Train Loss: 0.0275 | Epoch Time: 0.84s | Spearman@80: 0.5851 | Kendall@80: 0.4170
Epoch 84/150 | Train Loss: 0.0290 | Epoch Time: 0.82s | Spearman@80: 0.6023 | Kendall@80: 0.4227
Epoch 85/150 | Train Loss: 0.0271 | Epoch Time: 0.82s | Spearman@80: 0.5907 | Kendall@80: 0.4202
Epoch 86/150 | Train Loss: 0.0344 | Epoch Time: 0.83s | Spearman@80: 0.6075 | Kendall@80: 0.4360
Epoch 87/150 | Train Loss: 0.0279 | Epoch Time: 0.82s | Spearman@80: 0.5786 | Kendall@80: 0.4094
Epoch 88/150 | Train Loss: 0.0258 | Epoch Time: 0.86s | Spearman@80: 0.5873 | Kendall@80: 0.4106
Epoch 89/150 | Train Loss: 0.0281 | Epoch Time: 0.82s | Spearman@80: 0.5426 | Kendall@80: 0.3828
Epoch 90/150 | Train Loss: 0.0293 | Epoch Time: 0.84s | Spearman@80: 0.6221 | Kendall@80: 0.4436
Epoch 91/150 | Train Loss: 0.0269 | Epoch Time: 0.82s | Spearman@80: 0.5511 | Kendall@80: 0.3891
Epoch 92/150 | Train Loss: 0.0330 | Epoch Time: 0.84s | Spearman@80: 0.6205 | Kendall@80: 0.4455
Epoch 93/150 | Train Loss: 0.0281 | Epoch Time: 0.83s | Spearman@80: 0.6025 | Kendall@80: 0.4284
Epoch 94/150 | Train Loss: 0.0244 | Epoch Time: 0.83s | Spearman@80: 0.5672 | Kendall@80: 0.3967
Epoch 95/150 | Train Loss: 0.0255 | Epoch Time: 0.83s | Spearman@80: 0.5957 | Kendall@80: 0.4170
Epoch 96/150 | Train Loss: 0.0266 | Epoch Time: 0.85s | Spearman@80: 0.5938 | Kendall@80: 0.4125
Epoch 97/150 | Train Loss: 0.0253 | Epoch Time: 0.83s | Spearman@80: 0.5638 | Kendall@80: 0.3910
Epoch 98/150 | Train Loss: 0.0244 | Epoch Time: 0.82s | Spearman@80: 0.6001 | Kendall@80: 0.4183
Epoch 99/150 | Train Loss: 0.0306 | Epoch Time: 0.87s | Spearman@80: 0.5731 | Kendall@80: 0.4043
Epoch 100/150 | Train Loss: 0.0272 | Epoch Time: 0.86s | Spearman@80: 0.5786 | Kendall@80: 0.4037
Epoch 101/150 | Train Loss: 0.0291 | Epoch Time: 0.83s | Spearman@80: 0.5905 | Kendall@80: 0.4138
Epoch 102/150 | Train Loss: 0.0253 | Epoch Time: 0.87s | Spearman@80: 0.6079 | Kendall@80: 0.4335
Epoch 103/150 | Train Loss: 0.0262 | Epoch Time: 0.83s | Spearman@80: 0.6519 | Kendall@80: 0.4721
Epoch 104/150 | Train Loss: 0.0221 | Epoch Time: 0.83s | Spearman@80: 0.6394 | Kendall@80: 0.4626
Epoch 105/150 | Train Loss: 0.0251 | Epoch Time: 0.83s | Spearman@80: 0.5977 | Kendall@80: 0.4246
Epoch 106/150 | Train Loss: 0.0233 | Epoch Time: 0.84s | Spearman@80: 0.5980 | Kendall@80: 0.4208
Epoch 107/150 | Train Loss: 0.0195 | Epoch Time: 0.87s | Spearman@80: 0.5937 | Kendall@80: 0.4189
Epoch 108/150 | Train Loss: 0.0176 | Epoch Time: 0.83s | Spearman@80: 0.5908 | Kendall@80: 0.4170
Epoch 109/150 | Train Loss: 0.0277 | Epoch Time: 0.84s | Spearman@80: 0.5828 | Kendall@80: 0.4138
Epoch 110/150 | Train Loss: 0.0194 | Epoch Time: 0.83s | Spearman@80: 0.6008 | Kendall@80: 0.4290
Epoch 111/150 | Train Loss: 0.0269 | Epoch Time: 0.83s | Spearman@80: 0.6202 | Kendall@80: 0.4468
Epoch 112/150 | Train Loss: 0.0234 | Epoch Time: 0.84s | Spearman@80: 0.6273 | Kendall@80: 0.4423
Epoch 113/150 | Train Loss: 0.0205 | Epoch Time: 0.82s | Spearman@80: 0.6156 | Kendall@80: 0.4398
Epoch 114/150 | Train Loss: 0.0233 | Epoch Time: 0.84s | Spearman@80: 0.6076 | Kendall@80: 0.4335
Epoch 115/150 | Train Loss: 0.0225 | Epoch Time: 0.82s | Spearman@80: 0.6176 | Kendall@80: 0.4417
Epoch 116/150 | Train Loss: 0.0222 | Epoch Time: 0.83s | Spearman@80: 0.5966 | Kendall@80: 0.4221
Epoch 117/150 | Train Loss: 0.0153 | Epoch Time: 0.83s | Spearman@80: 0.5950 | Kendall@80: 0.4252
Epoch 118/150 | Train Loss: 0.0210 | Epoch Time: 0.82s | Spearman@80: 0.6091 | Kendall@80: 0.4373
Epoch 119/150 | Train Loss: 0.0163 | Epoch Time: 0.84s | Spearman@80: 0.6050 | Kendall@80: 0.4303
Epoch 120/150 | Train Loss: 0.0191 | Epoch Time: 0.83s | Spearman@80: 0.6001 | Kendall@80: 0.4265
Epoch 121/150 | Train Loss: 0.0226 | Epoch Time: 0.88s | Spearman@80: 0.5812 | Kendall@80: 0.4100
Epoch 122/150 | Train Loss: 0.0209 | Epoch Time: 0.83s | Spearman@80: 0.5940 | Kendall@80: 0.4252
Epoch 123/150 | Train Loss: 0.0205 | Epoch Time: 0.82s | Spearman@80: 0.6193 | Kendall@80: 0.4493
Epoch 124/150 | Train Loss: 0.0185 | Epoch Time: 0.83s | Spearman@80: 0.6113 | Kendall@80: 0.4404
Epoch 125/150 | Train Loss: 0.0177 | Epoch Time: 0.83s | Spearman@80: 0.6057 | Kendall@80: 0.4385
Epoch 126/150 | Train Loss: 0.0179 | Epoch Time: 0.86s | Spearman@80: 0.6020 | Kendall@80: 0.4335
Epoch 127/150 | Train Loss: 0.0194 | Epoch Time: 0.82s | Spearman@80: 0.6138 | Kendall@80: 0.4461
Epoch 128/150 | Train Loss: 0.0217 | Epoch Time: 0.83s | Spearman@80: 0.5991 | Kendall@80: 0.4316
Epoch 129/150 | Train Loss: 0.0191 | Epoch Time: 0.83s | Spearman@80: 0.6254 | Kendall@80: 0.4537
Epoch 130/150 | Train Loss: 0.0155 | Epoch Time: 0.83s | Spearman@80: 0.6268 | Kendall@80: 0.4613
Epoch 131/150 | Train Loss: 0.0181 | Epoch Time: 0.83s | Spearman@80: 0.6129 | Kendall@80: 0.4430
Epoch 132/150 | Train Loss: 0.0209 | Epoch Time: 0.83s | Spearman@80: 0.6149 | Kendall@80: 0.4468
Epoch 133/150 | Train Loss: 0.0193 | Epoch Time: 0.82s | Spearman@80: 0.6066 | Kendall@80: 0.4423
Epoch 134/150 | Train Loss: 0.0175 | Epoch Time: 0.82s | Spearman@80: 0.6058 | Kendall@80: 0.4436
Epoch 135/150 | Train Loss: 0.0226 | Epoch Time: 0.83s | Spearman@80: 0.6099 | Kendall@80: 0.4442
Epoch 136/150 | Train Loss: 0.0175 | Epoch Time: 0.83s | Spearman@80: 0.6033 | Kendall@80: 0.4335
Epoch 137/150 | Train Loss: 0.0203 | Epoch Time: 0.83s | Spearman@80: 0.6132 | Kendall@80: 0.4442
Epoch 138/150 | Train Loss: 0.0190 | Epoch Time: 0.83s | Spearman@80: 0.6075 | Kendall@80: 0.4398
Epoch 139/150 | Train Loss: 0.0162 | Epoch Time: 0.84s | Spearman@80: 0.5976 | Kendall@80: 0.4265
Epoch 140/150 | Train Loss: 0.0152 | Epoch Time: 0.83s | Spearman@80: 0.6098 | Kendall@80: 0.4411
Epoch 141/150 | Train Loss: 0.0167 | Epoch Time: 0.83s | Spearman@80: 0.6098 | Kendall@80: 0.4430
Epoch 142/150 | Train Loss: 0.0186 | Epoch Time: 0.83s | Spearman@80: 0.6016 | Kendall@80: 0.4335
Epoch 143/150 | Train Loss: 0.0145 | Epoch Time: 0.87s | Spearman@80: 0.6194 | Kendall@80: 0.4518
Epoch 144/150 | Train Loss: 0.0185 | Epoch Time: 0.83s | Spearman@80: 0.6091 | Kendall@80: 0.4398
Epoch 145/150 | Train Loss: 0.0214 | Epoch Time: 0.83s | Spearman@80: 0.6104 | Kendall@80: 0.4411
Epoch 146/150 | Train Loss: 0.0208 | Epoch Time: 0.82s | Spearman@80: 0.6143 | Kendall@80: 0.4499
Epoch 147/150 | Train Loss: 0.0189 | Epoch Time: 1.63s | Spearman@4870: 0.5584 | Kendall@4870: 0.3924
Epoch 148/150 | Train Loss: 0.0193 | Epoch Time: 1.63s | Spearman@4870: 0.5587 | Kendall@4870: 0.3926
Epoch 149/150 | Train Loss: 0.0174 | Epoch Time: 1.63s | Spearman@4870: 0.5545 | Kendall@4870: 0.3892
Epoch 150/150 | Train Loss: 0.0186 | Epoch Time: 1.63s | Spearman@4870: 0.5542 | Kendall@4870: 0.3889
Sample Count: 128, Spearman: 0.5564429001002107, Kendall: 0.39075326679064704
{64: (0.5280418396337194, 0.36893169749978827),
 128: (0.5564429001002107, 0.39075326679064704)}
Epoch 1/150 | Train Loss: 0.0979 | Epoch Time: 0.43s | Spearman@80: 0.3540 | Kendall@80: 0.2468
Epoch 2/150 | Train Loss: 0.0876 | Epoch Time: 0.44s | Spearman@80: 0.3896 | Kendall@80: 0.2690
Epoch 3/150 | Train Loss: 0.0794 | Epoch Time: 0.42s | Spearman@80: 0.4168 | Kendall@80: 0.2816
Epoch 4/150 | Train Loss: 0.0719 | Epoch Time: 0.42s | Spearman@80: 0.4452 | Kendall@80: 0.3051
Epoch 5/150 | Train Loss: 0.0673 | Epoch Time: 0.44s | Spearman@80: 0.4597 | Kendall@80: 0.3228
Epoch 6/150 | Train Loss: 0.0720 | Epoch Time: 0.42s | Spearman@80: 0.4837 | Kendall@80: 0.3355
Epoch 7/150 | Train Loss: 0.0608 | Epoch Time: 0.42s | Spearman@80: 0.5451 | Kendall@80: 0.3837
Epoch 8/150 | Train Loss: 0.0565 | Epoch Time: 0.46s | Spearman@80: 0.5686 | Kendall@80: 0.3944
Epoch 9/150 | Train Loss: 0.0548 | Epoch Time: 0.42s | Spearman@80: 0.4898 | Kendall@80: 0.3336
Epoch 10/150 | Train Loss: 0.0507 | Epoch Time: 0.42s | Spearman@80: 0.4893 | Kendall@80: 0.3494
Epoch 11/150 | Train Loss: 0.0582 | Epoch Time: 0.42s | Spearman@80: 0.5361 | Kendall@80: 0.3786
Epoch 12/150 | Train Loss: 0.0494 | Epoch Time: 0.44s | Spearman@80: 0.5680 | Kendall@80: 0.4001
Epoch 13/150 | Train Loss: 0.0507 | Epoch Time: 0.43s | Spearman@80: 0.5784 | Kendall@80: 0.4058
Epoch 14/150 | Train Loss: 0.0478 | Epoch Time: 0.42s | Spearman@80: 0.6352 | Kendall@80: 0.4527
Epoch 15/150 | Train Loss: 0.0486 | Epoch Time: 0.42s | Spearman@80: 0.6047 | Kendall@80: 0.4286
Epoch 16/150 | Train Loss: 0.0512 | Epoch Time: 0.42s | Spearman@80: 0.6085 | Kendall@80: 0.4248
Epoch 17/150 | Train Loss: 0.0424 | Epoch Time: 0.42s | Spearman@80: 0.6250 | Kendall@80: 0.4407
Epoch 18/150 | Train Loss: 0.0368 | Epoch Time: 0.42s | Spearman@80: 0.5752 | Kendall@80: 0.4046
Epoch 19/150 | Train Loss: 0.0498 | Epoch Time: 0.42s | Spearman@80: 0.5979 | Kendall@80: 0.4274
Epoch 20/150 | Train Loss: 0.0410 | Epoch Time: 0.42s | Spearman@80: 0.5993 | Kendall@80: 0.4198
Epoch 21/150 | Train Loss: 0.0431 | Epoch Time: 0.42s | Spearman@80: 0.5581 | Kendall@80: 0.3875
Epoch 22/150 | Train Loss: 0.0410 | Epoch Time: 0.42s | Spearman@80: 0.6063 | Kendall@80: 0.4299
Epoch 23/150 | Train Loss: 0.0421 | Epoch Time: 0.43s | Spearman@80: 0.5530 | Kendall@80: 0.3881
Epoch 24/150 | Train Loss: 0.0389 | Epoch Time: 0.42s | Spearman@80: 0.5193 | Kendall@80: 0.3646
Epoch 25/150 | Train Loss: 0.0410 | Epoch Time: 0.42s | Spearman@80: 0.4264 | Kendall@80: 0.2930
Epoch 26/150 | Train Loss: 0.0402 | Epoch Time: 0.44s | Spearman@80: 0.5898 | Kendall@80: 0.4096
Epoch 27/150 | Train Loss: 0.0548 | Epoch Time: 0.46s | Spearman@80: 0.5763 | Kendall@80: 0.4141
Epoch 28/150 | Train Loss: 0.0449 | Epoch Time: 0.42s | Spearman@80: 0.5724 | Kendall@80: 0.4071
Epoch 29/150 | Train Loss: 0.0395 | Epoch Time: 0.43s | Spearman@80: 0.6144 | Kendall@80: 0.4274
Epoch 30/150 | Train Loss: 0.0274 | Epoch Time: 0.42s | Spearman@80: 0.5671 | Kendall@80: 0.3925
Epoch 31/150 | Train Loss: 0.0409 | Epoch Time: 0.43s | Spearman@80: 0.5941 | Kendall@80: 0.4141
Epoch 32/150 | Train Loss: 0.0345 | Epoch Time: 0.42s | Spearman@80: 0.5774 | Kendall@80: 0.4134
Epoch 33/150 | Train Loss: 0.0377 | Epoch Time: 0.42s | Spearman@80: 0.6059 | Kendall@80: 0.4242
Epoch 34/150 | Train Loss: 0.0276 | Epoch Time: 0.42s | Spearman@80: 0.6104 | Kendall@80: 0.4267
Epoch 35/150 | Train Loss: 0.0340 | Epoch Time: 0.42s | Spearman@80: 0.5645 | Kendall@80: 0.3938
Epoch 36/150 | Train Loss: 0.0326 | Epoch Time: 0.43s | Spearman@80: 0.5853 | Kendall@80: 0.4046
Epoch 37/150 | Train Loss: 0.0382 | Epoch Time: 0.44s | Spearman@80: 0.5709 | Kendall@80: 0.4008
Epoch 38/150 | Train Loss: 0.0288 | Epoch Time: 0.42s | Spearman@80: 0.5559 | Kendall@80: 0.3881
Epoch 39/150 | Train Loss: 0.0253 | Epoch Time: 0.42s | Spearman@80: 0.5709 | Kendall@80: 0.4014
Epoch 40/150 | Train Loss: 0.0325 | Epoch Time: 0.42s | Spearman@80: 0.5528 | Kendall@80: 0.3900
Epoch 41/150 | Train Loss: 0.0313 | Epoch Time: 0.42s | Spearman@80: 0.5561 | Kendall@80: 0.3932
Epoch 42/150 | Train Loss: 0.0204 | Epoch Time: 0.42s | Spearman@80: 0.5556 | Kendall@80: 0.3875
Epoch 43/150 | Train Loss: 0.0276 | Epoch Time: 0.43s | Spearman@80: 0.5812 | Kendall@80: 0.4103
Epoch 44/150 | Train Loss: 0.0273 | Epoch Time: 0.43s | Spearman@80: 0.6001 | Kendall@80: 0.4236
Epoch 45/150 | Train Loss: 0.0330 | Epoch Time: 0.43s | Spearman@80: 0.5692 | Kendall@80: 0.4008
Epoch 46/150 | Train Loss: 0.0207 | Epoch Time: 0.44s | Spearman@80: 0.6008 | Kendall@80: 0.4248
Epoch 47/150 | Train Loss: 0.0220 | Epoch Time: 0.42s | Spearman@80: 0.5837 | Kendall@80: 0.4115
Epoch 48/150 | Train Loss: 0.0247 | Epoch Time: 0.42s | Spearman@80: 0.5934 | Kendall@80: 0.4128
Epoch 49/150 | Train Loss: 0.0231 | Epoch Time: 0.43s | Spearman@80: 0.5796 | Kendall@80: 0.3976
Epoch 50/150 | Train Loss: 0.0287 | Epoch Time: 0.43s | Spearman@80: 0.5626 | Kendall@80: 0.3976
Epoch 51/150 | Train Loss: 0.0275 | Epoch Time: 0.43s | Spearman@80: 0.5765 | Kendall@80: 0.4084
Epoch 52/150 | Train Loss: 0.0304 | Epoch Time: 0.50s | Spearman@80: 0.5391 | Kendall@80: 0.3729
Epoch 53/150 | Train Loss: 0.0289 | Epoch Time: 0.45s | Spearman@80: 0.4929 | Kendall@80: 0.3450
Epoch 54/150 | Train Loss: 0.0341 | Epoch Time: 0.42s | Spearman@80: 0.6622 | Kendall@80: 0.4762
Epoch 55/150 | Train Loss: 0.0351 | Epoch Time: 0.42s | Spearman@80: 0.6426 | Kendall@80: 0.4527
Epoch 56/150 | Train Loss: 0.0259 | Epoch Time: 0.42s | Spearman@80: 0.6325 | Kendall@80: 0.4540
Epoch 57/150 | Train Loss: 0.0214 | Epoch Time: 0.42s | Spearman@80: 0.5958 | Kendall@80: 0.4248
Epoch 58/150 | Train Loss: 0.0266 | Epoch Time: 0.42s | Spearman@80: 0.5969 | Kendall@80: 0.4286
Epoch 59/150 | Train Loss: 0.0265 | Epoch Time: 0.43s | Spearman@80: 0.6095 | Kendall@80: 0.4369
Epoch 60/150 | Train Loss: 0.0269 | Epoch Time: 0.42s | Spearman@80: 0.5964 | Kendall@80: 0.4261
Epoch 61/150 | Train Loss: 0.0253 | Epoch Time: 0.42s | Spearman@80: 0.5838 | Kendall@80: 0.4147
Epoch 62/150 | Train Loss: 0.0268 | Epoch Time: 0.44s | Spearman@80: 0.6171 | Kendall@80: 0.4476
Epoch 63/150 | Train Loss: 0.0211 | Epoch Time: 0.42s | Spearman@80: 0.6088 | Kendall@80: 0.4299
Epoch 64/150 | Train Loss: 0.0150 | Epoch Time: 0.42s | Spearman@80: 0.5736 | Kendall@80: 0.4128
Epoch 65/150 | Train Loss: 0.0184 | Epoch Time: 0.42s | Spearman@80: 0.5582 | Kendall@80: 0.3963
Epoch 66/150 | Train Loss: 0.0260 | Epoch Time: 0.42s | Spearman@80: 0.5752 | Kendall@80: 0.4027
Epoch 67/150 | Train Loss: 0.0195 | Epoch Time: 0.42s | Spearman@80: 0.5466 | Kendall@80: 0.3773
Epoch 68/150 | Train Loss: 0.0241 | Epoch Time: 0.42s | Spearman@80: 0.6141 | Kendall@80: 0.4369
Epoch 69/150 | Train Loss: 0.0247 | Epoch Time: 0.43s | Spearman@80: 0.6352 | Kendall@80: 0.4483
Epoch 70/150 | Train Loss: 0.0298 | Epoch Time: 0.42s | Spearman@80: 0.5890 | Kendall@80: 0.4134
Epoch 71/150 | Train Loss: 0.0245 | Epoch Time: 0.43s | Spearman@80: 0.5668 | Kendall@80: 0.4052
Epoch 72/150 | Train Loss: 0.0203 | Epoch Time: 0.42s | Spearman@80: 0.5808 | Kendall@80: 0.4122
Epoch 73/150 | Train Loss: 0.0226 | Epoch Time: 0.42s | Spearman@80: 0.5807 | Kendall@80: 0.4134
Epoch 74/150 | Train Loss: 0.0170 | Epoch Time: 0.43s | Spearman@80: 0.5773 | Kendall@80: 0.4096
Epoch 75/150 | Train Loss: 0.0161 | Epoch Time: 0.42s | Spearman@80: 0.5570 | Kendall@80: 0.3913
Epoch 76/150 | Train Loss: 0.0160 | Epoch Time: 0.42s | Spearman@80: 0.5803 | Kendall@80: 0.4084
Epoch 77/150 | Train Loss: 0.0217 | Epoch Time: 0.43s | Spearman@80: 0.6053 | Kendall@80: 0.4375
Epoch 78/150 | Train Loss: 0.0197 | Epoch Time: 0.44s | Spearman@80: 0.5982 | Kendall@80: 0.4299
Epoch 79/150 | Train Loss: 0.0154 | Epoch Time: 0.43s | Spearman@80: 0.5636 | Kendall@80: 0.3951
Epoch 80/150 | Train Loss: 0.0190 | Epoch Time: 0.43s | Spearman@80: 0.5573 | Kendall@80: 0.3957
Epoch 81/150 | Train Loss: 0.0172 | Epoch Time: 0.43s | Spearman@80: 0.5718 | Kendall@80: 0.4128
Epoch 82/150 | Train Loss: 0.0166 | Epoch Time: 0.43s | Spearman@80: 0.6190 | Kendall@80: 0.4464
Epoch 83/150 | Train Loss: 0.0175 | Epoch Time: 0.42s | Spearman@80: 0.6049 | Kendall@80: 0.4312
Epoch 84/150 | Train Loss: 0.0146 | Epoch Time: 0.44s | Spearman@80: 0.5976 | Kendall@80: 0.4242
Epoch 85/150 | Train Loss: 0.0172 | Epoch Time: 0.43s | Spearman@80: 0.5982 | Kendall@80: 0.4343
Epoch 86/150 | Train Loss: 0.0192 | Epoch Time: 0.42s | Spearman@80: 0.6261 | Kendall@80: 0.4565
Epoch 87/150 | Train Loss: 0.0122 | Epoch Time: 0.42s | Spearman@80: 0.6096 | Kendall@80: 0.4286
Epoch 88/150 | Train Loss: 0.0127 | Epoch Time: 0.42s | Spearman@80: 0.6143 | Kendall@80: 0.4375
Epoch 89/150 | Train Loss: 0.0170 | Epoch Time: 0.42s | Spearman@80: 0.5966 | Kendall@80: 0.4318
Epoch 90/150 | Train Loss: 0.0095 | Epoch Time: 0.44s | Spearman@80: 0.5674 | Kendall@80: 0.3906
Epoch 91/150 | Train Loss: 0.0143 | Epoch Time: 0.42s | Spearman@80: 0.6154 | Kendall@80: 0.4394
Epoch 92/150 | Train Loss: 0.0200 | Epoch Time: 0.42s | Spearman@80: 0.6174 | Kendall@80: 0.4495
Epoch 93/150 | Train Loss: 0.0122 | Epoch Time: 0.42s | Spearman@80: 0.5666 | Kendall@80: 0.4033
Epoch 94/150 | Train Loss: 0.0150 | Epoch Time: 0.42s | Spearman@80: 0.5715 | Kendall@80: 0.4084
Epoch 95/150 | Train Loss: 0.0111 | Epoch Time: 0.42s | Spearman@80: 0.5835 | Kendall@80: 0.4198
Epoch 96/150 | Train Loss: 0.0182 | Epoch Time: 0.42s | Spearman@80: 0.6061 | Kendall@80: 0.4343
Epoch 97/150 | Train Loss: 0.0146 | Epoch Time: 0.42s | Spearman@80: 0.6096 | Kendall@80: 0.4407
Epoch 98/150 | Train Loss: 0.0109 | Epoch Time: 0.44s | Spearman@80: 0.5995 | Kendall@80: 0.4305
Epoch 99/150 | Train Loss: 0.0107 | Epoch Time: 0.43s | Spearman@80: 0.5933 | Kendall@80: 0.4248
Epoch 100/150 | Train Loss: 0.0131 | Epoch Time: 0.42s | Spearman@80: 0.6083 | Kendall@80: 0.4394
Epoch 101/150 | Train Loss: 0.0150 | Epoch Time: 0.42s | Spearman@80: 0.6199 | Kendall@80: 0.4502
Epoch 102/150 | Train Loss: 0.0149 | Epoch Time: 0.42s | Spearman@80: 0.6251 | Kendall@80: 0.4534
Epoch 103/150 | Train Loss: 0.0136 | Epoch Time: 0.42s | Spearman@80: 0.6168 | Kendall@80: 0.4438
Epoch 104/150 | Train Loss: 0.0099 | Epoch Time: 0.42s | Spearman@80: 0.6135 | Kendall@80: 0.4451
Epoch 105/150 | Train Loss: 0.0124 | Epoch Time: 0.42s | Spearman@80: 0.6134 | Kendall@80: 0.4419
Epoch 106/150 | Train Loss: 0.0077 | Epoch Time: 0.42s | Spearman@80: 0.6150 | Kendall@80: 0.4476
Epoch 107/150 | Train Loss: 0.0102 | Epoch Time: 0.42s | Spearman@80: 0.6236 | Kendall@80: 0.4534
Epoch 108/150 | Train Loss: 0.0125 | Epoch Time: 0.42s | Spearman@80: 0.6056 | Kendall@80: 0.4426
Epoch 109/150 | Train Loss: 0.0087 | Epoch Time: 0.43s | Spearman@80: 0.6034 | Kendall@80: 0.4356
Epoch 110/150 | Train Loss: 0.0106 | Epoch Time: 0.42s | Spearman@80: 0.5871 | Kendall@80: 0.4217
Epoch 111/150 | Train Loss: 0.0166 | Epoch Time: 0.42s | Spearman@80: 0.5913 | Kendall@80: 0.4229
Epoch 112/150 | Train Loss: 0.0082 | Epoch Time: 0.42s | Spearman@80: 0.6000 | Kendall@80: 0.4286
Epoch 113/150 | Train Loss: 0.0099 | Epoch Time: 0.43s | Spearman@80: 0.6068 | Kendall@80: 0.4312
Epoch 114/150 | Train Loss: 0.0057 | Epoch Time: 0.43s | Spearman@80: 0.5919 | Kendall@80: 0.4229
Epoch 115/150 | Train Loss: 0.0081 | Epoch Time: 0.42s | Spearman@80: 0.5900 | Kendall@80: 0.4191
Epoch 116/150 | Train Loss: 0.0113 | Epoch Time: 0.44s | Spearman@80: 0.5920 | Kendall@80: 0.4236
Epoch 117/150 | Train Loss: 0.0073 | Epoch Time: 0.44s | Spearman@80: 0.5827 | Kendall@80: 0.4198
Epoch 118/150 | Train Loss: 0.0091 | Epoch Time: 0.42s | Spearman@80: 0.5907 | Kendall@80: 0.4236
Epoch 119/150 | Train Loss: 0.0081 | Epoch Time: 0.42s | Spearman@80: 0.5912 | Kendall@80: 0.4217
Epoch 120/150 | Train Loss: 0.0109 | Epoch Time: 0.42s | Spearman@80: 0.6008 | Kendall@80: 0.4331
Epoch 121/150 | Train Loss: 0.0096 | Epoch Time: 0.42s | Spearman@80: 0.5970 | Kendall@80: 0.4318
Epoch 122/150 | Train Loss: 0.0110 | Epoch Time: 0.43s | Spearman@80: 0.5940 | Kendall@80: 0.4248
Epoch 123/150 | Train Loss: 0.0104 | Epoch Time: 0.43s | Spearman@80: 0.6026 | Kendall@80: 0.4375
Epoch 124/150 | Train Loss: 0.0077 | Epoch Time: 0.43s | Spearman@80: 0.5984 | Kendall@80: 0.4331
Epoch 125/150 | Train Loss: 0.0089 | Epoch Time: 0.42s | Spearman@80: 0.5946 | Kendall@80: 0.4261
Epoch 126/150 | Train Loss: 0.0114 | Epoch Time: 0.42s | Spearman@80: 0.5913 | Kendall@80: 0.4248
Epoch 127/150 | Train Loss: 0.0093 | Epoch Time: 0.43s | Spearman@80: 0.5882 | Kendall@80: 0.4236
Epoch 128/150 | Train Loss: 0.0108 | Epoch Time: 0.42s | Spearman@80: 0.5870 | Kendall@80: 0.4236
Epoch 129/150 | Train Loss: 0.0079 | Epoch Time: 0.42s | Spearman@80: 0.5931 | Kendall@80: 0.4229
Epoch 130/150 | Train Loss: 0.0090 | Epoch Time: 0.42s | Spearman@80: 0.5914 | Kendall@80: 0.4229
Epoch 131/150 | Train Loss: 0.0135 | Epoch Time: 0.43s | Spearman@80: 0.5943 | Kendall@80: 0.4261
Epoch 132/150 | Train Loss: 0.0103 | Epoch Time: 0.43s | Spearman@80: 0.5929 | Kendall@80: 0.4267
Epoch 133/150 | Train Loss: 0.0093 | Epoch Time: 0.41s | Spearman@80: 0.5949 | Kendall@80: 0.4299
Epoch 134/150 | Train Loss: 0.0058 | Epoch Time: 0.42s | Spearman@80: 0.5872 | Kendall@80: 0.4217
Epoch 135/150 | Train Loss: 0.0081 | Epoch Time: 0.45s | Spearman@80: 0.5859 | Kendall@80: 0.4217
Epoch 136/150 | Train Loss: 0.0093 | Epoch Time: 0.42s | Spearman@80: 0.5836 | Kendall@80: 0.4198
Epoch 137/150 | Train Loss: 0.0099 | Epoch Time: 0.42s | Spearman@80: 0.5868 | Kendall@80: 0.4217
Epoch 138/150 | Train Loss: 0.0069 | Epoch Time: 0.42s | Spearman@80: 0.5852 | Kendall@80: 0.4210
Epoch 139/150 | Train Loss: 0.0071 | Epoch Time: 0.42s | Spearman@80: 0.5847 | Kendall@80: 0.4191
Epoch 140/150 | Train Loss: 0.0048 | Epoch Time: 0.42s | Spearman@80: 0.5883 | Kendall@80: 0.4229
Epoch 141/150 | Train Loss: 0.0073 | Epoch Time: 0.42s | Spearman@80: 0.5914 | Kendall@80: 0.4261
Epoch 142/150 | Train Loss: 0.0087 | Epoch Time: 0.42s | Spearman@80: 0.5943 | Kendall@80: 0.4280
Epoch 143/150 | Train Loss: 0.0115 | Epoch Time: 0.42s | Spearman@80: 0.5903 | Kendall@80: 0.4248
Epoch 144/150 | Train Loss: 0.0095 | Epoch Time: 0.42s | Spearman@80: 0.5871 | Kendall@80: 0.4236
Epoch 145/150 | Train Loss: 0.0082 | Epoch Time: 0.43s | Spearman@80: 0.5959 | Kendall@80: 0.4318
Epoch 146/150 | Train Loss: 0.0070 | Epoch Time: 0.42s | Spearman@80: 0.5934 | Kendall@80: 0.4299
Epoch 147/150 | Train Loss: 0.0054 | Epoch Time: 1.25s | Spearman@4934: 0.6009 | Kendall@4934: 0.4267
Epoch 148/150 | Train Loss: 0.0088 | Epoch Time: 1.25s | Spearman@4934: 0.6025 | Kendall@4934: 0.4279
Epoch 149/150 | Train Loss: 0.0084 | Epoch Time: 1.29s | Spearman@4934: 0.6015 | Kendall@4934: 0.4271
Epoch 150/150 | Train Loss: 0.0113 | Epoch Time: 1.24s | Spearman@4934: 0.6014 | Kendall@4934: 0.4271
Sample Count: 64, Spearman: 0.6015578939099833, Kendall: 0.4272021986925494
{64: (0.6015578939099833, 0.4272021986925494),
 128: (0.5564429001002107, 0.39075326679064704)}
Epoch 1/150 | Train Loss: 0.0983 | Epoch Time: 0.85s | Spearman@80: 0.5814 | Kendall@80: 0.3981
Epoch 2/150 | Train Loss: 0.0886 | Epoch Time: 0.83s | Spearman@80: 0.5608 | Kendall@80: 0.3829
Epoch 3/150 | Train Loss: 0.0692 | Epoch Time: 0.88s | Spearman@80: 0.5675 | Kendall@80: 0.3981
Epoch 4/150 | Train Loss: 0.0655 | Epoch Time: 0.86s | Spearman@80: 0.6484 | Kendall@80: 0.4583
Epoch 5/150 | Train Loss: 0.0695 | Epoch Time: 0.84s | Spearman@80: 0.5989 | Kendall@80: 0.4228
Epoch 6/150 | Train Loss: 0.0632 | Epoch Time: 0.83s | Spearman@80: 0.6299 | Kendall@80: 0.4437
Epoch 7/150 | Train Loss: 0.0602 | Epoch Time: 0.82s | Spearman@80: 0.5846 | Kendall@80: 0.4196
Epoch 8/150 | Train Loss: 0.0596 | Epoch Time: 0.84s | Spearman@80: 0.5575 | Kendall@80: 0.4019
Epoch 9/150 | Train Loss: 0.0676 | Epoch Time: 0.82s | Spearman@80: 0.6248 | Kendall@80: 0.4450
Epoch 10/150 | Train Loss: 0.0607 | Epoch Time: 0.83s | Spearman@80: 0.5312 | Kendall@80: 0.3816
Epoch 11/150 | Train Loss: 0.0641 | Epoch Time: 0.83s | Spearman@80: 0.6439 | Kendall@80: 0.4595
Epoch 12/150 | Train Loss: 0.0616 | Epoch Time: 0.84s | Spearman@80: 0.6100 | Kendall@80: 0.4304
Epoch 13/150 | Train Loss: 0.0592 | Epoch Time: 0.83s | Spearman@80: 0.6435 | Kendall@80: 0.4538
Epoch 14/150 | Train Loss: 0.0637 | Epoch Time: 0.82s | Spearman@80: 0.6903 | Kendall@80: 0.4944
Epoch 15/150 | Train Loss: 0.0545 | Epoch Time: 0.84s | Spearman@80: 0.5898 | Kendall@80: 0.4228
Epoch 16/150 | Train Loss: 0.0619 | Epoch Time: 0.83s | Spearman@80: 0.6563 | Kendall@80: 0.4633
Epoch 17/150 | Train Loss: 0.0582 | Epoch Time: 0.82s | Spearman@80: 0.6433 | Kendall@80: 0.4576
Epoch 18/150 | Train Loss: 0.0526 | Epoch Time: 0.85s | Spearman@80: 0.6750 | Kendall@80: 0.4817
Epoch 19/150 | Train Loss: 0.0512 | Epoch Time: 0.82s | Spearman@80: 0.6446 | Kendall@80: 0.4722
Epoch 20/150 | Train Loss: 0.0562 | Epoch Time: 0.83s | Spearman@80: 0.6382 | Kendall@80: 0.4443
Epoch 21/150 | Train Loss: 0.0529 | Epoch Time: 0.83s | Spearman@80: 0.6512 | Kendall@80: 0.4716
Epoch 22/150 | Train Loss: 0.0527 | Epoch Time: 0.82s | Spearman@80: 0.6911 | Kendall@80: 0.5026
Epoch 23/150 | Train Loss: 0.0536 | Epoch Time: 0.88s | Spearman@80: 0.6549 | Kendall@80: 0.4823
Epoch 24/150 | Train Loss: 0.0517 | Epoch Time: 0.84s | Spearman@80: 0.6322 | Kendall@80: 0.4500
Epoch 25/150 | Train Loss: 0.0568 | Epoch Time: 0.83s | Spearman@80: 0.6559 | Kendall@80: 0.4709
Epoch 26/150 | Train Loss: 0.0484 | Epoch Time: 0.83s | Spearman@80: 0.6313 | Kendall@80: 0.4545
Epoch 27/150 | Train Loss: 0.0501 | Epoch Time: 0.86s | Spearman@80: 0.6050 | Kendall@80: 0.4418
Epoch 28/150 | Train Loss: 0.0446 | Epoch Time: 0.82s | Spearman@80: 0.5837 | Kendall@80: 0.4203
Epoch 29/150 | Train Loss: 0.0452 | Epoch Time: 0.83s | Spearman@80: 0.6507 | Kendall@80: 0.4735
Epoch 30/150 | Train Loss: 0.0440 | Epoch Time: 0.84s | Spearman@80: 0.6923 | Kendall@80: 0.4975
Epoch 31/150 | Train Loss: 0.0457 | Epoch Time: 0.82s | Spearman@80: 0.6824 | Kendall@80: 0.4861
Epoch 32/150 | Train Loss: 0.0428 | Epoch Time: 0.86s | Spearman@80: 0.6429 | Kendall@80: 0.4576
Epoch 33/150 | Train Loss: 0.0387 | Epoch Time: 0.84s | Spearman@80: 0.6939 | Kendall@80: 0.5083
Epoch 34/150 | Train Loss: 0.0450 | Epoch Time: 0.82s | Spearman@80: 0.5851 | Kendall@80: 0.4209
Epoch 35/150 | Train Loss: 0.0441 | Epoch Time: 0.83s | Spearman@80: 0.6766 | Kendall@80: 0.4994
Epoch 36/150 | Train Loss: 0.0357 | Epoch Time: 0.83s | Spearman@80: 0.6301 | Kendall@80: 0.4507
Epoch 37/150 | Train Loss: 0.0422 | Epoch Time: 0.83s | Spearman@80: 0.6883 | Kendall@80: 0.5102
Epoch 38/150 | Train Loss: 0.0392 | Epoch Time: 0.82s | Spearman@80: 0.6546 | Kendall@80: 0.4722
Epoch 39/150 | Train Loss: 0.0347 | Epoch Time: 0.83s | Spearman@80: 0.7184 | Kendall@80: 0.5343
Epoch 40/150 | Train Loss: 0.0371 | Epoch Time: 0.82s | Spearman@80: 0.7048 | Kendall@80: 0.5108
Epoch 41/150 | Train Loss: 0.0499 | Epoch Time: 0.83s | Spearman@80: 0.5685 | Kendall@80: 0.4063
Epoch 42/150 | Train Loss: 0.0368 | Epoch Time: 0.85s | Spearman@80: 0.6908 | Kendall@80: 0.4963
Epoch 43/150 | Train Loss: 0.0326 | Epoch Time: 0.83s | Spearman@80: 0.6700 | Kendall@80: 0.4969
Epoch 44/150 | Train Loss: 0.0335 | Epoch Time: 0.83s | Spearman@80: 0.5684 | Kendall@80: 0.4114
Epoch 45/150 | Train Loss: 0.0302 | Epoch Time: 0.85s | Spearman@80: 0.6600 | Kendall@80: 0.4855
Epoch 46/150 | Train Loss: 0.0375 | Epoch Time: 0.84s | Spearman@80: 0.6674 | Kendall@80: 0.4811
Epoch 47/150 | Train Loss: 0.0386 | Epoch Time: 0.84s | Spearman@80: 0.6758 | Kendall@80: 0.4849
Epoch 48/150 | Train Loss: 0.0428 | Epoch Time: 0.83s | Spearman@80: 0.6692 | Kendall@80: 0.4836
Epoch 49/150 | Train Loss: 0.0334 | Epoch Time: 0.83s | Spearman@80: 0.6157 | Kendall@80: 0.4475
Epoch 50/150 | Train Loss: 0.0323 | Epoch Time: 0.83s | Spearman@80: 0.6314 | Kendall@80: 0.4507
Epoch 51/150 | Train Loss: 0.0306 | Epoch Time: 0.83s | Spearman@80: 0.6459 | Kendall@80: 0.4716
Epoch 52/150 | Train Loss: 0.0335 | Epoch Time: 0.82s | Spearman@80: 0.7091 | Kendall@80: 0.5191
Epoch 53/150 | Train Loss: 0.0253 | Epoch Time: 0.83s | Spearman@80: 0.7062 | Kendall@80: 0.5127
Epoch 54/150 | Train Loss: 0.0338 | Epoch Time: 0.84s | Spearman@80: 0.6590 | Kendall@80: 0.4792
Epoch 55/150 | Train Loss: 0.0322 | Epoch Time: 0.83s | Spearman@80: 0.6487 | Kendall@80: 0.4747
Epoch 56/150 | Train Loss: 0.0320 | Epoch Time: 0.84s | Spearman@80: 0.6676 | Kendall@80: 0.4842
Epoch 57/150 | Train Loss: 0.0241 | Epoch Time: 0.82s | Spearman@80: 0.6768 | Kendall@80: 0.4906
Epoch 58/150 | Train Loss: 0.0238 | Epoch Time: 0.82s | Spearman@80: 0.6260 | Kendall@80: 0.4500
Epoch 59/150 | Train Loss: 0.0292 | Epoch Time: 0.83s | Spearman@80: 0.6803 | Kendall@80: 0.4969
Epoch 60/150 | Train Loss: 0.0358 | Epoch Time: 0.82s | Spearman@80: 0.6836 | Kendall@80: 0.5013
Epoch 61/150 | Train Loss: 0.0287 | Epoch Time: 0.83s | Spearman@80: 0.5791 | Kendall@80: 0.4152
Epoch 62/150 | Train Loss: 0.0327 | Epoch Time: 0.83s | Spearman@80: 0.6845 | Kendall@80: 0.5013
Epoch 63/150 | Train Loss: 0.0361 | Epoch Time: 0.84s | Spearman@80: 0.6474 | Kendall@80: 0.4652
Epoch 64/150 | Train Loss: 0.0233 | Epoch Time: 0.83s | Spearman@80: 0.6304 | Kendall@80: 0.4564
Epoch 65/150 | Train Loss: 0.0232 | Epoch Time: 0.82s | Spearman@80: 0.6398 | Kendall@80: 0.4716
Epoch 66/150 | Train Loss: 0.0278 | Epoch Time: 0.83s | Spearman@80: 0.6253 | Kendall@80: 0.4557
Epoch 67/150 | Train Loss: 0.0283 | Epoch Time: 0.84s | Spearman@80: 0.6009 | Kendall@80: 0.4399
Epoch 68/150 | Train Loss: 0.0313 | Epoch Time: 0.83s | Spearman@80: 0.5965 | Kendall@80: 0.4285
Epoch 69/150 | Train Loss: 0.0265 | Epoch Time: 0.83s | Spearman@80: 0.6212 | Kendall@80: 0.4475
Epoch 70/150 | Train Loss: 0.0300 | Epoch Time: 0.88s | Spearman@80: 0.6682 | Kendall@80: 0.4804
Epoch 71/150 | Train Loss: 0.0265 | Epoch Time: 0.88s | Spearman@80: 0.6355 | Kendall@80: 0.4576
Epoch 72/150 | Train Loss: 0.0219 | Epoch Time: 0.83s | Spearman@80: 0.6189 | Kendall@80: 0.4494
Epoch 73/150 | Train Loss: 0.0226 | Epoch Time: 0.82s | Spearman@80: 0.6244 | Kendall@80: 0.4659
Epoch 74/150 | Train Loss: 0.0247 | Epoch Time: 0.82s | Spearman@80: 0.6918 | Kendall@80: 0.5096
Epoch 75/150 | Train Loss: 0.0225 | Epoch Time: 0.88s | Spearman@80: 0.6652 | Kendall@80: 0.4887
Epoch 76/150 | Train Loss: 0.0213 | Epoch Time: 0.84s | Spearman@80: 0.7209 | Kendall@80: 0.5330
Epoch 77/150 | Train Loss: 0.0219 | Epoch Time: 0.83s | Spearman@80: 0.6623 | Kendall@80: 0.4880
Epoch 78/150 | Train Loss: 0.0199 | Epoch Time: 0.82s | Spearman@80: 0.6443 | Kendall@80: 0.4785
Epoch 79/150 | Train Loss: 0.0164 | Epoch Time: 0.87s | Spearman@80: 0.6541 | Kendall@80: 0.4785
Epoch 80/150 | Train Loss: 0.0212 | Epoch Time: 0.83s | Spearman@80: 0.6163 | Kendall@80: 0.4481
Epoch 81/150 | Train Loss: 0.0204 | Epoch Time: 0.82s | Spearman@80: 0.6373 | Kendall@80: 0.4633
Epoch 82/150 | Train Loss: 0.0176 | Epoch Time: 0.82s | Spearman@80: 0.5995 | Kendall@80: 0.4380
Epoch 83/150 | Train Loss: 0.0199 | Epoch Time: 0.83s | Spearman@80: 0.6659 | Kendall@80: 0.4868
Epoch 84/150 | Train Loss: 0.0266 | Epoch Time: 0.83s | Spearman@80: 0.5752 | Kendall@80: 0.4108
Epoch 85/150 | Train Loss: 0.0197 | Epoch Time: 0.84s | Spearman@80: 0.6512 | Kendall@80: 0.4760
Epoch 86/150 | Train Loss: 0.0134 | Epoch Time: 0.83s | Spearman@80: 0.6348 | Kendall@80: 0.4716
Epoch 87/150 | Train Loss: 0.0209 | Epoch Time: 0.82s | Spearman@80: 0.6217 | Kendall@80: 0.4481
Epoch 88/150 | Train Loss: 0.0185 | Epoch Time: 0.83s | Spearman@80: 0.6079 | Kendall@80: 0.4418
Epoch 89/150 | Train Loss: 0.0171 | Epoch Time: 0.83s | Spearman@80: 0.6062 | Kendall@80: 0.4380
Epoch 90/150 | Train Loss: 0.0174 | Epoch Time: 0.82s | Spearman@80: 0.5735 | Kendall@80: 0.4222
Epoch 91/150 | Train Loss: 0.0150 | Epoch Time: 0.82s | Spearman@80: 0.6157 | Kendall@80: 0.4481
Epoch 92/150 | Train Loss: 0.0129 | Epoch Time: 0.85s | Spearman@80: 0.5943 | Kendall@80: 0.4386
Epoch 93/150 | Train Loss: 0.0159 | Epoch Time: 0.83s | Spearman@80: 0.6031 | Kendall@80: 0.4418
Epoch 94/150 | Train Loss: 0.0204 | Epoch Time: 0.84s | Spearman@80: 0.6083 | Kendall@80: 0.4462
Epoch 95/150 | Train Loss: 0.0166 | Epoch Time: 0.83s | Spearman@80: 0.5854 | Kendall@80: 0.4329
Epoch 96/150 | Train Loss: 0.0192 | Epoch Time: 0.85s | Spearman@80: 0.6426 | Kendall@80: 0.4773
Epoch 97/150 | Train Loss: 0.0137 | Epoch Time: 0.82s | Spearman@80: 0.6380 | Kendall@80: 0.4735
Epoch 98/150 | Train Loss: 0.0154 | Epoch Time: 0.82s | Spearman@80: 0.6653 | Kendall@80: 0.4918
Epoch 99/150 | Train Loss: 0.0168 | Epoch Time: 0.85s | Spearman@80: 0.6226 | Kendall@80: 0.4627
Epoch 100/150 | Train Loss: 0.0139 | Epoch Time: 0.86s | Spearman@80: 0.6437 | Kendall@80: 0.4766
Epoch 101/150 | Train Loss: 0.0129 | Epoch Time: 0.82s | Spearman@80: 0.6187 | Kendall@80: 0.4570
Epoch 102/150 | Train Loss: 0.0175 | Epoch Time: 0.83s | Spearman@80: 0.6236 | Kendall@80: 0.4646
Epoch 103/150 | Train Loss: 0.0159 | Epoch Time: 0.83s | Spearman@80: 0.6508 | Kendall@80: 0.4836
Epoch 104/150 | Train Loss: 0.0147 | Epoch Time: 0.84s | Spearman@80: 0.6421 | Kendall@80: 0.4830
Epoch 105/150 | Train Loss: 0.0136 | Epoch Time: 0.83s | Spearman@80: 0.6340 | Kendall@80: 0.4754
Epoch 106/150 | Train Loss: 0.0137 | Epoch Time: 0.84s | Spearman@80: 0.6006 | Kendall@80: 0.4488
Epoch 107/150 | Train Loss: 0.0162 | Epoch Time: 0.82s | Spearman@80: 0.6259 | Kendall@80: 0.4690
Epoch 108/150 | Train Loss: 0.0194 | Epoch Time: 0.82s | Spearman@80: 0.6107 | Kendall@80: 0.4576
Epoch 109/150 | Train Loss: 0.0115 | Epoch Time: 0.85s | Spearman@80: 0.6029 | Kendall@80: 0.4488
Epoch 110/150 | Train Loss: 0.0127 | Epoch Time: 0.83s | Spearman@80: 0.6357 | Kendall@80: 0.4747
Epoch 111/150 | Train Loss: 0.0087 | Epoch Time: 0.82s | Spearman@80: 0.6325 | Kendall@80: 0.4747
Epoch 112/150 | Train Loss: 0.0110 | Epoch Time: 0.85s | Spearman@80: 0.6347 | Kendall@80: 0.4785
Epoch 113/150 | Train Loss: 0.0136 | Epoch Time: 0.83s | Spearman@80: 0.6180 | Kendall@80: 0.4640
Epoch 114/150 | Train Loss: 0.0101 | Epoch Time: 0.83s | Spearman@80: 0.6367 | Kendall@80: 0.4804
Epoch 115/150 | Train Loss: 0.0132 | Epoch Time: 0.83s | Spearman@80: 0.6286 | Kendall@80: 0.4709
Epoch 116/150 | Train Loss: 0.0107 | Epoch Time: 0.84s | Spearman@80: 0.6284 | Kendall@80: 0.4722
Epoch 117/150 | Train Loss: 0.0102 | Epoch Time: 0.84s | Spearman@80: 0.6354 | Kendall@80: 0.4760
Epoch 118/150 | Train Loss: 0.0103 | Epoch Time: 0.83s | Spearman@80: 0.6372 | Kendall@80: 0.4741
Epoch 119/150 | Train Loss: 0.0133 | Epoch Time: 0.84s | Spearman@80: 0.6209 | Kendall@80: 0.4595
Epoch 120/150 | Train Loss: 0.0115 | Epoch Time: 0.83s | Spearman@80: 0.6414 | Kendall@80: 0.4754
Epoch 121/150 | Train Loss: 0.0113 | Epoch Time: 0.85s | Spearman@80: 0.6362 | Kendall@80: 0.4754
Epoch 122/150 | Train Loss: 0.0125 | Epoch Time: 0.83s | Spearman@80: 0.6480 | Kendall@80: 0.4823
Epoch 123/150 | Train Loss: 0.0093 | Epoch Time: 0.83s | Spearman@80: 0.6410 | Kendall@80: 0.4792
Epoch 124/150 | Train Loss: 0.0090 | Epoch Time: 0.85s | Spearman@80: 0.6349 | Kendall@80: 0.4760
Epoch 125/150 | Train Loss: 0.0131 | Epoch Time: 0.88s | Spearman@80: 0.6249 | Kendall@80: 0.4684
Epoch 126/150 | Train Loss: 0.0100 | Epoch Time: 0.85s | Spearman@80: 0.6200 | Kendall@80: 0.4640
Epoch 127/150 | Train Loss: 0.0114 | Epoch Time: 0.83s | Spearman@80: 0.6177 | Kendall@80: 0.4614
Epoch 128/150 | Train Loss: 0.0112 | Epoch Time: 0.84s | Spearman@80: 0.6147 | Kendall@80: 0.4583
Epoch 129/150 | Train Loss: 0.0076 | Epoch Time: 0.85s | Spearman@80: 0.6354 | Kendall@80: 0.4747
Epoch 130/150 | Train Loss: 0.0092 | Epoch Time: 0.84s | Spearman@80: 0.6338 | Kendall@80: 0.4741
Epoch 131/150 | Train Loss: 0.0095 | Epoch Time: 0.85s | Spearman@80: 0.6360 | Kendall@80: 0.4785
Epoch 132/150 | Train Loss: 0.0116 | Epoch Time: 0.84s | Spearman@80: 0.6271 | Kendall@80: 0.4722
Epoch 133/150 | Train Loss: 0.0096 | Epoch Time: 0.83s | Spearman@80: 0.6212 | Kendall@80: 0.4640
Epoch 134/150 | Train Loss: 0.0096 | Epoch Time: 0.84s | Spearman@80: 0.6183 | Kendall@80: 0.4627
Epoch 135/150 | Train Loss: 0.0093 | Epoch Time: 0.87s | Spearman@80: 0.6299 | Kendall@80: 0.4722
Epoch 136/150 | Train Loss: 0.0097 | Epoch Time: 0.85s | Spearman@80: 0.6372 | Kendall@80: 0.4811
Epoch 137/150 | Train Loss: 0.0086 | Epoch Time: 0.82s | Spearman@80: 0.6260 | Kendall@80: 0.4697
Epoch 138/150 | Train Loss: 0.0133 | Epoch Time: 0.82s | Spearman@80: 0.6252 | Kendall@80: 0.4722
Epoch 139/150 | Train Loss: 0.0066 | Epoch Time: 0.85s | Spearman@80: 0.6291 | Kendall@80: 0.4728
Epoch 140/150 | Train Loss: 0.0095 | Epoch Time: 0.84s | Spearman@80: 0.6205 | Kendall@80: 0.4659
Epoch 141/150 | Train Loss: 0.0112 | Epoch Time: 0.84s | Spearman@80: 0.6152 | Kendall@80: 0.4640
Epoch 142/150 | Train Loss: 0.0070 | Epoch Time: 0.84s | Spearman@80: 0.6181 | Kendall@80: 0.4652
Epoch 143/150 | Train Loss: 0.0112 | Epoch Time: 0.85s | Spearman@80: 0.6290 | Kendall@80: 0.4722
Epoch 144/150 | Train Loss: 0.0091 | Epoch Time: 0.86s | Spearman@80: 0.6265 | Kendall@80: 0.4709
Epoch 145/150 | Train Loss: 0.0092 | Epoch Time: 0.83s | Spearman@80: 0.6203 | Kendall@80: 0.4678
Epoch 146/150 | Train Loss: 0.0059 | Epoch Time: 0.84s | Spearman@80: 0.6324 | Kendall@80: 0.4766
Epoch 147/150 | Train Loss: 0.0112 | Epoch Time: 1.62s | Spearman@4870: 0.6911 | Kendall@4870: 0.5047
Epoch 148/150 | Train Loss: 0.0125 | Epoch Time: 1.67s | Spearman@4870: 0.6906 | Kendall@4870: 0.5043
Epoch 149/150 | Train Loss: 0.0078 | Epoch Time: 1.65s | Spearman@4870: 0.6944 | Kendall@4870: 0.5076
Epoch 150/150 | Train Loss: 0.0129 | Epoch Time: 1.64s | Spearman@4870: 0.6910 | Kendall@4870: 0.5047
Sample Count: 128, Spearman: 0.6917627529456424, Kendall: 0.5053274532257158
{64: (0.6015578939099833, 0.4272021986925494),
 128: (0.6917627529456424, 0.5053274532257158)}
Average KDT:  0.35382230435829215
Variance KDT:  0.004481085550525855
Average SPR:  0.5063737249918859
Variance SPR:  0.007727996459310344
Average KDT:  0.4241113088520993
Variance KDT:  0.003333073011337109
Average SPR:  0.5947479685654238
Variance SPR:  0.0047753258004285355
