Loading files for NASBench201...
Normalizing ZCP dict
try to create the NAS-Bench-201 api from /home/ya255/projects/flan_hardware/nas_embedding_suite/embedding_datasets/NAS-Bench-201-v1_1-096897.pth
Loaded files in:  96.76742124557495  seconds
Loading cache for NASBench-201 speedup!!...
Loading cache for NASBench-201 speedup!!...
Epoch 1/150 | Train Loss: 0.0960 | Epoch Time: 0.73s | Spearman@80: 0.3035 | Kendall@80: 0.2134
Epoch 2/150 | Train Loss: 0.0837 | Epoch Time: 0.27s | Spearman@80: 0.4246 | Kendall@80: 0.2954
Epoch 3/150 | Train Loss: 0.0698 | Epoch Time: 0.27s | Spearman@80: 0.7704 | Kendall@80: 0.5577
Epoch 4/150 | Train Loss: 0.0594 | Epoch Time: 0.27s | Spearman@80: 0.7273 | Kendall@80: 0.5461
Epoch 5/150 | Train Loss: 0.0457 | Epoch Time: 0.27s | Spearman@80: 0.9044 | Kendall@80: 0.7254
Epoch 6/150 | Train Loss: 0.0377 | Epoch Time: 0.27s | Spearman@80: 0.8945 | Kendall@80: 0.7271
Epoch 7/150 | Train Loss: 0.0341 | Epoch Time: 0.27s | Spearman@80: 0.8994 | Kendall@80: 0.7303
Epoch 8/150 | Train Loss: 0.0324 | Epoch Time: 0.27s | Spearman@80: 0.9103 | Kendall@80: 0.7394
Epoch 9/150 | Train Loss: 0.0364 | Epoch Time: 0.27s | Spearman@80: 0.9457 | Kendall@80: 0.8033
Epoch 10/150 | Train Loss: 0.0336 | Epoch Time: 0.27s | Spearman@80: 0.9357 | Kendall@80: 0.7851
Epoch 11/150 | Train Loss: 0.0342 | Epoch Time: 0.27s | Spearman@80: 0.9456 | Kendall@80: 0.7995
Epoch 12/150 | Train Loss: 0.0296 | Epoch Time: 0.27s | Spearman@80: 0.8931 | Kendall@80: 0.7011
Epoch 13/150 | Train Loss: 0.0382 | Epoch Time: 0.26s | Spearman@80: 0.9083 | Kendall@80: 0.7442
Epoch 14/150 | Train Loss: 0.0368 | Epoch Time: 0.27s | Spearman@80: 0.9425 | Kendall@80: 0.7989
Epoch 15/150 | Train Loss: 0.0364 | Epoch Time: 0.27s | Spearman@80: 0.9179 | Kendall@80: 0.7566
Epoch 16/150 | Train Loss: 0.0293 | Epoch Time: 0.27s | Spearman@80: 0.9409 | Kendall@80: 0.8027
Epoch 17/150 | Train Loss: 0.0375 | Epoch Time: 0.27s | Spearman@80: 0.9261 | Kendall@80: 0.7633
Epoch 18/150 | Train Loss: 0.0293 | Epoch Time: 0.27s | Spearman@80: 0.9327 | Kendall@80: 0.7737
Epoch 19/150 | Train Loss: 0.0248 | Epoch Time: 0.27s | Spearman@80: 0.9276 | Kendall@80: 0.7684
Epoch 20/150 | Train Loss: 0.0278 | Epoch Time: 0.27s | Spearman@80: 0.9328 | Kendall@80: 0.7785
Epoch 21/150 | Train Loss: 0.0310 | Epoch Time: 0.26s | Spearman@80: 0.9398 | Kendall@80: 0.8001
Epoch 22/150 | Train Loss: 0.0350 | Epoch Time: 0.27s | Spearman@80: 0.9411 | Kendall@80: 0.7985
Epoch 23/150 | Train Loss: 0.0327 | Epoch Time: 0.27s | Spearman@80: 0.9303 | Kendall@80: 0.7750
Epoch 24/150 | Train Loss: 0.0362 | Epoch Time: 0.27s | Spearman@80: 0.9425 | Kendall@80: 0.7995
Epoch 25/150 | Train Loss: 0.0349 | Epoch Time: 0.27s | Spearman@80: 0.9477 | Kendall@80: 0.8131
Epoch 26/150 | Train Loss: 0.0256 | Epoch Time: 0.27s | Spearman@80: 0.9494 | Kendall@80: 0.8135
Epoch 27/150 | Train Loss: 0.0290 | Epoch Time: 0.27s | Spearman@80: 0.9515 | Kendall@80: 0.8163
Epoch 28/150 | Train Loss: 0.0242 | Epoch Time: 0.27s | Spearman@80: 0.9500 | Kendall@80: 0.8131
Epoch 29/150 | Train Loss: 0.0225 | Epoch Time: 0.27s | Spearman@80: 0.9369 | Kendall@80: 0.7858
Epoch 30/150 | Train Loss: 0.0323 | Epoch Time: 0.26s | Spearman@80: 0.9485 | Kendall@80: 0.8109
Epoch 31/150 | Train Loss: 0.0246 | Epoch Time: 0.26s | Spearman@80: 0.9510 | Kendall@80: 0.8125
Epoch 32/150 | Train Loss: 0.0202 | Epoch Time: 0.26s | Spearman@80: 0.9506 | Kendall@80: 0.8156
Epoch 33/150 | Train Loss: 0.0217 | Epoch Time: 0.26s | Spearman@80: 0.9460 | Kendall@80: 0.8080
Epoch 34/150 | Train Loss: 0.0266 | Epoch Time: 0.27s | Spearman@80: 0.9325 | Kendall@80: 0.7782
Epoch 35/150 | Train Loss: 0.0380 | Epoch Time: 0.30s | Spearman@80: 0.9162 | Kendall@80: 0.7534
Epoch 36/150 | Train Loss: 0.0278 | Epoch Time: 0.30s | Spearman@80: 0.9090 | Kendall@80: 0.7322
Epoch 37/150 | Train Loss: 0.0364 | Epoch Time: 0.30s | Spearman@80: 0.9380 | Kendall@80: 0.7883
Epoch 38/150 | Train Loss: 0.0340 | Epoch Time: 0.30s | Spearman@80: 0.9363 | Kendall@80: 0.7887
Epoch 39/150 | Train Loss: 0.0303 | Epoch Time: 0.29s | Spearman@80: 0.9304 | Kendall@80: 0.7788
Epoch 40/150 | Train Loss: 0.0223 | Epoch Time: 0.29s | Spearman@80: 0.9414 | Kendall@80: 0.8039
Epoch 41/150 | Train Loss: 0.0232 | Epoch Time: 0.30s | Spearman@80: 0.9439 | Kendall@80: 0.8020
Epoch 42/150 | Train Loss: 0.0276 | Epoch Time: 0.30s | Spearman@80: 0.9462 | Kendall@80: 0.8137
Epoch 43/150 | Train Loss: 0.0306 | Epoch Time: 0.29s | Spearman@80: 0.9388 | Kendall@80: 0.7944
Epoch 44/150 | Train Loss: 0.0324 | Epoch Time: 0.30s | Spearman@80: 0.9410 | Kendall@80: 0.7906
Epoch 45/150 | Train Loss: 0.0263 | Epoch Time: 0.30s | Spearman@80: 0.9452 | Kendall@80: 0.8074
Epoch 46/150 | Train Loss: 0.0245 | Epoch Time: 0.29s | Spearman@80: 0.9474 | Kendall@80: 0.8116
Epoch 47/150 | Train Loss: 0.0254 | Epoch Time: 0.29s | Spearman@80: 0.9364 | Kendall@80: 0.7957
Epoch 48/150 | Train Loss: 0.0250 | Epoch Time: 0.30s | Spearman@80: 0.9444 | Kendall@80: 0.8080
Epoch 49/150 | Train Loss: 0.0257 | Epoch Time: 0.30s | Spearman@80: 0.9495 | Kendall@80: 0.8169
Epoch 50/150 | Train Loss: 0.0228 | Epoch Time: 0.29s | Spearman@80: 0.9497 | Kendall@80: 0.8147
Epoch 51/150 | Train Loss: 0.0232 | Epoch Time: 0.29s | Spearman@80: 0.9528 | Kendall@80: 0.8233
Epoch 52/150 | Train Loss: 0.0209 | Epoch Time: 0.30s | Spearman@80: 0.9423 | Kendall@80: 0.7978
Epoch 53/150 | Train Loss: 0.0249 | Epoch Time: 0.30s | Spearman@80: 0.9314 | Kendall@80: 0.7870
Epoch 54/150 | Train Loss: 0.0234 | Epoch Time: 0.30s | Spearman@80: 0.9435 | Kendall@80: 0.8014
Epoch 55/150 | Train Loss: 0.0218 | Epoch Time: 0.30s | Spearman@80: 0.9198 | Kendall@80: 0.7623
Epoch 56/150 | Train Loss: 0.0357 | Epoch Time: 0.30s | Spearman@80: 0.9378 | Kendall@80: 0.7953
Epoch 57/150 | Train Loss: 0.0297 | Epoch Time: 0.30s | Spearman@80: 0.9308 | Kendall@80: 0.7754
Epoch 58/150 | Train Loss: 0.0289 | Epoch Time: 0.30s | Spearman@80: 0.9441 | Kendall@80: 0.8055
Epoch 59/150 | Train Loss: 0.0167 | Epoch Time: 0.29s | Spearman@80: 0.9403 | Kendall@80: 0.7928
Epoch 60/150 | Train Loss: 0.0257 | Epoch Time: 0.30s | Spearman@80: 0.9465 | Kendall@80: 0.8042
Epoch 61/150 | Train Loss: 0.0234 | Epoch Time: 0.30s | Spearman@80: 0.9391 | Kendall@80: 0.7902
Epoch 62/150 | Train Loss: 0.0297 | Epoch Time: 0.29s | Spearman@80: 0.9477 | Kendall@80: 0.8137
Epoch 63/150 | Train Loss: 0.0218 | Epoch Time: 0.30s | Spearman@80: 0.9237 | Kendall@80: 0.7693
Epoch 64/150 | Train Loss: 0.0298 | Epoch Time: 0.30s | Spearman@80: 0.9379 | Kendall@80: 0.7877
Epoch 65/150 | Train Loss: 0.0271 | Epoch Time: 0.30s | Spearman@80: 0.9485 | Kendall@80: 0.8078
Epoch 66/150 | Train Loss: 0.0261 | Epoch Time: 0.29s | Spearman@80: 0.9434 | Kendall@80: 0.7985
Epoch 67/150 | Train Loss: 0.0194 | Epoch Time: 0.30s | Spearman@80: 0.9578 | Kendall@80: 0.8213
Epoch 68/150 | Train Loss: 0.0215 | Epoch Time: 0.30s | Spearman@80: 0.9520 | Kendall@80: 0.8125
Epoch 69/150 | Train Loss: 0.0226 | Epoch Time: 0.30s | Spearman@80: 0.9478 | Kendall@80: 0.8055
Epoch 70/150 | Train Loss: 0.0227 | Epoch Time: 0.30s | Spearman@80: 0.9373 | Kendall@80: 0.7836
Epoch 71/150 | Train Loss: 0.0229 | Epoch Time: 0.29s | Spearman@80: 0.9468 | Kendall@80: 0.8048
Epoch 72/150 | Train Loss: 0.0153 | Epoch Time: 0.29s | Spearman@80: 0.9536 | Kendall@80: 0.8230
Epoch 73/150 | Train Loss: 0.0177 | Epoch Time: 0.30s | Spearman@80: 0.9449 | Kendall@80: 0.8099
Epoch 74/150 | Train Loss: 0.0260 | Epoch Time: 0.30s | Spearman@80: 0.9484 | Kendall@80: 0.8135
Epoch 75/150 | Train Loss: 0.0174 | Epoch Time: 0.30s | Spearman@80: 0.9467 | Kendall@80: 0.8084
Epoch 76/150 | Train Loss: 0.0261 | Epoch Time: 0.30s | Spearman@80: 0.9516 | Kendall@80: 0.8175
Epoch 77/150 | Train Loss: 0.0223 | Epoch Time: 0.30s | Spearman@80: 0.9515 | Kendall@80: 0.8169
Epoch 78/150 | Train Loss: 0.0223 | Epoch Time: 0.29s | Spearman@80: 0.9324 | Kendall@80: 0.7817
Epoch 79/150 | Train Loss: 0.0250 | Epoch Time: 0.29s | Spearman@80: 0.9623 | Kendall@80: 0.8385
Epoch 80/150 | Train Loss: 0.0250 | Epoch Time: 0.30s | Spearman@80: 0.9614 | Kendall@80: 0.8433
Epoch 81/150 | Train Loss: 0.0132 | Epoch Time: 0.29s | Spearman@80: 0.9435 | Kendall@80: 0.8046
Epoch 82/150 | Train Loss: 0.0200 | Epoch Time: 0.29s | Spearman@80: 0.9432 | Kendall@80: 0.8061
Epoch 83/150 | Train Loss: 0.0208 | Epoch Time: 0.29s | Spearman@80: 0.9561 | Kendall@80: 0.8233
Epoch 84/150 | Train Loss: 0.0264 | Epoch Time: 0.29s | Spearman@80: 0.9543 | Kendall@80: 0.8245
Epoch 85/150 | Train Loss: 0.0246 | Epoch Time: 0.30s | Spearman@80: 0.9401 | Kendall@80: 0.8023
Epoch 86/150 | Train Loss: 0.0284 | Epoch Time: 0.29s | Spearman@80: 0.9534 | Kendall@80: 0.8309
Epoch 87/150 | Train Loss: 0.0242 | Epoch Time: 0.29s | Spearman@80: 0.9604 | Kendall@80: 0.8442
Epoch 88/150 | Train Loss: 0.0221 | Epoch Time: 0.30s | Spearman@80: 0.9582 | Kendall@80: 0.8360
Epoch 89/150 | Train Loss: 0.0213 | Epoch Time: 0.30s | Spearman@80: 0.9549 | Kendall@80: 0.8293
Epoch 90/150 | Train Loss: 0.0150 | Epoch Time: 0.30s | Spearman@80: 0.9561 | Kendall@80: 0.8296
Epoch 91/150 | Train Loss: 0.0176 | Epoch Time: 0.29s | Spearman@80: 0.9577 | Kendall@80: 0.8325
Epoch 92/150 | Train Loss: 0.0233 | Epoch Time: 0.29s | Spearman@80: 0.9580 | Kendall@80: 0.8338
Epoch 93/150 | Train Loss: 0.0189 | Epoch Time: 0.30s | Spearman@80: 0.9562 | Kendall@80: 0.8302
Epoch 94/150 | Train Loss: 0.0134 | Epoch Time: 0.29s | Spearman@80: 0.9550 | Kendall@80: 0.8319
Epoch 95/150 | Train Loss: 0.0210 | Epoch Time: 0.30s | Spearman@80: 0.9548 | Kendall@80: 0.8179
Epoch 96/150 | Train Loss: 0.0182 | Epoch Time: 0.30s | Spearman@80: 0.9501 | Kendall@80: 0.8154
Epoch 97/150 | Train Loss: 0.0212 | Epoch Time: 0.30s | Spearman@80: 0.9512 | Kendall@80: 0.8201
Epoch 98/150 | Train Loss: 0.0192 | Epoch Time: 0.30s | Spearman@80: 0.9385 | Kendall@80: 0.7931
Epoch 99/150 | Train Loss: 0.0225 | Epoch Time: 0.30s | Spearman@80: 0.9633 | Kendall@80: 0.8398
Epoch 100/150 | Train Loss: 0.0219 | Epoch Time: 0.31s | Spearman@80: 0.9654 | Kendall@80: 0.8414
Epoch 101/150 | Train Loss: 0.0197 | Epoch Time: 0.31s | Spearman@80: 0.9618 | Kendall@80: 0.8414
Epoch 102/150 | Train Loss: 0.0183 | Epoch Time: 0.30s | Spearman@80: 0.9606 | Kendall@80: 0.8363
Epoch 103/150 | Train Loss: 0.0120 | Epoch Time: 0.30s | Spearman@80: 0.9618 | Kendall@80: 0.8410
Epoch 104/150 | Train Loss: 0.0136 | Epoch Time: 0.29s | Spearman@80: 0.9612 | Kendall@80: 0.8417
Epoch 105/150 | Train Loss: 0.0152 | Epoch Time: 0.30s | Spearman@80: 0.9656 | Kendall@80: 0.8455
Epoch 106/150 | Train Loss: 0.0153 | Epoch Time: 0.29s | Spearman@80: 0.9623 | Kendall@80: 0.8449
Epoch 107/150 | Train Loss: 0.0171 | Epoch Time: 0.29s | Spearman@80: 0.9562 | Kendall@80: 0.8319
Epoch 108/150 | Train Loss: 0.0194 | Epoch Time: 0.30s | Spearman@80: 0.9594 | Kendall@80: 0.8372
Epoch 109/150 | Train Loss: 0.0133 | Epoch Time: 0.29s | Spearman@80: 0.9566 | Kendall@80: 0.8283
Epoch 110/150 | Train Loss: 0.0108 | Epoch Time: 0.30s | Spearman@80: 0.9591 | Kendall@80: 0.8283
Epoch 111/150 | Train Loss: 0.0139 | Epoch Time: 0.30s | Spearman@80: 0.9613 | Kendall@80: 0.8389
Epoch 112/150 | Train Loss: 0.0165 | Epoch Time: 0.29s | Spearman@80: 0.9594 | Kendall@80: 0.8376
Epoch 113/150 | Train Loss: 0.0179 | Epoch Time: 0.30s | Spearman@80: 0.9586 | Kendall@80: 0.8372
Epoch 114/150 | Train Loss: 0.0129 | Epoch Time: 0.29s | Spearman@80: 0.9591 | Kendall@80: 0.8293
Epoch 115/150 | Train Loss: 0.0102 | Epoch Time: 0.30s | Spearman@80: 0.9577 | Kendall@80: 0.8277
Epoch 116/150 | Train Loss: 0.0137 | Epoch Time: 0.30s | Spearman@80: 0.9581 | Kendall@80: 0.8312
Epoch 117/150 | Train Loss: 0.0132 | Epoch Time: 0.29s | Spearman@80: 0.9586 | Kendall@80: 0.8379
Epoch 118/150 | Train Loss: 0.0109 | Epoch Time: 0.29s | Spearman@80: 0.9583 | Kendall@80: 0.8417
Epoch 119/150 | Train Loss: 0.0156 | Epoch Time: 0.29s | Spearman@80: 0.9596 | Kendall@80: 0.8398
Epoch 120/150 | Train Loss: 0.0161 | Epoch Time: 0.30s | Spearman@80: 0.9575 | Kendall@80: 0.8372
Epoch 121/150 | Train Loss: 0.0202 | Epoch Time: 0.29s | Spearman@80: 0.9594 | Kendall@80: 0.8382
Epoch 122/150 | Train Loss: 0.0121 | Epoch Time: 0.29s | Spearman@80: 0.9623 | Kendall@80: 0.8363
Epoch 123/150 | Train Loss: 0.0115 | Epoch Time: 0.30s | Spearman@80: 0.9621 | Kendall@80: 0.8366
Epoch 124/150 | Train Loss: 0.0148 | Epoch Time: 0.30s | Spearman@80: 0.9637 | Kendall@80: 0.8417
Epoch 125/150 | Train Loss: 0.0120 | Epoch Time: 0.30s | Spearman@80: 0.9624 | Kendall@80: 0.8449
Epoch 126/150 | Train Loss: 0.0137 | Epoch Time: 0.30s | Spearman@80: 0.9593 | Kendall@80: 0.8385
Epoch 127/150 | Train Loss: 0.0090 | Epoch Time: 0.30s | Spearman@80: 0.9583 | Kendall@80: 0.8372
Epoch 128/150 | Train Loss: 0.0161 | Epoch Time: 0.30s | Spearman@80: 0.9573 | Kendall@80: 0.8347
Epoch 129/150 | Train Loss: 0.0163 | Epoch Time: 0.30s | Spearman@80: 0.9593 | Kendall@80: 0.8391
Epoch 130/150 | Train Loss: 0.0114 | Epoch Time: 0.31s | Spearman@80: 0.9593 | Kendall@80: 0.8366
Epoch 131/150 | Train Loss: 0.0168 | Epoch Time: 0.30s | Spearman@80: 0.9617 | Kendall@80: 0.8433
Epoch 132/150 | Train Loss: 0.0158 | Epoch Time: 0.30s | Spearman@80: 0.9602 | Kendall@80: 0.8398
Epoch 133/150 | Train Loss: 0.0144 | Epoch Time: 0.30s | Spearman@80: 0.9606 | Kendall@80: 0.8410
Epoch 134/150 | Train Loss: 0.0112 | Epoch Time: 0.30s | Spearman@80: 0.9593 | Kendall@80: 0.8372
Epoch 135/150 | Train Loss: 0.0201 | Epoch Time: 0.30s | Spearman@80: 0.9610 | Kendall@80: 0.8410
Epoch 136/150 | Train Loss: 0.0175 | Epoch Time: 0.29s | Spearman@80: 0.9610 | Kendall@80: 0.8414
Epoch 137/150 | Train Loss: 0.0177 | Epoch Time: 0.29s | Spearman@80: 0.9616 | Kendall@80: 0.8446
Epoch 138/150 | Train Loss: 0.0133 | Epoch Time: 0.30s | Spearman@80: 0.9597 | Kendall@80: 0.8391
Epoch 139/150 | Train Loss: 0.0163 | Epoch Time: 0.30s | Spearman@80: 0.9587 | Kendall@80: 0.8363
Epoch 140/150 | Train Loss: 0.0156 | Epoch Time: 0.30s | Spearman@80: 0.9571 | Kendall@80: 0.8338
Epoch 141/150 | Train Loss: 0.0113 | Epoch Time: 0.30s | Spearman@80: 0.9602 | Kendall@80: 0.8427
Epoch 142/150 | Train Loss: 0.0181 | Epoch Time: 0.29s | Spearman@80: 0.9592 | Kendall@80: 0.8404
Epoch 143/150 | Train Loss: 0.0197 | Epoch Time: 0.29s | Spearman@80: 0.9597 | Kendall@80: 0.8408
Epoch 144/150 | Train Loss: 0.0166 | Epoch Time: 0.30s | Spearman@80: 0.9594 | Kendall@80: 0.8379
Epoch 145/150 | Train Loss: 0.0160 | Epoch Time: 0.29s | Spearman@80: 0.9593 | Kendall@80: 0.8398
Epoch 146/150 | Train Loss: 0.0229 | Epoch Time: 0.30s | Spearman@80: 0.9604 | Kendall@80: 0.8423
Epoch 147/150 | Train Loss: 0.0127 | Epoch Time: 1.77s | Spearman@15560: 0.9470 | Kendall@15560: 0.8165
Epoch 148/150 | Train Loss: 0.0119 | Epoch Time: 1.60s | Spearman@15560: 0.9465 | Kendall@15560: 0.8156
Epoch 149/150 | Train Loss: 0.0153 | Epoch Time: 1.62s | Spearman@15560: 0.9468 | Kendall@15560: 0.8165
Epoch 150/150 | Train Loss: 0.0111 | Epoch Time: 1.62s | Spearman@15560: 0.9469 | Kendall@15560: 0.8170
Sample Count: 64, Spearman: 0.9468255596690782, Kendall: 0.8163804180832301
{64: (0.9468255596690782, 0.8163804180832301)}
Epoch 1/150 | Train Loss: 0.0905 | Epoch Time: 0.55s | Spearman@80: 0.6609 | Kendall@80: 0.4846
Epoch 2/150 | Train Loss: 0.0576 | Epoch Time: 0.54s | Spearman@80: 0.8103 | Kendall@80: 0.6134
Epoch 3/150 | Train Loss: 0.0490 | Epoch Time: 0.54s | Spearman@80: 0.8872 | Kendall@80: 0.7339
Epoch 4/150 | Train Loss: 0.0427 | Epoch Time: 0.54s | Spearman@80: 0.9117 | Kendall@80: 0.7555
Epoch 5/150 | Train Loss: 0.0348 | Epoch Time: 0.54s | Spearman@80: 0.9037 | Kendall@80: 0.7307
Epoch 6/150 | Train Loss: 0.0374 | Epoch Time: 0.54s | Spearman@80: 0.9143 | Kendall@80: 0.7496
Epoch 7/150 | Train Loss: 0.0388 | Epoch Time: 0.54s | Spearman@80: 0.9174 | Kendall@80: 0.7597
Epoch 8/150 | Train Loss: 0.0347 | Epoch Time: 0.54s | Spearman@80: 0.9294 | Kendall@80: 0.7789
Epoch 9/150 | Train Loss: 0.0375 | Epoch Time: 0.54s | Spearman@80: 0.9282 | Kendall@80: 0.7707
Epoch 10/150 | Train Loss: 0.0322 | Epoch Time: 0.54s | Spearman@80: 0.9391 | Kendall@80: 0.7935
Epoch 11/150 | Train Loss: 0.0362 | Epoch Time: 0.54s | Spearman@80: 0.9267 | Kendall@80: 0.7705
Epoch 12/150 | Train Loss: 0.0381 | Epoch Time: 0.54s | Spearman@80: 0.9346 | Kendall@80: 0.7885
Epoch 13/150 | Train Loss: 0.0331 | Epoch Time: 0.54s | Spearman@80: 0.8888 | Kendall@80: 0.7104
Epoch 14/150 | Train Loss: 0.0329 | Epoch Time: 0.53s | Spearman@80: 0.9319 | Kendall@80: 0.7876
Epoch 15/150 | Train Loss: 0.0333 | Epoch Time: 0.54s | Spearman@80: 0.9336 | Kendall@80: 0.7885
Epoch 16/150 | Train Loss: 0.0258 | Epoch Time: 0.53s | Spearman@80: 0.9279 | Kendall@80: 0.7853
Epoch 17/150 | Train Loss: 0.0378 | Epoch Time: 0.53s | Spearman@80: 0.8975 | Kendall@80: 0.7381
Epoch 18/150 | Train Loss: 0.0328 | Epoch Time: 0.53s | Spearman@80: 0.8829 | Kendall@80: 0.7149
Epoch 19/150 | Train Loss: 0.0344 | Epoch Time: 0.55s | Spearman@80: 0.9256 | Kendall@80: 0.7682
Epoch 20/150 | Train Loss: 0.0325 | Epoch Time: 0.53s | Spearman@80: 0.8917 | Kendall@80: 0.7159
Epoch 21/150 | Train Loss: 0.0371 | Epoch Time: 0.53s | Spearman@80: 0.9192 | Kendall@80: 0.7673
Epoch 22/150 | Train Loss: 0.0371 | Epoch Time: 0.53s | Spearman@80: 0.9312 | Kendall@80: 0.7807
Epoch 23/150 | Train Loss: 0.0306 | Epoch Time: 0.54s | Spearman@80: 0.9349 | Kendall@80: 0.7923
Epoch 24/150 | Train Loss: 0.0341 | Epoch Time: 0.54s | Spearman@80: 0.9222 | Kendall@80: 0.7751
Epoch 25/150 | Train Loss: 0.0306 | Epoch Time: 0.54s | Spearman@80: 0.8936 | Kendall@80: 0.7257
Epoch 26/150 | Train Loss: 0.0314 | Epoch Time: 0.53s | Spearman@80: 0.9196 | Kendall@80: 0.7663
Epoch 27/150 | Train Loss: 0.0314 | Epoch Time: 0.54s | Spearman@80: 0.9257 | Kendall@80: 0.7815
Epoch 28/150 | Train Loss: 0.0382 | Epoch Time: 0.54s | Spearman@80: 0.9229 | Kendall@80: 0.7732
Epoch 29/150 | Train Loss: 0.0336 | Epoch Time: 0.54s | Spearman@80: 0.9142 | Kendall@80: 0.7559
Epoch 30/150 | Train Loss: 0.0323 | Epoch Time: 0.54s | Spearman@80: 0.9259 | Kendall@80: 0.7802
Epoch 31/150 | Train Loss: 0.0360 | Epoch Time: 0.54s | Spearman@80: 0.8933 | Kendall@80: 0.7343
Epoch 32/150 | Train Loss: 0.0347 | Epoch Time: 0.54s | Spearman@80: 0.9172 | Kendall@80: 0.7694
Epoch 33/150 | Train Loss: 0.0339 | Epoch Time: 0.54s | Spearman@80: 0.9183 | Kendall@80: 0.7732
Epoch 34/150 | Train Loss: 0.0283 | Epoch Time: 0.53s | Spearman@80: 0.9283 | Kendall@80: 0.7834
Epoch 35/150 | Train Loss: 0.0321 | Epoch Time: 0.54s | Spearman@80: 0.8717 | Kendall@80: 0.7045
Epoch 36/150 | Train Loss: 0.0353 | Epoch Time: 0.54s | Spearman@80: 0.9271 | Kendall@80: 0.7743
Epoch 37/150 | Train Loss: 0.0321 | Epoch Time: 0.53s | Spearman@80: 0.9145 | Kendall@80: 0.7648
Epoch 38/150 | Train Loss: 0.0338 | Epoch Time: 0.53s | Spearman@80: 0.9162 | Kendall@80: 0.7688
Epoch 39/150 | Train Loss: 0.0279 | Epoch Time: 0.54s | Spearman@80: 0.9127 | Kendall@80: 0.7667
Epoch 40/150 | Train Loss: 0.0261 | Epoch Time: 0.53s | Spearman@80: 0.9173 | Kendall@80: 0.7713
Epoch 41/150 | Train Loss: 0.0345 | Epoch Time: 0.54s | Spearman@80: 0.9135 | Kendall@80: 0.7534
Epoch 42/150 | Train Loss: 0.0292 | Epoch Time: 0.54s | Spearman@80: 0.9271 | Kendall@80: 0.7872
Epoch 43/150 | Train Loss: 0.0319 | Epoch Time: 0.54s | Spearman@80: 0.9252 | Kendall@80: 0.7768
Epoch 44/150 | Train Loss: 0.0285 | Epoch Time: 0.54s | Spearman@80: 0.9304 | Kendall@80: 0.7902
Epoch 45/150 | Train Loss: 0.0359 | Epoch Time: 0.55s | Spearman@80: 0.9128 | Kendall@80: 0.7669
Epoch 46/150 | Train Loss: 0.0217 | Epoch Time: 0.53s | Spearman@80: 0.9157 | Kendall@80: 0.7770
Epoch 47/150 | Train Loss: 0.0319 | Epoch Time: 0.54s | Spearman@80: 0.9199 | Kendall@80: 0.7758
Epoch 48/150 | Train Loss: 0.0304 | Epoch Time: 0.54s | Spearman@80: 0.9107 | Kendall@80: 0.7642
Epoch 49/150 | Train Loss: 0.0285 | Epoch Time: 0.55s | Spearman@80: 0.9182 | Kendall@80: 0.7711
Epoch 50/150 | Train Loss: 0.0322 | Epoch Time: 0.58s | Spearman@80: 0.9077 | Kendall@80: 0.7574
Epoch 51/150 | Train Loss: 0.0321 | Epoch Time: 0.60s | Spearman@80: 0.9153 | Kendall@80: 0.7680
Epoch 52/150 | Train Loss: 0.0288 | Epoch Time: 0.60s | Spearman@80: 0.8931 | Kendall@80: 0.7358
Epoch 53/150 | Train Loss: 0.0335 | Epoch Time: 0.61s | Spearman@80: 0.9018 | Kendall@80: 0.7546
Epoch 54/150 | Train Loss: 0.0298 | Epoch Time: 0.60s | Spearman@80: 0.9133 | Kendall@80: 0.7688
Epoch 55/150 | Train Loss: 0.0290 | Epoch Time: 0.62s | Spearman@80: 0.9232 | Kendall@80: 0.7777
Epoch 56/150 | Train Loss: 0.0224 | Epoch Time: 0.61s | Spearman@80: 0.9129 | Kendall@80: 0.7673
Epoch 57/150 | Train Loss: 0.0263 | Epoch Time: 0.61s | Spearman@80: 0.9194 | Kendall@80: 0.7707
Epoch 58/150 | Train Loss: 0.0234 | Epoch Time: 0.61s | Spearman@80: 0.9166 | Kendall@80: 0.7705
Epoch 59/150 | Train Loss: 0.0319 | Epoch Time: 0.59s | Spearman@80: 0.9159 | Kendall@80: 0.7758
Epoch 60/150 | Train Loss: 0.0267 | Epoch Time: 0.61s | Spearman@80: 0.9075 | Kendall@80: 0.7656
Epoch 61/150 | Train Loss: 0.0325 | Epoch Time: 0.62s | Spearman@80: 0.9219 | Kendall@80: 0.7720
Epoch 62/150 | Train Loss: 0.0330 | Epoch Time: 0.61s | Spearman@80: 0.9069 | Kendall@80: 0.7515
Epoch 63/150 | Train Loss: 0.0276 | Epoch Time: 0.61s | Spearman@80: 0.8902 | Kendall@80: 0.7402
Epoch 64/150 | Train Loss: 0.0315 | Epoch Time: 0.61s | Spearman@80: 0.9367 | Kendall@80: 0.8041
Epoch 65/150 | Train Loss: 0.0281 | Epoch Time: 0.60s | Spearman@80: 0.9212 | Kendall@80: 0.7796
Epoch 66/150 | Train Loss: 0.0255 | Epoch Time: 0.61s | Spearman@80: 0.9333 | Kendall@80: 0.8024
Epoch 67/150 | Train Loss: 0.0290 | Epoch Time: 0.60s | Spearman@80: 0.9147 | Kendall@80: 0.7751
Epoch 68/150 | Train Loss: 0.0307 | Epoch Time: 0.61s | Spearman@80: 0.9138 | Kendall@80: 0.7732
Epoch 69/150 | Train Loss: 0.0247 | Epoch Time: 0.61s | Spearman@80: 0.9153 | Kendall@80: 0.7787
Epoch 70/150 | Train Loss: 0.0224 | Epoch Time: 0.61s | Spearman@80: 0.9179 | Kendall@80: 0.7768
Epoch 71/150 | Train Loss: 0.0231 | Epoch Time: 0.61s | Spearman@80: 0.9199 | Kendall@80: 0.7847
Epoch 72/150 | Train Loss: 0.0255 | Epoch Time: 0.62s | Spearman@80: 0.9168 | Kendall@80: 0.7794
Epoch 73/150 | Train Loss: 0.0283 | Epoch Time: 0.62s | Spearman@80: 0.9125 | Kendall@80: 0.7631
Epoch 74/150 | Train Loss: 0.0262 | Epoch Time: 0.62s | Spearman@80: 0.9018 | Kendall@80: 0.7565
Epoch 75/150 | Train Loss: 0.0292 | Epoch Time: 0.61s | Spearman@80: 0.9231 | Kendall@80: 0.7808
Epoch 76/150 | Train Loss: 0.0252 | Epoch Time: 0.59s | Spearman@80: 0.9181 | Kendall@80: 0.7781
Epoch 77/150 | Train Loss: 0.0313 | Epoch Time: 0.60s | Spearman@80: 0.8849 | Kendall@80: 0.7362
Epoch 78/150 | Train Loss: 0.0228 | Epoch Time: 0.61s | Spearman@80: 0.9211 | Kendall@80: 0.7864
Epoch 79/150 | Train Loss: 0.0181 | Epoch Time: 0.61s | Spearman@80: 0.9135 | Kendall@80: 0.7768
Epoch 80/150 | Train Loss: 0.0309 | Epoch Time: 0.62s | Spearman@80: 0.9117 | Kendall@80: 0.7751
Epoch 81/150 | Train Loss: 0.0236 | Epoch Time: 0.61s | Spearman@80: 0.9121 | Kendall@80: 0.7711
Epoch 82/150 | Train Loss: 0.0223 | Epoch Time: 0.62s | Spearman@80: 0.8975 | Kendall@80: 0.7536
Epoch 83/150 | Train Loss: 0.0235 | Epoch Time: 0.61s | Spearman@80: 0.8994 | Kendall@80: 0.7555
Epoch 84/150 | Train Loss: 0.0260 | Epoch Time: 0.60s | Spearman@80: 0.9102 | Kendall@80: 0.7567
Epoch 85/150 | Train Loss: 0.0252 | Epoch Time: 0.61s | Spearman@80: 0.8885 | Kendall@80: 0.7381
Epoch 86/150 | Train Loss: 0.0258 | Epoch Time: 0.61s | Spearman@80: 0.8885 | Kendall@80: 0.7472
Epoch 87/150 | Train Loss: 0.0257 | Epoch Time: 0.61s | Spearman@80: 0.9009 | Kendall@80: 0.7593
Epoch 88/150 | Train Loss: 0.0231 | Epoch Time: 0.61s | Spearman@80: 0.8904 | Kendall@80: 0.7394
Epoch 89/150 | Train Loss: 0.0263 | Epoch Time: 0.62s | Spearman@80: 0.8941 | Kendall@80: 0.7540
Epoch 90/150 | Train Loss: 0.0236 | Epoch Time: 0.61s | Spearman@80: 0.9101 | Kendall@80: 0.7661
Epoch 91/150 | Train Loss: 0.0205 | Epoch Time: 0.60s | Spearman@80: 0.9035 | Kendall@80: 0.7654
Epoch 92/150 | Train Loss: 0.0229 | Epoch Time: 0.61s | Spearman@80: 0.9071 | Kendall@80: 0.7737
Epoch 93/150 | Train Loss: 0.0229 | Epoch Time: 0.61s | Spearman@80: 0.8948 | Kendall@80: 0.7565
Epoch 94/150 | Train Loss: 0.0225 | Epoch Time: 0.63s | Spearman@80: 0.9097 | Kendall@80: 0.7680
Epoch 95/150 | Train Loss: 0.0244 | Epoch Time: 0.61s | Spearman@80: 0.8985 | Kendall@80: 0.7527
Epoch 96/150 | Train Loss: 0.0265 | Epoch Time: 0.61s | Spearman@80: 0.9170 | Kendall@80: 0.7768
Epoch 97/150 | Train Loss: 0.0218 | Epoch Time: 0.61s | Spearman@80: 0.9222 | Kendall@80: 0.7857
Epoch 98/150 | Train Loss: 0.0245 | Epoch Time: 0.63s | Spearman@80: 0.9115 | Kendall@80: 0.7787
Epoch 99/150 | Train Loss: 0.0249 | Epoch Time: 0.60s | Spearman@80: 0.9025 | Kendall@80: 0.7559
Epoch 100/150 | Train Loss: 0.0269 | Epoch Time: 0.61s | Spearman@80: 0.9035 | Kendall@80: 0.7610
Epoch 101/150 | Train Loss: 0.0195 | Epoch Time: 0.61s | Spearman@80: 0.8998 | Kendall@80: 0.7561
Epoch 102/150 | Train Loss: 0.0210 | Epoch Time: 0.60s | Spearman@80: 0.9026 | Kendall@80: 0.7667
Epoch 103/150 | Train Loss: 0.0215 | Epoch Time: 0.61s | Spearman@80: 0.8932 | Kendall@80: 0.7527
Epoch 104/150 | Train Loss: 0.0198 | Epoch Time: 0.62s | Spearman@80: 0.8954 | Kendall@80: 0.7529
Epoch 105/150 | Train Loss: 0.0183 | Epoch Time: 0.60s | Spearman@80: 0.8974 | Kendall@80: 0.7591
Epoch 106/150 | Train Loss: 0.0270 | Epoch Time: 0.61s | Spearman@80: 0.8991 | Kendall@80: 0.7629
Epoch 107/150 | Train Loss: 0.0191 | Epoch Time: 0.62s | Spearman@80: 0.9073 | Kendall@80: 0.7724
Epoch 108/150 | Train Loss: 0.0254 | Epoch Time: 0.62s | Spearman@80: 0.9063 | Kendall@80: 0.7610
Epoch 109/150 | Train Loss: 0.0255 | Epoch Time: 0.59s | Spearman@80: 0.8987 | Kendall@80: 0.7635
Epoch 110/150 | Train Loss: 0.0224 | Epoch Time: 0.60s | Spearman@80: 0.8955 | Kendall@80: 0.7580
Epoch 111/150 | Train Loss: 0.0205 | Epoch Time: 0.61s | Spearman@80: 0.9021 | Kendall@80: 0.7667
Epoch 112/150 | Train Loss: 0.0225 | Epoch Time: 0.62s | Spearman@80: 0.9067 | Kendall@80: 0.7730
Epoch 113/150 | Train Loss: 0.0194 | Epoch Time: 0.61s | Spearman@80: 0.9039 | Kendall@80: 0.7669
Epoch 114/150 | Train Loss: 0.0257 | Epoch Time: 0.61s | Spearman@80: 0.9165 | Kendall@80: 0.7870
Epoch 115/150 | Train Loss: 0.0224 | Epoch Time: 0.61s | Spearman@80: 0.9050 | Kendall@80: 0.7680
Epoch 116/150 | Train Loss: 0.0199 | Epoch Time: 0.61s | Spearman@80: 0.9024 | Kendall@80: 0.7686
Epoch 117/150 | Train Loss: 0.0188 | Epoch Time: 0.61s | Spearman@80: 0.9021 | Kendall@80: 0.7604
Epoch 118/150 | Train Loss: 0.0224 | Epoch Time: 0.61s | Spearman@80: 0.9036 | Kendall@80: 0.7642
Epoch 119/150 | Train Loss: 0.0192 | Epoch Time: 0.61s | Spearman@80: 0.9096 | Kendall@80: 0.7737
Epoch 120/150 | Train Loss: 0.0252 | Epoch Time: 0.61s | Spearman@80: 0.9041 | Kendall@80: 0.7699
Epoch 121/150 | Train Loss: 0.0172 | Epoch Time: 0.60s | Spearman@80: 0.9018 | Kendall@80: 0.7667
Epoch 122/150 | Train Loss: 0.0222 | Epoch Time: 0.61s | Spearman@80: 0.9081 | Kendall@80: 0.7743
Epoch 123/150 | Train Loss: 0.0203 | Epoch Time: 0.61s | Spearman@80: 0.9002 | Kendall@80: 0.7673
Epoch 124/150 | Train Loss: 0.0192 | Epoch Time: 0.63s | Spearman@80: 0.9065 | Kendall@80: 0.7707
Epoch 125/150 | Train Loss: 0.0232 | Epoch Time: 0.60s | Spearman@80: 0.9020 | Kendall@80: 0.7686
Epoch 126/150 | Train Loss: 0.0191 | Epoch Time: 0.62s | Spearman@80: 0.9032 | Kendall@80: 0.7711
Epoch 127/150 | Train Loss: 0.0212 | Epoch Time: 0.61s | Spearman@80: 0.9012 | Kendall@80: 0.7680
Epoch 128/150 | Train Loss: 0.0201 | Epoch Time: 0.61s | Spearman@80: 0.9076 | Kendall@80: 0.7768
Epoch 129/150 | Train Loss: 0.0218 | Epoch Time: 0.60s | Spearman@80: 0.9075 | Kendall@80: 0.7751
Epoch 130/150 | Train Loss: 0.0199 | Epoch Time: 0.61s | Spearman@80: 0.9066 | Kendall@80: 0.7762
Epoch 131/150 | Train Loss: 0.0164 | Epoch Time: 0.60s | Spearman@80: 0.9040 | Kendall@80: 0.7737
Epoch 132/150 | Train Loss: 0.0201 | Epoch Time: 0.59s | Spearman@80: 0.9009 | Kendall@80: 0.7656
Epoch 133/150 | Train Loss: 0.0253 | Epoch Time: 0.60s | Spearman@80: 0.9020 | Kendall@80: 0.7667
Epoch 134/150 | Train Loss: 0.0231 | Epoch Time: 0.61s | Spearman@80: 0.9014 | Kendall@80: 0.7692
Epoch 135/150 | Train Loss: 0.0164 | Epoch Time: 0.60s | Spearman@80: 0.9017 | Kendall@80: 0.7699
Epoch 136/150 | Train Loss: 0.0228 | Epoch Time: 0.59s | Spearman@80: 0.9052 | Kendall@80: 0.7743
Epoch 137/150 | Train Loss: 0.0220 | Epoch Time: 0.60s | Spearman@80: 0.9030 | Kendall@80: 0.7688
Epoch 138/150 | Train Loss: 0.0204 | Epoch Time: 0.60s | Spearman@80: 0.9043 | Kendall@80: 0.7692
Epoch 139/150 | Train Loss: 0.0174 | Epoch Time: 0.60s | Spearman@80: 0.9029 | Kendall@80: 0.7720
Epoch 140/150 | Train Loss: 0.0184 | Epoch Time: 0.60s | Spearman@80: 0.9055 | Kendall@80: 0.7724
Epoch 141/150 | Train Loss: 0.0206 | Epoch Time: 0.61s | Spearman@80: 0.9055 | Kendall@80: 0.7711
Epoch 142/150 | Train Loss: 0.0228 | Epoch Time: 0.59s | Spearman@80: 0.9040 | Kendall@80: 0.7682
Epoch 143/150 | Train Loss: 0.0194 | Epoch Time: 0.60s | Spearman@80: 0.9012 | Kendall@80: 0.7686
Epoch 144/150 | Train Loss: 0.0197 | Epoch Time: 0.60s | Spearman@80: 0.9043 | Kendall@80: 0.7705
Epoch 145/150 | Train Loss: 0.0160 | Epoch Time: 0.60s | Spearman@80: 0.9027 | Kendall@80: 0.7705
Epoch 146/150 | Train Loss: 0.0274 | Epoch Time: 0.60s | Spearman@80: 0.9037 | Kendall@80: 0.7726
Epoch 147/150 | Train Loss: 0.0176 | Epoch Time: 2.16s | Spearman@15496: 0.9155 | Kendall@15496: 0.7669
Epoch 148/150 | Train Loss: 0.0201 | Epoch Time: 1.93s | Spearman@15496: 0.9140 | Kendall@15496: 0.7650
Epoch 149/150 | Train Loss: 0.0176 | Epoch Time: 1.92s | Spearman@15496: 0.9159 | Kendall@15496: 0.7673
Epoch 150/150 | Train Loss: 0.0183 | Epoch Time: 1.92s | Spearman@15496: 0.9164 | Kendall@15496: 0.7685
Sample Count: 128, Spearman: 0.9154524639753654, Kendall: 0.766930052056468
{64: (0.9468255596690782, 0.8163804180832301),
 128: (0.9154524639753654, 0.766930052056468)}
Epoch 1/150 | Train Loss: 0.0946 | Epoch Time: 0.28s | Spearman@80: 0.4217 | Kendall@80: 0.2893
Epoch 2/150 | Train Loss: 0.0709 | Epoch Time: 0.29s | Spearman@80: 0.5379 | Kendall@80: 0.3866
Epoch 3/150 | Train Loss: 0.0568 | Epoch Time: 0.27s | Spearman@80: 0.8132 | Kendall@80: 0.6295
Epoch 4/150 | Train Loss: 0.0597 | Epoch Time: 0.27s | Spearman@80: 0.8060 | Kendall@80: 0.6130
Epoch 5/150 | Train Loss: 0.0341 | Epoch Time: 0.27s | Spearman@80: 0.8344 | Kendall@80: 0.6546
Epoch 6/150 | Train Loss: 0.0349 | Epoch Time: 0.27s | Spearman@80: 0.8015 | Kendall@80: 0.6058
Epoch 7/150 | Train Loss: 0.0301 | Epoch Time: 0.28s | Spearman@80: 0.8418 | Kendall@80: 0.6700
Epoch 8/150 | Train Loss: 0.0363 | Epoch Time: 0.27s | Spearman@80: 0.8551 | Kendall@80: 0.6926
Epoch 9/150 | Train Loss: 0.0301 | Epoch Time: 0.27s | Spearman@80: 0.7625 | Kendall@80: 0.5682
Epoch 10/150 | Train Loss: 0.0232 | Epoch Time: 0.27s | Spearman@80: 0.8668 | Kendall@80: 0.7100
Epoch 11/150 | Train Loss: 0.0288 | Epoch Time: 0.27s | Spearman@80: 0.8564 | Kendall@80: 0.7011
Epoch 12/150 | Train Loss: 0.0248 | Epoch Time: 0.30s | Spearman@80: 0.8325 | Kendall@80: 0.6730
Epoch 13/150 | Train Loss: 0.0240 | Epoch Time: 0.31s | Spearman@80: 0.8438 | Kendall@80: 0.6891
Epoch 14/150 | Train Loss: 0.0304 | Epoch Time: 0.30s | Spearman@80: 0.7952 | Kendall@80: 0.6143
Epoch 15/150 | Train Loss: 0.0249 | Epoch Time: 0.30s | Spearman@80: 0.8342 | Kendall@80: 0.6751
Epoch 16/150 | Train Loss: 0.0224 | Epoch Time: 0.31s | Spearman@80: 0.8554 | Kendall@80: 0.7121
Epoch 17/150 | Train Loss: 0.0268 | Epoch Time: 0.30s | Spearman@80: 0.8275 | Kendall@80: 0.6605
Epoch 18/150 | Train Loss: 0.0246 | Epoch Time: 0.31s | Spearman@80: 0.8563 | Kendall@80: 0.7093
Epoch 19/150 | Train Loss: 0.0265 | Epoch Time: 0.31s | Spearman@80: 0.8343 | Kendall@80: 0.6844
Epoch 20/150 | Train Loss: 0.0299 | Epoch Time: 0.31s | Spearman@80: 0.8663 | Kendall@80: 0.7239
Epoch 21/150 | Train Loss: 0.0273 | Epoch Time: 0.31s | Spearman@80: 0.8562 | Kendall@80: 0.7005
Epoch 22/150 | Train Loss: 0.0269 | Epoch Time: 0.31s | Spearman@80: 0.8586 | Kendall@80: 0.7098
Epoch 23/150 | Train Loss: 0.0274 | Epoch Time: 0.30s | Spearman@80: 0.8566 | Kendall@80: 0.7136
Epoch 24/150 | Train Loss: 0.0225 | Epoch Time: 0.31s | Spearman@80: 0.8736 | Kendall@80: 0.7300
Epoch 25/150 | Train Loss: 0.0190 | Epoch Time: 0.30s | Spearman@80: 0.8769 | Kendall@80: 0.7311
Epoch 26/150 | Train Loss: 0.0243 | Epoch Time: 0.30s | Spearman@80: 0.8691 | Kendall@80: 0.7142
Epoch 27/150 | Train Loss: 0.0268 | Epoch Time: 0.31s | Spearman@80: 0.8561 | Kendall@80: 0.7055
Epoch 28/150 | Train Loss: 0.0211 | Epoch Time: 0.31s | Spearman@80: 0.8489 | Kendall@80: 0.6882
Epoch 29/150 | Train Loss: 0.0218 | Epoch Time: 0.31s | Spearman@80: 0.8861 | Kendall@80: 0.7353
Epoch 30/150 | Train Loss: 0.0283 | Epoch Time: 0.31s | Spearman@80: 0.8652 | Kendall@80: 0.7072
Epoch 31/150 | Train Loss: 0.0238 | Epoch Time: 0.31s | Spearman@80: 0.8433 | Kendall@80: 0.6831
Epoch 32/150 | Train Loss: 0.0190 | Epoch Time: 0.31s | Spearman@80: 0.8894 | Kendall@80: 0.7486
Epoch 33/150 | Train Loss: 0.0260 | Epoch Time: 0.31s | Spearman@80: 0.8893 | Kendall@80: 0.7491
Epoch 34/150 | Train Loss: 0.0177 | Epoch Time: 0.31s | Spearman@80: 0.8926 | Kendall@80: 0.7518
Epoch 35/150 | Train Loss: 0.0185 | Epoch Time: 0.31s | Spearman@80: 0.8906 | Kendall@80: 0.7435
Epoch 36/150 | Train Loss: 0.0186 | Epoch Time: 0.32s | Spearman@80: 0.8892 | Kendall@80: 0.7541
Epoch 37/150 | Train Loss: 0.0227 | Epoch Time: 0.31s | Spearman@80: 0.8829 | Kendall@80: 0.7294
Epoch 38/150 | Train Loss: 0.0301 | Epoch Time: 0.31s | Spearman@80: 0.8646 | Kendall@80: 0.7133
Epoch 39/150 | Train Loss: 0.0277 | Epoch Time: 0.30s | Spearman@80: 0.8732 | Kendall@80: 0.7233
Epoch 40/150 | Train Loss: 0.0212 | Epoch Time: 0.31s | Spearman@80: 0.8481 | Kendall@80: 0.6783
Epoch 41/150 | Train Loss: 0.0217 | Epoch Time: 0.31s | Spearman@80: 0.8857 | Kendall@80: 0.7378
Epoch 42/150 | Train Loss: 0.0132 | Epoch Time: 0.31s | Spearman@80: 0.8923 | Kendall@80: 0.7556
Epoch 43/150 | Train Loss: 0.0213 | Epoch Time: 0.31s | Spearman@80: 0.8775 | Kendall@80: 0.7265
Epoch 44/150 | Train Loss: 0.0210 | Epoch Time: 0.31s | Spearman@80: 0.8920 | Kendall@80: 0.7624
Epoch 45/150 | Train Loss: 0.0204 | Epoch Time: 0.31s | Spearman@80: 0.8673 | Kendall@80: 0.7138
Epoch 46/150 | Train Loss: 0.0205 | Epoch Time: 0.32s | Spearman@80: 0.8889 | Kendall@80: 0.7423
Epoch 47/150 | Train Loss: 0.0192 | Epoch Time: 0.31s | Spearman@80: 0.8840 | Kendall@80: 0.7378
Epoch 48/150 | Train Loss: 0.0264 | Epoch Time: 0.31s | Spearman@80: 0.8760 | Kendall@80: 0.7216
Epoch 49/150 | Train Loss: 0.0213 | Epoch Time: 0.30s | Spearman@80: 0.8758 | Kendall@80: 0.7347
Epoch 50/150 | Train Loss: 0.0233 | Epoch Time: 0.31s | Spearman@80: 0.8805 | Kendall@80: 0.7300
Epoch 51/150 | Train Loss: 0.0263 | Epoch Time: 0.31s | Spearman@80: 0.8668 | Kendall@80: 0.7127
Epoch 52/150 | Train Loss: 0.0266 | Epoch Time: 0.31s | Spearman@80: 0.8891 | Kendall@80: 0.7465
Epoch 53/150 | Train Loss: 0.0291 | Epoch Time: 0.31s | Spearman@80: 0.8854 | Kendall@80: 0.7465
Epoch 54/150 | Train Loss: 0.0295 | Epoch Time: 0.30s | Spearman@80: 0.8902 | Kendall@80: 0.7552
Epoch 55/150 | Train Loss: 0.0258 | Epoch Time: 0.31s | Spearman@80: 0.8895 | Kendall@80: 0.7461
Epoch 56/150 | Train Loss: 0.0151 | Epoch Time: 0.31s | Spearman@80: 0.8844 | Kendall@80: 0.7455
Epoch 57/150 | Train Loss: 0.0193 | Epoch Time: 0.30s | Spearman@80: 0.8704 | Kendall@80: 0.7281
Epoch 58/150 | Train Loss: 0.0172 | Epoch Time: 0.31s | Spearman@80: 0.8763 | Kendall@80: 0.7311
Epoch 59/150 | Train Loss: 0.0221 | Epoch Time: 0.31s | Spearman@80: 0.8922 | Kendall@80: 0.7497
Epoch 60/150 | Train Loss: 0.0232 | Epoch Time: 0.30s | Spearman@80: 0.8831 | Kendall@80: 0.7353
Epoch 61/150 | Train Loss: 0.0191 | Epoch Time: 0.31s | Spearman@80: 0.8882 | Kendall@80: 0.7461
Epoch 62/150 | Train Loss: 0.0148 | Epoch Time: 0.31s | Spearman@80: 0.8833 | Kendall@80: 0.7341
Epoch 63/150 | Train Loss: 0.0211 | Epoch Time: 0.31s | Spearman@80: 0.8691 | Kendall@80: 0.7136
Epoch 64/150 | Train Loss: 0.0248 | Epoch Time: 0.31s | Spearman@80: 0.8727 | Kendall@80: 0.7220
Epoch 65/150 | Train Loss: 0.0187 | Epoch Time: 0.30s | Spearman@80: 0.8751 | Kendall@80: 0.7239
Epoch 66/150 | Train Loss: 0.0154 | Epoch Time: 0.31s | Spearman@80: 0.8737 | Kendall@80: 0.7186
Epoch 67/150 | Train Loss: 0.0141 | Epoch Time: 0.31s | Spearman@80: 0.8840 | Kendall@80: 0.7440
Epoch 68/150 | Train Loss: 0.0116 | Epoch Time: 0.31s | Spearman@80: 0.8775 | Kendall@80: 0.7334
Epoch 69/150 | Train Loss: 0.0226 | Epoch Time: 0.31s | Spearman@80: 0.8735 | Kendall@80: 0.7269
Epoch 70/150 | Train Loss: 0.0174 | Epoch Time: 0.31s | Spearman@80: 0.8802 | Kendall@80: 0.7322
Epoch 71/150 | Train Loss: 0.0185 | Epoch Time: 0.30s | Spearman@80: 0.8892 | Kendall@80: 0.7471
Epoch 72/150 | Train Loss: 0.0177 | Epoch Time: 0.30s | Spearman@80: 0.8781 | Kendall@80: 0.7262
Epoch 73/150 | Train Loss: 0.0176 | Epoch Time: 0.30s | Spearman@80: 0.8596 | Kendall@80: 0.7007
Epoch 74/150 | Train Loss: 0.0158 | Epoch Time: 0.31s | Spearman@80: 0.8751 | Kendall@80: 0.7218
Epoch 75/150 | Train Loss: 0.0225 | Epoch Time: 0.31s | Spearman@80: 0.8854 | Kendall@80: 0.7435
Epoch 76/150 | Train Loss: 0.0160 | Epoch Time: 0.31s | Spearman@80: 0.8833 | Kendall@80: 0.7429
Epoch 77/150 | Train Loss: 0.0131 | Epoch Time: 0.31s | Spearman@80: 0.8849 | Kendall@80: 0.7410
Epoch 78/150 | Train Loss: 0.0208 | Epoch Time: 0.31s | Spearman@80: 0.8859 | Kendall@80: 0.7446
Epoch 79/150 | Train Loss: 0.0171 | Epoch Time: 0.31s | Spearman@80: 0.8842 | Kendall@80: 0.7402
Epoch 80/150 | Train Loss: 0.0189 | Epoch Time: 0.30s | Spearman@80: 0.8714 | Kendall@80: 0.7207
Epoch 81/150 | Train Loss: 0.0183 | Epoch Time: 0.31s | Spearman@80: 0.8715 | Kendall@80: 0.7220
Epoch 82/150 | Train Loss: 0.0187 | Epoch Time: 0.31s | Spearman@80: 0.8656 | Kendall@80: 0.7163
Epoch 83/150 | Train Loss: 0.0131 | Epoch Time: 0.30s | Spearman@80: 0.8722 | Kendall@80: 0.7231
Epoch 84/150 | Train Loss: 0.0187 | Epoch Time: 0.31s | Spearman@80: 0.8790 | Kendall@80: 0.7302
Epoch 85/150 | Train Loss: 0.0140 | Epoch Time: 0.31s | Spearman@80: 0.8821 | Kendall@80: 0.7315
Epoch 86/150 | Train Loss: 0.0120 | Epoch Time: 0.30s | Spearman@80: 0.8828 | Kendall@80: 0.7412
Epoch 87/150 | Train Loss: 0.0108 | Epoch Time: 0.31s | Spearman@80: 0.8882 | Kendall@80: 0.7491
Epoch 88/150 | Train Loss: 0.0185 | Epoch Time: 0.31s | Spearman@80: 0.8849 | Kendall@80: 0.7442
Epoch 89/150 | Train Loss: 0.0170 | Epoch Time: 0.30s | Spearman@80: 0.8880 | Kendall@80: 0.7421
Epoch 90/150 | Train Loss: 0.0194 | Epoch Time: 0.31s | Spearman@80: 0.8828 | Kendall@80: 0.7359
Epoch 91/150 | Train Loss: 0.0243 | Epoch Time: 0.31s | Spearman@80: 0.8765 | Kendall@80: 0.7250
Epoch 92/150 | Train Loss: 0.0151 | Epoch Time: 0.30s | Spearman@80: 0.8805 | Kendall@80: 0.7338
Epoch 93/150 | Train Loss: 0.0139 | Epoch Time: 0.31s | Spearman@80: 0.8866 | Kendall@80: 0.7468
Epoch 94/150 | Train Loss: 0.0145 | Epoch Time: 0.31s | Spearman@80: 0.8834 | Kendall@80: 0.7351
Epoch 95/150 | Train Loss: 0.0164 | Epoch Time: 0.30s | Spearman@80: 0.8813 | Kendall@80: 0.7368
Epoch 96/150 | Train Loss: 0.0119 | Epoch Time: 0.30s | Spearman@80: 0.8871 | Kendall@80: 0.7433
Epoch 97/150 | Train Loss: 0.0180 | Epoch Time: 0.31s | Spearman@80: 0.8840 | Kendall@80: 0.7385
Epoch 98/150 | Train Loss: 0.0101 | Epoch Time: 0.31s | Spearman@80: 0.8870 | Kendall@80: 0.7465
Epoch 99/150 | Train Loss: 0.0108 | Epoch Time: 0.32s | Spearman@80: 0.8844 | Kendall@80: 0.7378
Epoch 100/150 | Train Loss: 0.0153 | Epoch Time: 0.31s | Spearman@80: 0.8870 | Kendall@80: 0.7459
Epoch 101/150 | Train Loss: 0.0144 | Epoch Time: 0.31s | Spearman@80: 0.8859 | Kendall@80: 0.7474
Epoch 102/150 | Train Loss: 0.0124 | Epoch Time: 0.31s | Spearman@80: 0.8748 | Kendall@80: 0.7252
Epoch 103/150 | Train Loss: 0.0126 | Epoch Time: 0.30s | Spearman@80: 0.8772 | Kendall@80: 0.7328
Epoch 104/150 | Train Loss: 0.0115 | Epoch Time: 0.30s | Spearman@80: 0.8715 | Kendall@80: 0.7214
Epoch 105/150 | Train Loss: 0.0182 | Epoch Time: 0.31s | Spearman@80: 0.8700 | Kendall@80: 0.7186
Epoch 106/150 | Train Loss: 0.0123 | Epoch Time: 0.31s | Spearman@80: 0.8779 | Kendall@80: 0.7349
Epoch 107/150 | Train Loss: 0.0103 | Epoch Time: 0.31s | Spearman@80: 0.8784 | Kendall@80: 0.7296
Epoch 108/150 | Train Loss: 0.0164 | Epoch Time: 0.31s | Spearman@80: 0.8786 | Kendall@80: 0.7347
Epoch 109/150 | Train Loss: 0.0160 | Epoch Time: 0.31s | Spearman@80: 0.8815 | Kendall@80: 0.7389
Epoch 110/150 | Train Loss: 0.0144 | Epoch Time: 0.31s | Spearman@80: 0.8783 | Kendall@80: 0.7292
Epoch 111/150 | Train Loss: 0.0089 | Epoch Time: 0.31s | Spearman@80: 0.8778 | Kendall@80: 0.7296
Epoch 112/150 | Train Loss: 0.0133 | Epoch Time: 0.30s | Spearman@80: 0.8743 | Kendall@80: 0.7296
Epoch 113/150 | Train Loss: 0.0126 | Epoch Time: 0.31s | Spearman@80: 0.8690 | Kendall@80: 0.7207
Epoch 114/150 | Train Loss: 0.0086 | Epoch Time: 0.30s | Spearman@80: 0.8665 | Kendall@80: 0.7163
Epoch 115/150 | Train Loss: 0.0159 | Epoch Time: 0.31s | Spearman@80: 0.8647 | Kendall@80: 0.7163
Epoch 116/150 | Train Loss: 0.0099 | Epoch Time: 0.32s | Spearman@80: 0.8696 | Kendall@80: 0.7227
Epoch 117/150 | Train Loss: 0.0089 | Epoch Time: 0.32s | Spearman@80: 0.8739 | Kendall@80: 0.7281
Epoch 118/150 | Train Loss: 0.0150 | Epoch Time: 0.31s | Spearman@80: 0.8706 | Kendall@80: 0.7241
Epoch 119/150 | Train Loss: 0.0096 | Epoch Time: 0.31s | Spearman@80: 0.8735 | Kendall@80: 0.7277
Epoch 120/150 | Train Loss: 0.0085 | Epoch Time: 0.30s | Spearman@80: 0.8737 | Kendall@80: 0.7277
Epoch 121/150 | Train Loss: 0.0084 | Epoch Time: 0.31s | Spearman@80: 0.8723 | Kendall@80: 0.7281
Epoch 122/150 | Train Loss: 0.0126 | Epoch Time: 0.31s | Spearman@80: 0.8698 | Kendall@80: 0.7231
Epoch 123/150 | Train Loss: 0.0141 | Epoch Time: 0.30s | Spearman@80: 0.8682 | Kendall@80: 0.7167
Epoch 124/150 | Train Loss: 0.0126 | Epoch Time: 0.31s | Spearman@80: 0.8742 | Kendall@80: 0.7246
Epoch 125/150 | Train Loss: 0.0127 | Epoch Time: 0.30s | Spearman@80: 0.8784 | Kendall@80: 0.7319
Epoch 126/150 | Train Loss: 0.0080 | Epoch Time: 0.30s | Spearman@80: 0.8777 | Kendall@80: 0.7313
Epoch 127/150 | Train Loss: 0.0093 | Epoch Time: 0.31s | Spearman@80: 0.8779 | Kendall@80: 0.7302
Epoch 128/150 | Train Loss: 0.0096 | Epoch Time: 0.30s | Spearman@80: 0.8784 | Kendall@80: 0.7300
Epoch 129/150 | Train Loss: 0.0074 | Epoch Time: 0.31s | Spearman@80: 0.8797 | Kendall@80: 0.7328
Epoch 130/150 | Train Loss: 0.0138 | Epoch Time: 0.30s | Spearman@80: 0.8817 | Kendall@80: 0.7395
Epoch 131/150 | Train Loss: 0.0114 | Epoch Time: 0.31s | Spearman@80: 0.8796 | Kendall@80: 0.7340
Epoch 132/150 | Train Loss: 0.0095 | Epoch Time: 0.31s | Spearman@80: 0.8803 | Kendall@80: 0.7374
Epoch 133/150 | Train Loss: 0.0121 | Epoch Time: 0.31s | Spearman@80: 0.8774 | Kendall@80: 0.7313
Epoch 134/150 | Train Loss: 0.0076 | Epoch Time: 0.31s | Spearman@80: 0.8751 | Kendall@80: 0.7279
Epoch 135/150 | Train Loss: 0.0124 | Epoch Time: 0.30s | Spearman@80: 0.8776 | Kendall@80: 0.7315
Epoch 136/150 | Train Loss: 0.0120 | Epoch Time: 0.31s | Spearman@80: 0.8764 | Kendall@80: 0.7309
Epoch 137/150 | Train Loss: 0.0072 | Epoch Time: 0.32s | Spearman@80: 0.8769 | Kendall@80: 0.7296
Epoch 138/150 | Train Loss: 0.0080 | Epoch Time: 0.31s | Spearman@80: 0.8784 | Kendall@80: 0.7313
Epoch 139/150 | Train Loss: 0.0074 | Epoch Time: 0.30s | Spearman@80: 0.8786 | Kendall@80: 0.7309
Epoch 140/150 | Train Loss: 0.0114 | Epoch Time: 0.31s | Spearman@80: 0.8766 | Kendall@80: 0.7290
Epoch 141/150 | Train Loss: 0.0086 | Epoch Time: 0.30s | Spearman@80: 0.8762 | Kendall@80: 0.7283
Epoch 142/150 | Train Loss: 0.0093 | Epoch Time: 0.30s | Spearman@80: 0.8767 | Kendall@80: 0.7296
Epoch 143/150 | Train Loss: 0.0058 | Epoch Time: 0.31s | Spearman@80: 0.8749 | Kendall@80: 0.7256
Epoch 144/150 | Train Loss: 0.0087 | Epoch Time: 0.31s | Spearman@80: 0.8767 | Kendall@80: 0.7300
Epoch 145/150 | Train Loss: 0.0109 | Epoch Time: 0.31s | Spearman@80: 0.8750 | Kendall@80: 0.7277
Epoch 146/150 | Train Loss: 0.0094 | Epoch Time: 0.31s | Spearman@80: 0.8750 | Kendall@80: 0.7264
Epoch 147/150 | Train Loss: 0.0098 | Epoch Time: 1.84s | Spearman@15560: 0.9107 | Kendall@15560: 0.7704
Epoch 148/150 | Train Loss: 0.0065 | Epoch Time: 1.64s | Spearman@15560: 0.9115 | Kendall@15560: 0.7706
Epoch 149/150 | Train Loss: 0.0150 | Epoch Time: 1.65s | Spearman@15560: 0.9106 | Kendall@15560: 0.7693
Epoch 150/150 | Train Loss: 0.0123 | Epoch Time: 1.64s | Spearman@15560: 0.9103 | Kendall@15560: 0.7690
Sample Count: 64, Spearman: 0.9107914335860123, Kendall: 0.7698403944067951
{64: (0.9107914335860123, 0.7698403944067951),
 128: (0.9154524639753654, 0.766930052056468)}
Epoch 1/150 | Train Loss: 0.0894 | Epoch Time: 0.55s | Spearman@80: 0.5067 | Kendall@80: 0.3548
Epoch 2/150 | Train Loss: 0.0598 | Epoch Time: 0.54s | Spearman@80: 0.5931 | Kendall@80: 0.4160
Epoch 3/150 | Train Loss: 0.0467 | Epoch Time: 0.54s | Spearman@80: 0.8780 | Kendall@80: 0.7053
Epoch 4/150 | Train Loss: 0.0403 | Epoch Time: 0.57s | Spearman@80: 0.8830 | Kendall@80: 0.6958
Epoch 5/150 | Train Loss: 0.0410 | Epoch Time: 0.60s | Spearman@80: 0.8895 | Kendall@80: 0.7193
Epoch 6/150 | Train Loss: 0.0354 | Epoch Time: 0.60s | Spearman@80: 0.9049 | Kendall@80: 0.7421
Epoch 7/150 | Train Loss: 0.0330 | Epoch Time: 0.62s | Spearman@80: 0.9149 | Kendall@80: 0.7470
Epoch 8/150 | Train Loss: 0.0378 | Epoch Time: 0.62s | Spearman@80: 0.8965 | Kendall@80: 0.7330
Epoch 9/150 | Train Loss: 0.0342 | Epoch Time: 0.61s | Spearman@80: 0.8959 | Kendall@80: 0.7280
Epoch 10/150 | Train Loss: 0.0283 | Epoch Time: 0.61s | Spearman@80: 0.9024 | Kendall@80: 0.7381
Epoch 11/150 | Train Loss: 0.0331 | Epoch Time: 0.60s | Spearman@80: 0.9195 | Kendall@80: 0.7624
Epoch 12/150 | Train Loss: 0.0330 | Epoch Time: 0.61s | Spearman@80: 0.8989 | Kendall@80: 0.7351
Epoch 13/150 | Train Loss: 0.0303 | Epoch Time: 0.61s | Spearman@80: 0.9257 | Kendall@80: 0.7724
Epoch 14/150 | Train Loss: 0.0259 | Epoch Time: 0.61s | Spearman@80: 0.8816 | Kendall@80: 0.7072
Epoch 15/150 | Train Loss: 0.0337 | Epoch Time: 0.59s | Spearman@80: 0.9367 | Kendall@80: 0.7956
Epoch 16/150 | Train Loss: 0.0307 | Epoch Time: 0.61s | Spearman@80: 0.9304 | Kendall@80: 0.7715
Epoch 17/150 | Train Loss: 0.0330 | Epoch Time: 0.60s | Spearman@80: 0.9339 | Kendall@80: 0.7800
Epoch 18/150 | Train Loss: 0.0294 | Epoch Time: 0.62s | Spearman@80: 0.9288 | Kendall@80: 0.7755
Epoch 19/150 | Train Loss: 0.0268 | Epoch Time: 0.62s | Spearman@80: 0.8279 | Kendall@80: 0.6648
Epoch 20/150 | Train Loss: 0.0314 | Epoch Time: 0.61s | Spearman@80: 0.9186 | Kendall@80: 0.7660
Epoch 21/150 | Train Loss: 0.0382 | Epoch Time: 0.60s | Spearman@80: 0.8964 | Kendall@80: 0.7335
Epoch 22/150 | Train Loss: 0.0371 | Epoch Time: 0.60s | Spearman@80: 0.9024 | Kendall@80: 0.7309
Epoch 23/150 | Train Loss: 0.0316 | Epoch Time: 0.60s | Spearman@80: 0.9142 | Kendall@80: 0.7573
Epoch 24/150 | Train Loss: 0.0299 | Epoch Time: 0.62s | Spearman@80: 0.9008 | Kendall@80: 0.7356
Epoch 25/150 | Train Loss: 0.0326 | Epoch Time: 0.61s | Spearman@80: 0.9196 | Kendall@80: 0.7626
Epoch 26/150 | Train Loss: 0.0281 | Epoch Time: 0.61s | Spearman@80: 0.9253 | Kendall@80: 0.7838
Epoch 27/150 | Train Loss: 0.0350 | Epoch Time: 0.60s | Spearman@80: 0.9257 | Kendall@80: 0.7776
Epoch 28/150 | Train Loss: 0.0314 | Epoch Time: 0.61s | Spearman@80: 0.9162 | Kendall@80: 0.7662
Epoch 29/150 | Train Loss: 0.0281 | Epoch Time: 0.62s | Spearman@80: 0.9287 | Kendall@80: 0.7865
Epoch 30/150 | Train Loss: 0.0271 | Epoch Time: 0.62s | Spearman@80: 0.9304 | Kendall@80: 0.7869
Epoch 31/150 | Train Loss: 0.0262 | Epoch Time: 0.61s | Spearman@80: 0.9129 | Kendall@80: 0.7571
Epoch 32/150 | Train Loss: 0.0326 | Epoch Time: 0.60s | Spearman@80: 0.9231 | Kendall@80: 0.7787
Epoch 33/150 | Train Loss: 0.0272 | Epoch Time: 0.62s | Spearman@80: 0.9194 | Kendall@80: 0.7787
Epoch 34/150 | Train Loss: 0.0249 | Epoch Time: 0.61s | Spearman@80: 0.9178 | Kendall@80: 0.7609
Epoch 35/150 | Train Loss: 0.0282 | Epoch Time: 0.60s | Spearman@80: 0.9265 | Kendall@80: 0.7768
Epoch 36/150 | Train Loss: 0.0272 | Epoch Time: 0.60s | Spearman@80: 0.9023 | Kendall@80: 0.7478
Epoch 37/150 | Train Loss: 0.0283 | Epoch Time: 0.61s | Spearman@80: 0.9167 | Kendall@80: 0.7540
Epoch 38/150 | Train Loss: 0.0265 | Epoch Time: 0.61s | Spearman@80: 0.9338 | Kendall@80: 0.7996
Epoch 39/150 | Train Loss: 0.0298 | Epoch Time: 0.63s | Spearman@80: 0.9223 | Kendall@80: 0.7662
Epoch 40/150 | Train Loss: 0.0309 | Epoch Time: 0.62s | Spearman@80: 0.9316 | Kendall@80: 0.7831
Epoch 41/150 | Train Loss: 0.0338 | Epoch Time: 0.62s | Spearman@80: 0.9266 | Kendall@80: 0.7705
Epoch 42/150 | Train Loss: 0.0283 | Epoch Time: 0.61s | Spearman@80: 0.9311 | Kendall@80: 0.7838
Epoch 43/150 | Train Loss: 0.0239 | Epoch Time: 0.61s | Spearman@80: 0.9382 | Kendall@80: 0.8028
Epoch 44/150 | Train Loss: 0.0334 | Epoch Time: 0.60s | Spearman@80: 0.9114 | Kendall@80: 0.7554
Epoch 45/150 | Train Loss: 0.0262 | Epoch Time: 0.62s | Spearman@80: 0.9278 | Kendall@80: 0.7846
Epoch 46/150 | Train Loss: 0.0285 | Epoch Time: 0.62s | Spearman@80: 0.9221 | Kendall@80: 0.7764
Epoch 47/150 | Train Loss: 0.0219 | Epoch Time: 0.62s | Spearman@80: 0.9197 | Kendall@80: 0.7709
Epoch 48/150 | Train Loss: 0.0239 | Epoch Time: 0.62s | Spearman@80: 0.9213 | Kendall@80: 0.7760
Epoch 49/150 | Train Loss: 0.0267 | Epoch Time: 0.61s | Spearman@80: 0.9124 | Kendall@80: 0.7634
Epoch 50/150 | Train Loss: 0.0244 | Epoch Time: 0.62s | Spearman@80: 0.9178 | Kendall@80: 0.7649
Epoch 51/150 | Train Loss: 0.0217 | Epoch Time: 0.61s | Spearman@80: 0.9115 | Kendall@80: 0.7601
Epoch 52/150 | Train Loss: 0.0195 | Epoch Time: 0.61s | Spearman@80: 0.9033 | Kendall@80: 0.7510
Epoch 53/150 | Train Loss: 0.0261 | Epoch Time: 0.61s | Spearman@80: 0.9234 | Kendall@80: 0.7819
Epoch 54/150 | Train Loss: 0.0255 | Epoch Time: 0.62s | Spearman@80: 0.9282 | Kendall@80: 0.7857
Epoch 55/150 | Train Loss: 0.0249 | Epoch Time: 0.63s | Spearman@80: 0.9341 | Kendall@80: 0.7971
Epoch 56/150 | Train Loss: 0.0292 | Epoch Time: 0.61s | Spearman@80: 0.9225 | Kendall@80: 0.7768
Epoch 57/150 | Train Loss: 0.0249 | Epoch Time: 0.62s | Spearman@80: 0.9203 | Kendall@80: 0.7694
Epoch 58/150 | Train Loss: 0.0277 | Epoch Time: 0.61s | Spearman@80: 0.8935 | Kendall@80: 0.7356
Epoch 59/150 | Train Loss: 0.0264 | Epoch Time: 0.63s | Spearman@80: 0.9269 | Kendall@80: 0.7768
Epoch 60/150 | Train Loss: 0.0270 | Epoch Time: 0.63s | Spearman@80: 0.9169 | Kendall@80: 0.7681
Epoch 61/150 | Train Loss: 0.0277 | Epoch Time: 0.61s | Spearman@80: 0.8855 | Kendall@80: 0.7231
Epoch 62/150 | Train Loss: 0.0251 | Epoch Time: 0.62s | Spearman@80: 0.9053 | Kendall@80: 0.7451
Epoch 63/150 | Train Loss: 0.0281 | Epoch Time: 0.61s | Spearman@80: 0.9185 | Kendall@80: 0.7724
Epoch 64/150 | Train Loss: 0.0243 | Epoch Time: 0.61s | Spearman@80: 0.9169 | Kendall@80: 0.7722
Epoch 65/150 | Train Loss: 0.0254 | Epoch Time: 0.61s | Spearman@80: 0.8973 | Kendall@80: 0.7406
Epoch 66/150 | Train Loss: 0.0218 | Epoch Time: 0.61s | Spearman@80: 0.9163 | Kendall@80: 0.7687
Epoch 67/150 | Train Loss: 0.0189 | Epoch Time: 0.60s | Spearman@80: 0.9189 | Kendall@80: 0.7765
Epoch 68/150 | Train Loss: 0.0239 | Epoch Time: 0.61s | Spearman@80: 0.9080 | Kendall@80: 0.7620
Epoch 69/150 | Train Loss: 0.0237 | Epoch Time: 0.60s | Spearman@80: 0.9214 | Kendall@80: 0.7829
Epoch 70/150 | Train Loss: 0.0225 | Epoch Time: 0.61s | Spearman@80: 0.9171 | Kendall@80: 0.7787
Epoch 71/150 | Train Loss: 0.0224 | Epoch Time: 0.61s | Spearman@80: 0.9187 | Kendall@80: 0.7762
Epoch 72/150 | Train Loss: 0.0220 | Epoch Time: 0.60s | Spearman@80: 0.9139 | Kendall@80: 0.7692
Epoch 73/150 | Train Loss: 0.0218 | Epoch Time: 0.60s | Spearman@80: 0.9231 | Kendall@80: 0.7789
Epoch 74/150 | Train Loss: 0.0185 | Epoch Time: 0.61s | Spearman@80: 0.9232 | Kendall@80: 0.7818
Epoch 75/150 | Train Loss: 0.0239 | Epoch Time: 0.61s | Spearman@80: 0.9235 | Kendall@80: 0.7874
Epoch 76/150 | Train Loss: 0.0194 | Epoch Time: 0.61s | Spearman@80: 0.9181 | Kendall@80: 0.7741
Epoch 77/150 | Train Loss: 0.0201 | Epoch Time: 0.61s | Spearman@80: 0.9137 | Kendall@80: 0.7647
Epoch 78/150 | Train Loss: 0.0218 | Epoch Time: 0.61s | Spearman@80: 0.9207 | Kendall@80: 0.7863
Epoch 79/150 | Train Loss: 0.0225 | Epoch Time: 0.61s | Spearman@80: 0.9213 | Kendall@80: 0.7844
Epoch 80/150 | Train Loss: 0.0215 | Epoch Time: 0.61s | Spearman@80: 0.9269 | Kendall@80: 0.7899
Epoch 81/150 | Train Loss: 0.0216 | Epoch Time: 0.61s | Spearman@80: 0.9193 | Kendall@80: 0.7768
Epoch 82/150 | Train Loss: 0.0192 | Epoch Time: 0.61s | Spearman@80: 0.9328 | Kendall@80: 0.7958
Epoch 83/150 | Train Loss: 0.0268 | Epoch Time: 0.59s | Spearman@80: 0.9296 | Kendall@80: 0.7855
Epoch 84/150 | Train Loss: 0.0283 | Epoch Time: 0.60s | Spearman@80: 0.9139 | Kendall@80: 0.7588
Epoch 85/150 | Train Loss: 0.0208 | Epoch Time: 0.60s | Spearman@80: 0.9273 | Kendall@80: 0.7781
Epoch 86/150 | Train Loss: 0.0199 | Epoch Time: 0.61s | Spearman@80: 0.9187 | Kendall@80: 0.7741
Epoch 87/150 | Train Loss: 0.0211 | Epoch Time: 0.61s | Spearman@80: 0.9307 | Kendall@80: 0.7956
Epoch 88/150 | Train Loss: 0.0169 | Epoch Time: 0.60s | Spearman@80: 0.9243 | Kendall@80: 0.7882
Epoch 89/150 | Train Loss: 0.0199 | Epoch Time: 0.60s | Spearman@80: 0.9283 | Kendall@80: 0.7933
Epoch 90/150 | Train Loss: 0.0192 | Epoch Time: 0.60s | Spearman@80: 0.9330 | Kendall@80: 0.7988
Epoch 91/150 | Train Loss: 0.0203 | Epoch Time: 0.60s | Spearman@80: 0.9361 | Kendall@80: 0.7977
Epoch 92/150 | Train Loss: 0.0196 | Epoch Time: 0.61s | Spearman@80: 0.9177 | Kendall@80: 0.7685
Epoch 93/150 | Train Loss: 0.0247 | Epoch Time: 0.61s | Spearman@80: 0.9322 | Kendall@80: 0.7937
Epoch 94/150 | Train Loss: 0.0171 | Epoch Time: 0.61s | Spearman@80: 0.9325 | Kendall@80: 0.7988
Epoch 95/150 | Train Loss: 0.0193 | Epoch Time: 0.60s | Spearman@80: 0.9421 | Kendall@80: 0.8144
Epoch 96/150 | Train Loss: 0.0161 | Epoch Time: 0.59s | Spearman@80: 0.9406 | Kendall@80: 0.8153
Epoch 97/150 | Train Loss: 0.0159 | Epoch Time: 0.61s | Spearman@80: 0.9389 | Kendall@80: 0.8089
Epoch 98/150 | Train Loss: 0.0221 | Epoch Time: 0.62s | Spearman@80: 0.9339 | Kendall@80: 0.8079
Epoch 99/150 | Train Loss: 0.0187 | Epoch Time: 0.62s | Spearman@80: 0.9471 | Kendall@80: 0.8233
Epoch 100/150 | Train Loss: 0.0181 | Epoch Time: 0.62s | Spearman@80: 0.9428 | Kendall@80: 0.8110
Epoch 101/150 | Train Loss: 0.0202 | Epoch Time: 0.62s | Spearman@80: 0.9270 | Kendall@80: 0.7912
Epoch 102/150 | Train Loss: 0.0227 | Epoch Time: 0.60s | Spearman@80: 0.9317 | Kendall@80: 0.7949
Epoch 103/150 | Train Loss: 0.0159 | Epoch Time: 0.60s | Spearman@80: 0.9359 | Kendall@80: 0.8015
Epoch 104/150 | Train Loss: 0.0182 | Epoch Time: 0.60s | Spearman@80: 0.9420 | Kendall@80: 0.8136
Epoch 105/150 | Train Loss: 0.0197 | Epoch Time: 0.58s | Spearman@80: 0.9412 | Kendall@80: 0.8142
Epoch 106/150 | Train Loss: 0.0160 | Epoch Time: 0.60s | Spearman@80: 0.9382 | Kendall@80: 0.8085
Epoch 107/150 | Train Loss: 0.0175 | Epoch Time: 0.60s | Spearman@80: 0.9380 | Kendall@80: 0.8079
Epoch 108/150 | Train Loss: 0.0167 | Epoch Time: 0.60s | Spearman@80: 0.9396 | Kendall@80: 0.8051
Epoch 109/150 | Train Loss: 0.0153 | Epoch Time: 0.59s | Spearman@80: 0.9467 | Kendall@80: 0.8193
Epoch 110/150 | Train Loss: 0.0165 | Epoch Time: 0.60s | Spearman@80: 0.9506 | Kendall@80: 0.8244
Epoch 111/150 | Train Loss: 0.0137 | Epoch Time: 0.59s | Spearman@80: 0.9441 | Kendall@80: 0.8185
Epoch 112/150 | Train Loss: 0.0182 | Epoch Time: 0.59s | Spearman@80: 0.9446 | Kendall@80: 0.8167
Epoch 113/150 | Train Loss: 0.0186 | Epoch Time: 0.61s | Spearman@80: 0.9401 | Kendall@80: 0.8193
Epoch 114/150 | Train Loss: 0.0162 | Epoch Time: 0.60s | Spearman@80: 0.9440 | Kendall@80: 0.8148
Epoch 115/150 | Train Loss: 0.0118 | Epoch Time: 0.60s | Spearman@80: 0.9435 | Kendall@80: 0.8197
Epoch 116/150 | Train Loss: 0.0149 | Epoch Time: 0.60s | Spearman@80: 0.9477 | Kendall@80: 0.8224
Epoch 117/150 | Train Loss: 0.0168 | Epoch Time: 0.60s | Spearman@80: 0.9408 | Kendall@80: 0.8082
Epoch 118/150 | Train Loss: 0.0158 | Epoch Time: 0.60s | Spearman@80: 0.9403 | Kendall@80: 0.8060
Epoch 119/150 | Train Loss: 0.0133 | Epoch Time: 0.61s | Spearman@80: 0.9445 | Kendall@80: 0.8134
Epoch 120/150 | Train Loss: 0.0160 | Epoch Time: 0.62s | Spearman@80: 0.9457 | Kendall@80: 0.8185
Epoch 121/150 | Train Loss: 0.0172 | Epoch Time: 0.61s | Spearman@80: 0.9465 | Kendall@80: 0.8186
Epoch 122/150 | Train Loss: 0.0130 | Epoch Time: 0.61s | Spearman@80: 0.9459 | Kendall@80: 0.8197
Epoch 123/150 | Train Loss: 0.0176 | Epoch Time: 0.62s | Spearman@80: 0.9510 | Kendall@80: 0.8242
Epoch 124/150 | Train Loss: 0.0132 | Epoch Time: 0.61s | Spearman@80: 0.9496 | Kendall@80: 0.8207
Epoch 125/150 | Train Loss: 0.0126 | Epoch Time: 0.62s | Spearman@80: 0.9492 | Kendall@80: 0.8224
Epoch 126/150 | Train Loss: 0.0178 | Epoch Time: 0.61s | Spearman@80: 0.9481 | Kendall@80: 0.8186
Epoch 127/150 | Train Loss: 0.0134 | Epoch Time: 0.60s | Spearman@80: 0.9442 | Kendall@80: 0.8148
Epoch 128/150 | Train Loss: 0.0136 | Epoch Time: 0.60s | Spearman@80: 0.9487 | Kendall@80: 0.8201
Epoch 129/150 | Train Loss: 0.0160 | Epoch Time: 0.62s | Spearman@80: 0.9510 | Kendall@80: 0.8223
Epoch 130/150 | Train Loss: 0.0178 | Epoch Time: 0.62s | Spearman@80: 0.9535 | Kendall@80: 0.8275
Epoch 131/150 | Train Loss: 0.0158 | Epoch Time: 0.61s | Spearman@80: 0.9519 | Kendall@80: 0.8241
Epoch 132/150 | Train Loss: 0.0164 | Epoch Time: 0.61s | Spearman@80: 0.9509 | Kendall@80: 0.8223
Epoch 133/150 | Train Loss: 0.0159 | Epoch Time: 0.60s | Spearman@80: 0.9496 | Kendall@80: 0.8198
Epoch 134/150 | Train Loss: 0.0171 | Epoch Time: 0.61s | Spearman@80: 0.9514 | Kendall@80: 0.8224
Epoch 135/150 | Train Loss: 0.0125 | Epoch Time: 0.60s | Spearman@80: 0.9496 | Kendall@80: 0.8214
Epoch 136/150 | Train Loss: 0.0141 | Epoch Time: 0.61s | Spearman@80: 0.9535 | Kendall@80: 0.8323
Epoch 137/150 | Train Loss: 0.0125 | Epoch Time: 0.61s | Spearman@80: 0.9510 | Kendall@80: 0.8214
Epoch 138/150 | Train Loss: 0.0102 | Epoch Time: 0.62s | Spearman@80: 0.9493 | Kendall@80: 0.8222
Epoch 139/150 | Train Loss: 0.0167 | Epoch Time: 0.61s | Spearman@80: 0.9488 | Kendall@80: 0.8201
Epoch 140/150 | Train Loss: 0.0132 | Epoch Time: 0.61s | Spearman@80: 0.9504 | Kendall@80: 0.8224
Epoch 141/150 | Train Loss: 0.0153 | Epoch Time: 0.60s | Spearman@80: 0.9454 | Kendall@80: 0.8116
Epoch 142/150 | Train Loss: 0.0130 | Epoch Time: 0.61s | Spearman@80: 0.9486 | Kendall@80: 0.8188
Epoch 143/150 | Train Loss: 0.0174 | Epoch Time: 0.61s | Spearman@80: 0.9463 | Kendall@80: 0.8195
Epoch 144/150 | Train Loss: 0.0142 | Epoch Time: 0.61s | Spearman@80: 0.9494 | Kendall@80: 0.8216
Epoch 145/150 | Train Loss: 0.0154 | Epoch Time: 0.62s | Spearman@80: 0.9489 | Kendall@80: 0.8216
Epoch 146/150 | Train Loss: 0.0131 | Epoch Time: 0.61s | Spearman@80: 0.9467 | Kendall@80: 0.8201
Epoch 147/150 | Train Loss: 0.0141 | Epoch Time: 2.18s | Spearman@15496: 0.9479 | Kendall@15496: 0.8206
Epoch 148/150 | Train Loss: 0.0118 | Epoch Time: 1.93s | Spearman@15496: 0.9468 | Kendall@15496: 0.8188
Epoch 149/150 | Train Loss: 0.0159 | Epoch Time: 1.94s | Spearman@15496: 0.9464 | Kendall@15496: 0.8188
Epoch 150/150 | Train Loss: 0.0135 | Epoch Time: 1.93s | Spearman@15496: 0.9475 | Kendall@15496: 0.8198
Sample Count: 128, Spearman: 0.9471393877286056, Kendall: 0.8195048172885904
{64: (0.9107914335860123, 0.7698403944067951),
 128: (0.9471393877286056, 0.8195048172885904)}
Epoch 1/150 | Train Loss: 0.0987 | Epoch Time: 0.27s | Spearman@80: 0.5234 | Kendall@80: 0.3670
Epoch 2/150 | Train Loss: 0.0808 | Epoch Time: 0.28s | Spearman@80: 0.5428 | Kendall@80: 0.3822
Epoch 3/150 | Train Loss: 0.0491 | Epoch Time: 0.29s | Spearman@80: 0.8429 | Kendall@80: 0.6464
Epoch 4/150 | Train Loss: 0.0409 | Epoch Time: 0.28s | Spearman@80: 0.8564 | Kendall@80: 0.6607
Epoch 5/150 | Train Loss: 0.0355 | Epoch Time: 0.28s | Spearman@80: 0.8554 | Kendall@80: 0.6629
Epoch 6/150 | Train Loss: 0.0361 | Epoch Time: 0.28s | Spearman@80: 0.8508 | Kendall@80: 0.6696
Epoch 7/150 | Train Loss: 0.0268 | Epoch Time: 0.28s | Spearman@80: 0.8662 | Kendall@80: 0.6787
Epoch 8/150 | Train Loss: 0.0343 | Epoch Time: 0.28s | Spearman@80: 0.8405 | Kendall@80: 0.6648
Epoch 9/150 | Train Loss: 0.0383 | Epoch Time: 0.28s | Spearman@80: 0.8981 | Kendall@80: 0.7415
Epoch 10/150 | Train Loss: 0.0262 | Epoch Time: 0.28s | Spearman@80: 0.8798 | Kendall@80: 0.7047
Epoch 11/150 | Train Loss: 0.0364 | Epoch Time: 0.28s | Spearman@80: 0.9057 | Kendall@80: 0.7527
Epoch 12/150 | Train Loss: 0.0357 | Epoch Time: 0.28s | Spearman@80: 0.8494 | Kendall@80: 0.6622
Epoch 13/150 | Train Loss: 0.0359 | Epoch Time: 0.27s | Spearman@80: 0.8887 | Kendall@80: 0.7236
Epoch 14/150 | Train Loss: 0.0271 | Epoch Time: 0.29s | Spearman@80: 0.8979 | Kendall@80: 0.7394
Epoch 15/150 | Train Loss: 0.0216 | Epoch Time: 0.27s | Spearman@80: 0.9039 | Kendall@80: 0.7521
Epoch 16/150 | Train Loss: 0.0254 | Epoch Time: 0.28s | Spearman@80: 0.9061 | Kendall@80: 0.7510
Epoch 17/150 | Train Loss: 0.0266 | Epoch Time: 0.27s | Spearman@80: 0.9100 | Kendall@80: 0.7508
Epoch 18/150 | Train Loss: 0.0223 | Epoch Time: 0.27s | Spearman@80: 0.9141 | Kendall@80: 0.7586
Epoch 19/150 | Train Loss: 0.0192 | Epoch Time: 0.28s | Spearman@80: 0.9058 | Kendall@80: 0.7460
Epoch 20/150 | Train Loss: 0.0264 | Epoch Time: 0.27s | Spearman@80: 0.9165 | Kendall@80: 0.7718
Epoch 21/150 | Train Loss: 0.0263 | Epoch Time: 0.27s | Spearman@80: 0.8990 | Kendall@80: 0.7364
Epoch 22/150 | Train Loss: 0.0304 | Epoch Time: 0.28s | Spearman@80: 0.8918 | Kendall@80: 0.7314
Epoch 23/150 | Train Loss: 0.0250 | Epoch Time: 0.28s | Spearman@80: 0.9133 | Kendall@80: 0.7597
Epoch 24/150 | Train Loss: 0.0298 | Epoch Time: 0.28s | Spearman@80: 0.9064 | Kendall@80: 0.7561
Epoch 25/150 | Train Loss: 0.0259 | Epoch Time: 0.28s | Spearman@80: 0.9002 | Kendall@80: 0.7445
Epoch 26/150 | Train Loss: 0.0267 | Epoch Time: 0.28s | Spearman@80: 0.8910 | Kendall@80: 0.7286
Epoch 27/150 | Train Loss: 0.0225 | Epoch Time: 0.28s | Spearman@80: 0.8902 | Kendall@80: 0.7217
Epoch 28/150 | Train Loss: 0.0290 | Epoch Time: 0.29s | Spearman@80: 0.9049 | Kendall@80: 0.7485
Epoch 29/150 | Train Loss: 0.0197 | Epoch Time: 0.27s | Spearman@80: 0.8986 | Kendall@80: 0.7320
Epoch 30/150 | Train Loss: 0.0237 | Epoch Time: 0.28s | Spearman@80: 0.8967 | Kendall@80: 0.7257
Epoch 31/150 | Train Loss: 0.0269 | Epoch Time: 0.28s | Spearman@80: 0.9175 | Kendall@80: 0.7661
Epoch 32/150 | Train Loss: 0.0239 | Epoch Time: 0.27s | Spearman@80: 0.9113 | Kendall@80: 0.7572
Epoch 33/150 | Train Loss: 0.0248 | Epoch Time: 0.28s | Spearman@80: 0.9072 | Kendall@80: 0.7496
Epoch 34/150 | Train Loss: 0.0276 | Epoch Time: 0.27s | Spearman@80: 0.8998 | Kendall@80: 0.7358
Epoch 35/150 | Train Loss: 0.0339 | Epoch Time: 0.27s | Spearman@80: 0.9117 | Kendall@80: 0.7542
Epoch 36/150 | Train Loss: 0.0178 | Epoch Time: 0.28s | Spearman@80: 0.9149 | Kendall@80: 0.7612
Epoch 37/150 | Train Loss: 0.0135 | Epoch Time: 0.27s | Spearman@80: 0.9103 | Kendall@80: 0.7567
Epoch 38/150 | Train Loss: 0.0187 | Epoch Time: 0.27s | Spearman@80: 0.9135 | Kendall@80: 0.7578
Epoch 39/150 | Train Loss: 0.0171 | Epoch Time: 0.28s | Spearman@80: 0.9167 | Kendall@80: 0.7648
Epoch 40/150 | Train Loss: 0.0248 | Epoch Time: 0.27s | Spearman@80: 0.9150 | Kendall@80: 0.7604
Epoch 41/150 | Train Loss: 0.0237 | Epoch Time: 0.28s | Spearman@80: 0.9109 | Kendall@80: 0.7597
Epoch 42/150 | Train Loss: 0.0231 | Epoch Time: 0.28s | Spearman@80: 0.9119 | Kendall@80: 0.7572
Epoch 43/150 | Train Loss: 0.0209 | Epoch Time: 0.27s | Spearman@80: 0.9028 | Kendall@80: 0.7485
Epoch 44/150 | Train Loss: 0.0245 | Epoch Time: 0.28s | Spearman@80: 0.9191 | Kendall@80: 0.7730
Epoch 45/150 | Train Loss: 0.0194 | Epoch Time: 0.27s | Spearman@80: 0.9177 | Kendall@80: 0.7688
Epoch 46/150 | Train Loss: 0.0219 | Epoch Time: 0.27s | Spearman@80: 0.8986 | Kendall@80: 0.7400
Epoch 47/150 | Train Loss: 0.0168 | Epoch Time: 0.28s | Spearman@80: 0.9054 | Kendall@80: 0.7498
Epoch 48/150 | Train Loss: 0.0208 | Epoch Time: 0.28s | Spearman@80: 0.9024 | Kendall@80: 0.7441
Epoch 49/150 | Train Loss: 0.0260 | Epoch Time: 0.28s | Spearman@80: 0.9172 | Kendall@80: 0.7631
Epoch 50/150 | Train Loss: 0.0148 | Epoch Time: 0.28s | Spearman@80: 0.9213 | Kendall@80: 0.7688
Epoch 51/150 | Train Loss: 0.0185 | Epoch Time: 0.27s | Spearman@80: 0.9104 | Kendall@80: 0.7536
Epoch 52/150 | Train Loss: 0.0165 | Epoch Time: 0.28s | Spearman@80: 0.9268 | Kendall@80: 0.7758
Epoch 53/150 | Train Loss: 0.0136 | Epoch Time: 0.28s | Spearman@80: 0.9055 | Kendall@80: 0.7479
Epoch 54/150 | Train Loss: 0.0224 | Epoch Time: 0.27s | Spearman@80: 0.9210 | Kendall@80: 0.7713
Epoch 55/150 | Train Loss: 0.0182 | Epoch Time: 0.28s | Spearman@80: 0.9085 | Kendall@80: 0.7546
Epoch 56/150 | Train Loss: 0.0240 | Epoch Time: 0.31s | Spearman@80: 0.9094 | Kendall@80: 0.7540
Epoch 57/150 | Train Loss: 0.0218 | Epoch Time: 0.31s | Spearman@80: 0.9270 | Kendall@80: 0.7827
Epoch 58/150 | Train Loss: 0.0175 | Epoch Time: 0.31s | Spearman@80: 0.9308 | Kendall@80: 0.7883
Epoch 59/150 | Train Loss: 0.0261 | Epoch Time: 0.31s | Spearman@80: 0.9238 | Kendall@80: 0.7800
Epoch 60/150 | Train Loss: 0.0163 | Epoch Time: 0.30s | Spearman@80: 0.9113 | Kendall@80: 0.7555
Epoch 61/150 | Train Loss: 0.0217 | Epoch Time: 0.32s | Spearman@80: 0.9236 | Kendall@80: 0.7813
Epoch 62/150 | Train Loss: 0.0153 | Epoch Time: 0.30s | Spearman@80: 0.9231 | Kendall@80: 0.7789
Epoch 63/150 | Train Loss: 0.0155 | Epoch Time: 0.32s | Spearman@80: 0.9263 | Kendall@80: 0.7796
Epoch 64/150 | Train Loss: 0.0141 | Epoch Time: 0.32s | Spearman@80: 0.9343 | Kendall@80: 0.7946
Epoch 65/150 | Train Loss: 0.0191 | Epoch Time: 0.31s | Spearman@80: 0.9235 | Kendall@80: 0.7764
Epoch 66/150 | Train Loss: 0.0114 | Epoch Time: 0.31s | Spearman@80: 0.9293 | Kendall@80: 0.7914
Epoch 67/150 | Train Loss: 0.0141 | Epoch Time: 0.31s | Spearman@80: 0.9254 | Kendall@80: 0.7910
Epoch 68/150 | Train Loss: 0.0186 | Epoch Time: 0.32s | Spearman@80: 0.9323 | Kendall@80: 0.7967
Epoch 69/150 | Train Loss: 0.0151 | Epoch Time: 0.31s | Spearman@80: 0.9157 | Kendall@80: 0.7661
Epoch 70/150 | Train Loss: 0.0172 | Epoch Time: 0.32s | Spearman@80: 0.9338 | Kendall@80: 0.7986
Epoch 71/150 | Train Loss: 0.0142 | Epoch Time: 0.32s | Spearman@80: 0.9302 | Kendall@80: 0.7878
Epoch 72/150 | Train Loss: 0.0207 | Epoch Time: 0.31s | Spearman@80: 0.9183 | Kendall@80: 0.7732
Epoch 73/150 | Train Loss: 0.0219 | Epoch Time: 0.32s | Spearman@80: 0.9284 | Kendall@80: 0.7857
Epoch 74/150 | Train Loss: 0.0151 | Epoch Time: 0.32s | Spearman@80: 0.9328 | Kendall@80: 0.7921
Epoch 75/150 | Train Loss: 0.0232 | Epoch Time: 0.31s | Spearman@80: 0.9358 | Kendall@80: 0.7991
Epoch 76/150 | Train Loss: 0.0183 | Epoch Time: 0.31s | Spearman@80: 0.9325 | Kendall@80: 0.7946
Epoch 77/150 | Train Loss: 0.0234 | Epoch Time: 0.31s | Spearman@80: 0.9334 | Kendall@80: 0.7916
Epoch 78/150 | Train Loss: 0.0149 | Epoch Time: 0.32s | Spearman@80: 0.9388 | Kendall@80: 0.8035
Epoch 79/150 | Train Loss: 0.0138 | Epoch Time: 0.31s | Spearman@80: 0.9128 | Kendall@80: 0.7669
Epoch 80/150 | Train Loss: 0.0164 | Epoch Time: 0.30s | Spearman@80: 0.9222 | Kendall@80: 0.7800
Epoch 81/150 | Train Loss: 0.0192 | Epoch Time: 0.31s | Spearman@80: 0.9061 | Kendall@80: 0.7489
Epoch 82/150 | Train Loss: 0.0287 | Epoch Time: 0.31s | Spearman@80: 0.9120 | Kendall@80: 0.7673
Epoch 83/150 | Train Loss: 0.0215 | Epoch Time: 0.31s | Spearman@80: 0.9397 | Kendall@80: 0.8041
Epoch 84/150 | Train Loss: 0.0190 | Epoch Time: 0.32s | Spearman@80: 0.9213 | Kendall@80: 0.7749
Epoch 85/150 | Train Loss: 0.0139 | Epoch Time: 0.31s | Spearman@80: 0.9181 | Kendall@80: 0.7743
Epoch 86/150 | Train Loss: 0.0178 | Epoch Time: 0.31s | Spearman@80: 0.9195 | Kendall@80: 0.7720
Epoch 87/150 | Train Loss: 0.0149 | Epoch Time: 0.31s | Spearman@80: 0.9335 | Kendall@80: 0.7910
Epoch 88/150 | Train Loss: 0.0118 | Epoch Time: 0.31s | Spearman@80: 0.9328 | Kendall@80: 0.7889
Epoch 89/150 | Train Loss: 0.0163 | Epoch Time: 0.31s | Spearman@80: 0.9407 | Kendall@80: 0.8094
Epoch 90/150 | Train Loss: 0.0142 | Epoch Time: 0.31s | Spearman@80: 0.9460 | Kendall@80: 0.8181
Epoch 91/150 | Train Loss: 0.0147 | Epoch Time: 0.32s | Spearman@80: 0.9397 | Kendall@80: 0.8043
Epoch 92/150 | Train Loss: 0.0139 | Epoch Time: 0.32s | Spearman@80: 0.9361 | Kendall@80: 0.7999
Epoch 93/150 | Train Loss: 0.0138 | Epoch Time: 0.31s | Spearman@80: 0.9351 | Kendall@80: 0.8024
Epoch 94/150 | Train Loss: 0.0118 | Epoch Time: 0.32s | Spearman@80: 0.9406 | Kendall@80: 0.8149
Epoch 95/150 | Train Loss: 0.0138 | Epoch Time: 0.32s | Spearman@80: 0.9398 | Kendall@80: 0.8126
Epoch 96/150 | Train Loss: 0.0162 | Epoch Time: 0.31s | Spearman@80: 0.9408 | Kendall@80: 0.8143
Epoch 97/150 | Train Loss: 0.0146 | Epoch Time: 0.30s | Spearman@80: 0.9450 | Kendall@80: 0.8164
Epoch 98/150 | Train Loss: 0.0082 | Epoch Time: 0.31s | Spearman@80: 0.9393 | Kendall@80: 0.8041
Epoch 99/150 | Train Loss: 0.0116 | Epoch Time: 0.31s | Spearman@80: 0.9418 | Kendall@80: 0.8081
Epoch 100/150 | Train Loss: 0.0124 | Epoch Time: 0.31s | Spearman@80: 0.9447 | Kendall@80: 0.8136
Epoch 101/150 | Train Loss: 0.0110 | Epoch Time: 0.30s | Spearman@80: 0.9496 | Kendall@80: 0.8284
Epoch 102/150 | Train Loss: 0.0119 | Epoch Time: 0.31s | Spearman@80: 0.9466 | Kendall@80: 0.8233
Epoch 103/150 | Train Loss: 0.0115 | Epoch Time: 0.30s | Spearman@80: 0.9444 | Kendall@80: 0.8170
Epoch 104/150 | Train Loss: 0.0124 | Epoch Time: 0.31s | Spearman@80: 0.9474 | Kendall@80: 0.8221
Epoch 105/150 | Train Loss: 0.0144 | Epoch Time: 0.31s | Spearman@80: 0.9507 | Kendall@80: 0.8310
Epoch 106/150 | Train Loss: 0.0097 | Epoch Time: 0.30s | Spearman@80: 0.9349 | Kendall@80: 0.8043
Epoch 107/150 | Train Loss: 0.0115 | Epoch Time: 0.30s | Spearman@80: 0.9509 | Kendall@80: 0.8265
Epoch 108/150 | Train Loss: 0.0108 | Epoch Time: 0.32s | Spearman@80: 0.9505 | Kendall@80: 0.8301
Epoch 109/150 | Train Loss: 0.0142 | Epoch Time: 0.31s | Spearman@80: 0.9393 | Kendall@80: 0.8100
Epoch 110/150 | Train Loss: 0.0168 | Epoch Time: 0.31s | Spearman@80: 0.9461 | Kendall@80: 0.8206
Epoch 111/150 | Train Loss: 0.0124 | Epoch Time: 0.31s | Spearman@80: 0.9480 | Kendall@80: 0.8246
Epoch 112/150 | Train Loss: 0.0156 | Epoch Time: 0.30s | Spearman@80: 0.9403 | Kendall@80: 0.8060
Epoch 113/150 | Train Loss: 0.0152 | Epoch Time: 0.31s | Spearman@80: 0.9527 | Kendall@80: 0.8373
Epoch 114/150 | Train Loss: 0.0146 | Epoch Time: 0.31s | Spearman@80: 0.9479 | Kendall@80: 0.8246
Epoch 115/150 | Train Loss: 0.0078 | Epoch Time: 0.31s | Spearman@80: 0.9518 | Kendall@80: 0.8341
Epoch 116/150 | Train Loss: 0.0105 | Epoch Time: 0.31s | Spearman@80: 0.9510 | Kendall@80: 0.8310
Epoch 117/150 | Train Loss: 0.0107 | Epoch Time: 0.31s | Spearman@80: 0.9439 | Kendall@80: 0.8202
Epoch 118/150 | Train Loss: 0.0075 | Epoch Time: 0.30s | Spearman@80: 0.9502 | Kendall@80: 0.8291
Epoch 119/150 | Train Loss: 0.0087 | Epoch Time: 0.30s | Spearman@80: 0.9506 | Kendall@80: 0.8310
Epoch 120/150 | Train Loss: 0.0103 | Epoch Time: 0.31s | Spearman@80: 0.9492 | Kendall@80: 0.8295
Epoch 121/150 | Train Loss: 0.0100 | Epoch Time: 0.30s | Spearman@80: 0.9448 | Kendall@80: 0.8195
Epoch 122/150 | Train Loss: 0.0099 | Epoch Time: 0.31s | Spearman@80: 0.9471 | Kendall@80: 0.8291
Epoch 123/150 | Train Loss: 0.0119 | Epoch Time: 0.31s | Spearman@80: 0.9468 | Kendall@80: 0.8233
Epoch 124/150 | Train Loss: 0.0121 | Epoch Time: 0.30s | Spearman@80: 0.9512 | Kendall@80: 0.8335
Epoch 125/150 | Train Loss: 0.0119 | Epoch Time: 0.31s | Spearman@80: 0.9527 | Kendall@80: 0.8352
Epoch 126/150 | Train Loss: 0.0081 | Epoch Time: 0.30s | Spearman@80: 0.9520 | Kendall@80: 0.8367
Epoch 127/150 | Train Loss: 0.0081 | Epoch Time: 0.31s | Spearman@80: 0.9525 | Kendall@80: 0.8358
Epoch 128/150 | Train Loss: 0.0091 | Epoch Time: 0.31s | Spearman@80: 0.9511 | Kendall@80: 0.8327
Epoch 129/150 | Train Loss: 0.0159 | Epoch Time: 0.31s | Spearman@80: 0.9520 | Kendall@80: 0.8354
Epoch 130/150 | Train Loss: 0.0098 | Epoch Time: 0.30s | Spearman@80: 0.9524 | Kendall@80: 0.8341
Epoch 131/150 | Train Loss: 0.0095 | Epoch Time: 0.31s | Spearman@80: 0.9517 | Kendall@80: 0.8354
Epoch 132/150 | Train Loss: 0.0088 | Epoch Time: 0.31s | Spearman@80: 0.9515 | Kendall@80: 0.8333
Epoch 133/150 | Train Loss: 0.0126 | Epoch Time: 0.31s | Spearman@80: 0.9543 | Kendall@80: 0.8379
Epoch 134/150 | Train Loss: 0.0110 | Epoch Time: 0.30s | Spearman@80: 0.9553 | Kendall@80: 0.8417
Epoch 135/150 | Train Loss: 0.0103 | Epoch Time: 0.31s | Spearman@80: 0.9536 | Kendall@80: 0.8411
Epoch 136/150 | Train Loss: 0.0141 | Epoch Time: 0.30s | Spearman@80: 0.9532 | Kendall@80: 0.8398
Epoch 137/150 | Train Loss: 0.0090 | Epoch Time: 0.31s | Spearman@80: 0.9537 | Kendall@80: 0.8392
Epoch 138/150 | Train Loss: 0.0072 | Epoch Time: 0.30s | Spearman@80: 0.9530 | Kendall@80: 0.8354
Epoch 139/150 | Train Loss: 0.0096 | Epoch Time: 0.31s | Spearman@80: 0.9531 | Kendall@80: 0.8397
Epoch 140/150 | Train Loss: 0.0093 | Epoch Time: 0.31s | Spearman@80: 0.9536 | Kendall@80: 0.8390
Epoch 141/150 | Train Loss: 0.0150 | Epoch Time: 0.30s | Spearman@80: 0.9521 | Kendall@80: 0.8365
Epoch 142/150 | Train Loss: 0.0099 | Epoch Time: 0.31s | Spearman@80: 0.9531 | Kendall@80: 0.8392
Epoch 143/150 | Train Loss: 0.0141 | Epoch Time: 0.31s | Spearman@80: 0.9517 | Kendall@80: 0.8339
Epoch 144/150 | Train Loss: 0.0111 | Epoch Time: 0.31s | Spearman@80: 0.9545 | Kendall@80: 0.8409
Epoch 145/150 | Train Loss: 0.0149 | Epoch Time: 0.31s | Spearman@80: 0.9537 | Kendall@80: 0.8378
Epoch 146/150 | Train Loss: 0.0112 | Epoch Time: 0.31s | Spearman@80: 0.9534 | Kendall@80: 0.8405
Epoch 147/150 | Train Loss: 0.0165 | Epoch Time: 1.85s | Spearman@15560: 0.9351 | Kendall@15560: 0.7982
Epoch 148/150 | Train Loss: 0.0120 | Epoch Time: 1.65s | Spearman@15560: 0.9363 | Kendall@15560: 0.8002
Epoch 149/150 | Train Loss: 0.0091 | Epoch Time: 1.65s | Spearman@15560: 0.9352 | Kendall@15560: 0.7984
Epoch 150/150 | Train Loss: 0.0098 | Epoch Time: 1.65s | Spearman@15560: 0.9346 | Kendall@15560: 0.7972
Sample Count: 64, Spearman: 0.9353243676301647, Kendall: 0.7985254210821864
{64: (0.9353243676301647, 0.7985254210821864),
 128: (0.9471393877286056, 0.8195048172885904)}
Epoch 1/150 | Train Loss: 0.0898 | Epoch Time: 0.54s | Spearman@80: 0.5584 | Kendall@80: 0.4008
Epoch 2/150 | Train Loss: 0.0544 | Epoch Time: 0.54s | Spearman@80: 0.8106 | Kendall@80: 0.6315
Epoch 3/150 | Train Loss: 0.0451 | Epoch Time: 0.54s | Spearman@80: 0.8744 | Kendall@80: 0.7091
Epoch 4/150 | Train Loss: 0.0418 | Epoch Time: 0.56s | Spearman@80: 0.8909 | Kendall@80: 0.7436
Epoch 5/150 | Train Loss: 0.0408 | Epoch Time: 0.54s | Spearman@80: 0.8945 | Kendall@80: 0.7300
Epoch 6/150 | Train Loss: 0.0331 | Epoch Time: 0.54s | Spearman@80: 0.8432 | Kendall@80: 0.6813
Epoch 7/150 | Train Loss: 0.0334 | Epoch Time: 0.54s | Spearman@80: 0.8564 | Kendall@80: 0.6887
Epoch 8/150 | Train Loss: 0.0312 | Epoch Time: 0.54s | Spearman@80: 0.8705 | Kendall@80: 0.7039
Epoch 9/150 | Train Loss: 0.0394 | Epoch Time: 0.54s | Spearman@80: 0.8265 | Kendall@80: 0.6360
Epoch 10/150 | Train Loss: 0.0352 | Epoch Time: 0.54s | Spearman@80: 0.9161 | Kendall@80: 0.7643
Epoch 11/150 | Train Loss: 0.0363 | Epoch Time: 0.53s | Spearman@80: 0.8859 | Kendall@80: 0.7285
Epoch 12/150 | Train Loss: 0.0378 | Epoch Time: 0.53s | Spearman@80: 0.9039 | Kendall@80: 0.7549
Epoch 13/150 | Train Loss: 0.0286 | Epoch Time: 0.53s | Spearman@80: 0.8635 | Kendall@80: 0.6851
Epoch 14/150 | Train Loss: 0.0369 | Epoch Time: 0.53s | Spearman@80: 0.8813 | Kendall@80: 0.7216
Epoch 15/150 | Train Loss: 0.0346 | Epoch Time: 0.54s | Spearman@80: 0.9034 | Kendall@80: 0.7493
Epoch 16/150 | Train Loss: 0.0335 | Epoch Time: 0.54s | Spearman@80: 0.9048 | Kendall@80: 0.7415
Epoch 17/150 | Train Loss: 0.0337 | Epoch Time: 0.53s | Spearman@80: 0.9166 | Kendall@80: 0.7580
Epoch 18/150 | Train Loss: 0.0314 | Epoch Time: 0.54s | Spearman@80: 0.8962 | Kendall@80: 0.7298
Epoch 19/150 | Train Loss: 0.0335 | Epoch Time: 0.53s | Spearman@80: 0.9043 | Kendall@80: 0.7542
Epoch 20/150 | Train Loss: 0.0290 | Epoch Time: 0.54s | Spearman@80: 0.9181 | Kendall@80: 0.7767
Epoch 21/150 | Train Loss: 0.0320 | Epoch Time: 0.54s | Spearman@80: 0.9127 | Kendall@80: 0.7563
Epoch 22/150 | Train Loss: 0.0305 | Epoch Time: 0.54s | Spearman@80: 0.9093 | Kendall@80: 0.7555
Epoch 23/150 | Train Loss: 0.0310 | Epoch Time: 0.54s | Spearman@80: 0.9242 | Kendall@80: 0.7656
Epoch 24/150 | Train Loss: 0.0308 | Epoch Time: 0.54s | Spearman@80: 0.9094 | Kendall@80: 0.7512
Epoch 25/150 | Train Loss: 0.0281 | Epoch Time: 0.55s | Spearman@80: 0.9246 | Kendall@80: 0.7694
Epoch 26/150 | Train Loss: 0.0300 | Epoch Time: 0.54s | Spearman@80: 0.8835 | Kendall@80: 0.7188
Epoch 27/150 | Train Loss: 0.0341 | Epoch Time: 0.54s | Spearman@80: 0.9127 | Kendall@80: 0.7671
Epoch 28/150 | Train Loss: 0.0281 | Epoch Time: 0.53s | Spearman@80: 0.8983 | Kendall@80: 0.7461
Epoch 29/150 | Train Loss: 0.0269 | Epoch Time: 0.54s | Spearman@80: 0.9187 | Kendall@80: 0.7654
Epoch 30/150 | Train Loss: 0.0264 | Epoch Time: 0.60s | Spearman@80: 0.8998 | Kendall@80: 0.7436
Epoch 31/150 | Train Loss: 0.0298 | Epoch Time: 0.59s | Spearman@80: 0.9217 | Kendall@80: 0.7741
Epoch 32/150 | Train Loss: 0.0271 | Epoch Time: 0.60s | Spearman@80: 0.9261 | Kendall@80: 0.7750
Epoch 33/150 | Train Loss: 0.0324 | Epoch Time: 0.60s | Spearman@80: 0.8973 | Kendall@80: 0.7500
Epoch 34/150 | Train Loss: 0.0346 | Epoch Time: 0.60s | Spearman@80: 0.8788 | Kendall@80: 0.7059
Epoch 35/150 | Train Loss: 0.0326 | Epoch Time: 0.59s | Spearman@80: 0.9181 | Kendall@80: 0.7726
Epoch 36/150 | Train Loss: 0.0272 | Epoch Time: 0.59s | Spearman@80: 0.9154 | Kendall@80: 0.7727
Epoch 37/150 | Train Loss: 0.0252 | Epoch Time: 0.59s | Spearman@80: 0.9125 | Kendall@80: 0.7563
Epoch 38/150 | Train Loss: 0.0268 | Epoch Time: 0.60s | Spearman@80: 0.9185 | Kendall@80: 0.7720
Epoch 39/150 | Train Loss: 0.0321 | Epoch Time: 0.60s | Spearman@80: 0.9251 | Kendall@80: 0.7656
Epoch 40/150 | Train Loss: 0.0295 | Epoch Time: 0.60s | Spearman@80: 0.9345 | Kendall@80: 0.7879
Epoch 41/150 | Train Loss: 0.0337 | Epoch Time: 0.61s | Spearman@80: 0.8998 | Kendall@80: 0.7383
Epoch 42/150 | Train Loss: 0.0313 | Epoch Time: 0.60s | Spearman@80: 0.9213 | Kendall@80: 0.7711
Epoch 43/150 | Train Loss: 0.0277 | Epoch Time: 0.60s | Spearman@80: 0.8933 | Kendall@80: 0.7425
Epoch 44/150 | Train Loss: 0.0309 | Epoch Time: 0.60s | Spearman@80: 0.9149 | Kendall@80: 0.7612
Epoch 45/150 | Train Loss: 0.0304 | Epoch Time: 0.60s | Spearman@80: 0.8950 | Kendall@80: 0.7303
Epoch 46/150 | Train Loss: 0.0248 | Epoch Time: 0.61s | Spearman@80: 0.9201 | Kendall@80: 0.7746
Epoch 47/150 | Train Loss: 0.0299 | Epoch Time: 0.61s | Spearman@80: 0.9251 | Kendall@80: 0.7771
Epoch 48/150 | Train Loss: 0.0281 | Epoch Time: 0.61s | Spearman@80: 0.8978 | Kendall@80: 0.7440
Epoch 49/150 | Train Loss: 0.0266 | Epoch Time: 0.60s | Spearman@80: 0.9132 | Kendall@80: 0.7495
Epoch 50/150 | Train Loss: 0.0240 | Epoch Time: 0.60s | Spearman@80: 0.9145 | Kendall@80: 0.7622
Epoch 51/150 | Train Loss: 0.0244 | Epoch Time: 0.61s | Spearman@80: 0.9015 | Kendall@80: 0.7410
Epoch 52/150 | Train Loss: 0.0270 | Epoch Time: 0.60s | Spearman@80: 0.9315 | Kendall@80: 0.7800
Epoch 53/150 | Train Loss: 0.0311 | Epoch Time: 0.61s | Spearman@80: 0.9096 | Kendall@80: 0.7548
Epoch 54/150 | Train Loss: 0.0263 | Epoch Time: 0.61s | Spearman@80: 0.9186 | Kendall@80: 0.7669
Epoch 55/150 | Train Loss: 0.0276 | Epoch Time: 0.60s | Spearman@80: 0.9218 | Kendall@80: 0.7713
Epoch 56/150 | Train Loss: 0.0210 | Epoch Time: 0.61s | Spearman@80: 0.8999 | Kendall@80: 0.7482
Epoch 57/150 | Train Loss: 0.0281 | Epoch Time: 0.62s | Spearman@80: 0.9263 | Kendall@80: 0.7726
Epoch 58/150 | Train Loss: 0.0259 | Epoch Time: 0.61s | Spearman@80: 0.9187 | Kendall@80: 0.7652
Epoch 59/150 | Train Loss: 0.0293 | Epoch Time: 0.61s | Spearman@80: 0.9127 | Kendall@80: 0.7542
Epoch 60/150 | Train Loss: 0.0203 | Epoch Time: 0.60s | Spearman@80: 0.9066 | Kendall@80: 0.7482
Epoch 61/150 | Train Loss: 0.0259 | Epoch Time: 0.60s | Spearman@80: 0.9095 | Kendall@80: 0.7535
Epoch 62/150 | Train Loss: 0.0266 | Epoch Time: 0.61s | Spearman@80: 0.9041 | Kendall@80: 0.7436
Epoch 63/150 | Train Loss: 0.0225 | Epoch Time: 0.61s | Spearman@80: 0.9121 | Kendall@80: 0.7671
Epoch 64/150 | Train Loss: 0.0263 | Epoch Time: 0.62s | Spearman@80: 0.9037 | Kendall@80: 0.7606
Epoch 65/150 | Train Loss: 0.0287 | Epoch Time: 0.61s | Spearman@80: 0.9203 | Kendall@80: 0.7673
Epoch 66/150 | Train Loss: 0.0289 | Epoch Time: 0.61s | Spearman@80: 0.9129 | Kendall@80: 0.7516
Epoch 67/150 | Train Loss: 0.0246 | Epoch Time: 0.61s | Spearman@80: 0.9223 | Kendall@80: 0.7695
Epoch 68/150 | Train Loss: 0.0294 | Epoch Time: 0.61s | Spearman@80: 0.9209 | Kendall@80: 0.7667
Epoch 69/150 | Train Loss: 0.0280 | Epoch Time: 0.60s | Spearman@80: 0.9111 | Kendall@80: 0.7578
Epoch 70/150 | Train Loss: 0.0260 | Epoch Time: 0.61s | Spearman@80: 0.9242 | Kendall@80: 0.7743
Epoch 71/150 | Train Loss: 0.0271 | Epoch Time: 0.60s | Spearman@80: 0.9309 | Kendall@80: 0.7796
Epoch 72/150 | Train Loss: 0.0285 | Epoch Time: 0.60s | Spearman@80: 0.8959 | Kendall@80: 0.7389
Epoch 73/150 | Train Loss: 0.0228 | Epoch Time: 0.60s | Spearman@80: 0.9311 | Kendall@80: 0.7784
Epoch 74/150 | Train Loss: 0.0252 | Epoch Time: 0.62s | Spearman@80: 0.9247 | Kendall@80: 0.7703
Epoch 75/150 | Train Loss: 0.0248 | Epoch Time: 0.60s | Spearman@80: 0.9069 | Kendall@80: 0.7523
Epoch 76/150 | Train Loss: 0.0228 | Epoch Time: 0.60s | Spearman@80: 0.9014 | Kendall@80: 0.7466
Epoch 77/150 | Train Loss: 0.0277 | Epoch Time: 0.60s | Spearman@80: 0.9168 | Kendall@80: 0.7635
Epoch 78/150 | Train Loss: 0.0229 | Epoch Time: 0.60s | Spearman@80: 0.9232 | Kendall@80: 0.7692
Epoch 79/150 | Train Loss: 0.0256 | Epoch Time: 0.60s | Spearman@80: 0.9177 | Kendall@80: 0.7705
Epoch 80/150 | Train Loss: 0.0230 | Epoch Time: 0.62s | Spearman@80: 0.9196 | Kendall@80: 0.7713
Epoch 81/150 | Train Loss: 0.0241 | Epoch Time: 0.62s | Spearman@80: 0.9002 | Kendall@80: 0.7376
Epoch 82/150 | Train Loss: 0.0223 | Epoch Time: 0.62s | Spearman@80: 0.9297 | Kendall@80: 0.7854
Epoch 83/150 | Train Loss: 0.0291 | Epoch Time: 0.61s | Spearman@80: 0.9355 | Kendall@80: 0.7845
Epoch 84/150 | Train Loss: 0.0280 | Epoch Time: 0.60s | Spearman@80: 0.9290 | Kendall@80: 0.7790
Epoch 85/150 | Train Loss: 0.0251 | Epoch Time: 0.61s | Spearman@80: 0.9069 | Kendall@80: 0.7554
Epoch 86/150 | Train Loss: 0.0253 | Epoch Time: 0.60s | Spearman@80: 0.9089 | Kendall@80: 0.7580
Epoch 87/150 | Train Loss: 0.0235 | Epoch Time: 0.61s | Spearman@80: 0.9319 | Kendall@80: 0.7847
Epoch 88/150 | Train Loss: 0.0199 | Epoch Time: 0.61s | Spearman@80: 0.9232 | Kendall@80: 0.7756
Epoch 89/150 | Train Loss: 0.0246 | Epoch Time: 0.61s | Spearman@80: 0.9215 | Kendall@80: 0.7686
Epoch 90/150 | Train Loss: 0.0248 | Epoch Time: 0.61s | Spearman@80: 0.9454 | Kendall@80: 0.8021
Epoch 91/150 | Train Loss: 0.0171 | Epoch Time: 0.62s | Spearman@80: 0.9228 | Kendall@80: 0.7809
Epoch 92/150 | Train Loss: 0.0227 | Epoch Time: 0.61s | Spearman@80: 0.9213 | Kendall@80: 0.7775
Epoch 93/150 | Train Loss: 0.0195 | Epoch Time: 0.60s | Spearman@80: 0.9267 | Kendall@80: 0.7928
Epoch 94/150 | Train Loss: 0.0258 | Epoch Time: 0.61s | Spearman@80: 0.9275 | Kendall@80: 0.7887
Epoch 95/150 | Train Loss: 0.0275 | Epoch Time: 0.61s | Spearman@80: 0.9224 | Kendall@80: 0.7876
Epoch 96/150 | Train Loss: 0.0265 | Epoch Time: 0.61s | Spearman@80: 0.9265 | Kendall@80: 0.7794
Epoch 97/150 | Train Loss: 0.0217 | Epoch Time: 0.60s | Spearman@80: 0.9258 | Kendall@80: 0.7813
Epoch 98/150 | Train Loss: 0.0214 | Epoch Time: 0.61s | Spearman@80: 0.9261 | Kendall@80: 0.7802
Epoch 99/150 | Train Loss: 0.0199 | Epoch Time: 0.61s | Spearman@80: 0.9218 | Kendall@80: 0.7781
Epoch 100/150 | Train Loss: 0.0201 | Epoch Time: 0.60s | Spearman@80: 0.9374 | Kendall@80: 0.7968
Epoch 101/150 | Train Loss: 0.0206 | Epoch Time: 0.61s | Spearman@80: 0.9385 | Kendall@80: 0.7938
Epoch 102/150 | Train Loss: 0.0281 | Epoch Time: 0.60s | Spearman@80: 0.9285 | Kendall@80: 0.7860
Epoch 103/150 | Train Loss: 0.0228 | Epoch Time: 0.60s | Spearman@80: 0.9105 | Kendall@80: 0.7663
Epoch 104/150 | Train Loss: 0.0148 | Epoch Time: 0.61s | Spearman@80: 0.9149 | Kendall@80: 0.7713
Epoch 105/150 | Train Loss: 0.0180 | Epoch Time: 0.61s | Spearman@80: 0.9235 | Kendall@80: 0.7785
Epoch 106/150 | Train Loss: 0.0184 | Epoch Time: 0.61s | Spearman@80: 0.9075 | Kendall@80: 0.7567
Epoch 107/150 | Train Loss: 0.0163 | Epoch Time: 0.60s | Spearman@80: 0.9218 | Kendall@80: 0.7753
Epoch 108/150 | Train Loss: 0.0238 | Epoch Time: 0.61s | Spearman@80: 0.9321 | Kendall@80: 0.7894
Epoch 109/150 | Train Loss: 0.0187 | Epoch Time: 0.61s | Spearman@80: 0.9197 | Kendall@80: 0.7802
Epoch 110/150 | Train Loss: 0.0170 | Epoch Time: 0.62s | Spearman@80: 0.9282 | Kendall@80: 0.7909
Epoch 111/150 | Train Loss: 0.0223 | Epoch Time: 0.62s | Spearman@80: 0.9188 | Kendall@80: 0.7752
Epoch 112/150 | Train Loss: 0.0265 | Epoch Time: 0.62s | Spearman@80: 0.9051 | Kendall@80: 0.7546
Epoch 113/150 | Train Loss: 0.0225 | Epoch Time: 0.61s | Spearman@80: 0.9166 | Kendall@80: 0.7695
Epoch 114/150 | Train Loss: 0.0218 | Epoch Time: 0.60s | Spearman@80: 0.9238 | Kendall@80: 0.7783
Epoch 115/150 | Train Loss: 0.0202 | Epoch Time: 0.61s | Spearman@80: 0.9163 | Kendall@80: 0.7750
Epoch 116/150 | Train Loss: 0.0217 | Epoch Time: 0.60s | Spearman@80: 0.9122 | Kendall@80: 0.7673
Epoch 117/150 | Train Loss: 0.0221 | Epoch Time: 0.60s | Spearman@80: 0.9219 | Kendall@80: 0.7828
Epoch 118/150 | Train Loss: 0.0211 | Epoch Time: 0.60s | Spearman@80: 0.9290 | Kendall@80: 0.7909
Epoch 119/150 | Train Loss: 0.0214 | Epoch Time: 0.61s | Spearman@80: 0.9231 | Kendall@80: 0.7879
Epoch 120/150 | Train Loss: 0.0237 | Epoch Time: 0.60s | Spearman@80: 0.9079 | Kendall@80: 0.7675
Epoch 121/150 | Train Loss: 0.0201 | Epoch Time: 0.60s | Spearman@80: 0.9245 | Kendall@80: 0.7828
Epoch 122/150 | Train Loss: 0.0202 | Epoch Time: 0.60s | Spearman@80: 0.9119 | Kendall@80: 0.7663
Epoch 123/150 | Train Loss: 0.0258 | Epoch Time: 0.59s | Spearman@80: 0.9146 | Kendall@80: 0.7711
Epoch 124/150 | Train Loss: 0.0178 | Epoch Time: 0.60s | Spearman@80: 0.9198 | Kendall@80: 0.7781
Epoch 125/150 | Train Loss: 0.0181 | Epoch Time: 0.60s | Spearman@80: 0.9272 | Kendall@80: 0.7923
Epoch 126/150 | Train Loss: 0.0158 | Epoch Time: 0.60s | Spearman@80: 0.9240 | Kendall@80: 0.7828
Epoch 127/150 | Train Loss: 0.0192 | Epoch Time: 0.60s | Spearman@80: 0.9250 | Kendall@80: 0.7860
Epoch 128/150 | Train Loss: 0.0175 | Epoch Time: 0.60s | Spearman@80: 0.9249 | Kendall@80: 0.7863
Epoch 129/150 | Train Loss: 0.0223 | Epoch Time: 0.60s | Spearman@80: 0.9259 | Kendall@80: 0.7877
Epoch 130/150 | Train Loss: 0.0137 | Epoch Time: 0.60s | Spearman@80: 0.9225 | Kendall@80: 0.7854
Epoch 131/150 | Train Loss: 0.0207 | Epoch Time: 0.60s | Spearman@80: 0.9236 | Kendall@80: 0.7828
Epoch 132/150 | Train Loss: 0.0219 | Epoch Time: 0.60s | Spearman@80: 0.9252 | Kendall@80: 0.7841
Epoch 133/150 | Train Loss: 0.0191 | Epoch Time: 0.60s | Spearman@80: 0.9172 | Kendall@80: 0.7754
Epoch 134/150 | Train Loss: 0.0217 | Epoch Time: 0.59s | Spearman@80: 0.9205 | Kendall@80: 0.7781
Epoch 135/150 | Train Loss: 0.0209 | Epoch Time: 0.60s | Spearman@80: 0.9189 | Kendall@80: 0.7752
Epoch 136/150 | Train Loss: 0.0202 | Epoch Time: 0.60s | Spearman@80: 0.9198 | Kendall@80: 0.7794
Epoch 137/150 | Train Loss: 0.0180 | Epoch Time: 0.60s | Spearman@80: 0.9227 | Kendall@80: 0.7800
Epoch 138/150 | Train Loss: 0.0228 | Epoch Time: 0.61s | Spearman@80: 0.9253 | Kendall@80: 0.7841
Epoch 139/150 | Train Loss: 0.0164 | Epoch Time: 0.60s | Spearman@80: 0.9251 | Kendall@80: 0.7854
Epoch 140/150 | Train Loss: 0.0173 | Epoch Time: 0.60s | Spearman@80: 0.9229 | Kendall@80: 0.7808
Epoch 141/150 | Train Loss: 0.0150 | Epoch Time: 0.59s | Spearman@80: 0.9246 | Kendall@80: 0.7870
Epoch 142/150 | Train Loss: 0.0154 | Epoch Time: 0.60s | Spearman@80: 0.9192 | Kendall@80: 0.7717
Epoch 143/150 | Train Loss: 0.0195 | Epoch Time: 0.60s | Spearman@80: 0.9237 | Kendall@80: 0.7813
Epoch 144/150 | Train Loss: 0.0191 | Epoch Time: 0.60s | Spearman@80: 0.9198 | Kendall@80: 0.7758
Epoch 145/150 | Train Loss: 0.0131 | Epoch Time: 0.60s | Spearman@80: 0.9237 | Kendall@80: 0.7813
Epoch 146/150 | Train Loss: 0.0189 | Epoch Time: 0.60s | Spearman@80: 0.9240 | Kendall@80: 0.7826
Epoch 147/150 | Train Loss: 0.0142 | Epoch Time: 2.15s | Spearman@15496: 0.9357 | Kendall@15496: 0.7945
Epoch 148/150 | Train Loss: 0.0168 | Epoch Time: 1.92s | Spearman@15496: 0.9357 | Kendall@15496: 0.7946
Epoch 149/150 | Train Loss: 0.0196 | Epoch Time: 1.92s | Spearman@15496: 0.9364 | Kendall@15496: 0.7954
Epoch 150/150 | Train Loss: 0.0198 | Epoch Time: 1.94s | Spearman@15496: 0.9354 | Kendall@15496: 0.7931
Sample Count: 128, Spearman: 0.9357892968819542, Kendall: 0.7943947125059735
{64: (0.9353243676301647, 0.7985254210821864),
 128: (0.9357892968819542, 0.7943947125059735)}
Average KDT:  0.7949154111907372
Variance KDT:  0.00036751171967536975
Average SPR:  0.9309804536284184
Variance SPR:  0.00022584450152233188
Average KDT:  0.7936098606170106
Variance KDT:  0.0004609923194459344
Average SPR:  0.9327937161953085
Variance SPR:  0.000171830274649046
