Loading Files for NASBench101...
Loading dataset from file... This may take a few minutes...
Loaded dataset in 39 seconds
Loaded files in:  60.94468116760254  seconds
Normalizing ZCP dict
Epoch 1/150 | Train Loss: 0.0958 | Epoch Time: 0.88s | Spearman@80: 0.5719 | Kendall@80: 0.4020
Epoch 2/150 | Train Loss: 0.0740 | Epoch Time: 0.18s | Spearman@80: 0.6467 | Kendall@80: 0.4628
Epoch 3/150 | Train Loss: 0.0596 | Epoch Time: 0.17s | Spearman@80: 0.7897 | Kendall@80: 0.5806
Epoch 4/150 | Train Loss: 0.0484 | Epoch Time: 0.18s | Spearman@80: 0.7922 | Kendall@80: 0.5888
Epoch 5/150 | Train Loss: 0.0476 | Epoch Time: 0.18s | Spearman@80: 0.7741 | Kendall@80: 0.5863
Epoch 6/150 | Train Loss: 0.0456 | Epoch Time: 0.17s | Spearman@80: 0.7470 | Kendall@80: 0.5502
Epoch 7/150 | Train Loss: 0.0477 | Epoch Time: 0.17s | Spearman@80: 0.7822 | Kendall@80: 0.5958
Epoch 8/150 | Train Loss: 0.0386 | Epoch Time: 0.17s | Spearman@80: 0.7985 | Kendall@80: 0.6148
Epoch 9/150 | Train Loss: 0.0439 | Epoch Time: 0.18s | Spearman@80: 0.7915 | Kendall@80: 0.5951
Epoch 10/150 | Train Loss: 0.0310 | Epoch Time: 0.17s | Spearman@80: 0.8241 | Kendall@80: 0.6242
Epoch 11/150 | Train Loss: 0.0362 | Epoch Time: 0.17s | Spearman@80: 0.8097 | Kendall@80: 0.6179
Epoch 12/150 | Train Loss: 0.0352 | Epoch Time: 0.17s | Spearman@80: 0.7943 | Kendall@80: 0.5996
Epoch 13/150 | Train Loss: 0.0407 | Epoch Time: 0.18s | Spearman@80: 0.8254 | Kendall@80: 0.6280
Epoch 14/150 | Train Loss: 0.0381 | Epoch Time: 0.17s | Spearman@80: 0.8353 | Kendall@80: 0.6375
Epoch 15/150 | Train Loss: 0.0412 | Epoch Time: 0.17s | Spearman@80: 0.8266 | Kendall@80: 0.6363
Epoch 16/150 | Train Loss: 0.0252 | Epoch Time: 0.17s | Spearman@80: 0.8057 | Kendall@80: 0.6223
Epoch 17/150 | Train Loss: 0.0346 | Epoch Time: 0.17s | Spearman@80: 0.7934 | Kendall@80: 0.6008
Epoch 18/150 | Train Loss: 0.0438 | Epoch Time: 0.17s | Spearman@80: 0.7988 | Kendall@80: 0.6135
Epoch 19/150 | Train Loss: 0.0317 | Epoch Time: 0.17s | Spearman@80: 0.8186 | Kendall@80: 0.6236
Epoch 20/150 | Train Loss: 0.0301 | Epoch Time: 0.17s | Spearman@80: 0.8208 | Kendall@80: 0.6261
Epoch 21/150 | Train Loss: 0.0413 | Epoch Time: 0.17s | Spearman@80: 0.8407 | Kendall@80: 0.6502
Epoch 22/150 | Train Loss: 0.0337 | Epoch Time: 0.17s | Spearman@80: 0.8381 | Kendall@80: 0.6508
Epoch 23/150 | Train Loss: 0.0320 | Epoch Time: 0.17s | Spearman@80: 0.8307 | Kendall@80: 0.6375
Epoch 24/150 | Train Loss: 0.0309 | Epoch Time: 0.17s | Spearman@80: 0.8282 | Kendall@80: 0.6337
Epoch 25/150 | Train Loss: 0.0359 | Epoch Time: 0.16s | Spearman@80: 0.7756 | Kendall@80: 0.5825
Epoch 26/150 | Train Loss: 0.0319 | Epoch Time: 0.17s | Spearman@80: 0.8004 | Kendall@80: 0.6040
Epoch 27/150 | Train Loss: 0.0299 | Epoch Time: 0.17s | Spearman@80: 0.8242 | Kendall@80: 0.6356
Epoch 28/150 | Train Loss: 0.0279 | Epoch Time: 0.16s | Spearman@80: 0.8543 | Kendall@80: 0.6616
Epoch 29/150 | Train Loss: 0.0319 | Epoch Time: 0.16s | Spearman@80: 0.8333 | Kendall@80: 0.6458
Epoch 30/150 | Train Loss: 0.0331 | Epoch Time: 0.16s | Spearman@80: 0.8000 | Kendall@80: 0.6230
Epoch 31/150 | Train Loss: 0.0313 | Epoch Time: 0.16s | Spearman@80: 0.8082 | Kendall@80: 0.6110
Epoch 32/150 | Train Loss: 0.0358 | Epoch Time: 0.16s | Spearman@80: 0.8164 | Kendall@80: 0.6204
Epoch 33/150 | Train Loss: 0.0317 | Epoch Time: 0.16s | Spearman@80: 0.8274 | Kendall@80: 0.6375
Epoch 34/150 | Train Loss: 0.0258 | Epoch Time: 0.16s | Spearman@80: 0.8290 | Kendall@80: 0.6312
Epoch 35/150 | Train Loss: 0.0348 | Epoch Time: 0.16s | Spearman@80: 0.8185 | Kendall@80: 0.6293
Epoch 36/150 | Train Loss: 0.0302 | Epoch Time: 0.16s | Spearman@80: 0.8011 | Kendall@80: 0.6160
Epoch 37/150 | Train Loss: 0.0330 | Epoch Time: 0.16s | Spearman@80: 0.8216 | Kendall@80: 0.6325
Epoch 38/150 | Train Loss: 0.0238 | Epoch Time: 0.16s | Spearman@80: 0.8473 | Kendall@80: 0.6534
Epoch 39/150 | Train Loss: 0.0258 | Epoch Time: 0.17s | Spearman@80: 0.8043 | Kendall@80: 0.6148
Epoch 40/150 | Train Loss: 0.0296 | Epoch Time: 0.17s | Spearman@80: 0.8203 | Kendall@80: 0.6135
Epoch 41/150 | Train Loss: 0.0287 | Epoch Time: 0.16s | Spearman@80: 0.8373 | Kendall@80: 0.6420
Epoch 42/150 | Train Loss: 0.0226 | Epoch Time: 0.16s | Spearman@80: 0.8015 | Kendall@80: 0.6129
Epoch 43/150 | Train Loss: 0.0293 | Epoch Time: 0.16s | Spearman@80: 0.7790 | Kendall@80: 0.5888
Epoch 44/150 | Train Loss: 0.0298 | Epoch Time: 0.16s | Spearman@80: 0.8322 | Kendall@80: 0.6515
Epoch 45/150 | Train Loss: 0.0273 | Epoch Time: 0.15s | Spearman@80: 0.8417 | Kendall@80: 0.6559
Epoch 46/150 | Train Loss: 0.0204 | Epoch Time: 0.16s | Spearman@80: 0.8219 | Kendall@80: 0.6356
Epoch 47/150 | Train Loss: 0.0345 | Epoch Time: 0.16s | Spearman@80: 0.8053 | Kendall@80: 0.6154
Epoch 48/150 | Train Loss: 0.0305 | Epoch Time: 0.16s | Spearman@80: 0.8188 | Kendall@80: 0.6299
Epoch 49/150 | Train Loss: 0.0272 | Epoch Time: 0.16s | Spearman@80: 0.7894 | Kendall@80: 0.5989
Epoch 50/150 | Train Loss: 0.0308 | Epoch Time: 0.16s | Spearman@80: 0.7906 | Kendall@80: 0.6059
Epoch 51/150 | Train Loss: 0.0239 | Epoch Time: 0.16s | Spearman@80: 0.8421 | Kendall@80: 0.6508
Epoch 52/150 | Train Loss: 0.0268 | Epoch Time: 0.16s | Spearman@80: 0.8296 | Kendall@80: 0.6363
Epoch 53/150 | Train Loss: 0.0357 | Epoch Time: 0.16s | Spearman@80: 0.8226 | Kendall@80: 0.6337
Epoch 54/150 | Train Loss: 0.0233 | Epoch Time: 0.16s | Spearman@80: 0.7990 | Kendall@80: 0.6148
Epoch 55/150 | Train Loss: 0.0334 | Epoch Time: 0.16s | Spearman@80: 0.8153 | Kendall@80: 0.6299
Epoch 56/150 | Train Loss: 0.0338 | Epoch Time: 0.16s | Spearman@80: 0.8422 | Kendall@80: 0.6521
Epoch 57/150 | Train Loss: 0.0285 | Epoch Time: 0.17s | Spearman@80: 0.8293 | Kendall@80: 0.6375
Epoch 58/150 | Train Loss: 0.0246 | Epoch Time: 0.17s | Spearman@80: 0.8445 | Kendall@80: 0.6578
Epoch 59/150 | Train Loss: 0.0233 | Epoch Time: 0.17s | Spearman@80: 0.8472 | Kendall@80: 0.6553
Epoch 60/150 | Train Loss: 0.0270 | Epoch Time: 0.16s | Spearman@80: 0.8302 | Kendall@80: 0.6407
Epoch 61/150 | Train Loss: 0.0294 | Epoch Time: 0.16s | Spearman@80: 0.8253 | Kendall@80: 0.6356
Epoch 62/150 | Train Loss: 0.0273 | Epoch Time: 0.16s | Spearman@80: 0.8350 | Kendall@80: 0.6502
Epoch 63/150 | Train Loss: 0.0329 | Epoch Time: 0.16s | Spearman@80: 0.8235 | Kendall@80: 0.6331
Epoch 64/150 | Train Loss: 0.0223 | Epoch Time: 0.16s | Spearman@80: 0.8112 | Kendall@80: 0.6255
Epoch 65/150 | Train Loss: 0.0223 | Epoch Time: 0.17s | Spearman@80: 0.8001 | Kendall@80: 0.6116
Epoch 66/150 | Train Loss: 0.0174 | Epoch Time: 0.16s | Spearman@80: 0.8214 | Kendall@80: 0.6318
Epoch 67/150 | Train Loss: 0.0245 | Epoch Time: 0.16s | Spearman@80: 0.8334 | Kendall@80: 0.6420
Epoch 68/150 | Train Loss: 0.0209 | Epoch Time: 0.17s | Spearman@80: 0.8253 | Kendall@80: 0.6318
Epoch 69/150 | Train Loss: 0.0237 | Epoch Time: 0.17s | Spearman@80: 0.7858 | Kendall@80: 0.6008
Epoch 70/150 | Train Loss: 0.0231 | Epoch Time: 0.17s | Spearman@80: 0.7927 | Kendall@80: 0.5977
Epoch 71/150 | Train Loss: 0.0224 | Epoch Time: 0.17s | Spearman@80: 0.8382 | Kendall@80: 0.6426
Epoch 72/150 | Train Loss: 0.0203 | Epoch Time: 0.18s | Spearman@80: 0.8265 | Kendall@80: 0.6375
Epoch 73/150 | Train Loss: 0.0204 | Epoch Time: 0.18s | Spearman@80: 0.8245 | Kendall@80: 0.6280
Epoch 74/150 | Train Loss: 0.0133 | Epoch Time: 0.17s | Spearman@80: 0.8188 | Kendall@80: 0.6280
Epoch 75/150 | Train Loss: 0.0261 | Epoch Time: 0.17s | Spearman@80: 0.8058 | Kendall@80: 0.6129
Epoch 76/150 | Train Loss: 0.0232 | Epoch Time: 0.17s | Spearman@80: 0.8280 | Kendall@80: 0.6375
Epoch 77/150 | Train Loss: 0.0171 | Epoch Time: 0.18s | Spearman@80: 0.8209 | Kendall@80: 0.6299
Epoch 78/150 | Train Loss: 0.0177 | Epoch Time: 0.18s | Spearman@80: 0.8075 | Kendall@80: 0.6179
Epoch 79/150 | Train Loss: 0.0207 | Epoch Time: 0.16s | Spearman@80: 0.7932 | Kendall@80: 0.6040
Epoch 80/150 | Train Loss: 0.0306 | Epoch Time: 0.17s | Spearman@80: 0.7948 | Kendall@80: 0.6097
Epoch 81/150 | Train Loss: 0.0161 | Epoch Time: 0.17s | Spearman@80: 0.8169 | Kendall@80: 0.6299
Epoch 82/150 | Train Loss: 0.0154 | Epoch Time: 0.18s | Spearman@80: 0.8239 | Kendall@80: 0.6363
Epoch 83/150 | Train Loss: 0.0183 | Epoch Time: 0.17s | Spearman@80: 0.8188 | Kendall@80: 0.6331
Epoch 84/150 | Train Loss: 0.0172 | Epoch Time: 0.16s | Spearman@80: 0.8290 | Kendall@80: 0.6432
Epoch 85/150 | Train Loss: 0.0178 | Epoch Time: 0.17s | Spearman@80: 0.8337 | Kendall@80: 0.6489
Epoch 86/150 | Train Loss: 0.0152 | Epoch Time: 0.16s | Spearman@80: 0.8256 | Kendall@80: 0.6394
Epoch 87/150 | Train Loss: 0.0223 | Epoch Time: 0.17s | Spearman@80: 0.8300 | Kendall@80: 0.6432
Epoch 88/150 | Train Loss: 0.0194 | Epoch Time: 0.16s | Spearman@80: 0.8104 | Kendall@80: 0.6268
Epoch 89/150 | Train Loss: 0.0189 | Epoch Time: 0.17s | Spearman@80: 0.8212 | Kendall@80: 0.6344
Epoch 90/150 | Train Loss: 0.0158 | Epoch Time: 0.17s | Spearman@80: 0.8288 | Kendall@80: 0.6432
Epoch 91/150 | Train Loss: 0.0202 | Epoch Time: 0.16s | Spearman@80: 0.8141 | Kendall@80: 0.6255
Epoch 92/150 | Train Loss: 0.0229 | Epoch Time: 0.17s | Spearman@80: 0.8169 | Kendall@80: 0.6318
Epoch 93/150 | Train Loss: 0.0191 | Epoch Time: 0.17s | Spearman@80: 0.8084 | Kendall@80: 0.6242
Epoch 94/150 | Train Loss: 0.0192 | Epoch Time: 0.17s | Spearman@80: 0.8155 | Kendall@80: 0.6287
Epoch 95/150 | Train Loss: 0.0158 | Epoch Time: 0.17s | Spearman@80: 0.8275 | Kendall@80: 0.6426
Epoch 96/150 | Train Loss: 0.0117 | Epoch Time: 0.17s | Spearman@80: 0.8251 | Kendall@80: 0.6375
Epoch 97/150 | Train Loss: 0.0134 | Epoch Time: 0.17s | Spearman@80: 0.8304 | Kendall@80: 0.6426
Epoch 98/150 | Train Loss: 0.0174 | Epoch Time: 0.16s | Spearman@80: 0.8244 | Kendall@80: 0.6350
Epoch 99/150 | Train Loss: 0.0166 | Epoch Time: 0.17s | Spearman@80: 0.8179 | Kendall@80: 0.6274
Epoch 100/150 | Train Loss: 0.0188 | Epoch Time: 0.17s | Spearman@80: 0.8132 | Kendall@80: 0.6255
Epoch 101/150 | Train Loss: 0.0082 | Epoch Time: 0.17s | Spearman@80: 0.8169 | Kendall@80: 0.6350
Epoch 102/150 | Train Loss: 0.0141 | Epoch Time: 0.17s | Spearman@80: 0.8170 | Kendall@80: 0.6344
Epoch 103/150 | Train Loss: 0.0125 | Epoch Time: 0.16s | Spearman@80: 0.8125 | Kendall@80: 0.6280
Epoch 104/150 | Train Loss: 0.0174 | Epoch Time: 0.16s | Spearman@80: 0.8079 | Kendall@80: 0.6217
Epoch 105/150 | Train Loss: 0.0161 | Epoch Time: 0.16s | Spearman@80: 0.8033 | Kendall@80: 0.6160
Epoch 106/150 | Train Loss: 0.0159 | Epoch Time: 0.16s | Spearman@80: 0.8007 | Kendall@80: 0.6116
Epoch 107/150 | Train Loss: 0.0174 | Epoch Time: 0.16s | Spearman@80: 0.8089 | Kendall@80: 0.6186
Epoch 108/150 | Train Loss: 0.0162 | Epoch Time: 0.16s | Spearman@80: 0.8139 | Kendall@80: 0.6274
Epoch 109/150 | Train Loss: 0.0136 | Epoch Time: 0.17s | Spearman@80: 0.8063 | Kendall@80: 0.6160
Epoch 110/150 | Train Loss: 0.0124 | Epoch Time: 0.16s | Spearman@80: 0.8126 | Kendall@80: 0.6236
Epoch 111/150 | Train Loss: 0.0162 | Epoch Time: 0.16s | Spearman@80: 0.8080 | Kendall@80: 0.6204
Epoch 112/150 | Train Loss: 0.0117 | Epoch Time: 0.16s | Spearman@80: 0.8079 | Kendall@80: 0.6217
Epoch 113/150 | Train Loss: 0.0153 | Epoch Time: 0.16s | Spearman@80: 0.8077 | Kendall@80: 0.6198
Epoch 114/150 | Train Loss: 0.0138 | Epoch Time: 0.16s | Spearman@80: 0.8106 | Kendall@80: 0.6217
Epoch 115/150 | Train Loss: 0.0147 | Epoch Time: 0.16s | Spearman@80: 0.8074 | Kendall@80: 0.6211
Epoch 116/150 | Train Loss: 0.0118 | Epoch Time: 0.16s | Spearman@80: 0.8124 | Kendall@80: 0.6255
Epoch 117/150 | Train Loss: 0.0143 | Epoch Time: 0.17s | Spearman@80: 0.8157 | Kendall@80: 0.6268
Epoch 118/150 | Train Loss: 0.0147 | Epoch Time: 0.17s | Spearman@80: 0.8146 | Kendall@80: 0.6255
Epoch 119/150 | Train Loss: 0.0144 | Epoch Time: 0.16s | Spearman@80: 0.8148 | Kendall@80: 0.6255
Epoch 120/150 | Train Loss: 0.0105 | Epoch Time: 0.16s | Spearman@80: 0.8138 | Kendall@80: 0.6249
Epoch 121/150 | Train Loss: 0.0116 | Epoch Time: 0.16s | Spearman@80: 0.8171 | Kendall@80: 0.6268
Epoch 122/150 | Train Loss: 0.0110 | Epoch Time: 0.16s | Spearman@80: 0.8133 | Kendall@80: 0.6223
Epoch 123/150 | Train Loss: 0.0157 | Epoch Time: 0.16s | Spearman@80: 0.8130 | Kendall@80: 0.6249
Epoch 124/150 | Train Loss: 0.0171 | Epoch Time: 0.16s | Spearman@80: 0.8144 | Kendall@80: 0.6242
Epoch 125/150 | Train Loss: 0.0109 | Epoch Time: 0.16s | Spearman@80: 0.8139 | Kendall@80: 0.6255
Epoch 126/150 | Train Loss: 0.0179 | Epoch Time: 0.16s | Spearman@80: 0.8121 | Kendall@80: 0.6217
Epoch 127/150 | Train Loss: 0.0121 | Epoch Time: 0.16s | Spearman@80: 0.8102 | Kendall@80: 0.6198
Epoch 128/150 | Train Loss: 0.0147 | Epoch Time: 0.16s | Spearman@80: 0.8084 | Kendall@80: 0.6211
Epoch 129/150 | Train Loss: 0.0128 | Epoch Time: 0.16s | Spearman@80: 0.8068 | Kendall@80: 0.6192
Epoch 130/150 | Train Loss: 0.0099 | Epoch Time: 0.16s | Spearman@80: 0.8077 | Kendall@80: 0.6204
Epoch 131/150 | Train Loss: 0.0121 | Epoch Time: 0.17s | Spearman@80: 0.8090 | Kendall@80: 0.6217
Epoch 132/150 | Train Loss: 0.0104 | Epoch Time: 0.16s | Spearman@80: 0.8098 | Kendall@80: 0.6217
Epoch 133/150 | Train Loss: 0.0128 | Epoch Time: 0.16s | Spearman@80: 0.8085 | Kendall@80: 0.6217
Epoch 134/150 | Train Loss: 0.0145 | Epoch Time: 0.16s | Spearman@80: 0.8043 | Kendall@80: 0.6148
Epoch 135/150 | Train Loss: 0.0111 | Epoch Time: 0.17s | Spearman@80: 0.8087 | Kendall@80: 0.6204
Epoch 136/150 | Train Loss: 0.0145 | Epoch Time: 0.16s | Spearman@80: 0.8106 | Kendall@80: 0.6230
Epoch 137/150 | Train Loss: 0.0122 | Epoch Time: 0.16s | Spearman@80: 0.8102 | Kendall@80: 0.6211
Epoch 138/150 | Train Loss: 0.0148 | Epoch Time: 0.15s | Spearman@80: 0.8096 | Kendall@80: 0.6211
Epoch 139/150 | Train Loss: 0.0123 | Epoch Time: 0.16s | Spearman@80: 0.8101 | Kendall@80: 0.6230
Epoch 140/150 | Train Loss: 0.0136 | Epoch Time: 0.16s | Spearman@80: 0.8079 | Kendall@80: 0.6186
Epoch 141/150 | Train Loss: 0.0131 | Epoch Time: 0.16s | Spearman@80: 0.8080 | Kendall@80: 0.6192
Epoch 142/150 | Train Loss: 0.0127 | Epoch Time: 0.15s | Spearman@80: 0.8086 | Kendall@80: 0.6204
Epoch 143/150 | Train Loss: 0.0079 | Epoch Time: 0.15s | Spearman@80: 0.8076 | Kendall@80: 0.6186
Epoch 144/150 | Train Loss: 0.0136 | Epoch Time: 0.17s | Spearman@80: 0.8078 | Kendall@80: 0.6198
Epoch 145/150 | Train Loss: 0.0098 | Epoch Time: 0.17s | Spearman@80: 0.8060 | Kendall@80: 0.6160
Epoch 146/150 | Train Loss: 0.0114 | Epoch Time: 0.17s | Spearman@80: 0.8077 | Kendall@80: 0.6192
Epoch 147/150 | Train Loss: 0.0181 | Epoch Time: 25.48s | Spearman@423559: 0.7777 | Kendall@423559: 0.5909
Epoch 148/150 | Train Loss: 0.0112 | Epoch Time: 25.36s | Spearman@423559: 0.7779 | Kendall@423559: 0.5910
Epoch 149/150 | Train Loss: 0.0124 | Epoch Time: 25.49s | Spearman@423559: 0.7771 | Kendall@423559: 0.5903
Epoch 150/150 | Train Loss: 0.0174 | Epoch Time: 25.54s | Spearman@423559: 0.7773 | Kendall@423559: 0.5904
Sample Count: 64, Spearman: 0.7775142749077173, Kendall: 0.5906376030015565
{64: (0.7775142749077173, 0.5906376030015565)}
Epoch 1/150 | Train Loss: 0.0895 | Epoch Time: 0.33s | Spearman@80: 0.5751 | Kendall@80: 0.4114
Epoch 2/150 | Train Loss: 0.0626 | Epoch Time: 0.35s | Spearman@80: 0.7032 | Kendall@80: 0.5013
Epoch 3/150 | Train Loss: 0.0537 | Epoch Time: 0.36s | Spearman@80: 0.7514 | Kendall@80: 0.5551
Epoch 4/150 | Train Loss: 0.0474 | Epoch Time: 0.35s | Spearman@80: 0.8005 | Kendall@80: 0.6057
Epoch 5/150 | Train Loss: 0.0521 | Epoch Time: 0.35s | Spearman@80: 0.8107 | Kendall@80: 0.6228
Epoch 6/150 | Train Loss: 0.0425 | Epoch Time: 0.35s | Spearman@80: 0.8141 | Kendall@80: 0.6184
Epoch 7/150 | Train Loss: 0.0432 | Epoch Time: 0.35s | Spearman@80: 0.8040 | Kendall@80: 0.6044
Epoch 8/150 | Train Loss: 0.0413 | Epoch Time: 0.36s | Spearman@80: 0.8088 | Kendall@80: 0.6222
Epoch 9/150 | Train Loss: 0.0484 | Epoch Time: 0.35s | Spearman@80: 0.8297 | Kendall@80: 0.6386
Epoch 10/150 | Train Loss: 0.0454 | Epoch Time: 0.34s | Spearman@80: 0.8255 | Kendall@80: 0.6304
Epoch 11/150 | Train Loss: 0.0428 | Epoch Time: 0.36s | Spearman@80: 0.8236 | Kendall@80: 0.6323
Epoch 12/150 | Train Loss: 0.0517 | Epoch Time: 0.35s | Spearman@80: 0.8191 | Kendall@80: 0.6209
Epoch 13/150 | Train Loss: 0.0403 | Epoch Time: 0.35s | Spearman@80: 0.8255 | Kendall@80: 0.6316
Epoch 14/150 | Train Loss: 0.0416 | Epoch Time: 0.34s | Spearman@80: 0.8040 | Kendall@80: 0.6082
Epoch 15/150 | Train Loss: 0.0453 | Epoch Time: 0.34s | Spearman@80: 0.8226 | Kendall@80: 0.6323
Epoch 16/150 | Train Loss: 0.0440 | Epoch Time: 0.35s | Spearman@80: 0.8153 | Kendall@80: 0.6184
Epoch 17/150 | Train Loss: 0.0373 | Epoch Time: 0.35s | Spearman@80: 0.7540 | Kendall@80: 0.5633
Epoch 18/150 | Train Loss: 0.0437 | Epoch Time: 0.34s | Spearman@80: 0.8310 | Kendall@80: 0.6354
Epoch 19/150 | Train Loss: 0.0435 | Epoch Time: 0.33s | Spearman@80: 0.8376 | Kendall@80: 0.6513
Epoch 20/150 | Train Loss: 0.0360 | Epoch Time: 0.34s | Spearman@80: 0.8444 | Kendall@80: 0.6557
Epoch 21/150 | Train Loss: 0.0375 | Epoch Time: 0.33s | Spearman@80: 0.8274 | Kendall@80: 0.6323
Epoch 22/150 | Train Loss: 0.0418 | Epoch Time: 0.34s | Spearman@80: 0.8345 | Kendall@80: 0.6487
Epoch 23/150 | Train Loss: 0.0331 | Epoch Time: 0.34s | Spearman@80: 0.8524 | Kendall@80: 0.6658
Epoch 24/150 | Train Loss: 0.0354 | Epoch Time: 0.33s | Spearman@80: 0.8619 | Kendall@80: 0.6728
Epoch 25/150 | Train Loss: 0.0310 | Epoch Time: 0.33s | Spearman@80: 0.8559 | Kendall@80: 0.6728
Epoch 26/150 | Train Loss: 0.0392 | Epoch Time: 0.33s | Spearman@80: 0.8391 | Kendall@80: 0.6500
Epoch 27/150 | Train Loss: 0.0399 | Epoch Time: 0.34s | Spearman@80: 0.8359 | Kendall@80: 0.6487
Epoch 28/150 | Train Loss: 0.0387 | Epoch Time: 0.34s | Spearman@80: 0.8484 | Kendall@80: 0.6601
Epoch 29/150 | Train Loss: 0.0359 | Epoch Time: 0.33s | Spearman@80: 0.8644 | Kendall@80: 0.6823
Epoch 30/150 | Train Loss: 0.0314 | Epoch Time: 0.34s | Spearman@80: 0.8027 | Kendall@80: 0.6101
Epoch 31/150 | Train Loss: 0.0331 | Epoch Time: 0.34s | Spearman@80: 0.8536 | Kendall@80: 0.6709
Epoch 32/150 | Train Loss: 0.0326 | Epoch Time: 0.33s | Spearman@80: 0.8404 | Kendall@80: 0.6506
Epoch 33/150 | Train Loss: 0.0368 | Epoch Time: 0.34s | Spearman@80: 0.8476 | Kendall@80: 0.6633
Epoch 34/150 | Train Loss: 0.0393 | Epoch Time: 0.35s | Spearman@80: 0.8611 | Kendall@80: 0.6816
Epoch 35/150 | Train Loss: 0.0442 | Epoch Time: 0.33s | Spearman@80: 0.8526 | Kendall@80: 0.6665
Epoch 36/150 | Train Loss: 0.0332 | Epoch Time: 0.33s | Spearman@80: 0.8618 | Kendall@80: 0.6759
Epoch 37/150 | Train Loss: 0.0366 | Epoch Time: 0.33s | Spearman@80: 0.8579 | Kendall@80: 0.6715
Epoch 38/150 | Train Loss: 0.0308 | Epoch Time: 0.35s | Spearman@80: 0.8575 | Kendall@80: 0.6709
Epoch 39/150 | Train Loss: 0.0350 | Epoch Time: 0.37s | Spearman@80: 0.8615 | Kendall@80: 0.6766
Epoch 40/150 | Train Loss: 0.0320 | Epoch Time: 0.35s | Spearman@80: 0.8664 | Kendall@80: 0.6823
Epoch 41/150 | Train Loss: 0.0315 | Epoch Time: 0.35s | Spearman@80: 0.8447 | Kendall@80: 0.6601
Epoch 42/150 | Train Loss: 0.0367 | Epoch Time: 0.35s | Spearman@80: 0.8404 | Kendall@80: 0.6513
Epoch 43/150 | Train Loss: 0.0412 | Epoch Time: 0.35s | Spearman@80: 0.8566 | Kendall@80: 0.6722
Epoch 44/150 | Train Loss: 0.0331 | Epoch Time: 0.34s | Spearman@80: 0.8620 | Kendall@80: 0.6823
Epoch 45/150 | Train Loss: 0.0338 | Epoch Time: 0.36s | Spearman@80: 0.8573 | Kendall@80: 0.6753
Epoch 46/150 | Train Loss: 0.0303 | Epoch Time: 0.35s | Spearman@80: 0.8698 | Kendall@80: 0.6867
Epoch 47/150 | Train Loss: 0.0317 | Epoch Time: 0.34s | Spearman@80: 0.8522 | Kendall@80: 0.6715
Epoch 48/150 | Train Loss: 0.0290 | Epoch Time: 0.35s | Spearman@80: 0.8729 | Kendall@80: 0.6937
Epoch 49/150 | Train Loss: 0.0234 | Epoch Time: 0.36s | Spearman@80: 0.8568 | Kendall@80: 0.6703
Epoch 50/150 | Train Loss: 0.0294 | Epoch Time: 0.36s | Spearman@80: 0.8529 | Kendall@80: 0.6652
Epoch 51/150 | Train Loss: 0.0333 | Epoch Time: 0.36s | Spearman@80: 0.8679 | Kendall@80: 0.6829
Epoch 52/150 | Train Loss: 0.0365 | Epoch Time: 0.35s | Spearman@80: 0.8865 | Kendall@80: 0.7076
Epoch 53/150 | Train Loss: 0.0284 | Epoch Time: 0.34s | Spearman@80: 0.8746 | Kendall@80: 0.6892
Epoch 54/150 | Train Loss: 0.0275 | Epoch Time: 0.36s | Spearman@80: 0.7736 | Kendall@80: 0.5816
Epoch 55/150 | Train Loss: 0.0315 | Epoch Time: 0.36s | Spearman@80: 0.8552 | Kendall@80: 0.6671
Epoch 56/150 | Train Loss: 0.0320 | Epoch Time: 0.33s | Spearman@80: 0.8538 | Kendall@80: 0.6703
Epoch 57/150 | Train Loss: 0.0283 | Epoch Time: 0.33s | Spearman@80: 0.8661 | Kendall@80: 0.6810
Epoch 58/150 | Train Loss: 0.0352 | Epoch Time: 0.33s | Spearman@80: 0.8576 | Kendall@80: 0.6709
Epoch 59/150 | Train Loss: 0.0334 | Epoch Time: 0.33s | Spearman@80: 0.8570 | Kendall@80: 0.6741
Epoch 60/150 | Train Loss: 0.0356 | Epoch Time: 0.32s | Spearman@80: 0.8844 | Kendall@80: 0.7057
Epoch 61/150 | Train Loss: 0.0265 | Epoch Time: 0.34s | Spearman@80: 0.8709 | Kendall@80: 0.6892
Epoch 62/150 | Train Loss: 0.0284 | Epoch Time: 0.34s | Spearman@80: 0.8833 | Kendall@80: 0.7076
Epoch 63/150 | Train Loss: 0.0246 | Epoch Time: 0.32s | Spearman@80: 0.8347 | Kendall@80: 0.6449
Epoch 64/150 | Train Loss: 0.0346 | Epoch Time: 0.33s | Spearman@80: 0.8707 | Kendall@80: 0.6911
Epoch 65/150 | Train Loss: 0.0275 | Epoch Time: 0.32s | Spearman@80: 0.8835 | Kendall@80: 0.7044
Epoch 66/150 | Train Loss: 0.0279 | Epoch Time: 0.32s | Spearman@80: 0.8887 | Kendall@80: 0.7152
Epoch 67/150 | Train Loss: 0.0312 | Epoch Time: 0.33s | Spearman@80: 0.8823 | Kendall@80: 0.7013
Epoch 68/150 | Train Loss: 0.0241 | Epoch Time: 0.32s | Spearman@80: 0.8915 | Kendall@80: 0.7165
Epoch 69/150 | Train Loss: 0.0258 | Epoch Time: 0.33s | Spearman@80: 0.8687 | Kendall@80: 0.6854
Epoch 70/150 | Train Loss: 0.0255 | Epoch Time: 0.34s | Spearman@80: 0.8873 | Kendall@80: 0.7101
Epoch 71/150 | Train Loss: 0.0273 | Epoch Time: 0.33s | Spearman@80: 0.8895 | Kendall@80: 0.7146
Epoch 72/150 | Train Loss: 0.0344 | Epoch Time: 0.32s | Spearman@80: 0.8637 | Kendall@80: 0.6854
Epoch 73/150 | Train Loss: 0.0228 | Epoch Time: 0.32s | Spearman@80: 0.8482 | Kendall@80: 0.6614
Epoch 74/150 | Train Loss: 0.0248 | Epoch Time: 0.35s | Spearman@80: 0.8754 | Kendall@80: 0.6880
Epoch 75/150 | Train Loss: 0.0246 | Epoch Time: 0.36s | Spearman@80: 0.8463 | Kendall@80: 0.6677
Epoch 76/150 | Train Loss: 0.0285 | Epoch Time: 0.35s | Spearman@80: 0.8878 | Kendall@80: 0.7063
Epoch 77/150 | Train Loss: 0.0245 | Epoch Time: 0.35s | Spearman@80: 0.8358 | Kendall@80: 0.6544
Epoch 78/150 | Train Loss: 0.0293 | Epoch Time: 0.35s | Spearman@80: 0.8899 | Kendall@80: 0.7139
Epoch 79/150 | Train Loss: 0.0287 | Epoch Time: 0.36s | Spearman@80: 0.8598 | Kendall@80: 0.6848
Epoch 80/150 | Train Loss: 0.0260 | Epoch Time: 0.34s | Spearman@80: 0.8905 | Kendall@80: 0.7108
Epoch 81/150 | Train Loss: 0.0283 | Epoch Time: 0.35s | Spearman@80: 0.8938 | Kendall@80: 0.7196
Epoch 82/150 | Train Loss: 0.0232 | Epoch Time: 0.34s | Spearman@80: 0.9020 | Kendall@80: 0.7297
Epoch 83/150 | Train Loss: 0.0182 | Epoch Time: 0.35s | Spearman@80: 0.8886 | Kendall@80: 0.7108
Epoch 84/150 | Train Loss: 0.0234 | Epoch Time: 0.35s | Spearman@80: 0.8951 | Kendall@80: 0.7234
Epoch 85/150 | Train Loss: 0.0222 | Epoch Time: 0.34s | Spearman@80: 0.9033 | Kendall@80: 0.7342
Epoch 86/150 | Train Loss: 0.0280 | Epoch Time: 0.34s | Spearman@80: 0.8925 | Kendall@80: 0.7209
Epoch 87/150 | Train Loss: 0.0188 | Epoch Time: 0.34s | Spearman@80: 0.9025 | Kendall@80: 0.7342
Epoch 88/150 | Train Loss: 0.0223 | Epoch Time: 0.35s | Spearman@80: 0.8985 | Kendall@80: 0.7272
Epoch 89/150 | Train Loss: 0.0218 | Epoch Time: 0.34s | Spearman@80: 0.8986 | Kendall@80: 0.7234
Epoch 90/150 | Train Loss: 0.0207 | Epoch Time: 0.34s | Spearman@80: 0.8822 | Kendall@80: 0.7076
Epoch 91/150 | Train Loss: 0.0224 | Epoch Time: 0.32s | Spearman@80: 0.9107 | Kendall@80: 0.7456
Epoch 92/150 | Train Loss: 0.0230 | Epoch Time: 0.32s | Spearman@80: 0.9007 | Kendall@80: 0.7278
Epoch 93/150 | Train Loss: 0.0260 | Epoch Time: 0.33s | Spearman@80: 0.9045 | Kendall@80: 0.7367
Epoch 94/150 | Train Loss: 0.0171 | Epoch Time: 0.32s | Spearman@80: 0.8917 | Kendall@80: 0.7158
Epoch 95/150 | Train Loss: 0.0203 | Epoch Time: 0.33s | Spearman@80: 0.8948 | Kendall@80: 0.7196
Epoch 96/150 | Train Loss: 0.0184 | Epoch Time: 0.34s | Spearman@80: 0.9049 | Kendall@80: 0.7329
Epoch 97/150 | Train Loss: 0.0202 | Epoch Time: 0.33s | Spearman@80: 0.8774 | Kendall@80: 0.7076
Epoch 98/150 | Train Loss: 0.0227 | Epoch Time: 0.32s | Spearman@80: 0.8855 | Kendall@80: 0.7139
Epoch 99/150 | Train Loss: 0.0229 | Epoch Time: 0.32s | Spearman@80: 0.9045 | Kendall@80: 0.7399
Epoch 100/150 | Train Loss: 0.0262 | Epoch Time: 0.32s | Spearman@80: 0.8992 | Kendall@80: 0.7285
Epoch 101/150 | Train Loss: 0.0197 | Epoch Time: 0.32s | Spearman@80: 0.8897 | Kendall@80: 0.7171
Epoch 102/150 | Train Loss: 0.0180 | Epoch Time: 0.32s | Spearman@80: 0.8847 | Kendall@80: 0.7127
Epoch 103/150 | Train Loss: 0.0178 | Epoch Time: 0.32s | Spearman@80: 0.8990 | Kendall@80: 0.7297
Epoch 104/150 | Train Loss: 0.0142 | Epoch Time: 0.33s | Spearman@80: 0.8964 | Kendall@80: 0.7291
Epoch 105/150 | Train Loss: 0.0178 | Epoch Time: 0.35s | Spearman@80: 0.8964 | Kendall@80: 0.7272
Epoch 106/150 | Train Loss: 0.0200 | Epoch Time: 0.32s | Spearman@80: 0.8925 | Kendall@80: 0.7241
Epoch 107/150 | Train Loss: 0.0183 | Epoch Time: 0.32s | Spearman@80: 0.9019 | Kendall@80: 0.7354
Epoch 108/150 | Train Loss: 0.0172 | Epoch Time: 0.32s | Spearman@80: 0.8965 | Kendall@80: 0.7310
Epoch 109/150 | Train Loss: 0.0182 | Epoch Time: 0.33s | Spearman@80: 0.8977 | Kendall@80: 0.7329
Epoch 110/150 | Train Loss: 0.0189 | Epoch Time: 0.35s | Spearman@80: 0.9000 | Kendall@80: 0.7361
Epoch 111/150 | Train Loss: 0.0163 | Epoch Time: 0.35s | Spearman@80: 0.8979 | Kendall@80: 0.7304
Epoch 112/150 | Train Loss: 0.0157 | Epoch Time: 0.36s | Spearman@80: 0.8911 | Kendall@80: 0.7203
Epoch 113/150 | Train Loss: 0.0170 | Epoch Time: 0.35s | Spearman@80: 0.8899 | Kendall@80: 0.7215
Epoch 114/150 | Train Loss: 0.0177 | Epoch Time: 0.35s | Spearman@80: 0.8914 | Kendall@80: 0.7209
Epoch 115/150 | Train Loss: 0.0203 | Epoch Time: 0.34s | Spearman@80: 0.9052 | Kendall@80: 0.7348
Epoch 116/150 | Train Loss: 0.0178 | Epoch Time: 0.35s | Spearman@80: 0.8964 | Kendall@80: 0.7278
Epoch 117/150 | Train Loss: 0.0161 | Epoch Time: 0.36s | Spearman@80: 0.8969 | Kendall@80: 0.7278
Epoch 118/150 | Train Loss: 0.0167 | Epoch Time: 0.34s | Spearman@80: 0.9063 | Kendall@80: 0.7399
Epoch 119/150 | Train Loss: 0.0171 | Epoch Time: 0.33s | Spearman@80: 0.8940 | Kendall@80: 0.7241
Epoch 120/150 | Train Loss: 0.0173 | Epoch Time: 0.35s | Spearman@80: 0.8946 | Kendall@80: 0.7247
Epoch 121/150 | Train Loss: 0.0160 | Epoch Time: 0.35s | Spearman@80: 0.8929 | Kendall@80: 0.7203
Epoch 122/150 | Train Loss: 0.0164 | Epoch Time: 0.35s | Spearman@80: 0.8992 | Kendall@80: 0.7323
Epoch 123/150 | Train Loss: 0.0192 | Epoch Time: 0.34s | Spearman@80: 0.8974 | Kendall@80: 0.7297
Epoch 124/150 | Train Loss: 0.0127 | Epoch Time: 0.35s | Spearman@80: 0.9022 | Kendall@80: 0.7373
Epoch 125/150 | Train Loss: 0.0160 | Epoch Time: 0.33s | Spearman@80: 0.8996 | Kendall@80: 0.7310
Epoch 126/150 | Train Loss: 0.0135 | Epoch Time: 0.36s | Spearman@80: 0.9005 | Kendall@80: 0.7323
Epoch 127/150 | Train Loss: 0.0159 | Epoch Time: 0.34s | Spearman@80: 0.9015 | Kendall@80: 0.7335
Epoch 128/150 | Train Loss: 0.0145 | Epoch Time: 0.33s | Spearman@80: 0.8971 | Kendall@80: 0.7291
Epoch 129/150 | Train Loss: 0.0160 | Epoch Time: 0.33s | Spearman@80: 0.8944 | Kendall@80: 0.7234
Epoch 130/150 | Train Loss: 0.0165 | Epoch Time: 0.33s | Spearman@80: 0.8958 | Kendall@80: 0.7259
Epoch 131/150 | Train Loss: 0.0188 | Epoch Time: 0.33s | Spearman@80: 0.9003 | Kendall@80: 0.7329
Epoch 132/150 | Train Loss: 0.0181 | Epoch Time: 0.33s | Spearman@80: 0.8997 | Kendall@80: 0.7329
Epoch 133/150 | Train Loss: 0.0173 | Epoch Time: 0.33s | Spearman@80: 0.8989 | Kendall@80: 0.7310
Epoch 134/150 | Train Loss: 0.0169 | Epoch Time: 0.35s | Spearman@80: 0.9011 | Kendall@80: 0.7335
Epoch 135/150 | Train Loss: 0.0135 | Epoch Time: 0.33s | Spearman@80: 0.9041 | Kendall@80: 0.7386
Epoch 136/150 | Train Loss: 0.0136 | Epoch Time: 0.32s | Spearman@80: 0.9038 | Kendall@80: 0.7361
Epoch 137/150 | Train Loss: 0.0169 | Epoch Time: 0.33s | Spearman@80: 0.9062 | Kendall@80: 0.7411
Epoch 138/150 | Train Loss: 0.0172 | Epoch Time: 0.32s | Spearman@80: 0.9067 | Kendall@80: 0.7399
Epoch 139/150 | Train Loss: 0.0180 | Epoch Time: 0.32s | Spearman@80: 0.8986 | Kendall@80: 0.7278
Epoch 140/150 | Train Loss: 0.0141 | Epoch Time: 0.32s | Spearman@80: 0.8974 | Kendall@80: 0.7278
Epoch 141/150 | Train Loss: 0.0157 | Epoch Time: 0.33s | Spearman@80: 0.9047 | Kendall@80: 0.7373
Epoch 142/150 | Train Loss: 0.0136 | Epoch Time: 0.32s | Spearman@80: 0.9010 | Kendall@80: 0.7316
Epoch 143/150 | Train Loss: 0.0167 | Epoch Time: 0.34s | Spearman@80: 0.9029 | Kendall@80: 0.7361
Epoch 144/150 | Train Loss: 0.0163 | Epoch Time: 0.32s | Spearman@80: 0.9022 | Kendall@80: 0.7348
Epoch 145/150 | Train Loss: 0.0131 | Epoch Time: 0.32s | Spearman@80: 0.9064 | Kendall@80: 0.7392
Epoch 146/150 | Train Loss: 0.0166 | Epoch Time: 0.32s | Spearman@80: 0.9034 | Kendall@80: 0.7373
Epoch 147/150 | Train Loss: 0.0167 | Epoch Time: 27.36s | Spearman@423495: 0.9012 | Kendall@423495: 0.7268
Epoch 148/150 | Train Loss: 0.0121 | Epoch Time: 27.38s | Spearman@423495: 0.9029 | Kendall@423495: 0.7292
Epoch 149/150 | Train Loss: 0.0166 | Epoch Time: 26.71s | Spearman@423495: 0.9018 | Kendall@423495: 0.7276
Epoch 150/150 | Train Loss: 0.0181 | Epoch Time: 26.74s | Spearman@423495: 0.9013 | Kendall@423495: 0.7270
Sample Count: 128, Spearman: 0.9017865191638494, Kendall: 0.7276486525541925
{64: (0.7775142749077173, 0.5906376030015565),
 128: (0.9017865191638494, 0.7276486525541925)}
Epoch 1/150 | Train Loss: 0.0997 | Epoch Time: 0.18s | Spearman@80: 0.7387 | Kendall@80: 0.5327
Epoch 2/150 | Train Loss: 0.0847 | Epoch Time: 0.17s | Spearman@80: 0.7843 | Kendall@80: 0.5757
Epoch 3/150 | Train Loss: 0.0612 | Epoch Time: 0.17s | Spearman@80: 0.7796 | Kendall@80: 0.5991
Epoch 4/150 | Train Loss: 0.0654 | Epoch Time: 0.17s | Spearman@80: 0.7416 | Kendall@80: 0.5599
Epoch 5/150 | Train Loss: 0.0545 | Epoch Time: 0.17s | Spearman@80: 0.8452 | Kendall@80: 0.6605
Epoch 6/150 | Train Loss: 0.0517 | Epoch Time: 0.17s | Spearman@80: 0.8414 | Kendall@80: 0.6656
Epoch 7/150 | Train Loss: 0.0581 | Epoch Time: 0.17s | Spearman@80: 0.8578 | Kendall@80: 0.6751
Epoch 8/150 | Train Loss: 0.0488 | Epoch Time: 0.17s | Spearman@80: 0.8326 | Kendall@80: 0.6473
Epoch 9/150 | Train Loss: 0.0425 | Epoch Time: 0.17s | Spearman@80: 0.8584 | Kendall@80: 0.6751
Epoch 10/150 | Train Loss: 0.0427 | Epoch Time: 0.16s | Spearman@80: 0.8667 | Kendall@80: 0.6865
Epoch 11/150 | Train Loss: 0.0481 | Epoch Time: 0.17s | Spearman@80: 0.8792 | Kendall@80: 0.7042
Epoch 12/150 | Train Loss: 0.0467 | Epoch Time: 0.17s | Spearman@80: 0.8402 | Kendall@80: 0.6574
Epoch 13/150 | Train Loss: 0.0393 | Epoch Time: 0.17s | Spearman@80: 0.8704 | Kendall@80: 0.6890
Epoch 14/150 | Train Loss: 0.0410 | Epoch Time: 0.17s | Spearman@80: 0.8793 | Kendall@80: 0.6947
Epoch 15/150 | Train Loss: 0.0509 | Epoch Time: 0.16s | Spearman@80: 0.8131 | Kendall@80: 0.6213
Epoch 16/150 | Train Loss: 0.0429 | Epoch Time: 0.16s | Spearman@80: 0.8843 | Kendall@80: 0.7068
Epoch 17/150 | Train Loss: 0.0406 | Epoch Time: 0.17s | Spearman@80: 0.8969 | Kendall@80: 0.7213
Epoch 18/150 | Train Loss: 0.0407 | Epoch Time: 0.17s | Spearman@80: 0.8988 | Kendall@80: 0.7213
Epoch 19/150 | Train Loss: 0.0399 | Epoch Time: 0.17s | Spearman@80: 0.8850 | Kendall@80: 0.7049
Epoch 20/150 | Train Loss: 0.0445 | Epoch Time: 0.17s | Spearman@80: 0.8652 | Kendall@80: 0.6846
Epoch 21/150 | Train Loss: 0.0395 | Epoch Time: 0.17s | Spearman@80: 0.8420 | Kendall@80: 0.6656
Epoch 22/150 | Train Loss: 0.0348 | Epoch Time: 0.16s | Spearman@80: 0.8927 | Kendall@80: 0.7137
Epoch 23/150 | Train Loss: 0.0325 | Epoch Time: 0.17s | Spearman@80: 0.8651 | Kendall@80: 0.6865
Epoch 24/150 | Train Loss: 0.0383 | Epoch Time: 0.17s | Spearman@80: 0.9058 | Kendall@80: 0.7276
Epoch 25/150 | Train Loss: 0.0392 | Epoch Time: 0.17s | Spearman@80: 0.8400 | Kendall@80: 0.6479
Epoch 26/150 | Train Loss: 0.0377 | Epoch Time: 0.17s | Spearman@80: 0.9042 | Kendall@80: 0.7264
Epoch 27/150 | Train Loss: 0.0426 | Epoch Time: 0.17s | Spearman@80: 0.8866 | Kendall@80: 0.7093
Epoch 28/150 | Train Loss: 0.0408 | Epoch Time: 0.16s | Spearman@80: 0.8733 | Kendall@80: 0.6802
Epoch 29/150 | Train Loss: 0.0311 | Epoch Time: 0.17s | Spearman@80: 0.8799 | Kendall@80: 0.6890
Epoch 30/150 | Train Loss: 0.0311 | Epoch Time: 0.17s | Spearman@80: 0.8621 | Kendall@80: 0.6675
Epoch 31/150 | Train Loss: 0.0418 | Epoch Time: 0.17s | Spearman@80: 0.9038 | Kendall@80: 0.7352
Epoch 32/150 | Train Loss: 0.0325 | Epoch Time: 0.17s | Spearman@80: 0.8956 | Kendall@80: 0.7163
Epoch 33/150 | Train Loss: 0.0370 | Epoch Time: 0.17s | Spearman@80: 0.9010 | Kendall@80: 0.7403
Epoch 34/150 | Train Loss: 0.0375 | Epoch Time: 0.17s | Spearman@80: 0.8977 | Kendall@80: 0.7352
Epoch 35/150 | Train Loss: 0.0367 | Epoch Time: 0.17s | Spearman@80: 0.9232 | Kendall@80: 0.7625
Epoch 36/150 | Train Loss: 0.0258 | Epoch Time: 0.17s | Spearman@80: 0.8970 | Kendall@80: 0.7219
Epoch 37/150 | Train Loss: 0.0415 | Epoch Time: 0.17s | Spearman@80: 0.9133 | Kendall@80: 0.7397
Epoch 38/150 | Train Loss: 0.0353 | Epoch Time: 0.17s | Spearman@80: 0.9035 | Kendall@80: 0.7257
Epoch 39/150 | Train Loss: 0.0238 | Epoch Time: 0.17s | Spearman@80: 0.9203 | Kendall@80: 0.7549
Epoch 40/150 | Train Loss: 0.0283 | Epoch Time: 0.16s | Spearman@80: 0.9027 | Kendall@80: 0.7321
Epoch 41/150 | Train Loss: 0.0235 | Epoch Time: 0.17s | Spearman@80: 0.8806 | Kendall@80: 0.6916
Epoch 42/150 | Train Loss: 0.0275 | Epoch Time: 0.17s | Spearman@80: 0.8978 | Kendall@80: 0.7226
Epoch 43/150 | Train Loss: 0.0342 | Epoch Time: 0.17s | Spearman@80: 0.9059 | Kendall@80: 0.7321
Epoch 44/150 | Train Loss: 0.0240 | Epoch Time: 0.16s | Spearman@80: 0.8893 | Kendall@80: 0.7061
Epoch 45/150 | Train Loss: 0.0379 | Epoch Time: 0.17s | Spearman@80: 0.9164 | Kendall@80: 0.7479
Epoch 46/150 | Train Loss: 0.0301 | Epoch Time: 0.17s | Spearman@80: 0.9116 | Kendall@80: 0.7441
Epoch 47/150 | Train Loss: 0.0285 | Epoch Time: 0.16s | Spearman@80: 0.9151 | Kendall@80: 0.7409
Epoch 48/150 | Train Loss: 0.0239 | Epoch Time: 0.16s | Spearman@80: 0.9236 | Kendall@80: 0.7511
Epoch 49/150 | Train Loss: 0.0283 | Epoch Time: 0.16s | Spearman@80: 0.9171 | Kendall@80: 0.7511
Epoch 50/150 | Train Loss: 0.0326 | Epoch Time: 0.16s | Spearman@80: 0.9300 | Kendall@80: 0.7663
Epoch 51/150 | Train Loss: 0.0309 | Epoch Time: 0.16s | Spearman@80: 0.9152 | Kendall@80: 0.7492
Epoch 52/150 | Train Loss: 0.0226 | Epoch Time: 0.16s | Spearman@80: 0.9233 | Kendall@80: 0.7568
Epoch 53/150 | Train Loss: 0.0253 | Epoch Time: 0.16s | Spearman@80: 0.9212 | Kendall@80: 0.7498
Epoch 54/150 | Train Loss: 0.0304 | Epoch Time: 0.17s | Spearman@80: 0.8969 | Kendall@80: 0.7188
Epoch 55/150 | Train Loss: 0.0267 | Epoch Time: 0.17s | Spearman@80: 0.9202 | Kendall@80: 0.7523
Epoch 56/150 | Train Loss: 0.0269 | Epoch Time: 0.17s | Spearman@80: 0.8684 | Kendall@80: 0.6871
Epoch 57/150 | Train Loss: 0.0242 | Epoch Time: 0.17s | Spearman@80: 0.8884 | Kendall@80: 0.7036
Epoch 58/150 | Train Loss: 0.0269 | Epoch Time: 0.17s | Spearman@80: 0.9218 | Kendall@80: 0.7511
Epoch 59/150 | Train Loss: 0.0268 | Epoch Time: 0.16s | Spearman@80: 0.9366 | Kendall@80: 0.7789
Epoch 60/150 | Train Loss: 0.0195 | Epoch Time: 0.16s | Spearman@80: 0.9164 | Kendall@80: 0.7473
Epoch 61/150 | Train Loss: 0.0355 | Epoch Time: 0.17s | Spearman@80: 0.9135 | Kendall@80: 0.7466
Epoch 62/150 | Train Loss: 0.0276 | Epoch Time: 0.17s | Spearman@80: 0.8984 | Kendall@80: 0.7175
Epoch 63/150 | Train Loss: 0.0241 | Epoch Time: 0.17s | Spearman@80: 0.8713 | Kendall@80: 0.6814
Epoch 64/150 | Train Loss: 0.0259 | Epoch Time: 0.16s | Spearman@80: 0.8590 | Kendall@80: 0.6675
Epoch 65/150 | Train Loss: 0.0369 | Epoch Time: 0.17s | Spearman@80: 0.9175 | Kendall@80: 0.7498
Epoch 66/150 | Train Loss: 0.0206 | Epoch Time: 0.16s | Spearman@80: 0.9092 | Kendall@80: 0.7327
Epoch 67/150 | Train Loss: 0.0192 | Epoch Time: 0.16s | Spearman@80: 0.8741 | Kendall@80: 0.6865
Epoch 68/150 | Train Loss: 0.0355 | Epoch Time: 0.17s | Spearman@80: 0.8934 | Kendall@80: 0.7118
Epoch 69/150 | Train Loss: 0.0211 | Epoch Time: 0.19s | Spearman@80: 0.9158 | Kendall@80: 0.7409
Epoch 70/150 | Train Loss: 0.0306 | Epoch Time: 0.17s | Spearman@80: 0.8979 | Kendall@80: 0.7213
Epoch 71/150 | Train Loss: 0.0326 | Epoch Time: 0.17s | Spearman@80: 0.9107 | Kendall@80: 0.7365
Epoch 72/150 | Train Loss: 0.0223 | Epoch Time: 0.18s | Spearman@80: 0.9211 | Kendall@80: 0.7618
Epoch 73/150 | Train Loss: 0.0261 | Epoch Time: 0.17s | Spearman@80: 0.9141 | Kendall@80: 0.7422
Epoch 74/150 | Train Loss: 0.0284 | Epoch Time: 0.18s | Spearman@80: 0.9180 | Kendall@80: 0.7422
Epoch 75/150 | Train Loss: 0.0216 | Epoch Time: 0.17s | Spearman@80: 0.9127 | Kendall@80: 0.7416
Epoch 76/150 | Train Loss: 0.0372 | Epoch Time: 0.17s | Spearman@80: 0.9366 | Kendall@80: 0.7827
Epoch 77/150 | Train Loss: 0.0278 | Epoch Time: 0.17s | Spearman@80: 0.9137 | Kendall@80: 0.7403
Epoch 78/150 | Train Loss: 0.0251 | Epoch Time: 0.16s | Spearman@80: 0.9053 | Kendall@80: 0.7276
Epoch 79/150 | Train Loss: 0.0225 | Epoch Time: 0.17s | Spearman@80: 0.9138 | Kendall@80: 0.7409
Epoch 80/150 | Train Loss: 0.0235 | Epoch Time: 0.17s | Spearman@80: 0.9271 | Kendall@80: 0.7561
Epoch 81/150 | Train Loss: 0.0208 | Epoch Time: 0.18s | Spearman@80: 0.9185 | Kendall@80: 0.7447
Epoch 82/150 | Train Loss: 0.0198 | Epoch Time: 0.18s | Spearman@80: 0.9059 | Kendall@80: 0.7327
Epoch 83/150 | Train Loss: 0.0202 | Epoch Time: 0.19s | Spearman@80: 0.9035 | Kendall@80: 0.7283
Epoch 84/150 | Train Loss: 0.0231 | Epoch Time: 0.18s | Spearman@80: 0.9215 | Kendall@80: 0.7536
Epoch 85/150 | Train Loss: 0.0258 | Epoch Time: 0.18s | Spearman@80: 0.9108 | Kendall@80: 0.7327
Epoch 86/150 | Train Loss: 0.0232 | Epoch Time: 0.18s | Spearman@80: 0.8713 | Kendall@80: 0.6916
Epoch 87/150 | Train Loss: 0.0366 | Epoch Time: 0.18s | Spearman@80: 0.8993 | Kendall@80: 0.7226
Epoch 88/150 | Train Loss: 0.0249 | Epoch Time: 0.18s | Spearman@80: 0.9274 | Kendall@80: 0.7644
Epoch 89/150 | Train Loss: 0.0240 | Epoch Time: 0.18s | Spearman@80: 0.9264 | Kendall@80: 0.7587
Epoch 90/150 | Train Loss: 0.0228 | Epoch Time: 0.17s | Spearman@80: 0.9176 | Kendall@80: 0.7460
Epoch 91/150 | Train Loss: 0.0205 | Epoch Time: 0.17s | Spearman@80: 0.8991 | Kendall@80: 0.7219
Epoch 92/150 | Train Loss: 0.0166 | Epoch Time: 0.18s | Spearman@80: 0.8968 | Kendall@80: 0.7169
Epoch 93/150 | Train Loss: 0.0157 | Epoch Time: 0.18s | Spearman@80: 0.8943 | Kendall@80: 0.7118
Epoch 94/150 | Train Loss: 0.0227 | Epoch Time: 0.18s | Spearman@80: 0.9115 | Kendall@80: 0.7397
Epoch 95/150 | Train Loss: 0.0213 | Epoch Time: 0.18s | Spearman@80: 0.9192 | Kendall@80: 0.7517
Epoch 96/150 | Train Loss: 0.0215 | Epoch Time: 0.18s | Spearman@80: 0.9161 | Kendall@80: 0.7454
Epoch 97/150 | Train Loss: 0.0196 | Epoch Time: 0.18s | Spearman@80: 0.9067 | Kendall@80: 0.7302
Epoch 98/150 | Train Loss: 0.0219 | Epoch Time: 0.18s | Spearman@80: 0.9006 | Kendall@80: 0.7232
Epoch 99/150 | Train Loss: 0.0250 | Epoch Time: 0.19s | Spearman@80: 0.9022 | Kendall@80: 0.7251
Epoch 100/150 | Train Loss: 0.0190 | Epoch Time: 0.18s | Spearman@80: 0.9071 | Kendall@80: 0.7302
Epoch 101/150 | Train Loss: 0.0152 | Epoch Time: 0.18s | Spearman@80: 0.9109 | Kendall@80: 0.7340
Epoch 102/150 | Train Loss: 0.0180 | Epoch Time: 0.18s | Spearman@80: 0.9234 | Kendall@80: 0.7511
Epoch 103/150 | Train Loss: 0.0215 | Epoch Time: 0.17s | Spearman@80: 0.9214 | Kendall@80: 0.7492
Epoch 104/150 | Train Loss: 0.0174 | Epoch Time: 0.17s | Spearman@80: 0.9065 | Kendall@80: 0.7321
Epoch 105/150 | Train Loss: 0.0148 | Epoch Time: 0.17s | Spearman@80: 0.9042 | Kendall@80: 0.7270
Epoch 106/150 | Train Loss: 0.0212 | Epoch Time: 0.18s | Spearman@80: 0.9196 | Kendall@80: 0.7492
Epoch 107/150 | Train Loss: 0.0214 | Epoch Time: 0.18s | Spearman@80: 0.9276 | Kendall@80: 0.7625
Epoch 108/150 | Train Loss: 0.0178 | Epoch Time: 0.17s | Spearman@80: 0.9262 | Kendall@80: 0.7593
Epoch 109/150 | Train Loss: 0.0198 | Epoch Time: 0.17s | Spearman@80: 0.9184 | Kendall@80: 0.7479
Epoch 110/150 | Train Loss: 0.0184 | Epoch Time: 0.18s | Spearman@80: 0.9175 | Kendall@80: 0.7460
Epoch 111/150 | Train Loss: 0.0191 | Epoch Time: 0.17s | Spearman@80: 0.9135 | Kendall@80: 0.7403
Epoch 112/150 | Train Loss: 0.0181 | Epoch Time: 0.17s | Spearman@80: 0.9106 | Kendall@80: 0.7409
Epoch 113/150 | Train Loss: 0.0187 | Epoch Time: 0.16s | Spearman@80: 0.9072 | Kendall@80: 0.7346
Epoch 114/150 | Train Loss: 0.0204 | Epoch Time: 0.16s | Spearman@80: 0.9153 | Kendall@80: 0.7428
Epoch 115/150 | Train Loss: 0.0166 | Epoch Time: 0.17s | Spearman@80: 0.9149 | Kendall@80: 0.7416
Epoch 116/150 | Train Loss: 0.0155 | Epoch Time: 0.16s | Spearman@80: 0.9152 | Kendall@80: 0.7428
Epoch 117/150 | Train Loss: 0.0194 | Epoch Time: 0.16s | Spearman@80: 0.9166 | Kendall@80: 0.7441
Epoch 118/150 | Train Loss: 0.0221 | Epoch Time: 0.17s | Spearman@80: 0.9133 | Kendall@80: 0.7403
Epoch 119/150 | Train Loss: 0.0202 | Epoch Time: 0.16s | Spearman@80: 0.9160 | Kendall@80: 0.7435
Epoch 120/150 | Train Loss: 0.0172 | Epoch Time: 0.16s | Spearman@80: 0.9185 | Kendall@80: 0.7441
Epoch 121/150 | Train Loss: 0.0163 | Epoch Time: 0.17s | Spearman@80: 0.9193 | Kendall@80: 0.7485
Epoch 122/150 | Train Loss: 0.0155 | Epoch Time: 0.17s | Spearman@80: 0.9188 | Kendall@80: 0.7466
Epoch 123/150 | Train Loss: 0.0198 | Epoch Time: 0.17s | Spearman@80: 0.9134 | Kendall@80: 0.7403
Epoch 124/150 | Train Loss: 0.0150 | Epoch Time: 0.18s | Spearman@80: 0.9126 | Kendall@80: 0.7371
Epoch 125/150 | Train Loss: 0.0131 | Epoch Time: 0.17s | Spearman@80: 0.9228 | Kendall@80: 0.7530
Epoch 126/150 | Train Loss: 0.0185 | Epoch Time: 0.16s | Spearman@80: 0.9218 | Kendall@80: 0.7492
Epoch 127/150 | Train Loss: 0.0173 | Epoch Time: 0.17s | Spearman@80: 0.9206 | Kendall@80: 0.7473
Epoch 128/150 | Train Loss: 0.0177 | Epoch Time: 0.16s | Spearman@80: 0.9203 | Kendall@80: 0.7479
Epoch 129/150 | Train Loss: 0.0160 | Epoch Time: 0.16s | Spearman@80: 0.9183 | Kendall@80: 0.7422
Epoch 130/150 | Train Loss: 0.0232 | Epoch Time: 0.17s | Spearman@80: 0.9137 | Kendall@80: 0.7384
Epoch 131/150 | Train Loss: 0.0179 | Epoch Time: 0.17s | Spearman@80: 0.9114 | Kendall@80: 0.7365
Epoch 132/150 | Train Loss: 0.0173 | Epoch Time: 0.16s | Spearman@80: 0.9106 | Kendall@80: 0.7359
Epoch 133/150 | Train Loss: 0.0149 | Epoch Time: 0.16s | Spearman@80: 0.9119 | Kendall@80: 0.7378
Epoch 134/150 | Train Loss: 0.0162 | Epoch Time: 0.17s | Spearman@80: 0.9119 | Kendall@80: 0.7371
Epoch 135/150 | Train Loss: 0.0172 | Epoch Time: 0.17s | Spearman@80: 0.9119 | Kendall@80: 0.7371
Epoch 136/150 | Train Loss: 0.0162 | Epoch Time: 0.17s | Spearman@80: 0.9121 | Kendall@80: 0.7371
Epoch 137/150 | Train Loss: 0.0195 | Epoch Time: 0.17s | Spearman@80: 0.9152 | Kendall@80: 0.7403
Epoch 138/150 | Train Loss: 0.0195 | Epoch Time: 0.16s | Spearman@80: 0.9188 | Kendall@80: 0.7441
Epoch 139/150 | Train Loss: 0.0231 | Epoch Time: 0.17s | Spearman@80: 0.9211 | Kendall@80: 0.7485
Epoch 140/150 | Train Loss: 0.0162 | Epoch Time: 0.18s | Spearman@80: 0.9192 | Kendall@80: 0.7447
Epoch 141/150 | Train Loss: 0.0132 | Epoch Time: 0.18s | Spearman@80: 0.9170 | Kendall@80: 0.7428
Epoch 142/150 | Train Loss: 0.0173 | Epoch Time: 0.17s | Spearman@80: 0.9191 | Kendall@80: 0.7460
Epoch 143/150 | Train Loss: 0.0204 | Epoch Time: 0.17s | Spearman@80: 0.9180 | Kendall@80: 0.7441
Epoch 144/150 | Train Loss: 0.0138 | Epoch Time: 0.16s | Spearman@80: 0.9191 | Kendall@80: 0.7454
Epoch 145/150 | Train Loss: 0.0158 | Epoch Time: 0.16s | Spearman@80: 0.9205 | Kendall@80: 0.7479
Epoch 146/150 | Train Loss: 0.0179 | Epoch Time: 0.17s | Spearman@80: 0.9176 | Kendall@80: 0.7435
Epoch 147/150 | Train Loss: 0.0170 | Epoch Time: 26.34s | Spearman@423559: 0.8553 | Kendall@423559: 0.6735
Epoch 148/150 | Train Loss: 0.0142 | Epoch Time: 26.51s | Spearman@423559: 0.8549 | Kendall@423559: 0.6730
Epoch 149/150 | Train Loss: 0.0180 | Epoch Time: 26.76s | Spearman@423559: 0.8546 | Kendall@423559: 0.6726
Epoch 150/150 | Train Loss: 0.0235 | Epoch Time: 27.04s | Spearman@423559: 0.8550 | Kendall@423559: 0.6733
Sample Count: 64, Spearman: 0.8549726437908619, Kendall: 0.6730888413380729
{64: (0.8549726437908619, 0.6730888413380729),
 128: (0.9017865191638494, 0.7276486525541925)}
Epoch 1/150 | Train Loss: 0.0916 | Epoch Time: 0.34s | Spearman@80: 0.4153 | Kendall@80: 0.2753
Epoch 2/150 | Train Loss: 0.0714 | Epoch Time: 0.34s | Spearman@80: 0.5683 | Kendall@80: 0.3886
Epoch 3/150 | Train Loss: 0.0623 | Epoch Time: 0.37s | Spearman@80: 0.7018 | Kendall@80: 0.5019
Epoch 4/150 | Train Loss: 0.0485 | Epoch Time: 0.34s | Spearman@80: 0.7063 | Kendall@80: 0.5070
Epoch 5/150 | Train Loss: 0.0519 | Epoch Time: 0.33s | Spearman@80: 0.6980 | Kendall@80: 0.5025
Epoch 6/150 | Train Loss: 0.0445 | Epoch Time: 0.33s | Spearman@80: 0.7177 | Kendall@80: 0.5272
Epoch 7/150 | Train Loss: 0.0491 | Epoch Time: 0.36s | Spearman@80: 0.7196 | Kendall@80: 0.5291
Epoch 8/150 | Train Loss: 0.0423 | Epoch Time: 0.38s | Spearman@80: 0.7240 | Kendall@80: 0.5297
Epoch 9/150 | Train Loss: 0.0449 | Epoch Time: 0.36s | Spearman@80: 0.7162 | Kendall@80: 0.5354
Epoch 10/150 | Train Loss: 0.0399 | Epoch Time: 0.36s | Spearman@80: 0.6437 | Kendall@80: 0.4658
Epoch 11/150 | Train Loss: 0.0482 | Epoch Time: 0.36s | Spearman@80: 0.7036 | Kendall@80: 0.5316
Epoch 12/150 | Train Loss: 0.0438 | Epoch Time: 0.36s | Spearman@80: 0.6882 | Kendall@80: 0.5000
Epoch 13/150 | Train Loss: 0.0433 | Epoch Time: 0.34s | Spearman@80: 0.7079 | Kendall@80: 0.5241
Epoch 14/150 | Train Loss: 0.0409 | Epoch Time: 0.36s | Spearman@80: 0.7412 | Kendall@80: 0.5532
Epoch 15/150 | Train Loss: 0.0410 | Epoch Time: 0.36s | Spearman@80: 0.7278 | Kendall@80: 0.5399
Epoch 16/150 | Train Loss: 0.0373 | Epoch Time: 0.35s | Spearman@80: 0.7206 | Kendall@80: 0.5329
Epoch 17/150 | Train Loss: 0.0437 | Epoch Time: 0.35s | Spearman@80: 0.6968 | Kendall@80: 0.5139
Epoch 18/150 | Train Loss: 0.0387 | Epoch Time: 0.35s | Spearman@80: 0.7256 | Kendall@80: 0.5430
Epoch 19/150 | Train Loss: 0.0402 | Epoch Time: 0.36s | Spearman@80: 0.7299 | Kendall@80: 0.5354
Epoch 20/150 | Train Loss: 0.0441 | Epoch Time: 0.36s | Spearman@80: 0.7013 | Kendall@80: 0.5139
Epoch 21/150 | Train Loss: 0.0484 | Epoch Time: 0.35s | Spearman@80: 0.7360 | Kendall@80: 0.5500
Epoch 22/150 | Train Loss: 0.0374 | Epoch Time: 0.34s | Spearman@80: 0.7322 | Kendall@80: 0.5411
Epoch 23/150 | Train Loss: 0.0366 | Epoch Time: 0.36s | Spearman@80: 0.7232 | Kendall@80: 0.5399
Epoch 24/150 | Train Loss: 0.0351 | Epoch Time: 0.33s | Spearman@80: 0.7492 | Kendall@80: 0.5538
Epoch 25/150 | Train Loss: 0.0449 | Epoch Time: 0.33s | Spearman@80: 0.7292 | Kendall@80: 0.5430
Epoch 26/150 | Train Loss: 0.0384 | Epoch Time: 0.32s | Spearman@80: 0.7387 | Kendall@80: 0.5532
Epoch 27/150 | Train Loss: 0.0409 | Epoch Time: 0.33s | Spearman@80: 0.7281 | Kendall@80: 0.5411
Epoch 28/150 | Train Loss: 0.0417 | Epoch Time: 0.33s | Spearman@80: 0.7221 | Kendall@80: 0.5335
Epoch 29/150 | Train Loss: 0.0375 | Epoch Time: 0.35s | Spearman@80: 0.7088 | Kendall@80: 0.5259
Epoch 30/150 | Train Loss: 0.0341 | Epoch Time: 0.34s | Spearman@80: 0.7264 | Kendall@80: 0.5462
Epoch 31/150 | Train Loss: 0.0375 | Epoch Time: 0.33s | Spearman@80: 0.7344 | Kendall@80: 0.5430
Epoch 32/150 | Train Loss: 0.0487 | Epoch Time: 0.33s | Spearman@80: 0.7359 | Kendall@80: 0.5456
Epoch 33/150 | Train Loss: 0.0365 | Epoch Time: 0.33s | Spearman@80: 0.7012 | Kendall@80: 0.5196
Epoch 34/150 | Train Loss: 0.0355 | Epoch Time: 0.34s | Spearman@80: 0.7229 | Kendall@80: 0.5424
Epoch 35/150 | Train Loss: 0.0384 | Epoch Time: 0.34s | Spearman@80: 0.7440 | Kendall@80: 0.5525
Epoch 36/150 | Train Loss: 0.0367 | Epoch Time: 0.33s | Spearman@80: 0.7399 | Kendall@80: 0.5405
Epoch 37/150 | Train Loss: 0.0371 | Epoch Time: 0.34s | Spearman@80: 0.7267 | Kendall@80: 0.5297
Epoch 38/150 | Train Loss: 0.0382 | Epoch Time: 0.35s | Spearman@80: 0.7391 | Kendall@80: 0.5532
Epoch 39/150 | Train Loss: 0.0424 | Epoch Time: 0.33s | Spearman@80: 0.7244 | Kendall@80: 0.5297
Epoch 40/150 | Train Loss: 0.0332 | Epoch Time: 0.33s | Spearman@80: 0.7373 | Kendall@80: 0.5475
Epoch 41/150 | Train Loss: 0.0368 | Epoch Time: 0.33s | Spearman@80: 0.7334 | Kendall@80: 0.5418
Epoch 42/150 | Train Loss: 0.0377 | Epoch Time: 0.36s | Spearman@80: 0.7517 | Kendall@80: 0.5690
Epoch 43/150 | Train Loss: 0.0314 | Epoch Time: 0.37s | Spearman@80: 0.7312 | Kendall@80: 0.5367
Epoch 44/150 | Train Loss: 0.0313 | Epoch Time: 0.38s | Spearman@80: 0.7439 | Kendall@80: 0.5601
Epoch 45/150 | Train Loss: 0.0416 | Epoch Time: 0.37s | Spearman@80: 0.7614 | Kendall@80: 0.5791
Epoch 46/150 | Train Loss: 0.0334 | Epoch Time: 0.36s | Spearman@80: 0.7573 | Kendall@80: 0.5741
Epoch 47/150 | Train Loss: 0.0327 | Epoch Time: 0.37s | Spearman@80: 0.7784 | Kendall@80: 0.5918
Epoch 48/150 | Train Loss: 0.0346 | Epoch Time: 0.35s | Spearman@80: 0.7702 | Kendall@80: 0.5886
Epoch 49/150 | Train Loss: 0.0287 | Epoch Time: 0.37s | Spearman@80: 0.7687 | Kendall@80: 0.5797
Epoch 50/150 | Train Loss: 0.0319 | Epoch Time: 0.36s | Spearman@80: 0.7664 | Kendall@80: 0.5854
Epoch 51/150 | Train Loss: 0.0292 | Epoch Time: 0.36s | Spearman@80: 0.7625 | Kendall@80: 0.5810
Epoch 52/150 | Train Loss: 0.0345 | Epoch Time: 0.37s | Spearman@80: 0.7540 | Kendall@80: 0.5741
Epoch 53/150 | Train Loss: 0.0343 | Epoch Time: 0.37s | Spearman@80: 0.6962 | Kendall@80: 0.5101
Epoch 54/150 | Train Loss: 0.0368 | Epoch Time: 0.37s | Spearman@80: 0.7379 | Kendall@80: 0.5595
Epoch 55/150 | Train Loss: 0.0266 | Epoch Time: 0.35s | Spearman@80: 0.7730 | Kendall@80: 0.5924
Epoch 56/150 | Train Loss: 0.0344 | Epoch Time: 0.35s | Spearman@80: 0.7639 | Kendall@80: 0.5873
Epoch 57/150 | Train Loss: 0.0311 | Epoch Time: 0.36s | Spearman@80: 0.7476 | Kendall@80: 0.5652
Epoch 58/150 | Train Loss: 0.0342 | Epoch Time: 0.38s | Spearman@80: 0.7209 | Kendall@80: 0.5386
Epoch 59/150 | Train Loss: 0.0341 | Epoch Time: 0.36s | Spearman@80: 0.7312 | Kendall@80: 0.5316
Epoch 60/150 | Train Loss: 0.0319 | Epoch Time: 0.34s | Spearman@80: 0.7656 | Kendall@80: 0.5785
Epoch 61/150 | Train Loss: 0.0329 | Epoch Time: 0.34s | Spearman@80: 0.7431 | Kendall@80: 0.5608
Epoch 62/150 | Train Loss: 0.0286 | Epoch Time: 0.34s | Spearman@80: 0.7578 | Kendall@80: 0.5741
Epoch 63/150 | Train Loss: 0.0299 | Epoch Time: 0.32s | Spearman@80: 0.7673 | Kendall@80: 0.5867
Epoch 64/150 | Train Loss: 0.0331 | Epoch Time: 0.34s | Spearman@80: 0.8001 | Kendall@80: 0.6165
Epoch 65/150 | Train Loss: 0.0257 | Epoch Time: 0.34s | Spearman@80: 0.7717 | Kendall@80: 0.6006
Epoch 66/150 | Train Loss: 0.0396 | Epoch Time: 0.33s | Spearman@80: 0.7570 | Kendall@80: 0.5665
Epoch 67/150 | Train Loss: 0.0326 | Epoch Time: 0.32s | Spearman@80: 0.7687 | Kendall@80: 0.5867
Epoch 68/150 | Train Loss: 0.0306 | Epoch Time: 0.33s | Spearman@80: 0.7986 | Kendall@80: 0.6133
Epoch 69/150 | Train Loss: 0.0297 | Epoch Time: 0.33s | Spearman@80: 0.8004 | Kendall@80: 0.6095
Epoch 70/150 | Train Loss: 0.0274 | Epoch Time: 0.33s | Spearman@80: 0.7842 | Kendall@80: 0.6063
Epoch 71/150 | Train Loss: 0.0277 | Epoch Time: 0.35s | Spearman@80: 0.7900 | Kendall@80: 0.6165
Epoch 72/150 | Train Loss: 0.0308 | Epoch Time: 0.33s | Spearman@80: 0.7770 | Kendall@80: 0.6038
Epoch 73/150 | Train Loss: 0.0260 | Epoch Time: 0.33s | Spearman@80: 0.8108 | Kendall@80: 0.6462
Epoch 74/150 | Train Loss: 0.0295 | Epoch Time: 0.34s | Spearman@80: 0.8138 | Kendall@80: 0.6247
Epoch 75/150 | Train Loss: 0.0271 | Epoch Time: 0.33s | Spearman@80: 0.7759 | Kendall@80: 0.5835
Epoch 76/150 | Train Loss: 0.0269 | Epoch Time: 0.32s | Spearman@80: 0.8103 | Kendall@80: 0.6335
Epoch 77/150 | Train Loss: 0.0264 | Epoch Time: 0.33s | Spearman@80: 0.7648 | Kendall@80: 0.5715
Epoch 78/150 | Train Loss: 0.0260 | Epoch Time: 0.36s | Spearman@80: 0.8040 | Kendall@80: 0.6209
Epoch 79/150 | Train Loss: 0.0253 | Epoch Time: 0.36s | Spearman@80: 0.7778 | Kendall@80: 0.6146
Epoch 80/150 | Train Loss: 0.0269 | Epoch Time: 0.36s | Spearman@80: 0.7916 | Kendall@80: 0.6070
Epoch 81/150 | Train Loss: 0.0225 | Epoch Time: 0.36s | Spearman@80: 0.8091 | Kendall@80: 0.6285
Epoch 82/150 | Train Loss: 0.0320 | Epoch Time: 0.36s | Spearman@80: 0.7995 | Kendall@80: 0.6272
Epoch 83/150 | Train Loss: 0.0251 | Epoch Time: 0.35s | Spearman@80: 0.8009 | Kendall@80: 0.6133
Epoch 84/150 | Train Loss: 0.0224 | Epoch Time: 0.36s | Spearman@80: 0.8332 | Kendall@80: 0.6506
Epoch 85/150 | Train Loss: 0.0317 | Epoch Time: 0.35s | Spearman@80: 0.8292 | Kendall@80: 0.6494
Epoch 86/150 | Train Loss: 0.0351 | Epoch Time: 0.34s | Spearman@80: 0.7797 | Kendall@80: 0.5766
Epoch 87/150 | Train Loss: 0.0296 | Epoch Time: 0.36s | Spearman@80: 0.8000 | Kendall@80: 0.6006
Epoch 88/150 | Train Loss: 0.0289 | Epoch Time: 0.36s | Spearman@80: 0.8154 | Kendall@80: 0.6209
Epoch 89/150 | Train Loss: 0.0187 | Epoch Time: 0.36s | Spearman@80: 0.7965 | Kendall@80: 0.6025
Epoch 90/150 | Train Loss: 0.0233 | Epoch Time: 0.35s | Spearman@80: 0.8499 | Kendall@80: 0.6658
Epoch 91/150 | Train Loss: 0.0281 | Epoch Time: 0.36s | Spearman@80: 0.7975 | Kendall@80: 0.6203
Epoch 92/150 | Train Loss: 0.0212 | Epoch Time: 0.35s | Spearman@80: 0.8296 | Kendall@80: 0.6494
Epoch 93/150 | Train Loss: 0.0262 | Epoch Time: 0.36s | Spearman@80: 0.8110 | Kendall@80: 0.6329
Epoch 94/150 | Train Loss: 0.0202 | Epoch Time: 0.35s | Spearman@80: 0.8229 | Kendall@80: 0.6361
Epoch 95/150 | Train Loss: 0.0251 | Epoch Time: 0.34s | Spearman@80: 0.8232 | Kendall@80: 0.6456
Epoch 96/150 | Train Loss: 0.0217 | Epoch Time: 0.34s | Spearman@80: 0.8149 | Kendall@80: 0.6354
Epoch 97/150 | Train Loss: 0.0272 | Epoch Time: 0.34s | Spearman@80: 0.8250 | Kendall@80: 0.6323
Epoch 98/150 | Train Loss: 0.0260 | Epoch Time: 0.34s | Spearman@80: 0.8567 | Kendall@80: 0.6785
Epoch 99/150 | Train Loss: 0.0215 | Epoch Time: 0.33s | Spearman@80: 0.8370 | Kendall@80: 0.6487
Epoch 100/150 | Train Loss: 0.0193 | Epoch Time: 0.34s | Spearman@80: 0.8372 | Kendall@80: 0.6538
Epoch 101/150 | Train Loss: 0.0203 | Epoch Time: 0.35s | Spearman@80: 0.7813 | Kendall@80: 0.5987
Epoch 102/150 | Train Loss: 0.0241 | Epoch Time: 0.33s | Spearman@80: 0.8266 | Kendall@80: 0.6380
Epoch 103/150 | Train Loss: 0.0268 | Epoch Time: 0.33s | Spearman@80: 0.8339 | Kendall@80: 0.6487
Epoch 104/150 | Train Loss: 0.0237 | Epoch Time: 0.33s | Spearman@80: 0.8227 | Kendall@80: 0.6316
Epoch 105/150 | Train Loss: 0.0193 | Epoch Time: 0.33s | Spearman@80: 0.8376 | Kendall@80: 0.6570
Epoch 106/150 | Train Loss: 0.0213 | Epoch Time: 0.32s | Spearman@80: 0.8539 | Kendall@80: 0.6690
Epoch 107/150 | Train Loss: 0.0220 | Epoch Time: 0.33s | Spearman@80: 0.8219 | Kendall@80: 0.6354
Epoch 108/150 | Train Loss: 0.0182 | Epoch Time: 0.33s | Spearman@80: 0.8637 | Kendall@80: 0.6810
Epoch 109/150 | Train Loss: 0.0251 | Epoch Time: 0.34s | Spearman@80: 0.8129 | Kendall@80: 0.6348
Epoch 110/150 | Train Loss: 0.0177 | Epoch Time: 0.33s | Spearman@80: 0.8498 | Kendall@80: 0.6658
Epoch 111/150 | Train Loss: 0.0173 | Epoch Time: 0.33s | Spearman@80: 0.8270 | Kendall@80: 0.6487
Epoch 112/150 | Train Loss: 0.0159 | Epoch Time: 0.33s | Spearman@80: 0.8255 | Kendall@80: 0.6487
Epoch 113/150 | Train Loss: 0.0219 | Epoch Time: 0.34s | Spearman@80: 0.8079 | Kendall@80: 0.6278
Epoch 114/150 | Train Loss: 0.0231 | Epoch Time: 0.36s | Spearman@80: 0.8237 | Kendall@80: 0.6443
Epoch 115/150 | Train Loss: 0.0193 | Epoch Time: 0.36s | Spearman@80: 0.8221 | Kendall@80: 0.6437
Epoch 116/150 | Train Loss: 0.0181 | Epoch Time: 0.36s | Spearman@80: 0.8467 | Kendall@80: 0.6608
Epoch 117/150 | Train Loss: 0.0152 | Epoch Time: 0.37s | Spearman@80: 0.8376 | Kendall@80: 0.6576
Epoch 118/150 | Train Loss: 0.0170 | Epoch Time: 0.35s | Spearman@80: 0.8422 | Kendall@80: 0.6563
Epoch 119/150 | Train Loss: 0.0166 | Epoch Time: 0.36s | Spearman@80: 0.8400 | Kendall@80: 0.6582
Epoch 120/150 | Train Loss: 0.0164 | Epoch Time: 0.36s | Spearman@80: 0.8349 | Kendall@80: 0.6538
Epoch 121/150 | Train Loss: 0.0195 | Epoch Time: 0.35s | Spearman@80: 0.8242 | Kendall@80: 0.6456
Epoch 122/150 | Train Loss: 0.0168 | Epoch Time: 0.34s | Spearman@80: 0.8325 | Kendall@80: 0.6513
Epoch 123/150 | Train Loss: 0.0169 | Epoch Time: 0.36s | Spearman@80: 0.8376 | Kendall@80: 0.6589
Epoch 124/150 | Train Loss: 0.0163 | Epoch Time: 0.36s | Spearman@80: 0.8428 | Kendall@80: 0.6633
Epoch 125/150 | Train Loss: 0.0149 | Epoch Time: 0.35s | Spearman@80: 0.8376 | Kendall@80: 0.6563
Epoch 126/150 | Train Loss: 0.0192 | Epoch Time: 0.35s | Spearman@80: 0.8210 | Kendall@80: 0.6411
Epoch 127/150 | Train Loss: 0.0164 | Epoch Time: 0.35s | Spearman@80: 0.8177 | Kendall@80: 0.6399
Epoch 128/150 | Train Loss: 0.0148 | Epoch Time: 0.36s | Spearman@80: 0.8352 | Kendall@80: 0.6551
Epoch 129/150 | Train Loss: 0.0150 | Epoch Time: 0.34s | Spearman@80: 0.8390 | Kendall@80: 0.6608
Epoch 130/150 | Train Loss: 0.0197 | Epoch Time: 0.34s | Spearman@80: 0.8357 | Kendall@80: 0.6557
Epoch 131/150 | Train Loss: 0.0135 | Epoch Time: 0.34s | Spearman@80: 0.8336 | Kendall@80: 0.6519
Epoch 132/150 | Train Loss: 0.0143 | Epoch Time: 0.33s | Spearman@80: 0.8375 | Kendall@80: 0.6576
Epoch 133/150 | Train Loss: 0.0189 | Epoch Time: 0.34s | Spearman@80: 0.8416 | Kendall@80: 0.6639
Epoch 134/150 | Train Loss: 0.0215 | Epoch Time: 0.34s | Spearman@80: 0.8344 | Kendall@80: 0.6589
Epoch 135/150 | Train Loss: 0.0157 | Epoch Time: 0.34s | Spearman@80: 0.8333 | Kendall@80: 0.6544
Epoch 136/150 | Train Loss: 0.0181 | Epoch Time: 0.35s | Spearman@80: 0.8309 | Kendall@80: 0.6538
Epoch 137/150 | Train Loss: 0.0140 | Epoch Time: 0.33s | Spearman@80: 0.8313 | Kendall@80: 0.6551
Epoch 138/150 | Train Loss: 0.0177 | Epoch Time: 0.32s | Spearman@80: 0.8302 | Kendall@80: 0.6519
Epoch 139/150 | Train Loss: 0.0156 | Epoch Time: 0.32s | Spearman@80: 0.8312 | Kendall@80: 0.6525
Epoch 140/150 | Train Loss: 0.0191 | Epoch Time: 0.33s | Spearman@80: 0.8325 | Kendall@80: 0.6513
Epoch 141/150 | Train Loss: 0.0180 | Epoch Time: 0.33s | Spearman@80: 0.8297 | Kendall@80: 0.6500
Epoch 142/150 | Train Loss: 0.0159 | Epoch Time: 0.33s | Spearman@80: 0.8309 | Kendall@80: 0.6513
Epoch 143/150 | Train Loss: 0.0153 | Epoch Time: 0.33s | Spearman@80: 0.8319 | Kendall@80: 0.6532
Epoch 144/150 | Train Loss: 0.0183 | Epoch Time: 0.35s | Spearman@80: 0.8333 | Kendall@80: 0.6538
Epoch 145/150 | Train Loss: 0.0183 | Epoch Time: 0.34s | Spearman@80: 0.8318 | Kendall@80: 0.6519
Epoch 146/150 | Train Loss: 0.0165 | Epoch Time: 0.33s | Spearman@80: 0.8330 | Kendall@80: 0.6525
Epoch 147/150 | Train Loss: 0.0205 | Epoch Time: 28.03s | Spearman@423495: 0.8901 | Kendall@423495: 0.7143
Epoch 148/150 | Train Loss: 0.0169 | Epoch Time: 28.40s | Spearman@423495: 0.8897 | Kendall@423495: 0.7135
Epoch 149/150 | Train Loss: 0.0164 | Epoch Time: 27.72s | Spearman@423495: 0.8888 | Kendall@423495: 0.7131
Epoch 150/150 | Train Loss: 0.0135 | Epoch Time: 28.04s | Spearman@423495: 0.8902 | Kendall@423495: 0.7143
Sample Count: 128, Spearman: 0.8896702664225222, Kendall: 0.7137941924354513
{64: (0.8549726437908619, 0.6730888413380729),
 128: (0.8896702664225222, 0.7137941924354513)}
Epoch 1/150 | Train Loss: 0.0945 | Epoch Time: 0.18s | Spearman@80: 0.4439 | Kendall@80: 0.3206
Epoch 2/150 | Train Loss: 0.0683 | Epoch Time: 0.17s | Spearman@80: 0.4781 | Kendall@80: 0.3485
Epoch 3/150 | Train Loss: 0.0623 | Epoch Time: 0.17s | Spearman@80: 0.4983 | Kendall@80: 0.3605
Epoch 4/150 | Train Loss: 0.0502 | Epoch Time: 0.17s | Spearman@80: 0.5147 | Kendall@80: 0.3725
Epoch 5/150 | Train Loss: 0.0605 | Epoch Time: 0.17s | Spearman@80: 0.5284 | Kendall@80: 0.3820
Epoch 6/150 | Train Loss: 0.0573 | Epoch Time: 0.17s | Spearman@80: 0.5418 | Kendall@80: 0.3991
Epoch 7/150 | Train Loss: 0.0469 | Epoch Time: 0.17s | Spearman@80: 0.5953 | Kendall@80: 0.4498
Epoch 8/150 | Train Loss: 0.0478 | Epoch Time: 0.17s | Spearman@80: 0.6661 | Kendall@80: 0.5080
Epoch 9/150 | Train Loss: 0.0447 | Epoch Time: 0.17s | Spearman@80: 0.6692 | Kendall@80: 0.5156
Epoch 10/150 | Train Loss: 0.0406 | Epoch Time: 0.17s | Spearman@80: 0.6776 | Kendall@80: 0.5295
Epoch 11/150 | Train Loss: 0.0332 | Epoch Time: 0.17s | Spearman@80: 0.7265 | Kendall@80: 0.5783
Epoch 12/150 | Train Loss: 0.0371 | Epoch Time: 0.17s | Spearman@80: 0.7480 | Kendall@80: 0.5947
Epoch 13/150 | Train Loss: 0.0404 | Epoch Time: 0.18s | Spearman@80: 0.7512 | Kendall@80: 0.6004
Epoch 14/150 | Train Loss: 0.0465 | Epoch Time: 0.16s | Spearman@80: 0.7707 | Kendall@80: 0.6188
Epoch 15/150 | Train Loss: 0.0371 | Epoch Time: 0.17s | Spearman@80: 0.7792 | Kendall@80: 0.6289
Epoch 16/150 | Train Loss: 0.0384 | Epoch Time: 0.17s | Spearman@80: 0.7175 | Kendall@80: 0.5662
Epoch 17/150 | Train Loss: 0.0425 | Epoch Time: 0.18s | Spearman@80: 0.7269 | Kendall@80: 0.5707
Epoch 18/150 | Train Loss: 0.0368 | Epoch Time: 0.17s | Spearman@80: 0.7587 | Kendall@80: 0.6010
Epoch 19/150 | Train Loss: 0.0427 | Epoch Time: 0.17s | Spearman@80: 0.7834 | Kendall@80: 0.6194
Epoch 20/150 | Train Loss: 0.0333 | Epoch Time: 0.17s | Spearman@80: 0.7623 | Kendall@80: 0.6162
Epoch 21/150 | Train Loss: 0.0328 | Epoch Time: 0.17s | Spearman@80: 0.7774 | Kendall@80: 0.6308
Epoch 22/150 | Train Loss: 0.0307 | Epoch Time: 0.17s | Spearman@80: 0.7691 | Kendall@80: 0.6162
Epoch 23/150 | Train Loss: 0.0334 | Epoch Time: 0.16s | Spearman@80: 0.7621 | Kendall@80: 0.6175
Epoch 24/150 | Train Loss: 0.0332 | Epoch Time: 0.17s | Spearman@80: 0.7563 | Kendall@80: 0.6162
Epoch 25/150 | Train Loss: 0.0298 | Epoch Time: 0.18s | Spearman@80: 0.7810 | Kendall@80: 0.6213
Epoch 26/150 | Train Loss: 0.0350 | Epoch Time: 0.19s | Spearman@80: 0.7730 | Kendall@80: 0.6308
Epoch 27/150 | Train Loss: 0.0381 | Epoch Time: 0.19s | Spearman@80: 0.7612 | Kendall@80: 0.6055
Epoch 28/150 | Train Loss: 0.0241 | Epoch Time: 0.18s | Spearman@80: 0.7527 | Kendall@80: 0.6219
Epoch 29/150 | Train Loss: 0.0286 | Epoch Time: 0.19s | Spearman@80: 0.7521 | Kendall@80: 0.6124
Epoch 30/150 | Train Loss: 0.0337 | Epoch Time: 0.18s | Spearman@80: 0.7709 | Kendall@80: 0.6226
Epoch 31/150 | Train Loss: 0.0320 | Epoch Time: 0.18s | Spearman@80: 0.7661 | Kendall@80: 0.6175
Epoch 32/150 | Train Loss: 0.0382 | Epoch Time: 0.19s | Spearman@80: 0.7511 | Kendall@80: 0.6232
Epoch 33/150 | Train Loss: 0.0247 | Epoch Time: 0.18s | Spearman@80: 0.7629 | Kendall@80: 0.6314
Epoch 34/150 | Train Loss: 0.0197 | Epoch Time: 0.18s | Spearman@80: 0.7269 | Kendall@80: 0.5890
Epoch 35/150 | Train Loss: 0.0367 | Epoch Time: 0.18s | Spearman@80: 0.7565 | Kendall@80: 0.6029
Epoch 36/150 | Train Loss: 0.0297 | Epoch Time: 0.19s | Spearman@80: 0.7871 | Kendall@80: 0.6283
Epoch 37/150 | Train Loss: 0.0290 | Epoch Time: 0.18s | Spearman@80: 0.7906 | Kendall@80: 0.6428
Epoch 38/150 | Train Loss: 0.0280 | Epoch Time: 0.18s | Spearman@80: 0.7865 | Kendall@80: 0.6283
Epoch 39/150 | Train Loss: 0.0353 | Epoch Time: 0.18s | Spearman@80: 0.8198 | Kendall@80: 0.6384
Epoch 40/150 | Train Loss: 0.0347 | Epoch Time: 0.19s | Spearman@80: 0.7604 | Kendall@80: 0.6086
Epoch 41/150 | Train Loss: 0.0287 | Epoch Time: 0.17s | Spearman@80: 0.7734 | Kendall@80: 0.6340
Epoch 42/150 | Train Loss: 0.0246 | Epoch Time: 0.18s | Spearman@80: 0.7543 | Kendall@80: 0.6137
Epoch 43/150 | Train Loss: 0.0260 | Epoch Time: 0.18s | Spearman@80: 0.7750 | Kendall@80: 0.6378
Epoch 44/150 | Train Loss: 0.0269 | Epoch Time: 0.18s | Spearman@80: 0.7733 | Kendall@80: 0.6289
Epoch 45/150 | Train Loss: 0.0230 | Epoch Time: 0.19s | Spearman@80: 0.7740 | Kendall@80: 0.6352
Epoch 46/150 | Train Loss: 0.0244 | Epoch Time: 0.18s | Spearman@80: 0.7556 | Kendall@80: 0.6143
Epoch 47/150 | Train Loss: 0.0283 | Epoch Time: 0.18s | Spearman@80: 0.7483 | Kendall@80: 0.6131
Epoch 48/150 | Train Loss: 0.0289 | Epoch Time: 0.17s | Spearman@80: 0.7958 | Kendall@80: 0.6289
Epoch 49/150 | Train Loss: 0.0372 | Epoch Time: 0.17s | Spearman@80: 0.7574 | Kendall@80: 0.6188
Epoch 50/150 | Train Loss: 0.0276 | Epoch Time: 0.18s | Spearman@80: 0.7236 | Kendall@80: 0.5789
Epoch 51/150 | Train Loss: 0.0281 | Epoch Time: 0.17s | Spearman@80: 0.7456 | Kendall@80: 0.5953
Epoch 52/150 | Train Loss: 0.0262 | Epoch Time: 0.18s | Spearman@80: 0.7759 | Kendall@80: 0.6340
Epoch 53/150 | Train Loss: 0.0254 | Epoch Time: 0.18s | Spearman@80: 0.7611 | Kendall@80: 0.6074
Epoch 54/150 | Train Loss: 0.0241 | Epoch Time: 0.17s | Spearman@80: 0.7582 | Kendall@80: 0.6245
Epoch 55/150 | Train Loss: 0.0274 | Epoch Time: 0.17s | Spearman@80: 0.7998 | Kendall@80: 0.6359
Epoch 56/150 | Train Loss: 0.0352 | Epoch Time: 0.17s | Spearman@80: 0.7700 | Kendall@80: 0.6112
Epoch 57/150 | Train Loss: 0.0260 | Epoch Time: 0.17s | Spearman@80: 0.7971 | Kendall@80: 0.6378
Epoch 58/150 | Train Loss: 0.0258 | Epoch Time: 0.17s | Spearman@80: 0.8058 | Kendall@80: 0.6473
Epoch 59/150 | Train Loss: 0.0253 | Epoch Time: 0.18s | Spearman@80: 0.7463 | Kendall@80: 0.6086
Epoch 60/150 | Train Loss: 0.0269 | Epoch Time: 0.17s | Spearman@80: 0.7455 | Kendall@80: 0.5884
Epoch 61/150 | Train Loss: 0.0226 | Epoch Time: 0.17s | Spearman@80: 0.8011 | Kendall@80: 0.6283
Epoch 62/150 | Train Loss: 0.0301 | Epoch Time: 0.17s | Spearman@80: 0.7772 | Kendall@80: 0.6283
Epoch 63/150 | Train Loss: 0.0215 | Epoch Time: 0.17s | Spearman@80: 0.7760 | Kendall@80: 0.6264
Epoch 64/150 | Train Loss: 0.0184 | Epoch Time: 0.17s | Spearman@80: 0.8052 | Kendall@80: 0.6498
Epoch 65/150 | Train Loss: 0.0287 | Epoch Time: 0.17s | Spearman@80: 0.7868 | Kendall@80: 0.6384
Epoch 66/150 | Train Loss: 0.0234 | Epoch Time: 0.17s | Spearman@80: 0.7735 | Kendall@80: 0.6055
Epoch 67/150 | Train Loss: 0.0292 | Epoch Time: 0.17s | Spearman@80: 0.7867 | Kendall@80: 0.6295
Epoch 68/150 | Train Loss: 0.0173 | Epoch Time: 0.17s | Spearman@80: 0.7703 | Kendall@80: 0.6226
Epoch 69/150 | Train Loss: 0.0273 | Epoch Time: 0.17s | Spearman@80: 0.7606 | Kendall@80: 0.6150
Epoch 70/150 | Train Loss: 0.0188 | Epoch Time: 0.18s | Spearman@80: 0.7859 | Kendall@80: 0.6473
Epoch 71/150 | Train Loss: 0.0262 | Epoch Time: 0.17s | Spearman@80: 0.7854 | Kendall@80: 0.6352
Epoch 72/150 | Train Loss: 0.0291 | Epoch Time: 0.17s | Spearman@80: 0.7409 | Kendall@80: 0.5890
Epoch 73/150 | Train Loss: 0.0261 | Epoch Time: 0.17s | Spearman@80: 0.7410 | Kendall@80: 0.5859
Epoch 74/150 | Train Loss: 0.0246 | Epoch Time: 0.17s | Spearman@80: 0.8183 | Kendall@80: 0.6694
Epoch 75/150 | Train Loss: 0.0262 | Epoch Time: 0.17s | Spearman@80: 0.7752 | Kendall@80: 0.6384
Epoch 76/150 | Train Loss: 0.0180 | Epoch Time: 0.17s | Spearman@80: 0.7757 | Kendall@80: 0.6422
Epoch 77/150 | Train Loss: 0.0237 | Epoch Time: 0.17s | Spearman@80: 0.7850 | Kendall@80: 0.6346
Epoch 78/150 | Train Loss: 0.0193 | Epoch Time: 0.17s | Spearman@80: 0.7904 | Kendall@80: 0.6473
Epoch 79/150 | Train Loss: 0.0196 | Epoch Time: 0.17s | Spearman@80: 0.7770 | Kendall@80: 0.6403
Epoch 80/150 | Train Loss: 0.0232 | Epoch Time: 0.17s | Spearman@80: 0.7652 | Kendall@80: 0.6276
Epoch 81/150 | Train Loss: 0.0181 | Epoch Time: 0.17s | Spearman@80: 0.7596 | Kendall@80: 0.6175
Epoch 82/150 | Train Loss: 0.0163 | Epoch Time: 0.17s | Spearman@80: 0.7705 | Kendall@80: 0.6384
Epoch 83/150 | Train Loss: 0.0175 | Epoch Time: 0.17s | Spearman@80: 0.7757 | Kendall@80: 0.6422
Epoch 84/150 | Train Loss: 0.0255 | Epoch Time: 0.16s | Spearman@80: 0.7739 | Kendall@80: 0.6435
Epoch 85/150 | Train Loss: 0.0207 | Epoch Time: 0.16s | Spearman@80: 0.7636 | Kendall@80: 0.6257
Epoch 86/150 | Train Loss: 0.0224 | Epoch Time: 0.17s | Spearman@80: 0.7833 | Kendall@80: 0.6441
Epoch 87/150 | Train Loss: 0.0178 | Epoch Time: 0.18s | Spearman@80: 0.7738 | Kendall@80: 0.6409
Epoch 88/150 | Train Loss: 0.0183 | Epoch Time: 0.18s | Spearman@80: 0.7751 | Kendall@80: 0.6409
Epoch 89/150 | Train Loss: 0.0204 | Epoch Time: 0.17s | Spearman@80: 0.7776 | Kendall@80: 0.6346
Epoch 90/150 | Train Loss: 0.0142 | Epoch Time: 0.17s | Spearman@80: 0.7575 | Kendall@80: 0.6257
Epoch 91/150 | Train Loss: 0.0197 | Epoch Time: 0.17s | Spearman@80: 0.7518 | Kendall@80: 0.6194
Epoch 92/150 | Train Loss: 0.0172 | Epoch Time: 0.17s | Spearman@80: 0.7672 | Kendall@80: 0.6333
Epoch 93/150 | Train Loss: 0.0218 | Epoch Time: 0.17s | Spearman@80: 0.7690 | Kendall@80: 0.6403
Epoch 94/150 | Train Loss: 0.0198 | Epoch Time: 0.17s | Spearman@80: 0.7845 | Kendall@80: 0.6504
Epoch 95/150 | Train Loss: 0.0228 | Epoch Time: 0.17s | Spearman@80: 0.7797 | Kendall@80: 0.6365
Epoch 96/150 | Train Loss: 0.0206 | Epoch Time: 0.18s | Spearman@80: 0.7640 | Kendall@80: 0.6295
Epoch 97/150 | Train Loss: 0.0256 | Epoch Time: 0.18s | Spearman@80: 0.7342 | Kendall@80: 0.5934
Epoch 98/150 | Train Loss: 0.0289 | Epoch Time: 0.18s | Spearman@80: 0.7480 | Kendall@80: 0.6112
Epoch 99/150 | Train Loss: 0.0229 | Epoch Time: 0.18s | Spearman@80: 0.7649 | Kendall@80: 0.6295
Epoch 100/150 | Train Loss: 0.0182 | Epoch Time: 0.18s | Spearman@80: 0.7622 | Kendall@80: 0.6327
Epoch 101/150 | Train Loss: 0.0267 | Epoch Time: 0.18s | Spearman@80: 0.7407 | Kendall@80: 0.5972
Epoch 102/150 | Train Loss: 0.0174 | Epoch Time: 0.19s | Spearman@80: 0.7755 | Kendall@80: 0.6295
Epoch 103/150 | Train Loss: 0.0204 | Epoch Time: 0.19s | Spearman@80: 0.7671 | Kendall@80: 0.6308
Epoch 104/150 | Train Loss: 0.0220 | Epoch Time: 0.18s | Spearman@80: 0.7573 | Kendall@80: 0.6245
Epoch 105/150 | Train Loss: 0.0203 | Epoch Time: 0.18s | Spearman@80: 0.7572 | Kendall@80: 0.6232
Epoch 106/150 | Train Loss: 0.0138 | Epoch Time: 0.19s | Spearman@80: 0.7656 | Kendall@80: 0.6283
Epoch 107/150 | Train Loss: 0.0156 | Epoch Time: 0.19s | Spearman@80: 0.7846 | Kendall@80: 0.6485
Epoch 108/150 | Train Loss: 0.0156 | Epoch Time: 0.17s | Spearman@80: 0.7852 | Kendall@80: 0.6504
Epoch 109/150 | Train Loss: 0.0136 | Epoch Time: 0.18s | Spearman@80: 0.7737 | Kendall@80: 0.6384
Epoch 110/150 | Train Loss: 0.0141 | Epoch Time: 0.18s | Spearman@80: 0.7713 | Kendall@80: 0.6378
Epoch 111/150 | Train Loss: 0.0186 | Epoch Time: 0.18s | Spearman@80: 0.7727 | Kendall@80: 0.6416
Epoch 112/150 | Train Loss: 0.0118 | Epoch Time: 0.17s | Spearman@80: 0.7782 | Kendall@80: 0.6511
Epoch 113/150 | Train Loss: 0.0149 | Epoch Time: 0.17s | Spearman@80: 0.7804 | Kendall@80: 0.6536
Epoch 114/150 | Train Loss: 0.0137 | Epoch Time: 0.18s | Spearman@80: 0.7815 | Kendall@80: 0.6517
Epoch 115/150 | Train Loss: 0.0167 | Epoch Time: 0.19s | Spearman@80: 0.7794 | Kendall@80: 0.6454
Epoch 116/150 | Train Loss: 0.0232 | Epoch Time: 0.18s | Spearman@80: 0.7756 | Kendall@80: 0.6428
Epoch 117/150 | Train Loss: 0.0156 | Epoch Time: 0.18s | Spearman@80: 0.7760 | Kendall@80: 0.6466
Epoch 118/150 | Train Loss: 0.0158 | Epoch Time: 0.18s | Spearman@80: 0.7759 | Kendall@80: 0.6485
Epoch 119/150 | Train Loss: 0.0155 | Epoch Time: 0.18s | Spearman@80: 0.7660 | Kendall@80: 0.6333
Epoch 120/150 | Train Loss: 0.0220 | Epoch Time: 0.18s | Spearman@80: 0.7628 | Kendall@80: 0.6245
Epoch 121/150 | Train Loss: 0.0178 | Epoch Time: 0.18s | Spearman@80: 0.7757 | Kendall@80: 0.6435
Epoch 122/150 | Train Loss: 0.0143 | Epoch Time: 0.17s | Spearman@80: 0.7773 | Kendall@80: 0.6416
Epoch 123/150 | Train Loss: 0.0150 | Epoch Time: 0.18s | Spearman@80: 0.7674 | Kendall@80: 0.6346
Epoch 124/150 | Train Loss: 0.0175 | Epoch Time: 0.18s | Spearman@80: 0.7662 | Kendall@80: 0.6302
Epoch 125/150 | Train Loss: 0.0146 | Epoch Time: 0.18s | Spearman@80: 0.7661 | Kendall@80: 0.6283
Epoch 126/150 | Train Loss: 0.0156 | Epoch Time: 0.17s | Spearman@80: 0.7646 | Kendall@80: 0.6289
Epoch 127/150 | Train Loss: 0.0107 | Epoch Time: 0.18s | Spearman@80: 0.7669 | Kendall@80: 0.6276
Epoch 128/150 | Train Loss: 0.0192 | Epoch Time: 0.19s | Spearman@80: 0.7757 | Kendall@80: 0.6397
Epoch 129/150 | Train Loss: 0.0181 | Epoch Time: 0.18s | Spearman@80: 0.7764 | Kendall@80: 0.6397
Epoch 130/150 | Train Loss: 0.0175 | Epoch Time: 0.17s | Spearman@80: 0.7743 | Kendall@80: 0.6397
Epoch 131/150 | Train Loss: 0.0165 | Epoch Time: 0.17s | Spearman@80: 0.7746 | Kendall@80: 0.6403
Epoch 132/150 | Train Loss: 0.0154 | Epoch Time: 0.17s | Spearman@80: 0.7747 | Kendall@80: 0.6384
Epoch 133/150 | Train Loss: 0.0133 | Epoch Time: 0.16s | Spearman@80: 0.7769 | Kendall@80: 0.6409
Epoch 134/150 | Train Loss: 0.0211 | Epoch Time: 0.16s | Spearman@80: 0.7750 | Kendall@80: 0.6390
Epoch 135/150 | Train Loss: 0.0161 | Epoch Time: 0.17s | Spearman@80: 0.7753 | Kendall@80: 0.6428
Epoch 136/150 | Train Loss: 0.0185 | Epoch Time: 0.16s | Spearman@80: 0.7731 | Kendall@80: 0.6409
Epoch 137/150 | Train Loss: 0.0178 | Epoch Time: 0.17s | Spearman@80: 0.7678 | Kendall@80: 0.6314
Epoch 138/150 | Train Loss: 0.0162 | Epoch Time: 0.17s | Spearman@80: 0.7685 | Kendall@80: 0.6314
Epoch 139/150 | Train Loss: 0.0178 | Epoch Time: 0.17s | Spearman@80: 0.7680 | Kendall@80: 0.6352
Epoch 140/150 | Train Loss: 0.0136 | Epoch Time: 0.18s | Spearman@80: 0.7699 | Kendall@80: 0.6365
Epoch 141/150 | Train Loss: 0.0179 | Epoch Time: 0.18s | Spearman@80: 0.7716 | Kendall@80: 0.6409
Epoch 142/150 | Train Loss: 0.0127 | Epoch Time: 0.17s | Spearman@80: 0.7697 | Kendall@80: 0.6390
Epoch 143/150 | Train Loss: 0.0133 | Epoch Time: 0.17s | Spearman@80: 0.7718 | Kendall@80: 0.6409
Epoch 144/150 | Train Loss: 0.0103 | Epoch Time: 0.17s | Spearman@80: 0.7712 | Kendall@80: 0.6384
Epoch 145/150 | Train Loss: 0.0130 | Epoch Time: 0.17s | Spearman@80: 0.7689 | Kendall@80: 0.6371
Epoch 146/150 | Train Loss: 0.0153 | Epoch Time: 0.16s | Spearman@80: 0.7699 | Kendall@80: 0.6359
Epoch 147/150 | Train Loss: 0.0121 | Epoch Time: 26.89s | Spearman@423559: 0.8489 | Kendall@423559: 0.6661
Epoch 148/150 | Train Loss: 0.0145 | Epoch Time: 27.32s | Spearman@423559: 0.8486 | Kendall@423559: 0.6657
Epoch 149/150 | Train Loss: 0.0159 | Epoch Time: 27.33s | Spearman@423559: 0.8489 | Kendall@423559: 0.6659
Epoch 150/150 | Train Loss: 0.0138 | Epoch Time: 27.25s | Spearman@423559: 0.8490 | Kendall@423559: 0.6659
Sample Count: 64, Spearman: 0.8488336028982333, Kendall: 0.6659011170847183
{64: (0.8488336028982333, 0.6659011170847183),
 128: (0.8896702664225222, 0.7137941924354513)}
Epoch 1/150 | Train Loss: 0.0957 | Epoch Time: 0.40s | Spearman@80: 0.6010 | Kendall@80: 0.4362
Epoch 2/150 | Train Loss: 0.0705 | Epoch Time: 0.36s | Spearman@80: 0.6455 | Kendall@80: 0.4717
Epoch 3/150 | Train Loss: 0.0657 | Epoch Time: 0.35s | Spearman@80: 0.6618 | Kendall@80: 0.4951
Epoch 4/150 | Train Loss: 0.0588 | Epoch Time: 0.37s | Spearman@80: 0.7546 | Kendall@80: 0.5780
Epoch 5/150 | Train Loss: 0.0503 | Epoch Time: 0.37s | Spearman@80: 0.7900 | Kendall@80: 0.6091
Epoch 6/150 | Train Loss: 0.0456 | Epoch Time: 0.38s | Spearman@80: 0.7701 | Kendall@80: 0.5945
Epoch 7/150 | Train Loss: 0.0549 | Epoch Time: 0.35s | Spearman@80: 0.7950 | Kendall@80: 0.6103
Epoch 8/150 | Train Loss: 0.0478 | Epoch Time: 0.35s | Spearman@80: 0.7984 | Kendall@80: 0.6148
Epoch 9/150 | Train Loss: 0.0543 | Epoch Time: 0.36s | Spearman@80: 0.8195 | Kendall@80: 0.6356
Epoch 10/150 | Train Loss: 0.0439 | Epoch Time: 0.34s | Spearman@80: 0.8262 | Kendall@80: 0.6451
Epoch 11/150 | Train Loss: 0.0518 | Epoch Time: 0.34s | Spearman@80: 0.7952 | Kendall@80: 0.6160
Epoch 12/150 | Train Loss: 0.0485 | Epoch Time: 0.35s | Spearman@80: 0.8231 | Kendall@80: 0.6274
Epoch 13/150 | Train Loss: 0.0501 | Epoch Time: 0.35s | Spearman@80: 0.7648 | Kendall@80: 0.5761
Epoch 14/150 | Train Loss: 0.0487 | Epoch Time: 0.35s | Spearman@80: 0.8458 | Kendall@80: 0.6591
Epoch 15/150 | Train Loss: 0.0526 | Epoch Time: 0.36s | Spearman@80: 0.8262 | Kendall@80: 0.6508
Epoch 16/150 | Train Loss: 0.0435 | Epoch Time: 0.36s | Spearman@80: 0.8400 | Kendall@80: 0.6762
Epoch 17/150 | Train Loss: 0.0473 | Epoch Time: 0.34s | Spearman@80: 0.8544 | Kendall@80: 0.6648
Epoch 18/150 | Train Loss: 0.0468 | Epoch Time: 0.35s | Spearman@80: 0.8444 | Kendall@80: 0.6584
Epoch 19/150 | Train Loss: 0.0435 | Epoch Time: 0.33s | Spearman@80: 0.8287 | Kendall@80: 0.6635
Epoch 20/150 | Train Loss: 0.0453 | Epoch Time: 0.34s | Spearman@80: 0.7887 | Kendall@80: 0.6129
Epoch 21/150 | Train Loss: 0.0492 | Epoch Time: 0.34s | Spearman@80: 0.8278 | Kendall@80: 0.6470
Epoch 22/150 | Train Loss: 0.0472 | Epoch Time: 0.33s | Spearman@80: 0.8578 | Kendall@80: 0.6762
Epoch 23/150 | Train Loss: 0.0497 | Epoch Time: 0.34s | Spearman@80: 0.8073 | Kendall@80: 0.6388
Epoch 24/150 | Train Loss: 0.0464 | Epoch Time: 0.35s | Spearman@80: 0.8079 | Kendall@80: 0.6268
Epoch 25/150 | Train Loss: 0.0395 | Epoch Time: 0.36s | Spearman@80: 0.8423 | Kendall@80: 0.6616
Epoch 26/150 | Train Loss: 0.0426 | Epoch Time: 0.34s | Spearman@80: 0.8513 | Kendall@80: 0.6793
Epoch 27/150 | Train Loss: 0.0405 | Epoch Time: 0.34s | Spearman@80: 0.8403 | Kendall@80: 0.6641
Epoch 28/150 | Train Loss: 0.0435 | Epoch Time: 0.34s | Spearman@80: 0.8519 | Kendall@80: 0.6749
Epoch 29/150 | Train Loss: 0.0380 | Epoch Time: 0.35s | Spearman@80: 0.8649 | Kendall@80: 0.6812
Epoch 30/150 | Train Loss: 0.0477 | Epoch Time: 0.38s | Spearman@80: 0.8543 | Kendall@80: 0.6812
Epoch 31/150 | Train Loss: 0.0394 | Epoch Time: 0.41s | Spearman@80: 0.8490 | Kendall@80: 0.6736
Epoch 32/150 | Train Loss: 0.0425 | Epoch Time: 0.43s | Spearman@80: 0.8610 | Kendall@80: 0.6793
Epoch 33/150 | Train Loss: 0.0432 | Epoch Time: 0.42s | Spearman@80: 0.8847 | Kendall@80: 0.7072
Epoch 34/150 | Train Loss: 0.0390 | Epoch Time: 0.42s | Spearman@80: 0.8373 | Kendall@80: 0.6572
Epoch 35/150 | Train Loss: 0.0396 | Epoch Time: 0.43s | Spearman@80: 0.8868 | Kendall@80: 0.7104
Epoch 36/150 | Train Loss: 0.0395 | Epoch Time: 0.42s | Spearman@80: 0.8821 | Kendall@80: 0.7066
Epoch 37/150 | Train Loss: 0.0335 | Epoch Time: 0.42s | Spearman@80: 0.8809 | Kendall@80: 0.7040
Epoch 38/150 | Train Loss: 0.0438 | Epoch Time: 0.43s | Spearman@80: 0.8742 | Kendall@80: 0.7034
Epoch 39/150 | Train Loss: 0.0346 | Epoch Time: 0.43s | Spearman@80: 0.8866 | Kendall@80: 0.7205
Epoch 40/150 | Train Loss: 0.0395 | Epoch Time: 0.42s | Spearman@80: 0.8889 | Kendall@80: 0.7211
Epoch 41/150 | Train Loss: 0.0312 | Epoch Time: 0.42s | Spearman@80: 0.8581 | Kendall@80: 0.6857
Epoch 42/150 | Train Loss: 0.0402 | Epoch Time: 0.42s | Spearman@80: 0.8804 | Kendall@80: 0.7097
Epoch 43/150 | Train Loss: 0.0388 | Epoch Time: 0.41s | Spearman@80: 0.8546 | Kendall@80: 0.6768
Epoch 44/150 | Train Loss: 0.0380 | Epoch Time: 0.41s | Spearman@80: 0.8538 | Kendall@80: 0.6781
Epoch 45/150 | Train Loss: 0.0322 | Epoch Time: 0.41s | Spearman@80: 0.8824 | Kendall@80: 0.7053
Epoch 46/150 | Train Loss: 0.0291 | Epoch Time: 0.40s | Spearman@80: 0.8883 | Kendall@80: 0.7116
Epoch 47/150 | Train Loss: 0.0356 | Epoch Time: 0.41s | Spearman@80: 0.8766 | Kendall@80: 0.7059
Epoch 48/150 | Train Loss: 0.0272 | Epoch Time: 0.42s | Spearman@80: 0.8957 | Kendall@80: 0.7243
Epoch 49/150 | Train Loss: 0.0404 | Epoch Time: 0.40s | Spearman@80: 0.9023 | Kendall@80: 0.7350
Epoch 50/150 | Train Loss: 0.0398 | Epoch Time: 0.40s | Spearman@80: 0.8947 | Kendall@80: 0.7211
Epoch 51/150 | Train Loss: 0.0373 | Epoch Time: 0.38s | Spearman@80: 0.8284 | Kendall@80: 0.6597
Epoch 52/150 | Train Loss: 0.0369 | Epoch Time: 0.38s | Spearman@80: 0.8748 | Kendall@80: 0.6977
Epoch 53/150 | Train Loss: 0.0368 | Epoch Time: 0.39s | Spearman@80: 0.9100 | Kendall@80: 0.7420
Epoch 54/150 | Train Loss: 0.0297 | Epoch Time: 0.40s | Spearman@80: 0.9076 | Kendall@80: 0.7471
Epoch 55/150 | Train Loss: 0.0343 | Epoch Time: 0.41s | Spearman@80: 0.9147 | Kendall@80: 0.7515
Epoch 56/150 | Train Loss: 0.0377 | Epoch Time: 0.40s | Spearman@80: 0.8972 | Kendall@80: 0.7249
Epoch 57/150 | Train Loss: 0.0339 | Epoch Time: 0.39s | Spearman@80: 0.8872 | Kendall@80: 0.7142
Epoch 58/150 | Train Loss: 0.0314 | Epoch Time: 0.39s | Spearman@80: 0.9295 | Kendall@80: 0.7737
Epoch 59/150 | Train Loss: 0.0301 | Epoch Time: 0.41s | Spearman@80: 0.9152 | Kendall@80: 0.7496
Epoch 60/150 | Train Loss: 0.0342 | Epoch Time: 0.42s | Spearman@80: 0.9013 | Kendall@80: 0.7287
Epoch 61/150 | Train Loss: 0.0285 | Epoch Time: 0.43s | Spearman@80: 0.8779 | Kendall@80: 0.7110
Epoch 62/150 | Train Loss: 0.0269 | Epoch Time: 0.42s | Spearman@80: 0.9094 | Kendall@80: 0.7401
Epoch 63/150 | Train Loss: 0.0285 | Epoch Time: 0.42s | Spearman@80: 0.8849 | Kendall@80: 0.7142
Epoch 64/150 | Train Loss: 0.0243 | Epoch Time: 0.42s | Spearman@80: 0.8851 | Kendall@80: 0.7148
Epoch 65/150 | Train Loss: 0.0305 | Epoch Time: 0.42s | Spearman@80: 0.8731 | Kendall@80: 0.6964
Epoch 66/150 | Train Loss: 0.0298 | Epoch Time: 0.41s | Spearman@80: 0.8908 | Kendall@80: 0.7205
Epoch 67/150 | Train Loss: 0.0302 | Epoch Time: 0.42s | Spearman@80: 0.8823 | Kendall@80: 0.7116
Epoch 68/150 | Train Loss: 0.0307 | Epoch Time: 0.42s | Spearman@80: 0.8750 | Kendall@80: 0.7085
Epoch 69/150 | Train Loss: 0.0243 | Epoch Time: 0.43s | Spearman@80: 0.9026 | Kendall@80: 0.7369
Epoch 70/150 | Train Loss: 0.0213 | Epoch Time: 0.42s | Spearman@80: 0.8822 | Kendall@80: 0.7135
Epoch 71/150 | Train Loss: 0.0255 | Epoch Time: 0.41s | Spearman@80: 0.8833 | Kendall@80: 0.7066
Epoch 72/150 | Train Loss: 0.0239 | Epoch Time: 0.42s | Spearman@80: 0.8846 | Kendall@80: 0.7236
Epoch 73/150 | Train Loss: 0.0266 | Epoch Time: 0.39s | Spearman@80: 0.8821 | Kendall@80: 0.7142
Epoch 74/150 | Train Loss: 0.0244 | Epoch Time: 0.38s | Spearman@80: 0.8932 | Kendall@80: 0.7249
Epoch 75/150 | Train Loss: 0.0232 | Epoch Time: 0.39s | Spearman@80: 0.8851 | Kendall@80: 0.7173
Epoch 76/150 | Train Loss: 0.0270 | Epoch Time: 0.39s | Spearman@80: 0.8878 | Kendall@80: 0.7306
Epoch 77/150 | Train Loss: 0.0316 | Epoch Time: 0.41s | Spearman@80: 0.9149 | Kendall@80: 0.7521
Epoch 78/150 | Train Loss: 0.0193 | Epoch Time: 0.40s | Spearman@80: 0.9104 | Kendall@80: 0.7483
Epoch 79/150 | Train Loss: 0.0226 | Epoch Time: 0.38s | Spearman@80: 0.9093 | Kendall@80: 0.7452
Epoch 80/150 | Train Loss: 0.0237 | Epoch Time: 0.38s | Spearman@80: 0.9131 | Kendall@80: 0.7382
Epoch 81/150 | Train Loss: 0.0193 | Epoch Time: 0.38s | Spearman@80: 0.8966 | Kendall@80: 0.7281
Epoch 82/150 | Train Loss: 0.0271 | Epoch Time: 0.38s | Spearman@80: 0.9100 | Kendall@80: 0.7471
Epoch 83/150 | Train Loss: 0.0243 | Epoch Time: 0.39s | Spearman@80: 0.9073 | Kendall@80: 0.7464
Epoch 84/150 | Train Loss: 0.0222 | Epoch Time: 0.40s | Spearman@80: 0.9065 | Kendall@80: 0.7414
Epoch 85/150 | Train Loss: 0.0195 | Epoch Time: 0.41s | Spearman@80: 0.9095 | Kendall@80: 0.7452
Epoch 86/150 | Train Loss: 0.0230 | Epoch Time: 0.39s | Spearman@80: 0.9174 | Kendall@80: 0.7490
Epoch 87/150 | Train Loss: 0.0164 | Epoch Time: 0.39s | Spearman@80: 0.9079 | Kendall@80: 0.7369
Epoch 88/150 | Train Loss: 0.0239 | Epoch Time: 0.40s | Spearman@80: 0.8864 | Kendall@80: 0.7078
Epoch 89/150 | Train Loss: 0.0233 | Epoch Time: 0.42s | Spearman@80: 0.9185 | Kendall@80: 0.7471
Epoch 90/150 | Train Loss: 0.0220 | Epoch Time: 0.42s | Spearman@80: 0.9150 | Kendall@80: 0.7502
Epoch 91/150 | Train Loss: 0.0220 | Epoch Time: 0.42s | Spearman@80: 0.9173 | Kendall@80: 0.7572
Epoch 92/150 | Train Loss: 0.0237 | Epoch Time: 0.42s | Spearman@80: 0.9176 | Kendall@80: 0.7528
Epoch 93/150 | Train Loss: 0.0249 | Epoch Time: 0.42s | Spearman@80: 0.9184 | Kendall@80: 0.7604
Epoch 94/150 | Train Loss: 0.0221 | Epoch Time: 0.42s | Spearman@80: 0.9181 | Kendall@80: 0.7572
Epoch 95/150 | Train Loss: 0.0232 | Epoch Time: 0.41s | Spearman@80: 0.9165 | Kendall@80: 0.7547
Epoch 96/150 | Train Loss: 0.0172 | Epoch Time: 0.41s | Spearman@80: 0.9226 | Kendall@80: 0.7572
Epoch 97/150 | Train Loss: 0.0187 | Epoch Time: 0.42s | Spearman@80: 0.9074 | Kendall@80: 0.7407
Epoch 98/150 | Train Loss: 0.0183 | Epoch Time: 0.41s | Spearman@80: 0.9179 | Kendall@80: 0.7585
Epoch 99/150 | Train Loss: 0.0202 | Epoch Time: 0.42s | Spearman@80: 0.9134 | Kendall@80: 0.7534
Epoch 100/150 | Train Loss: 0.0234 | Epoch Time: 0.41s | Spearman@80: 0.9185 | Kendall@80: 0.7559
Epoch 101/150 | Train Loss: 0.0195 | Epoch Time: 0.41s | Spearman@80: 0.9202 | Kendall@80: 0.7610
Epoch 102/150 | Train Loss: 0.0197 | Epoch Time: 0.42s | Spearman@80: 0.9262 | Kendall@80: 0.7724
Epoch 103/150 | Train Loss: 0.0206 | Epoch Time: 0.40s | Spearman@80: 0.9226 | Kendall@80: 0.7661
Epoch 104/150 | Train Loss: 0.0186 | Epoch Time: 0.39s | Spearman@80: 0.9164 | Kendall@80: 0.7578
Epoch 105/150 | Train Loss: 0.0159 | Epoch Time: 0.40s | Spearman@80: 0.9144 | Kendall@80: 0.7578
Epoch 106/150 | Train Loss: 0.0235 | Epoch Time: 0.40s | Spearman@80: 0.9136 | Kendall@80: 0.7515
Epoch 107/150 | Train Loss: 0.0192 | Epoch Time: 0.40s | Spearman@80: 0.9216 | Kendall@80: 0.7635
Epoch 108/150 | Train Loss: 0.0159 | Epoch Time: 0.41s | Spearman@80: 0.9110 | Kendall@80: 0.7483
Epoch 109/150 | Train Loss: 0.0186 | Epoch Time: 0.42s | Spearman@80: 0.9099 | Kendall@80: 0.7490
Epoch 110/150 | Train Loss: 0.0196 | Epoch Time: 0.39s | Spearman@80: 0.9191 | Kendall@80: 0.7572
Epoch 111/150 | Train Loss: 0.0153 | Epoch Time: 0.39s | Spearman@80: 0.9192 | Kendall@80: 0.7597
Epoch 112/150 | Train Loss: 0.0207 | Epoch Time: 0.38s | Spearman@80: 0.9168 | Kendall@80: 0.7616
Epoch 113/150 | Train Loss: 0.0193 | Epoch Time: 0.38s | Spearman@80: 0.9190 | Kendall@80: 0.7597
Epoch 114/150 | Train Loss: 0.0185 | Epoch Time: 0.39s | Spearman@80: 0.9197 | Kendall@80: 0.7610
Epoch 115/150 | Train Loss: 0.0218 | Epoch Time: 0.39s | Spearman@80: 0.9126 | Kendall@80: 0.7547
Epoch 116/150 | Train Loss: 0.0224 | Epoch Time: 0.40s | Spearman@80: 0.9195 | Kendall@80: 0.7623
Epoch 117/150 | Train Loss: 0.0174 | Epoch Time: 0.39s | Spearman@80: 0.9268 | Kendall@80: 0.7730
Epoch 118/150 | Train Loss: 0.0179 | Epoch Time: 0.39s | Spearman@80: 0.9162 | Kendall@80: 0.7553
Epoch 119/150 | Train Loss: 0.0177 | Epoch Time: 0.38s | Spearman@80: 0.9231 | Kendall@80: 0.7642
Epoch 120/150 | Train Loss: 0.0166 | Epoch Time: 0.41s | Spearman@80: 0.9201 | Kendall@80: 0.7597
Epoch 121/150 | Train Loss: 0.0182 | Epoch Time: 0.42s | Spearman@80: 0.9240 | Kendall@80: 0.7648
Epoch 122/150 | Train Loss: 0.0169 | Epoch Time: 0.42s | Spearman@80: 0.9132 | Kendall@80: 0.7521
Epoch 123/150 | Train Loss: 0.0191 | Epoch Time: 0.42s | Spearman@80: 0.9179 | Kendall@80: 0.7553
Epoch 124/150 | Train Loss: 0.0201 | Epoch Time: 0.41s | Spearman@80: 0.9260 | Kendall@80: 0.7718
Epoch 125/150 | Train Loss: 0.0190 | Epoch Time: 0.43s | Spearman@80: 0.9186 | Kendall@80: 0.7597
Epoch 126/150 | Train Loss: 0.0185 | Epoch Time: 0.42s | Spearman@80: 0.9235 | Kendall@80: 0.7686
Epoch 127/150 | Train Loss: 0.0174 | Epoch Time: 0.41s | Spearman@80: 0.9206 | Kendall@80: 0.7629
Epoch 128/150 | Train Loss: 0.0139 | Epoch Time: 0.42s | Spearman@80: 0.9277 | Kendall@80: 0.7705
Epoch 129/150 | Train Loss: 0.0156 | Epoch Time: 0.42s | Spearman@80: 0.9159 | Kendall@80: 0.7553
Epoch 130/150 | Train Loss: 0.0174 | Epoch Time: 0.41s | Spearman@80: 0.9235 | Kendall@80: 0.7635
Epoch 131/150 | Train Loss: 0.0192 | Epoch Time: 0.41s | Spearman@80: 0.9279 | Kendall@80: 0.7692
Epoch 132/150 | Train Loss: 0.0189 | Epoch Time: 0.42s | Spearman@80: 0.9249 | Kendall@80: 0.7635
Epoch 133/150 | Train Loss: 0.0144 | Epoch Time: 0.41s | Spearman@80: 0.9270 | Kendall@80: 0.7661
Epoch 134/150 | Train Loss: 0.0127 | Epoch Time: 0.41s | Spearman@80: 0.9227 | Kendall@80: 0.7610
Epoch 135/150 | Train Loss: 0.0205 | Epoch Time: 0.40s | Spearman@80: 0.9230 | Kendall@80: 0.7604
Epoch 136/150 | Train Loss: 0.0171 | Epoch Time: 0.40s | Spearman@80: 0.9235 | Kendall@80: 0.7616
Epoch 137/150 | Train Loss: 0.0148 | Epoch Time: 0.41s | Spearman@80: 0.9271 | Kendall@80: 0.7686
Epoch 138/150 | Train Loss: 0.0183 | Epoch Time: 0.39s | Spearman@80: 0.9229 | Kendall@80: 0.7635
Epoch 139/150 | Train Loss: 0.0163 | Epoch Time: 0.40s | Spearman@80: 0.9268 | Kendall@80: 0.7673
Epoch 140/150 | Train Loss: 0.0167 | Epoch Time: 0.41s | Spearman@80: 0.9223 | Kendall@80: 0.7616
Epoch 141/150 | Train Loss: 0.0165 | Epoch Time: 0.40s | Spearman@80: 0.9170 | Kendall@80: 0.7572
Epoch 142/150 | Train Loss: 0.0148 | Epoch Time: 0.40s | Spearman@80: 0.9241 | Kendall@80: 0.7642
Epoch 143/150 | Train Loss: 0.0215 | Epoch Time: 0.41s | Spearman@80: 0.9245 | Kendall@80: 0.7648
Epoch 144/150 | Train Loss: 0.0179 | Epoch Time: 0.40s | Spearman@80: 0.9241 | Kendall@80: 0.7642
Epoch 145/150 | Train Loss: 0.0202 | Epoch Time: 0.40s | Spearman@80: 0.9290 | Kendall@80: 0.7699
Epoch 146/150 | Train Loss: 0.0176 | Epoch Time: 0.40s | Spearman@80: 0.9195 | Kendall@80: 0.7578
Epoch 147/150 | Train Loss: 0.0162 | Epoch Time: 29.02s | Spearman@423495: 0.8889 | Kendall@423495: 0.7113
Epoch 148/150 | Train Loss: 0.0145 | Epoch Time: 27.46s | Spearman@423495: 0.8892 | Kendall@423495: 0.7115
Epoch 149/150 | Train Loss: 0.0165 | Epoch Time: 27.57s | Spearman@423495: 0.8895 | Kendall@423495: 0.7120
Epoch 150/150 | Train Loss: 0.0178 | Epoch Time: 28.37s | Spearman@423495: 0.8895 | Kendall@423495: 0.7119
Sample Count: 128, Spearman: 0.8892692066933815, Kendall: 0.7116806717120424
{64: (0.8488336028982333, 0.6659011170847183),
 128: (0.8892692066933815, 0.7116806717120424)}
Average KDT:  0.6432091871414493
Variance KDT:  0.0013904962928126196
Average SPR:  0.8271068405322707
Variance SPR:  0.0012359925864597189
Average KDT:  0.7177078389005621
Variance KDT:  5.015438302281598e-05
Average SPR:  0.8935753307599178
Variance SPR:  3.373861565348778e-05
