Loading Files for NASBench101...
Loading dataset from file... This may take a few minutes...
Loaded dataset in 63 seconds
Loaded files in:  101.23948526382446  seconds
Normalizing ZCP dict
Epoch 1/150 | Train Loss: 0.0993 | Epoch Time: 2.39s | Spearman@80: 0.5986 | Kendall@80: 0.4329
Epoch 2/150 | Train Loss: 0.0945 | Epoch Time: 0.30s | Spearman@80: 0.4856 | Kendall@80: 0.3500
Epoch 3/150 | Train Loss: 0.0805 | Epoch Time: 0.29s | Spearman@80: 0.5875 | Kendall@80: 0.4222
Epoch 4/150 | Train Loss: 0.0651 | Epoch Time: 0.29s | Spearman@80: 0.5631 | Kendall@80: 0.4000
Epoch 5/150 | Train Loss: 0.0599 | Epoch Time: 0.29s | Spearman@80: 0.6012 | Kendall@80: 0.4348
Epoch 6/150 | Train Loss: 0.0529 | Epoch Time: 0.30s | Spearman@80: 0.7209 | Kendall@80: 0.5462
Epoch 7/150 | Train Loss: 0.0487 | Epoch Time: 0.30s | Spearman@80: 0.7666 | Kendall@80: 0.5905
Epoch 8/150 | Train Loss: 0.0481 | Epoch Time: 0.29s | Spearman@80: 0.7124 | Kendall@80: 0.5380
Epoch 9/150 | Train Loss: 0.0445 | Epoch Time: 0.29s | Spearman@80: 0.7190 | Kendall@80: 0.5544
Epoch 10/150 | Train Loss: 0.0426 | Epoch Time: 0.30s | Spearman@80: 0.7254 | Kendall@80: 0.5601
Epoch 11/150 | Train Loss: 0.0412 | Epoch Time: 0.29s | Spearman@80: 0.6934 | Kendall@80: 0.5297
Epoch 12/150 | Train Loss: 0.0366 | Epoch Time: 0.29s | Spearman@80: 0.5365 | Kendall@80: 0.3671
Epoch 13/150 | Train Loss: 0.0433 | Epoch Time: 0.29s | Spearman@80: 0.7159 | Kendall@80: 0.5576
Epoch 14/150 | Train Loss: 0.0469 | Epoch Time: 0.30s | Spearman@80: 0.6787 | Kendall@80: 0.5139
Epoch 15/150 | Train Loss: 0.0456 | Epoch Time: 0.29s | Spearman@80: 0.7247 | Kendall@80: 0.5684
Epoch 16/150 | Train Loss: 0.0531 | Epoch Time: 0.30s | Spearman@80: 0.7702 | Kendall@80: 0.6133
Epoch 17/150 | Train Loss: 0.0346 | Epoch Time: 0.29s | Spearman@80: 0.7425 | Kendall@80: 0.5703
Epoch 18/150 | Train Loss: 0.0450 | Epoch Time: 0.29s | Spearman@80: 0.6808 | Kendall@80: 0.5146
Epoch 19/150 | Train Loss: 0.0382 | Epoch Time: 0.30s | Spearman@80: 0.7239 | Kendall@80: 0.5671
Epoch 20/150 | Train Loss: 0.0356 | Epoch Time: 0.29s | Spearman@80: 0.7267 | Kendall@80: 0.5633
Epoch 21/150 | Train Loss: 0.0404 | Epoch Time: 0.30s | Spearman@80: 0.7055 | Kendall@80: 0.5462
Epoch 22/150 | Train Loss: 0.0476 | Epoch Time: 0.29s | Spearman@80: 0.7185 | Kendall@80: 0.5538
Epoch 23/150 | Train Loss: 0.0457 | Epoch Time: 0.29s | Spearman@80: 0.7180 | Kendall@80: 0.5551
Epoch 24/150 | Train Loss: 0.0352 | Epoch Time: 0.30s | Spearman@80: 0.7460 | Kendall@80: 0.5810
Epoch 25/150 | Train Loss: 0.0330 | Epoch Time: 0.29s | Spearman@80: 0.7587 | Kendall@80: 0.6006
Epoch 26/150 | Train Loss: 0.0393 | Epoch Time: 0.29s | Spearman@80: 0.7256 | Kendall@80: 0.5633
Epoch 27/150 | Train Loss: 0.0370 | Epoch Time: 0.29s | Spearman@80: 0.7400 | Kendall@80: 0.5703
Epoch 28/150 | Train Loss: 0.0430 | Epoch Time: 0.29s | Spearman@80: 0.7652 | Kendall@80: 0.5981
Epoch 29/150 | Train Loss: 0.0378 | Epoch Time: 0.29s | Spearman@80: 0.7336 | Kendall@80: 0.5633
Epoch 30/150 | Train Loss: 0.0320 | Epoch Time: 0.29s | Spearman@80: 0.6976 | Kendall@80: 0.5348
Epoch 31/150 | Train Loss: 0.0401 | Epoch Time: 0.29s | Spearman@80: 0.6550 | Kendall@80: 0.4892
Epoch 32/150 | Train Loss: 0.0409 | Epoch Time: 0.29s | Spearman@80: 0.7449 | Kendall@80: 0.5816
Epoch 33/150 | Train Loss: 0.0390 | Epoch Time: 0.29s | Spearman@80: 0.7507 | Kendall@80: 0.6006
Epoch 34/150 | Train Loss: 0.0371 | Epoch Time: 0.29s | Spearman@80: 0.6980 | Kendall@80: 0.5380
Epoch 35/150 | Train Loss: 0.0317 | Epoch Time: 0.29s | Spearman@80: 0.7200 | Kendall@80: 0.5513
Epoch 36/150 | Train Loss: 0.0380 | Epoch Time: 0.29s | Spearman@80: 0.7272 | Kendall@80: 0.5658
Epoch 37/150 | Train Loss: 0.0357 | Epoch Time: 0.29s | Spearman@80: 0.7076 | Kendall@80: 0.5449
Epoch 38/150 | Train Loss: 0.0353 | Epoch Time: 0.29s | Spearman@80: 0.7230 | Kendall@80: 0.5709
Epoch 39/150 | Train Loss: 0.0485 | Epoch Time: 0.29s | Spearman@80: 0.7077 | Kendall@80: 0.5487
Epoch 40/150 | Train Loss: 0.0338 | Epoch Time: 0.29s | Spearman@80: 0.7024 | Kendall@80: 0.5323
Epoch 41/150 | Train Loss: 0.0441 | Epoch Time: 0.29s | Spearman@80: 0.7155 | Kendall@80: 0.5519
Epoch 42/150 | Train Loss: 0.0317 | Epoch Time: 0.29s | Spearman@80: 0.7033 | Kendall@80: 0.5405
Epoch 43/150 | Train Loss: 0.0379 | Epoch Time: 0.29s | Spearman@80: 0.6996 | Kendall@80: 0.5373
Epoch 44/150 | Train Loss: 0.0331 | Epoch Time: 0.29s | Spearman@80: 0.7236 | Kendall@80: 0.5608
Epoch 45/150 | Train Loss: 0.0351 | Epoch Time: 0.29s | Spearman@80: 0.7394 | Kendall@80: 0.5766
Epoch 46/150 | Train Loss: 0.0303 | Epoch Time: 0.29s | Spearman@80: 0.7349 | Kendall@80: 0.5677
Epoch 47/150 | Train Loss: 0.0269 | Epoch Time: 0.29s | Spearman@80: 0.7594 | Kendall@80: 0.5975
Epoch 48/150 | Train Loss: 0.0317 | Epoch Time: 0.29s | Spearman@80: 0.7350 | Kendall@80: 0.5652
Epoch 49/150 | Train Loss: 0.0306 | Epoch Time: 0.29s | Spearman@80: 0.7676 | Kendall@80: 0.6158
Epoch 50/150 | Train Loss: 0.0322 | Epoch Time: 0.29s | Spearman@80: 0.7071 | Kendall@80: 0.5443
Epoch 51/150 | Train Loss: 0.0355 | Epoch Time: 0.29s | Spearman@80: 0.6796 | Kendall@80: 0.5127
Epoch 52/150 | Train Loss: 0.0359 | Epoch Time: 0.29s | Spearman@80: 0.6627 | Kendall@80: 0.5025
Epoch 53/150 | Train Loss: 0.0376 | Epoch Time: 0.29s | Spearman@80: 0.6876 | Kendall@80: 0.5316
Epoch 54/150 | Train Loss: 0.0282 | Epoch Time: 0.29s | Spearman@80: 0.7380 | Kendall@80: 0.5854
Epoch 55/150 | Train Loss: 0.0240 | Epoch Time: 0.29s | Spearman@80: 0.7345 | Kendall@80: 0.5665
Epoch 56/150 | Train Loss: 0.0310 | Epoch Time: 0.29s | Spearman@80: 0.7147 | Kendall@80: 0.5532
Epoch 57/150 | Train Loss: 0.0371 | Epoch Time: 0.30s | Spearman@80: 0.7101 | Kendall@80: 0.5627
Epoch 58/150 | Train Loss: 0.0317 | Epoch Time: 0.30s | Spearman@80: 0.7158 | Kendall@80: 0.5589
Epoch 59/150 | Train Loss: 0.0276 | Epoch Time: 0.29s | Spearman@80: 0.7076 | Kendall@80: 0.5297
Epoch 60/150 | Train Loss: 0.0174 | Epoch Time: 0.30s | Spearman@80: 0.7080 | Kendall@80: 0.5532
Epoch 61/150 | Train Loss: 0.0409 | Epoch Time: 0.29s | Spearman@80: 0.6876 | Kendall@80: 0.5323
Epoch 62/150 | Train Loss: 0.0339 | Epoch Time: 0.29s | Spearman@80: 0.7356 | Kendall@80: 0.5677
Epoch 63/150 | Train Loss: 0.0250 | Epoch Time: 0.29s | Spearman@80: 0.7378 | Kendall@80: 0.5804
Epoch 64/150 | Train Loss: 0.0287 | Epoch Time: 0.29s | Spearman@80: 0.7259 | Kendall@80: 0.5639
Epoch 65/150 | Train Loss: 0.0206 | Epoch Time: 0.29s | Spearman@80: 0.7032 | Kendall@80: 0.5576
Epoch 66/150 | Train Loss: 0.0252 | Epoch Time: 0.30s | Spearman@80: 0.7316 | Kendall@80: 0.5804
Epoch 67/150 | Train Loss: 0.0287 | Epoch Time: 0.29s | Spearman@80: 0.7532 | Kendall@80: 0.5892
Epoch 68/150 | Train Loss: 0.0298 | Epoch Time: 0.29s | Spearman@80: 0.7629 | Kendall@80: 0.5924
Epoch 69/150 | Train Loss: 0.0307 | Epoch Time: 0.29s | Spearman@80: 0.7528 | Kendall@80: 0.6013
Epoch 70/150 | Train Loss: 0.0282 | Epoch Time: 0.29s | Spearman@80: 0.7276 | Kendall@80: 0.5873
Epoch 71/150 | Train Loss: 0.0259 | Epoch Time: 0.29s | Spearman@80: 0.7408 | Kendall@80: 0.5880
Epoch 72/150 | Train Loss: 0.0257 | Epoch Time: 0.29s | Spearman@80: 0.7403 | Kendall@80: 0.5722
Epoch 73/150 | Train Loss: 0.0258 | Epoch Time: 0.29s | Spearman@80: 0.7470 | Kendall@80: 0.5873
Epoch 74/150 | Train Loss: 0.0198 | Epoch Time: 0.29s | Spearman@80: 0.7350 | Kendall@80: 0.5829
Epoch 75/150 | Train Loss: 0.0254 | Epoch Time: 0.29s | Spearman@80: 0.7429 | Kendall@80: 0.5797
Epoch 76/150 | Train Loss: 0.0240 | Epoch Time: 0.29s | Spearman@80: 0.7535 | Kendall@80: 0.5930
Epoch 77/150 | Train Loss: 0.0289 | Epoch Time: 0.28s | Spearman@80: 0.7245 | Kendall@80: 0.5804
Epoch 78/150 | Train Loss: 0.0317 | Epoch Time: 0.29s | Spearman@80: 0.7300 | Kendall@80: 0.5671
Epoch 79/150 | Train Loss: 0.0278 | Epoch Time: 0.29s | Spearman@80: 0.7069 | Kendall@80: 0.5462
Epoch 80/150 | Train Loss: 0.0284 | Epoch Time: 0.30s | Spearman@80: 0.7087 | Kendall@80: 0.5487
Epoch 81/150 | Train Loss: 0.0259 | Epoch Time: 0.29s | Spearman@80: 0.7338 | Kendall@80: 0.5854
Epoch 82/150 | Train Loss: 0.0219 | Epoch Time: 0.29s | Spearman@80: 0.7171 | Kendall@80: 0.5734
Epoch 83/150 | Train Loss: 0.0225 | Epoch Time: 0.29s | Spearman@80: 0.7203 | Kendall@80: 0.5639
Epoch 84/150 | Train Loss: 0.0276 | Epoch Time: 0.29s | Spearman@80: 0.7007 | Kendall@80: 0.5462
Epoch 85/150 | Train Loss: 0.0253 | Epoch Time: 0.29s | Spearman@80: 0.7151 | Kendall@80: 0.5658
Epoch 86/150 | Train Loss: 0.0187 | Epoch Time: 0.29s | Spearman@80: 0.7222 | Kendall@80: 0.5608
Epoch 87/150 | Train Loss: 0.0217 | Epoch Time: 0.29s | Spearman@80: 0.7178 | Kendall@80: 0.5551
Epoch 88/150 | Train Loss: 0.0233 | Epoch Time: 0.29s | Spearman@80: 0.7217 | Kendall@80: 0.5658
Epoch 89/150 | Train Loss: 0.0273 | Epoch Time: 0.30s | Spearman@80: 0.7380 | Kendall@80: 0.5823
Epoch 90/150 | Train Loss: 0.0243 | Epoch Time: 0.29s | Spearman@80: 0.7329 | Kendall@80: 0.5734
Epoch 91/150 | Train Loss: 0.0231 | Epoch Time: 0.30s | Spearman@80: 0.7196 | Kendall@80: 0.5544
Epoch 92/150 | Train Loss: 0.0184 | Epoch Time: 0.29s | Spearman@80: 0.7239 | Kendall@80: 0.5734
Epoch 93/150 | Train Loss: 0.0258 | Epoch Time: 0.29s | Spearman@80: 0.7066 | Kendall@80: 0.5468
Epoch 94/150 | Train Loss: 0.0227 | Epoch Time: 0.29s | Spearman@80: 0.6827 | Kendall@80: 0.5215
Epoch 95/150 | Train Loss: 0.0221 | Epoch Time: 0.29s | Spearman@80: 0.7291 | Kendall@80: 0.5595
Epoch 96/150 | Train Loss: 0.0214 | Epoch Time: 0.29s | Spearman@80: 0.7082 | Kendall@80: 0.5481
Epoch 97/150 | Train Loss: 0.0222 | Epoch Time: 0.29s | Spearman@80: 0.7110 | Kendall@80: 0.5557
Epoch 98/150 | Train Loss: 0.0151 | Epoch Time: 0.29s | Spearman@80: 0.7206 | Kendall@80: 0.5715
Epoch 99/150 | Train Loss: 0.0180 | Epoch Time: 0.29s | Spearman@80: 0.7303 | Kendall@80: 0.5627
Epoch 100/150 | Train Loss: 0.0242 | Epoch Time: 0.30s | Spearman@80: 0.7388 | Kendall@80: 0.5677
Epoch 101/150 | Train Loss: 0.0193 | Epoch Time: 0.29s | Spearman@80: 0.7215 | Kendall@80: 0.5608
Epoch 102/150 | Train Loss: 0.0176 | Epoch Time: 0.29s | Spearman@80: 0.7064 | Kendall@80: 0.5405
Epoch 103/150 | Train Loss: 0.0203 | Epoch Time: 0.30s | Spearman@80: 0.7113 | Kendall@80: 0.5563
Epoch 104/150 | Train Loss: 0.0159 | Epoch Time: 0.29s | Spearman@80: 0.7079 | Kendall@80: 0.5468
Epoch 105/150 | Train Loss: 0.0200 | Epoch Time: 0.29s | Spearman@80: 0.7224 | Kendall@80: 0.5582
Epoch 106/150 | Train Loss: 0.0202 | Epoch Time: 0.29s | Spearman@80: 0.7370 | Kendall@80: 0.5791
Epoch 107/150 | Train Loss: 0.0304 | Epoch Time: 0.29s | Spearman@80: 0.7378 | Kendall@80: 0.5753
Epoch 108/150 | Train Loss: 0.0172 | Epoch Time: 0.29s | Spearman@80: 0.7432 | Kendall@80: 0.5842
Epoch 109/150 | Train Loss: 0.0193 | Epoch Time: 0.29s | Spearman@80: 0.7328 | Kendall@80: 0.5753
Epoch 110/150 | Train Loss: 0.0165 | Epoch Time: 0.30s | Spearman@80: 0.7273 | Kendall@80: 0.5715
Epoch 111/150 | Train Loss: 0.0190 | Epoch Time: 0.29s | Spearman@80: 0.7241 | Kendall@80: 0.5646
Epoch 112/150 | Train Loss: 0.0168 | Epoch Time: 0.30s | Spearman@80: 0.7281 | Kendall@80: 0.5671
Epoch 113/150 | Train Loss: 0.0178 | Epoch Time: 0.29s | Spearman@80: 0.7305 | Kendall@80: 0.5646
Epoch 114/150 | Train Loss: 0.0213 | Epoch Time: 0.29s | Spearman@80: 0.7315 | Kendall@80: 0.5690
Epoch 115/150 | Train Loss: 0.0250 | Epoch Time: 0.29s | Spearman@80: 0.7176 | Kendall@80: 0.5608
Epoch 116/150 | Train Loss: 0.0190 | Epoch Time: 0.29s | Spearman@80: 0.7153 | Kendall@80: 0.5563
Epoch 117/150 | Train Loss: 0.0180 | Epoch Time: 0.30s | Spearman@80: 0.7236 | Kendall@80: 0.5589
Epoch 118/150 | Train Loss: 0.0148 | Epoch Time: 0.29s | Spearman@80: 0.7277 | Kendall@80: 0.5646
Epoch 119/150 | Train Loss: 0.0127 | Epoch Time: 0.29s | Spearman@80: 0.7287 | Kendall@80: 0.5646
Epoch 120/150 | Train Loss: 0.0143 | Epoch Time: 0.30s | Spearman@80: 0.7322 | Kendall@80: 0.5785
Epoch 121/150 | Train Loss: 0.0201 | Epoch Time: 0.29s | Spearman@80: 0.7303 | Kendall@80: 0.5753
Epoch 122/150 | Train Loss: 0.0166 | Epoch Time: 0.30s | Spearman@80: 0.7311 | Kendall@80: 0.5766
Epoch 123/150 | Train Loss: 0.0167 | Epoch Time: 0.29s | Spearman@80: 0.7308 | Kendall@80: 0.5753
Epoch 124/150 | Train Loss: 0.0160 | Epoch Time: 0.29s | Spearman@80: 0.7314 | Kendall@80: 0.5747
Epoch 125/150 | Train Loss: 0.0111 | Epoch Time: 0.29s | Spearman@80: 0.7340 | Kendall@80: 0.5759
Epoch 126/150 | Train Loss: 0.0167 | Epoch Time: 0.30s | Spearman@80: 0.7346 | Kendall@80: 0.5759
Epoch 127/150 | Train Loss: 0.0205 | Epoch Time: 0.30s | Spearman@80: 0.7244 | Kendall@80: 0.5671
Epoch 128/150 | Train Loss: 0.0179 | Epoch Time: 0.30s | Spearman@80: 0.7203 | Kendall@80: 0.5614
Epoch 129/150 | Train Loss: 0.0157 | Epoch Time: 0.30s | Spearman@80: 0.7207 | Kendall@80: 0.5544
Epoch 130/150 | Train Loss: 0.0152 | Epoch Time: 0.30s | Spearman@80: 0.7173 | Kendall@80: 0.5538
Epoch 131/150 | Train Loss: 0.0127 | Epoch Time: 0.30s | Spearman@80: 0.7271 | Kendall@80: 0.5703
Epoch 132/150 | Train Loss: 0.0172 | Epoch Time: 0.30s | Spearman@80: 0.7212 | Kendall@80: 0.5652
Epoch 133/150 | Train Loss: 0.0160 | Epoch Time: 0.30s | Spearman@80: 0.7245 | Kendall@80: 0.5671
Epoch 134/150 | Train Loss: 0.0197 | Epoch Time: 0.29s | Spearman@80: 0.7287 | Kendall@80: 0.5677
Epoch 135/150 | Train Loss: 0.0181 | Epoch Time: 0.29s | Spearman@80: 0.7284 | Kendall@80: 0.5671
Epoch 136/150 | Train Loss: 0.0141 | Epoch Time: 0.29s | Spearman@80: 0.7294 | Kendall@80: 0.5671
Epoch 137/150 | Train Loss: 0.0169 | Epoch Time: 0.29s | Spearman@80: 0.7278 | Kendall@80: 0.5690
Epoch 138/150 | Train Loss: 0.0145 | Epoch Time: 0.29s | Spearman@80: 0.7242 | Kendall@80: 0.5633
Epoch 139/150 | Train Loss: 0.0172 | Epoch Time: 0.29s | Spearman@80: 0.7275 | Kendall@80: 0.5658
Epoch 140/150 | Train Loss: 0.0124 | Epoch Time: 0.29s | Spearman@80: 0.7277 | Kendall@80: 0.5627
Epoch 141/150 | Train Loss: 0.0174 | Epoch Time: 0.29s | Spearman@80: 0.7251 | Kendall@80: 0.5633
Epoch 142/150 | Train Loss: 0.0153 | Epoch Time: 0.29s | Spearman@80: 0.7279 | Kendall@80: 0.5639
Epoch 143/150 | Train Loss: 0.0230 | Epoch Time: 0.29s | Spearman@80: 0.7263 | Kendall@80: 0.5646
Epoch 144/150 | Train Loss: 0.0171 | Epoch Time: 0.30s | Spearman@80: 0.7302 | Kendall@80: 0.5684
Epoch 145/150 | Train Loss: 0.0129 | Epoch Time: 0.29s | Spearman@80: 0.7254 | Kendall@80: 0.5639
Epoch 146/150 | Train Loss: 0.0145 | Epoch Time: 0.29s | Spearman@80: 0.7269 | Kendall@80: 0.5639
Epoch 147/150 | Train Loss: 0.0152 | Epoch Time: 34.42s | Spearman@423559: 0.8092 | Kendall@423559: 0.6246
Epoch 148/150 | Train Loss: 0.0158 | Epoch Time: 34.21s | Spearman@423559: 0.8091 | Kendall@423559: 0.6246
Epoch 149/150 | Train Loss: 0.0141 | Epoch Time: 34.15s | Spearman@423559: 0.8093 | Kendall@423559: 0.6251
Epoch 150/150 | Train Loss: 0.0127 | Epoch Time: 34.12s | Spearman@423559: 0.8094 | Kendall@423559: 0.6251
Sample Count: 64, Spearman: 0.8092448970727086, Kendall: 0.6248431190853625
{64: (0.8092448970727086, 0.6248431190853625)}
Epoch 1/150 | Train Loss: 0.0882 | Epoch Time: 0.53s | Spearman@80: 0.4807 | Kendall@80: 0.3456
Epoch 2/150 | Train Loss: 0.0636 | Epoch Time: 0.53s | Spearman@80: 0.6379 | Kendall@80: 0.4576
Epoch 3/150 | Train Loss: 0.0551 | Epoch Time: 0.58s | Spearman@80: 0.6999 | Kendall@80: 0.5044
Epoch 4/150 | Train Loss: 0.0574 | Epoch Time: 0.58s | Spearman@80: 0.6801 | Kendall@80: 0.5070
Epoch 5/150 | Train Loss: 0.0572 | Epoch Time: 0.57s | Spearman@80: 0.7790 | Kendall@80: 0.6108
Epoch 6/150 | Train Loss: 0.0405 | Epoch Time: 0.58s | Spearman@80: 0.8016 | Kendall@80: 0.6253
Epoch 7/150 | Train Loss: 0.0393 | Epoch Time: 0.58s | Spearman@80: 0.8154 | Kendall@80: 0.6228
Epoch 8/150 | Train Loss: 0.0481 | Epoch Time: 0.58s | Spearman@80: 0.7855 | Kendall@80: 0.5994
Epoch 9/150 | Train Loss: 0.0464 | Epoch Time: 0.58s | Spearman@80: 0.8099 | Kendall@80: 0.6342
Epoch 10/150 | Train Loss: 0.0394 | Epoch Time: 0.58s | Spearman@80: 0.8339 | Kendall@80: 0.6348
Epoch 11/150 | Train Loss: 0.0369 | Epoch Time: 0.58s | Spearman@80: 0.8273 | Kendall@80: 0.6348
Epoch 12/150 | Train Loss: 0.0397 | Epoch Time: 0.58s | Spearman@80: 0.8534 | Kendall@80: 0.6639
Epoch 13/150 | Train Loss: 0.0408 | Epoch Time: 0.58s | Spearman@80: 0.8037 | Kendall@80: 0.6196
Epoch 14/150 | Train Loss: 0.0412 | Epoch Time: 0.59s | Spearman@80: 0.8347 | Kendall@80: 0.6500
Epoch 15/150 | Train Loss: 0.0386 | Epoch Time: 0.57s | Spearman@80: 0.8327 | Kendall@80: 0.6538
Epoch 16/150 | Train Loss: 0.0383 | Epoch Time: 0.59s | Spearman@80: 0.8160 | Kendall@80: 0.6329
Epoch 17/150 | Train Loss: 0.0375 | Epoch Time: 0.59s | Spearman@80: 0.7492 | Kendall@80: 0.5715
Epoch 18/150 | Train Loss: 0.0353 | Epoch Time: 0.59s | Spearman@80: 0.7394 | Kendall@80: 0.5386
Epoch 19/150 | Train Loss: 0.0414 | Epoch Time: 0.59s | Spearman@80: 0.8563 | Kendall@80: 0.6766
Epoch 20/150 | Train Loss: 0.0450 | Epoch Time: 0.59s | Spearman@80: 0.8536 | Kendall@80: 0.6595
Epoch 21/150 | Train Loss: 0.0403 | Epoch Time: 0.59s | Spearman@80: 0.8512 | Kendall@80: 0.6614
Epoch 22/150 | Train Loss: 0.0301 | Epoch Time: 0.59s | Spearman@80: 0.8428 | Kendall@80: 0.6703
Epoch 23/150 | Train Loss: 0.0317 | Epoch Time: 0.59s | Spearman@80: 0.8521 | Kendall@80: 0.6709
Epoch 24/150 | Train Loss: 0.0386 | Epoch Time: 0.58s | Spearman@80: 0.8591 | Kendall@80: 0.6741
Epoch 25/150 | Train Loss: 0.0308 | Epoch Time: 0.58s | Spearman@80: 0.8926 | Kendall@80: 0.7209
Epoch 26/150 | Train Loss: 0.0382 | Epoch Time: 0.58s | Spearman@80: 0.8696 | Kendall@80: 0.6835
Epoch 27/150 | Train Loss: 0.0287 | Epoch Time: 0.59s | Spearman@80: 0.8917 | Kendall@80: 0.7171
Epoch 28/150 | Train Loss: 0.0292 | Epoch Time: 0.58s | Spearman@80: 0.8496 | Kendall@80: 0.6709
Epoch 29/150 | Train Loss: 0.0267 | Epoch Time: 0.59s | Spearman@80: 0.8790 | Kendall@80: 0.7000
Epoch 30/150 | Train Loss: 0.0321 | Epoch Time: 0.58s | Spearman@80: 0.8882 | Kendall@80: 0.7044
Epoch 31/150 | Train Loss: 0.0303 | Epoch Time: 0.58s | Spearman@80: 0.8391 | Kendall@80: 0.6570
Epoch 32/150 | Train Loss: 0.0405 | Epoch Time: 0.58s | Spearman@80: 0.8518 | Kendall@80: 0.6715
Epoch 33/150 | Train Loss: 0.0330 | Epoch Time: 0.58s | Spearman@80: 0.8802 | Kendall@80: 0.7013
Epoch 34/150 | Train Loss: 0.0299 | Epoch Time: 0.58s | Spearman@80: 0.8176 | Kendall@80: 0.6209
Epoch 35/150 | Train Loss: 0.0440 | Epoch Time: 0.57s | Spearman@80: 0.8399 | Kendall@80: 0.6563
Epoch 36/150 | Train Loss: 0.0343 | Epoch Time: 0.58s | Spearman@80: 0.8630 | Kendall@80: 0.6810
Epoch 37/150 | Train Loss: 0.0333 | Epoch Time: 0.58s | Spearman@80: 0.8529 | Kendall@80: 0.6759
Epoch 38/150 | Train Loss: 0.0338 | Epoch Time: 0.58s | Spearman@80: 0.8763 | Kendall@80: 0.6937
Epoch 39/150 | Train Loss: 0.0272 | Epoch Time: 0.57s | Spearman@80: 0.8633 | Kendall@80: 0.6816
Epoch 40/150 | Train Loss: 0.0300 | Epoch Time: 0.58s | Spearman@80: 0.8315 | Kendall@80: 0.6443
Epoch 41/150 | Train Loss: 0.0346 | Epoch Time: 0.58s | Spearman@80: 0.8972 | Kendall@80: 0.7316
Epoch 42/150 | Train Loss: 0.0345 | Epoch Time: 0.58s | Spearman@80: 0.7893 | Kendall@80: 0.5949
Epoch 43/150 | Train Loss: 0.0364 | Epoch Time: 0.58s | Spearman@80: 0.8724 | Kendall@80: 0.7006
Epoch 44/150 | Train Loss: 0.0315 | Epoch Time: 0.58s | Spearman@80: 0.8428 | Kendall@80: 0.6576
Epoch 45/150 | Train Loss: 0.0275 | Epoch Time: 0.59s | Spearman@80: 0.8876 | Kendall@80: 0.7076
Epoch 46/150 | Train Loss: 0.0245 | Epoch Time: 0.57s | Spearman@80: 0.8929 | Kendall@80: 0.7278
Epoch 47/150 | Train Loss: 0.0336 | Epoch Time: 0.58s | Spearman@80: 0.8957 | Kendall@80: 0.7228
Epoch 48/150 | Train Loss: 0.0369 | Epoch Time: 0.58s | Spearman@80: 0.8190 | Kendall@80: 0.6367
Epoch 49/150 | Train Loss: 0.0329 | Epoch Time: 0.58s | Spearman@80: 0.8837 | Kendall@80: 0.6987
Epoch 50/150 | Train Loss: 0.0271 | Epoch Time: 0.58s | Spearman@80: 0.8728 | Kendall@80: 0.6981
Epoch 51/150 | Train Loss: 0.0325 | Epoch Time: 0.58s | Spearman@80: 0.8941 | Kendall@80: 0.7171
Epoch 52/150 | Train Loss: 0.0292 | Epoch Time: 0.58s | Spearman@80: 0.8885 | Kendall@80: 0.7089
Epoch 53/150 | Train Loss: 0.0251 | Epoch Time: 0.58s | Spearman@80: 0.8822 | Kendall@80: 0.7120
Epoch 54/150 | Train Loss: 0.0237 | Epoch Time: 0.58s | Spearman@80: 0.8923 | Kendall@80: 0.7127
Epoch 55/150 | Train Loss: 0.0278 | Epoch Time: 0.57s | Spearman@80: 0.9117 | Kendall@80: 0.7418
Epoch 56/150 | Train Loss: 0.0271 | Epoch Time: 0.57s | Spearman@80: 0.8289 | Kendall@80: 0.6361
Epoch 57/150 | Train Loss: 0.0285 | Epoch Time: 0.58s | Spearman@80: 0.9178 | Kendall@80: 0.7519
Epoch 58/150 | Train Loss: 0.0284 | Epoch Time: 0.57s | Spearman@80: 0.8994 | Kendall@80: 0.7367
Epoch 59/150 | Train Loss: 0.0228 | Epoch Time: 0.58s | Spearman@80: 0.9053 | Kendall@80: 0.7335
Epoch 60/150 | Train Loss: 0.0263 | Epoch Time: 0.58s | Spearman@80: 0.8925 | Kendall@80: 0.7133
Epoch 61/150 | Train Loss: 0.0211 | Epoch Time: 0.57s | Spearman@80: 0.9058 | Kendall@80: 0.7323
Epoch 62/150 | Train Loss: 0.0286 | Epoch Time: 0.57s | Spearman@80: 0.8823 | Kendall@80: 0.6975
Epoch 63/150 | Train Loss: 0.0262 | Epoch Time: 0.58s | Spearman@80: 0.9093 | Kendall@80: 0.7348
Epoch 64/150 | Train Loss: 0.0257 | Epoch Time: 0.57s | Spearman@80: 0.8912 | Kendall@80: 0.7139
Epoch 65/150 | Train Loss: 0.0232 | Epoch Time: 0.58s | Spearman@80: 0.9136 | Kendall@80: 0.7468
Epoch 66/150 | Train Loss: 0.0255 | Epoch Time: 0.57s | Spearman@80: 0.9188 | Kendall@80: 0.7506
Epoch 67/150 | Train Loss: 0.0259 | Epoch Time: 0.57s | Spearman@80: 0.8914 | Kendall@80: 0.7196
Epoch 68/150 | Train Loss: 0.0238 | Epoch Time: 0.57s | Spearman@80: 0.9030 | Kendall@80: 0.7323
Epoch 69/150 | Train Loss: 0.0240 | Epoch Time: 0.57s | Spearman@80: 0.8680 | Kendall@80: 0.6975
Epoch 70/150 | Train Loss: 0.0282 | Epoch Time: 0.58s | Spearman@80: 0.8955 | Kendall@80: 0.7196
Epoch 71/150 | Train Loss: 0.0208 | Epoch Time: 0.57s | Spearman@80: 0.9067 | Kendall@80: 0.7291
Epoch 72/150 | Train Loss: 0.0242 | Epoch Time: 0.60s | Spearman@80: 0.8762 | Kendall@80: 0.6956
Epoch 73/150 | Train Loss: 0.0245 | Epoch Time: 0.60s | Spearman@80: 0.8818 | Kendall@80: 0.7051
Epoch 74/150 | Train Loss: 0.0231 | Epoch Time: 0.62s | Spearman@80: 0.9119 | Kendall@80: 0.7342
Epoch 75/150 | Train Loss: 0.0207 | Epoch Time: 0.60s | Spearman@80: 0.8997 | Kendall@80: 0.7190
Epoch 76/150 | Train Loss: 0.0232 | Epoch Time: 0.58s | Spearman@80: 0.9124 | Kendall@80: 0.7443
Epoch 77/150 | Train Loss: 0.0252 | Epoch Time: 0.58s | Spearman@80: 0.9000 | Kendall@80: 0.7310
Epoch 78/150 | Train Loss: 0.0167 | Epoch Time: 0.58s | Spearman@80: 0.8549 | Kendall@80: 0.6652
Epoch 79/150 | Train Loss: 0.0216 | Epoch Time: 0.58s | Spearman@80: 0.8975 | Kendall@80: 0.7196
Epoch 80/150 | Train Loss: 0.0210 | Epoch Time: 0.57s | Spearman@80: 0.9036 | Kendall@80: 0.7297
Epoch 81/150 | Train Loss: 0.0260 | Epoch Time: 0.58s | Spearman@80: 0.9056 | Kendall@80: 0.7304
Epoch 82/150 | Train Loss: 0.0293 | Epoch Time: 0.58s | Spearman@80: 0.9073 | Kendall@80: 0.7342
Epoch 83/150 | Train Loss: 0.0243 | Epoch Time: 0.58s | Spearman@80: 0.9032 | Kendall@80: 0.7335
Epoch 84/150 | Train Loss: 0.0238 | Epoch Time: 0.58s | Spearman@80: 0.9135 | Kendall@80: 0.7411
Epoch 85/150 | Train Loss: 0.0216 | Epoch Time: 0.58s | Spearman@80: 0.9326 | Kendall@80: 0.7741
Epoch 86/150 | Train Loss: 0.0243 | Epoch Time: 0.58s | Spearman@80: 0.9023 | Kendall@80: 0.7215
Epoch 87/150 | Train Loss: 0.0203 | Epoch Time: 0.58s | Spearman@80: 0.8921 | Kendall@80: 0.7120
Epoch 88/150 | Train Loss: 0.0231 | Epoch Time: 0.58s | Spearman@80: 0.8971 | Kendall@80: 0.7177
Epoch 89/150 | Train Loss: 0.0198 | Epoch Time: 0.57s | Spearman@80: 0.8875 | Kendall@80: 0.7082
Epoch 90/150 | Train Loss: 0.0217 | Epoch Time: 0.58s | Spearman@80: 0.8915 | Kendall@80: 0.7095
Epoch 91/150 | Train Loss: 0.0197 | Epoch Time: 0.57s | Spearman@80: 0.9179 | Kendall@80: 0.7430
Epoch 92/150 | Train Loss: 0.0155 | Epoch Time: 0.57s | Spearman@80: 0.8867 | Kendall@80: 0.7089
Epoch 93/150 | Train Loss: 0.0209 | Epoch Time: 0.58s | Spearman@80: 0.8921 | Kendall@80: 0.7196
Epoch 94/150 | Train Loss: 0.0196 | Epoch Time: 0.58s | Spearman@80: 0.8817 | Kendall@80: 0.7025
Epoch 95/150 | Train Loss: 0.0225 | Epoch Time: 0.58s | Spearman@80: 0.9067 | Kendall@80: 0.7329
Epoch 96/150 | Train Loss: 0.0163 | Epoch Time: 0.58s | Spearman@80: 0.8987 | Kendall@80: 0.7222
Epoch 97/150 | Train Loss: 0.0187 | Epoch Time: 0.57s | Spearman@80: 0.9145 | Kendall@80: 0.7354
Epoch 98/150 | Train Loss: 0.0204 | Epoch Time: 0.57s | Spearman@80: 0.8884 | Kendall@80: 0.7133
Epoch 99/150 | Train Loss: 0.0209 | Epoch Time: 0.57s | Spearman@80: 0.8977 | Kendall@80: 0.7241
Epoch 100/150 | Train Loss: 0.0167 | Epoch Time: 0.58s | Spearman@80: 0.8975 | Kendall@80: 0.7190
Epoch 101/150 | Train Loss: 0.0181 | Epoch Time: 0.57s | Spearman@80: 0.8922 | Kendall@80: 0.7184
Epoch 102/150 | Train Loss: 0.0178 | Epoch Time: 0.57s | Spearman@80: 0.8947 | Kendall@80: 0.7171
Epoch 103/150 | Train Loss: 0.0148 | Epoch Time: 0.58s | Spearman@80: 0.9019 | Kendall@80: 0.7253
Epoch 104/150 | Train Loss: 0.0173 | Epoch Time: 0.59s | Spearman@80: 0.9021 | Kendall@80: 0.7266
Epoch 105/150 | Train Loss: 0.0215 | Epoch Time: 0.58s | Spearman@80: 0.9081 | Kendall@80: 0.7310
Epoch 106/150 | Train Loss: 0.0147 | Epoch Time: 0.58s | Spearman@80: 0.8989 | Kendall@80: 0.7234
Epoch 107/150 | Train Loss: 0.0245 | Epoch Time: 0.58s | Spearman@80: 0.9070 | Kendall@80: 0.7329
Epoch 108/150 | Train Loss: 0.0225 | Epoch Time: 0.58s | Spearman@80: 0.9061 | Kendall@80: 0.7253
Epoch 109/150 | Train Loss: 0.0179 | Epoch Time: 0.57s | Spearman@80: 0.8964 | Kendall@80: 0.7177
Epoch 110/150 | Train Loss: 0.0150 | Epoch Time: 0.57s | Spearman@80: 0.8861 | Kendall@80: 0.7070
Epoch 111/150 | Train Loss: 0.0174 | Epoch Time: 0.57s | Spearman@80: 0.9100 | Kendall@80: 0.7373
Epoch 112/150 | Train Loss: 0.0164 | Epoch Time: 0.58s | Spearman@80: 0.9012 | Kendall@80: 0.7266
Epoch 113/150 | Train Loss: 0.0234 | Epoch Time: 0.58s | Spearman@80: 0.9117 | Kendall@80: 0.7348
Epoch 114/150 | Train Loss: 0.0141 | Epoch Time: 0.57s | Spearman@80: 0.8974 | Kendall@80: 0.7228
Epoch 115/150 | Train Loss: 0.0185 | Epoch Time: 0.57s | Spearman@80: 0.9140 | Kendall@80: 0.7392
Epoch 116/150 | Train Loss: 0.0137 | Epoch Time: 0.58s | Spearman@80: 0.9068 | Kendall@80: 0.7297
Epoch 117/150 | Train Loss: 0.0170 | Epoch Time: 0.58s | Spearman@80: 0.9018 | Kendall@80: 0.7266
Epoch 118/150 | Train Loss: 0.0174 | Epoch Time: 0.57s | Spearman@80: 0.9043 | Kendall@80: 0.7310
Epoch 119/150 | Train Loss: 0.0160 | Epoch Time: 0.58s | Spearman@80: 0.8943 | Kendall@80: 0.7171
Epoch 120/150 | Train Loss: 0.0151 | Epoch Time: 0.57s | Spearman@80: 0.8992 | Kendall@80: 0.7253
Epoch 121/150 | Train Loss: 0.0206 | Epoch Time: 0.58s | Spearman@80: 0.9040 | Kendall@80: 0.7323
Epoch 122/150 | Train Loss: 0.0166 | Epoch Time: 0.60s | Spearman@80: 0.8974 | Kendall@80: 0.7241
Epoch 123/150 | Train Loss: 0.0176 | Epoch Time: 0.59s | Spearman@80: 0.9037 | Kendall@80: 0.7304
Epoch 124/150 | Train Loss: 0.0162 | Epoch Time: 0.57s | Spearman@80: 0.9008 | Kendall@80: 0.7228
Epoch 125/150 | Train Loss: 0.0165 | Epoch Time: 0.58s | Spearman@80: 0.9024 | Kendall@80: 0.7278
Epoch 126/150 | Train Loss: 0.0183 | Epoch Time: 0.57s | Spearman@80: 0.9033 | Kendall@80: 0.7259
Epoch 127/150 | Train Loss: 0.0210 | Epoch Time: 0.58s | Spearman@80: 0.9020 | Kendall@80: 0.7253
Epoch 128/150 | Train Loss: 0.0167 | Epoch Time: 0.58s | Spearman@80: 0.9011 | Kendall@80: 0.7222
Epoch 129/150 | Train Loss: 0.0196 | Epoch Time: 0.58s | Spearman@80: 0.8927 | Kendall@80: 0.7139
Epoch 130/150 | Train Loss: 0.0188 | Epoch Time: 0.58s | Spearman@80: 0.8964 | Kendall@80: 0.7209
Epoch 131/150 | Train Loss: 0.0161 | Epoch Time: 0.58s | Spearman@80: 0.8960 | Kendall@80: 0.7190
Epoch 132/150 | Train Loss: 0.0173 | Epoch Time: 0.57s | Spearman@80: 0.8985 | Kendall@80: 0.7203
Epoch 133/150 | Train Loss: 0.0153 | Epoch Time: 0.57s | Spearman@80: 0.8993 | Kendall@80: 0.7215
Epoch 134/150 | Train Loss: 0.0165 | Epoch Time: 0.57s | Spearman@80: 0.8966 | Kendall@80: 0.7171
Epoch 135/150 | Train Loss: 0.0191 | Epoch Time: 0.59s | Spearman@80: 0.8991 | Kendall@80: 0.7209
Epoch 136/150 | Train Loss: 0.0158 | Epoch Time: 0.59s | Spearman@80: 0.8993 | Kendall@80: 0.7209
Epoch 137/150 | Train Loss: 0.0160 | Epoch Time: 0.58s | Spearman@80: 0.9001 | Kendall@80: 0.7222
Epoch 138/150 | Train Loss: 0.0169 | Epoch Time: 0.58s | Spearman@80: 0.9003 | Kendall@80: 0.7222
Epoch 139/150 | Train Loss: 0.0200 | Epoch Time: 0.59s | Spearman@80: 0.9003 | Kendall@80: 0.7247
Epoch 140/150 | Train Loss: 0.0111 | Epoch Time: 0.59s | Spearman@80: 0.9028 | Kendall@80: 0.7266
Epoch 141/150 | Train Loss: 0.0156 | Epoch Time: 0.59s | Spearman@80: 0.9034 | Kendall@80: 0.7259
Epoch 142/150 | Train Loss: 0.0153 | Epoch Time: 0.58s | Spearman@80: 0.8997 | Kendall@80: 0.7234
Epoch 143/150 | Train Loss: 0.0173 | Epoch Time: 0.58s | Spearman@80: 0.9024 | Kendall@80: 0.7253
Epoch 144/150 | Train Loss: 0.0156 | Epoch Time: 0.58s | Spearman@80: 0.9023 | Kendall@80: 0.7266
Epoch 145/150 | Train Loss: 0.0176 | Epoch Time: 0.58s | Spearman@80: 0.9003 | Kendall@80: 0.7215
Epoch 146/150 | Train Loss: 0.0167 | Epoch Time: 0.59s | Spearman@80: 0.9004 | Kendall@80: 0.7247
Epoch 147/150 | Train Loss: 0.0146 | Epoch Time: 35.71s | Spearman@423495: 0.8963 | Kendall@423495: 0.7209
Epoch 148/150 | Train Loss: 0.0168 | Epoch Time: 35.40s | Spearman@423495: 0.8961 | Kendall@423495: 0.7207
Epoch 149/150 | Train Loss: 0.0202 | Epoch Time: 35.51s | Spearman@423495: 0.8964 | Kendall@423495: 0.7213
Epoch 150/150 | Train Loss: 0.0181 | Epoch Time: 35.38s | Spearman@423495: 0.8958 | Kendall@423495: 0.7204
Sample Count: 128, Spearman: 0.8961499218504408, Kendall: 0.7208056896506517
{64: (0.8092448970727086, 0.6248431190853625),
 128: (0.8961499218504408, 0.7208056896506517)}
Epoch 1/150 | Train Loss: 0.0927 | Epoch Time: 0.27s | Spearman@80: 0.6395 | Kendall@80: 0.4677
Epoch 2/150 | Train Loss: 0.0700 | Epoch Time: 0.27s | Spearman@80: 0.6865 | Kendall@80: 0.4918
Epoch 3/150 | Train Loss: 0.0565 | Epoch Time: 0.27s | Spearman@80: 0.7401 | Kendall@80: 0.5399
Epoch 4/150 | Train Loss: 0.0483 | Epoch Time: 0.27s | Spearman@80: 0.7320 | Kendall@80: 0.5386
Epoch 5/150 | Train Loss: 0.0561 | Epoch Time: 0.27s | Spearman@80: 0.7451 | Kendall@80: 0.5557
Epoch 6/150 | Train Loss: 0.0515 | Epoch Time: 0.28s | Spearman@80: 0.7943 | Kendall@80: 0.5930
Epoch 7/150 | Train Loss: 0.0433 | Epoch Time: 0.27s | Spearman@80: 0.7607 | Kendall@80: 0.5620
Epoch 8/150 | Train Loss: 0.0421 | Epoch Time: 0.30s | Spearman@80: 0.8197 | Kendall@80: 0.6184
Epoch 9/150 | Train Loss: 0.0429 | Epoch Time: 0.30s | Spearman@80: 0.7853 | Kendall@80: 0.5892
Epoch 10/150 | Train Loss: 0.0397 | Epoch Time: 0.30s | Spearman@80: 0.8186 | Kendall@80: 0.6222
Epoch 11/150 | Train Loss: 0.0479 | Epoch Time: 0.30s | Spearman@80: 0.8308 | Kendall@80: 0.6297
Epoch 12/150 | Train Loss: 0.0460 | Epoch Time: 0.30s | Spearman@80: 0.8536 | Kendall@80: 0.6633
Epoch 13/150 | Train Loss: 0.0399 | Epoch Time: 0.30s | Spearman@80: 0.8323 | Kendall@80: 0.6386
Epoch 14/150 | Train Loss: 0.0373 | Epoch Time: 0.30s | Spearman@80: 0.7947 | Kendall@80: 0.5981
Epoch 15/150 | Train Loss: 0.0414 | Epoch Time: 0.30s | Spearman@80: 0.8110 | Kendall@80: 0.6108
Epoch 16/150 | Train Loss: 0.0352 | Epoch Time: 0.29s | Spearman@80: 0.7995 | Kendall@80: 0.5968
Epoch 17/150 | Train Loss: 0.0399 | Epoch Time: 0.29s | Spearman@80: 0.8541 | Kendall@80: 0.6684
Epoch 18/150 | Train Loss: 0.0397 | Epoch Time: 0.30s | Spearman@80: 0.8535 | Kendall@80: 0.6627
Epoch 19/150 | Train Loss: 0.0383 | Epoch Time: 0.29s | Spearman@80: 0.8228 | Kendall@80: 0.6228
Epoch 20/150 | Train Loss: 0.0433 | Epoch Time: 0.30s | Spearman@80: 0.8057 | Kendall@80: 0.5987
Epoch 21/150 | Train Loss: 0.0385 | Epoch Time: 0.29s | Spearman@80: 0.7917 | Kendall@80: 0.5899
Epoch 22/150 | Train Loss: 0.0256 | Epoch Time: 0.29s | Spearman@80: 0.8130 | Kendall@80: 0.6171
Epoch 23/150 | Train Loss: 0.0301 | Epoch Time: 0.29s | Spearman@80: 0.8026 | Kendall@80: 0.6089
Epoch 24/150 | Train Loss: 0.0335 | Epoch Time: 0.30s | Spearman@80: 0.8008 | Kendall@80: 0.6006
Epoch 25/150 | Train Loss: 0.0458 | Epoch Time: 0.30s | Spearman@80: 0.8007 | Kendall@80: 0.6057
Epoch 26/150 | Train Loss: 0.0280 | Epoch Time: 0.30s | Spearman@80: 0.8343 | Kendall@80: 0.6361
Epoch 27/150 | Train Loss: 0.0452 | Epoch Time: 0.30s | Spearman@80: 0.8258 | Kendall@80: 0.6310
Epoch 28/150 | Train Loss: 0.0335 | Epoch Time: 0.30s | Spearman@80: 0.8356 | Kendall@80: 0.6380
Epoch 29/150 | Train Loss: 0.0346 | Epoch Time: 0.29s | Spearman@80: 0.8395 | Kendall@80: 0.6430
Epoch 30/150 | Train Loss: 0.0312 | Epoch Time: 0.30s | Spearman@80: 0.8313 | Kendall@80: 0.6392
Epoch 31/150 | Train Loss: 0.0365 | Epoch Time: 0.30s | Spearman@80: 0.8278 | Kendall@80: 0.6266
Epoch 32/150 | Train Loss: 0.0344 | Epoch Time: 0.30s | Spearman@80: 0.8322 | Kendall@80: 0.6373
Epoch 33/150 | Train Loss: 0.0314 | Epoch Time: 0.30s | Spearman@80: 0.8470 | Kendall@80: 0.6576
Epoch 34/150 | Train Loss: 0.0282 | Epoch Time: 0.30s | Spearman@80: 0.8239 | Kendall@80: 0.6392
Epoch 35/150 | Train Loss: 0.0346 | Epoch Time: 0.30s | Spearman@80: 0.8587 | Kendall@80: 0.6690
Epoch 36/150 | Train Loss: 0.0341 | Epoch Time: 0.29s | Spearman@80: 0.8651 | Kendall@80: 0.6753
Epoch 37/150 | Train Loss: 0.0359 | Epoch Time: 0.30s | Spearman@80: 0.8488 | Kendall@80: 0.6595
Epoch 38/150 | Train Loss: 0.0275 | Epoch Time: 0.29s | Spearman@80: 0.8345 | Kendall@80: 0.6449
Epoch 39/150 | Train Loss: 0.0341 | Epoch Time: 0.30s | Spearman@80: 0.8339 | Kendall@80: 0.6424
Epoch 40/150 | Train Loss: 0.0338 | Epoch Time: 0.29s | Spearman@80: 0.8135 | Kendall@80: 0.6215
Epoch 41/150 | Train Loss: 0.0347 | Epoch Time: 0.30s | Spearman@80: 0.8011 | Kendall@80: 0.6076
Epoch 42/150 | Train Loss: 0.0350 | Epoch Time: 0.30s | Spearman@80: 0.8193 | Kendall@80: 0.6310
Epoch 43/150 | Train Loss: 0.0380 | Epoch Time: 0.29s | Spearman@80: 0.8349 | Kendall@80: 0.6456
Epoch 44/150 | Train Loss: 0.0306 | Epoch Time: 0.30s | Spearman@80: 0.8540 | Kendall@80: 0.6608
Epoch 45/150 | Train Loss: 0.0320 | Epoch Time: 0.29s | Spearman@80: 0.8588 | Kendall@80: 0.6703
Epoch 46/150 | Train Loss: 0.0288 | Epoch Time: 0.30s | Spearman@80: 0.8679 | Kendall@80: 0.6785
Epoch 47/150 | Train Loss: 0.0296 | Epoch Time: 0.30s | Spearman@80: 0.8653 | Kendall@80: 0.6728
Epoch 48/150 | Train Loss: 0.0318 | Epoch Time: 0.29s | Spearman@80: 0.8428 | Kendall@80: 0.6475
Epoch 49/150 | Train Loss: 0.0346 | Epoch Time: 0.29s | Spearman@80: 0.8688 | Kendall@80: 0.6759
Epoch 50/150 | Train Loss: 0.0268 | Epoch Time: 0.29s | Spearman@80: 0.8507 | Kendall@80: 0.6595
Epoch 51/150 | Train Loss: 0.0401 | Epoch Time: 0.29s | Spearman@80: 0.8485 | Kendall@80: 0.6576
Epoch 52/150 | Train Loss: 0.0225 | Epoch Time: 0.29s | Spearman@80: 0.8522 | Kendall@80: 0.6627
Epoch 53/150 | Train Loss: 0.0300 | Epoch Time: 0.30s | Spearman@80: 0.8485 | Kendall@80: 0.6570
Epoch 54/150 | Train Loss: 0.0252 | Epoch Time: 0.29s | Spearman@80: 0.8495 | Kendall@80: 0.6563
Epoch 55/150 | Train Loss: 0.0345 | Epoch Time: 0.29s | Spearman@80: 0.8407 | Kendall@80: 0.6532
Epoch 56/150 | Train Loss: 0.0333 | Epoch Time: 0.29s | Spearman@80: 0.7901 | Kendall@80: 0.6089
Epoch 57/150 | Train Loss: 0.0370 | Epoch Time: 0.29s | Spearman@80: 0.7962 | Kendall@80: 0.6127
Epoch 58/150 | Train Loss: 0.0279 | Epoch Time: 0.29s | Spearman@80: 0.8155 | Kendall@80: 0.6266
Epoch 59/150 | Train Loss: 0.0301 | Epoch Time: 0.29s | Spearman@80: 0.8016 | Kendall@80: 0.6120
Epoch 60/150 | Train Loss: 0.0309 | Epoch Time: 0.29s | Spearman@80: 0.8042 | Kendall@80: 0.6177
Epoch 61/150 | Train Loss: 0.0320 | Epoch Time: 0.29s | Spearman@80: 0.8259 | Kendall@80: 0.6380
Epoch 62/150 | Train Loss: 0.0272 | Epoch Time: 0.30s | Spearman@80: 0.8270 | Kendall@80: 0.6373
Epoch 63/150 | Train Loss: 0.0223 | Epoch Time: 0.29s | Spearman@80: 0.8365 | Kendall@80: 0.6449
Epoch 64/150 | Train Loss: 0.0300 | Epoch Time: 0.29s | Spearman@80: 0.8122 | Kendall@80: 0.6222
Epoch 65/150 | Train Loss: 0.0211 | Epoch Time: 0.29s | Spearman@80: 0.7703 | Kendall@80: 0.5867
Epoch 66/150 | Train Loss: 0.0272 | Epoch Time: 0.29s | Spearman@80: 0.8059 | Kendall@80: 0.6177
Epoch 67/150 | Train Loss: 0.0259 | Epoch Time: 0.29s | Spearman@80: 0.8274 | Kendall@80: 0.6405
Epoch 68/150 | Train Loss: 0.0266 | Epoch Time: 0.30s | Spearman@80: 0.7930 | Kendall@80: 0.6139
Epoch 69/150 | Train Loss: 0.0230 | Epoch Time: 0.29s | Spearman@80: 0.8250 | Kendall@80: 0.6424
Epoch 70/150 | Train Loss: 0.0221 | Epoch Time: 0.29s | Spearman@80: 0.7969 | Kendall@80: 0.6070
Epoch 71/150 | Train Loss: 0.0226 | Epoch Time: 0.29s | Spearman@80: 0.8290 | Kendall@80: 0.6380
Epoch 72/150 | Train Loss: 0.0305 | Epoch Time: 0.30s | Spearman@80: 0.8385 | Kendall@80: 0.6557
Epoch 73/150 | Train Loss: 0.0191 | Epoch Time: 0.29s | Spearman@80: 0.8216 | Kendall@80: 0.6354
Epoch 74/150 | Train Loss: 0.0246 | Epoch Time: 0.30s | Spearman@80: 0.8461 | Kendall@80: 0.6582
Epoch 75/150 | Train Loss: 0.0314 | Epoch Time: 0.29s | Spearman@80: 0.8126 | Kendall@80: 0.6222
Epoch 76/150 | Train Loss: 0.0367 | Epoch Time: 0.29s | Spearman@80: 0.8073 | Kendall@80: 0.6152
Epoch 77/150 | Train Loss: 0.0329 | Epoch Time: 0.29s | Spearman@80: 0.8179 | Kendall@80: 0.6304
Epoch 78/150 | Train Loss: 0.0246 | Epoch Time: 0.29s | Spearman@80: 0.8116 | Kendall@80: 0.6234
Epoch 79/150 | Train Loss: 0.0281 | Epoch Time: 0.30s | Spearman@80: 0.8147 | Kendall@80: 0.6234
Epoch 80/150 | Train Loss: 0.0193 | Epoch Time: 0.29s | Spearman@80: 0.8354 | Kendall@80: 0.6513
Epoch 81/150 | Train Loss: 0.0186 | Epoch Time: 0.30s | Spearman@80: 0.8178 | Kendall@80: 0.6335
Epoch 82/150 | Train Loss: 0.0193 | Epoch Time: 0.30s | Spearman@80: 0.8230 | Kendall@80: 0.6348
Epoch 83/150 | Train Loss: 0.0343 | Epoch Time: 0.30s | Spearman@80: 0.8404 | Kendall@80: 0.6544
Epoch 84/150 | Train Loss: 0.0235 | Epoch Time: 0.29s | Spearman@80: 0.8436 | Kendall@80: 0.6513
Epoch 85/150 | Train Loss: 0.0175 | Epoch Time: 0.30s | Spearman@80: 0.8297 | Kendall@80: 0.6392
Epoch 86/150 | Train Loss: 0.0182 | Epoch Time: 0.29s | Spearman@80: 0.8193 | Kendall@80: 0.6297
Epoch 87/150 | Train Loss: 0.0216 | Epoch Time: 0.30s | Spearman@80: 0.8207 | Kendall@80: 0.6329
Epoch 88/150 | Train Loss: 0.0188 | Epoch Time: 0.29s | Spearman@80: 0.8020 | Kendall@80: 0.6190
Epoch 89/150 | Train Loss: 0.0191 | Epoch Time: 0.29s | Spearman@80: 0.8011 | Kendall@80: 0.6152
Epoch 90/150 | Train Loss: 0.0148 | Epoch Time: 0.29s | Spearman@80: 0.8016 | Kendall@80: 0.6152
Epoch 91/150 | Train Loss: 0.0164 | Epoch Time: 0.29s | Spearman@80: 0.8040 | Kendall@80: 0.6165
Epoch 92/150 | Train Loss: 0.0185 | Epoch Time: 0.30s | Spearman@80: 0.8015 | Kendall@80: 0.6165
Epoch 93/150 | Train Loss: 0.0188 | Epoch Time: 0.29s | Spearman@80: 0.7847 | Kendall@80: 0.6051
Epoch 94/150 | Train Loss: 0.0243 | Epoch Time: 0.30s | Spearman@80: 0.7821 | Kendall@80: 0.5981
Epoch 95/150 | Train Loss: 0.0139 | Epoch Time: 0.29s | Spearman@80: 0.7848 | Kendall@80: 0.6013
Epoch 96/150 | Train Loss: 0.0192 | Epoch Time: 0.30s | Spearman@80: 0.7898 | Kendall@80: 0.6013
Epoch 97/150 | Train Loss: 0.0170 | Epoch Time: 0.30s | Spearman@80: 0.8146 | Kendall@80: 0.6203
Epoch 98/150 | Train Loss: 0.0187 | Epoch Time: 0.29s | Spearman@80: 0.8006 | Kendall@80: 0.6184
Epoch 99/150 | Train Loss: 0.0159 | Epoch Time: 0.29s | Spearman@80: 0.7999 | Kendall@80: 0.6152
Epoch 100/150 | Train Loss: 0.0237 | Epoch Time: 0.29s | Spearman@80: 0.8071 | Kendall@80: 0.6203
Epoch 101/150 | Train Loss: 0.0203 | Epoch Time: 0.30s | Spearman@80: 0.8027 | Kendall@80: 0.6095
Epoch 102/150 | Train Loss: 0.0153 | Epoch Time: 0.30s | Spearman@80: 0.8032 | Kendall@80: 0.6177
Epoch 103/150 | Train Loss: 0.0240 | Epoch Time: 0.29s | Spearman@80: 0.8007 | Kendall@80: 0.6108
Epoch 104/150 | Train Loss: 0.0133 | Epoch Time: 0.30s | Spearman@80: 0.7885 | Kendall@80: 0.5956
Epoch 105/150 | Train Loss: 0.0166 | Epoch Time: 0.29s | Spearman@80: 0.7974 | Kendall@80: 0.6044
Epoch 106/150 | Train Loss: 0.0178 | Epoch Time: 0.30s | Spearman@80: 0.8027 | Kendall@80: 0.6070
Epoch 107/150 | Train Loss: 0.0181 | Epoch Time: 0.30s | Spearman@80: 0.7769 | Kendall@80: 0.5905
Epoch 108/150 | Train Loss: 0.0174 | Epoch Time: 0.30s | Spearman@80: 0.7736 | Kendall@80: 0.5937
Epoch 109/150 | Train Loss: 0.0144 | Epoch Time: 0.31s | Spearman@80: 0.8007 | Kendall@80: 0.6203
Epoch 110/150 | Train Loss: 0.0235 | Epoch Time: 0.30s | Spearman@80: 0.8207 | Kendall@80: 0.6342
Epoch 111/150 | Train Loss: 0.0189 | Epoch Time: 0.30s | Spearman@80: 0.8160 | Kendall@80: 0.6259
Epoch 112/150 | Train Loss: 0.0167 | Epoch Time: 0.29s | Spearman@80: 0.8105 | Kendall@80: 0.6241
Epoch 113/150 | Train Loss: 0.0144 | Epoch Time: 0.30s | Spearman@80: 0.8083 | Kendall@80: 0.6215
Epoch 114/150 | Train Loss: 0.0136 | Epoch Time: 0.30s | Spearman@80: 0.8017 | Kendall@80: 0.6165
Epoch 115/150 | Train Loss: 0.0121 | Epoch Time: 0.30s | Spearman@80: 0.8017 | Kendall@80: 0.6165
Epoch 116/150 | Train Loss: 0.0143 | Epoch Time: 0.29s | Spearman@80: 0.7996 | Kendall@80: 0.6127
Epoch 117/150 | Train Loss: 0.0137 | Epoch Time: 0.29s | Spearman@80: 0.7944 | Kendall@80: 0.6076
Epoch 118/150 | Train Loss: 0.0200 | Epoch Time: 0.29s | Spearman@80: 0.7945 | Kendall@80: 0.6076
Epoch 119/150 | Train Loss: 0.0169 | Epoch Time: 0.29s | Spearman@80: 0.7951 | Kendall@80: 0.6127
Epoch 120/150 | Train Loss: 0.0140 | Epoch Time: 0.30s | Spearman@80: 0.7962 | Kendall@80: 0.6114
Epoch 121/150 | Train Loss: 0.0162 | Epoch Time: 0.33s | Spearman@80: 0.7992 | Kendall@80: 0.6108
Epoch 122/150 | Train Loss: 0.0164 | Epoch Time: 0.31s | Spearman@80: 0.7924 | Kendall@80: 0.6076
Epoch 123/150 | Train Loss: 0.0114 | Epoch Time: 0.30s | Spearman@80: 0.7881 | Kendall@80: 0.6013
Epoch 124/150 | Train Loss: 0.0112 | Epoch Time: 0.31s | Spearman@80: 0.7909 | Kendall@80: 0.6070
Epoch 125/150 | Train Loss: 0.0164 | Epoch Time: 0.31s | Spearman@80: 0.7849 | Kendall@80: 0.6013
Epoch 126/150 | Train Loss: 0.0133 | Epoch Time: 0.30s | Spearman@80: 0.7847 | Kendall@80: 0.6006
Epoch 127/150 | Train Loss: 0.0165 | Epoch Time: 0.30s | Spearman@80: 0.7925 | Kendall@80: 0.6057
Epoch 128/150 | Train Loss: 0.0149 | Epoch Time: 0.30s | Spearman@80: 0.7973 | Kendall@80: 0.6120
Epoch 129/150 | Train Loss: 0.0281 | Epoch Time: 0.33s | Spearman@80: 0.8001 | Kendall@80: 0.6146
Epoch 130/150 | Train Loss: 0.0138 | Epoch Time: 0.32s | Spearman@80: 0.7946 | Kendall@80: 0.6101
Epoch 131/150 | Train Loss: 0.0172 | Epoch Time: 0.31s | Spearman@80: 0.7958 | Kendall@80: 0.6120
Epoch 132/150 | Train Loss: 0.0172 | Epoch Time: 0.32s | Spearman@80: 0.8000 | Kendall@80: 0.6146
Epoch 133/150 | Train Loss: 0.0142 | Epoch Time: 0.31s | Spearman@80: 0.7956 | Kendall@80: 0.6076
Epoch 134/150 | Train Loss: 0.0148 | Epoch Time: 0.31s | Spearman@80: 0.7911 | Kendall@80: 0.6006
Epoch 135/150 | Train Loss: 0.0161 | Epoch Time: 0.31s | Spearman@80: 0.7923 | Kendall@80: 0.6019
Epoch 136/150 | Train Loss: 0.0189 | Epoch Time: 0.31s | Spearman@80: 0.7933 | Kendall@80: 0.6044
Epoch 137/150 | Train Loss: 0.0178 | Epoch Time: 0.31s | Spearman@80: 0.7918 | Kendall@80: 0.6000
Epoch 138/150 | Train Loss: 0.0143 | Epoch Time: 0.31s | Spearman@80: 0.7931 | Kendall@80: 0.6038
Epoch 139/150 | Train Loss: 0.0129 | Epoch Time: 0.30s | Spearman@80: 0.7947 | Kendall@80: 0.6051
Epoch 140/150 | Train Loss: 0.0157 | Epoch Time: 0.31s | Spearman@80: 0.7966 | Kendall@80: 0.6063
Epoch 141/150 | Train Loss: 0.0131 | Epoch Time: 0.31s | Spearman@80: 0.7962 | Kendall@80: 0.6057
Epoch 142/150 | Train Loss: 0.0119 | Epoch Time: 0.30s | Spearman@80: 0.7976 | Kendall@80: 0.6070
Epoch 143/150 | Train Loss: 0.0108 | Epoch Time: 0.30s | Spearman@80: 0.7947 | Kendall@80: 0.6013
Epoch 144/150 | Train Loss: 0.0115 | Epoch Time: 0.30s | Spearman@80: 0.7959 | Kendall@80: 0.6070
Epoch 145/150 | Train Loss: 0.0102 | Epoch Time: 0.30s | Spearman@80: 0.7955 | Kendall@80: 0.6063
Epoch 146/150 | Train Loss: 0.0131 | Epoch Time: 0.30s | Spearman@80: 0.7957 | Kendall@80: 0.6070
Epoch 147/150 | Train Loss: 0.0152 | Epoch Time: 35.45s | Spearman@423559: 0.7762 | Kendall@423559: 0.5847
Epoch 148/150 | Train Loss: 0.0140 | Epoch Time: 35.59s | Spearman@423559: 0.7776 | Kendall@423559: 0.5861
Epoch 149/150 | Train Loss: 0.0162 | Epoch Time: 35.54s | Spearman@423559: 0.7781 | Kendall@423559: 0.5866
Epoch 150/150 | Train Loss: 0.0168 | Epoch Time: 35.52s | Spearman@423559: 0.7777 | Kendall@423559: 0.5861
Sample Count: 64, Spearman: 0.7774011718010866, Kendall: 0.5859087414495051
{64: (0.7774011718010866, 0.5859087414495051),
 128: (0.8961499218504408, 0.7208056896506517)}
Epoch 1/150 | Train Loss: 0.0943 | Epoch Time: 0.53s | Spearman@80: 0.5237 | Kendall@80: 0.3668
Epoch 2/150 | Train Loss: 0.0657 | Epoch Time: 0.52s | Spearman@80: 0.7719 | Kendall@80: 0.5979
Epoch 3/150 | Train Loss: 0.0643 | Epoch Time: 0.52s | Spearman@80: 0.7526 | Kendall@80: 0.5808
Epoch 4/150 | Train Loss: 0.0536 | Epoch Time: 0.53s | Spearman@80: 0.7496 | Kendall@80: 0.5643
Epoch 5/150 | Train Loss: 0.0520 | Epoch Time: 0.54s | Spearman@80: 0.7725 | Kendall@80: 0.6055
Epoch 6/150 | Train Loss: 0.0511 | Epoch Time: 0.53s | Spearman@80: 0.7553 | Kendall@80: 0.5821
Epoch 7/150 | Train Loss: 0.0535 | Epoch Time: 0.52s | Spearman@80: 0.8285 | Kendall@80: 0.6523
Epoch 8/150 | Train Loss: 0.0477 | Epoch Time: 0.52s | Spearman@80: 0.8100 | Kendall@80: 0.6346
Epoch 9/150 | Train Loss: 0.0497 | Epoch Time: 0.52s | Spearman@80: 0.7961 | Kendall@80: 0.6137
Epoch 10/150 | Train Loss: 0.0541 | Epoch Time: 0.53s | Spearman@80: 0.8002 | Kendall@80: 0.6238
Epoch 11/150 | Train Loss: 0.0524 | Epoch Time: 0.53s | Spearman@80: 0.7730 | Kendall@80: 0.5897
Epoch 12/150 | Train Loss: 0.0484 | Epoch Time: 0.54s | Spearman@80: 0.8050 | Kendall@80: 0.6384
Epoch 13/150 | Train Loss: 0.0468 | Epoch Time: 0.54s | Spearman@80: 0.7763 | Kendall@80: 0.6017
Epoch 14/150 | Train Loss: 0.0526 | Epoch Time: 0.53s | Spearman@80: 0.8042 | Kendall@80: 0.6238
Epoch 15/150 | Train Loss: 0.0482 | Epoch Time: 0.53s | Spearman@80: 0.8579 | Kendall@80: 0.6846
Epoch 16/150 | Train Loss: 0.0495 | Epoch Time: 0.54s | Spearman@80: 0.8014 | Kendall@80: 0.6314
Epoch 17/150 | Train Loss: 0.0435 | Epoch Time: 0.54s | Spearman@80: 0.7965 | Kendall@80: 0.6314
Epoch 18/150 | Train Loss: 0.0423 | Epoch Time: 0.53s | Spearman@80: 0.8208 | Kendall@80: 0.6473
Epoch 19/150 | Train Loss: 0.0438 | Epoch Time: 0.54s | Spearman@80: 0.8315 | Kendall@80: 0.6605
Epoch 20/150 | Train Loss: 0.0392 | Epoch Time: 0.53s | Spearman@80: 0.8422 | Kendall@80: 0.6650
Epoch 21/150 | Train Loss: 0.0461 | Epoch Time: 0.54s | Spearman@80: 0.8446 | Kendall@80: 0.6618
Epoch 22/150 | Train Loss: 0.0339 | Epoch Time: 0.53s | Spearman@80: 0.8151 | Kendall@80: 0.6409
Epoch 23/150 | Train Loss: 0.0358 | Epoch Time: 0.53s | Spearman@80: 0.8176 | Kendall@80: 0.6542
Epoch 24/150 | Train Loss: 0.0360 | Epoch Time: 0.53s | Spearman@80: 0.8390 | Kendall@80: 0.6624
Epoch 25/150 | Train Loss: 0.0418 | Epoch Time: 0.52s | Spearman@80: 0.8403 | Kendall@80: 0.6530
Epoch 26/150 | Train Loss: 0.0378 | Epoch Time: 0.58s | Spearman@80: 0.8382 | Kendall@80: 0.6618
Epoch 27/150 | Train Loss: 0.0407 | Epoch Time: 0.58s | Spearman@80: 0.8379 | Kendall@80: 0.6599
Epoch 28/150 | Train Loss: 0.0377 | Epoch Time: 0.58s | Spearman@80: 0.8479 | Kendall@80: 0.6713
Epoch 29/150 | Train Loss: 0.0410 | Epoch Time: 0.58s | Spearman@80: 0.8109 | Kendall@80: 0.6321
Epoch 30/150 | Train Loss: 0.0442 | Epoch Time: 0.58s | Spearman@80: 0.8086 | Kendall@80: 0.6321
Epoch 31/150 | Train Loss: 0.0421 | Epoch Time: 0.57s | Spearman@80: 0.7986 | Kendall@80: 0.6124
Epoch 32/150 | Train Loss: 0.0393 | Epoch Time: 0.58s | Spearman@80: 0.8542 | Kendall@80: 0.6776
Epoch 33/150 | Train Loss: 0.0493 | Epoch Time: 0.57s | Spearman@80: 0.8628 | Kendall@80: 0.6814
Epoch 34/150 | Train Loss: 0.0355 | Epoch Time: 0.59s | Spearman@80: 0.8763 | Kendall@80: 0.6998
Epoch 35/150 | Train Loss: 0.0385 | Epoch Time: 0.58s | Spearman@80: 0.8701 | Kendall@80: 0.6992
Epoch 36/150 | Train Loss: 0.0314 | Epoch Time: 0.58s | Spearman@80: 0.8698 | Kendall@80: 0.6897
Epoch 37/150 | Train Loss: 0.0435 | Epoch Time: 0.58s | Spearman@80: 0.8189 | Kendall@80: 0.6359
Epoch 38/150 | Train Loss: 0.0439 | Epoch Time: 0.58s | Spearman@80: 0.8538 | Kendall@80: 0.6770
Epoch 39/150 | Train Loss: 0.0380 | Epoch Time: 0.57s | Spearman@80: 0.8277 | Kendall@80: 0.6454
Epoch 40/150 | Train Loss: 0.0372 | Epoch Time: 0.58s | Spearman@80: 0.8404 | Kendall@80: 0.6669
Epoch 41/150 | Train Loss: 0.0397 | Epoch Time: 0.58s | Spearman@80: 0.8288 | Kendall@80: 0.6511
Epoch 42/150 | Train Loss: 0.0302 | Epoch Time: 0.58s | Spearman@80: 0.8578 | Kendall@80: 0.6795
Epoch 43/150 | Train Loss: 0.0366 | Epoch Time: 0.57s | Spearman@80: 0.7770 | Kendall@80: 0.6048
Epoch 44/150 | Train Loss: 0.0358 | Epoch Time: 0.58s | Spearman@80: 0.8310 | Kendall@80: 0.6574
Epoch 45/150 | Train Loss: 0.0384 | Epoch Time: 0.57s | Spearman@80: 0.8823 | Kendall@80: 0.7112
Epoch 46/150 | Train Loss: 0.0384 | Epoch Time: 0.57s | Spearman@80: 0.8642 | Kendall@80: 0.6852
Epoch 47/150 | Train Loss: 0.0277 | Epoch Time: 0.58s | Spearman@80: 0.8716 | Kendall@80: 0.6903
Epoch 48/150 | Train Loss: 0.0335 | Epoch Time: 0.57s | Spearman@80: 0.8513 | Kendall@80: 0.6656
Epoch 49/150 | Train Loss: 0.0336 | Epoch Time: 0.58s | Spearman@80: 0.8697 | Kendall@80: 0.6916
Epoch 50/150 | Train Loss: 0.0297 | Epoch Time: 0.58s | Spearman@80: 0.8660 | Kendall@80: 0.6916
Epoch 51/150 | Train Loss: 0.0355 | Epoch Time: 0.57s | Spearman@80: 0.8679 | Kendall@80: 0.6909
Epoch 52/150 | Train Loss: 0.0327 | Epoch Time: 0.58s | Spearman@80: 0.8529 | Kendall@80: 0.6770
Epoch 53/150 | Train Loss: 0.0316 | Epoch Time: 0.58s | Spearman@80: 0.8598 | Kendall@80: 0.6707
Epoch 54/150 | Train Loss: 0.0278 | Epoch Time: 0.57s | Spearman@80: 0.8535 | Kendall@80: 0.6713
Epoch 55/150 | Train Loss: 0.0273 | Epoch Time: 0.58s | Spearman@80: 0.8653 | Kendall@80: 0.6757
Epoch 56/150 | Train Loss: 0.0330 | Epoch Time: 0.57s | Spearman@80: 0.8909 | Kendall@80: 0.7264
Epoch 57/150 | Train Loss: 0.0348 | Epoch Time: 0.59s | Spearman@80: 0.8861 | Kendall@80: 0.7125
Epoch 58/150 | Train Loss: 0.0249 | Epoch Time: 0.60s | Spearman@80: 0.8459 | Kendall@80: 0.6643
Epoch 59/150 | Train Loss: 0.0323 | Epoch Time: 0.59s | Spearman@80: 0.9029 | Kendall@80: 0.7365
Epoch 60/150 | Train Loss: 0.0322 | Epoch Time: 0.61s | Spearman@80: 0.8560 | Kendall@80: 0.6757
Epoch 61/150 | Train Loss: 0.0303 | Epoch Time: 0.60s | Spearman@80: 0.8225 | Kendall@80: 0.6321
Epoch 62/150 | Train Loss: 0.0322 | Epoch Time: 0.57s | Spearman@80: 0.8828 | Kendall@80: 0.7150
Epoch 63/150 | Train Loss: 0.0256 | Epoch Time: 0.58s | Spearman@80: 0.8859 | Kendall@80: 0.7118
Epoch 64/150 | Train Loss: 0.0311 | Epoch Time: 0.58s | Spearman@80: 0.8941 | Kendall@80: 0.7238
Epoch 65/150 | Train Loss: 0.0298 | Epoch Time: 0.58s | Spearman@80: 0.9156 | Kendall@80: 0.7460
Epoch 66/150 | Train Loss: 0.0264 | Epoch Time: 0.58s | Spearman@80: 0.8684 | Kendall@80: 0.6871
Epoch 67/150 | Train Loss: 0.0253 | Epoch Time: 0.59s | Spearman@80: 0.9021 | Kendall@80: 0.7321
Epoch 68/150 | Train Loss: 0.0233 | Epoch Time: 0.58s | Spearman@80: 0.8527 | Kendall@80: 0.6751
Epoch 69/150 | Train Loss: 0.0289 | Epoch Time: 0.57s | Spearman@80: 0.8660 | Kendall@80: 0.6871
Epoch 70/150 | Train Loss: 0.0285 | Epoch Time: 0.58s | Spearman@80: 0.8702 | Kendall@80: 0.6922
Epoch 71/150 | Train Loss: 0.0315 | Epoch Time: 0.57s | Spearman@80: 0.8981 | Kendall@80: 0.7201
Epoch 72/150 | Train Loss: 0.0321 | Epoch Time: 0.58s | Spearman@80: 0.8998 | Kendall@80: 0.7264
Epoch 73/150 | Train Loss: 0.0261 | Epoch Time: 0.57s | Spearman@80: 0.8987 | Kendall@80: 0.7182
Epoch 74/150 | Train Loss: 0.0236 | Epoch Time: 0.57s | Spearman@80: 0.8354 | Kendall@80: 0.6517
Epoch 75/150 | Train Loss: 0.0319 | Epoch Time: 0.58s | Spearman@80: 0.8881 | Kendall@80: 0.7061
Epoch 76/150 | Train Loss: 0.0204 | Epoch Time: 0.58s | Spearman@80: 0.8792 | Kendall@80: 0.6973
Epoch 77/150 | Train Loss: 0.0270 | Epoch Time: 0.58s | Spearman@80: 0.8838 | Kendall@80: 0.6998
Epoch 78/150 | Train Loss: 0.0225 | Epoch Time: 0.58s | Spearman@80: 0.9044 | Kendall@80: 0.7295
Epoch 79/150 | Train Loss: 0.0279 | Epoch Time: 0.59s | Spearman@80: 0.8578 | Kendall@80: 0.6650
Epoch 80/150 | Train Loss: 0.0268 | Epoch Time: 0.59s | Spearman@80: 0.8637 | Kendall@80: 0.6688
Epoch 81/150 | Train Loss: 0.0228 | Epoch Time: 0.58s | Spearman@80: 0.8963 | Kendall@80: 0.7169
Epoch 82/150 | Train Loss: 0.0266 | Epoch Time: 0.59s | Spearman@80: 0.8696 | Kendall@80: 0.6821
Epoch 83/150 | Train Loss: 0.0248 | Epoch Time: 0.60s | Spearman@80: 0.8621 | Kendall@80: 0.6713
Epoch 84/150 | Train Loss: 0.0261 | Epoch Time: 0.59s | Spearman@80: 0.8950 | Kendall@80: 0.7087
Epoch 85/150 | Train Loss: 0.0235 | Epoch Time: 0.58s | Spearman@80: 0.8842 | Kendall@80: 0.7004
Epoch 86/150 | Train Loss: 0.0204 | Epoch Time: 0.59s | Spearman@80: 0.8827 | Kendall@80: 0.6966
Epoch 87/150 | Train Loss: 0.0213 | Epoch Time: 0.59s | Spearman@80: 0.8854 | Kendall@80: 0.7061
Epoch 88/150 | Train Loss: 0.0190 | Epoch Time: 0.59s | Spearman@80: 0.8956 | Kendall@80: 0.7150
Epoch 89/150 | Train Loss: 0.0236 | Epoch Time: 0.58s | Spearman@80: 0.8722 | Kendall@80: 0.6840
Epoch 90/150 | Train Loss: 0.0204 | Epoch Time: 0.59s | Spearman@80: 0.8823 | Kendall@80: 0.6960
Epoch 91/150 | Train Loss: 0.0236 | Epoch Time: 0.58s | Spearman@80: 0.8836 | Kendall@80: 0.6941
Epoch 92/150 | Train Loss: 0.0190 | Epoch Time: 0.59s | Spearman@80: 0.9002 | Kendall@80: 0.7156
Epoch 93/150 | Train Loss: 0.0201 | Epoch Time: 0.59s | Spearman@80: 0.9003 | Kendall@80: 0.7219
Epoch 94/150 | Train Loss: 0.0247 | Epoch Time: 0.58s | Spearman@80: 0.8965 | Kendall@80: 0.7099
Epoch 95/150 | Train Loss: 0.0241 | Epoch Time: 0.58s | Spearman@80: 0.8863 | Kendall@80: 0.6985
Epoch 96/150 | Train Loss: 0.0235 | Epoch Time: 0.58s | Spearman@80: 0.8967 | Kendall@80: 0.7156
Epoch 97/150 | Train Loss: 0.0235 | Epoch Time: 0.58s | Spearman@80: 0.8964 | Kendall@80: 0.7150
Epoch 98/150 | Train Loss: 0.0234 | Epoch Time: 0.58s | Spearman@80: 0.8828 | Kendall@80: 0.6992
Epoch 99/150 | Train Loss: 0.0266 | Epoch Time: 0.58s | Spearman@80: 0.8809 | Kendall@80: 0.7049
Epoch 100/150 | Train Loss: 0.0243 | Epoch Time: 0.60s | Spearman@80: 0.8905 | Kendall@80: 0.7080
Epoch 101/150 | Train Loss: 0.0195 | Epoch Time: 0.60s | Spearman@80: 0.8902 | Kendall@80: 0.7087
Epoch 102/150 | Train Loss: 0.0179 | Epoch Time: 0.60s | Spearman@80: 0.8909 | Kendall@80: 0.7125
Epoch 103/150 | Train Loss: 0.0197 | Epoch Time: 0.60s | Spearman@80: 0.8847 | Kendall@80: 0.7061
Epoch 104/150 | Train Loss: 0.0185 | Epoch Time: 0.59s | Spearman@80: 0.8886 | Kendall@80: 0.7087
Epoch 105/150 | Train Loss: 0.0223 | Epoch Time: 0.59s | Spearman@80: 0.8979 | Kendall@80: 0.7156
Epoch 106/150 | Train Loss: 0.0204 | Epoch Time: 0.58s | Spearman@80: 0.8970 | Kendall@80: 0.7201
Epoch 107/150 | Train Loss: 0.0156 | Epoch Time: 0.58s | Spearman@80: 0.9003 | Kendall@80: 0.7238
Epoch 108/150 | Train Loss: 0.0159 | Epoch Time: 0.59s | Spearman@80: 0.8896 | Kendall@80: 0.7156
Epoch 109/150 | Train Loss: 0.0197 | Epoch Time: 0.60s | Spearman@80: 0.8921 | Kendall@80: 0.7156
Epoch 110/150 | Train Loss: 0.0185 | Epoch Time: 0.58s | Spearman@80: 0.9010 | Kendall@80: 0.7182
Epoch 111/150 | Train Loss: 0.0152 | Epoch Time: 0.59s | Spearman@80: 0.8979 | Kendall@80: 0.7251
Epoch 112/150 | Train Loss: 0.0200 | Epoch Time: 0.59s | Spearman@80: 0.8847 | Kendall@80: 0.7023
Epoch 113/150 | Train Loss: 0.0199 | Epoch Time: 0.60s | Spearman@80: 0.8986 | Kendall@80: 0.7219
Epoch 114/150 | Train Loss: 0.0219 | Epoch Time: 0.60s | Spearman@80: 0.8995 | Kendall@80: 0.7213
Epoch 115/150 | Train Loss: 0.0143 | Epoch Time: 0.60s | Spearman@80: 0.8907 | Kendall@80: 0.7118
Epoch 116/150 | Train Loss: 0.0168 | Epoch Time: 0.60s | Spearman@80: 0.8785 | Kendall@80: 0.6966
Epoch 117/150 | Train Loss: 0.0194 | Epoch Time: 0.59s | Spearman@80: 0.8824 | Kendall@80: 0.6998
Epoch 118/150 | Train Loss: 0.0126 | Epoch Time: 0.59s | Spearman@80: 0.8941 | Kendall@80: 0.7099
Epoch 119/150 | Train Loss: 0.0177 | Epoch Time: 0.59s | Spearman@80: 0.8912 | Kendall@80: 0.7080
Epoch 120/150 | Train Loss: 0.0133 | Epoch Time: 0.58s | Spearman@80: 0.8932 | Kendall@80: 0.7125
Epoch 121/150 | Train Loss: 0.0211 | Epoch Time: 0.57s | Spearman@80: 0.8883 | Kendall@80: 0.7068
Epoch 122/150 | Train Loss: 0.0180 | Epoch Time: 0.58s | Spearman@80: 0.8994 | Kendall@80: 0.7219
Epoch 123/150 | Train Loss: 0.0162 | Epoch Time: 0.58s | Spearman@80: 0.8974 | Kendall@80: 0.7219
Epoch 124/150 | Train Loss: 0.0187 | Epoch Time: 0.57s | Spearman@80: 0.8883 | Kendall@80: 0.7080
Epoch 125/150 | Train Loss: 0.0180 | Epoch Time: 0.57s | Spearman@80: 0.8867 | Kendall@80: 0.7055
Epoch 126/150 | Train Loss: 0.0173 | Epoch Time: 0.58s | Spearman@80: 0.8946 | Kendall@80: 0.7131
Epoch 127/150 | Train Loss: 0.0176 | Epoch Time: 0.57s | Spearman@80: 0.8943 | Kendall@80: 0.7156
Epoch 128/150 | Train Loss: 0.0165 | Epoch Time: 0.58s | Spearman@80: 0.8964 | Kendall@80: 0.7213
Epoch 129/150 | Train Loss: 0.0160 | Epoch Time: 0.58s | Spearman@80: 0.8917 | Kendall@80: 0.7118
Epoch 130/150 | Train Loss: 0.0146 | Epoch Time: 0.57s | Spearman@80: 0.8950 | Kendall@80: 0.7156
Epoch 131/150 | Train Loss: 0.0153 | Epoch Time: 0.58s | Spearman@80: 0.8966 | Kendall@80: 0.7194
Epoch 132/150 | Train Loss: 0.0179 | Epoch Time: 0.60s | Spearman@80: 0.8928 | Kendall@80: 0.7125
Epoch 133/150 | Train Loss: 0.0177 | Epoch Time: 0.60s | Spearman@80: 0.8934 | Kendall@80: 0.7125
Epoch 134/150 | Train Loss: 0.0158 | Epoch Time: 0.60s | Spearman@80: 0.8954 | Kendall@80: 0.7175
Epoch 135/150 | Train Loss: 0.0172 | Epoch Time: 0.61s | Spearman@80: 0.8979 | Kendall@80: 0.7194
Epoch 136/150 | Train Loss: 0.0189 | Epoch Time: 0.60s | Spearman@80: 0.8970 | Kendall@80: 0.7207
Epoch 137/150 | Train Loss: 0.0134 | Epoch Time: 0.58s | Spearman@80: 0.8986 | Kendall@80: 0.7226
Epoch 138/150 | Train Loss: 0.0130 | Epoch Time: 0.58s | Spearman@80: 0.8981 | Kendall@80: 0.7219
Epoch 139/150 | Train Loss: 0.0163 | Epoch Time: 0.58s | Spearman@80: 0.8965 | Kendall@80: 0.7194
Epoch 140/150 | Train Loss: 0.0224 | Epoch Time: 0.57s | Spearman@80: 0.8979 | Kendall@80: 0.7213
Epoch 141/150 | Train Loss: 0.0137 | Epoch Time: 0.57s | Spearman@80: 0.8961 | Kendall@80: 0.7175
Epoch 142/150 | Train Loss: 0.0166 | Epoch Time: 0.58s | Spearman@80: 0.8959 | Kendall@80: 0.7150
Epoch 143/150 | Train Loss: 0.0154 | Epoch Time: 0.58s | Spearman@80: 0.8956 | Kendall@80: 0.7188
Epoch 144/150 | Train Loss: 0.0167 | Epoch Time: 0.59s | Spearman@80: 0.8989 | Kendall@80: 0.7219
Epoch 145/150 | Train Loss: 0.0204 | Epoch Time: 0.59s | Spearman@80: 0.8959 | Kendall@80: 0.7169
Epoch 146/150 | Train Loss: 0.0169 | Epoch Time: 0.60s | Spearman@80: 0.9000 | Kendall@80: 0.7238
Epoch 147/150 | Train Loss: 0.0187 | Epoch Time: 36.43s | Spearman@423495: 0.8817 | Kendall@423495: 0.7024
Epoch 148/150 | Train Loss: 0.0172 | Epoch Time: 35.98s | Spearman@423495: 0.8834 | Kendall@423495: 0.7044
Epoch 149/150 | Train Loss: 0.0125 | Epoch Time: 36.25s | Spearman@423495: 0.8822 | Kendall@423495: 0.7030
Epoch 150/150 | Train Loss: 0.0178 | Epoch Time: 36.17s | Spearman@423495: 0.8801 | Kendall@423495: 0.7008
Sample Count: 128, Spearman: 0.8818516967047849, Kendall: 0.7026163600256876
{64: (0.7774011718010866, 0.5859087414495051),
 128: (0.8818516967047849, 0.7026163600256876)}
Epoch 1/150 | Train Loss: 0.0935 | Epoch Time: 0.28s | Spearman@80: 0.4950 | Kendall@80: 0.3476
Epoch 2/150 | Train Loss: 0.0711 | Epoch Time: 0.27s | Spearman@80: 0.6093 | Kendall@80: 0.4444
Epoch 3/150 | Train Loss: 0.0668 | Epoch Time: 0.27s | Spearman@80: 0.7164 | Kendall@80: 0.5261
Epoch 4/150 | Train Loss: 0.0615 | Epoch Time: 0.28s | Spearman@80: 0.7270 | Kendall@80: 0.5356
Epoch 5/150 | Train Loss: 0.0593 | Epoch Time: 0.27s | Spearman@80: 0.7757 | Kendall@80: 0.5926
Epoch 6/150 | Train Loss: 0.0470 | Epoch Time: 0.27s | Spearman@80: 0.7992 | Kendall@80: 0.6148
Epoch 7/150 | Train Loss: 0.0545 | Epoch Time: 0.27s | Spearman@80: 0.7856 | Kendall@80: 0.5958
Epoch 8/150 | Train Loss: 0.0472 | Epoch Time: 0.27s | Spearman@80: 0.7837 | Kendall@80: 0.5825
Epoch 9/150 | Train Loss: 0.0550 | Epoch Time: 0.27s | Spearman@80: 0.7971 | Kendall@80: 0.6097
Epoch 10/150 | Train Loss: 0.0527 | Epoch Time: 0.27s | Spearman@80: 0.8158 | Kendall@80: 0.6287
Epoch 11/150 | Train Loss: 0.0455 | Epoch Time: 0.27s | Spearman@80: 0.8166 | Kendall@80: 0.6344
Epoch 12/150 | Train Loss: 0.0433 | Epoch Time: 0.27s | Spearman@80: 0.8218 | Kendall@80: 0.6401
Epoch 13/150 | Train Loss: 0.0437 | Epoch Time: 0.30s | Spearman@80: 0.8097 | Kendall@80: 0.6356
Epoch 14/150 | Train Loss: 0.0521 | Epoch Time: 0.30s | Spearman@80: 0.7942 | Kendall@80: 0.6059
Epoch 15/150 | Train Loss: 0.0400 | Epoch Time: 0.30s | Spearman@80: 0.8172 | Kendall@80: 0.6344
Epoch 16/150 | Train Loss: 0.0466 | Epoch Time: 0.30s | Spearman@80: 0.8124 | Kendall@80: 0.6249
Epoch 17/150 | Train Loss: 0.0349 | Epoch Time: 0.30s | Spearman@80: 0.8349 | Kendall@80: 0.6597
Epoch 18/150 | Train Loss: 0.0575 | Epoch Time: 0.30s | Spearman@80: 0.8449 | Kendall@80: 0.6603
Epoch 19/150 | Train Loss: 0.0406 | Epoch Time: 0.30s | Spearman@80: 0.8297 | Kendall@80: 0.6445
Epoch 20/150 | Train Loss: 0.0413 | Epoch Time: 0.30s | Spearman@80: 0.8270 | Kendall@80: 0.6483
Epoch 21/150 | Train Loss: 0.0392 | Epoch Time: 0.30s | Spearman@80: 0.8081 | Kendall@80: 0.6204
Epoch 22/150 | Train Loss: 0.0512 | Epoch Time: 0.30s | Spearman@80: 0.8337 | Kendall@80: 0.6572
Epoch 23/150 | Train Loss: 0.0388 | Epoch Time: 0.30s | Spearman@80: 0.8318 | Kendall@80: 0.6546
Epoch 24/150 | Train Loss: 0.0425 | Epoch Time: 0.29s | Spearman@80: 0.8388 | Kendall@80: 0.6527
Epoch 25/150 | Train Loss: 0.0381 | Epoch Time: 0.30s | Spearman@80: 0.8363 | Kendall@80: 0.6515
Epoch 26/150 | Train Loss: 0.0349 | Epoch Time: 0.30s | Spearman@80: 0.8429 | Kendall@80: 0.6635
Epoch 27/150 | Train Loss: 0.0364 | Epoch Time: 0.30s | Spearman@80: 0.8432 | Kendall@80: 0.6616
Epoch 28/150 | Train Loss: 0.0385 | Epoch Time: 0.30s | Spearman@80: 0.8508 | Kendall@80: 0.6705
Epoch 29/150 | Train Loss: 0.0355 | Epoch Time: 0.30s | Spearman@80: 0.8414 | Kendall@80: 0.6578
Epoch 30/150 | Train Loss: 0.0405 | Epoch Time: 0.30s | Spearman@80: 0.7920 | Kendall@80: 0.5875
Epoch 31/150 | Train Loss: 0.0556 | Epoch Time: 0.30s | Spearman@80: 0.7445 | Kendall@80: 0.5755
Epoch 32/150 | Train Loss: 0.0491 | Epoch Time: 0.30s | Spearman@80: 0.7846 | Kendall@80: 0.6046
Epoch 33/150 | Train Loss: 0.0395 | Epoch Time: 0.30s | Spearman@80: 0.8248 | Kendall@80: 0.6407
Epoch 34/150 | Train Loss: 0.0294 | Epoch Time: 0.30s | Spearman@80: 0.8346 | Kendall@80: 0.6502
Epoch 35/150 | Train Loss: 0.0306 | Epoch Time: 0.30s | Spearman@80: 0.8295 | Kendall@80: 0.6439
Epoch 36/150 | Train Loss: 0.0426 | Epoch Time: 0.30s | Spearman@80: 0.8303 | Kendall@80: 0.6451
Epoch 37/150 | Train Loss: 0.0459 | Epoch Time: 0.30s | Spearman@80: 0.8320 | Kendall@80: 0.6496
Epoch 38/150 | Train Loss: 0.0319 | Epoch Time: 0.29s | Spearman@80: 0.8300 | Kendall@80: 0.6477
Epoch 39/150 | Train Loss: 0.0379 | Epoch Time: 0.29s | Spearman@80: 0.8476 | Kendall@80: 0.6648
Epoch 40/150 | Train Loss: 0.0330 | Epoch Time: 0.29s | Spearman@80: 0.8242 | Kendall@80: 0.6363
Epoch 41/150 | Train Loss: 0.0392 | Epoch Time: 0.29s | Spearman@80: 0.8276 | Kendall@80: 0.6375
Epoch 42/150 | Train Loss: 0.0378 | Epoch Time: 0.29s | Spearman@80: 0.8596 | Kendall@80: 0.6800
Epoch 43/150 | Train Loss: 0.0347 | Epoch Time: 0.30s | Spearman@80: 0.8551 | Kendall@80: 0.6698
Epoch 44/150 | Train Loss: 0.0457 | Epoch Time: 0.29s | Spearman@80: 0.8466 | Kendall@80: 0.6692
Epoch 45/150 | Train Loss: 0.0400 | Epoch Time: 0.29s | Spearman@80: 0.8475 | Kendall@80: 0.6793
Epoch 46/150 | Train Loss: 0.0363 | Epoch Time: 0.29s | Spearman@80: 0.8735 | Kendall@80: 0.7066
Epoch 47/150 | Train Loss: 0.0295 | Epoch Time: 0.30s | Spearman@80: 0.8026 | Kendall@80: 0.6097
Epoch 48/150 | Train Loss: 0.0446 | Epoch Time: 0.30s | Spearman@80: 0.8578 | Kendall@80: 0.6736
Epoch 49/150 | Train Loss: 0.0373 | Epoch Time: 0.29s | Spearman@80: 0.8647 | Kendall@80: 0.6882
Epoch 50/150 | Train Loss: 0.0407 | Epoch Time: 0.30s | Spearman@80: 0.8543 | Kendall@80: 0.6774
Epoch 51/150 | Train Loss: 0.0290 | Epoch Time: 0.30s | Spearman@80: 0.8625 | Kendall@80: 0.6901
Epoch 52/150 | Train Loss: 0.0368 | Epoch Time: 0.30s | Spearman@80: 0.8574 | Kendall@80: 0.6819
Epoch 53/150 | Train Loss: 0.0320 | Epoch Time: 0.30s | Spearman@80: 0.8525 | Kendall@80: 0.6724
Epoch 54/150 | Train Loss: 0.0380 | Epoch Time: 0.30s | Spearman@80: 0.8563 | Kendall@80: 0.6755
Epoch 55/150 | Train Loss: 0.0242 | Epoch Time: 0.30s | Spearman@80: 0.8137 | Kendall@80: 0.6217
Epoch 56/150 | Train Loss: 0.0446 | Epoch Time: 0.30s | Spearman@80: 0.8842 | Kendall@80: 0.7091
Epoch 57/150 | Train Loss: 0.0416 | Epoch Time: 0.30s | Spearman@80: 0.8217 | Kendall@80: 0.6299
Epoch 58/150 | Train Loss: 0.0336 | Epoch Time: 0.30s | Spearman@80: 0.8688 | Kendall@80: 0.6983
Epoch 59/150 | Train Loss: 0.0237 | Epoch Time: 0.30s | Spearman@80: 0.8780 | Kendall@80: 0.7021
Epoch 60/150 | Train Loss: 0.0323 | Epoch Time: 0.30s | Spearman@80: 0.7864 | Kendall@80: 0.5894
Epoch 61/150 | Train Loss: 0.0351 | Epoch Time: 0.30s | Spearman@80: 0.8666 | Kendall@80: 0.6952
Epoch 62/150 | Train Loss: 0.0337 | Epoch Time: 0.30s | Spearman@80: 0.8862 | Kendall@80: 0.7142
Epoch 63/150 | Train Loss: 0.0311 | Epoch Time: 0.30s | Spearman@80: 0.8816 | Kendall@80: 0.7135
Epoch 64/150 | Train Loss: 0.0227 | Epoch Time: 0.30s | Spearman@80: 0.8879 | Kendall@80: 0.7230
Epoch 65/150 | Train Loss: 0.0271 | Epoch Time: 0.30s | Spearman@80: 0.8595 | Kendall@80: 0.6806
Epoch 66/150 | Train Loss: 0.0290 | Epoch Time: 0.30s | Spearman@80: 0.8615 | Kendall@80: 0.6939
Epoch 67/150 | Train Loss: 0.0258 | Epoch Time: 0.29s | Spearman@80: 0.8494 | Kendall@80: 0.6755
Epoch 68/150 | Train Loss: 0.0365 | Epoch Time: 0.29s | Spearman@80: 0.8662 | Kendall@80: 0.6958
Epoch 69/150 | Train Loss: 0.0289 | Epoch Time: 0.29s | Spearman@80: 0.8840 | Kendall@80: 0.7148
Epoch 70/150 | Train Loss: 0.0221 | Epoch Time: 0.29s | Spearman@80: 0.8530 | Kendall@80: 0.6819
Epoch 71/150 | Train Loss: 0.0180 | Epoch Time: 0.29s | Spearman@80: 0.8748 | Kendall@80: 0.7015
Epoch 72/150 | Train Loss: 0.0318 | Epoch Time: 0.29s | Spearman@80: 0.8626 | Kendall@80: 0.6882
Epoch 73/150 | Train Loss: 0.0256 | Epoch Time: 0.30s | Spearman@80: 0.8808 | Kendall@80: 0.7160
Epoch 74/150 | Train Loss: 0.0216 | Epoch Time: 0.29s | Spearman@80: 0.8770 | Kendall@80: 0.7123
Epoch 75/150 | Train Loss: 0.0180 | Epoch Time: 0.30s | Spearman@80: 0.8301 | Kendall@80: 0.6521
Epoch 76/150 | Train Loss: 0.0284 | Epoch Time: 0.29s | Spearman@80: 0.8498 | Kendall@80: 0.6781
Epoch 77/150 | Train Loss: 0.0295 | Epoch Time: 0.29s | Spearman@80: 0.8608 | Kendall@80: 0.6857
Epoch 78/150 | Train Loss: 0.0222 | Epoch Time: 0.29s | Spearman@80: 0.8636 | Kendall@80: 0.6971
Epoch 79/150 | Train Loss: 0.0246 | Epoch Time: 0.29s | Spearman@80: 0.8768 | Kendall@80: 0.7142
Epoch 80/150 | Train Loss: 0.0253 | Epoch Time: 0.29s | Spearman@80: 0.8761 | Kendall@80: 0.7091
Epoch 81/150 | Train Loss: 0.0205 | Epoch Time: 0.30s | Spearman@80: 0.8861 | Kendall@80: 0.7217
Epoch 82/150 | Train Loss: 0.0204 | Epoch Time: 0.29s | Spearman@80: 0.8702 | Kendall@80: 0.7002
Epoch 83/150 | Train Loss: 0.0283 | Epoch Time: 0.30s | Spearman@80: 0.8823 | Kendall@80: 0.7173
Epoch 84/150 | Train Loss: 0.0260 | Epoch Time: 0.30s | Spearman@80: 0.8756 | Kendall@80: 0.7085
Epoch 85/150 | Train Loss: 0.0172 | Epoch Time: 0.30s | Spearman@80: 0.8749 | Kendall@80: 0.7072
Epoch 86/150 | Train Loss: 0.0210 | Epoch Time: 0.30s | Spearman@80: 0.8797 | Kendall@80: 0.7085
Epoch 87/150 | Train Loss: 0.0283 | Epoch Time: 0.30s | Spearman@80: 0.8725 | Kendall@80: 0.7009
Epoch 88/150 | Train Loss: 0.0218 | Epoch Time: 0.29s | Spearman@80: 0.8758 | Kendall@80: 0.7066
Epoch 89/150 | Train Loss: 0.0246 | Epoch Time: 0.29s | Spearman@80: 0.8800 | Kendall@80: 0.7116
Epoch 90/150 | Train Loss: 0.0212 | Epoch Time: 0.30s | Spearman@80: 0.8745 | Kendall@80: 0.7072
Epoch 91/150 | Train Loss: 0.0223 | Epoch Time: 0.30s | Spearman@80: 0.8833 | Kendall@80: 0.7123
Epoch 92/150 | Train Loss: 0.0241 | Epoch Time: 0.29s | Spearman@80: 0.8675 | Kendall@80: 0.6914
Epoch 93/150 | Train Loss: 0.0357 | Epoch Time: 0.29s | Spearman@80: 0.8082 | Kendall@80: 0.6173
Epoch 94/150 | Train Loss: 0.0288 | Epoch Time: 0.29s | Spearman@80: 0.8748 | Kendall@80: 0.7002
Epoch 95/150 | Train Loss: 0.0260 | Epoch Time: 0.29s | Spearman@80: 0.8917 | Kendall@80: 0.7274
Epoch 96/150 | Train Loss: 0.0252 | Epoch Time: 0.29s | Spearman@80: 0.8955 | Kendall@80: 0.7325
Epoch 97/150 | Train Loss: 0.0223 | Epoch Time: 0.30s | Spearman@80: 0.8988 | Kendall@80: 0.7357
Epoch 98/150 | Train Loss: 0.0207 | Epoch Time: 0.30s | Spearman@80: 0.8912 | Kendall@80: 0.7262
Epoch 99/150 | Train Loss: 0.0284 | Epoch Time: 0.30s | Spearman@80: 0.8866 | Kendall@80: 0.7173
Epoch 100/150 | Train Loss: 0.0247 | Epoch Time: 0.29s | Spearman@80: 0.9061 | Kendall@80: 0.7414
Epoch 101/150 | Train Loss: 0.0227 | Epoch Time: 0.30s | Spearman@80: 0.8963 | Kendall@80: 0.7306
Epoch 102/150 | Train Loss: 0.0264 | Epoch Time: 0.29s | Spearman@80: 0.8945 | Kendall@80: 0.7312
Epoch 103/150 | Train Loss: 0.0205 | Epoch Time: 0.29s | Spearman@80: 0.8696 | Kendall@80: 0.6996
Epoch 104/150 | Train Loss: 0.0190 | Epoch Time: 0.29s | Spearman@80: 0.8785 | Kendall@80: 0.7173
Epoch 105/150 | Train Loss: 0.0214 | Epoch Time: 0.30s | Spearman@80: 0.8845 | Kendall@80: 0.7198
Epoch 106/150 | Train Loss: 0.0184 | Epoch Time: 0.30s | Spearman@80: 0.8842 | Kendall@80: 0.7192
Epoch 107/150 | Train Loss: 0.0162 | Epoch Time: 0.29s | Spearman@80: 0.8884 | Kendall@80: 0.7255
Epoch 108/150 | Train Loss: 0.0171 | Epoch Time: 0.29s | Spearman@80: 0.8911 | Kendall@80: 0.7274
Epoch 109/150 | Train Loss: 0.0208 | Epoch Time: 0.30s | Spearman@80: 0.8843 | Kendall@80: 0.7116
Epoch 110/150 | Train Loss: 0.0247 | Epoch Time: 0.29s | Spearman@80: 0.8771 | Kendall@80: 0.6996
Epoch 111/150 | Train Loss: 0.0223 | Epoch Time: 0.29s | Spearman@80: 0.8777 | Kendall@80: 0.7028
Epoch 112/150 | Train Loss: 0.0214 | Epoch Time: 0.29s | Spearman@80: 0.8827 | Kendall@80: 0.7104
Epoch 113/150 | Train Loss: 0.0197 | Epoch Time: 0.29s | Spearman@80: 0.8792 | Kendall@80: 0.7091
Epoch 114/150 | Train Loss: 0.0168 | Epoch Time: 0.29s | Spearman@80: 0.8774 | Kendall@80: 0.7059
Epoch 115/150 | Train Loss: 0.0220 | Epoch Time: 0.29s | Spearman@80: 0.8862 | Kendall@80: 0.7167
Epoch 116/150 | Train Loss: 0.0221 | Epoch Time: 0.30s | Spearman@80: 0.8898 | Kendall@80: 0.7224
Epoch 117/150 | Train Loss: 0.0179 | Epoch Time: 0.30s | Spearman@80: 0.8871 | Kendall@80: 0.7154
Epoch 118/150 | Train Loss: 0.0167 | Epoch Time: 0.29s | Spearman@80: 0.8861 | Kendall@80: 0.7167
Epoch 119/150 | Train Loss: 0.0150 | Epoch Time: 0.30s | Spearman@80: 0.8812 | Kendall@80: 0.7116
Epoch 120/150 | Train Loss: 0.0174 | Epoch Time: 0.29s | Spearman@80: 0.8817 | Kendall@80: 0.7123
Epoch 121/150 | Train Loss: 0.0135 | Epoch Time: 0.29s | Spearman@80: 0.8814 | Kendall@80: 0.7123
Epoch 122/150 | Train Loss: 0.0129 | Epoch Time: 0.30s | Spearman@80: 0.8828 | Kendall@80: 0.7135
Epoch 123/150 | Train Loss: 0.0160 | Epoch Time: 0.29s | Spearman@80: 0.8879 | Kendall@80: 0.7211
Epoch 124/150 | Train Loss: 0.0124 | Epoch Time: 0.29s | Spearman@80: 0.8834 | Kendall@80: 0.7154
Epoch 125/150 | Train Loss: 0.0169 | Epoch Time: 0.30s | Spearman@80: 0.8856 | Kendall@80: 0.7186
Epoch 126/150 | Train Loss: 0.0160 | Epoch Time: 0.30s | Spearman@80: 0.8822 | Kendall@80: 0.7173
Epoch 127/150 | Train Loss: 0.0193 | Epoch Time: 0.29s | Spearman@80: 0.8678 | Kendall@80: 0.6952
Epoch 128/150 | Train Loss: 0.0147 | Epoch Time: 0.29s | Spearman@80: 0.8751 | Kendall@80: 0.7078
Epoch 129/150 | Train Loss: 0.0204 | Epoch Time: 0.30s | Spearman@80: 0.8736 | Kendall@80: 0.7034
Epoch 130/150 | Train Loss: 0.0165 | Epoch Time: 0.30s | Spearman@80: 0.8709 | Kendall@80: 0.6977
Epoch 131/150 | Train Loss: 0.0177 | Epoch Time: 0.30s | Spearman@80: 0.8720 | Kendall@80: 0.6990
Epoch 132/150 | Train Loss: 0.0203 | Epoch Time: 0.30s | Spearman@80: 0.8808 | Kendall@80: 0.7110
Epoch 133/150 | Train Loss: 0.0171 | Epoch Time: 0.30s | Spearman@80: 0.8781 | Kendall@80: 0.7104
Epoch 134/150 | Train Loss: 0.0120 | Epoch Time: 0.29s | Spearman@80: 0.8792 | Kendall@80: 0.7123
Epoch 135/150 | Train Loss: 0.0150 | Epoch Time: 0.29s | Spearman@80: 0.8801 | Kendall@80: 0.7142
Epoch 136/150 | Train Loss: 0.0141 | Epoch Time: 0.29s | Spearman@80: 0.8803 | Kendall@80: 0.7091
Epoch 137/150 | Train Loss: 0.0183 | Epoch Time: 0.30s | Spearman@80: 0.8801 | Kendall@80: 0.7097
Epoch 138/150 | Train Loss: 0.0116 | Epoch Time: 0.29s | Spearman@80: 0.8796 | Kendall@80: 0.7104
Epoch 139/150 | Train Loss: 0.0184 | Epoch Time: 0.29s | Spearman@80: 0.8772 | Kendall@80: 0.7059
Epoch 140/150 | Train Loss: 0.0152 | Epoch Time: 0.30s | Spearman@80: 0.8769 | Kendall@80: 0.7047
Epoch 141/150 | Train Loss: 0.0173 | Epoch Time: 0.29s | Spearman@80: 0.8781 | Kendall@80: 0.7072
Epoch 142/150 | Train Loss: 0.0118 | Epoch Time: 0.29s | Spearman@80: 0.8784 | Kendall@80: 0.7078
Epoch 143/150 | Train Loss: 0.0161 | Epoch Time: 0.30s | Spearman@80: 0.8785 | Kendall@80: 0.7066
Epoch 144/150 | Train Loss: 0.0201 | Epoch Time: 0.29s | Spearman@80: 0.8764 | Kendall@80: 0.7047
Epoch 145/150 | Train Loss: 0.0203 | Epoch Time: 0.29s | Spearman@80: 0.8786 | Kendall@80: 0.7104
Epoch 146/150 | Train Loss: 0.0140 | Epoch Time: 0.29s | Spearman@80: 0.8796 | Kendall@80: 0.7072
Epoch 147/150 | Train Loss: 0.0158 | Epoch Time: 36.06s | Spearman@423559: 0.8080 | Kendall@423559: 0.6188
Epoch 148/150 | Train Loss: 0.0174 | Epoch Time: 35.53s | Spearman@423559: 0.8111 | Kendall@423559: 0.6217
Epoch 149/150 | Train Loss: 0.0180 | Epoch Time: 35.64s | Spearman@423559: 0.8121 | Kendall@423559: 0.6227
Epoch 150/150 | Train Loss: 0.0149 | Epoch Time: 35.82s | Spearman@423559: 0.8125 | Kendall@423559: 0.6234
Sample Count: 64, Spearman: 0.8109093488267453, Kendall: 0.6216481413162462
{64: (0.8109093488267453, 0.6216481413162462),
 128: (0.8818516967047849, 0.7026163600256876)}
Epoch 1/150 | Train Loss: 0.0823 | Epoch Time: 0.54s | Spearman@80: 0.6297 | Kendall@80: 0.4479
Epoch 2/150 | Train Loss: 0.0676 | Epoch Time: 0.53s | Spearman@80: 0.7913 | Kendall@80: 0.5953
Epoch 3/150 | Train Loss: 0.0478 | Epoch Time: 0.53s | Spearman@80: 0.7875 | Kendall@80: 0.6029
Epoch 4/150 | Train Loss: 0.0448 | Epoch Time: 0.53s | Spearman@80: 0.7277 | Kendall@80: 0.5365
Epoch 5/150 | Train Loss: 0.0509 | Epoch Time: 0.54s | Spearman@80: 0.7782 | Kendall@80: 0.6029
Epoch 6/150 | Train Loss: 0.0533 | Epoch Time: 0.53s | Spearman@80: 0.7915 | Kendall@80: 0.6194
Epoch 7/150 | Train Loss: 0.0392 | Epoch Time: 0.53s | Spearman@80: 0.7686 | Kendall@80: 0.5833
Epoch 8/150 | Train Loss: 0.0459 | Epoch Time: 0.53s | Spearman@80: 0.7971 | Kendall@80: 0.6207
Epoch 9/150 | Train Loss: 0.0439 | Epoch Time: 0.54s | Spearman@80: 0.8314 | Kendall@80: 0.6536
Epoch 10/150 | Train Loss: 0.0427 | Epoch Time: 0.54s | Spearman@80: 0.8062 | Kendall@80: 0.6276
Epoch 11/150 | Train Loss: 0.0427 | Epoch Time: 0.54s | Spearman@80: 0.7947 | Kendall@80: 0.6175
Epoch 12/150 | Train Loss: 0.0429 | Epoch Time: 0.55s | Spearman@80: 0.8353 | Kendall@80: 0.6631
Epoch 13/150 | Train Loss: 0.0476 | Epoch Time: 0.53s | Spearman@80: 0.8343 | Kendall@80: 0.6473
Epoch 14/150 | Train Loss: 0.0458 | Epoch Time: 0.54s | Spearman@80: 0.8175 | Kendall@80: 0.6441
Epoch 15/150 | Train Loss: 0.0466 | Epoch Time: 0.54s | Spearman@80: 0.7943 | Kendall@80: 0.6042
Epoch 16/150 | Train Loss: 0.0357 | Epoch Time: 0.54s | Spearman@80: 0.8419 | Kendall@80: 0.6700
Epoch 17/150 | Train Loss: 0.0460 | Epoch Time: 0.54s | Spearman@80: 0.7974 | Kendall@80: 0.6327
Epoch 18/150 | Train Loss: 0.0420 | Epoch Time: 0.54s | Spearman@80: 0.8500 | Kendall@80: 0.6833
Epoch 19/150 | Train Loss: 0.0356 | Epoch Time: 0.54s | Spearman@80: 0.8593 | Kendall@80: 0.6840
Epoch 20/150 | Train Loss: 0.0435 | Epoch Time: 0.54s | Spearman@80: 0.7864 | Kendall@80: 0.6055
Epoch 21/150 | Train Loss: 0.0378 | Epoch Time: 0.52s | Spearman@80: 0.8539 | Kendall@80: 0.6871
Epoch 22/150 | Train Loss: 0.0359 | Epoch Time: 0.58s | Spearman@80: 0.8473 | Kendall@80: 0.6713
Epoch 23/150 | Train Loss: 0.0354 | Epoch Time: 0.58s | Spearman@80: 0.8607 | Kendall@80: 0.6852
Epoch 24/150 | Train Loss: 0.0322 | Epoch Time: 0.58s | Spearman@80: 0.8263 | Kendall@80: 0.6536
Epoch 25/150 | Train Loss: 0.0391 | Epoch Time: 0.58s | Spearman@80: 0.8454 | Kendall@80: 0.6719
Epoch 26/150 | Train Loss: 0.0350 | Epoch Time: 0.58s | Spearman@80: 0.8491 | Kendall@80: 0.6846
Epoch 27/150 | Train Loss: 0.0381 | Epoch Time: 0.59s | Spearman@80: 0.8308 | Kendall@80: 0.6390
Epoch 28/150 | Train Loss: 0.0324 | Epoch Time: 0.58s | Spearman@80: 0.8331 | Kendall@80: 0.6688
Epoch 29/150 | Train Loss: 0.0388 | Epoch Time: 0.58s | Spearman@80: 0.8563 | Kendall@80: 0.7030
Epoch 30/150 | Train Loss: 0.0302 | Epoch Time: 0.58s | Spearman@80: 0.8241 | Kendall@80: 0.6650
Epoch 31/150 | Train Loss: 0.0462 | Epoch Time: 0.59s | Spearman@80: 0.8451 | Kendall@80: 0.6732
Epoch 32/150 | Train Loss: 0.0370 | Epoch Time: 0.58s | Spearman@80: 0.8703 | Kendall@80: 0.7011
Epoch 33/150 | Train Loss: 0.0322 | Epoch Time: 0.58s | Spearman@80: 0.8430 | Kendall@80: 0.6776
Epoch 34/150 | Train Loss: 0.0338 | Epoch Time: 0.58s | Spearman@80: 0.8535 | Kendall@80: 0.6966
Epoch 35/150 | Train Loss: 0.0373 | Epoch Time: 0.58s | Spearman@80: 0.8371 | Kendall@80: 0.6808
Epoch 36/150 | Train Loss: 0.0323 | Epoch Time: 0.57s | Spearman@80: 0.8641 | Kendall@80: 0.6992
Epoch 37/150 | Train Loss: 0.0395 | Epoch Time: 0.58s | Spearman@80: 0.8648 | Kendall@80: 0.6998
Epoch 38/150 | Train Loss: 0.0313 | Epoch Time: 0.57s | Spearman@80: 0.8422 | Kendall@80: 0.6713
Epoch 39/150 | Train Loss: 0.0325 | Epoch Time: 0.59s | Spearman@80: 0.8465 | Kendall@80: 0.6871
Epoch 40/150 | Train Loss: 0.0329 | Epoch Time: 0.59s | Spearman@80: 0.8649 | Kendall@80: 0.6979
Epoch 41/150 | Train Loss: 0.0360 | Epoch Time: 0.59s | Spearman@80: 0.8479 | Kendall@80: 0.6776
Epoch 42/150 | Train Loss: 0.0336 | Epoch Time: 0.59s | Spearman@80: 0.8231 | Kendall@80: 0.6567
Epoch 43/150 | Train Loss: 0.0362 | Epoch Time: 0.59s | Spearman@80: 0.8271 | Kendall@80: 0.6542
Epoch 44/150 | Train Loss: 0.0308 | Epoch Time: 0.59s | Spearman@80: 0.8533 | Kendall@80: 0.6897
Epoch 45/150 | Train Loss: 0.0336 | Epoch Time: 0.59s | Spearman@80: 0.8498 | Kendall@80: 0.6859
Epoch 46/150 | Train Loss: 0.0350 | Epoch Time: 0.60s | Spearman@80: 0.8601 | Kendall@80: 0.6954
Epoch 47/150 | Train Loss: 0.0331 | Epoch Time: 0.59s | Spearman@80: 0.8617 | Kendall@80: 0.6998
Epoch 48/150 | Train Loss: 0.0281 | Epoch Time: 0.60s | Spearman@80: 0.8534 | Kendall@80: 0.6852
Epoch 49/150 | Train Loss: 0.0329 | Epoch Time: 0.59s | Spearman@80: 0.8577 | Kendall@80: 0.6992
Epoch 50/150 | Train Loss: 0.0356 | Epoch Time: 0.59s | Spearman@80: 0.8555 | Kendall@80: 0.6871
Epoch 51/150 | Train Loss: 0.0386 | Epoch Time: 0.59s | Spearman@80: 0.8537 | Kendall@80: 0.6884
Epoch 52/150 | Train Loss: 0.0303 | Epoch Time: 0.60s | Spearman@80: 0.8533 | Kendall@80: 0.6859
Epoch 53/150 | Train Loss: 0.0342 | Epoch Time: 0.61s | Spearman@80: 0.8405 | Kendall@80: 0.6738
Epoch 54/150 | Train Loss: 0.0305 | Epoch Time: 0.59s | Spearman@80: 0.8468 | Kendall@80: 0.6764
Epoch 55/150 | Train Loss: 0.0285 | Epoch Time: 0.59s | Spearman@80: 0.8785 | Kendall@80: 0.7150
Epoch 56/150 | Train Loss: 0.0336 | Epoch Time: 0.60s | Spearman@80: 0.8765 | Kendall@80: 0.7175
Epoch 57/150 | Train Loss: 0.0341 | Epoch Time: 0.60s | Spearman@80: 0.8269 | Kendall@80: 0.6593
Epoch 58/150 | Train Loss: 0.0364 | Epoch Time: 0.59s | Spearman@80: 0.8775 | Kendall@80: 0.7163
Epoch 59/150 | Train Loss: 0.0288 | Epoch Time: 0.58s | Spearman@80: 0.8210 | Kendall@80: 0.6542
Epoch 60/150 | Train Loss: 0.0350 | Epoch Time: 0.60s | Spearman@80: 0.8698 | Kendall@80: 0.7087
Epoch 61/150 | Train Loss: 0.0291 | Epoch Time: 0.60s | Spearman@80: 0.8682 | Kendall@80: 0.7068
Epoch 62/150 | Train Loss: 0.0261 | Epoch Time: 0.59s | Spearman@80: 0.8506 | Kendall@80: 0.6865
Epoch 63/150 | Train Loss: 0.0247 | Epoch Time: 0.60s | Spearman@80: 0.8711 | Kendall@80: 0.7106
Epoch 64/150 | Train Loss: 0.0299 | Epoch Time: 0.60s | Spearman@80: 0.8780 | Kendall@80: 0.7112
Epoch 65/150 | Train Loss: 0.0265 | Epoch Time: 0.60s | Spearman@80: 0.8830 | Kendall@80: 0.7245
Epoch 66/150 | Train Loss: 0.0253 | Epoch Time: 0.59s | Spearman@80: 0.8737 | Kendall@80: 0.7093
Epoch 67/150 | Train Loss: 0.0273 | Epoch Time: 0.59s | Spearman@80: 0.8568 | Kendall@80: 0.6871
Epoch 68/150 | Train Loss: 0.0294 | Epoch Time: 0.60s | Spearman@80: 0.8753 | Kendall@80: 0.7182
Epoch 69/150 | Train Loss: 0.0193 | Epoch Time: 0.59s | Spearman@80: 0.8821 | Kendall@80: 0.7201
Epoch 70/150 | Train Loss: 0.0209 | Epoch Time: 0.59s | Spearman@80: 0.8662 | Kendall@80: 0.6966
Epoch 71/150 | Train Loss: 0.0244 | Epoch Time: 0.59s | Spearman@80: 0.8901 | Kendall@80: 0.7314
Epoch 72/150 | Train Loss: 0.0228 | Epoch Time: 0.59s | Spearman@80: 0.8685 | Kendall@80: 0.7055
Epoch 73/150 | Train Loss: 0.0257 | Epoch Time: 0.60s | Spearman@80: 0.8853 | Kendall@80: 0.7314
Epoch 74/150 | Train Loss: 0.0244 | Epoch Time: 0.60s | Spearman@80: 0.8680 | Kendall@80: 0.7106
Epoch 75/150 | Train Loss: 0.0244 | Epoch Time: 0.59s | Spearman@80: 0.8747 | Kendall@80: 0.7163
Epoch 76/150 | Train Loss: 0.0294 | Epoch Time: 0.60s | Spearman@80: 0.8745 | Kendall@80: 0.7150
Epoch 77/150 | Train Loss: 0.0238 | Epoch Time: 0.58s | Spearman@80: 0.8735 | Kendall@80: 0.7156
Epoch 78/150 | Train Loss: 0.0219 | Epoch Time: 0.57s | Spearman@80: 0.8601 | Kendall@80: 0.6985
Epoch 79/150 | Train Loss: 0.0304 | Epoch Time: 0.58s | Spearman@80: 0.8914 | Kendall@80: 0.7359
Epoch 80/150 | Train Loss: 0.0311 | Epoch Time: 0.58s | Spearman@80: 0.8827 | Kendall@80: 0.7232
Epoch 81/150 | Train Loss: 0.0240 | Epoch Time: 0.58s | Spearman@80: 0.8776 | Kendall@80: 0.7238
Epoch 82/150 | Train Loss: 0.0270 | Epoch Time: 0.57s | Spearman@80: 0.8663 | Kendall@80: 0.6973
Epoch 83/150 | Train Loss: 0.0233 | Epoch Time: 0.58s | Spearman@80: 0.8784 | Kendall@80: 0.7182
Epoch 84/150 | Train Loss: 0.0296 | Epoch Time: 0.58s | Spearman@80: 0.8690 | Kendall@80: 0.7074
Epoch 85/150 | Train Loss: 0.0239 | Epoch Time: 0.57s | Spearman@80: 0.8785 | Kendall@80: 0.7182
Epoch 86/150 | Train Loss: 0.0262 | Epoch Time: 0.58s | Spearman@80: 0.8896 | Kendall@80: 0.7264
Epoch 87/150 | Train Loss: 0.0238 | Epoch Time: 0.57s | Spearman@80: 0.8468 | Kendall@80: 0.6852
Epoch 88/150 | Train Loss: 0.0268 | Epoch Time: 0.58s | Spearman@80: 0.8741 | Kendall@80: 0.7118
Epoch 89/150 | Train Loss: 0.0222 | Epoch Time: 0.58s | Spearman@80: 0.8847 | Kendall@80: 0.7251
Epoch 90/150 | Train Loss: 0.0252 | Epoch Time: 0.58s | Spearman@80: 0.8918 | Kendall@80: 0.7289
Epoch 91/150 | Train Loss: 0.0233 | Epoch Time: 0.58s | Spearman@80: 0.8656 | Kendall@80: 0.7049
Epoch 92/150 | Train Loss: 0.0256 | Epoch Time: 0.60s | Spearman@80: 0.8619 | Kendall@80: 0.6979
Epoch 93/150 | Train Loss: 0.0229 | Epoch Time: 0.61s | Spearman@80: 0.8829 | Kendall@80: 0.7295
Epoch 94/150 | Train Loss: 0.0210 | Epoch Time: 0.62s | Spearman@80: 0.8762 | Kendall@80: 0.7226
Epoch 95/150 | Train Loss: 0.0313 | Epoch Time: 0.61s | Spearman@80: 0.8724 | Kendall@80: 0.7112
Epoch 96/150 | Train Loss: 0.0240 | Epoch Time: 0.58s | Spearman@80: 0.8822 | Kendall@80: 0.7238
Epoch 97/150 | Train Loss: 0.0211 | Epoch Time: 0.58s | Spearman@80: 0.8772 | Kendall@80: 0.7264
Epoch 98/150 | Train Loss: 0.0259 | Epoch Time: 0.59s | Spearman@80: 0.8657 | Kendall@80: 0.7055
Epoch 99/150 | Train Loss: 0.0198 | Epoch Time: 0.57s | Spearman@80: 0.8762 | Kendall@80: 0.7182
Epoch 100/150 | Train Loss: 0.0186 | Epoch Time: 0.57s | Spearman@80: 0.8844 | Kendall@80: 0.7295
Epoch 101/150 | Train Loss: 0.0243 | Epoch Time: 0.57s | Spearman@80: 0.8752 | Kendall@80: 0.7194
Epoch 102/150 | Train Loss: 0.0234 | Epoch Time: 0.58s | Spearman@80: 0.8780 | Kendall@80: 0.7251
Epoch 103/150 | Train Loss: 0.0222 | Epoch Time: 0.58s | Spearman@80: 0.8863 | Kendall@80: 0.7264
Epoch 104/150 | Train Loss: 0.0266 | Epoch Time: 0.58s | Spearman@80: 0.8914 | Kendall@80: 0.7340
Epoch 105/150 | Train Loss: 0.0189 | Epoch Time: 0.57s | Spearman@80: 0.8918 | Kendall@80: 0.7289
Epoch 106/150 | Train Loss: 0.0210 | Epoch Time: 0.57s | Spearman@80: 0.8773 | Kendall@80: 0.7156
Epoch 107/150 | Train Loss: 0.0207 | Epoch Time: 0.58s | Spearman@80: 0.8871 | Kendall@80: 0.7270
Epoch 108/150 | Train Loss: 0.0179 | Epoch Time: 0.57s | Spearman@80: 0.8927 | Kendall@80: 0.7346
Epoch 109/150 | Train Loss: 0.0206 | Epoch Time: 0.57s | Spearman@80: 0.8849 | Kendall@80: 0.7308
Epoch 110/150 | Train Loss: 0.0261 | Epoch Time: 0.57s | Spearman@80: 0.8801 | Kendall@80: 0.7219
Epoch 111/150 | Train Loss: 0.0220 | Epoch Time: 0.57s | Spearman@80: 0.8946 | Kendall@80: 0.7409
Epoch 112/150 | Train Loss: 0.0195 | Epoch Time: 0.58s | Spearman@80: 0.8894 | Kendall@80: 0.7283
Epoch 113/150 | Train Loss: 0.0176 | Epoch Time: 0.58s | Spearman@80: 0.8839 | Kendall@80: 0.7276
Epoch 114/150 | Train Loss: 0.0178 | Epoch Time: 0.57s | Spearman@80: 0.8962 | Kendall@80: 0.7454
Epoch 115/150 | Train Loss: 0.0211 | Epoch Time: 0.58s | Spearman@80: 0.8898 | Kendall@80: 0.7352
Epoch 116/150 | Train Loss: 0.0226 | Epoch Time: 0.57s | Spearman@80: 0.8906 | Kendall@80: 0.7416
Epoch 117/150 | Train Loss: 0.0205 | Epoch Time: 0.57s | Spearman@80: 0.8999 | Kendall@80: 0.7492
Epoch 118/150 | Train Loss: 0.0195 | Epoch Time: 0.58s | Spearman@80: 0.8975 | Kendall@80: 0.7403
Epoch 119/150 | Train Loss: 0.0220 | Epoch Time: 0.59s | Spearman@80: 0.8863 | Kendall@80: 0.7295
Epoch 120/150 | Train Loss: 0.0173 | Epoch Time: 0.58s | Spearman@80: 0.8971 | Kendall@80: 0.7454
Epoch 121/150 | Train Loss: 0.0202 | Epoch Time: 0.58s | Spearman@80: 0.8886 | Kendall@80: 0.7333
Epoch 122/150 | Train Loss: 0.0222 | Epoch Time: 0.58s | Spearman@80: 0.8868 | Kendall@80: 0.7289
Epoch 123/150 | Train Loss: 0.0176 | Epoch Time: 0.58s | Spearman@80: 0.8968 | Kendall@80: 0.7422
Epoch 124/150 | Train Loss: 0.0203 | Epoch Time: 0.58s | Spearman@80: 0.8900 | Kendall@80: 0.7371
Epoch 125/150 | Train Loss: 0.0166 | Epoch Time: 0.58s | Spearman@80: 0.8912 | Kendall@80: 0.7409
Epoch 126/150 | Train Loss: 0.0158 | Epoch Time: 0.58s | Spearman@80: 0.8876 | Kendall@80: 0.7352
Epoch 127/150 | Train Loss: 0.0181 | Epoch Time: 0.57s | Spearman@80: 0.8965 | Kendall@80: 0.7492
Epoch 128/150 | Train Loss: 0.0133 | Epoch Time: 0.58s | Spearman@80: 0.8961 | Kendall@80: 0.7454
Epoch 129/150 | Train Loss: 0.0188 | Epoch Time: 0.57s | Spearman@80: 0.9008 | Kendall@80: 0.7454
Epoch 130/150 | Train Loss: 0.0179 | Epoch Time: 0.58s | Spearman@80: 0.8935 | Kendall@80: 0.7384
Epoch 131/150 | Train Loss: 0.0185 | Epoch Time: 0.58s | Spearman@80: 0.8946 | Kendall@80: 0.7447
Epoch 132/150 | Train Loss: 0.0162 | Epoch Time: 0.58s | Spearman@80: 0.8970 | Kendall@80: 0.7460
Epoch 133/150 | Train Loss: 0.0190 | Epoch Time: 0.58s | Spearman@80: 0.8946 | Kendall@80: 0.7447
Epoch 134/150 | Train Loss: 0.0181 | Epoch Time: 0.58s | Spearman@80: 0.8901 | Kendall@80: 0.7390
Epoch 135/150 | Train Loss: 0.0200 | Epoch Time: 0.58s | Spearman@80: 0.8879 | Kendall@80: 0.7321
Epoch 136/150 | Train Loss: 0.0163 | Epoch Time: 0.58s | Spearman@80: 0.8918 | Kendall@80: 0.7409
Epoch 137/150 | Train Loss: 0.0137 | Epoch Time: 0.58s | Spearman@80: 0.8867 | Kendall@80: 0.7321
Epoch 138/150 | Train Loss: 0.0191 | Epoch Time: 0.58s | Spearman@80: 0.8883 | Kendall@80: 0.7371
Epoch 139/150 | Train Loss: 0.0193 | Epoch Time: 0.58s | Spearman@80: 0.8881 | Kendall@80: 0.7371
Epoch 140/150 | Train Loss: 0.0226 | Epoch Time: 0.59s | Spearman@80: 0.8900 | Kendall@80: 0.7390
Epoch 141/150 | Train Loss: 0.0158 | Epoch Time: 0.57s | Spearman@80: 0.8917 | Kendall@80: 0.7435
Epoch 142/150 | Train Loss: 0.0218 | Epoch Time: 0.58s | Spearman@80: 0.8940 | Kendall@80: 0.7416
Epoch 143/150 | Train Loss: 0.0198 | Epoch Time: 0.58s | Spearman@80: 0.8929 | Kendall@80: 0.7384
Epoch 144/150 | Train Loss: 0.0130 | Epoch Time: 0.58s | Spearman@80: 0.8969 | Kendall@80: 0.7460
Epoch 145/150 | Train Loss: 0.0139 | Epoch Time: 0.58s | Spearman@80: 0.8979 | Kendall@80: 0.7460
Epoch 146/150 | Train Loss: 0.0190 | Epoch Time: 0.58s | Spearman@80: 0.8944 | Kendall@80: 0.7390
Epoch 147/150 | Train Loss: 0.0167 | Epoch Time: 37.17s | Spearman@423495: 0.9042 | Kendall@423495: 0.7390
Epoch 148/150 | Train Loss: 0.0155 | Epoch Time: 36.92s | Spearman@423495: 0.9017 | Kendall@423495: 0.7357
Epoch 149/150 | Train Loss: 0.0189 | Epoch Time: 37.04s | Spearman@423495: 0.9045 | Kendall@423495: 0.7394
Epoch 150/150 | Train Loss: 0.0161 | Epoch Time: 36.79s | Spearman@423495: 0.9050 | Kendall@423495: 0.7396
Sample Count: 128, Spearman: 0.9038583509961383, Kendall: 0.7384204806407175
{64: (0.8109093488267453, 0.6216481413162462),
 128: (0.9038583509961383, 0.7384204806407175)}
Average KDT:  0.6108000006170379
Variance KDT:  0.00031148870529683494
Average SPR:  0.7991851392335135
Variance SPR:  0.00023773235182210397
Average KDT:  0.7206141767723523
Variance KDT:  0.00021367418076054557
Average SPR:  0.8939533231837881
Variance SPR:  8.312799503436097e-05
