Loading files for NASBench201...
Normalizing ZCP dict
try to create the NAS-Bench-201 api from /home/ya255/projects/flan_hardware/nas_embedding_suite/embedding_datasets/NAS-Bench-201-v1_1-096897.pth
Loaded files in:  62.74401783943176  seconds
Loading cache for NASBench-201 speedup!!...
Loading cache for NASBench-201 speedup!!...
Epoch 1/150 | Train Loss: 0.0959 | Epoch Time: 1.30s | Spearman@80: 0.2899 | Kendall@80: 0.2000
Epoch 2/150 | Train Loss: 0.0803 | Epoch Time: 0.23s | Spearman@80: 0.4294 | Kendall@80: 0.3011
Epoch 3/150 | Train Loss: 0.0627 | Epoch Time: 0.23s | Spearman@80: 0.7253 | Kendall@80: 0.5607
Epoch 4/150 | Train Loss: 0.0504 | Epoch Time: 0.23s | Spearman@80: 0.7816 | Kendall@80: 0.6098
Epoch 5/150 | Train Loss: 0.0589 | Epoch Time: 0.24s | Spearman@80: 0.8240 | Kendall@80: 0.6458
Epoch 6/150 | Train Loss: 0.0418 | Epoch Time: 0.25s | Spearman@80: 0.9281 | Kendall@80: 0.7722
Epoch 7/150 | Train Loss: 0.0388 | Epoch Time: 0.25s | Spearman@80: 0.9302 | Kendall@80: 0.7823
Epoch 8/150 | Train Loss: 0.0424 | Epoch Time: 0.25s | Spearman@80: 0.8847 | Kendall@80: 0.7051
Epoch 9/150 | Train Loss: 0.0399 | Epoch Time: 0.25s | Spearman@80: 0.9196 | Kendall@80: 0.7589
Epoch 10/150 | Train Loss: 0.0328 | Epoch Time: 0.25s | Spearman@80: 0.9219 | Kendall@80: 0.7521
Epoch 11/150 | Train Loss: 0.0375 | Epoch Time: 0.26s | Spearman@80: 0.9170 | Kendall@80: 0.7502
Epoch 12/150 | Train Loss: 0.0418 | Epoch Time: 0.24s | Spearman@80: 0.9506 | Kendall@80: 0.8122
Epoch 13/150 | Train Loss: 0.0330 | Epoch Time: 0.25s | Spearman@80: 0.9176 | Kendall@80: 0.7477
Epoch 14/150 | Train Loss: 0.0367 | Epoch Time: 0.25s | Spearman@80: 0.9236 | Kendall@80: 0.7582
Epoch 15/150 | Train Loss: 0.0382 | Epoch Time: 0.25s | Spearman@80: 0.9400 | Kendall@80: 0.7998
Epoch 16/150 | Train Loss: 0.0312 | Epoch Time: 0.25s | Spearman@80: 0.9319 | Kendall@80: 0.7928
Epoch 17/150 | Train Loss: 0.0385 | Epoch Time: 0.25s | Spearman@80: 0.9059 | Kendall@80: 0.7322
Epoch 18/150 | Train Loss: 0.0372 | Epoch Time: 0.24s | Spearman@80: 0.9396 | Kendall@80: 0.7940
Epoch 19/150 | Train Loss: 0.0278 | Epoch Time: 0.25s | Spearman@80: 0.9393 | Kendall@80: 0.7906
Epoch 20/150 | Train Loss: 0.0340 | Epoch Time: 0.25s | Spearman@80: 0.9310 | Kendall@80: 0.7782
Epoch 21/150 | Train Loss: 0.0362 | Epoch Time: 0.24s | Spearman@80: 0.8656 | Kendall@80: 0.6784
Epoch 22/150 | Train Loss: 0.0353 | Epoch Time: 0.25s | Spearman@80: 0.9425 | Kendall@80: 0.8001
Epoch 23/150 | Train Loss: 0.0374 | Epoch Time: 0.24s | Spearman@80: 0.9414 | Kendall@80: 0.7970
Epoch 24/150 | Train Loss: 0.0277 | Epoch Time: 0.25s | Spearman@80: 0.9398 | Kendall@80: 0.7934
Epoch 25/150 | Train Loss: 0.0284 | Epoch Time: 0.25s | Spearman@80: 0.9390 | Kendall@80: 0.7938
Epoch 26/150 | Train Loss: 0.0287 | Epoch Time: 0.25s | Spearman@80: 0.9366 | Kendall@80: 0.7998
Epoch 27/150 | Train Loss: 0.0347 | Epoch Time: 0.25s | Spearman@80: 0.9214 | Kendall@80: 0.7595
Epoch 28/150 | Train Loss: 0.0278 | Epoch Time: 0.24s | Spearman@80: 0.9403 | Kendall@80: 0.7957
Epoch 29/150 | Train Loss: 0.0234 | Epoch Time: 0.23s | Spearman@80: 0.9399 | Kendall@80: 0.7959
Epoch 30/150 | Train Loss: 0.0291 | Epoch Time: 0.24s | Spearman@80: 0.9292 | Kendall@80: 0.7703
Epoch 31/150 | Train Loss: 0.0280 | Epoch Time: 0.24s | Spearman@80: 0.9292 | Kendall@80: 0.7747
Epoch 32/150 | Train Loss: 0.0250 | Epoch Time: 0.24s | Spearman@80: 0.9422 | Kendall@80: 0.7991
Epoch 33/150 | Train Loss: 0.0321 | Epoch Time: 0.23s | Spearman@80: 0.9454 | Kendall@80: 0.8017
Epoch 34/150 | Train Loss: 0.0297 | Epoch Time: 0.24s | Spearman@80: 0.9494 | Kendall@80: 0.8090
Epoch 35/150 | Train Loss: 0.0278 | Epoch Time: 0.23s | Spearman@80: 0.9361 | Kendall@80: 0.7845
Epoch 36/150 | Train Loss: 0.0236 | Epoch Time: 0.23s | Spearman@80: 0.9254 | Kendall@80: 0.7538
Epoch 37/150 | Train Loss: 0.0246 | Epoch Time: 0.24s | Spearman@80: 0.9395 | Kendall@80: 0.7963
Epoch 38/150 | Train Loss: 0.0253 | Epoch Time: 0.23s | Spearman@80: 0.9325 | Kendall@80: 0.7820
Epoch 39/150 | Train Loss: 0.0325 | Epoch Time: 0.24s | Spearman@80: 0.9282 | Kendall@80: 0.7823
Epoch 40/150 | Train Loss: 0.0304 | Epoch Time: 0.23s | Spearman@80: 0.9191 | Kendall@80: 0.7585
Epoch 41/150 | Train Loss: 0.0276 | Epoch Time: 0.24s | Spearman@80: 0.9335 | Kendall@80: 0.7766
Epoch 42/150 | Train Loss: 0.0283 | Epoch Time: 0.24s | Spearman@80: 0.9353 | Kendall@80: 0.7851
Epoch 43/150 | Train Loss: 0.0303 | Epoch Time: 0.23s | Spearman@80: 0.9362 | Kendall@80: 0.7883
Epoch 44/150 | Train Loss: 0.0234 | Epoch Time: 0.23s | Spearman@80: 0.9426 | Kendall@80: 0.7998
Epoch 45/150 | Train Loss: 0.0318 | Epoch Time: 0.24s | Spearman@80: 0.9504 | Kendall@80: 0.8175
Epoch 46/150 | Train Loss: 0.0249 | Epoch Time: 0.25s | Spearman@80: 0.9499 | Kendall@80: 0.8128
Epoch 47/150 | Train Loss: 0.0251 | Epoch Time: 0.23s | Spearman@80: 0.9512 | Kendall@80: 0.8131
Epoch 48/150 | Train Loss: 0.0213 | Epoch Time: 0.23s | Spearman@80: 0.9462 | Kendall@80: 0.8014
Epoch 49/150 | Train Loss: 0.0279 | Epoch Time: 0.24s | Spearman@80: 0.9504 | Kendall@80: 0.8099
Epoch 50/150 | Train Loss: 0.0306 | Epoch Time: 0.24s | Spearman@80: 0.9440 | Kendall@80: 0.8008
Epoch 51/150 | Train Loss: 0.0303 | Epoch Time: 0.24s | Spearman@80: 0.9436 | Kendall@80: 0.7978
Epoch 52/150 | Train Loss: 0.0200 | Epoch Time: 0.25s | Spearman@80: 0.9532 | Kendall@80: 0.8163
Epoch 53/150 | Train Loss: 0.0265 | Epoch Time: 0.25s | Spearman@80: 0.9426 | Kendall@80: 0.7915
Epoch 54/150 | Train Loss: 0.0227 | Epoch Time: 0.25s | Spearman@80: 0.9474 | Kendall@80: 0.8065
Epoch 55/150 | Train Loss: 0.0215 | Epoch Time: 0.25s | Spearman@80: 0.9351 | Kendall@80: 0.7754
Epoch 56/150 | Train Loss: 0.0274 | Epoch Time: 0.25s | Spearman@80: 0.9497 | Kendall@80: 0.8061
Epoch 57/150 | Train Loss: 0.0283 | Epoch Time: 0.25s | Spearman@80: 0.9512 | Kendall@80: 0.8150
Epoch 58/150 | Train Loss: 0.0305 | Epoch Time: 0.24s | Spearman@80: 0.9492 | Kendall@80: 0.8156
Epoch 59/150 | Train Loss: 0.0269 | Epoch Time: 0.25s | Spearman@80: 0.9355 | Kendall@80: 0.7925
Epoch 60/150 | Train Loss: 0.0215 | Epoch Time: 0.25s | Spearman@80: 0.9441 | Kendall@80: 0.8080
Epoch 61/150 | Train Loss: 0.0179 | Epoch Time: 0.25s | Spearman@80: 0.9453 | Kendall@80: 0.8065
Epoch 62/150 | Train Loss: 0.0259 | Epoch Time: 0.25s | Spearman@80: 0.9520 | Kendall@80: 0.8160
Epoch 63/150 | Train Loss: 0.0273 | Epoch Time: 0.25s | Spearman@80: 0.9549 | Kendall@80: 0.8245
Epoch 64/150 | Train Loss: 0.0283 | Epoch Time: 0.25s | Spearman@80: 0.9573 | Kendall@80: 0.8290
Epoch 65/150 | Train Loss: 0.0218 | Epoch Time: 0.24s | Spearman@80: 0.9556 | Kendall@80: 0.8243
Epoch 66/150 | Train Loss: 0.0172 | Epoch Time: 0.25s | Spearman@80: 0.9526 | Kendall@80: 0.8160
Epoch 67/150 | Train Loss: 0.0204 | Epoch Time: 0.25s | Spearman@80: 0.9525 | Kendall@80: 0.8160
Epoch 68/150 | Train Loss: 0.0186 | Epoch Time: 0.25s | Spearman@80: 0.9511 | Kendall@80: 0.8086
Epoch 69/150 | Train Loss: 0.0243 | Epoch Time: 0.24s | Spearman@80: 0.9578 | Kendall@80: 0.8233
Epoch 70/150 | Train Loss: 0.0224 | Epoch Time: 0.26s | Spearman@80: 0.9471 | Kendall@80: 0.8004
Epoch 71/150 | Train Loss: 0.0224 | Epoch Time: 0.25s | Spearman@80: 0.9468 | Kendall@80: 0.8033
Epoch 72/150 | Train Loss: 0.0196 | Epoch Time: 0.25s | Spearman@80: 0.9371 | Kendall@80: 0.7801
Epoch 73/150 | Train Loss: 0.0271 | Epoch Time: 0.25s | Spearman@80: 0.9495 | Kendall@80: 0.8093
Epoch 74/150 | Train Loss: 0.0163 | Epoch Time: 0.25s | Spearman@80: 0.9539 | Kendall@80: 0.8166
Epoch 75/150 | Train Loss: 0.0203 | Epoch Time: 0.24s | Spearman@80: 0.9456 | Kendall@80: 0.8010
Epoch 76/150 | Train Loss: 0.0166 | Epoch Time: 0.25s | Spearman@80: 0.9479 | Kendall@80: 0.8067
Epoch 77/150 | Train Loss: 0.0234 | Epoch Time: 0.26s | Spearman@80: 0.9520 | Kendall@80: 0.8125
Epoch 78/150 | Train Loss: 0.0232 | Epoch Time: 0.24s | Spearman@80: 0.9534 | Kendall@80: 0.8175
Epoch 79/150 | Train Loss: 0.0209 | Epoch Time: 0.25s | Spearman@80: 0.9558 | Kendall@80: 0.8249
Epoch 80/150 | Train Loss: 0.0273 | Epoch Time: 0.24s | Spearman@80: 0.9581 | Kendall@80: 0.8290
Epoch 81/150 | Train Loss: 0.0224 | Epoch Time: 0.25s | Spearman@80: 0.9493 | Kendall@80: 0.8071
Epoch 82/150 | Train Loss: 0.0207 | Epoch Time: 0.25s | Spearman@80: 0.9515 | Kendall@80: 0.8144
Epoch 83/150 | Train Loss: 0.0176 | Epoch Time: 0.25s | Spearman@80: 0.9555 | Kendall@80: 0.8213
Epoch 84/150 | Train Loss: 0.0206 | Epoch Time: 0.25s | Spearman@80: 0.9393 | Kendall@80: 0.7858
Epoch 85/150 | Train Loss: 0.0212 | Epoch Time: 0.23s | Spearman@80: 0.9295 | Kendall@80: 0.7696
Epoch 86/150 | Train Loss: 0.0181 | Epoch Time: 0.24s | Spearman@80: 0.9465 | Kendall@80: 0.8058
Epoch 87/150 | Train Loss: 0.0168 | Epoch Time: 0.23s | Spearman@80: 0.9467 | Kendall@80: 0.8042
Epoch 88/150 | Train Loss: 0.0227 | Epoch Time: 0.24s | Spearman@80: 0.9525 | Kendall@80: 0.8175
Epoch 89/150 | Train Loss: 0.0251 | Epoch Time: 0.24s | Spearman@80: 0.9553 | Kendall@80: 0.8236
Epoch 90/150 | Train Loss: 0.0262 | Epoch Time: 0.23s | Spearman@80: 0.9593 | Kendall@80: 0.8283
Epoch 91/150 | Train Loss: 0.0165 | Epoch Time: 0.24s | Spearman@80: 0.9601 | Kendall@80: 0.8281
Epoch 92/150 | Train Loss: 0.0203 | Epoch Time: 0.24s | Spearman@80: 0.9530 | Kendall@80: 0.8118
Epoch 93/150 | Train Loss: 0.0132 | Epoch Time: 0.23s | Spearman@80: 0.9339 | Kendall@80: 0.7798
Epoch 94/150 | Train Loss: 0.0188 | Epoch Time: 0.23s | Spearman@80: 0.9447 | Kendall@80: 0.7989
Epoch 95/150 | Train Loss: 0.0243 | Epoch Time: 0.24s | Spearman@80: 0.9473 | Kendall@80: 0.8014
Epoch 96/150 | Train Loss: 0.0228 | Epoch Time: 0.24s | Spearman@80: 0.9482 | Kendall@80: 0.8046
Epoch 97/150 | Train Loss: 0.0183 | Epoch Time: 0.24s | Spearman@80: 0.9491 | Kendall@80: 0.8078
Epoch 98/150 | Train Loss: 0.0206 | Epoch Time: 0.23s | Spearman@80: 0.9490 | Kendall@80: 0.8084
Epoch 99/150 | Train Loss: 0.0130 | Epoch Time: 0.24s | Spearman@80: 0.9506 | Kendall@80: 0.8128
Epoch 100/150 | Train Loss: 0.0200 | Epoch Time: 0.24s | Spearman@80: 0.9558 | Kendall@80: 0.8245
Epoch 101/150 | Train Loss: 0.0149 | Epoch Time: 0.24s | Spearman@80: 0.9513 | Kendall@80: 0.8166
Epoch 102/150 | Train Loss: 0.0147 | Epoch Time: 0.24s | Spearman@80: 0.9509 | Kendall@80: 0.8125
Epoch 103/150 | Train Loss: 0.0212 | Epoch Time: 0.25s | Spearman@80: 0.9468 | Kendall@80: 0.8010
Epoch 104/150 | Train Loss: 0.0205 | Epoch Time: 0.23s | Spearman@80: 0.9508 | Kendall@80: 0.8090
Epoch 105/150 | Train Loss: 0.0141 | Epoch Time: 0.24s | Spearman@80: 0.9460 | Kendall@80: 0.8004
Epoch 106/150 | Train Loss: 0.0185 | Epoch Time: 0.23s | Spearman@80: 0.9512 | Kendall@80: 0.8125
Epoch 107/150 | Train Loss: 0.0202 | Epoch Time: 0.24s | Spearman@80: 0.9543 | Kendall@80: 0.8173
Epoch 108/150 | Train Loss: 0.0209 | Epoch Time: 0.24s | Spearman@80: 0.9520 | Kendall@80: 0.8144
Epoch 109/150 | Train Loss: 0.0233 | Epoch Time: 0.25s | Spearman@80: 0.9408 | Kendall@80: 0.7890
Epoch 110/150 | Train Loss: 0.0157 | Epoch Time: 0.25s | Spearman@80: 0.9414 | Kendall@80: 0.7855
Epoch 111/150 | Train Loss: 0.0179 | Epoch Time: 0.25s | Spearman@80: 0.9473 | Kendall@80: 0.8036
Epoch 112/150 | Train Loss: 0.0149 | Epoch Time: 0.25s | Spearman@80: 0.9470 | Kendall@80: 0.8010
Epoch 113/150 | Train Loss: 0.0174 | Epoch Time: 0.25s | Spearman@80: 0.9477 | Kendall@80: 0.8008
Epoch 114/150 | Train Loss: 0.0180 | Epoch Time: 0.25s | Spearman@80: 0.9483 | Kendall@80: 0.8042
Epoch 115/150 | Train Loss: 0.0160 | Epoch Time: 0.25s | Spearman@80: 0.9404 | Kendall@80: 0.7883
Epoch 116/150 | Train Loss: 0.0196 | Epoch Time: 0.25s | Spearman@80: 0.9458 | Kendall@80: 0.7978
Epoch 117/150 | Train Loss: 0.0135 | Epoch Time: 0.25s | Spearman@80: 0.9429 | Kendall@80: 0.7909
Epoch 118/150 | Train Loss: 0.0171 | Epoch Time: 0.25s | Spearman@80: 0.9516 | Kendall@80: 0.8086
Epoch 119/150 | Train Loss: 0.0112 | Epoch Time: 0.25s | Spearman@80: 0.9563 | Kendall@80: 0.8179
Epoch 120/150 | Train Loss: 0.0170 | Epoch Time: 0.25s | Spearman@80: 0.9597 | Kendall@80: 0.8315
Epoch 121/150 | Train Loss: 0.0156 | Epoch Time: 0.25s | Spearman@80: 0.9534 | Kendall@80: 0.8112
Epoch 122/150 | Train Loss: 0.0161 | Epoch Time: 0.26s | Spearman@80: 0.9520 | Kendall@80: 0.8086
Epoch 123/150 | Train Loss: 0.0128 | Epoch Time: 0.25s | Spearman@80: 0.9553 | Kendall@80: 0.8207
Epoch 124/150 | Train Loss: 0.0141 | Epoch Time: 0.24s | Spearman@80: 0.9541 | Kendall@80: 0.8156
Epoch 125/150 | Train Loss: 0.0116 | Epoch Time: 0.25s | Spearman@80: 0.9545 | Kendall@80: 0.8156
Epoch 126/150 | Train Loss: 0.0168 | Epoch Time: 0.26s | Spearman@80: 0.9608 | Kendall@80: 0.8312
Epoch 127/150 | Train Loss: 0.0143 | Epoch Time: 0.25s | Spearman@80: 0.9594 | Kendall@80: 0.8268
Epoch 128/150 | Train Loss: 0.0168 | Epoch Time: 0.25s | Spearman@80: 0.9597 | Kendall@80: 0.8283
Epoch 129/150 | Train Loss: 0.0153 | Epoch Time: 0.25s | Spearman@80: 0.9596 | Kendall@80: 0.8277
Epoch 130/150 | Train Loss: 0.0156 | Epoch Time: 0.25s | Spearman@80: 0.9599 | Kendall@80: 0.8302
Epoch 131/150 | Train Loss: 0.0138 | Epoch Time: 0.24s | Spearman@80: 0.9582 | Kendall@80: 0.8264
Epoch 132/150 | Train Loss: 0.0174 | Epoch Time: 0.26s | Spearman@80: 0.9565 | Kendall@80: 0.8213
Epoch 133/150 | Train Loss: 0.0168 | Epoch Time: 0.23s | Spearman@80: 0.9567 | Kendall@80: 0.8213
Epoch 134/150 | Train Loss: 0.0165 | Epoch Time: 0.24s | Spearman@80: 0.9554 | Kendall@80: 0.8175
Epoch 135/150 | Train Loss: 0.0127 | Epoch Time: 0.25s | Spearman@80: 0.9558 | Kendall@80: 0.8211
Epoch 136/150 | Train Loss: 0.0126 | Epoch Time: 0.24s | Spearman@80: 0.9550 | Kendall@80: 0.8169
Epoch 137/150 | Train Loss: 0.0109 | Epoch Time: 0.25s | Spearman@80: 0.9545 | Kendall@80: 0.8150
Epoch 138/150 | Train Loss: 0.0135 | Epoch Time: 0.25s | Spearman@80: 0.9572 | Kendall@80: 0.8226
Epoch 139/150 | Train Loss: 0.0126 | Epoch Time: 0.25s | Spearman@80: 0.9562 | Kendall@80: 0.8213
Epoch 140/150 | Train Loss: 0.0135 | Epoch Time: 0.24s | Spearman@80: 0.9577 | Kendall@80: 0.8233
Epoch 141/150 | Train Loss: 0.0123 | Epoch Time: 0.24s | Spearman@80: 0.9569 | Kendall@80: 0.8213
Epoch 142/150 | Train Loss: 0.0103 | Epoch Time: 0.24s | Spearman@80: 0.9586 | Kendall@80: 0.8255
Epoch 143/150 | Train Loss: 0.0138 | Epoch Time: 0.23s | Spearman@80: 0.9567 | Kendall@80: 0.8213
Epoch 144/150 | Train Loss: 0.0138 | Epoch Time: 0.23s | Spearman@80: 0.9556 | Kendall@80: 0.8192
Epoch 145/150 | Train Loss: 0.0121 | Epoch Time: 0.24s | Spearman@80: 0.9573 | Kendall@80: 0.8220
Epoch 146/150 | Train Loss: 0.0099 | Epoch Time: 0.24s | Spearman@80: 0.9579 | Kendall@80: 0.8243
Epoch 147/150 | Train Loss: 0.0174 | Epoch Time: 1.39s | Spearman@15560: 0.9421 | Kendall@15560: 0.8041
Epoch 148/150 | Train Loss: 0.0120 | Epoch Time: 1.12s | Spearman@15560: 0.9412 | Kendall@15560: 0.8023
Epoch 149/150 | Train Loss: 0.0150 | Epoch Time: 1.15s | Spearman@15560: 0.9415 | Kendall@15560: 0.8026
Epoch 150/150 | Train Loss: 0.0094 | Epoch Time: 1.20s | Spearman@15560: 0.9403 | Kendall@15560: 0.8000
Sample Count: 64, Spearman: 0.941293139387225, Kendall: 0.802251397549361
{64: (0.941293139387225, 0.802251397549361)}
Epoch 1/150 | Train Loss: 0.0882 | Epoch Time: 0.48s | Spearman@80: 0.6099 | Kendall@80: 0.4472
Epoch 2/150 | Train Loss: 0.0568 | Epoch Time: 0.47s | Spearman@80: 0.9093 | Kendall@80: 0.7396
Epoch 3/150 | Train Loss: 0.0458 | Epoch Time: 0.47s | Spearman@80: 0.9136 | Kendall@80: 0.7540
Epoch 4/150 | Train Loss: 0.0406 | Epoch Time: 0.51s | Spearman@80: 0.9242 | Kendall@80: 0.7631
Epoch 5/150 | Train Loss: 0.0342 | Epoch Time: 0.50s | Spearman@80: 0.9318 | Kendall@80: 0.7827
Epoch 6/150 | Train Loss: 0.0394 | Epoch Time: 0.51s | Spearman@80: 0.9222 | Kendall@80: 0.7711
Epoch 7/150 | Train Loss: 0.0457 | Epoch Time: 0.51s | Spearman@80: 0.9376 | Kendall@80: 0.7961
Epoch 8/150 | Train Loss: 0.0354 | Epoch Time: 0.51s | Spearman@80: 0.9198 | Kendall@80: 0.7572
Epoch 9/150 | Train Loss: 0.0291 | Epoch Time: 0.50s | Spearman@80: 0.9397 | Kendall@80: 0.7948
Epoch 10/150 | Train Loss: 0.0432 | Epoch Time: 0.50s | Spearman@80: 0.9228 | Kendall@80: 0.7726
Epoch 11/150 | Train Loss: 0.0304 | Epoch Time: 0.51s | Spearman@80: 0.9170 | Kendall@80: 0.7553
Epoch 12/150 | Train Loss: 0.0326 | Epoch Time: 0.52s | Spearman@80: 0.9178 | Kendall@80: 0.7610
Epoch 13/150 | Train Loss: 0.0299 | Epoch Time: 0.48s | Spearman@80: 0.8688 | Kendall@80: 0.6779
Epoch 14/150 | Train Loss: 0.0400 | Epoch Time: 0.48s | Spearman@80: 0.9281 | Kendall@80: 0.7762
Epoch 15/150 | Train Loss: 0.0356 | Epoch Time: 0.48s | Spearman@80: 0.9344 | Kendall@80: 0.7876
Epoch 16/150 | Train Loss: 0.0356 | Epoch Time: 0.47s | Spearman@80: 0.9278 | Kendall@80: 0.7908
Epoch 17/150 | Train Loss: 0.0340 | Epoch Time: 0.48s | Spearman@80: 0.9202 | Kendall@80: 0.7680
Epoch 18/150 | Train Loss: 0.0347 | Epoch Time: 0.48s | Spearman@80: 0.9301 | Kendall@80: 0.7827
Epoch 19/150 | Train Loss: 0.0381 | Epoch Time: 0.48s | Spearman@80: 0.9240 | Kendall@80: 0.7718
Epoch 20/150 | Train Loss: 0.0311 | Epoch Time: 0.49s | Spearman@80: 0.9345 | Kendall@80: 0.7961
Epoch 21/150 | Train Loss: 0.0313 | Epoch Time: 0.50s | Spearman@80: 0.9236 | Kendall@80: 0.7745
Epoch 22/150 | Train Loss: 0.0369 | Epoch Time: 0.49s | Spearman@80: 0.8677 | Kendall@80: 0.6810
Epoch 23/150 | Train Loss: 0.0340 | Epoch Time: 0.50s | Spearman@80: 0.9258 | Kendall@80: 0.7781
Epoch 24/150 | Train Loss: 0.0343 | Epoch Time: 0.48s | Spearman@80: 0.9312 | Kendall@80: 0.7838
Epoch 25/150 | Train Loss: 0.0305 | Epoch Time: 0.52s | Spearman@80: 0.9313 | Kendall@80: 0.7902
Epoch 26/150 | Train Loss: 0.0304 | Epoch Time: 0.51s | Spearman@80: 0.9355 | Kendall@80: 0.7883
Epoch 27/150 | Train Loss: 0.0293 | Epoch Time: 0.51s | Spearman@80: 0.9150 | Kendall@80: 0.7724
Epoch 28/150 | Train Loss: 0.0365 | Epoch Time: 0.51s | Spearman@80: 0.9350 | Kendall@80: 0.7845
Epoch 29/150 | Train Loss: 0.0330 | Epoch Time: 0.51s | Spearman@80: 0.8994 | Kendall@80: 0.7263
Epoch 30/150 | Train Loss: 0.0318 | Epoch Time: 0.51s | Spearman@80: 0.9277 | Kendall@80: 0.7787
Epoch 31/150 | Train Loss: 0.0330 | Epoch Time: 0.51s | Spearman@80: 0.9247 | Kendall@80: 0.7770
Epoch 32/150 | Train Loss: 0.0354 | Epoch Time: 0.51s | Spearman@80: 0.9287 | Kendall@80: 0.7764
Epoch 33/150 | Train Loss: 0.0305 | Epoch Time: 0.51s | Spearman@80: 0.9280 | Kendall@80: 0.7789
Epoch 34/150 | Train Loss: 0.0297 | Epoch Time: 0.51s | Spearman@80: 0.9102 | Kendall@80: 0.7534
Epoch 35/150 | Train Loss: 0.0313 | Epoch Time: 0.51s | Spearman@80: 0.9249 | Kendall@80: 0.7783
Epoch 36/150 | Train Loss: 0.0291 | Epoch Time: 0.50s | Spearman@80: 0.9291 | Kendall@80: 0.7853
Epoch 37/150 | Train Loss: 0.0311 | Epoch Time: 0.50s | Spearman@80: 0.9216 | Kendall@80: 0.7840
Epoch 38/150 | Train Loss: 0.0332 | Epoch Time: 0.51s | Spearman@80: 0.9109 | Kendall@80: 0.7701
Epoch 39/150 | Train Loss: 0.0313 | Epoch Time: 0.51s | Spearman@80: 0.9059 | Kendall@80: 0.7572
Epoch 40/150 | Train Loss: 0.0309 | Epoch Time: 0.50s | Spearman@80: 0.9003 | Kendall@80: 0.7428
Epoch 41/150 | Train Loss: 0.0289 | Epoch Time: 0.48s | Spearman@80: 0.9339 | Kendall@80: 0.7946
Epoch 42/150 | Train Loss: 0.0282 | Epoch Time: 0.48s | Spearman@80: 0.9308 | Kendall@80: 0.7948
Epoch 43/150 | Train Loss: 0.0322 | Epoch Time: 0.48s | Spearman@80: 0.9158 | Kendall@80: 0.7777
Epoch 44/150 | Train Loss: 0.0340 | Epoch Time: 0.48s | Spearman@80: 0.9266 | Kendall@80: 0.7883
Epoch 45/150 | Train Loss: 0.0298 | Epoch Time: 0.48s | Spearman@80: 0.9192 | Kendall@80: 0.7686
Epoch 46/150 | Train Loss: 0.0315 | Epoch Time: 0.48s | Spearman@80: 0.9150 | Kendall@80: 0.7637
Epoch 47/150 | Train Loss: 0.0277 | Epoch Time: 0.48s | Spearman@80: 0.9318 | Kendall@80: 0.7914
Epoch 48/150 | Train Loss: 0.0285 | Epoch Time: 0.48s | Spearman@80: 0.9171 | Kendall@80: 0.7711
Epoch 49/150 | Train Loss: 0.0320 | Epoch Time: 0.50s | Spearman@80: 0.9035 | Kendall@80: 0.7394
Epoch 50/150 | Train Loss: 0.0293 | Epoch Time: 0.48s | Spearman@80: 0.9374 | Kendall@80: 0.7948
Epoch 51/150 | Train Loss: 0.0314 | Epoch Time: 0.48s | Spearman@80: 0.9336 | Kendall@80: 0.7999
Epoch 52/150 | Train Loss: 0.0349 | Epoch Time: 0.51s | Spearman@80: 0.9203 | Kendall@80: 0.7832
Epoch 53/150 | Train Loss: 0.0301 | Epoch Time: 0.51s | Spearman@80: 0.9177 | Kendall@80: 0.7705
Epoch 54/150 | Train Loss: 0.0294 | Epoch Time: 0.50s | Spearman@80: 0.9343 | Kendall@80: 0.7980
Epoch 55/150 | Train Loss: 0.0307 | Epoch Time: 0.50s | Spearman@80: 0.9300 | Kendall@80: 0.7984
Epoch 56/150 | Train Loss: 0.0269 | Epoch Time: 0.51s | Spearman@80: 0.9227 | Kendall@80: 0.7872
Epoch 57/150 | Train Loss: 0.0302 | Epoch Time: 0.50s | Spearman@80: 0.9253 | Kendall@80: 0.7857
Epoch 58/150 | Train Loss: 0.0304 | Epoch Time: 0.51s | Spearman@80: 0.9202 | Kendall@80: 0.7838
Epoch 59/150 | Train Loss: 0.0266 | Epoch Time: 0.50s | Spearman@80: 0.9278 | Kendall@80: 0.7832
Epoch 60/150 | Train Loss: 0.0282 | Epoch Time: 0.51s | Spearman@80: 0.8949 | Kendall@80: 0.7307
Epoch 61/150 | Train Loss: 0.0276 | Epoch Time: 0.51s | Spearman@80: 0.9184 | Kendall@80: 0.7686
Epoch 62/150 | Train Loss: 0.0300 | Epoch Time: 0.50s | Spearman@80: 0.9236 | Kendall@80: 0.7827
Epoch 63/150 | Train Loss: 0.0301 | Epoch Time: 0.50s | Spearman@80: 0.9166 | Kendall@80: 0.7718
Epoch 64/150 | Train Loss: 0.0315 | Epoch Time: 0.48s | Spearman@80: 0.9161 | Kendall@80: 0.7718
Epoch 65/150 | Train Loss: 0.0325 | Epoch Time: 0.50s | Spearman@80: 0.9235 | Kendall@80: 0.7737
Epoch 66/150 | Train Loss: 0.0271 | Epoch Time: 0.51s | Spearman@80: 0.8992 | Kendall@80: 0.7280
Epoch 67/150 | Train Loss: 0.0259 | Epoch Time: 0.51s | Spearman@80: 0.9267 | Kendall@80: 0.7730
Epoch 68/150 | Train Loss: 0.0298 | Epoch Time: 0.48s | Spearman@80: 0.9286 | Kendall@80: 0.7908
Epoch 69/150 | Train Loss: 0.0229 | Epoch Time: 0.48s | Spearman@80: 0.9336 | Kendall@80: 0.8018
Epoch 70/150 | Train Loss: 0.0275 | Epoch Time: 0.47s | Spearman@80: 0.9211 | Kendall@80: 0.7768
Epoch 71/150 | Train Loss: 0.0297 | Epoch Time: 0.48s | Spearman@80: 0.9205 | Kendall@80: 0.7794
Epoch 72/150 | Train Loss: 0.0296 | Epoch Time: 0.47s | Spearman@80: 0.9276 | Kendall@80: 0.7948
Epoch 73/150 | Train Loss: 0.0272 | Epoch Time: 0.47s | Spearman@80: 0.9229 | Kendall@80: 0.7845
Epoch 74/150 | Train Loss: 0.0260 | Epoch Time: 0.47s | Spearman@80: 0.9227 | Kendall@80: 0.7840
Epoch 75/150 | Train Loss: 0.0247 | Epoch Time: 0.48s | Spearman@80: 0.9242 | Kendall@80: 0.7847
Epoch 76/150 | Train Loss: 0.0253 | Epoch Time: 0.49s | Spearman@80: 0.9225 | Kendall@80: 0.7794
Epoch 77/150 | Train Loss: 0.0243 | Epoch Time: 0.48s | Spearman@80: 0.9236 | Kendall@80: 0.7904
Epoch 78/150 | Train Loss: 0.0248 | Epoch Time: 0.47s | Spearman@80: 0.9222 | Kendall@80: 0.7787
Epoch 79/150 | Train Loss: 0.0245 | Epoch Time: 0.49s | Spearman@80: 0.9196 | Kendall@80: 0.7819
Epoch 80/150 | Train Loss: 0.0285 | Epoch Time: 0.50s | Spearman@80: 0.9229 | Kendall@80: 0.7826
Epoch 81/150 | Train Loss: 0.0308 | Epoch Time: 0.51s | Spearman@80: 0.9190 | Kendall@80: 0.7692
Epoch 82/150 | Train Loss: 0.0308 | Epoch Time: 0.50s | Spearman@80: 0.9268 | Kendall@80: 0.7813
Epoch 83/150 | Train Loss: 0.0261 | Epoch Time: 0.51s | Spearman@80: 0.9202 | Kendall@80: 0.7789
Epoch 84/150 | Train Loss: 0.0248 | Epoch Time: 0.51s | Spearman@80: 0.9300 | Kendall@80: 0.7895
Epoch 85/150 | Train Loss: 0.0263 | Epoch Time: 0.50s | Spearman@80: 0.9192 | Kendall@80: 0.7851
Epoch 86/150 | Train Loss: 0.0270 | Epoch Time: 0.49s | Spearman@80: 0.9105 | Kendall@80: 0.7629
Epoch 87/150 | Train Loss: 0.0280 | Epoch Time: 0.51s | Spearman@80: 0.9267 | Kendall@80: 0.7838
Epoch 88/150 | Train Loss: 0.0246 | Epoch Time: 0.50s | Spearman@80: 0.9179 | Kendall@80: 0.7775
Epoch 89/150 | Train Loss: 0.0253 | Epoch Time: 0.50s | Spearman@80: 0.9239 | Kendall@80: 0.7826
Epoch 90/150 | Train Loss: 0.0286 | Epoch Time: 0.50s | Spearman@80: 0.9211 | Kendall@80: 0.7783
Epoch 91/150 | Train Loss: 0.0296 | Epoch Time: 0.51s | Spearman@80: 0.9042 | Kendall@80: 0.7629
Epoch 92/150 | Train Loss: 0.0308 | Epoch Time: 0.50s | Spearman@80: 0.9246 | Kendall@80: 0.7857
Epoch 93/150 | Train Loss: 0.0247 | Epoch Time: 0.51s | Spearman@80: 0.9216 | Kendall@80: 0.7908
Epoch 94/150 | Train Loss: 0.0203 | Epoch Time: 0.49s | Spearman@80: 0.9205 | Kendall@80: 0.7866
Epoch 95/150 | Train Loss: 0.0248 | Epoch Time: 0.47s | Spearman@80: 0.9261 | Kendall@80: 0.7927
Epoch 96/150 | Train Loss: 0.0237 | Epoch Time: 0.47s | Spearman@80: 0.9224 | Kendall@80: 0.7897
Epoch 97/150 | Train Loss: 0.0247 | Epoch Time: 0.48s | Spearman@80: 0.9220 | Kendall@80: 0.7864
Epoch 98/150 | Train Loss: 0.0198 | Epoch Time: 0.48s | Spearman@80: 0.9247 | Kendall@80: 0.7857
Epoch 99/150 | Train Loss: 0.0216 | Epoch Time: 0.47s | Spearman@80: 0.9247 | Kendall@80: 0.7826
Epoch 100/150 | Train Loss: 0.0261 | Epoch Time: 0.47s | Spearman@80: 0.9159 | Kendall@80: 0.7802
Epoch 101/150 | Train Loss: 0.0256 | Epoch Time: 0.48s | Spearman@80: 0.9225 | Kendall@80: 0.7870
Epoch 102/150 | Train Loss: 0.0206 | Epoch Time: 0.48s | Spearman@80: 0.9210 | Kendall@80: 0.7883
Epoch 103/150 | Train Loss: 0.0258 | Epoch Time: 0.48s | Spearman@80: 0.9240 | Kendall@80: 0.7870
Epoch 104/150 | Train Loss: 0.0217 | Epoch Time: 0.47s | Spearman@80: 0.9261 | Kendall@80: 0.7908
Epoch 105/150 | Train Loss: 0.0270 | Epoch Time: 0.49s | Spearman@80: 0.9183 | Kendall@80: 0.7813
Epoch 106/150 | Train Loss: 0.0271 | Epoch Time: 0.48s | Spearman@80: 0.9093 | Kendall@80: 0.7745
Epoch 107/150 | Train Loss: 0.0233 | Epoch Time: 0.50s | Spearman@80: 0.9177 | Kendall@80: 0.7857
Epoch 108/150 | Train Loss: 0.0214 | Epoch Time: 0.51s | Spearman@80: 0.9234 | Kendall@80: 0.7851
Epoch 109/150 | Train Loss: 0.0223 | Epoch Time: 0.50s | Spearman@80: 0.9212 | Kendall@80: 0.7851
Epoch 110/150 | Train Loss: 0.0197 | Epoch Time: 0.51s | Spearman@80: 0.9175 | Kendall@80: 0.7851
Epoch 111/150 | Train Loss: 0.0226 | Epoch Time: 0.50s | Spearman@80: 0.9157 | Kendall@80: 0.7787
Epoch 112/150 | Train Loss: 0.0232 | Epoch Time: 0.51s | Spearman@80: 0.9176 | Kendall@80: 0.7845
Epoch 113/150 | Train Loss: 0.0280 | Epoch Time: 0.50s | Spearman@80: 0.9211 | Kendall@80: 0.7857
Epoch 114/150 | Train Loss: 0.0183 | Epoch Time: 0.50s | Spearman@80: 0.9187 | Kendall@80: 0.7832
Epoch 115/150 | Train Loss: 0.0221 | Epoch Time: 0.50s | Spearman@80: 0.9261 | Kendall@80: 0.7904
Epoch 116/150 | Train Loss: 0.0231 | Epoch Time: 0.50s | Spearman@80: 0.9235 | Kendall@80: 0.7883
Epoch 117/150 | Train Loss: 0.0249 | Epoch Time: 0.50s | Spearman@80: 0.9244 | Kendall@80: 0.7933
Epoch 118/150 | Train Loss: 0.0241 | Epoch Time: 0.50s | Spearman@80: 0.9195 | Kendall@80: 0.7826
Epoch 119/150 | Train Loss: 0.0195 | Epoch Time: 0.50s | Spearman@80: 0.9227 | Kendall@80: 0.7857
Epoch 120/150 | Train Loss: 0.0232 | Epoch Time: 0.50s | Spearman@80: 0.9161 | Kendall@80: 0.7794
Epoch 121/150 | Train Loss: 0.0231 | Epoch Time: 0.50s | Spearman@80: 0.9221 | Kendall@80: 0.7845
Epoch 122/150 | Train Loss: 0.0205 | Epoch Time: 0.50s | Spearman@80: 0.9199 | Kendall@80: 0.7832
Epoch 123/150 | Train Loss: 0.0190 | Epoch Time: 0.47s | Spearman@80: 0.9186 | Kendall@80: 0.7815
Epoch 124/150 | Train Loss: 0.0223 | Epoch Time: 0.48s | Spearman@80: 0.9148 | Kendall@80: 0.7794
Epoch 125/150 | Train Loss: 0.0213 | Epoch Time: 0.47s | Spearman@80: 0.9214 | Kendall@80: 0.7853
Epoch 126/150 | Train Loss: 0.0229 | Epoch Time: 0.47s | Spearman@80: 0.9208 | Kendall@80: 0.7857
Epoch 127/150 | Train Loss: 0.0198 | Epoch Time: 0.48s | Spearman@80: 0.9180 | Kendall@80: 0.7838
Epoch 128/150 | Train Loss: 0.0267 | Epoch Time: 0.47s | Spearman@80: 0.9216 | Kendall@80: 0.7885
Epoch 129/150 | Train Loss: 0.0233 | Epoch Time: 0.47s | Spearman@80: 0.9215 | Kendall@80: 0.7853
Epoch 130/150 | Train Loss: 0.0206 | Epoch Time: 0.47s | Spearman@80: 0.9205 | Kendall@80: 0.7807
Epoch 131/150 | Train Loss: 0.0240 | Epoch Time: 0.49s | Spearman@80: 0.9169 | Kendall@80: 0.7807
Epoch 132/150 | Train Loss: 0.0188 | Epoch Time: 0.47s | Spearman@80: 0.9181 | Kendall@80: 0.7851
Epoch 133/150 | Train Loss: 0.0229 | Epoch Time: 0.47s | Spearman@80: 0.9203 | Kendall@80: 0.7864
Epoch 134/150 | Train Loss: 0.0223 | Epoch Time: 0.49s | Spearman@80: 0.9189 | Kendall@80: 0.7851
Epoch 135/150 | Train Loss: 0.0223 | Epoch Time: 0.51s | Spearman@80: 0.9181 | Kendall@80: 0.7827
Epoch 136/150 | Train Loss: 0.0203 | Epoch Time: 0.51s | Spearman@80: 0.9158 | Kendall@80: 0.7807
Epoch 137/150 | Train Loss: 0.0215 | Epoch Time: 0.50s | Spearman@80: 0.9212 | Kendall@80: 0.7870
Epoch 138/150 | Train Loss: 0.0227 | Epoch Time: 0.50s | Spearman@80: 0.9209 | Kendall@80: 0.7870
Epoch 139/150 | Train Loss: 0.0192 | Epoch Time: 0.50s | Spearman@80: 0.9217 | Kendall@80: 0.7883
Epoch 140/150 | Train Loss: 0.0202 | Epoch Time: 0.50s | Spearman@80: 0.9207 | Kendall@80: 0.7885
Epoch 141/150 | Train Loss: 0.0176 | Epoch Time: 0.50s | Spearman@80: 0.9199 | Kendall@80: 0.7883
Epoch 142/150 | Train Loss: 0.0192 | Epoch Time: 0.50s | Spearman@80: 0.9192 | Kendall@80: 0.7851
Epoch 143/150 | Train Loss: 0.0230 | Epoch Time: 0.51s | Spearman@80: 0.9185 | Kendall@80: 0.7847
Epoch 144/150 | Train Loss: 0.0189 | Epoch Time: 0.50s | Spearman@80: 0.9226 | Kendall@80: 0.7895
Epoch 145/150 | Train Loss: 0.0207 | Epoch Time: 0.49s | Spearman@80: 0.9225 | Kendall@80: 0.7866
Epoch 146/150 | Train Loss: 0.0203 | Epoch Time: 0.50s | Spearman@80: 0.9212 | Kendall@80: 0.7859
Epoch 147/150 | Train Loss: 0.0195 | Epoch Time: 1.74s | Spearman@15496: 0.9254 | Kendall@15496: 0.7791
Epoch 148/150 | Train Loss: 0.0223 | Epoch Time: 1.38s | Spearman@15496: 0.9254 | Kendall@15496: 0.7794
Epoch 149/150 | Train Loss: 0.0224 | Epoch Time: 1.38s | Spearman@15496: 0.9254 | Kendall@15496: 0.7793
Epoch 150/150 | Train Loss: 0.0160 | Epoch Time: 1.38s | Spearman@15496: 0.9255 | Kendall@15496: 0.7797
Sample Count: 128, Spearman: 0.9254175707918431, Kendall: 0.779372082148379
{64: (0.941293139387225, 0.802251397549361),
 128: (0.9254175707918431, 0.779372082148379)}
Epoch 1/150 | Train Loss: 0.0959 | Epoch Time: 0.22s | Spearman@80: 0.4219 | Kendall@80: 0.2918
Epoch 2/150 | Train Loss: 0.0826 | Epoch Time: 0.21s | Spearman@80: 0.5361 | Kendall@80: 0.3821
Epoch 3/150 | Train Loss: 0.0621 | Epoch Time: 0.21s | Spearman@80: 0.7342 | Kendall@80: 0.5623
Epoch 4/150 | Train Loss: 0.0541 | Epoch Time: 0.23s | Spearman@80: 0.8339 | Kendall@80: 0.6631
Epoch 5/150 | Train Loss: 0.0429 | Epoch Time: 0.23s | Spearman@80: 0.8260 | Kendall@80: 0.6413
Epoch 6/150 | Train Loss: 0.0345 | Epoch Time: 0.23s | Spearman@80: 0.8621 | Kendall@80: 0.6986
Epoch 7/150 | Train Loss: 0.0324 | Epoch Time: 0.25s | Spearman@80: 0.8803 | Kendall@80: 0.7176
Epoch 8/150 | Train Loss: 0.0314 | Epoch Time: 0.26s | Spearman@80: 0.7884 | Kendall@80: 0.5837
Epoch 9/150 | Train Loss: 0.0374 | Epoch Time: 0.25s | Spearman@80: 0.8696 | Kendall@80: 0.6990
Epoch 10/150 | Train Loss: 0.0308 | Epoch Time: 0.27s | Spearman@80: 0.8738 | Kendall@80: 0.7017
Epoch 11/150 | Train Loss: 0.0354 | Epoch Time: 0.26s | Spearman@80: 0.8746 | Kendall@80: 0.7155
Epoch 12/150 | Train Loss: 0.0338 | Epoch Time: 0.26s | Spearman@80: 0.8850 | Kendall@80: 0.7370
Epoch 13/150 | Train Loss: 0.0278 | Epoch Time: 0.26s | Spearman@80: 0.9038 | Kendall@80: 0.7548
Epoch 14/150 | Train Loss: 0.0307 | Epoch Time: 0.26s | Spearman@80: 0.8810 | Kendall@80: 0.7169
Epoch 15/150 | Train Loss: 0.0217 | Epoch Time: 0.25s | Spearman@80: 0.8652 | Kendall@80: 0.7159
Epoch 16/150 | Train Loss: 0.0226 | Epoch Time: 0.27s | Spearman@80: 0.8583 | Kendall@80: 0.7036
Epoch 17/150 | Train Loss: 0.0311 | Epoch Time: 0.26s | Spearman@80: 0.8902 | Kendall@80: 0.7410
Epoch 18/150 | Train Loss: 0.0279 | Epoch Time: 0.25s | Spearman@80: 0.8975 | Kendall@80: 0.7478
Epoch 19/150 | Train Loss: 0.0375 | Epoch Time: 0.25s | Spearman@80: 0.8369 | Kendall@80: 0.6705
Epoch 20/150 | Train Loss: 0.0265 | Epoch Time: 0.26s | Spearman@80: 0.8395 | Kendall@80: 0.6827
Epoch 21/150 | Train Loss: 0.0314 | Epoch Time: 0.26s | Spearman@80: 0.8195 | Kendall@80: 0.6567
Epoch 22/150 | Train Loss: 0.0254 | Epoch Time: 0.26s | Spearman@80: 0.8688 | Kendall@80: 0.7087
Epoch 23/150 | Train Loss: 0.0231 | Epoch Time: 0.25s | Spearman@80: 0.8495 | Kendall@80: 0.6846
Epoch 24/150 | Train Loss: 0.0210 | Epoch Time: 0.25s | Spearman@80: 0.8410 | Kendall@80: 0.6855
Epoch 25/150 | Train Loss: 0.0290 | Epoch Time: 0.25s | Spearman@80: 0.8453 | Kendall@80: 0.6802
Epoch 26/150 | Train Loss: 0.0204 | Epoch Time: 0.25s | Spearman@80: 0.8863 | Kendall@80: 0.7281
Epoch 27/150 | Train Loss: 0.0193 | Epoch Time: 0.26s | Spearman@80: 0.8702 | Kendall@80: 0.7053
Epoch 28/150 | Train Loss: 0.0300 | Epoch Time: 0.25s | Spearman@80: 0.8826 | Kendall@80: 0.7345
Epoch 29/150 | Train Loss: 0.0319 | Epoch Time: 0.25s | Spearman@80: 0.8403 | Kendall@80: 0.6781
Epoch 30/150 | Train Loss: 0.0187 | Epoch Time: 0.26s | Spearman@80: 0.8590 | Kendall@80: 0.6971
Epoch 31/150 | Train Loss: 0.0223 | Epoch Time: 0.26s | Spearman@80: 0.8468 | Kendall@80: 0.6796
Epoch 32/150 | Train Loss: 0.0220 | Epoch Time: 0.26s | Spearman@80: 0.8555 | Kendall@80: 0.7019
Epoch 33/150 | Train Loss: 0.0241 | Epoch Time: 0.25s | Spearman@80: 0.8732 | Kendall@80: 0.7207
Epoch 34/150 | Train Loss: 0.0218 | Epoch Time: 0.24s | Spearman@80: 0.8786 | Kendall@80: 0.7098
Epoch 35/150 | Train Loss: 0.0287 | Epoch Time: 0.24s | Spearman@80: 0.8908 | Kendall@80: 0.7435
Epoch 36/150 | Train Loss: 0.0208 | Epoch Time: 0.24s | Spearman@80: 0.8891 | Kendall@80: 0.7452
Epoch 37/150 | Train Loss: 0.0199 | Epoch Time: 0.24s | Spearman@80: 0.8955 | Kendall@80: 0.7544
Epoch 38/150 | Train Loss: 0.0233 | Epoch Time: 0.24s | Spearman@80: 0.8903 | Kendall@80: 0.7459
Epoch 39/150 | Train Loss: 0.0193 | Epoch Time: 0.24s | Spearman@80: 0.8913 | Kendall@80: 0.7416
Epoch 40/150 | Train Loss: 0.0221 | Epoch Time: 0.24s | Spearman@80: 0.8746 | Kendall@80: 0.7313
Epoch 41/150 | Train Loss: 0.0169 | Epoch Time: 0.24s | Spearman@80: 0.8721 | Kendall@80: 0.7167
Epoch 42/150 | Train Loss: 0.0283 | Epoch Time: 0.24s | Spearman@80: 0.8875 | Kendall@80: 0.7417
Epoch 43/150 | Train Loss: 0.0207 | Epoch Time: 0.24s | Spearman@80: 0.8719 | Kendall@80: 0.7290
Epoch 44/150 | Train Loss: 0.0245 | Epoch Time: 0.25s | Spearman@80: 0.8483 | Kendall@80: 0.6933
Epoch 45/150 | Train Loss: 0.0191 | Epoch Time: 0.24s | Spearman@80: 0.8495 | Kendall@80: 0.6929
Epoch 46/150 | Train Loss: 0.0345 | Epoch Time: 0.24s | Spearman@80: 0.8678 | Kendall@80: 0.7113
Epoch 47/150 | Train Loss: 0.0231 | Epoch Time: 0.24s | Spearman@80: 0.8886 | Kendall@80: 0.7435
Epoch 48/150 | Train Loss: 0.0227 | Epoch Time: 0.24s | Spearman@80: 0.8843 | Kendall@80: 0.7214
Epoch 49/150 | Train Loss: 0.0193 | Epoch Time: 0.25s | Spearman@80: 0.8864 | Kendall@80: 0.7471
Epoch 50/150 | Train Loss: 0.0229 | Epoch Time: 0.25s | Spearman@80: 0.8664 | Kendall@80: 0.7117
Epoch 51/150 | Train Loss: 0.0206 | Epoch Time: 0.25s | Spearman@80: 0.8964 | Kendall@80: 0.7484
Epoch 52/150 | Train Loss: 0.0184 | Epoch Time: 0.24s | Spearman@80: 0.8896 | Kendall@80: 0.7421
Epoch 53/150 | Train Loss: 0.0254 | Epoch Time: 0.24s | Spearman@80: 0.8732 | Kendall@80: 0.7214
Epoch 54/150 | Train Loss: 0.0215 | Epoch Time: 0.25s | Spearman@80: 0.8552 | Kendall@80: 0.7098
Epoch 55/150 | Train Loss: 0.0194 | Epoch Time: 0.25s | Spearman@80: 0.8476 | Kendall@80: 0.6920
Epoch 56/150 | Train Loss: 0.0182 | Epoch Time: 0.24s | Spearman@80: 0.8617 | Kendall@80: 0.7087
Epoch 57/150 | Train Loss: 0.0124 | Epoch Time: 0.25s | Spearman@80: 0.8813 | Kendall@80: 0.7370
Epoch 58/150 | Train Loss: 0.0189 | Epoch Time: 0.26s | Spearman@80: 0.8752 | Kendall@80: 0.7277
Epoch 59/150 | Train Loss: 0.0204 | Epoch Time: 0.27s | Spearman@80: 0.8564 | Kendall@80: 0.7036
Epoch 60/150 | Train Loss: 0.0170 | Epoch Time: 0.26s | Spearman@80: 0.8362 | Kendall@80: 0.6764
Epoch 61/150 | Train Loss: 0.0215 | Epoch Time: 0.26s | Spearman@80: 0.8427 | Kendall@80: 0.6821
Epoch 62/150 | Train Loss: 0.0283 | Epoch Time: 0.26s | Spearman@80: 0.8304 | Kendall@80: 0.6582
Epoch 63/150 | Train Loss: 0.0253 | Epoch Time: 0.26s | Spearman@80: 0.8690 | Kendall@80: 0.7151
Epoch 64/150 | Train Loss: 0.0240 | Epoch Time: 0.26s | Spearman@80: 0.8873 | Kendall@80: 0.7399
Epoch 65/150 | Train Loss: 0.0189 | Epoch Time: 0.26s | Spearman@80: 0.8891 | Kendall@80: 0.7497
Epoch 66/150 | Train Loss: 0.0153 | Epoch Time: 0.26s | Spearman@80: 0.8760 | Kendall@80: 0.7252
Epoch 67/150 | Train Loss: 0.0161 | Epoch Time: 0.26s | Spearman@80: 0.8849 | Kendall@80: 0.7494
Epoch 68/150 | Train Loss: 0.0198 | Epoch Time: 0.26s | Spearman@80: 0.8926 | Kendall@80: 0.7532
Epoch 69/150 | Train Loss: 0.0233 | Epoch Time: 0.26s | Spearman@80: 0.8823 | Kendall@80: 0.7357
Epoch 70/150 | Train Loss: 0.0235 | Epoch Time: 0.25s | Spearman@80: 0.8835 | Kendall@80: 0.7338
Epoch 71/150 | Train Loss: 0.0188 | Epoch Time: 0.25s | Spearman@80: 0.8876 | Kendall@80: 0.7474
Epoch 72/150 | Train Loss: 0.0148 | Epoch Time: 0.26s | Spearman@80: 0.8818 | Kendall@80: 0.7334
Epoch 73/150 | Train Loss: 0.0161 | Epoch Time: 0.25s | Spearman@80: 0.8747 | Kendall@80: 0.7250
Epoch 74/150 | Train Loss: 0.0178 | Epoch Time: 0.26s | Spearman@80: 0.8828 | Kendall@80: 0.7340
Epoch 75/150 | Train Loss: 0.0131 | Epoch Time: 0.26s | Spearman@80: 0.8870 | Kendall@80: 0.7474
Epoch 76/150 | Train Loss: 0.0161 | Epoch Time: 0.26s | Spearman@80: 0.8784 | Kendall@80: 0.7326
Epoch 77/150 | Train Loss: 0.0125 | Epoch Time: 0.26s | Spearman@80: 0.8691 | Kendall@80: 0.7193
Epoch 78/150 | Train Loss: 0.0134 | Epoch Time: 0.26s | Spearman@80: 0.8640 | Kendall@80: 0.7123
Epoch 79/150 | Train Loss: 0.0112 | Epoch Time: 0.25s | Spearman@80: 0.8417 | Kendall@80: 0.6834
Epoch 80/150 | Train Loss: 0.0136 | Epoch Time: 0.26s | Spearman@80: 0.8618 | Kendall@80: 0.7100
Epoch 81/150 | Train Loss: 0.0135 | Epoch Time: 0.26s | Spearman@80: 0.8642 | Kendall@80: 0.7117
Epoch 82/150 | Train Loss: 0.0155 | Epoch Time: 0.25s | Spearman@80: 0.8795 | Kendall@80: 0.7341
Epoch 83/150 | Train Loss: 0.0202 | Epoch Time: 0.26s | Spearman@80: 0.8764 | Kendall@80: 0.7288
Epoch 84/150 | Train Loss: 0.0120 | Epoch Time: 0.25s | Spearman@80: 0.8607 | Kendall@80: 0.7055
Epoch 85/150 | Train Loss: 0.0123 | Epoch Time: 0.26s | Spearman@80: 0.8644 | Kendall@80: 0.7117
Epoch 86/150 | Train Loss: 0.0163 | Epoch Time: 0.26s | Spearman@80: 0.8720 | Kendall@80: 0.7218
Epoch 87/150 | Train Loss: 0.0175 | Epoch Time: 0.26s | Spearman@80: 0.8692 | Kendall@80: 0.7159
Epoch 88/150 | Train Loss: 0.0142 | Epoch Time: 0.25s | Spearman@80: 0.8776 | Kendall@80: 0.7341
Epoch 89/150 | Train Loss: 0.0172 | Epoch Time: 0.24s | Spearman@80: 0.8580 | Kendall@80: 0.7066
Epoch 90/150 | Train Loss: 0.0171 | Epoch Time: 0.24s | Spearman@80: 0.8823 | Kendall@80: 0.7364
Epoch 91/150 | Train Loss: 0.0106 | Epoch Time: 0.24s | Spearman@80: 0.8920 | Kendall@80: 0.7518
Epoch 92/150 | Train Loss: 0.0113 | Epoch Time: 0.24s | Spearman@80: 0.8873 | Kendall@80: 0.7478
Epoch 93/150 | Train Loss: 0.0168 | Epoch Time: 0.24s | Spearman@80: 0.8816 | Kendall@80: 0.7398
Epoch 94/150 | Train Loss: 0.0085 | Epoch Time: 0.24s | Spearman@80: 0.8780 | Kendall@80: 0.7305
Epoch 95/150 | Train Loss: 0.0140 | Epoch Time: 0.24s | Spearman@80: 0.8707 | Kendall@80: 0.7195
Epoch 96/150 | Train Loss: 0.0130 | Epoch Time: 0.25s | Spearman@80: 0.8674 | Kendall@80: 0.7167
Epoch 97/150 | Train Loss: 0.0143 | Epoch Time: 0.24s | Spearman@80: 0.8650 | Kendall@80: 0.7104
Epoch 98/150 | Train Loss: 0.0163 | Epoch Time: 0.24s | Spearman@80: 0.8663 | Kendall@80: 0.7060
Epoch 99/150 | Train Loss: 0.0092 | Epoch Time: 0.24s | Spearman@80: 0.8693 | Kendall@80: 0.7142
Epoch 100/150 | Train Loss: 0.0142 | Epoch Time: 0.24s | Spearman@80: 0.8858 | Kendall@80: 0.7417
Epoch 101/150 | Train Loss: 0.0100 | Epoch Time: 0.24s | Spearman@80: 0.8824 | Kendall@80: 0.7340
Epoch 102/150 | Train Loss: 0.0136 | Epoch Time: 0.24s | Spearman@80: 0.8744 | Kendall@80: 0.7239
Epoch 103/150 | Train Loss: 0.0165 | Epoch Time: 0.24s | Spearman@80: 0.8764 | Kendall@80: 0.7264
Epoch 104/150 | Train Loss: 0.0112 | Epoch Time: 0.24s | Spearman@80: 0.8757 | Kendall@80: 0.7300
Epoch 105/150 | Train Loss: 0.0056 | Epoch Time: 0.24s | Spearman@80: 0.8817 | Kendall@80: 0.7319
Epoch 106/150 | Train Loss: 0.0181 | Epoch Time: 0.26s | Spearman@80: 0.8725 | Kendall@80: 0.7169
Epoch 107/150 | Train Loss: 0.0110 | Epoch Time: 0.24s | Spearman@80: 0.8672 | Kendall@80: 0.7127
Epoch 108/150 | Train Loss: 0.0087 | Epoch Time: 0.24s | Spearman@80: 0.8656 | Kendall@80: 0.7161
Epoch 109/150 | Train Loss: 0.0126 | Epoch Time: 0.24s | Spearman@80: 0.8664 | Kendall@80: 0.7136
Epoch 110/150 | Train Loss: 0.0102 | Epoch Time: 0.25s | Spearman@80: 0.8653 | Kendall@80: 0.7081
Epoch 111/150 | Train Loss: 0.0094 | Epoch Time: 0.24s | Spearman@80: 0.8673 | Kendall@80: 0.7148
Epoch 112/150 | Train Loss: 0.0115 | Epoch Time: 0.25s | Spearman@80: 0.8660 | Kendall@80: 0.7155
Epoch 113/150 | Train Loss: 0.0108 | Epoch Time: 0.26s | Spearman@80: 0.8616 | Kendall@80: 0.7087
Epoch 114/150 | Train Loss: 0.0130 | Epoch Time: 0.26s | Spearman@80: 0.8602 | Kendall@80: 0.7072
Epoch 115/150 | Train Loss: 0.0104 | Epoch Time: 0.26s | Spearman@80: 0.8679 | Kendall@80: 0.7148
Epoch 116/150 | Train Loss: 0.0088 | Epoch Time: 0.26s | Spearman@80: 0.8752 | Kendall@80: 0.7201
Epoch 117/150 | Train Loss: 0.0124 | Epoch Time: 0.26s | Spearman@80: 0.8790 | Kendall@80: 0.7294
Epoch 118/150 | Train Loss: 0.0097 | Epoch Time: 0.26s | Spearman@80: 0.8773 | Kendall@80: 0.7256
Epoch 119/150 | Train Loss: 0.0075 | Epoch Time: 0.25s | Spearman@80: 0.8762 | Kendall@80: 0.7245
Epoch 120/150 | Train Loss: 0.0091 | Epoch Time: 0.26s | Spearman@80: 0.8746 | Kendall@80: 0.7279
Epoch 121/150 | Train Loss: 0.0101 | Epoch Time: 0.26s | Spearman@80: 0.8726 | Kendall@80: 0.7252
Epoch 122/150 | Train Loss: 0.0133 | Epoch Time: 0.26s | Spearman@80: 0.8748 | Kendall@80: 0.7290
Epoch 123/150 | Train Loss: 0.0097 | Epoch Time: 0.26s | Spearman@80: 0.8750 | Kendall@80: 0.7284
Epoch 124/150 | Train Loss: 0.0114 | Epoch Time: 0.25s | Spearman@80: 0.8674 | Kendall@80: 0.7169
Epoch 125/150 | Train Loss: 0.0138 | Epoch Time: 0.26s | Spearman@80: 0.8681 | Kendall@80: 0.7218
Epoch 126/150 | Train Loss: 0.0120 | Epoch Time: 0.25s | Spearman@80: 0.8687 | Kendall@80: 0.7216
Epoch 127/150 | Train Loss: 0.0099 | Epoch Time: 0.25s | Spearman@80: 0.8660 | Kendall@80: 0.7112
Epoch 128/150 | Train Loss: 0.0059 | Epoch Time: 0.26s | Spearman@80: 0.8660 | Kendall@80: 0.7117
Epoch 129/150 | Train Loss: 0.0080 | Epoch Time: 0.26s | Spearman@80: 0.8662 | Kendall@80: 0.7125
Epoch 130/150 | Train Loss: 0.0142 | Epoch Time: 0.26s | Spearman@80: 0.8669 | Kendall@80: 0.7176
Epoch 131/150 | Train Loss: 0.0126 | Epoch Time: 0.25s | Spearman@80: 0.8673 | Kendall@80: 0.7176
Epoch 132/150 | Train Loss: 0.0143 | Epoch Time: 0.26s | Spearman@80: 0.8656 | Kendall@80: 0.7136
Epoch 133/150 | Train Loss: 0.0062 | Epoch Time: 0.26s | Spearman@80: 0.8680 | Kendall@80: 0.7199
Epoch 134/150 | Train Loss: 0.0065 | Epoch Time: 0.25s | Spearman@80: 0.8685 | Kendall@80: 0.7186
Epoch 135/150 | Train Loss: 0.0171 | Epoch Time: 0.25s | Spearman@80: 0.8676 | Kendall@80: 0.7163
Epoch 136/150 | Train Loss: 0.0067 | Epoch Time: 0.26s | Spearman@80: 0.8696 | Kendall@80: 0.7174
Epoch 137/150 | Train Loss: 0.0095 | Epoch Time: 0.26s | Spearman@80: 0.8690 | Kendall@80: 0.7182
Epoch 138/150 | Train Loss: 0.0137 | Epoch Time: 0.26s | Spearman@80: 0.8697 | Kendall@80: 0.7180
Epoch 139/150 | Train Loss: 0.0059 | Epoch Time: 0.26s | Spearman@80: 0.8670 | Kendall@80: 0.7144
Epoch 140/150 | Train Loss: 0.0095 | Epoch Time: 0.24s | Spearman@80: 0.8655 | Kendall@80: 0.7125
Epoch 141/150 | Train Loss: 0.0087 | Epoch Time: 0.25s | Spearman@80: 0.8683 | Kendall@80: 0.7163
Epoch 142/150 | Train Loss: 0.0171 | Epoch Time: 0.24s | Spearman@80: 0.8665 | Kendall@80: 0.7144
Epoch 143/150 | Train Loss: 0.0081 | Epoch Time: 0.25s | Spearman@80: 0.8689 | Kendall@80: 0.7205
Epoch 144/150 | Train Loss: 0.0092 | Epoch Time: 0.25s | Spearman@80: 0.8696 | Kendall@80: 0.7188
Epoch 145/150 | Train Loss: 0.0057 | Epoch Time: 0.25s | Spearman@80: 0.8676 | Kendall@80: 0.7174
Epoch 146/150 | Train Loss: 0.0082 | Epoch Time: 0.25s | Spearman@80: 0.8664 | Kendall@80: 0.7150
Epoch 147/150 | Train Loss: 0.0090 | Epoch Time: 1.40s | Spearman@15560: 0.9124 | Kendall@15560: 0.7659
Epoch 148/150 | Train Loss: 0.0102 | Epoch Time: 1.16s | Spearman@15560: 0.9123 | Kendall@15560: 0.7657
Epoch 149/150 | Train Loss: 0.0087 | Epoch Time: 1.20s | Spearman@15560: 0.9123 | Kendall@15560: 0.7663
Epoch 150/150 | Train Loss: 0.0087 | Epoch Time: 1.26s | Spearman@15560: 0.9124 | Kendall@15560: 0.7651
Sample Count: 64, Spearman: 0.9123466400799337, Kendall: 0.7657655030549869
{64: (0.9123466400799337, 0.7657655030549869),
 128: (0.9254175707918431, 0.779372082148379)}
Epoch 1/150 | Train Loss: 0.0858 | Epoch Time: 0.49s | Spearman@80: 0.5694 | Kendall@80: 0.3975
Epoch 2/150 | Train Loss: 0.0550 | Epoch Time: 0.48s | Spearman@80: 0.7703 | Kendall@80: 0.5614
Epoch 3/150 | Train Loss: 0.0416 | Epoch Time: 0.48s | Spearman@80: 0.8916 | Kendall@80: 0.7166
Epoch 4/150 | Train Loss: 0.0449 | Epoch Time: 0.52s | Spearman@80: 0.8945 | Kendall@80: 0.7286
Epoch 5/150 | Train Loss: 0.0356 | Epoch Time: 0.51s | Spearman@80: 0.8946 | Kendall@80: 0.7216
Epoch 6/150 | Train Loss: 0.0339 | Epoch Time: 0.51s | Spearman@80: 0.9106 | Kendall@80: 0.7480
Epoch 7/150 | Train Loss: 0.0317 | Epoch Time: 0.51s | Spearman@80: 0.8928 | Kendall@80: 0.7320
Epoch 8/150 | Train Loss: 0.0384 | Epoch Time: 0.52s | Spearman@80: 0.9232 | Kendall@80: 0.7776
Epoch 9/150 | Train Loss: 0.0329 | Epoch Time: 0.50s | Spearman@80: 0.9202 | Kendall@80: 0.7649
Epoch 10/150 | Train Loss: 0.0341 | Epoch Time: 0.52s | Spearman@80: 0.9168 | Kendall@80: 0.7614
Epoch 11/150 | Train Loss: 0.0325 | Epoch Time: 0.50s | Spearman@80: 0.9094 | Kendall@80: 0.7442
Epoch 12/150 | Train Loss: 0.0324 | Epoch Time: 0.51s | Spearman@80: 0.8997 | Kendall@80: 0.7385
Epoch 13/150 | Train Loss: 0.0295 | Epoch Time: 0.50s | Spearman@80: 0.9012 | Kendall@80: 0.7385
Epoch 14/150 | Train Loss: 0.0313 | Epoch Time: 0.48s | Spearman@80: 0.9032 | Kendall@80: 0.7381
Epoch 15/150 | Train Loss: 0.0365 | Epoch Time: 0.49s | Spearman@80: 0.9100 | Kendall@80: 0.7527
Epoch 16/150 | Train Loss: 0.0229 | Epoch Time: 0.48s | Spearman@80: 0.8894 | Kendall@80: 0.7246
Epoch 17/150 | Train Loss: 0.0334 | Epoch Time: 0.48s | Spearman@80: 0.9249 | Kendall@80: 0.7774
Epoch 18/150 | Train Loss: 0.0302 | Epoch Time: 0.48s | Spearman@80: 0.8863 | Kendall@80: 0.7187
Epoch 19/150 | Train Loss: 0.0357 | Epoch Time: 0.48s | Spearman@80: 0.9072 | Kendall@80: 0.7464
Epoch 20/150 | Train Loss: 0.0284 | Epoch Time: 0.48s | Spearman@80: 0.9248 | Kendall@80: 0.7653
Epoch 21/150 | Train Loss: 0.0358 | Epoch Time: 0.48s | Spearman@80: 0.9181 | Kendall@80: 0.7592
Epoch 22/150 | Train Loss: 0.0277 | Epoch Time: 0.49s | Spearman@80: 0.9088 | Kendall@80: 0.7487
Epoch 23/150 | Train Loss: 0.0326 | Epoch Time: 0.49s | Spearman@80: 0.9081 | Kendall@80: 0.7502
Epoch 24/150 | Train Loss: 0.0237 | Epoch Time: 0.48s | Spearman@80: 0.9111 | Kendall@80: 0.7550
Epoch 25/150 | Train Loss: 0.0335 | Epoch Time: 0.48s | Spearman@80: 0.9265 | Kendall@80: 0.7812
Epoch 26/150 | Train Loss: 0.0282 | Epoch Time: 0.50s | Spearman@80: 0.9241 | Kendall@80: 0.7755
Epoch 27/150 | Train Loss: 0.0292 | Epoch Time: 0.52s | Spearman@80: 0.9358 | Kendall@80: 0.7952
Epoch 28/150 | Train Loss: 0.0258 | Epoch Time: 0.51s | Spearman@80: 0.9276 | Kendall@80: 0.7810
Epoch 29/150 | Train Loss: 0.0298 | Epoch Time: 0.51s | Spearman@80: 0.9054 | Kendall@80: 0.7481
Epoch 30/150 | Train Loss: 0.0272 | Epoch Time: 0.51s | Spearman@80: 0.9083 | Kendall@80: 0.7432
Epoch 31/150 | Train Loss: 0.0283 | Epoch Time: 0.50s | Spearman@80: 0.9141 | Kendall@80: 0.7626
Epoch 32/150 | Train Loss: 0.0290 | Epoch Time: 0.50s | Spearman@80: 0.9253 | Kendall@80: 0.7774
Epoch 33/150 | Train Loss: 0.0276 | Epoch Time: 0.52s | Spearman@80: 0.9104 | Kendall@80: 0.7527
Epoch 34/150 | Train Loss: 0.0355 | Epoch Time: 0.52s | Spearman@80: 0.9219 | Kendall@80: 0.7719
Epoch 35/150 | Train Loss: 0.0276 | Epoch Time: 0.51s | Spearman@80: 0.9255 | Kendall@80: 0.7800
Epoch 36/150 | Train Loss: 0.0277 | Epoch Time: 0.52s | Spearman@80: 0.9175 | Kendall@80: 0.7654
Epoch 37/150 | Train Loss: 0.0256 | Epoch Time: 0.50s | Spearman@80: 0.9119 | Kendall@80: 0.7500
Epoch 38/150 | Train Loss: 0.0269 | Epoch Time: 0.51s | Spearman@80: 0.9172 | Kendall@80: 0.7673
Epoch 39/150 | Train Loss: 0.0266 | Epoch Time: 0.51s | Spearman@80: 0.9197 | Kendall@80: 0.7724
Epoch 40/150 | Train Loss: 0.0214 | Epoch Time: 0.48s | Spearman@80: 0.9288 | Kendall@80: 0.7844
Epoch 41/150 | Train Loss: 0.0246 | Epoch Time: 0.48s | Spearman@80: 0.9175 | Kendall@80: 0.7609
Epoch 42/150 | Train Loss: 0.0266 | Epoch Time: 0.49s | Spearman@80: 0.9234 | Kendall@80: 0.7668
Epoch 43/150 | Train Loss: 0.0261 | Epoch Time: 0.48s | Spearman@80: 0.8779 | Kendall@80: 0.7087
Epoch 44/150 | Train Loss: 0.0322 | Epoch Time: 0.49s | Spearman@80: 0.9164 | Kendall@80: 0.7552
Epoch 45/150 | Train Loss: 0.0272 | Epoch Time: 0.49s | Spearman@80: 0.9146 | Kendall@80: 0.7576
Epoch 46/150 | Train Loss: 0.0260 | Epoch Time: 0.49s | Spearman@80: 0.9247 | Kendall@80: 0.7793
Epoch 47/150 | Train Loss: 0.0244 | Epoch Time: 0.49s | Spearman@80: 0.9276 | Kendall@80: 0.7755
Epoch 48/150 | Train Loss: 0.0234 | Epoch Time: 0.50s | Spearman@80: 0.9235 | Kendall@80: 0.7743
Epoch 49/150 | Train Loss: 0.0276 | Epoch Time: 0.49s | Spearman@80: 0.9274 | Kendall@80: 0.7806
Epoch 50/150 | Train Loss: 0.0243 | Epoch Time: 0.51s | Spearman@80: 0.8998 | Kendall@80: 0.7328
Epoch 51/150 | Train Loss: 0.0278 | Epoch Time: 0.49s | Spearman@80: 0.9299 | Kendall@80: 0.7882
Epoch 52/150 | Train Loss: 0.0245 | Epoch Time: 0.52s | Spearman@80: 0.9270 | Kendall@80: 0.7812
Epoch 53/150 | Train Loss: 0.0256 | Epoch Time: 0.52s | Spearman@80: 0.9176 | Kendall@80: 0.7656
Epoch 54/150 | Train Loss: 0.0252 | Epoch Time: 0.52s | Spearman@80: 0.9172 | Kendall@80: 0.7692
Epoch 55/150 | Train Loss: 0.0225 | Epoch Time: 0.51s | Spearman@80: 0.9121 | Kendall@80: 0.7580
Epoch 56/150 | Train Loss: 0.0251 | Epoch Time: 0.52s | Spearman@80: 0.9130 | Kendall@80: 0.7601
Epoch 57/150 | Train Loss: 0.0289 | Epoch Time: 0.53s | Spearman@80: 0.9260 | Kendall@80: 0.7793
Epoch 58/150 | Train Loss: 0.0237 | Epoch Time: 0.51s | Spearman@80: 0.9296 | Kendall@80: 0.7848
Epoch 59/150 | Train Loss: 0.0217 | Epoch Time: 0.51s | Spearman@80: 0.9214 | Kendall@80: 0.7762
Epoch 60/150 | Train Loss: 0.0226 | Epoch Time: 0.52s | Spearman@80: 0.9162 | Kendall@80: 0.7609
Epoch 61/150 | Train Loss: 0.0223 | Epoch Time: 0.51s | Spearman@80: 0.9328 | Kendall@80: 0.7956
Epoch 62/150 | Train Loss: 0.0272 | Epoch Time: 0.51s | Spearman@80: 0.9189 | Kendall@80: 0.7690
Epoch 63/150 | Train Loss: 0.0258 | Epoch Time: 0.53s | Spearman@80: 0.9162 | Kendall@80: 0.7730
Epoch 64/150 | Train Loss: 0.0254 | Epoch Time: 0.50s | Spearman@80: 0.9118 | Kendall@80: 0.7681
Epoch 65/150 | Train Loss: 0.0293 | Epoch Time: 0.51s | Spearman@80: 0.9215 | Kendall@80: 0.7747
Epoch 66/150 | Train Loss: 0.0200 | Epoch Time: 0.52s | Spearman@80: 0.9314 | Kendall@80: 0.7874
Epoch 67/150 | Train Loss: 0.0208 | Epoch Time: 0.50s | Spearman@80: 0.9309 | Kendall@80: 0.7884
Epoch 68/150 | Train Loss: 0.0219 | Epoch Time: 0.48s | Spearman@80: 0.9099 | Kendall@80: 0.7588
Epoch 69/150 | Train Loss: 0.0218 | Epoch Time: 0.49s | Spearman@80: 0.9198 | Kendall@80: 0.7722
Epoch 70/150 | Train Loss: 0.0207 | Epoch Time: 0.49s | Spearman@80: 0.9237 | Kendall@80: 0.7742
Epoch 71/150 | Train Loss: 0.0243 | Epoch Time: 0.48s | Spearman@80: 0.9334 | Kendall@80: 0.7907
Epoch 72/150 | Train Loss: 0.0256 | Epoch Time: 0.49s | Spearman@80: 0.9235 | Kendall@80: 0.7810
Epoch 73/150 | Train Loss: 0.0231 | Epoch Time: 0.49s | Spearman@80: 0.9271 | Kendall@80: 0.7862
Epoch 74/150 | Train Loss: 0.0212 | Epoch Time: 0.48s | Spearman@80: 0.9261 | Kendall@80: 0.7833
Epoch 75/150 | Train Loss: 0.0248 | Epoch Time: 0.48s | Spearman@80: 0.9287 | Kendall@80: 0.7871
Epoch 76/150 | Train Loss: 0.0212 | Epoch Time: 0.50s | Spearman@80: 0.9144 | Kendall@80: 0.7708
Epoch 77/150 | Train Loss: 0.0227 | Epoch Time: 0.49s | Spearman@80: 0.9302 | Kendall@80: 0.7905
Epoch 78/150 | Train Loss: 0.0204 | Epoch Time: 0.49s | Spearman@80: 0.9324 | Kendall@80: 0.7914
Epoch 79/150 | Train Loss: 0.0222 | Epoch Time: 0.52s | Spearman@80: 0.9192 | Kendall@80: 0.7766
Epoch 80/150 | Train Loss: 0.0241 | Epoch Time: 0.53s | Spearman@80: 0.9183 | Kendall@80: 0.7776
Epoch 81/150 | Train Loss: 0.0240 | Epoch Time: 0.51s | Spearman@80: 0.9270 | Kendall@80: 0.7888
Epoch 82/150 | Train Loss: 0.0264 | Epoch Time: 0.52s | Spearman@80: 0.9198 | Kendall@80: 0.7768
Epoch 83/150 | Train Loss: 0.0219 | Epoch Time: 0.52s | Spearman@80: 0.9266 | Kendall@80: 0.7895
Epoch 84/150 | Train Loss: 0.0177 | Epoch Time: 0.52s | Spearman@80: 0.9229 | Kendall@80: 0.7800
Epoch 85/150 | Train Loss: 0.0236 | Epoch Time: 0.52s | Spearman@80: 0.9240 | Kendall@80: 0.7829
Epoch 86/150 | Train Loss: 0.0214 | Epoch Time: 0.51s | Spearman@80: 0.9173 | Kendall@80: 0.7690
Epoch 87/150 | Train Loss: 0.0192 | Epoch Time: 0.52s | Spearman@80: 0.9278 | Kendall@80: 0.7812
Epoch 88/150 | Train Loss: 0.0174 | Epoch Time: 0.52s | Spearman@80: 0.9287 | Kendall@80: 0.7884
Epoch 89/150 | Train Loss: 0.0202 | Epoch Time: 0.51s | Spearman@80: 0.9390 | Kendall@80: 0.8077
Epoch 90/150 | Train Loss: 0.0243 | Epoch Time: 0.51s | Spearman@80: 0.9261 | Kendall@80: 0.7895
Epoch 91/150 | Train Loss: 0.0223 | Epoch Time: 0.51s | Spearman@80: 0.9224 | Kendall@80: 0.7833
Epoch 92/150 | Train Loss: 0.0204 | Epoch Time: 0.51s | Spearman@80: 0.9327 | Kendall@80: 0.7956
Epoch 93/150 | Train Loss: 0.0202 | Epoch Time: 0.51s | Spearman@80: 0.9192 | Kendall@80: 0.7717
Epoch 94/150 | Train Loss: 0.0207 | Epoch Time: 0.49s | Spearman@80: 0.9321 | Kendall@80: 0.7956
Epoch 95/150 | Train Loss: 0.0195 | Epoch Time: 0.48s | Spearman@80: 0.9203 | Kendall@80: 0.7698
Epoch 96/150 | Train Loss: 0.0134 | Epoch Time: 0.48s | Spearman@80: 0.9348 | Kendall@80: 0.7977
Epoch 97/150 | Train Loss: 0.0201 | Epoch Time: 0.48s | Spearman@80: 0.9336 | Kendall@80: 0.7963
Epoch 98/150 | Train Loss: 0.0155 | Epoch Time: 0.48s | Spearman@80: 0.9378 | Kendall@80: 0.8034
Epoch 99/150 | Train Loss: 0.0134 | Epoch Time: 0.48s | Spearman@80: 0.9362 | Kendall@80: 0.8022
Epoch 100/150 | Train Loss: 0.0169 | Epoch Time: 0.48s | Spearman@80: 0.9253 | Kendall@80: 0.7793
Epoch 101/150 | Train Loss: 0.0229 | Epoch Time: 0.48s | Spearman@80: 0.9280 | Kendall@80: 0.7861
Epoch 102/150 | Train Loss: 0.0174 | Epoch Time: 0.48s | Spearman@80: 0.9367 | Kendall@80: 0.8055
Epoch 103/150 | Train Loss: 0.0201 | Epoch Time: 0.49s | Spearman@80: 0.9270 | Kendall@80: 0.7848
Epoch 104/150 | Train Loss: 0.0217 | Epoch Time: 0.48s | Spearman@80: 0.9415 | Kendall@80: 0.8134
Epoch 105/150 | Train Loss: 0.0209 | Epoch Time: 0.48s | Spearman@80: 0.9354 | Kendall@80: 0.7958
Epoch 106/150 | Train Loss: 0.0195 | Epoch Time: 0.51s | Spearman@80: 0.9388 | Kendall@80: 0.8064
Epoch 107/150 | Train Loss: 0.0126 | Epoch Time: 0.51s | Spearman@80: 0.9338 | Kendall@80: 0.7977
Epoch 108/150 | Train Loss: 0.0183 | Epoch Time: 0.51s | Spearman@80: 0.9375 | Kendall@80: 0.8013
Epoch 109/150 | Train Loss: 0.0160 | Epoch Time: 0.51s | Spearman@80: 0.9426 | Kendall@80: 0.8098
Epoch 110/150 | Train Loss: 0.0185 | Epoch Time: 0.51s | Spearman@80: 0.9468 | Kendall@80: 0.8155
Epoch 111/150 | Train Loss: 0.0176 | Epoch Time: 0.51s | Spearman@80: 0.9418 | Kendall@80: 0.8114
Epoch 112/150 | Train Loss: 0.0204 | Epoch Time: 0.51s | Spearman@80: 0.9389 | Kendall@80: 0.8003
Epoch 113/150 | Train Loss: 0.0169 | Epoch Time: 0.50s | Spearman@80: 0.9452 | Kendall@80: 0.8129
Epoch 114/150 | Train Loss: 0.0209 | Epoch Time: 0.51s | Spearman@80: 0.9370 | Kendall@80: 0.8020
Epoch 115/150 | Train Loss: 0.0179 | Epoch Time: 0.51s | Spearman@80: 0.9436 | Kendall@80: 0.8062
Epoch 116/150 | Train Loss: 0.0136 | Epoch Time: 0.50s | Spearman@80: 0.9404 | Kendall@80: 0.8047
Epoch 117/150 | Train Loss: 0.0144 | Epoch Time: 0.51s | Spearman@80: 0.9406 | Kendall@80: 0.8039
Epoch 118/150 | Train Loss: 0.0138 | Epoch Time: 0.49s | Spearman@80: 0.9404 | Kendall@80: 0.8110
Epoch 119/150 | Train Loss: 0.0178 | Epoch Time: 0.50s | Spearman@80: 0.9423 | Kendall@80: 0.8079
Epoch 120/150 | Train Loss: 0.0176 | Epoch Time: 0.52s | Spearman@80: 0.9423 | Kendall@80: 0.8070
Epoch 121/150 | Train Loss: 0.0177 | Epoch Time: 0.49s | Spearman@80: 0.9392 | Kendall@80: 0.8041
Epoch 122/150 | Train Loss: 0.0192 | Epoch Time: 0.48s | Spearman@80: 0.9439 | Kendall@80: 0.8127
Epoch 123/150 | Train Loss: 0.0169 | Epoch Time: 0.48s | Spearman@80: 0.9356 | Kendall@80: 0.7987
Epoch 124/150 | Train Loss: 0.0133 | Epoch Time: 0.49s | Spearman@80: 0.9394 | Kendall@80: 0.8083
Epoch 125/150 | Train Loss: 0.0170 | Epoch Time: 0.48s | Spearman@80: 0.9389 | Kendall@80: 0.8058
Epoch 126/150 | Train Loss: 0.0161 | Epoch Time: 0.48s | Spearman@80: 0.9418 | Kendall@80: 0.8087
Epoch 127/150 | Train Loss: 0.0150 | Epoch Time: 0.48s | Spearman@80: 0.9404 | Kendall@80: 0.8070
Epoch 128/150 | Train Loss: 0.0154 | Epoch Time: 0.48s | Spearman@80: 0.9431 | Kendall@80: 0.8136
Epoch 129/150 | Train Loss: 0.0141 | Epoch Time: 0.48s | Spearman@80: 0.9421 | Kendall@80: 0.8115
Epoch 130/150 | Train Loss: 0.0173 | Epoch Time: 0.49s | Spearman@80: 0.9404 | Kendall@80: 0.8115
Epoch 131/150 | Train Loss: 0.0138 | Epoch Time: 0.49s | Spearman@80: 0.9439 | Kendall@80: 0.8147
Epoch 132/150 | Train Loss: 0.0137 | Epoch Time: 0.48s | Spearman@80: 0.9423 | Kendall@80: 0.8127
Epoch 133/150 | Train Loss: 0.0172 | Epoch Time: 0.51s | Spearman@80: 0.9407 | Kendall@80: 0.8104
Epoch 134/150 | Train Loss: 0.0171 | Epoch Time: 0.52s | Spearman@80: 0.9408 | Kendall@80: 0.8102
Epoch 135/150 | Train Loss: 0.0128 | Epoch Time: 0.51s | Spearman@80: 0.9391 | Kendall@80: 0.8081
Epoch 136/150 | Train Loss: 0.0141 | Epoch Time: 0.51s | Spearman@80: 0.9375 | Kendall@80: 0.8085
Epoch 137/150 | Train Loss: 0.0130 | Epoch Time: 0.51s | Spearman@80: 0.9429 | Kendall@80: 0.8158
Epoch 138/150 | Train Loss: 0.0174 | Epoch Time: 0.52s | Spearman@80: 0.9409 | Kendall@80: 0.8127
Epoch 139/150 | Train Loss: 0.0154 | Epoch Time: 0.51s | Spearman@80: 0.9411 | Kendall@80: 0.8108
Epoch 140/150 | Train Loss: 0.0154 | Epoch Time: 0.51s | Spearman@80: 0.9413 | Kendall@80: 0.8119
Epoch 141/150 | Train Loss: 0.0188 | Epoch Time: 0.50s | Spearman@80: 0.9401 | Kendall@80: 0.8093
Epoch 142/150 | Train Loss: 0.0205 | Epoch Time: 0.51s | Spearman@80: 0.9422 | Kendall@80: 0.8129
Epoch 143/150 | Train Loss: 0.0144 | Epoch Time: 0.51s | Spearman@80: 0.9435 | Kendall@80: 0.8148
Epoch 144/150 | Train Loss: 0.0149 | Epoch Time: 0.50s | Spearman@80: 0.9429 | Kendall@80: 0.8121
Epoch 145/150 | Train Loss: 0.0118 | Epoch Time: 0.50s | Spearman@80: 0.9401 | Kendall@80: 0.8108
Epoch 146/150 | Train Loss: 0.0137 | Epoch Time: 0.51s | Spearman@80: 0.9403 | Kendall@80: 0.8102
Epoch 147/150 | Train Loss: 0.0145 | Epoch Time: 1.73s | Spearman@15496: 0.9452 | Kendall@15496: 0.8154
Epoch 148/150 | Train Loss: 0.0180 | Epoch Time: 1.43s | Spearman@15496: 0.9452 | Kendall@15496: 0.8150
Epoch 149/150 | Train Loss: 0.0136 | Epoch Time: 1.44s | Spearman@15496: 0.9445 | Kendall@15496: 0.8139
Epoch 150/150 | Train Loss: 0.0155 | Epoch Time: 1.48s | Spearman@15496: 0.9449 | Kendall@15496: 0.8147
Sample Count: 128, Spearman: 0.9449568557687241, Kendall: 0.8147515412725423
{64: (0.9123466400799337, 0.7657655030549869),
 128: (0.9449568557687241, 0.8147515412725423)}
Epoch 1/150 | Train Loss: 0.1006 | Epoch Time: 0.25s | Spearman@80: 0.3309 | Kendall@80: 0.2290
Epoch 2/150 | Train Loss: 0.0893 | Epoch Time: 0.24s | Spearman@80: 0.3985 | Kendall@80: 0.2816
Epoch 3/150 | Train Loss: 0.0587 | Epoch Time: 0.24s | Spearman@80: 0.8409 | Kendall@80: 0.6483
Epoch 4/150 | Train Loss: 0.0341 | Epoch Time: 0.24s | Spearman@80: 0.8647 | Kendall@80: 0.6692
Epoch 5/150 | Train Loss: 0.0391 | Epoch Time: 0.25s | Spearman@80: 0.7700 | Kendall@80: 0.5859
Epoch 6/150 | Train Loss: 0.0433 | Epoch Time: 0.27s | Spearman@80: 0.8717 | Kendall@80: 0.6946
Epoch 7/150 | Train Loss: 0.0374 | Epoch Time: 0.26s | Spearman@80: 0.8516 | Kendall@80: 0.6686
Epoch 8/150 | Train Loss: 0.0299 | Epoch Time: 0.26s | Spearman@80: 0.8685 | Kendall@80: 0.6791
Epoch 9/150 | Train Loss: 0.0363 | Epoch Time: 0.26s | Spearman@80: 0.8775 | Kendall@80: 0.6982
Epoch 10/150 | Train Loss: 0.0337 | Epoch Time: 0.26s | Spearman@80: 0.8838 | Kendall@80: 0.7115
Epoch 11/150 | Train Loss: 0.0270 | Epoch Time: 0.26s | Spearman@80: 0.8677 | Kendall@80: 0.6794
Epoch 12/150 | Train Loss: 0.0328 | Epoch Time: 0.26s | Spearman@80: 0.8219 | Kendall@80: 0.6309
Epoch 13/150 | Train Loss: 0.0302 | Epoch Time: 0.26s | Spearman@80: 0.8953 | Kendall@80: 0.7331
Epoch 14/150 | Train Loss: 0.0250 | Epoch Time: 0.27s | Spearman@80: 0.8718 | Kendall@80: 0.6952
Epoch 15/150 | Train Loss: 0.0341 | Epoch Time: 0.25s | Spearman@80: 0.8968 | Kendall@80: 0.7396
Epoch 16/150 | Train Loss: 0.0173 | Epoch Time: 0.26s | Spearman@80: 0.9049 | Kendall@80: 0.7394
Epoch 17/150 | Train Loss: 0.0247 | Epoch Time: 0.26s | Spearman@80: 0.8908 | Kendall@80: 0.7238
Epoch 18/150 | Train Loss: 0.0325 | Epoch Time: 0.26s | Spearman@80: 0.8874 | Kendall@80: 0.7155
Epoch 19/150 | Train Loss: 0.0288 | Epoch Time: 0.26s | Spearman@80: 0.9076 | Kendall@80: 0.7521
Epoch 20/150 | Train Loss: 0.0281 | Epoch Time: 0.26s | Spearman@80: 0.9103 | Kendall@80: 0.7517
Epoch 21/150 | Train Loss: 0.0254 | Epoch Time: 0.26s | Spearman@80: 0.9135 | Kendall@80: 0.7599
Epoch 22/150 | Train Loss: 0.0226 | Epoch Time: 0.26s | Spearman@80: 0.9089 | Kendall@80: 0.7504
Epoch 23/150 | Train Loss: 0.0230 | Epoch Time: 0.25s | Spearman@80: 0.9052 | Kendall@80: 0.7447
Epoch 24/150 | Train Loss: 0.0227 | Epoch Time: 0.25s | Spearman@80: 0.8975 | Kendall@80: 0.7299
Epoch 25/150 | Train Loss: 0.0161 | Epoch Time: 0.26s | Spearman@80: 0.9140 | Kendall@80: 0.7572
Epoch 26/150 | Train Loss: 0.0256 | Epoch Time: 0.25s | Spearman@80: 0.9078 | Kendall@80: 0.7527
Epoch 27/150 | Train Loss: 0.0233 | Epoch Time: 0.27s | Spearman@80: 0.9069 | Kendall@80: 0.7504
Epoch 28/150 | Train Loss: 0.0245 | Epoch Time: 0.26s | Spearman@80: 0.8999 | Kendall@80: 0.7390
Epoch 29/150 | Train Loss: 0.0249 | Epoch Time: 0.26s | Spearman@80: 0.9000 | Kendall@80: 0.7413
Epoch 30/150 | Train Loss: 0.0283 | Epoch Time: 0.25s | Spearman@80: 0.9055 | Kendall@80: 0.7439
Epoch 31/150 | Train Loss: 0.0261 | Epoch Time: 0.25s | Spearman@80: 0.8920 | Kendall@80: 0.7286
Epoch 32/150 | Train Loss: 0.0230 | Epoch Time: 0.24s | Spearman@80: 0.9072 | Kendall@80: 0.7504
Epoch 33/150 | Train Loss: 0.0238 | Epoch Time: 0.25s | Spearman@80: 0.9016 | Kendall@80: 0.7466
Epoch 34/150 | Train Loss: 0.0267 | Epoch Time: 0.25s | Spearman@80: 0.8999 | Kendall@80: 0.7377
Epoch 35/150 | Train Loss: 0.0245 | Epoch Time: 0.24s | Spearman@80: 0.8991 | Kendall@80: 0.7293
Epoch 36/150 | Train Loss: 0.0204 | Epoch Time: 0.24s | Spearman@80: 0.9122 | Kendall@80: 0.7567
Epoch 37/150 | Train Loss: 0.0211 | Epoch Time: 0.25s | Spearman@80: 0.9097 | Kendall@80: 0.7508
Epoch 38/150 | Train Loss: 0.0177 | Epoch Time: 0.25s | Spearman@80: 0.9199 | Kendall@80: 0.7711
Epoch 39/150 | Train Loss: 0.0198 | Epoch Time: 0.24s | Spearman@80: 0.9125 | Kendall@80: 0.7629
Epoch 40/150 | Train Loss: 0.0212 | Epoch Time: 0.24s | Spearman@80: 0.8609 | Kendall@80: 0.6844
Epoch 41/150 | Train Loss: 0.0260 | Epoch Time: 0.25s | Spearman@80: 0.8898 | Kendall@80: 0.7312
Epoch 42/150 | Train Loss: 0.0253 | Epoch Time: 0.25s | Spearman@80: 0.9049 | Kendall@80: 0.7521
Epoch 43/150 | Train Loss: 0.0234 | Epoch Time: 0.24s | Spearman@80: 0.9101 | Kendall@80: 0.7584
Epoch 44/150 | Train Loss: 0.0203 | Epoch Time: 0.25s | Spearman@80: 0.8832 | Kendall@80: 0.7123
Epoch 45/150 | Train Loss: 0.0228 | Epoch Time: 0.25s | Spearman@80: 0.9110 | Kendall@80: 0.7527
Epoch 46/150 | Train Loss: 0.0244 | Epoch Time: 0.25s | Spearman@80: 0.8971 | Kendall@80: 0.7320
Epoch 47/150 | Train Loss: 0.0178 | Epoch Time: 0.25s | Spearman@80: 0.8848 | Kendall@80: 0.7161
Epoch 48/150 | Train Loss: 0.0202 | Epoch Time: 0.26s | Spearman@80: 0.9120 | Kendall@80: 0.7629
Epoch 49/150 | Train Loss: 0.0208 | Epoch Time: 0.24s | Spearman@80: 0.9074 | Kendall@80: 0.7553
Epoch 50/150 | Train Loss: 0.0242 | Epoch Time: 0.25s | Spearman@80: 0.9151 | Kendall@80: 0.7667
Epoch 51/150 | Train Loss: 0.0202 | Epoch Time: 0.24s | Spearman@80: 0.9072 | Kendall@80: 0.7523
Epoch 52/150 | Train Loss: 0.0202 | Epoch Time: 0.24s | Spearman@80: 0.9201 | Kendall@80: 0.7669
Epoch 53/150 | Train Loss: 0.0180 | Epoch Time: 0.25s | Spearman@80: 0.9131 | Kendall@80: 0.7612
Epoch 54/150 | Train Loss: 0.0211 | Epoch Time: 0.26s | Spearman@80: 0.9195 | Kendall@80: 0.7692
Epoch 55/150 | Train Loss: 0.0173 | Epoch Time: 0.26s | Spearman@80: 0.9196 | Kendall@80: 0.7713
Epoch 56/150 | Train Loss: 0.0177 | Epoch Time: 0.26s | Spearman@80: 0.9211 | Kendall@80: 0.7737
Epoch 57/150 | Train Loss: 0.0227 | Epoch Time: 0.26s | Spearman@80: 0.9207 | Kendall@80: 0.7732
Epoch 58/150 | Train Loss: 0.0159 | Epoch Time: 0.26s | Spearman@80: 0.9160 | Kendall@80: 0.7631
Epoch 59/150 | Train Loss: 0.0288 | Epoch Time: 0.26s | Spearman@80: 0.9116 | Kendall@80: 0.7534
Epoch 60/150 | Train Loss: 0.0233 | Epoch Time: 0.26s | Spearman@80: 0.9126 | Kendall@80: 0.7604
Epoch 61/150 | Train Loss: 0.0212 | Epoch Time: 0.26s | Spearman@80: 0.9175 | Kendall@80: 0.7675
Epoch 62/150 | Train Loss: 0.0239 | Epoch Time: 0.26s | Spearman@80: 0.8804 | Kendall@80: 0.7085
Epoch 63/150 | Train Loss: 0.0278 | Epoch Time: 0.26s | Spearman@80: 0.9089 | Kendall@80: 0.7529
Epoch 64/150 | Train Loss: 0.0177 | Epoch Time: 0.26s | Spearman@80: 0.9206 | Kendall@80: 0.7648
Epoch 65/150 | Train Loss: 0.0225 | Epoch Time: 0.26s | Spearman@80: 0.9236 | Kendall@80: 0.7720
Epoch 66/150 | Train Loss: 0.0181 | Epoch Time: 0.26s | Spearman@80: 0.8890 | Kendall@80: 0.7242
Epoch 67/150 | Train Loss: 0.0200 | Epoch Time: 0.26s | Spearman@80: 0.9095 | Kendall@80: 0.7523
Epoch 68/150 | Train Loss: 0.0279 | Epoch Time: 0.25s | Spearman@80: 0.9142 | Kendall@80: 0.7584
Epoch 69/150 | Train Loss: 0.0179 | Epoch Time: 0.26s | Spearman@80: 0.9211 | Kendall@80: 0.7705
Epoch 70/150 | Train Loss: 0.0179 | Epoch Time: 0.26s | Spearman@80: 0.9276 | Kendall@80: 0.7775
Epoch 71/150 | Train Loss: 0.0171 | Epoch Time: 0.26s | Spearman@80: 0.9323 | Kendall@80: 0.7832
Epoch 72/150 | Train Loss: 0.0226 | Epoch Time: 0.26s | Spearman@80: 0.9244 | Kendall@80: 0.7726
Epoch 73/150 | Train Loss: 0.0176 | Epoch Time: 0.25s | Spearman@80: 0.9126 | Kendall@80: 0.7561
Epoch 74/150 | Train Loss: 0.0257 | Epoch Time: 0.26s | Spearman@80: 0.9266 | Kendall@80: 0.7838
Epoch 75/150 | Train Loss: 0.0223 | Epoch Time: 0.26s | Spearman@80: 0.9075 | Kendall@80: 0.7529
Epoch 76/150 | Train Loss: 0.0167 | Epoch Time: 0.26s | Spearman@80: 0.9236 | Kendall@80: 0.7813
Epoch 77/150 | Train Loss: 0.0149 | Epoch Time: 0.25s | Spearman@80: 0.9225 | Kendall@80: 0.7770
Epoch 78/150 | Train Loss: 0.0125 | Epoch Time: 0.25s | Spearman@80: 0.9211 | Kendall@80: 0.7705
Epoch 79/150 | Train Loss: 0.0190 | Epoch Time: 0.25s | Spearman@80: 0.9295 | Kendall@80: 0.7802
Epoch 80/150 | Train Loss: 0.0141 | Epoch Time: 0.26s | Spearman@80: 0.9207 | Kendall@80: 0.7692
Epoch 81/150 | Train Loss: 0.0177 | Epoch Time: 0.26s | Spearman@80: 0.9082 | Kendall@80: 0.7574
Epoch 82/150 | Train Loss: 0.0167 | Epoch Time: 0.26s | Spearman@80: 0.9348 | Kendall@80: 0.7904
Epoch 83/150 | Train Loss: 0.0191 | Epoch Time: 0.25s | Spearman@80: 0.9379 | Kendall@80: 0.7954
Epoch 84/150 | Train Loss: 0.0130 | Epoch Time: 0.25s | Spearman@80: 0.9287 | Kendall@80: 0.7857
Epoch 85/150 | Train Loss: 0.0133 | Epoch Time: 0.24s | Spearman@80: 0.9324 | Kendall@80: 0.7908
Epoch 86/150 | Train Loss: 0.0175 | Epoch Time: 0.24s | Spearman@80: 0.9229 | Kendall@80: 0.7739
Epoch 87/150 | Train Loss: 0.0108 | Epoch Time: 0.24s | Spearman@80: 0.9112 | Kendall@80: 0.7597
Epoch 88/150 | Train Loss: 0.0190 | Epoch Time: 0.25s | Spearman@80: 0.9161 | Kendall@80: 0.7642
Epoch 89/150 | Train Loss: 0.0191 | Epoch Time: 0.24s | Spearman@80: 0.9288 | Kendall@80: 0.7904
Epoch 90/150 | Train Loss: 0.0133 | Epoch Time: 0.24s | Spearman@80: 0.9250 | Kendall@80: 0.7827
Epoch 91/150 | Train Loss: 0.0221 | Epoch Time: 0.25s | Spearman@80: 0.9102 | Kendall@80: 0.7496
Epoch 92/150 | Train Loss: 0.0255 | Epoch Time: 0.24s | Spearman@80: 0.9254 | Kendall@80: 0.7826
Epoch 93/150 | Train Loss: 0.0158 | Epoch Time: 0.24s | Spearman@80: 0.9312 | Kendall@80: 0.7942
Epoch 94/150 | Train Loss: 0.0174 | Epoch Time: 0.24s | Spearman@80: 0.9214 | Kendall@80: 0.7726
Epoch 95/150 | Train Loss: 0.0168 | Epoch Time: 0.24s | Spearman@80: 0.9303 | Kendall@80: 0.7883
Epoch 96/150 | Train Loss: 0.0198 | Epoch Time: 0.24s | Spearman@80: 0.9267 | Kendall@80: 0.7827
Epoch 97/150 | Train Loss: 0.0118 | Epoch Time: 0.24s | Spearman@80: 0.9297 | Kendall@80: 0.7857
Epoch 98/150 | Train Loss: 0.0130 | Epoch Time: 0.25s | Spearman@80: 0.9282 | Kendall@80: 0.7826
Epoch 99/150 | Train Loss: 0.0143 | Epoch Time: 0.24s | Spearman@80: 0.9285 | Kendall@80: 0.7840
Epoch 100/150 | Train Loss: 0.0154 | Epoch Time: 0.25s | Spearman@80: 0.9275 | Kendall@80: 0.7807
Epoch 101/150 | Train Loss: 0.0119 | Epoch Time: 0.26s | Spearman@80: 0.9307 | Kendall@80: 0.7832
Epoch 102/150 | Train Loss: 0.0166 | Epoch Time: 0.24s | Spearman@80: 0.9369 | Kendall@80: 0.7971
Epoch 103/150 | Train Loss: 0.0160 | Epoch Time: 0.25s | Spearman@80: 0.9364 | Kendall@80: 0.7980
Epoch 104/150 | Train Loss: 0.0131 | Epoch Time: 0.25s | Spearman@80: 0.9341 | Kendall@80: 0.7959
Epoch 105/150 | Train Loss: 0.0109 | Epoch Time: 0.24s | Spearman@80: 0.9211 | Kendall@80: 0.7751
Epoch 106/150 | Train Loss: 0.0157 | Epoch Time: 0.25s | Spearman@80: 0.9332 | Kendall@80: 0.7923
Epoch 107/150 | Train Loss: 0.0091 | Epoch Time: 0.26s | Spearman@80: 0.9362 | Kendall@80: 0.7965
Epoch 108/150 | Train Loss: 0.0141 | Epoch Time: 0.26s | Spearman@80: 0.9347 | Kendall@80: 0.7967
Epoch 109/150 | Train Loss: 0.0172 | Epoch Time: 0.26s | Spearman@80: 0.9374 | Kendall@80: 0.8010
Epoch 110/150 | Train Loss: 0.0113 | Epoch Time: 0.26s | Spearman@80: 0.9298 | Kendall@80: 0.7883
Epoch 111/150 | Train Loss: 0.0163 | Epoch Time: 0.26s | Spearman@80: 0.9255 | Kendall@80: 0.7807
Epoch 112/150 | Train Loss: 0.0168 | Epoch Time: 0.26s | Spearman@80: 0.9354 | Kendall@80: 0.7965
Epoch 113/150 | Train Loss: 0.0173 | Epoch Time: 0.26s | Spearman@80: 0.9325 | Kendall@80: 0.7883
Epoch 114/150 | Train Loss: 0.0118 | Epoch Time: 0.26s | Spearman@80: 0.9272 | Kendall@80: 0.7832
Epoch 115/150 | Train Loss: 0.0142 | Epoch Time: 0.26s | Spearman@80: 0.9307 | Kendall@80: 0.7902
Epoch 116/150 | Train Loss: 0.0100 | Epoch Time: 0.26s | Spearman@80: 0.9355 | Kendall@80: 0.8005
Epoch 117/150 | Train Loss: 0.0094 | Epoch Time: 0.26s | Spearman@80: 0.9385 | Kendall@80: 0.8035
Epoch 118/150 | Train Loss: 0.0140 | Epoch Time: 0.26s | Spearman@80: 0.9338 | Kendall@80: 0.7971
Epoch 119/150 | Train Loss: 0.0121 | Epoch Time: 0.26s | Spearman@80: 0.9404 | Kendall@80: 0.8092
Epoch 120/150 | Train Loss: 0.0107 | Epoch Time: 0.25s | Spearman@80: 0.9388 | Kendall@80: 0.8094
Epoch 121/150 | Train Loss: 0.0154 | Epoch Time: 0.26s | Spearman@80: 0.9384 | Kendall@80: 0.8041
Epoch 122/150 | Train Loss: 0.0169 | Epoch Time: 0.26s | Spearman@80: 0.9413 | Kendall@80: 0.8111
Epoch 123/150 | Train Loss: 0.0116 | Epoch Time: 0.25s | Spearman@80: 0.9394 | Kendall@80: 0.8054
Epoch 124/150 | Train Loss: 0.0110 | Epoch Time: 0.26s | Spearman@80: 0.9369 | Kendall@80: 0.8037
Epoch 125/150 | Train Loss: 0.0103 | Epoch Time: 0.26s | Spearman@80: 0.9366 | Kendall@80: 0.8016
Epoch 126/150 | Train Loss: 0.0082 | Epoch Time: 0.26s | Spearman@80: 0.9365 | Kendall@80: 0.7999
Epoch 127/150 | Train Loss: 0.0130 | Epoch Time: 0.26s | Spearman@80: 0.9330 | Kendall@80: 0.7914
Epoch 128/150 | Train Loss: 0.0131 | Epoch Time: 0.26s | Spearman@80: 0.9334 | Kendall@80: 0.7927
Epoch 129/150 | Train Loss: 0.0077 | Epoch Time: 0.25s | Spearman@80: 0.9340 | Kendall@80: 0.7961
Epoch 130/150 | Train Loss: 0.0122 | Epoch Time: 0.26s | Spearman@80: 0.9345 | Kendall@80: 0.7946
Epoch 131/150 | Train Loss: 0.0167 | Epoch Time: 0.26s | Spearman@80: 0.9343 | Kendall@80: 0.7935
Epoch 132/150 | Train Loss: 0.0079 | Epoch Time: 0.25s | Spearman@80: 0.9332 | Kendall@80: 0.7952
Epoch 133/150 | Train Loss: 0.0122 | Epoch Time: 0.25s | Spearman@80: 0.9364 | Kendall@80: 0.7978
Epoch 134/150 | Train Loss: 0.0121 | Epoch Time: 0.25s | Spearman@80: 0.9329 | Kendall@80: 0.7940
Epoch 135/150 | Train Loss: 0.0094 | Epoch Time: 0.26s | Spearman@80: 0.9330 | Kendall@80: 0.7952
Epoch 136/150 | Train Loss: 0.0099 | Epoch Time: 0.26s | Spearman@80: 0.9358 | Kendall@80: 0.8003
Epoch 137/150 | Train Loss: 0.0076 | Epoch Time: 0.26s | Spearman@80: 0.9352 | Kendall@80: 0.7997
Epoch 138/150 | Train Loss: 0.0076 | Epoch Time: 0.25s | Spearman@80: 0.9366 | Kendall@80: 0.7997
Epoch 139/150 | Train Loss: 0.0087 | Epoch Time: 0.24s | Spearman@80: 0.9358 | Kendall@80: 0.7991
Epoch 140/150 | Train Loss: 0.0109 | Epoch Time: 0.24s | Spearman@80: 0.9359 | Kendall@80: 0.7973
Epoch 141/150 | Train Loss: 0.0149 | Epoch Time: 0.24s | Spearman@80: 0.9352 | Kendall@80: 0.7984
Epoch 142/150 | Train Loss: 0.0075 | Epoch Time: 0.24s | Spearman@80: 0.9361 | Kendall@80: 0.8003
Epoch 143/150 | Train Loss: 0.0146 | Epoch Time: 0.24s | Spearman@80: 0.9347 | Kendall@80: 0.7971
Epoch 144/150 | Train Loss: 0.0040 | Epoch Time: 0.24s | Spearman@80: 0.9358 | Kendall@80: 0.7991
Epoch 145/150 | Train Loss: 0.0143 | Epoch Time: 0.25s | Spearman@80: 0.9350 | Kendall@80: 0.7986
Epoch 146/150 | Train Loss: 0.0126 | Epoch Time: 0.24s | Spearman@80: 0.9339 | Kendall@80: 0.7971
Epoch 147/150 | Train Loss: 0.0131 | Epoch Time: 1.37s | Spearman@15560: 0.9346 | Kendall@15560: 0.7930
Epoch 148/150 | Train Loss: 0.0098 | Epoch Time: 1.20s | Spearman@15560: 0.9343 | Kendall@15560: 0.7927
Epoch 149/150 | Train Loss: 0.0091 | Epoch Time: 1.20s | Spearman@15560: 0.9346 | Kendall@15560: 0.7931
Epoch 150/150 | Train Loss: 0.0129 | Epoch Time: 1.33s | Spearman@15560: 0.9351 | Kendall@15560: 0.7938
Sample Count: 64, Spearman: 0.9346304461455363, Kendall: 0.7931499799547806
{64: (0.9346304461455363, 0.7931499799547806),
 128: (0.9449568557687241, 0.8147515412725423)}
Epoch 1/150 | Train Loss: 0.0858 | Epoch Time: 0.45s | Spearman@80: 0.5541 | Kendall@80: 0.3939
Epoch 2/150 | Train Loss: 0.0573 | Epoch Time: 0.46s | Spearman@80: 0.8057 | Kendall@80: 0.6294
Epoch 3/150 | Train Loss: 0.0477 | Epoch Time: 0.51s | Spearman@80: 0.7683 | Kendall@80: 0.5775
Epoch 4/150 | Train Loss: 0.0472 | Epoch Time: 0.51s | Spearman@80: 0.8501 | Kendall@80: 0.6819
Epoch 5/150 | Train Loss: 0.0406 | Epoch Time: 0.48s | Spearman@80: 0.8987 | Kendall@80: 0.7406
Epoch 6/150 | Train Loss: 0.0417 | Epoch Time: 0.48s | Spearman@80: 0.9052 | Kendall@80: 0.7502
Epoch 7/150 | Train Loss: 0.0375 | Epoch Time: 0.48s | Spearman@80: 0.8931 | Kendall@80: 0.7175
Epoch 8/150 | Train Loss: 0.0326 | Epoch Time: 0.48s | Spearman@80: 0.8989 | Kendall@80: 0.7351
Epoch 9/150 | Train Loss: 0.0325 | Epoch Time: 0.48s | Spearman@80: 0.8930 | Kendall@80: 0.7271
Epoch 10/150 | Train Loss: 0.0338 | Epoch Time: 0.48s | Spearman@80: 0.9013 | Kendall@80: 0.7506
Epoch 11/150 | Train Loss: 0.0331 | Epoch Time: 0.48s | Spearman@80: 0.9013 | Kendall@80: 0.7392
Epoch 12/150 | Train Loss: 0.0368 | Epoch Time: 0.48s | Spearman@80: 0.9135 | Kendall@80: 0.7640
Epoch 13/150 | Train Loss: 0.0314 | Epoch Time: 0.49s | Spearman@80: 0.8953 | Kendall@80: 0.7122
Epoch 14/150 | Train Loss: 0.0397 | Epoch Time: 0.49s | Spearman@80: 0.9164 | Kendall@80: 0.7722
Epoch 15/150 | Train Loss: 0.0381 | Epoch Time: 0.48s | Spearman@80: 0.8880 | Kendall@80: 0.7222
Epoch 16/150 | Train Loss: 0.0339 | Epoch Time: 0.50s | Spearman@80: 0.9136 | Kendall@80: 0.7638
Epoch 17/150 | Train Loss: 0.0349 | Epoch Time: 0.51s | Spearman@80: 0.9017 | Kendall@80: 0.7453
Epoch 18/150 | Train Loss: 0.0348 | Epoch Time: 0.51s | Spearman@80: 0.8635 | Kendall@80: 0.7025
Epoch 19/150 | Train Loss: 0.0347 | Epoch Time: 0.51s | Spearman@80: 0.9141 | Kendall@80: 0.7696
Epoch 20/150 | Train Loss: 0.0313 | Epoch Time: 0.51s | Spearman@80: 0.9164 | Kendall@80: 0.7484
Epoch 21/150 | Train Loss: 0.0414 | Epoch Time: 0.51s | Spearman@80: 0.9088 | Kendall@80: 0.7504
Epoch 22/150 | Train Loss: 0.0324 | Epoch Time: 0.51s | Spearman@80: 0.9064 | Kendall@80: 0.7449
Epoch 23/150 | Train Loss: 0.0306 | Epoch Time: 0.51s | Spearman@80: 0.9071 | Kendall@80: 0.7531
Epoch 24/150 | Train Loss: 0.0314 | Epoch Time: 0.51s | Spearman@80: 0.9219 | Kendall@80: 0.7682
Epoch 25/150 | Train Loss: 0.0325 | Epoch Time: 0.51s | Spearman@80: 0.9301 | Kendall@80: 0.7859
Epoch 26/150 | Train Loss: 0.0374 | Epoch Time: 0.51s | Spearman@80: 0.9159 | Kendall@80: 0.7726
Epoch 27/150 | Train Loss: 0.0298 | Epoch Time: 0.51s | Spearman@80: 0.8985 | Kendall@80: 0.7404
Epoch 28/150 | Train Loss: 0.0355 | Epoch Time: 0.50s | Spearman@80: 0.9194 | Kendall@80: 0.7709
Epoch 29/150 | Train Loss: 0.0318 | Epoch Time: 0.50s | Spearman@80: 0.9079 | Kendall@80: 0.7504
Epoch 30/150 | Train Loss: 0.0308 | Epoch Time: 0.51s | Spearman@80: 0.9089 | Kendall@80: 0.7444
Epoch 31/150 | Train Loss: 0.0343 | Epoch Time: 0.50s | Spearman@80: 0.9121 | Kendall@80: 0.7665
Epoch 32/150 | Train Loss: 0.0322 | Epoch Time: 0.48s | Spearman@80: 0.9112 | Kendall@80: 0.7593
Epoch 33/150 | Train Loss: 0.0270 | Epoch Time: 0.48s | Spearman@80: 0.9035 | Kendall@80: 0.7448
Epoch 34/150 | Train Loss: 0.0327 | Epoch Time: 0.48s | Spearman@80: 0.9166 | Kendall@80: 0.7563
Epoch 35/150 | Train Loss: 0.0337 | Epoch Time: 0.48s | Spearman@80: 0.8635 | Kendall@80: 0.6995
Epoch 36/150 | Train Loss: 0.0315 | Epoch Time: 0.48s | Spearman@80: 0.9176 | Kendall@80: 0.7580
Epoch 37/150 | Train Loss: 0.0384 | Epoch Time: 0.48s | Spearman@80: 0.9010 | Kendall@80: 0.7341
Epoch 38/150 | Train Loss: 0.0333 | Epoch Time: 0.48s | Spearman@80: 0.9067 | Kendall@80: 0.7519
Epoch 39/150 | Train Loss: 0.0369 | Epoch Time: 0.48s | Spearman@80: 0.9069 | Kendall@80: 0.7554
Epoch 40/150 | Train Loss: 0.0310 | Epoch Time: 0.50s | Spearman@80: 0.9164 | Kendall@80: 0.7671
Epoch 41/150 | Train Loss: 0.0286 | Epoch Time: 0.48s | Spearman@80: 0.8994 | Kendall@80: 0.7431
Epoch 42/150 | Train Loss: 0.0282 | Epoch Time: 0.49s | Spearman@80: 0.9283 | Kendall@80: 0.7787
Epoch 43/150 | Train Loss: 0.0277 | Epoch Time: 0.50s | Spearman@80: 0.9250 | Kendall@80: 0.7731
Epoch 44/150 | Train Loss: 0.0307 | Epoch Time: 0.52s | Spearman@80: 0.8840 | Kendall@80: 0.7097
Epoch 45/150 | Train Loss: 0.0315 | Epoch Time: 0.51s | Spearman@80: 0.9116 | Kendall@80: 0.7565
Epoch 46/150 | Train Loss: 0.0320 | Epoch Time: 0.51s | Spearman@80: 0.9264 | Kendall@80: 0.7697
Epoch 47/150 | Train Loss: 0.0285 | Epoch Time: 0.52s | Spearman@80: 0.8922 | Kendall@80: 0.7303
Epoch 48/150 | Train Loss: 0.0250 | Epoch Time: 0.51s | Spearman@80: 0.9140 | Kendall@80: 0.7657
Epoch 49/150 | Train Loss: 0.0251 | Epoch Time: 0.52s | Spearman@80: 0.9261 | Kendall@80: 0.7718
Epoch 50/150 | Train Loss: 0.0257 | Epoch Time: 0.50s | Spearman@80: 0.9356 | Kendall@80: 0.7894
Epoch 51/150 | Train Loss: 0.0281 | Epoch Time: 0.51s | Spearman@80: 0.9171 | Kendall@80: 0.7758
Epoch 52/150 | Train Loss: 0.0292 | Epoch Time: 0.51s | Spearman@80: 0.9316 | Kendall@80: 0.7862
Epoch 53/150 | Train Loss: 0.0275 | Epoch Time: 0.52s | Spearman@80: 0.9138 | Kendall@80: 0.7753
Epoch 54/150 | Train Loss: 0.0239 | Epoch Time: 0.51s | Spearman@80: 0.9230 | Kendall@80: 0.7722
Epoch 55/150 | Train Loss: 0.0238 | Epoch Time: 0.51s | Spearman@80: 0.8767 | Kendall@80: 0.7122
Epoch 56/150 | Train Loss: 0.0274 | Epoch Time: 0.50s | Spearman@80: 0.9105 | Kendall@80: 0.7631
Epoch 57/150 | Train Loss: 0.0212 | Epoch Time: 0.50s | Spearman@80: 0.9339 | Kendall@80: 0.7826
Epoch 58/150 | Train Loss: 0.0242 | Epoch Time: 0.51s | Spearman@80: 0.9000 | Kendall@80: 0.7466
Epoch 59/150 | Train Loss: 0.0287 | Epoch Time: 0.50s | Spearman@80: 0.9306 | Kendall@80: 0.7891
Epoch 60/150 | Train Loss: 0.0278 | Epoch Time: 0.48s | Spearman@80: 0.9115 | Kendall@80: 0.7587
Epoch 61/150 | Train Loss: 0.0278 | Epoch Time: 0.48s | Spearman@80: 0.9340 | Kendall@80: 0.7914
Epoch 62/150 | Train Loss: 0.0281 | Epoch Time: 0.48s | Spearman@80: 0.9269 | Kendall@80: 0.7834
Epoch 63/150 | Train Loss: 0.0255 | Epoch Time: 0.49s | Spearman@80: 0.9221 | Kendall@80: 0.7612
Epoch 64/150 | Train Loss: 0.0276 | Epoch Time: 0.49s | Spearman@80: 0.9241 | Kendall@80: 0.7774
Epoch 65/150 | Train Loss: 0.0246 | Epoch Time: 0.49s | Spearman@80: 0.9133 | Kendall@80: 0.7616
Epoch 66/150 | Train Loss: 0.0298 | Epoch Time: 0.49s | Spearman@80: 0.9238 | Kendall@80: 0.7762
Epoch 67/150 | Train Loss: 0.0288 | Epoch Time: 0.48s | Spearman@80: 0.9323 | Kendall@80: 0.7822
Epoch 68/150 | Train Loss: 0.0242 | Epoch Time: 0.49s | Spearman@80: 0.9223 | Kendall@80: 0.7667
Epoch 69/150 | Train Loss: 0.0311 | Epoch Time: 0.48s | Spearman@80: 0.8996 | Kendall@80: 0.7398
Epoch 70/150 | Train Loss: 0.0288 | Epoch Time: 0.48s | Spearman@80: 0.9223 | Kendall@80: 0.7837
Epoch 71/150 | Train Loss: 0.0235 | Epoch Time: 0.52s | Spearman@80: 0.9369 | Kendall@80: 0.7898
Epoch 72/150 | Train Loss: 0.0295 | Epoch Time: 0.52s | Spearman@80: 0.9334 | Kendall@80: 0.7870
Epoch 73/150 | Train Loss: 0.0232 | Epoch Time: 0.51s | Spearman@80: 0.9153 | Kendall@80: 0.7644
Epoch 74/150 | Train Loss: 0.0259 | Epoch Time: 0.52s | Spearman@80: 0.9217 | Kendall@80: 0.7624
Epoch 75/150 | Train Loss: 0.0260 | Epoch Time: 0.52s | Spearman@80: 0.9391 | Kendall@80: 0.7930
Epoch 76/150 | Train Loss: 0.0245 | Epoch Time: 0.52s | Spearman@80: 0.9334 | Kendall@80: 0.7900
Epoch 77/150 | Train Loss: 0.0220 | Epoch Time: 0.51s | Spearman@80: 0.9386 | Kendall@80: 0.7879
Epoch 78/150 | Train Loss: 0.0192 | Epoch Time: 0.51s | Spearman@80: 0.9268 | Kendall@80: 0.7769
Epoch 79/150 | Train Loss: 0.0207 | Epoch Time: 0.51s | Spearman@80: 0.9238 | Kendall@80: 0.7771
Epoch 80/150 | Train Loss: 0.0256 | Epoch Time: 0.52s | Spearman@80: 0.8934 | Kendall@80: 0.7400
Epoch 81/150 | Train Loss: 0.0232 | Epoch Time: 0.51s | Spearman@80: 0.9179 | Kendall@80: 0.7660
Epoch 82/150 | Train Loss: 0.0249 | Epoch Time: 0.51s | Spearman@80: 0.9197 | Kendall@80: 0.7694
Epoch 83/150 | Train Loss: 0.0210 | Epoch Time: 0.51s | Spearman@80: 0.9370 | Kendall@80: 0.7936
Epoch 84/150 | Train Loss: 0.0203 | Epoch Time: 0.51s | Spearman@80: 0.8984 | Kendall@80: 0.7483
Epoch 85/150 | Train Loss: 0.0285 | Epoch Time: 0.51s | Spearman@80: 0.9217 | Kendall@80: 0.7743
Epoch 86/150 | Train Loss: 0.0238 | Epoch Time: 0.52s | Spearman@80: 0.9289 | Kendall@80: 0.7902
Epoch 87/150 | Train Loss: 0.0274 | Epoch Time: 0.49s | Spearman@80: 0.9305 | Kendall@80: 0.7936
Epoch 88/150 | Train Loss: 0.0252 | Epoch Time: 0.49s | Spearman@80: 0.9383 | Kendall@80: 0.8029
Epoch 89/150 | Train Loss: 0.0211 | Epoch Time: 0.48s | Spearman@80: 0.9294 | Kendall@80: 0.7809
Epoch 90/150 | Train Loss: 0.0214 | Epoch Time: 0.49s | Spearman@80: 0.9314 | Kendall@80: 0.7936
Epoch 91/150 | Train Loss: 0.0276 | Epoch Time: 0.49s | Spearman@80: 0.9112 | Kendall@80: 0.7665
Epoch 92/150 | Train Loss: 0.0228 | Epoch Time: 0.49s | Spearman@80: 0.9182 | Kendall@80: 0.7663
Epoch 93/150 | Train Loss: 0.0209 | Epoch Time: 0.49s | Spearman@80: 0.9259 | Kendall@80: 0.7828
Epoch 94/150 | Train Loss: 0.0213 | Epoch Time: 0.49s | Spearman@80: 0.9187 | Kendall@80: 0.7714
Epoch 95/150 | Train Loss: 0.0263 | Epoch Time: 0.50s | Spearman@80: 0.9216 | Kendall@80: 0.7779
Epoch 96/150 | Train Loss: 0.0242 | Epoch Time: 0.49s | Spearman@80: 0.9152 | Kendall@80: 0.7542
Epoch 97/150 | Train Loss: 0.0183 | Epoch Time: 0.49s | Spearman@80: 0.9309 | Kendall@80: 0.7862
Epoch 98/150 | Train Loss: 0.0222 | Epoch Time: 0.51s | Spearman@80: 0.9247 | Kendall@80: 0.7825
Epoch 99/150 | Train Loss: 0.0174 | Epoch Time: 0.52s | Spearman@80: 0.9176 | Kendall@80: 0.7732
Epoch 100/150 | Train Loss: 0.0218 | Epoch Time: 0.53s | Spearman@80: 0.9036 | Kendall@80: 0.7544
Epoch 101/150 | Train Loss: 0.0208 | Epoch Time: 0.52s | Spearman@80: 0.9294 | Kendall@80: 0.7841
Epoch 102/150 | Train Loss: 0.0245 | Epoch Time: 0.52s | Spearman@80: 0.9177 | Kendall@80: 0.7713
Epoch 103/150 | Train Loss: 0.0233 | Epoch Time: 0.52s | Spearman@80: 0.9160 | Kendall@80: 0.7622
Epoch 104/150 | Train Loss: 0.0186 | Epoch Time: 0.52s | Spearman@80: 0.9212 | Kendall@80: 0.7747
Epoch 105/150 | Train Loss: 0.0186 | Epoch Time: 0.53s | Spearman@80: 0.9152 | Kendall@80: 0.7579
Epoch 106/150 | Train Loss: 0.0198 | Epoch Time: 0.51s | Spearman@80: 0.9098 | Kendall@80: 0.7537
Epoch 107/150 | Train Loss: 0.0242 | Epoch Time: 0.51s | Spearman@80: 0.9115 | Kendall@80: 0.7616
Epoch 108/150 | Train Loss: 0.0241 | Epoch Time: 0.52s | Spearman@80: 0.9237 | Kendall@80: 0.7783
Epoch 109/150 | Train Loss: 0.0213 | Epoch Time: 0.51s | Spearman@80: 0.9175 | Kendall@80: 0.7612
Epoch 110/150 | Train Loss: 0.0172 | Epoch Time: 0.50s | Spearman@80: 0.9247 | Kendall@80: 0.7760
Epoch 111/150 | Train Loss: 0.0247 | Epoch Time: 0.52s | Spearman@80: 0.9205 | Kendall@80: 0.7743
Epoch 112/150 | Train Loss: 0.0192 | Epoch Time: 0.52s | Spearman@80: 0.9244 | Kendall@80: 0.7768
Epoch 113/150 | Train Loss: 0.0191 | Epoch Time: 0.51s | Spearman@80: 0.9192 | Kendall@80: 0.7796
Epoch 114/150 | Train Loss: 0.0192 | Epoch Time: 0.50s | Spearman@80: 0.9218 | Kendall@80: 0.7720
Epoch 115/150 | Train Loss: 0.0224 | Epoch Time: 0.49s | Spearman@80: 0.9094 | Kendall@80: 0.7599
Epoch 116/150 | Train Loss: 0.0196 | Epoch Time: 0.49s | Spearman@80: 0.9201 | Kendall@80: 0.7746
Epoch 117/150 | Train Loss: 0.0214 | Epoch Time: 0.49s | Spearman@80: 0.9292 | Kendall@80: 0.7968
Epoch 118/150 | Train Loss: 0.0166 | Epoch Time: 0.49s | Spearman@80: 0.9246 | Kendall@80: 0.7847
Epoch 119/150 | Train Loss: 0.0185 | Epoch Time: 0.50s | Spearman@80: 0.9103 | Kendall@80: 0.7646
Epoch 120/150 | Train Loss: 0.0233 | Epoch Time: 0.49s | Spearman@80: 0.9161 | Kendall@80: 0.7631
Epoch 121/150 | Train Loss: 0.0199 | Epoch Time: 0.49s | Spearman@80: 0.9190 | Kendall@80: 0.7697
Epoch 122/150 | Train Loss: 0.0241 | Epoch Time: 0.50s | Spearman@80: 0.9212 | Kendall@80: 0.7786
Epoch 123/150 | Train Loss: 0.0213 | Epoch Time: 0.50s | Spearman@80: 0.9198 | Kendall@80: 0.7784
Epoch 124/150 | Train Loss: 0.0206 | Epoch Time: 0.48s | Spearman@80: 0.9177 | Kendall@80: 0.7709
Epoch 125/150 | Train Loss: 0.0228 | Epoch Time: 0.49s | Spearman@80: 0.9229 | Kendall@80: 0.7790
Epoch 126/150 | Train Loss: 0.0204 | Epoch Time: 0.51s | Spearman@80: 0.9150 | Kendall@80: 0.7692
Epoch 127/150 | Train Loss: 0.0215 | Epoch Time: 0.52s | Spearman@80: 0.9194 | Kendall@80: 0.7733
Epoch 128/150 | Train Loss: 0.0216 | Epoch Time: 0.51s | Spearman@80: 0.9213 | Kendall@80: 0.7771
Epoch 129/150 | Train Loss: 0.0185 | Epoch Time: 0.51s | Spearman@80: 0.9216 | Kendall@80: 0.7754
Epoch 130/150 | Train Loss: 0.0173 | Epoch Time: 0.51s | Spearman@80: 0.9212 | Kendall@80: 0.7767
Epoch 131/150 | Train Loss: 0.0162 | Epoch Time: 0.51s | Spearman@80: 0.9221 | Kendall@80: 0.7781
Epoch 132/150 | Train Loss: 0.0227 | Epoch Time: 0.51s | Spearman@80: 0.9219 | Kendall@80: 0.7771
Epoch 133/150 | Train Loss: 0.0188 | Epoch Time: 0.50s | Spearman@80: 0.9202 | Kendall@80: 0.7771
Epoch 134/150 | Train Loss: 0.0200 | Epoch Time: 0.51s | Spearman@80: 0.9227 | Kendall@80: 0.7821
Epoch 135/150 | Train Loss: 0.0187 | Epoch Time: 0.51s | Spearman@80: 0.9220 | Kendall@80: 0.7796
Epoch 136/150 | Train Loss: 0.0207 | Epoch Time: 0.51s | Spearman@80: 0.9183 | Kendall@80: 0.7713
Epoch 137/150 | Train Loss: 0.0214 | Epoch Time: 0.51s | Spearman@80: 0.9180 | Kendall@80: 0.7705
Epoch 138/150 | Train Loss: 0.0151 | Epoch Time: 0.50s | Spearman@80: 0.9204 | Kendall@80: 0.7767
Epoch 139/150 | Train Loss: 0.0148 | Epoch Time: 0.50s | Spearman@80: 0.9206 | Kendall@80: 0.7765
Epoch 140/150 | Train Loss: 0.0212 | Epoch Time: 0.51s | Spearman@80: 0.9222 | Kendall@80: 0.7834
Epoch 141/150 | Train Loss: 0.0141 | Epoch Time: 0.48s | Spearman@80: 0.9220 | Kendall@80: 0.7828
Epoch 142/150 | Train Loss: 0.0225 | Epoch Time: 0.48s | Spearman@80: 0.9171 | Kendall@80: 0.7682
Epoch 143/150 | Train Loss: 0.0152 | Epoch Time: 0.49s | Spearman@80: 0.9157 | Kendall@80: 0.7640
Epoch 144/150 | Train Loss: 0.0138 | Epoch Time: 0.48s | Spearman@80: 0.9163 | Kendall@80: 0.7657
Epoch 145/150 | Train Loss: 0.0195 | Epoch Time: 0.49s | Spearman@80: 0.9188 | Kendall@80: 0.7694
Epoch 146/150 | Train Loss: 0.0211 | Epoch Time: 0.48s | Spearman@80: 0.9221 | Kendall@80: 0.7800
Epoch 147/150 | Train Loss: 0.0175 | Epoch Time: 1.70s | Spearman@15496: 0.9321 | Kendall@15496: 0.7893
Epoch 148/150 | Train Loss: 0.0192 | Epoch Time: 1.49s | Spearman@15496: 0.9325 | Kendall@15496: 0.7900
Epoch 149/150 | Train Loss: 0.0182 | Epoch Time: 1.60s | Spearman@15496: 0.9312 | Kendall@15496: 0.7874
Epoch 150/150 | Train Loss: 0.0197 | Epoch Time: 1.58s | Spearman@15496: 0.9325 | Kendall@15496: 0.7892
Sample Count: 128, Spearman: 0.93207636257012, Kendall: 0.7889675766208746
{64: (0.9346304461455363, 0.7931499799547806),
 128: (0.93207636257012, 0.7889675766208746)}
Average KDT:  0.7870556268530429
Variance KDT:  0.00024044065270676371
Average SPR:  0.929423408537565
Variance SPR:  0.00015320659068324962
Average KDT:  0.7943637333472653
Variance KDT:  0.00022317694169427625
Average SPR:  0.9341502630435624
Variance SPR:  6.57811411548339e-05
