normalizing task:  Amoeba.json
normalizing task:  PNAS_fix-w-d.json
normalizing task:  ENAS_fix-w-d.json
normalizing task:  NASNet.json
normalizing task:  DARTS.json
normalizing task:  ENAS.json
normalizing task:  PNAS.json
normalizing task:  DARTS_lr-wd.json
normalizing task:  DARTS_fix-w-d.json
Epoch 1/150 | Train Loss: 0.0984 | Epoch Time: 0.90s | Spearman@80: 0.5039 | Kendall@80: 0.3576
Epoch 2/150 | Train Loss: 0.0910 | Epoch Time: 0.46s | Spearman@80: 0.4252 | Kendall@80: 0.2885
Epoch 3/150 | Train Loss: 0.0818 | Epoch Time: 0.46s | Spearman@80: 0.4009 | Kendall@80: 0.2644
Epoch 4/150 | Train Loss: 0.0660 | Epoch Time: 0.45s | Spearman@80: 0.5042 | Kendall@80: 0.3557
Epoch 5/150 | Train Loss: 0.0612 | Epoch Time: 0.45s | Spearman@80: 0.4865 | Kendall@80: 0.3392
Epoch 6/150 | Train Loss: 0.0691 | Epoch Time: 0.45s | Spearman@80: 0.4821 | Kendall@80: 0.3259
Epoch 7/150 | Train Loss: 0.0699 | Epoch Time: 0.46s | Spearman@80: 0.4791 | Kendall@80: 0.3253
Epoch 8/150 | Train Loss: 0.0586 | Epoch Time: 0.46s | Spearman@80: 0.5375 | Kendall@80: 0.3829
Epoch 9/150 | Train Loss: 0.0597 | Epoch Time: 0.45s | Spearman@80: 0.5376 | Kendall@80: 0.3740
Epoch 10/150 | Train Loss: 0.0624 | Epoch Time: 0.45s | Spearman@80: 0.5764 | Kendall@80: 0.4063
Epoch 11/150 | Train Loss: 0.0559 | Epoch Time: 0.45s | Spearman@80: 0.5018 | Kendall@80: 0.3398
Epoch 12/150 | Train Loss: 0.0620 | Epoch Time: 0.45s | Spearman@80: 0.5118 | Kendall@80: 0.3474
Epoch 13/150 | Train Loss: 0.0548 | Epoch Time: 0.47s | Spearman@80: 0.5160 | Kendall@80: 0.3690
Epoch 14/150 | Train Loss: 0.0480 | Epoch Time: 0.45s | Spearman@80: 0.5493 | Kendall@80: 0.3747
Epoch 15/150 | Train Loss: 0.0620 | Epoch Time: 0.46s | Spearman@80: 0.5129 | Kendall@80: 0.3474
Epoch 16/150 | Train Loss: 0.0441 | Epoch Time: 0.45s | Spearman@80: 0.4773 | Kendall@80: 0.3189
Epoch 17/150 | Train Loss: 0.0614 | Epoch Time: 0.45s | Spearman@80: 0.5595 | Kendall@80: 0.4019
Epoch 18/150 | Train Loss: 0.0488 | Epoch Time: 0.45s | Spearman@80: 0.5312 | Kendall@80: 0.3677
Epoch 19/150 | Train Loss: 0.0567 | Epoch Time: 0.45s | Spearman@80: 0.5258 | Kendall@80: 0.3690
Epoch 20/150 | Train Loss: 0.0487 | Epoch Time: 0.45s | Spearman@80: 0.5013 | Kendall@80: 0.3525
Epoch 21/150 | Train Loss: 0.0602 | Epoch Time: 0.46s | Spearman@80: 0.5063 | Kendall@80: 0.3607
Epoch 22/150 | Train Loss: 0.0505 | Epoch Time: 0.46s | Spearman@80: 0.5126 | Kendall@80: 0.3620
Epoch 23/150 | Train Loss: 0.0398 | Epoch Time: 0.45s | Spearman@80: 0.4600 | Kendall@80: 0.3189
Epoch 24/150 | Train Loss: 0.0372 | Epoch Time: 0.46s | Spearman@80: 0.4517 | Kendall@80: 0.3101
Epoch 25/150 | Train Loss: 0.0284 | Epoch Time: 0.47s | Spearman@80: 0.4689 | Kendall@80: 0.3215
Epoch 26/150 | Train Loss: 0.0414 | Epoch Time: 0.46s | Spearman@80: 0.4635 | Kendall@80: 0.3284
Epoch 27/150 | Train Loss: 0.0399 | Epoch Time: 0.47s | Spearman@80: 0.4558 | Kendall@80: 0.3126
Epoch 28/150 | Train Loss: 0.0360 | Epoch Time: 0.47s | Spearman@80: 0.3491 | Kendall@80: 0.2416
Epoch 29/150 | Train Loss: 0.0464 | Epoch Time: 0.47s | Spearman@80: 0.3382 | Kendall@80: 0.2359
Epoch 30/150 | Train Loss: 0.0372 | Epoch Time: 0.47s | Spearman@80: 0.4015 | Kendall@80: 0.2803
Epoch 31/150 | Train Loss: 0.0407 | Epoch Time: 0.46s | Spearman@80: 0.4111 | Kendall@80: 0.2714
Epoch 32/150 | Train Loss: 0.0387 | Epoch Time: 0.47s | Spearman@80: 0.3639 | Kendall@80: 0.2606
Epoch 33/150 | Train Loss: 0.0383 | Epoch Time: 0.47s | Spearman@80: 0.5159 | Kendall@80: 0.3557
Epoch 34/150 | Train Loss: 0.0420 | Epoch Time: 0.46s | Spearman@80: 0.5076 | Kendall@80: 0.3614
Epoch 35/150 | Train Loss: 0.0433 | Epoch Time: 0.47s | Spearman@80: 0.4331 | Kendall@80: 0.2980
Epoch 36/150 | Train Loss: 0.0273 | Epoch Time: 0.47s | Spearman@80: 0.4640 | Kendall@80: 0.3139
Epoch 37/150 | Train Loss: 0.0279 | Epoch Time: 0.46s | Spearman@80: 0.4436 | Kendall@80: 0.3094
Epoch 38/150 | Train Loss: 0.0232 | Epoch Time: 0.47s | Spearman@80: 0.4156 | Kendall@80: 0.2847
Epoch 39/150 | Train Loss: 0.0363 | Epoch Time: 0.47s | Spearman@80: 0.4976 | Kendall@80: 0.3392
Epoch 40/150 | Train Loss: 0.0246 | Epoch Time: 0.46s | Spearman@80: 0.4349 | Kendall@80: 0.3056
Epoch 41/150 | Train Loss: 0.0374 | Epoch Time: 0.47s | Spearman@80: 0.4290 | Kendall@80: 0.2847
Epoch 42/150 | Train Loss: 0.0347 | Epoch Time: 0.47s | Spearman@80: 0.4785 | Kendall@80: 0.3303
Epoch 43/150 | Train Loss: 0.0283 | Epoch Time: 0.47s | Spearman@80: 0.4895 | Kendall@80: 0.3398
Epoch 44/150 | Train Loss: 0.0281 | Epoch Time: 0.46s | Spearman@80: 0.4747 | Kendall@80: 0.3139
Epoch 45/150 | Train Loss: 0.0329 | Epoch Time: 0.46s | Spearman@80: 0.4129 | Kendall@80: 0.2892
Epoch 46/150 | Train Loss: 0.0291 | Epoch Time: 0.47s | Spearman@80: 0.4121 | Kendall@80: 0.2835
Epoch 47/150 | Train Loss: 0.0270 | Epoch Time: 0.46s | Spearman@80: 0.4093 | Kendall@80: 0.2790
Epoch 48/150 | Train Loss: 0.0281 | Epoch Time: 0.46s | Spearman@80: 0.3890 | Kendall@80: 0.2625
Epoch 49/150 | Train Loss: 0.0294 | Epoch Time: 0.45s | Spearman@80: 0.3968 | Kendall@80: 0.2746
Epoch 50/150 | Train Loss: 0.0245 | Epoch Time: 0.46s | Spearman@80: 0.3520 | Kendall@80: 0.2461
Epoch 51/150 | Train Loss: 0.0328 | Epoch Time: 0.45s | Spearman@80: 0.5001 | Kendall@80: 0.3506
Epoch 52/150 | Train Loss: 0.0307 | Epoch Time: 0.46s | Spearman@80: 0.4623 | Kendall@80: 0.3063
Epoch 53/150 | Train Loss: 0.0218 | Epoch Time: 0.47s | Spearman@80: 0.4034 | Kendall@80: 0.2676
Epoch 54/150 | Train Loss: 0.0276 | Epoch Time: 0.46s | Spearman@80: 0.3602 | Kendall@80: 0.2366
Epoch 55/150 | Train Loss: 0.0259 | Epoch Time: 0.47s | Spearman@80: 0.4300 | Kendall@80: 0.2771
Epoch 56/150 | Train Loss: 0.0276 | Epoch Time: 0.47s | Spearman@80: 0.3658 | Kendall@80: 0.2283
Epoch 57/150 | Train Loss: 0.0276 | Epoch Time: 0.46s | Spearman@80: 0.3441 | Kendall@80: 0.2372
Epoch 58/150 | Train Loss: 0.0344 | Epoch Time: 0.47s | Spearman@80: 0.4614 | Kendall@80: 0.3189
Epoch 59/150 | Train Loss: 0.0254 | Epoch Time: 0.47s | Spearman@80: 0.3605 | Kendall@80: 0.2467
Epoch 60/150 | Train Loss: 0.0252 | Epoch Time: 0.46s | Spearman@80: 0.4038 | Kendall@80: 0.2822
Epoch 61/150 | Train Loss: 0.0252 | Epoch Time: 0.47s | Spearman@80: 0.4445 | Kendall@80: 0.3025
Epoch 62/150 | Train Loss: 0.0262 | Epoch Time: 0.45s | Spearman@80: 0.4344 | Kendall@80: 0.3082
Epoch 63/150 | Train Loss: 0.0232 | Epoch Time: 0.47s | Spearman@80: 0.4575 | Kendall@80: 0.3202
Epoch 64/150 | Train Loss: 0.0217 | Epoch Time: 0.46s | Spearman@80: 0.4602 | Kendall@80: 0.3037
Epoch 65/150 | Train Loss: 0.0292 | Epoch Time: 0.47s | Spearman@80: 0.4190 | Kendall@80: 0.2733
Epoch 66/150 | Train Loss: 0.0138 | Epoch Time: 0.47s | Spearman@80: 0.3501 | Kendall@80: 0.2252
Epoch 67/150 | Train Loss: 0.0236 | Epoch Time: 0.46s | Spearman@80: 0.3289 | Kendall@80: 0.2125
Epoch 68/150 | Train Loss: 0.0314 | Epoch Time: 0.47s | Spearman@80: 0.3956 | Kendall@80: 0.2587
Epoch 69/150 | Train Loss: 0.0203 | Epoch Time: 0.47s | Spearman@80: 0.3769 | Kendall@80: 0.2581
Epoch 70/150 | Train Loss: 0.0177 | Epoch Time: 0.46s | Spearman@80: 0.4255 | Kendall@80: 0.2904
Epoch 71/150 | Train Loss: 0.0277 | Epoch Time: 0.46s | Spearman@80: 0.3916 | Kendall@80: 0.2632
Epoch 72/150 | Train Loss: 0.0241 | Epoch Time: 0.46s | Spearman@80: 0.4168 | Kendall@80: 0.2866
Epoch 73/150 | Train Loss: 0.0179 | Epoch Time: 0.45s | Spearman@80: 0.3616 | Kendall@80: 0.2486
Epoch 74/150 | Train Loss: 0.0184 | Epoch Time: 0.46s | Spearman@80: 0.3270 | Kendall@80: 0.2207
Epoch 75/150 | Train Loss: 0.0200 | Epoch Time: 0.47s | Spearman@80: 0.4380 | Kendall@80: 0.2923
Epoch 76/150 | Train Loss: 0.0249 | Epoch Time: 0.47s | Spearman@80: 0.4587 | Kendall@80: 0.3126
Epoch 77/150 | Train Loss: 0.0262 | Epoch Time: 0.45s | Spearman@80: 0.4054 | Kendall@80: 0.2638
Epoch 78/150 | Train Loss: 0.0177 | Epoch Time: 0.45s | Spearman@80: 0.3319 | Kendall@80: 0.2277
Epoch 79/150 | Train Loss: 0.0192 | Epoch Time: 0.46s | Spearman@80: 0.3519 | Kendall@80: 0.2328
Epoch 80/150 | Train Loss: 0.0238 | Epoch Time: 0.46s | Spearman@80: 0.4252 | Kendall@80: 0.2860
Epoch 81/150 | Train Loss: 0.0196 | Epoch Time: 0.45s | Spearman@80: 0.4174 | Kendall@80: 0.2803
Epoch 82/150 | Train Loss: 0.0215 | Epoch Time: 0.46s | Spearman@80: 0.3353 | Kendall@80: 0.2207
Epoch 83/150 | Train Loss: 0.0145 | Epoch Time: 0.45s | Spearman@80: 0.3900 | Kendall@80: 0.2587
Epoch 84/150 | Train Loss: 0.0144 | Epoch Time: 0.46s | Spearman@80: 0.4131 | Kendall@80: 0.2822
Epoch 85/150 | Train Loss: 0.0140 | Epoch Time: 0.46s | Spearman@80: 0.4184 | Kendall@80: 0.2847
Epoch 86/150 | Train Loss: 0.0190 | Epoch Time: 0.46s | Spearman@80: 0.3907 | Kendall@80: 0.2619
Epoch 87/150 | Train Loss: 0.0106 | Epoch Time: 0.45s | Spearman@80: 0.4425 | Kendall@80: 0.2930
Epoch 88/150 | Train Loss: 0.0203 | Epoch Time: 0.46s | Spearman@80: 0.4248 | Kendall@80: 0.2879
Epoch 89/150 | Train Loss: 0.0172 | Epoch Time: 0.45s | Spearman@80: 0.3683 | Kendall@80: 0.2473
Epoch 90/150 | Train Loss: 0.0134 | Epoch Time: 0.45s | Spearman@80: 0.3787 | Kendall@80: 0.2619
Epoch 91/150 | Train Loss: 0.0127 | Epoch Time: 0.46s | Spearman@80: 0.4297 | Kendall@80: 0.2828
Epoch 92/150 | Train Loss: 0.0160 | Epoch Time: 0.46s | Spearman@80: 0.4218 | Kendall@80: 0.2822
Epoch 93/150 | Train Loss: 0.0166 | Epoch Time: 0.45s | Spearman@80: 0.3679 | Kendall@80: 0.2480
Epoch 94/150 | Train Loss: 0.0134 | Epoch Time: 0.46s | Spearman@80: 0.4075 | Kendall@80: 0.2708
Epoch 95/150 | Train Loss: 0.0126 | Epoch Time: 0.48s | Spearman@80: 0.4079 | Kendall@80: 0.2746
Epoch 96/150 | Train Loss: 0.0187 | Epoch Time: 0.47s | Spearman@80: 0.3967 | Kendall@80: 0.2657
Epoch 97/150 | Train Loss: 0.0148 | Epoch Time: 0.47s | Spearman@80: 0.4419 | Kendall@80: 0.2980
Epoch 98/150 | Train Loss: 0.0187 | Epoch Time: 0.48s | Spearman@80: 0.3976 | Kendall@80: 0.2721
Epoch 99/150 | Train Loss: 0.0141 | Epoch Time: 0.47s | Spearman@80: 0.4009 | Kendall@80: 0.2740
Epoch 100/150 | Train Loss: 0.0158 | Epoch Time: 0.48s | Spearman@80: 0.4408 | Kendall@80: 0.2999
Epoch 101/150 | Train Loss: 0.0184 | Epoch Time: 0.48s | Spearman@80: 0.4458 | Kendall@80: 0.2968
Epoch 102/150 | Train Loss: 0.0174 | Epoch Time: 0.48s | Spearman@80: 0.4233 | Kendall@80: 0.2828
Epoch 103/150 | Train Loss: 0.0089 | Epoch Time: 0.47s | Spearman@80: 0.4126 | Kendall@80: 0.2809
Epoch 104/150 | Train Loss: 0.0116 | Epoch Time: 0.46s | Spearman@80: 0.4010 | Kendall@80: 0.2740
Epoch 105/150 | Train Loss: 0.0096 | Epoch Time: 0.45s | Spearman@80: 0.4200 | Kendall@80: 0.2784
Epoch 106/150 | Train Loss: 0.0132 | Epoch Time: 0.47s | Spearman@80: 0.4256 | Kendall@80: 0.2822
Epoch 107/150 | Train Loss: 0.0106 | Epoch Time: 0.46s | Spearman@80: 0.4334 | Kendall@80: 0.2911
Epoch 108/150 | Train Loss: 0.0128 | Epoch Time: 0.45s | Spearman@80: 0.4290 | Kendall@80: 0.2860
Epoch 109/150 | Train Loss: 0.0122 | Epoch Time: 0.45s | Spearman@80: 0.4226 | Kendall@80: 0.2816
Epoch 110/150 | Train Loss: 0.0179 | Epoch Time: 0.47s | Spearman@80: 0.4241 | Kendall@80: 0.2746
Epoch 111/150 | Train Loss: 0.0115 | Epoch Time: 0.45s | Spearman@80: 0.3831 | Kendall@80: 0.2581
Epoch 112/150 | Train Loss: 0.0155 | Epoch Time: 0.47s | Spearman@80: 0.4008 | Kendall@80: 0.2695
Epoch 113/150 | Train Loss: 0.0147 | Epoch Time: 0.47s | Spearman@80: 0.4126 | Kendall@80: 0.2816
Epoch 114/150 | Train Loss: 0.0151 | Epoch Time: 0.48s | Spearman@80: 0.4077 | Kendall@80: 0.2689
Epoch 115/150 | Train Loss: 0.0144 | Epoch Time: 0.52s | Spearman@80: 0.4081 | Kendall@80: 0.2721
Epoch 116/150 | Train Loss: 0.0123 | Epoch Time: 0.52s | Spearman@80: 0.4092 | Kendall@80: 0.2733
Epoch 117/150 | Train Loss: 0.0111 | Epoch Time: 0.53s | Spearman@80: 0.3990 | Kendall@80: 0.2689
Epoch 118/150 | Train Loss: 0.0101 | Epoch Time: 0.52s | Spearman@80: 0.3947 | Kendall@80: 0.2625
Epoch 119/150 | Train Loss: 0.0108 | Epoch Time: 0.52s | Spearman@80: 0.4036 | Kendall@80: 0.2683
Epoch 120/150 | Train Loss: 0.0108 | Epoch Time: 0.51s | Spearman@80: 0.4064 | Kendall@80: 0.2695
Epoch 121/150 | Train Loss: 0.0092 | Epoch Time: 0.52s | Spearman@80: 0.4093 | Kendall@80: 0.2727
Epoch 122/150 | Train Loss: 0.0135 | Epoch Time: 0.52s | Spearman@80: 0.4030 | Kendall@80: 0.2676
Epoch 123/150 | Train Loss: 0.0087 | Epoch Time: 0.52s | Spearman@80: 0.3966 | Kendall@80: 0.2644
Epoch 124/150 | Train Loss: 0.0133 | Epoch Time: 0.52s | Spearman@80: 0.3879 | Kendall@80: 0.2587
Epoch 125/150 | Train Loss: 0.0078 | Epoch Time: 0.52s | Spearman@80: 0.3855 | Kendall@80: 0.2568
Epoch 126/150 | Train Loss: 0.0130 | Epoch Time: 0.52s | Spearman@80: 0.3922 | Kendall@80: 0.2638
Epoch 127/150 | Train Loss: 0.0101 | Epoch Time: 0.51s | Spearman@80: 0.3971 | Kendall@80: 0.2638
Epoch 128/150 | Train Loss: 0.0073 | Epoch Time: 0.52s | Spearman@80: 0.3968 | Kendall@80: 0.2632
Epoch 129/150 | Train Loss: 0.0137 | Epoch Time: 0.52s | Spearman@80: 0.3963 | Kendall@80: 0.2606
Epoch 130/150 | Train Loss: 0.0119 | Epoch Time: 0.52s | Spearman@80: 0.3984 | Kendall@80: 0.2625
Epoch 131/150 | Train Loss: 0.0108 | Epoch Time: 0.52s | Spearman@80: 0.4048 | Kendall@80: 0.2676
Epoch 132/150 | Train Loss: 0.0111 | Epoch Time: 0.53s | Spearman@80: 0.3973 | Kendall@80: 0.2625
Epoch 133/150 | Train Loss: 0.0114 | Epoch Time: 0.52s | Spearman@80: 0.4032 | Kendall@80: 0.2657
Epoch 134/150 | Train Loss: 0.0091 | Epoch Time: 0.52s | Spearman@80: 0.3998 | Kendall@80: 0.2664
Epoch 135/150 | Train Loss: 0.0079 | Epoch Time: 0.52s | Spearman@80: 0.4008 | Kendall@80: 0.2651
Epoch 136/150 | Train Loss: 0.0094 | Epoch Time: 0.54s | Spearman@80: 0.4063 | Kendall@80: 0.2695
Epoch 137/150 | Train Loss: 0.0061 | Epoch Time: 0.52s | Spearman@80: 0.4091 | Kendall@80: 0.2727
Epoch 138/150 | Train Loss: 0.0097 | Epoch Time: 0.53s | Spearman@80: 0.4033 | Kendall@80: 0.2676
Epoch 139/150 | Train Loss: 0.0139 | Epoch Time: 0.52s | Spearman@80: 0.3992 | Kendall@80: 0.2644
Epoch 140/150 | Train Loss: 0.0084 | Epoch Time: 0.52s | Spearman@80: 0.4092 | Kendall@80: 0.2733
Epoch 141/150 | Train Loss: 0.0094 | Epoch Time: 0.52s | Spearman@80: 0.4056 | Kendall@80: 0.2689
Epoch 142/150 | Train Loss: 0.0131 | Epoch Time: 0.52s | Spearman@80: 0.4094 | Kendall@80: 0.2708
Epoch 143/150 | Train Loss: 0.0119 | Epoch Time: 0.52s | Spearman@80: 0.4094 | Kendall@80: 0.2702
Epoch 144/150 | Train Loss: 0.0089 | Epoch Time: 0.52s | Spearman@80: 0.4109 | Kendall@80: 0.2733
Epoch 145/150 | Train Loss: 0.0108 | Epoch Time: 0.52s | Spearman@80: 0.4131 | Kendall@80: 0.2727
Epoch 146/150 | Train Loss: 0.0073 | Epoch Time: 0.52s | Spearman@80: 0.4107 | Kendall@80: 0.2721
Epoch 147/150 | Train Loss: 0.0081 | Epoch Time: 1.57s | Spearman@4934: 0.3971 | Kendall@4934: 0.2709
Epoch 148/150 | Train Loss: 0.0087 | Epoch Time: 1.41s | Spearman@4934: 0.3970 | Kendall@4934: 0.2708
Epoch 149/150 | Train Loss: 0.0072 | Epoch Time: 1.43s | Spearman@4934: 0.3972 | Kendall@4934: 0.2710
Epoch 150/150 | Train Loss: 0.0139 | Epoch Time: 1.44s | Spearman@4934: 0.3976 | Kendall@4934: 0.2713
Sample Count: 64, Spearman: 0.39722296456046374, Kendall: 0.27103931252341507
{64: (0.39722296456046374, 0.27103931252341507)}
Epoch 1/150 | Train Loss: 0.0985 | Epoch Time: 0.91s | Spearman@80: 0.2812 | Kendall@80: 0.2013
Epoch 2/150 | Train Loss: 0.0878 | Epoch Time: 0.91s | Spearman@80: 0.3631 | Kendall@80: 0.2565
Epoch 3/150 | Train Loss: 0.0741 | Epoch Time: 0.92s | Spearman@80: 0.4171 | Kendall@80: 0.2894
Epoch 4/150 | Train Loss: 0.0625 | Epoch Time: 0.92s | Spearman@80: 0.4987 | Kendall@80: 0.3535
Epoch 5/150 | Train Loss: 0.0731 | Epoch Time: 0.91s | Spearman@80: 0.5653 | Kendall@80: 0.4080
Epoch 6/150 | Train Loss: 0.0654 | Epoch Time: 0.90s | Spearman@80: 0.5381 | Kendall@80: 0.3826
Epoch 7/150 | Train Loss: 0.0590 | Epoch Time: 0.92s | Spearman@80: 0.5650 | Kendall@80: 0.4036
Epoch 8/150 | Train Loss: 0.0640 | Epoch Time: 0.92s | Spearman@80: 0.5557 | Kendall@80: 0.4042
Epoch 9/150 | Train Loss: 0.0656 | Epoch Time: 1.01s | Spearman@80: 0.5975 | Kendall@80: 0.4118
Epoch 10/150 | Train Loss: 0.0633 | Epoch Time: 1.03s | Spearman@80: 0.6473 | Kendall@80: 0.4568
Epoch 11/150 | Train Loss: 0.0564 | Epoch Time: 1.03s | Spearman@80: 0.5886 | Kendall@80: 0.4346
Epoch 12/150 | Train Loss: 0.0558 | Epoch Time: 1.03s | Spearman@80: 0.5904 | Kendall@80: 0.4340
Epoch 13/150 | Train Loss: 0.0572 | Epoch Time: 1.03s | Spearman@80: 0.6445 | Kendall@80: 0.4708
Epoch 14/150 | Train Loss: 0.0564 | Epoch Time: 1.03s | Spearman@80: 0.6038 | Kendall@80: 0.4308
Epoch 15/150 | Train Loss: 0.0472 | Epoch Time: 1.02s | Spearman@80: 0.6267 | Kendall@80: 0.4568
Epoch 16/150 | Train Loss: 0.0616 | Epoch Time: 1.03s | Spearman@80: 0.5673 | Kendall@80: 0.3858
Epoch 17/150 | Train Loss: 0.0587 | Epoch Time: 1.03s | Spearman@80: 0.6183 | Kendall@80: 0.4467
Epoch 18/150 | Train Loss: 0.0586 | Epoch Time: 1.03s | Spearman@80: 0.6218 | Kendall@80: 0.4511
Epoch 19/150 | Train Loss: 0.0547 | Epoch Time: 1.03s | Spearman@80: 0.6299 | Kendall@80: 0.4568
Epoch 20/150 | Train Loss: 0.0487 | Epoch Time: 1.04s | Spearman@80: 0.6480 | Kendall@80: 0.4568
Epoch 21/150 | Train Loss: 0.0593 | Epoch Time: 1.03s | Spearman@80: 0.6267 | Kendall@80: 0.4517
Epoch 22/150 | Train Loss: 0.0542 | Epoch Time: 1.03s | Spearman@80: 0.5404 | Kendall@80: 0.3820
Epoch 23/150 | Train Loss: 0.0594 | Epoch Time: 1.03s | Spearman@80: 0.6592 | Kendall@80: 0.4758
Epoch 24/150 | Train Loss: 0.0535 | Epoch Time: 1.03s | Spearman@80: 0.5622 | Kendall@80: 0.4099
Epoch 25/150 | Train Loss: 0.0573 | Epoch Time: 1.02s | Spearman@80: 0.6212 | Kendall@80: 0.4460
Epoch 26/150 | Train Loss: 0.0510 | Epoch Time: 1.02s | Spearman@80: 0.6553 | Kendall@80: 0.4701
Epoch 27/150 | Train Loss: 0.0493 | Epoch Time: 1.01s | Spearman@80: 0.6645 | Kendall@80: 0.4771
Epoch 28/150 | Train Loss: 0.0478 | Epoch Time: 1.02s | Spearman@80: 0.5964 | Kendall@80: 0.4378
Epoch 29/150 | Train Loss: 0.0444 | Epoch Time: 1.02s | Spearman@80: 0.6925 | Kendall@80: 0.5037
Epoch 30/150 | Train Loss: 0.0467 | Epoch Time: 1.02s | Spearman@80: 0.6006 | Kendall@80: 0.4169
Epoch 31/150 | Train Loss: 0.0545 | Epoch Time: 1.02s | Spearman@80: 0.6526 | Kendall@80: 0.4644
Epoch 32/150 | Train Loss: 0.0463 | Epoch Time: 1.03s | Spearman@80: 0.6633 | Kendall@80: 0.4714
Epoch 33/150 | Train Loss: 0.0465 | Epoch Time: 1.02s | Spearman@80: 0.6112 | Kendall@80: 0.4397
Epoch 34/150 | Train Loss: 0.0488 | Epoch Time: 1.06s | Spearman@80: 0.5950 | Kendall@80: 0.4295
Epoch 35/150 | Train Loss: 0.0541 | Epoch Time: 1.05s | Spearman@80: 0.6354 | Kendall@80: 0.4651
Epoch 36/150 | Train Loss: 0.0497 | Epoch Time: 1.07s | Spearman@80: 0.6531 | Kendall@80: 0.4606
Epoch 37/150 | Train Loss: 0.0447 | Epoch Time: 1.06s | Spearman@80: 0.6857 | Kendall@80: 0.4866
Epoch 38/150 | Train Loss: 0.0463 | Epoch Time: 1.04s | Spearman@80: 0.6505 | Kendall@80: 0.4746
Epoch 39/150 | Train Loss: 0.0436 | Epoch Time: 1.04s | Spearman@80: 0.6379 | Kendall@80: 0.4486
Epoch 40/150 | Train Loss: 0.0515 | Epoch Time: 1.03s | Spearman@80: 0.6326 | Kendall@80: 0.4530
Epoch 41/150 | Train Loss: 0.0415 | Epoch Time: 1.03s | Spearman@80: 0.5643 | Kendall@80: 0.4042
Epoch 42/150 | Train Loss: 0.0432 | Epoch Time: 1.03s | Spearman@80: 0.6125 | Kendall@80: 0.4333
Epoch 43/150 | Train Loss: 0.0476 | Epoch Time: 1.03s | Spearman@80: 0.6239 | Kendall@80: 0.4530
Epoch 44/150 | Train Loss: 0.0473 | Epoch Time: 1.03s | Spearman@80: 0.5872 | Kendall@80: 0.4074
Epoch 45/150 | Train Loss: 0.0455 | Epoch Time: 1.03s | Spearman@80: 0.6186 | Kendall@80: 0.4498
Epoch 46/150 | Train Loss: 0.0404 | Epoch Time: 1.02s | Spearman@80: 0.6147 | Kendall@80: 0.4327
Epoch 47/150 | Train Loss: 0.0348 | Epoch Time: 1.02s | Spearman@80: 0.5936 | Kendall@80: 0.4226
Epoch 48/150 | Train Loss: 0.0428 | Epoch Time: 1.03s | Spearman@80: 0.5809 | Kendall@80: 0.4131
Epoch 49/150 | Train Loss: 0.0521 | Epoch Time: 1.02s | Spearman@80: 0.5314 | Kendall@80: 0.3750
Epoch 50/150 | Train Loss: 0.0413 | Epoch Time: 1.03s | Spearman@80: 0.5701 | Kendall@80: 0.4074
Epoch 51/150 | Train Loss: 0.0455 | Epoch Time: 1.03s | Spearman@80: 0.5747 | Kendall@80: 0.4162
Epoch 52/150 | Train Loss: 0.0420 | Epoch Time: 1.02s | Spearman@80: 0.5771 | Kendall@80: 0.4188
Epoch 53/150 | Train Loss: 0.0404 | Epoch Time: 1.05s | Spearman@80: 0.6068 | Kendall@80: 0.4429
Epoch 54/150 | Train Loss: 0.0445 | Epoch Time: 1.03s | Spearman@80: 0.5967 | Kendall@80: 0.4207
Epoch 55/150 | Train Loss: 0.0416 | Epoch Time: 1.02s | Spearman@80: 0.5597 | Kendall@80: 0.4004
Epoch 56/150 | Train Loss: 0.0414 | Epoch Time: 1.03s | Spearman@80: 0.5684 | Kendall@80: 0.3991
Epoch 57/150 | Train Loss: 0.0435 | Epoch Time: 1.03s | Spearman@80: 0.6261 | Kendall@80: 0.4568
Epoch 58/150 | Train Loss: 0.0394 | Epoch Time: 1.03s | Spearman@80: 0.5920 | Kendall@80: 0.4257
Epoch 59/150 | Train Loss: 0.0359 | Epoch Time: 1.02s | Spearman@80: 0.6239 | Kendall@80: 0.4492
Epoch 60/150 | Train Loss: 0.0358 | Epoch Time: 1.03s | Spearman@80: 0.5929 | Kendall@80: 0.4200
Epoch 61/150 | Train Loss: 0.0329 | Epoch Time: 1.04s | Spearman@80: 0.5727 | Kendall@80: 0.4048
Epoch 62/150 | Train Loss: 0.0357 | Epoch Time: 1.02s | Spearman@80: 0.5696 | Kendall@80: 0.3953
Epoch 63/150 | Train Loss: 0.0356 | Epoch Time: 1.02s | Spearman@80: 0.5233 | Kendall@80: 0.3668
Epoch 64/150 | Train Loss: 0.0352 | Epoch Time: 1.04s | Spearman@80: 0.5408 | Kendall@80: 0.3864
Epoch 65/150 | Train Loss: 0.0352 | Epoch Time: 1.04s | Spearman@80: 0.5587 | Kendall@80: 0.3915
Epoch 66/150 | Train Loss: 0.0335 | Epoch Time: 1.04s | Spearman@80: 0.5253 | Kendall@80: 0.3807
Epoch 67/150 | Train Loss: 0.0328 | Epoch Time: 1.04s | Spearman@80: 0.5019 | Kendall@80: 0.3585
Epoch 68/150 | Train Loss: 0.0372 | Epoch Time: 1.06s | Spearman@80: 0.5716 | Kendall@80: 0.4112
Epoch 69/150 | Train Loss: 0.0334 | Epoch Time: 1.04s | Spearman@80: 0.5879 | Kendall@80: 0.4118
Epoch 70/150 | Train Loss: 0.0317 | Epoch Time: 1.05s | Spearman@80: 0.5856 | Kendall@80: 0.4131
Epoch 71/150 | Train Loss: 0.0308 | Epoch Time: 1.02s | Spearman@80: 0.6014 | Kendall@80: 0.4283
Epoch 72/150 | Train Loss: 0.0340 | Epoch Time: 1.02s | Spearman@80: 0.5738 | Kendall@80: 0.4099
Epoch 73/150 | Train Loss: 0.0349 | Epoch Time: 1.02s | Spearman@80: 0.5905 | Kendall@80: 0.4257
Epoch 74/150 | Train Loss: 0.0353 | Epoch Time: 1.02s | Spearman@80: 0.5331 | Kendall@80: 0.3782
Epoch 75/150 | Train Loss: 0.0378 | Epoch Time: 1.02s | Spearman@80: 0.5802 | Kendall@80: 0.4169
Epoch 76/150 | Train Loss: 0.0345 | Epoch Time: 1.02s | Spearman@80: 0.6077 | Kendall@80: 0.4289
Epoch 77/150 | Train Loss: 0.0331 | Epoch Time: 1.02s | Spearman@80: 0.5720 | Kendall@80: 0.4080
Epoch 78/150 | Train Loss: 0.0342 | Epoch Time: 1.02s | Spearman@80: 0.5880 | Kendall@80: 0.4137
Epoch 79/150 | Train Loss: 0.0308 | Epoch Time: 1.01s | Spearman@80: 0.5832 | Kendall@80: 0.4194
Epoch 80/150 | Train Loss: 0.0402 | Epoch Time: 1.02s | Spearman@80: 0.5543 | Kendall@80: 0.3928
Epoch 81/150 | Train Loss: 0.0299 | Epoch Time: 1.02s | Spearman@80: 0.6160 | Kendall@80: 0.4460
Epoch 82/150 | Train Loss: 0.0312 | Epoch Time: 1.01s | Spearman@80: 0.6414 | Kendall@80: 0.4568
Epoch 83/150 | Train Loss: 0.0338 | Epoch Time: 1.01s | Spearman@80: 0.6473 | Kendall@80: 0.4625
Epoch 84/150 | Train Loss: 0.0317 | Epoch Time: 1.02s | Spearman@80: 0.5973 | Kendall@80: 0.4257
Epoch 85/150 | Train Loss: 0.0348 | Epoch Time: 1.02s | Spearman@80: 0.5803 | Kendall@80: 0.4131
Epoch 86/150 | Train Loss: 0.0331 | Epoch Time: 1.01s | Spearman@80: 0.5498 | Kendall@80: 0.3909
Epoch 87/150 | Train Loss: 0.0320 | Epoch Time: 1.01s | Spearman@80: 0.6407 | Kendall@80: 0.4644
Epoch 88/150 | Train Loss: 0.0273 | Epoch Time: 1.01s | Spearman@80: 0.6014 | Kendall@80: 0.4264
Epoch 89/150 | Train Loss: 0.0291 | Epoch Time: 1.01s | Spearman@80: 0.5532 | Kendall@80: 0.3934
Epoch 90/150 | Train Loss: 0.0258 | Epoch Time: 1.03s | Spearman@80: 0.5798 | Kendall@80: 0.4238
Epoch 91/150 | Train Loss: 0.0234 | Epoch Time: 1.02s | Spearman@80: 0.5632 | Kendall@80: 0.4099
Epoch 92/150 | Train Loss: 0.0327 | Epoch Time: 1.02s | Spearman@80: 0.5634 | Kendall@80: 0.4048
Epoch 93/150 | Train Loss: 0.0261 | Epoch Time: 1.02s | Spearman@80: 0.5647 | Kendall@80: 0.4016
Epoch 94/150 | Train Loss: 0.0275 | Epoch Time: 1.02s | Spearman@80: 0.5825 | Kendall@80: 0.4213
Epoch 95/150 | Train Loss: 0.0296 | Epoch Time: 1.03s | Spearman@80: 0.5585 | Kendall@80: 0.3997
Epoch 96/150 | Train Loss: 0.0233 | Epoch Time: 1.02s | Spearman@80: 0.5715 | Kendall@80: 0.4169
Epoch 97/150 | Train Loss: 0.0261 | Epoch Time: 1.05s | Spearman@80: 0.5623 | Kendall@80: 0.4086
Epoch 98/150 | Train Loss: 0.0236 | Epoch Time: 1.05s | Spearman@80: 0.5656 | Kendall@80: 0.4074
Epoch 99/150 | Train Loss: 0.0260 | Epoch Time: 1.06s | Spearman@80: 0.5697 | Kendall@80: 0.4055
Epoch 100/150 | Train Loss: 0.0236 | Epoch Time: 1.05s | Spearman@80: 0.5690 | Kendall@80: 0.4055
Epoch 101/150 | Train Loss: 0.0293 | Epoch Time: 1.03s | Spearman@80: 0.5742 | Kendall@80: 0.4112
Epoch 102/150 | Train Loss: 0.0278 | Epoch Time: 1.02s | Spearman@80: 0.5733 | Kendall@80: 0.4029
Epoch 103/150 | Train Loss: 0.0251 | Epoch Time: 1.01s | Spearman@80: 0.5574 | Kendall@80: 0.4016
Epoch 104/150 | Train Loss: 0.0306 | Epoch Time: 1.02s | Spearman@80: 0.5421 | Kendall@80: 0.3807
Epoch 105/150 | Train Loss: 0.0246 | Epoch Time: 1.02s | Spearman@80: 0.5656 | Kendall@80: 0.4023
Epoch 106/150 | Train Loss: 0.0278 | Epoch Time: 1.02s | Spearman@80: 0.5491 | Kendall@80: 0.3902
Epoch 107/150 | Train Loss: 0.0219 | Epoch Time: 1.02s | Spearman@80: 0.5743 | Kendall@80: 0.4093
Epoch 108/150 | Train Loss: 0.0260 | Epoch Time: 1.02s | Spearman@80: 0.5348 | Kendall@80: 0.3845
Epoch 109/150 | Train Loss: 0.0276 | Epoch Time: 1.02s | Spearman@80: 0.5679 | Kendall@80: 0.3997
Epoch 110/150 | Train Loss: 0.0206 | Epoch Time: 1.03s | Spearman@80: 0.5641 | Kendall@80: 0.4010
Epoch 111/150 | Train Loss: 0.0241 | Epoch Time: 1.03s | Spearman@80: 0.5825 | Kendall@80: 0.4169
Epoch 112/150 | Train Loss: 0.0330 | Epoch Time: 1.03s | Spearman@80: 0.5972 | Kendall@80: 0.4314
Epoch 113/150 | Train Loss: 0.0257 | Epoch Time: 1.03s | Spearman@80: 0.5585 | Kendall@80: 0.4010
Epoch 114/150 | Train Loss: 0.0296 | Epoch Time: 1.03s | Spearman@80: 0.5245 | Kendall@80: 0.3769
Epoch 115/150 | Train Loss: 0.0241 | Epoch Time: 1.03s | Spearman@80: 0.5507 | Kendall@80: 0.3953
Epoch 116/150 | Train Loss: 0.0249 | Epoch Time: 1.03s | Spearman@80: 0.5764 | Kendall@80: 0.4137
Epoch 117/150 | Train Loss: 0.0244 | Epoch Time: 1.03s | Spearman@80: 0.5536 | Kendall@80: 0.3877
Epoch 118/150 | Train Loss: 0.0244 | Epoch Time: 1.03s | Spearman@80: 0.5749 | Kendall@80: 0.4118
Epoch 119/150 | Train Loss: 0.0228 | Epoch Time: 1.04s | Spearman@80: 0.5666 | Kendall@80: 0.4118
Epoch 120/150 | Train Loss: 0.0216 | Epoch Time: 1.03s | Spearman@80: 0.5761 | Kendall@80: 0.4131
Epoch 121/150 | Train Loss: 0.0250 | Epoch Time: 1.04s | Spearman@80: 0.5673 | Kendall@80: 0.4067
Epoch 122/150 | Train Loss: 0.0222 | Epoch Time: 1.04s | Spearman@80: 0.5561 | Kendall@80: 0.3959
Epoch 123/150 | Train Loss: 0.0221 | Epoch Time: 1.04s | Spearman@80: 0.5698 | Kendall@80: 0.4118
Epoch 124/150 | Train Loss: 0.0254 | Epoch Time: 1.03s | Spearman@80: 0.5745 | Kendall@80: 0.4131
Epoch 125/150 | Train Loss: 0.0216 | Epoch Time: 1.03s | Spearman@80: 0.5682 | Kendall@80: 0.4093
Epoch 126/150 | Train Loss: 0.0248 | Epoch Time: 1.03s | Spearman@80: 0.5670 | Kendall@80: 0.4086
Epoch 127/150 | Train Loss: 0.0243 | Epoch Time: 1.05s | Spearman@80: 0.5637 | Kendall@80: 0.4048
Epoch 128/150 | Train Loss: 0.0255 | Epoch Time: 1.03s | Spearman@80: 0.5550 | Kendall@80: 0.3940
Epoch 129/150 | Train Loss: 0.0216 | Epoch Time: 1.04s | Spearman@80: 0.5531 | Kendall@80: 0.3909
Epoch 130/150 | Train Loss: 0.0215 | Epoch Time: 1.03s | Spearman@80: 0.5651 | Kendall@80: 0.4029
Epoch 131/150 | Train Loss: 0.0228 | Epoch Time: 1.04s | Spearman@80: 0.5657 | Kendall@80: 0.4055
Epoch 132/150 | Train Loss: 0.0180 | Epoch Time: 1.03s | Spearman@80: 0.5577 | Kendall@80: 0.3959
Epoch 133/150 | Train Loss: 0.0192 | Epoch Time: 1.02s | Spearman@80: 0.5516 | Kendall@80: 0.3896
Epoch 134/150 | Train Loss: 0.0197 | Epoch Time: 1.02s | Spearman@80: 0.5693 | Kendall@80: 0.4061
Epoch 135/150 | Train Loss: 0.0223 | Epoch Time: 1.02s | Spearman@80: 0.5801 | Kendall@80: 0.4131
Epoch 136/150 | Train Loss: 0.0227 | Epoch Time: 1.02s | Spearman@80: 0.5735 | Kendall@80: 0.4093
Epoch 137/150 | Train Loss: 0.0232 | Epoch Time: 1.02s | Spearman@80: 0.5834 | Kendall@80: 0.4200
Epoch 138/150 | Train Loss: 0.0206 | Epoch Time: 1.02s | Spearman@80: 0.5705 | Kendall@80: 0.4093
Epoch 139/150 | Train Loss: 0.0205 | Epoch Time: 1.02s | Spearman@80: 0.5871 | Kendall@80: 0.4219
Epoch 140/150 | Train Loss: 0.0223 | Epoch Time: 1.03s | Spearman@80: 0.5762 | Kendall@80: 0.4150
Epoch 141/150 | Train Loss: 0.0196 | Epoch Time: 1.04s | Spearman@80: 0.5761 | Kendall@80: 0.4175
Epoch 142/150 | Train Loss: 0.0230 | Epoch Time: 1.02s | Spearman@80: 0.5870 | Kendall@80: 0.4238
Epoch 143/150 | Train Loss: 0.0223 | Epoch Time: 1.02s | Spearman@80: 0.5814 | Kendall@80: 0.4181
Epoch 144/150 | Train Loss: 0.0225 | Epoch Time: 1.02s | Spearman@80: 0.5775 | Kendall@80: 0.4156
Epoch 145/150 | Train Loss: 0.0199 | Epoch Time: 1.02s | Spearman@80: 0.5834 | Kendall@80: 0.4238
Epoch 146/150 | Train Loss: 0.0223 | Epoch Time: 1.02s | Spearman@80: 0.5741 | Kendall@80: 0.4137
Epoch 147/150 | Train Loss: 0.0265 | Epoch Time: 2.06s | Spearman@4870: 0.5343 | Kendall@4870: 0.3737
Epoch 148/150 | Train Loss: 0.0224 | Epoch Time: 1.88s | Spearman@4870: 0.5364 | Kendall@4870: 0.3756
Epoch 149/150 | Train Loss: 0.0182 | Epoch Time: 1.85s | Spearman@4870: 0.5430 | Kendall@4870: 0.3805
Epoch 150/150 | Train Loss: 0.0203 | Epoch Time: 1.85s | Spearman@4870: 0.5335 | Kendall@4870: 0.3733
Sample Count: 128, Spearman: 0.5368053976362515, Kendall: 0.37579314670236674
{64: (0.39722296456046374, 0.27103931252341507),
 128: (0.5368053976362515, 0.37579314670236674)}
Epoch 1/150 | Train Loss: 0.1008 | Epoch Time: 0.47s | Spearman@80: 0.2481 | Kendall@80: 0.1566
Epoch 2/150 | Train Loss: 0.0944 | Epoch Time: 0.47s | Spearman@80: 0.1873 | Kendall@80: 0.1243
Epoch 3/150 | Train Loss: 0.0784 | Epoch Time: 0.46s | Spearman@80: 0.1606 | Kendall@80: 0.1116
Epoch 4/150 | Train Loss: 0.0667 | Epoch Time: 0.47s | Spearman@80: 0.1541 | Kendall@80: 0.1015
Epoch 5/150 | Train Loss: 0.0623 | Epoch Time: 0.46s | Spearman@80: 0.3170 | Kendall@80: 0.2080
Epoch 6/150 | Train Loss: 0.0700 | Epoch Time: 0.46s | Spearman@80: 0.3400 | Kendall@80: 0.2169
Epoch 7/150 | Train Loss: 0.0732 | Epoch Time: 0.46s | Spearman@80: 0.3484 | Kendall@80: 0.2219
Epoch 8/150 | Train Loss: 0.0754 | Epoch Time: 0.46s | Spearman@80: 0.3038 | Kendall@80: 0.1947
Epoch 9/150 | Train Loss: 0.0620 | Epoch Time: 0.46s | Spearman@80: 0.1865 | Kendall@80: 0.1262
Epoch 10/150 | Train Loss: 0.0701 | Epoch Time: 0.48s | Spearman@80: 0.3002 | Kendall@80: 0.1978
Epoch 11/150 | Train Loss: 0.0652 | Epoch Time: 0.46s | Spearman@80: 0.2489 | Kendall@80: 0.1623
Epoch 12/150 | Train Loss: 0.0669 | Epoch Time: 0.47s | Spearman@80: 0.3485 | Kendall@80: 0.2276
Epoch 13/150 | Train Loss: 0.0609 | Epoch Time: 0.48s | Spearman@80: 0.2795 | Kendall@80: 0.1909
Epoch 14/150 | Train Loss: 0.0666 | Epoch Time: 0.49s | Spearman@80: 0.3437 | Kendall@80: 0.2238
Epoch 15/150 | Train Loss: 0.0595 | Epoch Time: 0.49s | Spearman@80: 0.3854 | Kendall@80: 0.2517
Epoch 16/150 | Train Loss: 0.0546 | Epoch Time: 0.47s | Spearman@80: 0.4403 | Kendall@80: 0.2866
Epoch 17/150 | Train Loss: 0.0554 | Epoch Time: 0.48s | Spearman@80: 0.3268 | Kendall@80: 0.2131
Epoch 18/150 | Train Loss: 0.0533 | Epoch Time: 0.50s | Spearman@80: 0.3767 | Kendall@80: 0.2359
Epoch 19/150 | Train Loss: 0.0540 | Epoch Time: 0.47s | Spearman@80: 0.3726 | Kendall@80: 0.2321
Epoch 20/150 | Train Loss: 0.0562 | Epoch Time: 0.49s | Spearman@80: 0.4193 | Kendall@80: 0.2695
Epoch 21/150 | Train Loss: 0.0472 | Epoch Time: 0.48s | Spearman@80: 0.4262 | Kendall@80: 0.2854
Epoch 22/150 | Train Loss: 0.0501 | Epoch Time: 0.47s | Spearman@80: 0.4431 | Kendall@80: 0.2968
Epoch 23/150 | Train Loss: 0.0528 | Epoch Time: 0.47s | Spearman@80: 0.4305 | Kendall@80: 0.2860
Epoch 24/150 | Train Loss: 0.0499 | Epoch Time: 0.46s | Spearman@80: 0.4679 | Kendall@80: 0.2974
Epoch 25/150 | Train Loss: 0.0479 | Epoch Time: 0.46s | Spearman@80: 0.4074 | Kendall@80: 0.2600
Epoch 26/150 | Train Loss: 0.0531 | Epoch Time: 0.47s | Spearman@80: 0.3767 | Kendall@80: 0.2403
Epoch 27/150 | Train Loss: 0.0503 | Epoch Time: 0.46s | Spearman@80: 0.3322 | Kendall@80: 0.2150
Epoch 28/150 | Train Loss: 0.0438 | Epoch Time: 0.47s | Spearman@80: 0.3868 | Kendall@80: 0.2460
Epoch 29/150 | Train Loss: 0.0440 | Epoch Time: 0.48s | Spearman@80: 0.4480 | Kendall@80: 0.2923
Epoch 30/150 | Train Loss: 0.0515 | Epoch Time: 0.46s | Spearman@80: 0.5127 | Kendall@80: 0.3316
Epoch 31/150 | Train Loss: 0.0527 | Epoch Time: 0.47s | Spearman@80: 0.3028 | Kendall@80: 0.1928
Epoch 32/150 | Train Loss: 0.0471 | Epoch Time: 0.47s | Spearman@80: 0.2788 | Kendall@80: 0.1782
Epoch 33/150 | Train Loss: 0.0448 | Epoch Time: 0.46s | Spearman@80: 0.4433 | Kendall@80: 0.2949
Epoch 34/150 | Train Loss: 0.0488 | Epoch Time: 0.46s | Spearman@80: 0.4157 | Kendall@80: 0.2689
Epoch 35/150 | Train Loss: 0.0449 | Epoch Time: 0.47s | Spearman@80: 0.4389 | Kendall@80: 0.2873
Epoch 36/150 | Train Loss: 0.0371 | Epoch Time: 0.46s | Spearman@80: 0.3655 | Kendall@80: 0.2270
Epoch 37/150 | Train Loss: 0.0351 | Epoch Time: 0.47s | Spearman@80: 0.3350 | Kendall@80: 0.2074
Epoch 38/150 | Train Loss: 0.0413 | Epoch Time: 0.47s | Spearman@80: 0.4648 | Kendall@80: 0.3107
Epoch 39/150 | Train Loss: 0.0432 | Epoch Time: 0.46s | Spearman@80: 0.3894 | Kendall@80: 0.2619
Epoch 40/150 | Train Loss: 0.0375 | Epoch Time: 0.46s | Spearman@80: 0.4247 | Kendall@80: 0.2746
Epoch 41/150 | Train Loss: 0.0387 | Epoch Time: 0.47s | Spearman@80: 0.4580 | Kendall@80: 0.2968
Epoch 42/150 | Train Loss: 0.0419 | Epoch Time: 0.46s | Spearman@80: 0.4872 | Kendall@80: 0.3171
Epoch 43/150 | Train Loss: 0.0316 | Epoch Time: 0.48s | Spearman@80: 0.4037 | Kendall@80: 0.2644
Epoch 44/150 | Train Loss: 0.0342 | Epoch Time: 0.47s | Spearman@80: 0.4801 | Kendall@80: 0.3202
Epoch 45/150 | Train Loss: 0.0474 | Epoch Time: 0.46s | Spearman@80: 0.5008 | Kendall@80: 0.3335
Epoch 46/150 | Train Loss: 0.0397 | Epoch Time: 0.46s | Spearman@80: 0.4118 | Kendall@80: 0.2752
Epoch 47/150 | Train Loss: 0.0352 | Epoch Time: 0.47s | Spearman@80: 0.3381 | Kendall@80: 0.2334
Epoch 48/150 | Train Loss: 0.0310 | Epoch Time: 0.46s | Spearman@80: 0.4905 | Kendall@80: 0.3304
Epoch 49/150 | Train Loss: 0.0360 | Epoch Time: 0.46s | Spearman@80: 0.5043 | Kendall@80: 0.3399
Epoch 50/150 | Train Loss: 0.0262 | Epoch Time: 0.46s | Spearman@80: 0.4196 | Kendall@80: 0.2860
Epoch 51/150 | Train Loss: 0.0242 | Epoch Time: 0.46s | Spearman@80: 0.3110 | Kendall@80: 0.2055
Epoch 52/150 | Train Loss: 0.0373 | Epoch Time: 0.46s | Spearman@80: 0.4660 | Kendall@80: 0.3120
Epoch 53/150 | Train Loss: 0.0327 | Epoch Time: 0.47s | Spearman@80: 0.3973 | Kendall@80: 0.2663
Epoch 54/150 | Train Loss: 0.0342 | Epoch Time: 0.46s | Spearman@80: 0.4437 | Kendall@80: 0.2961
Epoch 55/150 | Train Loss: 0.0360 | Epoch Time: 0.46s | Spearman@80: 0.4463 | Kendall@80: 0.2911
Epoch 56/150 | Train Loss: 0.0314 | Epoch Time: 0.46s | Spearman@80: 0.3352 | Kendall@80: 0.2181
Epoch 57/150 | Train Loss: 0.0381 | Epoch Time: 0.47s | Spearman@80: 0.3814 | Kendall@80: 0.2511
Epoch 58/150 | Train Loss: 0.0324 | Epoch Time: 0.46s | Spearman@80: 0.5102 | Kendall@80: 0.3386
Epoch 59/150 | Train Loss: 0.0296 | Epoch Time: 0.46s | Spearman@80: 0.4818 | Kendall@80: 0.3215
Epoch 60/150 | Train Loss: 0.0337 | Epoch Time: 0.46s | Spearman@80: 0.4184 | Kendall@80: 0.2815
Epoch 61/150 | Train Loss: 0.0299 | Epoch Time: 0.46s | Spearman@80: 0.4544 | Kendall@80: 0.3082
Epoch 62/150 | Train Loss: 0.0251 | Epoch Time: 0.46s | Spearman@80: 0.4485 | Kendall@80: 0.3018
Epoch 63/150 | Train Loss: 0.0274 | Epoch Time: 0.46s | Spearman@80: 0.4380 | Kendall@80: 0.2892
Epoch 64/150 | Train Loss: 0.0287 | Epoch Time: 0.46s | Spearman@80: 0.4537 | Kendall@80: 0.3069
Epoch 65/150 | Train Loss: 0.0378 | Epoch Time: 0.46s | Spearman@80: 0.4126 | Kendall@80: 0.2752
Epoch 66/150 | Train Loss: 0.0279 | Epoch Time: 0.46s | Spearman@80: 0.4231 | Kendall@80: 0.2828
Epoch 67/150 | Train Loss: 0.0357 | Epoch Time: 0.46s | Spearman@80: 0.4983 | Kendall@80: 0.3367
Epoch 68/150 | Train Loss: 0.0278 | Epoch Time: 0.47s | Spearman@80: 0.3578 | Kendall@80: 0.2289
Epoch 69/150 | Train Loss: 0.0251 | Epoch Time: 0.46s | Spearman@80: 0.3814 | Kendall@80: 0.2517
Epoch 70/150 | Train Loss: 0.0268 | Epoch Time: 0.46s | Spearman@80: 0.3486 | Kendall@80: 0.2289
Epoch 71/150 | Train Loss: 0.0244 | Epoch Time: 0.46s | Spearman@80: 0.3428 | Kendall@80: 0.2245
Epoch 72/150 | Train Loss: 0.0300 | Epoch Time: 0.46s | Spearman@80: 0.4365 | Kendall@80: 0.2993
Epoch 73/150 | Train Loss: 0.0219 | Epoch Time: 0.46s | Spearman@80: 0.4073 | Kendall@80: 0.2777
Epoch 74/150 | Train Loss: 0.0150 | Epoch Time: 0.46s | Spearman@80: 0.4219 | Kendall@80: 0.2822
Epoch 75/150 | Train Loss: 0.0230 | Epoch Time: 0.46s | Spearman@80: 0.4731 | Kendall@80: 0.3196
Epoch 76/150 | Train Loss: 0.0199 | Epoch Time: 0.46s | Spearman@80: 0.3729 | Kendall@80: 0.2530
Epoch 77/150 | Train Loss: 0.0198 | Epoch Time: 0.46s | Spearman@80: 0.4061 | Kendall@80: 0.2676
Epoch 78/150 | Train Loss: 0.0272 | Epoch Time: 0.47s | Spearman@80: 0.3847 | Kendall@80: 0.2613
Epoch 79/150 | Train Loss: 0.0260 | Epoch Time: 0.46s | Spearman@80: 0.4178 | Kendall@80: 0.2860
Epoch 80/150 | Train Loss: 0.0192 | Epoch Time: 0.46s | Spearman@80: 0.4285 | Kendall@80: 0.2885
Epoch 81/150 | Train Loss: 0.0190 | Epoch Time: 0.48s | Spearman@80: 0.4738 | Kendall@80: 0.3209
Epoch 82/150 | Train Loss: 0.0218 | Epoch Time: 0.47s | Spearman@80: 0.4242 | Kendall@80: 0.2809
Epoch 83/150 | Train Loss: 0.0211 | Epoch Time: 0.47s | Spearman@80: 0.4457 | Kendall@80: 0.2980
Epoch 84/150 | Train Loss: 0.0315 | Epoch Time: 0.46s | Spearman@80: 0.4220 | Kendall@80: 0.2746
Epoch 85/150 | Train Loss: 0.0240 | Epoch Time: 0.47s | Spearman@80: 0.4567 | Kendall@80: 0.3050
Epoch 86/150 | Train Loss: 0.0203 | Epoch Time: 0.46s | Spearman@80: 0.5569 | Kendall@80: 0.3862
Epoch 87/150 | Train Loss: 0.0241 | Epoch Time: 0.47s | Spearman@80: 0.5638 | Kendall@80: 0.3786
Epoch 88/150 | Train Loss: 0.0192 | Epoch Time: 0.47s | Spearman@80: 0.4446 | Kendall@80: 0.2980
Epoch 89/150 | Train Loss: 0.0184 | Epoch Time: 0.47s | Spearman@80: 0.4705 | Kendall@80: 0.3228
Epoch 90/150 | Train Loss: 0.0200 | Epoch Time: 0.46s | Spearman@80: 0.4762 | Kendall@80: 0.3278
Epoch 91/150 | Train Loss: 0.0156 | Epoch Time: 0.46s | Spearman@80: 0.4123 | Kendall@80: 0.2771
Epoch 92/150 | Train Loss: 0.0165 | Epoch Time: 0.46s | Spearman@80: 0.4607 | Kendall@80: 0.3145
Epoch 93/150 | Train Loss: 0.0165 | Epoch Time: 0.46s | Spearman@80: 0.4741 | Kendall@80: 0.3291
Epoch 94/150 | Train Loss: 0.0217 | Epoch Time: 0.47s | Spearman@80: 0.4879 | Kendall@80: 0.3367
Epoch 95/150 | Train Loss: 0.0185 | Epoch Time: 0.46s | Spearman@80: 0.4727 | Kendall@80: 0.3164
Epoch 96/150 | Train Loss: 0.0160 | Epoch Time: 0.47s | Spearman@80: 0.4654 | Kendall@80: 0.3158
Epoch 97/150 | Train Loss: 0.0153 | Epoch Time: 0.46s | Spearman@80: 0.4840 | Kendall@80: 0.3304
Epoch 98/150 | Train Loss: 0.0162 | Epoch Time: 0.46s | Spearman@80: 0.4860 | Kendall@80: 0.3304
Epoch 99/150 | Train Loss: 0.0183 | Epoch Time: 0.46s | Spearman@80: 0.4772 | Kendall@80: 0.3240
Epoch 100/150 | Train Loss: 0.0119 | Epoch Time: 0.47s | Spearman@80: 0.5027 | Kendall@80: 0.3367
Epoch 101/150 | Train Loss: 0.0151 | Epoch Time: 0.46s | Spearman@80: 0.4963 | Kendall@80: 0.3316
Epoch 102/150 | Train Loss: 0.0136 | Epoch Time: 0.46s | Spearman@80: 0.5081 | Kendall@80: 0.3437
Epoch 103/150 | Train Loss: 0.0143 | Epoch Time: 0.46s | Spearman@80: 0.5081 | Kendall@80: 0.3437
Epoch 104/150 | Train Loss: 0.0109 | Epoch Time: 0.46s | Spearman@80: 0.4654 | Kendall@80: 0.3164
Epoch 105/150 | Train Loss: 0.0111 | Epoch Time: 0.46s | Spearman@80: 0.4472 | Kendall@80: 0.3044
Epoch 106/150 | Train Loss: 0.0130 | Epoch Time: 0.46s | Spearman@80: 0.4442 | Kendall@80: 0.3031
Epoch 107/150 | Train Loss: 0.0117 | Epoch Time: 0.46s | Spearman@80: 0.4426 | Kendall@80: 0.3069
Epoch 108/150 | Train Loss: 0.0152 | Epoch Time: 0.46s | Spearman@80: 0.4680 | Kendall@80: 0.3196
Epoch 109/150 | Train Loss: 0.0153 | Epoch Time: 0.46s | Spearman@80: 0.4877 | Kendall@80: 0.3310
Epoch 110/150 | Train Loss: 0.0106 | Epoch Time: 0.46s | Spearman@80: 0.5016 | Kendall@80: 0.3380
Epoch 111/150 | Train Loss: 0.0110 | Epoch Time: 0.46s | Spearman@80: 0.4702 | Kendall@80: 0.3221
Epoch 112/150 | Train Loss: 0.0163 | Epoch Time: 0.46s | Spearman@80: 0.4420 | Kendall@80: 0.2987
Epoch 113/150 | Train Loss: 0.0121 | Epoch Time: 0.46s | Spearman@80: 0.4330 | Kendall@80: 0.2892
Epoch 114/150 | Train Loss: 0.0199 | Epoch Time: 0.46s | Spearman@80: 0.4556 | Kendall@80: 0.3088
Epoch 115/150 | Train Loss: 0.0167 | Epoch Time: 0.46s | Spearman@80: 0.4676 | Kendall@80: 0.3120
Epoch 116/150 | Train Loss: 0.0098 | Epoch Time: 0.46s | Spearman@80: 0.4951 | Kendall@80: 0.3361
Epoch 117/150 | Train Loss: 0.0142 | Epoch Time: 0.46s | Spearman@80: 0.5002 | Kendall@80: 0.3418
Epoch 118/150 | Train Loss: 0.0087 | Epoch Time: 0.46s | Spearman@80: 0.4975 | Kendall@80: 0.3367
Epoch 119/150 | Train Loss: 0.0116 | Epoch Time: 0.46s | Spearman@80: 0.5002 | Kendall@80: 0.3405
Epoch 120/150 | Train Loss: 0.0134 | Epoch Time: 0.46s | Spearman@80: 0.5095 | Kendall@80: 0.3469
Epoch 121/150 | Train Loss: 0.0099 | Epoch Time: 0.46s | Spearman@80: 0.5066 | Kendall@80: 0.3481
Epoch 122/150 | Train Loss: 0.0102 | Epoch Time: 0.46s | Spearman@80: 0.5149 | Kendall@80: 0.3507
Epoch 123/150 | Train Loss: 0.0116 | Epoch Time: 0.46s | Spearman@80: 0.5082 | Kendall@80: 0.3431
Epoch 124/150 | Train Loss: 0.0118 | Epoch Time: 0.46s | Spearman@80: 0.5061 | Kendall@80: 0.3462
Epoch 125/150 | Train Loss: 0.0144 | Epoch Time: 0.46s | Spearman@80: 0.4987 | Kendall@80: 0.3399
Epoch 126/150 | Train Loss: 0.0110 | Epoch Time: 0.46s | Spearman@80: 0.4983 | Kendall@80: 0.3418
Epoch 127/150 | Train Loss: 0.0129 | Epoch Time: 0.46s | Spearman@80: 0.4828 | Kendall@80: 0.3329
Epoch 128/150 | Train Loss: 0.0086 | Epoch Time: 0.46s | Spearman@80: 0.4800 | Kendall@80: 0.3278
Epoch 129/150 | Train Loss: 0.0129 | Epoch Time: 0.46s | Spearman@80: 0.4698 | Kendall@80: 0.3209
Epoch 130/150 | Train Loss: 0.0095 | Epoch Time: 0.46s | Spearman@80: 0.4807 | Kendall@80: 0.3253
Epoch 131/150 | Train Loss: 0.0093 | Epoch Time: 0.46s | Spearman@80: 0.4887 | Kendall@80: 0.3316
Epoch 132/150 | Train Loss: 0.0126 | Epoch Time: 0.46s | Spearman@80: 0.4826 | Kendall@80: 0.3272
Epoch 133/150 | Train Loss: 0.0107 | Epoch Time: 0.46s | Spearman@80: 0.4853 | Kendall@80: 0.3342
Epoch 134/150 | Train Loss: 0.0104 | Epoch Time: 0.46s | Spearman@80: 0.4797 | Kendall@80: 0.3323
Epoch 135/150 | Train Loss: 0.0127 | Epoch Time: 0.46s | Spearman@80: 0.4835 | Kendall@80: 0.3316
Epoch 136/150 | Train Loss: 0.0106 | Epoch Time: 0.46s | Spearman@80: 0.4813 | Kendall@80: 0.3285
Epoch 137/150 | Train Loss: 0.0125 | Epoch Time: 0.46s | Spearman@80: 0.4824 | Kendall@80: 0.3247
Epoch 138/150 | Train Loss: 0.0082 | Epoch Time: 0.46s | Spearman@80: 0.4833 | Kendall@80: 0.3297
Epoch 139/150 | Train Loss: 0.0089 | Epoch Time: 0.46s | Spearman@80: 0.4977 | Kendall@80: 0.3380
Epoch 140/150 | Train Loss: 0.0094 | Epoch Time: 0.46s | Spearman@80: 0.4861 | Kendall@80: 0.3310
Epoch 141/150 | Train Loss: 0.0075 | Epoch Time: 0.46s | Spearman@80: 0.4917 | Kendall@80: 0.3342
Epoch 142/150 | Train Loss: 0.0101 | Epoch Time: 0.47s | Spearman@80: 0.4845 | Kendall@80: 0.3297
Epoch 143/150 | Train Loss: 0.0108 | Epoch Time: 0.46s | Spearman@80: 0.4837 | Kendall@80: 0.3266
Epoch 144/150 | Train Loss: 0.0086 | Epoch Time: 0.46s | Spearman@80: 0.4903 | Kendall@80: 0.3354
Epoch 145/150 | Train Loss: 0.0122 | Epoch Time: 0.46s | Spearman@80: 0.4895 | Kendall@80: 0.3342
Epoch 146/150 | Train Loss: 0.0102 | Epoch Time: 0.46s | Spearman@80: 0.4994 | Kendall@80: 0.3393
Epoch 147/150 | Train Loss: 0.0114 | Epoch Time: 1.44s | Spearman@4934: 0.4921 | Kendall@4934: 0.3411
Epoch 148/150 | Train Loss: 0.0107 | Epoch Time: 1.46s | Spearman@4934: 0.4902 | Kendall@4934: 0.3396
Epoch 149/150 | Train Loss: 0.0112 | Epoch Time: 1.55s | Spearman@4934: 0.4903 | Kendall@4934: 0.3397
Epoch 150/150 | Train Loss: 0.0083 | Epoch Time: 1.53s | Spearman@4934: 0.4879 | Kendall@4934: 0.3378
Sample Count: 64, Spearman: 0.4901085231383654, Kendall: 0.3395422920794946
{64: (0.4901085231383654, 0.3395422920794946),
 128: (0.5368053976362515, 0.37579314670236674)}
Epoch 1/150 | Train Loss: 0.0966 | Epoch Time: 0.92s | Spearman@80: 0.6049 | Kendall@80: 0.4423
Epoch 2/150 | Train Loss: 0.0822 | Epoch Time: 0.91s | Spearman@80: 0.6179 | Kendall@80: 0.4582
Epoch 3/150 | Train Loss: 0.0742 | Epoch Time: 0.90s | Spearman@80: 0.6550 | Kendall@80: 0.4708
Epoch 4/150 | Train Loss: 0.0646 | Epoch Time: 0.91s | Spearman@80: 0.5239 | Kendall@80: 0.3828
Epoch 5/150 | Train Loss: 0.0690 | Epoch Time: 0.92s | Spearman@80: 0.6472 | Kendall@80: 0.4740
Epoch 6/150 | Train Loss: 0.0730 | Epoch Time: 0.91s | Spearman@80: 0.6399 | Kendall@80: 0.4658
Epoch 7/150 | Train Loss: 0.0658 | Epoch Time: 0.92s | Spearman@80: 0.6019 | Kendall@80: 0.4354
Epoch 8/150 | Train Loss: 0.0653 | Epoch Time: 0.92s | Spearman@80: 0.6188 | Kendall@80: 0.4480
Epoch 9/150 | Train Loss: 0.0602 | Epoch Time: 0.92s | Spearman@80: 0.6492 | Kendall@80: 0.4766
Epoch 10/150 | Train Loss: 0.0617 | Epoch Time: 0.92s | Spearman@80: 0.6101 | Kendall@80: 0.4455
Epoch 11/150 | Train Loss: 0.0612 | Epoch Time: 0.91s | Spearman@80: 0.5562 | Kendall@80: 0.4068
Epoch 12/150 | Train Loss: 0.0603 | Epoch Time: 0.91s | Spearman@80: 0.6435 | Kendall@80: 0.4696
Epoch 13/150 | Train Loss: 0.0714 | Epoch Time: 0.92s | Spearman@80: 0.5793 | Kendall@80: 0.4170
Epoch 14/150 | Train Loss: 0.0572 | Epoch Time: 0.91s | Spearman@80: 0.5809 | Kendall@80: 0.4246
Epoch 15/150 | Train Loss: 0.0621 | Epoch Time: 0.91s | Spearman@80: 0.5900 | Kendall@80: 0.4303
Epoch 16/150 | Train Loss: 0.0620 | Epoch Time: 0.92s | Spearman@80: 0.5850 | Kendall@80: 0.4309
Epoch 17/150 | Train Loss: 0.0576 | Epoch Time: 0.90s | Spearman@80: 0.5967 | Kendall@80: 0.4347
Epoch 18/150 | Train Loss: 0.0599 | Epoch Time: 0.91s | Spearman@80: 0.6282 | Kendall@80: 0.4651
Epoch 19/150 | Train Loss: 0.0645 | Epoch Time: 0.93s | Spearman@80: 0.5867 | Kendall@80: 0.4227
Epoch 20/150 | Train Loss: 0.0598 | Epoch Time: 0.92s | Spearman@80: 0.6015 | Kendall@80: 0.4373
Epoch 21/150 | Train Loss: 0.0583 | Epoch Time: 0.92s | Spearman@80: 0.6335 | Kendall@80: 0.4601
Epoch 22/150 | Train Loss: 0.0528 | Epoch Time: 0.93s | Spearman@80: 0.5842 | Kendall@80: 0.4138
Epoch 23/150 | Train Loss: 0.0559 | Epoch Time: 0.91s | Spearman@80: 0.6136 | Kendall@80: 0.4525
Epoch 24/150 | Train Loss: 0.0536 | Epoch Time: 0.92s | Spearman@80: 0.5941 | Kendall@80: 0.4385
Epoch 25/150 | Train Loss: 0.0575 | Epoch Time: 0.92s | Spearman@80: 0.5182 | Kendall@80: 0.3695
Epoch 26/150 | Train Loss: 0.0524 | Epoch Time: 0.92s | Spearman@80: 0.5793 | Kendall@80: 0.4170
Epoch 27/150 | Train Loss: 0.0550 | Epoch Time: 0.90s | Spearman@80: 0.5789 | Kendall@80: 0.4195
Epoch 28/150 | Train Loss: 0.0610 | Epoch Time: 0.92s | Spearman@80: 0.6000 | Kendall@80: 0.4335
Epoch 29/150 | Train Loss: 0.0529 | Epoch Time: 0.92s | Spearman@80: 0.5754 | Kendall@80: 0.4170
Epoch 30/150 | Train Loss: 0.0542 | Epoch Time: 0.99s | Spearman@80: 0.6113 | Kendall@80: 0.4474
Epoch 31/150 | Train Loss: 0.0488 | Epoch Time: 1.03s | Spearman@80: 0.6087 | Kendall@80: 0.4392
Epoch 32/150 | Train Loss: 0.0540 | Epoch Time: 1.04s | Spearman@80: 0.5608 | Kendall@80: 0.3992
Epoch 33/150 | Train Loss: 0.0474 | Epoch Time: 1.04s | Spearman@80: 0.5813 | Kendall@80: 0.4183
Epoch 34/150 | Train Loss: 0.0448 | Epoch Time: 1.04s | Spearman@80: 0.5989 | Kendall@80: 0.4271
Epoch 35/150 | Train Loss: 0.0498 | Epoch Time: 1.04s | Spearman@80: 0.5482 | Kendall@80: 0.3904
Epoch 36/150 | Train Loss: 0.0510 | Epoch Time: 1.03s | Spearman@80: 0.6060 | Kendall@80: 0.4335
Epoch 37/150 | Train Loss: 0.0516 | Epoch Time: 1.03s | Spearman@80: 0.5196 | Kendall@80: 0.3669
Epoch 38/150 | Train Loss: 0.0497 | Epoch Time: 1.03s | Spearman@80: 0.6216 | Kendall@80: 0.4487
Epoch 39/150 | Train Loss: 0.0484 | Epoch Time: 1.01s | Spearman@80: 0.6188 | Kendall@80: 0.4468
Epoch 40/150 | Train Loss: 0.0493 | Epoch Time: 1.02s | Spearman@80: 0.5360 | Kendall@80: 0.3777
Epoch 41/150 | Train Loss: 0.0486 | Epoch Time: 1.02s | Spearman@80: 0.6166 | Kendall@80: 0.4569
Epoch 42/150 | Train Loss: 0.0563 | Epoch Time: 1.02s | Spearman@80: 0.6856 | Kendall@80: 0.5095
Epoch 43/150 | Train Loss: 0.0511 | Epoch Time: 1.02s | Spearman@80: 0.5739 | Kendall@80: 0.4075
Epoch 44/150 | Train Loss: 0.0495 | Epoch Time: 1.01s | Spearman@80: 0.5961 | Kendall@80: 0.4373
Epoch 45/150 | Train Loss: 0.0488 | Epoch Time: 1.02s | Spearman@80: 0.6169 | Kendall@80: 0.4461
Epoch 46/150 | Train Loss: 0.0433 | Epoch Time: 1.02s | Spearman@80: 0.6001 | Kendall@80: 0.4246
Epoch 47/150 | Train Loss: 0.0481 | Epoch Time: 1.02s | Spearman@80: 0.5658 | Kendall@80: 0.4062
Epoch 48/150 | Train Loss: 0.0401 | Epoch Time: 1.03s | Spearman@80: 0.6283 | Kendall@80: 0.4563
Epoch 49/150 | Train Loss: 0.0466 | Epoch Time: 1.03s | Spearman@80: 0.5698 | Kendall@80: 0.4018
Epoch 50/150 | Train Loss: 0.0431 | Epoch Time: 1.03s | Spearman@80: 0.6416 | Kendall@80: 0.4651
Epoch 51/150 | Train Loss: 0.0438 | Epoch Time: 1.03s | Spearman@80: 0.6072 | Kendall@80: 0.4411
Epoch 52/150 | Train Loss: 0.0505 | Epoch Time: 1.03s | Spearman@80: 0.6096 | Kendall@80: 0.4436
Epoch 53/150 | Train Loss: 0.0430 | Epoch Time: 1.03s | Spearman@80: 0.5655 | Kendall@80: 0.4087
Epoch 54/150 | Train Loss: 0.0419 | Epoch Time: 1.03s | Spearman@80: 0.5690 | Kendall@80: 0.4157
Epoch 55/150 | Train Loss: 0.0410 | Epoch Time: 1.03s | Spearman@80: 0.5826 | Kendall@80: 0.4170
Epoch 56/150 | Train Loss: 0.0494 | Epoch Time: 1.03s | Spearman@80: 0.5346 | Kendall@80: 0.3796
Epoch 57/150 | Train Loss: 0.0394 | Epoch Time: 1.03s | Spearman@80: 0.5806 | Kendall@80: 0.4240
Epoch 58/150 | Train Loss: 0.0383 | Epoch Time: 1.03s | Spearman@80: 0.5891 | Kendall@80: 0.4259
Epoch 59/150 | Train Loss: 0.0404 | Epoch Time: 1.03s | Spearman@80: 0.5673 | Kendall@80: 0.4056
Epoch 60/150 | Train Loss: 0.0412 | Epoch Time: 1.03s | Spearman@80: 0.5647 | Kendall@80: 0.4056
Epoch 61/150 | Train Loss: 0.0361 | Epoch Time: 1.03s | Spearman@80: 0.6267 | Kendall@80: 0.4645
Epoch 62/150 | Train Loss: 0.0412 | Epoch Time: 1.03s | Spearman@80: 0.5177 | Kendall@80: 0.3676
Epoch 63/150 | Train Loss: 0.0422 | Epoch Time: 1.03s | Spearman@80: 0.6061 | Kendall@80: 0.4398
Epoch 64/150 | Train Loss: 0.0422 | Epoch Time: 1.06s | Spearman@80: 0.6273 | Kendall@80: 0.4518
Epoch 65/150 | Train Loss: 0.0398 | Epoch Time: 1.07s | Spearman@80: 0.6627 | Kendall@80: 0.4848
Epoch 66/150 | Train Loss: 0.0370 | Epoch Time: 1.05s | Spearman@80: 0.6002 | Kendall@80: 0.4309
Epoch 67/150 | Train Loss: 0.0358 | Epoch Time: 1.04s | Spearman@80: 0.5747 | Kendall@80: 0.4106
Epoch 68/150 | Train Loss: 0.0366 | Epoch Time: 1.03s | Spearman@80: 0.6102 | Kendall@80: 0.4449
Epoch 69/150 | Train Loss: 0.0384 | Epoch Time: 1.02s | Spearman@80: 0.5974 | Kendall@80: 0.4284
Epoch 70/150 | Train Loss: 0.0361 | Epoch Time: 1.02s | Spearman@80: 0.5968 | Kendall@80: 0.4290
Epoch 71/150 | Train Loss: 0.0372 | Epoch Time: 1.02s | Spearman@80: 0.5824 | Kendall@80: 0.4284
Epoch 72/150 | Train Loss: 0.0415 | Epoch Time: 1.05s | Spearman@80: 0.5815 | Kendall@80: 0.4214
Epoch 73/150 | Train Loss: 0.0348 | Epoch Time: 1.03s | Spearman@80: 0.6259 | Kendall@80: 0.4537
Epoch 74/150 | Train Loss: 0.0290 | Epoch Time: 1.02s | Spearman@80: 0.5775 | Kendall@80: 0.4164
Epoch 75/150 | Train Loss: 0.0392 | Epoch Time: 1.02s | Spearman@80: 0.6757 | Kendall@80: 0.4924
Epoch 76/150 | Train Loss: 0.0354 | Epoch Time: 1.02s | Spearman@80: 0.6055 | Kendall@80: 0.4430
Epoch 77/150 | Train Loss: 0.0324 | Epoch Time: 1.02s | Spearman@80: 0.6232 | Kendall@80: 0.4531
Epoch 78/150 | Train Loss: 0.0356 | Epoch Time: 1.02s | Spearman@80: 0.6175 | Kendall@80: 0.4493
Epoch 79/150 | Train Loss: 0.0340 | Epoch Time: 1.03s | Spearman@80: 0.5990 | Kendall@80: 0.4335
Epoch 80/150 | Train Loss: 0.0319 | Epoch Time: 1.02s | Spearman@80: 0.6405 | Kendall@80: 0.4721
Epoch 81/150 | Train Loss: 0.0306 | Epoch Time: 1.03s | Spearman@80: 0.6244 | Kendall@80: 0.4537
Epoch 82/150 | Train Loss: 0.0378 | Epoch Time: 1.03s | Spearman@80: 0.5956 | Kendall@80: 0.4328
Epoch 83/150 | Train Loss: 0.0343 | Epoch Time: 1.02s | Spearman@80: 0.5893 | Kendall@80: 0.4189
Epoch 84/150 | Train Loss: 0.0336 | Epoch Time: 1.02s | Spearman@80: 0.6371 | Kendall@80: 0.4620
Epoch 85/150 | Train Loss: 0.0320 | Epoch Time: 1.02s | Spearman@80: 0.5614 | Kendall@80: 0.4106
Epoch 86/150 | Train Loss: 0.0359 | Epoch Time: 1.02s | Spearman@80: 0.6074 | Kendall@80: 0.4442
Epoch 87/150 | Train Loss: 0.0339 | Epoch Time: 1.02s | Spearman@80: 0.5805 | Kendall@80: 0.4202
Epoch 88/150 | Train Loss: 0.0323 | Epoch Time: 1.03s | Spearman@80: 0.5828 | Kendall@80: 0.4259
Epoch 89/150 | Train Loss: 0.0297 | Epoch Time: 1.02s | Spearman@80: 0.5754 | Kendall@80: 0.4138
Epoch 90/150 | Train Loss: 0.0313 | Epoch Time: 1.02s | Spearman@80: 0.6201 | Kendall@80: 0.4518
Epoch 91/150 | Train Loss: 0.0317 | Epoch Time: 1.03s | Spearman@80: 0.5691 | Kendall@80: 0.4119
Epoch 92/150 | Train Loss: 0.0345 | Epoch Time: 1.02s | Spearman@80: 0.6033 | Kendall@80: 0.4430
Epoch 93/150 | Train Loss: 0.0309 | Epoch Time: 1.02s | Spearman@80: 0.5988 | Kendall@80: 0.4404
Epoch 94/150 | Train Loss: 0.0294 | Epoch Time: 1.04s | Spearman@80: 0.5822 | Kendall@80: 0.4246
Epoch 95/150 | Train Loss: 0.0226 | Epoch Time: 1.03s | Spearman@80: 0.6308 | Kendall@80: 0.4594
Epoch 96/150 | Train Loss: 0.0269 | Epoch Time: 1.03s | Spearman@80: 0.6238 | Kendall@80: 0.4588
Epoch 97/150 | Train Loss: 0.0307 | Epoch Time: 1.03s | Spearman@80: 0.6163 | Kendall@80: 0.4404
Epoch 98/150 | Train Loss: 0.0258 | Epoch Time: 1.03s | Spearman@80: 0.5703 | Kendall@80: 0.4170
Epoch 99/150 | Train Loss: 0.0405 | Epoch Time: 1.03s | Spearman@80: 0.5706 | Kendall@80: 0.4138
Epoch 100/150 | Train Loss: 0.0369 | Epoch Time: 1.02s | Spearman@80: 0.5838 | Kendall@80: 0.4341
Epoch 101/150 | Train Loss: 0.0310 | Epoch Time: 1.02s | Spearman@80: 0.6093 | Kendall@80: 0.4468
Epoch 102/150 | Train Loss: 0.0293 | Epoch Time: 1.03s | Spearman@80: 0.6282 | Kendall@80: 0.4639
Epoch 103/150 | Train Loss: 0.0258 | Epoch Time: 1.02s | Spearman@80: 0.6374 | Kendall@80: 0.4670
Epoch 104/150 | Train Loss: 0.0257 | Epoch Time: 1.03s | Spearman@80: 0.6218 | Kendall@80: 0.4575
Epoch 105/150 | Train Loss: 0.0305 | Epoch Time: 1.03s | Spearman@80: 0.5858 | Kendall@80: 0.4354
Epoch 106/150 | Train Loss: 0.0269 | Epoch Time: 1.03s | Spearman@80: 0.6012 | Kendall@80: 0.4423
Epoch 107/150 | Train Loss: 0.0245 | Epoch Time: 1.03s | Spearman@80: 0.5740 | Kendall@80: 0.4106
Epoch 108/150 | Train Loss: 0.0204 | Epoch Time: 1.03s | Spearman@80: 0.5800 | Kendall@80: 0.4208
Epoch 109/150 | Train Loss: 0.0282 | Epoch Time: 1.03s | Spearman@80: 0.6066 | Kendall@80: 0.4449
Epoch 110/150 | Train Loss: 0.0235 | Epoch Time: 1.03s | Spearman@80: 0.6018 | Kendall@80: 0.4455
Epoch 111/150 | Train Loss: 0.0276 | Epoch Time: 1.04s | Spearman@80: 0.5975 | Kendall@80: 0.4461
Epoch 112/150 | Train Loss: 0.0236 | Epoch Time: 1.03s | Spearman@80: 0.6308 | Kendall@80: 0.4620
Epoch 113/150 | Train Loss: 0.0245 | Epoch Time: 1.02s | Spearman@80: 0.5967 | Kendall@80: 0.4354
Epoch 114/150 | Train Loss: 0.0252 | Epoch Time: 1.02s | Spearman@80: 0.6004 | Kendall@80: 0.4392
Epoch 115/150 | Train Loss: 0.0209 | Epoch Time: 1.02s | Spearman@80: 0.6108 | Kendall@80: 0.4474
Epoch 116/150 | Train Loss: 0.0176 | Epoch Time: 1.02s | Spearman@80: 0.6079 | Kendall@80: 0.4411
Epoch 117/150 | Train Loss: 0.0218 | Epoch Time: 1.02s | Spearman@80: 0.6157 | Kendall@80: 0.4550
Epoch 118/150 | Train Loss: 0.0222 | Epoch Time: 1.02s | Spearman@80: 0.6293 | Kendall@80: 0.4626
Epoch 119/150 | Train Loss: 0.0207 | Epoch Time: 1.02s | Spearman@80: 0.6245 | Kendall@80: 0.4582
Epoch 120/150 | Train Loss: 0.0199 | Epoch Time: 1.03s | Spearman@80: 0.6202 | Kendall@80: 0.4556
Epoch 121/150 | Train Loss: 0.0255 | Epoch Time: 1.02s | Spearman@80: 0.6037 | Kendall@80: 0.4392
Epoch 122/150 | Train Loss: 0.0256 | Epoch Time: 1.07s | Spearman@80: 0.6097 | Kendall@80: 0.4518
Epoch 123/150 | Train Loss: 0.0245 | Epoch Time: 1.02s | Spearman@80: 0.6330 | Kendall@80: 0.4626
Epoch 124/150 | Train Loss: 0.0233 | Epoch Time: 1.02s | Spearman@80: 0.6172 | Kendall@80: 0.4461
Epoch 125/150 | Train Loss: 0.0194 | Epoch Time: 1.02s | Spearman@80: 0.6089 | Kendall@80: 0.4512
Epoch 126/150 | Train Loss: 0.0214 | Epoch Time: 1.02s | Spearman@80: 0.6143 | Kendall@80: 0.4487
Epoch 127/150 | Train Loss: 0.0213 | Epoch Time: 1.03s | Spearman@80: 0.6177 | Kendall@80: 0.4518
Epoch 128/150 | Train Loss: 0.0217 | Epoch Time: 1.02s | Spearman@80: 0.6071 | Kendall@80: 0.4461
Epoch 129/150 | Train Loss: 0.0192 | Epoch Time: 1.02s | Spearman@80: 0.6082 | Kendall@80: 0.4487
Epoch 130/150 | Train Loss: 0.0207 | Epoch Time: 1.03s | Spearman@80: 0.6236 | Kendall@80: 0.4563
Epoch 131/150 | Train Loss: 0.0167 | Epoch Time: 1.03s | Spearman@80: 0.6269 | Kendall@80: 0.4537
Epoch 132/150 | Train Loss: 0.0235 | Epoch Time: 1.02s | Spearman@80: 0.6357 | Kendall@80: 0.4664
Epoch 133/150 | Train Loss: 0.0246 | Epoch Time: 1.02s | Spearman@80: 0.6217 | Kendall@80: 0.4531
Epoch 134/150 | Train Loss: 0.0168 | Epoch Time: 1.02s | Spearman@80: 0.6329 | Kendall@80: 0.4613
Epoch 135/150 | Train Loss: 0.0205 | Epoch Time: 1.02s | Spearman@80: 0.6285 | Kendall@80: 0.4594
Epoch 136/150 | Train Loss: 0.0194 | Epoch Time: 1.03s | Spearman@80: 0.6195 | Kendall@80: 0.4544
Epoch 137/150 | Train Loss: 0.0195 | Epoch Time: 1.03s | Spearman@80: 0.6204 | Kendall@80: 0.4537
Epoch 138/150 | Train Loss: 0.0185 | Epoch Time: 1.05s | Spearman@80: 0.6127 | Kendall@80: 0.4461
Epoch 139/150 | Train Loss: 0.0182 | Epoch Time: 1.04s | Spearman@80: 0.6031 | Kendall@80: 0.4417
Epoch 140/150 | Train Loss: 0.0208 | Epoch Time: 1.05s | Spearman@80: 0.6059 | Kendall@80: 0.4417
Epoch 141/150 | Train Loss: 0.0166 | Epoch Time: 1.04s | Spearman@80: 0.6226 | Kendall@80: 0.4525
Epoch 142/150 | Train Loss: 0.0195 | Epoch Time: 1.04s | Spearman@80: 0.5951 | Kendall@80: 0.4347
Epoch 143/150 | Train Loss: 0.0150 | Epoch Time: 1.03s | Spearman@80: 0.6096 | Kendall@80: 0.4461
Epoch 144/150 | Train Loss: 0.0209 | Epoch Time: 1.03s | Spearman@80: 0.6223 | Kendall@80: 0.4537
Epoch 145/150 | Train Loss: 0.0244 | Epoch Time: 1.03s | Spearman@80: 0.6206 | Kendall@80: 0.4537
Epoch 146/150 | Train Loss: 0.0225 | Epoch Time: 1.03s | Spearman@80: 0.6148 | Kendall@80: 0.4499
Epoch 147/150 | Train Loss: 0.0171 | Epoch Time: 2.06s | Spearman@4870: 0.5578 | Kendall@4870: 0.3906
Epoch 148/150 | Train Loss: 0.0215 | Epoch Time: 1.87s | Spearman@4870: 0.5600 | Kendall@4870: 0.3924
Epoch 149/150 | Train Loss: 0.0215 | Epoch Time: 1.87s | Spearman@4870: 0.5589 | Kendall@4870: 0.3916
Epoch 150/150 | Train Loss: 0.0219 | Epoch Time: 1.89s | Spearman@4870: 0.5624 | Kendall@4870: 0.3941
Sample Count: 128, Spearman: 0.559783848262285, Kendall: 0.3921766516013109
{64: (0.4901085231383654, 0.3395422920794946),
 128: (0.559783848262285, 0.3921766516013109)}
Epoch 1/150 | Train Loss: 0.0979 | Epoch Time: 0.47s | Spearman@80: 0.3540 | Kendall@80: 0.2468
Epoch 2/150 | Train Loss: 0.0876 | Epoch Time: 0.46s | Spearman@80: 0.3871 | Kendall@80: 0.2658
Epoch 3/150 | Train Loss: 0.0795 | Epoch Time: 0.46s | Spearman@80: 0.4141 | Kendall@80: 0.2816
Epoch 4/150 | Train Loss: 0.0717 | Epoch Time: 0.46s | Spearman@80: 0.4358 | Kendall@80: 0.2968
Epoch 5/150 | Train Loss: 0.0679 | Epoch Time: 0.48s | Spearman@80: 0.4508 | Kendall@80: 0.3102
Epoch 6/150 | Train Loss: 0.0714 | Epoch Time: 0.46s | Spearman@80: 0.4866 | Kendall@80: 0.3311
Epoch 7/150 | Train Loss: 0.0642 | Epoch Time: 0.46s | Spearman@80: 0.5495 | Kendall@80: 0.3684
Epoch 8/150 | Train Loss: 0.0589 | Epoch Time: 0.47s | Spearman@80: 0.5463 | Kendall@80: 0.3760
Epoch 9/150 | Train Loss: 0.0543 | Epoch Time: 0.47s | Spearman@80: 0.4562 | Kendall@80: 0.3209
Epoch 10/150 | Train Loss: 0.0580 | Epoch Time: 0.48s | Spearman@80: 0.5635 | Kendall@80: 0.3837
Epoch 11/150 | Train Loss: 0.0517 | Epoch Time: 0.46s | Spearman@80: 0.5249 | Kendall@80: 0.3615
Epoch 12/150 | Train Loss: 0.0454 | Epoch Time: 0.47s | Spearman@80: 0.5732 | Kendall@80: 0.4084
Epoch 13/150 | Train Loss: 0.0530 | Epoch Time: 0.47s | Spearman@80: 0.5658 | Kendall@80: 0.4046
Epoch 14/150 | Train Loss: 0.0515 | Epoch Time: 0.48s | Spearman@80: 0.5562 | Kendall@80: 0.3951
Epoch 15/150 | Train Loss: 0.0496 | Epoch Time: 0.48s | Spearman@80: 0.6156 | Kendall@80: 0.4400
Epoch 16/150 | Train Loss: 0.0508 | Epoch Time: 0.47s | Spearman@80: 0.5615 | Kendall@80: 0.3938
Epoch 17/150 | Train Loss: 0.0479 | Epoch Time: 0.47s | Spearman@80: 0.6119 | Kendall@80: 0.4318
Epoch 18/150 | Train Loss: 0.0381 | Epoch Time: 0.47s | Spearman@80: 0.5587 | Kendall@80: 0.3932
Epoch 19/150 | Train Loss: 0.0544 | Epoch Time: 0.46s | Spearman@80: 0.5842 | Kendall@80: 0.4166
Epoch 20/150 | Train Loss: 0.0413 | Epoch Time: 0.46s | Spearman@80: 0.5930 | Kendall@80: 0.4210
Epoch 21/150 | Train Loss: 0.0408 | Epoch Time: 0.48s | Spearman@80: 0.5578 | Kendall@80: 0.3900
Epoch 22/150 | Train Loss: 0.0350 | Epoch Time: 0.48s | Spearman@80: 0.5746 | Kendall@80: 0.3995
Epoch 23/150 | Train Loss: 0.0399 | Epoch Time: 0.48s | Spearman@80: 0.5536 | Kendall@80: 0.3862
Epoch 24/150 | Train Loss: 0.0376 | Epoch Time: 0.48s | Spearman@80: 0.5298 | Kendall@80: 0.3634
Epoch 25/150 | Train Loss: 0.0430 | Epoch Time: 0.47s | Spearman@80: 0.5027 | Kendall@80: 0.3494
Epoch 26/150 | Train Loss: 0.0358 | Epoch Time: 0.48s | Spearman@80: 0.5560 | Kendall@80: 0.3957
Epoch 27/150 | Train Loss: 0.0576 | Epoch Time: 0.47s | Spearman@80: 0.5344 | Kendall@80: 0.3748
Epoch 28/150 | Train Loss: 0.0444 | Epoch Time: 0.47s | Spearman@80: 0.6034 | Kendall@80: 0.4350
Epoch 29/150 | Train Loss: 0.0397 | Epoch Time: 0.47s | Spearman@80: 0.5867 | Kendall@80: 0.4134
Epoch 30/150 | Train Loss: 0.0323 | Epoch Time: 0.46s | Spearman@80: 0.5362 | Kendall@80: 0.3735
Epoch 31/150 | Train Loss: 0.0337 | Epoch Time: 0.47s | Spearman@80: 0.5366 | Kendall@80: 0.3691
Epoch 32/150 | Train Loss: 0.0371 | Epoch Time: 0.47s | Spearman@80: 0.5267 | Kendall@80: 0.3697
Epoch 33/150 | Train Loss: 0.0354 | Epoch Time: 0.46s | Spearman@80: 0.5191 | Kendall@80: 0.3735
Epoch 34/150 | Train Loss: 0.0298 | Epoch Time: 0.47s | Spearman@80: 0.4485 | Kendall@80: 0.3121
Epoch 35/150 | Train Loss: 0.0345 | Epoch Time: 0.47s | Spearman@80: 0.4597 | Kendall@80: 0.3298
Epoch 36/150 | Train Loss: 0.0380 | Epoch Time: 0.46s | Spearman@80: 0.5248 | Kendall@80: 0.3710
Epoch 37/150 | Train Loss: 0.0395 | Epoch Time: 0.48s | Spearman@80: 0.5009 | Kendall@80: 0.3551
Epoch 38/150 | Train Loss: 0.0337 | Epoch Time: 0.47s | Spearman@80: 0.4623 | Kendall@80: 0.3235
Epoch 39/150 | Train Loss: 0.0280 | Epoch Time: 0.48s | Spearman@80: 0.4944 | Kendall@80: 0.3393
Epoch 40/150 | Train Loss: 0.0386 | Epoch Time: 0.48s | Spearman@80: 0.4904 | Kendall@80: 0.3488
Epoch 41/150 | Train Loss: 0.0291 | Epoch Time: 0.47s | Spearman@80: 0.5058 | Kendall@80: 0.3482
Epoch 42/150 | Train Loss: 0.0226 | Epoch Time: 0.46s | Spearman@80: 0.4868 | Kendall@80: 0.3361
Epoch 43/150 | Train Loss: 0.0284 | Epoch Time: 0.47s | Spearman@80: 0.4735 | Kendall@80: 0.3241
Epoch 44/150 | Train Loss: 0.0258 | Epoch Time: 0.48s | Spearman@80: 0.4643 | Kendall@80: 0.3292
Epoch 45/150 | Train Loss: 0.0386 | Epoch Time: 0.47s | Spearman@80: 0.4775 | Kendall@80: 0.3216
Epoch 46/150 | Train Loss: 0.0208 | Epoch Time: 0.48s | Spearman@80: 0.4366 | Kendall@80: 0.3152
Epoch 47/150 | Train Loss: 0.0233 | Epoch Time: 0.48s | Spearman@80: 0.4308 | Kendall@80: 0.2949
Epoch 48/150 | Train Loss: 0.0314 | Epoch Time: 0.47s | Spearman@80: 0.4531 | Kendall@80: 0.3114
Epoch 49/150 | Train Loss: 0.0294 | Epoch Time: 0.46s | Spearman@80: 0.5105 | Kendall@80: 0.3507
Epoch 50/150 | Train Loss: 0.0300 | Epoch Time: 0.47s | Spearman@80: 0.5154 | Kendall@80: 0.3621
Epoch 51/150 | Train Loss: 0.0278 | Epoch Time: 0.47s | Spearman@80: 0.5098 | Kendall@80: 0.3615
Epoch 52/150 | Train Loss: 0.0387 | Epoch Time: 0.46s | Spearman@80: 0.4323 | Kendall@80: 0.2949
Epoch 53/150 | Train Loss: 0.0371 | Epoch Time: 0.47s | Spearman@80: 0.4627 | Kendall@80: 0.3228
Epoch 54/150 | Train Loss: 0.0295 | Epoch Time: 0.47s | Spearman@80: 0.4898 | Kendall@80: 0.3406
Epoch 55/150 | Train Loss: 0.0327 | Epoch Time: 0.47s | Spearman@80: 0.4879 | Kendall@80: 0.3393
Epoch 56/150 | Train Loss: 0.0269 | Epoch Time: 0.47s | Spearman@80: 0.4916 | Kendall@80: 0.3463
Epoch 57/150 | Train Loss: 0.0189 | Epoch Time: 0.46s | Spearman@80: 0.4676 | Kendall@80: 0.3406
Epoch 58/150 | Train Loss: 0.0335 | Epoch Time: 0.47s | Spearman@80: 0.4545 | Kendall@80: 0.3171
Epoch 59/150 | Train Loss: 0.0302 | Epoch Time: 0.47s | Spearman@80: 0.4138 | Kendall@80: 0.2899
Epoch 60/150 | Train Loss: 0.0286 | Epoch Time: 0.46s | Spearman@80: 0.5273 | Kendall@80: 0.3710
Epoch 61/150 | Train Loss: 0.0278 | Epoch Time: 0.47s | Spearman@80: 0.4998 | Kendall@80: 0.3431
Epoch 62/150 | Train Loss: 0.0217 | Epoch Time: 0.47s | Spearman@80: 0.4981 | Kendall@80: 0.3444
Epoch 63/150 | Train Loss: 0.0228 | Epoch Time: 0.47s | Spearman@80: 0.4708 | Kendall@80: 0.3266
Epoch 64/150 | Train Loss: 0.0165 | Epoch Time: 0.47s | Spearman@80: 0.4611 | Kendall@80: 0.3266
Epoch 65/150 | Train Loss: 0.0217 | Epoch Time: 0.48s | Spearman@80: 0.4634 | Kendall@80: 0.3247
Epoch 66/150 | Train Loss: 0.0211 | Epoch Time: 0.53s | Spearman@80: 0.4504 | Kendall@80: 0.3171
Epoch 67/150 | Train Loss: 0.0224 | Epoch Time: 0.52s | Spearman@80: 0.4770 | Kendall@80: 0.3273
Epoch 68/150 | Train Loss: 0.0259 | Epoch Time: 0.53s | Spearman@80: 0.4777 | Kendall@80: 0.3311
Epoch 69/150 | Train Loss: 0.0307 | Epoch Time: 0.53s | Spearman@80: 0.4492 | Kendall@80: 0.3057
Epoch 70/150 | Train Loss: 0.0280 | Epoch Time: 0.52s | Spearman@80: 0.4277 | Kendall@80: 0.2937
Epoch 71/150 | Train Loss: 0.0291 | Epoch Time: 0.53s | Spearman@80: 0.4785 | Kendall@80: 0.3273
Epoch 72/150 | Train Loss: 0.0202 | Epoch Time: 0.54s | Spearman@80: 0.5036 | Kendall@80: 0.3532
Epoch 73/150 | Train Loss: 0.0300 | Epoch Time: 0.55s | Spearman@80: 0.4984 | Kendall@80: 0.3488
Epoch 74/150 | Train Loss: 0.0219 | Epoch Time: 0.55s | Spearman@80: 0.4855 | Kendall@80: 0.3317
Epoch 75/150 | Train Loss: 0.0232 | Epoch Time: 0.53s | Spearman@80: 0.4752 | Kendall@80: 0.3247
Epoch 76/150 | Train Loss: 0.0222 | Epoch Time: 0.55s | Spearman@80: 0.4589 | Kendall@80: 0.3203
Epoch 77/150 | Train Loss: 0.0202 | Epoch Time: 0.54s | Spearman@80: 0.4355 | Kendall@80: 0.3045
Epoch 78/150 | Train Loss: 0.0209 | Epoch Time: 0.54s | Spearman@80: 0.4723 | Kendall@80: 0.3317
Epoch 79/150 | Train Loss: 0.0178 | Epoch Time: 0.54s | Spearman@80: 0.4533 | Kendall@80: 0.3222
Epoch 80/150 | Train Loss: 0.0240 | Epoch Time: 0.52s | Spearman@80: 0.4504 | Kendall@80: 0.3165
Epoch 81/150 | Train Loss: 0.0151 | Epoch Time: 0.54s | Spearman@80: 0.4407 | Kendall@80: 0.3032
Epoch 82/150 | Train Loss: 0.0195 | Epoch Time: 0.53s | Spearman@80: 0.4865 | Kendall@80: 0.3425
Epoch 83/150 | Train Loss: 0.0206 | Epoch Time: 0.52s | Spearman@80: 0.4922 | Kendall@80: 0.3501
Epoch 84/150 | Train Loss: 0.0186 | Epoch Time: 0.53s | Spearman@80: 0.4865 | Kendall@80: 0.3399
Epoch 85/150 | Train Loss: 0.0192 | Epoch Time: 0.53s | Spearman@80: 0.4806 | Kendall@80: 0.3412
Epoch 86/150 | Train Loss: 0.0163 | Epoch Time: 0.53s | Spearman@80: 0.4833 | Kendall@80: 0.3399
Epoch 87/150 | Train Loss: 0.0128 | Epoch Time: 0.53s | Spearman@80: 0.4537 | Kendall@80: 0.3209
Epoch 88/150 | Train Loss: 0.0130 | Epoch Time: 0.53s | Spearman@80: 0.4483 | Kendall@80: 0.3070
Epoch 89/150 | Train Loss: 0.0237 | Epoch Time: 0.53s | Spearman@80: 0.4471 | Kendall@80: 0.3133
Epoch 90/150 | Train Loss: 0.0134 | Epoch Time: 0.52s | Spearman@80: 0.4337 | Kendall@80: 0.3019
Epoch 91/150 | Train Loss: 0.0150 | Epoch Time: 0.53s | Spearman@80: 0.4385 | Kendall@80: 0.3038
Epoch 92/150 | Train Loss: 0.0161 | Epoch Time: 0.53s | Spearman@80: 0.4355 | Kendall@80: 0.3089
Epoch 93/150 | Train Loss: 0.0158 | Epoch Time: 0.53s | Spearman@80: 0.4332 | Kendall@80: 0.3000
Epoch 94/150 | Train Loss: 0.0202 | Epoch Time: 0.53s | Spearman@80: 0.4484 | Kendall@80: 0.3146
Epoch 95/150 | Train Loss: 0.0152 | Epoch Time: 0.53s | Spearman@80: 0.4402 | Kendall@80: 0.3114
Epoch 96/150 | Train Loss: 0.0207 | Epoch Time: 0.53s | Spearman@80: 0.4470 | Kendall@80: 0.3152
Epoch 97/150 | Train Loss: 0.0113 | Epoch Time: 0.53s | Spearman@80: 0.4371 | Kendall@80: 0.3076
Epoch 98/150 | Train Loss: 0.0172 | Epoch Time: 0.53s | Spearman@80: 0.4304 | Kendall@80: 0.3026
Epoch 99/150 | Train Loss: 0.0118 | Epoch Time: 0.53s | Spearman@80: 0.3994 | Kendall@80: 0.2747
Epoch 100/150 | Train Loss: 0.0191 | Epoch Time: 0.53s | Spearman@80: 0.3783 | Kendall@80: 0.2671
Epoch 101/150 | Train Loss: 0.0186 | Epoch Time: 0.53s | Spearman@80: 0.4240 | Kendall@80: 0.3006
Epoch 102/150 | Train Loss: 0.0159 | Epoch Time: 0.52s | Spearman@80: 0.4581 | Kendall@80: 0.3260
Epoch 103/150 | Train Loss: 0.0169 | Epoch Time: 0.53s | Spearman@80: 0.4348 | Kendall@80: 0.3114
Epoch 104/150 | Train Loss: 0.0132 | Epoch Time: 0.53s | Spearman@80: 0.4313 | Kendall@80: 0.3121
Epoch 105/150 | Train Loss: 0.0104 | Epoch Time: 0.53s | Spearman@80: 0.4234 | Kendall@80: 0.2994
Epoch 106/150 | Train Loss: 0.0130 | Epoch Time: 0.53s | Spearman@80: 0.4272 | Kendall@80: 0.3083
Epoch 107/150 | Train Loss: 0.0138 | Epoch Time: 0.53s | Spearman@80: 0.4204 | Kendall@80: 0.3000
Epoch 108/150 | Train Loss: 0.0130 | Epoch Time: 0.53s | Spearman@80: 0.3983 | Kendall@80: 0.2823
Epoch 109/150 | Train Loss: 0.0114 | Epoch Time: 0.52s | Spearman@80: 0.4100 | Kendall@80: 0.2899
Epoch 110/150 | Train Loss: 0.0099 | Epoch Time: 0.52s | Spearman@80: 0.4063 | Kendall@80: 0.2886
Epoch 111/150 | Train Loss: 0.0162 | Epoch Time: 0.52s | Spearman@80: 0.4183 | Kendall@80: 0.3013
Epoch 112/150 | Train Loss: 0.0106 | Epoch Time: 0.52s | Spearman@80: 0.4157 | Kendall@80: 0.2968
Epoch 113/150 | Train Loss: 0.0118 | Epoch Time: 0.53s | Spearman@80: 0.4188 | Kendall@80: 0.2956
Epoch 114/150 | Train Loss: 0.0124 | Epoch Time: 0.54s | Spearman@80: 0.4207 | Kendall@80: 0.3006
Epoch 115/150 | Train Loss: 0.0111 | Epoch Time: 0.52s | Spearman@80: 0.4222 | Kendall@80: 0.2994
Epoch 116/150 | Train Loss: 0.0148 | Epoch Time: 0.53s | Spearman@80: 0.4253 | Kendall@80: 0.2987
Epoch 117/150 | Train Loss: 0.0123 | Epoch Time: 0.53s | Spearman@80: 0.4194 | Kendall@80: 0.2930
Epoch 118/150 | Train Loss: 0.0134 | Epoch Time: 0.53s | Spearman@80: 0.4201 | Kendall@80: 0.2956
Epoch 119/150 | Train Loss: 0.0076 | Epoch Time: 0.52s | Spearman@80: 0.4258 | Kendall@80: 0.3026
Epoch 120/150 | Train Loss: 0.0115 | Epoch Time: 0.53s | Spearman@80: 0.4134 | Kendall@80: 0.2937
Epoch 121/150 | Train Loss: 0.0110 | Epoch Time: 0.53s | Spearman@80: 0.4226 | Kendall@80: 0.2994
Epoch 122/150 | Train Loss: 0.0104 | Epoch Time: 0.53s | Spearman@80: 0.4310 | Kendall@80: 0.3057
Epoch 123/150 | Train Loss: 0.0104 | Epoch Time: 0.53s | Spearman@80: 0.4171 | Kendall@80: 0.2943
Epoch 124/150 | Train Loss: 0.0138 | Epoch Time: 0.53s | Spearman@80: 0.4205 | Kendall@80: 0.3000
Epoch 125/150 | Train Loss: 0.0115 | Epoch Time: 0.53s | Spearman@80: 0.4228 | Kendall@80: 0.3006
Epoch 126/150 | Train Loss: 0.0138 | Epoch Time: 0.52s | Spearman@80: 0.4291 | Kendall@80: 0.3032
Epoch 127/150 | Train Loss: 0.0082 | Epoch Time: 0.53s | Spearman@80: 0.4302 | Kendall@80: 0.3045
Epoch 128/150 | Train Loss: 0.0101 | Epoch Time: 0.53s | Spearman@80: 0.4278 | Kendall@80: 0.3000
Epoch 129/150 | Train Loss: 0.0094 | Epoch Time: 0.53s | Spearman@80: 0.4321 | Kendall@80: 0.3076
Epoch 130/150 | Train Loss: 0.0079 | Epoch Time: 0.54s | Spearman@80: 0.4338 | Kendall@80: 0.3083
Epoch 131/150 | Train Loss: 0.0088 | Epoch Time: 0.54s | Spearman@80: 0.4346 | Kendall@80: 0.3070
Epoch 132/150 | Train Loss: 0.0131 | Epoch Time: 0.53s | Spearman@80: 0.4267 | Kendall@80: 0.3032
Epoch 133/150 | Train Loss: 0.0113 | Epoch Time: 0.54s | Spearman@80: 0.4277 | Kendall@80: 0.3038
Epoch 134/150 | Train Loss: 0.0093 | Epoch Time: 0.54s | Spearman@80: 0.4172 | Kendall@80: 0.2956
Epoch 135/150 | Train Loss: 0.0095 | Epoch Time: 0.53s | Spearman@80: 0.4301 | Kendall@80: 0.3019
Epoch 136/150 | Train Loss: 0.0087 | Epoch Time: 0.54s | Spearman@80: 0.4217 | Kendall@80: 0.2975
Epoch 137/150 | Train Loss: 0.0119 | Epoch Time: 0.54s | Spearman@80: 0.4235 | Kendall@80: 0.2975
Epoch 138/150 | Train Loss: 0.0119 | Epoch Time: 0.54s | Spearman@80: 0.4235 | Kendall@80: 0.3006
Epoch 139/150 | Train Loss: 0.0100 | Epoch Time: 0.53s | Spearman@80: 0.4189 | Kendall@80: 0.2949
Epoch 140/150 | Train Loss: 0.0075 | Epoch Time: 0.53s | Spearman@80: 0.4217 | Kendall@80: 0.2975
Epoch 141/150 | Train Loss: 0.0076 | Epoch Time: 0.54s | Spearman@80: 0.4267 | Kendall@80: 0.3019
Epoch 142/150 | Train Loss: 0.0105 | Epoch Time: 0.53s | Spearman@80: 0.4334 | Kendall@80: 0.3057
Epoch 143/150 | Train Loss: 0.0110 | Epoch Time: 0.52s | Spearman@80: 0.4204 | Kendall@80: 0.2962
Epoch 144/150 | Train Loss: 0.0134 | Epoch Time: 0.53s | Spearman@80: 0.4171 | Kendall@80: 0.2937
Epoch 145/150 | Train Loss: 0.0074 | Epoch Time: 0.53s | Spearman@80: 0.4258 | Kendall@80: 0.3000
Epoch 146/150 | Train Loss: 0.0074 | Epoch Time: 0.53s | Spearman@80: 0.4313 | Kendall@80: 0.3057
Epoch 147/150 | Train Loss: 0.0094 | Epoch Time: 1.59s | Spearman@4934: 0.4943 | Kendall@4934: 0.3425
Epoch 148/150 | Train Loss: 0.0089 | Epoch Time: 1.45s | Spearman@4934: 0.5001 | Kendall@4934: 0.3468
Epoch 149/150 | Train Loss: 0.0100 | Epoch Time: 1.43s | Spearman@4934: 0.4981 | Kendall@4934: 0.3453
Epoch 150/150 | Train Loss: 0.0125 | Epoch Time: 1.44s | Spearman@4934: 0.4961 | Kendall@4934: 0.3438
Sample Count: 64, Spearman: 0.49717488429347395, Kendall: 0.34457902778720073
{64: (0.49717488429347395, 0.34457902778720073),
 128: (0.559783848262285, 0.3921766516013109)}
Epoch 1/150 | Train Loss: 0.0984 | Epoch Time: 0.91s | Spearman@80: 0.5815 | Kendall@80: 0.3981
Epoch 2/150 | Train Loss: 0.0888 | Epoch Time: 0.90s | Spearman@80: 0.5453 | Kendall@80: 0.3728
Epoch 3/150 | Train Loss: 0.0695 | Epoch Time: 0.90s | Spearman@80: 0.5264 | Kendall@80: 0.3740
Epoch 4/150 | Train Loss: 0.0672 | Epoch Time: 0.90s | Spearman@80: 0.6318 | Kendall@80: 0.4355
Epoch 5/150 | Train Loss: 0.0692 | Epoch Time: 0.90s | Spearman@80: 0.6026 | Kendall@80: 0.4228
Epoch 6/150 | Train Loss: 0.0622 | Epoch Time: 0.91s | Spearman@80: 0.6321 | Kendall@80: 0.4475
Epoch 7/150 | Train Loss: 0.0604 | Epoch Time: 0.92s | Spearman@80: 0.5862 | Kendall@80: 0.4158
Epoch 8/150 | Train Loss: 0.0596 | Epoch Time: 0.93s | Spearman@80: 0.5442 | Kendall@80: 0.3886
Epoch 9/150 | Train Loss: 0.0687 | Epoch Time: 0.92s | Spearman@80: 0.5668 | Kendall@80: 0.4025
Epoch 10/150 | Train Loss: 0.0665 | Epoch Time: 0.93s | Spearman@80: 0.5991 | Kendall@80: 0.4209
Epoch 11/150 | Train Loss: 0.0668 | Epoch Time: 0.91s | Spearman@80: 0.6352 | Kendall@80: 0.4488
Epoch 12/150 | Train Loss: 0.0632 | Epoch Time: 0.91s | Spearman@80: 0.6238 | Kendall@80: 0.4507
Epoch 13/150 | Train Loss: 0.0616 | Epoch Time: 0.90s | Spearman@80: 0.6290 | Kendall@80: 0.4456
Epoch 14/150 | Train Loss: 0.0680 | Epoch Time: 0.90s | Spearman@80: 0.6634 | Kendall@80: 0.4766
Epoch 15/150 | Train Loss: 0.0521 | Epoch Time: 0.90s | Spearman@80: 0.6526 | Kendall@80: 0.4633
Epoch 16/150 | Train Loss: 0.0629 | Epoch Time: 0.90s | Spearman@80: 0.6776 | Kendall@80: 0.4880
Epoch 17/150 | Train Loss: 0.0577 | Epoch Time: 0.90s | Spearman@80: 0.6606 | Kendall@80: 0.4716
Epoch 18/150 | Train Loss: 0.0540 | Epoch Time: 0.90s | Spearman@80: 0.6690 | Kendall@80: 0.4785
Epoch 19/150 | Train Loss: 0.0519 | Epoch Time: 0.90s | Spearman@80: 0.6697 | Kendall@80: 0.4861
Epoch 20/150 | Train Loss: 0.0569 | Epoch Time: 0.90s | Spearman@80: 0.6841 | Kendall@80: 0.4893
Epoch 21/150 | Train Loss: 0.0538 | Epoch Time: 0.90s | Spearman@80: 0.6714 | Kendall@80: 0.4836
Epoch 22/150 | Train Loss: 0.0508 | Epoch Time: 0.91s | Spearman@80: 0.6604 | Kendall@80: 0.4754
Epoch 23/150 | Train Loss: 0.0575 | Epoch Time: 0.93s | Spearman@80: 0.6127 | Kendall@80: 0.4437
Epoch 24/150 | Train Loss: 0.0503 | Epoch Time: 0.97s | Spearman@80: 0.5760 | Kendall@80: 0.4228
Epoch 25/150 | Train Loss: 0.0580 | Epoch Time: 0.94s | Spearman@80: 0.6410 | Kendall@80: 0.4488
Epoch 26/150 | Train Loss: 0.0545 | Epoch Time: 0.94s | Spearman@80: 0.6297 | Kendall@80: 0.4507
Epoch 27/150 | Train Loss: 0.0508 | Epoch Time: 0.94s | Spearman@80: 0.6544 | Kendall@80: 0.4678
Epoch 28/150 | Train Loss: 0.0534 | Epoch Time: 0.90s | Spearman@80: 0.5922 | Kendall@80: 0.4367
Epoch 29/150 | Train Loss: 0.0503 | Epoch Time: 0.92s | Spearman@80: 0.6379 | Kendall@80: 0.4513
Epoch 30/150 | Train Loss: 0.0520 | Epoch Time: 0.93s | Spearman@80: 0.6727 | Kendall@80: 0.4855
Epoch 31/150 | Train Loss: 0.0487 | Epoch Time: 0.92s | Spearman@80: 0.6543 | Kendall@80: 0.4716
Epoch 32/150 | Train Loss: 0.0443 | Epoch Time: 0.91s | Spearman@80: 0.6314 | Kendall@80: 0.4507
Epoch 33/150 | Train Loss: 0.0436 | Epoch Time: 0.91s | Spearman@80: 0.6466 | Kendall@80: 0.4652
Epoch 34/150 | Train Loss: 0.0451 | Epoch Time: 0.93s | Spearman@80: 0.6227 | Kendall@80: 0.4481
Epoch 35/150 | Train Loss: 0.0426 | Epoch Time: 0.92s | Spearman@80: 0.6256 | Kendall@80: 0.4437
Epoch 36/150 | Train Loss: 0.0438 | Epoch Time: 0.93s | Spearman@80: 0.5236 | Kendall@80: 0.3753
Epoch 37/150 | Train Loss: 0.0496 | Epoch Time: 0.92s | Spearman@80: 0.7034 | Kendall@80: 0.5115
Epoch 38/150 | Train Loss: 0.0431 | Epoch Time: 0.93s | Spearman@80: 0.6801 | Kendall@80: 0.4975
Epoch 39/150 | Train Loss: 0.0415 | Epoch Time: 0.92s | Spearman@80: 0.6349 | Kendall@80: 0.4671
Epoch 40/150 | Train Loss: 0.0418 | Epoch Time: 0.93s | Spearman@80: 0.6771 | Kendall@80: 0.4906
Epoch 41/150 | Train Loss: 0.0468 | Epoch Time: 0.92s | Spearman@80: 0.5474 | Kendall@80: 0.3987
Epoch 42/150 | Train Loss: 0.0411 | Epoch Time: 0.93s | Spearman@80: 0.6386 | Kendall@80: 0.4589
Epoch 43/150 | Train Loss: 0.0331 | Epoch Time: 0.92s | Spearman@80: 0.6351 | Kendall@80: 0.4709
Epoch 44/150 | Train Loss: 0.0404 | Epoch Time: 0.92s | Spearman@80: 0.5862 | Kendall@80: 0.4234
Epoch 45/150 | Train Loss: 0.0276 | Epoch Time: 0.93s | Spearman@80: 0.6541 | Kendall@80: 0.4836
Epoch 46/150 | Train Loss: 0.0370 | Epoch Time: 0.92s | Spearman@80: 0.6977 | Kendall@80: 0.5089
Epoch 47/150 | Train Loss: 0.0408 | Epoch Time: 0.90s | Spearman@80: 0.6713 | Kendall@80: 0.4868
Epoch 48/150 | Train Loss: 0.0475 | Epoch Time: 0.92s | Spearman@80: 0.6365 | Kendall@80: 0.4538
Epoch 49/150 | Train Loss: 0.0347 | Epoch Time: 0.92s | Spearman@80: 0.6318 | Kendall@80: 0.4614
Epoch 50/150 | Train Loss: 0.0339 | Epoch Time: 0.92s | Spearman@80: 0.6232 | Kendall@80: 0.4564
Epoch 51/150 | Train Loss: 0.0324 | Epoch Time: 0.90s | Spearman@80: 0.5882 | Kendall@80: 0.4399
Epoch 52/150 | Train Loss: 0.0313 | Epoch Time: 0.90s | Spearman@80: 0.6690 | Kendall@80: 0.4887
Epoch 53/150 | Train Loss: 0.0229 | Epoch Time: 0.90s | Spearman@80: 0.6881 | Kendall@80: 0.5013
Epoch 54/150 | Train Loss: 0.0345 | Epoch Time: 0.91s | Spearman@80: 0.7006 | Kendall@80: 0.5064
Epoch 55/150 | Train Loss: 0.0306 | Epoch Time: 0.92s | Spearman@80: 0.6664 | Kendall@80: 0.4811
Epoch 56/150 | Train Loss: 0.0303 | Epoch Time: 0.93s | Spearman@80: 0.6904 | Kendall@80: 0.4969
Epoch 57/150 | Train Loss: 0.0254 | Epoch Time: 0.92s | Spearman@80: 0.6773 | Kendall@80: 0.4931
Epoch 58/150 | Train Loss: 0.0262 | Epoch Time: 0.93s | Spearman@80: 0.6461 | Kendall@80: 0.4652
Epoch 59/150 | Train Loss: 0.0288 | Epoch Time: 0.92s | Spearman@80: 0.6860 | Kendall@80: 0.5064
Epoch 60/150 | Train Loss: 0.0330 | Epoch Time: 0.91s | Spearman@80: 0.6895 | Kendall@80: 0.5032
Epoch 61/150 | Train Loss: 0.0297 | Epoch Time: 0.92s | Spearman@80: 0.5862 | Kendall@80: 0.4209
Epoch 62/150 | Train Loss: 0.0336 | Epoch Time: 0.90s | Spearman@80: 0.6755 | Kendall@80: 0.4969
Epoch 63/150 | Train Loss: 0.0357 | Epoch Time: 0.90s | Spearman@80: 0.6485 | Kendall@80: 0.4513
Epoch 64/150 | Train Loss: 0.0302 | Epoch Time: 0.90s | Spearman@80: 0.6545 | Kendall@80: 0.4779
Epoch 65/150 | Train Loss: 0.0226 | Epoch Time: 0.91s | Spearman@80: 0.6794 | Kendall@80: 0.4975
Epoch 66/150 | Train Loss: 0.0255 | Epoch Time: 0.90s | Spearman@80: 0.6876 | Kendall@80: 0.5089
Epoch 67/150 | Train Loss: 0.0316 | Epoch Time: 0.90s | Spearman@80: 0.6257 | Kendall@80: 0.4551
Epoch 68/150 | Train Loss: 0.0298 | Epoch Time: 0.90s | Spearman@80: 0.6301 | Kendall@80: 0.4684
Epoch 69/150 | Train Loss: 0.0219 | Epoch Time: 0.91s | Spearman@80: 0.6096 | Kendall@80: 0.4513
Epoch 70/150 | Train Loss: 0.0261 | Epoch Time: 0.92s | Spearman@80: 0.6793 | Kendall@80: 0.4956
Epoch 71/150 | Train Loss: 0.0253 | Epoch Time: 0.92s | Spearman@80: 0.6866 | Kendall@80: 0.5020
Epoch 72/150 | Train Loss: 0.0195 | Epoch Time: 0.92s | Spearman@80: 0.6265 | Kendall@80: 0.4659
Epoch 73/150 | Train Loss: 0.0213 | Epoch Time: 0.90s | Spearman@80: 0.5921 | Kendall@80: 0.4355
Epoch 74/150 | Train Loss: 0.0239 | Epoch Time: 0.90s | Spearman@80: 0.6430 | Kendall@80: 0.4804
Epoch 75/150 | Train Loss: 0.0234 | Epoch Time: 0.90s | Spearman@80: 0.6574 | Kendall@80: 0.4880
Epoch 76/150 | Train Loss: 0.0225 | Epoch Time: 0.90s | Spearman@80: 0.6980 | Kendall@80: 0.5197
Epoch 77/150 | Train Loss: 0.0229 | Epoch Time: 0.90s | Spearman@80: 0.6660 | Kendall@80: 0.4861
Epoch 78/150 | Train Loss: 0.0190 | Epoch Time: 0.90s | Spearman@80: 0.6737 | Kendall@80: 0.4969
Epoch 79/150 | Train Loss: 0.0170 | Epoch Time: 0.90s | Spearman@80: 0.6388 | Kendall@80: 0.4735
Epoch 80/150 | Train Loss: 0.0205 | Epoch Time: 0.90s | Spearman@80: 0.6524 | Kendall@80: 0.4741
Epoch 81/150 | Train Loss: 0.0203 | Epoch Time: 0.92s | Spearman@80: 0.6450 | Kendall@80: 0.4842
Epoch 82/150 | Train Loss: 0.0203 | Epoch Time: 0.91s | Spearman@80: 0.6626 | Kendall@80: 0.4880
Epoch 83/150 | Train Loss: 0.0168 | Epoch Time: 0.90s | Spearman@80: 0.6705 | Kendall@80: 0.4994
Epoch 84/150 | Train Loss: 0.0241 | Epoch Time: 0.90s | Spearman@80: 0.6010 | Kendall@80: 0.4494
Epoch 85/150 | Train Loss: 0.0204 | Epoch Time: 0.91s | Spearman@80: 0.6462 | Kendall@80: 0.4804
Epoch 86/150 | Train Loss: 0.0157 | Epoch Time: 0.93s | Spearman@80: 0.6515 | Kendall@80: 0.4823
Epoch 87/150 | Train Loss: 0.0183 | Epoch Time: 0.92s | Spearman@80: 0.6388 | Kendall@80: 0.4633
Epoch 88/150 | Train Loss: 0.0204 | Epoch Time: 0.92s | Spearman@80: 0.6196 | Kendall@80: 0.4684
Epoch 89/150 | Train Loss: 0.0134 | Epoch Time: 0.93s | Spearman@80: 0.6642 | Kendall@80: 0.4918
Epoch 90/150 | Train Loss: 0.0186 | Epoch Time: 0.91s | Spearman@80: 0.6168 | Kendall@80: 0.4570
Epoch 91/150 | Train Loss: 0.0147 | Epoch Time: 0.91s | Spearman@80: 0.6464 | Kendall@80: 0.4722
Epoch 92/150 | Train Loss: 0.0158 | Epoch Time: 0.92s | Spearman@80: 0.5973 | Kendall@80: 0.4469
Epoch 93/150 | Train Loss: 0.0167 | Epoch Time: 0.93s | Spearman@80: 0.6766 | Kendall@80: 0.4969
Epoch 94/150 | Train Loss: 0.0202 | Epoch Time: 0.95s | Spearman@80: 0.6483 | Kendall@80: 0.4804
Epoch 95/150 | Train Loss: 0.0168 | Epoch Time: 0.92s | Spearman@80: 0.6110 | Kendall@80: 0.4583
Epoch 96/150 | Train Loss: 0.0191 | Epoch Time: 0.94s | Spearman@80: 0.6488 | Kendall@80: 0.4741
Epoch 97/150 | Train Loss: 0.0158 | Epoch Time: 0.95s | Spearman@80: 0.6202 | Kendall@80: 0.4678
Epoch 98/150 | Train Loss: 0.0147 | Epoch Time: 0.94s | Spearman@80: 0.6696 | Kendall@80: 0.4937
Epoch 99/150 | Train Loss: 0.0208 | Epoch Time: 1.03s | Spearman@80: 0.6392 | Kendall@80: 0.4716
Epoch 100/150 | Train Loss: 0.0112 | Epoch Time: 1.03s | Spearman@80: 0.6848 | Kendall@80: 0.5051
Epoch 101/150 | Train Loss: 0.0142 | Epoch Time: 1.02s | Spearman@80: 0.6280 | Kendall@80: 0.4659
Epoch 102/150 | Train Loss: 0.0154 | Epoch Time: 1.02s | Spearman@80: 0.6689 | Kendall@80: 0.4969
Epoch 103/150 | Train Loss: 0.0159 | Epoch Time: 1.02s | Spearman@80: 0.6667 | Kendall@80: 0.4918
Epoch 104/150 | Train Loss: 0.0120 | Epoch Time: 1.02s | Spearman@80: 0.6701 | Kendall@80: 0.4982
Epoch 105/150 | Train Loss: 0.0112 | Epoch Time: 1.02s | Spearman@80: 0.6658 | Kendall@80: 0.4944
Epoch 106/150 | Train Loss: 0.0139 | Epoch Time: 1.03s | Spearman@80: 0.6190 | Kendall@80: 0.4602
Epoch 107/150 | Train Loss: 0.0186 | Epoch Time: 1.02s | Spearman@80: 0.6692 | Kendall@80: 0.4925
Epoch 108/150 | Train Loss: 0.0188 | Epoch Time: 1.02s | Spearman@80: 0.6790 | Kendall@80: 0.5007
Epoch 109/150 | Train Loss: 0.0131 | Epoch Time: 1.02s | Spearman@80: 0.6444 | Kendall@80: 0.4728
Epoch 110/150 | Train Loss: 0.0089 | Epoch Time: 1.02s | Spearman@80: 0.6722 | Kendall@80: 0.4988
Epoch 111/150 | Train Loss: 0.0090 | Epoch Time: 1.02s | Spearman@80: 0.6610 | Kendall@80: 0.4906
Epoch 112/150 | Train Loss: 0.0098 | Epoch Time: 1.03s | Spearman@80: 0.6637 | Kendall@80: 0.4937
Epoch 113/150 | Train Loss: 0.0124 | Epoch Time: 1.02s | Spearman@80: 0.6833 | Kendall@80: 0.5026
Epoch 114/150 | Train Loss: 0.0114 | Epoch Time: 1.04s | Spearman@80: 0.6855 | Kendall@80: 0.5020
Epoch 115/150 | Train Loss: 0.0157 | Epoch Time: 1.02s | Spearman@80: 0.6749 | Kendall@80: 0.5001
Epoch 116/150 | Train Loss: 0.0114 | Epoch Time: 1.02s | Spearman@80: 0.6606 | Kendall@80: 0.4868
Epoch 117/150 | Train Loss: 0.0120 | Epoch Time: 1.03s | Spearman@80: 0.6653 | Kendall@80: 0.4899
Epoch 118/150 | Train Loss: 0.0088 | Epoch Time: 1.02s | Spearman@80: 0.6620 | Kendall@80: 0.4906
Epoch 119/150 | Train Loss: 0.0145 | Epoch Time: 1.02s | Spearman@80: 0.6353 | Kendall@80: 0.4627
Epoch 120/150 | Train Loss: 0.0135 | Epoch Time: 1.02s | Spearman@80: 0.6677 | Kendall@80: 0.4963
Epoch 121/150 | Train Loss: 0.0105 | Epoch Time: 1.02s | Spearman@80: 0.6567 | Kendall@80: 0.4918
Epoch 122/150 | Train Loss: 0.0145 | Epoch Time: 1.02s | Spearman@80: 0.6709 | Kendall@80: 0.4937
Epoch 123/150 | Train Loss: 0.0097 | Epoch Time: 1.04s | Spearman@80: 0.6753 | Kendall@80: 0.4988
Epoch 124/150 | Train Loss: 0.0106 | Epoch Time: 1.03s | Spearman@80: 0.6643 | Kendall@80: 0.4956
Epoch 125/150 | Train Loss: 0.0118 | Epoch Time: 1.02s | Spearman@80: 0.6653 | Kendall@80: 0.4950
Epoch 126/150 | Train Loss: 0.0084 | Epoch Time: 1.02s | Spearman@80: 0.6585 | Kendall@80: 0.4925
Epoch 127/150 | Train Loss: 0.0101 | Epoch Time: 1.03s | Spearman@80: 0.6668 | Kendall@80: 0.4975
Epoch 128/150 | Train Loss: 0.0114 | Epoch Time: 1.02s | Spearman@80: 0.6652 | Kendall@80: 0.4950
Epoch 129/150 | Train Loss: 0.0066 | Epoch Time: 1.03s | Spearman@80: 0.6830 | Kendall@80: 0.5070
Epoch 130/150 | Train Loss: 0.0116 | Epoch Time: 1.03s | Spearman@80: 0.6664 | Kendall@80: 0.4887
Epoch 131/150 | Train Loss: 0.0094 | Epoch Time: 1.02s | Spearman@80: 0.6600 | Kendall@80: 0.4874
Epoch 132/150 | Train Loss: 0.0122 | Epoch Time: 1.03s | Spearman@80: 0.6596 | Kendall@80: 0.4887
Epoch 133/150 | Train Loss: 0.0103 | Epoch Time: 1.02s | Spearman@80: 0.6591 | Kendall@80: 0.4861
Epoch 134/150 | Train Loss: 0.0108 | Epoch Time: 1.02s | Spearman@80: 0.6607 | Kendall@80: 0.4878
Epoch 135/150 | Train Loss: 0.0089 | Epoch Time: 1.02s | Spearman@80: 0.6708 | Kendall@80: 0.4950
Epoch 136/150 | Train Loss: 0.0107 | Epoch Time: 1.02s | Spearman@80: 0.6666 | Kendall@80: 0.4931
Epoch 137/150 | Train Loss: 0.0093 | Epoch Time: 1.02s | Spearman@80: 0.6618 | Kendall@80: 0.4893
Epoch 138/150 | Train Loss: 0.0131 | Epoch Time: 1.02s | Spearman@80: 0.6570 | Kendall@80: 0.4855
Epoch 139/150 | Train Loss: 0.0066 | Epoch Time: 1.02s | Spearman@80: 0.6562 | Kendall@80: 0.4874
Epoch 140/150 | Train Loss: 0.0114 | Epoch Time: 1.02s | Spearman@80: 0.6592 | Kendall@80: 0.4893
Epoch 141/150 | Train Loss: 0.0143 | Epoch Time: 1.02s | Spearman@80: 0.6599 | Kendall@80: 0.4874
Epoch 142/150 | Train Loss: 0.0071 | Epoch Time: 1.02s | Spearman@80: 0.6598 | Kendall@80: 0.4893
Epoch 143/150 | Train Loss: 0.0112 | Epoch Time: 1.04s | Spearman@80: 0.6627 | Kendall@80: 0.4912
Epoch 144/150 | Train Loss: 0.0076 | Epoch Time: 1.03s | Spearman@80: 0.6605 | Kendall@80: 0.4887
Epoch 145/150 | Train Loss: 0.0097 | Epoch Time: 1.05s | Spearman@80: 0.6650 | Kendall@80: 0.4944
Epoch 146/150 | Train Loss: 0.0066 | Epoch Time: 1.03s | Spearman@80: 0.6732 | Kendall@80: 0.5013
Epoch 147/150 | Train Loss: 0.0127 | Epoch Time: 2.07s | Spearman@4870: 0.6792 | Kendall@4870: 0.4945
Epoch 148/150 | Train Loss: 0.0132 | Epoch Time: 1.87s | Spearman@4870: 0.6785 | Kendall@4870: 0.4939
Epoch 149/150 | Train Loss: 0.0069 | Epoch Time: 1.87s | Spearman@4870: 0.6810 | Kendall@4870: 0.4961
Epoch 150/150 | Train Loss: 0.0131 | Epoch Time: 1.88s | Spearman@4870: 0.6781 | Kendall@4870: 0.4936
Sample Count: 128, Spearman: 0.679196853953115, Kendall: 0.49454104888322153
{64: (0.49717488429347395, 0.34457902778720073),
 128: (0.679196853953115, 0.49454104888322153)}
Average KDT:  0.31838687746337013
Variance KDT:  0.0011251240706365115
Average SPR:  0.4615021239974344
Variance SPR:  0.0020742274122908157
Average KDT:  0.4208369490622997
Variance KDT:  0.0027608837040018243
Average SPR:  0.5919286999505505
Variance SPR:  0.0038958668837031697
