normalizing task:  Amoeba.json
normalizing task:  PNAS_fix-w-d.json
normalizing task:  ENAS_fix-w-d.json
normalizing task:  NASNet.json
normalizing task:  DARTS.json
normalizing task:  ENAS.json
normalizing task:  PNAS.json
normalizing task:  DARTS_lr-wd.json
normalizing task:  DARTS_fix-w-d.json
Epoch 1/150 | Train Loss: 0.0991 | Epoch Time: 0.85s | Spearman@80: 0.3514 | Kendall@80: 0.2342
Epoch 2/150 | Train Loss: 0.0900 | Epoch Time: 0.40s | Spearman@80: 0.1799 | Kendall@80: 0.1290
Epoch 3/150 | Train Loss: 0.0798 | Epoch Time: 0.40s | Spearman@80: 0.2924 | Kendall@80: 0.2025
Epoch 4/150 | Train Loss: 0.0776 | Epoch Time: 0.40s | Spearman@80: 0.2967 | Kendall@80: 0.2038
Epoch 5/150 | Train Loss: 0.0629 | Epoch Time: 0.40s | Spearman@80: 0.3738 | Kendall@80: 0.2653
Epoch 6/150 | Train Loss: 0.0651 | Epoch Time: 0.40s | Spearman@80: 0.3567 | Kendall@80: 0.2418
Epoch 7/150 | Train Loss: 0.0675 | Epoch Time: 0.40s | Spearman@80: 0.3492 | Kendall@80: 0.2361
Epoch 8/150 | Train Loss: 0.0645 | Epoch Time: 0.40s | Spearman@80: 0.3661 | Kendall@80: 0.2386
Epoch 9/150 | Train Loss: 0.0655 | Epoch Time: 0.40s | Spearman@80: 0.3849 | Kendall@80: 0.2507
Epoch 10/150 | Train Loss: 0.0522 | Epoch Time: 0.40s | Spearman@80: 0.4250 | Kendall@80: 0.3026
Epoch 11/150 | Train Loss: 0.0519 | Epoch Time: 0.40s | Spearman@80: 0.4128 | Kendall@80: 0.2735
Epoch 12/150 | Train Loss: 0.0600 | Epoch Time: 0.41s | Spearman@80: 0.3892 | Kendall@80: 0.2646
Epoch 13/150 | Train Loss: 0.0574 | Epoch Time: 0.40s | Spearman@80: 0.4438 | Kendall@80: 0.3052
Epoch 14/150 | Train Loss: 0.0526 | Epoch Time: 0.40s | Spearman@80: 0.4162 | Kendall@80: 0.2881
Epoch 15/150 | Train Loss: 0.0565 | Epoch Time: 0.40s | Spearman@80: 0.4121 | Kendall@80: 0.2805
Epoch 16/150 | Train Loss: 0.0484 | Epoch Time: 0.40s | Spearman@80: 0.4202 | Kendall@80: 0.2900
Epoch 17/150 | Train Loss: 0.0526 | Epoch Time: 0.40s | Spearman@80: 0.3467 | Kendall@80: 0.2342
Epoch 18/150 | Train Loss: 0.0472 | Epoch Time: 0.40s | Spearman@80: 0.4341 | Kendall@80: 0.3090
Epoch 19/150 | Train Loss: 0.0450 | Epoch Time: 0.40s | Spearman@80: 0.3957 | Kendall@80: 0.2729
Epoch 20/150 | Train Loss: 0.0448 | Epoch Time: 0.40s | Spearman@80: 0.4318 | Kendall@80: 0.3096
Epoch 21/150 | Train Loss: 0.0446 | Epoch Time: 0.40s | Spearman@80: 0.4696 | Kendall@80: 0.3457
Epoch 22/150 | Train Loss: 0.0468 | Epoch Time: 0.40s | Spearman@80: 0.3694 | Kendall@80: 0.2614
Epoch 23/150 | Train Loss: 0.0431 | Epoch Time: 0.40s | Spearman@80: 0.3443 | Kendall@80: 0.2437
Epoch 24/150 | Train Loss: 0.0494 | Epoch Time: 0.40s | Spearman@80: 0.3891 | Kendall@80: 0.2767
Epoch 25/150 | Train Loss: 0.0485 | Epoch Time: 0.40s | Spearman@80: 0.4101 | Kendall@80: 0.2963
Epoch 26/150 | Train Loss: 0.0420 | Epoch Time: 0.40s | Spearman@80: 0.3866 | Kendall@80: 0.2640
Epoch 27/150 | Train Loss: 0.0385 | Epoch Time: 0.40s | Spearman@80: 0.4235 | Kendall@80: 0.3052
Epoch 28/150 | Train Loss: 0.0385 | Epoch Time: 0.40s | Spearman@80: 0.3777 | Kendall@80: 0.2710
Epoch 29/150 | Train Loss: 0.0434 | Epoch Time: 0.40s | Spearman@80: 0.4610 | Kendall@80: 0.3280
Epoch 30/150 | Train Loss: 0.0490 | Epoch Time: 0.41s | Spearman@80: 0.3444 | Kendall@80: 0.2450
Epoch 31/150 | Train Loss: 0.0672 | Epoch Time: 0.40s | Spearman@80: 0.4200 | Kendall@80: 0.2906
Epoch 32/150 | Train Loss: 0.0563 | Epoch Time: 0.40s | Spearman@80: 0.4537 | Kendall@80: 0.3141
Epoch 33/150 | Train Loss: 0.0525 | Epoch Time: 0.40s | Spearman@80: 0.4078 | Kendall@80: 0.2912
Epoch 34/150 | Train Loss: 0.0332 | Epoch Time: 0.40s | Spearman@80: 0.4203 | Kendall@80: 0.2988
Epoch 35/150 | Train Loss: 0.0405 | Epoch Time: 0.39s | Spearman@80: 0.4053 | Kendall@80: 0.2843
Epoch 36/150 | Train Loss: 0.0465 | Epoch Time: 0.40s | Spearman@80: 0.3861 | Kendall@80: 0.2773
Epoch 37/150 | Train Loss: 0.0422 | Epoch Time: 0.40s | Spearman@80: 0.4130 | Kendall@80: 0.2919
Epoch 38/150 | Train Loss: 0.0409 | Epoch Time: 0.40s | Spearman@80: 0.3034 | Kendall@80: 0.2057
Epoch 39/150 | Train Loss: 0.0445 | Epoch Time: 0.40s | Spearman@80: 0.4170 | Kendall@80: 0.2976
Epoch 40/150 | Train Loss: 0.0344 | Epoch Time: 0.41s | Spearman@80: 0.3651 | Kendall@80: 0.2621
Epoch 41/150 | Train Loss: 0.0406 | Epoch Time: 0.39s | Spearman@80: 0.3797 | Kendall@80: 0.2653
Epoch 42/150 | Train Loss: 0.0369 | Epoch Time: 0.40s | Spearman@80: 0.3647 | Kendall@80: 0.2507
Epoch 43/150 | Train Loss: 0.0348 | Epoch Time: 0.40s | Spearman@80: 0.4047 | Kendall@80: 0.2817
Epoch 44/150 | Train Loss: 0.0364 | Epoch Time: 0.40s | Spearman@80: 0.3689 | Kendall@80: 0.2608
Epoch 45/150 | Train Loss: 0.0313 | Epoch Time: 0.40s | Spearman@80: 0.4142 | Kendall@80: 0.2988
Epoch 46/150 | Train Loss: 0.0242 | Epoch Time: 0.39s | Spearman@80: 0.3412 | Kendall@80: 0.2393
Epoch 47/150 | Train Loss: 0.0301 | Epoch Time: 0.39s | Spearman@80: 0.4045 | Kendall@80: 0.2830
Epoch 48/150 | Train Loss: 0.0289 | Epoch Time: 0.39s | Spearman@80: 0.4395 | Kendall@80: 0.3109
Epoch 49/150 | Train Loss: 0.0447 | Epoch Time: 0.40s | Spearman@80: 0.3980 | Kendall@80: 0.2786
Epoch 50/150 | Train Loss: 0.0319 | Epoch Time: 0.40s | Spearman@80: 0.3934 | Kendall@80: 0.2741
Epoch 51/150 | Train Loss: 0.0375 | Epoch Time: 0.40s | Spearman@80: 0.4594 | Kendall@80: 0.3248
Epoch 52/150 | Train Loss: 0.0387 | Epoch Time: 0.40s | Spearman@80: 0.4227 | Kendall@80: 0.3026
Epoch 53/150 | Train Loss: 0.0332 | Epoch Time: 0.40s | Spearman@80: 0.3892 | Kendall@80: 0.2760
Epoch 54/150 | Train Loss: 0.0247 | Epoch Time: 0.41s | Spearman@80: 0.3894 | Kendall@80: 0.2754
Epoch 55/150 | Train Loss: 0.0262 | Epoch Time: 0.40s | Spearman@80: 0.4611 | Kendall@80: 0.3217
Epoch 56/150 | Train Loss: 0.0299 | Epoch Time: 0.40s | Spearman@80: 0.2495 | Kendall@80: 0.1733
Epoch 57/150 | Train Loss: 0.0307 | Epoch Time: 0.40s | Spearman@80: 0.4389 | Kendall@80: 0.3064
Epoch 58/150 | Train Loss: 0.0363 | Epoch Time: 0.40s | Spearman@80: 0.3790 | Kendall@80: 0.2633
Epoch 59/150 | Train Loss: 0.0261 | Epoch Time: 0.40s | Spearman@80: 0.3773 | Kendall@80: 0.2583
Epoch 60/150 | Train Loss: 0.0311 | Epoch Time: 0.40s | Spearman@80: 0.4301 | Kendall@80: 0.2931
Epoch 61/150 | Train Loss: 0.0266 | Epoch Time: 0.40s | Spearman@80: 0.3993 | Kendall@80: 0.2792
Epoch 62/150 | Train Loss: 0.0315 | Epoch Time: 0.40s | Spearman@80: 0.3863 | Kendall@80: 0.2754
Epoch 63/150 | Train Loss: 0.0229 | Epoch Time: 0.40s | Spearman@80: 0.3931 | Kendall@80: 0.2760
Epoch 64/150 | Train Loss: 0.0246 | Epoch Time: 0.40s | Spearman@80: 0.3869 | Kendall@80: 0.2710
Epoch 65/150 | Train Loss: 0.0166 | Epoch Time: 0.40s | Spearman@80: 0.3557 | Kendall@80: 0.2488
Epoch 66/150 | Train Loss: 0.0256 | Epoch Time: 0.40s | Spearman@80: 0.4057 | Kendall@80: 0.2881
Epoch 67/150 | Train Loss: 0.0269 | Epoch Time: 0.40s | Spearman@80: 0.4082 | Kendall@80: 0.2906
Epoch 68/150 | Train Loss: 0.0318 | Epoch Time: 0.40s | Spearman@80: 0.3186 | Kendall@80: 0.2139
Epoch 69/150 | Train Loss: 0.0347 | Epoch Time: 0.40s | Spearman@80: 0.4426 | Kendall@80: 0.3185
Epoch 70/150 | Train Loss: 0.0260 | Epoch Time: 0.40s | Spearman@80: 0.4064 | Kendall@80: 0.2855
Epoch 71/150 | Train Loss: 0.0277 | Epoch Time: 0.40s | Spearman@80: 0.2742 | Kendall@80: 0.1854
Epoch 72/150 | Train Loss: 0.0182 | Epoch Time: 0.40s | Spearman@80: 0.3970 | Kendall@80: 0.2798
Epoch 73/150 | Train Loss: 0.0224 | Epoch Time: 0.40s | Spearman@80: 0.4202 | Kendall@80: 0.2950
Epoch 74/150 | Train Loss: 0.0165 | Epoch Time: 0.40s | Spearman@80: 0.4355 | Kendall@80: 0.3014
Epoch 75/150 | Train Loss: 0.0171 | Epoch Time: 0.40s | Spearman@80: 0.4367 | Kendall@80: 0.3026
Epoch 76/150 | Train Loss: 0.0278 | Epoch Time: 0.40s | Spearman@80: 0.3612 | Kendall@80: 0.2507
Epoch 77/150 | Train Loss: 0.0234 | Epoch Time: 0.40s | Spearman@80: 0.3907 | Kendall@80: 0.2748
Epoch 78/150 | Train Loss: 0.0241 | Epoch Time: 0.40s | Spearman@80: 0.3982 | Kendall@80: 0.2843
Epoch 79/150 | Train Loss: 0.0244 | Epoch Time: 0.40s | Spearman@80: 0.4030 | Kendall@80: 0.2855
Epoch 80/150 | Train Loss: 0.0226 | Epoch Time: 0.41s | Spearman@80: 0.3590 | Kendall@80: 0.2532
Epoch 81/150 | Train Loss: 0.0237 | Epoch Time: 0.39s | Spearman@80: 0.3619 | Kendall@80: 0.2519
Epoch 82/150 | Train Loss: 0.0194 | Epoch Time: 0.40s | Spearman@80: 0.4227 | Kendall@80: 0.2912
Epoch 83/150 | Train Loss: 0.0172 | Epoch Time: 0.40s | Spearman@80: 0.4267 | Kendall@80: 0.2988
Epoch 84/150 | Train Loss: 0.0214 | Epoch Time: 0.40s | Spearman@80: 0.4157 | Kendall@80: 0.2893
Epoch 85/150 | Train Loss: 0.0229 | Epoch Time: 0.40s | Spearman@80: 0.3857 | Kendall@80: 0.2703
Epoch 86/150 | Train Loss: 0.0205 | Epoch Time: 0.40s | Spearman@80: 0.4189 | Kendall@80: 0.2931
Epoch 87/150 | Train Loss: 0.0195 | Epoch Time: 0.41s | Spearman@80: 0.3723 | Kendall@80: 0.2621
Epoch 88/150 | Train Loss: 0.0168 | Epoch Time: 0.40s | Spearman@80: 0.4230 | Kendall@80: 0.2944
Epoch 89/150 | Train Loss: 0.0242 | Epoch Time: 0.40s | Spearman@80: 0.3564 | Kendall@80: 0.2462
Epoch 90/150 | Train Loss: 0.0176 | Epoch Time: 0.41s | Spearman@80: 0.4255 | Kendall@80: 0.2925
Epoch 91/150 | Train Loss: 0.0183 | Epoch Time: 0.40s | Spearman@80: 0.4333 | Kendall@80: 0.3026
Epoch 92/150 | Train Loss: 0.0136 | Epoch Time: 0.40s | Spearman@80: 0.3762 | Kendall@80: 0.2665
Epoch 93/150 | Train Loss: 0.0135 | Epoch Time: 0.40s | Spearman@80: 0.3745 | Kendall@80: 0.2621
Epoch 94/150 | Train Loss: 0.0195 | Epoch Time: 0.39s | Spearman@80: 0.4281 | Kendall@80: 0.2950
Epoch 95/150 | Train Loss: 0.0139 | Epoch Time: 0.40s | Spearman@80: 0.4160 | Kendall@80: 0.2874
Epoch 96/150 | Train Loss: 0.0154 | Epoch Time: 0.40s | Spearman@80: 0.4204 | Kendall@80: 0.2938
Epoch 97/150 | Train Loss: 0.0099 | Epoch Time: 0.40s | Spearman@80: 0.3815 | Kendall@80: 0.2653
Epoch 98/150 | Train Loss: 0.0120 | Epoch Time: 0.40s | Spearman@80: 0.3948 | Kendall@80: 0.2773
Epoch 99/150 | Train Loss: 0.0126 | Epoch Time: 0.39s | Spearman@80: 0.3866 | Kendall@80: 0.2729
Epoch 100/150 | Train Loss: 0.0152 | Epoch Time: 0.40s | Spearman@80: 0.3772 | Kendall@80: 0.2646
Epoch 101/150 | Train Loss: 0.0150 | Epoch Time: 0.40s | Spearman@80: 0.3595 | Kendall@80: 0.2469
Epoch 102/150 | Train Loss: 0.0132 | Epoch Time: 0.40s | Spearman@80: 0.3595 | Kendall@80: 0.2513
Epoch 103/150 | Train Loss: 0.0125 | Epoch Time: 0.40s | Spearman@80: 0.3966 | Kendall@80: 0.2817
Epoch 104/150 | Train Loss: 0.0147 | Epoch Time: 0.40s | Spearman@80: 0.4134 | Kendall@80: 0.2938
Epoch 105/150 | Train Loss: 0.0130 | Epoch Time: 0.40s | Spearman@80: 0.4337 | Kendall@80: 0.3058
Epoch 106/150 | Train Loss: 0.0115 | Epoch Time: 0.39s | Spearman@80: 0.4120 | Kendall@80: 0.2912
Epoch 107/150 | Train Loss: 0.0170 | Epoch Time: 0.40s | Spearman@80: 0.3393 | Kendall@80: 0.2380
Epoch 108/150 | Train Loss: 0.0114 | Epoch Time: 0.40s | Spearman@80: 0.3943 | Kendall@80: 0.2741
Epoch 109/150 | Train Loss: 0.0171 | Epoch Time: 0.40s | Spearman@80: 0.3872 | Kendall@80: 0.2697
Epoch 110/150 | Train Loss: 0.0099 | Epoch Time: 0.40s | Spearman@80: 0.3742 | Kendall@80: 0.2602
Epoch 111/150 | Train Loss: 0.0112 | Epoch Time: 0.40s | Spearman@80: 0.3678 | Kendall@80: 0.2557
Epoch 112/150 | Train Loss: 0.0116 | Epoch Time: 0.39s | Spearman@80: 0.3484 | Kendall@80: 0.2386
Epoch 113/150 | Train Loss: 0.0113 | Epoch Time: 0.39s | Spearman@80: 0.3592 | Kendall@80: 0.2513
Epoch 114/150 | Train Loss: 0.0097 | Epoch Time: 0.40s | Spearman@80: 0.3672 | Kendall@80: 0.2589
Epoch 115/150 | Train Loss: 0.0123 | Epoch Time: 0.40s | Spearman@80: 0.3758 | Kendall@80: 0.2653
Epoch 116/150 | Train Loss: 0.0074 | Epoch Time: 0.40s | Spearman@80: 0.3722 | Kendall@80: 0.2608
Epoch 117/150 | Train Loss: 0.0124 | Epoch Time: 0.40s | Spearman@80: 0.4016 | Kendall@80: 0.2817
Epoch 118/150 | Train Loss: 0.0147 | Epoch Time: 0.39s | Spearman@80: 0.3988 | Kendall@80: 0.2824
Epoch 119/150 | Train Loss: 0.0102 | Epoch Time: 0.40s | Spearman@80: 0.3509 | Kendall@80: 0.2481
Epoch 120/150 | Train Loss: 0.0152 | Epoch Time: 0.39s | Spearman@80: 0.3637 | Kendall@80: 0.2583
Epoch 121/150 | Train Loss: 0.0105 | Epoch Time: 0.39s | Spearman@80: 0.3905 | Kendall@80: 0.2767
Epoch 122/150 | Train Loss: 0.0102 | Epoch Time: 0.40s | Spearman@80: 0.3996 | Kendall@80: 0.2855
Epoch 123/150 | Train Loss: 0.0106 | Epoch Time: 0.40s | Spearman@80: 0.3833 | Kendall@80: 0.2735
Epoch 124/150 | Train Loss: 0.0118 | Epoch Time: 0.40s | Spearman@80: 0.3770 | Kendall@80: 0.2665
Epoch 125/150 | Train Loss: 0.0085 | Epoch Time: 0.41s | Spearman@80: 0.3822 | Kendall@80: 0.2710
Epoch 126/150 | Train Loss: 0.0103 | Epoch Time: 0.39s | Spearman@80: 0.3902 | Kendall@80: 0.2767
Epoch 127/150 | Train Loss: 0.0085 | Epoch Time: 0.39s | Spearman@80: 0.3922 | Kendall@80: 0.2811
Epoch 128/150 | Train Loss: 0.0067 | Epoch Time: 0.40s | Spearman@80: 0.3925 | Kendall@80: 0.2786
Epoch 129/150 | Train Loss: 0.0066 | Epoch Time: 0.39s | Spearman@80: 0.3887 | Kendall@80: 0.2798
Epoch 130/150 | Train Loss: 0.0055 | Epoch Time: 0.39s | Spearman@80: 0.3854 | Kendall@80: 0.2735
Epoch 131/150 | Train Loss: 0.0106 | Epoch Time: 0.41s | Spearman@80: 0.3949 | Kendall@80: 0.2817
Epoch 132/150 | Train Loss: 0.0107 | Epoch Time: 0.40s | Spearman@80: 0.3867 | Kendall@80: 0.2760
Epoch 133/150 | Train Loss: 0.0080 | Epoch Time: 0.40s | Spearman@80: 0.3877 | Kendall@80: 0.2748
Epoch 134/150 | Train Loss: 0.0078 | Epoch Time: 0.40s | Spearman@80: 0.3855 | Kendall@80: 0.2729
Epoch 135/150 | Train Loss: 0.0083 | Epoch Time: 0.40s | Spearman@80: 0.3893 | Kendall@80: 0.2786
Epoch 136/150 | Train Loss: 0.0137 | Epoch Time: 0.40s | Spearman@80: 0.3881 | Kendall@80: 0.2754
Epoch 137/150 | Train Loss: 0.0084 | Epoch Time: 0.40s | Spearman@80: 0.3788 | Kendall@80: 0.2665
Epoch 138/150 | Train Loss: 0.0075 | Epoch Time: 0.40s | Spearman@80: 0.3852 | Kendall@80: 0.2710
Epoch 139/150 | Train Loss: 0.0111 | Epoch Time: 0.40s | Spearman@80: 0.3865 | Kendall@80: 0.2716
Epoch 140/150 | Train Loss: 0.0105 | Epoch Time: 0.40s | Spearman@80: 0.3843 | Kendall@80: 0.2691
Epoch 141/150 | Train Loss: 0.0097 | Epoch Time: 0.40s | Spearman@80: 0.3883 | Kendall@80: 0.2729
Epoch 142/150 | Train Loss: 0.0110 | Epoch Time: 0.40s | Spearman@80: 0.3876 | Kendall@80: 0.2729
Epoch 143/150 | Train Loss: 0.0102 | Epoch Time: 0.40s | Spearman@80: 0.3846 | Kendall@80: 0.2697
Epoch 144/150 | Train Loss: 0.0062 | Epoch Time: 0.40s | Spearman@80: 0.3874 | Kendall@80: 0.2684
Epoch 145/150 | Train Loss: 0.0101 | Epoch Time: 0.40s | Spearman@80: 0.3883 | Kendall@80: 0.2684
Epoch 146/150 | Train Loss: 0.0084 | Epoch Time: 0.40s | Spearman@80: 0.3870 | Kendall@80: 0.2697
Epoch 147/150 | Train Loss: 0.0075 | Epoch Time: 1.41s | Spearman@4934: 0.5067 | Kendall@4934: 0.3509
Epoch 148/150 | Train Loss: 0.0107 | Epoch Time: 1.40s | Spearman@4934: 0.5090 | Kendall@4934: 0.3527
Epoch 149/150 | Train Loss: 0.0096 | Epoch Time: 1.40s | Spearman@4934: 0.5075 | Kendall@4934: 0.3515
Epoch 150/150 | Train Loss: 0.0116 | Epoch Time: 1.40s | Spearman@4934: 0.5083 | Kendall@4934: 0.3521
Sample Count: 64, Spearman: 0.5078659493610811, Kendall: 0.3517852674682599
{64: (0.5078659493610811, 0.3517852674682599)}
Epoch 1/150 | Train Loss: 0.0996 | Epoch Time: 0.78s | Spearman@80: 0.4343 | Kendall@80: 0.3055
Epoch 2/150 | Train Loss: 0.0956 | Epoch Time: 0.79s | Spearman@80: 0.4600 | Kendall@80: 0.3189
Epoch 3/150 | Train Loss: 0.0803 | Epoch Time: 0.78s | Spearman@80: 0.5016 | Kendall@80: 0.3658
Epoch 4/150 | Train Loss: 0.0848 | Epoch Time: 0.78s | Spearman@80: 0.5030 | Kendall@80: 0.3753
Epoch 5/150 | Train Loss: 0.0792 | Epoch Time: 0.77s | Spearman@80: 0.4983 | Kendall@80: 0.3594
Epoch 6/150 | Train Loss: 0.0723 | Epoch Time: 0.78s | Spearman@80: 0.5341 | Kendall@80: 0.3886
Epoch 7/150 | Train Loss: 0.0723 | Epoch Time: 0.78s | Spearman@80: 0.5542 | Kendall@80: 0.4203
Epoch 8/150 | Train Loss: 0.0748 | Epoch Time: 0.78s | Spearman@80: 0.5975 | Kendall@80: 0.4532
Epoch 9/150 | Train Loss: 0.0649 | Epoch Time: 0.78s | Spearman@80: 0.5610 | Kendall@80: 0.4158
Epoch 10/150 | Train Loss: 0.0739 | Epoch Time: 0.78s | Spearman@80: 0.6171 | Kendall@80: 0.4894
Epoch 11/150 | Train Loss: 0.0705 | Epoch Time: 0.78s | Spearman@80: 0.5706 | Kendall@80: 0.4368
Epoch 12/150 | Train Loss: 0.0601 | Epoch Time: 0.78s | Spearman@80: 0.5734 | Kendall@80: 0.4298
Epoch 13/150 | Train Loss: 0.0669 | Epoch Time: 0.77s | Spearman@80: 0.5754 | Kendall@80: 0.4304
Epoch 14/150 | Train Loss: 0.0594 | Epoch Time: 0.77s | Spearman@80: 0.5546 | Kendall@80: 0.4146
Epoch 15/150 | Train Loss: 0.0644 | Epoch Time: 0.77s | Spearman@80: 0.5929 | Kendall@80: 0.4292
Epoch 16/150 | Train Loss: 0.0610 | Epoch Time: 0.78s | Spearman@80: 0.5812 | Kendall@80: 0.4336
Epoch 17/150 | Train Loss: 0.0585 | Epoch Time: 0.78s | Spearman@80: 0.5835 | Kendall@80: 0.4406
Epoch 18/150 | Train Loss: 0.0629 | Epoch Time: 0.78s | Spearman@80: 0.4673 | Kendall@80: 0.3239
Epoch 19/150 | Train Loss: 0.0669 | Epoch Time: 0.78s | Spearman@80: 0.5765 | Kendall@80: 0.4298
Epoch 20/150 | Train Loss: 0.0622 | Epoch Time: 0.78s | Spearman@80: 0.4859 | Kendall@80: 0.3448
Epoch 21/150 | Train Loss: 0.0666 | Epoch Time: 0.78s | Spearman@80: 0.5921 | Kendall@80: 0.4387
Epoch 22/150 | Train Loss: 0.0603 | Epoch Time: 0.78s | Spearman@80: 0.5633 | Kendall@80: 0.4222
Epoch 23/150 | Train Loss: 0.0616 | Epoch Time: 0.78s | Spearman@80: 0.6379 | Kendall@80: 0.4830
Epoch 24/150 | Train Loss: 0.0584 | Epoch Time: 0.78s | Spearman@80: 0.5599 | Kendall@80: 0.4178
Epoch 25/150 | Train Loss: 0.0549 | Epoch Time: 0.78s | Spearman@80: 0.6386 | Kendall@80: 0.4887
Epoch 26/150 | Train Loss: 0.0570 | Epoch Time: 0.78s | Spearman@80: 0.5532 | Kendall@80: 0.4120
Epoch 27/150 | Train Loss: 0.0616 | Epoch Time: 0.77s | Spearman@80: 0.5441 | Kendall@80: 0.4013
Epoch 28/150 | Train Loss: 0.0622 | Epoch Time: 0.78s | Spearman@80: 0.5616 | Kendall@80: 0.4152
Epoch 29/150 | Train Loss: 0.0501 | Epoch Time: 0.78s | Spearman@80: 0.5884 | Kendall@80: 0.4463
Epoch 30/150 | Train Loss: 0.0538 | Epoch Time: 0.77s | Spearman@80: 0.5124 | Kendall@80: 0.3784
Epoch 31/150 | Train Loss: 0.0436 | Epoch Time: 0.77s | Spearman@80: 0.5798 | Kendall@80: 0.4298
Epoch 32/150 | Train Loss: 0.0521 | Epoch Time: 0.78s | Spearman@80: 0.6222 | Kendall@80: 0.4571
Epoch 33/150 | Train Loss: 0.0492 | Epoch Time: 0.78s | Spearman@80: 0.5832 | Kendall@80: 0.4209
Epoch 34/150 | Train Loss: 0.0520 | Epoch Time: 0.77s | Spearman@80: 0.5846 | Kendall@80: 0.4260
Epoch 35/150 | Train Loss: 0.0470 | Epoch Time: 0.78s | Spearman@80: 0.5216 | Kendall@80: 0.3816
Epoch 36/150 | Train Loss: 0.0444 | Epoch Time: 0.78s | Spearman@80: 0.5121 | Kendall@80: 0.3613
Epoch 37/150 | Train Loss: 0.0464 | Epoch Time: 0.78s | Spearman@80: 0.5854 | Kendall@80: 0.4368
Epoch 38/150 | Train Loss: 0.0462 | Epoch Time: 0.78s | Spearman@80: 0.5399 | Kendall@80: 0.3937
Epoch 39/150 | Train Loss: 0.0476 | Epoch Time: 0.77s | Spearman@80: 0.5479 | Kendall@80: 0.3981
Epoch 40/150 | Train Loss: 0.0475 | Epoch Time: 0.78s | Spearman@80: 0.6037 | Kendall@80: 0.4304
Epoch 41/150 | Train Loss: 0.0461 | Epoch Time: 0.77s | Spearman@80: 0.6235 | Kendall@80: 0.4571
Epoch 42/150 | Train Loss: 0.0413 | Epoch Time: 0.78s | Spearman@80: 0.5739 | Kendall@80: 0.4057
Epoch 43/150 | Train Loss: 0.0496 | Epoch Time: 0.78s | Spearman@80: 0.5589 | Kendall@80: 0.4038
Epoch 44/150 | Train Loss: 0.0405 | Epoch Time: 0.78s | Spearman@80: 0.5531 | Kendall@80: 0.3924
Epoch 45/150 | Train Loss: 0.0484 | Epoch Time: 0.77s | Spearman@80: 0.5389 | Kendall@80: 0.3918
Epoch 46/150 | Train Loss: 0.0439 | Epoch Time: 0.78s | Spearman@80: 0.5918 | Kendall@80: 0.4380
Epoch 47/150 | Train Loss: 0.0486 | Epoch Time: 0.77s | Spearman@80: 0.5377 | Kendall@80: 0.3880
Epoch 48/150 | Train Loss: 0.0459 | Epoch Time: 0.78s | Spearman@80: 0.5587 | Kendall@80: 0.4063
Epoch 49/150 | Train Loss: 0.0385 | Epoch Time: 0.78s | Spearman@80: 0.5533 | Kendall@80: 0.4070
Epoch 50/150 | Train Loss: 0.0400 | Epoch Time: 0.79s | Spearman@80: 0.5177 | Kendall@80: 0.3664
Epoch 51/150 | Train Loss: 0.0397 | Epoch Time: 0.77s | Spearman@80: 0.5254 | Kendall@80: 0.3740
Epoch 52/150 | Train Loss: 0.0334 | Epoch Time: 0.79s | Spearman@80: 0.4898 | Kendall@80: 0.3423
Epoch 53/150 | Train Loss: 0.0345 | Epoch Time: 0.79s | Spearman@80: 0.4928 | Kendall@80: 0.3556
Epoch 54/150 | Train Loss: 0.0409 | Epoch Time: 0.78s | Spearman@80: 0.5513 | Kendall@80: 0.3943
Epoch 55/150 | Train Loss: 0.0379 | Epoch Time: 0.78s | Spearman@80: 0.5551 | Kendall@80: 0.4025
Epoch 56/150 | Train Loss: 0.0384 | Epoch Time: 0.78s | Spearman@80: 0.5975 | Kendall@80: 0.4349
Epoch 57/150 | Train Loss: 0.0389 | Epoch Time: 0.78s | Spearman@80: 0.5821 | Kendall@80: 0.4279
Epoch 58/150 | Train Loss: 0.0368 | Epoch Time: 0.79s | Spearman@80: 0.5479 | Kendall@80: 0.3880
Epoch 59/150 | Train Loss: 0.0375 | Epoch Time: 0.77s | Spearman@80: 0.5916 | Kendall@80: 0.4450
Epoch 60/150 | Train Loss: 0.0427 | Epoch Time: 0.78s | Spearman@80: 0.5473 | Kendall@80: 0.3956
Epoch 61/150 | Train Loss: 0.0425 | Epoch Time: 0.77s | Spearman@80: 0.5444 | Kendall@80: 0.4070
Epoch 62/150 | Train Loss: 0.0336 | Epoch Time: 0.79s | Spearman@80: 0.5444 | Kendall@80: 0.4013
Epoch 63/150 | Train Loss: 0.0389 | Epoch Time: 0.78s | Spearman@80: 0.5465 | Kendall@80: 0.4063
Epoch 64/150 | Train Loss: 0.0343 | Epoch Time: 0.78s | Spearman@80: 0.5145 | Kendall@80: 0.3658
Epoch 65/150 | Train Loss: 0.0325 | Epoch Time: 0.77s | Spearman@80: 0.5866 | Kendall@80: 0.4311
Epoch 66/150 | Train Loss: 0.0312 | Epoch Time: 0.78s | Spearman@80: 0.5409 | Kendall@80: 0.3867
Epoch 67/150 | Train Loss: 0.0338 | Epoch Time: 0.78s | Spearman@80: 0.5900 | Kendall@80: 0.4285
Epoch 68/150 | Train Loss: 0.0389 | Epoch Time: 0.77s | Spearman@80: 0.5948 | Kendall@80: 0.4355
Epoch 69/150 | Train Loss: 0.0325 | Epoch Time: 0.77s | Spearman@80: 0.5997 | Kendall@80: 0.4368
Epoch 70/150 | Train Loss: 0.0336 | Epoch Time: 0.78s | Spearman@80: 0.6350 | Kendall@80: 0.4742
Epoch 71/150 | Train Loss: 0.0321 | Epoch Time: 0.77s | Spearman@80: 0.5951 | Kendall@80: 0.4336
Epoch 72/150 | Train Loss: 0.0300 | Epoch Time: 0.78s | Spearman@80: 0.5986 | Kendall@80: 0.4387
Epoch 73/150 | Train Loss: 0.0259 | Epoch Time: 0.78s | Spearman@80: 0.5712 | Kendall@80: 0.4317
Epoch 74/150 | Train Loss: 0.0310 | Epoch Time: 0.78s | Spearman@80: 0.5925 | Kendall@80: 0.4406
Epoch 75/150 | Train Loss: 0.0322 | Epoch Time: 0.78s | Spearman@80: 0.5813 | Kendall@80: 0.4285
Epoch 76/150 | Train Loss: 0.0328 | Epoch Time: 0.78s | Spearman@80: 0.5850 | Kendall@80: 0.4247
Epoch 77/150 | Train Loss: 0.0285 | Epoch Time: 0.79s | Spearman@80: 0.6195 | Kendall@80: 0.4545
Epoch 78/150 | Train Loss: 0.0277 | Epoch Time: 0.77s | Spearman@80: 0.6029 | Kendall@80: 0.4374
Epoch 79/150 | Train Loss: 0.0332 | Epoch Time: 0.78s | Spearman@80: 0.5743 | Kendall@80: 0.4158
Epoch 80/150 | Train Loss: 0.0240 | Epoch Time: 0.78s | Spearman@80: 0.6019 | Kendall@80: 0.4260
Epoch 81/150 | Train Loss: 0.0301 | Epoch Time: 0.77s | Spearman@80: 0.6277 | Kendall@80: 0.4501
Epoch 82/150 | Train Loss: 0.0255 | Epoch Time: 0.78s | Spearman@80: 0.6295 | Kendall@80: 0.4577
Epoch 83/150 | Train Loss: 0.0246 | Epoch Time: 0.78s | Spearman@80: 0.6040 | Kendall@80: 0.4241
Epoch 84/150 | Train Loss: 0.0254 | Epoch Time: 0.78s | Spearman@80: 0.5471 | Kendall@80: 0.3930
Epoch 85/150 | Train Loss: 0.0268 | Epoch Time: 0.78s | Spearman@80: 0.5593 | Kendall@80: 0.3911
Epoch 86/150 | Train Loss: 0.0222 | Epoch Time: 0.79s | Spearman@80: 0.6443 | Kendall@80: 0.4577
Epoch 87/150 | Train Loss: 0.0267 | Epoch Time: 0.78s | Spearman@80: 0.5988 | Kendall@80: 0.4393
Epoch 88/150 | Train Loss: 0.0334 | Epoch Time: 0.78s | Spearman@80: 0.6250 | Kendall@80: 0.4513
Epoch 89/150 | Train Loss: 0.0241 | Epoch Time: 0.78s | Spearman@80: 0.6047 | Kendall@80: 0.4323
Epoch 90/150 | Train Loss: 0.0208 | Epoch Time: 0.78s | Spearman@80: 0.6085 | Kendall@80: 0.4399
Epoch 91/150 | Train Loss: 0.0279 | Epoch Time: 0.79s | Spearman@80: 0.5964 | Kendall@80: 0.4285
Epoch 92/150 | Train Loss: 0.0227 | Epoch Time: 0.78s | Spearman@80: 0.6188 | Kendall@80: 0.4412
Epoch 93/150 | Train Loss: 0.0253 | Epoch Time: 0.77s | Spearman@80: 0.5576 | Kendall@80: 0.3854
Epoch 94/150 | Train Loss: 0.0264 | Epoch Time: 0.78s | Spearman@80: 0.6370 | Kendall@80: 0.4545
Epoch 95/150 | Train Loss: 0.0194 | Epoch Time: 0.77s | Spearman@80: 0.5893 | Kendall@80: 0.4317
Epoch 96/150 | Train Loss: 0.0238 | Epoch Time: 0.78s | Spearman@80: 0.6388 | Kendall@80: 0.4552
Epoch 97/150 | Train Loss: 0.0205 | Epoch Time: 0.77s | Spearman@80: 0.6050 | Kendall@80: 0.4273
Epoch 98/150 | Train Loss: 0.0171 | Epoch Time: 0.79s | Spearman@80: 0.6305 | Kendall@80: 0.4520
Epoch 99/150 | Train Loss: 0.0184 | Epoch Time: 0.79s | Spearman@80: 0.6098 | Kendall@80: 0.4330
Epoch 100/150 | Train Loss: 0.0178 | Epoch Time: 0.79s | Spearman@80: 0.6082 | Kendall@80: 0.4393
Epoch 101/150 | Train Loss: 0.0191 | Epoch Time: 0.78s | Spearman@80: 0.6092 | Kendall@80: 0.4298
Epoch 102/150 | Train Loss: 0.0247 | Epoch Time: 0.77s | Spearman@80: 0.6111 | Kendall@80: 0.4425
Epoch 103/150 | Train Loss: 0.0195 | Epoch Time: 0.78s | Spearman@80: 0.6254 | Kendall@80: 0.4494
Epoch 104/150 | Train Loss: 0.0159 | Epoch Time: 0.78s | Spearman@80: 0.5932 | Kendall@80: 0.4203
Epoch 105/150 | Train Loss: 0.0210 | Epoch Time: 0.78s | Spearman@80: 0.5774 | Kendall@80: 0.4051
Epoch 106/150 | Train Loss: 0.0189 | Epoch Time: 0.79s | Spearman@80: 0.5886 | Kendall@80: 0.4152
Epoch 107/150 | Train Loss: 0.0206 | Epoch Time: 0.77s | Spearman@80: 0.6036 | Kendall@80: 0.4279
Epoch 108/150 | Train Loss: 0.0153 | Epoch Time: 0.77s | Spearman@80: 0.6209 | Kendall@80: 0.4482
Epoch 109/150 | Train Loss: 0.0219 | Epoch Time: 0.79s | Spearman@80: 0.6206 | Kendall@80: 0.4463
Epoch 110/150 | Train Loss: 0.0174 | Epoch Time: 0.78s | Spearman@80: 0.5952 | Kendall@80: 0.4241
Epoch 111/150 | Train Loss: 0.0204 | Epoch Time: 0.78s | Spearman@80: 0.5904 | Kendall@80: 0.4222
Epoch 112/150 | Train Loss: 0.0234 | Epoch Time: 0.78s | Spearman@80: 0.6012 | Kendall@80: 0.4368
Epoch 113/150 | Train Loss: 0.0206 | Epoch Time: 0.77s | Spearman@80: 0.5859 | Kendall@80: 0.4133
Epoch 114/150 | Train Loss: 0.0174 | Epoch Time: 0.78s | Spearman@80: 0.6088 | Kendall@80: 0.4368
Epoch 115/150 | Train Loss: 0.0159 | Epoch Time: 0.78s | Spearman@80: 0.6011 | Kendall@80: 0.4266
Epoch 116/150 | Train Loss: 0.0169 | Epoch Time: 0.78s | Spearman@80: 0.5998 | Kendall@80: 0.4323
Epoch 117/150 | Train Loss: 0.0166 | Epoch Time: 0.88s | Spearman@80: 0.6066 | Kendall@80: 0.4304
Epoch 118/150 | Train Loss: 0.0196 | Epoch Time: 0.90s | Spearman@80: 0.5685 | Kendall@80: 0.4070
Epoch 119/150 | Train Loss: 0.0158 | Epoch Time: 0.90s | Spearman@80: 0.5860 | Kendall@80: 0.4197
Epoch 120/150 | Train Loss: 0.0182 | Epoch Time: 0.90s | Spearman@80: 0.5628 | Kendall@80: 0.4019
Epoch 121/150 | Train Loss: 0.0157 | Epoch Time: 0.90s | Spearman@80: 0.5696 | Kendall@80: 0.4120
Epoch 122/150 | Train Loss: 0.0160 | Epoch Time: 0.90s | Spearman@80: 0.5956 | Kendall@80: 0.4247
Epoch 123/150 | Train Loss: 0.0159 | Epoch Time: 0.89s | Spearman@80: 0.6083 | Kendall@80: 0.4279
Epoch 124/150 | Train Loss: 0.0136 | Epoch Time: 0.90s | Spearman@80: 0.5985 | Kendall@80: 0.4266
Epoch 125/150 | Train Loss: 0.0149 | Epoch Time: 0.90s | Spearman@80: 0.5890 | Kendall@80: 0.4190
Epoch 126/150 | Train Loss: 0.0145 | Epoch Time: 0.90s | Spearman@80: 0.6137 | Kendall@80: 0.4406
Epoch 127/150 | Train Loss: 0.0164 | Epoch Time: 0.89s | Spearman@80: 0.6028 | Kendall@80: 0.4298
Epoch 128/150 | Train Loss: 0.0131 | Epoch Time: 0.89s | Spearman@80: 0.5890 | Kendall@80: 0.4152
Epoch 129/150 | Train Loss: 0.0159 | Epoch Time: 0.89s | Spearman@80: 0.5896 | Kendall@80: 0.4133
Epoch 130/150 | Train Loss: 0.0191 | Epoch Time: 0.90s | Spearman@80: 0.5901 | Kendall@80: 0.4171
Epoch 131/150 | Train Loss: 0.0160 | Epoch Time: 0.90s | Spearman@80: 0.5934 | Kendall@80: 0.4178
Epoch 132/150 | Train Loss: 0.0158 | Epoch Time: 0.90s | Spearman@80: 0.5969 | Kendall@80: 0.4235
Epoch 133/150 | Train Loss: 0.0166 | Epoch Time: 0.89s | Spearman@80: 0.5973 | Kendall@80: 0.4222
Epoch 134/150 | Train Loss: 0.0097 | Epoch Time: 0.90s | Spearman@80: 0.5965 | Kendall@80: 0.4222
Epoch 135/150 | Train Loss: 0.0138 | Epoch Time: 0.89s | Spearman@80: 0.6065 | Kendall@80: 0.4273
Epoch 136/150 | Train Loss: 0.0148 | Epoch Time: 0.91s | Spearman@80: 0.6026 | Kendall@80: 0.4304
Epoch 137/150 | Train Loss: 0.0129 | Epoch Time: 0.89s | Spearman@80: 0.5945 | Kendall@80: 0.4222
Epoch 138/150 | Train Loss: 0.0145 | Epoch Time: 0.90s | Spearman@80: 0.5860 | Kendall@80: 0.4158
Epoch 139/150 | Train Loss: 0.0195 | Epoch Time: 0.89s | Spearman@80: 0.5914 | Kendall@80: 0.4152
Epoch 140/150 | Train Loss: 0.0149 | Epoch Time: 0.90s | Spearman@80: 0.5973 | Kendall@80: 0.4304
Epoch 141/150 | Train Loss: 0.0114 | Epoch Time: 0.90s | Spearman@80: 0.5882 | Kendall@80: 0.4197
Epoch 142/150 | Train Loss: 0.0151 | Epoch Time: 0.90s | Spearman@80: 0.5792 | Kendall@80: 0.4152
Epoch 143/150 | Train Loss: 0.0156 | Epoch Time: 0.90s | Spearman@80: 0.5867 | Kendall@80: 0.4120
Epoch 144/150 | Train Loss: 0.0180 | Epoch Time: 0.90s | Spearman@80: 0.5907 | Kendall@80: 0.4184
Epoch 145/150 | Train Loss: 0.0142 | Epoch Time: 0.90s | Spearman@80: 0.5898 | Kendall@80: 0.4228
Epoch 146/150 | Train Loss: 0.0140 | Epoch Time: 0.91s | Spearman@80: 0.5879 | Kendall@80: 0.4146
Epoch 147/150 | Train Loss: 0.0152 | Epoch Time: 1.96s | Spearman@4870: 0.6009 | Kendall@4870: 0.4275
Epoch 148/150 | Train Loss: 0.0154 | Epoch Time: 1.77s | Spearman@4870: 0.6027 | Kendall@4870: 0.4288
Epoch 149/150 | Train Loss: 0.0162 | Epoch Time: 1.77s | Spearman@4870: 0.6020 | Kendall@4870: 0.4283
Epoch 150/150 | Train Loss: 0.0144 | Epoch Time: 1.77s | Spearman@4870: 0.6042 | Kendall@4870: 0.4301
Sample Count: 128, Spearman: 0.6024695855796058, Kendall: 0.42866996456359546
{64: (0.5078659493610811, 0.3517852674682599),
 128: (0.6024695855796058, 0.42866996456359546)}
Epoch 1/150 | Train Loss: 0.0987 | Epoch Time: 0.40s | Spearman@80: 0.5346 | Kendall@80: 0.3673
Epoch 2/150 | Train Loss: 0.0928 | Epoch Time: 0.41s | Spearman@80: 0.4371 | Kendall@80: 0.2969
Epoch 3/150 | Train Loss: 0.0846 | Epoch Time: 0.40s | Spearman@80: 0.5431 | Kendall@80: 0.3812
Epoch 4/150 | Train Loss: 0.0770 | Epoch Time: 0.41s | Spearman@80: 0.5685 | Kendall@80: 0.3945
Epoch 5/150 | Train Loss: 0.0632 | Epoch Time: 0.40s | Spearman@80: 0.5760 | Kendall@80: 0.4117
Epoch 6/150 | Train Loss: 0.0597 | Epoch Time: 0.40s | Spearman@80: 0.5863 | Kendall@80: 0.4186
Epoch 7/150 | Train Loss: 0.0510 | Epoch Time: 0.40s | Spearman@80: 0.5836 | Kendall@80: 0.4307
Epoch 8/150 | Train Loss: 0.0597 | Epoch Time: 0.40s | Spearman@80: 0.5390 | Kendall@80: 0.3971
Epoch 9/150 | Train Loss: 0.0546 | Epoch Time: 0.41s | Spearman@80: 0.5109 | Kendall@80: 0.3743
Epoch 10/150 | Train Loss: 0.0513 | Epoch Time: 0.40s | Spearman@80: 0.4739 | Kendall@80: 0.3407
Epoch 11/150 | Train Loss: 0.0401 | Epoch Time: 0.40s | Spearman@80: 0.4805 | Kendall@80: 0.3432
Epoch 12/150 | Train Loss: 0.0511 | Epoch Time: 0.41s | Spearman@80: 0.4849 | Kendall@80: 0.3470
Epoch 13/150 | Train Loss: 0.0388 | Epoch Time: 0.40s | Spearman@80: 0.5040 | Kendall@80: 0.3610
Epoch 14/150 | Train Loss: 0.0404 | Epoch Time: 0.40s | Spearman@80: 0.4357 | Kendall@80: 0.3045
Epoch 15/150 | Train Loss: 0.0611 | Epoch Time: 0.40s | Spearman@80: 0.5116 | Kendall@80: 0.3635
Epoch 16/150 | Train Loss: 0.0395 | Epoch Time: 0.41s | Spearman@80: 0.5445 | Kendall@80: 0.3945
Epoch 17/150 | Train Loss: 0.0515 | Epoch Time: 0.40s | Spearman@80: 0.5140 | Kendall@80: 0.3660
Epoch 18/150 | Train Loss: 0.0421 | Epoch Time: 0.40s | Spearman@80: 0.5048 | Kendall@80: 0.3622
Epoch 19/150 | Train Loss: 0.0389 | Epoch Time: 0.40s | Spearman@80: 0.4662 | Kendall@80: 0.3286
Epoch 20/150 | Train Loss: 0.0372 | Epoch Time: 0.40s | Spearman@80: 0.4573 | Kendall@80: 0.3217
Epoch 21/150 | Train Loss: 0.0438 | Epoch Time: 0.41s | Spearman@80: 0.4280 | Kendall@80: 0.3014
Epoch 22/150 | Train Loss: 0.0495 | Epoch Time: 0.40s | Spearman@80: 0.4429 | Kendall@80: 0.3147
Epoch 23/150 | Train Loss: 0.0403 | Epoch Time: 0.40s | Spearman@80: 0.4903 | Kendall@80: 0.3527
Epoch 24/150 | Train Loss: 0.0428 | Epoch Time: 0.40s | Spearman@80: 0.4848 | Kendall@80: 0.3502
Epoch 25/150 | Train Loss: 0.0371 | Epoch Time: 0.40s | Spearman@80: 0.5168 | Kendall@80: 0.3806
Epoch 26/150 | Train Loss: 0.0368 | Epoch Time: 0.40s | Spearman@80: 0.4647 | Kendall@80: 0.3331
Epoch 27/150 | Train Loss: 0.0404 | Epoch Time: 0.41s | Spearman@80: 0.4123 | Kendall@80: 0.2925
Epoch 28/150 | Train Loss: 0.0377 | Epoch Time: 0.40s | Spearman@80: 0.3239 | Kendall@80: 0.2285
Epoch 29/150 | Train Loss: 0.0371 | Epoch Time: 0.40s | Spearman@80: 0.4060 | Kendall@80: 0.2912
Epoch 30/150 | Train Loss: 0.0383 | Epoch Time: 0.40s | Spearman@80: 0.4304 | Kendall@80: 0.3109
Epoch 31/150 | Train Loss: 0.0359 | Epoch Time: 0.41s | Spearman@80: 0.4834 | Kendall@80: 0.3559
Epoch 32/150 | Train Loss: 0.0309 | Epoch Time: 0.40s | Spearman@80: 0.4513 | Kendall@80: 0.3286
Epoch 33/150 | Train Loss: 0.0308 | Epoch Time: 0.41s | Spearman@80: 0.3772 | Kendall@80: 0.2703
Epoch 34/150 | Train Loss: 0.0398 | Epoch Time: 0.41s | Spearman@80: 0.3616 | Kendall@80: 0.2564
Epoch 35/150 | Train Loss: 0.0388 | Epoch Time: 0.40s | Spearman@80: 0.4582 | Kendall@80: 0.3299
Epoch 36/150 | Train Loss: 0.0369 | Epoch Time: 0.40s | Spearman@80: 0.4478 | Kendall@80: 0.3242
Epoch 37/150 | Train Loss: 0.0348 | Epoch Time: 0.40s | Spearman@80: 0.4758 | Kendall@80: 0.3476
Epoch 38/150 | Train Loss: 0.0305 | Epoch Time: 0.40s | Spearman@80: 0.4528 | Kendall@80: 0.3242
Epoch 39/150 | Train Loss: 0.0396 | Epoch Time: 0.41s | Spearman@80: 0.4394 | Kendall@80: 0.3191
Epoch 40/150 | Train Loss: 0.0399 | Epoch Time: 0.40s | Spearman@80: 0.4960 | Kendall@80: 0.3578
Epoch 41/150 | Train Loss: 0.0325 | Epoch Time: 0.40s | Spearman@80: 0.4919 | Kendall@80: 0.3597
Epoch 42/150 | Train Loss: 0.0371 | Epoch Time: 0.40s | Spearman@80: 0.4673 | Kendall@80: 0.3362
Epoch 43/150 | Train Loss: 0.0323 | Epoch Time: 0.40s | Spearman@80: 0.4503 | Kendall@80: 0.3274
Epoch 44/150 | Train Loss: 0.0324 | Epoch Time: 0.40s | Spearman@80: 0.4897 | Kendall@80: 0.3546
Epoch 45/150 | Train Loss: 0.0343 | Epoch Time: 0.39s | Spearman@80: 0.3862 | Kendall@80: 0.2754
Epoch 46/150 | Train Loss: 0.0291 | Epoch Time: 0.40s | Spearman@80: 0.3923 | Kendall@80: 0.2836
Epoch 47/150 | Train Loss: 0.0323 | Epoch Time: 0.40s | Spearman@80: 0.3780 | Kendall@80: 0.2659
Epoch 48/150 | Train Loss: 0.0249 | Epoch Time: 0.40s | Spearman@80: 0.4284 | Kendall@80: 0.3084
Epoch 49/150 | Train Loss: 0.0395 | Epoch Time: 0.40s | Spearman@80: 0.4526 | Kendall@80: 0.3242
Epoch 50/150 | Train Loss: 0.0232 | Epoch Time: 0.41s | Spearman@80: 0.4184 | Kendall@80: 0.2963
Epoch 51/150 | Train Loss: 0.0277 | Epoch Time: 0.40s | Spearman@80: 0.3886 | Kendall@80: 0.2779
Epoch 52/150 | Train Loss: 0.0319 | Epoch Time: 0.40s | Spearman@80: 0.4969 | Kendall@80: 0.3540
Epoch 53/150 | Train Loss: 0.0327 | Epoch Time: 0.41s | Spearman@80: 0.5078 | Kendall@80: 0.3654
Epoch 54/150 | Train Loss: 0.0370 | Epoch Time: 0.41s | Spearman@80: 0.4585 | Kendall@80: 0.3185
Epoch 55/150 | Train Loss: 0.0321 | Epoch Time: 0.40s | Spearman@80: 0.4518 | Kendall@80: 0.3242
Epoch 56/150 | Train Loss: 0.0420 | Epoch Time: 0.40s | Spearman@80: 0.4298 | Kendall@80: 0.3014
Epoch 57/150 | Train Loss: 0.0333 | Epoch Time: 0.40s | Spearman@80: 0.4006 | Kendall@80: 0.2792
Epoch 58/150 | Train Loss: 0.0243 | Epoch Time: 0.41s | Spearman@80: 0.3815 | Kendall@80: 0.2716
Epoch 59/150 | Train Loss: 0.0247 | Epoch Time: 0.41s | Spearman@80: 0.3866 | Kendall@80: 0.2716
Epoch 60/150 | Train Loss: 0.0183 | Epoch Time: 0.40s | Spearman@80: 0.4358 | Kendall@80: 0.3077
Epoch 61/150 | Train Loss: 0.0246 | Epoch Time: 0.41s | Spearman@80: 0.5173 | Kendall@80: 0.3717
Epoch 62/150 | Train Loss: 0.0252 | Epoch Time: 0.42s | Spearman@80: 0.4855 | Kendall@80: 0.3489
Epoch 63/150 | Train Loss: 0.0286 | Epoch Time: 0.41s | Spearman@80: 0.4551 | Kendall@80: 0.3261
Epoch 64/150 | Train Loss: 0.0265 | Epoch Time: 0.40s | Spearman@80: 0.4663 | Kendall@80: 0.3274
Epoch 65/150 | Train Loss: 0.0250 | Epoch Time: 0.40s | Spearman@80: 0.4402 | Kendall@80: 0.3134
Epoch 66/150 | Train Loss: 0.0202 | Epoch Time: 0.41s | Spearman@80: 0.4254 | Kendall@80: 0.3096
Epoch 67/150 | Train Loss: 0.0349 | Epoch Time: 0.40s | Spearman@80: 0.4059 | Kendall@80: 0.2767
Epoch 68/150 | Train Loss: 0.0273 | Epoch Time: 0.40s | Spearman@80: 0.4483 | Kendall@80: 0.3286
Epoch 69/150 | Train Loss: 0.0191 | Epoch Time: 0.41s | Spearman@80: 0.4652 | Kendall@80: 0.3388
Epoch 70/150 | Train Loss: 0.0250 | Epoch Time: 0.41s | Spearman@80: 0.4416 | Kendall@80: 0.3141
Epoch 71/150 | Train Loss: 0.0199 | Epoch Time: 0.40s | Spearman@80: 0.4633 | Kendall@80: 0.3299
Epoch 72/150 | Train Loss: 0.0278 | Epoch Time: 0.40s | Spearman@80: 0.4681 | Kendall@80: 0.3356
Epoch 73/150 | Train Loss: 0.0283 | Epoch Time: 0.40s | Spearman@80: 0.3920 | Kendall@80: 0.2786
Epoch 74/150 | Train Loss: 0.0209 | Epoch Time: 0.40s | Spearman@80: 0.4075 | Kendall@80: 0.2849
Epoch 75/150 | Train Loss: 0.0308 | Epoch Time: 0.40s | Spearman@80: 0.4689 | Kendall@80: 0.3419
Epoch 76/150 | Train Loss: 0.0234 | Epoch Time: 0.40s | Spearman@80: 0.4470 | Kendall@80: 0.3191
Epoch 77/150 | Train Loss: 0.0187 | Epoch Time: 0.40s | Spearman@80: 0.4318 | Kendall@80: 0.3071
Epoch 78/150 | Train Loss: 0.0201 | Epoch Time: 0.40s | Spearman@80: 0.4900 | Kendall@80: 0.3553
Epoch 79/150 | Train Loss: 0.0253 | Epoch Time: 0.41s | Spearman@80: 0.4737 | Kendall@80: 0.3381
Epoch 80/150 | Train Loss: 0.0229 | Epoch Time: 0.43s | Spearman@80: 0.4297 | Kendall@80: 0.3007
Epoch 81/150 | Train Loss: 0.0169 | Epoch Time: 0.46s | Spearman@80: 0.4681 | Kendall@80: 0.3369
Epoch 82/150 | Train Loss: 0.0215 | Epoch Time: 0.47s | Spearman@80: 0.3860 | Kendall@80: 0.2716
Epoch 83/150 | Train Loss: 0.0263 | Epoch Time: 0.46s | Spearman@80: 0.4125 | Kendall@80: 0.3007
Epoch 84/150 | Train Loss: 0.0184 | Epoch Time: 0.46s | Spearman@80: 0.4297 | Kendall@80: 0.3052
Epoch 85/150 | Train Loss: 0.0219 | Epoch Time: 0.46s | Spearman@80: 0.4842 | Kendall@80: 0.3457
Epoch 86/150 | Train Loss: 0.0200 | Epoch Time: 0.46s | Spearman@80: 0.4723 | Kendall@80: 0.3419
Epoch 87/150 | Train Loss: 0.0140 | Epoch Time: 0.46s | Spearman@80: 0.5039 | Kendall@80: 0.3648
Epoch 88/150 | Train Loss: 0.0214 | Epoch Time: 0.47s | Spearman@80: 0.4866 | Kendall@80: 0.3483
Epoch 89/150 | Train Loss: 0.0173 | Epoch Time: 0.46s | Spearman@80: 0.4612 | Kendall@80: 0.3274
Epoch 90/150 | Train Loss: 0.0187 | Epoch Time: 0.46s | Spearman@80: 0.4782 | Kendall@80: 0.3419
Epoch 91/150 | Train Loss: 0.0181 | Epoch Time: 0.46s | Spearman@80: 0.5144 | Kendall@80: 0.3736
Epoch 92/150 | Train Loss: 0.0228 | Epoch Time: 0.46s | Spearman@80: 0.5224 | Kendall@80: 0.3781
Epoch 93/150 | Train Loss: 0.0154 | Epoch Time: 0.46s | Spearman@80: 0.4473 | Kendall@80: 0.3198
Epoch 94/150 | Train Loss: 0.0181 | Epoch Time: 0.46s | Spearman@80: 0.4398 | Kendall@80: 0.3166
Epoch 95/150 | Train Loss: 0.0187 | Epoch Time: 0.47s | Spearman@80: 0.4640 | Kendall@80: 0.3293
Epoch 96/150 | Train Loss: 0.0223 | Epoch Time: 0.46s | Spearman@80: 0.4506 | Kendall@80: 0.3229
Epoch 97/150 | Train Loss: 0.0180 | Epoch Time: 0.47s | Spearman@80: 0.4589 | Kendall@80: 0.3286
Epoch 98/150 | Train Loss: 0.0192 | Epoch Time: 0.46s | Spearman@80: 0.4574 | Kendall@80: 0.3204
Epoch 99/150 | Train Loss: 0.0117 | Epoch Time: 0.47s | Spearman@80: 0.4790 | Kendall@80: 0.3394
Epoch 100/150 | Train Loss: 0.0170 | Epoch Time: 0.47s | Spearman@80: 0.4690 | Kendall@80: 0.3267
Epoch 101/150 | Train Loss: 0.0198 | Epoch Time: 0.46s | Spearman@80: 0.4101 | Kendall@80: 0.2887
Epoch 102/150 | Train Loss: 0.0158 | Epoch Time: 0.47s | Spearman@80: 0.4540 | Kendall@80: 0.3261
Epoch 103/150 | Train Loss: 0.0151 | Epoch Time: 0.46s | Spearman@80: 0.4299 | Kendall@80: 0.3039
Epoch 104/150 | Train Loss: 0.0171 | Epoch Time: 0.46s | Spearman@80: 0.4311 | Kendall@80: 0.3045
Epoch 105/150 | Train Loss: 0.0161 | Epoch Time: 0.47s | Spearman@80: 0.4431 | Kendall@80: 0.3109
Epoch 106/150 | Train Loss: 0.0158 | Epoch Time: 0.46s | Spearman@80: 0.4434 | Kendall@80: 0.3115
Epoch 107/150 | Train Loss: 0.0087 | Epoch Time: 0.47s | Spearman@80: 0.4431 | Kendall@80: 0.3153
Epoch 108/150 | Train Loss: 0.0087 | Epoch Time: 0.47s | Spearman@80: 0.4262 | Kendall@80: 0.2995
Epoch 109/150 | Train Loss: 0.0167 | Epoch Time: 0.46s | Spearman@80: 0.4155 | Kendall@80: 0.2906
Epoch 110/150 | Train Loss: 0.0135 | Epoch Time: 0.46s | Spearman@80: 0.4284 | Kendall@80: 0.3026
Epoch 111/150 | Train Loss: 0.0122 | Epoch Time: 0.46s | Spearman@80: 0.4241 | Kendall@80: 0.2988
Epoch 112/150 | Train Loss: 0.0127 | Epoch Time: 0.46s | Spearman@80: 0.4344 | Kendall@80: 0.3096
Epoch 113/150 | Train Loss: 0.0169 | Epoch Time: 0.46s | Spearman@80: 0.4556 | Kendall@80: 0.3242
Epoch 114/150 | Train Loss: 0.0141 | Epoch Time: 0.46s | Spearman@80: 0.4359 | Kendall@80: 0.3115
Epoch 115/150 | Train Loss: 0.0138 | Epoch Time: 0.46s | Spearman@80: 0.4505 | Kendall@80: 0.3217
Epoch 116/150 | Train Loss: 0.0124 | Epoch Time: 0.47s | Spearman@80: 0.4571 | Kendall@80: 0.3242
Epoch 117/150 | Train Loss: 0.0166 | Epoch Time: 0.46s | Spearman@80: 0.4380 | Kendall@80: 0.3103
Epoch 118/150 | Train Loss: 0.0119 | Epoch Time: 0.47s | Spearman@80: 0.4255 | Kendall@80: 0.2976
Epoch 119/150 | Train Loss: 0.0185 | Epoch Time: 0.47s | Spearman@80: 0.4427 | Kendall@80: 0.3147
Epoch 120/150 | Train Loss: 0.0085 | Epoch Time: 0.46s | Spearman@80: 0.4764 | Kendall@80: 0.3438
Epoch 121/150 | Train Loss: 0.0140 | Epoch Time: 0.46s | Spearman@80: 0.4575 | Kendall@80: 0.3255
Epoch 122/150 | Train Loss: 0.0106 | Epoch Time: 0.47s | Spearman@80: 0.4427 | Kendall@80: 0.3147
Epoch 123/150 | Train Loss: 0.0119 | Epoch Time: 0.46s | Spearman@80: 0.4254 | Kendall@80: 0.3007
Epoch 124/150 | Train Loss: 0.0103 | Epoch Time: 0.47s | Spearman@80: 0.4229 | Kendall@80: 0.2976
Epoch 125/150 | Train Loss: 0.0139 | Epoch Time: 0.46s | Spearman@80: 0.4208 | Kendall@80: 0.2995
Epoch 126/150 | Train Loss: 0.0102 | Epoch Time: 0.46s | Spearman@80: 0.4374 | Kendall@80: 0.3115
Epoch 127/150 | Train Loss: 0.0165 | Epoch Time: 0.47s | Spearman@80: 0.4365 | Kendall@80: 0.3122
Epoch 128/150 | Train Loss: 0.0152 | Epoch Time: 0.46s | Spearman@80: 0.4492 | Kendall@80: 0.3191
Epoch 129/150 | Train Loss: 0.0143 | Epoch Time: 0.47s | Spearman@80: 0.4481 | Kendall@80: 0.3204
Epoch 130/150 | Train Loss: 0.0151 | Epoch Time: 0.46s | Spearman@80: 0.4568 | Kendall@80: 0.3242
Epoch 131/150 | Train Loss: 0.0123 | Epoch Time: 0.46s | Spearman@80: 0.4643 | Kendall@80: 0.3312
Epoch 132/150 | Train Loss: 0.0114 | Epoch Time: 0.46s | Spearman@80: 0.4587 | Kendall@80: 0.3286
Epoch 133/150 | Train Loss: 0.0120 | Epoch Time: 0.47s | Spearman@80: 0.4534 | Kendall@80: 0.3229
Epoch 134/150 | Train Loss: 0.0111 | Epoch Time: 0.46s | Spearman@80: 0.4564 | Kendall@80: 0.3217
Epoch 135/150 | Train Loss: 0.0137 | Epoch Time: 0.46s | Spearman@80: 0.4476 | Kendall@80: 0.3179
Epoch 136/150 | Train Loss: 0.0089 | Epoch Time: 0.47s | Spearman@80: 0.4433 | Kendall@80: 0.3128
Epoch 137/150 | Train Loss: 0.0117 | Epoch Time: 0.46s | Spearman@80: 0.4522 | Kendall@80: 0.3217
Epoch 138/150 | Train Loss: 0.0125 | Epoch Time: 0.46s | Spearman@80: 0.4396 | Kendall@80: 0.3134
Epoch 139/150 | Train Loss: 0.0105 | Epoch Time: 0.47s | Spearman@80: 0.4463 | Kendall@80: 0.3141
Epoch 140/150 | Train Loss: 0.0159 | Epoch Time: 0.47s | Spearman@80: 0.4391 | Kendall@80: 0.3153
Epoch 141/150 | Train Loss: 0.0084 | Epoch Time: 0.46s | Spearman@80: 0.4345 | Kendall@80: 0.3109
Epoch 142/150 | Train Loss: 0.0136 | Epoch Time: 0.46s | Spearman@80: 0.4391 | Kendall@80: 0.3134
Epoch 143/150 | Train Loss: 0.0116 | Epoch Time: 0.46s | Spearman@80: 0.4449 | Kendall@80: 0.3166
Epoch 144/150 | Train Loss: 0.0124 | Epoch Time: 0.47s | Spearman@80: 0.4439 | Kendall@80: 0.3172
Epoch 145/150 | Train Loss: 0.0110 | Epoch Time: 0.46s | Spearman@80: 0.4453 | Kendall@80: 0.3166
Epoch 146/150 | Train Loss: 0.0109 | Epoch Time: 0.47s | Spearman@80: 0.4418 | Kendall@80: 0.3122
Epoch 147/150 | Train Loss: 0.0157 | Epoch Time: 1.55s | Spearman@4934: 0.5110 | Kendall@4934: 0.3562
Epoch 148/150 | Train Loss: 0.0142 | Epoch Time: 1.40s | Spearman@4934: 0.5153 | Kendall@4934: 0.3594
Epoch 149/150 | Train Loss: 0.0095 | Epoch Time: 1.40s | Spearman@4934: 0.5173 | Kendall@4934: 0.3609
Epoch 150/150 | Train Loss: 0.0122 | Epoch Time: 1.40s | Spearman@4934: 0.5160 | Kendall@4934: 0.3599
Sample Count: 64, Spearman: 0.514899787622089, Kendall: 0.3590957828812761
{64: (0.514899787622089, 0.3590957828812761),
 128: (0.6024695855796058, 0.42866996456359546)}
Epoch 1/150 | Train Loss: 0.1000 | Epoch Time: 0.78s | Spearman@80: 0.6548 | Kendall@80: 0.4673
Epoch 2/150 | Train Loss: 0.0910 | Epoch Time: 0.78s | Spearman@80: 0.7049 | Kendall@80: 0.5136
Epoch 3/150 | Train Loss: 0.0717 | Epoch Time: 0.78s | Spearman@80: 0.6768 | Kendall@80: 0.4864
Epoch 4/150 | Train Loss: 0.0727 | Epoch Time: 0.77s | Spearman@80: 0.7247 | Kendall@80: 0.5250
Epoch 5/150 | Train Loss: 0.0689 | Epoch Time: 0.78s | Spearman@80: 0.7451 | Kendall@80: 0.5542
Epoch 6/150 | Train Loss: 0.0596 | Epoch Time: 0.78s | Spearman@80: 0.7558 | Kendall@80: 0.5599
Epoch 7/150 | Train Loss: 0.0558 | Epoch Time: 0.77s | Spearman@80: 0.6758 | Kendall@80: 0.4908
Epoch 8/150 | Train Loss: 0.0627 | Epoch Time: 0.78s | Spearman@80: 0.7749 | Kendall@80: 0.5821
Epoch 9/150 | Train Loss: 0.0488 | Epoch Time: 0.78s | Spearman@80: 0.7567 | Kendall@80: 0.5663
Epoch 10/150 | Train Loss: 0.0500 | Epoch Time: 0.78s | Spearman@80: 0.7016 | Kendall@80: 0.5206
Epoch 11/150 | Train Loss: 0.0533 | Epoch Time: 0.78s | Spearman@80: 0.6990 | Kendall@80: 0.5162
Epoch 12/150 | Train Loss: 0.0473 | Epoch Time: 0.78s | Spearman@80: 0.7232 | Kendall@80: 0.5308
Epoch 13/150 | Train Loss: 0.0501 | Epoch Time: 0.77s | Spearman@80: 0.7458 | Kendall@80: 0.5561
Epoch 14/150 | Train Loss: 0.0473 | Epoch Time: 0.77s | Spearman@80: 0.6665 | Kendall@80: 0.4851
Epoch 15/150 | Train Loss: 0.0536 | Epoch Time: 0.78s | Spearman@80: 0.7572 | Kendall@80: 0.5631
Epoch 16/150 | Train Loss: 0.0477 | Epoch Time: 0.78s | Spearman@80: 0.6888 | Kendall@80: 0.4927
Epoch 17/150 | Train Loss: 0.0487 | Epoch Time: 0.78s | Spearman@80: 0.7436 | Kendall@80: 0.5510
Epoch 18/150 | Train Loss: 0.0508 | Epoch Time: 0.78s | Spearman@80: 0.7327 | Kendall@80: 0.5377
Epoch 19/150 | Train Loss: 0.0510 | Epoch Time: 0.78s | Spearman@80: 0.6690 | Kendall@80: 0.4952
Epoch 20/150 | Train Loss: 0.0492 | Epoch Time: 0.78s | Spearman@80: 0.7537 | Kendall@80: 0.5663
Epoch 21/150 | Train Loss: 0.0414 | Epoch Time: 0.78s | Spearman@80: 0.7686 | Kendall@80: 0.5777
Epoch 22/150 | Train Loss: 0.0429 | Epoch Time: 0.77s | Spearman@80: 0.7151 | Kendall@80: 0.5282
Epoch 23/150 | Train Loss: 0.0448 | Epoch Time: 0.78s | Spearman@80: 0.7366 | Kendall@80: 0.5460
Epoch 24/150 | Train Loss: 0.0428 | Epoch Time: 0.78s | Spearman@80: 0.6364 | Kendall@80: 0.4483
Epoch 25/150 | Train Loss: 0.0468 | Epoch Time: 0.78s | Spearman@80: 0.7369 | Kendall@80: 0.5365
Epoch 26/150 | Train Loss: 0.0504 | Epoch Time: 0.80s | Spearman@80: 0.6980 | Kendall@80: 0.5029
Epoch 27/150 | Train Loss: 0.0457 | Epoch Time: 0.79s | Spearman@80: 0.7182 | Kendall@80: 0.5314
Epoch 28/150 | Train Loss: 0.0440 | Epoch Time: 0.78s | Spearman@80: 0.7249 | Kendall@80: 0.5466
Epoch 29/150 | Train Loss: 0.0513 | Epoch Time: 0.78s | Spearman@80: 0.7486 | Kendall@80: 0.5555
Epoch 30/150 | Train Loss: 0.0439 | Epoch Time: 0.78s | Spearman@80: 0.7745 | Kendall@80: 0.5796
Epoch 31/150 | Train Loss: 0.0412 | Epoch Time: 0.90s | Spearman@80: 0.7733 | Kendall@80: 0.5815
Epoch 32/150 | Train Loss: 0.0390 | Epoch Time: 0.90s | Spearman@80: 0.7527 | Kendall@80: 0.5529
Epoch 33/150 | Train Loss: 0.0506 | Epoch Time: 0.91s | Spearman@80: 0.7474 | Kendall@80: 0.5682
Epoch 34/150 | Train Loss: 0.0391 | Epoch Time: 0.90s | Spearman@80: 0.7820 | Kendall@80: 0.5885
Epoch 35/150 | Train Loss: 0.0432 | Epoch Time: 0.90s | Spearman@80: 0.7003 | Kendall@80: 0.5263
Epoch 36/150 | Train Loss: 0.0391 | Epoch Time: 0.90s | Spearman@80: 0.7629 | Kendall@80: 0.5770
Epoch 37/150 | Train Loss: 0.0407 | Epoch Time: 0.90s | Spearman@80: 0.7332 | Kendall@80: 0.5498
Epoch 38/150 | Train Loss: 0.0396 | Epoch Time: 0.91s | Spearman@80: 0.7036 | Kendall@80: 0.5257
Epoch 39/150 | Train Loss: 0.0384 | Epoch Time: 0.90s | Spearman@80: 0.7261 | Kendall@80: 0.5358
Epoch 40/150 | Train Loss: 0.0420 | Epoch Time: 0.90s | Spearman@80: 0.7459 | Kendall@80: 0.5618
Epoch 41/150 | Train Loss: 0.0391 | Epoch Time: 0.91s | Spearman@80: 0.7745 | Kendall@80: 0.5834
Epoch 42/150 | Train Loss: 0.0351 | Epoch Time: 0.90s | Spearman@80: 0.7456 | Kendall@80: 0.5517
Epoch 43/150 | Train Loss: 0.0373 | Epoch Time: 0.91s | Spearman@80: 0.7671 | Kendall@80: 0.5745
Epoch 44/150 | Train Loss: 0.0351 | Epoch Time: 0.90s | Spearman@80: 0.7664 | Kendall@80: 0.5694
Epoch 45/150 | Train Loss: 0.0420 | Epoch Time: 0.90s | Spearman@80: 0.7300 | Kendall@80: 0.5504
Epoch 46/150 | Train Loss: 0.0403 | Epoch Time: 0.90s | Spearman@80: 0.6960 | Kendall@80: 0.5200
Epoch 47/150 | Train Loss: 0.0424 | Epoch Time: 0.90s | Spearman@80: 0.7235 | Kendall@80: 0.5358
Epoch 48/150 | Train Loss: 0.0388 | Epoch Time: 0.90s | Spearman@80: 0.7581 | Kendall@80: 0.5625
Epoch 49/150 | Train Loss: 0.0491 | Epoch Time: 0.90s | Spearman@80: 0.7451 | Kendall@80: 0.5498
Epoch 50/150 | Train Loss: 0.0369 | Epoch Time: 0.89s | Spearman@80: 0.7192 | Kendall@80: 0.5403
Epoch 51/150 | Train Loss: 0.0421 | Epoch Time: 0.90s | Spearman@80: 0.7714 | Kendall@80: 0.5751
Epoch 52/150 | Train Loss: 0.0361 | Epoch Time: 0.90s | Spearman@80: 0.7656 | Kendall@80: 0.5758
Epoch 53/150 | Train Loss: 0.0389 | Epoch Time: 0.90s | Spearman@80: 0.7813 | Kendall@80: 0.5897
Epoch 54/150 | Train Loss: 0.0413 | Epoch Time: 0.90s | Spearman@80: 0.7556 | Kendall@80: 0.5688
Epoch 55/150 | Train Loss: 0.0369 | Epoch Time: 0.91s | Spearman@80: 0.7466 | Kendall@80: 0.5574
Epoch 56/150 | Train Loss: 0.0395 | Epoch Time: 0.90s | Spearman@80: 0.7476 | Kendall@80: 0.5612
Epoch 57/150 | Train Loss: 0.0423 | Epoch Time: 0.91s | Spearman@80: 0.7612 | Kendall@80: 0.5599
Epoch 58/150 | Train Loss: 0.0390 | Epoch Time: 0.90s | Spearman@80: 0.7655 | Kendall@80: 0.5713
Epoch 59/150 | Train Loss: 0.0346 | Epoch Time: 0.90s | Spearman@80: 0.6913 | Kendall@80: 0.5168
Epoch 60/150 | Train Loss: 0.0384 | Epoch Time: 0.90s | Spearman@80: 0.7222 | Kendall@80: 0.5333
Epoch 61/150 | Train Loss: 0.0330 | Epoch Time: 0.90s | Spearman@80: 0.7173 | Kendall@80: 0.5308
Epoch 62/150 | Train Loss: 0.0374 | Epoch Time: 0.90s | Spearman@80: 0.7738 | Kendall@80: 0.5764
Epoch 63/150 | Train Loss: 0.0351 | Epoch Time: 0.91s | Spearman@80: 0.7449 | Kendall@80: 0.5485
Epoch 64/150 | Train Loss: 0.0292 | Epoch Time: 0.91s | Spearman@80: 0.7667 | Kendall@80: 0.5688
Epoch 65/150 | Train Loss: 0.0318 | Epoch Time: 0.90s | Spearman@80: 0.7220 | Kendall@80: 0.5289
Epoch 66/150 | Train Loss: 0.0322 | Epoch Time: 0.90s | Spearman@80: 0.7344 | Kendall@80: 0.5434
Epoch 67/150 | Train Loss: 0.0270 | Epoch Time: 0.91s | Spearman@80: 0.7441 | Kendall@80: 0.5529
Epoch 68/150 | Train Loss: 0.0328 | Epoch Time: 0.90s | Spearman@80: 0.7292 | Kendall@80: 0.5422
Epoch 69/150 | Train Loss: 0.0292 | Epoch Time: 0.90s | Spearman@80: 0.7310 | Kendall@80: 0.5441
Epoch 70/150 | Train Loss: 0.0340 | Epoch Time: 0.90s | Spearman@80: 0.7544 | Kendall@80: 0.5593
Epoch 71/150 | Train Loss: 0.0321 | Epoch Time: 0.90s | Spearman@80: 0.7499 | Kendall@80: 0.5637
Epoch 72/150 | Train Loss: 0.0347 | Epoch Time: 0.92s | Spearman@80: 0.7476 | Kendall@80: 0.5561
Epoch 73/150 | Train Loss: 0.0343 | Epoch Time: 0.93s | Spearman@80: 0.7701 | Kendall@80: 0.5745
Epoch 74/150 | Train Loss: 0.0378 | Epoch Time: 0.92s | Spearman@80: 0.7456 | Kendall@80: 0.5536
Epoch 75/150 | Train Loss: 0.0370 | Epoch Time: 0.92s | Spearman@80: 0.7360 | Kendall@80: 0.5498
Epoch 76/150 | Train Loss: 0.0277 | Epoch Time: 0.92s | Spearman@80: 0.7519 | Kendall@80: 0.5580
Epoch 77/150 | Train Loss: 0.0318 | Epoch Time: 0.93s | Spearman@80: 0.7477 | Kendall@80: 0.5568
Epoch 78/150 | Train Loss: 0.0365 | Epoch Time: 0.92s | Spearman@80: 0.7248 | Kendall@80: 0.5377
Epoch 79/150 | Train Loss: 0.0295 | Epoch Time: 0.93s | Spearman@80: 0.7483 | Kendall@80: 0.5593
Epoch 80/150 | Train Loss: 0.0290 | Epoch Time: 0.92s | Spearman@80: 0.7566 | Kendall@80: 0.5625
Epoch 81/150 | Train Loss: 0.0328 | Epoch Time: 0.93s | Spearman@80: 0.7273 | Kendall@80: 0.5352
Epoch 82/150 | Train Loss: 0.0323 | Epoch Time: 0.91s | Spearman@80: 0.6804 | Kendall@80: 0.5010
Epoch 83/150 | Train Loss: 0.0343 | Epoch Time: 0.90s | Spearman@80: 0.7153 | Kendall@80: 0.5289
Epoch 84/150 | Train Loss: 0.0309 | Epoch Time: 0.91s | Spearman@80: 0.7054 | Kendall@80: 0.5206
Epoch 85/150 | Train Loss: 0.0283 | Epoch Time: 0.91s | Spearman@80: 0.7359 | Kendall@80: 0.5453
Epoch 86/150 | Train Loss: 0.0267 | Epoch Time: 0.89s | Spearman@80: 0.7206 | Kendall@80: 0.5320
Epoch 87/150 | Train Loss: 0.0326 | Epoch Time: 0.90s | Spearman@80: 0.7907 | Kendall@80: 0.5916
Epoch 88/150 | Train Loss: 0.0273 | Epoch Time: 0.90s | Spearman@80: 0.7348 | Kendall@80: 0.5403
Epoch 89/150 | Train Loss: 0.0262 | Epoch Time: 0.90s | Spearman@80: 0.7289 | Kendall@80: 0.5422
Epoch 90/150 | Train Loss: 0.0297 | Epoch Time: 0.90s | Spearman@80: 0.7232 | Kendall@80: 0.5358
Epoch 91/150 | Train Loss: 0.0355 | Epoch Time: 0.91s | Spearman@80: 0.7660 | Kendall@80: 0.5720
Epoch 92/150 | Train Loss: 0.0260 | Epoch Time: 0.91s | Spearman@80: 0.7618 | Kendall@80: 0.5593
Epoch 93/150 | Train Loss: 0.0265 | Epoch Time: 0.90s | Spearman@80: 0.7644 | Kendall@80: 0.5675
Epoch 94/150 | Train Loss: 0.0309 | Epoch Time: 0.90s | Spearman@80: 0.7569 | Kendall@80: 0.5618
Epoch 95/150 | Train Loss: 0.0276 | Epoch Time: 0.89s | Spearman@80: 0.7264 | Kendall@80: 0.5352
Epoch 96/150 | Train Loss: 0.0296 | Epoch Time: 0.90s | Spearman@80: 0.7527 | Kendall@80: 0.5542
Epoch 97/150 | Train Loss: 0.0258 | Epoch Time: 0.90s | Spearman@80: 0.7215 | Kendall@80: 0.5289
Epoch 98/150 | Train Loss: 0.0306 | Epoch Time: 0.90s | Spearman@80: 0.7614 | Kendall@80: 0.5656
Epoch 99/150 | Train Loss: 0.0239 | Epoch Time: 0.92s | Spearman@80: 0.7339 | Kendall@80: 0.5447
Epoch 100/150 | Train Loss: 0.0298 | Epoch Time: 0.92s | Spearman@80: 0.7450 | Kendall@80: 0.5491
Epoch 101/150 | Train Loss: 0.0252 | Epoch Time: 0.91s | Spearman@80: 0.7310 | Kendall@80: 0.5403
Epoch 102/150 | Train Loss: 0.0234 | Epoch Time: 0.90s | Spearman@80: 0.7348 | Kendall@80: 0.5371
Epoch 103/150 | Train Loss: 0.0284 | Epoch Time: 0.90s | Spearman@80: 0.7482 | Kendall@80: 0.5542
Epoch 104/150 | Train Loss: 0.0244 | Epoch Time: 0.90s | Spearman@80: 0.7548 | Kendall@80: 0.5644
Epoch 105/150 | Train Loss: 0.0249 | Epoch Time: 0.90s | Spearman@80: 0.7307 | Kendall@80: 0.5346
Epoch 106/150 | Train Loss: 0.0257 | Epoch Time: 0.90s | Spearman@80: 0.7246 | Kendall@80: 0.5301
Epoch 107/150 | Train Loss: 0.0208 | Epoch Time: 0.89s | Spearman@80: 0.7281 | Kendall@80: 0.5365
Epoch 108/150 | Train Loss: 0.0299 | Epoch Time: 0.90s | Spearman@80: 0.7196 | Kendall@80: 0.5270
Epoch 109/150 | Train Loss: 0.0277 | Epoch Time: 0.90s | Spearman@80: 0.7510 | Kendall@80: 0.5587
Epoch 110/150 | Train Loss: 0.0255 | Epoch Time: 0.91s | Spearman@80: 0.7359 | Kendall@80: 0.5371
Epoch 111/150 | Train Loss: 0.0265 | Epoch Time: 0.90s | Spearman@80: 0.7287 | Kendall@80: 0.5320
Epoch 112/150 | Train Loss: 0.0235 | Epoch Time: 0.90s | Spearman@80: 0.6959 | Kendall@80: 0.5022
Epoch 113/150 | Train Loss: 0.0240 | Epoch Time: 0.90s | Spearman@80: 0.7285 | Kendall@80: 0.5365
Epoch 114/150 | Train Loss: 0.0213 | Epoch Time: 0.90s | Spearman@80: 0.7184 | Kendall@80: 0.5193
Epoch 115/150 | Train Loss: 0.0214 | Epoch Time: 0.91s | Spearman@80: 0.6919 | Kendall@80: 0.4971
Epoch 116/150 | Train Loss: 0.0270 | Epoch Time: 0.90s | Spearman@80: 0.7178 | Kendall@80: 0.5187
Epoch 117/150 | Train Loss: 0.0250 | Epoch Time: 0.90s | Spearman@80: 0.7177 | Kendall@80: 0.5200
Epoch 118/150 | Train Loss: 0.0263 | Epoch Time: 0.90s | Spearman@80: 0.7348 | Kendall@80: 0.5434
Epoch 119/150 | Train Loss: 0.0235 | Epoch Time: 0.91s | Spearman@80: 0.7318 | Kendall@80: 0.5346
Epoch 120/150 | Train Loss: 0.0214 | Epoch Time: 0.90s | Spearman@80: 0.6967 | Kendall@80: 0.5010
Epoch 121/150 | Train Loss: 0.0226 | Epoch Time: 0.91s | Spearman@80: 0.7237 | Kendall@80: 0.5295
Epoch 122/150 | Train Loss: 0.0215 | Epoch Time: 0.90s | Spearman@80: 0.7290 | Kendall@80: 0.5314
Epoch 123/150 | Train Loss: 0.0189 | Epoch Time: 0.90s | Spearman@80: 0.7224 | Kendall@80: 0.5301
Epoch 124/150 | Train Loss: 0.0200 | Epoch Time: 0.90s | Spearman@80: 0.7215 | Kendall@80: 0.5270
Epoch 125/150 | Train Loss: 0.0235 | Epoch Time: 0.90s | Spearman@80: 0.7228 | Kendall@80: 0.5295
Epoch 126/150 | Train Loss: 0.0170 | Epoch Time: 0.90s | Spearman@80: 0.7405 | Kendall@80: 0.5453
Epoch 127/150 | Train Loss: 0.0175 | Epoch Time: 0.90s | Spearman@80: 0.7383 | Kendall@80: 0.5434
Epoch 128/150 | Train Loss: 0.0200 | Epoch Time: 0.90s | Spearman@80: 0.7305 | Kendall@80: 0.5320
Epoch 129/150 | Train Loss: 0.0234 | Epoch Time: 0.90s | Spearman@80: 0.7243 | Kendall@80: 0.5295
Epoch 130/150 | Train Loss: 0.0247 | Epoch Time: 0.90s | Spearman@80: 0.7323 | Kendall@80: 0.5333
Epoch 131/150 | Train Loss: 0.0229 | Epoch Time: 0.90s | Spearman@80: 0.7335 | Kendall@80: 0.5409
Epoch 132/150 | Train Loss: 0.0191 | Epoch Time: 0.90s | Spearman@80: 0.7391 | Kendall@80: 0.5409
Epoch 133/150 | Train Loss: 0.0229 | Epoch Time: 0.90s | Spearman@80: 0.7350 | Kendall@80: 0.5352
Epoch 134/150 | Train Loss: 0.0211 | Epoch Time: 0.89s | Spearman@80: 0.7260 | Kendall@80: 0.5327
Epoch 135/150 | Train Loss: 0.0222 | Epoch Time: 0.90s | Spearman@80: 0.7271 | Kendall@80: 0.5289
Epoch 136/150 | Train Loss: 0.0170 | Epoch Time: 0.91s | Spearman@80: 0.7116 | Kendall@80: 0.5162
Epoch 137/150 | Train Loss: 0.0196 | Epoch Time: 0.91s | Spearman@80: 0.7220 | Kendall@80: 0.5263
Epoch 138/150 | Train Loss: 0.0178 | Epoch Time: 0.91s | Spearman@80: 0.7158 | Kendall@80: 0.5200
Epoch 139/150 | Train Loss: 0.0232 | Epoch Time: 0.89s | Spearman@80: 0.7185 | Kendall@80: 0.5225
Epoch 140/150 | Train Loss: 0.0154 | Epoch Time: 0.90s | Spearman@80: 0.7115 | Kendall@80: 0.5162
Epoch 141/150 | Train Loss: 0.0179 | Epoch Time: 0.90s | Spearman@80: 0.7234 | Kendall@80: 0.5238
Epoch 142/150 | Train Loss: 0.0224 | Epoch Time: 0.91s | Spearman@80: 0.7208 | Kendall@80: 0.5250
Epoch 143/150 | Train Loss: 0.0185 | Epoch Time: 0.90s | Spearman@80: 0.7237 | Kendall@80: 0.5263
Epoch 144/150 | Train Loss: 0.0167 | Epoch Time: 0.90s | Spearman@80: 0.7168 | Kendall@80: 0.5231
Epoch 145/150 | Train Loss: 0.0181 | Epoch Time: 0.90s | Spearman@80: 0.7219 | Kendall@80: 0.5270
Epoch 146/150 | Train Loss: 0.0177 | Epoch Time: 0.90s | Spearman@80: 0.7231 | Kendall@80: 0.5270
Epoch 147/150 | Train Loss: 0.0224 | Epoch Time: 1.99s | Spearman@4870: 0.6873 | Kendall@4870: 0.5002
Epoch 148/150 | Train Loss: 0.0207 | Epoch Time: 1.76s | Spearman@4870: 0.6867 | Kendall@4870: 0.4992
Epoch 149/150 | Train Loss: 0.0205 | Epoch Time: 1.76s | Spearman@4870: 0.6883 | Kendall@4870: 0.5010
Epoch 150/150 | Train Loss: 0.0175 | Epoch Time: 1.79s | Spearman@4870: 0.6882 | Kendall@4870: 0.5012
Sample Count: 128, Spearman: 0.6876206718268695, Kendall: 0.5004067626691824
{64: (0.514899787622089, 0.3590957828812761),
 128: (0.6876206718268695, 0.5004067626691824)}
Epoch 1/150 | Train Loss: 0.0998 | Epoch Time: 0.41s | Spearman@80: 0.5823 | Kendall@80: 0.4234
Epoch 2/150 | Train Loss: 0.0924 | Epoch Time: 0.40s | Spearman@80: 0.4906 | Kendall@80: 0.3436
Epoch 3/150 | Train Loss: 0.0809 | Epoch Time: 0.41s | Spearman@80: 0.5231 | Kendall@80: 0.3607
Epoch 4/150 | Train Loss: 0.0696 | Epoch Time: 0.41s | Spearman@80: 0.6519 | Kendall@80: 0.4754
Epoch 5/150 | Train Loss: 0.0603 | Epoch Time: 0.41s | Spearman@80: 0.6780 | Kendall@80: 0.4950
Epoch 6/150 | Train Loss: 0.0612 | Epoch Time: 0.41s | Spearman@80: 0.7114 | Kendall@80: 0.5273
Epoch 7/150 | Train Loss: 0.0616 | Epoch Time: 0.40s | Spearman@80: 0.7142 | Kendall@80: 0.5241
Epoch 8/150 | Train Loss: 0.0522 | Epoch Time: 0.41s | Spearman@80: 0.7046 | Kendall@80: 0.5248
Epoch 9/150 | Train Loss: 0.0535 | Epoch Time: 0.41s | Spearman@80: 0.7382 | Kendall@80: 0.5565
Epoch 10/150 | Train Loss: 0.0515 | Epoch Time: 0.40s | Spearman@80: 0.7511 | Kendall@80: 0.5565
Epoch 11/150 | Train Loss: 0.0394 | Epoch Time: 0.40s | Spearman@80: 0.7708 | Kendall@80: 0.5634
Epoch 12/150 | Train Loss: 0.0473 | Epoch Time: 0.41s | Spearman@80: 0.7299 | Kendall@80: 0.5362
Epoch 13/150 | Train Loss: 0.0351 | Epoch Time: 0.40s | Spearman@80: 0.7174 | Kendall@80: 0.5286
Epoch 14/150 | Train Loss: 0.0463 | Epoch Time: 0.40s | Spearman@80: 0.6967 | Kendall@80: 0.4988
Epoch 15/150 | Train Loss: 0.0461 | Epoch Time: 0.40s | Spearman@80: 0.6847 | Kendall@80: 0.5089
Epoch 16/150 | Train Loss: 0.0420 | Epoch Time: 0.41s | Spearman@80: 0.6988 | Kendall@80: 0.5191
Epoch 17/150 | Train Loss: 0.0387 | Epoch Time: 0.40s | Spearman@80: 0.7022 | Kendall@80: 0.5159
Epoch 18/150 | Train Loss: 0.0377 | Epoch Time: 0.40s | Spearman@80: 0.6844 | Kendall@80: 0.5083
Epoch 19/150 | Train Loss: 0.0412 | Epoch Time: 0.40s | Spearman@80: 0.6531 | Kendall@80: 0.4836
Epoch 20/150 | Train Loss: 0.0381 | Epoch Time: 0.41s | Spearman@80: 0.6465 | Kendall@80: 0.4652
Epoch 21/150 | Train Loss: 0.0404 | Epoch Time: 0.40s | Spearman@80: 0.6318 | Kendall@80: 0.4488
Epoch 22/150 | Train Loss: 0.0353 | Epoch Time: 0.41s | Spearman@80: 0.6663 | Kendall@80: 0.4773
Epoch 23/150 | Train Loss: 0.0393 | Epoch Time: 0.40s | Spearman@80: 0.6799 | Kendall@80: 0.5013
Epoch 24/150 | Train Loss: 0.0375 | Epoch Time: 0.40s | Spearman@80: 0.6995 | Kendall@80: 0.5064
Epoch 25/150 | Train Loss: 0.0399 | Epoch Time: 0.41s | Spearman@80: 0.6533 | Kendall@80: 0.4690
Epoch 26/150 | Train Loss: 0.0354 | Epoch Time: 0.40s | Spearman@80: 0.6146 | Kendall@80: 0.4329
Epoch 27/150 | Train Loss: 0.0313 | Epoch Time: 0.40s | Spearman@80: 0.6558 | Kendall@80: 0.4690
Epoch 28/150 | Train Loss: 0.0333 | Epoch Time: 0.40s | Spearman@80: 0.6684 | Kendall@80: 0.4918
Epoch 29/150 | Train Loss: 0.0406 | Epoch Time: 0.40s | Spearman@80: 0.6513 | Kendall@80: 0.4690
Epoch 30/150 | Train Loss: 0.0420 | Epoch Time: 0.41s | Spearman@80: 0.5747 | Kendall@80: 0.3981
Epoch 31/150 | Train Loss: 0.0257 | Epoch Time: 0.41s | Spearman@80: 0.5842 | Kendall@80: 0.4215
Epoch 32/150 | Train Loss: 0.0333 | Epoch Time: 0.40s | Spearman@80: 0.6223 | Kendall@80: 0.4481
Epoch 33/150 | Train Loss: 0.0294 | Epoch Time: 0.40s | Spearman@80: 0.6230 | Kendall@80: 0.4481
Epoch 34/150 | Train Loss: 0.0333 | Epoch Time: 0.41s | Spearman@80: 0.6328 | Kendall@80: 0.4564
Epoch 35/150 | Train Loss: 0.0324 | Epoch Time: 0.40s | Spearman@80: 0.5965 | Kendall@80: 0.4209
Epoch 36/150 | Train Loss: 0.0291 | Epoch Time: 0.41s | Spearman@80: 0.5889 | Kendall@80: 0.4165
Epoch 37/150 | Train Loss: 0.0266 | Epoch Time: 0.40s | Spearman@80: 0.5748 | Kendall@80: 0.4051
Epoch 38/150 | Train Loss: 0.0365 | Epoch Time: 0.40s | Spearman@80: 0.5702 | Kendall@80: 0.4127
Epoch 39/150 | Train Loss: 0.0324 | Epoch Time: 0.40s | Spearman@80: 0.5737 | Kendall@80: 0.4089
Epoch 40/150 | Train Loss: 0.0270 | Epoch Time: 0.40s | Spearman@80: 0.5324 | Kendall@80: 0.3797
Epoch 41/150 | Train Loss: 0.0422 | Epoch Time: 0.41s | Spearman@80: 0.5846 | Kendall@80: 0.4133
Epoch 42/150 | Train Loss: 0.0327 | Epoch Time: 0.41s | Spearman@80: 0.6059 | Kendall@80: 0.4298
Epoch 43/150 | Train Loss: 0.0293 | Epoch Time: 0.40s | Spearman@80: 0.5539 | Kendall@80: 0.3880
Epoch 44/150 | Train Loss: 0.0327 | Epoch Time: 0.40s | Spearman@80: 0.5415 | Kendall@80: 0.3867
Epoch 45/150 | Train Loss: 0.0375 | Epoch Time: 0.40s | Spearman@80: 0.5390 | Kendall@80: 0.3911
Epoch 46/150 | Train Loss: 0.0342 | Epoch Time: 0.40s | Spearman@80: 0.5696 | Kendall@80: 0.4013
Epoch 47/150 | Train Loss: 0.0300 | Epoch Time: 0.40s | Spearman@80: 0.5637 | Kendall@80: 0.3949
Epoch 48/150 | Train Loss: 0.0393 | Epoch Time: 0.41s | Spearman@80: 0.5822 | Kendall@80: 0.4171
Epoch 49/150 | Train Loss: 0.0334 | Epoch Time: 0.40s | Spearman@80: 0.6056 | Kendall@80: 0.4323
Epoch 50/150 | Train Loss: 0.0339 | Epoch Time: 0.40s | Spearman@80: 0.6270 | Kendall@80: 0.4488
Epoch 51/150 | Train Loss: 0.0256 | Epoch Time: 0.40s | Spearman@80: 0.6330 | Kendall@80: 0.4583
Epoch 52/150 | Train Loss: 0.0283 | Epoch Time: 0.40s | Spearman@80: 0.6042 | Kendall@80: 0.4367
Epoch 53/150 | Train Loss: 0.0264 | Epoch Time: 0.40s | Spearman@80: 0.5811 | Kendall@80: 0.4253
Epoch 54/150 | Train Loss: 0.0294 | Epoch Time: 0.41s | Spearman@80: 0.5667 | Kendall@80: 0.4101
Epoch 55/150 | Train Loss: 0.0338 | Epoch Time: 0.40s | Spearman@80: 0.5436 | Kendall@80: 0.3886
Epoch 56/150 | Train Loss: 0.0346 | Epoch Time: 0.40s | Spearman@80: 0.5893 | Kendall@80: 0.4228
Epoch 57/150 | Train Loss: 0.0322 | Epoch Time: 0.40s | Spearman@80: 0.5599 | Kendall@80: 0.3943
Epoch 58/150 | Train Loss: 0.0274 | Epoch Time: 0.41s | Spearman@80: 0.5853 | Kendall@80: 0.4177
Epoch 59/150 | Train Loss: 0.0224 | Epoch Time: 0.40s | Spearman@80: 0.5764 | Kendall@80: 0.4082
Epoch 60/150 | Train Loss: 0.0232 | Epoch Time: 0.40s | Spearman@80: 0.5427 | Kendall@80: 0.3804
Epoch 61/150 | Train Loss: 0.0323 | Epoch Time: 0.40s | Spearman@80: 0.5625 | Kendall@80: 0.3981
Epoch 62/150 | Train Loss: 0.0336 | Epoch Time: 0.41s | Spearman@80: 0.5905 | Kendall@80: 0.4279
Epoch 63/150 | Train Loss: 0.0293 | Epoch Time: 0.40s | Spearman@80: 0.6291 | Kendall@80: 0.4589
Epoch 64/150 | Train Loss: 0.0265 | Epoch Time: 0.40s | Spearman@80: 0.5330 | Kendall@80: 0.3759
Epoch 65/150 | Train Loss: 0.0263 | Epoch Time: 0.41s | Spearman@80: 0.5621 | Kendall@80: 0.4070
Epoch 66/150 | Train Loss: 0.0216 | Epoch Time: 0.40s | Spearman@80: 0.5489 | Kendall@80: 0.3949
Epoch 67/150 | Train Loss: 0.0242 | Epoch Time: 0.41s | Spearman@80: 0.5819 | Kendall@80: 0.4171
Epoch 68/150 | Train Loss: 0.0283 | Epoch Time: 0.41s | Spearman@80: 0.5556 | Kendall@80: 0.3943
Epoch 69/150 | Train Loss: 0.0255 | Epoch Time: 0.40s | Spearman@80: 0.5308 | Kendall@80: 0.3747
Epoch 70/150 | Train Loss: 0.0348 | Epoch Time: 0.40s | Spearman@80: 0.5617 | Kendall@80: 0.4019
Epoch 71/150 | Train Loss: 0.0270 | Epoch Time: 0.40s | Spearman@80: 0.6156 | Kendall@80: 0.4469
Epoch 72/150 | Train Loss: 0.0227 | Epoch Time: 0.40s | Spearman@80: 0.5225 | Kendall@80: 0.3683
Epoch 73/150 | Train Loss: 0.0325 | Epoch Time: 0.40s | Spearman@80: 0.5748 | Kendall@80: 0.4158
Epoch 74/150 | Train Loss: 0.0218 | Epoch Time: 0.41s | Spearman@80: 0.4594 | Kendall@80: 0.3253
Epoch 75/150 | Train Loss: 0.0252 | Epoch Time: 0.40s | Spearman@80: 0.5328 | Kendall@80: 0.3772
Epoch 76/150 | Train Loss: 0.0219 | Epoch Time: 0.41s | Spearman@80: 0.5342 | Kendall@80: 0.3785
Epoch 77/150 | Train Loss: 0.0164 | Epoch Time: 0.41s | Spearman@80: 0.5377 | Kendall@80: 0.3778
Epoch 78/150 | Train Loss: 0.0193 | Epoch Time: 0.40s | Spearman@80: 0.5634 | Kendall@80: 0.4025
Epoch 79/150 | Train Loss: 0.0174 | Epoch Time: 0.40s | Spearman@80: 0.5371 | Kendall@80: 0.3797
Epoch 80/150 | Train Loss: 0.0153 | Epoch Time: 0.41s | Spearman@80: 0.5179 | Kendall@80: 0.3658
Epoch 81/150 | Train Loss: 0.0216 | Epoch Time: 0.41s | Spearman@80: 0.5477 | Kendall@80: 0.3949
Epoch 82/150 | Train Loss: 0.0237 | Epoch Time: 0.40s | Spearman@80: 0.5486 | Kendall@80: 0.3968
Epoch 83/150 | Train Loss: 0.0201 | Epoch Time: 0.41s | Spearman@80: 0.5005 | Kendall@80: 0.3639
Epoch 84/150 | Train Loss: 0.0152 | Epoch Time: 0.40s | Spearman@80: 0.5473 | Kendall@80: 0.3994
Epoch 85/150 | Train Loss: 0.0240 | Epoch Time: 0.40s | Spearman@80: 0.5454 | Kendall@80: 0.3994
Epoch 86/150 | Train Loss: 0.0204 | Epoch Time: 0.41s | Spearman@80: 0.5150 | Kendall@80: 0.3715
Epoch 87/150 | Train Loss: 0.0232 | Epoch Time: 0.40s | Spearman@80: 0.4979 | Kendall@80: 0.3557
Epoch 88/150 | Train Loss: 0.0199 | Epoch Time: 0.41s | Spearman@80: 0.4971 | Kendall@80: 0.3595
Epoch 89/150 | Train Loss: 0.0193 | Epoch Time: 0.40s | Spearman@80: 0.5282 | Kendall@80: 0.3842
Epoch 90/150 | Train Loss: 0.0149 | Epoch Time: 0.41s | Spearman@80: 0.5113 | Kendall@80: 0.3658
Epoch 91/150 | Train Loss: 0.0187 | Epoch Time: 0.41s | Spearman@80: 0.5274 | Kendall@80: 0.3778
Epoch 92/150 | Train Loss: 0.0132 | Epoch Time: 0.41s | Spearman@80: 0.5426 | Kendall@80: 0.3937
Epoch 93/150 | Train Loss: 0.0193 | Epoch Time: 0.41s | Spearman@80: 0.5886 | Kendall@80: 0.4304
Epoch 94/150 | Train Loss: 0.0205 | Epoch Time: 0.40s | Spearman@80: 0.5296 | Kendall@80: 0.3759
Epoch 95/150 | Train Loss: 0.0206 | Epoch Time: 0.41s | Spearman@80: 0.4969 | Kendall@80: 0.3563
Epoch 96/150 | Train Loss: 0.0202 | Epoch Time: 0.40s | Spearman@80: 0.5614 | Kendall@80: 0.4108
Epoch 97/150 | Train Loss: 0.0163 | Epoch Time: 0.40s | Spearman@80: 0.4870 | Kendall@80: 0.3506
Epoch 98/150 | Train Loss: 0.0202 | Epoch Time: 0.41s | Spearman@80: 0.4872 | Kendall@80: 0.3493
Epoch 99/150 | Train Loss: 0.0193 | Epoch Time: 0.40s | Spearman@80: 0.5423 | Kendall@80: 0.3937
Epoch 100/150 | Train Loss: 0.0230 | Epoch Time: 0.40s | Spearman@80: 0.5170 | Kendall@80: 0.3709
Epoch 101/150 | Train Loss: 0.0145 | Epoch Time: 0.40s | Spearman@80: 0.5165 | Kendall@80: 0.3652
Epoch 102/150 | Train Loss: 0.0211 | Epoch Time: 0.40s | Spearman@80: 0.5408 | Kendall@80: 0.3905
Epoch 103/150 | Train Loss: 0.0094 | Epoch Time: 0.40s | Spearman@80: 0.5386 | Kendall@80: 0.3848
Epoch 104/150 | Train Loss: 0.0141 | Epoch Time: 0.40s | Spearman@80: 0.5415 | Kendall@80: 0.3873
Epoch 105/150 | Train Loss: 0.0152 | Epoch Time: 0.41s | Spearman@80: 0.5305 | Kendall@80: 0.3778
Epoch 106/150 | Train Loss: 0.0156 | Epoch Time: 0.40s | Spearman@80: 0.5273 | Kendall@80: 0.3747
Epoch 107/150 | Train Loss: 0.0130 | Epoch Time: 0.40s | Spearman@80: 0.5276 | Kendall@80: 0.3759
Epoch 108/150 | Train Loss: 0.0190 | Epoch Time: 0.41s | Spearman@80: 0.5611 | Kendall@80: 0.4019
Epoch 109/150 | Train Loss: 0.0153 | Epoch Time: 0.41s | Spearman@80: 0.5538 | Kendall@80: 0.3956
Epoch 110/150 | Train Loss: 0.0152 | Epoch Time: 0.40s | Spearman@80: 0.5554 | Kendall@80: 0.3975
Epoch 111/150 | Train Loss: 0.0140 | Epoch Time: 0.41s | Spearman@80: 0.5412 | Kendall@80: 0.3829
Epoch 112/150 | Train Loss: 0.0141 | Epoch Time: 0.41s | Spearman@80: 0.5525 | Kendall@80: 0.3987
Epoch 113/150 | Train Loss: 0.0153 | Epoch Time: 0.41s | Spearman@80: 0.5627 | Kendall@80: 0.3987
Epoch 114/150 | Train Loss: 0.0149 | Epoch Time: 0.40s | Spearman@80: 0.5603 | Kendall@80: 0.3987
Epoch 115/150 | Train Loss: 0.0179 | Epoch Time: 0.40s | Spearman@80: 0.5472 | Kendall@80: 0.3886
Epoch 116/150 | Train Loss: 0.0129 | Epoch Time: 0.40s | Spearman@80: 0.5590 | Kendall@80: 0.4006
Epoch 117/150 | Train Loss: 0.0104 | Epoch Time: 0.40s | Spearman@80: 0.5721 | Kendall@80: 0.4146
Epoch 118/150 | Train Loss: 0.0135 | Epoch Time: 0.40s | Spearman@80: 0.5555 | Kendall@80: 0.3987
Epoch 119/150 | Train Loss: 0.0096 | Epoch Time: 0.40s | Spearman@80: 0.5372 | Kendall@80: 0.3797
Epoch 120/150 | Train Loss: 0.0151 | Epoch Time: 0.41s | Spearman@80: 0.5418 | Kendall@80: 0.3880
Epoch 121/150 | Train Loss: 0.0080 | Epoch Time: 0.40s | Spearman@80: 0.5461 | Kendall@80: 0.3861
Epoch 122/150 | Train Loss: 0.0140 | Epoch Time: 0.40s | Spearman@80: 0.5503 | Kendall@80: 0.3943
Epoch 123/150 | Train Loss: 0.0108 | Epoch Time: 0.40s | Spearman@80: 0.5270 | Kendall@80: 0.3785
Epoch 124/150 | Train Loss: 0.0118 | Epoch Time: 0.41s | Spearman@80: 0.5114 | Kendall@80: 0.3658
Epoch 125/150 | Train Loss: 0.0180 | Epoch Time: 0.40s | Spearman@80: 0.5191 | Kendall@80: 0.3721
Epoch 126/150 | Train Loss: 0.0148 | Epoch Time: 0.41s | Spearman@80: 0.5204 | Kendall@80: 0.3702
Epoch 127/150 | Train Loss: 0.0127 | Epoch Time: 0.40s | Spearman@80: 0.5285 | Kendall@80: 0.3747
Epoch 128/150 | Train Loss: 0.0103 | Epoch Time: 0.41s | Spearman@80: 0.5129 | Kendall@80: 0.3652
Epoch 129/150 | Train Loss: 0.0160 | Epoch Time: 0.40s | Spearman@80: 0.5245 | Kendall@80: 0.3709
Epoch 130/150 | Train Loss: 0.0109 | Epoch Time: 0.40s | Spearman@80: 0.5159 | Kendall@80: 0.3690
Epoch 131/150 | Train Loss: 0.0091 | Epoch Time: 0.41s | Spearman@80: 0.5174 | Kendall@80: 0.3696
Epoch 132/150 | Train Loss: 0.0091 | Epoch Time: 0.40s | Spearman@80: 0.5256 | Kendall@80: 0.3721
Epoch 133/150 | Train Loss: 0.0164 | Epoch Time: 0.41s | Spearman@80: 0.5169 | Kendall@80: 0.3690
Epoch 134/150 | Train Loss: 0.0105 | Epoch Time: 0.40s | Spearman@80: 0.5083 | Kendall@80: 0.3626
Epoch 135/150 | Train Loss: 0.0146 | Epoch Time: 0.40s | Spearman@80: 0.5235 | Kendall@80: 0.3721
Epoch 136/150 | Train Loss: 0.0126 | Epoch Time: 0.40s | Spearman@80: 0.5108 | Kendall@80: 0.3658
Epoch 137/150 | Train Loss: 0.0148 | Epoch Time: 0.40s | Spearman@80: 0.5099 | Kendall@80: 0.3645
Epoch 138/150 | Train Loss: 0.0118 | Epoch Time: 0.41s | Spearman@80: 0.5199 | Kendall@80: 0.3759
Epoch 139/150 | Train Loss: 0.0112 | Epoch Time: 0.40s | Spearman@80: 0.5209 | Kendall@80: 0.3728
Epoch 140/150 | Train Loss: 0.0111 | Epoch Time: 0.40s | Spearman@80: 0.5067 | Kendall@80: 0.3607
Epoch 141/150 | Train Loss: 0.0121 | Epoch Time: 0.40s | Spearman@80: 0.5074 | Kendall@80: 0.3645
Epoch 142/150 | Train Loss: 0.0124 | Epoch Time: 0.40s | Spearman@80: 0.5145 | Kendall@80: 0.3683
Epoch 143/150 | Train Loss: 0.0104 | Epoch Time: 0.41s | Spearman@80: 0.5196 | Kendall@80: 0.3715
Epoch 144/150 | Train Loss: 0.0090 | Epoch Time: 0.40s | Spearman@80: 0.5294 | Kendall@80: 0.3810
Epoch 145/150 | Train Loss: 0.0106 | Epoch Time: 0.40s | Spearman@80: 0.5223 | Kendall@80: 0.3759
Epoch 146/150 | Train Loss: 0.0146 | Epoch Time: 0.41s | Spearman@80: 0.5136 | Kendall@80: 0.3658
Epoch 147/150 | Train Loss: 0.0092 | Epoch Time: 1.44s | Spearman@4934: 0.4947 | Kendall@4934: 0.3427
Epoch 148/150 | Train Loss: 0.0143 | Epoch Time: 1.41s | Spearman@4934: 0.4968 | Kendall@4934: 0.3442
Epoch 149/150 | Train Loss: 0.0144 | Epoch Time: 1.42s | Spearman@4934: 0.4936 | Kendall@4934: 0.3419
Epoch 150/150 | Train Loss: 0.0151 | Epoch Time: 1.41s | Spearman@4934: 0.4930 | Kendall@4934: 0.3414
Sample Count: 64, Spearman: 0.49452171058020594, Kendall: 0.3425496164250308
{64: (0.49452171058020594, 0.3425496164250308),
 128: (0.6876206718268695, 0.5004067626691824)}
Epoch 1/150 | Train Loss: 0.0979 | Epoch Time: 0.79s | Spearman@80: 0.4482 | Kendall@80: 0.3085
Epoch 2/150 | Train Loss: 0.0929 | Epoch Time: 0.80s | Spearman@80: 0.3690 | Kendall@80: 0.2572
Epoch 3/150 | Train Loss: 0.0763 | Epoch Time: 0.79s | Spearman@80: 0.5659 | Kendall@80: 0.4042
Epoch 4/150 | Train Loss: 0.0585 | Epoch Time: 0.78s | Spearman@80: 0.6012 | Kendall@80: 0.4378
Epoch 5/150 | Train Loss: 0.0612 | Epoch Time: 0.78s | Spearman@80: 0.5530 | Kendall@80: 0.4029
Epoch 6/150 | Train Loss: 0.0525 | Epoch Time: 0.78s | Spearman@80: 0.5010 | Kendall@80: 0.3712
Epoch 7/150 | Train Loss: 0.0585 | Epoch Time: 0.79s | Spearman@80: 0.5958 | Kendall@80: 0.4397
Epoch 8/150 | Train Loss: 0.0496 | Epoch Time: 0.79s | Spearman@80: 0.5533 | Kendall@80: 0.4016
Epoch 9/150 | Train Loss: 0.0532 | Epoch Time: 0.79s | Spearman@80: 0.5859 | Kendall@80: 0.4226
Epoch 10/150 | Train Loss: 0.0580 | Epoch Time: 0.79s | Spearman@80: 0.5398 | Kendall@80: 0.3858
Epoch 11/150 | Train Loss: 0.0587 | Epoch Time: 0.78s | Spearman@80: 0.6254 | Kendall@80: 0.4536
Epoch 12/150 | Train Loss: 0.0573 | Epoch Time: 0.78s | Spearman@80: 0.5881 | Kendall@80: 0.4207
Epoch 13/150 | Train Loss: 0.0534 | Epoch Time: 0.78s | Spearman@80: 0.5950 | Kendall@80: 0.4302
Epoch 14/150 | Train Loss: 0.0563 | Epoch Time: 0.77s | Spearman@80: 0.6125 | Kendall@80: 0.4498
Epoch 15/150 | Train Loss: 0.0479 | Epoch Time: 0.79s | Spearman@80: 0.5956 | Kendall@80: 0.4283
Epoch 16/150 | Train Loss: 0.0491 | Epoch Time: 0.78s | Spearman@80: 0.5577 | Kendall@80: 0.4042
Epoch 17/150 | Train Loss: 0.0498 | Epoch Time: 0.78s | Spearman@80: 0.5318 | Kendall@80: 0.3902
Epoch 18/150 | Train Loss: 0.0491 | Epoch Time: 0.78s | Spearman@80: 0.5789 | Kendall@80: 0.4092
Epoch 19/150 | Train Loss: 0.0484 | Epoch Time: 0.78s | Spearman@80: 0.6203 | Kendall@80: 0.4498
Epoch 20/150 | Train Loss: 0.0423 | Epoch Time: 0.78s | Spearman@80: 0.5914 | Kendall@80: 0.4302
Epoch 21/150 | Train Loss: 0.0504 | Epoch Time: 0.78s | Spearman@80: 0.5898 | Kendall@80: 0.4143
Epoch 22/150 | Train Loss: 0.0521 | Epoch Time: 0.79s | Spearman@80: 0.5641 | Kendall@80: 0.3953
Epoch 23/150 | Train Loss: 0.0480 | Epoch Time: 0.77s | Spearman@80: 0.5968 | Kendall@80: 0.4238
Epoch 24/150 | Train Loss: 0.0486 | Epoch Time: 0.77s | Spearman@80: 0.5914 | Kendall@80: 0.4422
Epoch 25/150 | Train Loss: 0.0499 | Epoch Time: 0.78s | Spearman@80: 0.6106 | Kendall@80: 0.4441
Epoch 26/150 | Train Loss: 0.0437 | Epoch Time: 0.79s | Spearman@80: 0.5286 | Kendall@80: 0.3693
Epoch 27/150 | Train Loss: 0.0534 | Epoch Time: 0.79s | Spearman@80: 0.5589 | Kendall@80: 0.4010
Epoch 28/150 | Train Loss: 0.0454 | Epoch Time: 0.78s | Spearman@80: 0.5934 | Kendall@80: 0.4238
Epoch 29/150 | Train Loss: 0.0503 | Epoch Time: 0.78s | Spearman@80: 0.5895 | Kendall@80: 0.4219
Epoch 30/150 | Train Loss: 0.0456 | Epoch Time: 0.78s | Spearman@80: 0.5867 | Kendall@80: 0.4200
Epoch 31/150 | Train Loss: 0.0468 | Epoch Time: 0.78s | Spearman@80: 0.5060 | Kendall@80: 0.3598
Epoch 32/150 | Train Loss: 0.0441 | Epoch Time: 0.78s | Spearman@80: 0.5465 | Kendall@80: 0.3769
Epoch 33/150 | Train Loss: 0.0432 | Epoch Time: 0.78s | Spearman@80: 0.5204 | Kendall@80: 0.3573
Epoch 34/150 | Train Loss: 0.0502 | Epoch Time: 0.79s | Spearman@80: 0.5758 | Kendall@80: 0.4080
Epoch 35/150 | Train Loss: 0.0454 | Epoch Time: 0.78s | Spearman@80: 0.5775 | Kendall@80: 0.4226
Epoch 36/150 | Train Loss: 0.0416 | Epoch Time: 0.78s | Spearman@80: 0.5774 | Kendall@80: 0.4086
Epoch 37/150 | Train Loss: 0.0478 | Epoch Time: 0.78s | Spearman@80: 0.5523 | Kendall@80: 0.3896
Epoch 38/150 | Train Loss: 0.0460 | Epoch Time: 0.78s | Spearman@80: 0.5245 | Kendall@80: 0.3617
Epoch 39/150 | Train Loss: 0.0430 | Epoch Time: 0.78s | Spearman@80: 0.5503 | Kendall@80: 0.3871
Epoch 40/150 | Train Loss: 0.0461 | Epoch Time: 0.78s | Spearman@80: 0.5980 | Kendall@80: 0.4245
Epoch 41/150 | Train Loss: 0.0466 | Epoch Time: 0.79s | Spearman@80: 0.5786 | Kendall@80: 0.4112
Epoch 42/150 | Train Loss: 0.0425 | Epoch Time: 0.79s | Spearman@80: 0.5837 | Kendall@80: 0.4245
Epoch 43/150 | Train Loss: 0.0401 | Epoch Time: 0.78s | Spearman@80: 0.5479 | Kendall@80: 0.3864
Epoch 44/150 | Train Loss: 0.0401 | Epoch Time: 0.78s | Spearman@80: 0.5912 | Kendall@80: 0.4276
Epoch 45/150 | Train Loss: 0.0391 | Epoch Time: 0.78s | Spearman@80: 0.5553 | Kendall@80: 0.3845
Epoch 46/150 | Train Loss: 0.0450 | Epoch Time: 0.78s | Spearman@80: 0.6106 | Kendall@80: 0.4333
Epoch 47/150 | Train Loss: 0.0384 | Epoch Time: 0.78s | Spearman@80: 0.5720 | Kendall@80: 0.4035
Epoch 48/150 | Train Loss: 0.0390 | Epoch Time: 0.78s | Spearman@80: 0.5833 | Kendall@80: 0.4004
Epoch 49/150 | Train Loss: 0.0364 | Epoch Time: 0.79s | Spearman@80: 0.5539 | Kendall@80: 0.3896
Epoch 50/150 | Train Loss: 0.0406 | Epoch Time: 0.78s | Spearman@80: 0.5989 | Kendall@80: 0.4270
Epoch 51/150 | Train Loss: 0.0374 | Epoch Time: 0.78s | Spearman@80: 0.5974 | Kendall@80: 0.4289
Epoch 52/150 | Train Loss: 0.0414 | Epoch Time: 0.78s | Spearman@80: 0.5848 | Kendall@80: 0.4105
Epoch 53/150 | Train Loss: 0.0393 | Epoch Time: 0.78s | Spearman@80: 0.5430 | Kendall@80: 0.3706
Epoch 54/150 | Train Loss: 0.0394 | Epoch Time: 0.78s | Spearman@80: 0.5991 | Kendall@80: 0.4257
Epoch 55/150 | Train Loss: 0.0358 | Epoch Time: 0.79s | Spearman@80: 0.5669 | Kendall@80: 0.4048
Epoch 56/150 | Train Loss: 0.0386 | Epoch Time: 0.78s | Spearman@80: 0.6006 | Kendall@80: 0.4251
Epoch 57/150 | Train Loss: 0.0310 | Epoch Time: 0.79s | Spearman@80: 0.4961 | Kendall@80: 0.3415
Epoch 58/150 | Train Loss: 0.0406 | Epoch Time: 0.79s | Spearman@80: 0.5898 | Kendall@80: 0.4226
Epoch 59/150 | Train Loss: 0.0405 | Epoch Time: 0.78s | Spearman@80: 0.6219 | Kendall@80: 0.4485
Epoch 60/150 | Train Loss: 0.0335 | Epoch Time: 0.78s | Spearman@80: 0.6165 | Kendall@80: 0.4359
Epoch 61/150 | Train Loss: 0.0394 | Epoch Time: 0.78s | Spearman@80: 0.6302 | Kendall@80: 0.4549
Epoch 62/150 | Train Loss: 0.0380 | Epoch Time: 0.79s | Spearman@80: 0.5974 | Kendall@80: 0.4251
Epoch 63/150 | Train Loss: 0.0402 | Epoch Time: 0.78s | Spearman@80: 0.6259 | Kendall@80: 0.4498
Epoch 64/150 | Train Loss: 0.0340 | Epoch Time: 0.79s | Spearman@80: 0.6324 | Kendall@80: 0.4549
Epoch 65/150 | Train Loss: 0.0307 | Epoch Time: 0.79s | Spearman@80: 0.6290 | Kendall@80: 0.4466
Epoch 66/150 | Train Loss: 0.0345 | Epoch Time: 0.78s | Spearman@80: 0.6301 | Kendall@80: 0.4492
Epoch 67/150 | Train Loss: 0.0327 | Epoch Time: 0.78s | Spearman@80: 0.6240 | Kendall@80: 0.4403
Epoch 68/150 | Train Loss: 0.0438 | Epoch Time: 0.78s | Spearman@80: 0.6000 | Kendall@80: 0.4283
Epoch 69/150 | Train Loss: 0.0359 | Epoch Time: 0.79s | Spearman@80: 0.5907 | Kendall@80: 0.4226
Epoch 70/150 | Train Loss: 0.0351 | Epoch Time: 0.79s | Spearman@80: 0.5983 | Kendall@80: 0.4264
Epoch 71/150 | Train Loss: 0.0341 | Epoch Time: 0.79s | Spearman@80: 0.5656 | Kendall@80: 0.3890
Epoch 72/150 | Train Loss: 0.0302 | Epoch Time: 0.78s | Spearman@80: 0.5762 | Kendall@80: 0.4086
Epoch 73/150 | Train Loss: 0.0311 | Epoch Time: 0.79s | Spearman@80: 0.5146 | Kendall@80: 0.3548
Epoch 74/150 | Train Loss: 0.0319 | Epoch Time: 0.78s | Spearman@80: 0.6116 | Kendall@80: 0.4371
Epoch 75/150 | Train Loss: 0.0305 | Epoch Time: 0.78s | Spearman@80: 0.6426 | Kendall@80: 0.4587
Epoch 76/150 | Train Loss: 0.0299 | Epoch Time: 0.78s | Spearman@80: 0.6174 | Kendall@80: 0.4397
Epoch 77/150 | Train Loss: 0.0339 | Epoch Time: 0.78s | Spearman@80: 0.6140 | Kendall@80: 0.4257
Epoch 78/150 | Train Loss: 0.0267 | Epoch Time: 0.78s | Spearman@80: 0.6149 | Kendall@80: 0.4327
Epoch 79/150 | Train Loss: 0.0309 | Epoch Time: 0.78s | Spearman@80: 0.6369 | Kendall@80: 0.4485
Epoch 80/150 | Train Loss: 0.0332 | Epoch Time: 0.78s | Spearman@80: 0.6240 | Kendall@80: 0.4378
Epoch 81/150 | Train Loss: 0.0277 | Epoch Time: 0.78s | Spearman@80: 0.6719 | Kendall@80: 0.4827
Epoch 82/150 | Train Loss: 0.0270 | Epoch Time: 0.78s | Spearman@80: 0.6015 | Kendall@80: 0.4162
Epoch 83/150 | Train Loss: 0.0250 | Epoch Time: 0.79s | Spearman@80: 0.6412 | Kendall@80: 0.4561
Epoch 84/150 | Train Loss: 0.0267 | Epoch Time: 0.78s | Spearman@80: 0.6554 | Kendall@80: 0.4726
Epoch 85/150 | Train Loss: 0.0269 | Epoch Time: 0.78s | Spearman@80: 0.6505 | Kendall@80: 0.4701
Epoch 86/150 | Train Loss: 0.0240 | Epoch Time: 0.78s | Spearman@80: 0.6391 | Kendall@80: 0.4511
Epoch 87/150 | Train Loss: 0.0339 | Epoch Time: 0.78s | Spearman@80: 0.6527 | Kendall@80: 0.4720
Epoch 88/150 | Train Loss: 0.0289 | Epoch Time: 0.78s | Spearman@80: 0.6474 | Kendall@80: 0.4650
Epoch 89/150 | Train Loss: 0.0270 | Epoch Time: 0.79s | Spearman@80: 0.6609 | Kendall@80: 0.4751
Epoch 90/150 | Train Loss: 0.0310 | Epoch Time: 0.79s | Spearman@80: 0.6601 | Kendall@80: 0.4726
Epoch 91/150 | Train Loss: 0.0279 | Epoch Time: 0.78s | Spearman@80: 0.6504 | Kendall@80: 0.4599
Epoch 92/150 | Train Loss: 0.0247 | Epoch Time: 0.79s | Spearman@80: 0.6692 | Kendall@80: 0.4827
Epoch 93/150 | Train Loss: 0.0243 | Epoch Time: 0.78s | Spearman@80: 0.6570 | Kendall@80: 0.4663
Epoch 94/150 | Train Loss: 0.0223 | Epoch Time: 0.79s | Spearman@80: 0.6960 | Kendall@80: 0.5055
Epoch 95/150 | Train Loss: 0.0196 | Epoch Time: 0.79s | Spearman@80: 0.6725 | Kendall@80: 0.4827
Epoch 96/150 | Train Loss: 0.0203 | Epoch Time: 0.78s | Spearman@80: 0.6649 | Kendall@80: 0.4834
Epoch 97/150 | Train Loss: 0.0283 | Epoch Time: 0.78s | Spearman@80: 0.6437 | Kendall@80: 0.4599
Epoch 98/150 | Train Loss: 0.0278 | Epoch Time: 0.78s | Spearman@80: 0.6895 | Kendall@80: 0.5005
Epoch 99/150 | Train Loss: 0.0245 | Epoch Time: 0.78s | Spearman@80: 0.6504 | Kendall@80: 0.4675
Epoch 100/150 | Train Loss: 0.0246 | Epoch Time: 0.79s | Spearman@80: 0.6462 | Kendall@80: 0.4612
Epoch 101/150 | Train Loss: 0.0246 | Epoch Time: 0.79s | Spearman@80: 0.6680 | Kendall@80: 0.4802
Epoch 102/150 | Train Loss: 0.0203 | Epoch Time: 0.78s | Spearman@80: 0.6605 | Kendall@80: 0.4751
Epoch 103/150 | Train Loss: 0.0225 | Epoch Time: 0.79s | Spearman@80: 0.6502 | Kendall@80: 0.4663
Epoch 104/150 | Train Loss: 0.0194 | Epoch Time: 0.78s | Spearman@80: 0.6375 | Kendall@80: 0.4549
Epoch 105/150 | Train Loss: 0.0217 | Epoch Time: 0.78s | Spearman@80: 0.6520 | Kendall@80: 0.4631
Epoch 106/150 | Train Loss: 0.0209 | Epoch Time: 0.78s | Spearman@80: 0.6433 | Kendall@80: 0.4612
Epoch 107/150 | Train Loss: 0.0187 | Epoch Time: 0.79s | Spearman@80: 0.6284 | Kendall@80: 0.4479
Epoch 108/150 | Train Loss: 0.0246 | Epoch Time: 0.79s | Spearman@80: 0.6348 | Kendall@80: 0.4574
Epoch 109/150 | Train Loss: 0.0231 | Epoch Time: 0.79s | Spearman@80: 0.6404 | Kendall@80: 0.4574
Epoch 110/150 | Train Loss: 0.0194 | Epoch Time: 0.77s | Spearman@80: 0.6636 | Kendall@80: 0.4777
Epoch 111/150 | Train Loss: 0.0212 | Epoch Time: 0.78s | Spearman@80: 0.6611 | Kendall@80: 0.4726
Epoch 112/150 | Train Loss: 0.0158 | Epoch Time: 0.78s | Spearman@80: 0.6621 | Kendall@80: 0.4777
Epoch 113/150 | Train Loss: 0.0181 | Epoch Time: 0.78s | Spearman@80: 0.6646 | Kendall@80: 0.4789
Epoch 114/150 | Train Loss: 0.0176 | Epoch Time: 0.82s | Spearman@80: 0.6650 | Kendall@80: 0.4821
Epoch 115/150 | Train Loss: 0.0188 | Epoch Time: 0.91s | Spearman@80: 0.6622 | Kendall@80: 0.4821
Epoch 116/150 | Train Loss: 0.0161 | Epoch Time: 0.91s | Spearman@80: 0.6496 | Kendall@80: 0.4650
Epoch 117/150 | Train Loss: 0.0159 | Epoch Time: 0.91s | Spearman@80: 0.6652 | Kendall@80: 0.4821
Epoch 118/150 | Train Loss: 0.0215 | Epoch Time: 0.90s | Spearman@80: 0.6389 | Kendall@80: 0.4523
Epoch 119/150 | Train Loss: 0.0169 | Epoch Time: 0.91s | Spearman@80: 0.6430 | Kendall@80: 0.4574
Epoch 120/150 | Train Loss: 0.0138 | Epoch Time: 0.90s | Spearman@80: 0.6623 | Kendall@80: 0.4720
Epoch 121/150 | Train Loss: 0.0153 | Epoch Time: 0.91s | Spearman@80: 0.6501 | Kendall@80: 0.4637
Epoch 122/150 | Train Loss: 0.0216 | Epoch Time: 0.91s | Spearman@80: 0.6399 | Kendall@80: 0.4631
Epoch 123/150 | Train Loss: 0.0198 | Epoch Time: 0.90s | Spearman@80: 0.6294 | Kendall@80: 0.4492
Epoch 124/150 | Train Loss: 0.0182 | Epoch Time: 0.90s | Spearman@80: 0.6389 | Kendall@80: 0.4530
Epoch 125/150 | Train Loss: 0.0137 | Epoch Time: 0.91s | Spearman@80: 0.6421 | Kendall@80: 0.4555
Epoch 126/150 | Train Loss: 0.0191 | Epoch Time: 0.91s | Spearman@80: 0.6493 | Kendall@80: 0.4656
Epoch 127/150 | Train Loss: 0.0191 | Epoch Time: 0.92s | Spearman@80: 0.6250 | Kendall@80: 0.4435
Epoch 128/150 | Train Loss: 0.0180 | Epoch Time: 0.91s | Spearman@80: 0.6403 | Kendall@80: 0.4606
Epoch 129/150 | Train Loss: 0.0133 | Epoch Time: 0.90s | Spearman@80: 0.6600 | Kendall@80: 0.4764
Epoch 130/150 | Train Loss: 0.0156 | Epoch Time: 0.91s | Spearman@80: 0.6435 | Kendall@80: 0.4593
Epoch 131/150 | Train Loss: 0.0181 | Epoch Time: 0.90s | Spearman@80: 0.6470 | Kendall@80: 0.4606
Epoch 132/150 | Train Loss: 0.0177 | Epoch Time: 0.90s | Spearman@80: 0.6368 | Kendall@80: 0.4549
Epoch 133/150 | Train Loss: 0.0149 | Epoch Time: 0.91s | Spearman@80: 0.6401 | Kendall@80: 0.4574
Epoch 134/150 | Train Loss: 0.0157 | Epoch Time: 0.91s | Spearman@80: 0.6419 | Kendall@80: 0.4549
Epoch 135/150 | Train Loss: 0.0168 | Epoch Time: 0.90s | Spearman@80: 0.6367 | Kendall@80: 0.4542
Epoch 136/150 | Train Loss: 0.0170 | Epoch Time: 0.90s | Spearman@80: 0.6458 | Kendall@80: 0.4606
Epoch 137/150 | Train Loss: 0.0168 | Epoch Time: 0.91s | Spearman@80: 0.6440 | Kendall@80: 0.4618
Epoch 138/150 | Train Loss: 0.0219 | Epoch Time: 0.91s | Spearman@80: 0.6339 | Kendall@80: 0.4498
Epoch 139/150 | Train Loss: 0.0150 | Epoch Time: 0.90s | Spearman@80: 0.6276 | Kendall@80: 0.4460
Epoch 140/150 | Train Loss: 0.0211 | Epoch Time: 0.90s | Spearman@80: 0.6438 | Kendall@80: 0.4599
Epoch 141/150 | Train Loss: 0.0175 | Epoch Time: 0.90s | Spearman@80: 0.6377 | Kendall@80: 0.4523
Epoch 142/150 | Train Loss: 0.0168 | Epoch Time: 0.91s | Spearman@80: 0.6384 | Kendall@80: 0.4549
Epoch 143/150 | Train Loss: 0.0158 | Epoch Time: 0.91s | Spearman@80: 0.6438 | Kendall@80: 0.4593
Epoch 144/150 | Train Loss: 0.0156 | Epoch Time: 0.94s | Spearman@80: 0.6406 | Kendall@80: 0.4580
Epoch 145/150 | Train Loss: 0.0152 | Epoch Time: 0.90s | Spearman@80: 0.6382 | Kendall@80: 0.4549
Epoch 146/150 | Train Loss: 0.0174 | Epoch Time: 0.91s | Spearman@80: 0.6382 | Kendall@80: 0.4542
Epoch 147/150 | Train Loss: 0.0168 | Epoch Time: 1.99s | Spearman@4870: 0.6279 | Kendall@4870: 0.4485
Epoch 148/150 | Train Loss: 0.0128 | Epoch Time: 1.79s | Spearman@4870: 0.6269 | Kendall@4870: 0.4478
Epoch 149/150 | Train Loss: 0.0170 | Epoch Time: 1.78s | Spearman@4870: 0.6225 | Kendall@4870: 0.4443
Epoch 150/150 | Train Loss: 0.0179 | Epoch Time: 1.79s | Spearman@4870: 0.6262 | Kendall@4870: 0.4471
Sample Count: 128, Spearman: 0.6258728131477708, Kendall: 0.446901897080698
{64: (0.49452171058020594, 0.3425496164250308),
 128: (0.6258728131477708, 0.446901897080698)}
Average KDT:  0.35114355559152227
Variance KDT:  4.583516779933588e-05
Average SPR:  0.5057624825211254
Variance SPR:  7.142329036088354e-05
Average KDT:  0.4586595414378252
Variance KDT:  0.0009268158008213001
Average SPR:  0.6386543568514154
Variance SPR:  0.001290135177905577
