normalizing task:  Amoeba.json
normalizing task:  PNAS_fix-w-d.json
normalizing task:  ENAS_fix-w-d.json
normalizing task:  NASNet.json
normalizing task:  DARTS.json
normalizing task:  ENAS.json
normalizing task:  PNAS.json
normalizing task:  DARTS_lr-wd.json
normalizing task:  DARTS_fix-w-d.json
Epoch 1/150 | Train Loss: 0.1003 | Epoch Time: 0.95s | Spearman@80: 0.4656 | Kendall@80: 0.3158
Epoch 2/150 | Train Loss: 0.0972 | Epoch Time: 0.42s | Spearman@80: 0.1778 | Kendall@80: 0.1226
Epoch 3/150 | Train Loss: 0.0870 | Epoch Time: 0.42s | Spearman@80: 0.1940 | Kendall@80: 0.1302
Epoch 4/150 | Train Loss: 0.0829 | Epoch Time: 0.42s | Spearman@80: 0.1870 | Kendall@80: 0.1245
Epoch 5/150 | Train Loss: 0.0830 | Epoch Time: 0.42s | Spearman@80: 0.1580 | Kendall@80: 0.0979
Epoch 6/150 | Train Loss: 0.0840 | Epoch Time: 0.42s | Spearman@80: 0.1454 | Kendall@80: 0.0884
Epoch 7/150 | Train Loss: 0.0767 | Epoch Time: 0.43s | Spearman@80: 0.1437 | Kendall@80: 0.0890
Epoch 8/150 | Train Loss: 0.0767 | Epoch Time: 0.42s | Spearman@80: 0.1943 | Kendall@80: 0.1238
Epoch 9/150 | Train Loss: 0.0745 | Epoch Time: 0.42s | Spearman@80: 0.1836 | Kendall@80: 0.1232
Epoch 10/150 | Train Loss: 0.0735 | Epoch Time: 0.43s | Spearman@80: 0.2780 | Kendall@80: 0.1815
Epoch 11/150 | Train Loss: 0.0699 | Epoch Time: 0.42s | Spearman@80: 0.2143 | Kendall@80: 0.1454
Epoch 12/150 | Train Loss: 0.0600 | Epoch Time: 0.42s | Spearman@80: 0.2373 | Kendall@80: 0.1568
Epoch 13/150 | Train Loss: 0.0699 | Epoch Time: 0.42s | Spearman@80: 0.3437 | Kendall@80: 0.2188
Epoch 14/150 | Train Loss: 0.0608 | Epoch Time: 0.42s | Spearman@80: 0.2966 | Kendall@80: 0.1891
Epoch 15/150 | Train Loss: 0.0674 | Epoch Time: 0.42s | Spearman@80: 0.4124 | Kendall@80: 0.2809
Epoch 16/150 | Train Loss: 0.0548 | Epoch Time: 0.42s | Spearman@80: 0.5030 | Kendall@80: 0.3367
Epoch 17/150 | Train Loss: 0.0526 | Epoch Time: 0.36s | Spearman@80: 0.4275 | Kendall@80: 0.2892
Epoch 18/150 | Train Loss: 0.0533 | Epoch Time: 0.42s | Spearman@80: 0.4953 | Kendall@80: 0.3411
Epoch 19/150 | Train Loss: 0.0496 | Epoch Time: 0.41s | Spearman@80: 0.4326 | Kendall@80: 0.2866
Epoch 20/150 | Train Loss: 0.0531 | Epoch Time: 0.42s | Spearman@80: 0.4297 | Kendall@80: 0.3012
Epoch 21/150 | Train Loss: 0.0508 | Epoch Time: 0.42s | Spearman@80: 0.4590 | Kendall@80: 0.3132
Epoch 22/150 | Train Loss: 0.0479 | Epoch Time: 0.42s | Spearman@80: 0.5008 | Kendall@80: 0.3373
Epoch 23/150 | Train Loss: 0.0491 | Epoch Time: 0.42s | Spearman@80: 0.4358 | Kendall@80: 0.2866
Epoch 24/150 | Train Loss: 0.0495 | Epoch Time: 0.42s | Spearman@80: 0.4528 | Kendall@80: 0.3094
Epoch 25/150 | Train Loss: 0.0427 | Epoch Time: 0.42s | Spearman@80: 0.4689 | Kendall@80: 0.3259
Epoch 26/150 | Train Loss: 0.0536 | Epoch Time: 0.42s | Spearman@80: 0.5040 | Kendall@80: 0.3398
Epoch 27/150 | Train Loss: 0.0506 | Epoch Time: 0.42s | Spearman@80: 0.5229 | Kendall@80: 0.3531
Epoch 28/150 | Train Loss: 0.0436 | Epoch Time: 0.42s | Spearman@80: 0.4948 | Kendall@80: 0.3297
Epoch 29/150 | Train Loss: 0.0442 | Epoch Time: 0.42s | Spearman@80: 0.4936 | Kendall@80: 0.3424
Epoch 30/150 | Train Loss: 0.0498 | Epoch Time: 0.42s | Spearman@80: 0.4901 | Kendall@80: 0.3487
Epoch 31/150 | Train Loss: 0.0543 | Epoch Time: 0.42s | Spearman@80: 0.4761 | Kendall@80: 0.3069
Epoch 32/150 | Train Loss: 0.0389 | Epoch Time: 0.42s | Spearman@80: 0.5233 | Kendall@80: 0.3645
Epoch 33/150 | Train Loss: 0.0404 | Epoch Time: 0.42s | Spearman@80: 0.4761 | Kendall@80: 0.3310
Epoch 34/150 | Train Loss: 0.0349 | Epoch Time: 0.41s | Spearman@80: 0.4574 | Kendall@80: 0.3018
Epoch 35/150 | Train Loss: 0.0484 | Epoch Time: 0.42s | Spearman@80: 0.4342 | Kendall@80: 0.3006
Epoch 36/150 | Train Loss: 0.0481 | Epoch Time: 0.42s | Spearman@80: 0.4152 | Kendall@80: 0.2771
Epoch 37/150 | Train Loss: 0.0430 | Epoch Time: 0.42s | Spearman@80: 0.4642 | Kendall@80: 0.3088
Epoch 38/150 | Train Loss: 0.0378 | Epoch Time: 0.42s | Spearman@80: 0.3631 | Kendall@80: 0.2530
Epoch 39/150 | Train Loss: 0.0410 | Epoch Time: 0.42s | Spearman@80: 0.4149 | Kendall@80: 0.2733
Epoch 40/150 | Train Loss: 0.0403 | Epoch Time: 0.42s | Spearman@80: 0.4123 | Kendall@80: 0.2683
Epoch 41/150 | Train Loss: 0.0371 | Epoch Time: 0.42s | Spearman@80: 0.4533 | Kendall@80: 0.3012
Epoch 42/150 | Train Loss: 0.0274 | Epoch Time: 0.42s | Spearman@80: 0.4306 | Kendall@80: 0.2942
Epoch 43/150 | Train Loss: 0.0339 | Epoch Time: 0.42s | Spearman@80: 0.4083 | Kendall@80: 0.2816
Epoch 44/150 | Train Loss: 0.0319 | Epoch Time: 0.42s | Spearman@80: 0.3620 | Kendall@80: 0.2435
Epoch 45/150 | Train Loss: 0.0362 | Epoch Time: 0.42s | Spearman@80: 0.3560 | Kendall@80: 0.2277
Epoch 46/150 | Train Loss: 0.0374 | Epoch Time: 0.42s | Spearman@80: 0.4084 | Kendall@80: 0.2822
Epoch 47/150 | Train Loss: 0.0340 | Epoch Time: 0.42s | Spearman@80: 0.3720 | Kendall@80: 0.2473
Epoch 48/150 | Train Loss: 0.0442 | Epoch Time: 0.42s | Spearman@80: 0.4169 | Kendall@80: 0.2670
Epoch 49/150 | Train Loss: 0.0243 | Epoch Time: 0.42s | Spearman@80: 0.3940 | Kendall@80: 0.2632
Epoch 50/150 | Train Loss: 0.0345 | Epoch Time: 0.42s | Spearman@80: 0.3197 | Kendall@80: 0.2182
Epoch 51/150 | Train Loss: 0.0246 | Epoch Time: 0.42s | Spearman@80: 0.3800 | Kendall@80: 0.2524
Epoch 52/150 | Train Loss: 0.0269 | Epoch Time: 0.42s | Spearman@80: 0.3105 | Kendall@80: 0.2106
Epoch 53/150 | Train Loss: 0.0376 | Epoch Time: 0.42s | Spearman@80: 0.3947 | Kendall@80: 0.2778
Epoch 54/150 | Train Loss: 0.0279 | Epoch Time: 0.42s | Spearman@80: 0.4422 | Kendall@80: 0.2898
Epoch 55/150 | Train Loss: 0.0265 | Epoch Time: 0.42s | Spearman@80: 0.4186 | Kendall@80: 0.2790
Epoch 56/150 | Train Loss: 0.0361 | Epoch Time: 0.42s | Spearman@80: 0.3895 | Kendall@80: 0.2619
Epoch 57/150 | Train Loss: 0.0342 | Epoch Time: 0.42s | Spearman@80: 0.4152 | Kendall@80: 0.2759
Epoch 58/150 | Train Loss: 0.0209 | Epoch Time: 0.42s | Spearman@80: 0.3934 | Kendall@80: 0.2587
Epoch 59/150 | Train Loss: 0.0281 | Epoch Time: 0.42s | Spearman@80: 0.3572 | Kendall@80: 0.2404
Epoch 60/150 | Train Loss: 0.0333 | Epoch Time: 0.42s | Spearman@80: 0.4020 | Kendall@80: 0.2676
Epoch 61/150 | Train Loss: 0.0270 | Epoch Time: 0.42s | Spearman@80: 0.3917 | Kendall@80: 0.2644
Epoch 62/150 | Train Loss: 0.0281 | Epoch Time: 0.42s | Spearman@80: 0.3116 | Kendall@80: 0.2150
Epoch 63/150 | Train Loss: 0.0259 | Epoch Time: 0.42s | Spearman@80: 0.3524 | Kendall@80: 0.2347
Epoch 64/150 | Train Loss: 0.0255 | Epoch Time: 0.42s | Spearman@80: 0.4150 | Kendall@80: 0.2809
Epoch 65/150 | Train Loss: 0.0225 | Epoch Time: 0.42s | Spearman@80: 0.3934 | Kendall@80: 0.2556
Epoch 66/150 | Train Loss: 0.0252 | Epoch Time: 0.42s | Spearman@80: 0.3960 | Kendall@80: 0.2689
Epoch 67/150 | Train Loss: 0.0236 | Epoch Time: 0.42s | Spearman@80: 0.3849 | Kendall@80: 0.2644
Epoch 68/150 | Train Loss: 0.0214 | Epoch Time: 0.42s | Spearman@80: 0.3932 | Kendall@80: 0.2676
Epoch 69/150 | Train Loss: 0.0219 | Epoch Time: 0.42s | Spearman@80: 0.4069 | Kendall@80: 0.2632
Epoch 70/150 | Train Loss: 0.0227 | Epoch Time: 0.42s | Spearman@80: 0.2945 | Kendall@80: 0.2043
Epoch 71/150 | Train Loss: 0.0239 | Epoch Time: 0.42s | Spearman@80: 0.3446 | Kendall@80: 0.2309
Epoch 72/150 | Train Loss: 0.0231 | Epoch Time: 0.42s | Spearman@80: 0.3381 | Kendall@80: 0.2214
Epoch 73/150 | Train Loss: 0.0273 | Epoch Time: 0.42s | Spearman@80: 0.3426 | Kendall@80: 0.2315
Epoch 74/150 | Train Loss: 0.0226 | Epoch Time: 0.42s | Spearman@80: 0.3874 | Kendall@80: 0.2505
Epoch 75/150 | Train Loss: 0.0267 | Epoch Time: 0.42s | Spearman@80: 0.3720 | Kendall@80: 0.2581
Epoch 76/150 | Train Loss: 0.0277 | Epoch Time: 0.42s | Spearman@80: 0.3667 | Kendall@80: 0.2543
Epoch 77/150 | Train Loss: 0.0252 | Epoch Time: 0.42s | Spearman@80: 0.3833 | Kendall@80: 0.2556
Epoch 78/150 | Train Loss: 0.0189 | Epoch Time: 0.42s | Spearman@80: 0.4182 | Kendall@80: 0.2752
Epoch 79/150 | Train Loss: 0.0259 | Epoch Time: 0.42s | Spearman@80: 0.3797 | Kendall@80: 0.2486
Epoch 80/150 | Train Loss: 0.0184 | Epoch Time: 0.42s | Spearman@80: 0.3575 | Kendall@80: 0.2442
Epoch 81/150 | Train Loss: 0.0222 | Epoch Time: 0.42s | Spearman@80: 0.3635 | Kendall@80: 0.2461
Epoch 82/150 | Train Loss: 0.0166 | Epoch Time: 0.42s | Spearman@80: 0.3624 | Kendall@80: 0.2423
Epoch 83/150 | Train Loss: 0.0205 | Epoch Time: 0.42s | Spearman@80: 0.3678 | Kendall@80: 0.2423
Epoch 84/150 | Train Loss: 0.0160 | Epoch Time: 0.42s | Spearman@80: 0.3252 | Kendall@80: 0.2207
Epoch 85/150 | Train Loss: 0.0264 | Epoch Time: 0.42s | Spearman@80: 0.3663 | Kendall@80: 0.2340
Epoch 86/150 | Train Loss: 0.0198 | Epoch Time: 0.42s | Spearman@80: 0.3455 | Kendall@80: 0.2283
Epoch 87/150 | Train Loss: 0.0202 | Epoch Time: 0.42s | Spearman@80: 0.3732 | Kendall@80: 0.2461
Epoch 88/150 | Train Loss: 0.0191 | Epoch Time: 0.44s | Spearman@80: 0.2951 | Kendall@80: 0.1967
Epoch 89/150 | Train Loss: 0.0192 | Epoch Time: 0.42s | Spearman@80: 0.3201 | Kendall@80: 0.2043
Epoch 90/150 | Train Loss: 0.0179 | Epoch Time: 0.42s | Spearman@80: 0.3537 | Kendall@80: 0.2296
Epoch 91/150 | Train Loss: 0.0147 | Epoch Time: 0.42s | Spearman@80: 0.3950 | Kendall@80: 0.2638
Epoch 92/150 | Train Loss: 0.0155 | Epoch Time: 0.42s | Spearman@80: 0.3439 | Kendall@80: 0.2353
Epoch 93/150 | Train Loss: 0.0257 | Epoch Time: 0.42s | Spearman@80: 0.3573 | Kendall@80: 0.2372
Epoch 94/150 | Train Loss: 0.0260 | Epoch Time: 0.42s | Spearman@80: 0.3467 | Kendall@80: 0.2334
Epoch 95/150 | Train Loss: 0.0136 | Epoch Time: 0.42s | Spearman@80: 0.3628 | Kendall@80: 0.2410
Epoch 96/150 | Train Loss: 0.0186 | Epoch Time: 0.42s | Spearman@80: 0.3464 | Kendall@80: 0.2302
Epoch 97/150 | Train Loss: 0.0199 | Epoch Time: 0.42s | Spearman@80: 0.3102 | Kendall@80: 0.2125
Epoch 98/150 | Train Loss: 0.0217 | Epoch Time: 0.42s | Spearman@80: 0.3522 | Kendall@80: 0.2347
Epoch 99/150 | Train Loss: 0.0169 | Epoch Time: 0.42s | Spearman@80: 0.3918 | Kendall@80: 0.2606
Epoch 100/150 | Train Loss: 0.0136 | Epoch Time: 0.42s | Spearman@80: 0.3664 | Kendall@80: 0.2442
Epoch 101/150 | Train Loss: 0.0160 | Epoch Time: 0.42s | Spearman@80: 0.3285 | Kendall@80: 0.2245
Epoch 102/150 | Train Loss: 0.0168 | Epoch Time: 0.42s | Spearman@80: 0.3528 | Kendall@80: 0.2385
Epoch 103/150 | Train Loss: 0.0148 | Epoch Time: 0.42s | Spearman@80: 0.3645 | Kendall@80: 0.2372
Epoch 104/150 | Train Loss: 0.0095 | Epoch Time: 0.42s | Spearman@80: 0.3792 | Kendall@80: 0.2454
Epoch 105/150 | Train Loss: 0.0166 | Epoch Time: 0.42s | Spearman@80: 0.3511 | Kendall@80: 0.2290
Epoch 106/150 | Train Loss: 0.0117 | Epoch Time: 0.42s | Spearman@80: 0.3357 | Kendall@80: 0.2271
Epoch 107/150 | Train Loss: 0.0147 | Epoch Time: 0.42s | Spearman@80: 0.3373 | Kendall@80: 0.2277
Epoch 108/150 | Train Loss: 0.0177 | Epoch Time: 0.42s | Spearman@80: 0.3686 | Kendall@80: 0.2404
Epoch 109/150 | Train Loss: 0.0148 | Epoch Time: 0.42s | Spearman@80: 0.3435 | Kendall@80: 0.2302
Epoch 110/150 | Train Loss: 0.0114 | Epoch Time: 0.42s | Spearman@80: 0.3106 | Kendall@80: 0.2106
Epoch 111/150 | Train Loss: 0.0135 | Epoch Time: 0.42s | Spearman@80: 0.3240 | Kendall@80: 0.2157
Epoch 112/150 | Train Loss: 0.0141 | Epoch Time: 0.42s | Spearman@80: 0.3358 | Kendall@80: 0.2239
Epoch 113/150 | Train Loss: 0.0157 | Epoch Time: 0.42s | Spearman@80: 0.3287 | Kendall@80: 0.2207
Epoch 114/150 | Train Loss: 0.0107 | Epoch Time: 0.42s | Spearman@80: 0.3197 | Kendall@80: 0.2119
Epoch 115/150 | Train Loss: 0.0107 | Epoch Time: 0.42s | Spearman@80: 0.3193 | Kendall@80: 0.2125
Epoch 116/150 | Train Loss: 0.0143 | Epoch Time: 0.41s | Spearman@80: 0.3268 | Kendall@80: 0.2163
Epoch 117/150 | Train Loss: 0.0127 | Epoch Time: 0.42s | Spearman@80: 0.3102 | Kendall@80: 0.2131
Epoch 118/150 | Train Loss: 0.0161 | Epoch Time: 0.43s | Spearman@80: 0.3033 | Kendall@80: 0.2062
Epoch 119/150 | Train Loss: 0.0101 | Epoch Time: 0.44s | Spearman@80: 0.3083 | Kendall@80: 0.2055
Epoch 120/150 | Train Loss: 0.0113 | Epoch Time: 0.42s | Spearman@80: 0.3126 | Kendall@80: 0.2081
Epoch 121/150 | Train Loss: 0.0108 | Epoch Time: 0.42s | Spearman@80: 0.3200 | Kendall@80: 0.2119
Epoch 122/150 | Train Loss: 0.0169 | Epoch Time: 0.42s | Spearman@80: 0.3255 | Kendall@80: 0.2169
Epoch 123/150 | Train Loss: 0.0094 | Epoch Time: 0.42s | Spearman@80: 0.3285 | Kendall@80: 0.2182
Epoch 124/150 | Train Loss: 0.0117 | Epoch Time: 0.42s | Spearman@80: 0.3220 | Kendall@80: 0.2144
Epoch 125/150 | Train Loss: 0.0112 | Epoch Time: 0.42s | Spearman@80: 0.3188 | Kendall@80: 0.2138
Epoch 126/150 | Train Loss: 0.0110 | Epoch Time: 0.42s | Spearman@80: 0.3357 | Kendall@80: 0.2271
Epoch 127/150 | Train Loss: 0.0064 | Epoch Time: 0.42s | Spearman@80: 0.3316 | Kendall@80: 0.2245
Epoch 128/150 | Train Loss: 0.0145 | Epoch Time: 0.42s | Spearman@80: 0.3163 | Kendall@80: 0.2100
Epoch 129/150 | Train Loss: 0.0127 | Epoch Time: 0.42s | Spearman@80: 0.3116 | Kendall@80: 0.2087
Epoch 130/150 | Train Loss: 0.0116 | Epoch Time: 0.42s | Spearman@80: 0.3213 | Kendall@80: 0.2144
Epoch 131/150 | Train Loss: 0.0088 | Epoch Time: 0.42s | Spearman@80: 0.3319 | Kendall@80: 0.2176
Epoch 132/150 | Train Loss: 0.0172 | Epoch Time: 0.42s | Spearman@80: 0.3491 | Kendall@80: 0.2283
Epoch 133/150 | Train Loss: 0.0114 | Epoch Time: 0.43s | Spearman@80: 0.3334 | Kendall@80: 0.2163
Epoch 134/150 | Train Loss: 0.0114 | Epoch Time: 0.42s | Spearman@80: 0.3343 | Kendall@80: 0.2188
Epoch 135/150 | Train Loss: 0.0127 | Epoch Time: 0.42s | Spearman@80: 0.3245 | Kendall@80: 0.2125
Epoch 136/150 | Train Loss: 0.0100 | Epoch Time: 0.42s | Spearman@80: 0.3117 | Kendall@80: 0.2036
Epoch 137/150 | Train Loss: 0.0134 | Epoch Time: 0.42s | Spearman@80: 0.3144 | Kendall@80: 0.2093
Epoch 138/150 | Train Loss: 0.0095 | Epoch Time: 0.42s | Spearman@80: 0.3239 | Kendall@80: 0.2157
Epoch 139/150 | Train Loss: 0.0127 | Epoch Time: 0.42s | Spearman@80: 0.3146 | Kendall@80: 0.2081
Epoch 140/150 | Train Loss: 0.0109 | Epoch Time: 0.42s | Spearman@80: 0.3158 | Kendall@80: 0.2119
Epoch 141/150 | Train Loss: 0.0083 | Epoch Time: 0.42s | Spearman@80: 0.3194 | Kendall@80: 0.2131
Epoch 142/150 | Train Loss: 0.0112 | Epoch Time: 0.42s | Spearman@80: 0.3183 | Kendall@80: 0.2106
Epoch 143/150 | Train Loss: 0.0102 | Epoch Time: 0.42s | Spearman@80: 0.3178 | Kendall@80: 0.2093
Epoch 144/150 | Train Loss: 0.0113 | Epoch Time: 0.43s | Spearman@80: 0.3224 | Kendall@80: 0.2144
Epoch 145/150 | Train Loss: 0.0116 | Epoch Time: 0.42s | Spearman@80: 0.3126 | Kendall@80: 0.2062
Epoch 146/150 | Train Loss: 0.0129 | Epoch Time: 0.42s | Spearman@80: 0.3194 | Kendall@80: 0.2119
Epoch 147/150 | Train Loss: 0.0111 | Epoch Time: 1.29s | Spearman@4934: 0.3353 | Kendall@4934: 0.2270
Epoch 148/150 | Train Loss: 0.0078 | Epoch Time: 1.28s | Spearman@4934: 0.3353 | Kendall@4934: 0.2270
Epoch 149/150 | Train Loss: 0.0123 | Epoch Time: 1.28s | Spearman@4934: 0.3355 | Kendall@4934: 0.2271
Epoch 150/150 | Train Loss: 0.0085 | Epoch Time: 1.26s | Spearman@4934: 0.3349 | Kendall@4934: 0.2268
Sample Count: 64, Spearman: 0.33524962433591965, Kendall: 0.2269795124230638
{64: (0.33524962433591965, 0.2269795124230638)}
Epoch 1/150 | Train Loss: 0.0975 | Epoch Time: 0.82s | Spearman@80: 0.2375 | Kendall@80: 0.1614
Epoch 2/150 | Train Loss: 0.0878 | Epoch Time: 0.83s | Spearman@80: 0.3776 | Kendall@80: 0.2590
Epoch 3/150 | Train Loss: 0.0845 | Epoch Time: 0.82s | Spearman@80: 0.2857 | Kendall@80: 0.1924
Epoch 4/150 | Train Loss: 0.0858 | Epoch Time: 0.83s | Spearman@80: 0.4056 | Kendall@80: 0.2799
Epoch 5/150 | Train Loss: 0.0726 | Epoch Time: 0.82s | Spearman@80: 0.3845 | Kendall@80: 0.2729
Epoch 6/150 | Train Loss: 0.0751 | Epoch Time: 0.85s | Spearman@80: 0.4301 | Kendall@80: 0.3104
Epoch 7/150 | Train Loss: 0.0670 | Epoch Time: 0.83s | Spearman@80: 0.5644 | Kendall@80: 0.4016
Epoch 8/150 | Train Loss: 0.0645 | Epoch Time: 0.82s | Spearman@80: 0.5614 | Kendall@80: 0.3940
Epoch 9/150 | Train Loss: 0.0608 | Epoch Time: 0.83s | Spearman@80: 0.4682 | Kendall@80: 0.3173
Epoch 10/150 | Train Loss: 0.0627 | Epoch Time: 0.83s | Spearman@80: 0.5611 | Kendall@80: 0.4042
Epoch 11/150 | Train Loss: 0.0634 | Epoch Time: 0.82s | Spearman@80: 0.5449 | Kendall@80: 0.3826
Epoch 12/150 | Train Loss: 0.0616 | Epoch Time: 0.83s | Spearman@80: 0.6156 | Kendall@80: 0.4473
Epoch 13/150 | Train Loss: 0.0589 | Epoch Time: 0.83s | Spearman@80: 0.5798 | Kendall@80: 0.4162
Epoch 14/150 | Train Loss: 0.0623 | Epoch Time: 0.82s | Spearman@80: 0.4594 | Kendall@80: 0.3357
Epoch 15/150 | Train Loss: 0.0588 | Epoch Time: 0.83s | Spearman@80: 0.5969 | Kendall@80: 0.4327
Epoch 16/150 | Train Loss: 0.0579 | Epoch Time: 0.83s | Spearman@80: 0.5819 | Kendall@80: 0.4105
Epoch 17/150 | Train Loss: 0.0550 | Epoch Time: 0.83s | Spearman@80: 0.6101 | Kendall@80: 0.4460
Epoch 18/150 | Train Loss: 0.0540 | Epoch Time: 0.82s | Spearman@80: 0.6609 | Kendall@80: 0.4815
Epoch 19/150 | Train Loss: 0.0610 | Epoch Time: 0.83s | Spearman@80: 0.6422 | Kendall@80: 0.4606
Epoch 20/150 | Train Loss: 0.0525 | Epoch Time: 0.80s | Spearman@80: 0.6339 | Kendall@80: 0.4492
Epoch 21/150 | Train Loss: 0.0536 | Epoch Time: 0.83s | Spearman@80: 0.6231 | Kendall@80: 0.4562
Epoch 22/150 | Train Loss: 0.0539 | Epoch Time: 0.83s | Spearman@80: 0.5614 | Kendall@80: 0.3953
Epoch 23/150 | Train Loss: 0.0497 | Epoch Time: 0.85s | Spearman@80: 0.6311 | Kendall@80: 0.4543
Epoch 24/150 | Train Loss: 0.0511 | Epoch Time: 0.89s | Spearman@80: 0.6047 | Kendall@80: 0.4295
Epoch 25/150 | Train Loss: 0.0549 | Epoch Time: 0.92s | Spearman@80: 0.6807 | Kendall@80: 0.4910
Epoch 26/150 | Train Loss: 0.0451 | Epoch Time: 0.89s | Spearman@80: 0.5901 | Kendall@80: 0.4232
Epoch 27/150 | Train Loss: 0.0534 | Epoch Time: 0.86s | Spearman@80: 0.5894 | Kendall@80: 0.4194
Epoch 28/150 | Train Loss: 0.0490 | Epoch Time: 0.85s | Spearman@80: 0.5629 | Kendall@80: 0.3959
Epoch 29/150 | Train Loss: 0.0533 | Epoch Time: 0.92s | Spearman@80: 0.5416 | Kendall@80: 0.3934
Epoch 30/150 | Train Loss: 0.0449 | Epoch Time: 0.91s | Spearman@80: 0.6121 | Kendall@80: 0.4403
Epoch 31/150 | Train Loss: 0.0493 | Epoch Time: 0.89s | Spearman@80: 0.5464 | Kendall@80: 0.3807
Epoch 32/150 | Train Loss: 0.0430 | Epoch Time: 0.90s | Spearman@80: 0.5893 | Kendall@80: 0.4359
Epoch 33/150 | Train Loss: 0.0406 | Epoch Time: 0.91s | Spearman@80: 0.5762 | Kendall@80: 0.4036
Epoch 34/150 | Train Loss: 0.0334 | Epoch Time: 0.86s | Spearman@80: 0.5635 | Kendall@80: 0.3877
Epoch 35/150 | Train Loss: 0.0476 | Epoch Time: 0.87s | Spearman@80: 0.5675 | Kendall@80: 0.4055
Epoch 36/150 | Train Loss: 0.0441 | Epoch Time: 0.87s | Spearman@80: 0.4816 | Kendall@80: 0.3382
Epoch 37/150 | Train Loss: 0.0410 | Epoch Time: 0.86s | Spearman@80: 0.5703 | Kendall@80: 0.4074
Epoch 38/150 | Train Loss: 0.0422 | Epoch Time: 0.87s | Spearman@80: 0.5718 | Kendall@80: 0.3915
Epoch 39/150 | Train Loss: 0.0385 | Epoch Time: 0.88s | Spearman@80: 0.5546 | Kendall@80: 0.3820
Epoch 40/150 | Train Loss: 0.0353 | Epoch Time: 0.87s | Spearman@80: 0.5616 | Kendall@80: 0.3972
Epoch 41/150 | Train Loss: 0.0434 | Epoch Time: 0.87s | Spearman@80: 0.5736 | Kendall@80: 0.4061
Epoch 42/150 | Train Loss: 0.0477 | Epoch Time: 0.87s | Spearman@80: 0.5339 | Kendall@80: 0.3871
Epoch 43/150 | Train Loss: 0.0370 | Epoch Time: 0.88s | Spearman@80: 0.5797 | Kendall@80: 0.4080
Epoch 44/150 | Train Loss: 0.0359 | Epoch Time: 0.86s | Spearman@80: 0.5645 | Kendall@80: 0.4023
Epoch 45/150 | Train Loss: 0.0402 | Epoch Time: 0.88s | Spearman@80: 0.5201 | Kendall@80: 0.3712
Epoch 46/150 | Train Loss: 0.0428 | Epoch Time: 0.87s | Spearman@80: 0.5665 | Kendall@80: 0.4010
Epoch 47/150 | Train Loss: 0.0393 | Epoch Time: 0.88s | Spearman@80: 0.4786 | Kendall@80: 0.3344
Epoch 48/150 | Train Loss: 0.0396 | Epoch Time: 0.90s | Spearman@80: 0.4864 | Kendall@80: 0.3452
Epoch 49/150 | Train Loss: 0.0350 | Epoch Time: 0.90s | Spearman@80: 0.4947 | Kendall@80: 0.3503
Epoch 50/150 | Train Loss: 0.0316 | Epoch Time: 0.89s | Spearman@80: 0.4329 | Kendall@80: 0.3059
Epoch 51/150 | Train Loss: 0.0352 | Epoch Time: 0.89s | Spearman@80: 0.5409 | Kendall@80: 0.3833
Epoch 52/150 | Train Loss: 0.0322 | Epoch Time: 0.88s | Spearman@80: 0.5036 | Kendall@80: 0.3471
Epoch 53/150 | Train Loss: 0.0282 | Epoch Time: 0.89s | Spearman@80: 0.5003 | Kendall@80: 0.3560
Epoch 54/150 | Train Loss: 0.0338 | Epoch Time: 0.88s | Spearman@80: 0.4885 | Kendall@80: 0.3478
Epoch 55/150 | Train Loss: 0.0305 | Epoch Time: 0.87s | Spearman@80: 0.4514 | Kendall@80: 0.3224
Epoch 56/150 | Train Loss: 0.0366 | Epoch Time: 0.87s | Spearman@80: 0.4960 | Kendall@80: 0.3490
Epoch 57/150 | Train Loss: 0.0322 | Epoch Time: 0.93s | Spearman@80: 0.5110 | Kendall@80: 0.3547
Epoch 58/150 | Train Loss: 0.0359 | Epoch Time: 0.86s | Spearman@80: 0.4402 | Kendall@80: 0.3135
Epoch 59/150 | Train Loss: 0.0340 | Epoch Time: 0.86s | Spearman@80: 0.4649 | Kendall@80: 0.3243
Epoch 60/150 | Train Loss: 0.0309 | Epoch Time: 0.89s | Spearman@80: 0.4235 | Kendall@80: 0.2989
Epoch 61/150 | Train Loss: 0.0363 | Epoch Time: 0.83s | Spearman@80: 0.4429 | Kendall@80: 0.3084
Epoch 62/150 | Train Loss: 0.0300 | Epoch Time: 0.85s | Spearman@80: 0.4787 | Kendall@80: 0.3344
Epoch 63/150 | Train Loss: 0.0368 | Epoch Time: 0.84s | Spearman@80: 0.4805 | Kendall@80: 0.3319
Epoch 64/150 | Train Loss: 0.0299 | Epoch Time: 0.82s | Spearman@80: 0.4775 | Kendall@80: 0.3376
Epoch 65/150 | Train Loss: 0.0273 | Epoch Time: 0.83s | Spearman@80: 0.4907 | Kendall@80: 0.3452
Epoch 66/150 | Train Loss: 0.0278 | Epoch Time: 0.83s | Spearman@80: 0.4669 | Kendall@80: 0.3306
Epoch 67/150 | Train Loss: 0.0251 | Epoch Time: 0.83s | Spearman@80: 0.4326 | Kendall@80: 0.3053
Epoch 68/150 | Train Loss: 0.0365 | Epoch Time: 0.82s | Spearman@80: 0.4813 | Kendall@80: 0.3357
Epoch 69/150 | Train Loss: 0.0334 | Epoch Time: 0.82s | Spearman@80: 0.4353 | Kendall@80: 0.3078
Epoch 70/150 | Train Loss: 0.0297 | Epoch Time: 0.81s | Spearman@80: 0.4627 | Kendall@80: 0.3319
Epoch 71/150 | Train Loss: 0.0268 | Epoch Time: 0.83s | Spearman@80: 0.4661 | Kendall@80: 0.3281
Epoch 72/150 | Train Loss: 0.0264 | Epoch Time: 0.83s | Spearman@80: 0.4450 | Kendall@80: 0.3084
Epoch 73/150 | Train Loss: 0.0297 | Epoch Time: 0.82s | Spearman@80: 0.4248 | Kendall@80: 0.3002
Epoch 74/150 | Train Loss: 0.0245 | Epoch Time: 0.82s | Spearman@80: 0.4897 | Kendall@80: 0.3408
Epoch 75/150 | Train Loss: 0.0246 | Epoch Time: 0.83s | Spearman@80: 0.4920 | Kendall@80: 0.3478
Epoch 76/150 | Train Loss: 0.0299 | Epoch Time: 0.83s | Spearman@80: 0.4498 | Kendall@80: 0.3167
Epoch 77/150 | Train Loss: 0.0259 | Epoch Time: 0.82s | Spearman@80: 0.4859 | Kendall@80: 0.3446
Epoch 78/150 | Train Loss: 0.0305 | Epoch Time: 0.84s | Spearman@80: 0.4720 | Kendall@80: 0.3344
Epoch 79/150 | Train Loss: 0.0213 | Epoch Time: 0.84s | Spearman@80: 0.4817 | Kendall@80: 0.3363
Epoch 80/150 | Train Loss: 0.0250 | Epoch Time: 0.81s | Spearman@80: 0.4962 | Kendall@80: 0.3573
Epoch 81/150 | Train Loss: 0.0297 | Epoch Time: 0.83s | Spearman@80: 0.4865 | Kendall@80: 0.3427
Epoch 82/150 | Train Loss: 0.0253 | Epoch Time: 0.83s | Spearman@80: 0.5000 | Kendall@80: 0.3503
Epoch 83/150 | Train Loss: 0.0266 | Epoch Time: 0.82s | Spearman@80: 0.4940 | Kendall@80: 0.3630
Epoch 84/150 | Train Loss: 0.0206 | Epoch Time: 0.83s | Spearman@80: 0.4554 | Kendall@80: 0.3262
Epoch 85/150 | Train Loss: 0.0241 | Epoch Time: 0.83s | Spearman@80: 0.4380 | Kendall@80: 0.3142
Epoch 86/150 | Train Loss: 0.0192 | Epoch Time: 0.82s | Spearman@80: 0.4442 | Kendall@80: 0.3180
Epoch 87/150 | Train Loss: 0.0235 | Epoch Time: 0.83s | Spearman@80: 0.4980 | Kendall@80: 0.3516
Epoch 88/150 | Train Loss: 0.0265 | Epoch Time: 0.84s | Spearman@80: 0.4357 | Kendall@80: 0.3078
Epoch 89/150 | Train Loss: 0.0237 | Epoch Time: 0.83s | Spearman@80: 0.4975 | Kendall@80: 0.3573
Epoch 90/150 | Train Loss: 0.0233 | Epoch Time: 0.83s | Spearman@80: 0.4483 | Kendall@80: 0.3142
Epoch 91/150 | Train Loss: 0.0250 | Epoch Time: 0.82s | Spearman@80: 0.4343 | Kendall@80: 0.3110
Epoch 92/150 | Train Loss: 0.0205 | Epoch Time: 0.82s | Spearman@80: 0.4991 | Kendall@80: 0.3484
Epoch 93/150 | Train Loss: 0.0242 | Epoch Time: 0.83s | Spearman@80: 0.4696 | Kendall@80: 0.3294
Epoch 94/150 | Train Loss: 0.0226 | Epoch Time: 0.83s | Spearman@80: 0.4934 | Kendall@80: 0.3528
Epoch 95/150 | Train Loss: 0.0250 | Epoch Time: 0.83s | Spearman@80: 0.4791 | Kendall@80: 0.3421
Epoch 96/150 | Train Loss: 0.0203 | Epoch Time: 0.81s | Spearman@80: 0.4789 | Kendall@80: 0.3401
Epoch 97/150 | Train Loss: 0.0273 | Epoch Time: 0.83s | Spearman@80: 0.4871 | Kendall@80: 0.3484
Epoch 98/150 | Train Loss: 0.0259 | Epoch Time: 0.82s | Spearman@80: 0.5096 | Kendall@80: 0.3560
Epoch 99/150 | Train Loss: 0.0202 | Epoch Time: 0.83s | Spearman@80: 0.5057 | Kendall@80: 0.3617
Epoch 100/150 | Train Loss: 0.0190 | Epoch Time: 0.83s | Spearman@80: 0.4890 | Kendall@80: 0.3433
Epoch 101/150 | Train Loss: 0.0185 | Epoch Time: 0.83s | Spearman@80: 0.5070 | Kendall@80: 0.3623
Epoch 102/150 | Train Loss: 0.0178 | Epoch Time: 0.82s | Spearman@80: 0.5166 | Kendall@80: 0.3661
Epoch 103/150 | Train Loss: 0.0199 | Epoch Time: 0.83s | Spearman@80: 0.5011 | Kendall@80: 0.3573
Epoch 104/150 | Train Loss: 0.0195 | Epoch Time: 0.82s | Spearman@80: 0.4662 | Kendall@80: 0.3262
Epoch 105/150 | Train Loss: 0.0171 | Epoch Time: 0.83s | Spearman@80: 0.4556 | Kendall@80: 0.3230
Epoch 106/150 | Train Loss: 0.0163 | Epoch Time: 0.83s | Spearman@80: 0.4575 | Kendall@80: 0.3211
Epoch 107/150 | Train Loss: 0.0173 | Epoch Time: 0.83s | Spearman@80: 0.4831 | Kendall@80: 0.3427
Epoch 108/150 | Train Loss: 0.0178 | Epoch Time: 0.82s | Spearman@80: 0.5103 | Kendall@80: 0.3560
Epoch 109/150 | Train Loss: 0.0186 | Epoch Time: 0.83s | Spearman@80: 0.4674 | Kendall@80: 0.3325
Epoch 110/150 | Train Loss: 0.0202 | Epoch Time: 0.83s | Spearman@80: 0.5020 | Kendall@80: 0.3598
Epoch 111/150 | Train Loss: 0.0212 | Epoch Time: 0.83s | Spearman@80: 0.4949 | Kendall@80: 0.3509
Epoch 112/150 | Train Loss: 0.0134 | Epoch Time: 0.82s | Spearman@80: 0.4846 | Kendall@80: 0.3452
Epoch 113/150 | Train Loss: 0.0147 | Epoch Time: 0.83s | Spearman@80: 0.5074 | Kendall@80: 0.3585
Epoch 114/150 | Train Loss: 0.0155 | Epoch Time: 0.83s | Spearman@80: 0.4700 | Kendall@80: 0.3294
Epoch 115/150 | Train Loss: 0.0180 | Epoch Time: 0.83s | Spearman@80: 0.4709 | Kendall@80: 0.3325
Epoch 116/150 | Train Loss: 0.0192 | Epoch Time: 0.83s | Spearman@80: 0.4729 | Kendall@80: 0.3319
Epoch 117/150 | Train Loss: 0.0192 | Epoch Time: 0.82s | Spearman@80: 0.4970 | Kendall@80: 0.3484
Epoch 118/150 | Train Loss: 0.0163 | Epoch Time: 0.83s | Spearman@80: 0.4841 | Kendall@80: 0.3427
Epoch 119/150 | Train Loss: 0.0155 | Epoch Time: 0.83s | Spearman@80: 0.4795 | Kendall@80: 0.3382
Epoch 120/150 | Train Loss: 0.0155 | Epoch Time: 0.82s | Spearman@80: 0.4764 | Kendall@80: 0.3363
Epoch 121/150 | Train Loss: 0.0124 | Epoch Time: 0.83s | Spearman@80: 0.4627 | Kendall@80: 0.3249
Epoch 122/150 | Train Loss: 0.0197 | Epoch Time: 0.81s | Spearman@80: 0.4564 | Kendall@80: 0.3211
Epoch 123/150 | Train Loss: 0.0144 | Epoch Time: 0.83s | Spearman@80: 0.4586 | Kendall@80: 0.3281
Epoch 124/150 | Train Loss: 0.0116 | Epoch Time: 0.83s | Spearman@80: 0.4633 | Kendall@80: 0.3275
Epoch 125/150 | Train Loss: 0.0163 | Epoch Time: 0.82s | Spearman@80: 0.4467 | Kendall@80: 0.3116
Epoch 126/150 | Train Loss: 0.0144 | Epoch Time: 0.83s | Spearman@80: 0.4561 | Kendall@80: 0.3249
Epoch 127/150 | Train Loss: 0.0128 | Epoch Time: 0.82s | Spearman@80: 0.4509 | Kendall@80: 0.3186
Epoch 128/150 | Train Loss: 0.0180 | Epoch Time: 0.83s | Spearman@80: 0.4468 | Kendall@80: 0.3142
Epoch 129/150 | Train Loss: 0.0158 | Epoch Time: 0.83s | Spearman@80: 0.4657 | Kendall@80: 0.3268
Epoch 130/150 | Train Loss: 0.0106 | Epoch Time: 0.83s | Spearman@80: 0.4653 | Kendall@80: 0.3306
Epoch 131/150 | Train Loss: 0.0117 | Epoch Time: 0.82s | Spearman@80: 0.4688 | Kendall@80: 0.3332
Epoch 132/150 | Train Loss: 0.0117 | Epoch Time: 0.82s | Spearman@80: 0.4665 | Kendall@80: 0.3306
Epoch 133/150 | Train Loss: 0.0125 | Epoch Time: 0.83s | Spearman@80: 0.4680 | Kendall@80: 0.3281
Epoch 134/150 | Train Loss: 0.0133 | Epoch Time: 0.85s | Spearman@80: 0.4843 | Kendall@80: 0.3427
Epoch 135/150 | Train Loss: 0.0143 | Epoch Time: 0.83s | Spearman@80: 0.4815 | Kendall@80: 0.3401
Epoch 136/150 | Train Loss: 0.0129 | Epoch Time: 0.84s | Spearman@80: 0.4756 | Kendall@80: 0.3382
Epoch 137/150 | Train Loss: 0.0132 | Epoch Time: 0.82s | Spearman@80: 0.4800 | Kendall@80: 0.3414
Epoch 138/150 | Train Loss: 0.0110 | Epoch Time: 0.84s | Spearman@80: 0.4678 | Kendall@80: 0.3332
Epoch 139/150 | Train Loss: 0.0123 | Epoch Time: 0.82s | Spearman@80: 0.4794 | Kendall@80: 0.3376
Epoch 140/150 | Train Loss: 0.0158 | Epoch Time: 0.83s | Spearman@80: 0.4819 | Kendall@80: 0.3408
Epoch 141/150 | Train Loss: 0.0150 | Epoch Time: 0.83s | Spearman@80: 0.4799 | Kendall@80: 0.3401
Epoch 142/150 | Train Loss: 0.0140 | Epoch Time: 0.82s | Spearman@80: 0.4845 | Kendall@80: 0.3440
Epoch 143/150 | Train Loss: 0.0140 | Epoch Time: 0.83s | Spearman@80: 0.4882 | Kendall@80: 0.3484
Epoch 144/150 | Train Loss: 0.0156 | Epoch Time: 0.84s | Spearman@80: 0.4842 | Kendall@80: 0.3446
Epoch 145/150 | Train Loss: 0.0142 | Epoch Time: 0.83s | Spearman@80: 0.4855 | Kendall@80: 0.3471
Epoch 146/150 | Train Loss: 0.0155 | Epoch Time: 0.84s | Spearman@80: 0.4822 | Kendall@80: 0.3440
Epoch 147/150 | Train Loss: 0.0152 | Epoch Time: 1.69s | Spearman@4870: 0.4852 | Kendall@4870: 0.3355
Epoch 148/150 | Train Loss: 0.0121 | Epoch Time: 1.68s | Spearman@4870: 0.4859 | Kendall@4870: 0.3361
Epoch 149/150 | Train Loss: 0.0102 | Epoch Time: 1.68s | Spearman@4870: 0.4851 | Kendall@4870: 0.3355
Epoch 150/150 | Train Loss: 0.0145 | Epoch Time: 1.69s | Spearman@4870: 0.4868 | Kendall@4870: 0.3367
Sample Count: 128, Spearman: 0.48576143809087646, Kendall: 0.33595355882196504
{64: (0.33524962433591965, 0.2269795124230638),
 128: (0.48576143809087646, 0.33595355882196504)}
Epoch 1/150 | Train Loss: 0.0969 | Epoch Time: 0.42s | Spearman@80: 0.0825 | Kendall@80: 0.0583
Epoch 2/150 | Train Loss: 0.0894 | Epoch Time: 0.43s | Spearman@80: 0.0441 | Kendall@80: 0.0317
Epoch 3/150 | Train Loss: 0.0819 | Epoch Time: 0.42s | Spearman@80: 0.0488 | Kendall@80: 0.0399
Epoch 4/150 | Train Loss: 0.0827 | Epoch Time: 0.42s | Spearman@80: 0.1024 | Kendall@80: 0.0717
Epoch 5/150 | Train Loss: 0.0737 | Epoch Time: 0.42s | Spearman@80: 0.1302 | Kendall@80: 0.0900
Epoch 6/150 | Train Loss: 0.0727 | Epoch Time: 0.42s | Spearman@80: 0.1482 | Kendall@80: 0.1021
Epoch 7/150 | Train Loss: 0.0668 | Epoch Time: 0.43s | Spearman@80: 0.1208 | Kendall@80: 0.0869
Epoch 8/150 | Train Loss: 0.0702 | Epoch Time: 0.42s | Spearman@80: 0.1666 | Kendall@80: 0.1173
Epoch 9/150 | Train Loss: 0.0651 | Epoch Time: 0.42s | Spearman@80: 0.1682 | Kendall@80: 0.1167
Epoch 10/150 | Train Loss: 0.0632 | Epoch Time: 0.42s | Spearman@80: 0.2045 | Kendall@80: 0.1395
Epoch 11/150 | Train Loss: 0.0673 | Epoch Time: 0.42s | Spearman@80: 0.1391 | Kendall@80: 0.0964
Epoch 12/150 | Train Loss: 0.0616 | Epoch Time: 0.42s | Spearman@80: 0.1895 | Kendall@80: 0.1237
Epoch 13/150 | Train Loss: 0.0581 | Epoch Time: 0.42s | Spearman@80: 0.2349 | Kendall@80: 0.1528
Epoch 14/150 | Train Loss: 0.0628 | Epoch Time: 0.41s | Spearman@80: 0.1900 | Kendall@80: 0.1205
Epoch 15/150 | Train Loss: 0.0643 | Epoch Time: 0.42s | Spearman@80: 0.1830 | Kendall@80: 0.1287
Epoch 16/150 | Train Loss: 0.0687 | Epoch Time: 0.42s | Spearman@80: 0.3125 | Kendall@80: 0.2042
Epoch 17/150 | Train Loss: 0.0555 | Epoch Time: 0.42s | Spearman@80: 0.2281 | Kendall@80: 0.1522
Epoch 18/150 | Train Loss: 0.0591 | Epoch Time: 0.41s | Spearman@80: 0.2903 | Kendall@80: 0.1896
Epoch 19/150 | Train Loss: 0.0575 | Epoch Time: 0.42s | Spearman@80: 0.2309 | Kendall@80: 0.1497
Epoch 20/150 | Train Loss: 0.0542 | Epoch Time: 0.42s | Spearman@80: 0.2381 | Kendall@80: 0.1642
Epoch 21/150 | Train Loss: 0.0572 | Epoch Time: 0.42s | Spearman@80: 0.2032 | Kendall@80: 0.1338
Epoch 22/150 | Train Loss: 0.0619 | Epoch Time: 0.42s | Spearman@80: 0.3775 | Kendall@80: 0.2530
Epoch 23/150 | Train Loss: 0.0484 | Epoch Time: 0.42s | Spearman@80: 0.2557 | Kendall@80: 0.1674
Epoch 24/150 | Train Loss: 0.0492 | Epoch Time: 0.42s | Spearman@80: 0.3705 | Kendall@80: 0.2378
Epoch 25/150 | Train Loss: 0.0621 | Epoch Time: 0.42s | Spearman@80: 0.2748 | Kendall@80: 0.1725
Epoch 26/150 | Train Loss: 0.0457 | Epoch Time: 0.42s | Spearman@80: 0.2684 | Kendall@80: 0.1674
Epoch 27/150 | Train Loss: 0.0493 | Epoch Time: 0.42s | Spearman@80: 0.2642 | Kendall@80: 0.1769
Epoch 28/150 | Train Loss: 0.0481 | Epoch Time: 0.43s | Spearman@80: 0.3526 | Kendall@80: 0.2296
Epoch 29/150 | Train Loss: 0.0432 | Epoch Time: 0.42s | Spearman@80: 0.4132 | Kendall@80: 0.2568
Epoch 30/150 | Train Loss: 0.0480 | Epoch Time: 0.42s | Spearman@80: 0.3686 | Kendall@80: 0.2410
Epoch 31/150 | Train Loss: 0.0437 | Epoch Time: 0.42s | Spearman@80: 0.3156 | Kendall@80: 0.2048
Epoch 32/150 | Train Loss: 0.0452 | Epoch Time: 0.42s | Spearman@80: 0.4161 | Kendall@80: 0.2841
Epoch 33/150 | Train Loss: 0.0406 | Epoch Time: 0.45s | Spearman@80: 0.4522 | Kendall@80: 0.3056
Epoch 34/150 | Train Loss: 0.0377 | Epoch Time: 0.42s | Spearman@80: 0.4284 | Kendall@80: 0.2777
Epoch 35/150 | Train Loss: 0.0372 | Epoch Time: 0.42s | Spearman@80: 0.3119 | Kendall@80: 0.2175
Epoch 36/150 | Train Loss: 0.0381 | Epoch Time: 0.42s | Spearman@80: 0.4282 | Kendall@80: 0.2911
Epoch 37/150 | Train Loss: 0.0309 | Epoch Time: 0.43s | Spearman@80: 0.3858 | Kendall@80: 0.2555
Epoch 38/150 | Train Loss: 0.0353 | Epoch Time: 0.42s | Spearman@80: 0.3450 | Kendall@80: 0.2289
Epoch 39/150 | Train Loss: 0.0431 | Epoch Time: 0.43s | Spearman@80: 0.3978 | Kendall@80: 0.2619
Epoch 40/150 | Train Loss: 0.0381 | Epoch Time: 0.42s | Spearman@80: 0.4230 | Kendall@80: 0.2822
Epoch 41/150 | Train Loss: 0.0472 | Epoch Time: 0.42s | Spearman@80: 0.3644 | Kendall@80: 0.2473
Epoch 42/150 | Train Loss: 0.0386 | Epoch Time: 0.42s | Spearman@80: 0.3886 | Kendall@80: 0.2619
Epoch 43/150 | Train Loss: 0.0441 | Epoch Time: 0.42s | Spearman@80: 0.4748 | Kendall@80: 0.3164
Epoch 44/150 | Train Loss: 0.0344 | Epoch Time: 0.42s | Spearman@80: 0.4152 | Kendall@80: 0.2835
Epoch 45/150 | Train Loss: 0.0313 | Epoch Time: 0.42s | Spearman@80: 0.4007 | Kendall@80: 0.2714
Epoch 46/150 | Train Loss: 0.0327 | Epoch Time: 0.43s | Spearman@80: 0.3882 | Kendall@80: 0.2670
Epoch 47/150 | Train Loss: 0.0444 | Epoch Time: 0.42s | Spearman@80: 0.4389 | Kendall@80: 0.2993
Epoch 48/150 | Train Loss: 0.0282 | Epoch Time: 0.42s | Spearman@80: 0.3758 | Kendall@80: 0.2632
Epoch 49/150 | Train Loss: 0.0369 | Epoch Time: 0.43s | Spearman@80: 0.3560 | Kendall@80: 0.2391
Epoch 50/150 | Train Loss: 0.0251 | Epoch Time: 0.43s | Spearman@80: 0.4197 | Kendall@80: 0.2822
Epoch 51/150 | Train Loss: 0.0325 | Epoch Time: 0.42s | Spearman@80: 0.4279 | Kendall@80: 0.2923
Epoch 52/150 | Train Loss: 0.0257 | Epoch Time: 0.43s | Spearman@80: 0.4449 | Kendall@80: 0.2993
Epoch 53/150 | Train Loss: 0.0264 | Epoch Time: 0.42s | Spearman@80: 0.4348 | Kendall@80: 0.2949
Epoch 54/150 | Train Loss: 0.0244 | Epoch Time: 0.43s | Spearman@80: 0.3942 | Kendall@80: 0.2714
Epoch 55/150 | Train Loss: 0.0391 | Epoch Time: 0.43s | Spearman@80: 0.4325 | Kendall@80: 0.2923
Epoch 56/150 | Train Loss: 0.0247 | Epoch Time: 0.42s | Spearman@80: 0.4820 | Kendall@80: 0.3323
Epoch 57/150 | Train Loss: 0.0286 | Epoch Time: 0.42s | Spearman@80: 0.4468 | Kendall@80: 0.3056
Epoch 58/150 | Train Loss: 0.0272 | Epoch Time: 0.42s | Spearman@80: 0.4679 | Kendall@80: 0.3209
Epoch 59/150 | Train Loss: 0.0197 | Epoch Time: 0.42s | Spearman@80: 0.4610 | Kendall@80: 0.3177
Epoch 60/150 | Train Loss: 0.0288 | Epoch Time: 0.42s | Spearman@80: 0.5182 | Kendall@80: 0.3589
Epoch 61/150 | Train Loss: 0.0302 | Epoch Time: 0.42s | Spearman@80: 0.4205 | Kendall@80: 0.2936
Epoch 62/150 | Train Loss: 0.0378 | Epoch Time: 0.42s | Spearman@80: 0.4208 | Kendall@80: 0.2917
Epoch 63/150 | Train Loss: 0.0279 | Epoch Time: 0.42s | Spearman@80: 0.5153 | Kendall@80: 0.3570
Epoch 64/150 | Train Loss: 0.0191 | Epoch Time: 0.42s | Spearman@80: 0.5086 | Kendall@80: 0.3595
Epoch 65/150 | Train Loss: 0.0219 | Epoch Time: 0.42s | Spearman@80: 0.4619 | Kendall@80: 0.3221
Epoch 66/150 | Train Loss: 0.0219 | Epoch Time: 0.42s | Spearman@80: 0.5068 | Kendall@80: 0.3437
Epoch 67/150 | Train Loss: 0.0270 | Epoch Time: 0.43s | Spearman@80: 0.5417 | Kendall@80: 0.3735
Epoch 68/150 | Train Loss: 0.0213 | Epoch Time: 0.42s | Spearman@80: 0.5033 | Kendall@80: 0.3469
Epoch 69/150 | Train Loss: 0.0228 | Epoch Time: 0.43s | Spearman@80: 0.5270 | Kendall@80: 0.3653
Epoch 70/150 | Train Loss: 0.0246 | Epoch Time: 0.42s | Spearman@80: 0.5024 | Kendall@80: 0.3431
Epoch 71/150 | Train Loss: 0.0188 | Epoch Time: 0.42s | Spearman@80: 0.5304 | Kendall@80: 0.3672
Epoch 72/150 | Train Loss: 0.0253 | Epoch Time: 0.44s | Spearman@80: 0.5598 | Kendall@80: 0.3824
Epoch 73/150 | Train Loss: 0.0201 | Epoch Time: 0.42s | Spearman@80: 0.5223 | Kendall@80: 0.3538
Epoch 74/150 | Train Loss: 0.0185 | Epoch Time: 0.42s | Spearman@80: 0.5142 | Kendall@80: 0.3494
Epoch 75/150 | Train Loss: 0.0259 | Epoch Time: 0.42s | Spearman@80: 0.5165 | Kendall@80: 0.3545
Epoch 76/150 | Train Loss: 0.0183 | Epoch Time: 0.42s | Spearman@80: 0.5166 | Kendall@80: 0.3507
Epoch 77/150 | Train Loss: 0.0184 | Epoch Time: 0.42s | Spearman@80: 0.4629 | Kendall@80: 0.3158
Epoch 78/150 | Train Loss: 0.0297 | Epoch Time: 0.42s | Spearman@80: 0.4819 | Kendall@80: 0.3323
Epoch 79/150 | Train Loss: 0.0173 | Epoch Time: 0.42s | Spearman@80: 0.5747 | Kendall@80: 0.3982
Epoch 80/150 | Train Loss: 0.0181 | Epoch Time: 0.42s | Spearman@80: 0.5643 | Kendall@80: 0.3893
Epoch 81/150 | Train Loss: 0.0204 | Epoch Time: 0.43s | Spearman@80: 0.5327 | Kendall@80: 0.3684
Epoch 82/150 | Train Loss: 0.0179 | Epoch Time: 0.42s | Spearman@80: 0.4805 | Kendall@80: 0.3361
Epoch 83/150 | Train Loss: 0.0206 | Epoch Time: 0.42s | Spearman@80: 0.5049 | Kendall@80: 0.3602
Epoch 84/150 | Train Loss: 0.0193 | Epoch Time: 0.42s | Spearman@80: 0.4782 | Kendall@80: 0.3316
Epoch 85/150 | Train Loss: 0.0176 | Epoch Time: 0.42s | Spearman@80: 0.4532 | Kendall@80: 0.3152
Epoch 86/150 | Train Loss: 0.0201 | Epoch Time: 0.42s | Spearman@80: 0.5015 | Kendall@80: 0.3507
Epoch 87/150 | Train Loss: 0.0168 | Epoch Time: 0.42s | Spearman@80: 0.5168 | Kendall@80: 0.3532
Epoch 88/150 | Train Loss: 0.0175 | Epoch Time: 0.42s | Spearman@80: 0.4800 | Kendall@80: 0.3285
Epoch 89/150 | Train Loss: 0.0139 | Epoch Time: 0.42s | Spearman@80: 0.5111 | Kendall@80: 0.3450
Epoch 90/150 | Train Loss: 0.0133 | Epoch Time: 0.43s | Spearman@80: 0.5026 | Kendall@80: 0.3412
Epoch 91/150 | Train Loss: 0.0134 | Epoch Time: 0.43s | Spearman@80: 0.5118 | Kendall@80: 0.3507
Epoch 92/150 | Train Loss: 0.0134 | Epoch Time: 0.44s | Spearman@80: 0.5122 | Kendall@80: 0.3538
Epoch 93/150 | Train Loss: 0.0137 | Epoch Time: 0.42s | Spearman@80: 0.4950 | Kendall@80: 0.3488
Epoch 94/150 | Train Loss: 0.0139 | Epoch Time: 0.42s | Spearman@80: 0.5377 | Kendall@80: 0.3729
Epoch 95/150 | Train Loss: 0.0118 | Epoch Time: 0.43s | Spearman@80: 0.5423 | Kendall@80: 0.3754
Epoch 96/150 | Train Loss: 0.0107 | Epoch Time: 0.42s | Spearman@80: 0.5513 | Kendall@80: 0.3798
Epoch 97/150 | Train Loss: 0.0154 | Epoch Time: 0.42s | Spearman@80: 0.5109 | Kendall@80: 0.3526
Epoch 98/150 | Train Loss: 0.0136 | Epoch Time: 0.42s | Spearman@80: 0.4931 | Kendall@80: 0.3405
Epoch 99/150 | Train Loss: 0.0132 | Epoch Time: 0.43s | Spearman@80: 0.4709 | Kendall@80: 0.3202
Epoch 100/150 | Train Loss: 0.0111 | Epoch Time: 0.42s | Spearman@80: 0.4834 | Kendall@80: 0.3291
Epoch 101/150 | Train Loss: 0.0150 | Epoch Time: 0.42s | Spearman@80: 0.5074 | Kendall@80: 0.3545
Epoch 102/150 | Train Loss: 0.0161 | Epoch Time: 0.42s | Spearman@80: 0.5258 | Kendall@80: 0.3627
Epoch 103/150 | Train Loss: 0.0109 | Epoch Time: 0.42s | Spearman@80: 0.5352 | Kendall@80: 0.3703
Epoch 104/150 | Train Loss: 0.0123 | Epoch Time: 0.43s | Spearman@80: 0.5221 | Kendall@80: 0.3589
Epoch 105/150 | Train Loss: 0.0140 | Epoch Time: 0.42s | Spearman@80: 0.5230 | Kendall@80: 0.3608
Epoch 106/150 | Train Loss: 0.0105 | Epoch Time: 0.42s | Spearman@80: 0.5085 | Kendall@80: 0.3551
Epoch 107/150 | Train Loss: 0.0143 | Epoch Time: 0.42s | Spearman@80: 0.4967 | Kendall@80: 0.3393
Epoch 108/150 | Train Loss: 0.0124 | Epoch Time: 0.42s | Spearman@80: 0.5190 | Kendall@80: 0.3602
Epoch 109/150 | Train Loss: 0.0119 | Epoch Time: 0.42s | Spearman@80: 0.5195 | Kendall@80: 0.3576
Epoch 110/150 | Train Loss: 0.0139 | Epoch Time: 0.42s | Spearman@80: 0.5257 | Kendall@80: 0.3640
Epoch 111/150 | Train Loss: 0.0122 | Epoch Time: 0.42s | Spearman@80: 0.4861 | Kendall@80: 0.3393
Epoch 112/150 | Train Loss: 0.0133 | Epoch Time: 0.42s | Spearman@80: 0.5214 | Kendall@80: 0.3633
Epoch 113/150 | Train Loss: 0.0133 | Epoch Time: 0.42s | Spearman@80: 0.5318 | Kendall@80: 0.3678
Epoch 114/150 | Train Loss: 0.0059 | Epoch Time: 0.43s | Spearman@80: 0.5161 | Kendall@80: 0.3545
Epoch 115/150 | Train Loss: 0.0091 | Epoch Time: 0.42s | Spearman@80: 0.5215 | Kendall@80: 0.3614
Epoch 116/150 | Train Loss: 0.0112 | Epoch Time: 0.43s | Spearman@80: 0.5089 | Kendall@80: 0.3488
Epoch 117/150 | Train Loss: 0.0134 | Epoch Time: 0.43s | Spearman@80: 0.5133 | Kendall@80: 0.3507
Epoch 118/150 | Train Loss: 0.0122 | Epoch Time: 0.42s | Spearman@80: 0.5055 | Kendall@80: 0.3469
Epoch 119/150 | Train Loss: 0.0095 | Epoch Time: 0.42s | Spearman@80: 0.5067 | Kendall@80: 0.3450
Epoch 120/150 | Train Loss: 0.0121 | Epoch Time: 0.42s | Spearman@80: 0.4961 | Kendall@80: 0.3386
Epoch 121/150 | Train Loss: 0.0094 | Epoch Time: 0.42s | Spearman@80: 0.4986 | Kendall@80: 0.3393
Epoch 122/150 | Train Loss: 0.0119 | Epoch Time: 0.42s | Spearman@80: 0.5059 | Kendall@80: 0.3462
Epoch 123/150 | Train Loss: 0.0095 | Epoch Time: 0.42s | Spearman@80: 0.5111 | Kendall@80: 0.3532
Epoch 124/150 | Train Loss: 0.0134 | Epoch Time: 0.43s | Spearman@80: 0.5268 | Kendall@80: 0.3640
Epoch 125/150 | Train Loss: 0.0103 | Epoch Time: 0.42s | Spearman@80: 0.5100 | Kendall@80: 0.3519
Epoch 126/150 | Train Loss: 0.0090 | Epoch Time: 0.42s | Spearman@80: 0.5092 | Kendall@80: 0.3462
Epoch 127/150 | Train Loss: 0.0078 | Epoch Time: 0.42s | Spearman@80: 0.5012 | Kendall@80: 0.3437
Epoch 128/150 | Train Loss: 0.0142 | Epoch Time: 0.42s | Spearman@80: 0.5101 | Kendall@80: 0.3481
Epoch 129/150 | Train Loss: 0.0094 | Epoch Time: 0.42s | Spearman@80: 0.5077 | Kendall@80: 0.3462
Epoch 130/150 | Train Loss: 0.0104 | Epoch Time: 0.42s | Spearman@80: 0.5021 | Kendall@80: 0.3443
Epoch 131/150 | Train Loss: 0.0084 | Epoch Time: 0.42s | Spearman@80: 0.5035 | Kendall@80: 0.3450
Epoch 132/150 | Train Loss: 0.0098 | Epoch Time: 0.42s | Spearman@80: 0.5043 | Kendall@80: 0.3488
Epoch 133/150 | Train Loss: 0.0100 | Epoch Time: 0.43s | Spearman@80: 0.5073 | Kendall@80: 0.3519
Epoch 134/150 | Train Loss: 0.0099 | Epoch Time: 0.42s | Spearman@80: 0.5051 | Kendall@80: 0.3462
Epoch 135/150 | Train Loss: 0.0160 | Epoch Time: 0.42s | Spearman@80: 0.5113 | Kendall@80: 0.3481
Epoch 136/150 | Train Loss: 0.0128 | Epoch Time: 0.42s | Spearman@80: 0.5070 | Kendall@80: 0.3481
Epoch 137/150 | Train Loss: 0.0107 | Epoch Time: 0.42s | Spearman@80: 0.5193 | Kendall@80: 0.3602
Epoch 138/150 | Train Loss: 0.0102 | Epoch Time: 0.42s | Spearman@80: 0.5175 | Kendall@80: 0.3570
Epoch 139/150 | Train Loss: 0.0114 | Epoch Time: 0.42s | Spearman@80: 0.5144 | Kendall@80: 0.3532
Epoch 140/150 | Train Loss: 0.0100 | Epoch Time: 0.42s | Spearman@80: 0.5125 | Kendall@80: 0.3538
Epoch 141/150 | Train Loss: 0.0129 | Epoch Time: 0.42s | Spearman@80: 0.5194 | Kendall@80: 0.3564
Epoch 142/150 | Train Loss: 0.0073 | Epoch Time: 0.43s | Spearman@80: 0.5106 | Kendall@80: 0.3488
Epoch 143/150 | Train Loss: 0.0089 | Epoch Time: 0.42s | Spearman@80: 0.5142 | Kendall@80: 0.3551
Epoch 144/150 | Train Loss: 0.0074 | Epoch Time: 0.42s | Spearman@80: 0.5184 | Kendall@80: 0.3576
Epoch 145/150 | Train Loss: 0.0099 | Epoch Time: 0.43s | Spearman@80: 0.5155 | Kendall@80: 0.3538
Epoch 146/150 | Train Loss: 0.0082 | Epoch Time: 0.42s | Spearman@80: 0.5103 | Kendall@80: 0.3494
Epoch 147/150 | Train Loss: 0.0072 | Epoch Time: 1.30s | Spearman@4934: 0.5235 | Kendall@4934: 0.3633
Epoch 148/150 | Train Loss: 0.0076 | Epoch Time: 1.30s | Spearman@4934: 0.5226 | Kendall@4934: 0.3626
Epoch 149/150 | Train Loss: 0.0101 | Epoch Time: 1.29s | Spearman@4934: 0.5199 | Kendall@4934: 0.3606
Epoch 150/150 | Train Loss: 0.0055 | Epoch Time: 1.30s | Spearman@4934: 0.5228 | Kendall@4934: 0.3628
Sample Count: 64, Spearman: 0.5221976217167277, Kendall: 0.36233300905493154
{64: (0.5221976217167277, 0.36233300905493154),
 128: (0.48576143809087646, 0.33595355882196504)}
Epoch 1/150 | Train Loss: 0.0989 | Epoch Time: 0.82s | Spearman@80: 0.5564 | Kendall@80: 0.3891
Epoch 2/150 | Train Loss: 0.0878 | Epoch Time: 0.84s | Spearman@80: 0.5634 | Kendall@80: 0.3910
Epoch 3/150 | Train Loss: 0.0772 | Epoch Time: 0.83s | Spearman@80: 0.5540 | Kendall@80: 0.3961
Epoch 4/150 | Train Loss: 0.0704 | Epoch Time: 0.83s | Spearman@80: 0.5741 | Kendall@80: 0.4227
Epoch 5/150 | Train Loss: 0.0690 | Epoch Time: 0.83s | Spearman@80: 0.6300 | Kendall@80: 0.4601
Epoch 6/150 | Train Loss: 0.0680 | Epoch Time: 0.82s | Spearman@80: 0.5877 | Kendall@80: 0.4202
Epoch 7/150 | Train Loss: 0.0681 | Epoch Time: 0.83s | Spearman@80: 0.6404 | Kendall@80: 0.4664
Epoch 8/150 | Train Loss: 0.0684 | Epoch Time: 0.82s | Spearman@80: 0.5574 | Kendall@80: 0.4018
Epoch 9/150 | Train Loss: 0.0641 | Epoch Time: 0.86s | Spearman@80: 0.6212 | Kendall@80: 0.4512
Epoch 10/150 | Train Loss: 0.0637 | Epoch Time: 0.82s | Spearman@80: 0.5937 | Kendall@80: 0.4233
Epoch 11/150 | Train Loss: 0.0589 | Epoch Time: 0.83s | Spearman@80: 0.6337 | Kendall@80: 0.4556
Epoch 12/150 | Train Loss: 0.0625 | Epoch Time: 0.83s | Spearman@80: 0.6053 | Kendall@80: 0.4322
Epoch 13/150 | Train Loss: 0.0600 | Epoch Time: 0.83s | Spearman@80: 0.5668 | Kendall@80: 0.4100
Epoch 14/150 | Train Loss: 0.0554 | Epoch Time: 0.83s | Spearman@80: 0.6217 | Kendall@80: 0.4493
Epoch 15/150 | Train Loss: 0.0619 | Epoch Time: 0.83s | Spearman@80: 0.5768 | Kendall@80: 0.4068
Epoch 16/150 | Train Loss: 0.0569 | Epoch Time: 0.82s | Spearman@80: 0.6575 | Kendall@80: 0.4823
Epoch 17/150 | Train Loss: 0.0544 | Epoch Time: 0.83s | Spearman@80: 0.6038 | Kendall@80: 0.4297
Epoch 18/150 | Train Loss: 0.0607 | Epoch Time: 0.83s | Spearman@80: 0.5388 | Kendall@80: 0.3745
Epoch 19/150 | Train Loss: 0.0605 | Epoch Time: 0.83s | Spearman@80: 0.6274 | Kendall@80: 0.4594
Epoch 20/150 | Train Loss: 0.0498 | Epoch Time: 0.83s | Spearman@80: 0.4930 | Kendall@80: 0.3340
Epoch 21/150 | Train Loss: 0.0520 | Epoch Time: 0.82s | Spearman@80: 0.6457 | Kendall@80: 0.4772
Epoch 22/150 | Train Loss: 0.0565 | Epoch Time: 0.83s | Spearman@80: 0.5484 | Kendall@80: 0.3752
Epoch 23/150 | Train Loss: 0.0505 | Epoch Time: 0.83s | Spearman@80: 0.6056 | Kendall@80: 0.4328
Epoch 24/150 | Train Loss: 0.0535 | Epoch Time: 0.83s | Spearman@80: 0.5313 | Kendall@80: 0.3758
Epoch 25/150 | Train Loss: 0.0567 | Epoch Time: 0.82s | Spearman@80: 0.6276 | Kendall@80: 0.4493
Epoch 26/150 | Train Loss: 0.0488 | Epoch Time: 0.82s | Spearman@80: 0.6266 | Kendall@80: 0.4411
Epoch 27/150 | Train Loss: 0.0496 | Epoch Time: 0.83s | Spearman@80: 0.6716 | Kendall@80: 0.4911
Epoch 28/150 | Train Loss: 0.0538 | Epoch Time: 0.83s | Spearman@80: 0.5806 | Kendall@80: 0.4018
Epoch 29/150 | Train Loss: 0.0473 | Epoch Time: 0.82s | Spearman@80: 0.6606 | Kendall@80: 0.4797
Epoch 30/150 | Train Loss: 0.0535 | Epoch Time: 0.84s | Spearman@80: 0.6369 | Kendall@80: 0.4639
Epoch 31/150 | Train Loss: 0.0448 | Epoch Time: 0.83s | Spearman@80: 0.6319 | Kendall@80: 0.4613
Epoch 32/150 | Train Loss: 0.0499 | Epoch Time: 0.82s | Spearman@80: 0.6240 | Kendall@80: 0.4531
Epoch 33/150 | Train Loss: 0.0476 | Epoch Time: 0.83s | Spearman@80: 0.5613 | Kendall@80: 0.3859
Epoch 34/150 | Train Loss: 0.0452 | Epoch Time: 0.82s | Spearman@80: 0.6629 | Kendall@80: 0.4848
Epoch 35/150 | Train Loss: 0.0494 | Epoch Time: 0.83s | Spearman@80: 0.6164 | Kendall@80: 0.4411
Epoch 36/150 | Train Loss: 0.0491 | Epoch Time: 0.83s | Spearman@80: 0.6514 | Kendall@80: 0.4785
Epoch 37/150 | Train Loss: 0.0462 | Epoch Time: 0.82s | Spearman@80: 0.5883 | Kendall@80: 0.4170
Epoch 38/150 | Train Loss: 0.0482 | Epoch Time: 0.82s | Spearman@80: 0.5717 | Kendall@80: 0.4030
Epoch 39/150 | Train Loss: 0.0398 | Epoch Time: 0.83s | Spearman@80: 0.6351 | Kendall@80: 0.4613
Epoch 40/150 | Train Loss: 0.0391 | Epoch Time: 0.83s | Spearman@80: 0.5185 | Kendall@80: 0.3530
Epoch 41/150 | Train Loss: 0.0407 | Epoch Time: 0.83s | Spearman@80: 0.6201 | Kendall@80: 0.4474
Epoch 42/150 | Train Loss: 0.0484 | Epoch Time: 0.83s | Spearman@80: 0.6109 | Kendall@80: 0.4474
Epoch 43/150 | Train Loss: 0.0324 | Epoch Time: 0.82s | Spearman@80: 0.5524 | Kendall@80: 0.3904
Epoch 44/150 | Train Loss: 0.0415 | Epoch Time: 0.83s | Spearman@80: 0.6579 | Kendall@80: 0.4728
Epoch 45/150 | Train Loss: 0.0428 | Epoch Time: 0.82s | Spearman@80: 0.6259 | Kendall@80: 0.4537
Epoch 46/150 | Train Loss: 0.0403 | Epoch Time: 0.82s | Spearman@80: 0.5581 | Kendall@80: 0.3961
Epoch 47/150 | Train Loss: 0.0421 | Epoch Time: 0.84s | Spearman@80: 0.6883 | Kendall@80: 0.5051
Epoch 48/150 | Train Loss: 0.0390 | Epoch Time: 0.82s | Spearman@80: 0.6377 | Kendall@80: 0.4626
Epoch 49/150 | Train Loss: 0.0356 | Epoch Time: 0.83s | Spearman@80: 0.6511 | Kendall@80: 0.4715
Epoch 50/150 | Train Loss: 0.0394 | Epoch Time: 0.83s | Spearman@80: 0.5427 | Kendall@80: 0.3821
Epoch 51/150 | Train Loss: 0.0405 | Epoch Time: 0.82s | Spearman@80: 0.6534 | Kendall@80: 0.4721
Epoch 52/150 | Train Loss: 0.0418 | Epoch Time: 0.83s | Spearman@80: 0.6166 | Kendall@80: 0.4436
Epoch 53/150 | Train Loss: 0.0343 | Epoch Time: 0.84s | Spearman@80: 0.6742 | Kendall@80: 0.4924
Epoch 54/150 | Train Loss: 0.0345 | Epoch Time: 0.83s | Spearman@80: 0.6610 | Kendall@80: 0.4886
Epoch 55/150 | Train Loss: 0.0332 | Epoch Time: 0.82s | Spearman@80: 0.6359 | Kendall@80: 0.4518
Epoch 56/150 | Train Loss: 0.0346 | Epoch Time: 0.83s | Spearman@80: 0.5766 | Kendall@80: 0.3999
Epoch 57/150 | Train Loss: 0.0372 | Epoch Time: 0.83s | Spearman@80: 0.6597 | Kendall@80: 0.4728
Epoch 58/150 | Train Loss: 0.0418 | Epoch Time: 0.82s | Spearman@80: 0.5806 | Kendall@80: 0.4119
Epoch 59/150 | Train Loss: 0.0340 | Epoch Time: 0.84s | Spearman@80: 0.6255 | Kendall@80: 0.4525
Epoch 60/150 | Train Loss: 0.0380 | Epoch Time: 0.82s | Spearman@80: 0.6623 | Kendall@80: 0.4753
Epoch 61/150 | Train Loss: 0.0340 | Epoch Time: 0.82s | Spearman@80: 0.6364 | Kendall@80: 0.4582
Epoch 62/150 | Train Loss: 0.0362 | Epoch Time: 0.83s | Spearman@80: 0.6202 | Kendall@80: 0.4379
Epoch 63/150 | Train Loss: 0.0412 | Epoch Time: 0.82s | Spearman@80: 0.6317 | Kendall@80: 0.4613
Epoch 64/150 | Train Loss: 0.0355 | Epoch Time: 0.83s | Spearman@80: 0.6689 | Kendall@80: 0.4956
Epoch 65/150 | Train Loss: 0.0301 | Epoch Time: 0.82s | Spearman@80: 0.6489 | Kendall@80: 0.4651
Epoch 66/150 | Train Loss: 0.0340 | Epoch Time: 0.83s | Spearman@80: 0.6170 | Kendall@80: 0.4499
Epoch 67/150 | Train Loss: 0.0287 | Epoch Time: 0.83s | Spearman@80: 0.6151 | Kendall@80: 0.4423
Epoch 68/150 | Train Loss: 0.0284 | Epoch Time: 0.82s | Spearman@80: 0.6528 | Kendall@80: 0.4734
Epoch 69/150 | Train Loss: 0.0376 | Epoch Time: 0.83s | Spearman@80: 0.6023 | Kendall@80: 0.4265
Epoch 70/150 | Train Loss: 0.0355 | Epoch Time: 0.82s | Spearman@80: 0.6579 | Kendall@80: 0.4747
Epoch 71/150 | Train Loss: 0.0290 | Epoch Time: 0.83s | Spearman@80: 0.5797 | Kendall@80: 0.4144
Epoch 72/150 | Train Loss: 0.0333 | Epoch Time: 0.83s | Spearman@80: 0.6373 | Kendall@80: 0.4613
Epoch 73/150 | Train Loss: 0.0322 | Epoch Time: 0.83s | Spearman@80: 0.6495 | Kendall@80: 0.4683
Epoch 74/150 | Train Loss: 0.0292 | Epoch Time: 0.82s | Spearman@80: 0.5973 | Kendall@80: 0.4297
Epoch 75/150 | Train Loss: 0.0297 | Epoch Time: 0.83s | Spearman@80: 0.6238 | Kendall@80: 0.4385
Epoch 76/150 | Train Loss: 0.0252 | Epoch Time: 0.83s | Spearman@80: 0.6562 | Kendall@80: 0.4772
Epoch 77/150 | Train Loss: 0.0260 | Epoch Time: 0.83s | Spearman@80: 0.6137 | Kendall@80: 0.4430
Epoch 78/150 | Train Loss: 0.0300 | Epoch Time: 0.82s | Spearman@80: 0.6588 | Kendall@80: 0.4734
Epoch 79/150 | Train Loss: 0.0262 | Epoch Time: 0.82s | Spearman@80: 0.6424 | Kendall@80: 0.4759
Epoch 80/150 | Train Loss: 0.0333 | Epoch Time: 0.83s | Spearman@80: 0.6485 | Kendall@80: 0.4632
Epoch 81/150 | Train Loss: 0.0262 | Epoch Time: 0.82s | Spearman@80: 0.6547 | Kendall@80: 0.4797
Epoch 82/150 | Train Loss: 0.0258 | Epoch Time: 0.83s | Spearman@80: 0.6582 | Kendall@80: 0.4702
Epoch 83/150 | Train Loss: 0.0269 | Epoch Time: 0.82s | Spearman@80: 0.6439 | Kendall@80: 0.4721
Epoch 84/150 | Train Loss: 0.0236 | Epoch Time: 0.84s | Spearman@80: 0.6089 | Kendall@80: 0.4278
Epoch 85/150 | Train Loss: 0.0274 | Epoch Time: 0.83s | Spearman@80: 0.6727 | Kendall@80: 0.4994
Epoch 86/150 | Train Loss: 0.0281 | Epoch Time: 0.83s | Spearman@80: 0.6268 | Kendall@80: 0.4601
Epoch 87/150 | Train Loss: 0.0274 | Epoch Time: 0.82s | Spearman@80: 0.6224 | Kendall@80: 0.4474
Epoch 88/150 | Train Loss: 0.0279 | Epoch Time: 0.86s | Spearman@80: 0.6585 | Kendall@80: 0.4759
Epoch 89/150 | Train Loss: 0.0271 | Epoch Time: 0.83s | Spearman@80: 0.6418 | Kendall@80: 0.4601
Epoch 90/150 | Train Loss: 0.0214 | Epoch Time: 0.83s | Spearman@80: 0.6654 | Kendall@80: 0.4772
Epoch 91/150 | Train Loss: 0.0237 | Epoch Time: 0.83s | Spearman@80: 0.6275 | Kendall@80: 0.4493
Epoch 92/150 | Train Loss: 0.0162 | Epoch Time: 0.83s | Spearman@80: 0.6129 | Kendall@80: 0.4284
Epoch 93/150 | Train Loss: 0.0215 | Epoch Time: 0.82s | Spearman@80: 0.6038 | Kendall@80: 0.4309
Epoch 94/150 | Train Loss: 0.0235 | Epoch Time: 0.82s | Spearman@80: 0.6032 | Kendall@80: 0.4278
Epoch 95/150 | Train Loss: 0.0241 | Epoch Time: 0.84s | Spearman@80: 0.6004 | Kendall@80: 0.4208
Epoch 96/150 | Train Loss: 0.0188 | Epoch Time: 0.83s | Spearman@80: 0.6385 | Kendall@80: 0.4639
Epoch 97/150 | Train Loss: 0.0225 | Epoch Time: 0.82s | Spearman@80: 0.6431 | Kendall@80: 0.4639
Epoch 98/150 | Train Loss: 0.0226 | Epoch Time: 0.83s | Spearman@80: 0.6050 | Kendall@80: 0.4297
Epoch 99/150 | Train Loss: 0.0194 | Epoch Time: 0.83s | Spearman@80: 0.6064 | Kendall@80: 0.4335
Epoch 100/150 | Train Loss: 0.0156 | Epoch Time: 0.82s | Spearman@80: 0.6186 | Kendall@80: 0.4385
Epoch 101/150 | Train Loss: 0.0219 | Epoch Time: 0.82s | Spearman@80: 0.6458 | Kendall@80: 0.4626
Epoch 102/150 | Train Loss: 0.0177 | Epoch Time: 0.84s | Spearman@80: 0.6347 | Kendall@80: 0.4613
Epoch 103/150 | Train Loss: 0.0234 | Epoch Time: 0.85s | Spearman@80: 0.6576 | Kendall@80: 0.4785
Epoch 104/150 | Train Loss: 0.0170 | Epoch Time: 0.83s | Spearman@80: 0.5993 | Kendall@80: 0.4265
Epoch 105/150 | Train Loss: 0.0199 | Epoch Time: 0.83s | Spearman@80: 0.6377 | Kendall@80: 0.4569
Epoch 106/150 | Train Loss: 0.0177 | Epoch Time: 0.84s | Spearman@80: 0.6033 | Kendall@80: 0.4278
Epoch 107/150 | Train Loss: 0.0172 | Epoch Time: 0.82s | Spearman@80: 0.6127 | Kendall@80: 0.4379
Epoch 108/150 | Train Loss: 0.0140 | Epoch Time: 0.83s | Spearman@80: 0.6342 | Kendall@80: 0.4544
Epoch 109/150 | Train Loss: 0.0141 | Epoch Time: 0.85s | Spearman@80: 0.6352 | Kendall@80: 0.4556
Epoch 110/150 | Train Loss: 0.0125 | Epoch Time: 0.83s | Spearman@80: 0.6251 | Kendall@80: 0.4506
Epoch 111/150 | Train Loss: 0.0146 | Epoch Time: 0.83s | Spearman@80: 0.6661 | Kendall@80: 0.4861
Epoch 112/150 | Train Loss: 0.0143 | Epoch Time: 0.83s | Spearman@80: 0.6478 | Kendall@80: 0.4683
Epoch 113/150 | Train Loss: 0.0148 | Epoch Time: 0.83s | Spearman@80: 0.6095 | Kendall@80: 0.4316
Epoch 114/150 | Train Loss: 0.0183 | Epoch Time: 0.82s | Spearman@80: 0.6225 | Kendall@80: 0.4461
Epoch 115/150 | Train Loss: 0.0160 | Epoch Time: 0.83s | Spearman@80: 0.6363 | Kendall@80: 0.4594
Epoch 116/150 | Train Loss: 0.0125 | Epoch Time: 0.83s | Spearman@80: 0.6238 | Kendall@80: 0.4461
Epoch 117/150 | Train Loss: 0.0126 | Epoch Time: 0.82s | Spearman@80: 0.6232 | Kendall@80: 0.4436
Epoch 118/150 | Train Loss: 0.0176 | Epoch Time: 0.83s | Spearman@80: 0.6287 | Kendall@80: 0.4525
Epoch 119/150 | Train Loss: 0.0171 | Epoch Time: 0.81s | Spearman@80: 0.6317 | Kendall@80: 0.4512
Epoch 120/150 | Train Loss: 0.0149 | Epoch Time: 0.83s | Spearman@80: 0.6343 | Kendall@80: 0.4531
Epoch 121/150 | Train Loss: 0.0151 | Epoch Time: 0.83s | Spearman@80: 0.6249 | Kendall@80: 0.4518
Epoch 122/150 | Train Loss: 0.0124 | Epoch Time: 0.82s | Spearman@80: 0.6241 | Kendall@80: 0.4468
Epoch 123/150 | Train Loss: 0.0132 | Epoch Time: 0.83s | Spearman@80: 0.6369 | Kendall@80: 0.4658
Epoch 124/150 | Train Loss: 0.0160 | Epoch Time: 0.82s | Spearman@80: 0.6283 | Kendall@80: 0.4531
Epoch 125/150 | Train Loss: 0.0136 | Epoch Time: 0.83s | Spearman@80: 0.6178 | Kendall@80: 0.4404
Epoch 126/150 | Train Loss: 0.0128 | Epoch Time: 0.83s | Spearman@80: 0.6089 | Kendall@80: 0.4335
Epoch 127/150 | Train Loss: 0.0114 | Epoch Time: 0.82s | Spearman@80: 0.6165 | Kendall@80: 0.4392
Epoch 128/150 | Train Loss: 0.0130 | Epoch Time: 0.82s | Spearman@80: 0.6282 | Kendall@80: 0.4474
Epoch 129/150 | Train Loss: 0.0178 | Epoch Time: 0.82s | Spearman@80: 0.6241 | Kendall@80: 0.4487
Epoch 130/150 | Train Loss: 0.0147 | Epoch Time: 0.83s | Spearman@80: 0.6290 | Kendall@80: 0.4575
Epoch 131/150 | Train Loss: 0.0128 | Epoch Time: 0.83s | Spearman@80: 0.6284 | Kendall@80: 0.4499
Epoch 132/150 | Train Loss: 0.0139 | Epoch Time: 0.82s | Spearman@80: 0.6325 | Kendall@80: 0.4556
Epoch 133/150 | Train Loss: 0.0123 | Epoch Time: 0.82s | Spearman@80: 0.6232 | Kendall@80: 0.4449
Epoch 134/150 | Train Loss: 0.0102 | Epoch Time: 0.82s | Spearman@80: 0.6179 | Kendall@80: 0.4423
Epoch 135/150 | Train Loss: 0.0127 | Epoch Time: 0.83s | Spearman@80: 0.6164 | Kendall@80: 0.4392
Epoch 136/150 | Train Loss: 0.0126 | Epoch Time: 0.83s | Spearman@80: 0.6179 | Kendall@80: 0.4430
Epoch 137/150 | Train Loss: 0.0109 | Epoch Time: 0.82s | Spearman@80: 0.6190 | Kendall@80: 0.4392
Epoch 138/150 | Train Loss: 0.0118 | Epoch Time: 0.83s | Spearman@80: 0.6149 | Kendall@80: 0.4373
Epoch 139/150 | Train Loss: 0.0106 | Epoch Time: 0.83s | Spearman@80: 0.6167 | Kendall@80: 0.4379
Epoch 140/150 | Train Loss: 0.0121 | Epoch Time: 0.83s | Spearman@80: 0.6138 | Kendall@80: 0.4360
Epoch 141/150 | Train Loss: 0.0163 | Epoch Time: 0.83s | Spearman@80: 0.6147 | Kendall@80: 0.4385
Epoch 142/150 | Train Loss: 0.0105 | Epoch Time: 0.82s | Spearman@80: 0.6139 | Kendall@80: 0.4373
Epoch 143/150 | Train Loss: 0.0117 | Epoch Time: 0.83s | Spearman@80: 0.6153 | Kendall@80: 0.4398
Epoch 144/150 | Train Loss: 0.0125 | Epoch Time: 0.84s | Spearman@80: 0.6185 | Kendall@80: 0.4468
Epoch 145/150 | Train Loss: 0.0129 | Epoch Time: 0.82s | Spearman@80: 0.6184 | Kendall@80: 0.4436
Epoch 146/150 | Train Loss: 0.0108 | Epoch Time: 0.83s | Spearman@80: 0.6123 | Kendall@80: 0.4366
Epoch 147/150 | Train Loss: 0.0115 | Epoch Time: 1.69s | Spearman@4870: 0.6044 | Kendall@4870: 0.4313
Epoch 148/150 | Train Loss: 0.0140 | Epoch Time: 1.69s | Spearman@4870: 0.6027 | Kendall@4870: 0.4298
Epoch 149/150 | Train Loss: 0.0138 | Epoch Time: 1.72s | Spearman@4870: 0.6025 | Kendall@4870: 0.4297
Epoch 150/150 | Train Loss: 0.0108 | Epoch Time: 1.69s | Spearman@4870: 0.6030 | Kendall@4870: 0.4302
Sample Count: 128, Spearman: 0.6031654873196581, Kendall: 0.43025132271833005
{64: (0.5221976217167277, 0.36233300905493154),
 128: (0.6031654873196581, 0.43025132271833005)}
Epoch 1/150 | Train Loss: 0.0999 | Epoch Time: 0.42s | Spearman@80: 0.5192 | Kendall@80: 0.3741
Epoch 2/150 | Train Loss: 0.0984 | Epoch Time: 0.42s | Spearman@80: 0.5853 | Kendall@80: 0.4179
Epoch 3/150 | Train Loss: 0.0972 | Epoch Time: 0.42s | Spearman@80: 0.4671 | Kendall@80: 0.3165
Epoch 4/150 | Train Loss: 0.0948 | Epoch Time: 0.42s | Spearman@80: 0.3587 | Kendall@80: 0.2411
Epoch 5/150 | Train Loss: 0.0907 | Epoch Time: 0.42s | Spearman@80: 0.3459 | Kendall@80: 0.2272
Epoch 6/150 | Train Loss: 0.0739 | Epoch Time: 0.42s | Spearman@80: 0.3797 | Kendall@80: 0.2576
Epoch 7/150 | Train Loss: 0.0726 | Epoch Time: 0.42s | Spearman@80: 0.5320 | Kendall@80: 0.3710
Epoch 8/150 | Train Loss: 0.0619 | Epoch Time: 0.42s | Spearman@80: 0.5941 | Kendall@80: 0.4274
Epoch 9/150 | Train Loss: 0.0597 | Epoch Time: 0.43s | Spearman@80: 0.5704 | Kendall@80: 0.4109
Epoch 10/150 | Train Loss: 0.0632 | Epoch Time: 0.42s | Spearman@80: 0.5851 | Kendall@80: 0.4179
Epoch 11/150 | Train Loss: 0.0613 | Epoch Time: 0.42s | Spearman@80: 0.6176 | Kendall@80: 0.4413
Epoch 12/150 | Train Loss: 0.0478 | Epoch Time: 0.42s | Spearman@80: 0.6359 | Kendall@80: 0.4559
Epoch 13/150 | Train Loss: 0.0505 | Epoch Time: 0.44s | Spearman@80: 0.6066 | Kendall@80: 0.4400
Epoch 14/150 | Train Loss: 0.0480 | Epoch Time: 0.42s | Spearman@80: 0.6115 | Kendall@80: 0.4489
Epoch 15/150 | Train Loss: 0.0550 | Epoch Time: 0.43s | Spearman@80: 0.6137 | Kendall@80: 0.4388
Epoch 16/150 | Train Loss: 0.0542 | Epoch Time: 0.42s | Spearman@80: 0.6428 | Kendall@80: 0.4755
Epoch 17/150 | Train Loss: 0.0467 | Epoch Time: 0.42s | Spearman@80: 0.6096 | Kendall@80: 0.4419
Epoch 18/150 | Train Loss: 0.0447 | Epoch Time: 0.42s | Spearman@80: 0.6022 | Kendall@80: 0.4445
Epoch 19/150 | Train Loss: 0.0415 | Epoch Time: 0.42s | Spearman@80: 0.5869 | Kendall@80: 0.4229
Epoch 20/150 | Train Loss: 0.0431 | Epoch Time: 0.42s | Spearman@80: 0.5983 | Kendall@80: 0.4305
Epoch 21/150 | Train Loss: 0.0433 | Epoch Time: 0.42s | Spearman@80: 0.6563 | Kendall@80: 0.4787
Epoch 22/150 | Train Loss: 0.0461 | Epoch Time: 0.43s | Spearman@80: 0.6193 | Kendall@80: 0.4438
Epoch 23/150 | Train Loss: 0.0421 | Epoch Time: 0.43s | Spearman@80: 0.5936 | Kendall@80: 0.4350
Epoch 24/150 | Train Loss: 0.0485 | Epoch Time: 0.42s | Spearman@80: 0.5514 | Kendall@80: 0.3963
Epoch 25/150 | Train Loss: 0.0461 | Epoch Time: 0.42s | Spearman@80: 0.5193 | Kendall@80: 0.3659
Epoch 26/150 | Train Loss: 0.0377 | Epoch Time: 0.42s | Spearman@80: 0.5622 | Kendall@80: 0.3932
Epoch 27/150 | Train Loss: 0.0459 | Epoch Time: 0.42s | Spearman@80: 0.5511 | Kendall@80: 0.3913
Epoch 28/150 | Train Loss: 0.0476 | Epoch Time: 0.42s | Spearman@80: 0.5421 | Kendall@80: 0.3944
Epoch 29/150 | Train Loss: 0.0439 | Epoch Time: 0.42s | Spearman@80: 0.5396 | Kendall@80: 0.3767
Epoch 30/150 | Train Loss: 0.0415 | Epoch Time: 0.43s | Spearman@80: 0.5343 | Kendall@80: 0.3767
Epoch 31/150 | Train Loss: 0.0477 | Epoch Time: 0.42s | Spearman@80: 0.5433 | Kendall@80: 0.3786
Epoch 32/150 | Train Loss: 0.0418 | Epoch Time: 0.42s | Spearman@80: 0.5302 | Kendall@80: 0.3703
Epoch 33/150 | Train Loss: 0.0442 | Epoch Time: 0.42s | Spearman@80: 0.4935 | Kendall@80: 0.3482
Epoch 34/150 | Train Loss: 0.0422 | Epoch Time: 0.43s | Spearman@80: 0.5181 | Kendall@80: 0.3684
Epoch 35/150 | Train Loss: 0.0391 | Epoch Time: 0.42s | Spearman@80: 0.5904 | Kendall@80: 0.4261
Epoch 36/150 | Train Loss: 0.0350 | Epoch Time: 0.42s | Spearman@80: 0.5592 | Kendall@80: 0.3906
Epoch 37/150 | Train Loss: 0.0342 | Epoch Time: 0.43s | Spearman@80: 0.5283 | Kendall@80: 0.3659
Epoch 38/150 | Train Loss: 0.0561 | Epoch Time: 0.42s | Spearman@80: 0.5165 | Kendall@80: 0.3634
Epoch 39/150 | Train Loss: 0.0399 | Epoch Time: 0.42s | Spearman@80: 0.5647 | Kendall@80: 0.4008
Epoch 40/150 | Train Loss: 0.0494 | Epoch Time: 0.42s | Spearman@80: 0.5297 | Kendall@80: 0.3672
Epoch 41/150 | Train Loss: 0.0359 | Epoch Time: 0.42s | Spearman@80: 0.4981 | Kendall@80: 0.3437
Epoch 42/150 | Train Loss: 0.0318 | Epoch Time: 0.42s | Spearman@80: 0.4991 | Kendall@80: 0.3425
Epoch 43/150 | Train Loss: 0.0362 | Epoch Time: 0.42s | Spearman@80: 0.5361 | Kendall@80: 0.3703
Epoch 44/150 | Train Loss: 0.0391 | Epoch Time: 0.42s | Spearman@80: 0.5495 | Kendall@80: 0.3900
Epoch 45/150 | Train Loss: 0.0347 | Epoch Time: 0.42s | Spearman@80: 0.5658 | Kendall@80: 0.3976
Epoch 46/150 | Train Loss: 0.0330 | Epoch Time: 0.42s | Spearman@80: 0.5630 | Kendall@80: 0.3957
Epoch 47/150 | Train Loss: 0.0411 | Epoch Time: 0.42s | Spearman@80: 0.5372 | Kendall@80: 0.3722
Epoch 48/150 | Train Loss: 0.0335 | Epoch Time: 0.42s | Spearman@80: 0.5342 | Kendall@80: 0.3767
Epoch 49/150 | Train Loss: 0.0327 | Epoch Time: 0.42s | Spearman@80: 0.5295 | Kendall@80: 0.3691
Epoch 50/150 | Train Loss: 0.0286 | Epoch Time: 0.43s | Spearman@80: 0.5299 | Kendall@80: 0.3716
Epoch 51/150 | Train Loss: 0.0415 | Epoch Time: 0.43s | Spearman@80: 0.4662 | Kendall@80: 0.3203
Epoch 52/150 | Train Loss: 0.0354 | Epoch Time: 0.42s | Spearman@80: 0.4973 | Kendall@80: 0.3456
Epoch 53/150 | Train Loss: 0.0362 | Epoch Time: 0.42s | Spearman@80: 0.5075 | Kendall@80: 0.3507
Epoch 54/150 | Train Loss: 0.0389 | Epoch Time: 0.42s | Spearman@80: 0.4889 | Kendall@80: 0.3361
Epoch 55/150 | Train Loss: 0.0225 | Epoch Time: 0.42s | Spearman@80: 0.5028 | Kendall@80: 0.3520
Epoch 56/150 | Train Loss: 0.0359 | Epoch Time: 0.43s | Spearman@80: 0.5201 | Kendall@80: 0.3602
Epoch 57/150 | Train Loss: 0.0284 | Epoch Time: 0.43s | Spearman@80: 0.5344 | Kendall@80: 0.3760
Epoch 58/150 | Train Loss: 0.0276 | Epoch Time: 0.43s | Spearman@80: 0.5229 | Kendall@80: 0.3646
Epoch 59/150 | Train Loss: 0.0285 | Epoch Time: 0.42s | Spearman@80: 0.4808 | Kendall@80: 0.3368
Epoch 60/150 | Train Loss: 0.0296 | Epoch Time: 0.42s | Spearman@80: 0.5199 | Kendall@80: 0.3627
Epoch 61/150 | Train Loss: 0.0207 | Epoch Time: 0.42s | Spearman@80: 0.5145 | Kendall@80: 0.3583
Epoch 62/150 | Train Loss: 0.0239 | Epoch Time: 0.43s | Spearman@80: 0.5567 | Kendall@80: 0.3938
Epoch 63/150 | Train Loss: 0.0291 | Epoch Time: 0.43s | Spearman@80: 0.5566 | Kendall@80: 0.3913
Epoch 64/150 | Train Loss: 0.0218 | Epoch Time: 0.42s | Spearman@80: 0.5083 | Kendall@80: 0.3513
Epoch 65/150 | Train Loss: 0.0286 | Epoch Time: 0.42s | Spearman@80: 0.5694 | Kendall@80: 0.3976
Epoch 66/150 | Train Loss: 0.0267 | Epoch Time: 0.43s | Spearman@80: 0.5372 | Kendall@80: 0.3830
Epoch 67/150 | Train Loss: 0.0285 | Epoch Time: 0.43s | Spearman@80: 0.5273 | Kendall@80: 0.3703
Epoch 68/150 | Train Loss: 0.0251 | Epoch Time: 0.43s | Spearman@80: 0.5412 | Kendall@80: 0.3862
Epoch 69/150 | Train Loss: 0.0265 | Epoch Time: 0.43s | Spearman@80: 0.5335 | Kendall@80: 0.3786
Epoch 70/150 | Train Loss: 0.0214 | Epoch Time: 0.43s | Spearman@80: 0.5212 | Kendall@80: 0.3646
Epoch 71/150 | Train Loss: 0.0285 | Epoch Time: 0.42s | Spearman@80: 0.5755 | Kendall@80: 0.4103
Epoch 72/150 | Train Loss: 0.0200 | Epoch Time: 0.42s | Spearman@80: 0.5506 | Kendall@80: 0.3894
Epoch 73/150 | Train Loss: 0.0191 | Epoch Time: 0.42s | Spearman@80: 0.5445 | Kendall@80: 0.3830
Epoch 74/150 | Train Loss: 0.0194 | Epoch Time: 0.42s | Spearman@80: 0.5398 | Kendall@80: 0.3824
Epoch 75/150 | Train Loss: 0.0293 | Epoch Time: 0.42s | Spearman@80: 0.5269 | Kendall@80: 0.3665
Epoch 76/150 | Train Loss: 0.0197 | Epoch Time: 0.43s | Spearman@80: 0.5564 | Kendall@80: 0.3900
Epoch 77/150 | Train Loss: 0.0211 | Epoch Time: 0.42s | Spearman@80: 0.5397 | Kendall@80: 0.3849
Epoch 78/150 | Train Loss: 0.0255 | Epoch Time: 0.43s | Spearman@80: 0.5028 | Kendall@80: 0.3488
Epoch 79/150 | Train Loss: 0.0212 | Epoch Time: 0.45s | Spearman@80: 0.5051 | Kendall@80: 0.3488
Epoch 80/150 | Train Loss: 0.0221 | Epoch Time: 0.42s | Spearman@80: 0.5219 | Kendall@80: 0.3665
Epoch 81/150 | Train Loss: 0.0210 | Epoch Time: 0.42s | Spearman@80: 0.5791 | Kendall@80: 0.4090
Epoch 82/150 | Train Loss: 0.0222 | Epoch Time: 0.43s | Spearman@80: 0.5107 | Kendall@80: 0.3596
Epoch 83/150 | Train Loss: 0.0219 | Epoch Time: 0.42s | Spearman@80: 0.5013 | Kendall@80: 0.3482
Epoch 84/150 | Train Loss: 0.0167 | Epoch Time: 0.44s | Spearman@80: 0.5442 | Kendall@80: 0.3856
Epoch 85/150 | Train Loss: 0.0280 | Epoch Time: 0.44s | Spearman@80: 0.5225 | Kendall@80: 0.3684
Epoch 86/150 | Train Loss: 0.0241 | Epoch Time: 0.43s | Spearman@80: 0.5461 | Kendall@80: 0.3792
Epoch 87/150 | Train Loss: 0.0229 | Epoch Time: 0.42s | Spearman@80: 0.5760 | Kendall@80: 0.4071
Epoch 88/150 | Train Loss: 0.0245 | Epoch Time: 0.43s | Spearman@80: 0.5854 | Kendall@80: 0.4147
Epoch 89/150 | Train Loss: 0.0198 | Epoch Time: 0.43s | Spearman@80: 0.5818 | Kendall@80: 0.4160
Epoch 90/150 | Train Loss: 0.0189 | Epoch Time: 0.42s | Spearman@80: 0.6007 | Kendall@80: 0.4267
Epoch 91/150 | Train Loss: 0.0268 | Epoch Time: 0.43s | Spearman@80: 0.5843 | Kendall@80: 0.4134
Epoch 92/150 | Train Loss: 0.0175 | Epoch Time: 0.43s | Spearman@80: 0.5469 | Kendall@80: 0.3843
Epoch 93/150 | Train Loss: 0.0132 | Epoch Time: 0.42s | Spearman@80: 0.5718 | Kendall@80: 0.4077
Epoch 94/150 | Train Loss: 0.0165 | Epoch Time: 0.43s | Spearman@80: 0.5486 | Kendall@80: 0.3881
Epoch 95/150 | Train Loss: 0.0213 | Epoch Time: 0.43s | Spearman@80: 0.5493 | Kendall@80: 0.3837
Epoch 96/150 | Train Loss: 0.0198 | Epoch Time: 0.43s | Spearman@80: 0.5636 | Kendall@80: 0.4008
Epoch 97/150 | Train Loss: 0.0184 | Epoch Time: 0.43s | Spearman@80: 0.5518 | Kendall@80: 0.3868
Epoch 98/150 | Train Loss: 0.0157 | Epoch Time: 0.42s | Spearman@80: 0.5398 | Kendall@80: 0.3818
Epoch 99/150 | Train Loss: 0.0172 | Epoch Time: 0.42s | Spearman@80: 0.5361 | Kendall@80: 0.3754
Epoch 100/150 | Train Loss: 0.0142 | Epoch Time: 0.43s | Spearman@80: 0.5483 | Kendall@80: 0.3868
Epoch 101/150 | Train Loss: 0.0176 | Epoch Time: 0.43s | Spearman@80: 0.5374 | Kendall@80: 0.3799
Epoch 102/150 | Train Loss: 0.0169 | Epoch Time: 0.43s | Spearman@80: 0.5192 | Kendall@80: 0.3646
Epoch 103/150 | Train Loss: 0.0192 | Epoch Time: 0.42s | Spearman@80: 0.5182 | Kendall@80: 0.3634
Epoch 104/150 | Train Loss: 0.0203 | Epoch Time: 0.42s | Spearman@80: 0.5122 | Kendall@80: 0.3570
Epoch 105/150 | Train Loss: 0.0204 | Epoch Time: 0.42s | Spearman@80: 0.4912 | Kendall@80: 0.3444
Epoch 106/150 | Train Loss: 0.0149 | Epoch Time: 0.43s | Spearman@80: 0.5221 | Kendall@80: 0.3621
Epoch 107/150 | Train Loss: 0.0260 | Epoch Time: 0.43s | Spearman@80: 0.5446 | Kendall@80: 0.3824
Epoch 108/150 | Train Loss: 0.0159 | Epoch Time: 0.43s | Spearman@80: 0.5357 | Kendall@80: 0.3786
Epoch 109/150 | Train Loss: 0.0207 | Epoch Time: 0.42s | Spearman@80: 0.5536 | Kendall@80: 0.3887
Epoch 110/150 | Train Loss: 0.0167 | Epoch Time: 0.42s | Spearman@80: 0.5606 | Kendall@80: 0.3925
Epoch 111/150 | Train Loss: 0.0188 | Epoch Time: 0.42s | Spearman@80: 0.5704 | Kendall@80: 0.4014
Epoch 112/150 | Train Loss: 0.0119 | Epoch Time: 0.42s | Spearman@80: 0.5552 | Kendall@80: 0.3913
Epoch 113/150 | Train Loss: 0.0153 | Epoch Time: 0.42s | Spearman@80: 0.5357 | Kendall@80: 0.3767
Epoch 114/150 | Train Loss: 0.0174 | Epoch Time: 0.42s | Spearman@80: 0.5434 | Kendall@80: 0.3811
Epoch 115/150 | Train Loss: 0.0125 | Epoch Time: 0.42s | Spearman@80: 0.5473 | Kendall@80: 0.3837
Epoch 116/150 | Train Loss: 0.0187 | Epoch Time: 0.42s | Spearman@80: 0.5544 | Kendall@80: 0.3913
Epoch 117/150 | Train Loss: 0.0153 | Epoch Time: 0.43s | Spearman@80: 0.5662 | Kendall@80: 0.4039
Epoch 118/150 | Train Loss: 0.0191 | Epoch Time: 0.42s | Spearman@80: 0.5677 | Kendall@80: 0.4014
Epoch 119/150 | Train Loss: 0.0171 | Epoch Time: 0.43s | Spearman@80: 0.5464 | Kendall@80: 0.3837
Epoch 120/150 | Train Loss: 0.0141 | Epoch Time: 0.43s | Spearman@80: 0.5425 | Kendall@80: 0.3799
Epoch 121/150 | Train Loss: 0.0121 | Epoch Time: 0.42s | Spearman@80: 0.5327 | Kendall@80: 0.3710
Epoch 122/150 | Train Loss: 0.0116 | Epoch Time: 0.42s | Spearman@80: 0.5460 | Kendall@80: 0.3837
Epoch 123/150 | Train Loss: 0.0127 | Epoch Time: 0.42s | Spearman@80: 0.5428 | Kendall@80: 0.3824
Epoch 124/150 | Train Loss: 0.0138 | Epoch Time: 0.42s | Spearman@80: 0.5424 | Kendall@80: 0.3824
Epoch 125/150 | Train Loss: 0.0189 | Epoch Time: 0.42s | Spearman@80: 0.5314 | Kendall@80: 0.3691
Epoch 126/150 | Train Loss: 0.0084 | Epoch Time: 0.42s | Spearman@80: 0.5284 | Kendall@80: 0.3653
Epoch 127/150 | Train Loss: 0.0131 | Epoch Time: 0.43s | Spearman@80: 0.5334 | Kendall@80: 0.3729
Epoch 128/150 | Train Loss: 0.0152 | Epoch Time: 0.43s | Spearman@80: 0.5226 | Kendall@80: 0.3621
Epoch 129/150 | Train Loss: 0.0160 | Epoch Time: 0.42s | Spearman@80: 0.5292 | Kendall@80: 0.3691
Epoch 130/150 | Train Loss: 0.0123 | Epoch Time: 0.42s | Spearman@80: 0.5337 | Kendall@80: 0.3748
Epoch 131/150 | Train Loss: 0.0117 | Epoch Time: 0.42s | Spearman@80: 0.5329 | Kendall@80: 0.3735
Epoch 132/150 | Train Loss: 0.0137 | Epoch Time: 0.42s | Spearman@80: 0.5290 | Kendall@80: 0.3672
Epoch 133/150 | Train Loss: 0.0112 | Epoch Time: 0.42s | Spearman@80: 0.5320 | Kendall@80: 0.3710
Epoch 134/150 | Train Loss: 0.0113 | Epoch Time: 0.44s | Spearman@80: 0.5328 | Kendall@80: 0.3722
Epoch 135/150 | Train Loss: 0.0099 | Epoch Time: 0.42s | Spearman@80: 0.5306 | Kendall@80: 0.3697
Epoch 136/150 | Train Loss: 0.0114 | Epoch Time: 0.42s | Spearman@80: 0.5268 | Kendall@80: 0.3678
Epoch 137/150 | Train Loss: 0.0133 | Epoch Time: 0.42s | Spearman@80: 0.5301 | Kendall@80: 0.3684
Epoch 138/150 | Train Loss: 0.0121 | Epoch Time: 0.42s | Spearman@80: 0.5264 | Kendall@80: 0.3678
Epoch 139/150 | Train Loss: 0.0197 | Epoch Time: 0.42s | Spearman@80: 0.5307 | Kendall@80: 0.3697
Epoch 140/150 | Train Loss: 0.0116 | Epoch Time: 0.42s | Spearman@80: 0.5260 | Kendall@80: 0.3634
Epoch 141/150 | Train Loss: 0.0231 | Epoch Time: 0.42s | Spearman@80: 0.5302 | Kendall@80: 0.3697
Epoch 142/150 | Train Loss: 0.0139 | Epoch Time: 0.42s | Spearman@80: 0.5284 | Kendall@80: 0.3653
Epoch 143/150 | Train Loss: 0.0128 | Epoch Time: 0.42s | Spearman@80: 0.5304 | Kendall@80: 0.3678
Epoch 144/150 | Train Loss: 0.0135 | Epoch Time: 0.42s | Spearman@80: 0.5345 | Kendall@80: 0.3735
Epoch 145/150 | Train Loss: 0.0104 | Epoch Time: 0.42s | Spearman@80: 0.5315 | Kendall@80: 0.3703
Epoch 146/150 | Train Loss: 0.0133 | Epoch Time: 0.42s | Spearman@80: 0.5301 | Kendall@80: 0.3691
Epoch 147/150 | Train Loss: 0.0134 | Epoch Time: 1.31s | Spearman@4934: 0.5776 | Kendall@4934: 0.4059
Epoch 148/150 | Train Loss: 0.0134 | Epoch Time: 1.30s | Spearman@4934: 0.5836 | Kendall@4934: 0.4105
Epoch 149/150 | Train Loss: 0.0161 | Epoch Time: 1.31s | Spearman@4934: 0.5830 | Kendall@4934: 0.4100
Epoch 150/150 | Train Loss: 0.0124 | Epoch Time: 1.31s | Spearman@4934: 0.5865 | Kendall@4934: 0.4127
Sample Count: 64, Spearman: 0.5826721750987767, Kendall: 0.4097527646764762
{64: (0.5826721750987767, 0.4097527646764762),
 128: (0.6031654873196581, 0.43025132271833005)}
Epoch 1/150 | Train Loss: 0.0939 | Epoch Time: 0.83s | Spearman@80: 0.6135 | Kendall@80: 0.4279
Epoch 2/150 | Train Loss: 0.0780 | Epoch Time: 0.83s | Spearman@80: 0.6376 | Kendall@80: 0.4519
Epoch 3/150 | Train Loss: 0.0658 | Epoch Time: 0.82s | Spearman@80: 0.5804 | Kendall@80: 0.4095
Epoch 4/150 | Train Loss: 0.0658 | Epoch Time: 0.83s | Spearman@80: 0.6565 | Kendall@80: 0.4659
Epoch 5/150 | Train Loss: 0.0632 | Epoch Time: 0.84s | Spearman@80: 0.6564 | Kendall@80: 0.4659
Epoch 6/150 | Train Loss: 0.0627 | Epoch Time: 0.83s | Spearman@80: 0.6228 | Kendall@80: 0.4500
Epoch 7/150 | Train Loss: 0.0613 | Epoch Time: 0.82s | Spearman@80: 0.6406 | Kendall@80: 0.4513
Epoch 8/150 | Train Loss: 0.0585 | Epoch Time: 0.83s | Spearman@80: 0.6284 | Kendall@80: 0.4481
Epoch 9/150 | Train Loss: 0.0548 | Epoch Time: 0.83s | Spearman@80: 0.6491 | Kendall@80: 0.4716
Epoch 10/150 | Train Loss: 0.0560 | Epoch Time: 0.82s | Spearman@80: 0.6495 | Kendall@80: 0.4633
Epoch 11/150 | Train Loss: 0.0565 | Epoch Time: 0.83s | Spearman@80: 0.6430 | Kendall@80: 0.4576
Epoch 12/150 | Train Loss: 0.0588 | Epoch Time: 0.83s | Spearman@80: 0.6436 | Kendall@80: 0.4532
Epoch 13/150 | Train Loss: 0.0594 | Epoch Time: 0.82s | Spearman@80: 0.6647 | Kendall@80: 0.4621
Epoch 14/150 | Train Loss: 0.0516 | Epoch Time: 0.83s | Spearman@80: 0.7053 | Kendall@80: 0.5153
Epoch 15/150 | Train Loss: 0.0508 | Epoch Time: 0.82s | Spearman@80: 0.7009 | Kendall@80: 0.5039
Epoch 16/150 | Train Loss: 0.0520 | Epoch Time: 0.82s | Spearman@80: 0.6757 | Kendall@80: 0.4893
Epoch 17/150 | Train Loss: 0.0514 | Epoch Time: 0.83s | Spearman@80: 0.7266 | Kendall@80: 0.5311
Epoch 18/150 | Train Loss: 0.0486 | Epoch Time: 0.82s | Spearman@80: 0.6792 | Kendall@80: 0.4906
Epoch 19/150 | Train Loss: 0.0522 | Epoch Time: 0.83s | Spearman@80: 0.6955 | Kendall@80: 0.4988
Epoch 20/150 | Train Loss: 0.0536 | Epoch Time: 0.82s | Spearman@80: 0.7036 | Kendall@80: 0.5140
Epoch 21/150 | Train Loss: 0.0471 | Epoch Time: 0.83s | Spearman@80: 0.7181 | Kendall@80: 0.5216
Epoch 22/150 | Train Loss: 0.0460 | Epoch Time: 0.83s | Spearman@80: 0.6907 | Kendall@80: 0.5121
Epoch 23/150 | Train Loss: 0.0424 | Epoch Time: 0.82s | Spearman@80: 0.7335 | Kendall@80: 0.5387
Epoch 24/150 | Train Loss: 0.0443 | Epoch Time: 0.83s | Spearman@80: 0.7627 | Kendall@80: 0.5596
Epoch 25/150 | Train Loss: 0.0386 | Epoch Time: 0.82s | Spearman@80: 0.7528 | Kendall@80: 0.5495
Epoch 26/150 | Train Loss: 0.0407 | Epoch Time: 0.83s | Spearman@80: 0.7685 | Kendall@80: 0.5723
Epoch 27/150 | Train Loss: 0.0400 | Epoch Time: 0.84s | Spearman@80: 0.7430 | Kendall@80: 0.5546
Epoch 28/150 | Train Loss: 0.0391 | Epoch Time: 0.83s | Spearman@80: 0.7445 | Kendall@80: 0.5451
Epoch 29/150 | Train Loss: 0.0406 | Epoch Time: 0.83s | Spearman@80: 0.7454 | Kendall@80: 0.5463
Epoch 30/150 | Train Loss: 0.0354 | Epoch Time: 0.82s | Spearman@80: 0.7362 | Kendall@80: 0.5343
Epoch 31/150 | Train Loss: 0.0403 | Epoch Time: 0.83s | Spearman@80: 0.7452 | Kendall@80: 0.5533
Epoch 32/150 | Train Loss: 0.0387 | Epoch Time: 0.81s | Spearman@80: 0.7122 | Kendall@80: 0.5298
Epoch 33/150 | Train Loss: 0.0379 | Epoch Time: 0.83s | Spearman@80: 0.7003 | Kendall@80: 0.5165
Epoch 34/150 | Train Loss: 0.0426 | Epoch Time: 0.83s | Spearman@80: 0.7571 | Kendall@80: 0.5520
Epoch 35/150 | Train Loss: 0.0374 | Epoch Time: 0.83s | Spearman@80: 0.7598 | Kendall@80: 0.5596
Epoch 36/150 | Train Loss: 0.0327 | Epoch Time: 0.83s | Spearman@80: 0.7197 | Kendall@80: 0.5375
Epoch 37/150 | Train Loss: 0.0315 | Epoch Time: 0.84s | Spearman@80: 0.7464 | Kendall@80: 0.5520
Epoch 38/150 | Train Loss: 0.0333 | Epoch Time: 0.83s | Spearman@80: 0.7541 | Kendall@80: 0.5539
Epoch 39/150 | Train Loss: 0.0346 | Epoch Time: 0.83s | Spearman@80: 0.7165 | Kendall@80: 0.5159
Epoch 40/150 | Train Loss: 0.0354 | Epoch Time: 0.83s | Spearman@80: 0.7055 | Kendall@80: 0.5184
Epoch 41/150 | Train Loss: 0.0393 | Epoch Time: 0.82s | Spearman@80: 0.6781 | Kendall@80: 0.4969
Epoch 42/150 | Train Loss: 0.0281 | Epoch Time: 0.83s | Spearman@80: 0.6663 | Kendall@80: 0.4823
Epoch 43/150 | Train Loss: 0.0425 | Epoch Time: 0.82s | Spearman@80: 0.7240 | Kendall@80: 0.5210
Epoch 44/150 | Train Loss: 0.0357 | Epoch Time: 0.84s | Spearman@80: 0.7583 | Kendall@80: 0.5495
Epoch 45/150 | Train Loss: 0.0335 | Epoch Time: 0.83s | Spearman@80: 0.7389 | Kendall@80: 0.5400
Epoch 46/150 | Train Loss: 0.0329 | Epoch Time: 0.83s | Spearman@80: 0.7090 | Kendall@80: 0.5146
Epoch 47/150 | Train Loss: 0.0349 | Epoch Time: 0.82s | Spearman@80: 0.7297 | Kendall@80: 0.5222
Epoch 48/150 | Train Loss: 0.0291 | Epoch Time: 0.83s | Spearman@80: 0.7390 | Kendall@80: 0.5489
Epoch 49/150 | Train Loss: 0.0251 | Epoch Time: 0.83s | Spearman@80: 0.7664 | Kendall@80: 0.5647
Epoch 50/150 | Train Loss: 0.0277 | Epoch Time: 0.82s | Spearman@80: 0.7185 | Kendall@80: 0.5197
Epoch 51/150 | Train Loss: 0.0329 | Epoch Time: 0.82s | Spearman@80: 0.7616 | Kendall@80: 0.5609
Epoch 52/150 | Train Loss: 0.0267 | Epoch Time: 0.83s | Spearman@80: 0.7599 | Kendall@80: 0.5514
Epoch 53/150 | Train Loss: 0.0370 | Epoch Time: 0.83s | Spearman@80: 0.7262 | Kendall@80: 0.5317
Epoch 54/150 | Train Loss: 0.0340 | Epoch Time: 0.82s | Spearman@80: 0.6995 | Kendall@80: 0.5153
Epoch 55/150 | Train Loss: 0.0387 | Epoch Time: 0.83s | Spearman@80: 0.7067 | Kendall@80: 0.5045
Epoch 56/150 | Train Loss: 0.0264 | Epoch Time: 0.84s | Spearman@80: 0.7155 | Kendall@80: 0.5102
Epoch 57/150 | Train Loss: 0.0259 | Epoch Time: 0.82s | Spearman@80: 0.6755 | Kendall@80: 0.4830
Epoch 58/150 | Train Loss: 0.0279 | Epoch Time: 0.82s | Spearman@80: 0.6752 | Kendall@80: 0.4836
Epoch 59/150 | Train Loss: 0.0303 | Epoch Time: 0.82s | Spearman@80: 0.6742 | Kendall@80: 0.4918
Epoch 60/150 | Train Loss: 0.0231 | Epoch Time: 0.82s | Spearman@80: 0.7219 | Kendall@80: 0.5254
Epoch 61/150 | Train Loss: 0.0285 | Epoch Time: 0.83s | Spearman@80: 0.7087 | Kendall@80: 0.5102
Epoch 62/150 | Train Loss: 0.0228 | Epoch Time: 0.83s | Spearman@80: 0.6933 | Kendall@80: 0.4982
Epoch 63/150 | Train Loss: 0.0249 | Epoch Time: 0.83s | Spearman@80: 0.7135 | Kendall@80: 0.5070
Epoch 64/150 | Train Loss: 0.0241 | Epoch Time: 0.83s | Spearman@80: 0.6875 | Kendall@80: 0.4931
Epoch 65/150 | Train Loss: 0.0328 | Epoch Time: 0.83s | Spearman@80: 0.6956 | Kendall@80: 0.4950
Epoch 66/150 | Train Loss: 0.0218 | Epoch Time: 0.82s | Spearman@80: 0.6939 | Kendall@80: 0.5007
Epoch 67/150 | Train Loss: 0.0247 | Epoch Time: 0.83s | Spearman@80: 0.7135 | Kendall@80: 0.5222
Epoch 68/150 | Train Loss: 0.0228 | Epoch Time: 0.83s | Spearman@80: 0.6991 | Kendall@80: 0.5051
Epoch 69/150 | Train Loss: 0.0293 | Epoch Time: 0.83s | Spearman@80: 0.6251 | Kendall@80: 0.4456
Epoch 70/150 | Train Loss: 0.0231 | Epoch Time: 0.84s | Spearman@80: 0.6569 | Kendall@80: 0.4766
Epoch 71/150 | Train Loss: 0.0238 | Epoch Time: 0.84s | Spearman@80: 0.6560 | Kendall@80: 0.4652
Epoch 72/150 | Train Loss: 0.0181 | Epoch Time: 0.82s | Spearman@80: 0.6732 | Kendall@80: 0.4912
Epoch 73/150 | Train Loss: 0.0257 | Epoch Time: 0.83s | Spearman@80: 0.6907 | Kendall@80: 0.4912
Epoch 74/150 | Train Loss: 0.0181 | Epoch Time: 0.82s | Spearman@80: 0.6720 | Kendall@80: 0.4880
Epoch 75/150 | Train Loss: 0.0229 | Epoch Time: 0.83s | Spearman@80: 0.6333 | Kendall@80: 0.4538
Epoch 76/150 | Train Loss: 0.0249 | Epoch Time: 0.83s | Spearman@80: 0.6685 | Kendall@80: 0.4861
Epoch 77/150 | Train Loss: 0.0221 | Epoch Time: 0.82s | Spearman@80: 0.6429 | Kendall@80: 0.4602
Epoch 78/150 | Train Loss: 0.0251 | Epoch Time: 0.84s | Spearman@80: 0.6573 | Kendall@80: 0.4735
Epoch 79/150 | Train Loss: 0.0186 | Epoch Time: 0.83s | Spearman@80: 0.6745 | Kendall@80: 0.4855
Epoch 80/150 | Train Loss: 0.0175 | Epoch Time: 0.84s | Spearman@80: 0.6515 | Kendall@80: 0.4760
Epoch 81/150 | Train Loss: 0.0222 | Epoch Time: 0.84s | Spearman@80: 0.6669 | Kendall@80: 0.4874
Epoch 82/150 | Train Loss: 0.0191 | Epoch Time: 0.84s | Spearman@80: 0.6913 | Kendall@80: 0.5058
Epoch 83/150 | Train Loss: 0.0185 | Epoch Time: 0.86s | Spearman@80: 0.6696 | Kendall@80: 0.4887
Epoch 84/150 | Train Loss: 0.0198 | Epoch Time: 0.83s | Spearman@80: 0.6936 | Kendall@80: 0.5064
Epoch 85/150 | Train Loss: 0.0177 | Epoch Time: 0.83s | Spearman@80: 0.6676 | Kendall@80: 0.4804
Epoch 86/150 | Train Loss: 0.0169 | Epoch Time: 0.83s | Spearman@80: 0.6314 | Kendall@80: 0.4519
Epoch 87/150 | Train Loss: 0.0241 | Epoch Time: 0.83s | Spearman@80: 0.6729 | Kendall@80: 0.4855
Epoch 88/150 | Train Loss: 0.0193 | Epoch Time: 0.84s | Spearman@80: 0.6631 | Kendall@80: 0.4830
Epoch 89/150 | Train Loss: 0.0215 | Epoch Time: 0.82s | Spearman@80: 0.6923 | Kendall@80: 0.5051
Epoch 90/150 | Train Loss: 0.0212 | Epoch Time: 0.83s | Spearman@80: 0.6486 | Kendall@80: 0.4703
Epoch 91/150 | Train Loss: 0.0189 | Epoch Time: 0.84s | Spearman@80: 0.6936 | Kendall@80: 0.5039
Epoch 92/150 | Train Loss: 0.0201 | Epoch Time: 0.82s | Spearman@80: 0.6950 | Kendall@80: 0.5051
Epoch 93/150 | Train Loss: 0.0144 | Epoch Time: 0.83s | Spearman@80: 0.7092 | Kendall@80: 0.5140
Epoch 94/150 | Train Loss: 0.0145 | Epoch Time: 0.82s | Spearman@80: 0.6818 | Kendall@80: 0.4893
Epoch 95/150 | Train Loss: 0.0153 | Epoch Time: 0.82s | Spearman@80: 0.6856 | Kendall@80: 0.4950
Epoch 96/150 | Train Loss: 0.0173 | Epoch Time: 0.83s | Spearman@80: 0.6810 | Kendall@80: 0.4899
Epoch 97/150 | Train Loss: 0.0164 | Epoch Time: 0.83s | Spearman@80: 0.6742 | Kendall@80: 0.4880
Epoch 98/150 | Train Loss: 0.0184 | Epoch Time: 0.82s | Spearman@80: 0.6401 | Kendall@80: 0.4570
Epoch 99/150 | Train Loss: 0.0128 | Epoch Time: 0.83s | Spearman@80: 0.6796 | Kendall@80: 0.4956
Epoch 100/150 | Train Loss: 0.0162 | Epoch Time: 0.83s | Spearman@80: 0.6867 | Kendall@80: 0.4975
Epoch 101/150 | Train Loss: 0.0120 | Epoch Time: 0.82s | Spearman@80: 0.6787 | Kendall@80: 0.4906
Epoch 102/150 | Train Loss: 0.0177 | Epoch Time: 0.83s | Spearman@80: 0.6791 | Kendall@80: 0.4899
Epoch 103/150 | Train Loss: 0.0147 | Epoch Time: 0.82s | Spearman@80: 0.6807 | Kendall@80: 0.4899
Epoch 104/150 | Train Loss: 0.0180 | Epoch Time: 0.83s | Spearman@80: 0.6601 | Kendall@80: 0.4690
Epoch 105/150 | Train Loss: 0.0151 | Epoch Time: 0.83s | Spearman@80: 0.6953 | Kendall@80: 0.5045
Epoch 106/150 | Train Loss: 0.0151 | Epoch Time: 0.86s | Spearman@80: 0.6909 | Kendall@80: 0.5026
Epoch 107/150 | Train Loss: 0.0146 | Epoch Time: 0.83s | Spearman@80: 0.6924 | Kendall@80: 0.4982
Epoch 108/150 | Train Loss: 0.0149 | Epoch Time: 0.84s | Spearman@80: 0.6838 | Kendall@80: 0.4855
Epoch 109/150 | Train Loss: 0.0149 | Epoch Time: 0.82s | Spearman@80: 0.6937 | Kendall@80: 0.5001
Epoch 110/150 | Train Loss: 0.0126 | Epoch Time: 0.84s | Spearman@80: 0.6830 | Kendall@80: 0.4912
Epoch 111/150 | Train Loss: 0.0194 | Epoch Time: 0.83s | Spearman@80: 0.7047 | Kendall@80: 0.5159
Epoch 112/150 | Train Loss: 0.0127 | Epoch Time: 0.82s | Spearman@80: 0.7033 | Kendall@80: 0.5134
Epoch 113/150 | Train Loss: 0.0143 | Epoch Time: 0.83s | Spearman@80: 0.6940 | Kendall@80: 0.5026
Epoch 114/150 | Train Loss: 0.0155 | Epoch Time: 0.83s | Spearman@80: 0.6923 | Kendall@80: 0.5007
Epoch 115/150 | Train Loss: 0.0146 | Epoch Time: 0.82s | Spearman@80: 0.6994 | Kendall@80: 0.5077
Epoch 116/150 | Train Loss: 0.0135 | Epoch Time: 0.83s | Spearman@80: 0.6937 | Kendall@80: 0.5083
Epoch 117/150 | Train Loss: 0.0171 | Epoch Time: 0.82s | Spearman@80: 0.6899 | Kendall@80: 0.5013
Epoch 118/150 | Train Loss: 0.0143 | Epoch Time: 0.83s | Spearman@80: 0.6863 | Kendall@80: 0.4944
Epoch 119/150 | Train Loss: 0.0137 | Epoch Time: 0.84s | Spearman@80: 0.6963 | Kendall@80: 0.5032
Epoch 120/150 | Train Loss: 0.0111 | Epoch Time: 0.83s | Spearman@80: 0.6977 | Kendall@80: 0.5026
Epoch 121/150 | Train Loss: 0.0118 | Epoch Time: 0.83s | Spearman@80: 0.6846 | Kendall@80: 0.4918
Epoch 122/150 | Train Loss: 0.0165 | Epoch Time: 0.82s | Spearman@80: 0.7018 | Kendall@80: 0.5127
Epoch 123/150 | Train Loss: 0.0140 | Epoch Time: 0.83s | Spearman@80: 0.6931 | Kendall@80: 0.5045
Epoch 124/150 | Train Loss: 0.0127 | Epoch Time: 0.83s | Spearman@80: 0.6919 | Kendall@80: 0.5026
Epoch 125/150 | Train Loss: 0.0103 | Epoch Time: 0.82s | Spearman@80: 0.6924 | Kendall@80: 0.5032
Epoch 126/150 | Train Loss: 0.0114 | Epoch Time: 0.83s | Spearman@80: 0.6841 | Kendall@80: 0.4963
Epoch 127/150 | Train Loss: 0.0144 | Epoch Time: 0.83s | Spearman@80: 0.6866 | Kendall@80: 0.4988
Epoch 128/150 | Train Loss: 0.0109 | Epoch Time: 0.85s | Spearman@80: 0.6964 | Kendall@80: 0.5058
Epoch 129/150 | Train Loss: 0.0134 | Epoch Time: 0.83s | Spearman@80: 0.6955 | Kendall@80: 0.5070
Epoch 130/150 | Train Loss: 0.0118 | Epoch Time: 0.82s | Spearman@80: 0.6904 | Kendall@80: 0.5001
Epoch 131/150 | Train Loss: 0.0114 | Epoch Time: 0.83s | Spearman@80: 0.6878 | Kendall@80: 0.4988
Epoch 132/150 | Train Loss: 0.0095 | Epoch Time: 0.83s | Spearman@80: 0.7072 | Kendall@80: 0.5159
Epoch 133/150 | Train Loss: 0.0097 | Epoch Time: 0.83s | Spearman@80: 0.6995 | Kendall@80: 0.5108
Epoch 134/150 | Train Loss: 0.0110 | Epoch Time: 0.83s | Spearman@80: 0.6971 | Kendall@80: 0.5058
Epoch 135/150 | Train Loss: 0.0104 | Epoch Time: 0.83s | Spearman@80: 0.7091 | Kendall@80: 0.5197
Epoch 136/150 | Train Loss: 0.0103 | Epoch Time: 0.82s | Spearman@80: 0.7058 | Kendall@80: 0.5178
Epoch 137/150 | Train Loss: 0.0115 | Epoch Time: 0.83s | Spearman@80: 0.6977 | Kendall@80: 0.5070
Epoch 138/150 | Train Loss: 0.0107 | Epoch Time: 0.83s | Spearman@80: 0.6897 | Kendall@80: 0.4982
Epoch 139/150 | Train Loss: 0.0089 | Epoch Time: 0.82s | Spearman@80: 0.6908 | Kendall@80: 0.5013
Epoch 140/150 | Train Loss: 0.0138 | Epoch Time: 0.83s | Spearman@80: 0.6870 | Kendall@80: 0.4994
Epoch 141/150 | Train Loss: 0.0122 | Epoch Time: 0.84s | Spearman@80: 0.6947 | Kendall@80: 0.5026
Epoch 142/150 | Train Loss: 0.0119 | Epoch Time: 0.83s | Spearman@80: 0.6893 | Kendall@80: 0.5007
Epoch 143/150 | Train Loss: 0.0105 | Epoch Time: 0.83s | Spearman@80: 0.6919 | Kendall@80: 0.5026
Epoch 144/150 | Train Loss: 0.0101 | Epoch Time: 0.82s | Spearman@80: 0.6988 | Kendall@80: 0.5083
Epoch 145/150 | Train Loss: 0.0105 | Epoch Time: 0.83s | Spearman@80: 0.6969 | Kendall@80: 0.5089
Epoch 146/150 | Train Loss: 0.0120 | Epoch Time: 0.83s | Spearman@80: 0.6961 | Kendall@80: 0.5051
Epoch 147/150 | Train Loss: 0.0077 | Epoch Time: 1.71s | Spearman@4870: 0.6916 | Kendall@4870: 0.5047
Epoch 148/150 | Train Loss: 0.0072 | Epoch Time: 1.72s | Spearman@4870: 0.6910 | Kendall@4870: 0.5043
Epoch 149/150 | Train Loss: 0.0076 | Epoch Time: 1.70s | Spearman@4870: 0.6905 | Kendall@4870: 0.5037
Epoch 150/150 | Train Loss: 0.0128 | Epoch Time: 1.70s | Spearman@4870: 0.6916 | Kendall@4870: 0.5046
Sample Count: 128, Spearman: 0.6911705858568264, Kendall: 0.5043513639858374
{64: (0.5826721750987767, 0.4097527646764762),
 128: (0.6911705858568264, 0.5043513639858374)}
Average KDT:  0.33302176205149053
Variance KDT:  0.005997251556996618
Average SPR:  0.4800398070504747
Variance SPR:  0.011091627106383494
Average KDT:  0.4235187485087108
Variance KDT:  0.004748967241745599
Average SPR:  0.5933658370891204
Variance SPR:  0.007080169569976084
