Loading Files for NASBench101...
Loading dataset from file... This may take a few minutes...
Loaded dataset in 43 seconds
Loaded files in:  70.21287441253662  seconds
Normalizing ZCP dict
Epoch 1/150 | Train Loss: 0.0975 | Epoch Time: 0.76s | Spearman@80: 0.3359 | Kendall@80: 0.2316
Epoch 2/150 | Train Loss: 0.0839 | Epoch Time: 0.35s | Spearman@80: 0.4416 | Kendall@80: 0.3063
Epoch 3/150 | Train Loss: 0.0847 | Epoch Time: 0.33s | Spearman@80: 0.5482 | Kendall@80: 0.3829
Epoch 4/150 | Train Loss: 0.0705 | Epoch Time: 0.34s | Spearman@80: 0.4660 | Kendall@80: 0.3234
Epoch 5/150 | Train Loss: 0.0554 | Epoch Time: 0.33s | Spearman@80: 0.7348 | Kendall@80: 0.5354
Epoch 6/150 | Train Loss: 0.0659 | Epoch Time: 0.32s | Spearman@80: 0.7232 | Kendall@80: 0.5348
Epoch 7/150 | Train Loss: 0.0543 | Epoch Time: 0.35s | Spearman@80: 0.7341 | Kendall@80: 0.5443
Epoch 8/150 | Train Loss: 0.0573 | Epoch Time: 0.35s | Spearman@80: 0.7474 | Kendall@80: 0.5506
Epoch 9/150 | Train Loss: 0.0519 | Epoch Time: 0.33s | Spearman@80: 0.7591 | Kendall@80: 0.5804
Epoch 10/150 | Train Loss: 0.0518 | Epoch Time: 0.33s | Spearman@80: 0.7909 | Kendall@80: 0.6019
Epoch 11/150 | Train Loss: 0.0471 | Epoch Time: 0.34s | Spearman@80: 0.8001 | Kendall@80: 0.5956
Epoch 12/150 | Train Loss: 0.0451 | Epoch Time: 0.33s | Spearman@80: 0.8284 | Kendall@80: 0.6335
Epoch 13/150 | Train Loss: 0.0492 | Epoch Time: 0.34s | Spearman@80: 0.8303 | Kendall@80: 0.6367
Epoch 14/150 | Train Loss: 0.0426 | Epoch Time: 0.34s | Spearman@80: 0.7947 | Kendall@80: 0.6247
Epoch 15/150 | Train Loss: 0.0477 | Epoch Time: 0.35s | Spearman@80: 0.7600 | Kendall@80: 0.5703
Epoch 16/150 | Train Loss: 0.0536 | Epoch Time: 0.32s | Spearman@80: 0.7645 | Kendall@80: 0.5728
Epoch 17/150 | Train Loss: 0.0593 | Epoch Time: 0.32s | Spearman@80: 0.7778 | Kendall@80: 0.5810
Epoch 18/150 | Train Loss: 0.0595 | Epoch Time: 0.34s | Spearman@80: 0.7504 | Kendall@80: 0.5424
Epoch 19/150 | Train Loss: 0.0471 | Epoch Time: 0.32s | Spearman@80: 0.7759 | Kendall@80: 0.5772
Epoch 20/150 | Train Loss: 0.0462 | Epoch Time: 0.33s | Spearman@80: 0.7664 | Kendall@80: 0.5709
Epoch 21/150 | Train Loss: 0.0500 | Epoch Time: 0.33s | Spearman@80: 0.7711 | Kendall@80: 0.5791
Epoch 22/150 | Train Loss: 0.0500 | Epoch Time: 0.35s | Spearman@80: 0.7149 | Kendall@80: 0.5576
Epoch 23/150 | Train Loss: 0.0465 | Epoch Time: 0.33s | Spearman@80: 0.7576 | Kendall@80: 0.5759
Epoch 24/150 | Train Loss: 0.0454 | Epoch Time: 0.33s | Spearman@80: 0.7577 | Kendall@80: 0.5747
Epoch 25/150 | Train Loss: 0.0469 | Epoch Time: 0.34s | Spearman@80: 0.7289 | Kendall@80: 0.5304
Epoch 26/150 | Train Loss: 0.0446 | Epoch Time: 0.32s | Spearman@80: 0.7805 | Kendall@80: 0.5842
Epoch 27/150 | Train Loss: 0.0398 | Epoch Time: 0.35s | Spearman@80: 0.7598 | Kendall@80: 0.5873
Epoch 28/150 | Train Loss: 0.0407 | Epoch Time: 0.32s | Spearman@80: 0.7512 | Kendall@80: 0.5797
Epoch 29/150 | Train Loss: 0.0497 | Epoch Time: 0.34s | Spearman@80: 0.7786 | Kendall@80: 0.5867
Epoch 30/150 | Train Loss: 0.0358 | Epoch Time: 0.35s | Spearman@80: 0.7343 | Kendall@80: 0.5487
Epoch 31/150 | Train Loss: 0.0449 | Epoch Time: 0.33s | Spearman@80: 0.7280 | Kendall@80: 0.5424
Epoch 32/150 | Train Loss: 0.0450 | Epoch Time: 0.33s | Spearman@80: 0.6998 | Kendall@80: 0.5082
Epoch 33/150 | Train Loss: 0.0387 | Epoch Time: 0.33s | Spearman@80: 0.7566 | Kendall@80: 0.5576
Epoch 34/150 | Train Loss: 0.0426 | Epoch Time: 0.34s | Spearman@80: 0.7409 | Kendall@80: 0.5709
Epoch 35/150 | Train Loss: 0.0386 | Epoch Time: 0.32s | Spearman@80: 0.7473 | Kendall@80: 0.5816
Epoch 36/150 | Train Loss: 0.0317 | Epoch Time: 0.33s | Spearman@80: 0.7414 | Kendall@80: 0.5487
Epoch 37/150 | Train Loss: 0.0325 | Epoch Time: 0.34s | Spearman@80: 0.7434 | Kendall@80: 0.5582
Epoch 38/150 | Train Loss: 0.0383 | Epoch Time: 0.32s | Spearman@80: 0.7640 | Kendall@80: 0.5677
Epoch 39/150 | Train Loss: 0.0409 | Epoch Time: 0.34s | Spearman@80: 0.7721 | Kendall@80: 0.5759
Epoch 40/150 | Train Loss: 0.0385 | Epoch Time: 0.34s | Spearman@80: 0.7676 | Kendall@80: 0.5785
Epoch 41/150 | Train Loss: 0.0336 | Epoch Time: 0.35s | Spearman@80: 0.7174 | Kendall@80: 0.5291
Epoch 42/150 | Train Loss: 0.0334 | Epoch Time: 0.32s | Spearman@80: 0.7271 | Kendall@80: 0.5354
Epoch 43/150 | Train Loss: 0.0364 | Epoch Time: 0.33s | Spearman@80: 0.7306 | Kendall@80: 0.5601
Epoch 44/150 | Train Loss: 0.0364 | Epoch Time: 0.36s | Spearman@80: 0.7205 | Kendall@80: 0.5456
Epoch 45/150 | Train Loss: 0.0340 | Epoch Time: 0.32s | Spearman@80: 0.7043 | Kendall@80: 0.5259
Epoch 46/150 | Train Loss: 0.0378 | Epoch Time: 0.34s | Spearman@80: 0.7417 | Kendall@80: 0.5481
Epoch 47/150 | Train Loss: 0.0314 | Epoch Time: 0.34s | Spearman@80: 0.7623 | Kendall@80: 0.5766
Epoch 48/150 | Train Loss: 0.0382 | Epoch Time: 0.36s | Spearman@80: 0.6809 | Kendall@80: 0.4968
Epoch 49/150 | Train Loss: 0.0432 | Epoch Time: 0.34s | Spearman@80: 0.7442 | Kendall@80: 0.5456
Epoch 50/150 | Train Loss: 0.0419 | Epoch Time: 0.34s | Spearman@80: 0.7285 | Kendall@80: 0.5342
Epoch 51/150 | Train Loss: 0.0337 | Epoch Time: 0.33s | Spearman@80: 0.7678 | Kendall@80: 0.5772
Epoch 52/150 | Train Loss: 0.0375 | Epoch Time: 0.35s | Spearman@80: 0.7298 | Kendall@80: 0.5399
Epoch 53/150 | Train Loss: 0.0275 | Epoch Time: 0.33s | Spearman@80: 0.7085 | Kendall@80: 0.5259
Epoch 54/150 | Train Loss: 0.0346 | Epoch Time: 0.32s | Spearman@80: 0.7590 | Kendall@80: 0.5715
Epoch 55/150 | Train Loss: 0.0326 | Epoch Time: 0.36s | Spearman@80: 0.7584 | Kendall@80: 0.5696
Epoch 56/150 | Train Loss: 0.0458 | Epoch Time: 0.34s | Spearman@80: 0.7342 | Kendall@80: 0.5481
Epoch 57/150 | Train Loss: 0.0354 | Epoch Time: 0.35s | Spearman@80: 0.7151 | Kendall@80: 0.5361
Epoch 58/150 | Train Loss: 0.0308 | Epoch Time: 0.36s | Spearman@80: 0.7251 | Kendall@80: 0.5348
Epoch 59/150 | Train Loss: 0.0331 | Epoch Time: 0.34s | Spearman@80: 0.7305 | Kendall@80: 0.5405
Epoch 60/150 | Train Loss: 0.0302 | Epoch Time: 0.33s | Spearman@80: 0.7234 | Kendall@80: 0.5538
Epoch 61/150 | Train Loss: 0.0295 | Epoch Time: 0.33s | Spearman@80: 0.7357 | Kendall@80: 0.5696
Epoch 62/150 | Train Loss: 0.0252 | Epoch Time: 0.32s | Spearman@80: 0.6926 | Kendall@80: 0.5063
Epoch 63/150 | Train Loss: 0.0288 | Epoch Time: 0.32s | Spearman@80: 0.7331 | Kendall@80: 0.5405
Epoch 64/150 | Train Loss: 0.0316 | Epoch Time: 0.32s | Spearman@80: 0.7719 | Kendall@80: 0.5797
Epoch 65/150 | Train Loss: 0.0323 | Epoch Time: 0.31s | Spearman@80: 0.7522 | Kendall@80: 0.5747
Epoch 66/150 | Train Loss: 0.0281 | Epoch Time: 0.33s | Spearman@80: 0.7427 | Kendall@80: 0.5582
Epoch 67/150 | Train Loss: 0.0358 | Epoch Time: 0.32s | Spearman@80: 0.7635 | Kendall@80: 0.5646
Epoch 68/150 | Train Loss: 0.0348 | Epoch Time: 0.33s | Spearman@80: 0.7238 | Kendall@80: 0.5392
Epoch 69/150 | Train Loss: 0.0316 | Epoch Time: 0.34s | Spearman@80: 0.6904 | Kendall@80: 0.5171
Epoch 70/150 | Train Loss: 0.0297 | Epoch Time: 0.34s | Spearman@80: 0.6895 | Kendall@80: 0.5361
Epoch 71/150 | Train Loss: 0.0289 | Epoch Time: 0.32s | Spearman@80: 0.6925 | Kendall@80: 0.5253
Epoch 72/150 | Train Loss: 0.0265 | Epoch Time: 0.34s | Spearman@80: 0.6674 | Kendall@80: 0.4918
Epoch 73/150 | Train Loss: 0.0296 | Epoch Time: 0.34s | Spearman@80: 0.6432 | Kendall@80: 0.4734
Epoch 74/150 | Train Loss: 0.0227 | Epoch Time: 0.32s | Spearman@80: 0.6775 | Kendall@80: 0.5146
Epoch 75/150 | Train Loss: 0.0377 | Epoch Time: 0.33s | Spearman@80: 0.6853 | Kendall@80: 0.5082
Epoch 76/150 | Train Loss: 0.0283 | Epoch Time: 0.36s | Spearman@80: 0.7188 | Kendall@80: 0.5373
Epoch 77/150 | Train Loss: 0.0342 | Epoch Time: 0.32s | Spearman@80: 0.7599 | Kendall@80: 0.5690
Epoch 78/150 | Train Loss: 0.0213 | Epoch Time: 0.34s | Spearman@80: 0.7515 | Kendall@80: 0.5551
Epoch 79/150 | Train Loss: 0.0295 | Epoch Time: 0.34s | Spearman@80: 0.7915 | Kendall@80: 0.6019
Epoch 80/150 | Train Loss: 0.0340 | Epoch Time: 0.33s | Spearman@80: 0.7856 | Kendall@80: 0.5987
Epoch 81/150 | Train Loss: 0.0273 | Epoch Time: 0.33s | Spearman@80: 0.7756 | Kendall@80: 0.5899
Epoch 82/150 | Train Loss: 0.0254 | Epoch Time: 0.34s | Spearman@80: 0.7618 | Kendall@80: 0.5785
Epoch 83/150 | Train Loss: 0.0227 | Epoch Time: 0.35s | Spearman@80: 0.7586 | Kendall@80: 0.5703
Epoch 84/150 | Train Loss: 0.0278 | Epoch Time: 0.35s | Spearman@80: 0.7770 | Kendall@80: 0.5823
Epoch 85/150 | Train Loss: 0.0263 | Epoch Time: 0.33s | Spearman@80: 0.7622 | Kendall@80: 0.5785
Epoch 86/150 | Train Loss: 0.0254 | Epoch Time: 0.33s | Spearman@80: 0.7533 | Kendall@80: 0.5741
Epoch 87/150 | Train Loss: 0.0268 | Epoch Time: 0.33s | Spearman@80: 0.7265 | Kendall@80: 0.5646
Epoch 88/150 | Train Loss: 0.0196 | Epoch Time: 0.34s | Spearman@80: 0.7159 | Kendall@80: 0.5373
Epoch 89/150 | Train Loss: 0.0242 | Epoch Time: 0.30s | Spearman@80: 0.7352 | Kendall@80: 0.5430
Epoch 90/150 | Train Loss: 0.0204 | Epoch Time: 0.33s | Spearman@80: 0.7502 | Kendall@80: 0.5557
Epoch 91/150 | Train Loss: 0.0139 | Epoch Time: 0.34s | Spearman@80: 0.7491 | Kendall@80: 0.5639
Epoch 92/150 | Train Loss: 0.0226 | Epoch Time: 0.35s | Spearman@80: 0.7362 | Kendall@80: 0.5633
Epoch 93/150 | Train Loss: 0.0308 | Epoch Time: 0.34s | Spearman@80: 0.6943 | Kendall@80: 0.5361
Epoch 94/150 | Train Loss: 0.0170 | Epoch Time: 0.36s | Spearman@80: 0.6525 | Kendall@80: 0.4930
Epoch 95/150 | Train Loss: 0.0232 | Epoch Time: 0.34s | Spearman@80: 0.6403 | Kendall@80: 0.4835
Epoch 96/150 | Train Loss: 0.0201 | Epoch Time: 0.28s | Spearman@80: 0.6402 | Kendall@80: 0.4734
Epoch 97/150 | Train Loss: 0.0218 | Epoch Time: 0.35s | Spearman@80: 0.6212 | Kendall@80: 0.4582
Epoch 98/150 | Train Loss: 0.0222 | Epoch Time: 0.32s | Spearman@80: 0.6767 | Kendall@80: 0.5139
Epoch 99/150 | Train Loss: 0.0180 | Epoch Time: 0.34s | Spearman@80: 0.6964 | Kendall@80: 0.5272
Epoch 100/150 | Train Loss: 0.0211 | Epoch Time: 0.34s | Spearman@80: 0.6893 | Kendall@80: 0.5184
Epoch 101/150 | Train Loss: 0.0182 | Epoch Time: 0.32s | Spearman@80: 0.6693 | Kendall@80: 0.5082
Epoch 102/150 | Train Loss: 0.0233 | Epoch Time: 0.34s | Spearman@80: 0.6604 | Kendall@80: 0.5051
Epoch 103/150 | Train Loss: 0.0174 | Epoch Time: 0.33s | Spearman@80: 0.7055 | Kendall@80: 0.5335
Epoch 104/150 | Train Loss: 0.0237 | Epoch Time: 0.32s | Spearman@80: 0.6949 | Kendall@80: 0.5241
Epoch 105/150 | Train Loss: 0.0148 | Epoch Time: 0.34s | Spearman@80: 0.6840 | Kendall@80: 0.5127
Epoch 106/150 | Train Loss: 0.0237 | Epoch Time: 0.33s | Spearman@80: 0.6766 | Kendall@80: 0.5038
Epoch 107/150 | Train Loss: 0.0219 | Epoch Time: 0.34s | Spearman@80: 0.6896 | Kendall@80: 0.5063
Epoch 108/150 | Train Loss: 0.0245 | Epoch Time: 0.34s | Spearman@80: 0.7091 | Kendall@80: 0.5253
Epoch 109/150 | Train Loss: 0.0156 | Epoch Time: 0.34s | Spearman@80: 0.7040 | Kendall@80: 0.5329
Epoch 110/150 | Train Loss: 0.0149 | Epoch Time: 0.34s | Spearman@80: 0.6955 | Kendall@80: 0.5310
Epoch 111/150 | Train Loss: 0.0204 | Epoch Time: 0.33s | Spearman@80: 0.6893 | Kendall@80: 0.5278
Epoch 112/150 | Train Loss: 0.0181 | Epoch Time: 0.36s | Spearman@80: 0.6794 | Kendall@80: 0.5190
Epoch 113/150 | Train Loss: 0.0235 | Epoch Time: 0.31s | Spearman@80: 0.6781 | Kendall@80: 0.5177
Epoch 114/150 | Train Loss: 0.0200 | Epoch Time: 0.34s | Spearman@80: 0.6846 | Kendall@80: 0.5228
Epoch 115/150 | Train Loss: 0.0130 | Epoch Time: 0.33s | Spearman@80: 0.6832 | Kendall@80: 0.5228
Epoch 116/150 | Train Loss: 0.0155 | Epoch Time: 0.34s | Spearman@80: 0.6900 | Kendall@80: 0.5285
Epoch 117/150 | Train Loss: 0.0158 | Epoch Time: 0.34s | Spearman@80: 0.6902 | Kendall@80: 0.5253
Epoch 118/150 | Train Loss: 0.0143 | Epoch Time: 0.34s | Spearman@80: 0.6867 | Kendall@80: 0.5266
Epoch 119/150 | Train Loss: 0.0215 | Epoch Time: 0.34s | Spearman@80: 0.6715 | Kendall@80: 0.5152
Epoch 120/150 | Train Loss: 0.0229 | Epoch Time: 0.32s | Spearman@80: 0.6550 | Kendall@80: 0.4994
Epoch 121/150 | Train Loss: 0.0151 | Epoch Time: 0.33s | Spearman@80: 0.6684 | Kendall@80: 0.5114
Epoch 122/150 | Train Loss: 0.0155 | Epoch Time: 0.33s | Spearman@80: 0.6869 | Kendall@80: 0.5247
Epoch 123/150 | Train Loss: 0.0126 | Epoch Time: 0.34s | Spearman@80: 0.6861 | Kendall@80: 0.5247
Epoch 124/150 | Train Loss: 0.0147 | Epoch Time: 0.33s | Spearman@80: 0.6836 | Kendall@80: 0.5209
Epoch 125/150 | Train Loss: 0.0162 | Epoch Time: 0.33s | Spearman@80: 0.6846 | Kendall@80: 0.5222
Epoch 126/150 | Train Loss: 0.0147 | Epoch Time: 0.32s | Spearman@80: 0.6954 | Kendall@80: 0.5304
Epoch 127/150 | Train Loss: 0.0142 | Epoch Time: 0.35s | Spearman@80: 0.6901 | Kendall@80: 0.5259
Epoch 128/150 | Train Loss: 0.0150 | Epoch Time: 0.32s | Spearman@80: 0.6929 | Kendall@80: 0.5241
Epoch 129/150 | Train Loss: 0.0145 | Epoch Time: 0.34s | Spearman@80: 0.7006 | Kendall@80: 0.5380
Epoch 130/150 | Train Loss: 0.0142 | Epoch Time: 0.34s | Spearman@80: 0.7034 | Kendall@80: 0.5392
Epoch 131/150 | Train Loss: 0.0125 | Epoch Time: 0.35s | Spearman@80: 0.7012 | Kendall@80: 0.5335
Epoch 132/150 | Train Loss: 0.0170 | Epoch Time: 0.35s | Spearman@80: 0.6886 | Kendall@80: 0.5272
Epoch 133/150 | Train Loss: 0.0183 | Epoch Time: 0.34s | Spearman@80: 0.6920 | Kendall@80: 0.5297
Epoch 134/150 | Train Loss: 0.0206 | Epoch Time: 0.34s | Spearman@80: 0.6705 | Kendall@80: 0.5165
Epoch 135/150 | Train Loss: 0.0253 | Epoch Time: 0.36s | Spearman@80: 0.6767 | Kendall@80: 0.5203
Epoch 136/150 | Train Loss: 0.0155 | Epoch Time: 0.34s | Spearman@80: 0.6650 | Kendall@80: 0.5076
Epoch 137/150 | Train Loss: 0.0158 | Epoch Time: 0.35s | Spearman@80: 0.6716 | Kendall@80: 0.5133
Epoch 138/150 | Train Loss: 0.0181 | Epoch Time: 0.33s | Spearman@80: 0.6703 | Kendall@80: 0.5127
Epoch 139/150 | Train Loss: 0.0194 | Epoch Time: 0.31s | Spearman@80: 0.6682 | Kendall@80: 0.5152
Epoch 140/150 | Train Loss: 0.0168 | Epoch Time: 0.33s | Spearman@80: 0.6716 | Kendall@80: 0.5165
Epoch 141/150 | Train Loss: 0.0208 | Epoch Time: 0.30s | Spearman@80: 0.6714 | Kendall@80: 0.5127
Epoch 142/150 | Train Loss: 0.0215 | Epoch Time: 0.34s | Spearman@80: 0.6779 | Kendall@80: 0.5184
Epoch 143/150 | Train Loss: 0.0163 | Epoch Time: 0.34s | Spearman@80: 0.6714 | Kendall@80: 0.5146
Epoch 144/150 | Train Loss: 0.0181 | Epoch Time: 0.34s | Spearman@80: 0.6665 | Kendall@80: 0.5114
Epoch 145/150 | Train Loss: 0.0121 | Epoch Time: 0.35s | Spearman@80: 0.6702 | Kendall@80: 0.5139
Epoch 146/150 | Train Loss: 0.0210 | Epoch Time: 0.34s | Spearman@80: 0.6684 | Kendall@80: 0.5120
Epoch 147/150 | Train Loss: 0.0110 | Epoch Time: 24.46s | Spearman@423559: 0.7492 | Kendall@423559: 0.5602
Epoch 148/150 | Train Loss: 0.0156 | Epoch Time: 25.02s | Spearman@423559: 0.7557 | Kendall@423559: 0.5669
Epoch 149/150 | Train Loss: 0.0157 | Epoch Time: 24.35s | Spearman@423559: 0.7529 | Kendall@423559: 0.5642
Epoch 150/150 | Train Loss: 0.0142 | Epoch Time: 24.84s | Spearman@423559: 0.7502 | Kendall@423559: 0.5614
Sample Count: 64, Spearman: 0.7520187039935413, Kendall: 0.5631571203661778
{64: (0.7520187039935413, 0.5631571203661778)}
Epoch 1/150 | Train Loss: 0.0880 | Epoch Time: 0.66s | Spearman@80: 0.4985 | Kendall@80: 0.3469
Epoch 2/150 | Train Loss: 0.0630 | Epoch Time: 0.65s | Spearman@80: 0.6447 | Kendall@80: 0.4660
Epoch 3/150 | Train Loss: 0.0603 | Epoch Time: 0.66s | Spearman@80: 0.7429 | Kendall@80: 0.5381
Epoch 4/150 | Train Loss: 0.0548 | Epoch Time: 0.68s | Spearman@80: 0.6761 | Kendall@80: 0.4913
Epoch 5/150 | Train Loss: 0.0564 | Epoch Time: 0.68s | Spearman@80: 0.7310 | Kendall@80: 0.5407
Epoch 6/150 | Train Loss: 0.0518 | Epoch Time: 0.65s | Spearman@80: 0.8251 | Kendall@80: 0.6255
Epoch 7/150 | Train Loss: 0.0481 | Epoch Time: 0.67s | Spearman@80: 0.8565 | Kendall@80: 0.6635
Epoch 8/150 | Train Loss: 0.0477 | Epoch Time: 0.67s | Spearman@80: 0.8196 | Kendall@80: 0.6280
Epoch 9/150 | Train Loss: 0.0428 | Epoch Time: 0.67s | Spearman@80: 0.8524 | Kendall@80: 0.6622
Epoch 10/150 | Train Loss: 0.0456 | Epoch Time: 0.67s | Spearman@80: 0.8392 | Kendall@80: 0.6502
Epoch 11/150 | Train Loss: 0.0441 | Epoch Time: 0.67s | Spearman@80: 0.8579 | Kendall@80: 0.6648
Epoch 12/150 | Train Loss: 0.0388 | Epoch Time: 0.68s | Spearman@80: 0.8632 | Kendall@80: 0.6768
Epoch 13/150 | Train Loss: 0.0466 | Epoch Time: 0.67s | Spearman@80: 0.8545 | Kendall@80: 0.6654
Epoch 14/150 | Train Loss: 0.0459 | Epoch Time: 0.66s | Spearman@80: 0.8334 | Kendall@80: 0.6401
Epoch 15/150 | Train Loss: 0.0377 | Epoch Time: 0.69s | Spearman@80: 0.8452 | Kendall@80: 0.6603
Epoch 16/150 | Train Loss: 0.0423 | Epoch Time: 0.67s | Spearman@80: 0.8477 | Kendall@80: 0.6648
Epoch 17/150 | Train Loss: 0.0460 | Epoch Time: 0.67s | Spearman@80: 0.8219 | Kendall@80: 0.6356
Epoch 18/150 | Train Loss: 0.0347 | Epoch Time: 0.67s | Spearman@80: 0.8558 | Kendall@80: 0.6743
Epoch 19/150 | Train Loss: 0.0398 | Epoch Time: 0.68s | Spearman@80: 0.8261 | Kendall@80: 0.6394
Epoch 20/150 | Train Loss: 0.0325 | Epoch Time: 0.67s | Spearman@80: 0.8578 | Kendall@80: 0.6616
Epoch 21/150 | Train Loss: 0.0368 | Epoch Time: 0.65s | Spearman@80: 0.7854 | Kendall@80: 0.5958
Epoch 22/150 | Train Loss: 0.0382 | Epoch Time: 0.69s | Spearman@80: 0.8499 | Kendall@80: 0.6597
Epoch 23/150 | Train Loss: 0.0417 | Epoch Time: 0.67s | Spearman@80: 0.8031 | Kendall@80: 0.6135
Epoch 24/150 | Train Loss: 0.0448 | Epoch Time: 0.65s | Spearman@80: 0.8089 | Kendall@80: 0.6261
Epoch 25/150 | Train Loss: 0.0483 | Epoch Time: 0.69s | Spearman@80: 0.8533 | Kendall@80: 0.6667
Epoch 26/150 | Train Loss: 0.0377 | Epoch Time: 0.69s | Spearman@80: 0.8370 | Kendall@80: 0.6553
Epoch 27/150 | Train Loss: 0.0469 | Epoch Time: 0.68s | Spearman@80: 0.8455 | Kendall@80: 0.6578
Epoch 28/150 | Train Loss: 0.0408 | Epoch Time: 0.65s | Spearman@80: 0.8624 | Kendall@80: 0.6825
Epoch 29/150 | Train Loss: 0.0320 | Epoch Time: 0.65s | Spearman@80: 0.8606 | Kendall@80: 0.6793
Epoch 30/150 | Train Loss: 0.0377 | Epoch Time: 0.67s | Spearman@80: 0.8534 | Kendall@80: 0.6686
Epoch 31/150 | Train Loss: 0.0328 | Epoch Time: 0.65s | Spearman@80: 0.8580 | Kendall@80: 0.6717
Epoch 32/150 | Train Loss: 0.0339 | Epoch Time: 0.66s | Spearman@80: 0.8315 | Kendall@80: 0.6413
Epoch 33/150 | Train Loss: 0.0380 | Epoch Time: 0.69s | Spearman@80: 0.8612 | Kendall@80: 0.6686
Epoch 34/150 | Train Loss: 0.0377 | Epoch Time: 0.67s | Spearman@80: 0.8715 | Kendall@80: 0.6933
Epoch 35/150 | Train Loss: 0.0326 | Epoch Time: 0.65s | Spearman@80: 0.8703 | Kendall@80: 0.6901
Epoch 36/150 | Train Loss: 0.0309 | Epoch Time: 0.68s | Spearman@80: 0.8659 | Kendall@80: 0.6838
Epoch 37/150 | Train Loss: 0.0257 | Epoch Time: 0.66s | Spearman@80: 0.8550 | Kendall@80: 0.6711
Epoch 38/150 | Train Loss: 0.0397 | Epoch Time: 0.65s | Spearman@80: 0.8830 | Kendall@80: 0.7059
Epoch 39/150 | Train Loss: 0.0379 | Epoch Time: 0.66s | Spearman@80: 0.8677 | Kendall@80: 0.6774
Epoch 40/150 | Train Loss: 0.0357 | Epoch Time: 0.65s | Spearman@80: 0.8644 | Kendall@80: 0.6793
Epoch 41/150 | Train Loss: 0.0255 | Epoch Time: 0.65s | Spearman@80: 0.8652 | Kendall@80: 0.6736
Epoch 42/150 | Train Loss: 0.0299 | Epoch Time: 0.64s | Spearman@80: 0.8725 | Kendall@80: 0.6901
Epoch 43/150 | Train Loss: 0.0302 | Epoch Time: 0.60s | Spearman@80: 0.8777 | Kendall@80: 0.6964
Epoch 44/150 | Train Loss: 0.0301 | Epoch Time: 0.55s | Spearman@80: 0.8836 | Kendall@80: 0.7104
Epoch 45/150 | Train Loss: 0.0315 | Epoch Time: 0.55s | Spearman@80: 0.8776 | Kendall@80: 0.6939
Epoch 46/150 | Train Loss: 0.0278 | Epoch Time: 0.56s | Spearman@80: 0.8933 | Kendall@80: 0.7167
Epoch 47/150 | Train Loss: 0.0295 | Epoch Time: 0.57s | Spearman@80: 0.8782 | Kendall@80: 0.6983
Epoch 48/150 | Train Loss: 0.0305 | Epoch Time: 0.57s | Spearman@80: 0.8614 | Kendall@80: 0.6768
Epoch 49/150 | Train Loss: 0.0295 | Epoch Time: 0.57s | Spearman@80: 0.8800 | Kendall@80: 0.7034
Epoch 50/150 | Train Loss: 0.0284 | Epoch Time: 0.55s | Spearman@80: 0.8688 | Kendall@80: 0.6850
Epoch 51/150 | Train Loss: 0.0312 | Epoch Time: 0.58s | Spearman@80: 0.8724 | Kendall@80: 0.6882
Epoch 52/150 | Train Loss: 0.0320 | Epoch Time: 0.61s | Spearman@80: 0.8790 | Kendall@80: 0.7002
Epoch 53/150 | Train Loss: 0.0260 | Epoch Time: 0.61s | Spearman@80: 0.8854 | Kendall@80: 0.7034
Epoch 54/150 | Train Loss: 0.0323 | Epoch Time: 0.58s | Spearman@80: 0.8712 | Kendall@80: 0.6825
Epoch 55/150 | Train Loss: 0.0286 | Epoch Time: 0.60s | Spearman@80: 0.8846 | Kendall@80: 0.7040
Epoch 56/150 | Train Loss: 0.0286 | Epoch Time: 0.59s | Spearman@80: 0.8696 | Kendall@80: 0.6863
Epoch 57/150 | Train Loss: 0.0293 | Epoch Time: 0.60s | Spearman@80: 0.8785 | Kendall@80: 0.6971
Epoch 58/150 | Train Loss: 0.0274 | Epoch Time: 0.60s | Spearman@80: 0.8818 | Kendall@80: 0.7021
Epoch 59/150 | Train Loss: 0.0271 | Epoch Time: 0.59s | Spearman@80: 0.8878 | Kendall@80: 0.7059
Epoch 60/150 | Train Loss: 0.0279 | Epoch Time: 0.60s | Spearman@80: 0.8730 | Kendall@80: 0.6920
Epoch 61/150 | Train Loss: 0.0327 | Epoch Time: 0.60s | Spearman@80: 0.8831 | Kendall@80: 0.7085
Epoch 62/150 | Train Loss: 0.0361 | Epoch Time: 0.60s | Spearman@80: 0.8849 | Kendall@80: 0.7066
Epoch 63/150 | Train Loss: 0.0300 | Epoch Time: 0.61s | Spearman@80: 0.8708 | Kendall@80: 0.6863
Epoch 64/150 | Train Loss: 0.0332 | Epoch Time: 0.59s | Spearman@80: 0.8591 | Kendall@80: 0.6768
Epoch 65/150 | Train Loss: 0.0281 | Epoch Time: 0.60s | Spearman@80: 0.8782 | Kendall@80: 0.6945
Epoch 66/150 | Train Loss: 0.0283 | Epoch Time: 0.60s | Spearman@80: 0.8865 | Kendall@80: 0.7072
Epoch 67/150 | Train Loss: 0.0212 | Epoch Time: 0.61s | Spearman@80: 0.8870 | Kendall@80: 0.7123
Epoch 68/150 | Train Loss: 0.0248 | Epoch Time: 0.59s | Spearman@80: 0.8833 | Kendall@80: 0.7040
Epoch 69/150 | Train Loss: 0.0243 | Epoch Time: 0.59s | Spearman@80: 0.8779 | Kendall@80: 0.6990
Epoch 70/150 | Train Loss: 0.0304 | Epoch Time: 0.60s | Spearman@80: 0.8652 | Kendall@80: 0.6869
Epoch 71/150 | Train Loss: 0.0283 | Epoch Time: 0.60s | Spearman@80: 0.8976 | Kendall@80: 0.7249
Epoch 72/150 | Train Loss: 0.0216 | Epoch Time: 0.59s | Spearman@80: 0.9004 | Kendall@80: 0.7255
Epoch 73/150 | Train Loss: 0.0214 | Epoch Time: 0.61s | Spearman@80: 0.8987 | Kendall@80: 0.7243
Epoch 74/150 | Train Loss: 0.0191 | Epoch Time: 0.59s | Spearman@80: 0.8882 | Kendall@80: 0.7110
Epoch 75/150 | Train Loss: 0.0266 | Epoch Time: 0.59s | Spearman@80: 0.8863 | Kendall@80: 0.7059
Epoch 76/150 | Train Loss: 0.0290 | Epoch Time: 0.59s | Spearman@80: 0.8913 | Kendall@80: 0.7217
Epoch 77/150 | Train Loss: 0.0214 | Epoch Time: 0.61s | Spearman@80: 0.8802 | Kendall@80: 0.7028
Epoch 78/150 | Train Loss: 0.0249 | Epoch Time: 0.60s | Spearman@80: 0.8676 | Kendall@80: 0.6939
Epoch 79/150 | Train Loss: 0.0229 | Epoch Time: 0.60s | Spearman@80: 0.8633 | Kendall@80: 0.6806
Epoch 80/150 | Train Loss: 0.0232 | Epoch Time: 0.59s | Spearman@80: 0.8849 | Kendall@80: 0.7097
Epoch 81/150 | Train Loss: 0.0206 | Epoch Time: 0.59s | Spearman@80: 0.8893 | Kendall@80: 0.7142
Epoch 82/150 | Train Loss: 0.0219 | Epoch Time: 0.60s | Spearman@80: 0.8893 | Kendall@80: 0.7104
Epoch 83/150 | Train Loss: 0.0243 | Epoch Time: 0.59s | Spearman@80: 0.8963 | Kendall@80: 0.7211
Epoch 84/150 | Train Loss: 0.0226 | Epoch Time: 0.59s | Spearman@80: 0.8904 | Kendall@80: 0.7104
Epoch 85/150 | Train Loss: 0.0247 | Epoch Time: 0.60s | Spearman@80: 0.8755 | Kendall@80: 0.6926
Epoch 86/150 | Train Loss: 0.0198 | Epoch Time: 0.61s | Spearman@80: 0.8706 | Kendall@80: 0.6876
Epoch 87/150 | Train Loss: 0.0214 | Epoch Time: 0.59s | Spearman@80: 0.8784 | Kendall@80: 0.7097
Epoch 88/150 | Train Loss: 0.0279 | Epoch Time: 0.61s | Spearman@80: 0.8949 | Kendall@80: 0.7173
Epoch 89/150 | Train Loss: 0.0222 | Epoch Time: 0.60s | Spearman@80: 0.8806 | Kendall@80: 0.7047
Epoch 90/150 | Train Loss: 0.0203 | Epoch Time: 0.60s | Spearman@80: 0.8934 | Kendall@80: 0.7249
Epoch 91/150 | Train Loss: 0.0176 | Epoch Time: 0.60s | Spearman@80: 0.8926 | Kendall@80: 0.7192
Epoch 92/150 | Train Loss: 0.0227 | Epoch Time: 0.60s | Spearman@80: 0.8751 | Kendall@80: 0.6977
Epoch 93/150 | Train Loss: 0.0200 | Epoch Time: 0.61s | Spearman@80: 0.8808 | Kendall@80: 0.7047
Epoch 94/150 | Train Loss: 0.0197 | Epoch Time: 0.59s | Spearman@80: 0.8670 | Kendall@80: 0.6869
Epoch 95/150 | Train Loss: 0.0215 | Epoch Time: 0.59s | Spearman@80: 0.8694 | Kendall@80: 0.6888
Epoch 96/150 | Train Loss: 0.0185 | Epoch Time: 0.61s | Spearman@80: 0.8800 | Kendall@80: 0.7028
Epoch 97/150 | Train Loss: 0.0230 | Epoch Time: 0.59s | Spearman@80: 0.8891 | Kendall@80: 0.7148
Epoch 98/150 | Train Loss: 0.0190 | Epoch Time: 0.60s | Spearman@80: 0.8908 | Kendall@80: 0.7179
Epoch 99/150 | Train Loss: 0.0235 | Epoch Time: 0.59s | Spearman@80: 0.8800 | Kendall@80: 0.7047
Epoch 100/150 | Train Loss: 0.0187 | Epoch Time: 0.59s | Spearman@80: 0.8856 | Kendall@80: 0.7091
Epoch 101/150 | Train Loss: 0.0174 | Epoch Time: 0.60s | Spearman@80: 0.8916 | Kendall@80: 0.7160
Epoch 102/150 | Train Loss: 0.0216 | Epoch Time: 0.60s | Spearman@80: 0.8983 | Kendall@80: 0.7287
Epoch 103/150 | Train Loss: 0.0210 | Epoch Time: 0.60s | Spearman@80: 0.8805 | Kendall@80: 0.7053
Epoch 104/150 | Train Loss: 0.0248 | Epoch Time: 0.60s | Spearman@80: 0.8844 | Kendall@80: 0.7059
Epoch 105/150 | Train Loss: 0.0167 | Epoch Time: 0.60s | Spearman@80: 0.8894 | Kendall@80: 0.7167
Epoch 106/150 | Train Loss: 0.0291 | Epoch Time: 0.60s | Spearman@80: 0.8768 | Kendall@80: 0.6964
Epoch 107/150 | Train Loss: 0.0188 | Epoch Time: 0.60s | Spearman@80: 0.8864 | Kendall@80: 0.7097
Epoch 108/150 | Train Loss: 0.0194 | Epoch Time: 0.59s | Spearman@80: 0.8831 | Kendall@80: 0.7066
Epoch 109/150 | Train Loss: 0.0165 | Epoch Time: 0.60s | Spearman@80: 0.8775 | Kendall@80: 0.6996
Epoch 110/150 | Train Loss: 0.0181 | Epoch Time: 0.59s | Spearman@80: 0.8821 | Kendall@80: 0.7072
Epoch 111/150 | Train Loss: 0.0183 | Epoch Time: 0.59s | Spearman@80: 0.8852 | Kendall@80: 0.7129
Epoch 112/150 | Train Loss: 0.0172 | Epoch Time: 0.59s | Spearman@80: 0.8747 | Kendall@80: 0.7034
Epoch 113/150 | Train Loss: 0.0190 | Epoch Time: 0.59s | Spearman@80: 0.8833 | Kendall@80: 0.7097
Epoch 114/150 | Train Loss: 0.0237 | Epoch Time: 0.60s | Spearman@80: 0.8763 | Kendall@80: 0.6996
Epoch 115/150 | Train Loss: 0.0156 | Epoch Time: 0.60s | Spearman@80: 0.8813 | Kendall@80: 0.7091
Epoch 116/150 | Train Loss: 0.0234 | Epoch Time: 0.60s | Spearman@80: 0.8838 | Kendall@80: 0.7059
Epoch 117/150 | Train Loss: 0.0155 | Epoch Time: 0.58s | Spearman@80: 0.8805 | Kendall@80: 0.7072
Epoch 118/150 | Train Loss: 0.0194 | Epoch Time: 0.59s | Spearman@80: 0.8813 | Kendall@80: 0.7040
Epoch 119/150 | Train Loss: 0.0189 | Epoch Time: 0.59s | Spearman@80: 0.8811 | Kendall@80: 0.7059
Epoch 120/150 | Train Loss: 0.0190 | Epoch Time: 0.60s | Spearman@80: 0.8784 | Kendall@80: 0.7059
Epoch 121/150 | Train Loss: 0.0195 | Epoch Time: 0.60s | Spearman@80: 0.8771 | Kendall@80: 0.7034
Epoch 122/150 | Train Loss: 0.0129 | Epoch Time: 0.60s | Spearman@80: 0.8768 | Kendall@80: 0.7009
Epoch 123/150 | Train Loss: 0.0159 | Epoch Time: 0.60s | Spearman@80: 0.8805 | Kendall@80: 0.7047
Epoch 124/150 | Train Loss: 0.0165 | Epoch Time: 0.59s | Spearman@80: 0.8815 | Kendall@80: 0.7066
Epoch 125/150 | Train Loss: 0.0159 | Epoch Time: 0.59s | Spearman@80: 0.8840 | Kendall@80: 0.7135
Epoch 126/150 | Train Loss: 0.0182 | Epoch Time: 0.58s | Spearman@80: 0.8736 | Kendall@80: 0.6958
Epoch 127/150 | Train Loss: 0.0175 | Epoch Time: 0.52s | Spearman@80: 0.8784 | Kendall@80: 0.7015
Epoch 128/150 | Train Loss: 0.0166 | Epoch Time: 0.49s | Spearman@80: 0.8863 | Kendall@80: 0.7129
Epoch 129/150 | Train Loss: 0.0178 | Epoch Time: 0.53s | Spearman@80: 0.8877 | Kendall@80: 0.7142
Epoch 130/150 | Train Loss: 0.0179 | Epoch Time: 0.50s | Spearman@80: 0.8840 | Kendall@80: 0.7116
Epoch 131/150 | Train Loss: 0.0188 | Epoch Time: 0.49s | Spearman@80: 0.8856 | Kendall@80: 0.7148
Epoch 132/150 | Train Loss: 0.0180 | Epoch Time: 0.57s | Spearman@80: 0.8818 | Kendall@80: 0.7097
Epoch 133/150 | Train Loss: 0.0181 | Epoch Time: 0.59s | Spearman@80: 0.8698 | Kendall@80: 0.6920
Epoch 134/150 | Train Loss: 0.0146 | Epoch Time: 0.53s | Spearman@80: 0.8830 | Kendall@80: 0.7097
Epoch 135/150 | Train Loss: 0.0166 | Epoch Time: 0.56s | Spearman@80: 0.8810 | Kendall@80: 0.7078
Epoch 136/150 | Train Loss: 0.0189 | Epoch Time: 0.57s | Spearman@80: 0.8723 | Kendall@80: 0.6926
Epoch 137/150 | Train Loss: 0.0162 | Epoch Time: 0.56s | Spearman@80: 0.8778 | Kendall@80: 0.7040
Epoch 138/150 | Train Loss: 0.0172 | Epoch Time: 0.57s | Spearman@80: 0.8815 | Kendall@80: 0.7110
Epoch 139/150 | Train Loss: 0.0198 | Epoch Time: 0.56s | Spearman@80: 0.8864 | Kendall@80: 0.7160
Epoch 140/150 | Train Loss: 0.0144 | Epoch Time: 0.59s | Spearman@80: 0.8811 | Kendall@80: 0.7066
Epoch 141/150 | Train Loss: 0.0187 | Epoch Time: 0.60s | Spearman@80: 0.8794 | Kendall@80: 0.7040
Epoch 142/150 | Train Loss: 0.0175 | Epoch Time: 0.57s | Spearman@80: 0.8804 | Kendall@80: 0.7059
Epoch 143/150 | Train Loss: 0.0143 | Epoch Time: 0.55s | Spearman@80: 0.8777 | Kendall@80: 0.7040
Epoch 144/150 | Train Loss: 0.0184 | Epoch Time: 0.59s | Spearman@80: 0.8739 | Kendall@80: 0.7009
Epoch 145/150 | Train Loss: 0.0138 | Epoch Time: 0.55s | Spearman@80: 0.8796 | Kendall@80: 0.7047
Epoch 146/150 | Train Loss: 0.0167 | Epoch Time: 0.60s | Spearman@80: 0.8818 | Kendall@80: 0.7066
Epoch 147/150 | Train Loss: 0.0128 | Epoch Time: 32.57s | Spearman@423495: 0.8970 | Kendall@423495: 0.7223
Epoch 148/150 | Train Loss: 0.0160 | Epoch Time: 32.52s | Spearman@423495: 0.8949 | Kendall@423495: 0.7192
Epoch 149/150 | Train Loss: 0.0179 | Epoch Time: 32.48s | Spearman@423495: 0.8981 | Kendall@423495: 0.7238
Epoch 150/150 | Train Loss: 0.0192 | Epoch Time: 32.35s | Spearman@423495: 0.8960 | Kendall@423495: 0.7211
Sample Count: 128, Spearman: 0.8965068230488114, Kendall: 0.7216111831616061
{64: (0.7520187039935413, 0.5631571203661778),
 128: (0.8965068230488114, 0.7216111831616061)}
Epoch 1/150 | Train Loss: 0.0971 | Epoch Time: 0.26s | Spearman@80: 0.3598 | Kendall@80: 0.2472
Epoch 2/150 | Train Loss: 0.0758 | Epoch Time: 0.27s | Spearman@80: 0.5032 | Kendall@80: 0.3472
Epoch 3/150 | Train Loss: 0.0649 | Epoch Time: 0.29s | Spearman@80: 0.6285 | Kendall@80: 0.4529
Epoch 4/150 | Train Loss: 0.0533 | Epoch Time: 0.28s | Spearman@80: 0.6854 | Kendall@80: 0.5010
Epoch 5/150 | Train Loss: 0.0539 | Epoch Time: 0.25s | Spearman@80: 0.6530 | Kendall@80: 0.4725
Epoch 6/150 | Train Loss: 0.0452 | Epoch Time: 0.27s | Spearman@80: 0.7171 | Kendall@80: 0.5428
Epoch 7/150 | Train Loss: 0.0467 | Epoch Time: 0.30s | Spearman@80: 0.7553 | Kendall@80: 0.5681
Epoch 8/150 | Train Loss: 0.0428 | Epoch Time: 0.29s | Spearman@80: 0.7874 | Kendall@80: 0.5998
Epoch 9/150 | Train Loss: 0.0518 | Epoch Time: 0.29s | Spearman@80: 0.7745 | Kendall@80: 0.5915
Epoch 10/150 | Train Loss: 0.0387 | Epoch Time: 0.27s | Spearman@80: 0.7800 | Kendall@80: 0.5960
Epoch 11/150 | Train Loss: 0.0449 | Epoch Time: 0.29s | Spearman@80: 0.8050 | Kendall@80: 0.6207
Epoch 12/150 | Train Loss: 0.0465 | Epoch Time: 0.28s | Spearman@80: 0.7808 | Kendall@80: 0.6124
Epoch 13/150 | Train Loss: 0.0401 | Epoch Time: 0.26s | Spearman@80: 0.8191 | Kendall@80: 0.6428
Epoch 14/150 | Train Loss: 0.0391 | Epoch Time: 0.29s | Spearman@80: 0.8016 | Kendall@80: 0.6143
Epoch 15/150 | Train Loss: 0.0363 | Epoch Time: 0.27s | Spearman@80: 0.8241 | Kendall@80: 0.6454
Epoch 16/150 | Train Loss: 0.0391 | Epoch Time: 0.27s | Spearman@80: 0.7971 | Kendall@80: 0.6143
Epoch 17/150 | Train Loss: 0.0472 | Epoch Time: 0.30s | Spearman@80: 0.7755 | Kendall@80: 0.5840
Epoch 18/150 | Train Loss: 0.0420 | Epoch Time: 0.29s | Spearman@80: 0.8119 | Kendall@80: 0.6302
Epoch 19/150 | Train Loss: 0.0385 | Epoch Time: 0.28s | Spearman@80: 0.8104 | Kendall@80: 0.6048
Epoch 20/150 | Train Loss: 0.0337 | Epoch Time: 0.29s | Spearman@80: 0.8286 | Kendall@80: 0.6397
Epoch 21/150 | Train Loss: 0.0298 | Epoch Time: 0.29s | Spearman@80: 0.7915 | Kendall@80: 0.6131
Epoch 22/150 | Train Loss: 0.0403 | Epoch Time: 0.28s | Spearman@80: 0.7404 | Kendall@80: 0.5555
Epoch 23/150 | Train Loss: 0.0429 | Epoch Time: 0.28s | Spearman@80: 0.8175 | Kendall@80: 0.6333
Epoch 24/150 | Train Loss: 0.0453 | Epoch Time: 0.28s | Spearman@80: 0.8022 | Kendall@80: 0.6156
Epoch 25/150 | Train Loss: 0.0427 | Epoch Time: 0.28s | Spearman@80: 0.8001 | Kendall@80: 0.6099
Epoch 26/150 | Train Loss: 0.0380 | Epoch Time: 0.27s | Spearman@80: 0.8041 | Kendall@80: 0.6188
Epoch 27/150 | Train Loss: 0.0414 | Epoch Time: 0.29s | Spearman@80: 0.7780 | Kendall@80: 0.5852
Epoch 28/150 | Train Loss: 0.0391 | Epoch Time: 0.26s | Spearman@80: 0.8050 | Kendall@80: 0.6213
Epoch 29/150 | Train Loss: 0.0323 | Epoch Time: 0.28s | Spearman@80: 0.8331 | Kendall@80: 0.6479
Epoch 30/150 | Train Loss: 0.0289 | Epoch Time: 0.29s | Spearman@80: 0.8262 | Kendall@80: 0.6428
Epoch 31/150 | Train Loss: 0.0293 | Epoch Time: 0.27s | Spearman@80: 0.8066 | Kendall@80: 0.6251
Epoch 32/150 | Train Loss: 0.0363 | Epoch Time: 0.29s | Spearman@80: 0.8234 | Kendall@80: 0.6378
Epoch 33/150 | Train Loss: 0.0336 | Epoch Time: 0.27s | Spearman@80: 0.8137 | Kendall@80: 0.6390
Epoch 34/150 | Train Loss: 0.0303 | Epoch Time: 0.29s | Spearman@80: 0.8393 | Kendall@80: 0.6542
Epoch 35/150 | Train Loss: 0.0384 | Epoch Time: 0.29s | Spearman@80: 0.8222 | Kendall@80: 0.6460
Epoch 36/150 | Train Loss: 0.0305 | Epoch Time: 0.29s | Spearman@80: 0.7886 | Kendall@80: 0.6067
Epoch 37/150 | Train Loss: 0.0302 | Epoch Time: 0.29s | Spearman@80: 0.7719 | Kendall@80: 0.5890
Epoch 38/150 | Train Loss: 0.0270 | Epoch Time: 0.28s | Spearman@80: 0.8211 | Kendall@80: 0.6409
Epoch 39/150 | Train Loss: 0.0273 | Epoch Time: 0.29s | Spearman@80: 0.7969 | Kendall@80: 0.6042
Epoch 40/150 | Train Loss: 0.0348 | Epoch Time: 0.29s | Spearman@80: 0.8249 | Kendall@80: 0.6422
Epoch 41/150 | Train Loss: 0.0317 | Epoch Time: 0.28s | Spearman@80: 0.8315 | Kendall@80: 0.6561
Epoch 42/150 | Train Loss: 0.0244 | Epoch Time: 0.28s | Spearman@80: 0.8364 | Kendall@80: 0.6504
Epoch 43/150 | Train Loss: 0.0334 | Epoch Time: 0.29s | Spearman@80: 0.8289 | Kendall@80: 0.6441
Epoch 44/150 | Train Loss: 0.0287 | Epoch Time: 0.29s | Spearman@80: 0.8159 | Kendall@80: 0.6245
Epoch 45/150 | Train Loss: 0.0300 | Epoch Time: 0.29s | Spearman@80: 0.8154 | Kendall@80: 0.6283
Epoch 46/150 | Train Loss: 0.0340 | Epoch Time: 0.28s | Spearman@80: 0.8259 | Kendall@80: 0.6314
Epoch 47/150 | Train Loss: 0.0281 | Epoch Time: 0.27s | Spearman@80: 0.8327 | Kendall@80: 0.6428
Epoch 48/150 | Train Loss: 0.0273 | Epoch Time: 0.27s | Spearman@80: 0.8164 | Kendall@80: 0.6359
Epoch 49/150 | Train Loss: 0.0248 | Epoch Time: 0.29s | Spearman@80: 0.8445 | Kendall@80: 0.6643
Epoch 50/150 | Train Loss: 0.0238 | Epoch Time: 0.27s | Spearman@80: 0.8408 | Kendall@80: 0.6492
Epoch 51/150 | Train Loss: 0.0255 | Epoch Time: 0.28s | Spearman@80: 0.8437 | Kendall@80: 0.6618
Epoch 52/150 | Train Loss: 0.0271 | Epoch Time: 0.27s | Spearman@80: 0.8291 | Kendall@80: 0.6511
Epoch 53/150 | Train Loss: 0.0296 | Epoch Time: 0.28s | Spearman@80: 0.8307 | Kendall@80: 0.6504
Epoch 54/150 | Train Loss: 0.0196 | Epoch Time: 0.28s | Spearman@80: 0.8341 | Kendall@80: 0.6498
Epoch 55/150 | Train Loss: 0.0186 | Epoch Time: 0.28s | Spearman@80: 0.8310 | Kendall@80: 0.6473
Epoch 56/150 | Train Loss: 0.0287 | Epoch Time: 0.29s | Spearman@80: 0.8215 | Kendall@80: 0.6409
Epoch 57/150 | Train Loss: 0.0325 | Epoch Time: 0.27s | Spearman@80: 0.8447 | Kendall@80: 0.6688
Epoch 58/150 | Train Loss: 0.0238 | Epoch Time: 0.29s | Spearman@80: 0.8418 | Kendall@80: 0.6549
Epoch 59/150 | Train Loss: 0.0220 | Epoch Time: 0.29s | Spearman@80: 0.8297 | Kendall@80: 0.6435
Epoch 60/150 | Train Loss: 0.0204 | Epoch Time: 0.29s | Spearman@80: 0.8235 | Kendall@80: 0.6435
Epoch 61/150 | Train Loss: 0.0195 | Epoch Time: 0.28s | Spearman@80: 0.8334 | Kendall@80: 0.6542
Epoch 62/150 | Train Loss: 0.0222 | Epoch Time: 0.27s | Spearman@80: 0.8418 | Kendall@80: 0.6542
Epoch 63/150 | Train Loss: 0.0242 | Epoch Time: 0.27s | Spearman@80: 0.8429 | Kendall@80: 0.6574
Epoch 64/150 | Train Loss: 0.0261 | Epoch Time: 0.29s | Spearman@80: 0.8300 | Kendall@80: 0.6517
Epoch 65/150 | Train Loss: 0.0340 | Epoch Time: 0.27s | Spearman@80: 0.8283 | Kendall@80: 0.6428
Epoch 66/150 | Train Loss: 0.0221 | Epoch Time: 0.28s | Spearman@80: 0.8282 | Kendall@80: 0.6409
Epoch 67/150 | Train Loss: 0.0302 | Epoch Time: 0.28s | Spearman@80: 0.8383 | Kendall@80: 0.6536
Epoch 68/150 | Train Loss: 0.0247 | Epoch Time: 0.28s | Spearman@80: 0.8250 | Kendall@80: 0.6523
Epoch 69/150 | Train Loss: 0.0236 | Epoch Time: 0.27s | Spearman@80: 0.8446 | Kendall@80: 0.6719
Epoch 70/150 | Train Loss: 0.0178 | Epoch Time: 0.27s | Spearman@80: 0.8430 | Kendall@80: 0.6580
Epoch 71/150 | Train Loss: 0.0216 | Epoch Time: 0.28s | Spearman@80: 0.8425 | Kendall@80: 0.6650
Epoch 72/150 | Train Loss: 0.0222 | Epoch Time: 0.28s | Spearman@80: 0.8375 | Kendall@80: 0.6567
Epoch 73/150 | Train Loss: 0.0187 | Epoch Time: 0.28s | Spearman@80: 0.8403 | Kendall@80: 0.6586
Epoch 74/150 | Train Loss: 0.0153 | Epoch Time: 0.29s | Spearman@80: 0.8465 | Kendall@80: 0.6618
Epoch 75/150 | Train Loss: 0.0211 | Epoch Time: 0.27s | Spearman@80: 0.8512 | Kendall@80: 0.6650
Epoch 76/150 | Train Loss: 0.0157 | Epoch Time: 0.28s | Spearman@80: 0.8518 | Kendall@80: 0.6751
Epoch 77/150 | Train Loss: 0.0221 | Epoch Time: 0.27s | Spearman@80: 0.8455 | Kendall@80: 0.6624
Epoch 78/150 | Train Loss: 0.0255 | Epoch Time: 0.28s | Spearman@80: 0.8358 | Kendall@80: 0.6517
Epoch 79/150 | Train Loss: 0.0230 | Epoch Time: 0.29s | Spearman@80: 0.8327 | Kendall@80: 0.6542
Epoch 80/150 | Train Loss: 0.0232 | Epoch Time: 0.27s | Spearman@80: 0.8170 | Kendall@80: 0.6384
Epoch 81/150 | Train Loss: 0.0168 | Epoch Time: 0.29s | Spearman@80: 0.8118 | Kendall@80: 0.6270
Epoch 82/150 | Train Loss: 0.0175 | Epoch Time: 0.27s | Spearman@80: 0.8189 | Kendall@80: 0.6403
Epoch 83/150 | Train Loss: 0.0234 | Epoch Time: 0.28s | Spearman@80: 0.8176 | Kendall@80: 0.6359
Epoch 84/150 | Train Loss: 0.0140 | Epoch Time: 0.28s | Spearman@80: 0.8217 | Kendall@80: 0.6416
Epoch 85/150 | Train Loss: 0.0169 | Epoch Time: 0.28s | Spearman@80: 0.8380 | Kendall@80: 0.6549
Epoch 86/150 | Train Loss: 0.0136 | Epoch Time: 0.27s | Spearman@80: 0.8409 | Kendall@80: 0.6612
Epoch 87/150 | Train Loss: 0.0162 | Epoch Time: 0.28s | Spearman@80: 0.8471 | Kendall@80: 0.6637
Epoch 88/150 | Train Loss: 0.0179 | Epoch Time: 0.29s | Spearman@80: 0.8426 | Kendall@80: 0.6586
Epoch 89/150 | Train Loss: 0.0253 | Epoch Time: 0.26s | Spearman@80: 0.8390 | Kendall@80: 0.6580
Epoch 90/150 | Train Loss: 0.0261 | Epoch Time: 0.28s | Spearman@80: 0.8483 | Kendall@80: 0.6637
Epoch 91/150 | Train Loss: 0.0282 | Epoch Time: 0.28s | Spearman@80: 0.8393 | Kendall@80: 0.6599
Epoch 92/150 | Train Loss: 0.0170 | Epoch Time: 0.28s | Spearman@80: 0.8364 | Kendall@80: 0.6492
Epoch 93/150 | Train Loss: 0.0198 | Epoch Time: 0.28s | Spearman@80: 0.8343 | Kendall@80: 0.6454
Epoch 94/150 | Train Loss: 0.0217 | Epoch Time: 0.28s | Spearman@80: 0.8348 | Kendall@80: 0.6485
Epoch 95/150 | Train Loss: 0.0118 | Epoch Time: 0.28s | Spearman@80: 0.8321 | Kendall@80: 0.6511
Epoch 96/150 | Train Loss: 0.0211 | Epoch Time: 0.28s | Spearman@80: 0.8396 | Kendall@80: 0.6586
Epoch 97/150 | Train Loss: 0.0233 | Epoch Time: 0.28s | Spearman@80: 0.8322 | Kendall@80: 0.6447
Epoch 98/150 | Train Loss: 0.0138 | Epoch Time: 0.28s | Spearman@80: 0.8338 | Kendall@80: 0.6492
Epoch 99/150 | Train Loss: 0.0185 | Epoch Time: 0.28s | Spearman@80: 0.8242 | Kendall@80: 0.6352
Epoch 100/150 | Train Loss: 0.0231 | Epoch Time: 0.26s | Spearman@80: 0.8256 | Kendall@80: 0.6397
Epoch 101/150 | Train Loss: 0.0149 | Epoch Time: 0.28s | Spearman@80: 0.8324 | Kendall@80: 0.6485
Epoch 102/150 | Train Loss: 0.0227 | Epoch Time: 0.29s | Spearman@80: 0.8379 | Kendall@80: 0.6599
Epoch 103/150 | Train Loss: 0.0163 | Epoch Time: 0.28s | Spearman@80: 0.8449 | Kendall@80: 0.6643
Epoch 104/150 | Train Loss: 0.0161 | Epoch Time: 0.28s | Spearman@80: 0.8459 | Kendall@80: 0.6681
Epoch 105/150 | Train Loss: 0.0143 | Epoch Time: 0.28s | Spearman@80: 0.8405 | Kendall@80: 0.6586
Epoch 106/150 | Train Loss: 0.0275 | Epoch Time: 0.29s | Spearman@80: 0.8363 | Kendall@80: 0.6580
Epoch 107/150 | Train Loss: 0.0177 | Epoch Time: 0.28s | Spearman@80: 0.8343 | Kendall@80: 0.6549
Epoch 108/150 | Train Loss: 0.0120 | Epoch Time: 0.30s | Spearman@80: 0.8360 | Kendall@80: 0.6530
Epoch 109/150 | Train Loss: 0.0202 | Epoch Time: 0.27s | Spearman@80: 0.8447 | Kendall@80: 0.6593
Epoch 110/150 | Train Loss: 0.0162 | Epoch Time: 0.28s | Spearman@80: 0.8379 | Kendall@80: 0.6504
Epoch 111/150 | Train Loss: 0.0171 | Epoch Time: 0.27s | Spearman@80: 0.8355 | Kendall@80: 0.6498
Epoch 112/150 | Train Loss: 0.0214 | Epoch Time: 0.27s | Spearman@80: 0.8426 | Kendall@80: 0.6567
Epoch 113/150 | Train Loss: 0.0144 | Epoch Time: 0.28s | Spearman@80: 0.8393 | Kendall@80: 0.6555
Epoch 114/150 | Train Loss: 0.0218 | Epoch Time: 0.29s | Spearman@80: 0.8388 | Kendall@80: 0.6549
Epoch 115/150 | Train Loss: 0.0127 | Epoch Time: 0.28s | Spearman@80: 0.8385 | Kendall@80: 0.6523
Epoch 116/150 | Train Loss: 0.0161 | Epoch Time: 0.29s | Spearman@80: 0.8358 | Kendall@80: 0.6485
Epoch 117/150 | Train Loss: 0.0107 | Epoch Time: 0.27s | Spearman@80: 0.8347 | Kendall@80: 0.6466
Epoch 118/150 | Train Loss: 0.0095 | Epoch Time: 0.27s | Spearman@80: 0.8329 | Kendall@80: 0.6473
Epoch 119/150 | Train Loss: 0.0161 | Epoch Time: 0.28s | Spearman@80: 0.8329 | Kendall@80: 0.6498
Epoch 120/150 | Train Loss: 0.0209 | Epoch Time: 0.28s | Spearman@80: 0.8331 | Kendall@80: 0.6523
Epoch 121/150 | Train Loss: 0.0100 | Epoch Time: 0.28s | Spearman@80: 0.8321 | Kendall@80: 0.6504
Epoch 122/150 | Train Loss: 0.0126 | Epoch Time: 0.28s | Spearman@80: 0.8345 | Kendall@80: 0.6511
Epoch 123/150 | Train Loss: 0.0096 | Epoch Time: 0.31s | Spearman@80: 0.8341 | Kendall@80: 0.6492
Epoch 124/150 | Train Loss: 0.0121 | Epoch Time: 0.32s | Spearman@80: 0.8360 | Kendall@80: 0.6523
Epoch 125/150 | Train Loss: 0.0185 | Epoch Time: 0.34s | Spearman@80: 0.8355 | Kendall@80: 0.6498
Epoch 126/150 | Train Loss: 0.0167 | Epoch Time: 0.35s | Spearman@80: 0.8373 | Kendall@80: 0.6523
Epoch 127/150 | Train Loss: 0.0163 | Epoch Time: 0.33s | Spearman@80: 0.8303 | Kendall@80: 0.6473
Epoch 128/150 | Train Loss: 0.0196 | Epoch Time: 0.34s | Spearman@80: 0.8290 | Kendall@80: 0.6460
Epoch 129/150 | Train Loss: 0.0229 | Epoch Time: 0.33s | Spearman@80: 0.8314 | Kendall@80: 0.6498
Epoch 130/150 | Train Loss: 0.0175 | Epoch Time: 0.32s | Spearman@80: 0.8348 | Kendall@80: 0.6536
Epoch 131/150 | Train Loss: 0.0201 | Epoch Time: 0.33s | Spearman@80: 0.8348 | Kendall@80: 0.6536
Epoch 132/150 | Train Loss: 0.0187 | Epoch Time: 0.34s | Spearman@80: 0.8316 | Kendall@80: 0.6473
Epoch 133/150 | Train Loss: 0.0184 | Epoch Time: 0.34s | Spearman@80: 0.8305 | Kendall@80: 0.6485
Epoch 134/150 | Train Loss: 0.0162 | Epoch Time: 0.33s | Spearman@80: 0.8281 | Kendall@80: 0.6466
Epoch 135/150 | Train Loss: 0.0118 | Epoch Time: 0.35s | Spearman@80: 0.8304 | Kendall@80: 0.6492
Epoch 136/150 | Train Loss: 0.0140 | Epoch Time: 0.34s | Spearman@80: 0.8278 | Kendall@80: 0.6460
Epoch 137/150 | Train Loss: 0.0208 | Epoch Time: 0.32s | Spearman@80: 0.8299 | Kendall@80: 0.6479
Epoch 138/150 | Train Loss: 0.0151 | Epoch Time: 0.34s | Spearman@80: 0.8295 | Kendall@80: 0.6466
Epoch 139/150 | Train Loss: 0.0156 | Epoch Time: 0.32s | Spearman@80: 0.8314 | Kendall@80: 0.6485
Epoch 140/150 | Train Loss: 0.0130 | Epoch Time: 0.33s | Spearman@80: 0.8326 | Kendall@80: 0.6479
Epoch 141/150 | Train Loss: 0.0165 | Epoch Time: 0.32s | Spearman@80: 0.8279 | Kendall@80: 0.6454
Epoch 142/150 | Train Loss: 0.0187 | Epoch Time: 0.34s | Spearman@80: 0.8328 | Kendall@80: 0.6473
Epoch 143/150 | Train Loss: 0.0114 | Epoch Time: 0.35s | Spearman@80: 0.8316 | Kendall@80: 0.6466
Epoch 144/150 | Train Loss: 0.0202 | Epoch Time: 0.32s | Spearman@80: 0.8295 | Kendall@80: 0.6466
Epoch 145/150 | Train Loss: 0.0163 | Epoch Time: 0.35s | Spearman@80: 0.8297 | Kendall@80: 0.6428
Epoch 146/150 | Train Loss: 0.0138 | Epoch Time: 0.31s | Spearman@80: 0.8320 | Kendall@80: 0.6466
Epoch 147/150 | Train Loss: 0.0131 | Epoch Time: 25.91s | Spearman@423559: 0.8354 | Kendall@423559: 0.6481
Epoch 148/150 | Train Loss: 0.0148 | Epoch Time: 26.35s | Spearman@423559: 0.8345 | Kendall@423559: 0.6469
Epoch 149/150 | Train Loss: 0.0146 | Epoch Time: 25.94s | Spearman@423559: 0.8335 | Kendall@423559: 0.6457
Epoch 150/150 | Train Loss: 0.0135 | Epoch Time: 26.22s | Spearman@423559: 0.8347 | Kendall@423559: 0.6475
Sample Count: 64, Spearman: 0.8345063364628973, Kendall: 0.6470320797979671
{64: (0.8345063364628973, 0.6470320797979671),
 128: (0.8965068230488114, 0.7216111831616061)}
Epoch 1/150 | Train Loss: 0.0938 | Epoch Time: 0.69s | Spearman@80: 0.5749 | Kendall@80: 0.4025
Epoch 2/150 | Train Loss: 0.0713 | Epoch Time: 0.65s | Spearman@80: 0.6555 | Kendall@80: 0.4627
Epoch 3/150 | Train Loss: 0.0765 | Epoch Time: 0.65s | Spearman@80: 0.7072 | Kendall@80: 0.5095
Epoch 4/150 | Train Loss: 0.0585 | Epoch Time: 0.60s | Spearman@80: 0.7732 | Kendall@80: 0.5703
Epoch 5/150 | Train Loss: 0.0540 | Epoch Time: 0.60s | Spearman@80: 0.8325 | Kendall@80: 0.6335
Epoch 6/150 | Train Loss: 0.0437 | Epoch Time: 0.60s | Spearman@80: 0.7852 | Kendall@80: 0.5816
Epoch 7/150 | Train Loss: 0.0709 | Epoch Time: 0.61s | Spearman@80: 0.7757 | Kendall@80: 0.5734
Epoch 8/150 | Train Loss: 0.0565 | Epoch Time: 0.60s | Spearman@80: 0.7857 | Kendall@80: 0.5937
Epoch 9/150 | Train Loss: 0.0547 | Epoch Time: 0.60s | Spearman@80: 0.8055 | Kendall@80: 0.6127
Epoch 10/150 | Train Loss: 0.0604 | Epoch Time: 0.60s | Spearman@80: 0.7960 | Kendall@80: 0.5867
Epoch 11/150 | Train Loss: 0.0562 | Epoch Time: 0.60s | Spearman@80: 0.7316 | Kendall@80: 0.5190
Epoch 12/150 | Train Loss: 0.0534 | Epoch Time: 0.61s | Spearman@80: 0.8567 | Kendall@80: 0.6576
Epoch 13/150 | Train Loss: 0.0520 | Epoch Time: 0.60s | Spearman@80: 0.8327 | Kendall@80: 0.6342
Epoch 14/150 | Train Loss: 0.0517 | Epoch Time: 0.59s | Spearman@80: 0.8639 | Kendall@80: 0.6747
Epoch 15/150 | Train Loss: 0.0480 | Epoch Time: 0.60s | Spearman@80: 0.8178 | Kendall@80: 0.6133
Epoch 16/150 | Train Loss: 0.0443 | Epoch Time: 0.61s | Spearman@80: 0.8228 | Kendall@80: 0.6196
Epoch 17/150 | Train Loss: 0.0511 | Epoch Time: 0.59s | Spearman@80: 0.8632 | Kendall@80: 0.6652
Epoch 18/150 | Train Loss: 0.0424 | Epoch Time: 0.60s | Spearman@80: 0.8580 | Kendall@80: 0.6646
Epoch 19/150 | Train Loss: 0.0473 | Epoch Time: 0.59s | Spearman@80: 0.8554 | Kendall@80: 0.6614
Epoch 20/150 | Train Loss: 0.0420 | Epoch Time: 0.60s | Spearman@80: 0.8519 | Kendall@80: 0.6525
Epoch 21/150 | Train Loss: 0.0440 | Epoch Time: 0.60s | Spearman@80: 0.8245 | Kendall@80: 0.6380
Epoch 22/150 | Train Loss: 0.0459 | Epoch Time: 0.60s | Spearman@80: 0.8057 | Kendall@80: 0.5924
Epoch 23/150 | Train Loss: 0.0451 | Epoch Time: 0.61s | Spearman@80: 0.8457 | Kendall@80: 0.6481
Epoch 24/150 | Train Loss: 0.0460 | Epoch Time: 0.60s | Spearman@80: 0.8177 | Kendall@80: 0.6158
Epoch 25/150 | Train Loss: 0.0449 | Epoch Time: 0.60s | Spearman@80: 0.7741 | Kendall@80: 0.5684
Epoch 26/150 | Train Loss: 0.0451 | Epoch Time: 0.59s | Spearman@80: 0.8598 | Kendall@80: 0.6601
Epoch 27/150 | Train Loss: 0.0484 | Epoch Time: 0.61s | Spearman@80: 0.8094 | Kendall@80: 0.6019
Epoch 28/150 | Train Loss: 0.0436 | Epoch Time: 0.61s | Spearman@80: 0.7887 | Kendall@80: 0.5886
Epoch 29/150 | Train Loss: 0.0411 | Epoch Time: 0.60s | Spearman@80: 0.8423 | Kendall@80: 0.6475
Epoch 30/150 | Train Loss: 0.0458 | Epoch Time: 0.60s | Spearman@80: 0.8486 | Kendall@80: 0.6551
Epoch 31/150 | Train Loss: 0.0372 | Epoch Time: 0.60s | Spearman@80: 0.8534 | Kendall@80: 0.6576
Epoch 32/150 | Train Loss: 0.0340 | Epoch Time: 0.60s | Spearman@80: 0.8156 | Kendall@80: 0.6215
Epoch 33/150 | Train Loss: 0.0430 | Epoch Time: 0.58s | Spearman@80: 0.7613 | Kendall@80: 0.5551
Epoch 34/150 | Train Loss: 0.0486 | Epoch Time: 0.60s | Spearman@80: 0.8067 | Kendall@80: 0.6063
Epoch 35/150 | Train Loss: 0.0384 | Epoch Time: 0.61s | Spearman@80: 0.7902 | Kendall@80: 0.5766
Epoch 36/150 | Train Loss: 0.0426 | Epoch Time: 0.62s | Spearman@80: 0.8224 | Kendall@80: 0.6259
Epoch 37/150 | Train Loss: 0.0355 | Epoch Time: 0.63s | Spearman@80: 0.8487 | Kendall@80: 0.6570
Epoch 38/150 | Train Loss: 0.0400 | Epoch Time: 0.59s | Spearman@80: 0.8172 | Kendall@80: 0.6152
Epoch 39/150 | Train Loss: 0.0428 | Epoch Time: 0.57s | Spearman@80: 0.8477 | Kendall@80: 0.6399
Epoch 40/150 | Train Loss: 0.0384 | Epoch Time: 0.59s | Spearman@80: 0.8093 | Kendall@80: 0.6133
Epoch 41/150 | Train Loss: 0.0402 | Epoch Time: 0.59s | Spearman@80: 0.8122 | Kendall@80: 0.6259
Epoch 42/150 | Train Loss: 0.0408 | Epoch Time: 0.62s | Spearman@80: 0.8351 | Kendall@80: 0.6297
Epoch 43/150 | Train Loss: 0.0404 | Epoch Time: 0.62s | Spearman@80: 0.7963 | Kendall@80: 0.5899
Epoch 44/150 | Train Loss: 0.0305 | Epoch Time: 0.61s | Spearman@80: 0.8329 | Kendall@80: 0.6266
Epoch 45/150 | Train Loss: 0.0386 | Epoch Time: 0.61s | Spearman@80: 0.8383 | Kendall@80: 0.6329
Epoch 46/150 | Train Loss: 0.0321 | Epoch Time: 0.62s | Spearman@80: 0.7996 | Kendall@80: 0.5968
Epoch 47/150 | Train Loss: 0.0352 | Epoch Time: 0.62s | Spearman@80: 0.8530 | Kendall@80: 0.6500
Epoch 48/150 | Train Loss: 0.0368 | Epoch Time: 0.62s | Spearman@80: 0.7882 | Kendall@80: 0.5810
Epoch 49/150 | Train Loss: 0.0372 | Epoch Time: 0.60s | Spearman@80: 0.8211 | Kendall@80: 0.6203
Epoch 50/150 | Train Loss: 0.0317 | Epoch Time: 0.61s | Spearman@80: 0.8656 | Kendall@80: 0.6728
Epoch 51/150 | Train Loss: 0.0361 | Epoch Time: 0.60s | Spearman@80: 0.8440 | Kendall@80: 0.6437
Epoch 52/150 | Train Loss: 0.0353 | Epoch Time: 0.60s | Spearman@80: 0.8298 | Kendall@80: 0.6380
Epoch 53/150 | Train Loss: 0.0279 | Epoch Time: 0.60s | Spearman@80: 0.8327 | Kendall@80: 0.6373
Epoch 54/150 | Train Loss: 0.0297 | Epoch Time: 0.60s | Spearman@80: 0.8094 | Kendall@80: 0.6101
Epoch 55/150 | Train Loss: 0.0362 | Epoch Time: 0.66s | Spearman@80: 0.8649 | Kendall@80: 0.6665
Epoch 56/150 | Train Loss: 0.0354 | Epoch Time: 0.65s | Spearman@80: 0.8510 | Kendall@80: 0.6620
Epoch 57/150 | Train Loss: 0.0348 | Epoch Time: 0.65s | Spearman@80: 0.8323 | Kendall@80: 0.6373
Epoch 58/150 | Train Loss: 0.0356 | Epoch Time: 0.69s | Spearman@80: 0.8544 | Kendall@80: 0.6589
Epoch 59/150 | Train Loss: 0.0369 | Epoch Time: 0.65s | Spearman@80: 0.8880 | Kendall@80: 0.7019
Epoch 60/150 | Train Loss: 0.0306 | Epoch Time: 0.65s | Spearman@80: 0.8237 | Kendall@80: 0.6310
Epoch 61/150 | Train Loss: 0.0282 | Epoch Time: 0.68s | Spearman@80: 0.8095 | Kendall@80: 0.6190
Epoch 62/150 | Train Loss: 0.0260 | Epoch Time: 0.63s | Spearman@80: 0.8260 | Kendall@80: 0.6310
Epoch 63/150 | Train Loss: 0.0267 | Epoch Time: 0.68s | Spearman@80: 0.8161 | Kendall@80: 0.6203
Epoch 64/150 | Train Loss: 0.0361 | Epoch Time: 0.68s | Spearman@80: 0.8448 | Kendall@80: 0.6424
Epoch 65/150 | Train Loss: 0.0335 | Epoch Time: 0.67s | Spearman@80: 0.8664 | Kendall@80: 0.6753
Epoch 66/150 | Train Loss: 0.0321 | Epoch Time: 0.65s | Spearman@80: 0.8629 | Kendall@80: 0.6722
Epoch 67/150 | Train Loss: 0.0305 | Epoch Time: 0.67s | Spearman@80: 0.8681 | Kendall@80: 0.6766
Epoch 68/150 | Train Loss: 0.0291 | Epoch Time: 0.66s | Spearman@80: 0.8748 | Kendall@80: 0.6867
Epoch 69/150 | Train Loss: 0.0292 | Epoch Time: 0.66s | Spearman@80: 0.8116 | Kendall@80: 0.6082
Epoch 70/150 | Train Loss: 0.0238 | Epoch Time: 0.65s | Spearman@80: 0.8401 | Kendall@80: 0.6367
Epoch 71/150 | Train Loss: 0.0235 | Epoch Time: 0.68s | Spearman@80: 0.8608 | Kendall@80: 0.6608
Epoch 72/150 | Train Loss: 0.0243 | Epoch Time: 0.68s | Spearman@80: 0.8350 | Kendall@80: 0.6310
Epoch 73/150 | Train Loss: 0.0221 | Epoch Time: 0.69s | Spearman@80: 0.8206 | Kendall@80: 0.6297
Epoch 74/150 | Train Loss: 0.0219 | Epoch Time: 0.66s | Spearman@80: 0.8837 | Kendall@80: 0.6905
Epoch 75/150 | Train Loss: 0.0306 | Epoch Time: 0.63s | Spearman@80: 0.8404 | Kendall@80: 0.6500
Epoch 76/150 | Train Loss: 0.0302 | Epoch Time: 0.65s | Spearman@80: 0.8137 | Kendall@80: 0.6203
Epoch 77/150 | Train Loss: 0.0304 | Epoch Time: 0.69s | Spearman@80: 0.8614 | Kendall@80: 0.6690
Epoch 78/150 | Train Loss: 0.0334 | Epoch Time: 0.64s | Spearman@80: 0.8136 | Kendall@80: 0.6152
Epoch 79/150 | Train Loss: 0.0267 | Epoch Time: 0.66s | Spearman@80: 0.8502 | Kendall@80: 0.6481
Epoch 80/150 | Train Loss: 0.0253 | Epoch Time: 0.63s | Spearman@80: 0.8253 | Kendall@80: 0.6297
Epoch 81/150 | Train Loss: 0.0235 | Epoch Time: 0.67s | Spearman@80: 0.8218 | Kendall@80: 0.6304
Epoch 82/150 | Train Loss: 0.0207 | Epoch Time: 0.68s | Spearman@80: 0.8600 | Kendall@80: 0.6703
Epoch 83/150 | Train Loss: 0.0195 | Epoch Time: 0.64s | Spearman@80: 0.8367 | Kendall@80: 0.6449
Epoch 84/150 | Train Loss: 0.0316 | Epoch Time: 0.67s | Spearman@80: 0.8348 | Kendall@80: 0.6430
Epoch 85/150 | Train Loss: 0.0206 | Epoch Time: 0.65s | Spearman@80: 0.8786 | Kendall@80: 0.6892
Epoch 86/150 | Train Loss: 0.0236 | Epoch Time: 0.65s | Spearman@80: 0.8584 | Kendall@80: 0.6671
Epoch 87/150 | Train Loss: 0.0280 | Epoch Time: 0.67s | Spearman@80: 0.8513 | Kendall@80: 0.6589
Epoch 88/150 | Train Loss: 0.0264 | Epoch Time: 0.70s | Spearman@80: 0.8360 | Kendall@80: 0.6500
Epoch 89/150 | Train Loss: 0.0217 | Epoch Time: 0.66s | Spearman@80: 0.8370 | Kendall@80: 0.6487
Epoch 90/150 | Train Loss: 0.0217 | Epoch Time: 0.65s | Spearman@80: 0.8242 | Kendall@80: 0.6297
Epoch 91/150 | Train Loss: 0.0217 | Epoch Time: 0.69s | Spearman@80: 0.8522 | Kendall@80: 0.6589
Epoch 92/150 | Train Loss: 0.0160 | Epoch Time: 0.66s | Spearman@80: 0.8490 | Kendall@80: 0.6608
Epoch 93/150 | Train Loss: 0.0201 | Epoch Time: 0.65s | Spearman@80: 0.8109 | Kendall@80: 0.6196
Epoch 94/150 | Train Loss: 0.0234 | Epoch Time: 0.67s | Spearman@80: 0.8574 | Kendall@80: 0.6589
Epoch 95/150 | Train Loss: 0.0206 | Epoch Time: 0.67s | Spearman@80: 0.8414 | Kendall@80: 0.6449
Epoch 96/150 | Train Loss: 0.0233 | Epoch Time: 0.70s | Spearman@80: 0.8206 | Kendall@80: 0.6241
Epoch 97/150 | Train Loss: 0.0187 | Epoch Time: 0.66s | Spearman@80: 0.8232 | Kendall@80: 0.6285
Epoch 98/150 | Train Loss: 0.0226 | Epoch Time: 0.69s | Spearman@80: 0.8349 | Kendall@80: 0.6462
Epoch 99/150 | Train Loss: 0.0207 | Epoch Time: 0.64s | Spearman@80: 0.8725 | Kendall@80: 0.6835
Epoch 100/150 | Train Loss: 0.0219 | Epoch Time: 0.68s | Spearman@80: 0.7898 | Kendall@80: 0.5943
Epoch 101/150 | Train Loss: 0.0205 | Epoch Time: 0.64s | Spearman@80: 0.8846 | Kendall@80: 0.6956
Epoch 102/150 | Train Loss: 0.0165 | Epoch Time: 0.69s | Spearman@80: 0.8673 | Kendall@80: 0.6835
Epoch 103/150 | Train Loss: 0.0146 | Epoch Time: 0.67s | Spearman@80: 0.8506 | Kendall@80: 0.6646
Epoch 104/150 | Train Loss: 0.0234 | Epoch Time: 0.67s | Spearman@80: 0.8252 | Kendall@80: 0.6399
Epoch 105/150 | Train Loss: 0.0192 | Epoch Time: 0.67s | Spearman@80: 0.8360 | Kendall@80: 0.6443
Epoch 106/150 | Train Loss: 0.0207 | Epoch Time: 0.69s | Spearman@80: 0.8361 | Kendall@80: 0.6399
Epoch 107/150 | Train Loss: 0.0209 | Epoch Time: 0.65s | Spearman@80: 0.8447 | Kendall@80: 0.6481
Epoch 108/150 | Train Loss: 0.0182 | Epoch Time: 0.70s | Spearman@80: 0.8738 | Kendall@80: 0.6804
Epoch 109/150 | Train Loss: 0.0177 | Epoch Time: 0.69s | Spearman@80: 0.8325 | Kendall@80: 0.6405
Epoch 110/150 | Train Loss: 0.0188 | Epoch Time: 0.68s | Spearman@80: 0.8466 | Kendall@80: 0.6557
Epoch 111/150 | Train Loss: 0.0160 | Epoch Time: 0.68s | Spearman@80: 0.8562 | Kendall@80: 0.6665
Epoch 112/150 | Train Loss: 0.0177 | Epoch Time: 0.65s | Spearman@80: 0.8538 | Kendall@80: 0.6639
Epoch 113/150 | Train Loss: 0.0153 | Epoch Time: 0.68s | Spearman@80: 0.8502 | Kendall@80: 0.6551
Epoch 114/150 | Train Loss: 0.0174 | Epoch Time: 0.66s | Spearman@80: 0.8587 | Kendall@80: 0.6646
Epoch 115/150 | Train Loss: 0.0182 | Epoch Time: 0.64s | Spearman@80: 0.8508 | Kendall@80: 0.6570
Epoch 116/150 | Train Loss: 0.0162 | Epoch Time: 0.69s | Spearman@80: 0.8455 | Kendall@80: 0.6538
Epoch 117/150 | Train Loss: 0.0196 | Epoch Time: 0.68s | Spearman@80: 0.8523 | Kendall@80: 0.6639
Epoch 118/150 | Train Loss: 0.0185 | Epoch Time: 0.65s | Spearman@80: 0.8491 | Kendall@80: 0.6595
Epoch 119/150 | Train Loss: 0.0195 | Epoch Time: 0.67s | Spearman@80: 0.8468 | Kendall@80: 0.6576
Epoch 120/150 | Train Loss: 0.0167 | Epoch Time: 0.70s | Spearman@80: 0.8569 | Kendall@80: 0.6665
Epoch 121/150 | Train Loss: 0.0191 | Epoch Time: 0.66s | Spearman@80: 0.8342 | Kendall@80: 0.6443
Epoch 122/150 | Train Loss: 0.0162 | Epoch Time: 0.65s | Spearman@80: 0.8331 | Kendall@80: 0.6456
Epoch 123/150 | Train Loss: 0.0154 | Epoch Time: 0.67s | Spearman@80: 0.8381 | Kendall@80: 0.6443
Epoch 124/150 | Train Loss: 0.0178 | Epoch Time: 0.67s | Spearman@80: 0.8379 | Kendall@80: 0.6475
Epoch 125/150 | Train Loss: 0.0158 | Epoch Time: 0.69s | Spearman@80: 0.8472 | Kendall@80: 0.6563
Epoch 126/150 | Train Loss: 0.0167 | Epoch Time: 0.65s | Spearman@80: 0.8583 | Kendall@80: 0.6677
Epoch 127/150 | Train Loss: 0.0195 | Epoch Time: 0.67s | Spearman@80: 0.8471 | Kendall@80: 0.6557
Epoch 128/150 | Train Loss: 0.0142 | Epoch Time: 0.66s | Spearman@80: 0.8492 | Kendall@80: 0.6595
Epoch 129/150 | Train Loss: 0.0168 | Epoch Time: 0.64s | Spearman@80: 0.8298 | Kendall@80: 0.6386
Epoch 130/150 | Train Loss: 0.0190 | Epoch Time: 0.65s | Spearman@80: 0.8266 | Kendall@80: 0.6367
Epoch 131/150 | Train Loss: 0.0185 | Epoch Time: 0.64s | Spearman@80: 0.8316 | Kendall@80: 0.6430
Epoch 132/150 | Train Loss: 0.0170 | Epoch Time: 0.68s | Spearman@80: 0.8249 | Kendall@80: 0.6361
Epoch 133/150 | Train Loss: 0.0143 | Epoch Time: 0.63s | Spearman@80: 0.8357 | Kendall@80: 0.6449
Epoch 134/150 | Train Loss: 0.0177 | Epoch Time: 0.68s | Spearman@80: 0.8397 | Kendall@80: 0.6551
Epoch 135/150 | Train Loss: 0.0188 | Epoch Time: 0.66s | Spearman@80: 0.8446 | Kendall@80: 0.6544
Epoch 136/150 | Train Loss: 0.0156 | Epoch Time: 0.65s | Spearman@80: 0.8496 | Kendall@80: 0.6614
Epoch 137/150 | Train Loss: 0.0143 | Epoch Time: 0.66s | Spearman@80: 0.8358 | Kendall@80: 0.6506
Epoch 138/150 | Train Loss: 0.0164 | Epoch Time: 0.67s | Spearman@80: 0.8316 | Kendall@80: 0.6411
Epoch 139/150 | Train Loss: 0.0149 | Epoch Time: 0.65s | Spearman@80: 0.8433 | Kendall@80: 0.6551
Epoch 140/150 | Train Loss: 0.0136 | Epoch Time: 0.69s | Spearman@80: 0.8388 | Kendall@80: 0.6481
Epoch 141/150 | Train Loss: 0.0126 | Epoch Time: 0.67s | Spearman@80: 0.8496 | Kendall@80: 0.6614
Epoch 142/150 | Train Loss: 0.0172 | Epoch Time: 0.66s | Spearman@80: 0.8429 | Kendall@80: 0.6544
Epoch 143/150 | Train Loss: 0.0166 | Epoch Time: 0.67s | Spearman@80: 0.8363 | Kendall@80: 0.6462
Epoch 144/150 | Train Loss: 0.0152 | Epoch Time: 0.65s | Spearman@80: 0.8477 | Kendall@80: 0.6614
Epoch 145/150 | Train Loss: 0.0172 | Epoch Time: 0.68s | Spearman@80: 0.8487 | Kendall@80: 0.6627
Epoch 146/150 | Train Loss: 0.0144 | Epoch Time: 0.67s | Spearman@80: 0.8441 | Kendall@80: 0.6506
Epoch 147/150 | Train Loss: 0.0179 | Epoch Time: 27.12s | Spearman@423495: 0.8878 | Kendall@423495: 0.7100
Epoch 148/150 | Train Loss: 0.0172 | Epoch Time: 27.11s | Spearman@423495: 0.8876 | Kendall@423495: 0.7096
Epoch 149/150 | Train Loss: 0.0152 | Epoch Time: 27.23s | Spearman@423495: 0.8848 | Kendall@423495: 0.7060
Epoch 150/150 | Train Loss: 0.0161 | Epoch Time: 26.84s | Spearman@423495: 0.8872 | Kendall@423495: 0.7089
Sample Count: 128, Spearman: 0.8868597337478683, Kendall: 0.7086257786816349
{64: (0.8345063364628973, 0.6470320797979671),
 128: (0.8868597337478683, 0.7086257786816349)}
Epoch 1/150 | Train Loss: 0.0917 | Epoch Time: 0.34s | Spearman@80: 0.5195 | Kendall@80: 0.3605
Epoch 2/150 | Train Loss: 0.0832 | Epoch Time: 0.32s | Spearman@80: 0.5490 | Kendall@80: 0.3820
Epoch 3/150 | Train Loss: 0.0783 | Epoch Time: 0.33s | Spearman@80: 0.6800 | Kendall@80: 0.4877
Epoch 4/150 | Train Loss: 0.0631 | Epoch Time: 0.33s | Spearman@80: 0.8117 | Kendall@80: 0.6131
Epoch 5/150 | Train Loss: 0.0599 | Epoch Time: 0.35s | Spearman@80: 0.8172 | Kendall@80: 0.6283
Epoch 6/150 | Train Loss: 0.0518 | Epoch Time: 0.33s | Spearman@80: 0.7746 | Kendall@80: 0.5707
Epoch 7/150 | Train Loss: 0.0407 | Epoch Time: 0.32s | Spearman@80: 0.8683 | Kendall@80: 0.6764
Epoch 8/150 | Train Loss: 0.0448 | Epoch Time: 0.34s | Spearman@80: 0.8848 | Kendall@80: 0.6941
Epoch 9/150 | Train Loss: 0.0439 | Epoch Time: 0.32s | Spearman@80: 0.7842 | Kendall@80: 0.5871
Epoch 10/150 | Train Loss: 0.0393 | Epoch Time: 0.32s | Spearman@80: 0.8633 | Kendall@80: 0.6802
Epoch 11/150 | Train Loss: 0.0468 | Epoch Time: 0.32s | Spearman@80: 0.8605 | Kendall@80: 0.6751
Epoch 12/150 | Train Loss: 0.0365 | Epoch Time: 0.34s | Spearman@80: 0.8897 | Kendall@80: 0.7099
Epoch 13/150 | Train Loss: 0.0405 | Epoch Time: 0.33s | Spearman@80: 0.9015 | Kendall@80: 0.7270
Epoch 14/150 | Train Loss: 0.0327 | Epoch Time: 0.33s | Spearman@80: 0.8804 | Kendall@80: 0.7004
Epoch 15/150 | Train Loss: 0.0438 | Epoch Time: 0.33s | Spearman@80: 0.7460 | Kendall@80: 0.5485
Epoch 16/150 | Train Loss: 0.0426 | Epoch Time: 0.34s | Spearman@80: 0.8687 | Kendall@80: 0.6897
Epoch 17/150 | Train Loss: 0.0337 | Epoch Time: 0.36s | Spearman@80: 0.8976 | Kendall@80: 0.7238
Epoch 18/150 | Train Loss: 0.0376 | Epoch Time: 0.32s | Spearman@80: 0.8065 | Kendall@80: 0.6162
Epoch 19/150 | Train Loss: 0.0389 | Epoch Time: 0.35s | Spearman@80: 0.8042 | Kendall@80: 0.6175
Epoch 20/150 | Train Loss: 0.0254 | Epoch Time: 0.34s | Spearman@80: 0.8745 | Kendall@80: 0.6960
Epoch 21/150 | Train Loss: 0.0326 | Epoch Time: 0.34s | Spearman@80: 0.8594 | Kendall@80: 0.6707
Epoch 22/150 | Train Loss: 0.0335 | Epoch Time: 0.33s | Spearman@80: 0.8908 | Kendall@80: 0.7219
Epoch 23/150 | Train Loss: 0.0268 | Epoch Time: 0.34s | Spearman@80: 0.7942 | Kendall@80: 0.6023
Epoch 24/150 | Train Loss: 0.0353 | Epoch Time: 0.34s | Spearman@80: 0.8470 | Kendall@80: 0.6713
Epoch 25/150 | Train Loss: 0.0440 | Epoch Time: 0.34s | Spearman@80: 0.7688 | Kendall@80: 0.5751
Epoch 26/150 | Train Loss: 0.0349 | Epoch Time: 0.34s | Spearman@80: 0.8753 | Kendall@80: 0.6998
Epoch 27/150 | Train Loss: 0.0336 | Epoch Time: 0.35s | Spearman@80: 0.8621 | Kendall@80: 0.6770
Epoch 28/150 | Train Loss: 0.0371 | Epoch Time: 0.35s | Spearman@80: 0.8838 | Kendall@80: 0.7137
Epoch 29/150 | Train Loss: 0.0266 | Epoch Time: 0.33s | Spearman@80: 0.8591 | Kendall@80: 0.6878
Epoch 30/150 | Train Loss: 0.0349 | Epoch Time: 0.32s | Spearman@80: 0.8440 | Kendall@80: 0.6707
Epoch 31/150 | Train Loss: 0.0259 | Epoch Time: 0.34s | Spearman@80: 0.8643 | Kendall@80: 0.6947
Epoch 32/150 | Train Loss: 0.0274 | Epoch Time: 0.34s | Spearman@80: 0.8374 | Kendall@80: 0.6637
Epoch 33/150 | Train Loss: 0.0241 | Epoch Time: 0.33s | Spearman@80: 0.8246 | Kendall@80: 0.6340
Epoch 34/150 | Train Loss: 0.0334 | Epoch Time: 0.33s | Spearman@80: 0.8196 | Kendall@80: 0.6435
Epoch 35/150 | Train Loss: 0.0276 | Epoch Time: 0.34s | Spearman@80: 0.8086 | Kendall@80: 0.6333
Epoch 36/150 | Train Loss: 0.0395 | Epoch Time: 0.34s | Spearman@80: 0.8791 | Kendall@80: 0.7017
Epoch 37/150 | Train Loss: 0.0279 | Epoch Time: 0.31s | Spearman@80: 0.8599 | Kendall@80: 0.6947
Epoch 38/150 | Train Loss: 0.0266 | Epoch Time: 0.35s | Spearman@80: 0.8687 | Kendall@80: 0.7004
Epoch 39/150 | Train Loss: 0.0328 | Epoch Time: 0.34s | Spearman@80: 0.8425 | Kendall@80: 0.6751
Epoch 40/150 | Train Loss: 0.0347 | Epoch Time: 0.33s | Spearman@80: 0.8663 | Kendall@80: 0.6998
Epoch 41/150 | Train Loss: 0.0364 | Epoch Time: 0.33s | Spearman@80: 0.8330 | Kendall@80: 0.6618
Epoch 42/150 | Train Loss: 0.0343 | Epoch Time: 0.35s | Spearman@80: 0.8849 | Kendall@80: 0.7144
Epoch 43/150 | Train Loss: 0.0279 | Epoch Time: 0.32s | Spearman@80: 0.9071 | Kendall@80: 0.7466
Epoch 44/150 | Train Loss: 0.0294 | Epoch Time: 0.35s | Spearman@80: 0.8860 | Kendall@80: 0.7112
Epoch 45/150 | Train Loss: 0.0257 | Epoch Time: 0.33s | Spearman@80: 0.8362 | Kendall@80: 0.6511
Epoch 46/150 | Train Loss: 0.0269 | Epoch Time: 0.34s | Spearman@80: 0.8137 | Kendall@80: 0.6289
Epoch 47/150 | Train Loss: 0.0277 | Epoch Time: 0.33s | Spearman@80: 0.8642 | Kendall@80: 0.6903
Epoch 48/150 | Train Loss: 0.0299 | Epoch Time: 0.33s | Spearman@80: 0.8239 | Kendall@80: 0.6416
Epoch 49/150 | Train Loss: 0.0284 | Epoch Time: 0.36s | Spearman@80: 0.7924 | Kendall@80: 0.6042
Epoch 50/150 | Train Loss: 0.0364 | Epoch Time: 0.33s | Spearman@80: 0.8880 | Kendall@80: 0.7182
Epoch 51/150 | Train Loss: 0.0274 | Epoch Time: 0.34s | Spearman@80: 0.8720 | Kendall@80: 0.6865
Epoch 52/150 | Train Loss: 0.0236 | Epoch Time: 0.34s | Spearman@80: 0.8658 | Kendall@80: 0.6821
Epoch 53/150 | Train Loss: 0.0242 | Epoch Time: 0.34s | Spearman@80: 0.8437 | Kendall@80: 0.6580
Epoch 54/150 | Train Loss: 0.0177 | Epoch Time: 0.32s | Spearman@80: 0.8342 | Kendall@80: 0.6561
Epoch 55/150 | Train Loss: 0.0313 | Epoch Time: 0.35s | Spearman@80: 0.8180 | Kendall@80: 0.6327
Epoch 56/150 | Train Loss: 0.0287 | Epoch Time: 0.34s | Spearman@80: 0.7831 | Kendall@80: 0.5953
Epoch 57/150 | Train Loss: 0.0286 | Epoch Time: 0.35s | Spearman@80: 0.8381 | Kendall@80: 0.6650
Epoch 58/150 | Train Loss: 0.0331 | Epoch Time: 0.32s | Spearman@80: 0.8481 | Kendall@80: 0.6656
Epoch 59/150 | Train Loss: 0.0301 | Epoch Time: 0.33s | Spearman@80: 0.8925 | Kendall@80: 0.7150
Epoch 60/150 | Train Loss: 0.0308 | Epoch Time: 0.33s | Spearman@80: 0.8027 | Kendall@80: 0.6074
Epoch 61/150 | Train Loss: 0.0233 | Epoch Time: 0.33s | Spearman@80: 0.8910 | Kendall@80: 0.7156
Epoch 62/150 | Train Loss: 0.0269 | Epoch Time: 0.33s | Spearman@80: 0.8921 | Kendall@80: 0.7156
Epoch 63/150 | Train Loss: 0.0257 | Epoch Time: 0.34s | Spearman@80: 0.8655 | Kendall@80: 0.6827
Epoch 64/150 | Train Loss: 0.0293 | Epoch Time: 0.34s | Spearman@80: 0.8508 | Kendall@80: 0.6669
Epoch 65/150 | Train Loss: 0.0226 | Epoch Time: 0.34s | Spearman@80: 0.8785 | Kendall@80: 0.7125
Epoch 66/150 | Train Loss: 0.0320 | Epoch Time: 0.36s | Spearman@80: 0.8760 | Kendall@80: 0.6878
Epoch 67/150 | Train Loss: 0.0282 | Epoch Time: 0.32s | Spearman@80: 0.8585 | Kendall@80: 0.6751
Epoch 68/150 | Train Loss: 0.0246 | Epoch Time: 0.33s | Spearman@80: 0.8719 | Kendall@80: 0.6960
Epoch 69/150 | Train Loss: 0.0290 | Epoch Time: 0.35s | Spearman@80: 0.8677 | Kendall@80: 0.6871
Epoch 70/150 | Train Loss: 0.0199 | Epoch Time: 0.32s | Spearman@80: 0.8420 | Kendall@80: 0.6574
Epoch 71/150 | Train Loss: 0.0193 | Epoch Time: 0.32s | Spearman@80: 0.8630 | Kendall@80: 0.6840
Epoch 72/150 | Train Loss: 0.0309 | Epoch Time: 0.35s | Spearman@80: 0.8598 | Kendall@80: 0.6719
Epoch 73/150 | Train Loss: 0.0211 | Epoch Time: 0.33s | Spearman@80: 0.8617 | Kendall@80: 0.6694
Epoch 74/150 | Train Loss: 0.0229 | Epoch Time: 0.35s | Spearman@80: 0.8556 | Kendall@80: 0.6643
Epoch 75/150 | Train Loss: 0.0266 | Epoch Time: 0.33s | Spearman@80: 0.8644 | Kendall@80: 0.6802
Epoch 76/150 | Train Loss: 0.0211 | Epoch Time: 0.36s | Spearman@80: 0.8694 | Kendall@80: 0.6916
Epoch 77/150 | Train Loss: 0.0317 | Epoch Time: 0.34s | Spearman@80: 0.8454 | Kendall@80: 0.6599
Epoch 78/150 | Train Loss: 0.0180 | Epoch Time: 0.35s | Spearman@80: 0.8558 | Kendall@80: 0.6757
Epoch 79/150 | Train Loss: 0.0244 | Epoch Time: 0.32s | Spearman@80: 0.8646 | Kendall@80: 0.6808
Epoch 80/150 | Train Loss: 0.0231 | Epoch Time: 0.35s | Spearman@80: 0.8854 | Kendall@80: 0.7125
Epoch 81/150 | Train Loss: 0.0269 | Epoch Time: 0.34s | Spearman@80: 0.8821 | Kendall@80: 0.7087
Epoch 82/150 | Train Loss: 0.0269 | Epoch Time: 0.34s | Spearman@80: 0.8523 | Kendall@80: 0.6726
Epoch 83/150 | Train Loss: 0.0195 | Epoch Time: 0.34s | Spearman@80: 0.8762 | Kendall@80: 0.6947
Epoch 84/150 | Train Loss: 0.0252 | Epoch Time: 0.34s | Spearman@80: 0.8857 | Kendall@80: 0.7093
Epoch 85/150 | Train Loss: 0.0237 | Epoch Time: 0.34s | Spearman@80: 0.8817 | Kendall@80: 0.7061
Epoch 86/150 | Train Loss: 0.0199 | Epoch Time: 0.34s | Spearman@80: 0.8859 | Kendall@80: 0.7125
Epoch 87/150 | Train Loss: 0.0198 | Epoch Time: 0.35s | Spearman@80: 0.8905 | Kendall@80: 0.7238
Epoch 88/150 | Train Loss: 0.0200 | Epoch Time: 0.32s | Spearman@80: 0.8834 | Kendall@80: 0.7131
Epoch 89/150 | Train Loss: 0.0208 | Epoch Time: 0.32s | Spearman@80: 0.8945 | Kendall@80: 0.7352
Epoch 90/150 | Train Loss: 0.0223 | Epoch Time: 0.33s | Spearman@80: 0.8952 | Kendall@80: 0.7314
Epoch 91/150 | Train Loss: 0.0258 | Epoch Time: 0.35s | Spearman@80: 0.8796 | Kendall@80: 0.7068
Epoch 92/150 | Train Loss: 0.0217 | Epoch Time: 0.32s | Spearman@80: 0.8615 | Kendall@80: 0.6852
Epoch 93/150 | Train Loss: 0.0148 | Epoch Time: 0.33s | Spearman@80: 0.8675 | Kendall@80: 0.6903
Epoch 94/150 | Train Loss: 0.0190 | Epoch Time: 0.32s | Spearman@80: 0.8765 | Kendall@80: 0.7061
Epoch 95/150 | Train Loss: 0.0209 | Epoch Time: 0.35s | Spearman@80: 0.8666 | Kendall@80: 0.6852
Epoch 96/150 | Train Loss: 0.0183 | Epoch Time: 0.33s | Spearman@80: 0.8659 | Kendall@80: 0.6859
Epoch 97/150 | Train Loss: 0.0200 | Epoch Time: 0.33s | Spearman@80: 0.8674 | Kendall@80: 0.6871
Epoch 98/150 | Train Loss: 0.0203 | Epoch Time: 0.34s | Spearman@80: 0.8516 | Kendall@80: 0.6719
Epoch 99/150 | Train Loss: 0.0104 | Epoch Time: 0.33s | Spearman@80: 0.8572 | Kendall@80: 0.6776
Epoch 100/150 | Train Loss: 0.0123 | Epoch Time: 0.33s | Spearman@80: 0.8577 | Kendall@80: 0.6719
Epoch 101/150 | Train Loss: 0.0180 | Epoch Time: 0.33s | Spearman@80: 0.8471 | Kendall@80: 0.6567
Epoch 102/150 | Train Loss: 0.0176 | Epoch Time: 0.35s | Spearman@80: 0.8520 | Kendall@80: 0.6662
Epoch 103/150 | Train Loss: 0.0208 | Epoch Time: 0.35s | Spearman@80: 0.8477 | Kendall@80: 0.6643
Epoch 104/150 | Train Loss: 0.0195 | Epoch Time: 0.33s | Spearman@80: 0.8604 | Kendall@80: 0.6814
Epoch 105/150 | Train Loss: 0.0177 | Epoch Time: 0.34s | Spearman@80: 0.8799 | Kendall@80: 0.7042
Epoch 106/150 | Train Loss: 0.0182 | Epoch Time: 0.34s | Spearman@80: 0.8741 | Kendall@80: 0.6973
Epoch 107/150 | Train Loss: 0.0176 | Epoch Time: 0.35s | Spearman@80: 0.8655 | Kendall@80: 0.6878
Epoch 108/150 | Train Loss: 0.0155 | Epoch Time: 0.33s | Spearman@80: 0.8734 | Kendall@80: 0.6966
Epoch 109/150 | Train Loss: 0.0190 | Epoch Time: 0.35s | Spearman@80: 0.8866 | Kendall@80: 0.7131
Epoch 110/150 | Train Loss: 0.0141 | Epoch Time: 0.33s | Spearman@80: 0.8882 | Kendall@80: 0.7150
Epoch 111/150 | Train Loss: 0.0183 | Epoch Time: 0.35s | Spearman@80: 0.8685 | Kendall@80: 0.6903
Epoch 112/150 | Train Loss: 0.0110 | Epoch Time: 0.32s | Spearman@80: 0.8676 | Kendall@80: 0.6884
Epoch 113/150 | Train Loss: 0.0193 | Epoch Time: 0.34s | Spearman@80: 0.8642 | Kendall@80: 0.6884
Epoch 114/150 | Train Loss: 0.0124 | Epoch Time: 0.34s | Spearman@80: 0.8735 | Kendall@80: 0.7017
Epoch 115/150 | Train Loss: 0.0227 | Epoch Time: 0.32s | Spearman@80: 0.8793 | Kendall@80: 0.7036
Epoch 116/150 | Train Loss: 0.0151 | Epoch Time: 0.35s | Spearman@80: 0.8746 | Kendall@80: 0.7023
Epoch 117/150 | Train Loss: 0.0187 | Epoch Time: 0.34s | Spearman@80: 0.8630 | Kendall@80: 0.6795
Epoch 118/150 | Train Loss: 0.0129 | Epoch Time: 0.34s | Spearman@80: 0.8616 | Kendall@80: 0.6814
Epoch 119/150 | Train Loss: 0.0230 | Epoch Time: 0.33s | Spearman@80: 0.8564 | Kendall@80: 0.6738
Epoch 120/150 | Train Loss: 0.0150 | Epoch Time: 0.34s | Spearman@80: 0.8639 | Kendall@80: 0.6814
Epoch 121/150 | Train Loss: 0.0148 | Epoch Time: 0.35s | Spearman@80: 0.8651 | Kendall@80: 0.6878
Epoch 122/150 | Train Loss: 0.0182 | Epoch Time: 0.34s | Spearman@80: 0.8638 | Kendall@80: 0.6852
Epoch 123/150 | Train Loss: 0.0150 | Epoch Time: 0.34s | Spearman@80: 0.8635 | Kendall@80: 0.6821
Epoch 124/150 | Train Loss: 0.0210 | Epoch Time: 0.32s | Spearman@80: 0.8613 | Kendall@80: 0.6783
Epoch 125/150 | Train Loss: 0.0160 | Epoch Time: 0.35s | Spearman@80: 0.8694 | Kendall@80: 0.6947
Epoch 126/150 | Train Loss: 0.0104 | Epoch Time: 0.33s | Spearman@80: 0.8704 | Kendall@80: 0.6954
Epoch 127/150 | Train Loss: 0.0134 | Epoch Time: 0.33s | Spearman@80: 0.8649 | Kendall@80: 0.6884
Epoch 128/150 | Train Loss: 0.0167 | Epoch Time: 0.34s | Spearman@80: 0.8692 | Kendall@80: 0.6922
Epoch 129/150 | Train Loss: 0.0143 | Epoch Time: 0.33s | Spearman@80: 0.8643 | Kendall@80: 0.6852
Epoch 130/150 | Train Loss: 0.0156 | Epoch Time: 0.35s | Spearman@80: 0.8645 | Kendall@80: 0.6878
Epoch 131/150 | Train Loss: 0.0123 | Epoch Time: 0.35s | Spearman@80: 0.8714 | Kendall@80: 0.6954
Epoch 132/150 | Train Loss: 0.0123 | Epoch Time: 0.36s | Spearman@80: 0.8713 | Kendall@80: 0.6935
Epoch 133/150 | Train Loss: 0.0129 | Epoch Time: 0.34s | Spearman@80: 0.8664 | Kendall@80: 0.6852
Epoch 134/150 | Train Loss: 0.0294 | Epoch Time: 0.34s | Spearman@80: 0.8720 | Kendall@80: 0.6909
Epoch 135/150 | Train Loss: 0.0108 | Epoch Time: 0.34s | Spearman@80: 0.8692 | Kendall@80: 0.6928
Epoch 136/150 | Train Loss: 0.0120 | Epoch Time: 0.34s | Spearman@80: 0.8676 | Kendall@80: 0.6859
Epoch 137/150 | Train Loss: 0.0104 | Epoch Time: 0.34s | Spearman@80: 0.8718 | Kendall@80: 0.6928
Epoch 138/150 | Train Loss: 0.0140 | Epoch Time: 0.33s | Spearman@80: 0.8670 | Kendall@80: 0.6871
Epoch 139/150 | Train Loss: 0.0250 | Epoch Time: 0.33s | Spearman@80: 0.8705 | Kendall@80: 0.6935
Epoch 140/150 | Train Loss: 0.0094 | Epoch Time: 0.33s | Spearman@80: 0.8724 | Kendall@80: 0.6941
Epoch 141/150 | Train Loss: 0.0126 | Epoch Time: 0.33s | Spearman@80: 0.8727 | Kendall@80: 0.6954
Epoch 142/150 | Train Loss: 0.0206 | Epoch Time: 0.35s | Spearman@80: 0.8660 | Kendall@80: 0.6840
Epoch 143/150 | Train Loss: 0.0155 | Epoch Time: 0.33s | Spearman@80: 0.8669 | Kendall@80: 0.6840
Epoch 144/150 | Train Loss: 0.0152 | Epoch Time: 0.33s | Spearman@80: 0.8683 | Kendall@80: 0.6871
Epoch 145/150 | Train Loss: 0.0184 | Epoch Time: 0.32s | Spearman@80: 0.8678 | Kendall@80: 0.6878
Epoch 146/150 | Train Loss: 0.0169 | Epoch Time: 0.34s | Spearman@80: 0.8662 | Kendall@80: 0.6846
Epoch 147/150 | Train Loss: 0.0153 | Epoch Time: 26.32s | Spearman@423559: 0.7896 | Kendall@423559: 0.6051
Epoch 148/150 | Train Loss: 0.0172 | Epoch Time: 26.70s | Spearman@423559: 0.7896 | Kendall@423559: 0.6051
Epoch 149/150 | Train Loss: 0.0126 | Epoch Time: 26.21s | Spearman@423559: 0.7904 | Kendall@423559: 0.6060
Epoch 150/150 | Train Loss: 0.0159 | Epoch Time: 26.74s | Spearman@423559: 0.7926 | Kendall@423559: 0.6084
Sample Count: 64, Spearman: 0.7905536123067716, Kendall: 0.6061608902569696
{64: (0.7905536123067716, 0.6061608902569696),
 128: (0.8868597337478683, 0.7086257786816349)}
Epoch 1/150 | Train Loss: 0.0823 | Epoch Time: 0.68s | Spearman@80: 0.6699 | Kendall@80: 0.4865
Epoch 2/150 | Train Loss: 0.0551 | Epoch Time: 0.69s | Spearman@80: 0.7430 | Kendall@80: 0.5510
Epoch 3/150 | Train Loss: 0.0523 | Epoch Time: 0.67s | Spearman@80: 0.7439 | Kendall@80: 0.5618
Epoch 4/150 | Train Loss: 0.0534 | Epoch Time: 0.65s | Spearman@80: 0.7216 | Kendall@80: 0.5333
Epoch 5/150 | Train Loss: 0.0504 | Epoch Time: 0.66s | Spearman@80: 0.7479 | Kendall@80: 0.5662
Epoch 6/150 | Train Loss: 0.0403 | Epoch Time: 0.63s | Spearman@80: 0.7948 | Kendall@80: 0.6131
Epoch 7/150 | Train Loss: 0.0456 | Epoch Time: 0.68s | Spearman@80: 0.7975 | Kendall@80: 0.6188
Epoch 8/150 | Train Loss: 0.0389 | Epoch Time: 0.66s | Spearman@80: 0.7992 | Kendall@80: 0.6181
Epoch 9/150 | Train Loss: 0.0404 | Epoch Time: 0.67s | Spearman@80: 0.8395 | Kendall@80: 0.6675
Epoch 10/150 | Train Loss: 0.0437 | Epoch Time: 0.67s | Spearman@80: 0.7400 | Kendall@80: 0.5542
Epoch 11/150 | Train Loss: 0.0480 | Epoch Time: 0.69s | Spearman@80: 0.7900 | Kendall@80: 0.6143
Epoch 12/150 | Train Loss: 0.0491 | Epoch Time: 0.68s | Spearman@80: 0.8121 | Kendall@80: 0.6365
Epoch 13/150 | Train Loss: 0.0421 | Epoch Time: 0.67s | Spearman@80: 0.8394 | Kendall@80: 0.6757
Epoch 14/150 | Train Loss: 0.0423 | Epoch Time: 0.65s | Spearman@80: 0.7900 | Kendall@80: 0.6093
Epoch 15/150 | Train Loss: 0.0405 | Epoch Time: 0.69s | Spearman@80: 0.8412 | Kendall@80: 0.6669
Epoch 16/150 | Train Loss: 0.0386 | Epoch Time: 0.66s | Spearman@80: 0.8719 | Kendall@80: 0.7023
Epoch 17/150 | Train Loss: 0.0359 | Epoch Time: 0.68s | Spearman@80: 0.8522 | Kendall@80: 0.6827
Epoch 18/150 | Train Loss: 0.0358 | Epoch Time: 0.66s | Spearman@80: 0.8039 | Kendall@80: 0.6276
Epoch 19/150 | Train Loss: 0.0343 | Epoch Time: 0.69s | Spearman@80: 0.8461 | Kendall@80: 0.6618
Epoch 20/150 | Train Loss: 0.0425 | Epoch Time: 0.64s | Spearman@80: 0.7415 | Kendall@80: 0.5669
Epoch 21/150 | Train Loss: 0.0403 | Epoch Time: 0.66s | Spearman@80: 0.8315 | Kendall@80: 0.6530
Epoch 22/150 | Train Loss: 0.0358 | Epoch Time: 0.62s | Spearman@80: 0.8187 | Kendall@80: 0.6555
Epoch 23/150 | Train Loss: 0.0373 | Epoch Time: 0.69s | Spearman@80: 0.8532 | Kendall@80: 0.6764
Epoch 24/150 | Train Loss: 0.0345 | Epoch Time: 0.65s | Spearman@80: 0.8119 | Kendall@80: 0.6283
Epoch 25/150 | Train Loss: 0.0339 | Epoch Time: 0.65s | Spearman@80: 0.8583 | Kendall@80: 0.6827
Epoch 26/150 | Train Loss: 0.0374 | Epoch Time: 0.65s | Spearman@80: 0.8443 | Kendall@80: 0.6618
Epoch 27/150 | Train Loss: 0.0378 | Epoch Time: 0.68s | Spearman@80: 0.8445 | Kendall@80: 0.6808
Epoch 28/150 | Train Loss: 0.0346 | Epoch Time: 0.64s | Spearman@80: 0.8266 | Kendall@80: 0.6593
Epoch 29/150 | Train Loss: 0.0383 | Epoch Time: 0.68s | Spearman@80: 0.8368 | Kendall@80: 0.6631
Epoch 30/150 | Train Loss: 0.0344 | Epoch Time: 0.65s | Spearman@80: 0.8443 | Kendall@80: 0.6643
Epoch 31/150 | Train Loss: 0.0401 | Epoch Time: 0.67s | Spearman@80: 0.8540 | Kendall@80: 0.6859
Epoch 32/150 | Train Loss: 0.0299 | Epoch Time: 0.66s | Spearman@80: 0.8384 | Kendall@80: 0.6631
Epoch 33/150 | Train Loss: 0.0379 | Epoch Time: 0.66s | Spearman@80: 0.8727 | Kendall@80: 0.7144
Epoch 34/150 | Train Loss: 0.0312 | Epoch Time: 0.68s | Spearman@80: 0.8615 | Kendall@80: 0.6966
Epoch 35/150 | Train Loss: 0.0315 | Epoch Time: 0.68s | Spearman@80: 0.8401 | Kendall@80: 0.6631
Epoch 36/150 | Train Loss: 0.0337 | Epoch Time: 0.66s | Spearman@80: 0.8474 | Kendall@80: 0.6833
Epoch 37/150 | Train Loss: 0.0273 | Epoch Time: 0.68s | Spearman@80: 0.8228 | Kendall@80: 0.6536
Epoch 38/150 | Train Loss: 0.0347 | Epoch Time: 0.66s | Spearman@80: 0.8618 | Kendall@80: 0.6928
Epoch 39/150 | Train Loss: 0.0283 | Epoch Time: 0.67s | Spearman@80: 0.8573 | Kendall@80: 0.6890
Epoch 40/150 | Train Loss: 0.0244 | Epoch Time: 0.65s | Spearman@80: 0.8483 | Kendall@80: 0.6757
Epoch 41/150 | Train Loss: 0.0319 | Epoch Time: 0.67s | Spearman@80: 0.8702 | Kendall@80: 0.6973
Epoch 42/150 | Train Loss: 0.0294 | Epoch Time: 0.65s | Spearman@80: 0.8579 | Kendall@80: 0.6878
Epoch 43/150 | Train Loss: 0.0282 | Epoch Time: 0.69s | Spearman@80: 0.8536 | Kendall@80: 0.6916
Epoch 44/150 | Train Loss: 0.0288 | Epoch Time: 0.66s | Spearman@80: 0.8739 | Kendall@80: 0.7112
Epoch 45/150 | Train Loss: 0.0229 | Epoch Time: 0.68s | Spearman@80: 0.8597 | Kendall@80: 0.6960
Epoch 46/150 | Train Loss: 0.0391 | Epoch Time: 0.66s | Spearman@80: 0.8717 | Kendall@80: 0.7049
Epoch 47/150 | Train Loss: 0.0282 | Epoch Time: 0.66s | Spearman@80: 0.8800 | Kendall@80: 0.7106
Epoch 48/150 | Train Loss: 0.0291 | Epoch Time: 0.67s | Spearman@80: 0.8819 | Kendall@80: 0.7251
Epoch 49/150 | Train Loss: 0.0275 | Epoch Time: 0.67s | Spearman@80: 0.8854 | Kendall@80: 0.7308
Epoch 50/150 | Train Loss: 0.0319 | Epoch Time: 0.68s | Spearman@80: 0.8649 | Kendall@80: 0.6928
Epoch 51/150 | Train Loss: 0.0281 | Epoch Time: 0.68s | Spearman@80: 0.8629 | Kendall@80: 0.7017
Epoch 52/150 | Train Loss: 0.0245 | Epoch Time: 0.67s | Spearman@80: 0.8467 | Kendall@80: 0.6732
Epoch 53/150 | Train Loss: 0.0324 | Epoch Time: 0.67s | Spearman@80: 0.8690 | Kendall@80: 0.7080
Epoch 54/150 | Train Loss: 0.0300 | Epoch Time: 0.67s | Spearman@80: 0.8678 | Kendall@80: 0.6985
Epoch 55/150 | Train Loss: 0.0273 | Epoch Time: 0.67s | Spearman@80: 0.8585 | Kendall@80: 0.6941
Epoch 56/150 | Train Loss: 0.0259 | Epoch Time: 0.65s | Spearman@80: 0.8510 | Kendall@80: 0.6713
Epoch 57/150 | Train Loss: 0.0277 | Epoch Time: 0.67s | Spearman@80: 0.8654 | Kendall@80: 0.7137
Epoch 58/150 | Train Loss: 0.0342 | Epoch Time: 0.66s | Spearman@80: 0.8510 | Kendall@80: 0.6821
Epoch 59/150 | Train Loss: 0.0334 | Epoch Time: 0.68s | Spearman@80: 0.8675 | Kendall@80: 0.7144
Epoch 60/150 | Train Loss: 0.0358 | Epoch Time: 0.67s | Spearman@80: 0.8810 | Kendall@80: 0.7188
Epoch 61/150 | Train Loss: 0.0256 | Epoch Time: 0.67s | Spearman@80: 0.8913 | Kendall@80: 0.7327
Epoch 62/150 | Train Loss: 0.0280 | Epoch Time: 0.64s | Spearman@80: 0.8673 | Kendall@80: 0.7074
Epoch 63/150 | Train Loss: 0.0273 | Epoch Time: 0.63s | Spearman@80: 0.8590 | Kendall@80: 0.7011
Epoch 64/150 | Train Loss: 0.0256 | Epoch Time: 0.67s | Spearman@80: 0.8598 | Kendall@80: 0.6998
Epoch 65/150 | Train Loss: 0.0291 | Epoch Time: 0.67s | Spearman@80: 0.8628 | Kendall@80: 0.7125
Epoch 66/150 | Train Loss: 0.0259 | Epoch Time: 0.68s | Spearman@80: 0.8574 | Kendall@80: 0.6954
Epoch 67/150 | Train Loss: 0.0250 | Epoch Time: 0.66s | Spearman@80: 0.8677 | Kendall@80: 0.7182
Epoch 68/150 | Train Loss: 0.0194 | Epoch Time: 0.68s | Spearman@80: 0.8487 | Kendall@80: 0.6833
Epoch 69/150 | Train Loss: 0.0312 | Epoch Time: 0.67s | Spearman@80: 0.8633 | Kendall@80: 0.6960
Epoch 70/150 | Train Loss: 0.0274 | Epoch Time: 0.67s | Spearman@80: 0.8534 | Kendall@80: 0.6871
Epoch 71/150 | Train Loss: 0.0296 | Epoch Time: 0.66s | Spearman@80: 0.8455 | Kendall@80: 0.6821
Epoch 72/150 | Train Loss: 0.0317 | Epoch Time: 0.65s | Spearman@80: 0.8738 | Kendall@80: 0.7188
Epoch 73/150 | Train Loss: 0.0253 | Epoch Time: 0.67s | Spearman@80: 0.8700 | Kendall@80: 0.7068
Epoch 74/150 | Train Loss: 0.0277 | Epoch Time: 0.69s | Spearman@80: 0.8597 | Kendall@80: 0.6960
Epoch 75/150 | Train Loss: 0.0246 | Epoch Time: 0.69s | Spearman@80: 0.8717 | Kendall@80: 0.7137
Epoch 76/150 | Train Loss: 0.0272 | Epoch Time: 0.65s | Spearman@80: 0.8673 | Kendall@80: 0.6884
Epoch 77/150 | Train Loss: 0.0282 | Epoch Time: 0.67s | Spearman@80: 0.8714 | Kendall@80: 0.7137
Epoch 78/150 | Train Loss: 0.0202 | Epoch Time: 0.67s | Spearman@80: 0.8814 | Kendall@80: 0.7213
Epoch 79/150 | Train Loss: 0.0267 | Epoch Time: 0.67s | Spearman@80: 0.8751 | Kendall@80: 0.7080
Epoch 80/150 | Train Loss: 0.0272 | Epoch Time: 0.66s | Spearman@80: 0.8717 | Kendall@80: 0.7118
Epoch 81/150 | Train Loss: 0.0278 | Epoch Time: 0.69s | Spearman@80: 0.8859 | Kendall@80: 0.7137
Epoch 82/150 | Train Loss: 0.0247 | Epoch Time: 0.65s | Spearman@80: 0.8836 | Kendall@80: 0.7321
Epoch 83/150 | Train Loss: 0.0296 | Epoch Time: 0.68s | Spearman@80: 0.8760 | Kendall@80: 0.7011
Epoch 84/150 | Train Loss: 0.0242 | Epoch Time: 0.67s | Spearman@80: 0.8898 | Kendall@80: 0.7308
Epoch 85/150 | Train Loss: 0.0163 | Epoch Time: 0.66s | Spearman@80: 0.8926 | Kendall@80: 0.7314
Epoch 86/150 | Train Loss: 0.0210 | Epoch Time: 0.64s | Spearman@80: 0.8837 | Kendall@80: 0.7207
Epoch 87/150 | Train Loss: 0.0203 | Epoch Time: 0.67s | Spearman@80: 0.8826 | Kendall@80: 0.7201
Epoch 88/150 | Train Loss: 0.0170 | Epoch Time: 0.68s | Spearman@80: 0.8748 | Kendall@80: 0.7049
Epoch 89/150 | Train Loss: 0.0167 | Epoch Time: 0.70s | Spearman@80: 0.8818 | Kendall@80: 0.7264
Epoch 90/150 | Train Loss: 0.0256 | Epoch Time: 0.65s | Spearman@80: 0.8817 | Kendall@80: 0.7302
Epoch 91/150 | Train Loss: 0.0196 | Epoch Time: 0.64s | Spearman@80: 0.8773 | Kendall@80: 0.7055
Epoch 92/150 | Train Loss: 0.0203 | Epoch Time: 0.66s | Spearman@80: 0.8850 | Kendall@80: 0.7276
Epoch 93/150 | Train Loss: 0.0250 | Epoch Time: 0.68s | Spearman@80: 0.8911 | Kendall@80: 0.7390
Epoch 94/150 | Train Loss: 0.0189 | Epoch Time: 0.67s | Spearman@80: 0.8819 | Kendall@80: 0.7295
Epoch 95/150 | Train Loss: 0.0181 | Epoch Time: 0.65s | Spearman@80: 0.8782 | Kendall@80: 0.7137
Epoch 96/150 | Train Loss: 0.0279 | Epoch Time: 0.65s | Spearman@80: 0.8750 | Kendall@80: 0.7144
Epoch 97/150 | Train Loss: 0.0206 | Epoch Time: 0.64s | Spearman@80: 0.8848 | Kendall@80: 0.7321
Epoch 98/150 | Train Loss: 0.0175 | Epoch Time: 0.66s | Spearman@80: 0.8795 | Kendall@80: 0.7238
Epoch 99/150 | Train Loss: 0.0155 | Epoch Time: 0.64s | Spearman@80: 0.8871 | Kendall@80: 0.7245
Epoch 100/150 | Train Loss: 0.0229 | Epoch Time: 0.67s | Spearman@80: 0.8847 | Kendall@80: 0.7194
Epoch 101/150 | Train Loss: 0.0181 | Epoch Time: 0.68s | Spearman@80: 0.8861 | Kendall@80: 0.7251
Epoch 102/150 | Train Loss: 0.0225 | Epoch Time: 0.65s | Spearman@80: 0.8836 | Kendall@80: 0.7219
Epoch 103/150 | Train Loss: 0.0219 | Epoch Time: 0.67s | Spearman@80: 0.8866 | Kendall@80: 0.7333
Epoch 104/150 | Train Loss: 0.0187 | Epoch Time: 0.66s | Spearman@80: 0.8837 | Kendall@80: 0.7308
Epoch 105/150 | Train Loss: 0.0161 | Epoch Time: 0.67s | Spearman@80: 0.8861 | Kendall@80: 0.7270
Epoch 106/150 | Train Loss: 0.0203 | Epoch Time: 0.65s | Spearman@80: 0.8867 | Kendall@80: 0.7226
Epoch 107/150 | Train Loss: 0.0147 | Epoch Time: 0.66s | Spearman@80: 0.8956 | Kendall@80: 0.7378
Epoch 108/150 | Train Loss: 0.0215 | Epoch Time: 0.66s | Spearman@80: 0.8989 | Kendall@80: 0.7536
Epoch 109/150 | Train Loss: 0.0174 | Epoch Time: 0.68s | Spearman@80: 0.9042 | Kendall@80: 0.7498
Epoch 110/150 | Train Loss: 0.0210 | Epoch Time: 0.67s | Spearman@80: 0.8981 | Kendall@80: 0.7447
Epoch 111/150 | Train Loss: 0.0165 | Epoch Time: 0.66s | Spearman@80: 0.8975 | Kendall@80: 0.7454
Epoch 112/150 | Train Loss: 0.0231 | Epoch Time: 0.68s | Spearman@80: 0.8951 | Kendall@80: 0.7340
Epoch 113/150 | Train Loss: 0.0219 | Epoch Time: 0.67s | Spearman@80: 0.8932 | Kendall@80: 0.7314
Epoch 114/150 | Train Loss: 0.0142 | Epoch Time: 0.65s | Spearman@80: 0.8918 | Kendall@80: 0.7308
Epoch 115/150 | Train Loss: 0.0149 | Epoch Time: 0.69s | Spearman@80: 0.8900 | Kendall@80: 0.7264
Epoch 116/150 | Train Loss: 0.0163 | Epoch Time: 0.65s | Spearman@80: 0.8931 | Kendall@80: 0.7321
Epoch 117/150 | Train Loss: 0.0183 | Epoch Time: 0.66s | Spearman@80: 0.8914 | Kendall@80: 0.7346
Epoch 118/150 | Train Loss: 0.0190 | Epoch Time: 0.64s | Spearman@80: 0.8891 | Kendall@80: 0.7314
Epoch 119/150 | Train Loss: 0.0219 | Epoch Time: 0.68s | Spearman@80: 0.8864 | Kendall@80: 0.7270
Epoch 120/150 | Train Loss: 0.0127 | Epoch Time: 0.65s | Spearman@80: 0.8942 | Kendall@80: 0.7428
Epoch 121/150 | Train Loss: 0.0208 | Epoch Time: 0.65s | Spearman@80: 0.8910 | Kendall@80: 0.7384
Epoch 122/150 | Train Loss: 0.0174 | Epoch Time: 0.65s | Spearman@80: 0.8851 | Kendall@80: 0.7264
Epoch 123/150 | Train Loss: 0.0133 | Epoch Time: 0.67s | Spearman@80: 0.8940 | Kendall@80: 0.7403
Epoch 124/150 | Train Loss: 0.0178 | Epoch Time: 0.66s | Spearman@80: 0.8855 | Kendall@80: 0.7257
Epoch 125/150 | Train Loss: 0.0174 | Epoch Time: 0.67s | Spearman@80: 0.8953 | Kendall@80: 0.7403
Epoch 126/150 | Train Loss: 0.0114 | Epoch Time: 0.65s | Spearman@80: 0.8911 | Kendall@80: 0.7327
Epoch 127/150 | Train Loss: 0.0177 | Epoch Time: 0.68s | Spearman@80: 0.8883 | Kendall@80: 0.7308
Epoch 128/150 | Train Loss: 0.0172 | Epoch Time: 0.66s | Spearman@80: 0.8866 | Kendall@80: 0.7257
Epoch 129/150 | Train Loss: 0.0222 | Epoch Time: 0.67s | Spearman@80: 0.8920 | Kendall@80: 0.7359
Epoch 130/150 | Train Loss: 0.0163 | Epoch Time: 0.69s | Spearman@80: 0.8903 | Kendall@80: 0.7314
Epoch 131/150 | Train Loss: 0.0163 | Epoch Time: 0.64s | Spearman@80: 0.8865 | Kendall@80: 0.7257
Epoch 132/150 | Train Loss: 0.0149 | Epoch Time: 0.68s | Spearman@80: 0.8873 | Kendall@80: 0.7289
Epoch 133/150 | Train Loss: 0.0142 | Epoch Time: 0.67s | Spearman@80: 0.8891 | Kendall@80: 0.7308
Epoch 134/150 | Train Loss: 0.0143 | Epoch Time: 0.68s | Spearman@80: 0.8882 | Kendall@80: 0.7302
Epoch 135/150 | Train Loss: 0.0162 | Epoch Time: 0.65s | Spearman@80: 0.8882 | Kendall@80: 0.7283
Epoch 136/150 | Train Loss: 0.0156 | Epoch Time: 0.66s | Spearman@80: 0.8877 | Kendall@80: 0.7283
Epoch 137/150 | Train Loss: 0.0129 | Epoch Time: 0.70s | Spearman@80: 0.8875 | Kendall@80: 0.7264
Epoch 138/150 | Train Loss: 0.0202 | Epoch Time: 0.66s | Spearman@80: 0.8884 | Kendall@80: 0.7302
Epoch 139/150 | Train Loss: 0.0159 | Epoch Time: 0.65s | Spearman@80: 0.8863 | Kendall@80: 0.7257
Epoch 140/150 | Train Loss: 0.0142 | Epoch Time: 0.70s | Spearman@80: 0.8894 | Kendall@80: 0.7314
Epoch 141/150 | Train Loss: 0.0136 | Epoch Time: 0.68s | Spearman@80: 0.8889 | Kendall@80: 0.7276
Epoch 142/150 | Train Loss: 0.0134 | Epoch Time: 0.65s | Spearman@80: 0.8885 | Kendall@80: 0.7295
Epoch 143/150 | Train Loss: 0.0175 | Epoch Time: 0.67s | Spearman@80: 0.8892 | Kendall@80: 0.7314
Epoch 144/150 | Train Loss: 0.0194 | Epoch Time: 0.69s | Spearman@80: 0.8884 | Kendall@80: 0.7308
Epoch 145/150 | Train Loss: 0.0148 | Epoch Time: 0.69s | Spearman@80: 0.8880 | Kendall@80: 0.7314
Epoch 146/150 | Train Loss: 0.0212 | Epoch Time: 0.67s | Spearman@80: 0.8884 | Kendall@80: 0.7308
Epoch 147/150 | Train Loss: 0.0181 | Epoch Time: 27.46s | Spearman@423495: 0.8819 | Kendall@423495: 0.7078
Epoch 148/150 | Train Loss: 0.0170 | Epoch Time: 27.93s | Spearman@423495: 0.8810 | Kendall@423495: 0.7066
Epoch 149/150 | Train Loss: 0.0140 | Epoch Time: 27.40s | Spearman@423495: 0.8801 | Kendall@423495: 0.7043
Epoch 150/150 | Train Loss: 0.0128 | Epoch Time: 27.56s | Spearman@423495: 0.8811 | Kendall@423495: 0.7066
Sample Count: 128, Spearman: 0.8810095117366555, Kendall: 0.706338229447287
{64: (0.7905536123067716, 0.6061608902569696),
 128: (0.8810095117366555, 0.706338229447287)}
Average KDT:  0.6054500301403715
Variance KDT:  0.0011727541310000667
Average SPR:  0.79235955092107
Variance SPR:  0.0011356656255392323
Average KDT:  0.712191730430176
Variance KDT:  4.523519179641742e-05
Average SPR:  0.8881253561777784
Variance SPR:  4.08286763851912e-05
