Loading Files for NASBench101...
Loading dataset from file... This may take a few minutes...
Loaded dataset in 36 seconds
Loaded files in:  55.92716717720032  seconds
Normalizing ZCP dict
Epoch 1/150 | Train Loss: 0.0985 | Epoch Time: 0.90s | Spearman@80: 0.2905 | Kendall@80: 0.2051
Epoch 2/150 | Train Loss: 0.0801 | Epoch Time: 0.28s | Spearman@80: 0.3357 | Kendall@80: 0.2348
Epoch 3/150 | Train Loss: 0.0849 | Epoch Time: 0.30s | Spearman@80: 0.5202 | Kendall@80: 0.3759
Epoch 4/150 | Train Loss: 0.0623 | Epoch Time: 0.29s | Spearman@80: 0.6522 | Kendall@80: 0.4892
Epoch 5/150 | Train Loss: 0.0760 | Epoch Time: 0.31s | Spearman@80: 0.6395 | Kendall@80: 0.4759
Epoch 6/150 | Train Loss: 0.0651 | Epoch Time: 0.31s | Spearman@80: 0.6346 | Kendall@80: 0.4652
Epoch 7/150 | Train Loss: 0.0569 | Epoch Time: 0.31s | Spearman@80: 0.6275 | Kendall@80: 0.4652
Epoch 8/150 | Train Loss: 0.0518 | Epoch Time: 0.31s | Spearman@80: 0.6193 | Kendall@80: 0.4525
Epoch 9/150 | Train Loss: 0.0428 | Epoch Time: 0.31s | Spearman@80: 0.6987 | Kendall@80: 0.5285
Epoch 10/150 | Train Loss: 0.0780 | Epoch Time: 0.29s | Spearman@80: 0.3576 | Kendall@80: 0.2430
Epoch 11/150 | Train Loss: 0.0557 | Epoch Time: 0.31s | Spearman@80: 0.6312 | Kendall@80: 0.4646
Epoch 12/150 | Train Loss: 0.0605 | Epoch Time: 0.30s | Spearman@80: 0.7082 | Kendall@80: 0.5266
Epoch 13/150 | Train Loss: 0.0496 | Epoch Time: 0.30s | Spearman@80: 0.7201 | Kendall@80: 0.5519
Epoch 14/150 | Train Loss: 0.0455 | Epoch Time: 0.30s | Spearman@80: 0.7177 | Kendall@80: 0.5532
Epoch 15/150 | Train Loss: 0.0459 | Epoch Time: 0.31s | Spearman@80: 0.6960 | Kendall@80: 0.5278
Epoch 16/150 | Train Loss: 0.0466 | Epoch Time: 0.29s | Spearman@80: 0.7362 | Kendall@80: 0.5506
Epoch 17/150 | Train Loss: 0.0511 | Epoch Time: 0.30s | Spearman@80: 0.6846 | Kendall@80: 0.4994
Epoch 18/150 | Train Loss: 0.0430 | Epoch Time: 0.30s | Spearman@80: 0.7493 | Kendall@80: 0.5620
Epoch 19/150 | Train Loss: 0.0420 | Epoch Time: 0.31s | Spearman@80: 0.7253 | Kendall@80: 0.5297
Epoch 20/150 | Train Loss: 0.0462 | Epoch Time: 0.30s | Spearman@80: 0.6021 | Kendall@80: 0.4392
Epoch 21/150 | Train Loss: 0.0449 | Epoch Time: 0.30s | Spearman@80: 0.7239 | Kendall@80: 0.5348
Epoch 22/150 | Train Loss: 0.0494 | Epoch Time: 0.29s | Spearman@80: 0.6542 | Kendall@80: 0.4709
Epoch 23/150 | Train Loss: 0.0457 | Epoch Time: 0.29s | Spearman@80: 0.6949 | Kendall@80: 0.5215
Epoch 24/150 | Train Loss: 0.0454 | Epoch Time: 0.30s | Spearman@80: 0.7065 | Kendall@80: 0.5259
Epoch 25/150 | Train Loss: 0.0401 | Epoch Time: 0.31s | Spearman@80: 0.7482 | Kendall@80: 0.5734
Epoch 26/150 | Train Loss: 0.0365 | Epoch Time: 0.31s | Spearman@80: 0.7251 | Kendall@80: 0.5392
Epoch 27/150 | Train Loss: 0.0315 | Epoch Time: 0.32s | Spearman@80: 0.7059 | Kendall@80: 0.5222
Epoch 28/150 | Train Loss: 0.0277 | Epoch Time: 0.29s | Spearman@80: 0.6530 | Kendall@80: 0.4797
Epoch 29/150 | Train Loss: 0.0322 | Epoch Time: 0.31s | Spearman@80: 0.6425 | Kendall@80: 0.4582
Epoch 30/150 | Train Loss: 0.0431 | Epoch Time: 0.30s | Spearman@80: 0.6484 | Kendall@80: 0.4804
Epoch 31/150 | Train Loss: 0.0368 | Epoch Time: 0.31s | Spearman@80: 0.6667 | Kendall@80: 0.4943
Epoch 32/150 | Train Loss: 0.0495 | Epoch Time: 0.31s | Spearman@80: 0.6366 | Kendall@80: 0.4525
Epoch 33/150 | Train Loss: 0.0317 | Epoch Time: 0.32s | Spearman@80: 0.6652 | Kendall@80: 0.4886
Epoch 34/150 | Train Loss: 0.0276 | Epoch Time: 0.30s | Spearman@80: 0.6493 | Kendall@80: 0.4690
Epoch 35/150 | Train Loss: 0.0301 | Epoch Time: 0.29s | Spearman@80: 0.6287 | Kendall@80: 0.4538
Epoch 36/150 | Train Loss: 0.0372 | Epoch Time: 0.29s | Spearman@80: 0.5397 | Kendall@80: 0.3886
Epoch 37/150 | Train Loss: 0.0368 | Epoch Time: 0.31s | Spearman@80: 0.6598 | Kendall@80: 0.4829
Epoch 38/150 | Train Loss: 0.0374 | Epoch Time: 0.29s | Spearman@80: 0.5996 | Kendall@80: 0.4253
Epoch 39/150 | Train Loss: 0.0296 | Epoch Time: 0.31s | Spearman@80: 0.5911 | Kendall@80: 0.4209
Epoch 40/150 | Train Loss: 0.0287 | Epoch Time: 0.32s | Spearman@80: 0.6683 | Kendall@80: 0.4987
Epoch 41/150 | Train Loss: 0.0361 | Epoch Time: 0.32s | Spearman@80: 0.6629 | Kendall@80: 0.4994
Epoch 42/150 | Train Loss: 0.0403 | Epoch Time: 0.30s | Spearman@80: 0.6618 | Kendall@80: 0.4867
Epoch 43/150 | Train Loss: 0.0399 | Epoch Time: 0.28s | Spearman@80: 0.6623 | Kendall@80: 0.4848
Epoch 44/150 | Train Loss: 0.0323 | Epoch Time: 0.28s | Spearman@80: 0.6711 | Kendall@80: 0.5019
Epoch 45/150 | Train Loss: 0.0316 | Epoch Time: 0.31s | Spearman@80: 0.6534 | Kendall@80: 0.4880
Epoch 46/150 | Train Loss: 0.0269 | Epoch Time: 0.28s | Spearman@80: 0.6343 | Kendall@80: 0.4741
Epoch 47/150 | Train Loss: 0.0304 | Epoch Time: 0.31s | Spearman@80: 0.6344 | Kendall@80: 0.4684
Epoch 48/150 | Train Loss: 0.0232 | Epoch Time: 0.30s | Spearman@80: 0.6146 | Kendall@80: 0.4449
Epoch 49/150 | Train Loss: 0.0272 | Epoch Time: 0.29s | Spearman@80: 0.5546 | Kendall@80: 0.3968
Epoch 50/150 | Train Loss: 0.0209 | Epoch Time: 0.29s | Spearman@80: 0.6223 | Kendall@80: 0.4563
Epoch 51/150 | Train Loss: 0.0224 | Epoch Time: 0.29s | Spearman@80: 0.6501 | Kendall@80: 0.4829
Epoch 52/150 | Train Loss: 0.0276 | Epoch Time: 0.30s | Spearman@80: 0.6495 | Kendall@80: 0.4880
Epoch 53/150 | Train Loss: 0.0289 | Epoch Time: 0.30s | Spearman@80: 0.6570 | Kendall@80: 0.4962
Epoch 54/150 | Train Loss: 0.0222 | Epoch Time: 0.29s | Spearman@80: 0.6396 | Kendall@80: 0.4658
Epoch 55/150 | Train Loss: 0.0326 | Epoch Time: 0.29s | Spearman@80: 0.6405 | Kendall@80: 0.4684
Epoch 56/150 | Train Loss: 0.0217 | Epoch Time: 0.30s | Spearman@80: 0.6282 | Kendall@80: 0.4620
Epoch 57/150 | Train Loss: 0.0160 | Epoch Time: 0.30s | Spearman@80: 0.6325 | Kendall@80: 0.4684
Epoch 58/150 | Train Loss: 0.0167 | Epoch Time: 0.32s | Spearman@80: 0.6143 | Kendall@80: 0.4456
Epoch 59/150 | Train Loss: 0.0235 | Epoch Time: 0.31s | Spearman@80: 0.6702 | Kendall@80: 0.4981
Epoch 60/150 | Train Loss: 0.0160 | Epoch Time: 0.32s | Spearman@80: 0.6730 | Kendall@80: 0.5177
Epoch 61/150 | Train Loss: 0.0227 | Epoch Time: 0.32s | Spearman@80: 0.6690 | Kendall@80: 0.5000
Epoch 62/150 | Train Loss: 0.0190 | Epoch Time: 0.31s | Spearman@80: 0.6785 | Kendall@80: 0.5089
Epoch 63/150 | Train Loss: 0.0246 | Epoch Time: 0.30s | Spearman@80: 0.6648 | Kendall@80: 0.4949
Epoch 64/150 | Train Loss: 0.0228 | Epoch Time: 0.30s | Spearman@80: 0.6432 | Kendall@80: 0.4778
Epoch 65/150 | Train Loss: 0.0259 | Epoch Time: 0.30s | Spearman@80: 0.6376 | Kendall@80: 0.4747
Epoch 66/150 | Train Loss: 0.0369 | Epoch Time: 0.30s | Spearman@80: 0.5951 | Kendall@80: 0.4285
Epoch 67/150 | Train Loss: 0.0278 | Epoch Time: 0.30s | Spearman@80: 0.6547 | Kendall@80: 0.4804
Epoch 68/150 | Train Loss: 0.0316 | Epoch Time: 0.29s | Spearman@80: 0.6767 | Kendall@80: 0.4987
Epoch 69/150 | Train Loss: 0.0224 | Epoch Time: 0.30s | Spearman@80: 0.6777 | Kendall@80: 0.5038
Epoch 70/150 | Train Loss: 0.0309 | Epoch Time: 0.30s | Spearman@80: 0.6629 | Kendall@80: 0.4911
Epoch 71/150 | Train Loss: 0.0169 | Epoch Time: 0.28s | Spearman@80: 0.6477 | Kendall@80: 0.4709
Epoch 72/150 | Train Loss: 0.0184 | Epoch Time: 0.30s | Spearman@80: 0.6875 | Kendall@80: 0.5133
Epoch 73/150 | Train Loss: 0.0216 | Epoch Time: 0.30s | Spearman@80: 0.6923 | Kendall@80: 0.5215
Epoch 74/150 | Train Loss: 0.0211 | Epoch Time: 0.31s | Spearman@80: 0.6888 | Kendall@80: 0.5241
Epoch 75/150 | Train Loss: 0.0315 | Epoch Time: 0.30s | Spearman@80: 0.6770 | Kendall@80: 0.5101
Epoch 76/150 | Train Loss: 0.0259 | Epoch Time: 0.31s | Spearman@80: 0.6814 | Kendall@80: 0.5089
Epoch 77/150 | Train Loss: 0.0232 | Epoch Time: 0.29s | Spearman@80: 0.6102 | Kendall@80: 0.4443
Epoch 78/150 | Train Loss: 0.0286 | Epoch Time: 0.30s | Spearman@80: 0.6231 | Kendall@80: 0.4462
Epoch 79/150 | Train Loss: 0.0253 | Epoch Time: 0.28s | Spearman@80: 0.6593 | Kendall@80: 0.4873
Epoch 80/150 | Train Loss: 0.0207 | Epoch Time: 0.31s | Spearman@80: 0.6525 | Kendall@80: 0.4810
Epoch 81/150 | Train Loss: 0.0307 | Epoch Time: 0.28s | Spearman@80: 0.6934 | Kendall@80: 0.5234
Epoch 82/150 | Train Loss: 0.0204 | Epoch Time: 0.29s | Spearman@80: 0.6756 | Kendall@80: 0.5057
Epoch 83/150 | Train Loss: 0.0190 | Epoch Time: 0.30s | Spearman@80: 0.6845 | Kendall@80: 0.5228
Epoch 84/150 | Train Loss: 0.0120 | Epoch Time: 0.31s | Spearman@80: 0.6846 | Kendall@80: 0.5209
Epoch 85/150 | Train Loss: 0.0165 | Epoch Time: 0.29s | Spearman@80: 0.6675 | Kendall@80: 0.4968
Epoch 86/150 | Train Loss: 0.0148 | Epoch Time: 0.31s | Spearman@80: 0.6703 | Kendall@80: 0.4975
Epoch 87/150 | Train Loss: 0.0142 | Epoch Time: 0.30s | Spearman@80: 0.6726 | Kendall@80: 0.5082
Epoch 88/150 | Train Loss: 0.0184 | Epoch Time: 0.30s | Spearman@80: 0.6708 | Kendall@80: 0.5038
Epoch 89/150 | Train Loss: 0.0150 | Epoch Time: 0.30s | Spearman@80: 0.6692 | Kendall@80: 0.5025
Epoch 90/150 | Train Loss: 0.0187 | Epoch Time: 0.30s | Spearman@80: 0.6665 | Kendall@80: 0.5038
Epoch 91/150 | Train Loss: 0.0186 | Epoch Time: 0.32s | Spearman@80: 0.6350 | Kendall@80: 0.4639
Epoch 92/150 | Train Loss: 0.0190 | Epoch Time: 0.30s | Spearman@80: 0.6632 | Kendall@80: 0.5032
Epoch 93/150 | Train Loss: 0.0175 | Epoch Time: 0.29s | Spearman@80: 0.6664 | Kendall@80: 0.4962
Epoch 94/150 | Train Loss: 0.0131 | Epoch Time: 0.30s | Spearman@80: 0.6675 | Kendall@80: 0.5038
Epoch 95/150 | Train Loss: 0.0171 | Epoch Time: 0.32s | Spearman@80: 0.6530 | Kendall@80: 0.4791
Epoch 96/150 | Train Loss: 0.0201 | Epoch Time: 0.33s | Spearman@80: 0.6724 | Kendall@80: 0.5057
Epoch 97/150 | Train Loss: 0.0182 | Epoch Time: 0.30s | Spearman@80: 0.6772 | Kendall@80: 0.5158
Epoch 98/150 | Train Loss: 0.0161 | Epoch Time: 0.30s | Spearman@80: 0.6667 | Kendall@80: 0.5025
Epoch 99/150 | Train Loss: 0.0147 | Epoch Time: 0.31s | Spearman@80: 0.6742 | Kendall@80: 0.5038
Epoch 100/150 | Train Loss: 0.0158 | Epoch Time: 0.31s | Spearman@80: 0.6654 | Kendall@80: 0.4930
Epoch 101/150 | Train Loss: 0.0151 | Epoch Time: 0.30s | Spearman@80: 0.6418 | Kendall@80: 0.4741
Epoch 102/150 | Train Loss: 0.0225 | Epoch Time: 0.30s | Spearman@80: 0.6779 | Kendall@80: 0.5089
Epoch 103/150 | Train Loss: 0.0155 | Epoch Time: 0.33s | Spearman@80: 0.6848 | Kendall@80: 0.5171
Epoch 104/150 | Train Loss: 0.0145 | Epoch Time: 0.32s | Spearman@80: 0.6867 | Kendall@80: 0.5177
Epoch 105/150 | Train Loss: 0.0201 | Epoch Time: 0.32s | Spearman@80: 0.6523 | Kendall@80: 0.4854
Epoch 106/150 | Train Loss: 0.0141 | Epoch Time: 0.28s | Spearman@80: 0.6681 | Kendall@80: 0.4968
Epoch 107/150 | Train Loss: 0.0151 | Epoch Time: 0.32s | Spearman@80: 0.6673 | Kendall@80: 0.5038
Epoch 108/150 | Train Loss: 0.0156 | Epoch Time: 0.30s | Spearman@80: 0.6723 | Kendall@80: 0.5089
Epoch 109/150 | Train Loss: 0.0232 | Epoch Time: 0.31s | Spearman@80: 0.6759 | Kendall@80: 0.5133
Epoch 110/150 | Train Loss: 0.0150 | Epoch Time: 0.29s | Spearman@80: 0.6844 | Kendall@80: 0.5234
Epoch 111/150 | Train Loss: 0.0156 | Epoch Time: 0.31s | Spearman@80: 0.6845 | Kendall@80: 0.5278
Epoch 112/150 | Train Loss: 0.0141 | Epoch Time: 0.30s | Spearman@80: 0.6961 | Kendall@80: 0.5329
Epoch 113/150 | Train Loss: 0.0146 | Epoch Time: 0.31s | Spearman@80: 0.6944 | Kendall@80: 0.5335
Epoch 114/150 | Train Loss: 0.0170 | Epoch Time: 0.31s | Spearman@80: 0.6939 | Kendall@80: 0.5297
Epoch 115/150 | Train Loss: 0.0144 | Epoch Time: 0.32s | Spearman@80: 0.6953 | Kendall@80: 0.5323
Epoch 116/150 | Train Loss: 0.0098 | Epoch Time: 0.31s | Spearman@80: 0.7019 | Kendall@80: 0.5348
Epoch 117/150 | Train Loss: 0.0114 | Epoch Time: 0.31s | Spearman@80: 0.7013 | Kendall@80: 0.5316
Epoch 118/150 | Train Loss: 0.0086 | Epoch Time: 0.29s | Spearman@80: 0.6887 | Kendall@80: 0.5228
Epoch 119/150 | Train Loss: 0.0149 | Epoch Time: 0.29s | Spearman@80: 0.6879 | Kendall@80: 0.5247
Epoch 120/150 | Train Loss: 0.0156 | Epoch Time: 0.32s | Spearman@80: 0.6927 | Kendall@80: 0.5278
Epoch 121/150 | Train Loss: 0.0127 | Epoch Time: 0.31s | Spearman@80: 0.6862 | Kendall@80: 0.5209
Epoch 122/150 | Train Loss: 0.0162 | Epoch Time: 0.31s | Spearman@80: 0.6856 | Kendall@80: 0.5203
Epoch 123/150 | Train Loss: 0.0176 | Epoch Time: 0.30s | Spearman@80: 0.6815 | Kendall@80: 0.5158
Epoch 124/150 | Train Loss: 0.0098 | Epoch Time: 0.30s | Spearman@80: 0.6756 | Kendall@80: 0.5070
Epoch 125/150 | Train Loss: 0.0136 | Epoch Time: 0.31s | Spearman@80: 0.6774 | Kendall@80: 0.5070
Epoch 126/150 | Train Loss: 0.0143 | Epoch Time: 0.31s | Spearman@80: 0.6790 | Kendall@80: 0.5070
Epoch 127/150 | Train Loss: 0.0133 | Epoch Time: 0.32s | Spearman@80: 0.6817 | Kendall@80: 0.5120
Epoch 128/150 | Train Loss: 0.0115 | Epoch Time: 0.31s | Spearman@80: 0.6813 | Kendall@80: 0.5146
Epoch 129/150 | Train Loss: 0.0157 | Epoch Time: 0.31s | Spearman@80: 0.6807 | Kendall@80: 0.5108
Epoch 130/150 | Train Loss: 0.0149 | Epoch Time: 0.30s | Spearman@80: 0.6782 | Kendall@80: 0.5082
Epoch 131/150 | Train Loss: 0.0129 | Epoch Time: 0.31s | Spearman@80: 0.6785 | Kendall@80: 0.5101
Epoch 132/150 | Train Loss: 0.0085 | Epoch Time: 0.27s | Spearman@80: 0.6810 | Kendall@80: 0.5152
Epoch 133/150 | Train Loss: 0.0106 | Epoch Time: 0.29s | Spearman@80: 0.6819 | Kendall@80: 0.5196
Epoch 134/150 | Train Loss: 0.0175 | Epoch Time: 0.30s | Spearman@80: 0.6760 | Kendall@80: 0.5139
Epoch 135/150 | Train Loss: 0.0149 | Epoch Time: 0.31s | Spearman@80: 0.6824 | Kendall@80: 0.5152
Epoch 136/150 | Train Loss: 0.0059 | Epoch Time: 0.31s | Spearman@80: 0.6792 | Kendall@80: 0.5101
Epoch 137/150 | Train Loss: 0.0174 | Epoch Time: 0.32s | Spearman@80: 0.6799 | Kendall@80: 0.5101
Epoch 138/150 | Train Loss: 0.0132 | Epoch Time: 0.30s | Spearman@80: 0.6775 | Kendall@80: 0.5076
Epoch 139/150 | Train Loss: 0.0114 | Epoch Time: 0.29s | Spearman@80: 0.6796 | Kendall@80: 0.5082
Epoch 140/150 | Train Loss: 0.0132 | Epoch Time: 0.31s | Spearman@80: 0.6791 | Kendall@80: 0.5076
Epoch 141/150 | Train Loss: 0.0155 | Epoch Time: 0.30s | Spearman@80: 0.6811 | Kendall@80: 0.5108
Epoch 142/150 | Train Loss: 0.0120 | Epoch Time: 0.30s | Spearman@80: 0.6772 | Kendall@80: 0.5063
Epoch 143/150 | Train Loss: 0.0176 | Epoch Time: 0.32s | Spearman@80: 0.6809 | Kendall@80: 0.5095
Epoch 144/150 | Train Loss: 0.0125 | Epoch Time: 0.31s | Spearman@80: 0.6749 | Kendall@80: 0.5032
Epoch 145/150 | Train Loss: 0.0077 | Epoch Time: 0.33s | Spearman@80: 0.6805 | Kendall@80: 0.5101
Epoch 146/150 | Train Loss: 0.0150 | Epoch Time: 0.31s | Spearman@80: 0.6818 | Kendall@80: 0.5108
Epoch 147/150 | Train Loss: 0.0165 | Epoch Time: 23.56s | Spearman@423559: 0.7906 | Kendall@423559: 0.6030
Epoch 148/150 | Train Loss: 0.0128 | Epoch Time: 23.61s | Spearman@423559: 0.7912 | Kendall@423559: 0.6038
Epoch 149/150 | Train Loss: 0.0115 | Epoch Time: 23.66s | Spearman@423559: 0.7914 | Kendall@423559: 0.6039
Epoch 150/150 | Train Loss: 0.0172 | Epoch Time: 23.58s | Spearman@423559: 0.7913 | Kendall@423559: 0.6038
Sample Count: 64, Spearman: 0.7911199474053089, Kendall: 0.6036312437198328
{64: (0.7911199474053089, 0.6036312437198328)}
Epoch 1/150 | Train Loss: 0.0884 | Epoch Time: 0.60s | Spearman@80: 0.6051 | Kendall@80: 0.4225
Epoch 2/150 | Train Loss: 0.0579 | Epoch Time: 0.60s | Spearman@80: 0.6617 | Kendall@80: 0.4782
Epoch 3/150 | Train Loss: 0.0580 | Epoch Time: 0.59s | Spearman@80: 0.7119 | Kendall@80: 0.5162
Epoch 4/150 | Train Loss: 0.0498 | Epoch Time: 0.61s | Spearman@80: 0.7759 | Kendall@80: 0.5637
Epoch 5/150 | Train Loss: 0.0495 | Epoch Time: 0.61s | Spearman@80: 0.8100 | Kendall@80: 0.6270
Epoch 6/150 | Train Loss: 0.0424 | Epoch Time: 0.59s | Spearman@80: 0.8000 | Kendall@80: 0.5897
Epoch 7/150 | Train Loss: 0.0442 | Epoch Time: 0.60s | Spearman@80: 0.7916 | Kendall@80: 0.5909
Epoch 8/150 | Train Loss: 0.0415 | Epoch Time: 0.63s | Spearman@80: 0.8051 | Kendall@80: 0.6188
Epoch 9/150 | Train Loss: 0.0489 | Epoch Time: 0.61s | Spearman@80: 0.7950 | Kendall@80: 0.6105
Epoch 10/150 | Train Loss: 0.0454 | Epoch Time: 0.61s | Spearman@80: 0.8082 | Kendall@80: 0.6029
Epoch 11/150 | Train Loss: 0.0503 | Epoch Time: 0.62s | Spearman@80: 0.8193 | Kendall@80: 0.6213
Epoch 12/150 | Train Loss: 0.0412 | Epoch Time: 0.61s | Spearman@80: 0.7820 | Kendall@80: 0.5985
Epoch 13/150 | Train Loss: 0.0459 | Epoch Time: 0.59s | Spearman@80: 0.8179 | Kendall@80: 0.6359
Epoch 14/150 | Train Loss: 0.0431 | Epoch Time: 0.59s | Spearman@80: 0.8227 | Kendall@80: 0.6371
Epoch 15/150 | Train Loss: 0.0361 | Epoch Time: 0.62s | Spearman@80: 0.8261 | Kendall@80: 0.6327
Epoch 16/150 | Train Loss: 0.0386 | Epoch Time: 0.58s | Spearman@80: 0.8135 | Kendall@80: 0.6175
Epoch 17/150 | Train Loss: 0.0357 | Epoch Time: 0.61s | Spearman@80: 0.8053 | Kendall@80: 0.6150
Epoch 18/150 | Train Loss: 0.0376 | Epoch Time: 0.61s | Spearman@80: 0.8000 | Kendall@80: 0.6118
Epoch 19/150 | Train Loss: 0.0396 | Epoch Time: 0.58s | Spearman@80: 0.8611 | Kendall@80: 0.6751
Epoch 20/150 | Train Loss: 0.0388 | Epoch Time: 0.61s | Spearman@80: 0.8522 | Kendall@80: 0.6612
Epoch 21/150 | Train Loss: 0.0432 | Epoch Time: 0.62s | Spearman@80: 0.8454 | Kendall@80: 0.6441
Epoch 22/150 | Train Loss: 0.0391 | Epoch Time: 0.59s | Spearman@80: 0.8582 | Kendall@80: 0.6637
Epoch 23/150 | Train Loss: 0.0380 | Epoch Time: 0.60s | Spearman@80: 0.7697 | Kendall@80: 0.5852
Epoch 24/150 | Train Loss: 0.0389 | Epoch Time: 0.61s | Spearman@80: 0.8507 | Kendall@80: 0.6542
Epoch 25/150 | Train Loss: 0.0370 | Epoch Time: 0.58s | Spearman@80: 0.8069 | Kendall@80: 0.6270
Epoch 26/150 | Train Loss: 0.0435 | Epoch Time: 0.58s | Spearman@80: 0.8534 | Kendall@80: 0.6492
Epoch 27/150 | Train Loss: 0.0348 | Epoch Time: 0.61s | Spearman@80: 0.7862 | Kendall@80: 0.5884
Epoch 28/150 | Train Loss: 0.0385 | Epoch Time: 0.61s | Spearman@80: 0.8301 | Kendall@80: 0.6473
Epoch 29/150 | Train Loss: 0.0380 | Epoch Time: 0.58s | Spearman@80: 0.8612 | Kendall@80: 0.6738
Epoch 30/150 | Train Loss: 0.0392 | Epoch Time: 0.60s | Spearman@80: 0.8565 | Kendall@80: 0.6612
Epoch 31/150 | Train Loss: 0.0375 | Epoch Time: 0.62s | Spearman@80: 0.8668 | Kendall@80: 0.6871
Epoch 32/150 | Train Loss: 0.0440 | Epoch Time: 0.61s | Spearman@80: 0.8037 | Kendall@80: 0.6314
Epoch 33/150 | Train Loss: 0.0325 | Epoch Time: 0.62s | Spearman@80: 0.8414 | Kendall@80: 0.6555
Epoch 34/150 | Train Loss: 0.0411 | Epoch Time: 0.63s | Spearman@80: 0.8775 | Kendall@80: 0.6859
Epoch 35/150 | Train Loss: 0.0349 | Epoch Time: 0.62s | Spearman@80: 0.8471 | Kendall@80: 0.6530
Epoch 36/150 | Train Loss: 0.0272 | Epoch Time: 0.62s | Spearman@80: 0.8029 | Kendall@80: 0.6257
Epoch 37/150 | Train Loss: 0.0358 | Epoch Time: 0.59s | Spearman@80: 0.8618 | Kendall@80: 0.6713
Epoch 38/150 | Train Loss: 0.0411 | Epoch Time: 0.60s | Spearman@80: 0.8464 | Kendall@80: 0.6631
Epoch 39/150 | Train Loss: 0.0312 | Epoch Time: 0.61s | Spearman@80: 0.8587 | Kendall@80: 0.6669
Epoch 40/150 | Train Loss: 0.0342 | Epoch Time: 0.62s | Spearman@80: 0.8128 | Kendall@80: 0.6473
Epoch 41/150 | Train Loss: 0.0323 | Epoch Time: 0.59s | Spearman@80: 0.8510 | Kendall@80: 0.6637
Epoch 42/150 | Train Loss: 0.0374 | Epoch Time: 0.61s | Spearman@80: 0.9066 | Kendall@80: 0.7352
Epoch 43/150 | Train Loss: 0.0306 | Epoch Time: 0.60s | Spearman@80: 0.8619 | Kendall@80: 0.6846
Epoch 44/150 | Train Loss: 0.0359 | Epoch Time: 0.61s | Spearman@80: 0.8697 | Kendall@80: 0.6903
Epoch 45/150 | Train Loss: 0.0287 | Epoch Time: 0.63s | Spearman@80: 0.8876 | Kendall@80: 0.7188
Epoch 46/150 | Train Loss: 0.0320 | Epoch Time: 0.58s | Spearman@80: 0.8586 | Kendall@80: 0.6783
Epoch 47/150 | Train Loss: 0.0294 | Epoch Time: 0.61s | Spearman@80: 0.8914 | Kendall@80: 0.7144
Epoch 48/150 | Train Loss: 0.0350 | Epoch Time: 0.63s | Spearman@80: 0.8593 | Kendall@80: 0.6935
Epoch 49/150 | Train Loss: 0.0360 | Epoch Time: 0.61s | Spearman@80: 0.8695 | Kendall@80: 0.6947
Epoch 50/150 | Train Loss: 0.0310 | Epoch Time: 0.62s | Spearman@80: 0.9013 | Kendall@80: 0.7340
Epoch 51/150 | Train Loss: 0.0347 | Epoch Time: 0.60s | Spearman@80: 0.9097 | Kendall@80: 0.7422
Epoch 52/150 | Train Loss: 0.0299 | Epoch Time: 0.57s | Spearman@80: 0.8615 | Kendall@80: 0.6846
Epoch 53/150 | Train Loss: 0.0331 | Epoch Time: 0.62s | Spearman@80: 0.7917 | Kendall@80: 0.6131
Epoch 54/150 | Train Loss: 0.0321 | Epoch Time: 0.62s | Spearman@80: 0.8851 | Kendall@80: 0.7163
Epoch 55/150 | Train Loss: 0.0354 | Epoch Time: 0.57s | Spearman@80: 0.8851 | Kendall@80: 0.7068
Epoch 56/150 | Train Loss: 0.0224 | Epoch Time: 0.60s | Spearman@80: 0.8655 | Kendall@80: 0.6890
Epoch 57/150 | Train Loss: 0.0316 | Epoch Time: 0.58s | Spearman@80: 0.8871 | Kendall@80: 0.7036
Epoch 58/150 | Train Loss: 0.0292 | Epoch Time: 0.62s | Spearman@80: 0.8793 | Kendall@80: 0.6966
Epoch 59/150 | Train Loss: 0.0299 | Epoch Time: 0.62s | Spearman@80: 0.9224 | Kendall@80: 0.7555
Epoch 60/150 | Train Loss: 0.0271 | Epoch Time: 0.60s | Spearman@80: 0.8961 | Kendall@80: 0.7213
Epoch 61/150 | Train Loss: 0.0296 | Epoch Time: 0.61s | Spearman@80: 0.9108 | Kendall@80: 0.7359
Epoch 62/150 | Train Loss: 0.0389 | Epoch Time: 0.60s | Spearman@80: 0.9014 | Kendall@80: 0.7295
Epoch 63/150 | Train Loss: 0.0276 | Epoch Time: 0.62s | Spearman@80: 0.8779 | Kendall@80: 0.7004
Epoch 64/150 | Train Loss: 0.0224 | Epoch Time: 0.63s | Spearman@80: 0.8784 | Kendall@80: 0.6992
Epoch 65/150 | Train Loss: 0.0318 | Epoch Time: 0.62s | Spearman@80: 0.9016 | Kendall@80: 0.7352
Epoch 66/150 | Train Loss: 0.0219 | Epoch Time: 0.62s | Spearman@80: 0.9011 | Kendall@80: 0.7276
Epoch 67/150 | Train Loss: 0.0280 | Epoch Time: 0.60s | Spearman@80: 0.8709 | Kendall@80: 0.7011
Epoch 68/150 | Train Loss: 0.0209 | Epoch Time: 0.62s | Spearman@80: 0.8733 | Kendall@80: 0.7004
Epoch 69/150 | Train Loss: 0.0219 | Epoch Time: 0.59s | Spearman@80: 0.8965 | Kendall@80: 0.7232
Epoch 70/150 | Train Loss: 0.0234 | Epoch Time: 0.61s | Spearman@80: 0.8857 | Kendall@80: 0.7150
Epoch 71/150 | Train Loss: 0.0287 | Epoch Time: 0.61s | Spearman@80: 0.9012 | Kendall@80: 0.7302
Epoch 72/150 | Train Loss: 0.0267 | Epoch Time: 0.62s | Spearman@80: 0.9149 | Kendall@80: 0.7428
Epoch 73/150 | Train Loss: 0.0274 | Epoch Time: 0.63s | Spearman@80: 0.8954 | Kendall@80: 0.7150
Epoch 74/150 | Train Loss: 0.0283 | Epoch Time: 0.61s | Spearman@80: 0.9054 | Kendall@80: 0.7289
Epoch 75/150 | Train Loss: 0.0214 | Epoch Time: 0.61s | Spearman@80: 0.8929 | Kendall@80: 0.7213
Epoch 76/150 | Train Loss: 0.0254 | Epoch Time: 0.62s | Spearman@80: 0.8998 | Kendall@80: 0.7245
Epoch 77/150 | Train Loss: 0.0280 | Epoch Time: 0.61s | Spearman@80: 0.8897 | Kendall@80: 0.7163
Epoch 78/150 | Train Loss: 0.0278 | Epoch Time: 0.61s | Spearman@80: 0.8855 | Kendall@80: 0.7194
Epoch 79/150 | Train Loss: 0.0272 | Epoch Time: 0.61s | Spearman@80: 0.9032 | Kendall@80: 0.7479
Epoch 80/150 | Train Loss: 0.0254 | Epoch Time: 0.61s | Spearman@80: 0.9228 | Kendall@80: 0.7485
Epoch 81/150 | Train Loss: 0.0242 | Epoch Time: 0.61s | Spearman@80: 0.8978 | Kendall@80: 0.7340
Epoch 82/150 | Train Loss: 0.0232 | Epoch Time: 0.60s | Spearman@80: 0.8829 | Kendall@80: 0.7087
Epoch 83/150 | Train Loss: 0.0241 | Epoch Time: 0.58s | Spearman@80: 0.8838 | Kendall@80: 0.7131
Epoch 84/150 | Train Loss: 0.0243 | Epoch Time: 0.62s | Spearman@80: 0.9125 | Kendall@80: 0.7397
Epoch 85/150 | Train Loss: 0.0224 | Epoch Time: 0.60s | Spearman@80: 0.9078 | Kendall@80: 0.7371
Epoch 86/150 | Train Loss: 0.0196 | Epoch Time: 0.60s | Spearman@80: 0.8924 | Kendall@80: 0.7169
Epoch 87/150 | Train Loss: 0.0222 | Epoch Time: 0.60s | Spearman@80: 0.8817 | Kendall@80: 0.7068
Epoch 88/150 | Train Loss: 0.0242 | Epoch Time: 0.62s | Spearman@80: 0.9069 | Kendall@80: 0.7359
Epoch 89/150 | Train Loss: 0.0194 | Epoch Time: 0.60s | Spearman@80: 0.9088 | Kendall@80: 0.7352
Epoch 90/150 | Train Loss: 0.0299 | Epoch Time: 0.63s | Spearman@80: 0.9107 | Kendall@80: 0.7441
Epoch 91/150 | Train Loss: 0.0197 | Epoch Time: 0.61s | Spearman@80: 0.8964 | Kendall@80: 0.7232
Epoch 92/150 | Train Loss: 0.0258 | Epoch Time: 0.61s | Spearman@80: 0.9060 | Kendall@80: 0.7359
Epoch 93/150 | Train Loss: 0.0252 | Epoch Time: 0.62s | Spearman@80: 0.9360 | Kendall@80: 0.7732
Epoch 94/150 | Train Loss: 0.0226 | Epoch Time: 0.59s | Spearman@80: 0.9092 | Kendall@80: 0.7359
Epoch 95/150 | Train Loss: 0.0221 | Epoch Time: 0.59s | Spearman@80: 0.9210 | Kendall@80: 0.7606
Epoch 96/150 | Train Loss: 0.0199 | Epoch Time: 0.61s | Spearman@80: 0.9138 | Kendall@80: 0.7561
Epoch 97/150 | Train Loss: 0.0219 | Epoch Time: 0.60s | Spearman@80: 0.9021 | Kendall@80: 0.7378
Epoch 98/150 | Train Loss: 0.0243 | Epoch Time: 0.61s | Spearman@80: 0.9196 | Kendall@80: 0.7517
Epoch 99/150 | Train Loss: 0.0235 | Epoch Time: 0.59s | Spearman@80: 0.8970 | Kendall@80: 0.7270
Epoch 100/150 | Train Loss: 0.0215 | Epoch Time: 0.63s | Spearman@80: 0.9050 | Kendall@80: 0.7435
Epoch 101/150 | Train Loss: 0.0207 | Epoch Time: 0.61s | Spearman@80: 0.9103 | Kendall@80: 0.7473
Epoch 102/150 | Train Loss: 0.0172 | Epoch Time: 0.58s | Spearman@80: 0.9106 | Kendall@80: 0.7473
Epoch 103/150 | Train Loss: 0.0169 | Epoch Time: 0.59s | Spearman@80: 0.9364 | Kendall@80: 0.7821
Epoch 104/150 | Train Loss: 0.0176 | Epoch Time: 0.64s | Spearman@80: 0.9078 | Kendall@80: 0.7346
Epoch 105/150 | Train Loss: 0.0183 | Epoch Time: 0.58s | Spearman@80: 0.9092 | Kendall@80: 0.7428
Epoch 106/150 | Train Loss: 0.0192 | Epoch Time: 0.60s | Spearman@80: 0.9382 | Kendall@80: 0.7853
Epoch 107/150 | Train Loss: 0.0241 | Epoch Time: 0.58s | Spearman@80: 0.9333 | Kendall@80: 0.7682
Epoch 108/150 | Train Loss: 0.0227 | Epoch Time: 0.61s | Spearman@80: 0.9011 | Kendall@80: 0.7333
Epoch 109/150 | Train Loss: 0.0153 | Epoch Time: 0.60s | Spearman@80: 0.9048 | Kendall@80: 0.7295
Epoch 110/150 | Train Loss: 0.0155 | Epoch Time: 0.62s | Spearman@80: 0.9141 | Kendall@80: 0.7454
Epoch 111/150 | Train Loss: 0.0157 | Epoch Time: 0.60s | Spearman@80: 0.9084 | Kendall@80: 0.7384
Epoch 112/150 | Train Loss: 0.0219 | Epoch Time: 0.62s | Spearman@80: 0.9208 | Kendall@80: 0.7523
Epoch 113/150 | Train Loss: 0.0175 | Epoch Time: 0.63s | Spearman@80: 0.9240 | Kendall@80: 0.7580
Epoch 114/150 | Train Loss: 0.0163 | Epoch Time: 0.63s | Spearman@80: 0.9363 | Kendall@80: 0.7802
Epoch 115/150 | Train Loss: 0.0156 | Epoch Time: 0.60s | Spearman@80: 0.9287 | Kendall@80: 0.7688
Epoch 116/150 | Train Loss: 0.0195 | Epoch Time: 0.62s | Spearman@80: 0.9140 | Kendall@80: 0.7549
Epoch 117/150 | Train Loss: 0.0137 | Epoch Time: 0.61s | Spearman@80: 0.9168 | Kendall@80: 0.7561
Epoch 118/150 | Train Loss: 0.0187 | Epoch Time: 0.61s | Spearman@80: 0.9241 | Kendall@80: 0.7618
Epoch 119/150 | Train Loss: 0.0217 | Epoch Time: 0.58s | Spearman@80: 0.9243 | Kendall@80: 0.7599
Epoch 120/150 | Train Loss: 0.0156 | Epoch Time: 0.59s | Spearman@80: 0.9254 | Kendall@80: 0.7612
Epoch 121/150 | Train Loss: 0.0205 | Epoch Time: 0.63s | Spearman@80: 0.9253 | Kendall@80: 0.7625
Epoch 122/150 | Train Loss: 0.0183 | Epoch Time: 0.60s | Spearman@80: 0.9239 | Kendall@80: 0.7612
Epoch 123/150 | Train Loss: 0.0143 | Epoch Time: 0.58s | Spearman@80: 0.9190 | Kendall@80: 0.7536
Epoch 124/150 | Train Loss: 0.0165 | Epoch Time: 0.59s | Spearman@80: 0.9186 | Kendall@80: 0.7511
Epoch 125/150 | Train Loss: 0.0247 | Epoch Time: 0.60s | Spearman@80: 0.9230 | Kendall@80: 0.7542
Epoch 126/150 | Train Loss: 0.0156 | Epoch Time: 0.62s | Spearman@80: 0.9190 | Kendall@80: 0.7479
Epoch 127/150 | Train Loss: 0.0183 | Epoch Time: 0.62s | Spearman@80: 0.9188 | Kendall@80: 0.7498
Epoch 128/150 | Train Loss: 0.0168 | Epoch Time: 0.59s | Spearman@80: 0.9165 | Kendall@80: 0.7447
Epoch 129/150 | Train Loss: 0.0188 | Epoch Time: 0.61s | Spearman@80: 0.9201 | Kendall@80: 0.7498
Epoch 130/150 | Train Loss: 0.0129 | Epoch Time: 0.60s | Spearman@80: 0.9246 | Kendall@80: 0.7549
Epoch 131/150 | Train Loss: 0.0170 | Epoch Time: 0.62s | Spearman@80: 0.9188 | Kendall@80: 0.7492
Epoch 132/150 | Train Loss: 0.0148 | Epoch Time: 0.61s | Spearman@80: 0.9188 | Kendall@80: 0.7485
Epoch 133/150 | Train Loss: 0.0218 | Epoch Time: 0.58s | Spearman@80: 0.9269 | Kendall@80: 0.7625
Epoch 134/150 | Train Loss: 0.0180 | Epoch Time: 0.59s | Spearman@80: 0.9282 | Kendall@80: 0.7612
Epoch 135/150 | Train Loss: 0.0225 | Epoch Time: 0.61s | Spearman@80: 0.9272 | Kendall@80: 0.7644
Epoch 136/150 | Train Loss: 0.0196 | Epoch Time: 0.61s | Spearman@80: 0.9251 | Kendall@80: 0.7574
Epoch 137/150 | Train Loss: 0.0199 | Epoch Time: 0.60s | Spearman@80: 0.9216 | Kendall@80: 0.7561
Epoch 138/150 | Train Loss: 0.0144 | Epoch Time: 0.59s | Spearman@80: 0.9193 | Kendall@80: 0.7504
Epoch 139/150 | Train Loss: 0.0186 | Epoch Time: 0.61s | Spearman@80: 0.9244 | Kendall@80: 0.7593
Epoch 140/150 | Train Loss: 0.0162 | Epoch Time: 0.61s | Spearman@80: 0.9277 | Kendall@80: 0.7637
Epoch 141/150 | Train Loss: 0.0164 | Epoch Time: 0.61s | Spearman@80: 0.9273 | Kendall@80: 0.7606
Epoch 142/150 | Train Loss: 0.0155 | Epoch Time: 0.59s | Spearman@80: 0.9264 | Kendall@80: 0.7606
Epoch 143/150 | Train Loss: 0.0159 | Epoch Time: 0.59s | Spearman@80: 0.9250 | Kendall@80: 0.7580
Epoch 144/150 | Train Loss: 0.0166 | Epoch Time: 0.58s | Spearman@80: 0.9248 | Kendall@80: 0.7587
Epoch 145/150 | Train Loss: 0.0150 | Epoch Time: 0.58s | Spearman@80: 0.9249 | Kendall@80: 0.7580
Epoch 146/150 | Train Loss: 0.0175 | Epoch Time: 0.59s | Spearman@80: 0.9250 | Kendall@80: 0.7593
Epoch 147/150 | Train Loss: 0.0174 | Epoch Time: 24.67s | Spearman@423495: 0.8985 | Kendall@423495: 0.7321
Epoch 148/150 | Train Loss: 0.0197 | Epoch Time: 24.71s | Spearman@423495: 0.8976 | Kendall@423495: 0.7317
Epoch 149/150 | Train Loss: 0.0179 | Epoch Time: 24.63s | Spearman@423495: 0.8972 | Kendall@423495: 0.7306
Epoch 150/150 | Train Loss: 0.0159 | Epoch Time: 24.80s | Spearman@423495: 0.8970 | Kendall@423495: 0.7311
Sample Count: 128, Spearman: 0.897579084344293, Kendall: 0.7313746352577043
{64: (0.7911199474053089, 0.6036312437198328),
 128: (0.897579084344293, 0.7313746352577043)}
Epoch 1/150 | Train Loss: 0.1000 | Epoch Time: 0.30s | Spearman@80: 0.6260 | Kendall@80: 0.4639
Epoch 2/150 | Train Loss: 0.0814 | Epoch Time: 0.29s | Spearman@80: 0.6643 | Kendall@80: 0.4962
Epoch 3/150 | Train Loss: 0.0673 | Epoch Time: 0.29s | Spearman@80: 0.6584 | Kendall@80: 0.4835
Epoch 4/150 | Train Loss: 0.0698 | Epoch Time: 0.30s | Spearman@80: 0.7377 | Kendall@80: 0.5570
Epoch 5/150 | Train Loss: 0.0683 | Epoch Time: 0.29s | Spearman@80: 0.7667 | Kendall@80: 0.5715
Epoch 6/150 | Train Loss: 0.0627 | Epoch Time: 0.31s | Spearman@80: 0.7089 | Kendall@80: 0.5278
Epoch 7/150 | Train Loss: 0.0592 | Epoch Time: 0.31s | Spearman@80: 0.7965 | Kendall@80: 0.5981
Epoch 8/150 | Train Loss: 0.0472 | Epoch Time: 0.30s | Spearman@80: 0.7884 | Kendall@80: 0.6013
Epoch 9/150 | Train Loss: 0.0447 | Epoch Time: 0.31s | Spearman@80: 0.7690 | Kendall@80: 0.5728
Epoch 10/150 | Train Loss: 0.0495 | Epoch Time: 0.30s | Spearman@80: 0.8079 | Kendall@80: 0.6076
Epoch 11/150 | Train Loss: 0.0406 | Epoch Time: 0.30s | Spearman@80: 0.7526 | Kendall@80: 0.5608
Epoch 12/150 | Train Loss: 0.0474 | Epoch Time: 0.30s | Spearman@80: 0.7907 | Kendall@80: 0.5937
Epoch 13/150 | Train Loss: 0.0512 | Epoch Time: 0.30s | Spearman@80: 0.8688 | Kendall@80: 0.6810
Epoch 14/150 | Train Loss: 0.0505 | Epoch Time: 0.31s | Spearman@80: 0.8429 | Kendall@80: 0.6462
Epoch 15/150 | Train Loss: 0.0460 | Epoch Time: 0.31s | Spearman@80: 0.8450 | Kendall@80: 0.6449
Epoch 16/150 | Train Loss: 0.0428 | Epoch Time: 0.31s | Spearman@80: 0.8524 | Kendall@80: 0.6627
Epoch 17/150 | Train Loss: 0.0402 | Epoch Time: 0.31s | Spearman@80: 0.8262 | Kendall@80: 0.6329
Epoch 18/150 | Train Loss: 0.0426 | Epoch Time: 0.29s | Spearman@80: 0.8769 | Kendall@80: 0.6918
Epoch 19/150 | Train Loss: 0.0447 | Epoch Time: 0.31s | Spearman@80: 0.8444 | Kendall@80: 0.6544
Epoch 20/150 | Train Loss: 0.0321 | Epoch Time: 0.30s | Spearman@80: 0.8798 | Kendall@80: 0.6975
Epoch 21/150 | Train Loss: 0.0292 | Epoch Time: 0.30s | Spearman@80: 0.8393 | Kendall@80: 0.6595
Epoch 22/150 | Train Loss: 0.0424 | Epoch Time: 0.28s | Spearman@80: 0.8728 | Kendall@80: 0.6905
Epoch 23/150 | Train Loss: 0.0450 | Epoch Time: 0.30s | Spearman@80: 0.8630 | Kendall@80: 0.6753
Epoch 24/150 | Train Loss: 0.0396 | Epoch Time: 0.31s | Spearman@80: 0.8629 | Kendall@80: 0.6861
Epoch 25/150 | Train Loss: 0.0348 | Epoch Time: 0.32s | Spearman@80: 0.8764 | Kendall@80: 0.6892
Epoch 26/150 | Train Loss: 0.0403 | Epoch Time: 0.30s | Spearman@80: 0.8076 | Kendall@80: 0.6127
Epoch 27/150 | Train Loss: 0.0448 | Epoch Time: 0.31s | Spearman@80: 0.8502 | Kendall@80: 0.6595
Epoch 28/150 | Train Loss: 0.0345 | Epoch Time: 0.30s | Spearman@80: 0.8793 | Kendall@80: 0.7013
Epoch 29/150 | Train Loss: 0.0257 | Epoch Time: 0.30s | Spearman@80: 0.8813 | Kendall@80: 0.7070
Epoch 30/150 | Train Loss: 0.0343 | Epoch Time: 0.30s | Spearman@80: 0.8774 | Kendall@80: 0.7000
Epoch 31/150 | Train Loss: 0.0378 | Epoch Time: 0.31s | Spearman@80: 0.8577 | Kendall@80: 0.6741
Epoch 32/150 | Train Loss: 0.0301 | Epoch Time: 0.30s | Spearman@80: 0.8841 | Kendall@80: 0.7063
Epoch 33/150 | Train Loss: 0.0447 | Epoch Time: 0.29s | Spearman@80: 0.8605 | Kendall@80: 0.6823
Epoch 34/150 | Train Loss: 0.0317 | Epoch Time: 0.30s | Spearman@80: 0.8767 | Kendall@80: 0.6924
Epoch 35/150 | Train Loss: 0.0341 | Epoch Time: 0.29s | Spearman@80: 0.8755 | Kendall@80: 0.6918
Epoch 36/150 | Train Loss: 0.0368 | Epoch Time: 0.30s | Spearman@80: 0.8605 | Kendall@80: 0.6709
Epoch 37/150 | Train Loss: 0.0374 | Epoch Time: 0.31s | Spearman@80: 0.8797 | Kendall@80: 0.7032
Epoch 38/150 | Train Loss: 0.0381 | Epoch Time: 0.32s | Spearman@80: 0.8903 | Kendall@80: 0.7139
Epoch 39/150 | Train Loss: 0.0270 | Epoch Time: 0.29s | Spearman@80: 0.8981 | Kendall@80: 0.7247
Epoch 40/150 | Train Loss: 0.0342 | Epoch Time: 0.31s | Spearman@80: 0.8497 | Kendall@80: 0.6652
Epoch 41/150 | Train Loss: 0.0308 | Epoch Time: 0.31s | Spearman@80: 0.8679 | Kendall@80: 0.6880
Epoch 42/150 | Train Loss: 0.0393 | Epoch Time: 0.30s | Spearman@80: 0.8692 | Kendall@80: 0.6873
Epoch 43/150 | Train Loss: 0.0328 | Epoch Time: 0.31s | Spearman@80: 0.8560 | Kendall@80: 0.6816
Epoch 44/150 | Train Loss: 0.0320 | Epoch Time: 0.32s | Spearman@80: 0.8532 | Kendall@80: 0.6759
Epoch 45/150 | Train Loss: 0.0269 | Epoch Time: 0.33s | Spearman@80: 0.8771 | Kendall@80: 0.6994
Epoch 46/150 | Train Loss: 0.0319 | Epoch Time: 0.31s | Spearman@80: 0.8791 | Kendall@80: 0.7070
Epoch 47/150 | Train Loss: 0.0328 | Epoch Time: 0.31s | Spearman@80: 0.8885 | Kendall@80: 0.7184
Epoch 48/150 | Train Loss: 0.0299 | Epoch Time: 0.31s | Spearman@80: 0.8767 | Kendall@80: 0.6943
Epoch 49/150 | Train Loss: 0.0393 | Epoch Time: 0.32s | Spearman@80: 0.8706 | Kendall@80: 0.6886
Epoch 50/150 | Train Loss: 0.0419 | Epoch Time: 0.32s | Spearman@80: 0.8854 | Kendall@80: 0.7133
Epoch 51/150 | Train Loss: 0.0317 | Epoch Time: 0.31s | Spearman@80: 0.8605 | Kendall@80: 0.6785
Epoch 52/150 | Train Loss: 0.0308 | Epoch Time: 0.31s | Spearman@80: 0.8169 | Kendall@80: 0.6354
Epoch 53/150 | Train Loss: 0.0400 | Epoch Time: 0.30s | Spearman@80: 0.8514 | Kendall@80: 0.6747
Epoch 54/150 | Train Loss: 0.0305 | Epoch Time: 0.33s | Spearman@80: 0.8182 | Kendall@80: 0.6215
Epoch 55/150 | Train Loss: 0.0311 | Epoch Time: 0.31s | Spearman@80: 0.8480 | Kendall@80: 0.6684
Epoch 56/150 | Train Loss: 0.0290 | Epoch Time: 0.31s | Spearman@80: 0.8688 | Kendall@80: 0.6892
Epoch 57/150 | Train Loss: 0.0399 | Epoch Time: 0.29s | Spearman@80: 0.8720 | Kendall@80: 0.6930
Epoch 58/150 | Train Loss: 0.0303 | Epoch Time: 0.29s | Spearman@80: 0.8570 | Kendall@80: 0.6804
Epoch 59/150 | Train Loss: 0.0316 | Epoch Time: 0.32s | Spearman@80: 0.8791 | Kendall@80: 0.6968
Epoch 60/150 | Train Loss: 0.0271 | Epoch Time: 0.31s | Spearman@80: 0.8681 | Kendall@80: 0.6892
Epoch 61/150 | Train Loss: 0.0334 | Epoch Time: 0.29s | Spearman@80: 0.8676 | Kendall@80: 0.6905
Epoch 62/150 | Train Loss: 0.0274 | Epoch Time: 0.32s | Spearman@80: 0.8657 | Kendall@80: 0.6861
Epoch 63/150 | Train Loss: 0.0233 | Epoch Time: 0.29s | Spearman@80: 0.8553 | Kendall@80: 0.6810
Epoch 64/150 | Train Loss: 0.0280 | Epoch Time: 0.32s | Spearman@80: 0.8629 | Kendall@80: 0.6918
Epoch 65/150 | Train Loss: 0.0254 | Epoch Time: 0.31s | Spearman@80: 0.8707 | Kendall@80: 0.6956
Epoch 66/150 | Train Loss: 0.0250 | Epoch Time: 0.31s | Spearman@80: 0.8676 | Kendall@80: 0.6918
Epoch 67/150 | Train Loss: 0.0222 | Epoch Time: 0.29s | Spearman@80: 0.8795 | Kendall@80: 0.7006
Epoch 68/150 | Train Loss: 0.0274 | Epoch Time: 0.31s | Spearman@80: 0.8739 | Kendall@80: 0.6943
Epoch 69/150 | Train Loss: 0.0275 | Epoch Time: 0.32s | Spearman@80: 0.8743 | Kendall@80: 0.7006
Epoch 70/150 | Train Loss: 0.0310 | Epoch Time: 0.31s | Spearman@80: 0.8876 | Kendall@80: 0.7165
Epoch 71/150 | Train Loss: 0.0256 | Epoch Time: 0.32s | Spearman@80: 0.8784 | Kendall@80: 0.7006
Epoch 72/150 | Train Loss: 0.0261 | Epoch Time: 0.30s | Spearman@80: 0.8731 | Kendall@80: 0.6962
Epoch 73/150 | Train Loss: 0.0288 | Epoch Time: 0.32s | Spearman@80: 0.8748 | Kendall@80: 0.6911
Epoch 74/150 | Train Loss: 0.0242 | Epoch Time: 0.30s | Spearman@80: 0.8608 | Kendall@80: 0.6797
Epoch 75/150 | Train Loss: 0.0203 | Epoch Time: 0.30s | Spearman@80: 0.8600 | Kendall@80: 0.6848
Epoch 76/150 | Train Loss: 0.0232 | Epoch Time: 0.29s | Spearman@80: 0.8880 | Kendall@80: 0.7114
Epoch 77/150 | Train Loss: 0.0263 | Epoch Time: 0.29s | Spearman@80: 0.8918 | Kendall@80: 0.7177
Epoch 78/150 | Train Loss: 0.0197 | Epoch Time: 0.32s | Spearman@80: 0.8700 | Kendall@80: 0.6911
Epoch 79/150 | Train Loss: 0.0217 | Epoch Time: 0.31s | Spearman@80: 0.8795 | Kendall@80: 0.6968
Epoch 80/150 | Train Loss: 0.0158 | Epoch Time: 0.30s | Spearman@80: 0.8853 | Kendall@80: 0.7063
Epoch 81/150 | Train Loss: 0.0192 | Epoch Time: 0.29s | Spearman@80: 0.8820 | Kendall@80: 0.7038
Epoch 82/150 | Train Loss: 0.0201 | Epoch Time: 0.30s | Spearman@80: 0.8787 | Kendall@80: 0.7095
Epoch 83/150 | Train Loss: 0.0225 | Epoch Time: 0.32s | Spearman@80: 0.8685 | Kendall@80: 0.6905
Epoch 84/150 | Train Loss: 0.0176 | Epoch Time: 0.31s | Spearman@80: 0.8675 | Kendall@80: 0.6943
Epoch 85/150 | Train Loss: 0.0325 | Epoch Time: 0.30s | Spearman@80: 0.8630 | Kendall@80: 0.6823
Epoch 86/150 | Train Loss: 0.0233 | Epoch Time: 0.30s | Spearman@80: 0.8561 | Kendall@80: 0.6684
Epoch 87/150 | Train Loss: 0.0255 | Epoch Time: 0.32s | Spearman@80: 0.8689 | Kendall@80: 0.6930
Epoch 88/150 | Train Loss: 0.0236 | Epoch Time: 0.30s | Spearman@80: 0.8591 | Kendall@80: 0.6829
Epoch 89/150 | Train Loss: 0.0186 | Epoch Time: 0.31s | Spearman@80: 0.8720 | Kendall@80: 0.6987
Epoch 90/150 | Train Loss: 0.0191 | Epoch Time: 0.29s | Spearman@80: 0.8793 | Kendall@80: 0.7063
Epoch 91/150 | Train Loss: 0.0222 | Epoch Time: 0.31s | Spearman@80: 0.8797 | Kendall@80: 0.7038
Epoch 92/150 | Train Loss: 0.0255 | Epoch Time: 0.31s | Spearman@80: 0.8682 | Kendall@80: 0.6899
Epoch 93/150 | Train Loss: 0.0195 | Epoch Time: 0.29s | Spearman@80: 0.8682 | Kendall@80: 0.6911
Epoch 94/150 | Train Loss: 0.0191 | Epoch Time: 0.30s | Spearman@80: 0.8690 | Kendall@80: 0.6924
Epoch 95/150 | Train Loss: 0.0332 | Epoch Time: 0.30s | Spearman@80: 0.8608 | Kendall@80: 0.6861
Epoch 96/150 | Train Loss: 0.0240 | Epoch Time: 0.29s | Spearman@80: 0.8599 | Kendall@80: 0.6823
Epoch 97/150 | Train Loss: 0.0170 | Epoch Time: 0.30s | Spearman@80: 0.8622 | Kendall@80: 0.6835
Epoch 98/150 | Train Loss: 0.0294 | Epoch Time: 0.31s | Spearman@80: 0.8873 | Kendall@80: 0.7095
Epoch 99/150 | Train Loss: 0.0207 | Epoch Time: 0.29s | Spearman@80: 0.8870 | Kendall@80: 0.7139
Epoch 100/150 | Train Loss: 0.0189 | Epoch Time: 0.30s | Spearman@80: 0.8808 | Kendall@80: 0.7051
Epoch 101/150 | Train Loss: 0.0196 | Epoch Time: 0.30s | Spearman@80: 0.8729 | Kendall@80: 0.7019
Epoch 102/150 | Train Loss: 0.0189 | Epoch Time: 0.29s | Spearman@80: 0.8827 | Kendall@80: 0.7133
Epoch 103/150 | Train Loss: 0.0223 | Epoch Time: 0.29s | Spearman@80: 0.8890 | Kendall@80: 0.7108
Epoch 104/150 | Train Loss: 0.0193 | Epoch Time: 0.30s | Spearman@80: 0.8874 | Kendall@80: 0.7070
Epoch 105/150 | Train Loss: 0.0198 | Epoch Time: 0.31s | Spearman@80: 0.8828 | Kendall@80: 0.7070
Epoch 106/150 | Train Loss: 0.0187 | Epoch Time: 0.30s | Spearman@80: 0.8761 | Kendall@80: 0.7019
Epoch 107/150 | Train Loss: 0.0220 | Epoch Time: 0.30s | Spearman@80: 0.8579 | Kendall@80: 0.6835
Epoch 108/150 | Train Loss: 0.0179 | Epoch Time: 0.31s | Spearman@80: 0.8601 | Kendall@80: 0.6867
Epoch 109/150 | Train Loss: 0.0148 | Epoch Time: 0.29s | Spearman@80: 0.8694 | Kendall@80: 0.6880
Epoch 110/150 | Train Loss: 0.0250 | Epoch Time: 0.29s | Spearman@80: 0.8734 | Kendall@80: 0.6924
Epoch 111/150 | Train Loss: 0.0114 | Epoch Time: 0.31s | Spearman@80: 0.8693 | Kendall@80: 0.6962
Epoch 112/150 | Train Loss: 0.0106 | Epoch Time: 0.29s | Spearman@80: 0.8619 | Kendall@80: 0.6880
Epoch 113/150 | Train Loss: 0.0195 | Epoch Time: 0.32s | Spearman@80: 0.8694 | Kendall@80: 0.6949
Epoch 114/150 | Train Loss: 0.0187 | Epoch Time: 0.31s | Spearman@80: 0.8779 | Kendall@80: 0.7095
Epoch 115/150 | Train Loss: 0.0139 | Epoch Time: 0.30s | Spearman@80: 0.8769 | Kendall@80: 0.7063
Epoch 116/150 | Train Loss: 0.0157 | Epoch Time: 0.30s | Spearman@80: 0.8821 | Kendall@80: 0.7101
Epoch 117/150 | Train Loss: 0.0241 | Epoch Time: 0.32s | Spearman@80: 0.8800 | Kendall@80: 0.7076
Epoch 118/150 | Train Loss: 0.0153 | Epoch Time: 0.31s | Spearman@80: 0.8793 | Kendall@80: 0.7082
Epoch 119/150 | Train Loss: 0.0191 | Epoch Time: 0.31s | Spearman@80: 0.8767 | Kendall@80: 0.7019
Epoch 120/150 | Train Loss: 0.0208 | Epoch Time: 0.31s | Spearman@80: 0.8813 | Kendall@80: 0.7108
Epoch 121/150 | Train Loss: 0.0119 | Epoch Time: 0.33s | Spearman@80: 0.8819 | Kendall@80: 0.7057
Epoch 122/150 | Train Loss: 0.0172 | Epoch Time: 0.30s | Spearman@80: 0.8801 | Kendall@80: 0.7089
Epoch 123/150 | Train Loss: 0.0173 | Epoch Time: 0.30s | Spearman@80: 0.8785 | Kendall@80: 0.7095
Epoch 124/150 | Train Loss: 0.0116 | Epoch Time: 0.29s | Spearman@80: 0.8861 | Kendall@80: 0.7139
Epoch 125/150 | Train Loss: 0.0132 | Epoch Time: 0.32s | Spearman@80: 0.8872 | Kendall@80: 0.7158
Epoch 126/150 | Train Loss: 0.0130 | Epoch Time: 0.30s | Spearman@80: 0.8885 | Kendall@80: 0.7158
Epoch 127/150 | Train Loss: 0.0185 | Epoch Time: 0.30s | Spearman@80: 0.8885 | Kendall@80: 0.7184
Epoch 128/150 | Train Loss: 0.0218 | Epoch Time: 0.32s | Spearman@80: 0.8859 | Kendall@80: 0.7133
Epoch 129/150 | Train Loss: 0.0179 | Epoch Time: 0.29s | Spearman@80: 0.8842 | Kendall@80: 0.7114
Epoch 130/150 | Train Loss: 0.0153 | Epoch Time: 0.29s | Spearman@80: 0.8844 | Kendall@80: 0.7108
Epoch 131/150 | Train Loss: 0.0203 | Epoch Time: 0.29s | Spearman@80: 0.8862 | Kendall@80: 0.7165
Epoch 132/150 | Train Loss: 0.0117 | Epoch Time: 0.29s | Spearman@80: 0.8910 | Kendall@80: 0.7209
Epoch 133/150 | Train Loss: 0.0125 | Epoch Time: 0.30s | Spearman@80: 0.8904 | Kendall@80: 0.7209
Epoch 134/150 | Train Loss: 0.0182 | Epoch Time: 0.32s | Spearman@80: 0.8857 | Kendall@80: 0.7158
Epoch 135/150 | Train Loss: 0.0149 | Epoch Time: 0.31s | Spearman@80: 0.8855 | Kendall@80: 0.7146
Epoch 136/150 | Train Loss: 0.0157 | Epoch Time: 0.30s | Spearman@80: 0.8843 | Kendall@80: 0.7146
Epoch 137/150 | Train Loss: 0.0138 | Epoch Time: 0.32s | Spearman@80: 0.8851 | Kendall@80: 0.7139
Epoch 138/150 | Train Loss: 0.0143 | Epoch Time: 0.31s | Spearman@80: 0.8830 | Kendall@80: 0.7114
Epoch 139/150 | Train Loss: 0.0128 | Epoch Time: 0.32s | Spearman@80: 0.8831 | Kendall@80: 0.7133
Epoch 140/150 | Train Loss: 0.0175 | Epoch Time: 0.31s | Spearman@80: 0.8828 | Kendall@80: 0.7114
Epoch 141/150 | Train Loss: 0.0165 | Epoch Time: 0.30s | Spearman@80: 0.8830 | Kendall@80: 0.7127
Epoch 142/150 | Train Loss: 0.0215 | Epoch Time: 0.31s | Spearman@80: 0.8792 | Kendall@80: 0.7070
Epoch 143/150 | Train Loss: 0.0182 | Epoch Time: 0.31s | Spearman@80: 0.8846 | Kendall@80: 0.7120
Epoch 144/150 | Train Loss: 0.0163 | Epoch Time: 0.30s | Spearman@80: 0.8817 | Kendall@80: 0.7082
Epoch 145/150 | Train Loss: 0.0202 | Epoch Time: 0.29s | Spearman@80: 0.8806 | Kendall@80: 0.7070
Epoch 146/150 | Train Loss: 0.0109 | Epoch Time: 0.31s | Spearman@80: 0.8796 | Kendall@80: 0.7095
Epoch 147/150 | Train Loss: 0.0165 | Epoch Time: 24.60s | Spearman@423559: 0.8422 | Kendall@423559: 0.6507
Epoch 148/150 | Train Loss: 0.0177 | Epoch Time: 24.80s | Spearman@423559: 0.8415 | Kendall@423559: 0.6500
Epoch 149/150 | Train Loss: 0.0132 | Epoch Time: 24.44s | Spearman@423559: 0.8433 | Kendall@423559: 0.6521
Epoch 150/150 | Train Loss: 0.0220 | Epoch Time: 24.74s | Spearman@423559: 0.8419 | Kendall@423559: 0.6505
Sample Count: 64, Spearman: 0.8422406247054246, Kendall: 0.650822988487691
{64: (0.8422406247054246, 0.650822988487691),
 128: (0.897579084344293, 0.7313746352577043)}
Epoch 1/150 | Train Loss: 0.0752 | Epoch Time: 0.63s | Spearman@80: 0.6623 | Kendall@80: 0.4725
Epoch 2/150 | Train Loss: 0.0531 | Epoch Time: 0.59s | Spearman@80: 0.7295 | Kendall@80: 0.5403
Epoch 3/150 | Train Loss: 0.0452 | Epoch Time: 0.61s | Spearman@80: 0.7961 | Kendall@80: 0.6093
Epoch 4/150 | Train Loss: 0.0437 | Epoch Time: 0.60s | Spearman@80: 0.7649 | Kendall@80: 0.5783
Epoch 5/150 | Train Loss: 0.0394 | Epoch Time: 0.60s | Spearman@80: 0.8362 | Kendall@80: 0.6485
Epoch 6/150 | Train Loss: 0.0400 | Epoch Time: 0.59s | Spearman@80: 0.7692 | Kendall@80: 0.5852
Epoch 7/150 | Train Loss: 0.0378 | Epoch Time: 0.59s | Spearman@80: 0.8113 | Kendall@80: 0.6213
Epoch 8/150 | Train Loss: 0.0449 | Epoch Time: 0.62s | Spearman@80: 0.8253 | Kendall@80: 0.6397
Epoch 9/150 | Train Loss: 0.0361 | Epoch Time: 0.59s | Spearman@80: 0.8076 | Kendall@80: 0.6219
Epoch 10/150 | Train Loss: 0.0417 | Epoch Time: 0.58s | Spearman@80: 0.8228 | Kendall@80: 0.6340
Epoch 11/150 | Train Loss: 0.0433 | Epoch Time: 0.60s | Spearman@80: 0.8580 | Kendall@80: 0.6840
Epoch 12/150 | Train Loss: 0.0334 | Epoch Time: 0.60s | Spearman@80: 0.8427 | Kendall@80: 0.6650
Epoch 13/150 | Train Loss: 0.0367 | Epoch Time: 0.62s | Spearman@80: 0.8167 | Kendall@80: 0.6340
Epoch 14/150 | Train Loss: 0.0327 | Epoch Time: 0.58s | Spearman@80: 0.8229 | Kendall@80: 0.6460
Epoch 15/150 | Train Loss: 0.0323 | Epoch Time: 0.59s | Spearman@80: 0.8206 | Kendall@80: 0.6384
Epoch 16/150 | Train Loss: 0.0349 | Epoch Time: 0.58s | Spearman@80: 0.8324 | Kendall@80: 0.6567
Epoch 17/150 | Train Loss: 0.0388 | Epoch Time: 0.64s | Spearman@80: 0.8664 | Kendall@80: 0.6909
Epoch 18/150 | Train Loss: 0.0402 | Epoch Time: 0.62s | Spearman@80: 0.8218 | Kendall@80: 0.6466
Epoch 19/150 | Train Loss: 0.0392 | Epoch Time: 0.61s | Spearman@80: 0.8520 | Kendall@80: 0.6675
Epoch 20/150 | Train Loss: 0.0417 | Epoch Time: 0.59s | Spearman@80: 0.8540 | Kendall@80: 0.6770
Epoch 21/150 | Train Loss: 0.0425 | Epoch Time: 0.60s | Spearman@80: 0.8059 | Kendall@80: 0.6308
Epoch 22/150 | Train Loss: 0.0349 | Epoch Time: 0.59s | Spearman@80: 0.8262 | Kendall@80: 0.6479
Epoch 23/150 | Train Loss: 0.0319 | Epoch Time: 0.62s | Spearman@80: 0.8157 | Kendall@80: 0.6371
Epoch 24/150 | Train Loss: 0.0327 | Epoch Time: 0.61s | Spearman@80: 0.8524 | Kendall@80: 0.6757
Epoch 25/150 | Train Loss: 0.0287 | Epoch Time: 0.61s | Spearman@80: 0.8393 | Kendall@80: 0.6631
Epoch 26/150 | Train Loss: 0.0357 | Epoch Time: 0.63s | Spearman@80: 0.8537 | Kendall@80: 0.6738
Epoch 27/150 | Train Loss: 0.0325 | Epoch Time: 0.62s | Spearman@80: 0.8742 | Kendall@80: 0.7049
Epoch 28/150 | Train Loss: 0.0353 | Epoch Time: 0.63s | Spearman@80: 0.8487 | Kendall@80: 0.6802
Epoch 29/150 | Train Loss: 0.0358 | Epoch Time: 0.60s | Spearman@80: 0.8479 | Kendall@80: 0.6802
Epoch 30/150 | Train Loss: 0.0359 | Epoch Time: 0.62s | Spearman@80: 0.8298 | Kendall@80: 0.6466
Epoch 31/150 | Train Loss: 0.0369 | Epoch Time: 0.60s | Spearman@80: 0.8112 | Kendall@80: 0.6314
Epoch 32/150 | Train Loss: 0.0301 | Epoch Time: 0.57s | Spearman@80: 0.8531 | Kendall@80: 0.6795
Epoch 33/150 | Train Loss: 0.0401 | Epoch Time: 0.59s | Spearman@80: 0.8617 | Kendall@80: 0.6966
Epoch 34/150 | Train Loss: 0.0413 | Epoch Time: 0.61s | Spearman@80: 0.8437 | Kendall@80: 0.6713
Epoch 35/150 | Train Loss: 0.0334 | Epoch Time: 0.63s | Spearman@80: 0.8590 | Kendall@80: 0.6878
Epoch 36/150 | Train Loss: 0.0422 | Epoch Time: 0.63s | Spearman@80: 0.8317 | Kendall@80: 0.6542
Epoch 37/150 | Train Loss: 0.0317 | Epoch Time: 0.59s | Spearman@80: 0.8489 | Kendall@80: 0.6738
Epoch 38/150 | Train Loss: 0.0268 | Epoch Time: 0.63s | Spearman@80: 0.8627 | Kendall@80: 0.6852
Epoch 39/150 | Train Loss: 0.0297 | Epoch Time: 0.64s | Spearman@80: 0.8375 | Kendall@80: 0.6631
Epoch 40/150 | Train Loss: 0.0275 | Epoch Time: 0.62s | Spearman@80: 0.8405 | Kendall@80: 0.6643
Epoch 41/150 | Train Loss: 0.0323 | Epoch Time: 0.60s | Spearman@80: 0.8724 | Kendall@80: 0.7011
Epoch 42/150 | Train Loss: 0.0292 | Epoch Time: 0.61s | Spearman@80: 0.8557 | Kendall@80: 0.6789
Epoch 43/150 | Train Loss: 0.0327 | Epoch Time: 0.60s | Spearman@80: 0.8790 | Kendall@80: 0.7144
Epoch 44/150 | Train Loss: 0.0287 | Epoch Time: 0.63s | Spearman@80: 0.8536 | Kendall@80: 0.6802
Epoch 45/150 | Train Loss: 0.0336 | Epoch Time: 0.60s | Spearman@80: 0.8532 | Kendall@80: 0.6814
Epoch 46/150 | Train Loss: 0.0296 | Epoch Time: 0.58s | Spearman@80: 0.8494 | Kendall@80: 0.6732
Epoch 47/150 | Train Loss: 0.0261 | Epoch Time: 0.63s | Spearman@80: 0.8631 | Kendall@80: 0.6916
Epoch 48/150 | Train Loss: 0.0299 | Epoch Time: 0.62s | Spearman@80: 0.8731 | Kendall@80: 0.6973
Epoch 49/150 | Train Loss: 0.0269 | Epoch Time: 0.60s | Spearman@80: 0.8311 | Kendall@80: 0.6561
Epoch 50/150 | Train Loss: 0.0332 | Epoch Time: 0.59s | Spearman@80: 0.8750 | Kendall@80: 0.7099
Epoch 51/150 | Train Loss: 0.0302 | Epoch Time: 0.59s | Spearman@80: 0.8585 | Kendall@80: 0.6865
Epoch 52/150 | Train Loss: 0.0364 | Epoch Time: 0.60s | Spearman@80: 0.8843 | Kendall@80: 0.7131
Epoch 53/150 | Train Loss: 0.0280 | Epoch Time: 0.60s | Spearman@80: 0.8524 | Kendall@80: 0.6833
Epoch 54/150 | Train Loss: 0.0330 | Epoch Time: 0.61s | Spearman@80: 0.8920 | Kendall@80: 0.7333
Epoch 55/150 | Train Loss: 0.0243 | Epoch Time: 0.60s | Spearman@80: 0.8853 | Kendall@80: 0.7213
Epoch 56/150 | Train Loss: 0.0275 | Epoch Time: 0.59s | Spearman@80: 0.8913 | Kendall@80: 0.7226
Epoch 57/150 | Train Loss: 0.0292 | Epoch Time: 0.61s | Spearman@80: 0.8920 | Kendall@80: 0.7321
Epoch 58/150 | Train Loss: 0.0323 | Epoch Time: 0.61s | Spearman@80: 0.8954 | Kendall@80: 0.7346
Epoch 59/150 | Train Loss: 0.0275 | Epoch Time: 0.59s | Spearman@80: 0.8718 | Kendall@80: 0.7061
Epoch 60/150 | Train Loss: 0.0258 | Epoch Time: 0.60s | Spearman@80: 0.8937 | Kendall@80: 0.7333
Epoch 61/150 | Train Loss: 0.0306 | Epoch Time: 0.62s | Spearman@80: 0.8868 | Kendall@80: 0.7302
Epoch 62/150 | Train Loss: 0.0267 | Epoch Time: 0.59s | Spearman@80: 0.8871 | Kendall@80: 0.7163
Epoch 63/150 | Train Loss: 0.0281 | Epoch Time: 0.60s | Spearman@80: 0.8630 | Kendall@80: 0.6954
Epoch 64/150 | Train Loss: 0.0238 | Epoch Time: 0.61s | Spearman@80: 0.8913 | Kendall@80: 0.7276
Epoch 65/150 | Train Loss: 0.0259 | Epoch Time: 0.61s | Spearman@80: 0.8621 | Kendall@80: 0.6947
Epoch 66/150 | Train Loss: 0.0255 | Epoch Time: 0.61s | Spearman@80: 0.8737 | Kendall@80: 0.7061
Epoch 67/150 | Train Loss: 0.0259 | Epoch Time: 0.60s | Spearman@80: 0.8544 | Kendall@80: 0.6770
Epoch 68/150 | Train Loss: 0.0293 | Epoch Time: 0.63s | Spearman@80: 0.8255 | Kendall@80: 0.6567
Epoch 69/150 | Train Loss: 0.0211 | Epoch Time: 0.60s | Spearman@80: 0.8796 | Kendall@80: 0.7182
Epoch 70/150 | Train Loss: 0.0205 | Epoch Time: 0.59s | Spearman@80: 0.8681 | Kendall@80: 0.7036
Epoch 71/150 | Train Loss: 0.0279 | Epoch Time: 0.64s | Spearman@80: 0.8798 | Kendall@80: 0.7219
Epoch 72/150 | Train Loss: 0.0275 | Epoch Time: 0.61s | Spearman@80: 0.8575 | Kendall@80: 0.6865
Epoch 73/150 | Train Loss: 0.0262 | Epoch Time: 0.59s | Spearman@80: 0.8846 | Kendall@80: 0.7213
Epoch 74/150 | Train Loss: 0.0272 | Epoch Time: 0.60s | Spearman@80: 0.8802 | Kendall@80: 0.7188
Epoch 75/150 | Train Loss: 0.0223 | Epoch Time: 0.58s | Spearman@80: 0.8687 | Kendall@80: 0.6998
Epoch 76/150 | Train Loss: 0.0234 | Epoch Time: 0.60s | Spearman@80: 0.8755 | Kendall@80: 0.6998
Epoch 77/150 | Train Loss: 0.0228 | Epoch Time: 0.62s | Spearman@80: 0.8879 | Kendall@80: 0.7201
Epoch 78/150 | Train Loss: 0.0242 | Epoch Time: 0.62s | Spearman@80: 0.8560 | Kendall@80: 0.6890
Epoch 79/150 | Train Loss: 0.0298 | Epoch Time: 0.59s | Spearman@80: 0.8592 | Kendall@80: 0.6795
Epoch 80/150 | Train Loss: 0.0218 | Epoch Time: 0.61s | Spearman@80: 0.8705 | Kendall@80: 0.7042
Epoch 81/150 | Train Loss: 0.0218 | Epoch Time: 0.60s | Spearman@80: 0.8775 | Kendall@80: 0.7087
Epoch 82/150 | Train Loss: 0.0221 | Epoch Time: 0.60s | Spearman@80: 0.8870 | Kendall@80: 0.7201
Epoch 83/150 | Train Loss: 0.0227 | Epoch Time: 0.61s | Spearman@80: 0.8838 | Kendall@80: 0.7213
Epoch 84/150 | Train Loss: 0.0291 | Epoch Time: 0.63s | Spearman@80: 0.8865 | Kendall@80: 0.7207
Epoch 85/150 | Train Loss: 0.0201 | Epoch Time: 0.63s | Spearman@80: 0.8789 | Kendall@80: 0.7093
Epoch 86/150 | Train Loss: 0.0219 | Epoch Time: 0.61s | Spearman@80: 0.8821 | Kendall@80: 0.7106
Epoch 87/150 | Train Loss: 0.0221 | Epoch Time: 0.59s | Spearman@80: 0.8734 | Kendall@80: 0.6998
Epoch 88/150 | Train Loss: 0.0277 | Epoch Time: 0.63s | Spearman@80: 0.8813 | Kendall@80: 0.7118
Epoch 89/150 | Train Loss: 0.0251 | Epoch Time: 0.58s | Spearman@80: 0.8723 | Kendall@80: 0.7125
Epoch 90/150 | Train Loss: 0.0211 | Epoch Time: 0.61s | Spearman@80: 0.8710 | Kendall@80: 0.7068
Epoch 91/150 | Train Loss: 0.0279 | Epoch Time: 0.60s | Spearman@80: 0.8810 | Kendall@80: 0.7194
Epoch 92/150 | Train Loss: 0.0187 | Epoch Time: 0.60s | Spearman@80: 0.8859 | Kendall@80: 0.7201
Epoch 93/150 | Train Loss: 0.0207 | Epoch Time: 0.60s | Spearman@80: 0.8747 | Kendall@80: 0.7036
Epoch 94/150 | Train Loss: 0.0223 | Epoch Time: 0.58s | Spearman@80: 0.8845 | Kendall@80: 0.7125
Epoch 95/150 | Train Loss: 0.0213 | Epoch Time: 0.62s | Spearman@80: 0.8693 | Kendall@80: 0.6998
Epoch 96/150 | Train Loss: 0.0242 | Epoch Time: 0.61s | Spearman@80: 0.8695 | Kendall@80: 0.6973
Epoch 97/150 | Train Loss: 0.0203 | Epoch Time: 0.60s | Spearman@80: 0.8775 | Kendall@80: 0.7156
Epoch 98/150 | Train Loss: 0.0170 | Epoch Time: 0.60s | Spearman@80: 0.8815 | Kendall@80: 0.7137
Epoch 99/150 | Train Loss: 0.0206 | Epoch Time: 0.59s | Spearman@80: 0.8830 | Kendall@80: 0.7194
Epoch 100/150 | Train Loss: 0.0188 | Epoch Time: 0.60s | Spearman@80: 0.8644 | Kendall@80: 0.6878
Epoch 101/150 | Train Loss: 0.0217 | Epoch Time: 0.60s | Spearman@80: 0.8633 | Kendall@80: 0.6903
Epoch 102/150 | Train Loss: 0.0147 | Epoch Time: 0.61s | Spearman@80: 0.8697 | Kendall@80: 0.7036
Epoch 103/150 | Train Loss: 0.0205 | Epoch Time: 0.61s | Spearman@80: 0.8714 | Kendall@80: 0.7036
Epoch 104/150 | Train Loss: 0.0196 | Epoch Time: 0.62s | Spearman@80: 0.8766 | Kendall@80: 0.7156
Epoch 105/150 | Train Loss: 0.0164 | Epoch Time: 0.62s | Spearman@80: 0.8736 | Kendall@80: 0.7061
Epoch 106/150 | Train Loss: 0.0184 | Epoch Time: 0.64s | Spearman@80: 0.8521 | Kendall@80: 0.6726
Epoch 107/150 | Train Loss: 0.0191 | Epoch Time: 0.62s | Spearman@80: 0.8654 | Kendall@80: 0.6909
Epoch 108/150 | Train Loss: 0.0218 | Epoch Time: 0.60s | Spearman@80: 0.8695 | Kendall@80: 0.7036
Epoch 109/150 | Train Loss: 0.0261 | Epoch Time: 0.61s | Spearman@80: 0.8624 | Kendall@80: 0.6884
Epoch 110/150 | Train Loss: 0.0168 | Epoch Time: 0.60s | Spearman@80: 0.8728 | Kendall@80: 0.7023
Epoch 111/150 | Train Loss: 0.0159 | Epoch Time: 0.61s | Spearman@80: 0.8696 | Kendall@80: 0.7011
Epoch 112/150 | Train Loss: 0.0198 | Epoch Time: 0.60s | Spearman@80: 0.8746 | Kendall@80: 0.7049
Epoch 113/150 | Train Loss: 0.0175 | Epoch Time: 0.58s | Spearman@80: 0.8720 | Kendall@80: 0.6979
Epoch 114/150 | Train Loss: 0.0147 | Epoch Time: 0.60s | Spearman@80: 0.8743 | Kendall@80: 0.7106
Epoch 115/150 | Train Loss: 0.0173 | Epoch Time: 0.63s | Spearman@80: 0.8721 | Kendall@80: 0.6979
Epoch 116/150 | Train Loss: 0.0167 | Epoch Time: 0.60s | Spearman@80: 0.8728 | Kendall@80: 0.7023
Epoch 117/150 | Train Loss: 0.0171 | Epoch Time: 0.62s | Spearman@80: 0.8752 | Kendall@80: 0.7036
Epoch 118/150 | Train Loss: 0.0207 | Epoch Time: 0.64s | Spearman@80: 0.8736 | Kendall@80: 0.7023
Epoch 119/150 | Train Loss: 0.0172 | Epoch Time: 0.60s | Spearman@80: 0.8722 | Kendall@80: 0.7042
Epoch 120/150 | Train Loss: 0.0206 | Epoch Time: 0.60s | Spearman@80: 0.8762 | Kendall@80: 0.7068
Epoch 121/150 | Train Loss: 0.0183 | Epoch Time: 0.61s | Spearman@80: 0.8753 | Kendall@80: 0.7042
Epoch 122/150 | Train Loss: 0.0173 | Epoch Time: 0.62s | Spearman@80: 0.8772 | Kendall@80: 0.7080
Epoch 123/150 | Train Loss: 0.0168 | Epoch Time: 0.58s | Spearman@80: 0.8731 | Kendall@80: 0.7042
Epoch 124/150 | Train Loss: 0.0179 | Epoch Time: 0.60s | Spearman@80: 0.8732 | Kendall@80: 0.7023
Epoch 125/150 | Train Loss: 0.0160 | Epoch Time: 0.58s | Spearman@80: 0.8701 | Kendall@80: 0.7004
Epoch 126/150 | Train Loss: 0.0152 | Epoch Time: 0.61s | Spearman@80: 0.8723 | Kendall@80: 0.7042
Epoch 127/150 | Train Loss: 0.0178 | Epoch Time: 0.64s | Spearman@80: 0.8695 | Kendall@80: 0.6985
Epoch 128/150 | Train Loss: 0.0180 | Epoch Time: 0.60s | Spearman@80: 0.8692 | Kendall@80: 0.6973
Epoch 129/150 | Train Loss: 0.0149 | Epoch Time: 0.60s | Spearman@80: 0.8690 | Kendall@80: 0.6935
Epoch 130/150 | Train Loss: 0.0147 | Epoch Time: 0.61s | Spearman@80: 0.8683 | Kendall@80: 0.6960
Epoch 131/150 | Train Loss: 0.0199 | Epoch Time: 0.61s | Spearman@80: 0.8680 | Kendall@80: 0.6954
Epoch 132/150 | Train Loss: 0.0137 | Epoch Time: 0.60s | Spearman@80: 0.8653 | Kendall@80: 0.6903
Epoch 133/150 | Train Loss: 0.0158 | Epoch Time: 0.60s | Spearman@80: 0.8681 | Kendall@80: 0.6966
Epoch 134/150 | Train Loss: 0.0193 | Epoch Time: 0.62s | Spearman@80: 0.8706 | Kendall@80: 0.6998
Epoch 135/150 | Train Loss: 0.0153 | Epoch Time: 0.61s | Spearman@80: 0.8721 | Kendall@80: 0.6979
Epoch 136/150 | Train Loss: 0.0135 | Epoch Time: 0.62s | Spearman@80: 0.8654 | Kendall@80: 0.6935
Epoch 137/150 | Train Loss: 0.0152 | Epoch Time: 0.61s | Spearman@80: 0.8688 | Kendall@80: 0.6966
Epoch 138/150 | Train Loss: 0.0113 | Epoch Time: 0.61s | Spearman@80: 0.8649 | Kendall@80: 0.6897
Epoch 139/150 | Train Loss: 0.0169 | Epoch Time: 0.61s | Spearman@80: 0.8665 | Kendall@80: 0.6916
Epoch 140/150 | Train Loss: 0.0197 | Epoch Time: 0.64s | Spearman@80: 0.8696 | Kendall@80: 0.6979
Epoch 141/150 | Train Loss: 0.0140 | Epoch Time: 0.61s | Spearman@80: 0.8675 | Kendall@80: 0.6947
Epoch 142/150 | Train Loss: 0.0155 | Epoch Time: 0.62s | Spearman@80: 0.8682 | Kendall@80: 0.6941
Epoch 143/150 | Train Loss: 0.0144 | Epoch Time: 0.60s | Spearman@80: 0.8693 | Kendall@80: 0.6973
Epoch 144/150 | Train Loss: 0.0129 | Epoch Time: 0.61s | Spearman@80: 0.8674 | Kendall@80: 0.6954
Epoch 145/150 | Train Loss: 0.0174 | Epoch Time: 0.61s | Spearman@80: 0.8662 | Kendall@80: 0.6941
Epoch 146/150 | Train Loss: 0.0152 | Epoch Time: 0.60s | Spearman@80: 0.8658 | Kendall@80: 0.6928
Epoch 147/150 | Train Loss: 0.0153 | Epoch Time: 25.61s | Spearman@423495: 0.8963 | Kendall@423495: 0.7193
Epoch 148/150 | Train Loss: 0.0141 | Epoch Time: 25.20s | Spearman@423495: 0.8961 | Kendall@423495: 0.7189
Epoch 149/150 | Train Loss: 0.0148 | Epoch Time: 25.39s | Spearman@423495: 0.8963 | Kendall@423495: 0.7190
Epoch 150/150 | Train Loss: 0.0202 | Epoch Time: 25.37s | Spearman@423495: 0.8966 | Kendall@423495: 0.7195
Sample Count: 128, Spearman: 0.8963257306761624, Kendall: 0.7191638304929417
{64: (0.8422406247054246, 0.650822988487691),
 128: (0.8963257306761624, 0.7191638304929417)}
Epoch 1/150 | Train Loss: 0.0905 | Epoch Time: 0.29s | Spearman@80: 0.4325 | Kendall@80: 0.3016
Epoch 2/150 | Train Loss: 0.0667 | Epoch Time: 0.32s | Spearman@80: 0.5972 | Kendall@80: 0.4403
Epoch 3/150 | Train Loss: 0.0597 | Epoch Time: 0.29s | Spearman@80: 0.7244 | Kendall@80: 0.5472
Epoch 4/150 | Train Loss: 0.0599 | Epoch Time: 0.31s | Spearman@80: 0.7177 | Kendall@80: 0.5428
Epoch 5/150 | Train Loss: 0.0458 | Epoch Time: 0.30s | Spearman@80: 0.7444 | Kendall@80: 0.5561
Epoch 6/150 | Train Loss: 0.0526 | Epoch Time: 0.31s | Spearman@80: 0.7762 | Kendall@80: 0.6010
Epoch 7/150 | Train Loss: 0.0406 | Epoch Time: 0.29s | Spearman@80: 0.7690 | Kendall@80: 0.5852
Epoch 8/150 | Train Loss: 0.0378 | Epoch Time: 0.29s | Spearman@80: 0.7484 | Kendall@80: 0.5650
Epoch 9/150 | Train Loss: 0.0419 | Epoch Time: 0.31s | Spearman@80: 0.6781 | Kendall@80: 0.4928
Epoch 10/150 | Train Loss: 0.0424 | Epoch Time: 0.30s | Spearman@80: 0.8230 | Kendall@80: 0.6473
Epoch 11/150 | Train Loss: 0.0369 | Epoch Time: 0.31s | Spearman@80: 0.8360 | Kendall@80: 0.6631
Epoch 12/150 | Train Loss: 0.0420 | Epoch Time: 0.30s | Spearman@80: 0.8408 | Kendall@80: 0.6643
Epoch 13/150 | Train Loss: 0.0360 | Epoch Time: 0.30s | Spearman@80: 0.8232 | Kendall@80: 0.6416
Epoch 14/150 | Train Loss: 0.0429 | Epoch Time: 0.31s | Spearman@80: 0.7914 | Kendall@80: 0.6200
Epoch 15/150 | Train Loss: 0.0327 | Epoch Time: 0.29s | Spearman@80: 0.7028 | Kendall@80: 0.5276
Epoch 16/150 | Train Loss: 0.0408 | Epoch Time: 0.31s | Spearman@80: 0.8128 | Kendall@80: 0.6454
Epoch 17/150 | Train Loss: 0.0349 | Epoch Time: 0.31s | Spearman@80: 0.7723 | Kendall@80: 0.5966
Epoch 18/150 | Train Loss: 0.0357 | Epoch Time: 0.30s | Spearman@80: 0.7593 | Kendall@80: 0.5922
Epoch 19/150 | Train Loss: 0.0392 | Epoch Time: 0.30s | Spearman@80: 0.8042 | Kendall@80: 0.6352
Epoch 20/150 | Train Loss: 0.0409 | Epoch Time: 0.29s | Spearman@80: 0.6164 | Kendall@80: 0.4472
Epoch 21/150 | Train Loss: 0.0399 | Epoch Time: 0.30s | Spearman@80: 0.8133 | Kendall@80: 0.6441
Epoch 22/150 | Train Loss: 0.0429 | Epoch Time: 0.30s | Spearman@80: 0.8703 | Kendall@80: 0.6941
Epoch 23/150 | Train Loss: 0.0341 | Epoch Time: 0.33s | Spearman@80: 0.7937 | Kendall@80: 0.6175
Epoch 24/150 | Train Loss: 0.0425 | Epoch Time: 0.31s | Spearman@80: 0.8129 | Kendall@80: 0.6416
Epoch 25/150 | Train Loss: 0.0311 | Epoch Time: 0.31s | Spearman@80: 0.8295 | Kendall@80: 0.6783
Epoch 26/150 | Train Loss: 0.0346 | Epoch Time: 0.31s | Spearman@80: 0.8004 | Kendall@80: 0.6397
Epoch 27/150 | Train Loss: 0.0453 | Epoch Time: 0.31s | Spearman@80: 0.8294 | Kendall@80: 0.6637
Epoch 28/150 | Train Loss: 0.0356 | Epoch Time: 0.30s | Spearman@80: 0.7913 | Kendall@80: 0.6143
Epoch 29/150 | Train Loss: 0.0375 | Epoch Time: 0.33s | Spearman@80: 0.8281 | Kendall@80: 0.6567
Epoch 30/150 | Train Loss: 0.0383 | Epoch Time: 0.29s | Spearman@80: 0.8063 | Kendall@80: 0.6295
Epoch 31/150 | Train Loss: 0.0290 | Epoch Time: 0.30s | Spearman@80: 0.8151 | Kendall@80: 0.6359
Epoch 32/150 | Train Loss: 0.0384 | Epoch Time: 0.32s | Spearman@80: 0.8504 | Kendall@80: 0.6764
Epoch 33/150 | Train Loss: 0.0350 | Epoch Time: 0.29s | Spearman@80: 0.8197 | Kendall@80: 0.6650
Epoch 34/150 | Train Loss: 0.0449 | Epoch Time: 0.31s | Spearman@80: 0.7245 | Kendall@80: 0.5599
Epoch 35/150 | Train Loss: 0.0328 | Epoch Time: 0.30s | Spearman@80: 0.7859 | Kendall@80: 0.6226
Epoch 36/150 | Train Loss: 0.0330 | Epoch Time: 0.30s | Spearman@80: 0.7511 | Kendall@80: 0.5795
Epoch 37/150 | Train Loss: 0.0370 | Epoch Time: 0.30s | Spearman@80: 0.7823 | Kendall@80: 0.6137
Epoch 38/150 | Train Loss: 0.0414 | Epoch Time: 0.30s | Spearman@80: 0.8174 | Kendall@80: 0.6409
Epoch 39/150 | Train Loss: 0.0345 | Epoch Time: 0.31s | Spearman@80: 0.8056 | Kendall@80: 0.6403
Epoch 40/150 | Train Loss: 0.0304 | Epoch Time: 0.31s | Spearman@80: 0.7976 | Kendall@80: 0.6340
Epoch 41/150 | Train Loss: 0.0363 | Epoch Time: 0.32s | Spearman@80: 0.7778 | Kendall@80: 0.6099
Epoch 42/150 | Train Loss: 0.0340 | Epoch Time: 0.30s | Spearman@80: 0.8151 | Kendall@80: 0.6473
Epoch 43/150 | Train Loss: 0.0261 | Epoch Time: 0.31s | Spearman@80: 0.7924 | Kendall@80: 0.6283
Epoch 44/150 | Train Loss: 0.0324 | Epoch Time: 0.30s | Spearman@80: 0.8041 | Kendall@80: 0.6340
Epoch 45/150 | Train Loss: 0.0320 | Epoch Time: 0.32s | Spearman@80: 0.7622 | Kendall@80: 0.5802
Epoch 46/150 | Train Loss: 0.0397 | Epoch Time: 0.30s | Spearman@80: 0.7400 | Kendall@80: 0.5593
Epoch 47/150 | Train Loss: 0.0329 | Epoch Time: 0.32s | Spearman@80: 0.7979 | Kendall@80: 0.6403
Epoch 48/150 | Train Loss: 0.0366 | Epoch Time: 0.30s | Spearman@80: 0.8077 | Kendall@80: 0.6612
Epoch 49/150 | Train Loss: 0.0323 | Epoch Time: 0.32s | Spearman@80: 0.8345 | Kendall@80: 0.6814
Epoch 50/150 | Train Loss: 0.0329 | Epoch Time: 0.30s | Spearman@80: 0.8207 | Kendall@80: 0.6586
Epoch 51/150 | Train Loss: 0.0295 | Epoch Time: 0.32s | Spearman@80: 0.7403 | Kendall@80: 0.5637
Epoch 52/150 | Train Loss: 0.0335 | Epoch Time: 0.32s | Spearman@80: 0.8161 | Kendall@80: 0.6245
Epoch 53/150 | Train Loss: 0.0306 | Epoch Time: 0.30s | Spearman@80: 0.8041 | Kendall@80: 0.6207
Epoch 54/150 | Train Loss: 0.0355 | Epoch Time: 0.32s | Spearman@80: 0.8503 | Kendall@80: 0.6821
Epoch 55/150 | Train Loss: 0.0265 | Epoch Time: 0.31s | Spearman@80: 0.8406 | Kendall@80: 0.6751
Epoch 56/150 | Train Loss: 0.0300 | Epoch Time: 0.30s | Spearman@80: 0.8092 | Kendall@80: 0.6447
Epoch 57/150 | Train Loss: 0.0246 | Epoch Time: 0.31s | Spearman@80: 0.7920 | Kendall@80: 0.6264
Epoch 58/150 | Train Loss: 0.0321 | Epoch Time: 0.30s | Spearman@80: 0.8426 | Kendall@80: 0.6840
Epoch 59/150 | Train Loss: 0.0284 | Epoch Time: 0.30s | Spearman@80: 0.8201 | Kendall@80: 0.6511
Epoch 60/150 | Train Loss: 0.0214 | Epoch Time: 0.31s | Spearman@80: 0.7959 | Kendall@80: 0.6194
Epoch 61/150 | Train Loss: 0.0323 | Epoch Time: 0.29s | Spearman@80: 0.7923 | Kendall@80: 0.6359
Epoch 62/150 | Train Loss: 0.0316 | Epoch Time: 0.31s | Spearman@80: 0.8255 | Kendall@80: 0.6656
Epoch 63/150 | Train Loss: 0.0308 | Epoch Time: 0.30s | Spearman@80: 0.8167 | Kendall@80: 0.6574
Epoch 64/150 | Train Loss: 0.0261 | Epoch Time: 0.32s | Spearman@80: 0.7909 | Kendall@80: 0.6207
Epoch 65/150 | Train Loss: 0.0263 | Epoch Time: 0.30s | Spearman@80: 0.8067 | Kendall@80: 0.6378
Epoch 66/150 | Train Loss: 0.0267 | Epoch Time: 0.31s | Spearman@80: 0.7966 | Kendall@80: 0.6207
Epoch 67/150 | Train Loss: 0.0308 | Epoch Time: 0.33s | Spearman@80: 0.8260 | Kendall@80: 0.6618
Epoch 68/150 | Train Loss: 0.0270 | Epoch Time: 0.31s | Spearman@80: 0.8187 | Kendall@80: 0.6624
Epoch 69/150 | Train Loss: 0.0218 | Epoch Time: 0.31s | Spearman@80: 0.8400 | Kendall@80: 0.6859
Epoch 70/150 | Train Loss: 0.0237 | Epoch Time: 0.31s | Spearman@80: 0.7896 | Kendall@80: 0.6188
Epoch 71/150 | Train Loss: 0.0258 | Epoch Time: 0.29s | Spearman@80: 0.8198 | Kendall@80: 0.6492
Epoch 72/150 | Train Loss: 0.0331 | Epoch Time: 0.31s | Spearman@80: 0.8349 | Kendall@80: 0.6713
Epoch 73/150 | Train Loss: 0.0253 | Epoch Time: 0.30s | Spearman@80: 0.8453 | Kendall@80: 0.6897
Epoch 74/150 | Train Loss: 0.0361 | Epoch Time: 0.31s | Spearman@80: 0.8402 | Kendall@80: 0.6795
Epoch 75/150 | Train Loss: 0.0316 | Epoch Time: 0.31s | Spearman@80: 0.8510 | Kendall@80: 0.6973
Epoch 76/150 | Train Loss: 0.0225 | Epoch Time: 0.28s | Spearman@80: 0.8561 | Kendall@80: 0.7049
Epoch 77/150 | Train Loss: 0.0230 | Epoch Time: 0.29s | Spearman@80: 0.8429 | Kendall@80: 0.6802
Epoch 78/150 | Train Loss: 0.0295 | Epoch Time: 0.30s | Spearman@80: 0.8447 | Kendall@80: 0.6859
Epoch 79/150 | Train Loss: 0.0209 | Epoch Time: 0.30s | Spearman@80: 0.8489 | Kendall@80: 0.6878
Epoch 80/150 | Train Loss: 0.0186 | Epoch Time: 0.32s | Spearman@80: 0.8138 | Kendall@80: 0.6530
Epoch 81/150 | Train Loss: 0.0243 | Epoch Time: 0.30s | Spearman@80: 0.8486 | Kendall@80: 0.6973
Epoch 82/150 | Train Loss: 0.0318 | Epoch Time: 0.31s | Spearman@80: 0.8399 | Kendall@80: 0.6852
Epoch 83/150 | Train Loss: 0.0207 | Epoch Time: 0.30s | Spearman@80: 0.8194 | Kendall@80: 0.6612
Epoch 84/150 | Train Loss: 0.0225 | Epoch Time: 0.30s | Spearman@80: 0.7831 | Kendall@80: 0.6245
Epoch 85/150 | Train Loss: 0.0284 | Epoch Time: 0.31s | Spearman@80: 0.8015 | Kendall@80: 0.6397
Epoch 86/150 | Train Loss: 0.0186 | Epoch Time: 0.30s | Spearman@80: 0.8259 | Kendall@80: 0.6713
Epoch 87/150 | Train Loss: 0.0220 | Epoch Time: 0.30s | Spearman@80: 0.8106 | Kendall@80: 0.6567
Epoch 88/150 | Train Loss: 0.0281 | Epoch Time: 0.30s | Spearman@80: 0.8230 | Kendall@80: 0.6700
Epoch 89/150 | Train Loss: 0.0165 | Epoch Time: 0.29s | Spearman@80: 0.8246 | Kendall@80: 0.6732
Epoch 90/150 | Train Loss: 0.0151 | Epoch Time: 0.30s | Spearman@80: 0.8070 | Kendall@80: 0.6511
Epoch 91/150 | Train Loss: 0.0190 | Epoch Time: 0.32s | Spearman@80: 0.7946 | Kendall@80: 0.6384
Epoch 92/150 | Train Loss: 0.0234 | Epoch Time: 0.30s | Spearman@80: 0.7945 | Kendall@80: 0.6352
Epoch 93/150 | Train Loss: 0.0206 | Epoch Time: 0.31s | Spearman@80: 0.8076 | Kendall@80: 0.6485
Epoch 94/150 | Train Loss: 0.0161 | Epoch Time: 0.30s | Spearman@80: 0.7973 | Kendall@80: 0.6371
Epoch 95/150 | Train Loss: 0.0263 | Epoch Time: 0.32s | Spearman@80: 0.8009 | Kendall@80: 0.6416
Epoch 96/150 | Train Loss: 0.0268 | Epoch Time: 0.30s | Spearman@80: 0.8394 | Kendall@80: 0.6827
Epoch 97/150 | Train Loss: 0.0294 | Epoch Time: 0.29s | Spearman@80: 0.8504 | Kendall@80: 0.6960
Epoch 98/150 | Train Loss: 0.0340 | Epoch Time: 0.32s | Spearman@80: 0.8374 | Kendall@80: 0.6789
Epoch 99/150 | Train Loss: 0.0204 | Epoch Time: 0.31s | Spearman@80: 0.8444 | Kendall@80: 0.6884
Epoch 100/150 | Train Loss: 0.0178 | Epoch Time: 0.30s | Spearman@80: 0.8307 | Kendall@80: 0.6770
Epoch 101/150 | Train Loss: 0.0191 | Epoch Time: 0.30s | Spearman@80: 0.8292 | Kendall@80: 0.6745
Epoch 102/150 | Train Loss: 0.0210 | Epoch Time: 0.29s | Spearman@80: 0.8087 | Kendall@80: 0.6561
Epoch 103/150 | Train Loss: 0.0217 | Epoch Time: 0.32s | Spearman@80: 0.8042 | Kendall@80: 0.6498
Epoch 104/150 | Train Loss: 0.0219 | Epoch Time: 0.29s | Spearman@80: 0.8245 | Kendall@80: 0.6745
Epoch 105/150 | Train Loss: 0.0205 | Epoch Time: 0.30s | Spearman@80: 0.8375 | Kendall@80: 0.6840
Epoch 106/150 | Train Loss: 0.0193 | Epoch Time: 0.30s | Spearman@80: 0.8292 | Kendall@80: 0.6719
Epoch 107/150 | Train Loss: 0.0182 | Epoch Time: 0.30s | Spearman@80: 0.8233 | Kendall@80: 0.6650
Epoch 108/150 | Train Loss: 0.0188 | Epoch Time: 0.28s | Spearman@80: 0.8198 | Kendall@80: 0.6593
Epoch 109/150 | Train Loss: 0.0129 | Epoch Time: 0.30s | Spearman@80: 0.8203 | Kendall@80: 0.6612
Epoch 110/150 | Train Loss: 0.0151 | Epoch Time: 0.30s | Spearman@80: 0.8272 | Kendall@80: 0.6719
Epoch 111/150 | Train Loss: 0.0197 | Epoch Time: 0.30s | Spearman@80: 0.8234 | Kendall@80: 0.6688
Epoch 112/150 | Train Loss: 0.0209 | Epoch Time: 0.31s | Spearman@80: 0.8312 | Kendall@80: 0.6738
Epoch 113/150 | Train Loss: 0.0157 | Epoch Time: 0.32s | Spearman@80: 0.8317 | Kendall@80: 0.6726
Epoch 114/150 | Train Loss: 0.0162 | Epoch Time: 0.30s | Spearman@80: 0.8270 | Kendall@80: 0.6669
Epoch 115/150 | Train Loss: 0.0194 | Epoch Time: 0.31s | Spearman@80: 0.8329 | Kendall@80: 0.6719
Epoch 116/150 | Train Loss: 0.0227 | Epoch Time: 0.32s | Spearman@80: 0.8303 | Kendall@80: 0.6700
Epoch 117/150 | Train Loss: 0.0172 | Epoch Time: 0.31s | Spearman@80: 0.8304 | Kendall@80: 0.6745
Epoch 118/150 | Train Loss: 0.0185 | Epoch Time: 0.30s | Spearman@80: 0.8237 | Kendall@80: 0.6662
Epoch 119/150 | Train Loss: 0.0194 | Epoch Time: 0.31s | Spearman@80: 0.8175 | Kendall@80: 0.6586
Epoch 120/150 | Train Loss: 0.0144 | Epoch Time: 0.32s | Spearman@80: 0.8181 | Kendall@80: 0.6669
Epoch 121/150 | Train Loss: 0.0161 | Epoch Time: 0.31s | Spearman@80: 0.8168 | Kendall@80: 0.6618
Epoch 122/150 | Train Loss: 0.0141 | Epoch Time: 0.32s | Spearman@80: 0.8220 | Kendall@80: 0.6662
Epoch 123/150 | Train Loss: 0.0170 | Epoch Time: 0.31s | Spearman@80: 0.8171 | Kendall@80: 0.6643
Epoch 124/150 | Train Loss: 0.0141 | Epoch Time: 0.31s | Spearman@80: 0.8161 | Kendall@80: 0.6637
Epoch 125/150 | Train Loss: 0.0140 | Epoch Time: 0.31s | Spearman@80: 0.8194 | Kendall@80: 0.6650
Epoch 126/150 | Train Loss: 0.0139 | Epoch Time: 0.31s | Spearman@80: 0.8150 | Kendall@80: 0.6618
Epoch 127/150 | Train Loss: 0.0121 | Epoch Time: 0.31s | Spearman@80: 0.8174 | Kendall@80: 0.6624
Epoch 128/150 | Train Loss: 0.0169 | Epoch Time: 0.30s | Spearman@80: 0.8091 | Kendall@80: 0.6574
Epoch 129/150 | Train Loss: 0.0156 | Epoch Time: 0.30s | Spearman@80: 0.8179 | Kendall@80: 0.6612
Epoch 130/150 | Train Loss: 0.0243 | Epoch Time: 0.31s | Spearman@80: 0.8129 | Kendall@80: 0.6586
Epoch 131/150 | Train Loss: 0.0180 | Epoch Time: 0.31s | Spearman@80: 0.8242 | Kendall@80: 0.6694
Epoch 132/150 | Train Loss: 0.0133 | Epoch Time: 0.30s | Spearman@80: 0.8220 | Kendall@80: 0.6650
Epoch 133/150 | Train Loss: 0.0109 | Epoch Time: 0.30s | Spearman@80: 0.8235 | Kendall@80: 0.6681
Epoch 134/150 | Train Loss: 0.0159 | Epoch Time: 0.30s | Spearman@80: 0.8270 | Kendall@80: 0.6707
Epoch 135/150 | Train Loss: 0.0139 | Epoch Time: 0.29s | Spearman@80: 0.8225 | Kendall@80: 0.6650
Epoch 136/150 | Train Loss: 0.0131 | Epoch Time: 0.30s | Spearman@80: 0.8186 | Kendall@80: 0.6599
Epoch 137/150 | Train Loss: 0.0115 | Epoch Time: 0.30s | Spearman@80: 0.8301 | Kendall@80: 0.6738
Epoch 138/150 | Train Loss: 0.0131 | Epoch Time: 0.33s | Spearman@80: 0.8290 | Kendall@80: 0.6732
Epoch 139/150 | Train Loss: 0.0113 | Epoch Time: 0.31s | Spearman@80: 0.8204 | Kendall@80: 0.6643
Epoch 140/150 | Train Loss: 0.0145 | Epoch Time: 0.30s | Spearman@80: 0.8292 | Kendall@80: 0.6726
Epoch 141/150 | Train Loss: 0.0158 | Epoch Time: 0.30s | Spearman@80: 0.8282 | Kendall@80: 0.6707
Epoch 142/150 | Train Loss: 0.0150 | Epoch Time: 0.29s | Spearman@80: 0.8194 | Kendall@80: 0.6631
Epoch 143/150 | Train Loss: 0.0164 | Epoch Time: 0.30s | Spearman@80: 0.8232 | Kendall@80: 0.6656
Epoch 144/150 | Train Loss: 0.0148 | Epoch Time: 0.32s | Spearman@80: 0.8302 | Kendall@80: 0.6738
Epoch 145/150 | Train Loss: 0.0097 | Epoch Time: 0.31s | Spearman@80: 0.8256 | Kendall@80: 0.6707
Epoch 146/150 | Train Loss: 0.0213 | Epoch Time: 0.31s | Spearman@80: 0.8250 | Kendall@80: 0.6688
Epoch 147/150 | Train Loss: 0.0184 | Epoch Time: 24.97s | Spearman@423559: 0.8071 | Kendall@423559: 0.6274
Epoch 148/150 | Train Loss: 0.0206 | Epoch Time: 24.78s | Spearman@423559: 0.8086 | Kendall@423559: 0.6289
Epoch 149/150 | Train Loss: 0.0171 | Epoch Time: 25.12s | Spearman@423559: 0.8054 | Kendall@423559: 0.6259
Epoch 150/150 | Train Loss: 0.0160 | Epoch Time: 24.82s | Spearman@423559: 0.8089 | Kendall@423559: 0.6290
Sample Count: 64, Spearman: 0.8075035488738328, Kendall: 0.6277850331260973
{64: (0.8075035488738328, 0.6277850331260973),
 128: (0.8963257306761624, 0.7191638304929417)}
Epoch 1/150 | Train Loss: 0.0868 | Epoch Time: 0.63s | Spearman@80: 0.5830 | Kendall@80: 0.4019
Epoch 2/150 | Train Loss: 0.0630 | Epoch Time: 0.61s | Spearman@80: 0.7611 | Kendall@80: 0.5570
Epoch 3/150 | Train Loss: 0.0542 | Epoch Time: 0.62s | Spearman@80: 0.7523 | Kendall@80: 0.5525
Epoch 4/150 | Train Loss: 0.0497 | Epoch Time: 0.61s | Spearman@80: 0.7411 | Kendall@80: 0.5551
Epoch 5/150 | Train Loss: 0.0475 | Epoch Time: 0.60s | Spearman@80: 0.7717 | Kendall@80: 0.5918
Epoch 6/150 | Train Loss: 0.0509 | Epoch Time: 0.65s | Spearman@80: 0.7663 | Kendall@80: 0.5747
Epoch 7/150 | Train Loss: 0.0411 | Epoch Time: 0.61s | Spearman@80: 0.7786 | Kendall@80: 0.5899
Epoch 8/150 | Train Loss: 0.0419 | Epoch Time: 0.59s | Spearman@80: 0.8009 | Kendall@80: 0.6063
Epoch 9/150 | Train Loss: 0.0376 | Epoch Time: 0.60s | Spearman@80: 0.7647 | Kendall@80: 0.5753
Epoch 10/150 | Train Loss: 0.0368 | Epoch Time: 0.63s | Spearman@80: 0.7709 | Kendall@80: 0.5949
Epoch 11/150 | Train Loss: 0.0357 | Epoch Time: 0.60s | Spearman@80: 0.7778 | Kendall@80: 0.5816
Epoch 12/150 | Train Loss: 0.0459 | Epoch Time: 0.61s | Spearman@80: 0.7865 | Kendall@80: 0.5880
Epoch 13/150 | Train Loss: 0.0344 | Epoch Time: 0.62s | Spearman@80: 0.7834 | Kendall@80: 0.5905
Epoch 14/150 | Train Loss: 0.0468 | Epoch Time: 0.62s | Spearman@80: 0.7858 | Kendall@80: 0.5962
Epoch 15/150 | Train Loss: 0.0380 | Epoch Time: 0.64s | Spearman@80: 0.7903 | Kendall@80: 0.6057
Epoch 16/150 | Train Loss: 0.0335 | Epoch Time: 0.59s | Spearman@80: 0.8048 | Kendall@80: 0.6203
Epoch 17/150 | Train Loss: 0.0313 | Epoch Time: 0.63s | Spearman@80: 0.7859 | Kendall@80: 0.6044
Epoch 18/150 | Train Loss: 0.0504 | Epoch Time: 0.63s | Spearman@80: 0.7825 | Kendall@80: 0.6051
Epoch 19/150 | Train Loss: 0.0411 | Epoch Time: 0.62s | Spearman@80: 0.8176 | Kendall@80: 0.6291
Epoch 20/150 | Train Loss: 0.0426 | Epoch Time: 0.62s | Spearman@80: 0.8190 | Kendall@80: 0.6443
Epoch 21/150 | Train Loss: 0.0352 | Epoch Time: 0.62s | Spearman@80: 0.8124 | Kendall@80: 0.6418
Epoch 22/150 | Train Loss: 0.0331 | Epoch Time: 0.61s | Spearman@80: 0.8168 | Kendall@80: 0.6392
Epoch 23/150 | Train Loss: 0.0339 | Epoch Time: 0.59s | Spearman@80: 0.8001 | Kendall@80: 0.6247
Epoch 24/150 | Train Loss: 0.0360 | Epoch Time: 0.61s | Spearman@80: 0.7782 | Kendall@80: 0.6025
Epoch 25/150 | Train Loss: 0.0333 | Epoch Time: 0.58s | Spearman@80: 0.8644 | Kendall@80: 0.6823
Epoch 26/150 | Train Loss: 0.0449 | Epoch Time: 0.60s | Spearman@80: 0.8229 | Kendall@80: 0.6456
Epoch 27/150 | Train Loss: 0.0354 | Epoch Time: 0.61s | Spearman@80: 0.7648 | Kendall@80: 0.5905
Epoch 28/150 | Train Loss: 0.0396 | Epoch Time: 0.62s | Spearman@80: 0.8192 | Kendall@80: 0.6449
Epoch 29/150 | Train Loss: 0.0373 | Epoch Time: 0.60s | Spearman@80: 0.8157 | Kendall@80: 0.6361
Epoch 30/150 | Train Loss: 0.0304 | Epoch Time: 0.65s | Spearman@80: 0.8092 | Kendall@80: 0.6373
Epoch 31/150 | Train Loss: 0.0367 | Epoch Time: 0.61s | Spearman@80: 0.8324 | Kendall@80: 0.6494
Epoch 32/150 | Train Loss: 0.0319 | Epoch Time: 0.60s | Spearman@80: 0.7839 | Kendall@80: 0.6133
Epoch 33/150 | Train Loss: 0.0359 | Epoch Time: 0.59s | Spearman@80: 0.8316 | Kendall@80: 0.6557
Epoch 34/150 | Train Loss: 0.0382 | Epoch Time: 0.60s | Spearman@80: 0.8049 | Kendall@80: 0.6190
Epoch 35/150 | Train Loss: 0.0371 | Epoch Time: 0.63s | Spearman@80: 0.8163 | Kendall@80: 0.6418
Epoch 36/150 | Train Loss: 0.0359 | Epoch Time: 0.59s | Spearman@80: 0.7756 | Kendall@80: 0.6038
Epoch 37/150 | Train Loss: 0.0343 | Epoch Time: 0.60s | Spearman@80: 0.8193 | Kendall@80: 0.6348
Epoch 38/150 | Train Loss: 0.0369 | Epoch Time: 0.62s | Spearman@80: 0.8195 | Kendall@80: 0.6551
Epoch 39/150 | Train Loss: 0.0334 | Epoch Time: 0.63s | Spearman@80: 0.8209 | Kendall@80: 0.6449
Epoch 40/150 | Train Loss: 0.0339 | Epoch Time: 0.62s | Spearman@80: 0.8212 | Kendall@80: 0.6487
Epoch 41/150 | Train Loss: 0.0284 | Epoch Time: 0.58s | Spearman@80: 0.8522 | Kendall@80: 0.6778
Epoch 42/150 | Train Loss: 0.0314 | Epoch Time: 0.62s | Spearman@80: 0.8343 | Kendall@80: 0.6709
Epoch 43/150 | Train Loss: 0.0379 | Epoch Time: 0.59s | Spearman@80: 0.8225 | Kendall@80: 0.6399
Epoch 44/150 | Train Loss: 0.0291 | Epoch Time: 0.62s | Spearman@80: 0.8198 | Kendall@80: 0.6405
Epoch 45/150 | Train Loss: 0.0321 | Epoch Time: 0.60s | Spearman@80: 0.8383 | Kendall@80: 0.6576
Epoch 46/150 | Train Loss: 0.0300 | Epoch Time: 0.61s | Spearman@80: 0.8623 | Kendall@80: 0.6905
Epoch 47/150 | Train Loss: 0.0328 | Epoch Time: 0.61s | Spearman@80: 0.8532 | Kendall@80: 0.6791
Epoch 48/150 | Train Loss: 0.0326 | Epoch Time: 0.60s | Spearman@80: 0.8570 | Kendall@80: 0.6899
Epoch 49/150 | Train Loss: 0.0264 | Epoch Time: 0.60s | Spearman@80: 0.8249 | Kendall@80: 0.6500
Epoch 50/150 | Train Loss: 0.0345 | Epoch Time: 0.59s | Spearman@80: 0.8562 | Kendall@80: 0.6835
Epoch 51/150 | Train Loss: 0.0341 | Epoch Time: 0.61s | Spearman@80: 0.8291 | Kendall@80: 0.6494
Epoch 52/150 | Train Loss: 0.0347 | Epoch Time: 0.61s | Spearman@80: 0.8646 | Kendall@80: 0.6829
Epoch 53/150 | Train Loss: 0.0296 | Epoch Time: 0.58s | Spearman@80: 0.8240 | Kendall@80: 0.6443
Epoch 54/150 | Train Loss: 0.0318 | Epoch Time: 0.63s | Spearman@80: 0.8682 | Kendall@80: 0.6924
Epoch 55/150 | Train Loss: 0.0360 | Epoch Time: 0.64s | Spearman@80: 0.8790 | Kendall@80: 0.7082
Epoch 56/150 | Train Loss: 0.0286 | Epoch Time: 0.59s | Spearman@80: 0.8894 | Kendall@80: 0.7203
Epoch 57/150 | Train Loss: 0.0293 | Epoch Time: 0.62s | Spearman@80: 0.8453 | Kendall@80: 0.6772
Epoch 58/150 | Train Loss: 0.0270 | Epoch Time: 0.61s | Spearman@80: 0.8551 | Kendall@80: 0.6880
Epoch 59/150 | Train Loss: 0.0308 | Epoch Time: 0.60s | Spearman@80: 0.8328 | Kendall@80: 0.6652
Epoch 60/150 | Train Loss: 0.0293 | Epoch Time: 0.59s | Spearman@80: 0.8317 | Kendall@80: 0.6620
Epoch 61/150 | Train Loss: 0.0262 | Epoch Time: 0.62s | Spearman@80: 0.8638 | Kendall@80: 0.6899
Epoch 62/150 | Train Loss: 0.0274 | Epoch Time: 0.61s | Spearman@80: 0.8794 | Kendall@80: 0.7025
Epoch 63/150 | Train Loss: 0.0206 | Epoch Time: 0.63s | Spearman@80: 0.8484 | Kendall@80: 0.6753
Epoch 64/150 | Train Loss: 0.0317 | Epoch Time: 0.61s | Spearman@80: 0.8364 | Kendall@80: 0.6449
Epoch 65/150 | Train Loss: 0.0307 | Epoch Time: 0.63s | Spearman@80: 0.8618 | Kendall@80: 0.6867
Epoch 66/150 | Train Loss: 0.0259 | Epoch Time: 0.62s | Spearman@80: 0.8740 | Kendall@80: 0.7070
Epoch 67/150 | Train Loss: 0.0279 | Epoch Time: 0.58s | Spearman@80: 0.8494 | Kendall@80: 0.6684
Epoch 68/150 | Train Loss: 0.0246 | Epoch Time: 0.60s | Spearman@80: 0.8620 | Kendall@80: 0.6905
Epoch 69/150 | Train Loss: 0.0307 | Epoch Time: 0.61s | Spearman@80: 0.8594 | Kendall@80: 0.6918
Epoch 70/150 | Train Loss: 0.0305 | Epoch Time: 0.59s | Spearman@80: 0.8844 | Kendall@80: 0.7152
Epoch 71/150 | Train Loss: 0.0255 | Epoch Time: 0.63s | Spearman@80: 0.8589 | Kendall@80: 0.6886
Epoch 72/150 | Train Loss: 0.0237 | Epoch Time: 0.58s | Spearman@80: 0.8667 | Kendall@80: 0.7019
Epoch 73/150 | Train Loss: 0.0306 | Epoch Time: 0.65s | Spearman@80: 0.8272 | Kendall@80: 0.6418
Epoch 74/150 | Train Loss: 0.0325 | Epoch Time: 0.59s | Spearman@80: 0.8626 | Kendall@80: 0.6899
Epoch 75/150 | Train Loss: 0.0286 | Epoch Time: 0.61s | Spearman@80: 0.8661 | Kendall@80: 0.6962
Epoch 76/150 | Train Loss: 0.0247 | Epoch Time: 0.62s | Spearman@80: 0.8464 | Kendall@80: 0.6778
Epoch 77/150 | Train Loss: 0.0226 | Epoch Time: 0.64s | Spearman@80: 0.8435 | Kendall@80: 0.6671
Epoch 78/150 | Train Loss: 0.0221 | Epoch Time: 0.64s | Spearman@80: 0.8499 | Kendall@80: 0.6842
Epoch 79/150 | Train Loss: 0.0204 | Epoch Time: 0.63s | Spearman@80: 0.8553 | Kendall@80: 0.6905
Epoch 80/150 | Train Loss: 0.0286 | Epoch Time: 0.62s | Spearman@80: 0.8701 | Kendall@80: 0.7032
Epoch 81/150 | Train Loss: 0.0243 | Epoch Time: 0.60s | Spearman@80: 0.8811 | Kendall@80: 0.7133
Epoch 82/150 | Train Loss: 0.0210 | Epoch Time: 0.59s | Spearman@80: 0.8751 | Kendall@80: 0.7108
Epoch 83/150 | Train Loss: 0.0269 | Epoch Time: 0.59s | Spearman@80: 0.8524 | Kendall@80: 0.6899
Epoch 84/150 | Train Loss: 0.0200 | Epoch Time: 0.57s | Spearman@80: 0.8550 | Kendall@80: 0.6810
Epoch 85/150 | Train Loss: 0.0250 | Epoch Time: 0.58s | Spearman@80: 0.8113 | Kendall@80: 0.6430
Epoch 86/150 | Train Loss: 0.0290 | Epoch Time: 0.63s | Spearman@80: 0.8708 | Kendall@80: 0.7057
Epoch 87/150 | Train Loss: 0.0281 | Epoch Time: 0.60s | Spearman@80: 0.8530 | Kendall@80: 0.6867
Epoch 88/150 | Train Loss: 0.0235 | Epoch Time: 0.63s | Spearman@80: 0.8524 | Kendall@80: 0.6867
Epoch 89/150 | Train Loss: 0.0235 | Epoch Time: 0.60s | Spearman@80: 0.8548 | Kendall@80: 0.6880
Epoch 90/150 | Train Loss: 0.0193 | Epoch Time: 0.60s | Spearman@80: 0.8362 | Kendall@80: 0.6715
Epoch 91/150 | Train Loss: 0.0212 | Epoch Time: 0.62s | Spearman@80: 0.8500 | Kendall@80: 0.6810
Epoch 92/150 | Train Loss: 0.0225 | Epoch Time: 0.61s | Spearman@80: 0.8452 | Kendall@80: 0.6816
Epoch 93/150 | Train Loss: 0.0201 | Epoch Time: 0.62s | Spearman@80: 0.8484 | Kendall@80: 0.6835
Epoch 94/150 | Train Loss: 0.0256 | Epoch Time: 0.63s | Spearman@80: 0.8557 | Kendall@80: 0.6880
Epoch 95/150 | Train Loss: 0.0231 | Epoch Time: 0.61s | Spearman@80: 0.8032 | Kendall@80: 0.6323
Epoch 96/150 | Train Loss: 0.0235 | Epoch Time: 0.60s | Spearman@80: 0.8529 | Kendall@80: 0.6886
Epoch 97/150 | Train Loss: 0.0233 | Epoch Time: 0.63s | Spearman@80: 0.8448 | Kendall@80: 0.6861
Epoch 98/150 | Train Loss: 0.0201 | Epoch Time: 0.60s | Spearman@80: 0.8564 | Kendall@80: 0.6962
Epoch 99/150 | Train Loss: 0.0214 | Epoch Time: 0.62s | Spearman@80: 0.8632 | Kendall@80: 0.6949
Epoch 100/150 | Train Loss: 0.0222 | Epoch Time: 0.62s | Spearman@80: 0.8588 | Kendall@80: 0.6918
Epoch 101/150 | Train Loss: 0.0221 | Epoch Time: 0.62s | Spearman@80: 0.8417 | Kendall@80: 0.6772
Epoch 102/150 | Train Loss: 0.0246 | Epoch Time: 0.60s | Spearman@80: 0.8545 | Kendall@80: 0.6899
Epoch 103/150 | Train Loss: 0.0194 | Epoch Time: 0.62s | Spearman@80: 0.8550 | Kendall@80: 0.6899
Epoch 104/150 | Train Loss: 0.0205 | Epoch Time: 0.59s | Spearman@80: 0.8678 | Kendall@80: 0.6981
Epoch 105/150 | Train Loss: 0.0200 | Epoch Time: 0.62s | Spearman@80: 0.8683 | Kendall@80: 0.6968
Epoch 106/150 | Train Loss: 0.0218 | Epoch Time: 0.61s | Spearman@80: 0.8704 | Kendall@80: 0.7044
Epoch 107/150 | Train Loss: 0.0189 | Epoch Time: 0.60s | Spearman@80: 0.8598 | Kendall@80: 0.6943
Epoch 108/150 | Train Loss: 0.0174 | Epoch Time: 0.61s | Spearman@80: 0.8608 | Kendall@80: 0.6962
Epoch 109/150 | Train Loss: 0.0227 | Epoch Time: 0.59s | Spearman@80: 0.8559 | Kendall@80: 0.6918
Epoch 110/150 | Train Loss: 0.0175 | Epoch Time: 0.60s | Spearman@80: 0.8454 | Kendall@80: 0.6848
Epoch 111/150 | Train Loss: 0.0167 | Epoch Time: 0.62s | Spearman@80: 0.8637 | Kendall@80: 0.7013
Epoch 112/150 | Train Loss: 0.0192 | Epoch Time: 0.63s | Spearman@80: 0.8507 | Kendall@80: 0.6835
Epoch 113/150 | Train Loss: 0.0193 | Epoch Time: 0.60s | Spearman@80: 0.8640 | Kendall@80: 0.7032
Epoch 114/150 | Train Loss: 0.0193 | Epoch Time: 0.61s | Spearman@80: 0.8662 | Kendall@80: 0.7057
Epoch 115/150 | Train Loss: 0.0161 | Epoch Time: 0.62s | Spearman@80: 0.8652 | Kendall@80: 0.7057
Epoch 116/150 | Train Loss: 0.0175 | Epoch Time: 0.62s | Spearman@80: 0.8620 | Kendall@80: 0.7000
Epoch 117/150 | Train Loss: 0.0204 | Epoch Time: 0.60s | Spearman@80: 0.8575 | Kendall@80: 0.6975
Epoch 118/150 | Train Loss: 0.0200 | Epoch Time: 0.59s | Spearman@80: 0.8644 | Kendall@80: 0.7063
Epoch 119/150 | Train Loss: 0.0191 | Epoch Time: 0.63s | Spearman@80: 0.8630 | Kendall@80: 0.6962
Epoch 120/150 | Train Loss: 0.0193 | Epoch Time: 0.63s | Spearman@80: 0.8662 | Kendall@80: 0.7044
Epoch 121/150 | Train Loss: 0.0158 | Epoch Time: 0.60s | Spearman@80: 0.8626 | Kendall@80: 0.7019
Epoch 122/150 | Train Loss: 0.0163 | Epoch Time: 0.61s | Spearman@80: 0.8607 | Kendall@80: 0.6994
Epoch 123/150 | Train Loss: 0.0152 | Epoch Time: 0.62s | Spearman@80: 0.8609 | Kendall@80: 0.6994
Epoch 124/150 | Train Loss: 0.0152 | Epoch Time: 0.61s | Spearman@80: 0.8602 | Kendall@80: 0.6968
Epoch 125/150 | Train Loss: 0.0186 | Epoch Time: 0.59s | Spearman@80: 0.8574 | Kendall@80: 0.6968
Epoch 126/150 | Train Loss: 0.0157 | Epoch Time: 0.62s | Spearman@80: 0.8656 | Kendall@80: 0.7095
Epoch 127/150 | Train Loss: 0.0154 | Epoch Time: 0.63s | Spearman@80: 0.8636 | Kendall@80: 0.7032
Epoch 128/150 | Train Loss: 0.0155 | Epoch Time: 0.63s | Spearman@80: 0.8657 | Kendall@80: 0.7076
Epoch 129/150 | Train Loss: 0.0157 | Epoch Time: 0.60s | Spearman@80: 0.8625 | Kendall@80: 0.7032
Epoch 130/150 | Train Loss: 0.0178 | Epoch Time: 0.61s | Spearman@80: 0.8652 | Kendall@80: 0.7082
Epoch 131/150 | Train Loss: 0.0180 | Epoch Time: 0.59s | Spearman@80: 0.8639 | Kendall@80: 0.7057
Epoch 132/150 | Train Loss: 0.0143 | Epoch Time: 0.60s | Spearman@80: 0.8646 | Kendall@80: 0.7070
Epoch 133/150 | Train Loss: 0.0181 | Epoch Time: 0.62s | Spearman@80: 0.8647 | Kendall@80: 0.7057
Epoch 134/150 | Train Loss: 0.0113 | Epoch Time: 0.60s | Spearman@80: 0.8629 | Kendall@80: 0.7006
Epoch 135/150 | Train Loss: 0.0131 | Epoch Time: 0.63s | Spearman@80: 0.8678 | Kendall@80: 0.7076
Epoch 136/150 | Train Loss: 0.0159 | Epoch Time: 0.62s | Spearman@80: 0.8703 | Kendall@80: 0.7089
Epoch 137/150 | Train Loss: 0.0175 | Epoch Time: 0.62s | Spearman@80: 0.8669 | Kendall@80: 0.7057
Epoch 138/150 | Train Loss: 0.0112 | Epoch Time: 0.63s | Spearman@80: 0.8700 | Kendall@80: 0.7114
Epoch 139/150 | Train Loss: 0.0149 | Epoch Time: 0.63s | Spearman@80: 0.8671 | Kendall@80: 0.7082
Epoch 140/150 | Train Loss: 0.0175 | Epoch Time: 0.62s | Spearman@80: 0.8671 | Kendall@80: 0.7095
Epoch 141/150 | Train Loss: 0.0168 | Epoch Time: 0.64s | Spearman@80: 0.8660 | Kendall@80: 0.7076
Epoch 142/150 | Train Loss: 0.0134 | Epoch Time: 0.60s | Spearman@80: 0.8674 | Kendall@80: 0.7082
Epoch 143/150 | Train Loss: 0.0140 | Epoch Time: 0.59s | Spearman@80: 0.8651 | Kendall@80: 0.7070
Epoch 144/150 | Train Loss: 0.0159 | Epoch Time: 0.58s | Spearman@80: 0.8679 | Kendall@80: 0.7095
Epoch 145/150 | Train Loss: 0.0158 | Epoch Time: 0.64s | Spearman@80: 0.8672 | Kendall@80: 0.7108
Epoch 146/150 | Train Loss: 0.0181 | Epoch Time: 0.59s | Spearman@80: 0.8657 | Kendall@80: 0.7082
Epoch 147/150 | Train Loss: 0.0152 | Epoch Time: 26.06s | Spearman@423495: 0.9051 | Kendall@423495: 0.7345
Epoch 148/150 | Train Loss: 0.0171 | Epoch Time: 25.85s | Spearman@423495: 0.9045 | Kendall@423495: 0.7335
Epoch 149/150 | Train Loss: 0.0172 | Epoch Time: 27.03s | Spearman@423495: 0.9042 | Kendall@423495: 0.7330
Epoch 150/150 | Train Loss: 0.0167 | Epoch Time: 26.45s | Spearman@423495: 0.9042 | Kendall@423495: 0.7331
Sample Count: 128, Spearman: 0.9045155870942662, Kendall: 0.7335338892139924
{64: (0.8075035488738328, 0.6277850331260973),
 128: (0.9045155870942662, 0.7335338892139924)}
Average KDT:  0.6274130884445404
Variance KDT:  0.0003712459671288488
Average SPR:  0.8136213736615221
Variance SPR:  0.00045426783133686047
Average KDT:  0.7280241183215462
Variance KDT:  4.0029413144148727e-05
Average SPR:  0.8994734673715739
Variance SPR:  1.2973301551884116e-05
