normalizing task:  Amoeba.json
normalizing task:  PNAS_fix-w-d.json
normalizing task:  ENAS_fix-w-d.json
normalizing task:  NASNet.json
normalizing task:  DARTS.json
normalizing task:  ENAS.json
normalizing task:  PNAS.json
normalizing task:  DARTS_lr-wd.json
normalizing task:  DARTS_fix-w-d.json
Epoch 1/150 | Train Loss: 0.0984 | Epoch Time: 0.95s | Spearman@80: 0.3129 | Kendall@80: 0.2145
Epoch 2/150 | Train Loss: 0.0864 | Epoch Time: 0.46s | Spearman@80: 0.1494 | Kendall@80: 0.1049
Epoch 3/150 | Train Loss: 0.0860 | Epoch Time: 0.53s | Spearman@80: 0.1608 | Kendall@80: 0.1106
Epoch 4/150 | Train Loss: 0.0842 | Epoch Time: 0.42s | Spearman@80: 0.2106 | Kendall@80: 0.1404
Epoch 5/150 | Train Loss: 0.0760 | Epoch Time: 0.45s | Spearman@80: 0.2180 | Kendall@80: 0.1531
Epoch 6/150 | Train Loss: 0.0809 | Epoch Time: 0.43s | Spearman@80: 0.2606 | Kendall@80: 0.1778
Epoch 7/150 | Train Loss: 0.0687 | Epoch Time: 0.43s | Spearman@80: 0.4080 | Kendall@80: 0.2855
Epoch 8/150 | Train Loss: 0.0713 | Epoch Time: 0.42s | Spearman@80: 0.2651 | Kendall@80: 0.1816
Epoch 9/150 | Train Loss: 0.0643 | Epoch Time: 0.43s | Spearman@80: 0.3866 | Kendall@80: 0.2716
Epoch 10/150 | Train Loss: 0.0660 | Epoch Time: 0.43s | Spearman@80: 0.3345 | Kendall@80: 0.2298
Epoch 11/150 | Train Loss: 0.0572 | Epoch Time: 0.42s | Spearman@80: 0.3462 | Kendall@80: 0.2405
Epoch 12/150 | Train Loss: 0.0696 | Epoch Time: 0.41s | Spearman@80: 0.4301 | Kendall@80: 0.3026
Epoch 13/150 | Train Loss: 0.0584 | Epoch Time: 0.43s | Spearman@80: 0.3996 | Kendall@80: 0.2824
Epoch 14/150 | Train Loss: 0.0551 | Epoch Time: 0.44s | Spearman@80: 0.4406 | Kendall@80: 0.3179
Epoch 15/150 | Train Loss: 0.0524 | Epoch Time: 0.43s | Spearman@80: 0.2493 | Kendall@80: 0.1721
Epoch 16/150 | Train Loss: 0.0652 | Epoch Time: 0.47s | Spearman@80: 0.2974 | Kendall@80: 0.2088
Epoch 17/150 | Train Loss: 0.0663 | Epoch Time: 0.50s | Spearman@80: 0.4462 | Kendall@80: 0.3058
Epoch 18/150 | Train Loss: 0.0506 | Epoch Time: 0.43s | Spearman@80: 0.4615 | Kendall@80: 0.3432
Epoch 19/150 | Train Loss: 0.0505 | Epoch Time: 0.50s | Spearman@80: 0.4362 | Kendall@80: 0.3210
Epoch 20/150 | Train Loss: 0.0485 | Epoch Time: 0.47s | Spearman@80: 0.4889 | Kendall@80: 0.3603
Epoch 21/150 | Train Loss: 0.0546 | Epoch Time: 0.48s | Spearman@80: 0.4707 | Kendall@80: 0.3407
Epoch 22/150 | Train Loss: 0.0456 | Epoch Time: 0.45s | Spearman@80: 0.5165 | Kendall@80: 0.3698
Epoch 23/150 | Train Loss: 0.0510 | Epoch Time: 0.42s | Spearman@80: 0.4360 | Kendall@80: 0.3096
Epoch 24/150 | Train Loss: 0.0467 | Epoch Time: 0.42s | Spearman@80: 0.4363 | Kendall@80: 0.3128
Epoch 25/150 | Train Loss: 0.0444 | Epoch Time: 0.42s | Spearman@80: 0.4398 | Kendall@80: 0.3229
Epoch 26/150 | Train Loss: 0.0512 | Epoch Time: 0.42s | Spearman@80: 0.4680 | Kendall@80: 0.3356
Epoch 27/150 | Train Loss: 0.0486 | Epoch Time: 0.42s | Spearman@80: 0.4679 | Kendall@80: 0.3375
Epoch 28/150 | Train Loss: 0.0500 | Epoch Time: 0.42s | Spearman@80: 0.4636 | Kendall@80: 0.3381
Epoch 29/150 | Train Loss: 0.0443 | Epoch Time: 0.42s | Spearman@80: 0.4177 | Kendall@80: 0.3001
Epoch 30/150 | Train Loss: 0.0395 | Epoch Time: 0.43s | Spearman@80: 0.3637 | Kendall@80: 0.2564
Epoch 31/150 | Train Loss: 0.0522 | Epoch Time: 0.44s | Spearman@80: 0.4526 | Kendall@80: 0.3185
Epoch 32/150 | Train Loss: 0.0419 | Epoch Time: 0.42s | Spearman@80: 0.4758 | Kendall@80: 0.3426
Epoch 33/150 | Train Loss: 0.0472 | Epoch Time: 0.42s | Spearman@80: 0.3821 | Kendall@80: 0.2760
Epoch 34/150 | Train Loss: 0.0467 | Epoch Time: 0.43s | Spearman@80: 0.4305 | Kendall@80: 0.3160
Epoch 35/150 | Train Loss: 0.0427 | Epoch Time: 0.43s | Spearman@80: 0.4343 | Kendall@80: 0.3134
Epoch 36/150 | Train Loss: 0.0393 | Epoch Time: 0.44s | Spearman@80: 0.4644 | Kendall@80: 0.3451
Epoch 37/150 | Train Loss: 0.0497 | Epoch Time: 0.42s | Spearman@80: 0.4503 | Kendall@80: 0.3280
Epoch 38/150 | Train Loss: 0.0305 | Epoch Time: 0.43s | Spearman@80: 0.4332 | Kendall@80: 0.3096
Epoch 39/150 | Train Loss: 0.0405 | Epoch Time: 0.42s | Spearman@80: 0.4161 | Kendall@80: 0.3058
Epoch 40/150 | Train Loss: 0.0393 | Epoch Time: 0.42s | Spearman@80: 0.4343 | Kendall@80: 0.3153
Epoch 41/150 | Train Loss: 0.0437 | Epoch Time: 0.43s | Spearman@80: 0.4869 | Kendall@80: 0.3515
Epoch 42/150 | Train Loss: 0.0479 | Epoch Time: 0.44s | Spearman@80: 0.4323 | Kendall@80: 0.3033
Epoch 43/150 | Train Loss: 0.0393 | Epoch Time: 0.42s | Spearman@80: 0.4888 | Kendall@80: 0.3483
Epoch 44/150 | Train Loss: 0.0388 | Epoch Time: 0.44s | Spearman@80: 0.4986 | Kendall@80: 0.3591
Epoch 45/150 | Train Loss: 0.0364 | Epoch Time: 0.44s | Spearman@80: 0.4958 | Kendall@80: 0.3489
Epoch 46/150 | Train Loss: 0.0323 | Epoch Time: 0.42s | Spearman@80: 0.4695 | Kendall@80: 0.3337
Epoch 47/150 | Train Loss: 0.0367 | Epoch Time: 0.44s | Spearman@80: 0.5014 | Kendall@80: 0.3540
Epoch 48/150 | Train Loss: 0.0284 | Epoch Time: 0.42s | Spearman@80: 0.4864 | Kendall@80: 0.3470
Epoch 49/150 | Train Loss: 0.0405 | Epoch Time: 0.42s | Spearman@80: 0.4661 | Kendall@80: 0.3337
Epoch 50/150 | Train Loss: 0.0338 | Epoch Time: 0.45s | Spearman@80: 0.4912 | Kendall@80: 0.3464
Epoch 51/150 | Train Loss: 0.0327 | Epoch Time: 0.42s | Spearman@80: 0.4571 | Kendall@80: 0.3248
Epoch 52/150 | Train Loss: 0.0337 | Epoch Time: 0.43s | Spearman@80: 0.4617 | Kendall@80: 0.3236
Epoch 53/150 | Train Loss: 0.0291 | Epoch Time: 0.42s | Spearman@80: 0.4214 | Kendall@80: 0.2931
Epoch 54/150 | Train Loss: 0.0357 | Epoch Time: 0.43s | Spearman@80: 0.4243 | Kendall@80: 0.3001
Epoch 55/150 | Train Loss: 0.0195 | Epoch Time: 0.47s | Spearman@80: 0.4517 | Kendall@80: 0.3103
Epoch 56/150 | Train Loss: 0.0275 | Epoch Time: 0.44s | Spearman@80: 0.4473 | Kendall@80: 0.3039
Epoch 57/150 | Train Loss: 0.0334 | Epoch Time: 0.42s | Spearman@80: 0.4780 | Kendall@80: 0.3324
Epoch 58/150 | Train Loss: 0.0240 | Epoch Time: 0.43s | Spearman@80: 0.4970 | Kendall@80: 0.3476
Epoch 59/150 | Train Loss: 0.0291 | Epoch Time: 0.46s | Spearman@80: 0.4922 | Kendall@80: 0.3502
Epoch 60/150 | Train Loss: 0.0325 | Epoch Time: 0.43s | Spearman@80: 0.4980 | Kendall@80: 0.3578
Epoch 61/150 | Train Loss: 0.0217 | Epoch Time: 0.42s | Spearman@80: 0.5028 | Kendall@80: 0.3616
Epoch 62/150 | Train Loss: 0.0328 | Epoch Time: 0.43s | Spearman@80: 0.4965 | Kendall@80: 0.3565
Epoch 63/150 | Train Loss: 0.0309 | Epoch Time: 0.44s | Spearman@80: 0.4296 | Kendall@80: 0.2969
Epoch 64/150 | Train Loss: 0.0345 | Epoch Time: 0.46s | Spearman@80: 0.4397 | Kendall@80: 0.3052
Epoch 65/150 | Train Loss: 0.0316 | Epoch Time: 0.43s | Spearman@80: 0.4707 | Kendall@80: 0.3318
Epoch 66/150 | Train Loss: 0.0244 | Epoch Time: 0.45s | Spearman@80: 0.4712 | Kendall@80: 0.3312
Epoch 67/150 | Train Loss: 0.0286 | Epoch Time: 0.42s | Spearman@80: 0.5219 | Kendall@80: 0.3654
Epoch 68/150 | Train Loss: 0.0232 | Epoch Time: 0.42s | Spearman@80: 0.4974 | Kendall@80: 0.3464
Epoch 69/150 | Train Loss: 0.0254 | Epoch Time: 0.42s | Spearman@80: 0.4965 | Kendall@80: 0.3476
Epoch 70/150 | Train Loss: 0.0221 | Epoch Time: 0.42s | Spearman@80: 0.4779 | Kendall@80: 0.3362
Epoch 71/150 | Train Loss: 0.0258 | Epoch Time: 0.44s | Spearman@80: 0.5018 | Kendall@80: 0.3502
Epoch 72/150 | Train Loss: 0.0230 | Epoch Time: 0.43s | Spearman@80: 0.4480 | Kendall@80: 0.3109
Epoch 73/150 | Train Loss: 0.0254 | Epoch Time: 0.42s | Spearman@80: 0.4712 | Kendall@80: 0.3343
Epoch 74/150 | Train Loss: 0.0368 | Epoch Time: 0.43s | Spearman@80: 0.4539 | Kendall@80: 0.3128
Epoch 75/150 | Train Loss: 0.0309 | Epoch Time: 0.43s | Spearman@80: 0.4632 | Kendall@80: 0.3185
Epoch 76/150 | Train Loss: 0.0274 | Epoch Time: 0.43s | Spearman@80: 0.4887 | Kendall@80: 0.3445
Epoch 77/150 | Train Loss: 0.0194 | Epoch Time: 0.43s | Spearman@80: 0.4893 | Kendall@80: 0.3426
Epoch 78/150 | Train Loss: 0.0180 | Epoch Time: 0.42s | Spearman@80: 0.4972 | Kendall@80: 0.3521
Epoch 79/150 | Train Loss: 0.0236 | Epoch Time: 0.45s | Spearman@80: 0.4802 | Kendall@80: 0.3286
Epoch 80/150 | Train Loss: 0.0234 | Epoch Time: 0.42s | Spearman@80: 0.4653 | Kendall@80: 0.3236
Epoch 81/150 | Train Loss: 0.0257 | Epoch Time: 0.42s | Spearman@80: 0.4958 | Kendall@80: 0.3534
Epoch 82/150 | Train Loss: 0.0272 | Epoch Time: 0.44s | Spearman@80: 0.5102 | Kendall@80: 0.3597
Epoch 83/150 | Train Loss: 0.0214 | Epoch Time: 0.42s | Spearman@80: 0.5170 | Kendall@80: 0.3629
Epoch 84/150 | Train Loss: 0.0239 | Epoch Time: 0.42s | Spearman@80: 0.4810 | Kendall@80: 0.3305
Epoch 85/150 | Train Loss: 0.0251 | Epoch Time: 0.47s | Spearman@80: 0.4743 | Kendall@80: 0.3210
Epoch 86/150 | Train Loss: 0.0194 | Epoch Time: 0.46s | Spearman@80: 0.4978 | Kendall@80: 0.3489
Epoch 87/150 | Train Loss: 0.0240 | Epoch Time: 0.45s | Spearman@80: 0.4997 | Kendall@80: 0.3489
Epoch 88/150 | Train Loss: 0.0286 | Epoch Time: 0.46s | Spearman@80: 0.4979 | Kendall@80: 0.3483
Epoch 89/150 | Train Loss: 0.0265 | Epoch Time: 0.48s | Spearman@80: 0.4838 | Kendall@80: 0.3350
Epoch 90/150 | Train Loss: 0.0233 | Epoch Time: 0.47s | Spearman@80: 0.4917 | Kendall@80: 0.3495
Epoch 91/150 | Train Loss: 0.0204 | Epoch Time: 0.46s | Spearman@80: 0.4758 | Kendall@80: 0.3381
Epoch 92/150 | Train Loss: 0.0175 | Epoch Time: 0.44s | Spearman@80: 0.4777 | Kendall@80: 0.3394
Epoch 93/150 | Train Loss: 0.0137 | Epoch Time: 0.47s | Spearman@80: 0.5014 | Kendall@80: 0.3540
Epoch 94/150 | Train Loss: 0.0107 | Epoch Time: 0.46s | Spearman@80: 0.5049 | Kendall@80: 0.3540
Epoch 95/150 | Train Loss: 0.0172 | Epoch Time: 0.43s | Spearman@80: 0.4663 | Kendall@80: 0.3350
Epoch 96/150 | Train Loss: 0.0184 | Epoch Time: 0.43s | Spearman@80: 0.4511 | Kendall@80: 0.3185
Epoch 97/150 | Train Loss: 0.0141 | Epoch Time: 0.46s | Spearman@80: 0.4849 | Kendall@80: 0.3400
Epoch 98/150 | Train Loss: 0.0167 | Epoch Time: 0.46s | Spearman@80: 0.4747 | Kendall@80: 0.3356
Epoch 99/150 | Train Loss: 0.0165 | Epoch Time: 0.46s | Spearman@80: 0.4916 | Kendall@80: 0.3489
Epoch 100/150 | Train Loss: 0.0143 | Epoch Time: 0.45s | Spearman@80: 0.4679 | Kendall@80: 0.3286
Epoch 101/150 | Train Loss: 0.0151 | Epoch Time: 0.45s | Spearman@80: 0.4735 | Kendall@80: 0.3324
Epoch 102/150 | Train Loss: 0.0204 | Epoch Time: 0.47s | Spearman@80: 0.4648 | Kendall@80: 0.3274
Epoch 103/150 | Train Loss: 0.0166 | Epoch Time: 0.44s | Spearman@80: 0.4360 | Kendall@80: 0.3071
Epoch 104/150 | Train Loss: 0.0248 | Epoch Time: 0.46s | Spearman@80: 0.4366 | Kendall@80: 0.3071
Epoch 105/150 | Train Loss: 0.0155 | Epoch Time: 0.44s | Spearman@80: 0.4737 | Kendall@80: 0.3381
Epoch 106/150 | Train Loss: 0.0177 | Epoch Time: 0.45s | Spearman@80: 0.4714 | Kendall@80: 0.3286
Epoch 107/150 | Train Loss: 0.0140 | Epoch Time: 0.46s | Spearman@80: 0.4605 | Kendall@80: 0.3255
Epoch 108/150 | Train Loss: 0.0167 | Epoch Time: 0.45s | Spearman@80: 0.4625 | Kendall@80: 0.3255
Epoch 109/150 | Train Loss: 0.0119 | Epoch Time: 0.48s | Spearman@80: 0.4557 | Kendall@80: 0.3236
Epoch 110/150 | Train Loss: 0.0104 | Epoch Time: 0.46s | Spearman@80: 0.4587 | Kendall@80: 0.3229
Epoch 111/150 | Train Loss: 0.0106 | Epoch Time: 0.46s | Spearman@80: 0.4561 | Kendall@80: 0.3229
Epoch 112/150 | Train Loss: 0.0113 | Epoch Time: 0.46s | Spearman@80: 0.4559 | Kendall@80: 0.3223
Epoch 113/150 | Train Loss: 0.0151 | Epoch Time: 0.45s | Spearman@80: 0.4556 | Kendall@80: 0.3217
Epoch 114/150 | Train Loss: 0.0126 | Epoch Time: 0.48s | Spearman@80: 0.4574 | Kendall@80: 0.3198
Epoch 115/150 | Train Loss: 0.0142 | Epoch Time: 0.47s | Spearman@80: 0.4600 | Kendall@80: 0.3223
Epoch 116/150 | Train Loss: 0.0104 | Epoch Time: 0.48s | Spearman@80: 0.4667 | Kendall@80: 0.3280
Epoch 117/150 | Train Loss: 0.0163 | Epoch Time: 0.47s | Spearman@80: 0.4724 | Kendall@80: 0.3280
Epoch 118/150 | Train Loss: 0.0165 | Epoch Time: 0.46s | Spearman@80: 0.4618 | Kendall@80: 0.3198
Epoch 119/150 | Train Loss: 0.0135 | Epoch Time: 0.47s | Spearman@80: 0.4624 | Kendall@80: 0.3198
Epoch 120/150 | Train Loss: 0.0122 | Epoch Time: 0.44s | Spearman@80: 0.4542 | Kendall@80: 0.3191
Epoch 121/150 | Train Loss: 0.0090 | Epoch Time: 0.47s | Spearman@80: 0.4472 | Kendall@80: 0.3179
Epoch 122/150 | Train Loss: 0.0151 | Epoch Time: 0.47s | Spearman@80: 0.4392 | Kendall@80: 0.3090
Epoch 123/150 | Train Loss: 0.0134 | Epoch Time: 0.46s | Spearman@80: 0.4555 | Kendall@80: 0.3223
Epoch 124/150 | Train Loss: 0.0161 | Epoch Time: 0.46s | Spearman@80: 0.4552 | Kendall@80: 0.3185
Epoch 125/150 | Train Loss: 0.0127 | Epoch Time: 0.45s | Spearman@80: 0.4485 | Kendall@80: 0.3153
Epoch 126/150 | Train Loss: 0.0132 | Epoch Time: 0.47s | Spearman@80: 0.4591 | Kendall@80: 0.3236
Epoch 127/150 | Train Loss: 0.0100 | Epoch Time: 0.44s | Spearman@80: 0.4683 | Kendall@80: 0.3293
Epoch 128/150 | Train Loss: 0.0123 | Epoch Time: 0.44s | Spearman@80: 0.4627 | Kendall@80: 0.3280
Epoch 129/150 | Train Loss: 0.0142 | Epoch Time: 0.44s | Spearman@80: 0.4530 | Kendall@80: 0.3198
Epoch 130/150 | Train Loss: 0.0145 | Epoch Time: 0.46s | Spearman@80: 0.4476 | Kendall@80: 0.3141
Epoch 131/150 | Train Loss: 0.0103 | Epoch Time: 0.46s | Spearman@80: 0.4557 | Kendall@80: 0.3198
Epoch 132/150 | Train Loss: 0.0091 | Epoch Time: 0.47s | Spearman@80: 0.4601 | Kendall@80: 0.3210
Epoch 133/150 | Train Loss: 0.0152 | Epoch Time: 0.47s | Spearman@80: 0.4618 | Kendall@80: 0.3255
Epoch 134/150 | Train Loss: 0.0132 | Epoch Time: 0.47s | Spearman@80: 0.4620 | Kendall@80: 0.3255
Epoch 135/150 | Train Loss: 0.0161 | Epoch Time: 0.48s | Spearman@80: 0.4630 | Kendall@80: 0.3274
Epoch 136/150 | Train Loss: 0.0149 | Epoch Time: 0.46s | Spearman@80: 0.4625 | Kendall@80: 0.3236
Epoch 137/150 | Train Loss: 0.0128 | Epoch Time: 0.47s | Spearman@80: 0.4667 | Kendall@80: 0.3305
Epoch 138/150 | Train Loss: 0.0127 | Epoch Time: 0.46s | Spearman@80: 0.4587 | Kendall@80: 0.3191
Epoch 139/150 | Train Loss: 0.0118 | Epoch Time: 0.47s | Spearman@80: 0.4574 | Kendall@80: 0.3204
Epoch 140/150 | Train Loss: 0.0118 | Epoch Time: 0.48s | Spearman@80: 0.4595 | Kendall@80: 0.3210
Epoch 141/150 | Train Loss: 0.0143 | Epoch Time: 0.45s | Spearman@80: 0.4639 | Kendall@80: 0.3274
Epoch 142/150 | Train Loss: 0.0125 | Epoch Time: 0.44s | Spearman@80: 0.4600 | Kendall@80: 0.3210
Epoch 143/150 | Train Loss: 0.0107 | Epoch Time: 0.42s | Spearman@80: 0.4596 | Kendall@80: 0.3223
Epoch 144/150 | Train Loss: 0.0144 | Epoch Time: 0.45s | Spearman@80: 0.4588 | Kendall@80: 0.3198
Epoch 145/150 | Train Loss: 0.0116 | Epoch Time: 0.46s | Spearman@80: 0.4579 | Kendall@80: 0.3198
Epoch 146/150 | Train Loss: 0.0133 | Epoch Time: 0.44s | Spearman@80: 0.4576 | Kendall@80: 0.3217
Epoch 147/150 | Train Loss: 0.0139 | Epoch Time: 1.31s | Spearman@4934: 0.5385 | Kendall@4934: 0.3762
Epoch 148/150 | Train Loss: 0.0138 | Epoch Time: 1.32s | Spearman@4934: 0.5372 | Kendall@4934: 0.3751
Epoch 149/150 | Train Loss: 0.0092 | Epoch Time: 1.30s | Spearman@4934: 0.5373 | Kendall@4934: 0.3752
Epoch 150/150 | Train Loss: 0.0094 | Epoch Time: 1.30s | Spearman@4934: 0.5377 | Kendall@4934: 0.3756
Sample Count: 64, Spearman: 0.5376756963278247, Kendall: 0.375511156938769
{64: (0.5376756963278247, 0.375511156938769)}
Epoch 1/150 | Train Loss: 0.0993 | Epoch Time: 0.87s | Spearman@80: 0.3878 | Kendall@80: 0.2656
Epoch 2/150 | Train Loss: 0.0944 | Epoch Time: 0.89s | Spearman@80: 0.3745 | Kendall@80: 0.2561
Epoch 3/150 | Train Loss: 0.0933 | Epoch Time: 0.93s | Spearman@80: 0.3184 | Kendall@80: 0.2187
Epoch 4/150 | Train Loss: 0.0836 | Epoch Time: 0.89s | Spearman@80: 0.4277 | Kendall@80: 0.3024
Epoch 5/150 | Train Loss: 0.0773 | Epoch Time: 0.86s | Spearman@80: 0.5586 | Kendall@80: 0.3943
Epoch 6/150 | Train Loss: 0.0787 | Epoch Time: 0.89s | Spearman@80: 0.5204 | Kendall@80: 0.3582
Epoch 7/150 | Train Loss: 0.0731 | Epoch Time: 0.93s | Spearman@80: 0.4598 | Kendall@80: 0.3265
Epoch 8/150 | Train Loss: 0.0735 | Epoch Time: 0.90s | Spearman@80: 0.5334 | Kendall@80: 0.3899
Epoch 9/150 | Train Loss: 0.0675 | Epoch Time: 0.90s | Spearman@80: 0.5984 | Kendall@80: 0.4336
Epoch 10/150 | Train Loss: 0.0701 | Epoch Time: 0.88s | Spearman@80: 0.6376 | Kendall@80: 0.4672
Epoch 11/150 | Train Loss: 0.0698 | Epoch Time: 0.87s | Spearman@80: 0.5595 | Kendall@80: 0.4120
Epoch 12/150 | Train Loss: 0.0621 | Epoch Time: 0.92s | Spearman@80: 0.4979 | Kendall@80: 0.3620
Epoch 13/150 | Train Loss: 0.0615 | Epoch Time: 0.90s | Spearman@80: 0.5979 | Kendall@80: 0.4406
Epoch 14/150 | Train Loss: 0.0651 | Epoch Time: 0.89s | Spearman@80: 0.5571 | Kendall@80: 0.3956
Epoch 15/150 | Train Loss: 0.0613 | Epoch Time: 0.89s | Spearman@80: 0.6240 | Kendall@80: 0.4583
Epoch 16/150 | Train Loss: 0.0587 | Epoch Time: 0.90s | Spearman@80: 0.6308 | Kendall@80: 0.4729
Epoch 17/150 | Train Loss: 0.0588 | Epoch Time: 0.91s | Spearman@80: 0.6885 | Kendall@80: 0.5147
Epoch 18/150 | Train Loss: 0.0622 | Epoch Time: 0.87s | Spearman@80: 0.5528 | Kendall@80: 0.4114
Epoch 19/150 | Train Loss: 0.0633 | Epoch Time: 0.87s | Spearman@80: 0.5971 | Kendall@80: 0.4475
Epoch 20/150 | Train Loss: 0.0556 | Epoch Time: 0.93s | Spearman@80: 0.5026 | Kendall@80: 0.3626
Epoch 21/150 | Train Loss: 0.0630 | Epoch Time: 0.90s | Spearman@80: 0.5813 | Kendall@80: 0.4311
Epoch 22/150 | Train Loss: 0.0567 | Epoch Time: 0.87s | Spearman@80: 0.5441 | Kendall@80: 0.4076
Epoch 23/150 | Train Loss: 0.0588 | Epoch Time: 0.94s | Spearman@80: 0.5663 | Kendall@80: 0.4228
Epoch 24/150 | Train Loss: 0.0520 | Epoch Time: 0.90s | Spearman@80: 0.5496 | Kendall@80: 0.4101
Epoch 25/150 | Train Loss: 0.0552 | Epoch Time: 0.88s | Spearman@80: 0.5804 | Kendall@80: 0.4203
Epoch 26/150 | Train Loss: 0.0522 | Epoch Time: 0.89s | Spearman@80: 0.5736 | Kendall@80: 0.4279
Epoch 27/150 | Train Loss: 0.0493 | Epoch Time: 0.90s | Spearman@80: 0.5824 | Kendall@80: 0.4292
Epoch 28/150 | Train Loss: 0.0542 | Epoch Time: 0.91s | Spearman@80: 0.6368 | Kendall@80: 0.4697
Epoch 29/150 | Train Loss: 0.0491 | Epoch Time: 0.95s | Spearman@80: 0.6582 | Kendall@80: 0.4849
Epoch 30/150 | Train Loss: 0.0506 | Epoch Time: 0.92s | Spearman@80: 0.5856 | Kendall@80: 0.4292
Epoch 31/150 | Train Loss: 0.0511 | Epoch Time: 0.94s | Spearman@80: 0.6451 | Kendall@80: 0.4735
Epoch 32/150 | Train Loss: 0.0528 | Epoch Time: 0.90s | Spearman@80: 0.6023 | Kendall@80: 0.4425
Epoch 33/150 | Train Loss: 0.0495 | Epoch Time: 0.89s | Spearman@80: 0.5963 | Kendall@80: 0.4342
Epoch 34/150 | Train Loss: 0.0458 | Epoch Time: 0.89s | Spearman@80: 0.6322 | Kendall@80: 0.4685
Epoch 35/150 | Train Loss: 0.0485 | Epoch Time: 0.86s | Spearman@80: 0.5785 | Kendall@80: 0.4216
Epoch 36/150 | Train Loss: 0.0503 | Epoch Time: 0.90s | Spearman@80: 0.5339 | Kendall@80: 0.3848
Epoch 37/150 | Train Loss: 0.0445 | Epoch Time: 0.90s | Spearman@80: 0.5963 | Kendall@80: 0.4355
Epoch 38/150 | Train Loss: 0.0474 | Epoch Time: 0.92s | Spearman@80: 0.5552 | Kendall@80: 0.4006
Epoch 39/150 | Train Loss: 0.0472 | Epoch Time: 0.89s | Spearman@80: 0.5755 | Kendall@80: 0.4266
Epoch 40/150 | Train Loss: 0.0503 | Epoch Time: 0.91s | Spearman@80: 0.5058 | Kendall@80: 0.3639
Epoch 41/150 | Train Loss: 0.0526 | Epoch Time: 0.86s | Spearman@80: 0.6587 | Kendall@80: 0.4900
Epoch 42/150 | Train Loss: 0.0445 | Epoch Time: 0.91s | Spearman@80: 0.5862 | Kendall@80: 0.4260
Epoch 43/150 | Train Loss: 0.0387 | Epoch Time: 0.92s | Spearman@80: 0.6316 | Kendall@80: 0.4552
Epoch 44/150 | Train Loss: 0.0387 | Epoch Time: 0.92s | Spearman@80: 0.5959 | Kendall@80: 0.4311
Epoch 45/150 | Train Loss: 0.0404 | Epoch Time: 0.94s | Spearman@80: 0.5546 | Kendall@80: 0.4019
Epoch 46/150 | Train Loss: 0.0390 | Epoch Time: 0.87s | Spearman@80: 0.5496 | Kendall@80: 0.3981
Epoch 47/150 | Train Loss: 0.0365 | Epoch Time: 0.88s | Spearman@80: 0.5968 | Kendall@80: 0.4368
Epoch 48/150 | Train Loss: 0.0459 | Epoch Time: 0.93s | Spearman@80: 0.5482 | Kendall@80: 0.4000
Epoch 49/150 | Train Loss: 0.0382 | Epoch Time: 0.84s | Spearman@80: 0.6058 | Kendall@80: 0.4450
Epoch 50/150 | Train Loss: 0.0386 | Epoch Time: 0.92s | Spearman@80: 0.4990 | Kendall@80: 0.3550
Epoch 51/150 | Train Loss: 0.0403 | Epoch Time: 0.90s | Spearman@80: 0.6550 | Kendall@80: 0.4824
Epoch 52/150 | Train Loss: 0.0374 | Epoch Time: 0.84s | Spearman@80: 0.5421 | Kendall@80: 0.4006
Epoch 53/150 | Train Loss: 0.0371 | Epoch Time: 0.88s | Spearman@80: 0.6346 | Kendall@80: 0.4659
Epoch 54/150 | Train Loss: 0.0402 | Epoch Time: 0.84s | Spearman@80: 0.5634 | Kendall@80: 0.4101
Epoch 55/150 | Train Loss: 0.0344 | Epoch Time: 0.85s | Spearman@80: 0.6282 | Kendall@80: 0.4507
Epoch 56/150 | Train Loss: 0.0352 | Epoch Time: 0.82s | Spearman@80: 0.5829 | Kendall@80: 0.4216
Epoch 57/150 | Train Loss: 0.0345 | Epoch Time: 0.83s | Spearman@80: 0.5627 | Kendall@80: 0.4057
Epoch 58/150 | Train Loss: 0.0393 | Epoch Time: 0.83s | Spearman@80: 0.6628 | Kendall@80: 0.4894
Epoch 59/150 | Train Loss: 0.0340 | Epoch Time: 0.82s | Spearman@80: 0.6534 | Kendall@80: 0.4704
Epoch 60/150 | Train Loss: 0.0421 | Epoch Time: 0.83s | Spearman@80: 0.5900 | Kendall@80: 0.4279
Epoch 61/150 | Train Loss: 0.0390 | Epoch Time: 0.91s | Spearman@80: 0.6758 | Kendall@80: 0.4868
Epoch 62/150 | Train Loss: 0.0363 | Epoch Time: 0.86s | Spearman@80: 0.6009 | Kendall@80: 0.4361
Epoch 63/150 | Train Loss: 0.0301 | Epoch Time: 0.86s | Spearman@80: 0.6482 | Kendall@80: 0.4742
Epoch 64/150 | Train Loss: 0.0336 | Epoch Time: 0.87s | Spearman@80: 0.6518 | Kendall@80: 0.4735
Epoch 65/150 | Train Loss: 0.0269 | Epoch Time: 0.86s | Spearman@80: 0.5364 | Kendall@80: 0.3759
Epoch 66/150 | Train Loss: 0.0407 | Epoch Time: 0.84s | Spearman@80: 0.6229 | Kendall@80: 0.4583
Epoch 67/150 | Train Loss: 0.0363 | Epoch Time: 0.86s | Spearman@80: 0.6155 | Kendall@80: 0.4482
Epoch 68/150 | Train Loss: 0.0294 | Epoch Time: 0.83s | Spearman@80: 0.6052 | Kendall@80: 0.4431
Epoch 69/150 | Train Loss: 0.0291 | Epoch Time: 0.84s | Spearman@80: 0.5834 | Kendall@80: 0.4349
Epoch 70/150 | Train Loss: 0.0309 | Epoch Time: 0.85s | Spearman@80: 0.6439 | Kendall@80: 0.4735
Epoch 71/150 | Train Loss: 0.0284 | Epoch Time: 0.82s | Spearman@80: 0.6384 | Kendall@80: 0.4685
Epoch 72/150 | Train Loss: 0.0305 | Epoch Time: 0.86s | Spearman@80: 0.6353 | Kendall@80: 0.4609
Epoch 73/150 | Train Loss: 0.0280 | Epoch Time: 0.83s | Spearman@80: 0.6325 | Kendall@80: 0.4659
Epoch 74/150 | Train Loss: 0.0345 | Epoch Time: 0.83s | Spearman@80: 0.6242 | Kendall@80: 0.4590
Epoch 75/150 | Train Loss: 0.0274 | Epoch Time: 0.85s | Spearman@80: 0.6151 | Kendall@80: 0.4431
Epoch 76/150 | Train Loss: 0.0263 | Epoch Time: 0.83s | Spearman@80: 0.6571 | Kendall@80: 0.4805
Epoch 77/150 | Train Loss: 0.0291 | Epoch Time: 0.85s | Spearman@80: 0.6328 | Kendall@80: 0.4590
Epoch 78/150 | Train Loss: 0.0296 | Epoch Time: 0.85s | Spearman@80: 0.6875 | Kendall@80: 0.5052
Epoch 79/150 | Train Loss: 0.0303 | Epoch Time: 0.88s | Spearman@80: 0.6609 | Kendall@80: 0.4792
Epoch 80/150 | Train Loss: 0.0264 | Epoch Time: 0.86s | Spearman@80: 0.6740 | Kendall@80: 0.4945
Epoch 81/150 | Train Loss: 0.0244 | Epoch Time: 0.83s | Spearman@80: 0.6632 | Kendall@80: 0.4799
Epoch 82/150 | Train Loss: 0.0303 | Epoch Time: 0.82s | Spearman@80: 0.6933 | Kendall@80: 0.5141
Epoch 83/150 | Train Loss: 0.0271 | Epoch Time: 0.83s | Spearman@80: 0.6617 | Kendall@80: 0.4799
Epoch 84/150 | Train Loss: 0.0295 | Epoch Time: 0.85s | Spearman@80: 0.6658 | Kendall@80: 0.4849
Epoch 85/150 | Train Loss: 0.0272 | Epoch Time: 0.87s | Spearman@80: 0.6755 | Kendall@80: 0.4957
Epoch 86/150 | Train Loss: 0.0230 | Epoch Time: 0.83s | Spearman@80: 0.6551 | Kendall@80: 0.4799
Epoch 87/150 | Train Loss: 0.0214 | Epoch Time: 0.86s | Spearman@80: 0.6915 | Kendall@80: 0.5052
Epoch 88/150 | Train Loss: 0.0213 | Epoch Time: 0.84s | Spearman@80: 0.6309 | Kendall@80: 0.4558
Epoch 89/150 | Train Loss: 0.0252 | Epoch Time: 0.87s | Spearman@80: 0.6514 | Kendall@80: 0.4773
Epoch 90/150 | Train Loss: 0.0298 | Epoch Time: 0.83s | Spearman@80: 0.6718 | Kendall@80: 0.4862
Epoch 91/150 | Train Loss: 0.0217 | Epoch Time: 0.84s | Spearman@80: 0.6581 | Kendall@80: 0.4723
Epoch 92/150 | Train Loss: 0.0207 | Epoch Time: 0.83s | Spearman@80: 0.6503 | Kendall@80: 0.4697
Epoch 93/150 | Train Loss: 0.0234 | Epoch Time: 0.85s | Spearman@80: 0.6616 | Kendall@80: 0.4754
Epoch 94/150 | Train Loss: 0.0275 | Epoch Time: 0.85s | Spearman@80: 0.6562 | Kendall@80: 0.4780
Epoch 95/150 | Train Loss: 0.0253 | Epoch Time: 0.83s | Spearman@80: 0.6331 | Kendall@80: 0.4564
Epoch 96/150 | Train Loss: 0.0290 | Epoch Time: 0.85s | Spearman@80: 0.6246 | Kendall@80: 0.4532
Epoch 97/150 | Train Loss: 0.0232 | Epoch Time: 0.86s | Spearman@80: 0.6403 | Kendall@80: 0.4647
Epoch 98/150 | Train Loss: 0.0264 | Epoch Time: 0.84s | Spearman@80: 0.6361 | Kendall@80: 0.4609
Epoch 99/150 | Train Loss: 0.0196 | Epoch Time: 0.86s | Spearman@80: 0.6552 | Kendall@80: 0.4767
Epoch 100/150 | Train Loss: 0.0226 | Epoch Time: 0.83s | Spearman@80: 0.6398 | Kendall@80: 0.4558
Epoch 101/150 | Train Loss: 0.0236 | Epoch Time: 0.82s | Spearman@80: 0.6319 | Kendall@80: 0.4526
Epoch 102/150 | Train Loss: 0.0185 | Epoch Time: 0.83s | Spearman@80: 0.6566 | Kendall@80: 0.4685
Epoch 103/150 | Train Loss: 0.0191 | Epoch Time: 0.85s | Spearman@80: 0.6173 | Kendall@80: 0.4361
Epoch 104/150 | Train Loss: 0.0212 | Epoch Time: 0.87s | Spearman@80: 0.6397 | Kendall@80: 0.4558
Epoch 105/150 | Train Loss: 0.0204 | Epoch Time: 0.83s | Spearman@80: 0.6408 | Kendall@80: 0.4621
Epoch 106/150 | Train Loss: 0.0220 | Epoch Time: 0.84s | Spearman@80: 0.6471 | Kendall@80: 0.4678
Epoch 107/150 | Train Loss: 0.0232 | Epoch Time: 0.85s | Spearman@80: 0.6711 | Kendall@80: 0.4862
Epoch 108/150 | Train Loss: 0.0248 | Epoch Time: 0.84s | Spearman@80: 0.6674 | Kendall@80: 0.4811
Epoch 109/150 | Train Loss: 0.0193 | Epoch Time: 0.82s | Spearman@80: 0.6819 | Kendall@80: 0.4989
Epoch 110/150 | Train Loss: 0.0201 | Epoch Time: 0.85s | Spearman@80: 0.6754 | Kendall@80: 0.4894
Epoch 111/150 | Train Loss: 0.0188 | Epoch Time: 0.83s | Spearman@80: 0.6605 | Kendall@80: 0.4748
Epoch 112/150 | Train Loss: 0.0197 | Epoch Time: 0.83s | Spearman@80: 0.7022 | Kendall@80: 0.5065
Epoch 113/150 | Train Loss: 0.0174 | Epoch Time: 0.84s | Spearman@80: 0.6644 | Kendall@80: 0.4786
Epoch 114/150 | Train Loss: 0.0205 | Epoch Time: 0.84s | Spearman@80: 0.6682 | Kendall@80: 0.4824
Epoch 115/150 | Train Loss: 0.0166 | Epoch Time: 0.83s | Spearman@80: 0.6459 | Kendall@80: 0.4628
Epoch 116/150 | Train Loss: 0.0129 | Epoch Time: 0.86s | Spearman@80: 0.6318 | Kendall@80: 0.4482
Epoch 117/150 | Train Loss: 0.0165 | Epoch Time: 0.84s | Spearman@80: 0.6565 | Kendall@80: 0.4735
Epoch 118/150 | Train Loss: 0.0162 | Epoch Time: 0.83s | Spearman@80: 0.6633 | Kendall@80: 0.4786
Epoch 119/150 | Train Loss: 0.0175 | Epoch Time: 0.83s | Spearman@80: 0.6546 | Kendall@80: 0.4678
Epoch 120/150 | Train Loss: 0.0156 | Epoch Time: 0.84s | Spearman@80: 0.6846 | Kendall@80: 0.4945
Epoch 121/150 | Train Loss: 0.0172 | Epoch Time: 0.82s | Spearman@80: 0.6632 | Kendall@80: 0.4780
Epoch 122/150 | Train Loss: 0.0202 | Epoch Time: 0.84s | Spearman@80: 0.6411 | Kendall@80: 0.4545
Epoch 123/150 | Train Loss: 0.0179 | Epoch Time: 0.86s | Spearman@80: 0.6491 | Kendall@80: 0.4621
Epoch 124/150 | Train Loss: 0.0122 | Epoch Time: 0.86s | Spearman@80: 0.6682 | Kendall@80: 0.4799
Epoch 125/150 | Train Loss: 0.0184 | Epoch Time: 0.88s | Spearman@80: 0.6627 | Kendall@80: 0.4761
Epoch 126/150 | Train Loss: 0.0149 | Epoch Time: 0.86s | Spearman@80: 0.6751 | Kendall@80: 0.4887
Epoch 127/150 | Train Loss: 0.0157 | Epoch Time: 0.82s | Spearman@80: 0.6705 | Kendall@80: 0.4830
Epoch 128/150 | Train Loss: 0.0119 | Epoch Time: 0.85s | Spearman@80: 0.6623 | Kendall@80: 0.4805
Epoch 129/150 | Train Loss: 0.0197 | Epoch Time: 0.85s | Spearman@80: 0.6703 | Kendall@80: 0.4919
Epoch 130/150 | Train Loss: 0.0190 | Epoch Time: 0.82s | Spearman@80: 0.6680 | Kendall@80: 0.4868
Epoch 131/150 | Train Loss: 0.0165 | Epoch Time: 0.87s | Spearman@80: 0.6522 | Kendall@80: 0.4685
Epoch 132/150 | Train Loss: 0.0175 | Epoch Time: 0.82s | Spearman@80: 0.6682 | Kendall@80: 0.4830
Epoch 133/150 | Train Loss: 0.0118 | Epoch Time: 0.85s | Spearman@80: 0.6598 | Kendall@80: 0.4780
Epoch 134/150 | Train Loss: 0.0177 | Epoch Time: 0.82s | Spearman@80: 0.6672 | Kendall@80: 0.4856
Epoch 135/150 | Train Loss: 0.0154 | Epoch Time: 0.83s | Spearman@80: 0.6619 | Kendall@80: 0.4754
Epoch 136/150 | Train Loss: 0.0165 | Epoch Time: 0.84s | Spearman@80: 0.6655 | Kendall@80: 0.4824
Epoch 137/150 | Train Loss: 0.0129 | Epoch Time: 0.82s | Spearman@80: 0.6507 | Kendall@80: 0.4685
Epoch 138/150 | Train Loss: 0.0133 | Epoch Time: 0.85s | Spearman@80: 0.6526 | Kendall@80: 0.4716
Epoch 139/150 | Train Loss: 0.0144 | Epoch Time: 0.83s | Spearman@80: 0.6639 | Kendall@80: 0.4792
Epoch 140/150 | Train Loss: 0.0103 | Epoch Time: 0.84s | Spearman@80: 0.6508 | Kendall@80: 0.4710
Epoch 141/150 | Train Loss: 0.0128 | Epoch Time: 0.91s | Spearman@80: 0.6610 | Kendall@80: 0.4786
Epoch 142/150 | Train Loss: 0.0164 | Epoch Time: 0.85s | Spearman@80: 0.6578 | Kendall@80: 0.4716
Epoch 143/150 | Train Loss: 0.0195 | Epoch Time: 0.83s | Spearman@80: 0.6570 | Kendall@80: 0.4729
Epoch 144/150 | Train Loss: 0.0158 | Epoch Time: 0.84s | Spearman@80: 0.6616 | Kendall@80: 0.4786
Epoch 145/150 | Train Loss: 0.0130 | Epoch Time: 0.84s | Spearman@80: 0.6638 | Kendall@80: 0.4805
Epoch 146/150 | Train Loss: 0.0174 | Epoch Time: 0.82s | Spearman@80: 0.6508 | Kendall@80: 0.4697
Epoch 147/150 | Train Loss: 0.0152 | Epoch Time: 1.74s | Spearman@4870: 0.6787 | Kendall@4870: 0.4922
Epoch 148/150 | Train Loss: 0.0179 | Epoch Time: 1.69s | Spearman@4870: 0.6735 | Kendall@4870: 0.4878
Epoch 149/150 | Train Loss: 0.0145 | Epoch Time: 1.70s | Spearman@4870: 0.6801 | Kendall@4870: 0.4934
Epoch 150/150 | Train Loss: 0.0158 | Epoch Time: 1.69s | Spearman@4870: 0.6744 | Kendall@4870: 0.4885
Sample Count: 128, Spearman: 0.6766877742645439, Kendall: 0.49048655952207265
{64: (0.5376756963278247, 0.375511156938769),
 128: (0.6766877742645439, 0.49048655952207265)}
Epoch 1/150 | Train Loss: 0.0963 | Epoch Time: 0.46s | Spearman@80: 0.6490 | Kendall@80: 0.4858
Epoch 2/150 | Train Loss: 0.0847 | Epoch Time: 0.45s | Spearman@80: 0.6219 | Kendall@80: 0.4554
Epoch 3/150 | Train Loss: 0.0613 | Epoch Time: 0.47s | Spearman@80: 0.5751 | Kendall@80: 0.4243
Epoch 4/150 | Train Loss: 0.0574 | Epoch Time: 0.45s | Spearman@80: 0.5923 | Kendall@80: 0.4357
Epoch 5/150 | Train Loss: 0.0565 | Epoch Time: 0.44s | Spearman@80: 0.5572 | Kendall@80: 0.4085
Epoch 6/150 | Train Loss: 0.0564 | Epoch Time: 0.45s | Spearman@80: 0.6156 | Kendall@80: 0.4541
Epoch 7/150 | Train Loss: 0.0526 | Epoch Time: 0.42s | Spearman@80: 0.5846 | Kendall@80: 0.4351
Epoch 8/150 | Train Loss: 0.0482 | Epoch Time: 0.42s | Spearman@80: 0.5167 | Kendall@80: 0.3806
Epoch 9/150 | Train Loss: 0.0513 | Epoch Time: 0.45s | Spearman@80: 0.4998 | Kendall@80: 0.3534
Epoch 10/150 | Train Loss: 0.0443 | Epoch Time: 0.44s | Spearman@80: 0.4708 | Kendall@80: 0.3274
Epoch 11/150 | Train Loss: 0.0527 | Epoch Time: 0.44s | Spearman@80: 0.4379 | Kendall@80: 0.3077
Epoch 12/150 | Train Loss: 0.0455 | Epoch Time: 0.44s | Spearman@80: 0.4209 | Kendall@80: 0.2969
Epoch 13/150 | Train Loss: 0.0462 | Epoch Time: 0.44s | Spearman@80: 0.5418 | Kendall@80: 0.3977
Epoch 14/150 | Train Loss: 0.0520 | Epoch Time: 0.47s | Spearman@80: 0.5356 | Kendall@80: 0.3901
Epoch 15/150 | Train Loss: 0.0400 | Epoch Time: 0.45s | Spearman@80: 0.4779 | Kendall@80: 0.3413
Epoch 16/150 | Train Loss: 0.0424 | Epoch Time: 0.42s | Spearman@80: 0.4791 | Kendall@80: 0.3407
Epoch 17/150 | Train Loss: 0.0518 | Epoch Time: 0.42s | Spearman@80: 0.5216 | Kendall@80: 0.3793
Epoch 18/150 | Train Loss: 0.0399 | Epoch Time: 0.42s | Spearman@80: 0.4745 | Kendall@80: 0.3483
Epoch 19/150 | Train Loss: 0.0381 | Epoch Time: 0.42s | Spearman@80: 0.4906 | Kendall@80: 0.3502
Epoch 20/150 | Train Loss: 0.0437 | Epoch Time: 0.43s | Spearman@80: 0.4380 | Kendall@80: 0.3172
Epoch 21/150 | Train Loss: 0.0383 | Epoch Time: 0.42s | Spearman@80: 0.4460 | Kendall@80: 0.3210
Epoch 22/150 | Train Loss: 0.0316 | Epoch Time: 0.44s | Spearman@80: 0.4481 | Kendall@80: 0.3248
Epoch 23/150 | Train Loss: 0.0464 | Epoch Time: 0.42s | Spearman@80: 0.4013 | Kendall@80: 0.2836
Epoch 24/150 | Train Loss: 0.0474 | Epoch Time: 0.42s | Spearman@80: 0.4576 | Kendall@80: 0.3255
Epoch 25/150 | Train Loss: 0.0469 | Epoch Time: 0.45s | Spearman@80: 0.4673 | Kendall@80: 0.3305
Epoch 26/150 | Train Loss: 0.0363 | Epoch Time: 0.44s | Spearman@80: 0.4085 | Kendall@80: 0.2912
Epoch 27/150 | Train Loss: 0.0387 | Epoch Time: 0.43s | Spearman@80: 0.4679 | Kendall@80: 0.3299
Epoch 28/150 | Train Loss: 0.0474 | Epoch Time: 0.43s | Spearman@80: 0.5093 | Kendall@80: 0.3648
Epoch 29/150 | Train Loss: 0.0366 | Epoch Time: 0.42s | Spearman@80: 0.4744 | Kendall@80: 0.3457
Epoch 30/150 | Train Loss: 0.0378 | Epoch Time: 0.43s | Spearman@80: 0.4075 | Kendall@80: 0.2900
Epoch 31/150 | Train Loss: 0.0337 | Epoch Time: 0.42s | Spearman@80: 0.3331 | Kendall@80: 0.2355
Epoch 32/150 | Train Loss: 0.0362 | Epoch Time: 0.43s | Spearman@80: 0.4164 | Kendall@80: 0.2976
Epoch 33/150 | Train Loss: 0.0387 | Epoch Time: 0.42s | Spearman@80: 0.4105 | Kendall@80: 0.2868
Epoch 34/150 | Train Loss: 0.0455 | Epoch Time: 0.44s | Spearman@80: 0.3917 | Kendall@80: 0.2672
Epoch 35/150 | Train Loss: 0.0370 | Epoch Time: 0.42s | Spearman@80: 0.4150 | Kendall@80: 0.2976
Epoch 36/150 | Train Loss: 0.0352 | Epoch Time: 0.44s | Spearman@80: 0.3942 | Kendall@80: 0.2830
Epoch 37/150 | Train Loss: 0.0386 | Epoch Time: 0.43s | Spearman@80: 0.3082 | Kendall@80: 0.2101
Epoch 38/150 | Train Loss: 0.0347 | Epoch Time: 0.43s | Spearman@80: 0.4231 | Kendall@80: 0.2957
Epoch 39/150 | Train Loss: 0.0325 | Epoch Time: 0.47s | Spearman@80: 0.4490 | Kendall@80: 0.3198
Epoch 40/150 | Train Loss: 0.0399 | Epoch Time: 0.44s | Spearman@80: 0.4750 | Kendall@80: 0.3324
Epoch 41/150 | Train Loss: 0.0456 | Epoch Time: 0.45s | Spearman@80: 0.4659 | Kendall@80: 0.3293
Epoch 42/150 | Train Loss: 0.0408 | Epoch Time: 0.44s | Spearman@80: 0.3908 | Kendall@80: 0.2824
Epoch 43/150 | Train Loss: 0.0327 | Epoch Time: 0.43s | Spearman@80: 0.3913 | Kendall@80: 0.2767
Epoch 44/150 | Train Loss: 0.0386 | Epoch Time: 0.42s | Spearman@80: 0.4125 | Kendall@80: 0.2887
Epoch 45/150 | Train Loss: 0.0390 | Epoch Time: 0.42s | Spearman@80: 0.3993 | Kendall@80: 0.2798
Epoch 46/150 | Train Loss: 0.0294 | Epoch Time: 0.42s | Spearman@80: 0.3470 | Kendall@80: 0.2443
Epoch 47/150 | Train Loss: 0.0338 | Epoch Time: 0.41s | Spearman@80: 0.3582 | Kendall@80: 0.2494
Epoch 48/150 | Train Loss: 0.0467 | Epoch Time: 0.44s | Spearman@80: 0.3329 | Kendall@80: 0.2247
Epoch 49/150 | Train Loss: 0.0397 | Epoch Time: 0.44s | Spearman@80: 0.4100 | Kendall@80: 0.2830
Epoch 50/150 | Train Loss: 0.0457 | Epoch Time: 0.44s | Spearman@80: 0.4092 | Kendall@80: 0.2893
Epoch 51/150 | Train Loss: 0.0345 | Epoch Time: 0.44s | Spearman@80: 0.4384 | Kendall@80: 0.3090
Epoch 52/150 | Train Loss: 0.0322 | Epoch Time: 0.42s | Spearman@80: 0.3991 | Kendall@80: 0.2817
Epoch 53/150 | Train Loss: 0.0337 | Epoch Time: 0.43s | Spearman@80: 0.4284 | Kendall@80: 0.3001
Epoch 54/150 | Train Loss: 0.0290 | Epoch Time: 0.45s | Spearman@80: 0.3952 | Kendall@80: 0.2767
Epoch 55/150 | Train Loss: 0.0391 | Epoch Time: 0.43s | Spearman@80: 0.4344 | Kendall@80: 0.3077
Epoch 56/150 | Train Loss: 0.0271 | Epoch Time: 0.42s | Spearman@80: 0.3616 | Kendall@80: 0.2488
Epoch 57/150 | Train Loss: 0.0286 | Epoch Time: 0.45s | Spearman@80: 0.3909 | Kendall@80: 0.2760
Epoch 58/150 | Train Loss: 0.0375 | Epoch Time: 0.42s | Spearman@80: 0.3896 | Kendall@80: 0.2722
Epoch 59/150 | Train Loss: 0.0296 | Epoch Time: 0.42s | Spearman@80: 0.4604 | Kendall@80: 0.3331
Epoch 60/150 | Train Loss: 0.0310 | Epoch Time: 0.42s | Spearman@80: 0.3703 | Kendall@80: 0.2576
Epoch 61/150 | Train Loss: 0.0320 | Epoch Time: 0.45s | Spearman@80: 0.2973 | Kendall@80: 0.2044
Epoch 62/150 | Train Loss: 0.0326 | Epoch Time: 0.43s | Spearman@80: 0.4074 | Kendall@80: 0.2874
Epoch 63/150 | Train Loss: 0.0376 | Epoch Time: 0.44s | Spearman@80: 0.3750 | Kendall@80: 0.2646
Epoch 64/150 | Train Loss: 0.0370 | Epoch Time: 0.42s | Spearman@80: 0.3996 | Kendall@80: 0.2817
Epoch 65/150 | Train Loss: 0.0299 | Epoch Time: 0.43s | Spearman@80: 0.3862 | Kendall@80: 0.2703
Epoch 66/150 | Train Loss: 0.0304 | Epoch Time: 0.44s | Spearman@80: 0.4151 | Kendall@80: 0.2919
Epoch 67/150 | Train Loss: 0.0254 | Epoch Time: 0.43s | Spearman@80: 0.3732 | Kendall@80: 0.2621
Epoch 68/150 | Train Loss: 0.0351 | Epoch Time: 0.43s | Spearman@80: 0.3750 | Kendall@80: 0.2614
Epoch 69/150 | Train Loss: 0.0226 | Epoch Time: 0.44s | Spearman@80: 0.3790 | Kendall@80: 0.2659
Epoch 70/150 | Train Loss: 0.0355 | Epoch Time: 0.44s | Spearman@80: 0.4195 | Kendall@80: 0.2931
Epoch 71/150 | Train Loss: 0.0267 | Epoch Time: 0.41s | Spearman@80: 0.4322 | Kendall@80: 0.3077
Epoch 72/150 | Train Loss: 0.0321 | Epoch Time: 0.44s | Spearman@80: 0.3995 | Kendall@80: 0.2843
Epoch 73/150 | Train Loss: 0.0215 | Epoch Time: 0.43s | Spearman@80: 0.3574 | Kendall@80: 0.2462
Epoch 74/150 | Train Loss: 0.0308 | Epoch Time: 0.44s | Spearman@80: 0.3729 | Kendall@80: 0.2602
Epoch 75/150 | Train Loss: 0.0276 | Epoch Time: 0.43s | Spearman@80: 0.3427 | Kendall@80: 0.2336
Epoch 76/150 | Train Loss: 0.0299 | Epoch Time: 0.42s | Spearman@80: 0.3547 | Kendall@80: 0.2513
Epoch 77/150 | Train Loss: 0.0237 | Epoch Time: 0.43s | Spearman@80: 0.4279 | Kendall@80: 0.3039
Epoch 78/150 | Train Loss: 0.0280 | Epoch Time: 0.42s | Spearman@80: 0.4168 | Kendall@80: 0.2931
Epoch 79/150 | Train Loss: 0.0259 | Epoch Time: 0.42s | Spearman@80: 0.3829 | Kendall@80: 0.2697
Epoch 80/150 | Train Loss: 0.0249 | Epoch Time: 0.43s | Spearman@80: 0.3694 | Kendall@80: 0.2532
Epoch 81/150 | Train Loss: 0.0231 | Epoch Time: 0.42s | Spearman@80: 0.4227 | Kendall@80: 0.3033
Epoch 82/150 | Train Loss: 0.0275 | Epoch Time: 0.43s | Spearman@80: 0.3627 | Kendall@80: 0.2564
Epoch 83/150 | Train Loss: 0.0233 | Epoch Time: 0.44s | Spearman@80: 0.3483 | Kendall@80: 0.2405
Epoch 84/150 | Train Loss: 0.0240 | Epoch Time: 0.43s | Spearman@80: 0.3333 | Kendall@80: 0.2291
Epoch 85/150 | Train Loss: 0.0317 | Epoch Time: 0.42s | Spearman@80: 0.3642 | Kendall@80: 0.2494
Epoch 86/150 | Train Loss: 0.0227 | Epoch Time: 0.42s | Spearman@80: 0.4235 | Kendall@80: 0.2957
Epoch 87/150 | Train Loss: 0.0261 | Epoch Time: 0.44s | Spearman@80: 0.4474 | Kendall@80: 0.3185
Epoch 88/150 | Train Loss: 0.0189 | Epoch Time: 0.44s | Spearman@80: 0.4373 | Kendall@80: 0.3071
Epoch 89/150 | Train Loss: 0.0186 | Epoch Time: 0.43s | Spearman@80: 0.4235 | Kendall@80: 0.3007
Epoch 90/150 | Train Loss: 0.0245 | Epoch Time: 0.44s | Spearman@80: 0.4039 | Kendall@80: 0.2843
Epoch 91/150 | Train Loss: 0.0214 | Epoch Time: 0.44s | Spearman@80: 0.3930 | Kendall@80: 0.2729
Epoch 92/150 | Train Loss: 0.0240 | Epoch Time: 0.47s | Spearman@80: 0.3958 | Kendall@80: 0.2767
Epoch 93/150 | Train Loss: 0.0246 | Epoch Time: 0.43s | Spearman@80: 0.4131 | Kendall@80: 0.2912
Epoch 94/150 | Train Loss: 0.0194 | Epoch Time: 0.44s | Spearman@80: 0.4045 | Kendall@80: 0.2849
Epoch 95/150 | Train Loss: 0.0161 | Epoch Time: 0.44s | Spearman@80: 0.4438 | Kendall@80: 0.3172
Epoch 96/150 | Train Loss: 0.0264 | Epoch Time: 0.42s | Spearman@80: 0.4437 | Kendall@80: 0.3185
Epoch 97/150 | Train Loss: 0.0256 | Epoch Time: 0.42s | Spearman@80: 0.4169 | Kendall@80: 0.2957
Epoch 98/150 | Train Loss: 0.0233 | Epoch Time: 0.44s | Spearman@80: 0.4046 | Kendall@80: 0.2862
Epoch 99/150 | Train Loss: 0.0241 | Epoch Time: 0.42s | Spearman@80: 0.4162 | Kendall@80: 0.2938
Epoch 100/150 | Train Loss: 0.0172 | Epoch Time: 0.43s | Spearman@80: 0.4631 | Kendall@80: 0.3337
Epoch 101/150 | Train Loss: 0.0239 | Epoch Time: 0.42s | Spearman@80: 0.4323 | Kendall@80: 0.3064
Epoch 102/150 | Train Loss: 0.0204 | Epoch Time: 0.44s | Spearman@80: 0.4124 | Kendall@80: 0.2881
Epoch 103/150 | Train Loss: 0.0175 | Epoch Time: 0.43s | Spearman@80: 0.4103 | Kendall@80: 0.2862
Epoch 104/150 | Train Loss: 0.0244 | Epoch Time: 0.45s | Spearman@80: 0.4101 | Kendall@80: 0.2881
Epoch 105/150 | Train Loss: 0.0214 | Epoch Time: 0.44s | Spearman@80: 0.3842 | Kendall@80: 0.2703
Epoch 106/150 | Train Loss: 0.0199 | Epoch Time: 0.43s | Spearman@80: 0.3671 | Kendall@80: 0.2576
Epoch 107/150 | Train Loss: 0.0245 | Epoch Time: 0.43s | Spearman@80: 0.3583 | Kendall@80: 0.2507
Epoch 108/150 | Train Loss: 0.0192 | Epoch Time: 0.43s | Spearman@80: 0.3857 | Kendall@80: 0.2697
Epoch 109/150 | Train Loss: 0.0212 | Epoch Time: 0.44s | Spearman@80: 0.4094 | Kendall@80: 0.2906
Epoch 110/150 | Train Loss: 0.0203 | Epoch Time: 0.43s | Spearman@80: 0.4310 | Kendall@80: 0.3115
Epoch 111/150 | Train Loss: 0.0173 | Epoch Time: 0.42s | Spearman@80: 0.4273 | Kendall@80: 0.3077
Epoch 112/150 | Train Loss: 0.0182 | Epoch Time: 0.42s | Spearman@80: 0.3948 | Kendall@80: 0.2811
Epoch 113/150 | Train Loss: 0.0228 | Epoch Time: 0.43s | Spearman@80: 0.3802 | Kendall@80: 0.2678
Epoch 114/150 | Train Loss: 0.0111 | Epoch Time: 0.43s | Spearman@80: 0.4071 | Kendall@80: 0.2893
Epoch 115/150 | Train Loss: 0.0204 | Epoch Time: 0.42s | Spearman@80: 0.4159 | Kendall@80: 0.2982
Epoch 116/150 | Train Loss: 0.0173 | Epoch Time: 0.42s | Spearman@80: 0.4141 | Kendall@80: 0.2950
Epoch 117/150 | Train Loss: 0.0175 | Epoch Time: 0.43s | Spearman@80: 0.3782 | Kendall@80: 0.2659
Epoch 118/150 | Train Loss: 0.0181 | Epoch Time: 0.42s | Spearman@80: 0.3829 | Kendall@80: 0.2716
Epoch 119/150 | Train Loss: 0.0135 | Epoch Time: 0.44s | Spearman@80: 0.3978 | Kendall@80: 0.2805
Epoch 120/150 | Train Loss: 0.0174 | Epoch Time: 0.42s | Spearman@80: 0.3956 | Kendall@80: 0.2817
Epoch 121/150 | Train Loss: 0.0155 | Epoch Time: 0.42s | Spearman@80: 0.4136 | Kendall@80: 0.2957
Epoch 122/150 | Train Loss: 0.0203 | Epoch Time: 0.45s | Spearman@80: 0.4211 | Kendall@80: 0.3007
Epoch 123/150 | Train Loss: 0.0193 | Epoch Time: 0.44s | Spearman@80: 0.4178 | Kendall@80: 0.3007
Epoch 124/150 | Train Loss: 0.0157 | Epoch Time: 0.44s | Spearman@80: 0.4341 | Kendall@80: 0.3141
Epoch 125/150 | Train Loss: 0.0194 | Epoch Time: 0.46s | Spearman@80: 0.4223 | Kendall@80: 0.3026
Epoch 126/150 | Train Loss: 0.0194 | Epoch Time: 0.42s | Spearman@80: 0.4138 | Kendall@80: 0.2969
Epoch 127/150 | Train Loss: 0.0141 | Epoch Time: 0.44s | Spearman@80: 0.4004 | Kendall@80: 0.2830
Epoch 128/150 | Train Loss: 0.0170 | Epoch Time: 0.42s | Spearman@80: 0.4094 | Kendall@80: 0.2906
Epoch 129/150 | Train Loss: 0.0134 | Epoch Time: 0.42s | Spearman@80: 0.4028 | Kendall@80: 0.2868
Epoch 130/150 | Train Loss: 0.0170 | Epoch Time: 0.45s | Spearman@80: 0.3974 | Kendall@80: 0.2811
Epoch 131/150 | Train Loss: 0.0240 | Epoch Time: 0.42s | Spearman@80: 0.3981 | Kendall@80: 0.2811
Epoch 132/150 | Train Loss: 0.0162 | Epoch Time: 0.42s | Spearman@80: 0.3993 | Kendall@80: 0.2868
Epoch 133/150 | Train Loss: 0.0261 | Epoch Time: 0.43s | Spearman@80: 0.4047 | Kendall@80: 0.2881
Epoch 134/150 | Train Loss: 0.0172 | Epoch Time: 0.43s | Spearman@80: 0.3903 | Kendall@80: 0.2760
Epoch 135/150 | Train Loss: 0.0218 | Epoch Time: 0.43s | Spearman@80: 0.3970 | Kendall@80: 0.2830
Epoch 136/150 | Train Loss: 0.0141 | Epoch Time: 0.43s | Spearman@80: 0.3903 | Kendall@80: 0.2767
Epoch 137/150 | Train Loss: 0.0189 | Epoch Time: 0.43s | Spearman@80: 0.3979 | Kendall@80: 0.2824
Epoch 138/150 | Train Loss: 0.0156 | Epoch Time: 0.44s | Spearman@80: 0.4093 | Kendall@80: 0.2900
Epoch 139/150 | Train Loss: 0.0121 | Epoch Time: 0.42s | Spearman@80: 0.4059 | Kendall@80: 0.2887
Epoch 140/150 | Train Loss: 0.0160 | Epoch Time: 0.42s | Spearman@80: 0.4016 | Kendall@80: 0.2862
Epoch 141/150 | Train Loss: 0.0140 | Epoch Time: 0.43s | Spearman@80: 0.4023 | Kendall@80: 0.2836
Epoch 142/150 | Train Loss: 0.0197 | Epoch Time: 0.42s | Spearman@80: 0.4022 | Kendall@80: 0.2843
Epoch 143/150 | Train Loss: 0.0204 | Epoch Time: 0.43s | Spearman@80: 0.3982 | Kendall@80: 0.2830
Epoch 144/150 | Train Loss: 0.0140 | Epoch Time: 0.43s | Spearman@80: 0.4003 | Kendall@80: 0.2830
Epoch 145/150 | Train Loss: 0.0177 | Epoch Time: 0.42s | Spearman@80: 0.4086 | Kendall@80: 0.2868
Epoch 146/150 | Train Loss: 0.0150 | Epoch Time: 0.43s | Spearman@80: 0.3949 | Kendall@80: 0.2792
Epoch 147/150 | Train Loss: 0.0181 | Epoch Time: 1.28s | Spearman@4934: 0.5269 | Kendall@4934: 0.3677
Epoch 148/150 | Train Loss: 0.0152 | Epoch Time: 1.30s | Spearman@4934: 0.5276 | Kendall@4934: 0.3682
Epoch 149/150 | Train Loss: 0.0127 | Epoch Time: 1.29s | Spearman@4934: 0.5233 | Kendall@4934: 0.3649
Epoch 150/150 | Train Loss: 0.0130 | Epoch Time: 1.32s | Spearman@4934: 0.5272 | Kendall@4934: 0.3679
Sample Count: 64, Spearman: 0.5262564054866994, Kendall: 0.3671652755387514
{64: (0.5262564054866994, 0.3671652755387514),
 128: (0.6766877742645439, 0.49048655952207265)}
Epoch 1/150 | Train Loss: 0.0978 | Epoch Time: 0.86s | Spearman@80: 0.4220 | Kendall@80: 0.2765
Epoch 2/150 | Train Loss: 0.0835 | Epoch Time: 0.87s | Spearman@80: 0.5289 | Kendall@80: 0.3557
Epoch 3/150 | Train Loss: 0.0730 | Epoch Time: 0.84s | Spearman@80: 0.5681 | Kendall@80: 0.3989
Epoch 4/150 | Train Loss: 0.0664 | Epoch Time: 0.82s | Spearman@80: 0.6174 | Kendall@80: 0.4388
Epoch 5/150 | Train Loss: 0.0668 | Epoch Time: 0.83s | Spearman@80: 0.6447 | Kendall@80: 0.4559
Epoch 6/150 | Train Loss: 0.0646 | Epoch Time: 0.84s | Spearman@80: 0.6701 | Kendall@80: 0.4807
Epoch 7/150 | Train Loss: 0.0593 | Epoch Time: 0.85s | Spearman@80: 0.6474 | Kendall@80: 0.4654
Epoch 8/150 | Train Loss: 0.0571 | Epoch Time: 0.84s | Spearman@80: 0.6817 | Kendall@80: 0.4997
Epoch 9/150 | Train Loss: 0.0541 | Epoch Time: 0.84s | Spearman@80: 0.6701 | Kendall@80: 0.4826
Epoch 10/150 | Train Loss: 0.0562 | Epoch Time: 0.86s | Spearman@80: 0.7056 | Kendall@80: 0.5168
Epoch 11/150 | Train Loss: 0.0528 | Epoch Time: 0.87s | Spearman@80: 0.7179 | Kendall@80: 0.5333
Epoch 12/150 | Train Loss: 0.0520 | Epoch Time: 0.86s | Spearman@80: 0.7136 | Kendall@80: 0.5270
Epoch 13/150 | Train Loss: 0.0521 | Epoch Time: 0.86s | Spearman@80: 0.7222 | Kendall@80: 0.5250
Epoch 14/150 | Train Loss: 0.0476 | Epoch Time: 0.82s | Spearman@80: 0.6823 | Kendall@80: 0.5003
Epoch 15/150 | Train Loss: 0.0595 | Epoch Time: 0.84s | Spearman@80: 0.7159 | Kendall@80: 0.5212
Epoch 16/150 | Train Loss: 0.0487 | Epoch Time: 0.84s | Spearman@80: 0.7187 | Kendall@80: 0.5257
Epoch 17/150 | Train Loss: 0.0536 | Epoch Time: 0.84s | Spearman@80: 0.7239 | Kendall@80: 0.5333
Epoch 18/150 | Train Loss: 0.0454 | Epoch Time: 0.86s | Spearman@80: 0.7216 | Kendall@80: 0.5295
Epoch 19/150 | Train Loss: 0.0445 | Epoch Time: 0.83s | Spearman@80: 0.7344 | Kendall@80: 0.5377
Epoch 20/150 | Train Loss: 0.0601 | Epoch Time: 0.86s | Spearman@80: 0.7116 | Kendall@80: 0.5219
Epoch 21/150 | Train Loss: 0.0508 | Epoch Time: 0.82s | Spearman@80: 0.7241 | Kendall@80: 0.5390
Epoch 22/150 | Train Loss: 0.0483 | Epoch Time: 0.82s | Spearman@80: 0.7246 | Kendall@80: 0.5498
Epoch 23/150 | Train Loss: 0.0521 | Epoch Time: 0.87s | Spearman@80: 0.7215 | Kendall@80: 0.5346
Epoch 24/150 | Train Loss: 0.0518 | Epoch Time: 0.82s | Spearman@80: 0.7133 | Kendall@80: 0.5250
Epoch 25/150 | Train Loss: 0.0480 | Epoch Time: 0.83s | Spearman@80: 0.7287 | Kendall@80: 0.5333
Epoch 26/150 | Train Loss: 0.0502 | Epoch Time: 0.84s | Spearman@80: 0.7393 | Kendall@80: 0.5479
Epoch 27/150 | Train Loss: 0.0554 | Epoch Time: 0.83s | Spearman@80: 0.7120 | Kendall@80: 0.5257
Epoch 28/150 | Train Loss: 0.0522 | Epoch Time: 0.83s | Spearman@80: 0.7376 | Kendall@80: 0.5434
Epoch 29/150 | Train Loss: 0.0435 | Epoch Time: 0.85s | Spearman@80: 0.7431 | Kendall@80: 0.5549
Epoch 30/150 | Train Loss: 0.0510 | Epoch Time: 0.86s | Spearman@80: 0.7316 | Kendall@80: 0.5491
Epoch 31/150 | Train Loss: 0.0442 | Epoch Time: 0.82s | Spearman@80: 0.7347 | Kendall@80: 0.5529
Epoch 32/150 | Train Loss: 0.0470 | Epoch Time: 0.87s | Spearman@80: 0.7378 | Kendall@80: 0.5498
Epoch 33/150 | Train Loss: 0.0423 | Epoch Time: 0.91s | Spearman@80: 0.7021 | Kendall@80: 0.5250
Epoch 34/150 | Train Loss: 0.0365 | Epoch Time: 0.91s | Spearman@80: 0.7267 | Kendall@80: 0.5510
Epoch 35/150 | Train Loss: 0.0409 | Epoch Time: 0.82s | Spearman@80: 0.7388 | Kendall@80: 0.5504
Epoch 36/150 | Train Loss: 0.0466 | Epoch Time: 0.88s | Spearman@80: 0.7239 | Kendall@80: 0.5327
Epoch 37/150 | Train Loss: 0.0450 | Epoch Time: 0.89s | Spearman@80: 0.7330 | Kendall@80: 0.5434
Epoch 38/150 | Train Loss: 0.0419 | Epoch Time: 0.83s | Spearman@80: 0.7235 | Kendall@80: 0.5365
Epoch 39/150 | Train Loss: 0.0471 | Epoch Time: 0.82s | Spearman@80: 0.7157 | Kendall@80: 0.5282
Epoch 40/150 | Train Loss: 0.0410 | Epoch Time: 0.84s | Spearman@80: 0.7145 | Kendall@80: 0.5238
Epoch 41/150 | Train Loss: 0.0370 | Epoch Time: 0.85s | Spearman@80: 0.7058 | Kendall@80: 0.5225
Epoch 42/150 | Train Loss: 0.0417 | Epoch Time: 0.84s | Spearman@80: 0.7157 | Kendall@80: 0.5314
Epoch 43/150 | Train Loss: 0.0392 | Epoch Time: 0.83s | Spearman@80: 0.6951 | Kendall@80: 0.5155
Epoch 44/150 | Train Loss: 0.0386 | Epoch Time: 0.82s | Spearman@80: 0.7193 | Kendall@80: 0.5327
Epoch 45/150 | Train Loss: 0.0421 | Epoch Time: 0.83s | Spearman@80: 0.6853 | Kendall@80: 0.5003
Epoch 46/150 | Train Loss: 0.0440 | Epoch Time: 0.84s | Spearman@80: 0.6933 | Kendall@80: 0.5092
Epoch 47/150 | Train Loss: 0.0461 | Epoch Time: 0.83s | Spearman@80: 0.7074 | Kendall@80: 0.5212
Epoch 48/150 | Train Loss: 0.0456 | Epoch Time: 0.87s | Spearman@80: 0.6859 | Kendall@80: 0.5086
Epoch 49/150 | Train Loss: 0.0320 | Epoch Time: 0.85s | Spearman@80: 0.7102 | Kendall@80: 0.5282
Epoch 50/150 | Train Loss: 0.0414 | Epoch Time: 0.86s | Spearman@80: 0.7145 | Kendall@80: 0.5289
Epoch 51/150 | Train Loss: 0.0450 | Epoch Time: 0.86s | Spearman@80: 0.6815 | Kendall@80: 0.4832
Epoch 52/150 | Train Loss: 0.0390 | Epoch Time: 0.85s | Spearman@80: 0.6953 | Kendall@80: 0.5117
Epoch 53/150 | Train Loss: 0.0380 | Epoch Time: 0.84s | Spearman@80: 0.6875 | Kendall@80: 0.5041
Epoch 54/150 | Train Loss: 0.0389 | Epoch Time: 0.83s | Spearman@80: 0.6988 | Kendall@80: 0.5098
Epoch 55/150 | Train Loss: 0.0395 | Epoch Time: 0.84s | Spearman@80: 0.7261 | Kendall@80: 0.5409
Epoch 56/150 | Train Loss: 0.0404 | Epoch Time: 0.85s | Spearman@80: 0.6676 | Kendall@80: 0.4978
Epoch 57/150 | Train Loss: 0.0389 | Epoch Time: 0.85s | Spearman@80: 0.6895 | Kendall@80: 0.5155
Epoch 58/150 | Train Loss: 0.0327 | Epoch Time: 0.83s | Spearman@80: 0.6600 | Kendall@80: 0.4826
Epoch 59/150 | Train Loss: 0.0369 | Epoch Time: 0.86s | Spearman@80: 0.6587 | Kendall@80: 0.4775
Epoch 60/150 | Train Loss: 0.0352 | Epoch Time: 0.86s | Spearman@80: 0.6131 | Kendall@80: 0.4528
Epoch 61/150 | Train Loss: 0.0370 | Epoch Time: 0.82s | Spearman@80: 0.7325 | Kendall@80: 0.5466
Epoch 62/150 | Train Loss: 0.0442 | Epoch Time: 0.85s | Spearman@80: 0.7350 | Kendall@80: 0.5390
Epoch 63/150 | Train Loss: 0.0363 | Epoch Time: 0.86s | Spearman@80: 0.6857 | Kendall@80: 0.5022
Epoch 64/150 | Train Loss: 0.0382 | Epoch Time: 0.83s | Spearman@80: 0.7270 | Kendall@80: 0.5409
Epoch 65/150 | Train Loss: 0.0432 | Epoch Time: 0.83s | Spearman@80: 0.6640 | Kendall@80: 0.4826
Epoch 66/150 | Train Loss: 0.0403 | Epoch Time: 0.82s | Spearman@80: 0.6806 | Kendall@80: 0.4971
Epoch 67/150 | Train Loss: 0.0373 | Epoch Time: 0.85s | Spearman@80: 0.7019 | Kendall@80: 0.5105
Epoch 68/150 | Train Loss: 0.0381 | Epoch Time: 0.86s | Spearman@80: 0.6551 | Kendall@80: 0.4775
Epoch 69/150 | Train Loss: 0.0286 | Epoch Time: 0.84s | Spearman@80: 0.6714 | Kendall@80: 0.4845
Epoch 70/150 | Train Loss: 0.0379 | Epoch Time: 0.85s | Spearman@80: 0.7039 | Kendall@80: 0.5174
Epoch 71/150 | Train Loss: 0.0417 | Epoch Time: 0.85s | Spearman@80: 0.6507 | Kendall@80: 0.4794
Epoch 72/150 | Train Loss: 0.0366 | Epoch Time: 0.86s | Spearman@80: 0.7218 | Kendall@80: 0.5327
Epoch 73/150 | Train Loss: 0.0309 | Epoch Time: 0.83s | Spearman@80: 0.6341 | Kendall@80: 0.4610
Epoch 74/150 | Train Loss: 0.0343 | Epoch Time: 0.82s | Spearman@80: 0.7015 | Kendall@80: 0.5155
Epoch 75/150 | Train Loss: 0.0318 | Epoch Time: 0.85s | Spearman@80: 0.7094 | Kendall@80: 0.5282
Epoch 76/150 | Train Loss: 0.0327 | Epoch Time: 0.86s | Spearman@80: 0.6866 | Kendall@80: 0.5086
Epoch 77/150 | Train Loss: 0.0332 | Epoch Time: 0.84s | Spearman@80: 0.6609 | Kendall@80: 0.4673
Epoch 78/150 | Train Loss: 0.0277 | Epoch Time: 0.85s | Spearman@80: 0.6925 | Kendall@80: 0.5105
Epoch 79/150 | Train Loss: 0.0355 | Epoch Time: 0.84s | Spearman@80: 0.7082 | Kendall@80: 0.5136
Epoch 80/150 | Train Loss: 0.0306 | Epoch Time: 0.86s | Spearman@80: 0.6846 | Kendall@80: 0.5067
Epoch 81/150 | Train Loss: 0.0346 | Epoch Time: 0.85s | Spearman@80: 0.7168 | Kendall@80: 0.5301
Epoch 82/150 | Train Loss: 0.0379 | Epoch Time: 0.87s | Spearman@80: 0.6991 | Kendall@80: 0.5105
Epoch 83/150 | Train Loss: 0.0310 | Epoch Time: 0.82s | Spearman@80: 0.7161 | Kendall@80: 0.5276
Epoch 84/150 | Train Loss: 0.0326 | Epoch Time: 0.86s | Spearman@80: 0.6951 | Kendall@80: 0.5035
Epoch 85/150 | Train Loss: 0.0361 | Epoch Time: 0.83s | Spearman@80: 0.7076 | Kendall@80: 0.5105
Epoch 86/150 | Train Loss: 0.0329 | Epoch Time: 0.85s | Spearman@80: 0.7027 | Kendall@80: 0.5130
Epoch 87/150 | Train Loss: 0.0305 | Epoch Time: 0.85s | Spearman@80: 0.6562 | Kendall@80: 0.4775
Epoch 88/150 | Train Loss: 0.0249 | Epoch Time: 0.83s | Spearman@80: 0.6591 | Kendall@80: 0.4838
Epoch 89/150 | Train Loss: 0.0272 | Epoch Time: 0.83s | Spearman@80: 0.6565 | Kendall@80: 0.4731
Epoch 90/150 | Train Loss: 0.0291 | Epoch Time: 0.83s | Spearman@80: 0.6611 | Kendall@80: 0.4832
Epoch 91/150 | Train Loss: 0.0291 | Epoch Time: 0.86s | Spearman@80: 0.6618 | Kendall@80: 0.4807
Epoch 92/150 | Train Loss: 0.0337 | Epoch Time: 0.83s | Spearman@80: 0.6797 | Kendall@80: 0.4870
Epoch 93/150 | Train Loss: 0.0353 | Epoch Time: 0.84s | Spearman@80: 0.6457 | Kendall@80: 0.4597
Epoch 94/150 | Train Loss: 0.0323 | Epoch Time: 0.85s | Spearman@80: 0.6808 | Kendall@80: 0.4933
Epoch 95/150 | Train Loss: 0.0362 | Epoch Time: 0.83s | Spearman@80: 0.6806 | Kendall@80: 0.4940
Epoch 96/150 | Train Loss: 0.0291 | Epoch Time: 0.83s | Spearman@80: 0.6845 | Kendall@80: 0.4952
Epoch 97/150 | Train Loss: 0.0327 | Epoch Time: 0.84s | Spearman@80: 0.6706 | Kendall@80: 0.4876
Epoch 98/150 | Train Loss: 0.0280 | Epoch Time: 0.82s | Spearman@80: 0.6728 | Kendall@80: 0.4927
Epoch 99/150 | Train Loss: 0.0325 | Epoch Time: 0.84s | Spearman@80: 0.6751 | Kendall@80: 0.4895
Epoch 100/150 | Train Loss: 0.0271 | Epoch Time: 0.85s | Spearman@80: 0.6660 | Kendall@80: 0.4781
Epoch 101/150 | Train Loss: 0.0312 | Epoch Time: 0.86s | Spearman@80: 0.6664 | Kendall@80: 0.4781
Epoch 102/150 | Train Loss: 0.0255 | Epoch Time: 0.83s | Spearman@80: 0.6943 | Kendall@80: 0.5073
Epoch 103/150 | Train Loss: 0.0296 | Epoch Time: 0.86s | Spearman@80: 0.6756 | Kendall@80: 0.4921
Epoch 104/150 | Train Loss: 0.0269 | Epoch Time: 0.83s | Spearman@80: 0.6520 | Kendall@80: 0.4724
Epoch 105/150 | Train Loss: 0.0228 | Epoch Time: 0.87s | Spearman@80: 0.6726 | Kendall@80: 0.4819
Epoch 106/150 | Train Loss: 0.0232 | Epoch Time: 0.86s | Spearman@80: 0.6858 | Kendall@80: 0.4959
Epoch 107/150 | Train Loss: 0.0284 | Epoch Time: 0.85s | Spearman@80: 0.6634 | Kendall@80: 0.4819
Epoch 108/150 | Train Loss: 0.0257 | Epoch Time: 0.86s | Spearman@80: 0.6568 | Kendall@80: 0.4692
Epoch 109/150 | Train Loss: 0.0224 | Epoch Time: 0.85s | Spearman@80: 0.6535 | Kendall@80: 0.4705
Epoch 110/150 | Train Loss: 0.0237 | Epoch Time: 0.84s | Spearman@80: 0.6768 | Kendall@80: 0.4940
Epoch 111/150 | Train Loss: 0.0293 | Epoch Time: 0.88s | Spearman@80: 0.6692 | Kendall@80: 0.4832
Epoch 112/150 | Train Loss: 0.0247 | Epoch Time: 0.87s | Spearman@80: 0.6580 | Kendall@80: 0.4731
Epoch 113/150 | Train Loss: 0.0219 | Epoch Time: 0.89s | Spearman@80: 0.6903 | Kendall@80: 0.4978
Epoch 114/150 | Train Loss: 0.0321 | Epoch Time: 0.88s | Spearman@80: 0.6785 | Kendall@80: 0.4921
Epoch 115/150 | Train Loss: 0.0275 | Epoch Time: 0.87s | Spearman@80: 0.6691 | Kendall@80: 0.4826
Epoch 116/150 | Train Loss: 0.0241 | Epoch Time: 0.86s | Spearman@80: 0.6820 | Kendall@80: 0.4959
Epoch 117/150 | Train Loss: 0.0240 | Epoch Time: 0.88s | Spearman@80: 0.6769 | Kendall@80: 0.4927
Epoch 118/150 | Train Loss: 0.0243 | Epoch Time: 0.90s | Spearman@80: 0.6637 | Kendall@80: 0.4800
Epoch 119/150 | Train Loss: 0.0232 | Epoch Time: 0.84s | Spearman@80: 0.6788 | Kendall@80: 0.4902
Epoch 120/150 | Train Loss: 0.0233 | Epoch Time: 0.90s | Spearman@80: 0.6750 | Kendall@80: 0.4889
Epoch 121/150 | Train Loss: 0.0238 | Epoch Time: 0.87s | Spearman@80: 0.6769 | Kendall@80: 0.4908
Epoch 122/150 | Train Loss: 0.0213 | Epoch Time: 0.84s | Spearman@80: 0.6829 | Kendall@80: 0.4978
Epoch 123/150 | Train Loss: 0.0257 | Epoch Time: 0.87s | Spearman@80: 0.6657 | Kendall@80: 0.4769
Epoch 124/150 | Train Loss: 0.0248 | Epoch Time: 0.86s | Spearman@80: 0.6615 | Kendall@80: 0.4826
Epoch 125/150 | Train Loss: 0.0237 | Epoch Time: 0.85s | Spearman@80: 0.6758 | Kendall@80: 0.4889
Epoch 126/150 | Train Loss: 0.0165 | Epoch Time: 0.86s | Spearman@80: 0.6819 | Kendall@80: 0.4965
Epoch 127/150 | Train Loss: 0.0212 | Epoch Time: 0.87s | Spearman@80: 0.6785 | Kendall@80: 0.4965
Epoch 128/150 | Train Loss: 0.0214 | Epoch Time: 0.88s | Spearman@80: 0.6710 | Kendall@80: 0.4876
Epoch 129/150 | Train Loss: 0.0170 | Epoch Time: 0.91s | Spearman@80: 0.6659 | Kendall@80: 0.4826
Epoch 130/150 | Train Loss: 0.0186 | Epoch Time: 0.92s | Spearman@80: 0.6686 | Kendall@80: 0.4838
Epoch 131/150 | Train Loss: 0.0220 | Epoch Time: 0.90s | Spearman@80: 0.6712 | Kendall@80: 0.4921
Epoch 132/150 | Train Loss: 0.0266 | Epoch Time: 0.91s | Spearman@80: 0.6737 | Kendall@80: 0.4883
Epoch 133/150 | Train Loss: 0.0230 | Epoch Time: 0.87s | Spearman@80: 0.6808 | Kendall@80: 0.4921
Epoch 134/150 | Train Loss: 0.0203 | Epoch Time: 0.90s | Spearman@80: 0.6811 | Kendall@80: 0.4940
Epoch 135/150 | Train Loss: 0.0200 | Epoch Time: 0.89s | Spearman@80: 0.6779 | Kendall@80: 0.4902
Epoch 136/150 | Train Loss: 0.0245 | Epoch Time: 0.90s | Spearman@80: 0.6809 | Kendall@80: 0.4902
Epoch 137/150 | Train Loss: 0.0240 | Epoch Time: 0.89s | Spearman@80: 0.6740 | Kendall@80: 0.4902
Epoch 138/150 | Train Loss: 0.0241 | Epoch Time: 0.90s | Spearman@80: 0.6797 | Kendall@80: 0.4902
Epoch 139/150 | Train Loss: 0.0239 | Epoch Time: 0.90s | Spearman@80: 0.6781 | Kendall@80: 0.4883
Epoch 140/150 | Train Loss: 0.0207 | Epoch Time: 0.93s | Spearman@80: 0.6695 | Kendall@80: 0.4914
Epoch 141/150 | Train Loss: 0.0261 | Epoch Time: 0.89s | Spearman@80: 0.6687 | Kendall@80: 0.4788
Epoch 142/150 | Train Loss: 0.0218 | Epoch Time: 0.90s | Spearman@80: 0.6726 | Kendall@80: 0.4889
Epoch 143/150 | Train Loss: 0.0159 | Epoch Time: 0.88s | Spearman@80: 0.6803 | Kendall@80: 0.4952
Epoch 144/150 | Train Loss: 0.0203 | Epoch Time: 0.89s | Spearman@80: 0.6706 | Kendall@80: 0.4819
Epoch 145/150 | Train Loss: 0.0173 | Epoch Time: 0.91s | Spearman@80: 0.6642 | Kendall@80: 0.4845
Epoch 146/150 | Train Loss: 0.0236 | Epoch Time: 0.90s | Spearman@80: 0.6683 | Kendall@80: 0.4895
Epoch 147/150 | Train Loss: 0.0197 | Epoch Time: 1.72s | Spearman@4870: 0.6352 | Kendall@4870: 0.4519
Epoch 148/150 | Train Loss: 0.0193 | Epoch Time: 1.75s | Spearman@4870: 0.6337 | Kendall@4870: 0.4505
Epoch 149/150 | Train Loss: 0.0238 | Epoch Time: 1.70s | Spearman@4870: 0.6338 | Kendall@4870: 0.4504
Epoch 150/150 | Train Loss: 0.0228 | Epoch Time: 1.77s | Spearman@4870: 0.6351 | Kendall@4870: 0.4515
Sample Count: 128, Spearman: 0.6344511656250473, Kendall: 0.4510798210252418
{64: (0.5262564054866994, 0.3671652755387514),
 128: (0.6344511656250473, 0.4510798210252418)}
Epoch 1/150 | Train Loss: 0.0995 | Epoch Time: 0.47s | Spearman@80: 0.5442 | Kendall@80: 0.3753
Epoch 2/150 | Train Loss: 0.0957 | Epoch Time: 0.46s | Spearman@80: 0.4002 | Kendall@80: 0.2721
Epoch 3/150 | Train Loss: 0.0835 | Epoch Time: 0.47s | Spearman@80: 0.2998 | Kendall@80: 0.2017
Epoch 4/150 | Train Loss: 0.0798 | Epoch Time: 0.47s | Spearman@80: 0.5676 | Kendall@80: 0.4013
Epoch 5/150 | Train Loss: 0.0699 | Epoch Time: 0.45s | Spearman@80: 0.6347 | Kendall@80: 0.4652
Epoch 6/150 | Train Loss: 0.0631 | Epoch Time: 0.44s | Spearman@80: 0.6420 | Kendall@80: 0.4633
Epoch 7/150 | Train Loss: 0.0647 | Epoch Time: 0.47s | Spearman@80: 0.6076 | Kendall@80: 0.4393
Epoch 8/150 | Train Loss: 0.0510 | Epoch Time: 0.48s | Spearman@80: 0.6233 | Kendall@80: 0.4469
Epoch 9/150 | Train Loss: 0.0579 | Epoch Time: 0.46s | Spearman@80: 0.6400 | Kendall@80: 0.4583
Epoch 10/150 | Train Loss: 0.0488 | Epoch Time: 0.49s | Spearman@80: 0.6126 | Kendall@80: 0.4310
Epoch 11/150 | Train Loss: 0.0516 | Epoch Time: 0.46s | Spearman@80: 0.6090 | Kendall@80: 0.4380
Epoch 12/150 | Train Loss: 0.0481 | Epoch Time: 0.47s | Spearman@80: 0.6144 | Kendall@80: 0.4405
Epoch 13/150 | Train Loss: 0.0522 | Epoch Time: 0.43s | Spearman@80: 0.5942 | Kendall@80: 0.4291
Epoch 14/150 | Train Loss: 0.0434 | Epoch Time: 0.47s | Spearman@80: 0.5865 | Kendall@80: 0.4171
Epoch 15/150 | Train Loss: 0.0538 | Epoch Time: 0.48s | Spearman@80: 0.6237 | Kendall@80: 0.4437
Epoch 16/150 | Train Loss: 0.0416 | Epoch Time: 0.45s | Spearman@80: 0.4957 | Kendall@80: 0.3506
Epoch 17/150 | Train Loss: 0.0391 | Epoch Time: 0.44s | Spearman@80: 0.6215 | Kendall@80: 0.4526
Epoch 18/150 | Train Loss: 0.0469 | Epoch Time: 0.46s | Spearman@80: 0.5736 | Kendall@80: 0.4177
Epoch 19/150 | Train Loss: 0.0455 | Epoch Time: 0.43s | Spearman@80: 0.6653 | Kendall@80: 0.4766
Epoch 20/150 | Train Loss: 0.0423 | Epoch Time: 0.43s | Spearman@80: 0.6507 | Kendall@80: 0.4621
Epoch 21/150 | Train Loss: 0.0374 | Epoch Time: 0.47s | Spearman@80: 0.6953 | Kendall@80: 0.5013
Epoch 22/150 | Train Loss: 0.0385 | Epoch Time: 0.45s | Spearman@80: 0.6591 | Kendall@80: 0.4741
Epoch 23/150 | Train Loss: 0.0446 | Epoch Time: 0.45s | Spearman@80: 0.6626 | Kendall@80: 0.4899
Epoch 24/150 | Train Loss: 0.0399 | Epoch Time: 0.43s | Spearman@80: 0.6737 | Kendall@80: 0.4963
Epoch 25/150 | Train Loss: 0.0428 | Epoch Time: 0.47s | Spearman@80: 0.5917 | Kendall@80: 0.4234
Epoch 26/150 | Train Loss: 0.0476 | Epoch Time: 0.44s | Spearman@80: 0.6484 | Kendall@80: 0.4709
Epoch 27/150 | Train Loss: 0.0450 | Epoch Time: 0.45s | Spearman@80: 0.6358 | Kendall@80: 0.4665
Epoch 28/150 | Train Loss: 0.0355 | Epoch Time: 0.46s | Spearman@80: 0.5329 | Kendall@80: 0.3778
Epoch 29/150 | Train Loss: 0.0491 | Epoch Time: 0.42s | Spearman@80: 0.6145 | Kendall@80: 0.4412
Epoch 30/150 | Train Loss: 0.0426 | Epoch Time: 0.50s | Spearman@80: 0.5597 | Kendall@80: 0.4032
Epoch 31/150 | Train Loss: 0.0383 | Epoch Time: 0.46s | Spearman@80: 0.5501 | Kendall@80: 0.3975
Epoch 32/150 | Train Loss: 0.0378 | Epoch Time: 0.50s | Spearman@80: 0.5937 | Kendall@80: 0.4329
Epoch 33/150 | Train Loss: 0.0264 | Epoch Time: 0.45s | Spearman@80: 0.5852 | Kendall@80: 0.4177
Epoch 34/150 | Train Loss: 0.0275 | Epoch Time: 0.47s | Spearman@80: 0.6006 | Kendall@80: 0.4120
Epoch 35/150 | Train Loss: 0.0283 | Epoch Time: 0.47s | Spearman@80: 0.5529 | Kendall@80: 0.3880
Epoch 36/150 | Train Loss: 0.0354 | Epoch Time: 0.43s | Spearman@80: 0.5988 | Kendall@80: 0.4399
Epoch 37/150 | Train Loss: 0.0469 | Epoch Time: 0.46s | Spearman@80: 0.6220 | Kendall@80: 0.4450
Epoch 38/150 | Train Loss: 0.0330 | Epoch Time: 0.44s | Spearman@80: 0.5949 | Kendall@80: 0.4222
Epoch 39/150 | Train Loss: 0.0377 | Epoch Time: 0.45s | Spearman@80: 0.5498 | Kendall@80: 0.3899
Epoch 40/150 | Train Loss: 0.0422 | Epoch Time: 0.49s | Spearman@80: 0.5986 | Kendall@80: 0.4317
Epoch 41/150 | Train Loss: 0.0363 | Epoch Time: 0.47s | Spearman@80: 0.6041 | Kendall@80: 0.4329
Epoch 42/150 | Train Loss: 0.0435 | Epoch Time: 0.42s | Spearman@80: 0.5954 | Kendall@80: 0.4209
Epoch 43/150 | Train Loss: 0.0286 | Epoch Time: 0.49s | Spearman@80: 0.5981 | Kendall@80: 0.4285
Epoch 44/150 | Train Loss: 0.0392 | Epoch Time: 0.44s | Spearman@80: 0.6133 | Kendall@80: 0.4538
Epoch 45/150 | Train Loss: 0.0333 | Epoch Time: 0.45s | Spearman@80: 0.5850 | Kendall@80: 0.4253
Epoch 46/150 | Train Loss: 0.0316 | Epoch Time: 0.45s | Spearman@80: 0.5456 | Kendall@80: 0.4000
Epoch 47/150 | Train Loss: 0.0321 | Epoch Time: 0.43s | Spearman@80: 0.5454 | Kendall@80: 0.3937
Epoch 48/150 | Train Loss: 0.0260 | Epoch Time: 0.45s | Spearman@80: 0.5394 | Kendall@80: 0.3886
Epoch 49/150 | Train Loss: 0.0441 | Epoch Time: 0.47s | Spearman@80: 0.6091 | Kendall@80: 0.4443
Epoch 50/150 | Train Loss: 0.0318 | Epoch Time: 0.43s | Spearman@80: 0.6342 | Kendall@80: 0.4570
Epoch 51/150 | Train Loss: 0.0327 | Epoch Time: 0.45s | Spearman@80: 0.6033 | Kendall@80: 0.4272
Epoch 52/150 | Train Loss: 0.0347 | Epoch Time: 0.46s | Spearman@80: 0.6207 | Kendall@80: 0.4513
Epoch 53/150 | Train Loss: 0.0448 | Epoch Time: 0.44s | Spearman@80: 0.5950 | Kendall@80: 0.4285
Epoch 54/150 | Train Loss: 0.0320 | Epoch Time: 0.44s | Spearman@80: 0.5665 | Kendall@80: 0.4089
Epoch 55/150 | Train Loss: 0.0314 | Epoch Time: 0.45s | Spearman@80: 0.5858 | Kendall@80: 0.4304
Epoch 56/150 | Train Loss: 0.0294 | Epoch Time: 0.45s | Spearman@80: 0.5850 | Kendall@80: 0.4310
Epoch 57/150 | Train Loss: 0.0293 | Epoch Time: 0.48s | Spearman@80: 0.5493 | Kendall@80: 0.3981
Epoch 58/150 | Train Loss: 0.0311 | Epoch Time: 0.47s | Spearman@80: 0.5720 | Kendall@80: 0.3956
Epoch 59/150 | Train Loss: 0.0400 | Epoch Time: 0.45s | Spearman@80: 0.5551 | Kendall@80: 0.3975
Epoch 60/150 | Train Loss: 0.0333 | Epoch Time: 0.47s | Spearman@80: 0.5530 | Kendall@80: 0.3924
Epoch 61/150 | Train Loss: 0.0268 | Epoch Time: 0.43s | Spearman@80: 0.5055 | Kendall@80: 0.3544
Epoch 62/150 | Train Loss: 0.0352 | Epoch Time: 0.45s | Spearman@80: 0.5376 | Kendall@80: 0.3753
Epoch 63/150 | Train Loss: 0.0317 | Epoch Time: 0.45s | Spearman@80: 0.5135 | Kendall@80: 0.3569
Epoch 64/150 | Train Loss: 0.0252 | Epoch Time: 0.43s | Spearman@80: 0.5363 | Kendall@80: 0.3848
Epoch 65/150 | Train Loss: 0.0221 | Epoch Time: 0.44s | Spearman@80: 0.5472 | Kendall@80: 0.3911
Epoch 66/150 | Train Loss: 0.0224 | Epoch Time: 0.43s | Spearman@80: 0.5392 | Kendall@80: 0.3823
Epoch 67/150 | Train Loss: 0.0299 | Epoch Time: 0.44s | Spearman@80: 0.5441 | Kendall@80: 0.3791
Epoch 68/150 | Train Loss: 0.0324 | Epoch Time: 0.42s | Spearman@80: 0.5366 | Kendall@80: 0.3778
Epoch 69/150 | Train Loss: 0.0280 | Epoch Time: 0.42s | Spearman@80: 0.5460 | Kendall@80: 0.3816
Epoch 70/150 | Train Loss: 0.0269 | Epoch Time: 0.44s | Spearman@80: 0.5696 | Kendall@80: 0.4082
Epoch 71/150 | Train Loss: 0.0259 | Epoch Time: 0.43s | Spearman@80: 0.5590 | Kendall@80: 0.4006
Epoch 72/150 | Train Loss: 0.0225 | Epoch Time: 0.43s | Spearman@80: 0.5510 | Kendall@80: 0.3968
Epoch 73/150 | Train Loss: 0.0245 | Epoch Time: 0.42s | Spearman@80: 0.5209 | Kendall@80: 0.3683
Epoch 74/150 | Train Loss: 0.0268 | Epoch Time: 0.42s | Spearman@80: 0.5042 | Kendall@80: 0.3550
Epoch 75/150 | Train Loss: 0.0343 | Epoch Time: 0.43s | Spearman@80: 0.5738 | Kendall@80: 0.4209
Epoch 76/150 | Train Loss: 0.0245 | Epoch Time: 0.43s | Spearman@80: 0.5785 | Kendall@80: 0.4222
Epoch 77/150 | Train Loss: 0.0341 | Epoch Time: 0.42s | Spearman@80: 0.5437 | Kendall@80: 0.3861
Epoch 78/150 | Train Loss: 0.0251 | Epoch Time: 0.42s | Spearman@80: 0.5328 | Kendall@80: 0.3740
Epoch 79/150 | Train Loss: 0.0313 | Epoch Time: 0.45s | Spearman@80: 0.5583 | Kendall@80: 0.4051
Epoch 80/150 | Train Loss: 0.0275 | Epoch Time: 0.42s | Spearman@80: 0.5484 | Kendall@80: 0.3918
Epoch 81/150 | Train Loss: 0.0260 | Epoch Time: 0.43s | Spearman@80: 0.5219 | Kendall@80: 0.3658
Epoch 82/150 | Train Loss: 0.0280 | Epoch Time: 0.43s | Spearman@80: 0.4821 | Kendall@80: 0.3417
Epoch 83/150 | Train Loss: 0.0231 | Epoch Time: 0.42s | Spearman@80: 0.4953 | Kendall@80: 0.3519
Epoch 84/150 | Train Loss: 0.0249 | Epoch Time: 0.44s | Spearman@80: 0.5069 | Kendall@80: 0.3582
Epoch 85/150 | Train Loss: 0.0297 | Epoch Time: 0.44s | Spearman@80: 0.5328 | Kendall@80: 0.3867
Epoch 86/150 | Train Loss: 0.0301 | Epoch Time: 0.42s | Spearman@80: 0.5318 | Kendall@80: 0.3766
Epoch 87/150 | Train Loss: 0.0381 | Epoch Time: 0.42s | Spearman@80: 0.5389 | Kendall@80: 0.3886
Epoch 88/150 | Train Loss: 0.0234 | Epoch Time: 0.42s | Spearman@80: 0.5275 | Kendall@80: 0.3810
Epoch 89/150 | Train Loss: 0.0256 | Epoch Time: 0.42s | Spearman@80: 0.5334 | Kendall@80: 0.3848
Epoch 90/150 | Train Loss: 0.0299 | Epoch Time: 0.46s | Spearman@80: 0.5275 | Kendall@80: 0.3848
Epoch 91/150 | Train Loss: 0.0304 | Epoch Time: 0.44s | Spearman@80: 0.5289 | Kendall@80: 0.3816
Epoch 92/150 | Train Loss: 0.0293 | Epoch Time: 0.42s | Spearman@80: 0.5185 | Kendall@80: 0.3683
Epoch 93/150 | Train Loss: 0.0180 | Epoch Time: 0.43s | Spearman@80: 0.5379 | Kendall@80: 0.3905
Epoch 94/150 | Train Loss: 0.0305 | Epoch Time: 0.43s | Spearman@80: 0.5296 | Kendall@80: 0.3791
Epoch 95/150 | Train Loss: 0.0176 | Epoch Time: 0.42s | Spearman@80: 0.5498 | Kendall@80: 0.3949
Epoch 96/150 | Train Loss: 0.0303 | Epoch Time: 0.42s | Spearman@80: 0.5580 | Kendall@80: 0.4063
Epoch 97/150 | Train Loss: 0.0258 | Epoch Time: 0.43s | Spearman@80: 0.5588 | Kendall@80: 0.4032
Epoch 98/150 | Train Loss: 0.0250 | Epoch Time: 0.42s | Spearman@80: 0.5443 | Kendall@80: 0.3911
Epoch 99/150 | Train Loss: 0.0218 | Epoch Time: 0.42s | Spearman@80: 0.5394 | Kendall@80: 0.3816
Epoch 100/150 | Train Loss: 0.0229 | Epoch Time: 0.43s | Spearman@80: 0.5159 | Kendall@80: 0.3645
Epoch 101/150 | Train Loss: 0.0257 | Epoch Time: 0.45s | Spearman@80: 0.5508 | Kendall@80: 0.4013
Epoch 102/150 | Train Loss: 0.0243 | Epoch Time: 0.43s | Spearman@80: 0.5374 | Kendall@80: 0.3873
Epoch 103/150 | Train Loss: 0.0184 | Epoch Time: 0.43s | Spearman@80: 0.5235 | Kendall@80: 0.3715
Epoch 104/150 | Train Loss: 0.0211 | Epoch Time: 0.45s | Spearman@80: 0.5395 | Kendall@80: 0.3892
Epoch 105/150 | Train Loss: 0.0182 | Epoch Time: 0.43s | Spearman@80: 0.5355 | Kendall@80: 0.3892
Epoch 106/150 | Train Loss: 0.0196 | Epoch Time: 0.43s | Spearman@80: 0.5293 | Kendall@80: 0.3835
Epoch 107/150 | Train Loss: 0.0249 | Epoch Time: 0.42s | Spearman@80: 0.5197 | Kendall@80: 0.3677
Epoch 108/150 | Train Loss: 0.0214 | Epoch Time: 0.42s | Spearman@80: 0.5315 | Kendall@80: 0.3778
Epoch 109/150 | Train Loss: 0.0197 | Epoch Time: 0.43s | Spearman@80: 0.5452 | Kendall@80: 0.3987
Epoch 110/150 | Train Loss: 0.0165 | Epoch Time: 0.43s | Spearman@80: 0.5407 | Kendall@80: 0.3949
Epoch 111/150 | Train Loss: 0.0156 | Epoch Time: 0.43s | Spearman@80: 0.5341 | Kendall@80: 0.3911
Epoch 112/150 | Train Loss: 0.0161 | Epoch Time: 0.45s | Spearman@80: 0.5276 | Kendall@80: 0.3848
Epoch 113/150 | Train Loss: 0.0230 | Epoch Time: 0.44s | Spearman@80: 0.5238 | Kendall@80: 0.3835
Epoch 114/150 | Train Loss: 0.0218 | Epoch Time: 0.44s | Spearman@80: 0.5283 | Kendall@80: 0.3880
Epoch 115/150 | Train Loss: 0.0222 | Epoch Time: 0.42s | Spearman@80: 0.5343 | Kendall@80: 0.3905
Epoch 116/150 | Train Loss: 0.0192 | Epoch Time: 0.44s | Spearman@80: 0.5270 | Kendall@80: 0.3854
Epoch 117/150 | Train Loss: 0.0243 | Epoch Time: 0.45s | Spearman@80: 0.5289 | Kendall@80: 0.3861
Epoch 118/150 | Train Loss: 0.0163 | Epoch Time: 0.43s | Spearman@80: 0.5432 | Kendall@80: 0.3975
Epoch 119/150 | Train Loss: 0.0163 | Epoch Time: 0.44s | Spearman@80: 0.5345 | Kendall@80: 0.3886
Epoch 120/150 | Train Loss: 0.0128 | Epoch Time: 0.42s | Spearman@80: 0.5165 | Kendall@80: 0.3753
Epoch 121/150 | Train Loss: 0.0199 | Epoch Time: 0.42s | Spearman@80: 0.5191 | Kendall@80: 0.3759
Epoch 122/150 | Train Loss: 0.0170 | Epoch Time: 0.43s | Spearman@80: 0.5058 | Kendall@80: 0.3626
Epoch 123/150 | Train Loss: 0.0190 | Epoch Time: 0.43s | Spearman@80: 0.5083 | Kendall@80: 0.3658
Epoch 124/150 | Train Loss: 0.0133 | Epoch Time: 0.44s | Spearman@80: 0.5181 | Kendall@80: 0.3766
Epoch 125/150 | Train Loss: 0.0114 | Epoch Time: 0.42s | Spearman@80: 0.5286 | Kendall@80: 0.3842
Epoch 126/150 | Train Loss: 0.0192 | Epoch Time: 0.44s | Spearman@80: 0.5198 | Kendall@80: 0.3759
Epoch 127/150 | Train Loss: 0.0204 | Epoch Time: 0.44s | Spearman@80: 0.5280 | Kendall@80: 0.3867
Epoch 128/150 | Train Loss: 0.0162 | Epoch Time: 0.42s | Spearman@80: 0.5258 | Kendall@80: 0.3823
Epoch 129/150 | Train Loss: 0.0144 | Epoch Time: 0.42s | Spearman@80: 0.5316 | Kendall@80: 0.3899
Epoch 130/150 | Train Loss: 0.0197 | Epoch Time: 0.43s | Spearman@80: 0.5245 | Kendall@80: 0.3816
Epoch 131/150 | Train Loss: 0.0154 | Epoch Time: 0.42s | Spearman@80: 0.5191 | Kendall@80: 0.3772
Epoch 132/150 | Train Loss: 0.0163 | Epoch Time: 0.42s | Spearman@80: 0.5266 | Kendall@80: 0.3816
Epoch 133/150 | Train Loss: 0.0155 | Epoch Time: 0.46s | Spearman@80: 0.5263 | Kendall@80: 0.3804
Epoch 134/150 | Train Loss: 0.0168 | Epoch Time: 0.42s | Spearman@80: 0.5259 | Kendall@80: 0.3835
Epoch 135/150 | Train Loss: 0.0224 | Epoch Time: 0.43s | Spearman@80: 0.5315 | Kendall@80: 0.3854
Epoch 136/150 | Train Loss: 0.0166 | Epoch Time: 0.43s | Spearman@80: 0.5170 | Kendall@80: 0.3696
Epoch 137/150 | Train Loss: 0.0139 | Epoch Time: 0.45s | Spearman@80: 0.5163 | Kendall@80: 0.3702
Epoch 138/150 | Train Loss: 0.0167 | Epoch Time: 0.44s | Spearman@80: 0.5168 | Kendall@80: 0.3721
Epoch 139/150 | Train Loss: 0.0163 | Epoch Time: 0.42s | Spearman@80: 0.5251 | Kendall@80: 0.3810
Epoch 140/150 | Train Loss: 0.0130 | Epoch Time: 0.43s | Spearman@80: 0.5184 | Kendall@80: 0.3728
Epoch 141/150 | Train Loss: 0.0174 | Epoch Time: 0.44s | Spearman@80: 0.5201 | Kendall@80: 0.3772
Epoch 142/150 | Train Loss: 0.0150 | Epoch Time: 0.43s | Spearman@80: 0.5296 | Kendall@80: 0.3867
Epoch 143/150 | Train Loss: 0.0145 | Epoch Time: 0.47s | Spearman@80: 0.5237 | Kendall@80: 0.3785
Epoch 144/150 | Train Loss: 0.0183 | Epoch Time: 0.43s | Spearman@80: 0.5143 | Kendall@80: 0.3721
Epoch 145/150 | Train Loss: 0.0151 | Epoch Time: 0.44s | Spearman@80: 0.5272 | Kendall@80: 0.3804
Epoch 146/150 | Train Loss: 0.0184 | Epoch Time: 0.45s | Spearman@80: 0.5232 | Kendall@80: 0.3804
Epoch 147/150 | Train Loss: 0.0150 | Epoch Time: 1.29s | Spearman@4934: 0.5055 | Kendall@4934: 0.3503
Epoch 148/150 | Train Loss: 0.0118 | Epoch Time: 1.35s | Spearman@4934: 0.5085 | Kendall@4934: 0.3526
Epoch 149/150 | Train Loss: 0.0151 | Epoch Time: 1.31s | Spearman@4934: 0.5083 | Kendall@4934: 0.3524
Epoch 150/150 | Train Loss: 0.0119 | Epoch Time: 1.30s | Spearman@4934: 0.5054 | Kendall@4934: 0.3502
Sample Count: 64, Spearman: 0.5069209429762943, Kendall: 0.35138588499935786
{64: (0.5069209429762943, 0.35138588499935786),
 128: (0.6344511656250473, 0.4510798210252418)}
Epoch 1/150 | Train Loss: 0.0943 | Epoch Time: 0.88s | Spearman@80: 0.4428 | Kendall@80: 0.3041
Epoch 2/150 | Train Loss: 0.0738 | Epoch Time: 0.90s | Spearman@80: 0.5402 | Kendall@80: 0.3845
Epoch 3/150 | Train Loss: 0.0674 | Epoch Time: 0.84s | Spearman@80: 0.5875 | Kendall@80: 0.4219
Epoch 4/150 | Train Loss: 0.0567 | Epoch Time: 0.86s | Spearman@80: 0.5018 | Kendall@80: 0.3541
Epoch 5/150 | Train Loss: 0.0620 | Epoch Time: 0.87s | Spearman@80: 0.6060 | Kendall@80: 0.4454
Epoch 6/150 | Train Loss: 0.0643 | Epoch Time: 0.87s | Spearman@80: 0.6330 | Kendall@80: 0.4631
Epoch 7/150 | Train Loss: 0.0568 | Epoch Time: 0.85s | Spearman@80: 0.6157 | Kendall@80: 0.4517
Epoch 8/150 | Train Loss: 0.0507 | Epoch Time: 0.83s | Spearman@80: 0.6495 | Kendall@80: 0.4796
Epoch 9/150 | Train Loss: 0.0450 | Epoch Time: 0.87s | Spearman@80: 0.5682 | Kendall@80: 0.4061
Epoch 10/150 | Train Loss: 0.0475 | Epoch Time: 0.86s | Spearman@80: 0.6173 | Kendall@80: 0.4409
Epoch 11/150 | Train Loss: 0.0579 | Epoch Time: 0.84s | Spearman@80: 0.6569 | Kendall@80: 0.4732
Epoch 12/150 | Train Loss: 0.0549 | Epoch Time: 0.87s | Spearman@80: 0.6109 | Kendall@80: 0.4422
Epoch 13/150 | Train Loss: 0.0474 | Epoch Time: 0.84s | Spearman@80: 0.5748 | Kendall@80: 0.4105
Epoch 14/150 | Train Loss: 0.0482 | Epoch Time: 0.86s | Spearman@80: 0.5925 | Kendall@80: 0.4156
Epoch 15/150 | Train Loss: 0.0486 | Epoch Time: 0.84s | Spearman@80: 0.5368 | Kendall@80: 0.3763
Epoch 16/150 | Train Loss: 0.0463 | Epoch Time: 0.86s | Spearman@80: 0.6409 | Kendall@80: 0.4663
Epoch 17/150 | Train Loss: 0.0520 | Epoch Time: 0.84s | Spearman@80: 0.6209 | Kendall@80: 0.4587
Epoch 18/150 | Train Loss: 0.0444 | Epoch Time: 0.83s | Spearman@80: 0.5590 | Kendall@80: 0.3902
Epoch 19/150 | Train Loss: 0.0424 | Epoch Time: 0.87s | Spearman@80: 0.5631 | Kendall@80: 0.3909
Epoch 20/150 | Train Loss: 0.0438 | Epoch Time: 0.84s | Spearman@80: 0.6124 | Kendall@80: 0.4422
Epoch 21/150 | Train Loss: 0.0433 | Epoch Time: 0.82s | Spearman@80: 0.5117 | Kendall@80: 0.3567
Epoch 22/150 | Train Loss: 0.0585 | Epoch Time: 0.83s | Spearman@80: 0.6633 | Kendall@80: 0.4891
Epoch 23/150 | Train Loss: 0.0514 | Epoch Time: 0.91s | Spearman@80: 0.6466 | Kendall@80: 0.4777
Epoch 24/150 | Train Loss: 0.0457 | Epoch Time: 0.84s | Spearman@80: 0.5664 | Kendall@80: 0.3985
Epoch 25/150 | Train Loss: 0.0460 | Epoch Time: 0.86s | Spearman@80: 0.6244 | Kendall@80: 0.4530
Epoch 26/150 | Train Loss: 0.0397 | Epoch Time: 0.90s | Spearman@80: 0.6493 | Kendall@80: 0.4713
Epoch 27/150 | Train Loss: 0.0397 | Epoch Time: 0.86s | Spearman@80: 0.6092 | Kendall@80: 0.4441
Epoch 28/150 | Train Loss: 0.0432 | Epoch Time: 0.84s | Spearman@80: 0.5856 | Kendall@80: 0.4042
Epoch 29/150 | Train Loss: 0.0445 | Epoch Time: 0.82s | Spearman@80: 0.6755 | Kendall@80: 0.4865
Epoch 30/150 | Train Loss: 0.0403 | Epoch Time: 0.89s | Spearman@80: 0.6052 | Kendall@80: 0.4207
Epoch 31/150 | Train Loss: 0.0423 | Epoch Time: 0.85s | Spearman@80: 0.5916 | Kendall@80: 0.4137
Epoch 32/150 | Train Loss: 0.0370 | Epoch Time: 0.89s | Spearman@80: 0.5959 | Kendall@80: 0.4207
Epoch 33/150 | Train Loss: 0.0314 | Epoch Time: 0.83s | Spearman@80: 0.6193 | Kendall@80: 0.4359
Epoch 34/150 | Train Loss: 0.0407 | Epoch Time: 0.84s | Spearman@80: 0.5689 | Kendall@80: 0.3890
Epoch 35/150 | Train Loss: 0.0367 | Epoch Time: 0.85s | Spearman@80: 0.5586 | Kendall@80: 0.3864
Epoch 36/150 | Train Loss: 0.0441 | Epoch Time: 0.83s | Spearman@80: 0.5782 | Kendall@80: 0.4175
Epoch 37/150 | Train Loss: 0.0354 | Epoch Time: 0.85s | Spearman@80: 0.5149 | Kendall@80: 0.3554
Epoch 38/150 | Train Loss: 0.0436 | Epoch Time: 0.90s | Spearman@80: 0.5994 | Kendall@80: 0.4131
Epoch 39/150 | Train Loss: 0.0461 | Epoch Time: 0.84s | Spearman@80: 0.5981 | Kendall@80: 0.4131
Epoch 40/150 | Train Loss: 0.0330 | Epoch Time: 0.87s | Spearman@80: 0.5839 | Kendall@80: 0.3953
Epoch 41/150 | Train Loss: 0.0404 | Epoch Time: 0.83s | Spearman@80: 0.6753 | Kendall@80: 0.4808
Epoch 42/150 | Train Loss: 0.0457 | Epoch Time: 0.82s | Spearman@80: 0.6155 | Kendall@80: 0.4321
Epoch 43/150 | Train Loss: 0.0416 | Epoch Time: 0.82s | Spearman@80: 0.6279 | Kendall@80: 0.4416
Epoch 44/150 | Train Loss: 0.0405 | Epoch Time: 0.88s | Spearman@80: 0.6247 | Kendall@80: 0.4454
Epoch 45/150 | Train Loss: 0.0395 | Epoch Time: 0.82s | Spearman@80: 0.5825 | Kendall@80: 0.3959
Epoch 46/150 | Train Loss: 0.0330 | Epoch Time: 0.83s | Spearman@80: 0.6004 | Kendall@80: 0.4150
Epoch 47/150 | Train Loss: 0.0374 | Epoch Time: 0.91s | Spearman@80: 0.5970 | Kendall@80: 0.4143
Epoch 48/150 | Train Loss: 0.0324 | Epoch Time: 0.83s | Spearman@80: 0.6229 | Kendall@80: 0.4314
Epoch 49/150 | Train Loss: 0.0415 | Epoch Time: 0.85s | Spearman@80: 0.5535 | Kendall@80: 0.3845
Epoch 50/150 | Train Loss: 0.0327 | Epoch Time: 0.85s | Spearman@80: 0.6694 | Kendall@80: 0.4796
Epoch 51/150 | Train Loss: 0.0344 | Epoch Time: 0.86s | Spearman@80: 0.6620 | Kendall@80: 0.4821
Epoch 52/150 | Train Loss: 0.0337 | Epoch Time: 0.91s | Spearman@80: 0.6521 | Kendall@80: 0.4637
Epoch 53/150 | Train Loss: 0.0366 | Epoch Time: 0.93s | Spearman@80: 0.5903 | Kendall@80: 0.4137
Epoch 54/150 | Train Loss: 0.0338 | Epoch Time: 0.91s | Spearman@80: 0.6369 | Kendall@80: 0.4511
Epoch 55/150 | Train Loss: 0.0378 | Epoch Time: 1.00s | Spearman@80: 0.6819 | Kendall@80: 0.4872
Epoch 56/150 | Train Loss: 0.0362 | Epoch Time: 1.01s | Spearman@80: 0.5791 | Kendall@80: 0.4042
Epoch 57/150 | Train Loss: 0.0371 | Epoch Time: 0.93s | Spearman@80: 0.6325 | Kendall@80: 0.4441
Epoch 58/150 | Train Loss: 0.0318 | Epoch Time: 0.88s | Spearman@80: 0.5978 | Kendall@80: 0.4118
Epoch 59/150 | Train Loss: 0.0373 | Epoch Time: 0.90s | Spearman@80: 0.6221 | Kendall@80: 0.4270
Epoch 60/150 | Train Loss: 0.0347 | Epoch Time: 0.94s | Spearman@80: 0.6519 | Kendall@80: 0.4593
Epoch 61/150 | Train Loss: 0.0303 | Epoch Time: 0.98s | Spearman@80: 0.6027 | Kendall@80: 0.4194
Epoch 62/150 | Train Loss: 0.0286 | Epoch Time: 1.00s | Spearman@80: 0.6541 | Kendall@80: 0.4580
Epoch 63/150 | Train Loss: 0.0304 | Epoch Time: 0.89s | Spearman@80: 0.6409 | Kendall@80: 0.4523
Epoch 64/150 | Train Loss: 0.0380 | Epoch Time: 0.99s | Spearman@80: 0.6209 | Kendall@80: 0.4295
Epoch 65/150 | Train Loss: 0.0269 | Epoch Time: 0.93s | Spearman@80: 0.5983 | Kendall@80: 0.4207
Epoch 66/150 | Train Loss: 0.0298 | Epoch Time: 0.98s | Spearman@80: 0.6288 | Kendall@80: 0.4403
Epoch 67/150 | Train Loss: 0.0312 | Epoch Time: 0.95s | Spearman@80: 0.6252 | Kendall@80: 0.4416
Epoch 68/150 | Train Loss: 0.0318 | Epoch Time: 0.85s | Spearman@80: 0.5810 | Kendall@80: 0.4048
Epoch 69/150 | Train Loss: 0.0332 | Epoch Time: 0.96s | Spearman@80: 0.6484 | Kendall@80: 0.4574
Epoch 70/150 | Train Loss: 0.0276 | Epoch Time: 0.92s | Spearman@80: 0.6594 | Kendall@80: 0.4751
Epoch 71/150 | Train Loss: 0.0358 | Epoch Time: 0.91s | Spearman@80: 0.6440 | Kendall@80: 0.4631
Epoch 72/150 | Train Loss: 0.0294 | Epoch Time: 0.85s | Spearman@80: 0.6515 | Kendall@80: 0.4561
Epoch 73/150 | Train Loss: 0.0319 | Epoch Time: 0.84s | Spearman@80: 0.6129 | Kendall@80: 0.4352
Epoch 74/150 | Train Loss: 0.0251 | Epoch Time: 0.95s | Spearman@80: 0.6424 | Kendall@80: 0.4644
Epoch 75/150 | Train Loss: 0.0311 | Epoch Time: 0.92s | Spearman@80: 0.6656 | Kendall@80: 0.4745
Epoch 76/150 | Train Loss: 0.0337 | Epoch Time: 0.86s | Spearman@80: 0.6448 | Kendall@80: 0.4606
Epoch 77/150 | Train Loss: 0.0312 | Epoch Time: 0.84s | Spearman@80: 0.5828 | Kendall@80: 0.4010
Epoch 78/150 | Train Loss: 0.0331 | Epoch Time: 0.94s | Spearman@80: 0.5908 | Kendall@80: 0.4200
Epoch 79/150 | Train Loss: 0.0307 | Epoch Time: 0.89s | Spearman@80: 0.5965 | Kendall@80: 0.4175
Epoch 80/150 | Train Loss: 0.0301 | Epoch Time: 0.89s | Spearman@80: 0.5939 | Kendall@80: 0.4194
Epoch 81/150 | Train Loss: 0.0287 | Epoch Time: 0.90s | Spearman@80: 0.6355 | Kendall@80: 0.4587
Epoch 82/150 | Train Loss: 0.0242 | Epoch Time: 0.86s | Spearman@80: 0.6569 | Kendall@80: 0.4764
Epoch 83/150 | Train Loss: 0.0289 | Epoch Time: 0.84s | Spearman@80: 0.6646 | Kendall@80: 0.4821
Epoch 84/150 | Train Loss: 0.0266 | Epoch Time: 0.84s | Spearman@80: 0.6332 | Kendall@80: 0.4536
Epoch 85/150 | Train Loss: 0.0283 | Epoch Time: 0.84s | Spearman@80: 0.6952 | Kendall@80: 0.5049
Epoch 86/150 | Train Loss: 0.0307 | Epoch Time: 0.87s | Spearman@80: 0.6715 | Kendall@80: 0.4872
Epoch 87/150 | Train Loss: 0.0270 | Epoch Time: 0.89s | Spearman@80: 0.6500 | Kendall@80: 0.4675
Epoch 88/150 | Train Loss: 0.0229 | Epoch Time: 0.83s | Spearman@80: 0.6291 | Kendall@80: 0.4460
Epoch 89/150 | Train Loss: 0.0280 | Epoch Time: 0.85s | Spearman@80: 0.6349 | Kendall@80: 0.4466
Epoch 90/150 | Train Loss: 0.0327 | Epoch Time: 0.82s | Spearman@80: 0.6289 | Kendall@80: 0.4441
Epoch 91/150 | Train Loss: 0.0186 | Epoch Time: 0.84s | Spearman@80: 0.6333 | Kendall@80: 0.4466
Epoch 92/150 | Train Loss: 0.0244 | Epoch Time: 0.88s | Spearman@80: 0.7011 | Kendall@80: 0.5144
Epoch 93/150 | Train Loss: 0.0246 | Epoch Time: 0.85s | Spearman@80: 0.6994 | Kendall@80: 0.5157
Epoch 94/150 | Train Loss: 0.0296 | Epoch Time: 0.86s | Spearman@80: 0.6860 | Kendall@80: 0.5100
Epoch 95/150 | Train Loss: 0.0190 | Epoch Time: 0.83s | Spearman@80: 0.6849 | Kendall@80: 0.5074
Epoch 96/150 | Train Loss: 0.0322 | Epoch Time: 0.83s | Spearman@80: 0.6538 | Kendall@80: 0.4745
Epoch 97/150 | Train Loss: 0.0264 | Epoch Time: 0.86s | Spearman@80: 0.6626 | Kendall@80: 0.4840
Epoch 98/150 | Train Loss: 0.0236 | Epoch Time: 0.82s | Spearman@80: 0.6356 | Kendall@80: 0.4580
Epoch 99/150 | Train Loss: 0.0278 | Epoch Time: 0.84s | Spearman@80: 0.6507 | Kendall@80: 0.4663
Epoch 100/150 | Train Loss: 0.0289 | Epoch Time: 0.83s | Spearman@80: 0.6300 | Kendall@80: 0.4473
Epoch 101/150 | Train Loss: 0.0211 | Epoch Time: 0.86s | Spearman@80: 0.6486 | Kendall@80: 0.4694
Epoch 102/150 | Train Loss: 0.0215 | Epoch Time: 0.83s | Spearman@80: 0.6449 | Kendall@80: 0.4688
Epoch 103/150 | Train Loss: 0.0225 | Epoch Time: 0.85s | Spearman@80: 0.6354 | Kendall@80: 0.4549
Epoch 104/150 | Train Loss: 0.0186 | Epoch Time: 0.84s | Spearman@80: 0.6033 | Kendall@80: 0.4384
Epoch 105/150 | Train Loss: 0.0229 | Epoch Time: 0.83s | Spearman@80: 0.6238 | Kendall@80: 0.4485
Epoch 106/150 | Train Loss: 0.0234 | Epoch Time: 0.84s | Spearman@80: 0.6410 | Kendall@80: 0.4599
Epoch 107/150 | Train Loss: 0.0222 | Epoch Time: 0.85s | Spearman@80: 0.6506 | Kendall@80: 0.4783
Epoch 108/150 | Train Loss: 0.0214 | Epoch Time: 0.84s | Spearman@80: 0.6384 | Kendall@80: 0.4637
Epoch 109/150 | Train Loss: 0.0213 | Epoch Time: 0.86s | Spearman@80: 0.6437 | Kendall@80: 0.4656
Epoch 110/150 | Train Loss: 0.0226 | Epoch Time: 0.86s | Spearman@80: 0.6477 | Kendall@80: 0.4675
Epoch 111/150 | Train Loss: 0.0247 | Epoch Time: 0.88s | Spearman@80: 0.6457 | Kendall@80: 0.4650
Epoch 112/150 | Train Loss: 0.0232 | Epoch Time: 0.85s | Spearman@80: 0.6173 | Kendall@80: 0.4466
Epoch 113/150 | Train Loss: 0.0217 | Epoch Time: 0.89s | Spearman@80: 0.6314 | Kendall@80: 0.4530
Epoch 114/150 | Train Loss: 0.0186 | Epoch Time: 0.86s | Spearman@80: 0.6565 | Kendall@80: 0.4751
Epoch 115/150 | Train Loss: 0.0210 | Epoch Time: 0.84s | Spearman@80: 0.6431 | Kendall@80: 0.4682
Epoch 116/150 | Train Loss: 0.0194 | Epoch Time: 0.83s | Spearman@80: 0.6548 | Kendall@80: 0.4859
Epoch 117/150 | Train Loss: 0.0180 | Epoch Time: 0.84s | Spearman@80: 0.6692 | Kendall@80: 0.4922
Epoch 118/150 | Train Loss: 0.0200 | Epoch Time: 0.88s | Spearman@80: 0.6418 | Kendall@80: 0.4656
Epoch 119/150 | Train Loss: 0.0198 | Epoch Time: 0.83s | Spearman@80: 0.6528 | Kendall@80: 0.4694
Epoch 120/150 | Train Loss: 0.0182 | Epoch Time: 0.86s | Spearman@80: 0.6700 | Kendall@80: 0.4897
Epoch 121/150 | Train Loss: 0.0184 | Epoch Time: 0.86s | Spearman@80: 0.6726 | Kendall@80: 0.4922
Epoch 122/150 | Train Loss: 0.0189 | Epoch Time: 0.83s | Spearman@80: 0.6841 | Kendall@80: 0.5087
Epoch 123/150 | Train Loss: 0.0151 | Epoch Time: 0.84s | Spearman@80: 0.6492 | Kendall@80: 0.4644
Epoch 124/150 | Train Loss: 0.0204 | Epoch Time: 0.83s | Spearman@80: 0.6448 | Kendall@80: 0.4631
Epoch 125/150 | Train Loss: 0.0184 | Epoch Time: 0.89s | Spearman@80: 0.6511 | Kendall@80: 0.4739
Epoch 126/150 | Train Loss: 0.0243 | Epoch Time: 0.89s | Spearman@80: 0.6447 | Kendall@80: 0.4713
Epoch 127/150 | Train Loss: 0.0157 | Epoch Time: 0.89s | Spearman@80: 0.6389 | Kendall@80: 0.4631
Epoch 128/150 | Train Loss: 0.0150 | Epoch Time: 0.92s | Spearman@80: 0.6454 | Kendall@80: 0.4656
Epoch 129/150 | Train Loss: 0.0216 | Epoch Time: 0.86s | Spearman@80: 0.6439 | Kendall@80: 0.4688
Epoch 130/150 | Train Loss: 0.0163 | Epoch Time: 0.84s | Spearman@80: 0.6365 | Kendall@80: 0.4587
Epoch 131/150 | Train Loss: 0.0141 | Epoch Time: 0.87s | Spearman@80: 0.6541 | Kendall@80: 0.4770
Epoch 132/150 | Train Loss: 0.0157 | Epoch Time: 0.87s | Spearman@80: 0.6555 | Kendall@80: 0.4770
Epoch 133/150 | Train Loss: 0.0180 | Epoch Time: 0.87s | Spearman@80: 0.6461 | Kendall@80: 0.4644
Epoch 134/150 | Train Loss: 0.0204 | Epoch Time: 0.88s | Spearman@80: 0.6432 | Kendall@80: 0.4618
Epoch 135/150 | Train Loss: 0.0198 | Epoch Time: 0.86s | Spearman@80: 0.6458 | Kendall@80: 0.4644
Epoch 136/150 | Train Loss: 0.0195 | Epoch Time: 0.83s | Spearman@80: 0.6574 | Kendall@80: 0.4808
Epoch 137/150 | Train Loss: 0.0185 | Epoch Time: 0.86s | Spearman@80: 0.6499 | Kendall@80: 0.4732
Epoch 138/150 | Train Loss: 0.0168 | Epoch Time: 0.85s | Spearman@80: 0.6669 | Kendall@80: 0.4897
Epoch 139/150 | Train Loss: 0.0156 | Epoch Time: 0.85s | Spearman@80: 0.6528 | Kendall@80: 0.4732
Epoch 140/150 | Train Loss: 0.0180 | Epoch Time: 0.86s | Spearman@80: 0.6599 | Kendall@80: 0.4796
Epoch 141/150 | Train Loss: 0.0215 | Epoch Time: 0.88s | Spearman@80: 0.6404 | Kendall@80: 0.4656
Epoch 142/150 | Train Loss: 0.0183 | Epoch Time: 0.87s | Spearman@80: 0.6584 | Kendall@80: 0.4802
Epoch 143/150 | Train Loss: 0.0188 | Epoch Time: 0.94s | Spearman@80: 0.6426 | Kendall@80: 0.4682
Epoch 144/150 | Train Loss: 0.0169 | Epoch Time: 0.85s | Spearman@80: 0.6495 | Kendall@80: 0.4713
Epoch 145/150 | Train Loss: 0.0170 | Epoch Time: 0.92s | Spearman@80: 0.6631 | Kendall@80: 0.4859
Epoch 146/150 | Train Loss: 0.0159 | Epoch Time: 0.87s | Spearman@80: 0.6450 | Kendall@80: 0.4694
Epoch 147/150 | Train Loss: 0.0179 | Epoch Time: 1.81s | Spearman@4870: 0.6417 | Kendall@4870: 0.4628
Epoch 148/150 | Train Loss: 0.0218 | Epoch Time: 1.91s | Spearman@4870: 0.6474 | Kendall@4870: 0.4673
Epoch 149/150 | Train Loss: 0.0204 | Epoch Time: 1.78s | Spearman@4870: 0.6467 | Kendall@4870: 0.4668
Epoch 150/150 | Train Loss: 0.0170 | Epoch Time: 1.76s | Spearman@4870: 0.6447 | Kendall@4870: 0.4653
Sample Count: 128, Spearman: 0.6451302047595037, Kendall: 0.46556982747277886
{64: (0.5069209429762943, 0.35138588499935786),
 128: (0.6451302047595037, 0.46556982747277886)}
Average KDT:  0.3646874391589594
Variance KDT:  0.00010007462758760023
Average SPR:  0.5236176815969396
Variance SPR:  0.00016112390750210696
Average KDT:  0.4690454026733644
Variance KDT:  0.0002648549846470645
Average SPR:  0.6520897148830316
Variance SPR:  0.00032153924214074276
