Loading files for NASBench201...
Normalizing ZCP dict
try to create the NAS-Bench-201 api from /home/ya255/projects/flan_hardware/nas_embedding_suite/embedding_datasets/NAS-Bench-201-v1_1-096897.pth
Loaded files in:  50.66168427467346  seconds
Loading cache for NASBench-201 speedup!!...
Loading cache for NASBench-201 speedup!!...
Epoch 1/150 | Train Loss: 0.0960 | Epoch Time: 1.01s | Spearman@80: 0.3045 | Kendall@80: 0.2140
Epoch 2/150 | Train Loss: 0.0832 | Epoch Time: 0.31s | Spearman@80: 0.4288 | Kendall@80: 0.2992
Epoch 3/150 | Train Loss: 0.0681 | Epoch Time: 0.31s | Spearman@80: 0.7135 | Kendall@80: 0.5093
Epoch 4/150 | Train Loss: 0.0553 | Epoch Time: 0.33s | Spearman@80: 0.7935 | Kendall@80: 0.6066
Epoch 5/150 | Train Loss: 0.0439 | Epoch Time: 0.32s | Spearman@80: 0.9058 | Kendall@80: 0.7360
Epoch 6/150 | Train Loss: 0.0381 | Epoch Time: 0.31s | Spearman@80: 0.8337 | Kendall@80: 0.6327
Epoch 7/150 | Train Loss: 0.0354 | Epoch Time: 0.30s | Spearman@80: 0.8942 | Kendall@80: 0.7284
Epoch 8/150 | Train Loss: 0.0274 | Epoch Time: 0.31s | Spearman@80: 0.8986 | Kendall@80: 0.7076
Epoch 9/150 | Train Loss: 0.0405 | Epoch Time: 0.30s | Spearman@80: 0.9434 | Kendall@80: 0.7998
Epoch 10/150 | Train Loss: 0.0342 | Epoch Time: 0.32s | Spearman@80: 0.8966 | Kendall@80: 0.7178
Epoch 11/150 | Train Loss: 0.0319 | Epoch Time: 0.33s | Spearman@80: 0.9388 | Kendall@80: 0.7912
Epoch 12/150 | Train Loss: 0.0286 | Epoch Time: 0.30s | Spearman@80: 0.8686 | Kendall@80: 0.6579
Epoch 13/150 | Train Loss: 0.0403 | Epoch Time: 0.32s | Spearman@80: 0.9260 | Kendall@80: 0.7648
Epoch 14/150 | Train Loss: 0.0379 | Epoch Time: 0.31s | Spearman@80: 0.9321 | Kendall@80: 0.7775
Epoch 15/150 | Train Loss: 0.0366 | Epoch Time: 0.31s | Spearman@80: 0.9337 | Kendall@80: 0.7798
Epoch 16/150 | Train Loss: 0.0234 | Epoch Time: 0.31s | Spearman@80: 0.9393 | Kendall@80: 0.8023
Epoch 17/150 | Train Loss: 0.0380 | Epoch Time: 0.31s | Spearman@80: 0.9165 | Kendall@80: 0.7474
Epoch 18/150 | Train Loss: 0.0283 | Epoch Time: 0.32s | Spearman@80: 0.9322 | Kendall@80: 0.7820
Epoch 19/150 | Train Loss: 0.0267 | Epoch Time: 0.31s | Spearman@80: 0.9207 | Kendall@80: 0.7604
Epoch 20/150 | Train Loss: 0.0252 | Epoch Time: 0.31s | Spearman@80: 0.9384 | Kendall@80: 0.7925
Epoch 21/150 | Train Loss: 0.0327 | Epoch Time: 0.31s | Spearman@80: 0.9210 | Kendall@80: 0.7633
Epoch 22/150 | Train Loss: 0.0317 | Epoch Time: 0.32s | Spearman@80: 0.9401 | Kendall@80: 0.8001
Epoch 23/150 | Train Loss: 0.0277 | Epoch Time: 0.31s | Spearman@80: 0.9388 | Kendall@80: 0.7970
Epoch 24/150 | Train Loss: 0.0333 | Epoch Time: 0.32s | Spearman@80: 0.9414 | Kendall@80: 0.8020
Epoch 25/150 | Train Loss: 0.0328 | Epoch Time: 0.31s | Spearman@80: 0.9415 | Kendall@80: 0.7989
Epoch 26/150 | Train Loss: 0.0270 | Epoch Time: 0.31s | Spearman@80: 0.9483 | Kendall@80: 0.8086
Epoch 27/150 | Train Loss: 0.0306 | Epoch Time: 0.32s | Spearman@80: 0.9301 | Kendall@80: 0.7735
Epoch 28/150 | Train Loss: 0.0246 | Epoch Time: 0.34s | Spearman@80: 0.9510 | Kendall@80: 0.8194
Epoch 29/150 | Train Loss: 0.0224 | Epoch Time: 0.32s | Spearman@80: 0.9416 | Kendall@80: 0.7887
Epoch 30/150 | Train Loss: 0.0346 | Epoch Time: 0.32s | Spearman@80: 0.9342 | Kendall@80: 0.7832
Epoch 31/150 | Train Loss: 0.0231 | Epoch Time: 0.31s | Spearman@80: 0.9405 | Kendall@80: 0.7944
Epoch 32/150 | Train Loss: 0.0211 | Epoch Time: 0.31s | Spearman@80: 0.9488 | Kendall@80: 0.8137
Epoch 33/150 | Train Loss: 0.0224 | Epoch Time: 0.33s | Spearman@80: 0.9423 | Kendall@80: 0.7998
Epoch 34/150 | Train Loss: 0.0293 | Epoch Time: 0.31s | Spearman@80: 0.9193 | Kendall@80: 0.7515
Epoch 35/150 | Train Loss: 0.0372 | Epoch Time: 0.29s | Spearman@80: 0.9014 | Kendall@80: 0.7331
Epoch 36/150 | Train Loss: 0.0290 | Epoch Time: 0.29s | Spearman@80: 0.9378 | Kendall@80: 0.7890
Epoch 37/150 | Train Loss: 0.0342 | Epoch Time: 0.32s | Spearman@80: 0.9313 | Kendall@80: 0.7811
Epoch 38/150 | Train Loss: 0.0362 | Epoch Time: 0.32s | Spearman@80: 0.9325 | Kendall@80: 0.7811
Epoch 39/150 | Train Loss: 0.0334 | Epoch Time: 0.32s | Spearman@80: 0.9295 | Kendall@80: 0.7798
Epoch 40/150 | Train Loss: 0.0245 | Epoch Time: 0.31s | Spearman@80: 0.9406 | Kendall@80: 0.7972
Epoch 41/150 | Train Loss: 0.0211 | Epoch Time: 0.30s | Spearman@80: 0.9410 | Kendall@80: 0.8027
Epoch 42/150 | Train Loss: 0.0244 | Epoch Time: 0.31s | Spearman@80: 0.9399 | Kendall@80: 0.8067
Epoch 43/150 | Train Loss: 0.0278 | Epoch Time: 0.31s | Spearman@80: 0.9370 | Kendall@80: 0.7931
Epoch 44/150 | Train Loss: 0.0321 | Epoch Time: 0.31s | Spearman@80: 0.9434 | Kendall@80: 0.8086
Epoch 45/150 | Train Loss: 0.0270 | Epoch Time: 0.31s | Spearman@80: 0.9319 | Kendall@80: 0.7940
Epoch 46/150 | Train Loss: 0.0232 | Epoch Time: 0.30s | Spearman@80: 0.9299 | Kendall@80: 0.7849
Epoch 47/150 | Train Loss: 0.0242 | Epoch Time: 0.31s | Spearman@80: 0.9335 | Kendall@80: 0.7870
Epoch 48/150 | Train Loss: 0.0263 | Epoch Time: 0.31s | Spearman@80: 0.9298 | Kendall@80: 0.7785
Epoch 49/150 | Train Loss: 0.0289 | Epoch Time: 0.31s | Spearman@80: 0.9452 | Kendall@80: 0.8122
Epoch 50/150 | Train Loss: 0.0243 | Epoch Time: 0.31s | Spearman@80: 0.9429 | Kendall@80: 0.8055
Epoch 51/150 | Train Loss: 0.0268 | Epoch Time: 0.30s | Spearman@80: 0.9439 | Kendall@80: 0.8109
Epoch 52/150 | Train Loss: 0.0212 | Epoch Time: 0.29s | Spearman@80: 0.9278 | Kendall@80: 0.7724
Epoch 53/150 | Train Loss: 0.0245 | Epoch Time: 0.31s | Spearman@80: 0.9305 | Kendall@80: 0.7845
Epoch 54/150 | Train Loss: 0.0245 | Epoch Time: 0.31s | Spearman@80: 0.9363 | Kendall@80: 0.8036
Epoch 55/150 | Train Loss: 0.0202 | Epoch Time: 0.31s | Spearman@80: 0.9330 | Kendall@80: 0.7906
Epoch 56/150 | Train Loss: 0.0326 | Epoch Time: 0.31s | Spearman@80: 0.9348 | Kendall@80: 0.7970
Epoch 57/150 | Train Loss: 0.0295 | Epoch Time: 0.32s | Spearman@80: 0.9244 | Kendall@80: 0.7627
Epoch 58/150 | Train Loss: 0.0312 | Epoch Time: 0.30s | Spearman@80: 0.9391 | Kendall@80: 0.7881
Epoch 59/150 | Train Loss: 0.0180 | Epoch Time: 0.31s | Spearman@80: 0.9412 | Kendall@80: 0.7991
Epoch 60/150 | Train Loss: 0.0311 | Epoch Time: 0.32s | Spearman@80: 0.9420 | Kendall@80: 0.7957
Epoch 61/150 | Train Loss: 0.0228 | Epoch Time: 0.32s | Spearman@80: 0.9439 | Kendall@80: 0.8086
Epoch 62/150 | Train Loss: 0.0304 | Epoch Time: 0.33s | Spearman@80: 0.9465 | Kendall@80: 0.8125
Epoch 63/150 | Train Loss: 0.0254 | Epoch Time: 0.30s | Spearman@80: 0.9191 | Kendall@80: 0.7569
Epoch 64/150 | Train Loss: 0.0295 | Epoch Time: 0.31s | Spearman@80: 0.9471 | Kendall@80: 0.8144
Epoch 65/150 | Train Loss: 0.0257 | Epoch Time: 0.30s | Spearman@80: 0.9487 | Kendall@80: 0.8201
Epoch 66/150 | Train Loss: 0.0259 | Epoch Time: 0.31s | Spearman@80: 0.9431 | Kendall@80: 0.8074
Epoch 67/150 | Train Loss: 0.0194 | Epoch Time: 0.31s | Spearman@80: 0.9444 | Kendall@80: 0.7998
Epoch 68/150 | Train Loss: 0.0231 | Epoch Time: 0.32s | Spearman@80: 0.9469 | Kendall@80: 0.8067
Epoch 69/150 | Train Loss: 0.0227 | Epoch Time: 0.32s | Spearman@80: 0.9346 | Kendall@80: 0.7839
Epoch 70/150 | Train Loss: 0.0298 | Epoch Time: 0.32s | Spearman@80: 0.9382 | Kendall@80: 0.8004
Epoch 71/150 | Train Loss: 0.0225 | Epoch Time: 0.31s | Spearman@80: 0.9406 | Kendall@80: 0.8027
Epoch 72/150 | Train Loss: 0.0180 | Epoch Time: 0.29s | Spearman@80: 0.9508 | Kendall@80: 0.8179
Epoch 73/150 | Train Loss: 0.0217 | Epoch Time: 0.31s | Spearman@80: 0.9430 | Kendall@80: 0.8033
Epoch 74/150 | Train Loss: 0.0247 | Epoch Time: 0.30s | Spearman@80: 0.9406 | Kendall@80: 0.8014
Epoch 75/150 | Train Loss: 0.0185 | Epoch Time: 0.31s | Spearman@80: 0.9425 | Kendall@80: 0.8061
Epoch 76/150 | Train Loss: 0.0248 | Epoch Time: 0.29s | Spearman@80: 0.9393 | Kendall@80: 0.7928
Epoch 77/150 | Train Loss: 0.0201 | Epoch Time: 0.32s | Spearman@80: 0.9384 | Kendall@80: 0.7919
Epoch 78/150 | Train Loss: 0.0218 | Epoch Time: 0.33s | Spearman@80: 0.9407 | Kendall@80: 0.8061
Epoch 79/150 | Train Loss: 0.0208 | Epoch Time: 0.32s | Spearman@80: 0.9526 | Kendall@80: 0.8252
Epoch 80/150 | Train Loss: 0.0240 | Epoch Time: 0.32s | Spearman@80: 0.9522 | Kendall@80: 0.8211
Epoch 81/150 | Train Loss: 0.0103 | Epoch Time: 0.32s | Spearman@80: 0.9486 | Kendall@80: 0.8103
Epoch 82/150 | Train Loss: 0.0173 | Epoch Time: 0.30s | Spearman@80: 0.9515 | Kendall@80: 0.8233
Epoch 83/150 | Train Loss: 0.0158 | Epoch Time: 0.31s | Spearman@80: 0.9527 | Kendall@80: 0.8150
Epoch 84/150 | Train Loss: 0.0177 | Epoch Time: 0.31s | Spearman@80: 0.9539 | Kendall@80: 0.8236
Epoch 85/150 | Train Loss: 0.0259 | Epoch Time: 0.32s | Spearman@80: 0.9493 | Kendall@80: 0.8194
Epoch 86/150 | Train Loss: 0.0257 | Epoch Time: 0.33s | Spearman@80: 0.9472 | Kendall@80: 0.8093
Epoch 87/150 | Train Loss: 0.0228 | Epoch Time: 0.30s | Spearman@80: 0.9478 | Kendall@80: 0.8137
Epoch 88/150 | Train Loss: 0.0233 | Epoch Time: 0.30s | Spearman@80: 0.9411 | Kendall@80: 0.8048
Epoch 89/150 | Train Loss: 0.0205 | Epoch Time: 0.31s | Spearman@80: 0.9514 | Kendall@80: 0.8185
Epoch 90/150 | Train Loss: 0.0166 | Epoch Time: 0.32s | Spearman@80: 0.9410 | Kendall@80: 0.7972
Epoch 91/150 | Train Loss: 0.0181 | Epoch Time: 0.31s | Spearman@80: 0.9458 | Kendall@80: 0.8090
Epoch 92/150 | Train Loss: 0.0241 | Epoch Time: 0.29s | Spearman@80: 0.9535 | Kendall@80: 0.8293
Epoch 93/150 | Train Loss: 0.0201 | Epoch Time: 0.33s | Spearman@80: 0.9545 | Kendall@80: 0.8281
Epoch 94/150 | Train Loss: 0.0143 | Epoch Time: 0.33s | Spearman@80: 0.9495 | Kendall@80: 0.8112
Epoch 95/150 | Train Loss: 0.0200 | Epoch Time: 0.33s | Spearman@80: 0.9565 | Kendall@80: 0.8201
Epoch 96/150 | Train Loss: 0.0155 | Epoch Time: 0.31s | Spearman@80: 0.9415 | Kendall@80: 0.7934
Epoch 97/150 | Train Loss: 0.0192 | Epoch Time: 0.31s | Spearman@80: 0.9484 | Kendall@80: 0.8166
Epoch 98/150 | Train Loss: 0.0169 | Epoch Time: 0.31s | Spearman@80: 0.9529 | Kendall@80: 0.8274
Epoch 99/150 | Train Loss: 0.0164 | Epoch Time: 0.32s | Spearman@80: 0.9531 | Kendall@80: 0.8175
Epoch 100/150 | Train Loss: 0.0243 | Epoch Time: 0.33s | Spearman@80: 0.9511 | Kendall@80: 0.8201
Epoch 101/150 | Train Loss: 0.0201 | Epoch Time: 0.32s | Spearman@80: 0.9524 | Kendall@80: 0.8255
Epoch 102/150 | Train Loss: 0.0148 | Epoch Time: 0.31s | Spearman@80: 0.9537 | Kendall@80: 0.8239
Epoch 103/150 | Train Loss: 0.0111 | Epoch Time: 0.33s | Spearman@80: 0.9559 | Kendall@80: 0.8169
Epoch 104/150 | Train Loss: 0.0127 | Epoch Time: 0.32s | Spearman@80: 0.9551 | Kendall@80: 0.8213
Epoch 105/150 | Train Loss: 0.0160 | Epoch Time: 0.34s | Spearman@80: 0.9566 | Kendall@80: 0.8252
Epoch 106/150 | Train Loss: 0.0148 | Epoch Time: 0.31s | Spearman@80: 0.9552 | Kendall@80: 0.8271
Epoch 107/150 | Train Loss: 0.0149 | Epoch Time: 0.32s | Spearman@80: 0.9540 | Kendall@80: 0.8255
Epoch 108/150 | Train Loss: 0.0211 | Epoch Time: 0.31s | Spearman@80: 0.9581 | Kendall@80: 0.8277
Epoch 109/150 | Train Loss: 0.0103 | Epoch Time: 0.31s | Spearman@80: 0.9574 | Kendall@80: 0.8239
Epoch 110/150 | Train Loss: 0.0105 | Epoch Time: 0.32s | Spearman@80: 0.9578 | Kendall@80: 0.8188
Epoch 111/150 | Train Loss: 0.0146 | Epoch Time: 0.33s | Spearman@80: 0.9582 | Kendall@80: 0.8205
Epoch 112/150 | Train Loss: 0.0173 | Epoch Time: 0.32s | Spearman@80: 0.9569 | Kendall@80: 0.8245
Epoch 113/150 | Train Loss: 0.0187 | Epoch Time: 0.31s | Spearman@80: 0.9535 | Kendall@80: 0.8220
Epoch 114/150 | Train Loss: 0.0126 | Epoch Time: 0.32s | Spearman@80: 0.9572 | Kendall@80: 0.8262
Epoch 115/150 | Train Loss: 0.0105 | Epoch Time: 0.32s | Spearman@80: 0.9535 | Kendall@80: 0.8179
Epoch 116/150 | Train Loss: 0.0151 | Epoch Time: 0.32s | Spearman@80: 0.9550 | Kendall@80: 0.8233
Epoch 117/150 | Train Loss: 0.0108 | Epoch Time: 0.31s | Spearman@80: 0.9562 | Kendall@80: 0.8264
Epoch 118/150 | Train Loss: 0.0133 | Epoch Time: 0.31s | Spearman@80: 0.9550 | Kendall@80: 0.8258
Epoch 119/150 | Train Loss: 0.0142 | Epoch Time: 0.32s | Spearman@80: 0.9577 | Kendall@80: 0.8312
Epoch 120/150 | Train Loss: 0.0153 | Epoch Time: 0.30s | Spearman@80: 0.9572 | Kendall@80: 0.8302
Epoch 121/150 | Train Loss: 0.0201 | Epoch Time: 0.32s | Spearman@80: 0.9544 | Kendall@80: 0.8207
Epoch 122/150 | Train Loss: 0.0133 | Epoch Time: 0.30s | Spearman@80: 0.9549 | Kendall@80: 0.8188
Epoch 123/150 | Train Loss: 0.0128 | Epoch Time: 0.33s | Spearman@80: 0.9550 | Kendall@80: 0.8144
Epoch 124/150 | Train Loss: 0.0175 | Epoch Time: 0.33s | Spearman@80: 0.9569 | Kendall@80: 0.8182
Epoch 125/150 | Train Loss: 0.0154 | Epoch Time: 0.31s | Spearman@80: 0.9571 | Kendall@80: 0.8233
Epoch 126/150 | Train Loss: 0.0144 | Epoch Time: 0.31s | Spearman@80: 0.9562 | Kendall@80: 0.8271
Epoch 127/150 | Train Loss: 0.0094 | Epoch Time: 0.33s | Spearman@80: 0.9570 | Kendall@80: 0.8264
Epoch 128/150 | Train Loss: 0.0155 | Epoch Time: 0.31s | Spearman@80: 0.9556 | Kendall@80: 0.8233
Epoch 129/150 | Train Loss: 0.0160 | Epoch Time: 0.33s | Spearman@80: 0.9573 | Kendall@80: 0.8271
Epoch 130/150 | Train Loss: 0.0111 | Epoch Time: 0.32s | Spearman@80: 0.9570 | Kendall@80: 0.8271
Epoch 131/150 | Train Loss: 0.0182 | Epoch Time: 0.32s | Spearman@80: 0.9564 | Kendall@80: 0.8252
Epoch 132/150 | Train Loss: 0.0134 | Epoch Time: 0.32s | Spearman@80: 0.9562 | Kendall@80: 0.8243
Epoch 133/150 | Train Loss: 0.0137 | Epoch Time: 0.32s | Spearman@80: 0.9556 | Kendall@80: 0.8258
Epoch 134/150 | Train Loss: 0.0133 | Epoch Time: 0.33s | Spearman@80: 0.9551 | Kendall@80: 0.8236
Epoch 135/150 | Train Loss: 0.0196 | Epoch Time: 0.31s | Spearman@80: 0.9565 | Kendall@80: 0.8245
Epoch 136/150 | Train Loss: 0.0174 | Epoch Time: 0.32s | Spearman@80: 0.9540 | Kendall@80: 0.8224
Epoch 137/150 | Train Loss: 0.0168 | Epoch Time: 0.31s | Spearman@80: 0.9559 | Kendall@80: 0.8274
Epoch 138/150 | Train Loss: 0.0123 | Epoch Time: 0.31s | Spearman@80: 0.9540 | Kendall@80: 0.8233
Epoch 139/150 | Train Loss: 0.0166 | Epoch Time: 0.32s | Spearman@80: 0.9542 | Kendall@80: 0.8252
Epoch 140/150 | Train Loss: 0.0157 | Epoch Time: 0.32s | Spearman@80: 0.9536 | Kendall@80: 0.8239
Epoch 141/150 | Train Loss: 0.0114 | Epoch Time: 0.31s | Spearman@80: 0.9560 | Kendall@80: 0.8255
Epoch 142/150 | Train Loss: 0.0188 | Epoch Time: 0.32s | Spearman@80: 0.9547 | Kendall@80: 0.8252
Epoch 143/150 | Train Loss: 0.0175 | Epoch Time: 0.32s | Spearman@80: 0.9566 | Kendall@80: 0.8258
Epoch 144/150 | Train Loss: 0.0180 | Epoch Time: 0.30s | Spearman@80: 0.9561 | Kendall@80: 0.8245
Epoch 145/150 | Train Loss: 0.0162 | Epoch Time: 0.31s | Spearman@80: 0.9566 | Kendall@80: 0.8258
Epoch 146/150 | Train Loss: 0.0191 | Epoch Time: 0.32s | Spearman@80: 0.9565 | Kendall@80: 0.8252
Epoch 147/150 | Train Loss: 0.0110 | Epoch Time: 1.17s | Spearman@15560: 0.9439 | Kendall@15560: 0.8059
Epoch 148/150 | Train Loss: 0.0134 | Epoch Time: 1.15s | Spearman@15560: 0.9433 | Kendall@15560: 0.8044
Epoch 149/150 | Train Loss: 0.0152 | Epoch Time: 1.14s | Spearman@15560: 0.9437 | Kendall@15560: 0.8053
Epoch 150/150 | Train Loss: 0.0108 | Epoch Time: 1.20s | Spearman@15560: 0.9435 | Kendall@15560: 0.8047
Sample Count: 64, Spearman: 0.9436112295837943, Kendall: 0.8050903843401733
{64: (0.9436112295837943, 0.8050903843401733)}
Epoch 1/150 | Train Loss: 0.0904 | Epoch Time: 0.58s | Spearman@80: 0.6498 | Kendall@80: 0.4768
Epoch 2/150 | Train Loss: 0.0577 | Epoch Time: 0.63s | Spearman@80: 0.8427 | Kendall@80: 0.6476
Epoch 3/150 | Train Loss: 0.0504 | Epoch Time: 0.64s | Spearman@80: 0.8943 | Kendall@80: 0.7356
Epoch 4/150 | Train Loss: 0.0415 | Epoch Time: 0.61s | Spearman@80: 0.8898 | Kendall@80: 0.7255
Epoch 5/150 | Train Loss: 0.0334 | Epoch Time: 0.59s | Spearman@80: 0.8778 | Kendall@80: 0.6990
Epoch 6/150 | Train Loss: 0.0377 | Epoch Time: 0.61s | Spearman@80: 0.9207 | Kendall@80: 0.7656
Epoch 7/150 | Train Loss: 0.0370 | Epoch Time: 0.62s | Spearman@80: 0.9168 | Kendall@80: 0.7667
Epoch 8/150 | Train Loss: 0.0346 | Epoch Time: 0.61s | Spearman@80: 0.9210 | Kendall@80: 0.7635
Epoch 9/150 | Train Loss: 0.0388 | Epoch Time: 0.58s | Spearman@80: 0.9215 | Kendall@80: 0.7669
Epoch 10/150 | Train Loss: 0.0333 | Epoch Time: 0.61s | Spearman@80: 0.9371 | Kendall@80: 0.7902
Epoch 11/150 | Train Loss: 0.0350 | Epoch Time: 0.62s | Spearman@80: 0.8918 | Kendall@80: 0.7305
Epoch 12/150 | Train Loss: 0.0397 | Epoch Time: 0.60s | Spearman@80: 0.9314 | Kendall@80: 0.7870
Epoch 13/150 | Train Loss: 0.0344 | Epoch Time: 0.63s | Spearman@80: 0.9013 | Kendall@80: 0.7343
Epoch 14/150 | Train Loss: 0.0322 | Epoch Time: 0.59s | Spearman@80: 0.9332 | Kendall@80: 0.7876
Epoch 15/150 | Train Loss: 0.0334 | Epoch Time: 0.64s | Spearman@80: 0.9292 | Kendall@80: 0.7902
Epoch 16/150 | Train Loss: 0.0232 | Epoch Time: 0.61s | Spearman@80: 0.9217 | Kendall@80: 0.7648
Epoch 17/150 | Train Loss: 0.0394 | Epoch Time: 0.61s | Spearman@80: 0.9000 | Kendall@80: 0.7447
Epoch 18/150 | Train Loss: 0.0328 | Epoch Time: 0.61s | Spearman@80: 0.9257 | Kendall@80: 0.7827
Epoch 19/150 | Train Loss: 0.0349 | Epoch Time: 0.62s | Spearman@80: 0.9270 | Kendall@80: 0.7762
Epoch 20/150 | Train Loss: 0.0316 | Epoch Time: 0.60s | Spearman@80: 0.9288 | Kendall@80: 0.7895
Epoch 21/150 | Train Loss: 0.0336 | Epoch Time: 0.62s | Spearman@80: 0.9297 | Kendall@80: 0.7870
Epoch 22/150 | Train Loss: 0.0379 | Epoch Time: 0.61s | Spearman@80: 0.9363 | Kendall@80: 0.7895
Epoch 23/150 | Train Loss: 0.0296 | Epoch Time: 0.65s | Spearman@80: 0.9353 | Kendall@80: 0.7942
Epoch 24/150 | Train Loss: 0.0342 | Epoch Time: 0.61s | Spearman@80: 0.9319 | Kendall@80: 0.7834
Epoch 25/150 | Train Loss: 0.0325 | Epoch Time: 0.62s | Spearman@80: 0.9093 | Kendall@80: 0.7546
Epoch 26/150 | Train Loss: 0.0328 | Epoch Time: 0.61s | Spearman@80: 0.9213 | Kendall@80: 0.7751
Epoch 27/150 | Train Loss: 0.0308 | Epoch Time: 0.61s | Spearman@80: 0.9173 | Kendall@80: 0.7669
Epoch 28/150 | Train Loss: 0.0378 | Epoch Time: 0.59s | Spearman@80: 0.9330 | Kendall@80: 0.7864
Epoch 29/150 | Train Loss: 0.0325 | Epoch Time: 0.60s | Spearman@80: 0.9186 | Kendall@80: 0.7661
Epoch 30/150 | Train Loss: 0.0296 | Epoch Time: 0.62s | Spearman@80: 0.9303 | Kendall@80: 0.7826
Epoch 31/150 | Train Loss: 0.0383 | Epoch Time: 0.62s | Spearman@80: 0.9102 | Kendall@80: 0.7610
Epoch 32/150 | Train Loss: 0.0368 | Epoch Time: 0.61s | Spearman@80: 0.9207 | Kendall@80: 0.7781
Epoch 33/150 | Train Loss: 0.0362 | Epoch Time: 0.63s | Spearman@80: 0.9309 | Kendall@80: 0.7948
Epoch 34/150 | Train Loss: 0.0299 | Epoch Time: 0.61s | Spearman@80: 0.9288 | Kendall@80: 0.7853
Epoch 35/150 | Train Loss: 0.0332 | Epoch Time: 0.61s | Spearman@80: 0.9186 | Kendall@80: 0.7650
Epoch 36/150 | Train Loss: 0.0317 | Epoch Time: 0.61s | Spearman@80: 0.9309 | Kendall@80: 0.7878
Epoch 37/150 | Train Loss: 0.0335 | Epoch Time: 0.62s | Spearman@80: 0.9178 | Kendall@80: 0.7692
Epoch 38/150 | Train Loss: 0.0334 | Epoch Time: 0.63s | Spearman@80: 0.9054 | Kendall@80: 0.7637
Epoch 39/150 | Train Loss: 0.0280 | Epoch Time: 0.64s | Spearman@80: 0.9064 | Kendall@80: 0.7593
Epoch 40/150 | Train Loss: 0.0261 | Epoch Time: 0.62s | Spearman@80: 0.9387 | Kendall@80: 0.8060
Epoch 41/150 | Train Loss: 0.0338 | Epoch Time: 0.61s | Spearman@80: 0.9237 | Kendall@80: 0.7661
Epoch 42/150 | Train Loss: 0.0294 | Epoch Time: 0.62s | Spearman@80: 0.9350 | Kendall@80: 0.7999
Epoch 43/150 | Train Loss: 0.0305 | Epoch Time: 0.64s | Spearman@80: 0.9285 | Kendall@80: 0.7927
Epoch 44/150 | Train Loss: 0.0304 | Epoch Time: 0.61s | Spearman@80: 0.9370 | Kendall@80: 0.7984
Epoch 45/150 | Train Loss: 0.0364 | Epoch Time: 0.61s | Spearman@80: 0.9211 | Kendall@80: 0.7802
Epoch 46/150 | Train Loss: 0.0228 | Epoch Time: 0.64s | Spearman@80: 0.9125 | Kendall@80: 0.7701
Epoch 47/150 | Train Loss: 0.0340 | Epoch Time: 0.62s | Spearman@80: 0.9276 | Kendall@80: 0.7840
Epoch 48/150 | Train Loss: 0.0302 | Epoch Time: 0.65s | Spearman@80: 0.9145 | Kendall@80: 0.7669
Epoch 49/150 | Train Loss: 0.0292 | Epoch Time: 0.62s | Spearman@80: 0.9317 | Kendall@80: 0.7910
Epoch 50/150 | Train Loss: 0.0314 | Epoch Time: 0.62s | Spearman@80: 0.9162 | Kendall@80: 0.7699
Epoch 51/150 | Train Loss: 0.0322 | Epoch Time: 0.62s | Spearman@80: 0.9257 | Kendall@80: 0.7826
Epoch 52/150 | Train Loss: 0.0302 | Epoch Time: 0.62s | Spearman@80: 0.9097 | Kendall@80: 0.7521
Epoch 53/150 | Train Loss: 0.0336 | Epoch Time: 0.62s | Spearman@80: 0.9020 | Kendall@80: 0.7529
Epoch 54/150 | Train Loss: 0.0288 | Epoch Time: 0.62s | Spearman@80: 0.9216 | Kendall@80: 0.7758
Epoch 55/150 | Train Loss: 0.0281 | Epoch Time: 0.61s | Spearman@80: 0.9241 | Kendall@80: 0.7749
Epoch 56/150 | Train Loss: 0.0239 | Epoch Time: 0.62s | Spearman@80: 0.9167 | Kendall@80: 0.7730
Epoch 57/150 | Train Loss: 0.0264 | Epoch Time: 0.62s | Spearman@80: 0.9218 | Kendall@80: 0.7796
Epoch 58/150 | Train Loss: 0.0249 | Epoch Time: 0.61s | Spearman@80: 0.9285 | Kendall@80: 0.7872
Epoch 59/150 | Train Loss: 0.0309 | Epoch Time: 0.62s | Spearman@80: 0.9216 | Kendall@80: 0.7789
Epoch 60/150 | Train Loss: 0.0282 | Epoch Time: 0.64s | Spearman@80: 0.8982 | Kendall@80: 0.7458
Epoch 61/150 | Train Loss: 0.0327 | Epoch Time: 0.64s | Spearman@80: 0.9228 | Kendall@80: 0.7756
Epoch 62/150 | Train Loss: 0.0345 | Epoch Time: 0.62s | Spearman@80: 0.9043 | Kendall@80: 0.7508
Epoch 63/150 | Train Loss: 0.0261 | Epoch Time: 0.64s | Spearman@80: 0.9178 | Kendall@80: 0.7637
Epoch 64/150 | Train Loss: 0.0309 | Epoch Time: 0.62s | Spearman@80: 0.9335 | Kendall@80: 0.7910
Epoch 65/150 | Train Loss: 0.0293 | Epoch Time: 0.60s | Spearman@80: 0.9330 | Kendall@80: 0.7889
Epoch 66/150 | Train Loss: 0.0263 | Epoch Time: 0.62s | Spearman@80: 0.9176 | Kendall@80: 0.7794
Epoch 67/150 | Train Loss: 0.0293 | Epoch Time: 0.61s | Spearman@80: 0.9228 | Kendall@80: 0.7845
Epoch 68/150 | Train Loss: 0.0318 | Epoch Time: 0.62s | Spearman@80: 0.9150 | Kendall@80: 0.7669
Epoch 69/150 | Train Loss: 0.0269 | Epoch Time: 0.60s | Spearman@80: 0.9238 | Kendall@80: 0.7853
Epoch 70/150 | Train Loss: 0.0240 | Epoch Time: 0.59s | Spearman@80: 0.9418 | Kendall@80: 0.8088
Epoch 71/150 | Train Loss: 0.0272 | Epoch Time: 0.60s | Spearman@80: 0.9019 | Kendall@80: 0.7534
Epoch 72/150 | Train Loss: 0.0274 | Epoch Time: 0.63s | Spearman@80: 0.9402 | Kendall@80: 0.7986
Epoch 73/150 | Train Loss: 0.0297 | Epoch Time: 0.61s | Spearman@80: 0.9365 | Kendall@80: 0.8075
Epoch 74/150 | Train Loss: 0.0247 | Epoch Time: 0.59s | Spearman@80: 0.9107 | Kendall@80: 0.7669
Epoch 75/150 | Train Loss: 0.0266 | Epoch Time: 0.62s | Spearman@80: 0.9214 | Kendall@80: 0.7770
Epoch 76/150 | Train Loss: 0.0283 | Epoch Time: 0.61s | Spearman@80: 0.9307 | Kendall@80: 0.7961
Epoch 77/150 | Train Loss: 0.0305 | Epoch Time: 0.63s | Spearman@80: 0.9035 | Kendall@80: 0.7565
Epoch 78/150 | Train Loss: 0.0230 | Epoch Time: 0.60s | Spearman@80: 0.9215 | Kendall@80: 0.7819
Epoch 79/150 | Train Loss: 0.0173 | Epoch Time: 0.64s | Spearman@80: 0.9250 | Kendall@80: 0.7838
Epoch 80/150 | Train Loss: 0.0325 | Epoch Time: 0.61s | Spearman@80: 0.8973 | Kendall@80: 0.7422
Epoch 81/150 | Train Loss: 0.0264 | Epoch Time: 0.62s | Spearman@80: 0.9258 | Kendall@80: 0.7857
Epoch 82/150 | Train Loss: 0.0214 | Epoch Time: 0.61s | Spearman@80: 0.9112 | Kendall@80: 0.7705
Epoch 83/150 | Train Loss: 0.0228 | Epoch Time: 0.63s | Spearman@80: 0.9117 | Kendall@80: 0.7699
Epoch 84/150 | Train Loss: 0.0256 | Epoch Time: 0.62s | Spearman@80: 0.9375 | Kendall@80: 0.7948
Epoch 85/150 | Train Loss: 0.0276 | Epoch Time: 0.60s | Spearman@80: 0.9219 | Kendall@80: 0.7768
Epoch 86/150 | Train Loss: 0.0269 | Epoch Time: 0.62s | Spearman@80: 0.9066 | Kendall@80: 0.7661
Epoch 87/150 | Train Loss: 0.0283 | Epoch Time: 0.61s | Spearman@80: 0.9272 | Kendall@80: 0.7876
Epoch 88/150 | Train Loss: 0.0237 | Epoch Time: 0.64s | Spearman@80: 0.8965 | Kendall@80: 0.7472
Epoch 89/150 | Train Loss: 0.0267 | Epoch Time: 0.64s | Spearman@80: 0.8996 | Kendall@80: 0.7540
Epoch 90/150 | Train Loss: 0.0265 | Epoch Time: 0.61s | Spearman@80: 0.9130 | Kendall@80: 0.7705
Epoch 91/150 | Train Loss: 0.0222 | Epoch Time: 0.63s | Spearman@80: 0.9284 | Kendall@80: 0.7800
Epoch 92/150 | Train Loss: 0.0257 | Epoch Time: 0.60s | Spearman@80: 0.9137 | Kendall@80: 0.7711
Epoch 93/150 | Train Loss: 0.0243 | Epoch Time: 0.59s | Spearman@80: 0.9163 | Kendall@80: 0.7770
Epoch 94/150 | Train Loss: 0.0224 | Epoch Time: 0.61s | Spearman@80: 0.9220 | Kendall@80: 0.7832
Epoch 95/150 | Train Loss: 0.0244 | Epoch Time: 0.62s | Spearman@80: 0.9078 | Kendall@80: 0.7732
Epoch 96/150 | Train Loss: 0.0273 | Epoch Time: 0.63s | Spearman@80: 0.9288 | Kendall@80: 0.7921
Epoch 97/150 | Train Loss: 0.0238 | Epoch Time: 0.61s | Spearman@80: 0.9214 | Kendall@80: 0.7876
Epoch 98/150 | Train Loss: 0.0257 | Epoch Time: 0.64s | Spearman@80: 0.9243 | Kendall@80: 0.7876
Epoch 99/150 | Train Loss: 0.0235 | Epoch Time: 0.60s | Spearman@80: 0.9187 | Kendall@80: 0.7781
Epoch 100/150 | Train Loss: 0.0257 | Epoch Time: 0.61s | Spearman@80: 0.9144 | Kendall@80: 0.7743
Epoch 101/150 | Train Loss: 0.0193 | Epoch Time: 0.58s | Spearman@80: 0.9172 | Kendall@80: 0.7768
Epoch 102/150 | Train Loss: 0.0227 | Epoch Time: 0.60s | Spearman@80: 0.9169 | Kendall@80: 0.7781
Epoch 103/150 | Train Loss: 0.0247 | Epoch Time: 0.62s | Spearman@80: 0.9039 | Kendall@80: 0.7654
Epoch 104/150 | Train Loss: 0.0208 | Epoch Time: 0.62s | Spearman@80: 0.9107 | Kendall@80: 0.7629
Epoch 105/150 | Train Loss: 0.0206 | Epoch Time: 0.63s | Spearman@80: 0.9138 | Kendall@80: 0.7794
Epoch 106/150 | Train Loss: 0.0261 | Epoch Time: 0.64s | Spearman@80: 0.9140 | Kendall@80: 0.7764
Epoch 107/150 | Train Loss: 0.0210 | Epoch Time: 0.61s | Spearman@80: 0.9110 | Kendall@80: 0.7756
Epoch 108/150 | Train Loss: 0.0265 | Epoch Time: 0.62s | Spearman@80: 0.9065 | Kendall@80: 0.7604
Epoch 109/150 | Train Loss: 0.0263 | Epoch Time: 0.64s | Spearman@80: 0.9075 | Kendall@80: 0.7692
Epoch 110/150 | Train Loss: 0.0247 | Epoch Time: 0.60s | Spearman@80: 0.9085 | Kendall@80: 0.7667
Epoch 111/150 | Train Loss: 0.0211 | Epoch Time: 0.61s | Spearman@80: 0.9081 | Kendall@80: 0.7701
Epoch 112/150 | Train Loss: 0.0226 | Epoch Time: 0.60s | Spearman@80: 0.9108 | Kendall@80: 0.7749
Epoch 113/150 | Train Loss: 0.0205 | Epoch Time: 0.60s | Spearman@80: 0.9160 | Kendall@80: 0.7762
Epoch 114/150 | Train Loss: 0.0270 | Epoch Time: 0.62s | Spearman@80: 0.9199 | Kendall@80: 0.7807
Epoch 115/150 | Train Loss: 0.0233 | Epoch Time: 0.59s | Spearman@80: 0.9161 | Kendall@80: 0.7781
Epoch 116/150 | Train Loss: 0.0214 | Epoch Time: 0.61s | Spearman@80: 0.9126 | Kendall@80: 0.7732
Epoch 117/150 | Train Loss: 0.0196 | Epoch Time: 0.64s | Spearman@80: 0.9084 | Kendall@80: 0.7692
Epoch 118/150 | Train Loss: 0.0239 | Epoch Time: 0.63s | Spearman@80: 0.9124 | Kendall@80: 0.7711
Epoch 119/150 | Train Loss: 0.0189 | Epoch Time: 0.61s | Spearman@80: 0.9150 | Kendall@80: 0.7732
Epoch 120/150 | Train Loss: 0.0266 | Epoch Time: 0.62s | Spearman@80: 0.9142 | Kendall@80: 0.7768
Epoch 121/150 | Train Loss: 0.0197 | Epoch Time: 0.59s | Spearman@80: 0.9099 | Kendall@80: 0.7762
Epoch 122/150 | Train Loss: 0.0240 | Epoch Time: 0.66s | Spearman@80: 0.9162 | Kendall@80: 0.7775
Epoch 123/150 | Train Loss: 0.0221 | Epoch Time: 0.62s | Spearman@80: 0.9099 | Kendall@80: 0.7718
Epoch 124/150 | Train Loss: 0.0199 | Epoch Time: 0.62s | Spearman@80: 0.9112 | Kendall@80: 0.7762
Epoch 125/150 | Train Loss: 0.0243 | Epoch Time: 0.65s | Spearman@80: 0.9074 | Kendall@80: 0.7724
Epoch 126/150 | Train Loss: 0.0197 | Epoch Time: 0.63s | Spearman@80: 0.9079 | Kendall@80: 0.7739
Epoch 127/150 | Train Loss: 0.0220 | Epoch Time: 0.62s | Spearman@80: 0.9109 | Kendall@80: 0.7787
Epoch 128/150 | Train Loss: 0.0205 | Epoch Time: 0.60s | Spearman@80: 0.9143 | Kendall@80: 0.7758
Epoch 129/150 | Train Loss: 0.0241 | Epoch Time: 0.62s | Spearman@80: 0.9146 | Kendall@80: 0.7770
Epoch 130/150 | Train Loss: 0.0199 | Epoch Time: 0.60s | Spearman@80: 0.9131 | Kendall@80: 0.7808
Epoch 131/150 | Train Loss: 0.0188 | Epoch Time: 0.66s | Spearman@80: 0.9122 | Kendall@80: 0.7800
Epoch 132/150 | Train Loss: 0.0201 | Epoch Time: 0.61s | Spearman@80: 0.9069 | Kendall@80: 0.7705
Epoch 133/150 | Train Loss: 0.0255 | Epoch Time: 0.63s | Spearman@80: 0.9073 | Kendall@80: 0.7726
Epoch 134/150 | Train Loss: 0.0248 | Epoch Time: 0.62s | Spearman@80: 0.9121 | Kendall@80: 0.7787
Epoch 135/150 | Train Loss: 0.0167 | Epoch Time: 0.65s | Spearman@80: 0.9071 | Kendall@80: 0.7686
Epoch 136/150 | Train Loss: 0.0232 | Epoch Time: 0.59s | Spearman@80: 0.9088 | Kendall@80: 0.7730
Epoch 137/150 | Train Loss: 0.0224 | Epoch Time: 0.59s | Spearman@80: 0.9052 | Kendall@80: 0.7680
Epoch 138/150 | Train Loss: 0.0225 | Epoch Time: 0.61s | Spearman@80: 0.9064 | Kendall@80: 0.7730
Epoch 139/150 | Train Loss: 0.0186 | Epoch Time: 0.63s | Spearman@80: 0.9069 | Kendall@80: 0.7726
Epoch 140/150 | Train Loss: 0.0206 | Epoch Time: 0.61s | Spearman@80: 0.9065 | Kendall@80: 0.7707
Epoch 141/150 | Train Loss: 0.0210 | Epoch Time: 0.62s | Spearman@80: 0.9049 | Kendall@80: 0.7694
Epoch 142/150 | Train Loss: 0.0244 | Epoch Time: 0.62s | Spearman@80: 0.9079 | Kendall@80: 0.7737
Epoch 143/150 | Train Loss: 0.0194 | Epoch Time: 0.65s | Spearman@80: 0.9072 | Kendall@80: 0.7707
Epoch 144/150 | Train Loss: 0.0206 | Epoch Time: 0.64s | Spearman@80: 0.9078 | Kendall@80: 0.7730
Epoch 145/150 | Train Loss: 0.0170 | Epoch Time: 0.62s | Spearman@80: 0.9078 | Kendall@80: 0.7730
Epoch 146/150 | Train Loss: 0.0273 | Epoch Time: 0.60s | Spearman@80: 0.9071 | Kendall@80: 0.7732
Epoch 147/150 | Train Loss: 0.0184 | Epoch Time: 1.54s | Spearman@15496: 0.9188 | Kendall@15496: 0.7707
Epoch 148/150 | Train Loss: 0.0209 | Epoch Time: 1.50s | Spearman@15496: 0.9169 | Kendall@15496: 0.7677
Epoch 149/150 | Train Loss: 0.0181 | Epoch Time: 1.48s | Spearman@15496: 0.9191 | Kendall@15496: 0.7711
Epoch 150/150 | Train Loss: 0.0184 | Epoch Time: 1.54s | Spearman@15496: 0.9187 | Kendall@15496: 0.7705
Sample Count: 128, Spearman: 0.9183819823319854, Kendall: 0.769999639749434
{64: (0.9436112295837943, 0.8050903843401733),
 128: (0.9183819823319854, 0.769999639749434)}
Epoch 1/150 | Train Loss: 0.0947 | Epoch Time: 0.29s | Spearman@80: 0.4203 | Kendall@80: 0.2886
Epoch 2/150 | Train Loss: 0.0715 | Epoch Time: 0.29s | Spearman@80: 0.5459 | Kendall@80: 0.3904
Epoch 3/150 | Train Loss: 0.0586 | Epoch Time: 0.30s | Spearman@80: 0.7862 | Kendall@80: 0.6067
Epoch 4/150 | Train Loss: 0.0587 | Epoch Time: 0.32s | Spearman@80: 0.8220 | Kendall@80: 0.6365
Epoch 5/150 | Train Loss: 0.0375 | Epoch Time: 0.33s | Spearman@80: 0.8246 | Kendall@80: 0.6485
Epoch 6/150 | Train Loss: 0.0368 | Epoch Time: 0.32s | Spearman@80: 0.7989 | Kendall@80: 0.6071
Epoch 7/150 | Train Loss: 0.0304 | Epoch Time: 0.31s | Spearman@80: 0.8433 | Kendall@80: 0.6757
Epoch 8/150 | Train Loss: 0.0356 | Epoch Time: 0.30s | Spearman@80: 0.8142 | Kendall@80: 0.6439
Epoch 9/150 | Train Loss: 0.0291 | Epoch Time: 0.31s | Spearman@80: 0.8174 | Kendall@80: 0.6510
Epoch 10/150 | Train Loss: 0.0220 | Epoch Time: 0.31s | Spearman@80: 0.8615 | Kendall@80: 0.6998
Epoch 11/150 | Train Loss: 0.0286 | Epoch Time: 0.30s | Spearman@80: 0.8542 | Kendall@80: 0.7041
Epoch 12/150 | Train Loss: 0.0241 | Epoch Time: 0.32s | Spearman@80: 0.8415 | Kendall@80: 0.6929
Epoch 13/150 | Train Loss: 0.0268 | Epoch Time: 0.34s | Spearman@80: 0.8411 | Kendall@80: 0.6743
Epoch 14/150 | Train Loss: 0.0331 | Epoch Time: 0.29s | Spearman@80: 0.8320 | Kendall@80: 0.6730
Epoch 15/150 | Train Loss: 0.0214 | Epoch Time: 0.28s | Spearman@80: 0.8382 | Kendall@80: 0.6895
Epoch 16/150 | Train Loss: 0.0197 | Epoch Time: 0.31s | Spearman@80: 0.8390 | Kendall@80: 0.6954
Epoch 17/150 | Train Loss: 0.0257 | Epoch Time: 0.31s | Spearman@80: 0.8537 | Kendall@80: 0.6819
Epoch 18/150 | Train Loss: 0.0293 | Epoch Time: 0.30s | Spearman@80: 0.8750 | Kendall@80: 0.7256
Epoch 19/150 | Train Loss: 0.0348 | Epoch Time: 0.31s | Spearman@80: 0.8313 | Kendall@80: 0.6749
Epoch 20/150 | Train Loss: 0.0304 | Epoch Time: 0.32s | Spearman@80: 0.8665 | Kendall@80: 0.7174
Epoch 21/150 | Train Loss: 0.0343 | Epoch Time: 0.30s | Spearman@80: 0.8615 | Kendall@80: 0.7119
Epoch 22/150 | Train Loss: 0.0265 | Epoch Time: 0.33s | Spearman@80: 0.8585 | Kendall@80: 0.6979
Epoch 23/150 | Train Loss: 0.0254 | Epoch Time: 0.30s | Spearman@80: 0.8654 | Kendall@80: 0.7102
Epoch 24/150 | Train Loss: 0.0294 | Epoch Time: 0.32s | Spearman@80: 0.8674 | Kendall@80: 0.7062
Epoch 25/150 | Train Loss: 0.0221 | Epoch Time: 0.30s | Spearman@80: 0.8654 | Kendall@80: 0.7003
Epoch 26/150 | Train Loss: 0.0307 | Epoch Time: 0.29s | Spearman@80: 0.8803 | Kendall@80: 0.7340
Epoch 27/150 | Train Loss: 0.0308 | Epoch Time: 0.32s | Spearman@80: 0.8843 | Kendall@80: 0.7450
Epoch 28/150 | Train Loss: 0.0317 | Epoch Time: 0.30s | Spearman@80: 0.8320 | Kendall@80: 0.6584
Epoch 29/150 | Train Loss: 0.0256 | Epoch Time: 0.31s | Spearman@80: 0.8949 | Kendall@80: 0.7518
Epoch 30/150 | Train Loss: 0.0243 | Epoch Time: 0.32s | Spearman@80: 0.8738 | Kendall@80: 0.7199
Epoch 31/150 | Train Loss: 0.0301 | Epoch Time: 0.31s | Spearman@80: 0.8420 | Kendall@80: 0.6821
Epoch 32/150 | Train Loss: 0.0180 | Epoch Time: 0.33s | Spearman@80: 0.8830 | Kendall@80: 0.7359
Epoch 33/150 | Train Loss: 0.0325 | Epoch Time: 0.31s | Spearman@80: 0.8839 | Kendall@80: 0.7421
Epoch 34/150 | Train Loss: 0.0186 | Epoch Time: 0.30s | Spearman@80: 0.8727 | Kendall@80: 0.7176
Epoch 35/150 | Train Loss: 0.0180 | Epoch Time: 0.31s | Spearman@80: 0.8678 | Kendall@80: 0.7220
Epoch 36/150 | Train Loss: 0.0188 | Epoch Time: 0.30s | Spearman@80: 0.8689 | Kendall@80: 0.7250
Epoch 37/150 | Train Loss: 0.0242 | Epoch Time: 0.31s | Spearman@80: 0.8759 | Kendall@80: 0.7241
Epoch 38/150 | Train Loss: 0.0238 | Epoch Time: 0.31s | Spearman@80: 0.8660 | Kendall@80: 0.7150
Epoch 39/150 | Train Loss: 0.0267 | Epoch Time: 0.29s | Spearman@80: 0.8784 | Kendall@80: 0.7208
Epoch 40/150 | Train Loss: 0.0237 | Epoch Time: 0.28s | Spearman@80: 0.8760 | Kendall@80: 0.7142
Epoch 41/150 | Train Loss: 0.0223 | Epoch Time: 0.30s | Spearman@80: 0.8748 | Kendall@80: 0.7241
Epoch 42/150 | Train Loss: 0.0116 | Epoch Time: 0.31s | Spearman@80: 0.8819 | Kendall@80: 0.7433
Epoch 43/150 | Train Loss: 0.0182 | Epoch Time: 0.30s | Spearman@80: 0.8841 | Kendall@80: 0.7512
Epoch 44/150 | Train Loss: 0.0153 | Epoch Time: 0.32s | Spearman@80: 0.8878 | Kendall@80: 0.7499
Epoch 45/150 | Train Loss: 0.0197 | Epoch Time: 0.30s | Spearman@80: 0.8896 | Kendall@80: 0.7482
Epoch 46/150 | Train Loss: 0.0159 | Epoch Time: 0.33s | Spearman@80: 0.8847 | Kendall@80: 0.7414
Epoch 47/150 | Train Loss: 0.0150 | Epoch Time: 0.30s | Spearman@80: 0.8777 | Kendall@80: 0.7353
Epoch 48/150 | Train Loss: 0.0215 | Epoch Time: 0.32s | Spearman@80: 0.8732 | Kendall@80: 0.7193
Epoch 49/150 | Train Loss: 0.0199 | Epoch Time: 0.30s | Spearman@80: 0.8655 | Kendall@80: 0.7283
Epoch 50/150 | Train Loss: 0.0301 | Epoch Time: 0.29s | Spearman@80: 0.8711 | Kendall@80: 0.7079
Epoch 51/150 | Train Loss: 0.0274 | Epoch Time: 0.32s | Spearman@80: 0.8858 | Kendall@80: 0.7406
Epoch 52/150 | Train Loss: 0.0245 | Epoch Time: 0.31s | Spearman@80: 0.8799 | Kendall@80: 0.7319
Epoch 53/150 | Train Loss: 0.0264 | Epoch Time: 0.31s | Spearman@80: 0.8738 | Kendall@80: 0.7294
Epoch 54/150 | Train Loss: 0.0248 | Epoch Time: 0.32s | Spearman@80: 0.8898 | Kendall@80: 0.7510
Epoch 55/150 | Train Loss: 0.0261 | Epoch Time: 0.33s | Spearman@80: 0.8959 | Kendall@80: 0.7562
Epoch 56/150 | Train Loss: 0.0139 | Epoch Time: 0.29s | Spearman@80: 0.8835 | Kendall@80: 0.7406
Epoch 57/150 | Train Loss: 0.0175 | Epoch Time: 0.29s | Spearman@80: 0.8598 | Kendall@80: 0.7119
Epoch 58/150 | Train Loss: 0.0142 | Epoch Time: 0.30s | Spearman@80: 0.8739 | Kendall@80: 0.7315
Epoch 59/150 | Train Loss: 0.0215 | Epoch Time: 0.32s | Spearman@80: 0.8884 | Kendall@80: 0.7461
Epoch 60/150 | Train Loss: 0.0227 | Epoch Time: 0.30s | Spearman@80: 0.8871 | Kendall@80: 0.7410
Epoch 61/150 | Train Loss: 0.0157 | Epoch Time: 0.30s | Spearman@80: 0.8699 | Kendall@80: 0.7214
Epoch 62/150 | Train Loss: 0.0137 | Epoch Time: 0.30s | Spearman@80: 0.8608 | Kendall@80: 0.7125
Epoch 63/150 | Train Loss: 0.0224 | Epoch Time: 0.30s | Spearman@80: 0.8658 | Kendall@80: 0.7174
Epoch 64/150 | Train Loss: 0.0217 | Epoch Time: 0.32s | Spearman@80: 0.8776 | Kendall@80: 0.7353
Epoch 65/150 | Train Loss: 0.0171 | Epoch Time: 0.31s | Spearman@80: 0.8878 | Kendall@80: 0.7429
Epoch 66/150 | Train Loss: 0.0169 | Epoch Time: 0.30s | Spearman@80: 0.8902 | Kendall@80: 0.7487
Epoch 67/150 | Train Loss: 0.0146 | Epoch Time: 0.29s | Spearman@80: 0.8911 | Kendall@80: 0.7520
Epoch 68/150 | Train Loss: 0.0107 | Epoch Time: 0.30s | Spearman@80: 0.8790 | Kendall@80: 0.7357
Epoch 69/150 | Train Loss: 0.0226 | Epoch Time: 0.30s | Spearman@80: 0.8742 | Kendall@80: 0.7309
Epoch 70/150 | Train Loss: 0.0107 | Epoch Time: 0.32s | Spearman@80: 0.8865 | Kendall@80: 0.7468
Epoch 71/150 | Train Loss: 0.0167 | Epoch Time: 0.33s | Spearman@80: 0.8968 | Kendall@80: 0.7647
Epoch 72/150 | Train Loss: 0.0173 | Epoch Time: 0.32s | Spearman@80: 0.9006 | Kendall@80: 0.7613
Epoch 73/150 | Train Loss: 0.0193 | Epoch Time: 0.32s | Spearman@80: 0.8846 | Kendall@80: 0.7347
Epoch 74/150 | Train Loss: 0.0160 | Epoch Time: 0.31s | Spearman@80: 0.8885 | Kendall@80: 0.7410
Epoch 75/150 | Train Loss: 0.0189 | Epoch Time: 0.29s | Spearman@80: 0.8905 | Kendall@80: 0.7510
Epoch 76/150 | Train Loss: 0.0208 | Epoch Time: 0.30s | Spearman@80: 0.8856 | Kendall@80: 0.7414
Epoch 77/150 | Train Loss: 0.0170 | Epoch Time: 0.31s | Spearman@80: 0.8725 | Kendall@80: 0.7212
Epoch 78/150 | Train Loss: 0.0202 | Epoch Time: 0.32s | Spearman@80: 0.8885 | Kendall@80: 0.7535
Epoch 79/150 | Train Loss: 0.0189 | Epoch Time: 0.35s | Spearman@80: 0.9035 | Kendall@80: 0.7683
Epoch 80/150 | Train Loss: 0.0196 | Epoch Time: 0.33s | Spearman@80: 0.8887 | Kendall@80: 0.7522
Epoch 81/150 | Train Loss: 0.0219 | Epoch Time: 0.31s | Spearman@80: 0.8766 | Kendall@80: 0.7281
Epoch 82/150 | Train Loss: 0.0201 | Epoch Time: 0.31s | Spearman@80: 0.8715 | Kendall@80: 0.7328
Epoch 83/150 | Train Loss: 0.0145 | Epoch Time: 0.33s | Spearman@80: 0.8642 | Kendall@80: 0.7190
Epoch 84/150 | Train Loss: 0.0154 | Epoch Time: 0.31s | Spearman@80: 0.8749 | Kendall@80: 0.7273
Epoch 85/150 | Train Loss: 0.0163 | Epoch Time: 0.31s | Spearman@80: 0.8814 | Kendall@80: 0.7370
Epoch 86/150 | Train Loss: 0.0103 | Epoch Time: 0.31s | Spearman@80: 0.8883 | Kendall@80: 0.7491
Epoch 87/150 | Train Loss: 0.0111 | Epoch Time: 0.31s | Spearman@80: 0.8876 | Kendall@80: 0.7493
Epoch 88/150 | Train Loss: 0.0169 | Epoch Time: 0.30s | Spearman@80: 0.8991 | Kendall@80: 0.7600
Epoch 89/150 | Train Loss: 0.0177 | Epoch Time: 0.33s | Spearman@80: 0.8969 | Kendall@80: 0.7607
Epoch 90/150 | Train Loss: 0.0178 | Epoch Time: 0.31s | Spearman@80: 0.8827 | Kendall@80: 0.7385
Epoch 91/150 | Train Loss: 0.0184 | Epoch Time: 0.32s | Spearman@80: 0.8753 | Kendall@80: 0.7241
Epoch 92/150 | Train Loss: 0.0141 | Epoch Time: 0.30s | Spearman@80: 0.8755 | Kendall@80: 0.7332
Epoch 93/150 | Train Loss: 0.0133 | Epoch Time: 0.30s | Spearman@80: 0.8848 | Kendall@80: 0.7452
Epoch 94/150 | Train Loss: 0.0127 | Epoch Time: 0.30s | Spearman@80: 0.8827 | Kendall@80: 0.7427
Epoch 95/150 | Train Loss: 0.0183 | Epoch Time: 0.32s | Spearman@80: 0.8830 | Kendall@80: 0.7435
Epoch 96/150 | Train Loss: 0.0122 | Epoch Time: 0.32s | Spearman@80: 0.8901 | Kendall@80: 0.7506
Epoch 97/150 | Train Loss: 0.0184 | Epoch Time: 0.34s | Spearman@80: 0.8869 | Kendall@80: 0.7417
Epoch 98/150 | Train Loss: 0.0091 | Epoch Time: 0.30s | Spearman@80: 0.8905 | Kendall@80: 0.7475
Epoch 99/150 | Train Loss: 0.0133 | Epoch Time: 0.30s | Spearman@80: 0.8958 | Kendall@80: 0.7573
Epoch 100/150 | Train Loss: 0.0174 | Epoch Time: 0.30s | Spearman@80: 0.8902 | Kendall@80: 0.7493
Epoch 101/150 | Train Loss: 0.0134 | Epoch Time: 0.32s | Spearman@80: 0.8903 | Kendall@80: 0.7524
Epoch 102/150 | Train Loss: 0.0145 | Epoch Time: 0.31s | Spearman@80: 0.8781 | Kendall@80: 0.7353
Epoch 103/150 | Train Loss: 0.0146 | Epoch Time: 0.31s | Spearman@80: 0.8714 | Kendall@80: 0.7250
Epoch 104/150 | Train Loss: 0.0103 | Epoch Time: 0.31s | Spearman@80: 0.8736 | Kendall@80: 0.7252
Epoch 105/150 | Train Loss: 0.0162 | Epoch Time: 0.30s | Spearman@80: 0.8707 | Kendall@80: 0.7239
Epoch 106/150 | Train Loss: 0.0129 | Epoch Time: 0.31s | Spearman@80: 0.8755 | Kendall@80: 0.7321
Epoch 107/150 | Train Loss: 0.0114 | Epoch Time: 0.31s | Spearman@80: 0.8764 | Kendall@80: 0.7336
Epoch 108/150 | Train Loss: 0.0137 | Epoch Time: 0.30s | Spearman@80: 0.8784 | Kendall@80: 0.7366
Epoch 109/150 | Train Loss: 0.0170 | Epoch Time: 0.29s | Spearman@80: 0.8727 | Kendall@80: 0.7294
Epoch 110/150 | Train Loss: 0.0133 | Epoch Time: 0.32s | Spearman@80: 0.8709 | Kendall@80: 0.7277
Epoch 111/150 | Train Loss: 0.0081 | Epoch Time: 0.32s | Spearman@80: 0.8742 | Kendall@80: 0.7315
Epoch 112/150 | Train Loss: 0.0106 | Epoch Time: 0.31s | Spearman@80: 0.8748 | Kendall@80: 0.7340
Epoch 113/150 | Train Loss: 0.0132 | Epoch Time: 0.30s | Spearman@80: 0.8735 | Kendall@80: 0.7275
Epoch 114/150 | Train Loss: 0.0093 | Epoch Time: 0.30s | Spearman@80: 0.8726 | Kendall@80: 0.7279
Epoch 115/150 | Train Loss: 0.0151 | Epoch Time: 0.32s | Spearman@80: 0.8743 | Kendall@80: 0.7334
Epoch 116/150 | Train Loss: 0.0101 | Epoch Time: 0.32s | Spearman@80: 0.8792 | Kendall@80: 0.7376
Epoch 117/150 | Train Loss: 0.0077 | Epoch Time: 0.30s | Spearman@80: 0.8792 | Kendall@80: 0.7378
Epoch 118/150 | Train Loss: 0.0134 | Epoch Time: 0.31s | Spearman@80: 0.8795 | Kendall@80: 0.7366
Epoch 119/150 | Train Loss: 0.0107 | Epoch Time: 0.31s | Spearman@80: 0.8805 | Kendall@80: 0.7416
Epoch 120/150 | Train Loss: 0.0079 | Epoch Time: 0.30s | Spearman@80: 0.8810 | Kendall@80: 0.7417
Epoch 121/150 | Train Loss: 0.0090 | Epoch Time: 0.32s | Spearman@80: 0.8763 | Kendall@80: 0.7347
Epoch 122/150 | Train Loss: 0.0119 | Epoch Time: 0.32s | Spearman@80: 0.8769 | Kendall@80: 0.7353
Epoch 123/150 | Train Loss: 0.0110 | Epoch Time: 0.30s | Spearman@80: 0.8787 | Kendall@80: 0.7380
Epoch 124/150 | Train Loss: 0.0103 | Epoch Time: 0.32s | Spearman@80: 0.8817 | Kendall@80: 0.7412
Epoch 125/150 | Train Loss: 0.0136 | Epoch Time: 0.32s | Spearman@80: 0.8847 | Kendall@80: 0.7436
Epoch 126/150 | Train Loss: 0.0078 | Epoch Time: 0.31s | Spearman@80: 0.8844 | Kendall@80: 0.7435
Epoch 127/150 | Train Loss: 0.0087 | Epoch Time: 0.33s | Spearman@80: 0.8858 | Kendall@80: 0.7469
Epoch 128/150 | Train Loss: 0.0113 | Epoch Time: 0.32s | Spearman@80: 0.8854 | Kendall@80: 0.7469
Epoch 129/150 | Train Loss: 0.0069 | Epoch Time: 0.32s | Spearman@80: 0.8843 | Kendall@80: 0.7410
Epoch 130/150 | Train Loss: 0.0138 | Epoch Time: 0.33s | Spearman@80: 0.8817 | Kendall@80: 0.7383
Epoch 131/150 | Train Loss: 0.0135 | Epoch Time: 0.31s | Spearman@80: 0.8833 | Kendall@80: 0.7408
Epoch 132/150 | Train Loss: 0.0099 | Epoch Time: 0.32s | Spearman@80: 0.8837 | Kendall@80: 0.7389
Epoch 133/150 | Train Loss: 0.0132 | Epoch Time: 0.32s | Spearman@80: 0.8823 | Kendall@80: 0.7391
Epoch 134/150 | Train Loss: 0.0072 | Epoch Time: 0.32s | Spearman@80: 0.8835 | Kendall@80: 0.7410
Epoch 135/150 | Train Loss: 0.0119 | Epoch Time: 0.30s | Spearman@80: 0.8820 | Kendall@80: 0.7366
Epoch 136/150 | Train Loss: 0.0101 | Epoch Time: 0.32s | Spearman@80: 0.8805 | Kendall@80: 0.7370
Epoch 137/150 | Train Loss: 0.0074 | Epoch Time: 0.30s | Spearman@80: 0.8813 | Kendall@80: 0.7372
Epoch 138/150 | Train Loss: 0.0085 | Epoch Time: 0.30s | Spearman@80: 0.8831 | Kendall@80: 0.7391
Epoch 139/150 | Train Loss: 0.0090 | Epoch Time: 0.31s | Spearman@80: 0.8806 | Kendall@80: 0.7364
Epoch 140/150 | Train Loss: 0.0116 | Epoch Time: 0.31s | Spearman@80: 0.8797 | Kendall@80: 0.7359
Epoch 141/150 | Train Loss: 0.0096 | Epoch Time: 0.32s | Spearman@80: 0.8793 | Kendall@80: 0.7323
Epoch 142/150 | Train Loss: 0.0079 | Epoch Time: 0.32s | Spearman@80: 0.8799 | Kendall@80: 0.7353
Epoch 143/150 | Train Loss: 0.0058 | Epoch Time: 0.31s | Spearman@80: 0.8776 | Kendall@80: 0.7307
Epoch 144/150 | Train Loss: 0.0068 | Epoch Time: 0.34s | Spearman@80: 0.8792 | Kendall@80: 0.7351
Epoch 145/150 | Train Loss: 0.0091 | Epoch Time: 0.34s | Spearman@80: 0.8783 | Kendall@80: 0.7341
Epoch 146/150 | Train Loss: 0.0084 | Epoch Time: 0.30s | Spearman@80: 0.8811 | Kendall@80: 0.7378
Epoch 147/150 | Train Loss: 0.0094 | Epoch Time: 1.22s | Spearman@15560: 0.9110 | Kendall@15560: 0.7660
Epoch 148/150 | Train Loss: 0.0070 | Epoch Time: 1.17s | Spearman@15560: 0.9106 | Kendall@15560: 0.7655
Epoch 149/150 | Train Loss: 0.0121 | Epoch Time: 1.15s | Spearman@15560: 0.9098 | Kendall@15560: 0.7645
Epoch 150/150 | Train Loss: 0.0132 | Epoch Time: 1.21s | Spearman@15560: 0.9099 | Kendall@15560: 0.7652
Sample Count: 64, Spearman: 0.9103168020529168, Kendall: 0.7653203379000793
{64: (0.9103168020529168, 0.7653203379000793),
 128: (0.9183819823319854, 0.769999639749434)}
Epoch 1/150 | Train Loss: 0.0895 | Epoch Time: 0.62s | Spearman@80: 0.5205 | Kendall@80: 0.3636
Epoch 2/150 | Train Loss: 0.0590 | Epoch Time: 0.62s | Spearman@80: 0.6292 | Kendall@80: 0.4411
Epoch 3/150 | Train Loss: 0.0462 | Epoch Time: 0.62s | Spearman@80: 0.8481 | Kendall@80: 0.6694
Epoch 4/150 | Train Loss: 0.0430 | Epoch Time: 0.62s | Spearman@80: 0.9059 | Kendall@80: 0.7432
Epoch 5/150 | Train Loss: 0.0408 | Epoch Time: 0.64s | Spearman@80: 0.8777 | Kendall@80: 0.7030
Epoch 6/150 | Train Loss: 0.0346 | Epoch Time: 0.64s | Spearman@80: 0.9177 | Kendall@80: 0.7609
Epoch 7/150 | Train Loss: 0.0314 | Epoch Time: 0.64s | Spearman@80: 0.9239 | Kendall@80: 0.7668
Epoch 8/150 | Train Loss: 0.0347 | Epoch Time: 0.62s | Spearman@80: 0.8833 | Kendall@80: 0.7157
Epoch 9/150 | Train Loss: 0.0319 | Epoch Time: 0.61s | Spearman@80: 0.8673 | Kendall@80: 0.6874
Epoch 10/150 | Train Loss: 0.0298 | Epoch Time: 0.65s | Spearman@80: 0.8978 | Kendall@80: 0.7227
Epoch 11/150 | Train Loss: 0.0365 | Epoch Time: 0.62s | Spearman@80: 0.9185 | Kendall@80: 0.7649
Epoch 12/150 | Train Loss: 0.0376 | Epoch Time: 0.61s | Spearman@80: 0.8824 | Kendall@80: 0.7174
Epoch 13/150 | Train Loss: 0.0335 | Epoch Time: 0.63s | Spearman@80: 0.9131 | Kendall@80: 0.7546
Epoch 14/150 | Train Loss: 0.0269 | Epoch Time: 0.60s | Spearman@80: 0.8979 | Kendall@80: 0.7387
Epoch 15/150 | Train Loss: 0.0324 | Epoch Time: 0.63s | Spearman@80: 0.9305 | Kendall@80: 0.7825
Epoch 16/150 | Train Loss: 0.0317 | Epoch Time: 0.63s | Spearman@80: 0.9271 | Kendall@80: 0.7711
Epoch 17/150 | Train Loss: 0.0352 | Epoch Time: 0.61s | Spearman@80: 0.9277 | Kendall@80: 0.7736
Epoch 18/150 | Train Loss: 0.0306 | Epoch Time: 0.63s | Spearman@80: 0.9178 | Kendall@80: 0.7622
Epoch 19/150 | Train Loss: 0.0285 | Epoch Time: 0.62s | Spearman@80: 0.8767 | Kendall@80: 0.7134
Epoch 20/150 | Train Loss: 0.0310 | Epoch Time: 0.61s | Spearman@80: 0.9147 | Kendall@80: 0.7578
Epoch 21/150 | Train Loss: 0.0337 | Epoch Time: 0.60s | Spearman@80: 0.9072 | Kendall@80: 0.7449
Epoch 22/150 | Train Loss: 0.0331 | Epoch Time: 0.63s | Spearman@80: 0.9221 | Kendall@80: 0.7685
Epoch 23/150 | Train Loss: 0.0306 | Epoch Time: 0.62s | Spearman@80: 0.9198 | Kendall@80: 0.7635
Epoch 24/150 | Train Loss: 0.0283 | Epoch Time: 0.65s | Spearman@80: 0.9236 | Kendall@80: 0.7730
Epoch 25/150 | Train Loss: 0.0336 | Epoch Time: 0.61s | Spearman@80: 0.9012 | Kendall@80: 0.7438
Epoch 26/150 | Train Loss: 0.0305 | Epoch Time: 0.61s | Spearman@80: 0.9252 | Kendall@80: 0.7762
Epoch 27/150 | Train Loss: 0.0319 | Epoch Time: 0.61s | Spearman@80: 0.9187 | Kendall@80: 0.7717
Epoch 28/150 | Train Loss: 0.0320 | Epoch Time: 0.65s | Spearman@80: 0.9198 | Kendall@80: 0.7615
Epoch 29/150 | Train Loss: 0.0286 | Epoch Time: 0.61s | Spearman@80: 0.9203 | Kendall@80: 0.7722
Epoch 30/150 | Train Loss: 0.0308 | Epoch Time: 0.63s | Spearman@80: 0.9298 | Kendall@80: 0.7842
Epoch 31/150 | Train Loss: 0.0276 | Epoch Time: 0.62s | Spearman@80: 0.8931 | Kendall@80: 0.7227
Epoch 32/150 | Train Loss: 0.0321 | Epoch Time: 0.64s | Spearman@80: 0.9201 | Kendall@80: 0.7728
Epoch 33/150 | Train Loss: 0.0296 | Epoch Time: 0.61s | Spearman@80: 0.8965 | Kendall@80: 0.7282
Epoch 34/150 | Train Loss: 0.0291 | Epoch Time: 0.59s | Spearman@80: 0.9138 | Kendall@80: 0.7607
Epoch 35/150 | Train Loss: 0.0315 | Epoch Time: 0.60s | Spearman@80: 0.9128 | Kendall@80: 0.7527
Epoch 36/150 | Train Loss: 0.0295 | Epoch Time: 0.62s | Spearman@80: 0.9176 | Kendall@80: 0.7673
Epoch 37/150 | Train Loss: 0.0284 | Epoch Time: 0.62s | Spearman@80: 0.9013 | Kendall@80: 0.7337
Epoch 38/150 | Train Loss: 0.0293 | Epoch Time: 0.62s | Spearman@80: 0.9220 | Kendall@80: 0.7751
Epoch 39/150 | Train Loss: 0.0312 | Epoch Time: 0.63s | Spearman@80: 0.9208 | Kendall@80: 0.7666
Epoch 40/150 | Train Loss: 0.0301 | Epoch Time: 0.66s | Spearman@80: 0.9169 | Kendall@80: 0.7546
Epoch 41/150 | Train Loss: 0.0314 | Epoch Time: 0.63s | Spearman@80: 0.9244 | Kendall@80: 0.7728
Epoch 42/150 | Train Loss: 0.0275 | Epoch Time: 0.62s | Spearman@80: 0.9186 | Kendall@80: 0.7730
Epoch 43/150 | Train Loss: 0.0260 | Epoch Time: 0.62s | Spearman@80: 0.9156 | Kendall@80: 0.7616
Epoch 44/150 | Train Loss: 0.0305 | Epoch Time: 0.61s | Spearman@80: 0.9167 | Kendall@80: 0.7696
Epoch 45/150 | Train Loss: 0.0263 | Epoch Time: 0.59s | Spearman@80: 0.9146 | Kendall@80: 0.7622
Epoch 46/150 | Train Loss: 0.0288 | Epoch Time: 0.61s | Spearman@80: 0.8989 | Kendall@80: 0.7415
Epoch 47/150 | Train Loss: 0.0234 | Epoch Time: 0.63s | Spearman@80: 0.9226 | Kendall@80: 0.7681
Epoch 48/150 | Train Loss: 0.0246 | Epoch Time: 0.63s | Spearman@80: 0.9164 | Kendall@80: 0.7637
Epoch 49/150 | Train Loss: 0.0272 | Epoch Time: 0.60s | Spearman@80: 0.9110 | Kendall@80: 0.7592
Epoch 50/150 | Train Loss: 0.0251 | Epoch Time: 0.61s | Spearman@80: 0.9145 | Kendall@80: 0.7622
Epoch 51/150 | Train Loss: 0.0272 | Epoch Time: 0.64s | Spearman@80: 0.9055 | Kendall@80: 0.7540
Epoch 52/150 | Train Loss: 0.0219 | Epoch Time: 0.61s | Spearman@80: 0.9089 | Kendall@80: 0.7508
Epoch 53/150 | Train Loss: 0.0274 | Epoch Time: 0.60s | Spearman@80: 0.9003 | Kendall@80: 0.7519
Epoch 54/150 | Train Loss: 0.0254 | Epoch Time: 0.62s | Spearman@80: 0.9082 | Kendall@80: 0.7580
Epoch 55/150 | Train Loss: 0.0260 | Epoch Time: 0.59s | Spearman@80: 0.9135 | Kendall@80: 0.7584
Epoch 56/150 | Train Loss: 0.0287 | Epoch Time: 0.63s | Spearman@80: 0.9050 | Kendall@80: 0.7455
Epoch 57/150 | Train Loss: 0.0275 | Epoch Time: 0.63s | Spearman@80: 0.8990 | Kendall@80: 0.7402
Epoch 58/150 | Train Loss: 0.0278 | Epoch Time: 0.61s | Spearman@80: 0.9028 | Kendall@80: 0.7538
Epoch 59/150 | Train Loss: 0.0246 | Epoch Time: 0.61s | Spearman@80: 0.9165 | Kendall@80: 0.7643
Epoch 60/150 | Train Loss: 0.0263 | Epoch Time: 0.62s | Spearman@80: 0.9088 | Kendall@80: 0.7550
Epoch 61/150 | Train Loss: 0.0290 | Epoch Time: 0.60s | Spearman@80: 0.8900 | Kendall@80: 0.7275
Epoch 62/150 | Train Loss: 0.0278 | Epoch Time: 0.59s | Spearman@80: 0.8885 | Kendall@80: 0.7242
Epoch 63/150 | Train Loss: 0.0294 | Epoch Time: 0.64s | Spearman@80: 0.9127 | Kendall@80: 0.7647
Epoch 64/150 | Train Loss: 0.0244 | Epoch Time: 0.61s | Spearman@80: 0.9102 | Kendall@80: 0.7616
Epoch 65/150 | Train Loss: 0.0260 | Epoch Time: 0.63s | Spearman@80: 0.9015 | Kendall@80: 0.7495
Epoch 66/150 | Train Loss: 0.0227 | Epoch Time: 0.61s | Spearman@80: 0.9118 | Kendall@80: 0.7622
Epoch 67/150 | Train Loss: 0.0207 | Epoch Time: 0.61s | Spearman@80: 0.9147 | Kendall@80: 0.7679
Epoch 68/150 | Train Loss: 0.0253 | Epoch Time: 0.60s | Spearman@80: 0.9075 | Kendall@80: 0.7533
Epoch 69/150 | Train Loss: 0.0254 | Epoch Time: 0.63s | Spearman@80: 0.9140 | Kendall@80: 0.7725
Epoch 70/150 | Train Loss: 0.0237 | Epoch Time: 0.63s | Spearman@80: 0.8994 | Kendall@80: 0.7533
Epoch 71/150 | Train Loss: 0.0222 | Epoch Time: 0.63s | Spearman@80: 0.8972 | Kendall@80: 0.7464
Epoch 72/150 | Train Loss: 0.0229 | Epoch Time: 0.63s | Spearman@80: 0.9015 | Kendall@80: 0.7495
Epoch 73/150 | Train Loss: 0.0254 | Epoch Time: 0.62s | Spearman@80: 0.9143 | Kendall@80: 0.7616
Epoch 74/150 | Train Loss: 0.0215 | Epoch Time: 0.62s | Spearman@80: 0.9162 | Kendall@80: 0.7722
Epoch 75/150 | Train Loss: 0.0273 | Epoch Time: 0.63s | Spearman@80: 0.9152 | Kendall@80: 0.7677
Epoch 76/150 | Train Loss: 0.0216 | Epoch Time: 0.63s | Spearman@80: 0.9173 | Kendall@80: 0.7684
Epoch 77/150 | Train Loss: 0.0218 | Epoch Time: 0.60s | Spearman@80: 0.9112 | Kendall@80: 0.7624
Epoch 78/150 | Train Loss: 0.0249 | Epoch Time: 0.59s | Spearman@80: 0.9066 | Kendall@80: 0.7540
Epoch 79/150 | Train Loss: 0.0250 | Epoch Time: 0.61s | Spearman@80: 0.9153 | Kendall@80: 0.7743
Epoch 80/150 | Train Loss: 0.0216 | Epoch Time: 0.60s | Spearman@80: 0.9168 | Kendall@80: 0.7683
Epoch 81/150 | Train Loss: 0.0239 | Epoch Time: 0.62s | Spearman@80: 0.9210 | Kendall@80: 0.7791
Epoch 82/150 | Train Loss: 0.0170 | Epoch Time: 0.64s | Spearman@80: 0.9097 | Kendall@80: 0.7590
Epoch 83/150 | Train Loss: 0.0280 | Epoch Time: 0.60s | Spearman@80: 0.9120 | Kendall@80: 0.7684
Epoch 84/150 | Train Loss: 0.0263 | Epoch Time: 0.61s | Spearman@80: 0.9011 | Kendall@80: 0.7481
Epoch 85/150 | Train Loss: 0.0224 | Epoch Time: 0.62s | Spearman@80: 0.9073 | Kendall@80: 0.7538
Epoch 86/150 | Train Loss: 0.0217 | Epoch Time: 0.59s | Spearman@80: 0.9065 | Kendall@80: 0.7595
Epoch 87/150 | Train Loss: 0.0232 | Epoch Time: 0.63s | Spearman@80: 0.9153 | Kendall@80: 0.7703
Epoch 88/150 | Train Loss: 0.0197 | Epoch Time: 0.63s | Spearman@80: 0.9168 | Kendall@80: 0.7705
Epoch 89/150 | Train Loss: 0.0223 | Epoch Time: 0.61s | Spearman@80: 0.9141 | Kendall@80: 0.7671
Epoch 90/150 | Train Loss: 0.0192 | Epoch Time: 0.63s | Spearman@80: 0.9132 | Kendall@80: 0.7662
Epoch 91/150 | Train Loss: 0.0192 | Epoch Time: 0.61s | Spearman@80: 0.9140 | Kendall@80: 0.7620
Epoch 92/150 | Train Loss: 0.0215 | Epoch Time: 0.64s | Spearman@80: 0.9182 | Kendall@80: 0.7708
Epoch 93/150 | Train Loss: 0.0243 | Epoch Time: 0.62s | Spearman@80: 0.9236 | Kendall@80: 0.7808
Epoch 94/150 | Train Loss: 0.0206 | Epoch Time: 0.62s | Spearman@80: 0.9246 | Kendall@80: 0.7787
Epoch 95/150 | Train Loss: 0.0206 | Epoch Time: 0.62s | Spearman@80: 0.9286 | Kendall@80: 0.7901
Epoch 96/150 | Train Loss: 0.0174 | Epoch Time: 0.62s | Spearman@80: 0.9314 | Kendall@80: 0.7982
Epoch 97/150 | Train Loss: 0.0156 | Epoch Time: 0.62s | Spearman@80: 0.9264 | Kendall@80: 0.7916
Epoch 98/150 | Train Loss: 0.0235 | Epoch Time: 0.62s | Spearman@80: 0.9160 | Kendall@80: 0.7715
Epoch 99/150 | Train Loss: 0.0208 | Epoch Time: 0.65s | Spearman@80: 0.9245 | Kendall@80: 0.7867
Epoch 100/150 | Train Loss: 0.0199 | Epoch Time: 0.58s | Spearman@80: 0.9316 | Kendall@80: 0.7998
Epoch 101/150 | Train Loss: 0.0230 | Epoch Time: 0.61s | Spearman@80: 0.9242 | Kendall@80: 0.7855
Epoch 102/150 | Train Loss: 0.0236 | Epoch Time: 0.63s | Spearman@80: 0.9158 | Kendall@80: 0.7690
Epoch 103/150 | Train Loss: 0.0186 | Epoch Time: 0.60s | Spearman@80: 0.9151 | Kendall@80: 0.7694
Epoch 104/150 | Train Loss: 0.0206 | Epoch Time: 0.62s | Spearman@80: 0.9182 | Kendall@80: 0.7751
Epoch 105/150 | Train Loss: 0.0224 | Epoch Time: 0.63s | Spearman@80: 0.9196 | Kendall@80: 0.7805
Epoch 106/150 | Train Loss: 0.0184 | Epoch Time: 0.66s | Spearman@80: 0.9166 | Kendall@80: 0.7725
Epoch 107/150 | Train Loss: 0.0173 | Epoch Time: 0.60s | Spearman@80: 0.9201 | Kendall@80: 0.7787
Epoch 108/150 | Train Loss: 0.0190 | Epoch Time: 0.62s | Spearman@80: 0.9208 | Kendall@80: 0.7764
Epoch 109/150 | Train Loss: 0.0179 | Epoch Time: 0.63s | Spearman@80: 0.9289 | Kendall@80: 0.7935
Epoch 110/150 | Train Loss: 0.0201 | Epoch Time: 0.63s | Spearman@80: 0.9269 | Kendall@80: 0.7920
Epoch 111/150 | Train Loss: 0.0161 | Epoch Time: 0.63s | Spearman@80: 0.9228 | Kendall@80: 0.7844
Epoch 112/150 | Train Loss: 0.0184 | Epoch Time: 0.61s | Spearman@80: 0.9234 | Kendall@80: 0.7850
Epoch 113/150 | Train Loss: 0.0203 | Epoch Time: 0.60s | Spearman@80: 0.9217 | Kendall@80: 0.7876
Epoch 114/150 | Train Loss: 0.0183 | Epoch Time: 0.63s | Spearman@80: 0.9252 | Kendall@80: 0.7926
Epoch 115/150 | Train Loss: 0.0145 | Epoch Time: 0.64s | Spearman@80: 0.9196 | Kendall@80: 0.7829
Epoch 116/150 | Train Loss: 0.0165 | Epoch Time: 0.60s | Spearman@80: 0.9257 | Kendall@80: 0.7852
Epoch 117/150 | Train Loss: 0.0192 | Epoch Time: 0.62s | Spearman@80: 0.9202 | Kendall@80: 0.7780
Epoch 118/150 | Train Loss: 0.0158 | Epoch Time: 0.60s | Spearman@80: 0.9203 | Kendall@80: 0.7779
Epoch 119/150 | Train Loss: 0.0146 | Epoch Time: 0.65s | Spearman@80: 0.9242 | Kendall@80: 0.7835
Epoch 120/150 | Train Loss: 0.0168 | Epoch Time: 0.62s | Spearman@80: 0.9206 | Kendall@80: 0.7825
Epoch 121/150 | Train Loss: 0.0194 | Epoch Time: 0.65s | Spearman@80: 0.9196 | Kendall@80: 0.7717
Epoch 122/150 | Train Loss: 0.0123 | Epoch Time: 0.60s | Spearman@80: 0.9245 | Kendall@80: 0.7867
Epoch 123/150 | Train Loss: 0.0204 | Epoch Time: 0.64s | Spearman@80: 0.9287 | Kendall@80: 0.7926
Epoch 124/150 | Train Loss: 0.0139 | Epoch Time: 0.60s | Spearman@80: 0.9292 | Kendall@80: 0.7931
Epoch 125/150 | Train Loss: 0.0152 | Epoch Time: 0.60s | Spearman@80: 0.9235 | Kendall@80: 0.7840
Epoch 126/150 | Train Loss: 0.0190 | Epoch Time: 0.61s | Spearman@80: 0.9261 | Kendall@80: 0.7876
Epoch 127/150 | Train Loss: 0.0151 | Epoch Time: 0.60s | Spearman@80: 0.9233 | Kendall@80: 0.7789
Epoch 128/150 | Train Loss: 0.0158 | Epoch Time: 0.61s | Spearman@80: 0.9253 | Kendall@80: 0.7863
Epoch 129/150 | Train Loss: 0.0181 | Epoch Time: 0.62s | Spearman@80: 0.9287 | Kendall@80: 0.7895
Epoch 130/150 | Train Loss: 0.0195 | Epoch Time: 0.61s | Spearman@80: 0.9289 | Kendall@80: 0.7906
Epoch 131/150 | Train Loss: 0.0176 | Epoch Time: 0.63s | Spearman@80: 0.9285 | Kendall@80: 0.7905
Epoch 132/150 | Train Loss: 0.0171 | Epoch Time: 0.60s | Spearman@80: 0.9288 | Kendall@80: 0.7901
Epoch 133/150 | Train Loss: 0.0162 | Epoch Time: 0.62s | Spearman@80: 0.9258 | Kendall@80: 0.7876
Epoch 134/150 | Train Loss: 0.0169 | Epoch Time: 0.63s | Spearman@80: 0.9288 | Kendall@80: 0.7895
Epoch 135/150 | Train Loss: 0.0139 | Epoch Time: 0.63s | Spearman@80: 0.9286 | Kendall@80: 0.7922
Epoch 136/150 | Train Loss: 0.0156 | Epoch Time: 0.64s | Spearman@80: 0.9300 | Kendall@80: 0.7990
Epoch 137/150 | Train Loss: 0.0138 | Epoch Time: 0.61s | Spearman@80: 0.9263 | Kendall@80: 0.7906
Epoch 138/150 | Train Loss: 0.0108 | Epoch Time: 0.60s | Spearman@80: 0.9259 | Kendall@80: 0.7926
Epoch 139/150 | Train Loss: 0.0187 | Epoch Time: 0.62s | Spearman@80: 0.9278 | Kendall@80: 0.7943
Epoch 140/150 | Train Loss: 0.0155 | Epoch Time: 0.62s | Spearman@80: 0.9254 | Kendall@80: 0.7899
Epoch 141/150 | Train Loss: 0.0164 | Epoch Time: 0.60s | Spearman@80: 0.9239 | Kendall@80: 0.7814
Epoch 142/150 | Train Loss: 0.0146 | Epoch Time: 0.61s | Spearman@80: 0.9256 | Kendall@80: 0.7876
Epoch 143/150 | Train Loss: 0.0177 | Epoch Time: 0.62s | Spearman@80: 0.9263 | Kendall@80: 0.7916
Epoch 144/150 | Train Loss: 0.0143 | Epoch Time: 0.63s | Spearman@80: 0.9300 | Kendall@80: 0.7985
Epoch 145/150 | Train Loss: 0.0167 | Epoch Time: 0.64s | Spearman@80: 0.9270 | Kendall@80: 0.7901
Epoch 146/150 | Train Loss: 0.0137 | Epoch Time: 0.66s | Spearman@80: 0.9279 | Kendall@80: 0.7947
Epoch 147/150 | Train Loss: 0.0163 | Epoch Time: 1.59s | Spearman@15496: 0.9452 | Kendall@15496: 0.8129
Epoch 148/150 | Train Loss: 0.0139 | Epoch Time: 1.50s | Spearman@15496: 0.9449 | Kendall@15496: 0.8124
Epoch 149/150 | Train Loss: 0.0200 | Epoch Time: 1.51s | Spearman@15496: 0.9436 | Kendall@15496: 0.8108
Epoch 150/150 | Train Loss: 0.0168 | Epoch Time: 1.54s | Spearman@15496: 0.9446 | Kendall@15496: 0.8116
Sample Count: 128, Spearman: 0.9445912545092157, Kendall: 0.8119558030938248
{64: (0.9103168020529168, 0.7653203379000793),
 128: (0.9445912545092157, 0.8119558030938248)}
Epoch 1/150 | Train Loss: 0.0987 | Epoch Time: 0.31s | Spearman@80: 0.5248 | Kendall@80: 0.3654
Epoch 2/150 | Train Loss: 0.0810 | Epoch Time: 0.32s | Spearman@80: 0.5160 | Kendall@80: 0.3622
Epoch 3/150 | Train Loss: 0.0504 | Epoch Time: 0.32s | Spearman@80: 0.8423 | Kendall@80: 0.6457
Epoch 4/150 | Train Loss: 0.0431 | Epoch Time: 0.31s | Spearman@80: 0.8467 | Kendall@80: 0.6521
Epoch 5/150 | Train Loss: 0.0389 | Epoch Time: 0.31s | Spearman@80: 0.8604 | Kendall@80: 0.6686
Epoch 6/150 | Train Loss: 0.0310 | Epoch Time: 0.32s | Spearman@80: 0.8554 | Kendall@80: 0.6696
Epoch 7/150 | Train Loss: 0.0297 | Epoch Time: 0.32s | Spearman@80: 0.8496 | Kendall@80: 0.6728
Epoch 8/150 | Train Loss: 0.0368 | Epoch Time: 0.32s | Spearman@80: 0.8631 | Kendall@80: 0.6863
Epoch 9/150 | Train Loss: 0.0331 | Epoch Time: 0.31s | Spearman@80: 0.8830 | Kendall@80: 0.7115
Epoch 10/150 | Train Loss: 0.0293 | Epoch Time: 0.31s | Spearman@80: 0.8899 | Kendall@80: 0.7269
Epoch 11/150 | Train Loss: 0.0321 | Epoch Time: 0.30s | Spearman@80: 0.9064 | Kendall@80: 0.7515
Epoch 12/150 | Train Loss: 0.0352 | Epoch Time: 0.31s | Spearman@80: 0.8589 | Kendall@80: 0.6768
Epoch 13/150 | Train Loss: 0.0336 | Epoch Time: 0.33s | Spearman@80: 0.8902 | Kendall@80: 0.7250
Epoch 14/150 | Train Loss: 0.0236 | Epoch Time: 0.32s | Spearman@80: 0.8906 | Kendall@80: 0.7263
Epoch 15/150 | Train Loss: 0.0216 | Epoch Time: 0.31s | Spearman@80: 0.9042 | Kendall@80: 0.7510
Epoch 16/150 | Train Loss: 0.0248 | Epoch Time: 0.31s | Spearman@80: 0.9069 | Kendall@80: 0.7540
Epoch 17/150 | Train Loss: 0.0271 | Epoch Time: 0.30s | Spearman@80: 0.8959 | Kendall@80: 0.7293
Epoch 18/150 | Train Loss: 0.0214 | Epoch Time: 0.32s | Spearman@80: 0.9038 | Kendall@80: 0.7432
Epoch 19/150 | Train Loss: 0.0220 | Epoch Time: 0.32s | Spearman@80: 0.8957 | Kendall@80: 0.7295
Epoch 20/150 | Train Loss: 0.0262 | Epoch Time: 0.31s | Spearman@80: 0.9119 | Kendall@80: 0.7694
Epoch 21/150 | Train Loss: 0.0263 | Epoch Time: 0.31s | Spearman@80: 0.8999 | Kendall@80: 0.7301
Epoch 22/150 | Train Loss: 0.0295 | Epoch Time: 0.31s | Spearman@80: 0.9039 | Kendall@80: 0.7472
Epoch 23/150 | Train Loss: 0.0265 | Epoch Time: 0.30s | Spearman@80: 0.8977 | Kendall@80: 0.7447
Epoch 24/150 | Train Loss: 0.0275 | Epoch Time: 0.32s | Spearman@80: 0.9088 | Kendall@80: 0.7593
Epoch 25/150 | Train Loss: 0.0265 | Epoch Time: 0.31s | Spearman@80: 0.9144 | Kendall@80: 0.7688
Epoch 26/150 | Train Loss: 0.0277 | Epoch Time: 0.30s | Spearman@80: 0.8994 | Kendall@80: 0.7426
Epoch 27/150 | Train Loss: 0.0237 | Epoch Time: 0.29s | Spearman@80: 0.8735 | Kendall@80: 0.6971
Epoch 28/150 | Train Loss: 0.0268 | Epoch Time: 0.32s | Spearman@80: 0.9029 | Kendall@80: 0.7402
Epoch 29/150 | Train Loss: 0.0184 | Epoch Time: 0.31s | Spearman@80: 0.9039 | Kendall@80: 0.7453
Epoch 30/150 | Train Loss: 0.0183 | Epoch Time: 0.33s | Spearman@80: 0.9128 | Kendall@80: 0.7502
Epoch 31/150 | Train Loss: 0.0272 | Epoch Time: 0.29s | Spearman@80: 0.8956 | Kendall@80: 0.7280
Epoch 32/150 | Train Loss: 0.0305 | Epoch Time: 0.30s | Spearman@80: 0.9061 | Kendall@80: 0.7464
Epoch 33/150 | Train Loss: 0.0288 | Epoch Time: 0.33s | Spearman@80: 0.9017 | Kendall@80: 0.7432
Epoch 34/150 | Train Loss: 0.0275 | Epoch Time: 0.30s | Spearman@80: 0.9100 | Kendall@80: 0.7635
Epoch 35/150 | Train Loss: 0.0323 | Epoch Time: 0.30s | Spearman@80: 0.9106 | Kendall@80: 0.7578
Epoch 36/150 | Train Loss: 0.0188 | Epoch Time: 0.31s | Spearman@80: 0.8971 | Kendall@80: 0.7400
Epoch 37/150 | Train Loss: 0.0220 | Epoch Time: 0.32s | Spearman@80: 0.8854 | Kendall@80: 0.7217
Epoch 38/150 | Train Loss: 0.0226 | Epoch Time: 0.32s | Spearman@80: 0.9088 | Kendall@80: 0.7610
Epoch 39/150 | Train Loss: 0.0208 | Epoch Time: 0.31s | Spearman@80: 0.9176 | Kendall@80: 0.7749
Epoch 40/150 | Train Loss: 0.0252 | Epoch Time: 0.31s | Spearman@80: 0.9044 | Kendall@80: 0.7460
Epoch 41/150 | Train Loss: 0.0221 | Epoch Time: 0.32s | Spearman@80: 0.9151 | Kendall@80: 0.7675
Epoch 42/150 | Train Loss: 0.0187 | Epoch Time: 0.30s | Spearman@80: 0.9144 | Kendall@80: 0.7675
Epoch 43/150 | Train Loss: 0.0186 | Epoch Time: 0.30s | Spearman@80: 0.9150 | Kendall@80: 0.7701
Epoch 44/150 | Train Loss: 0.0269 | Epoch Time: 0.31s | Spearman@80: 0.9077 | Kendall@80: 0.7584
Epoch 45/150 | Train Loss: 0.0191 | Epoch Time: 0.32s | Spearman@80: 0.8913 | Kendall@80: 0.7356
Epoch 46/150 | Train Loss: 0.0253 | Epoch Time: 0.32s | Spearman@80: 0.8690 | Kendall@80: 0.6997
Epoch 47/150 | Train Loss: 0.0196 | Epoch Time: 0.33s | Spearman@80: 0.8878 | Kendall@80: 0.7244
Epoch 48/150 | Train Loss: 0.0219 | Epoch Time: 0.30s | Spearman@80: 0.8902 | Kendall@80: 0.7301
Epoch 49/150 | Train Loss: 0.0264 | Epoch Time: 0.32s | Spearman@80: 0.8930 | Kendall@80: 0.7314
Epoch 50/150 | Train Loss: 0.0177 | Epoch Time: 0.29s | Spearman@80: 0.8984 | Kendall@80: 0.7364
Epoch 51/150 | Train Loss: 0.0196 | Epoch Time: 0.32s | Spearman@80: 0.9062 | Kendall@80: 0.7489
Epoch 52/150 | Train Loss: 0.0166 | Epoch Time: 0.31s | Spearman@80: 0.9132 | Kendall@80: 0.7561
Epoch 53/150 | Train Loss: 0.0174 | Epoch Time: 0.32s | Spearman@80: 0.9144 | Kendall@80: 0.7574
Epoch 54/150 | Train Loss: 0.0220 | Epoch Time: 0.30s | Spearman@80: 0.9102 | Kendall@80: 0.7580
Epoch 55/150 | Train Loss: 0.0226 | Epoch Time: 0.32s | Spearman@80: 0.9013 | Kendall@80: 0.7434
Epoch 56/150 | Train Loss: 0.0186 | Epoch Time: 0.32s | Spearman@80: 0.9095 | Kendall@80: 0.7580
Epoch 57/150 | Train Loss: 0.0217 | Epoch Time: 0.30s | Spearman@80: 0.9184 | Kendall@80: 0.7749
Epoch 58/150 | Train Loss: 0.0185 | Epoch Time: 0.33s | Spearman@80: 0.9021 | Kendall@80: 0.7472
Epoch 59/150 | Train Loss: 0.0265 | Epoch Time: 0.32s | Spearman@80: 0.9204 | Kendall@80: 0.7789
Epoch 60/150 | Train Loss: 0.0173 | Epoch Time: 0.33s | Spearman@80: 0.9118 | Kendall@80: 0.7635
Epoch 61/150 | Train Loss: 0.0226 | Epoch Time: 0.31s | Spearman@80: 0.9182 | Kendall@80: 0.7739
Epoch 62/150 | Train Loss: 0.0163 | Epoch Time: 0.32s | Spearman@80: 0.9156 | Kendall@80: 0.7694
Epoch 63/150 | Train Loss: 0.0175 | Epoch Time: 0.32s | Spearman@80: 0.9033 | Kendall@80: 0.7483
Epoch 64/150 | Train Loss: 0.0159 | Epoch Time: 0.31s | Spearman@80: 0.9157 | Kendall@80: 0.7682
Epoch 65/150 | Train Loss: 0.0231 | Epoch Time: 0.32s | Spearman@80: 0.9054 | Kendall@80: 0.7548
Epoch 66/150 | Train Loss: 0.0139 | Epoch Time: 0.32s | Spearman@80: 0.9142 | Kendall@80: 0.7713
Epoch 67/150 | Train Loss: 0.0114 | Epoch Time: 0.31s | Spearman@80: 0.9184 | Kendall@80: 0.7777
Epoch 68/150 | Train Loss: 0.0158 | Epoch Time: 0.32s | Spearman@80: 0.9171 | Kendall@80: 0.7720
Epoch 69/150 | Train Loss: 0.0169 | Epoch Time: 0.31s | Spearman@80: 0.9011 | Kendall@80: 0.7529
Epoch 70/150 | Train Loss: 0.0185 | Epoch Time: 0.31s | Spearman@80: 0.9013 | Kendall@80: 0.7510
Epoch 71/150 | Train Loss: 0.0133 | Epoch Time: 0.33s | Spearman@80: 0.8901 | Kendall@80: 0.7276
Epoch 72/150 | Train Loss: 0.0244 | Epoch Time: 0.32s | Spearman@80: 0.9191 | Kendall@80: 0.7751
Epoch 73/150 | Train Loss: 0.0220 | Epoch Time: 0.31s | Spearman@80: 0.9082 | Kendall@80: 0.7502
Epoch 74/150 | Train Loss: 0.0164 | Epoch Time: 0.30s | Spearman@80: 0.9021 | Kendall@80: 0.7479
Epoch 75/150 | Train Loss: 0.0236 | Epoch Time: 0.32s | Spearman@80: 0.9095 | Kendall@80: 0.7591
Epoch 76/150 | Train Loss: 0.0210 | Epoch Time: 0.31s | Spearman@80: 0.9173 | Kendall@80: 0.7692
Epoch 77/150 | Train Loss: 0.0226 | Epoch Time: 0.32s | Spearman@80: 0.9280 | Kendall@80: 0.7834
Epoch 78/150 | Train Loss: 0.0137 | Epoch Time: 0.34s | Spearman@80: 0.9276 | Kendall@80: 0.7832
Epoch 79/150 | Train Loss: 0.0126 | Epoch Time: 0.30s | Spearman@80: 0.9249 | Kendall@80: 0.7840
Epoch 80/150 | Train Loss: 0.0157 | Epoch Time: 0.31s | Spearman@80: 0.9300 | Kendall@80: 0.7904
Epoch 81/150 | Train Loss: 0.0192 | Epoch Time: 0.30s | Spearman@80: 0.9257 | Kendall@80: 0.7834
Epoch 82/150 | Train Loss: 0.0194 | Epoch Time: 0.31s | Spearman@80: 0.9195 | Kendall@80: 0.7783
Epoch 83/150 | Train Loss: 0.0175 | Epoch Time: 0.31s | Spearman@80: 0.9299 | Kendall@80: 0.7853
Epoch 84/150 | Train Loss: 0.0149 | Epoch Time: 0.31s | Spearman@80: 0.9226 | Kendall@80: 0.7758
Epoch 85/150 | Train Loss: 0.0137 | Epoch Time: 0.31s | Spearman@80: 0.9258 | Kendall@80: 0.7819
Epoch 86/150 | Train Loss: 0.0105 | Epoch Time: 0.30s | Spearman@80: 0.9248 | Kendall@80: 0.7800
Epoch 87/150 | Train Loss: 0.0135 | Epoch Time: 0.31s | Spearman@80: 0.9196 | Kendall@80: 0.7739
Epoch 88/150 | Train Loss: 0.0116 | Epoch Time: 0.31s | Spearman@80: 0.9235 | Kendall@80: 0.7807
Epoch 89/150 | Train Loss: 0.0184 | Epoch Time: 0.30s | Spearman@80: 0.9259 | Kendall@80: 0.7832
Epoch 90/150 | Train Loss: 0.0121 | Epoch Time: 0.31s | Spearman@80: 0.9337 | Kendall@80: 0.7952
Epoch 91/150 | Train Loss: 0.0121 | Epoch Time: 0.29s | Spearman@80: 0.9324 | Kendall@80: 0.7914
Epoch 92/150 | Train Loss: 0.0158 | Epoch Time: 0.30s | Spearman@80: 0.9312 | Kendall@80: 0.7933
Epoch 93/150 | Train Loss: 0.0152 | Epoch Time: 0.31s | Spearman@80: 0.9340 | Kendall@80: 0.8016
Epoch 94/150 | Train Loss: 0.0104 | Epoch Time: 0.32s | Spearman@80: 0.9317 | Kendall@80: 0.7948
Epoch 95/150 | Train Loss: 0.0130 | Epoch Time: 0.33s | Spearman@80: 0.9348 | Kendall@80: 0.7971
Epoch 96/150 | Train Loss: 0.0145 | Epoch Time: 0.32s | Spearman@80: 0.9352 | Kendall@80: 0.7997
Epoch 97/150 | Train Loss: 0.0153 | Epoch Time: 0.33s | Spearman@80: 0.9383 | Kendall@80: 0.8054
Epoch 98/150 | Train Loss: 0.0084 | Epoch Time: 0.31s | Spearman@80: 0.9359 | Kendall@80: 0.7999
Epoch 99/150 | Train Loss: 0.0121 | Epoch Time: 0.31s | Spearman@80: 0.9344 | Kendall@80: 0.7954
Epoch 100/150 | Train Loss: 0.0127 | Epoch Time: 0.31s | Spearman@80: 0.9409 | Kendall@80: 0.8100
Epoch 101/150 | Train Loss: 0.0098 | Epoch Time: 0.30s | Spearman@80: 0.9362 | Kendall@80: 0.8022
Epoch 102/150 | Train Loss: 0.0125 | Epoch Time: 0.31s | Spearman@80: 0.9400 | Kendall@80: 0.8107
Epoch 103/150 | Train Loss: 0.0127 | Epoch Time: 0.32s | Spearman@80: 0.9400 | Kendall@80: 0.8130
Epoch 104/150 | Train Loss: 0.0134 | Epoch Time: 0.29s | Spearman@80: 0.9456 | Kendall@80: 0.8170
Epoch 105/150 | Train Loss: 0.0175 | Epoch Time: 0.29s | Spearman@80: 0.9374 | Kendall@80: 0.8035
Epoch 106/150 | Train Loss: 0.0136 | Epoch Time: 0.32s | Spearman@80: 0.9279 | Kendall@80: 0.7971
Epoch 107/150 | Train Loss: 0.0132 | Epoch Time: 0.33s | Spearman@80: 0.9361 | Kendall@80: 0.8030
Epoch 108/150 | Train Loss: 0.0101 | Epoch Time: 0.31s | Spearman@80: 0.9435 | Kendall@80: 0.8176
Epoch 109/150 | Train Loss: 0.0149 | Epoch Time: 0.31s | Spearman@80: 0.9424 | Kendall@80: 0.8149
Epoch 110/150 | Train Loss: 0.0150 | Epoch Time: 0.31s | Spearman@80: 0.9434 | Kendall@80: 0.8174
Epoch 111/150 | Train Loss: 0.0152 | Epoch Time: 0.31s | Spearman@80: 0.9438 | Kendall@80: 0.8194
Epoch 112/150 | Train Loss: 0.0143 | Epoch Time: 0.31s | Spearman@80: 0.9364 | Kendall@80: 0.8056
Epoch 113/150 | Train Loss: 0.0113 | Epoch Time: 0.30s | Spearman@80: 0.9448 | Kendall@80: 0.8214
Epoch 114/150 | Train Loss: 0.0140 | Epoch Time: 0.30s | Spearman@80: 0.9473 | Kendall@80: 0.8259
Epoch 115/150 | Train Loss: 0.0089 | Epoch Time: 0.32s | Spearman@80: 0.9445 | Kendall@80: 0.8219
Epoch 116/150 | Train Loss: 0.0106 | Epoch Time: 0.31s | Spearman@80: 0.9430 | Kendall@80: 0.8164
Epoch 117/150 | Train Loss: 0.0106 | Epoch Time: 0.30s | Spearman@80: 0.9446 | Kendall@80: 0.8200
Epoch 118/150 | Train Loss: 0.0055 | Epoch Time: 0.31s | Spearman@80: 0.9450 | Kendall@80: 0.8200
Epoch 119/150 | Train Loss: 0.0106 | Epoch Time: 0.30s | Spearman@80: 0.9462 | Kendall@80: 0.8219
Epoch 120/150 | Train Loss: 0.0101 | Epoch Time: 0.31s | Spearman@80: 0.9452 | Kendall@80: 0.8195
Epoch 121/150 | Train Loss: 0.0081 | Epoch Time: 0.32s | Spearman@80: 0.9458 | Kendall@80: 0.8272
Epoch 122/150 | Train Loss: 0.0100 | Epoch Time: 0.30s | Spearman@80: 0.9411 | Kendall@80: 0.8183
Epoch 123/150 | Train Loss: 0.0136 | Epoch Time: 0.33s | Spearman@80: 0.9421 | Kendall@80: 0.8170
Epoch 124/150 | Train Loss: 0.0130 | Epoch Time: 0.31s | Spearman@80: 0.9449 | Kendall@80: 0.8232
Epoch 125/150 | Train Loss: 0.0144 | Epoch Time: 0.29s | Spearman@80: 0.9444 | Kendall@80: 0.8219
Epoch 126/150 | Train Loss: 0.0080 | Epoch Time: 0.33s | Spearman@80: 0.9422 | Kendall@80: 0.8189
Epoch 127/150 | Train Loss: 0.0105 | Epoch Time: 0.30s | Spearman@80: 0.9451 | Kendall@80: 0.8232
Epoch 128/150 | Train Loss: 0.0089 | Epoch Time: 0.33s | Spearman@80: 0.9454 | Kendall@80: 0.8225
Epoch 129/150 | Train Loss: 0.0147 | Epoch Time: 0.32s | Spearman@80: 0.9453 | Kendall@80: 0.8240
Epoch 130/150 | Train Loss: 0.0089 | Epoch Time: 0.31s | Spearman@80: 0.9472 | Kendall@80: 0.8270
Epoch 131/150 | Train Loss: 0.0104 | Epoch Time: 0.32s | Spearman@80: 0.9469 | Kendall@80: 0.8284
Epoch 132/150 | Train Loss: 0.0093 | Epoch Time: 0.32s | Spearman@80: 0.9458 | Kendall@80: 0.8259
Epoch 133/150 | Train Loss: 0.0112 | Epoch Time: 0.33s | Spearman@80: 0.9460 | Kendall@80: 0.8240
Epoch 134/150 | Train Loss: 0.0095 | Epoch Time: 0.31s | Spearman@80: 0.9451 | Kendall@80: 0.8240
Epoch 135/150 | Train Loss: 0.0101 | Epoch Time: 0.32s | Spearman@80: 0.9447 | Kendall@80: 0.8238
Epoch 136/150 | Train Loss: 0.0151 | Epoch Time: 0.30s | Spearman@80: 0.9445 | Kendall@80: 0.8233
Epoch 137/150 | Train Loss: 0.0087 | Epoch Time: 0.31s | Spearman@80: 0.9445 | Kendall@80: 0.8233
Epoch 138/150 | Train Loss: 0.0069 | Epoch Time: 0.32s | Spearman@80: 0.9458 | Kendall@80: 0.8257
Epoch 139/150 | Train Loss: 0.0084 | Epoch Time: 0.31s | Spearman@80: 0.9450 | Kendall@80: 0.8246
Epoch 140/150 | Train Loss: 0.0106 | Epoch Time: 0.31s | Spearman@80: 0.9460 | Kendall@80: 0.8251
Epoch 141/150 | Train Loss: 0.0084 | Epoch Time: 0.30s | Spearman@80: 0.9445 | Kendall@80: 0.8232
Epoch 142/150 | Train Loss: 0.0086 | Epoch Time: 0.33s | Spearman@80: 0.9456 | Kendall@80: 0.8221
Epoch 143/150 | Train Loss: 0.0114 | Epoch Time: 0.31s | Spearman@80: 0.9458 | Kendall@80: 0.8240
Epoch 144/150 | Train Loss: 0.0101 | Epoch Time: 0.31s | Spearman@80: 0.9467 | Kendall@80: 0.8263
Epoch 145/150 | Train Loss: 0.0121 | Epoch Time: 0.34s | Spearman@80: 0.9473 | Kendall@80: 0.8272
Epoch 146/150 | Train Loss: 0.0120 | Epoch Time: 0.32s | Spearman@80: 0.9477 | Kendall@80: 0.8289
Epoch 147/150 | Train Loss: 0.0125 | Epoch Time: 1.18s | Spearman@15560: 0.9284 | Kendall@15560: 0.7868
Epoch 148/150 | Train Loss: 0.0139 | Epoch Time: 1.19s | Spearman@15560: 0.9288 | Kendall@15560: 0.7879
Epoch 149/150 | Train Loss: 0.0114 | Epoch Time: 1.18s | Spearman@15560: 0.9289 | Kendall@15560: 0.7879
Epoch 150/150 | Train Loss: 0.0097 | Epoch Time: 1.21s | Spearman@15560: 0.9279 | Kendall@15560: 0.7862
Sample Count: 64, Spearman: 0.9284795648778237, Kendall: 0.7872175420188586
{64: (0.9284795648778237, 0.7872175420188586),
 128: (0.9445912545092157, 0.8119558030938248)}
Epoch 1/150 | Train Loss: 0.0899 | Epoch Time: 0.59s | Spearman@80: 0.5572 | Kendall@80: 0.3996
Epoch 2/150 | Train Loss: 0.0545 | Epoch Time: 0.63s | Spearman@80: 0.8183 | Kendall@80: 0.6451
Epoch 3/150 | Train Loss: 0.0467 | Epoch Time: 0.65s | Spearman@80: 0.8593 | Kendall@80: 0.6932
Epoch 4/150 | Train Loss: 0.0429 | Epoch Time: 0.62s | Spearman@80: 0.8553 | Kendall@80: 0.6866
Epoch 5/150 | Train Loss: 0.0411 | Epoch Time: 0.61s | Spearman@80: 0.8936 | Kendall@80: 0.7305
Epoch 6/150 | Train Loss: 0.0323 | Epoch Time: 0.62s | Spearman@80: 0.8915 | Kendall@80: 0.7298
Epoch 7/150 | Train Loss: 0.0332 | Epoch Time: 0.60s | Spearman@80: 0.8822 | Kendall@80: 0.7231
Epoch 8/150 | Train Loss: 0.0305 | Epoch Time: 0.59s | Spearman@80: 0.8613 | Kendall@80: 0.7036
Epoch 9/150 | Train Loss: 0.0416 | Epoch Time: 0.61s | Spearman@80: 0.9185 | Kendall@80: 0.7567
Epoch 10/150 | Train Loss: 0.0333 | Epoch Time: 0.61s | Spearman@80: 0.9184 | Kendall@80: 0.7694
Epoch 11/150 | Train Loss: 0.0349 | Epoch Time: 0.62s | Spearman@80: 0.8875 | Kendall@80: 0.7179
Epoch 12/150 | Train Loss: 0.0374 | Epoch Time: 0.62s | Spearman@80: 0.9246 | Kendall@80: 0.7707
Epoch 13/150 | Train Loss: 0.0299 | Epoch Time: 0.62s | Spearman@80: 0.8447 | Kendall@80: 0.6671
Epoch 14/150 | Train Loss: 0.0382 | Epoch Time: 0.60s | Spearman@80: 0.8459 | Kendall@80: 0.6715
Epoch 15/150 | Train Loss: 0.0328 | Epoch Time: 0.63s | Spearman@80: 0.9053 | Kendall@80: 0.7482
Epoch 16/150 | Train Loss: 0.0313 | Epoch Time: 0.62s | Spearman@80: 0.9052 | Kendall@80: 0.7392
Epoch 17/150 | Train Loss: 0.0355 | Epoch Time: 0.61s | Spearman@80: 0.9004 | Kendall@80: 0.7245
Epoch 18/150 | Train Loss: 0.0321 | Epoch Time: 0.62s | Spearman@80: 0.8961 | Kendall@80: 0.7383
Epoch 19/150 | Train Loss: 0.0319 | Epoch Time: 0.61s | Spearman@80: 0.9083 | Kendall@80: 0.7497
Epoch 20/150 | Train Loss: 0.0311 | Epoch Time: 0.62s | Spearman@80: 0.8903 | Kendall@80: 0.7313
Epoch 21/150 | Train Loss: 0.0287 | Epoch Time: 0.60s | Spearman@80: 0.9079 | Kendall@80: 0.7525
Epoch 22/150 | Train Loss: 0.0305 | Epoch Time: 0.65s | Spearman@80: 0.9038 | Kendall@80: 0.7410
Epoch 23/150 | Train Loss: 0.0312 | Epoch Time: 0.62s | Spearman@80: 0.9320 | Kendall@80: 0.7789
Epoch 24/150 | Train Loss: 0.0293 | Epoch Time: 0.62s | Spearman@80: 0.9274 | Kendall@80: 0.7754
Epoch 25/150 | Train Loss: 0.0267 | Epoch Time: 0.60s | Spearman@80: 0.9283 | Kendall@80: 0.7777
Epoch 26/150 | Train Loss: 0.0307 | Epoch Time: 0.61s | Spearman@80: 0.8943 | Kendall@80: 0.7320
Epoch 27/150 | Train Loss: 0.0335 | Epoch Time: 0.62s | Spearman@80: 0.9087 | Kendall@80: 0.7504
Epoch 28/150 | Train Loss: 0.0293 | Epoch Time: 0.62s | Spearman@80: 0.8786 | Kendall@80: 0.7228
Epoch 29/150 | Train Loss: 0.0280 | Epoch Time: 0.61s | Spearman@80: 0.9003 | Kendall@80: 0.7332
Epoch 30/150 | Train Loss: 0.0298 | Epoch Time: 0.59s | Spearman@80: 0.8807 | Kendall@80: 0.7194
Epoch 31/150 | Train Loss: 0.0294 | Epoch Time: 0.61s | Spearman@80: 0.9138 | Kendall@80: 0.7644
Epoch 32/150 | Train Loss: 0.0286 | Epoch Time: 0.61s | Spearman@80: 0.9193 | Kendall@80: 0.7682
Epoch 33/150 | Train Loss: 0.0311 | Epoch Time: 0.64s | Spearman@80: 0.9079 | Kendall@80: 0.7522
Epoch 34/150 | Train Loss: 0.0342 | Epoch Time: 0.62s | Spearman@80: 0.8738 | Kendall@80: 0.7027
Epoch 35/150 | Train Loss: 0.0316 | Epoch Time: 0.61s | Spearman@80: 0.9066 | Kendall@80: 0.7468
Epoch 36/150 | Train Loss: 0.0281 | Epoch Time: 0.60s | Spearman@80: 0.8908 | Kendall@80: 0.7436
Epoch 37/150 | Train Loss: 0.0249 | Epoch Time: 0.63s | Spearman@80: 0.9249 | Kendall@80: 0.7758
Epoch 38/150 | Train Loss: 0.0290 | Epoch Time: 0.62s | Spearman@80: 0.9229 | Kendall@80: 0.7661
Epoch 39/150 | Train Loss: 0.0299 | Epoch Time: 0.64s | Spearman@80: 0.9191 | Kendall@80: 0.7619
Epoch 40/150 | Train Loss: 0.0306 | Epoch Time: 0.61s | Spearman@80: 0.9187 | Kendall@80: 0.7627
Epoch 41/150 | Train Loss: 0.0340 | Epoch Time: 0.61s | Spearman@80: 0.9279 | Kendall@80: 0.7738
Epoch 42/150 | Train Loss: 0.0280 | Epoch Time: 0.61s | Spearman@80: 0.9182 | Kendall@80: 0.7593
Epoch 43/150 | Train Loss: 0.0282 | Epoch Time: 0.64s | Spearman@80: 0.8858 | Kendall@80: 0.7262
Epoch 44/150 | Train Loss: 0.0305 | Epoch Time: 0.59s | Spearman@80: 0.9108 | Kendall@80: 0.7535
Epoch 45/150 | Train Loss: 0.0336 | Epoch Time: 0.64s | Spearman@80: 0.9134 | Kendall@80: 0.7584
Epoch 46/150 | Train Loss: 0.0247 | Epoch Time: 0.59s | Spearman@80: 0.9132 | Kendall@80: 0.7625
Epoch 47/150 | Train Loss: 0.0280 | Epoch Time: 0.61s | Spearman@80: 0.8869 | Kendall@80: 0.7288
Epoch 48/150 | Train Loss: 0.0287 | Epoch Time: 0.63s | Spearman@80: 0.9182 | Kendall@80: 0.7593
Epoch 49/150 | Train Loss: 0.0284 | Epoch Time: 0.61s | Spearman@80: 0.9156 | Kendall@80: 0.7523
Epoch 50/150 | Train Loss: 0.0244 | Epoch Time: 0.62s | Spearman@80: 0.9077 | Kendall@80: 0.7605
Epoch 51/150 | Train Loss: 0.0256 | Epoch Time: 0.59s | Spearman@80: 0.9229 | Kendall@80: 0.7629
Epoch 52/150 | Train Loss: 0.0241 | Epoch Time: 0.59s | Spearman@80: 0.9256 | Kendall@80: 0.7694
Epoch 53/150 | Train Loss: 0.0286 | Epoch Time: 0.64s | Spearman@80: 0.8936 | Kendall@80: 0.7355
Epoch 54/150 | Train Loss: 0.0280 | Epoch Time: 0.62s | Spearman@80: 0.8793 | Kendall@80: 0.7237
Epoch 55/150 | Train Loss: 0.0293 | Epoch Time: 0.62s | Spearman@80: 0.9231 | Kendall@80: 0.7637
Epoch 56/150 | Train Loss: 0.0243 | Epoch Time: 0.61s | Spearman@80: 0.9054 | Kendall@80: 0.7472
Epoch 57/150 | Train Loss: 0.0269 | Epoch Time: 0.65s | Spearman@80: 0.9209 | Kendall@80: 0.7711
Epoch 58/150 | Train Loss: 0.0230 | Epoch Time: 0.61s | Spearman@80: 0.8899 | Kendall@80: 0.7292
Epoch 59/150 | Train Loss: 0.0300 | Epoch Time: 0.61s | Spearman@80: 0.9147 | Kendall@80: 0.7576
Epoch 60/150 | Train Loss: 0.0212 | Epoch Time: 0.63s | Spearman@80: 0.9037 | Kendall@80: 0.7383
Epoch 61/150 | Train Loss: 0.0255 | Epoch Time: 0.63s | Spearman@80: 0.8872 | Kendall@80: 0.7313
Epoch 62/150 | Train Loss: 0.0272 | Epoch Time: 0.62s | Spearman@80: 0.9037 | Kendall@80: 0.7472
Epoch 63/150 | Train Loss: 0.0214 | Epoch Time: 0.60s | Spearman@80: 0.9010 | Kendall@80: 0.7421
Epoch 64/150 | Train Loss: 0.0277 | Epoch Time: 0.64s | Spearman@80: 0.9097 | Kendall@80: 0.7599
Epoch 65/150 | Train Loss: 0.0297 | Epoch Time: 0.60s | Spearman@80: 0.9188 | Kendall@80: 0.7663
Epoch 66/150 | Train Loss: 0.0285 | Epoch Time: 0.60s | Spearman@80: 0.9035 | Kendall@80: 0.7428
Epoch 67/150 | Train Loss: 0.0252 | Epoch Time: 0.62s | Spearman@80: 0.9102 | Kendall@80: 0.7516
Epoch 68/150 | Train Loss: 0.0252 | Epoch Time: 0.61s | Spearman@80: 0.9103 | Kendall@80: 0.7527
Epoch 69/150 | Train Loss: 0.0282 | Epoch Time: 0.60s | Spearman@80: 0.9207 | Kendall@80: 0.7771
Epoch 70/150 | Train Loss: 0.0239 | Epoch Time: 0.66s | Spearman@80: 0.9086 | Kendall@80: 0.7466
Epoch 71/150 | Train Loss: 0.0278 | Epoch Time: 0.61s | Spearman@80: 0.9215 | Kendall@80: 0.7701
Epoch 72/150 | Train Loss: 0.0298 | Epoch Time: 0.65s | Spearman@80: 0.9203 | Kendall@80: 0.7695
Epoch 73/150 | Train Loss: 0.0241 | Epoch Time: 0.62s | Spearman@80: 0.9252 | Kendall@80: 0.7686
Epoch 74/150 | Train Loss: 0.0268 | Epoch Time: 0.58s | Spearman@80: 0.9237 | Kendall@80: 0.7745
Epoch 75/150 | Train Loss: 0.0234 | Epoch Time: 0.63s | Spearman@80: 0.8944 | Kendall@80: 0.7351
Epoch 76/150 | Train Loss: 0.0221 | Epoch Time: 0.60s | Spearman@80: 0.8848 | Kendall@80: 0.7377
Epoch 77/150 | Train Loss: 0.0297 | Epoch Time: 0.63s | Spearman@80: 0.9005 | Kendall@80: 0.7472
Epoch 78/150 | Train Loss: 0.0237 | Epoch Time: 0.64s | Spearman@80: 0.9169 | Kendall@80: 0.7580
Epoch 79/150 | Train Loss: 0.0244 | Epoch Time: 0.62s | Spearman@80: 0.9047 | Kendall@80: 0.7516
Epoch 80/150 | Train Loss: 0.0231 | Epoch Time: 0.62s | Spearman@80: 0.9048 | Kendall@80: 0.7491
Epoch 81/150 | Train Loss: 0.0227 | Epoch Time: 0.60s | Spearman@80: 0.9004 | Kendall@80: 0.7395
Epoch 82/150 | Train Loss: 0.0197 | Epoch Time: 0.60s | Spearman@80: 0.9230 | Kendall@80: 0.7768
Epoch 83/150 | Train Loss: 0.0314 | Epoch Time: 0.61s | Spearman@80: 0.8989 | Kendall@80: 0.7464
Epoch 84/150 | Train Loss: 0.0250 | Epoch Time: 0.62s | Spearman@80: 0.9110 | Kendall@80: 0.7574
Epoch 85/150 | Train Loss: 0.0218 | Epoch Time: 0.61s | Spearman@80: 0.9031 | Kendall@80: 0.7527
Epoch 86/150 | Train Loss: 0.0279 | Epoch Time: 0.62s | Spearman@80: 0.8858 | Kendall@80: 0.7209
Epoch 87/150 | Train Loss: 0.0246 | Epoch Time: 0.61s | Spearman@80: 0.9124 | Kendall@80: 0.7648
Epoch 88/150 | Train Loss: 0.0196 | Epoch Time: 0.61s | Spearman@80: 0.8890 | Kendall@80: 0.7377
Epoch 89/150 | Train Loss: 0.0266 | Epoch Time: 0.59s | Spearman@80: 0.9087 | Kendall@80: 0.7580
Epoch 90/150 | Train Loss: 0.0259 | Epoch Time: 0.60s | Spearman@80: 0.9186 | Kendall@80: 0.7705
Epoch 91/150 | Train Loss: 0.0176 | Epoch Time: 0.62s | Spearman@80: 0.9178 | Kendall@80: 0.7720
Epoch 92/150 | Train Loss: 0.0226 | Epoch Time: 0.62s | Spearman@80: 0.8986 | Kendall@80: 0.7476
Epoch 93/150 | Train Loss: 0.0197 | Epoch Time: 0.61s | Spearman@80: 0.9041 | Kendall@80: 0.7549
Epoch 94/150 | Train Loss: 0.0248 | Epoch Time: 0.63s | Spearman@80: 0.9120 | Kendall@80: 0.7707
Epoch 95/150 | Train Loss: 0.0279 | Epoch Time: 0.64s | Spearman@80: 0.9033 | Kendall@80: 0.7508
Epoch 96/150 | Train Loss: 0.0254 | Epoch Time: 0.62s | Spearman@80: 0.9134 | Kendall@80: 0.7560
Epoch 97/150 | Train Loss: 0.0212 | Epoch Time: 0.61s | Spearman@80: 0.9166 | Kendall@80: 0.7635
Epoch 98/150 | Train Loss: 0.0228 | Epoch Time: 0.63s | Spearman@80: 0.9149 | Kendall@80: 0.7662
Epoch 99/150 | Train Loss: 0.0184 | Epoch Time: 0.62s | Spearman@80: 0.9158 | Kendall@80: 0.7675
Epoch 100/150 | Train Loss: 0.0183 | Epoch Time: 0.60s | Spearman@80: 0.9197 | Kendall@80: 0.7637
Epoch 101/150 | Train Loss: 0.0194 | Epoch Time: 0.62s | Spearman@80: 0.9136 | Kendall@80: 0.7694
Epoch 102/150 | Train Loss: 0.0269 | Epoch Time: 0.60s | Spearman@80: 0.9157 | Kendall@80: 0.7695
Epoch 103/150 | Train Loss: 0.0212 | Epoch Time: 0.61s | Spearman@80: 0.9000 | Kendall@80: 0.7482
Epoch 104/150 | Train Loss: 0.0156 | Epoch Time: 0.63s | Spearman@80: 0.9115 | Kendall@80: 0.7610
Epoch 105/150 | Train Loss: 0.0180 | Epoch Time: 0.64s | Spearman@80: 0.9183 | Kendall@80: 0.7713
Epoch 106/150 | Train Loss: 0.0180 | Epoch Time: 0.61s | Spearman@80: 0.9092 | Kendall@80: 0.7595
Epoch 107/150 | Train Loss: 0.0170 | Epoch Time: 0.63s | Spearman@80: 0.9125 | Kendall@80: 0.7686
Epoch 108/150 | Train Loss: 0.0222 | Epoch Time: 0.60s | Spearman@80: 0.9158 | Kendall@80: 0.7727
Epoch 109/150 | Train Loss: 0.0181 | Epoch Time: 0.64s | Spearman@80: 0.9097 | Kendall@80: 0.7650
Epoch 110/150 | Train Loss: 0.0169 | Epoch Time: 0.60s | Spearman@80: 0.9107 | Kendall@80: 0.7616
Epoch 111/150 | Train Loss: 0.0231 | Epoch Time: 0.62s | Spearman@80: 0.9079 | Kendall@80: 0.7586
Epoch 112/150 | Train Loss: 0.0245 | Epoch Time: 0.59s | Spearman@80: 0.8964 | Kendall@80: 0.7472
Epoch 113/150 | Train Loss: 0.0220 | Epoch Time: 0.62s | Spearman@80: 0.9078 | Kendall@80: 0.7565
Epoch 114/150 | Train Loss: 0.0225 | Epoch Time: 0.63s | Spearman@80: 0.9176 | Kendall@80: 0.7675
Epoch 115/150 | Train Loss: 0.0197 | Epoch Time: 0.62s | Spearman@80: 0.9212 | Kendall@80: 0.7790
Epoch 116/150 | Train Loss: 0.0201 | Epoch Time: 0.61s | Spearman@80: 0.9153 | Kendall@80: 0.7752
Epoch 117/150 | Train Loss: 0.0208 | Epoch Time: 0.62s | Spearman@80: 0.9192 | Kendall@80: 0.7790
Epoch 118/150 | Train Loss: 0.0201 | Epoch Time: 0.62s | Spearman@80: 0.9196 | Kendall@80: 0.7779
Epoch 119/150 | Train Loss: 0.0200 | Epoch Time: 0.62s | Spearman@80: 0.9089 | Kendall@80: 0.7682
Epoch 120/150 | Train Loss: 0.0231 | Epoch Time: 0.62s | Spearman@80: 0.9008 | Kendall@80: 0.7616
Epoch 121/150 | Train Loss: 0.0199 | Epoch Time: 0.63s | Spearman@80: 0.9145 | Kendall@80: 0.7663
Epoch 122/150 | Train Loss: 0.0207 | Epoch Time: 0.64s | Spearman@80: 0.9044 | Kendall@80: 0.7576
Epoch 123/150 | Train Loss: 0.0250 | Epoch Time: 0.63s | Spearman@80: 0.9108 | Kendall@80: 0.7673
Epoch 124/150 | Train Loss: 0.0170 | Epoch Time: 0.61s | Spearman@80: 0.9165 | Kendall@80: 0.7663
Epoch 125/150 | Train Loss: 0.0173 | Epoch Time: 0.62s | Spearman@80: 0.9160 | Kendall@80: 0.7638
Epoch 126/150 | Train Loss: 0.0150 | Epoch Time: 0.65s | Spearman@80: 0.9166 | Kendall@80: 0.7663
Epoch 127/150 | Train Loss: 0.0200 | Epoch Time: 0.60s | Spearman@80: 0.9147 | Kendall@80: 0.7663
Epoch 128/150 | Train Loss: 0.0172 | Epoch Time: 0.62s | Spearman@80: 0.9180 | Kendall@80: 0.7692
Epoch 129/150 | Train Loss: 0.0203 | Epoch Time: 0.62s | Spearman@80: 0.9132 | Kendall@80: 0.7654
Epoch 130/150 | Train Loss: 0.0144 | Epoch Time: 0.58s | Spearman@80: 0.9151 | Kendall@80: 0.7720
Epoch 131/150 | Train Loss: 0.0196 | Epoch Time: 0.60s | Spearman@80: 0.9166 | Kendall@80: 0.7736
Epoch 132/150 | Train Loss: 0.0228 | Epoch Time: 0.61s | Spearman@80: 0.9185 | Kendall@80: 0.7752
Epoch 133/150 | Train Loss: 0.0196 | Epoch Time: 0.60s | Spearman@80: 0.9142 | Kendall@80: 0.7714
Epoch 134/150 | Train Loss: 0.0192 | Epoch Time: 0.63s | Spearman@80: 0.9145 | Kendall@80: 0.7698
Epoch 135/150 | Train Loss: 0.0203 | Epoch Time: 0.62s | Spearman@80: 0.9078 | Kendall@80: 0.7584
Epoch 136/150 | Train Loss: 0.0198 | Epoch Time: 0.63s | Spearman@80: 0.9085 | Kendall@80: 0.7603
Epoch 137/150 | Train Loss: 0.0178 | Epoch Time: 0.63s | Spearman@80: 0.9113 | Kendall@80: 0.7622
Epoch 138/150 | Train Loss: 0.0220 | Epoch Time: 0.63s | Spearman@80: 0.9128 | Kendall@80: 0.7649
Epoch 139/150 | Train Loss: 0.0165 | Epoch Time: 0.60s | Spearman@80: 0.9132 | Kendall@80: 0.7622
Epoch 140/150 | Train Loss: 0.0148 | Epoch Time: 0.64s | Spearman@80: 0.9123 | Kendall@80: 0.7609
Epoch 141/150 | Train Loss: 0.0149 | Epoch Time: 0.59s | Spearman@80: 0.9135 | Kendall@80: 0.7629
Epoch 142/150 | Train Loss: 0.0131 | Epoch Time: 0.58s | Spearman@80: 0.9136 | Kendall@80: 0.7667
Epoch 143/150 | Train Loss: 0.0201 | Epoch Time: 0.59s | Spearman@80: 0.9158 | Kendall@80: 0.7717
Epoch 144/150 | Train Loss: 0.0197 | Epoch Time: 0.62s | Spearman@80: 0.9118 | Kendall@80: 0.7612
Epoch 145/150 | Train Loss: 0.0138 | Epoch Time: 0.63s | Spearman@80: 0.9160 | Kendall@80: 0.7705
Epoch 146/150 | Train Loss: 0.0183 | Epoch Time: 0.61s | Spearman@80: 0.9164 | Kendall@80: 0.7717
Epoch 147/150 | Train Loss: 0.0146 | Epoch Time: 1.53s | Spearman@15496: 0.9277 | Kendall@15496: 0.7812
Epoch 148/150 | Train Loss: 0.0152 | Epoch Time: 1.48s | Spearman@15496: 0.9264 | Kendall@15496: 0.7796
Epoch 149/150 | Train Loss: 0.0196 | Epoch Time: 1.54s | Spearman@15496: 0.9275 | Kendall@15496: 0.7815
Epoch 150/150 | Train Loss: 0.0195 | Epoch Time: 1.50s | Spearman@15496: 0.9267 | Kendall@15496: 0.7797
Sample Count: 128, Spearman: 0.9270615316390969, Kendall: 0.7804888546450821
{64: (0.9284795648778237, 0.7872175420188586),
 128: (0.9270615316390969, 0.7804888546450821)}
Average KDT:  0.7858760880863703
Variance KDT:  0.0002645091816343673
Average SPR:  0.9274691988381782
Variance SPR:  0.00018526357053517693
Average KDT:  0.7874814324961136
Variance KDT:  0.000317834679598235
Average SPR:  0.9300115894934327
Variance SPR:  0.00011883907868198659
