normalizing task:  Amoeba.json
normalizing task:  PNAS_fix-w-d.json
normalizing task:  ENAS_fix-w-d.json
normalizing task:  NASNet.json
normalizing task:  DARTS.json
normalizing task:  ENAS.json
normalizing task:  PNAS.json
normalizing task:  DARTS_lr-wd.json
normalizing task:  DARTS_fix-w-d.json
Epoch 1/150 | Train Loss: 0.0987 | Epoch Time: 0.95s | Spearman@80: 0.3628 | Kendall@80: 0.2423
Epoch 2/150 | Train Loss: 0.0937 | Epoch Time: 0.36s | Spearman@80: 0.2290 | Kendall@80: 0.1549
Epoch 3/150 | Train Loss: 0.0869 | Epoch Time: 0.36s | Spearman@80: 0.2932 | Kendall@80: 0.1878
Epoch 4/150 | Train Loss: 0.0773 | Epoch Time: 0.37s | Spearman@80: 0.3061 | Kendall@80: 0.2043
Epoch 5/150 | Train Loss: 0.0700 | Epoch Time: 0.36s | Spearman@80: 0.3994 | Kendall@80: 0.2676
Epoch 6/150 | Train Loss: 0.0703 | Epoch Time: 0.36s | Spearman@80: 0.4219 | Kendall@80: 0.2847
Epoch 7/150 | Train Loss: 0.0615 | Epoch Time: 0.36s | Spearman@80: 0.3926 | Kendall@80: 0.2568
Epoch 8/150 | Train Loss: 0.0641 | Epoch Time: 0.37s | Spearman@80: 0.3794 | Kendall@80: 0.2543
Epoch 9/150 | Train Loss: 0.0532 | Epoch Time: 0.35s | Spearman@80: 0.3497 | Kendall@80: 0.2372
Epoch 10/150 | Train Loss: 0.0488 | Epoch Time: 0.35s | Spearman@80: 0.4359 | Kendall@80: 0.3075
Epoch 11/150 | Train Loss: 0.0547 | Epoch Time: 0.36s | Spearman@80: 0.4252 | Kendall@80: 0.2752
Epoch 12/150 | Train Loss: 0.0527 | Epoch Time: 0.35s | Spearman@80: 0.4210 | Kendall@80: 0.2797
Epoch 13/150 | Train Loss: 0.0585 | Epoch Time: 0.36s | Spearman@80: 0.4280 | Kendall@80: 0.2930
Epoch 14/150 | Train Loss: 0.0583 | Epoch Time: 0.35s | Spearman@80: 0.4293 | Kendall@80: 0.2993
Epoch 15/150 | Train Loss: 0.0585 | Epoch Time: 0.36s | Spearman@80: 0.4060 | Kendall@80: 0.2575
Epoch 16/150 | Train Loss: 0.0486 | Epoch Time: 0.37s | Spearman@80: 0.4648 | Kendall@80: 0.3126
Epoch 17/150 | Train Loss: 0.0508 | Epoch Time: 0.37s | Spearman@80: 0.5089 | Kendall@80: 0.3512
Epoch 18/150 | Train Loss: 0.0505 | Epoch Time: 0.34s | Spearman@80: 0.4717 | Kendall@80: 0.3265
Epoch 19/150 | Train Loss: 0.0496 | Epoch Time: 0.36s | Spearman@80: 0.4528 | Kendall@80: 0.3031
Epoch 20/150 | Train Loss: 0.0497 | Epoch Time: 0.36s | Spearman@80: 0.4762 | Kendall@80: 0.3253
Epoch 21/150 | Train Loss: 0.0397 | Epoch Time: 0.35s | Spearman@80: 0.4544 | Kendall@80: 0.3158
Epoch 22/150 | Train Loss: 0.0454 | Epoch Time: 0.34s | Spearman@80: 0.4604 | Kendall@80: 0.3120
Epoch 23/150 | Train Loss: 0.0473 | Epoch Time: 0.37s | Spearman@80: 0.5167 | Kendall@80: 0.3563
Epoch 24/150 | Train Loss: 0.0370 | Epoch Time: 0.34s | Spearman@80: 0.4813 | Kendall@80: 0.3424
Epoch 25/150 | Train Loss: 0.0434 | Epoch Time: 0.37s | Spearman@80: 0.4857 | Kendall@80: 0.3424
Epoch 26/150 | Train Loss: 0.0366 | Epoch Time: 0.34s | Spearman@80: 0.5105 | Kendall@80: 0.3462
Epoch 27/150 | Train Loss: 0.0467 | Epoch Time: 0.36s | Spearman@80: 0.4811 | Kendall@80: 0.3316
Epoch 28/150 | Train Loss: 0.0385 | Epoch Time: 0.36s | Spearman@80: 0.5211 | Kendall@80: 0.3392
Epoch 29/150 | Train Loss: 0.0353 | Epoch Time: 0.35s | Spearman@80: 0.4736 | Kendall@80: 0.3113
Epoch 30/150 | Train Loss: 0.0363 | Epoch Time: 0.37s | Spearman@80: 0.4861 | Kendall@80: 0.3398
Epoch 31/150 | Train Loss: 0.0401 | Epoch Time: 0.36s | Spearman@80: 0.4873 | Kendall@80: 0.3291
Epoch 32/150 | Train Loss: 0.0450 | Epoch Time: 0.36s | Spearman@80: 0.4537 | Kendall@80: 0.3177
Epoch 33/150 | Train Loss: 0.0384 | Epoch Time: 0.36s | Spearman@80: 0.4319 | Kendall@80: 0.2974
Epoch 34/150 | Train Loss: 0.0342 | Epoch Time: 0.37s | Spearman@80: 0.4434 | Kendall@80: 0.3006
Epoch 35/150 | Train Loss: 0.0386 | Epoch Time: 0.36s | Spearman@80: 0.5013 | Kendall@80: 0.3430
Epoch 36/150 | Train Loss: 0.0390 | Epoch Time: 0.35s | Spearman@80: 0.5340 | Kendall@80: 0.3683
Epoch 37/150 | Train Loss: 0.0423 | Epoch Time: 0.36s | Spearman@80: 0.4842 | Kendall@80: 0.3189
Epoch 38/150 | Train Loss: 0.0380 | Epoch Time: 0.36s | Spearman@80: 0.4392 | Kendall@80: 0.2854
Epoch 39/150 | Train Loss: 0.0335 | Epoch Time: 0.34s | Spearman@80: 0.4463 | Kendall@80: 0.3101
Epoch 40/150 | Train Loss: 0.0263 | Epoch Time: 0.36s | Spearman@80: 0.4664 | Kendall@80: 0.3101
Epoch 41/150 | Train Loss: 0.0342 | Epoch Time: 0.36s | Spearman@80: 0.4330 | Kendall@80: 0.2968
Epoch 42/150 | Train Loss: 0.0316 | Epoch Time: 0.37s | Spearman@80: 0.4885 | Kendall@80: 0.3297
Epoch 43/150 | Train Loss: 0.0306 | Epoch Time: 0.36s | Spearman@80: 0.4748 | Kendall@80: 0.3221
Epoch 44/150 | Train Loss: 0.0349 | Epoch Time: 0.35s | Spearman@80: 0.4240 | Kendall@80: 0.2835
Epoch 45/150 | Train Loss: 0.0296 | Epoch Time: 0.37s | Spearman@80: 0.4709 | Kendall@80: 0.3164
Epoch 46/150 | Train Loss: 0.0266 | Epoch Time: 0.35s | Spearman@80: 0.4670 | Kendall@80: 0.3170
Epoch 47/150 | Train Loss: 0.0325 | Epoch Time: 0.35s | Spearman@80: 0.4899 | Kendall@80: 0.3310
Epoch 48/150 | Train Loss: 0.0335 | Epoch Time: 0.37s | Spearman@80: 0.4763 | Kendall@80: 0.3436
Epoch 49/150 | Train Loss: 0.0345 | Epoch Time: 0.34s | Spearman@80: 0.5304 | Kendall@80: 0.3652
Epoch 50/150 | Train Loss: 0.0397 | Epoch Time: 0.36s | Spearman@80: 0.5110 | Kendall@80: 0.3487
Epoch 51/150 | Train Loss: 0.0256 | Epoch Time: 0.36s | Spearman@80: 0.3790 | Kendall@80: 0.2524
Epoch 52/150 | Train Loss: 0.0256 | Epoch Time: 0.37s | Spearman@80: 0.4454 | Kendall@80: 0.2904
Epoch 53/150 | Train Loss: 0.0309 | Epoch Time: 0.37s | Spearman@80: 0.4821 | Kendall@80: 0.3272
Epoch 54/150 | Train Loss: 0.0342 | Epoch Time: 0.34s | Spearman@80: 0.4895 | Kendall@80: 0.3170
Epoch 55/150 | Train Loss: 0.0386 | Epoch Time: 0.37s | Spearman@80: 0.5016 | Kendall@80: 0.3335
Epoch 56/150 | Train Loss: 0.0311 | Epoch Time: 0.36s | Spearman@80: 0.3878 | Kendall@80: 0.2790
Epoch 57/150 | Train Loss: 0.0334 | Epoch Time: 0.35s | Spearman@80: 0.4825 | Kendall@80: 0.3208
Epoch 58/150 | Train Loss: 0.0295 | Epoch Time: 0.36s | Spearman@80: 0.4845 | Kendall@80: 0.3221
Epoch 59/150 | Train Loss: 0.0341 | Epoch Time: 0.36s | Spearman@80: 0.4263 | Kendall@80: 0.2942
Epoch 60/150 | Train Loss: 0.0265 | Epoch Time: 0.36s | Spearman@80: 0.4635 | Kendall@80: 0.3113
Epoch 61/150 | Train Loss: 0.0238 | Epoch Time: 0.35s | Spearman@80: 0.4786 | Kendall@80: 0.3170
Epoch 62/150 | Train Loss: 0.0200 | Epoch Time: 0.36s | Spearman@80: 0.4679 | Kendall@80: 0.3088
Epoch 63/150 | Train Loss: 0.0183 | Epoch Time: 0.35s | Spearman@80: 0.4823 | Kendall@80: 0.3253
Epoch 64/150 | Train Loss: 0.0235 | Epoch Time: 0.36s | Spearman@80: 0.4411 | Kendall@80: 0.2961
Epoch 65/150 | Train Loss: 0.0322 | Epoch Time: 0.36s | Spearman@80: 0.4553 | Kendall@80: 0.3031
Epoch 66/150 | Train Loss: 0.0348 | Epoch Time: 0.35s | Spearman@80: 0.4533 | Kendall@80: 0.3069
Epoch 67/150 | Train Loss: 0.0272 | Epoch Time: 0.36s | Spearman@80: 0.4883 | Kendall@80: 0.3360
Epoch 68/150 | Train Loss: 0.0278 | Epoch Time: 0.36s | Spearman@80: 0.4980 | Kendall@80: 0.3424
Epoch 69/150 | Train Loss: 0.0227 | Epoch Time: 0.35s | Spearman@80: 0.4806 | Kendall@80: 0.3246
Epoch 70/150 | Train Loss: 0.0244 | Epoch Time: 0.36s | Spearman@80: 0.4619 | Kendall@80: 0.3126
Epoch 71/150 | Train Loss: 0.0240 | Epoch Time: 0.36s | Spearman@80: 0.4601 | Kendall@80: 0.3088
Epoch 72/150 | Train Loss: 0.0206 | Epoch Time: 0.34s | Spearman@80: 0.4323 | Kendall@80: 0.2866
Epoch 73/150 | Train Loss: 0.0176 | Epoch Time: 0.37s | Spearman@80: 0.3935 | Kendall@80: 0.2683
Epoch 74/150 | Train Loss: 0.0267 | Epoch Time: 0.37s | Spearman@80: 0.4255 | Kendall@80: 0.2841
Epoch 75/150 | Train Loss: 0.0200 | Epoch Time: 0.37s | Spearman@80: 0.4004 | Kendall@80: 0.2708
Epoch 76/150 | Train Loss: 0.0194 | Epoch Time: 0.37s | Spearman@80: 0.4332 | Kendall@80: 0.2999
Epoch 77/150 | Train Loss: 0.0338 | Epoch Time: 0.35s | Spearman@80: 0.4446 | Kendall@80: 0.2993
Epoch 78/150 | Train Loss: 0.0212 | Epoch Time: 0.36s | Spearman@80: 0.4049 | Kendall@80: 0.2721
Epoch 79/150 | Train Loss: 0.0241 | Epoch Time: 0.36s | Spearman@80: 0.4213 | Kendall@80: 0.2841
Epoch 80/150 | Train Loss: 0.0264 | Epoch Time: 0.35s | Spearman@80: 0.3853 | Kendall@80: 0.2657
Epoch 81/150 | Train Loss: 0.0154 | Epoch Time: 0.36s | Spearman@80: 0.4156 | Kendall@80: 0.2695
Epoch 82/150 | Train Loss: 0.0158 | Epoch Time: 0.35s | Spearman@80: 0.4403 | Kendall@80: 0.3075
Epoch 83/150 | Train Loss: 0.0179 | Epoch Time: 0.37s | Spearman@80: 0.4374 | Kendall@80: 0.3075
Epoch 84/150 | Train Loss: 0.0226 | Epoch Time: 0.36s | Spearman@80: 0.4416 | Kendall@80: 0.2999
Epoch 85/150 | Train Loss: 0.0193 | Epoch Time: 0.35s | Spearman@80: 0.4569 | Kendall@80: 0.3088
Epoch 86/150 | Train Loss: 0.0208 | Epoch Time: 0.36s | Spearman@80: 0.4211 | Kendall@80: 0.2797
Epoch 87/150 | Train Loss: 0.0221 | Epoch Time: 0.35s | Spearman@80: 0.4079 | Kendall@80: 0.2746
Epoch 88/150 | Train Loss: 0.0229 | Epoch Time: 0.37s | Spearman@80: 0.4232 | Kendall@80: 0.2803
Epoch 89/150 | Train Loss: 0.0178 | Epoch Time: 0.36s | Spearman@80: 0.4397 | Kendall@80: 0.2892
Epoch 90/150 | Train Loss: 0.0205 | Epoch Time: 0.36s | Spearman@80: 0.3737 | Kendall@80: 0.2499
Epoch 91/150 | Train Loss: 0.0263 | Epoch Time: 0.36s | Spearman@80: 0.4009 | Kendall@80: 0.2613
Epoch 92/150 | Train Loss: 0.0169 | Epoch Time: 0.34s | Spearman@80: 0.3778 | Kendall@80: 0.2480
Epoch 93/150 | Train Loss: 0.0225 | Epoch Time: 0.36s | Spearman@80: 0.4004 | Kendall@80: 0.2644
Epoch 94/150 | Train Loss: 0.0218 | Epoch Time: 0.36s | Spearman@80: 0.3818 | Kendall@80: 0.2486
Epoch 95/150 | Train Loss: 0.0155 | Epoch Time: 0.36s | Spearman@80: 0.4088 | Kendall@80: 0.2606
Epoch 96/150 | Train Loss: 0.0164 | Epoch Time: 0.36s | Spearman@80: 0.3815 | Kendall@80: 0.2549
Epoch 97/150 | Train Loss: 0.0137 | Epoch Time: 0.35s | Spearman@80: 0.3934 | Kendall@80: 0.2575
Epoch 98/150 | Train Loss: 0.0211 | Epoch Time: 0.37s | Spearman@80: 0.4086 | Kendall@80: 0.2689
Epoch 99/150 | Train Loss: 0.0193 | Epoch Time: 0.36s | Spearman@80: 0.4120 | Kendall@80: 0.2727
Epoch 100/150 | Train Loss: 0.0212 | Epoch Time: 0.36s | Spearman@80: 0.3971 | Kendall@80: 0.2644
Epoch 101/150 | Train Loss: 0.0208 | Epoch Time: 0.36s | Spearman@80: 0.3921 | Kendall@80: 0.2670
Epoch 102/150 | Train Loss: 0.0198 | Epoch Time: 0.36s | Spearman@80: 0.4167 | Kendall@80: 0.2721
Epoch 103/150 | Train Loss: 0.0143 | Epoch Time: 0.35s | Spearman@80: 0.4134 | Kendall@80: 0.2733
Epoch 104/150 | Train Loss: 0.0141 | Epoch Time: 0.35s | Spearman@80: 0.4123 | Kendall@80: 0.2695
Epoch 105/150 | Train Loss: 0.0125 | Epoch Time: 0.36s | Spearman@80: 0.3882 | Kendall@80: 0.2524
Epoch 106/150 | Train Loss: 0.0162 | Epoch Time: 0.35s | Spearman@80: 0.3630 | Kendall@80: 0.2416
Epoch 107/150 | Train Loss: 0.0121 | Epoch Time: 0.34s | Spearman@80: 0.3692 | Kendall@80: 0.2461
Epoch 108/150 | Train Loss: 0.0108 | Epoch Time: 0.36s | Spearman@80: 0.3717 | Kendall@80: 0.2353
Epoch 109/150 | Train Loss: 0.0119 | Epoch Time: 0.35s | Spearman@80: 0.3708 | Kendall@80: 0.2435
Epoch 110/150 | Train Loss: 0.0118 | Epoch Time: 0.36s | Spearman@80: 0.3730 | Kendall@80: 0.2461
Epoch 111/150 | Train Loss: 0.0115 | Epoch Time: 0.36s | Spearman@80: 0.3579 | Kendall@80: 0.2385
Epoch 112/150 | Train Loss: 0.0149 | Epoch Time: 0.36s | Spearman@80: 0.3598 | Kendall@80: 0.2359
Epoch 113/150 | Train Loss: 0.0193 | Epoch Time: 0.36s | Spearman@80: 0.3658 | Kendall@80: 0.2397
Epoch 114/150 | Train Loss: 0.0139 | Epoch Time: 0.36s | Spearman@80: 0.3758 | Kendall@80: 0.2524
Epoch 115/150 | Train Loss: 0.0138 | Epoch Time: 0.36s | Spearman@80: 0.3701 | Kendall@80: 0.2416
Epoch 116/150 | Train Loss: 0.0130 | Epoch Time: 0.36s | Spearman@80: 0.3827 | Kendall@80: 0.2537
Epoch 117/150 | Train Loss: 0.0106 | Epoch Time: 0.35s | Spearman@80: 0.3719 | Kendall@80: 0.2448
Epoch 118/150 | Train Loss: 0.0188 | Epoch Time: 0.36s | Spearman@80: 0.3778 | Kendall@80: 0.2486
Epoch 119/150 | Train Loss: 0.0124 | Epoch Time: 0.36s | Spearman@80: 0.3571 | Kendall@80: 0.2366
Epoch 120/150 | Train Loss: 0.0123 | Epoch Time: 0.36s | Spearman@80: 0.3562 | Kendall@80: 0.2378
Epoch 121/150 | Train Loss: 0.0129 | Epoch Time: 0.35s | Spearman@80: 0.3532 | Kendall@80: 0.2359
Epoch 122/150 | Train Loss: 0.0109 | Epoch Time: 0.36s | Spearman@80: 0.3616 | Kendall@80: 0.2416
Epoch 123/150 | Train Loss: 0.0074 | Epoch Time: 0.36s | Spearman@80: 0.3452 | Kendall@80: 0.2239
Epoch 124/150 | Train Loss: 0.0161 | Epoch Time: 0.36s | Spearman@80: 0.3575 | Kendall@80: 0.2321
Epoch 125/150 | Train Loss: 0.0151 | Epoch Time: 0.36s | Spearman@80: 0.3475 | Kendall@80: 0.2271
Epoch 126/150 | Train Loss: 0.0144 | Epoch Time: 0.36s | Spearman@80: 0.3565 | Kendall@80: 0.2359
Epoch 127/150 | Train Loss: 0.0101 | Epoch Time: 0.36s | Spearman@80: 0.3771 | Kendall@80: 0.2524
Epoch 128/150 | Train Loss: 0.0097 | Epoch Time: 0.37s | Spearman@80: 0.3657 | Kendall@80: 0.2429
Epoch 129/150 | Train Loss: 0.0128 | Epoch Time: 0.35s | Spearman@80: 0.3625 | Kendall@80: 0.2397
Epoch 130/150 | Train Loss: 0.0090 | Epoch Time: 0.35s | Spearman@80: 0.3654 | Kendall@80: 0.2366
Epoch 131/150 | Train Loss: 0.0094 | Epoch Time: 0.35s | Spearman@80: 0.3452 | Kendall@80: 0.2245
Epoch 132/150 | Train Loss: 0.0138 | Epoch Time: 0.37s | Spearman@80: 0.3604 | Kendall@80: 0.2366
Epoch 133/150 | Train Loss: 0.0057 | Epoch Time: 0.35s | Spearman@80: 0.3638 | Kendall@80: 0.2385
Epoch 134/150 | Train Loss: 0.0197 | Epoch Time: 0.36s | Spearman@80: 0.3728 | Kendall@80: 0.2467
Epoch 135/150 | Train Loss: 0.0104 | Epoch Time: 0.35s | Spearman@80: 0.3498 | Kendall@80: 0.2328
Epoch 136/150 | Train Loss: 0.0146 | Epoch Time: 0.36s | Spearman@80: 0.3496 | Kendall@80: 0.2296
Epoch 137/150 | Train Loss: 0.0109 | Epoch Time: 0.37s | Spearman@80: 0.3508 | Kendall@80: 0.2302
Epoch 138/150 | Train Loss: 0.0140 | Epoch Time: 0.36s | Spearman@80: 0.3506 | Kendall@80: 0.2290
Epoch 139/150 | Train Loss: 0.0139 | Epoch Time: 0.36s | Spearman@80: 0.3483 | Kendall@80: 0.2302
Epoch 140/150 | Train Loss: 0.0134 | Epoch Time: 0.36s | Spearman@80: 0.3694 | Kendall@80: 0.2454
Epoch 141/150 | Train Loss: 0.0091 | Epoch Time: 0.35s | Spearman@80: 0.3558 | Kendall@80: 0.2340
Epoch 142/150 | Train Loss: 0.0098 | Epoch Time: 0.36s | Spearman@80: 0.3559 | Kendall@80: 0.2353
Epoch 143/150 | Train Loss: 0.0127 | Epoch Time: 0.36s | Spearman@80: 0.3481 | Kendall@80: 0.2252
Epoch 144/150 | Train Loss: 0.0108 | Epoch Time: 0.36s | Spearman@80: 0.3578 | Kendall@80: 0.2353
Epoch 145/150 | Train Loss: 0.0101 | Epoch Time: 0.36s | Spearman@80: 0.3550 | Kendall@80: 0.2302
Epoch 146/150 | Train Loss: 0.0187 | Epoch Time: 0.37s | Spearman@80: 0.3603 | Kendall@80: 0.2410
Epoch 147/150 | Train Loss: 0.0132 | Epoch Time: 0.99s | Spearman@4934: 0.3441 | Kendall@4934: 0.2344
Epoch 148/150 | Train Loss: 0.0096 | Epoch Time: 0.98s | Spearman@4934: 0.3423 | Kendall@4934: 0.2331
Epoch 149/150 | Train Loss: 0.0187 | Epoch Time: 0.99s | Spearman@4934: 0.3425 | Kendall@4934: 0.2333
Epoch 150/150 | Train Loss: 0.0152 | Epoch Time: 1.00s | Spearman@4934: 0.3428 | Kendall@4934: 0.2335
Sample Count: 64, Spearman: 0.34291255753769734, Kendall: 0.23359992451320583
{64: (0.34291255753769734, 0.23359992451320583)}
Epoch 1/150 | Train Loss: 0.0985 | Epoch Time: 0.70s | Spearman@80: 0.2112 | Kendall@80: 0.1557
Epoch 2/150 | Train Loss: 0.0894 | Epoch Time: 0.71s | Spearman@80: 0.1746 | Kendall@80: 0.1227
Epoch 3/150 | Train Loss: 0.0739 | Epoch Time: 0.72s | Spearman@80: 0.3064 | Kendall@80: 0.2254
Epoch 4/150 | Train Loss: 0.0779 | Epoch Time: 0.72s | Spearman@80: 0.3523 | Kendall@80: 0.2590
Epoch 5/150 | Train Loss: 0.0671 | Epoch Time: 0.72s | Spearman@80: 0.3547 | Kendall@80: 0.2590
Epoch 6/150 | Train Loss: 0.0702 | Epoch Time: 0.71s | Spearman@80: 0.3998 | Kendall@80: 0.2831
Epoch 7/150 | Train Loss: 0.0639 | Epoch Time: 0.71s | Spearman@80: 0.3545 | Kendall@80: 0.2603
Epoch 8/150 | Train Loss: 0.0648 | Epoch Time: 0.71s | Spearman@80: 0.4552 | Kendall@80: 0.3294
Epoch 9/150 | Train Loss: 0.0634 | Epoch Time: 0.71s | Spearman@80: 0.4649 | Kendall@80: 0.3427
Epoch 10/150 | Train Loss: 0.0674 | Epoch Time: 0.71s | Spearman@80: 0.4297 | Kendall@80: 0.3015
Epoch 11/150 | Train Loss: 0.0630 | Epoch Time: 0.70s | Spearman@80: 0.4944 | Kendall@80: 0.3560
Epoch 12/150 | Train Loss: 0.0584 | Epoch Time: 0.71s | Spearman@80: 0.4697 | Kendall@80: 0.3395
Epoch 13/150 | Train Loss: 0.0588 | Epoch Time: 0.72s | Spearman@80: 0.5400 | Kendall@80: 0.3776
Epoch 14/150 | Train Loss: 0.0554 | Epoch Time: 0.69s | Spearman@80: 0.5274 | Kendall@80: 0.3788
Epoch 15/150 | Train Loss: 0.0595 | Epoch Time: 0.70s | Spearman@80: 0.4912 | Kendall@80: 0.3566
Epoch 16/150 | Train Loss: 0.0589 | Epoch Time: 0.70s | Spearman@80: 0.5270 | Kendall@80: 0.3680
Epoch 17/150 | Train Loss: 0.0522 | Epoch Time: 0.71s | Spearman@80: 0.5366 | Kendall@80: 0.3680
Epoch 18/150 | Train Loss: 0.0490 | Epoch Time: 0.69s | Spearman@80: 0.4611 | Kendall@80: 0.3167
Epoch 19/150 | Train Loss: 0.0562 | Epoch Time: 0.70s | Spearman@80: 0.5023 | Kendall@80: 0.3585
Epoch 20/150 | Train Loss: 0.0493 | Epoch Time: 0.70s | Spearman@80: 0.5275 | Kendall@80: 0.3769
Epoch 21/150 | Train Loss: 0.0526 | Epoch Time: 0.70s | Spearman@80: 0.5527 | Kendall@80: 0.4023
Epoch 22/150 | Train Loss: 0.0559 | Epoch Time: 0.69s | Spearman@80: 0.5755 | Kendall@80: 0.4188
Epoch 23/150 | Train Loss: 0.0437 | Epoch Time: 0.72s | Spearman@80: 0.5445 | Kendall@80: 0.3725
Epoch 24/150 | Train Loss: 0.0451 | Epoch Time: 0.68s | Spearman@80: 0.5606 | Kendall@80: 0.4004
Epoch 25/150 | Train Loss: 0.0476 | Epoch Time: 0.68s | Spearman@80: 0.4845 | Kendall@80: 0.3382
Epoch 26/150 | Train Loss: 0.0497 | Epoch Time: 0.71s | Spearman@80: 0.5648 | Kendall@80: 0.3978
Epoch 27/150 | Train Loss: 0.0532 | Epoch Time: 0.71s | Spearman@80: 0.5253 | Kendall@80: 0.3712
Epoch 28/150 | Train Loss: 0.0529 | Epoch Time: 0.69s | Spearman@80: 0.5046 | Kendall@80: 0.3668
Epoch 29/150 | Train Loss: 0.0472 | Epoch Time: 0.69s | Spearman@80: 0.5476 | Kendall@80: 0.3795
Epoch 30/150 | Train Loss: 0.0457 | Epoch Time: 0.72s | Spearman@80: 0.5205 | Kendall@80: 0.3680
Epoch 31/150 | Train Loss: 0.0406 | Epoch Time: 0.70s | Spearman@80: 0.5215 | Kendall@80: 0.3763
Epoch 32/150 | Train Loss: 0.0477 | Epoch Time: 0.71s | Spearman@80: 0.5137 | Kendall@80: 0.3630
Epoch 33/150 | Train Loss: 0.0466 | Epoch Time: 0.68s | Spearman@80: 0.5335 | Kendall@80: 0.3852
Epoch 34/150 | Train Loss: 0.0440 | Epoch Time: 0.72s | Spearman@80: 0.5217 | Kendall@80: 0.3636
Epoch 35/150 | Train Loss: 0.0388 | Epoch Time: 0.70s | Spearman@80: 0.4956 | Kendall@80: 0.3452
Epoch 36/150 | Train Loss: 0.0395 | Epoch Time: 0.71s | Spearman@80: 0.5015 | Kendall@80: 0.3617
Epoch 37/150 | Train Loss: 0.0406 | Epoch Time: 0.70s | Spearman@80: 0.5258 | Kendall@80: 0.3795
Epoch 38/150 | Train Loss: 0.0454 | Epoch Time: 0.72s | Spearman@80: 0.5654 | Kendall@80: 0.4074
Epoch 39/150 | Train Loss: 0.0387 | Epoch Time: 0.70s | Spearman@80: 0.4932 | Kendall@80: 0.3471
Epoch 40/150 | Train Loss: 0.0394 | Epoch Time: 0.70s | Spearman@80: 0.5784 | Kendall@80: 0.4124
Epoch 41/150 | Train Loss: 0.0451 | Epoch Time: 0.71s | Spearman@80: 0.5063 | Kendall@80: 0.3693
Epoch 42/150 | Train Loss: 0.0366 | Epoch Time: 0.68s | Spearman@80: 0.5831 | Kendall@80: 0.4055
Epoch 43/150 | Train Loss: 0.0339 | Epoch Time: 0.69s | Spearman@80: 0.5754 | Kendall@80: 0.4074
Epoch 44/150 | Train Loss: 0.0338 | Epoch Time: 0.72s | Spearman@80: 0.5403 | Kendall@80: 0.3826
Epoch 45/150 | Train Loss: 0.0370 | Epoch Time: 0.71s | Spearman@80: 0.6157 | Kendall@80: 0.4314
Epoch 46/150 | Train Loss: 0.0361 | Epoch Time: 0.71s | Spearman@80: 0.5520 | Kendall@80: 0.3985
Epoch 47/150 | Train Loss: 0.0310 | Epoch Time: 0.72s | Spearman@80: 0.5385 | Kendall@80: 0.3725
Epoch 48/150 | Train Loss: 0.0286 | Epoch Time: 0.71s | Spearman@80: 0.5046 | Kendall@80: 0.3598
Epoch 49/150 | Train Loss: 0.0343 | Epoch Time: 0.71s | Spearman@80: 0.5897 | Kendall@80: 0.4067
Epoch 50/150 | Train Loss: 0.0358 | Epoch Time: 0.72s | Spearman@80: 0.5788 | Kendall@80: 0.4105
Epoch 51/150 | Train Loss: 0.0330 | Epoch Time: 0.71s | Spearman@80: 0.6124 | Kendall@80: 0.4384
Epoch 52/150 | Train Loss: 0.0279 | Epoch Time: 0.71s | Spearman@80: 0.5451 | Kendall@80: 0.3877
Epoch 53/150 | Train Loss: 0.0346 | Epoch Time: 0.71s | Spearman@80: 0.5407 | Kendall@80: 0.3788
Epoch 54/150 | Train Loss: 0.0304 | Epoch Time: 0.69s | Spearman@80: 0.5425 | Kendall@80: 0.3839
Epoch 55/150 | Train Loss: 0.0377 | Epoch Time: 0.71s | Spearman@80: 0.5378 | Kendall@80: 0.3731
Epoch 56/150 | Train Loss: 0.0358 | Epoch Time: 0.71s | Spearman@80: 0.5116 | Kendall@80: 0.3611
Epoch 57/150 | Train Loss: 0.0252 | Epoch Time: 0.71s | Spearman@80: 0.5077 | Kendall@80: 0.3554
Epoch 58/150 | Train Loss: 0.0317 | Epoch Time: 0.72s | Spearman@80: 0.5070 | Kendall@80: 0.3541
Epoch 59/150 | Train Loss: 0.0229 | Epoch Time: 0.71s | Spearman@80: 0.4749 | Kendall@80: 0.3281
Epoch 60/150 | Train Loss: 0.0374 | Epoch Time: 0.71s | Spearman@80: 0.5104 | Kendall@80: 0.3560
Epoch 61/150 | Train Loss: 0.0328 | Epoch Time: 0.70s | Spearman@80: 0.5167 | Kendall@80: 0.3522
Epoch 62/150 | Train Loss: 0.0298 | Epoch Time: 0.72s | Spearman@80: 0.5309 | Kendall@80: 0.3788
Epoch 63/150 | Train Loss: 0.0262 | Epoch Time: 0.69s | Spearman@80: 0.5379 | Kendall@80: 0.3801
Epoch 64/150 | Train Loss: 0.0264 | Epoch Time: 0.71s | Spearman@80: 0.5753 | Kendall@80: 0.4080
Epoch 65/150 | Train Loss: 0.0261 | Epoch Time: 0.68s | Spearman@80: 0.5877 | Kendall@80: 0.4181
Epoch 66/150 | Train Loss: 0.0237 | Epoch Time: 0.71s | Spearman@80: 0.5919 | Kendall@80: 0.4264
Epoch 67/150 | Train Loss: 0.0216 | Epoch Time: 0.71s | Spearman@80: 0.5373 | Kendall@80: 0.3839
Epoch 68/150 | Train Loss: 0.0272 | Epoch Time: 0.71s | Spearman@80: 0.5424 | Kendall@80: 0.3877
Epoch 69/150 | Train Loss: 0.0272 | Epoch Time: 0.72s | Spearman@80: 0.5822 | Kendall@80: 0.4181
Epoch 70/150 | Train Loss: 0.0235 | Epoch Time: 0.71s | Spearman@80: 0.5288 | Kendall@80: 0.3699
Epoch 71/150 | Train Loss: 0.0321 | Epoch Time: 0.72s | Spearman@80: 0.5497 | Kendall@80: 0.3839
Epoch 72/150 | Train Loss: 0.0305 | Epoch Time: 0.71s | Spearman@80: 0.5699 | Kendall@80: 0.4137
Epoch 73/150 | Train Loss: 0.0240 | Epoch Time: 0.71s | Spearman@80: 0.5367 | Kendall@80: 0.3769
Epoch 74/150 | Train Loss: 0.0247 | Epoch Time: 0.70s | Spearman@80: 0.5612 | Kendall@80: 0.3978
Epoch 75/150 | Train Loss: 0.0237 | Epoch Time: 0.70s | Spearman@80: 0.5394 | Kendall@80: 0.3782
Epoch 76/150 | Train Loss: 0.0234 | Epoch Time: 0.71s | Spearman@80: 0.5175 | Kendall@80: 0.3630
Epoch 77/150 | Train Loss: 0.0202 | Epoch Time: 0.71s | Spearman@80: 0.5059 | Kendall@80: 0.3535
Epoch 78/150 | Train Loss: 0.0200 | Epoch Time: 0.71s | Spearman@80: 0.5341 | Kendall@80: 0.3750
Epoch 79/150 | Train Loss: 0.0260 | Epoch Time: 0.70s | Spearman@80: 0.5723 | Kendall@80: 0.3991
Epoch 80/150 | Train Loss: 0.0218 | Epoch Time: 0.72s | Spearman@80: 0.5022 | Kendall@80: 0.3579
Epoch 81/150 | Train Loss: 0.0192 | Epoch Time: 0.71s | Spearman@80: 0.5643 | Kendall@80: 0.3966
Epoch 82/150 | Train Loss: 0.0184 | Epoch Time: 0.71s | Spearman@80: 0.5348 | Kendall@80: 0.3731
Epoch 83/150 | Train Loss: 0.0245 | Epoch Time: 0.70s | Spearman@80: 0.5032 | Kendall@80: 0.3497
Epoch 84/150 | Train Loss: 0.0207 | Epoch Time: 0.72s | Spearman@80: 0.5199 | Kendall@80: 0.3661
Epoch 85/150 | Train Loss: 0.0209 | Epoch Time: 0.72s | Spearman@80: 0.5181 | Kendall@80: 0.3636
Epoch 86/150 | Train Loss: 0.0210 | Epoch Time: 0.70s | Spearman@80: 0.5260 | Kendall@80: 0.3757
Epoch 87/150 | Train Loss: 0.0179 | Epoch Time: 0.70s | Spearman@80: 0.5291 | Kendall@80: 0.3719
Epoch 88/150 | Train Loss: 0.0202 | Epoch Time: 0.68s | Spearman@80: 0.5517 | Kendall@80: 0.3858
Epoch 89/150 | Train Loss: 0.0235 | Epoch Time: 0.71s | Spearman@80: 0.4856 | Kendall@80: 0.3389
Epoch 90/150 | Train Loss: 0.0256 | Epoch Time: 0.72s | Spearman@80: 0.5933 | Kendall@80: 0.4200
Epoch 91/150 | Train Loss: 0.0157 | Epoch Time: 0.69s | Spearman@80: 0.5568 | Kendall@80: 0.3940
Epoch 92/150 | Train Loss: 0.0222 | Epoch Time: 0.71s | Spearman@80: 0.5257 | Kendall@80: 0.3668
Epoch 93/150 | Train Loss: 0.0152 | Epoch Time: 0.70s | Spearman@80: 0.5471 | Kendall@80: 0.3858
Epoch 94/150 | Train Loss: 0.0187 | Epoch Time: 0.69s | Spearman@80: 0.5239 | Kendall@80: 0.3649
Epoch 95/150 | Train Loss: 0.0171 | Epoch Time: 0.71s | Spearman@80: 0.5483 | Kendall@80: 0.3839
Epoch 96/150 | Train Loss: 0.0238 | Epoch Time: 0.70s | Spearman@80: 0.5284 | Kendall@80: 0.3763
Epoch 97/150 | Train Loss: 0.0186 | Epoch Time: 0.71s | Spearman@80: 0.5357 | Kendall@80: 0.3769
Epoch 98/150 | Train Loss: 0.0197 | Epoch Time: 0.72s | Spearman@80: 0.5512 | Kendall@80: 0.3915
Epoch 99/150 | Train Loss: 0.0125 | Epoch Time: 0.71s | Spearman@80: 0.5395 | Kendall@80: 0.3814
Epoch 100/150 | Train Loss: 0.0148 | Epoch Time: 0.71s | Spearman@80: 0.5442 | Kendall@80: 0.3814
Epoch 101/150 | Train Loss: 0.0157 | Epoch Time: 0.70s | Spearman@80: 0.5501 | Kendall@80: 0.3877
Epoch 102/150 | Train Loss: 0.0191 | Epoch Time: 0.71s | Spearman@80: 0.5399 | Kendall@80: 0.3833
Epoch 103/150 | Train Loss: 0.0172 | Epoch Time: 0.72s | Spearman@80: 0.5165 | Kendall@80: 0.3598
Epoch 104/150 | Train Loss: 0.0145 | Epoch Time: 0.72s | Spearman@80: 0.5113 | Kendall@80: 0.3547
Epoch 105/150 | Train Loss: 0.0196 | Epoch Time: 0.72s | Spearman@80: 0.5356 | Kendall@80: 0.3807
Epoch 106/150 | Train Loss: 0.0178 | Epoch Time: 0.72s | Spearman@80: 0.5598 | Kendall@80: 0.3947
Epoch 107/150 | Train Loss: 0.0187 | Epoch Time: 0.71s | Spearman@80: 0.5292 | Kendall@80: 0.3763
Epoch 108/150 | Train Loss: 0.0154 | Epoch Time: 0.69s | Spearman@80: 0.5354 | Kendall@80: 0.3807
Epoch 109/150 | Train Loss: 0.0153 | Epoch Time: 0.72s | Spearman@80: 0.5488 | Kendall@80: 0.3845
Epoch 110/150 | Train Loss: 0.0121 | Epoch Time: 0.69s | Spearman@80: 0.5415 | Kendall@80: 0.3795
Epoch 111/150 | Train Loss: 0.0139 | Epoch Time: 0.71s | Spearman@80: 0.5214 | Kendall@80: 0.3674
Epoch 112/150 | Train Loss: 0.0140 | Epoch Time: 0.70s | Spearman@80: 0.5342 | Kendall@80: 0.3738
Epoch 113/150 | Train Loss: 0.0135 | Epoch Time: 0.70s | Spearman@80: 0.5448 | Kendall@80: 0.3839
Epoch 114/150 | Train Loss: 0.0107 | Epoch Time: 0.69s | Spearman@80: 0.5654 | Kendall@80: 0.3991
Epoch 115/150 | Train Loss: 0.0136 | Epoch Time: 0.72s | Spearman@80: 0.5603 | Kendall@80: 0.3972
Epoch 116/150 | Train Loss: 0.0143 | Epoch Time: 0.72s | Spearman@80: 0.5484 | Kendall@80: 0.3896
Epoch 117/150 | Train Loss: 0.0121 | Epoch Time: 0.70s | Spearman@80: 0.5409 | Kendall@80: 0.3826
Epoch 118/150 | Train Loss: 0.0144 | Epoch Time: 0.69s | Spearman@80: 0.5266 | Kendall@80: 0.3776
Epoch 119/150 | Train Loss: 0.0102 | Epoch Time: 0.72s | Spearman@80: 0.5637 | Kendall@80: 0.4010
Epoch 120/150 | Train Loss: 0.0126 | Epoch Time: 0.71s | Spearman@80: 0.5504 | Kendall@80: 0.3966
Epoch 121/150 | Train Loss: 0.0172 | Epoch Time: 0.72s | Spearman@80: 0.5503 | Kendall@80: 0.3883
Epoch 122/150 | Train Loss: 0.0121 | Epoch Time: 0.70s | Spearman@80: 0.5472 | Kendall@80: 0.3883
Epoch 123/150 | Train Loss: 0.0129 | Epoch Time: 0.70s | Spearman@80: 0.5477 | Kendall@80: 0.3890
Epoch 124/150 | Train Loss: 0.0124 | Epoch Time: 0.69s | Spearman@80: 0.5456 | Kendall@80: 0.3883
Epoch 125/150 | Train Loss: 0.0112 | Epoch Time: 0.70s | Spearman@80: 0.5571 | Kendall@80: 0.3921
Epoch 126/150 | Train Loss: 0.0106 | Epoch Time: 0.71s | Spearman@80: 0.5536 | Kendall@80: 0.3909
Epoch 127/150 | Train Loss: 0.0115 | Epoch Time: 0.70s | Spearman@80: 0.5227 | Kendall@80: 0.3661
Epoch 128/150 | Train Loss: 0.0097 | Epoch Time: 0.72s | Spearman@80: 0.5252 | Kendall@80: 0.3706
Epoch 129/150 | Train Loss: 0.0127 | Epoch Time: 0.72s | Spearman@80: 0.5258 | Kendall@80: 0.3725
Epoch 130/150 | Train Loss: 0.0108 | Epoch Time: 0.72s | Spearman@80: 0.5013 | Kendall@80: 0.3535
Epoch 131/150 | Train Loss: 0.0111 | Epoch Time: 0.71s | Spearman@80: 0.5256 | Kendall@80: 0.3699
Epoch 132/150 | Train Loss: 0.0128 | Epoch Time: 0.72s | Spearman@80: 0.5287 | Kendall@80: 0.3725
Epoch 133/150 | Train Loss: 0.0152 | Epoch Time: 0.72s | Spearman@80: 0.5363 | Kendall@80: 0.3788
Epoch 134/150 | Train Loss: 0.0111 | Epoch Time: 0.70s | Spearman@80: 0.5451 | Kendall@80: 0.3852
Epoch 135/150 | Train Loss: 0.0118 | Epoch Time: 0.71s | Spearman@80: 0.5404 | Kendall@80: 0.3807
Epoch 136/150 | Train Loss: 0.0099 | Epoch Time: 0.72s | Spearman@80: 0.5479 | Kendall@80: 0.3845
Epoch 137/150 | Train Loss: 0.0125 | Epoch Time: 0.72s | Spearman@80: 0.5502 | Kendall@80: 0.3858
Epoch 138/150 | Train Loss: 0.0120 | Epoch Time: 0.70s | Spearman@80: 0.5379 | Kendall@80: 0.3788
Epoch 139/150 | Train Loss: 0.0074 | Epoch Time: 0.72s | Spearman@80: 0.5432 | Kendall@80: 0.3795
Epoch 140/150 | Train Loss: 0.0089 | Epoch Time: 0.72s | Spearman@80: 0.5386 | Kendall@80: 0.3782
Epoch 141/150 | Train Loss: 0.0106 | Epoch Time: 0.70s | Spearman@80: 0.5318 | Kendall@80: 0.3731
Epoch 142/150 | Train Loss: 0.0120 | Epoch Time: 0.72s | Spearman@80: 0.5326 | Kendall@80: 0.3744
Epoch 143/150 | Train Loss: 0.0137 | Epoch Time: 0.72s | Spearman@80: 0.5403 | Kendall@80: 0.3782
Epoch 144/150 | Train Loss: 0.0104 | Epoch Time: 0.69s | Spearman@80: 0.5317 | Kendall@80: 0.3738
Epoch 145/150 | Train Loss: 0.0113 | Epoch Time: 0.72s | Spearman@80: 0.5345 | Kendall@80: 0.3757
Epoch 146/150 | Train Loss: 0.0113 | Epoch Time: 0.71s | Spearman@80: 0.5357 | Kendall@80: 0.3725
Epoch 147/150 | Train Loss: 0.0117 | Epoch Time: 1.35s | Spearman@4870: 0.5414 | Kendall@4870: 0.3776
Epoch 148/150 | Train Loss: 0.0094 | Epoch Time: 1.35s | Spearman@4870: 0.5406 | Kendall@4870: 0.3769
Epoch 149/150 | Train Loss: 0.0149 | Epoch Time: 1.34s | Spearman@4870: 0.5406 | Kendall@4870: 0.3769
Epoch 150/150 | Train Loss: 0.0108 | Epoch Time: 1.35s | Spearman@4870: 0.5415 | Kendall@4870: 0.3776
Sample Count: 128, Spearman: 0.5410478598274215, Kendall: 0.37725412542726144
{64: (0.34291255753769734, 0.23359992451320583),
 128: (0.5410478598274215, 0.37725412542726144)}
Epoch 1/150 | Train Loss: 0.0999 | Epoch Time: 0.37s | Spearman@80: 0.0169 | Kendall@80: 0.0178
Epoch 2/150 | Train Loss: 0.0987 | Epoch Time: 0.36s | Spearman@80: 0.0298 | Kendall@80: 0.0165
Epoch 3/150 | Train Loss: 0.0874 | Epoch Time: 0.36s | Spearman@80: -0.0230 | Kendall@80: -0.0152
Epoch 4/150 | Train Loss: 0.0916 | Epoch Time: 0.36s | Spearman@80: -0.0059 | Kendall@80: -0.0044
Epoch 5/150 | Train Loss: 0.0876 | Epoch Time: 0.37s | Spearman@80: -0.0011 | Kendall@80: -0.0013
Epoch 6/150 | Train Loss: 0.0771 | Epoch Time: 0.36s | Spearman@80: 0.0160 | Kendall@80: 0.0152
Epoch 7/150 | Train Loss: 0.0874 | Epoch Time: 0.36s | Spearman@80: 0.0158 | Kendall@80: 0.0152
Epoch 8/150 | Train Loss: 0.0790 | Epoch Time: 0.36s | Spearman@80: 0.0326 | Kendall@80: 0.0298
Epoch 9/150 | Train Loss: 0.0802 | Epoch Time: 0.36s | Spearman@80: 0.0719 | Kendall@80: 0.0520
Epoch 10/150 | Train Loss: 0.0706 | Epoch Time: 0.37s | Spearman@80: 0.1077 | Kendall@80: 0.0831
Epoch 11/150 | Train Loss: 0.0660 | Epoch Time: 0.37s | Spearman@80: 0.1284 | Kendall@80: 0.0894
Epoch 12/150 | Train Loss: 0.0701 | Epoch Time: 0.36s | Spearman@80: 0.1439 | Kendall@80: 0.1053
Epoch 13/150 | Train Loss: 0.0599 | Epoch Time: 0.37s | Spearman@80: 0.2138 | Kendall@80: 0.1484
Epoch 14/150 | Train Loss: 0.0528 | Epoch Time: 0.37s | Spearman@80: 0.2036 | Kendall@80: 0.1427
Epoch 15/150 | Train Loss: 0.0570 | Epoch Time: 0.37s | Spearman@80: 0.3326 | Kendall@80: 0.2257
Epoch 16/150 | Train Loss: 0.0469 | Epoch Time: 0.37s | Spearman@80: 0.3268 | Kendall@80: 0.2194
Epoch 17/150 | Train Loss: 0.0526 | Epoch Time: 0.36s | Spearman@80: 0.3114 | Kendall@80: 0.2105
Epoch 18/150 | Train Loss: 0.0427 | Epoch Time: 0.36s | Spearman@80: 0.4081 | Kendall@80: 0.2752
Epoch 19/150 | Train Loss: 0.0506 | Epoch Time: 0.37s | Spearman@80: 0.3145 | Kendall@80: 0.2124
Epoch 20/150 | Train Loss: 0.0527 | Epoch Time: 0.36s | Spearman@80: 0.3100 | Kendall@80: 0.2213
Epoch 21/150 | Train Loss: 0.0544 | Epoch Time: 0.36s | Spearman@80: 0.4330 | Kendall@80: 0.2961
Epoch 22/150 | Train Loss: 0.0417 | Epoch Time: 0.36s | Spearman@80: 0.4845 | Kendall@80: 0.3316
Epoch 23/150 | Train Loss: 0.0418 | Epoch Time: 0.36s | Spearman@80: 0.3977 | Kendall@80: 0.2644
Epoch 24/150 | Train Loss: 0.0477 | Epoch Time: 0.36s | Spearman@80: 0.2949 | Kendall@80: 0.1966
Epoch 25/150 | Train Loss: 0.0462 | Epoch Time: 0.36s | Spearman@80: 0.3337 | Kendall@80: 0.2251
Epoch 26/150 | Train Loss: 0.0537 | Epoch Time: 0.37s | Spearman@80: 0.3126 | Kendall@80: 0.2162
Epoch 27/150 | Train Loss: 0.0501 | Epoch Time: 0.36s | Spearman@80: 0.4375 | Kendall@80: 0.2955
Epoch 28/150 | Train Loss: 0.0380 | Epoch Time: 0.36s | Spearman@80: 0.4745 | Kendall@80: 0.3278
Epoch 29/150 | Train Loss: 0.0397 | Epoch Time: 0.37s | Spearman@80: 0.4166 | Kendall@80: 0.2866
Epoch 30/150 | Train Loss: 0.0427 | Epoch Time: 0.34s | Spearman@80: 0.4157 | Kendall@80: 0.2815
Epoch 31/150 | Train Loss: 0.0406 | Epoch Time: 0.37s | Spearman@80: 0.4672 | Kendall@80: 0.3297
Epoch 32/150 | Train Loss: 0.0337 | Epoch Time: 0.36s | Spearman@80: 0.4031 | Kendall@80: 0.2727
Epoch 33/150 | Train Loss: 0.0487 | Epoch Time: 0.37s | Spearman@80: 0.3892 | Kendall@80: 0.2695
Epoch 34/150 | Train Loss: 0.0438 | Epoch Time: 0.37s | Spearman@80: 0.3947 | Kendall@80: 0.2835
Epoch 35/150 | Train Loss: 0.0402 | Epoch Time: 0.36s | Spearman@80: 0.4033 | Kendall@80: 0.2784
Epoch 36/150 | Train Loss: 0.0259 | Epoch Time: 0.37s | Spearman@80: 0.4511 | Kendall@80: 0.3152
Epoch 37/150 | Train Loss: 0.0353 | Epoch Time: 0.37s | Spearman@80: 0.4648 | Kendall@80: 0.3221
Epoch 38/150 | Train Loss: 0.0284 | Epoch Time: 0.37s | Spearman@80: 0.4283 | Kendall@80: 0.2949
Epoch 39/150 | Train Loss: 0.0349 | Epoch Time: 0.36s | Spearman@80: 0.3469 | Kendall@80: 0.2410
Epoch 40/150 | Train Loss: 0.0247 | Epoch Time: 0.37s | Spearman@80: 0.4230 | Kendall@80: 0.2930
Epoch 41/150 | Train Loss: 0.0366 | Epoch Time: 0.35s | Spearman@80: 0.4860 | Kendall@80: 0.3335
Epoch 42/150 | Train Loss: 0.0285 | Epoch Time: 0.35s | Spearman@80: 0.3687 | Kendall@80: 0.2581
Epoch 43/150 | Train Loss: 0.0250 | Epoch Time: 0.36s | Spearman@80: 0.4017 | Kendall@80: 0.2720
Epoch 44/150 | Train Loss: 0.0280 | Epoch Time: 0.36s | Spearman@80: 0.4551 | Kendall@80: 0.3183
Epoch 45/150 | Train Loss: 0.0291 | Epoch Time: 0.37s | Spearman@80: 0.4486 | Kendall@80: 0.3120
Epoch 46/150 | Train Loss: 0.0275 | Epoch Time: 0.37s | Spearman@80: 0.4325 | Kendall@80: 0.3101
Epoch 47/150 | Train Loss: 0.0278 | Epoch Time: 0.37s | Spearman@80: 0.4750 | Kendall@80: 0.3247
Epoch 48/150 | Train Loss: 0.0281 | Epoch Time: 0.37s | Spearman@80: 0.4733 | Kendall@80: 0.3285
Epoch 49/150 | Train Loss: 0.0250 | Epoch Time: 0.36s | Spearman@80: 0.5010 | Kendall@80: 0.3393
Epoch 50/150 | Train Loss: 0.0212 | Epoch Time: 0.35s | Spearman@80: 0.4013 | Kendall@80: 0.2682
Epoch 51/150 | Train Loss: 0.0271 | Epoch Time: 0.36s | Spearman@80: 0.3536 | Kendall@80: 0.2416
Epoch 52/150 | Train Loss: 0.0242 | Epoch Time: 0.37s | Spearman@80: 0.4205 | Kendall@80: 0.2841
Epoch 53/150 | Train Loss: 0.0206 | Epoch Time: 0.35s | Spearman@80: 0.4775 | Kendall@80: 0.3335
Epoch 54/150 | Train Loss: 0.0169 | Epoch Time: 0.36s | Spearman@80: 0.4185 | Kendall@80: 0.2904
Epoch 55/150 | Train Loss: 0.0274 | Epoch Time: 0.36s | Spearman@80: 0.4239 | Kendall@80: 0.2904
Epoch 56/150 | Train Loss: 0.0222 | Epoch Time: 0.35s | Spearman@80: 0.4191 | Kendall@80: 0.2980
Epoch 57/150 | Train Loss: 0.0239 | Epoch Time: 0.36s | Spearman@80: 0.4234 | Kendall@80: 0.2942
Epoch 58/150 | Train Loss: 0.0237 | Epoch Time: 0.35s | Spearman@80: 0.4553 | Kendall@80: 0.3158
Epoch 59/150 | Train Loss: 0.0188 | Epoch Time: 0.37s | Spearman@80: 0.4161 | Kendall@80: 0.2942
Epoch 60/150 | Train Loss: 0.0230 | Epoch Time: 0.37s | Spearman@80: 0.3541 | Kendall@80: 0.2460
Epoch 61/150 | Train Loss: 0.0166 | Epoch Time: 0.37s | Spearman@80: 0.3977 | Kendall@80: 0.2758
Epoch 62/150 | Train Loss: 0.0218 | Epoch Time: 0.37s | Spearman@80: 0.4239 | Kendall@80: 0.2930
Epoch 63/150 | Train Loss: 0.0149 | Epoch Time: 0.37s | Spearman@80: 0.4542 | Kendall@80: 0.3063
Epoch 64/150 | Train Loss: 0.0229 | Epoch Time: 0.36s | Spearman@80: 0.4052 | Kendall@80: 0.2733
Epoch 65/150 | Train Loss: 0.0158 | Epoch Time: 0.37s | Spearman@80: 0.4240 | Kendall@80: 0.2993
Epoch 66/150 | Train Loss: 0.0170 | Epoch Time: 0.37s | Spearman@80: 0.4656 | Kendall@80: 0.3253
Epoch 67/150 | Train Loss: 0.0215 | Epoch Time: 0.35s | Spearman@80: 0.4568 | Kendall@80: 0.3133
Epoch 68/150 | Train Loss: 0.0180 | Epoch Time: 0.34s | Spearman@80: 0.3831 | Kendall@80: 0.2651
Epoch 69/150 | Train Loss: 0.0228 | Epoch Time: 0.37s | Spearman@80: 0.3825 | Kendall@80: 0.2682
Epoch 70/150 | Train Loss: 0.0165 | Epoch Time: 0.36s | Spearman@80: 0.4238 | Kendall@80: 0.2911
Epoch 71/150 | Train Loss: 0.0149 | Epoch Time: 0.37s | Spearman@80: 0.4248 | Kendall@80: 0.2993
Epoch 72/150 | Train Loss: 0.0154 | Epoch Time: 0.36s | Spearman@80: 0.4176 | Kendall@80: 0.2968
Epoch 73/150 | Train Loss: 0.0139 | Epoch Time: 0.37s | Spearman@80: 0.3961 | Kendall@80: 0.2777
Epoch 74/150 | Train Loss: 0.0166 | Epoch Time: 0.36s | Spearman@80: 0.4350 | Kendall@80: 0.2987
Epoch 75/150 | Train Loss: 0.0150 | Epoch Time: 0.36s | Spearman@80: 0.4625 | Kendall@80: 0.3190
Epoch 76/150 | Train Loss: 0.0101 | Epoch Time: 0.37s | Spearman@80: 0.4615 | Kendall@80: 0.3259
Epoch 77/150 | Train Loss: 0.0187 | Epoch Time: 0.36s | Spearman@80: 0.4541 | Kendall@80: 0.3183
Epoch 78/150 | Train Loss: 0.0152 | Epoch Time: 0.36s | Spearman@80: 0.4712 | Kendall@80: 0.3266
Epoch 79/150 | Train Loss: 0.0107 | Epoch Time: 0.36s | Spearman@80: 0.4474 | Kendall@80: 0.3133
Epoch 80/150 | Train Loss: 0.0146 | Epoch Time: 0.37s | Spearman@80: 0.4195 | Kendall@80: 0.2904
Epoch 81/150 | Train Loss: 0.0161 | Epoch Time: 0.36s | Spearman@80: 0.4182 | Kendall@80: 0.2879
Epoch 82/150 | Train Loss: 0.0180 | Epoch Time: 0.38s | Spearman@80: 0.4573 | Kendall@80: 0.3164
Epoch 83/150 | Train Loss: 0.0165 | Epoch Time: 0.36s | Spearman@80: 0.4514 | Kendall@80: 0.3164
Epoch 84/150 | Train Loss: 0.0173 | Epoch Time: 0.36s | Spearman@80: 0.4577 | Kendall@80: 0.3177
Epoch 85/150 | Train Loss: 0.0165 | Epoch Time: 0.37s | Spearman@80: 0.4579 | Kendall@80: 0.3202
Epoch 86/150 | Train Loss: 0.0175 | Epoch Time: 0.36s | Spearman@80: 0.4810 | Kendall@80: 0.3393
Epoch 87/150 | Train Loss: 0.0112 | Epoch Time: 0.36s | Spearman@80: 0.4850 | Kendall@80: 0.3354
Epoch 88/150 | Train Loss: 0.0092 | Epoch Time: 0.35s | Spearman@80: 0.4682 | Kendall@80: 0.3266
Epoch 89/150 | Train Loss: 0.0156 | Epoch Time: 0.37s | Spearman@80: 0.4706 | Kendall@80: 0.3247
Epoch 90/150 | Train Loss: 0.0123 | Epoch Time: 0.37s | Spearman@80: 0.4674 | Kendall@80: 0.3291
Epoch 91/150 | Train Loss: 0.0123 | Epoch Time: 0.36s | Spearman@80: 0.4807 | Kendall@80: 0.3297
Epoch 92/150 | Train Loss: 0.0123 | Epoch Time: 0.37s | Spearman@80: 0.4739 | Kendall@80: 0.3234
Epoch 93/150 | Train Loss: 0.0138 | Epoch Time: 0.36s | Spearman@80: 0.4757 | Kendall@80: 0.3266
Epoch 94/150 | Train Loss: 0.0129 | Epoch Time: 0.36s | Spearman@80: 0.4759 | Kendall@80: 0.3272
Epoch 95/150 | Train Loss: 0.0123 | Epoch Time: 0.37s | Spearman@80: 0.4600 | Kendall@80: 0.3202
Epoch 96/150 | Train Loss: 0.0102 | Epoch Time: 0.37s | Spearman@80: 0.4323 | Kendall@80: 0.3025
Epoch 97/150 | Train Loss: 0.0152 | Epoch Time: 0.37s | Spearman@80: 0.4115 | Kendall@80: 0.2866
Epoch 98/150 | Train Loss: 0.0081 | Epoch Time: 0.36s | Spearman@80: 0.4129 | Kendall@80: 0.2955
Epoch 99/150 | Train Loss: 0.0104 | Epoch Time: 0.37s | Spearman@80: 0.4160 | Kendall@80: 0.2917
Epoch 100/150 | Train Loss: 0.0130 | Epoch Time: 0.37s | Spearman@80: 0.4057 | Kendall@80: 0.2860
Epoch 101/150 | Train Loss: 0.0096 | Epoch Time: 0.37s | Spearman@80: 0.4171 | Kendall@80: 0.2968
Epoch 102/150 | Train Loss: 0.0133 | Epoch Time: 0.36s | Spearman@80: 0.4277 | Kendall@80: 0.3018
Epoch 103/150 | Train Loss: 0.0085 | Epoch Time: 0.37s | Spearman@80: 0.4518 | Kendall@80: 0.3139
Epoch 104/150 | Train Loss: 0.0074 | Epoch Time: 0.36s | Spearman@80: 0.4431 | Kendall@80: 0.3082
Epoch 105/150 | Train Loss: 0.0112 | Epoch Time: 0.36s | Spearman@80: 0.4381 | Kendall@80: 0.3025
Epoch 106/150 | Train Loss: 0.0168 | Epoch Time: 0.36s | Spearman@80: 0.4660 | Kendall@80: 0.3190
Epoch 107/150 | Train Loss: 0.0137 | Epoch Time: 0.37s | Spearman@80: 0.4575 | Kendall@80: 0.3133
Epoch 108/150 | Train Loss: 0.0084 | Epoch Time: 0.37s | Spearman@80: 0.4360 | Kendall@80: 0.3037
Epoch 109/150 | Train Loss: 0.0094 | Epoch Time: 0.36s | Spearman@80: 0.4396 | Kendall@80: 0.3056
Epoch 110/150 | Train Loss: 0.0108 | Epoch Time: 0.36s | Spearman@80: 0.4447 | Kendall@80: 0.3126
Epoch 111/150 | Train Loss: 0.0093 | Epoch Time: 0.37s | Spearman@80: 0.4292 | Kendall@80: 0.3050
Epoch 112/150 | Train Loss: 0.0078 | Epoch Time: 0.37s | Spearman@80: 0.4224 | Kendall@80: 0.2980
Epoch 113/150 | Train Loss: 0.0084 | Epoch Time: 0.36s | Spearman@80: 0.4122 | Kendall@80: 0.2936
Epoch 114/150 | Train Loss: 0.0081 | Epoch Time: 0.36s | Spearman@80: 0.4254 | Kendall@80: 0.3006
Epoch 115/150 | Train Loss: 0.0099 | Epoch Time: 0.36s | Spearman@80: 0.4344 | Kendall@80: 0.3037
Epoch 116/150 | Train Loss: 0.0097 | Epoch Time: 0.36s | Spearman@80: 0.4419 | Kendall@80: 0.3094
Epoch 117/150 | Train Loss: 0.0075 | Epoch Time: 0.35s | Spearman@80: 0.4504 | Kendall@80: 0.3139
Epoch 118/150 | Train Loss: 0.0071 | Epoch Time: 0.35s | Spearman@80: 0.4530 | Kendall@80: 0.3164
Epoch 119/150 | Train Loss: 0.0062 | Epoch Time: 0.37s | Spearman@80: 0.4462 | Kendall@80: 0.3133
Epoch 120/150 | Train Loss: 0.0086 | Epoch Time: 0.36s | Spearman@80: 0.4388 | Kendall@80: 0.3050
Epoch 121/150 | Train Loss: 0.0050 | Epoch Time: 0.36s | Spearman@80: 0.4320 | Kendall@80: 0.2999
Epoch 122/150 | Train Loss: 0.0051 | Epoch Time: 0.35s | Spearman@80: 0.4283 | Kendall@80: 0.2961
Epoch 123/150 | Train Loss: 0.0060 | Epoch Time: 0.37s | Spearman@80: 0.4230 | Kendall@80: 0.2936
Epoch 124/150 | Train Loss: 0.0073 | Epoch Time: 0.37s | Spearman@80: 0.4221 | Kendall@80: 0.2936
Epoch 125/150 | Train Loss: 0.0083 | Epoch Time: 0.36s | Spearman@80: 0.4255 | Kendall@80: 0.3012
Epoch 126/150 | Train Loss: 0.0047 | Epoch Time: 0.36s | Spearman@80: 0.4209 | Kendall@80: 0.2968
Epoch 127/150 | Train Loss: 0.0075 | Epoch Time: 0.35s | Spearman@80: 0.4214 | Kendall@80: 0.2974
Epoch 128/150 | Train Loss: 0.0070 | Epoch Time: 0.37s | Spearman@80: 0.4229 | Kendall@80: 0.2980
Epoch 129/150 | Train Loss: 0.0081 | Epoch Time: 0.36s | Spearman@80: 0.4315 | Kendall@80: 0.3025
Epoch 130/150 | Train Loss: 0.0076 | Epoch Time: 0.36s | Spearman@80: 0.4227 | Kendall@80: 0.2936
Epoch 131/150 | Train Loss: 0.0059 | Epoch Time: 0.35s | Spearman@80: 0.4293 | Kendall@80: 0.3006
Epoch 132/150 | Train Loss: 0.0037 | Epoch Time: 0.36s | Spearman@80: 0.4303 | Kendall@80: 0.3037
Epoch 133/150 | Train Loss: 0.0070 | Epoch Time: 0.37s | Spearman@80: 0.4275 | Kendall@80: 0.3018
Epoch 134/150 | Train Loss: 0.0081 | Epoch Time: 0.36s | Spearman@80: 0.4340 | Kendall@80: 0.3056
Epoch 135/150 | Train Loss: 0.0054 | Epoch Time: 0.36s | Spearman@80: 0.4225 | Kendall@80: 0.2980
Epoch 136/150 | Train Loss: 0.0051 | Epoch Time: 0.37s | Spearman@80: 0.4273 | Kendall@80: 0.2980
Epoch 137/150 | Train Loss: 0.0052 | Epoch Time: 0.36s | Spearman@80: 0.4295 | Kendall@80: 0.3006
Epoch 138/150 | Train Loss: 0.0073 | Epoch Time: 0.37s | Spearman@80: 0.4295 | Kendall@80: 0.3012
Epoch 139/150 | Train Loss: 0.0079 | Epoch Time: 0.37s | Spearman@80: 0.4251 | Kendall@80: 0.2980
Epoch 140/150 | Train Loss: 0.0089 | Epoch Time: 0.37s | Spearman@80: 0.4248 | Kendall@80: 0.2961
Epoch 141/150 | Train Loss: 0.0074 | Epoch Time: 0.37s | Spearman@80: 0.4262 | Kendall@80: 0.2961
Epoch 142/150 | Train Loss: 0.0109 | Epoch Time: 0.36s | Spearman@80: 0.4290 | Kendall@80: 0.3006
Epoch 143/150 | Train Loss: 0.0045 | Epoch Time: 0.37s | Spearman@80: 0.4331 | Kendall@80: 0.3044
Epoch 144/150 | Train Loss: 0.0071 | Epoch Time: 0.36s | Spearman@80: 0.4304 | Kendall@80: 0.3031
Epoch 145/150 | Train Loss: 0.0048 | Epoch Time: 0.37s | Spearman@80: 0.4359 | Kendall@80: 0.3063
Epoch 146/150 | Train Loss: 0.0062 | Epoch Time: 0.35s | Spearman@80: 0.4250 | Kendall@80: 0.2974
Epoch 147/150 | Train Loss: 0.0083 | Epoch Time: 1.01s | Spearman@4934: 0.3789 | Kendall@4934: 0.2584
Epoch 148/150 | Train Loss: 0.0069 | Epoch Time: 1.01s | Spearman@4934: 0.3806 | Kendall@4934: 0.2595
Epoch 149/150 | Train Loss: 0.0086 | Epoch Time: 1.01s | Spearman@4934: 0.3778 | Kendall@4934: 0.2576
Epoch 150/150 | Train Loss: 0.0036 | Epoch Time: 1.01s | Spearman@4934: 0.3808 | Kendall@4934: 0.2597
Sample Count: 64, Spearman: 0.37955096737770344, Kendall: 0.2588148956538566
{64: (0.37955096737770344, 0.2588148956538566),
 128: (0.5410478598274215, 0.37725412542726144)}
Epoch 1/150 | Train Loss: 0.0972 | Epoch Time: 0.71s | Spearman@80: 0.5987 | Kendall@80: 0.4221
Epoch 2/150 | Train Loss: 0.0877 | Epoch Time: 0.72s | Spearman@80: 0.5397 | Kendall@80: 0.4075
Epoch 3/150 | Train Loss: 0.0818 | Epoch Time: 0.72s | Spearman@80: 0.6539 | Kendall@80: 0.4797
Epoch 4/150 | Train Loss: 0.0699 | Epoch Time: 0.72s | Spearman@80: 0.6497 | Kendall@80: 0.4677
Epoch 5/150 | Train Loss: 0.0713 | Epoch Time: 0.72s | Spearman@80: 0.6582 | Kendall@80: 0.4810
Epoch 6/150 | Train Loss: 0.0651 | Epoch Time: 0.72s | Spearman@80: 0.6055 | Kendall@80: 0.4278
Epoch 7/150 | Train Loss: 0.0621 | Epoch Time: 0.71s | Spearman@80: 0.6705 | Kendall@80: 0.4987
Epoch 8/150 | Train Loss: 0.0706 | Epoch Time: 0.72s | Spearman@80: 0.6388 | Kendall@80: 0.4696
Epoch 9/150 | Train Loss: 0.0704 | Epoch Time: 0.73s | Spearman@80: 0.6699 | Kendall@80: 0.4899
Epoch 10/150 | Train Loss: 0.0654 | Epoch Time: 0.72s | Spearman@80: 0.6194 | Kendall@80: 0.4556
Epoch 11/150 | Train Loss: 0.0565 | Epoch Time: 0.71s | Spearman@80: 0.6559 | Kendall@80: 0.4753
Epoch 12/150 | Train Loss: 0.0573 | Epoch Time: 0.70s | Spearman@80: 0.6550 | Kendall@80: 0.4804
Epoch 13/150 | Train Loss: 0.0625 | Epoch Time: 0.71s | Spearman@80: 0.6873 | Kendall@80: 0.5158
Epoch 14/150 | Train Loss: 0.0546 | Epoch Time: 0.72s | Spearman@80: 0.6487 | Kendall@80: 0.4753
Epoch 15/150 | Train Loss: 0.0546 | Epoch Time: 0.71s | Spearman@80: 0.6888 | Kendall@80: 0.5203
Epoch 16/150 | Train Loss: 0.0544 | Epoch Time: 0.73s | Spearman@80: 0.6806 | Kendall@80: 0.5184
Epoch 17/150 | Train Loss: 0.0544 | Epoch Time: 0.72s | Spearman@80: 0.6823 | Kendall@80: 0.5076
Epoch 18/150 | Train Loss: 0.0603 | Epoch Time: 0.72s | Spearman@80: 0.7079 | Kendall@80: 0.5387
Epoch 19/150 | Train Loss: 0.0540 | Epoch Time: 0.72s | Spearman@80: 0.7189 | Kendall@80: 0.5463
Epoch 20/150 | Train Loss: 0.0529 | Epoch Time: 0.69s | Spearman@80: 0.6807 | Kendall@80: 0.5070
Epoch 21/150 | Train Loss: 0.0499 | Epoch Time: 0.71s | Spearman@80: 0.6871 | Kendall@80: 0.5133
Epoch 22/150 | Train Loss: 0.0446 | Epoch Time: 0.70s | Spearman@80: 0.5428 | Kendall@80: 0.3916
Epoch 23/150 | Train Loss: 0.0455 | Epoch Time: 0.71s | Spearman@80: 0.6255 | Kendall@80: 0.4639
Epoch 24/150 | Train Loss: 0.0506 | Epoch Time: 0.72s | Spearman@80: 0.6950 | Kendall@80: 0.5146
Epoch 25/150 | Train Loss: 0.0480 | Epoch Time: 0.70s | Spearman@80: 0.6338 | Kendall@80: 0.4651
Epoch 26/150 | Train Loss: 0.0479 | Epoch Time: 0.73s | Spearman@80: 0.6080 | Kendall@80: 0.4468
Epoch 27/150 | Train Loss: 0.0464 | Epoch Time: 0.72s | Spearman@80: 0.7098 | Kendall@80: 0.5317
Epoch 28/150 | Train Loss: 0.0448 | Epoch Time: 0.71s | Spearman@80: 0.6886 | Kendall@80: 0.5127
Epoch 29/150 | Train Loss: 0.0383 | Epoch Time: 0.71s | Spearman@80: 0.6187 | Kendall@80: 0.4563
Epoch 30/150 | Train Loss: 0.0432 | Epoch Time: 0.72s | Spearman@80: 0.6483 | Kendall@80: 0.4740
Epoch 31/150 | Train Loss: 0.0433 | Epoch Time: 0.73s | Spearman@80: 0.6257 | Kendall@80: 0.4550
Epoch 32/150 | Train Loss: 0.0390 | Epoch Time: 0.71s | Spearman@80: 0.5979 | Kendall@80: 0.4284
Epoch 33/150 | Train Loss: 0.0416 | Epoch Time: 0.71s | Spearman@80: 0.5982 | Kendall@80: 0.4284
Epoch 34/150 | Train Loss: 0.0359 | Epoch Time: 0.72s | Spearman@80: 0.6542 | Kendall@80: 0.4816
Epoch 35/150 | Train Loss: 0.0452 | Epoch Time: 0.71s | Spearman@80: 0.6156 | Kendall@80: 0.4512
Epoch 36/150 | Train Loss: 0.0413 | Epoch Time: 0.70s | Spearman@80: 0.6438 | Kendall@80: 0.4734
Epoch 37/150 | Train Loss: 0.0396 | Epoch Time: 0.71s | Spearman@80: 0.6051 | Kendall@80: 0.4341
Epoch 38/150 | Train Loss: 0.0454 | Epoch Time: 0.73s | Spearman@80: 0.5983 | Kendall@80: 0.4347
Epoch 39/150 | Train Loss: 0.0431 | Epoch Time: 0.71s | Spearman@80: 0.6477 | Kendall@80: 0.4753
Epoch 40/150 | Train Loss: 0.0383 | Epoch Time: 0.71s | Spearman@80: 0.5996 | Kendall@80: 0.4341
Epoch 41/150 | Train Loss: 0.0364 | Epoch Time: 0.71s | Spearman@80: 0.6005 | Kendall@80: 0.4404
Epoch 42/150 | Train Loss: 0.0370 | Epoch Time: 0.72s | Spearman@80: 0.5835 | Kendall@80: 0.4164
Epoch 43/150 | Train Loss: 0.0394 | Epoch Time: 0.71s | Spearman@80: 0.5939 | Kendall@80: 0.4271
Epoch 44/150 | Train Loss: 0.0354 | Epoch Time: 0.74s | Spearman@80: 0.5845 | Kendall@80: 0.4189
Epoch 45/150 | Train Loss: 0.0313 | Epoch Time: 0.71s | Spearman@80: 0.5959 | Kendall@80: 0.4265
Epoch 46/150 | Train Loss: 0.0345 | Epoch Time: 0.72s | Spearman@80: 0.5769 | Kendall@80: 0.4087
Epoch 47/150 | Train Loss: 0.0344 | Epoch Time: 0.70s | Spearman@80: 0.6270 | Kendall@80: 0.4563
Epoch 48/150 | Train Loss: 0.0402 | Epoch Time: 0.71s | Spearman@80: 0.5772 | Kendall@80: 0.4233
Epoch 49/150 | Train Loss: 0.0392 | Epoch Time: 0.71s | Spearman@80: 0.6460 | Kendall@80: 0.4740
Epoch 50/150 | Train Loss: 0.0353 | Epoch Time: 0.71s | Spearman@80: 0.5733 | Kendall@80: 0.4113
Epoch 51/150 | Train Loss: 0.0311 | Epoch Time: 0.73s | Spearman@80: 0.6040 | Kendall@80: 0.4392
Epoch 52/150 | Train Loss: 0.0386 | Epoch Time: 0.72s | Spearman@80: 0.6171 | Kendall@80: 0.4550
Epoch 53/150 | Train Loss: 0.0428 | Epoch Time: 0.72s | Spearman@80: 0.5763 | Kendall@80: 0.4106
Epoch 54/150 | Train Loss: 0.0363 | Epoch Time: 0.73s | Spearman@80: 0.6675 | Kendall@80: 0.4892
Epoch 55/150 | Train Loss: 0.0307 | Epoch Time: 0.72s | Spearman@80: 0.6044 | Kendall@80: 0.4322
Epoch 56/150 | Train Loss: 0.0382 | Epoch Time: 0.70s | Spearman@80: 0.6340 | Kendall@80: 0.4588
Epoch 57/150 | Train Loss: 0.0302 | Epoch Time: 0.72s | Spearman@80: 0.6166 | Kendall@80: 0.4449
Epoch 58/150 | Train Loss: 0.0338 | Epoch Time: 0.72s | Spearman@80: 0.5792 | Kendall@80: 0.4094
Epoch 59/150 | Train Loss: 0.0285 | Epoch Time: 0.72s | Spearman@80: 0.5874 | Kendall@80: 0.4259
Epoch 60/150 | Train Loss: 0.0330 | Epoch Time: 0.71s | Spearman@80: 0.5638 | Kendall@80: 0.4043
Epoch 61/150 | Train Loss: 0.0362 | Epoch Time: 0.72s | Spearman@80: 0.6171 | Kendall@80: 0.4455
Epoch 62/150 | Train Loss: 0.0307 | Epoch Time: 0.72s | Spearman@80: 0.5719 | Kendall@80: 0.4113
Epoch 63/150 | Train Loss: 0.0317 | Epoch Time: 0.72s | Spearman@80: 0.6280 | Kendall@80: 0.4556
Epoch 64/150 | Train Loss: 0.0304 | Epoch Time: 0.71s | Spearman@80: 0.5955 | Kendall@80: 0.4227
Epoch 65/150 | Train Loss: 0.0336 | Epoch Time: 0.71s | Spearman@80: 0.6374 | Kendall@80: 0.4658
Epoch 66/150 | Train Loss: 0.0245 | Epoch Time: 0.70s | Spearman@80: 0.6413 | Kendall@80: 0.4607
Epoch 67/150 | Train Loss: 0.0258 | Epoch Time: 0.72s | Spearman@80: 0.6452 | Kendall@80: 0.4658
Epoch 68/150 | Train Loss: 0.0238 | Epoch Time: 0.70s | Spearman@80: 0.6055 | Kendall@80: 0.4392
Epoch 69/150 | Train Loss: 0.0280 | Epoch Time: 0.70s | Spearman@80: 0.6099 | Kendall@80: 0.4379
Epoch 70/150 | Train Loss: 0.0306 | Epoch Time: 0.71s | Spearman@80: 0.6130 | Kendall@80: 0.4385
Epoch 71/150 | Train Loss: 0.0280 | Epoch Time: 0.71s | Spearman@80: 0.6177 | Kendall@80: 0.4423
Epoch 72/150 | Train Loss: 0.0263 | Epoch Time: 0.73s | Spearman@80: 0.5942 | Kendall@80: 0.4290
Epoch 73/150 | Train Loss: 0.0261 | Epoch Time: 0.72s | Spearman@80: 0.5883 | Kendall@80: 0.4259
Epoch 74/150 | Train Loss: 0.0293 | Epoch Time: 0.72s | Spearman@80: 0.5957 | Kendall@80: 0.4303
Epoch 75/150 | Train Loss: 0.0288 | Epoch Time: 0.71s | Spearman@80: 0.6390 | Kendall@80: 0.4696
Epoch 76/150 | Train Loss: 0.0316 | Epoch Time: 0.71s | Spearman@80: 0.6417 | Kendall@80: 0.4721
Epoch 77/150 | Train Loss: 0.0273 | Epoch Time: 0.72s | Spearman@80: 0.6023 | Kendall@80: 0.4278
Epoch 78/150 | Train Loss: 0.0306 | Epoch Time: 0.71s | Spearman@80: 0.6634 | Kendall@80: 0.4886
Epoch 79/150 | Train Loss: 0.0288 | Epoch Time: 0.72s | Spearman@80: 0.6312 | Kendall@80: 0.4563
Epoch 80/150 | Train Loss: 0.0269 | Epoch Time: 0.71s | Spearman@80: 0.6611 | Kendall@80: 0.4854
Epoch 81/150 | Train Loss: 0.0269 | Epoch Time: 0.72s | Spearman@80: 0.6255 | Kendall@80: 0.4461
Epoch 82/150 | Train Loss: 0.0223 | Epoch Time: 0.70s | Spearman@80: 0.6233 | Kendall@80: 0.4468
Epoch 83/150 | Train Loss: 0.0255 | Epoch Time: 0.72s | Spearman@80: 0.6364 | Kendall@80: 0.4626
Epoch 84/150 | Train Loss: 0.0246 | Epoch Time: 0.71s | Spearman@80: 0.6563 | Kendall@80: 0.4791
Epoch 85/150 | Train Loss: 0.0230 | Epoch Time: 0.71s | Spearman@80: 0.6137 | Kendall@80: 0.4328
Epoch 86/150 | Train Loss: 0.0258 | Epoch Time: 0.71s | Spearman@80: 0.6280 | Kendall@80: 0.4531
Epoch 87/150 | Train Loss: 0.0199 | Epoch Time: 0.71s | Spearman@80: 0.6424 | Kendall@80: 0.4582
Epoch 88/150 | Train Loss: 0.0192 | Epoch Time: 0.71s | Spearman@80: 0.6441 | Kendall@80: 0.4658
Epoch 89/150 | Train Loss: 0.0269 | Epoch Time: 0.71s | Spearman@80: 0.6346 | Kendall@80: 0.4594
Epoch 90/150 | Train Loss: 0.0207 | Epoch Time: 0.71s | Spearman@80: 0.6464 | Kendall@80: 0.4677
Epoch 91/150 | Train Loss: 0.0237 | Epoch Time: 0.72s | Spearman@80: 0.6599 | Kendall@80: 0.4842
Epoch 92/150 | Train Loss: 0.0240 | Epoch Time: 0.71s | Spearman@80: 0.6135 | Kendall@80: 0.4379
Epoch 93/150 | Train Loss: 0.0190 | Epoch Time: 0.72s | Spearman@80: 0.6369 | Kendall@80: 0.4556
Epoch 94/150 | Train Loss: 0.0209 | Epoch Time: 0.69s | Spearman@80: 0.6475 | Kendall@80: 0.4689
Epoch 95/150 | Train Loss: 0.0260 | Epoch Time: 0.72s | Spearman@80: 0.6390 | Kendall@80: 0.4620
Epoch 96/150 | Train Loss: 0.0242 | Epoch Time: 0.72s | Spearman@80: 0.5974 | Kendall@80: 0.4221
Epoch 97/150 | Train Loss: 0.0226 | Epoch Time: 0.72s | Spearman@80: 0.6402 | Kendall@80: 0.4632
Epoch 98/150 | Train Loss: 0.0228 | Epoch Time: 0.70s | Spearman@80: 0.6592 | Kendall@80: 0.4816
Epoch 99/150 | Train Loss: 0.0185 | Epoch Time: 0.72s | Spearman@80: 0.6399 | Kendall@80: 0.4639
Epoch 100/150 | Train Loss: 0.0221 | Epoch Time: 0.72s | Spearman@80: 0.6413 | Kendall@80: 0.4632
Epoch 101/150 | Train Loss: 0.0167 | Epoch Time: 0.72s | Spearman@80: 0.6325 | Kendall@80: 0.4537
Epoch 102/150 | Train Loss: 0.0183 | Epoch Time: 0.71s | Spearman@80: 0.6453 | Kendall@80: 0.4658
Epoch 103/150 | Train Loss: 0.0196 | Epoch Time: 0.72s | Spearman@80: 0.6303 | Kendall@80: 0.4525
Epoch 104/150 | Train Loss: 0.0219 | Epoch Time: 0.72s | Spearman@80: 0.6336 | Kendall@80: 0.4620
Epoch 105/150 | Train Loss: 0.0210 | Epoch Time: 0.71s | Spearman@80: 0.6342 | Kendall@80: 0.4556
Epoch 106/150 | Train Loss: 0.0215 | Epoch Time: 0.72s | Spearman@80: 0.6288 | Kendall@80: 0.4512
Epoch 107/150 | Train Loss: 0.0146 | Epoch Time: 0.72s | Spearman@80: 0.6375 | Kendall@80: 0.4658
Epoch 108/150 | Train Loss: 0.0171 | Epoch Time: 0.72s | Spearman@80: 0.6335 | Kendall@80: 0.4550
Epoch 109/150 | Train Loss: 0.0142 | Epoch Time: 0.72s | Spearman@80: 0.6258 | Kendall@80: 0.4525
Epoch 110/150 | Train Loss: 0.0212 | Epoch Time: 0.70s | Spearman@80: 0.6494 | Kendall@80: 0.4734
Epoch 111/150 | Train Loss: 0.0180 | Epoch Time: 0.72s | Spearman@80: 0.6198 | Kendall@80: 0.4468
Epoch 112/150 | Train Loss: 0.0190 | Epoch Time: 0.73s | Spearman@80: 0.6172 | Kendall@80: 0.4430
Epoch 113/150 | Train Loss: 0.0194 | Epoch Time: 0.72s | Spearman@80: 0.6599 | Kendall@80: 0.4778
Epoch 114/150 | Train Loss: 0.0199 | Epoch Time: 0.72s | Spearman@80: 0.6548 | Kendall@80: 0.4785
Epoch 115/150 | Train Loss: 0.0171 | Epoch Time: 0.71s | Spearman@80: 0.6261 | Kendall@80: 0.4525
Epoch 116/150 | Train Loss: 0.0171 | Epoch Time: 0.70s | Spearman@80: 0.6637 | Kendall@80: 0.4816
Epoch 117/150 | Train Loss: 0.0152 | Epoch Time: 0.72s | Spearman@80: 0.6330 | Kendall@80: 0.4531
Epoch 118/150 | Train Loss: 0.0205 | Epoch Time: 0.71s | Spearman@80: 0.6410 | Kendall@80: 0.4613
Epoch 119/150 | Train Loss: 0.0163 | Epoch Time: 0.72s | Spearman@80: 0.6463 | Kendall@80: 0.4702
Epoch 120/150 | Train Loss: 0.0168 | Epoch Time: 0.72s | Spearman@80: 0.6398 | Kendall@80: 0.4607
Epoch 121/150 | Train Loss: 0.0172 | Epoch Time: 0.73s | Spearman@80: 0.6269 | Kendall@80: 0.4499
Epoch 122/150 | Train Loss: 0.0135 | Epoch Time: 0.72s | Spearman@80: 0.6487 | Kendall@80: 0.4721
Epoch 123/150 | Train Loss: 0.0156 | Epoch Time: 0.72s | Spearman@80: 0.6476 | Kendall@80: 0.4696
Epoch 124/150 | Train Loss: 0.0158 | Epoch Time: 0.72s | Spearman@80: 0.6446 | Kendall@80: 0.4683
Epoch 125/150 | Train Loss: 0.0175 | Epoch Time: 0.72s | Spearman@80: 0.6465 | Kendall@80: 0.4747
Epoch 126/150 | Train Loss: 0.0129 | Epoch Time: 0.72s | Spearman@80: 0.6444 | Kendall@80: 0.4702
Epoch 127/150 | Train Loss: 0.0149 | Epoch Time: 0.71s | Spearman@80: 0.6383 | Kendall@80: 0.4607
Epoch 128/150 | Train Loss: 0.0134 | Epoch Time: 0.72s | Spearman@80: 0.6353 | Kendall@80: 0.4594
Epoch 129/150 | Train Loss: 0.0131 | Epoch Time: 0.71s | Spearman@80: 0.6320 | Kendall@80: 0.4550
Epoch 130/150 | Train Loss: 0.0105 | Epoch Time: 0.71s | Spearman@80: 0.6499 | Kendall@80: 0.4747
Epoch 131/150 | Train Loss: 0.0154 | Epoch Time: 0.70s | Spearman@80: 0.6469 | Kendall@80: 0.4728
Epoch 132/150 | Train Loss: 0.0119 | Epoch Time: 0.71s | Spearman@80: 0.6390 | Kendall@80: 0.4626
Epoch 133/150 | Train Loss: 0.0158 | Epoch Time: 0.69s | Spearman@80: 0.6418 | Kendall@80: 0.4696
Epoch 134/150 | Train Loss: 0.0150 | Epoch Time: 0.72s | Spearman@80: 0.6370 | Kendall@80: 0.4626
Epoch 135/150 | Train Loss: 0.0151 | Epoch Time: 0.72s | Spearman@80: 0.6353 | Kendall@80: 0.4575
Epoch 136/150 | Train Loss: 0.0150 | Epoch Time: 0.72s | Spearman@80: 0.6391 | Kendall@80: 0.4626
Epoch 137/150 | Train Loss: 0.0133 | Epoch Time: 0.71s | Spearman@80: 0.6456 | Kendall@80: 0.4696
Epoch 138/150 | Train Loss: 0.0143 | Epoch Time: 0.72s | Spearman@80: 0.6439 | Kendall@80: 0.4689
Epoch 139/150 | Train Loss: 0.0150 | Epoch Time: 0.70s | Spearman@80: 0.6441 | Kendall@80: 0.4715
Epoch 140/150 | Train Loss: 0.0129 | Epoch Time: 0.72s | Spearman@80: 0.6412 | Kendall@80: 0.4651
Epoch 141/150 | Train Loss: 0.0111 | Epoch Time: 0.69s | Spearman@80: 0.6433 | Kendall@80: 0.4670
Epoch 142/150 | Train Loss: 0.0128 | Epoch Time: 0.72s | Spearman@80: 0.6409 | Kendall@80: 0.4594
Epoch 143/150 | Train Loss: 0.0147 | Epoch Time: 0.71s | Spearman@80: 0.6423 | Kendall@80: 0.4683
Epoch 144/150 | Train Loss: 0.0119 | Epoch Time: 0.72s | Spearman@80: 0.6417 | Kendall@80: 0.4626
Epoch 145/150 | Train Loss: 0.0157 | Epoch Time: 0.72s | Spearman@80: 0.6386 | Kendall@80: 0.4620
Epoch 146/150 | Train Loss: 0.0119 | Epoch Time: 0.72s | Spearman@80: 0.6438 | Kendall@80: 0.4651
Epoch 147/150 | Train Loss: 0.0116 | Epoch Time: 1.35s | Spearman@4870: 0.6920 | Kendall@4870: 0.5052
Epoch 148/150 | Train Loss: 0.0124 | Epoch Time: 1.33s | Spearman@4870: 0.6896 | Kendall@4870: 0.5032
Epoch 149/150 | Train Loss: 0.0142 | Epoch Time: 1.35s | Spearman@4870: 0.6941 | Kendall@4870: 0.5071
Epoch 150/150 | Train Loss: 0.0131 | Epoch Time: 1.36s | Spearman@4870: 0.6921 | Kendall@4870: 0.5054
Sample Count: 128, Spearman: 0.6919383462670039, Kendall: 0.5052190586791445
{64: (0.37955096737770344, 0.2588148956538566),
 128: (0.6919383462670039, 0.5052190586791445)}
Epoch 1/150 | Train Loss: 0.0976 | Epoch Time: 0.37s | Spearman@80: 0.4930 | Kendall@80: 0.3450
Epoch 2/150 | Train Loss: 0.0886 | Epoch Time: 0.37s | Spearman@80: 0.5057 | Kendall@80: 0.3577
Epoch 3/150 | Train Loss: 0.0784 | Epoch Time: 0.36s | Spearman@80: 0.5118 | Kendall@80: 0.3621
Epoch 4/150 | Train Loss: 0.0648 | Epoch Time: 0.36s | Spearman@80: 0.5302 | Kendall@80: 0.3799
Epoch 5/150 | Train Loss: 0.0586 | Epoch Time: 0.36s | Spearman@80: 0.5443 | Kendall@80: 0.3900
Epoch 6/150 | Train Loss: 0.0552 | Epoch Time: 0.36s | Spearman@80: 0.5004 | Kendall@80: 0.3450
Epoch 7/150 | Train Loss: 0.0606 | Epoch Time: 0.37s | Spearman@80: 0.5502 | Kendall@80: 0.3900
Epoch 8/150 | Train Loss: 0.0559 | Epoch Time: 0.37s | Spearman@80: 0.5371 | Kendall@80: 0.3729
Epoch 9/150 | Train Loss: 0.0531 | Epoch Time: 0.37s | Spearman@80: 0.5531 | Kendall@80: 0.3868
Epoch 10/150 | Train Loss: 0.0626 | Epoch Time: 0.35s | Spearman@80: 0.5414 | Kendall@80: 0.3760
Epoch 11/150 | Train Loss: 0.0487 | Epoch Time: 0.36s | Spearman@80: 0.5169 | Kendall@80: 0.3513
Epoch 12/150 | Train Loss: 0.0522 | Epoch Time: 0.36s | Spearman@80: 0.6046 | Kendall@80: 0.4280
Epoch 13/150 | Train Loss: 0.0498 | Epoch Time: 0.36s | Spearman@80: 0.5716 | Kendall@80: 0.3925
Epoch 14/150 | Train Loss: 0.0432 | Epoch Time: 0.37s | Spearman@80: 0.5715 | Kendall@80: 0.4046
Epoch 15/150 | Train Loss: 0.0456 | Epoch Time: 0.37s | Spearman@80: 0.5381 | Kendall@80: 0.3602
Epoch 16/150 | Train Loss: 0.0482 | Epoch Time: 0.37s | Spearman@80: 0.5031 | Kendall@80: 0.3488
Epoch 17/150 | Train Loss: 0.0546 | Epoch Time: 0.36s | Spearman@80: 0.5602 | Kendall@80: 0.3875
Epoch 18/150 | Train Loss: 0.0526 | Epoch Time: 0.37s | Spearman@80: 0.5857 | Kendall@80: 0.4122
Epoch 19/150 | Train Loss: 0.0429 | Epoch Time: 0.37s | Spearman@80: 0.5754 | Kendall@80: 0.3938
Epoch 20/150 | Train Loss: 0.0321 | Epoch Time: 0.37s | Spearman@80: 0.5976 | Kendall@80: 0.4122
Epoch 21/150 | Train Loss: 0.0330 | Epoch Time: 0.37s | Spearman@80: 0.5479 | Kendall@80: 0.3773
Epoch 22/150 | Train Loss: 0.0374 | Epoch Time: 0.37s | Spearman@80: 0.5173 | Kendall@80: 0.3602
Epoch 23/150 | Train Loss: 0.0361 | Epoch Time: 0.37s | Spearman@80: 0.5474 | Kendall@80: 0.3818
Epoch 24/150 | Train Loss: 0.0352 | Epoch Time: 0.36s | Spearman@80: 0.5815 | Kendall@80: 0.4128
Epoch 25/150 | Train Loss: 0.0349 | Epoch Time: 0.37s | Spearman@80: 0.5656 | Kendall@80: 0.3963
Epoch 26/150 | Train Loss: 0.0350 | Epoch Time: 0.36s | Spearman@80: 0.5471 | Kendall@80: 0.3811
Epoch 27/150 | Train Loss: 0.0241 | Epoch Time: 0.35s | Spearman@80: 0.5470 | Kendall@80: 0.3843
Epoch 28/150 | Train Loss: 0.0215 | Epoch Time: 0.36s | Spearman@80: 0.5383 | Kendall@80: 0.3786
Epoch 29/150 | Train Loss: 0.0251 | Epoch Time: 0.36s | Spearman@80: 0.5628 | Kendall@80: 0.4020
Epoch 30/150 | Train Loss: 0.0325 | Epoch Time: 0.37s | Spearman@80: 0.4705 | Kendall@80: 0.3330
Epoch 31/150 | Train Loss: 0.0344 | Epoch Time: 0.36s | Spearman@80: 0.5413 | Kendall@80: 0.3818
Epoch 32/150 | Train Loss: 0.0249 | Epoch Time: 0.37s | Spearman@80: 0.5781 | Kendall@80: 0.4122
Epoch 33/150 | Train Loss: 0.0232 | Epoch Time: 0.36s | Spearman@80: 0.5130 | Kendall@80: 0.3558
Epoch 34/150 | Train Loss: 0.0305 | Epoch Time: 0.36s | Spearman@80: 0.5425 | Kendall@80: 0.3875
Epoch 35/150 | Train Loss: 0.0326 | Epoch Time: 0.35s | Spearman@80: 0.5126 | Kendall@80: 0.3615
Epoch 36/150 | Train Loss: 0.0300 | Epoch Time: 0.36s | Spearman@80: 0.4939 | Kendall@80: 0.3501
Epoch 37/150 | Train Loss: 0.0317 | Epoch Time: 0.36s | Spearman@80: 0.5690 | Kendall@80: 0.4090
Epoch 38/150 | Train Loss: 0.0276 | Epoch Time: 0.36s | Spearman@80: 0.5479 | Kendall@80: 0.3811
Epoch 39/150 | Train Loss: 0.0292 | Epoch Time: 0.37s | Spearman@80: 0.5793 | Kendall@80: 0.4109
Epoch 40/150 | Train Loss: 0.0211 | Epoch Time: 0.36s | Spearman@80: 0.5672 | Kendall@80: 0.4071
Epoch 41/150 | Train Loss: 0.0251 | Epoch Time: 0.37s | Spearman@80: 0.5513 | Kendall@80: 0.3913
Epoch 42/150 | Train Loss: 0.0268 | Epoch Time: 0.37s | Spearman@80: 0.5451 | Kendall@80: 0.3887
Epoch 43/150 | Train Loss: 0.0244 | Epoch Time: 0.37s | Spearman@80: 0.5425 | Kendall@80: 0.3843
Epoch 44/150 | Train Loss: 0.0244 | Epoch Time: 0.37s | Spearman@80: 0.4873 | Kendall@80: 0.3412
Epoch 45/150 | Train Loss: 0.0288 | Epoch Time: 0.36s | Spearman@80: 0.5477 | Kendall@80: 0.3830
Epoch 46/150 | Train Loss: 0.0250 | Epoch Time: 0.37s | Spearman@80: 0.5705 | Kendall@80: 0.4065
Epoch 47/150 | Train Loss: 0.0368 | Epoch Time: 0.37s | Spearman@80: 0.5210 | Kendall@80: 0.3697
Epoch 48/150 | Train Loss: 0.0314 | Epoch Time: 0.35s | Spearman@80: 0.5535 | Kendall@80: 0.4008
Epoch 49/150 | Train Loss: 0.0249 | Epoch Time: 0.36s | Spearman@80: 0.5571 | Kendall@80: 0.3989
Epoch 50/150 | Train Loss: 0.0208 | Epoch Time: 0.35s | Spearman@80: 0.5371 | Kendall@80: 0.3837
Epoch 51/150 | Train Loss: 0.0190 | Epoch Time: 0.35s | Spearman@80: 0.5694 | Kendall@80: 0.4103
Epoch 52/150 | Train Loss: 0.0270 | Epoch Time: 0.37s | Spearman@80: 0.5748 | Kendall@80: 0.4153
Epoch 53/150 | Train Loss: 0.0238 | Epoch Time: 0.36s | Spearman@80: 0.5303 | Kendall@80: 0.3735
Epoch 54/150 | Train Loss: 0.0162 | Epoch Time: 0.36s | Spearman@80: 0.5263 | Kendall@80: 0.3754
Epoch 55/150 | Train Loss: 0.0239 | Epoch Time: 0.36s | Spearman@80: 0.5470 | Kendall@80: 0.3957
Epoch 56/150 | Train Loss: 0.0194 | Epoch Time: 0.35s | Spearman@80: 0.5174 | Kendall@80: 0.3602
Epoch 57/150 | Train Loss: 0.0198 | Epoch Time: 0.37s | Spearman@80: 0.5018 | Kendall@80: 0.3482
Epoch 58/150 | Train Loss: 0.0164 | Epoch Time: 0.36s | Spearman@80: 0.5472 | Kendall@80: 0.3862
Epoch 59/150 | Train Loss: 0.0157 | Epoch Time: 0.36s | Spearman@80: 0.5514 | Kendall@80: 0.3900
Epoch 60/150 | Train Loss: 0.0133 | Epoch Time: 0.37s | Spearman@80: 0.5111 | Kendall@80: 0.3640
Epoch 61/150 | Train Loss: 0.0158 | Epoch Time: 0.36s | Spearman@80: 0.5488 | Kendall@80: 0.3868
Epoch 62/150 | Train Loss: 0.0207 | Epoch Time: 0.36s | Spearman@80: 0.5548 | Kendall@80: 0.3868
Epoch 63/150 | Train Loss: 0.0191 | Epoch Time: 0.36s | Spearman@80: 0.5789 | Kendall@80: 0.4185
Epoch 64/150 | Train Loss: 0.0343 | Epoch Time: 0.36s | Spearman@80: 0.5179 | Kendall@80: 0.3583
Epoch 65/150 | Train Loss: 0.0226 | Epoch Time: 0.35s | Spearman@80: 0.5521 | Kendall@80: 0.3894
Epoch 66/150 | Train Loss: 0.0175 | Epoch Time: 0.36s | Spearman@80: 0.5811 | Kendall@80: 0.4090
Epoch 67/150 | Train Loss: 0.0172 | Epoch Time: 0.37s | Spearman@80: 0.5495 | Kendall@80: 0.3780
Epoch 68/150 | Train Loss: 0.0213 | Epoch Time: 0.36s | Spearman@80: 0.5590 | Kendall@80: 0.3938
Epoch 69/150 | Train Loss: 0.0282 | Epoch Time: 0.37s | Spearman@80: 0.5842 | Kendall@80: 0.4204
Epoch 70/150 | Train Loss: 0.0139 | Epoch Time: 0.37s | Spearman@80: 0.5523 | Kendall@80: 0.3944
Epoch 71/150 | Train Loss: 0.0112 | Epoch Time: 0.36s | Spearman@80: 0.5186 | Kendall@80: 0.3640
Epoch 72/150 | Train Loss: 0.0136 | Epoch Time: 0.36s | Spearman@80: 0.5260 | Kendall@80: 0.3716
Epoch 73/150 | Train Loss: 0.0166 | Epoch Time: 0.37s | Spearman@80: 0.5452 | Kendall@80: 0.3824
Epoch 74/150 | Train Loss: 0.0118 | Epoch Time: 0.36s | Spearman@80: 0.5402 | Kendall@80: 0.3805
Epoch 75/150 | Train Loss: 0.0189 | Epoch Time: 0.36s | Spearman@80: 0.5251 | Kendall@80: 0.3767
Epoch 76/150 | Train Loss: 0.0203 | Epoch Time: 0.37s | Spearman@80: 0.5151 | Kendall@80: 0.3640
Epoch 77/150 | Train Loss: 0.0144 | Epoch Time: 0.37s | Spearman@80: 0.5591 | Kendall@80: 0.4020
Epoch 78/150 | Train Loss: 0.0187 | Epoch Time: 0.37s | Spearman@80: 0.5750 | Kendall@80: 0.4160
Epoch 79/150 | Train Loss: 0.0128 | Epoch Time: 0.38s | Spearman@80: 0.5458 | Kendall@80: 0.3843
Epoch 80/150 | Train Loss: 0.0144 | Epoch Time: 0.37s | Spearman@80: 0.5458 | Kendall@80: 0.3881
Epoch 81/150 | Train Loss: 0.0120 | Epoch Time: 0.37s | Spearman@80: 0.5605 | Kendall@80: 0.3944
Epoch 82/150 | Train Loss: 0.0143 | Epoch Time: 0.37s | Spearman@80: 0.5509 | Kendall@80: 0.3875
Epoch 83/150 | Train Loss: 0.0160 | Epoch Time: 0.37s | Spearman@80: 0.5576 | Kendall@80: 0.3982
Epoch 84/150 | Train Loss: 0.0120 | Epoch Time: 0.37s | Spearman@80: 0.5400 | Kendall@80: 0.3868
Epoch 85/150 | Train Loss: 0.0139 | Epoch Time: 0.37s | Spearman@80: 0.5533 | Kendall@80: 0.3830
Epoch 86/150 | Train Loss: 0.0186 | Epoch Time: 0.36s | Spearman@80: 0.5412 | Kendall@80: 0.3843
Epoch 87/150 | Train Loss: 0.0153 | Epoch Time: 0.37s | Spearman@80: 0.5519 | Kendall@80: 0.3913
Epoch 88/150 | Train Loss: 0.0199 | Epoch Time: 0.37s | Spearman@80: 0.5592 | Kendall@80: 0.3900
Epoch 89/150 | Train Loss: 0.0133 | Epoch Time: 0.36s | Spearman@80: 0.5853 | Kendall@80: 0.4134
Epoch 90/150 | Train Loss: 0.0142 | Epoch Time: 0.36s | Spearman@80: 0.5629 | Kendall@80: 0.3995
Epoch 91/150 | Train Loss: 0.0158 | Epoch Time: 0.36s | Spearman@80: 0.5320 | Kendall@80: 0.3767
Epoch 92/150 | Train Loss: 0.0109 | Epoch Time: 0.36s | Spearman@80: 0.5287 | Kendall@80: 0.3729
Epoch 93/150 | Train Loss: 0.0117 | Epoch Time: 0.36s | Spearman@80: 0.5342 | Kendall@80: 0.3786
Epoch 94/150 | Train Loss: 0.0104 | Epoch Time: 0.37s | Spearman@80: 0.5360 | Kendall@80: 0.3830
Epoch 95/150 | Train Loss: 0.0081 | Epoch Time: 0.37s | Spearman@80: 0.5310 | Kendall@80: 0.3799
Epoch 96/150 | Train Loss: 0.0096 | Epoch Time: 0.36s | Spearman@80: 0.5383 | Kendall@80: 0.3799
Epoch 97/150 | Train Loss: 0.0100 | Epoch Time: 0.37s | Spearman@80: 0.5156 | Kendall@80: 0.3640
Epoch 98/150 | Train Loss: 0.0089 | Epoch Time: 0.37s | Spearman@80: 0.5152 | Kendall@80: 0.3640
Epoch 99/150 | Train Loss: 0.0091 | Epoch Time: 0.37s | Spearman@80: 0.5285 | Kendall@80: 0.3760
Epoch 100/150 | Train Loss: 0.0168 | Epoch Time: 0.36s | Spearman@80: 0.5411 | Kendall@80: 0.3830
Epoch 101/150 | Train Loss: 0.0105 | Epoch Time: 0.35s | Spearman@80: 0.5253 | Kendall@80: 0.3716
Epoch 102/150 | Train Loss: 0.0072 | Epoch Time: 0.37s | Spearman@80: 0.5119 | Kendall@80: 0.3678
Epoch 103/150 | Train Loss: 0.0100 | Epoch Time: 0.36s | Spearman@80: 0.5314 | Kendall@80: 0.3786
Epoch 104/150 | Train Loss: 0.0102 | Epoch Time: 0.38s | Spearman@80: 0.5424 | Kendall@80: 0.3887
Epoch 105/150 | Train Loss: 0.0072 | Epoch Time: 0.36s | Spearman@80: 0.5488 | Kendall@80: 0.3932
Epoch 106/150 | Train Loss: 0.0059 | Epoch Time: 0.37s | Spearman@80: 0.5287 | Kendall@80: 0.3735
Epoch 107/150 | Train Loss: 0.0103 | Epoch Time: 0.36s | Spearman@80: 0.5301 | Kendall@80: 0.3748
Epoch 108/150 | Train Loss: 0.0108 | Epoch Time: 0.36s | Spearman@80: 0.5318 | Kendall@80: 0.3805
Epoch 109/150 | Train Loss: 0.0138 | Epoch Time: 0.37s | Spearman@80: 0.5281 | Kendall@80: 0.3799
Epoch 110/150 | Train Loss: 0.0089 | Epoch Time: 0.36s | Spearman@80: 0.5448 | Kendall@80: 0.3868
Epoch 111/150 | Train Loss: 0.0130 | Epoch Time: 0.37s | Spearman@80: 0.5435 | Kendall@80: 0.3856
Epoch 112/150 | Train Loss: 0.0092 | Epoch Time: 0.37s | Spearman@80: 0.5377 | Kendall@80: 0.3830
Epoch 113/150 | Train Loss: 0.0102 | Epoch Time: 0.37s | Spearman@80: 0.5316 | Kendall@80: 0.3786
Epoch 114/150 | Train Loss: 0.0081 | Epoch Time: 0.37s | Spearman@80: 0.5374 | Kendall@80: 0.3837
Epoch 115/150 | Train Loss: 0.0122 | Epoch Time: 0.37s | Spearman@80: 0.5434 | Kendall@80: 0.3868
Epoch 116/150 | Train Loss: 0.0084 | Epoch Time: 0.36s | Spearman@80: 0.5339 | Kendall@80: 0.3799
Epoch 117/150 | Train Loss: 0.0079 | Epoch Time: 0.37s | Spearman@80: 0.5304 | Kendall@80: 0.3767
Epoch 118/150 | Train Loss: 0.0065 | Epoch Time: 0.36s | Spearman@80: 0.5346 | Kendall@80: 0.3792
Epoch 119/150 | Train Loss: 0.0088 | Epoch Time: 0.37s | Spearman@80: 0.5384 | Kendall@80: 0.3849
Epoch 120/150 | Train Loss: 0.0057 | Epoch Time: 0.36s | Spearman@80: 0.5373 | Kendall@80: 0.3811
Epoch 121/150 | Train Loss: 0.0084 | Epoch Time: 0.36s | Spearman@80: 0.5335 | Kendall@80: 0.3843
Epoch 122/150 | Train Loss: 0.0088 | Epoch Time: 0.37s | Spearman@80: 0.5333 | Kendall@80: 0.3837
Epoch 123/150 | Train Loss: 0.0080 | Epoch Time: 0.37s | Spearman@80: 0.5289 | Kendall@80: 0.3799
Epoch 124/150 | Train Loss: 0.0073 | Epoch Time: 0.36s | Spearman@80: 0.5213 | Kendall@80: 0.3735
Epoch 125/150 | Train Loss: 0.0060 | Epoch Time: 0.36s | Spearman@80: 0.5223 | Kendall@80: 0.3741
Epoch 126/150 | Train Loss: 0.0072 | Epoch Time: 0.36s | Spearman@80: 0.5217 | Kendall@80: 0.3754
Epoch 127/150 | Train Loss: 0.0066 | Epoch Time: 0.36s | Spearman@80: 0.5192 | Kendall@80: 0.3710
Epoch 128/150 | Train Loss: 0.0099 | Epoch Time: 0.36s | Spearman@80: 0.5197 | Kendall@80: 0.3716
Epoch 129/150 | Train Loss: 0.0076 | Epoch Time: 0.37s | Spearman@80: 0.5225 | Kendall@80: 0.3773
Epoch 130/150 | Train Loss: 0.0083 | Epoch Time: 0.36s | Spearman@80: 0.5184 | Kendall@80: 0.3735
Epoch 131/150 | Train Loss: 0.0041 | Epoch Time: 0.36s | Spearman@80: 0.5196 | Kendall@80: 0.3748
Epoch 132/150 | Train Loss: 0.0085 | Epoch Time: 0.37s | Spearman@80: 0.5161 | Kendall@80: 0.3729
Epoch 133/150 | Train Loss: 0.0078 | Epoch Time: 0.37s | Spearman@80: 0.5126 | Kendall@80: 0.3665
Epoch 134/150 | Train Loss: 0.0063 | Epoch Time: 0.37s | Spearman@80: 0.5136 | Kendall@80: 0.3703
Epoch 135/150 | Train Loss: 0.0056 | Epoch Time: 0.37s | Spearman@80: 0.5130 | Kendall@80: 0.3684
Epoch 136/150 | Train Loss: 0.0095 | Epoch Time: 0.36s | Spearman@80: 0.5182 | Kendall@80: 0.3729
Epoch 137/150 | Train Loss: 0.0092 | Epoch Time: 0.36s | Spearman@80: 0.5173 | Kendall@80: 0.3697
Epoch 138/150 | Train Loss: 0.0055 | Epoch Time: 0.37s | Spearman@80: 0.5133 | Kendall@80: 0.3691
Epoch 139/150 | Train Loss: 0.0092 | Epoch Time: 0.37s | Spearman@80: 0.5131 | Kendall@80: 0.3672
Epoch 140/150 | Train Loss: 0.0081 | Epoch Time: 0.37s | Spearman@80: 0.5147 | Kendall@80: 0.3672
Epoch 141/150 | Train Loss: 0.0062 | Epoch Time: 0.37s | Spearman@80: 0.5177 | Kendall@80: 0.3672
Epoch 142/150 | Train Loss: 0.0095 | Epoch Time: 0.36s | Spearman@80: 0.5115 | Kendall@80: 0.3665
Epoch 143/150 | Train Loss: 0.0044 | Epoch Time: 0.37s | Spearman@80: 0.5169 | Kendall@80: 0.3703
Epoch 144/150 | Train Loss: 0.0072 | Epoch Time: 0.37s | Spearman@80: 0.5159 | Kendall@80: 0.3684
Epoch 145/150 | Train Loss: 0.0065 | Epoch Time: 0.37s | Spearman@80: 0.5154 | Kendall@80: 0.3703
Epoch 146/150 | Train Loss: 0.0080 | Epoch Time: 0.37s | Spearman@80: 0.5189 | Kendall@80: 0.3710
Epoch 147/150 | Train Loss: 0.0079 | Epoch Time: 1.03s | Spearman@4934: 0.5786 | Kendall@4934: 0.4077
Epoch 148/150 | Train Loss: 0.0086 | Epoch Time: 1.01s | Spearman@4934: 0.5779 | Kendall@4934: 0.4071
Epoch 149/150 | Train Loss: 0.0051 | Epoch Time: 1.02s | Spearman@4934: 0.5790 | Kendall@4934: 0.4080
Epoch 150/150 | Train Loss: 0.0049 | Epoch Time: 1.01s | Spearman@4934: 0.5787 | Kendall@4934: 0.4078
Sample Count: 64, Spearman: 0.5785441380595341, Kendall: 0.4076384249812055
{64: (0.5785441380595341, 0.4076384249812055),
 128: (0.6919383462670039, 0.5052190586791445)}
Epoch 1/150 | Train Loss: 0.0975 | Epoch Time: 0.72s | Spearman@80: 0.4518 | Kendall@80: 0.3031
Epoch 2/150 | Train Loss: 0.0817 | Epoch Time: 0.71s | Spearman@80: 0.4257 | Kendall@80: 0.2892
Epoch 3/150 | Train Loss: 0.0723 | Epoch Time: 0.72s | Spearman@80: 0.5564 | Kendall@80: 0.3892
Epoch 4/150 | Train Loss: 0.0696 | Epoch Time: 0.72s | Spearman@80: 0.6094 | Kendall@80: 0.4336
Epoch 5/150 | Train Loss: 0.0610 | Epoch Time: 0.71s | Spearman@80: 0.6406 | Kendall@80: 0.4576
Epoch 6/150 | Train Loss: 0.0604 | Epoch Time: 0.72s | Spearman@80: 0.6439 | Kendall@80: 0.4627
Epoch 7/150 | Train Loss: 0.0623 | Epoch Time: 0.73s | Spearman@80: 0.6846 | Kendall@80: 0.4994
Epoch 8/150 | Train Loss: 0.0568 | Epoch Time: 0.72s | Spearman@80: 0.6772 | Kendall@80: 0.4874
Epoch 9/150 | Train Loss: 0.0491 | Epoch Time: 0.71s | Spearman@80: 0.7030 | Kendall@80: 0.5159
Epoch 10/150 | Train Loss: 0.0557 | Epoch Time: 0.73s | Spearman@80: 0.7153 | Kendall@80: 0.5191
Epoch 11/150 | Train Loss: 0.0512 | Epoch Time: 0.73s | Spearman@80: 0.7077 | Kendall@80: 0.5108
Epoch 12/150 | Train Loss: 0.0505 | Epoch Time: 0.72s | Spearman@80: 0.7256 | Kendall@80: 0.5305
Epoch 13/150 | Train Loss: 0.0547 | Epoch Time: 0.71s | Spearman@80: 0.7013 | Kendall@80: 0.5127
Epoch 14/150 | Train Loss: 0.0461 | Epoch Time: 0.73s | Spearman@80: 0.7135 | Kendall@80: 0.5210
Epoch 15/150 | Train Loss: 0.0442 | Epoch Time: 0.72s | Spearman@80: 0.6896 | Kendall@80: 0.5045
Epoch 16/150 | Train Loss: 0.0510 | Epoch Time: 0.72s | Spearman@80: 0.6306 | Kendall@80: 0.4551
Epoch 17/150 | Train Loss: 0.0657 | Epoch Time: 0.74s | Spearman@80: 0.7048 | Kendall@80: 0.5089
Epoch 18/150 | Train Loss: 0.0509 | Epoch Time: 0.72s | Spearman@80: 0.7208 | Kendall@80: 0.5216
Epoch 19/150 | Train Loss: 0.0487 | Epoch Time: 0.71s | Spearman@80: 0.7240 | Kendall@80: 0.5260
Epoch 20/150 | Train Loss: 0.0524 | Epoch Time: 0.72s | Spearman@80: 0.7152 | Kendall@80: 0.5254
Epoch 21/150 | Train Loss: 0.0493 | Epoch Time: 0.72s | Spearman@80: 0.6960 | Kendall@80: 0.5115
Epoch 22/150 | Train Loss: 0.0390 | Epoch Time: 0.73s | Spearman@80: 0.6917 | Kendall@80: 0.5070
Epoch 23/150 | Train Loss: 0.0470 | Epoch Time: 0.72s | Spearman@80: 0.6910 | Kendall@80: 0.5020
Epoch 24/150 | Train Loss: 0.0384 | Epoch Time: 0.72s | Spearman@80: 0.7089 | Kendall@80: 0.5184
Epoch 25/150 | Train Loss: 0.0483 | Epoch Time: 0.73s | Spearman@80: 0.6903 | Kendall@80: 0.5045
Epoch 26/150 | Train Loss: 0.0528 | Epoch Time: 0.71s | Spearman@80: 0.7079 | Kendall@80: 0.5178
Epoch 27/150 | Train Loss: 0.0475 | Epoch Time: 0.73s | Spearman@80: 0.7117 | Kendall@80: 0.5241
Epoch 28/150 | Train Loss: 0.0379 | Epoch Time: 0.72s | Spearman@80: 0.7096 | Kendall@80: 0.5191
Epoch 29/150 | Train Loss: 0.0378 | Epoch Time: 0.73s | Spearman@80: 0.7008 | Kendall@80: 0.5159
Epoch 30/150 | Train Loss: 0.0427 | Epoch Time: 0.72s | Spearman@80: 0.7581 | Kendall@80: 0.5666
Epoch 31/150 | Train Loss: 0.0400 | Epoch Time: 0.72s | Spearman@80: 0.7650 | Kendall@80: 0.5691
Epoch 32/150 | Train Loss: 0.0409 | Epoch Time: 0.72s | Spearman@80: 0.7744 | Kendall@80: 0.5837
Epoch 33/150 | Train Loss: 0.0362 | Epoch Time: 0.73s | Spearman@80: 0.7428 | Kendall@80: 0.5508
Epoch 34/150 | Train Loss: 0.0356 | Epoch Time: 0.72s | Spearman@80: 0.7443 | Kendall@80: 0.5552
Epoch 35/150 | Train Loss: 0.0370 | Epoch Time: 0.72s | Spearman@80: 0.6424 | Kendall@80: 0.4811
Epoch 36/150 | Train Loss: 0.0376 | Epoch Time: 0.71s | Spearman@80: 0.6806 | Kendall@80: 0.5070
Epoch 37/150 | Train Loss: 0.0421 | Epoch Time: 0.71s | Spearman@80: 0.7043 | Kendall@80: 0.5153
Epoch 38/150 | Train Loss: 0.0344 | Epoch Time: 0.73s | Spearman@80: 0.7448 | Kendall@80: 0.5476
Epoch 39/150 | Train Loss: 0.0337 | Epoch Time: 0.73s | Spearman@80: 0.7389 | Kendall@80: 0.5489
Epoch 40/150 | Train Loss: 0.0293 | Epoch Time: 0.71s | Spearman@80: 0.7472 | Kendall@80: 0.5546
Epoch 41/150 | Train Loss: 0.0451 | Epoch Time: 0.72s | Spearman@80: 0.7380 | Kendall@80: 0.5476
Epoch 42/150 | Train Loss: 0.0366 | Epoch Time: 0.72s | Spearman@80: 0.7260 | Kendall@80: 0.5400
Epoch 43/150 | Train Loss: 0.0334 | Epoch Time: 0.71s | Spearman@80: 0.7200 | Kendall@80: 0.5394
Epoch 44/150 | Train Loss: 0.0302 | Epoch Time: 0.71s | Spearman@80: 0.6326 | Kendall@80: 0.4703
Epoch 45/150 | Train Loss: 0.0271 | Epoch Time: 0.73s | Spearman@80: 0.6764 | Kendall@80: 0.4912
Epoch 46/150 | Train Loss: 0.0320 | Epoch Time: 0.72s | Spearman@80: 0.7043 | Kendall@80: 0.5172
Epoch 47/150 | Train Loss: 0.0360 | Epoch Time: 0.73s | Spearman@80: 0.7785 | Kendall@80: 0.5805
Epoch 48/150 | Train Loss: 0.0329 | Epoch Time: 0.71s | Spearman@80: 0.7737 | Kendall@80: 0.5780
Epoch 49/150 | Train Loss: 0.0307 | Epoch Time: 0.72s | Spearman@80: 0.7576 | Kendall@80: 0.5571
Epoch 50/150 | Train Loss: 0.0309 | Epoch Time: 0.73s | Spearman@80: 0.7768 | Kendall@80: 0.5850
Epoch 51/150 | Train Loss: 0.0322 | Epoch Time: 0.72s | Spearman@80: 0.7716 | Kendall@80: 0.5850
Epoch 52/150 | Train Loss: 0.0267 | Epoch Time: 0.72s | Spearman@80: 0.7420 | Kendall@80: 0.5501
Epoch 53/150 | Train Loss: 0.0352 | Epoch Time: 0.72s | Spearman@80: 0.7258 | Kendall@80: 0.5286
Epoch 54/150 | Train Loss: 0.0319 | Epoch Time: 0.71s | Spearman@80: 0.7471 | Kendall@80: 0.5539
Epoch 55/150 | Train Loss: 0.0253 | Epoch Time: 0.72s | Spearman@80: 0.7600 | Kendall@80: 0.5685
Epoch 56/150 | Train Loss: 0.0232 | Epoch Time: 0.71s | Spearman@80: 0.7447 | Kendall@80: 0.5489
Epoch 57/150 | Train Loss: 0.0222 | Epoch Time: 0.73s | Spearman@80: 0.7352 | Kendall@80: 0.5463
Epoch 58/150 | Train Loss: 0.0231 | Epoch Time: 0.72s | Spearman@80: 0.7455 | Kendall@80: 0.5489
Epoch 59/150 | Train Loss: 0.0231 | Epoch Time: 0.72s | Spearman@80: 0.7345 | Kendall@80: 0.5470
Epoch 60/150 | Train Loss: 0.0242 | Epoch Time: 0.71s | Spearman@80: 0.7547 | Kendall@80: 0.5596
Epoch 61/150 | Train Loss: 0.0271 | Epoch Time: 0.73s | Spearman@80: 0.7050 | Kendall@80: 0.5146
Epoch 62/150 | Train Loss: 0.0328 | Epoch Time: 0.73s | Spearman@80: 0.7309 | Kendall@80: 0.5311
Epoch 63/150 | Train Loss: 0.0237 | Epoch Time: 0.73s | Spearman@80: 0.7594 | Kendall@80: 0.5577
Epoch 64/150 | Train Loss: 0.0315 | Epoch Time: 0.71s | Spearman@80: 0.7769 | Kendall@80: 0.5755
Epoch 65/150 | Train Loss: 0.0248 | Epoch Time: 0.73s | Spearman@80: 0.7697 | Kendall@80: 0.5698
Epoch 66/150 | Train Loss: 0.0243 | Epoch Time: 0.71s | Spearman@80: 0.7378 | Kendall@80: 0.5476
Epoch 67/150 | Train Loss: 0.0279 | Epoch Time: 0.73s | Spearman@80: 0.6983 | Kendall@80: 0.5127
Epoch 68/150 | Train Loss: 0.0259 | Epoch Time: 0.71s | Spearman@80: 0.7469 | Kendall@80: 0.5501
Epoch 69/150 | Train Loss: 0.0213 | Epoch Time: 0.73s | Spearman@80: 0.7524 | Kendall@80: 0.5558
Epoch 70/150 | Train Loss: 0.0251 | Epoch Time: 0.72s | Spearman@80: 0.7416 | Kendall@80: 0.5476
Epoch 71/150 | Train Loss: 0.0269 | Epoch Time: 0.71s | Spearman@80: 0.7521 | Kendall@80: 0.5495
Epoch 72/150 | Train Loss: 0.0226 | Epoch Time: 0.71s | Spearman@80: 0.7475 | Kendall@80: 0.5432
Epoch 73/150 | Train Loss: 0.0201 | Epoch Time: 0.72s | Spearman@80: 0.7471 | Kendall@80: 0.5489
Epoch 74/150 | Train Loss: 0.0202 | Epoch Time: 0.71s | Spearman@80: 0.7435 | Kendall@80: 0.5451
Epoch 75/150 | Train Loss: 0.0195 | Epoch Time: 0.71s | Spearman@80: 0.7190 | Kendall@80: 0.5305
Epoch 76/150 | Train Loss: 0.0238 | Epoch Time: 0.72s | Spearman@80: 0.7211 | Kendall@80: 0.5292
Epoch 77/150 | Train Loss: 0.0210 | Epoch Time: 0.71s | Spearman@80: 0.7635 | Kendall@80: 0.5609
Epoch 78/150 | Train Loss: 0.0215 | Epoch Time: 0.73s | Spearman@80: 0.7298 | Kendall@80: 0.5368
Epoch 79/150 | Train Loss: 0.0205 | Epoch Time: 0.71s | Spearman@80: 0.7473 | Kendall@80: 0.5584
Epoch 80/150 | Train Loss: 0.0193 | Epoch Time: 0.71s | Spearman@80: 0.7139 | Kendall@80: 0.5267
Epoch 81/150 | Train Loss: 0.0250 | Epoch Time: 0.73s | Spearman@80: 0.7355 | Kendall@80: 0.5337
Epoch 82/150 | Train Loss: 0.0244 | Epoch Time: 0.73s | Spearman@80: 0.7227 | Kendall@80: 0.5286
Epoch 83/150 | Train Loss: 0.0196 | Epoch Time: 0.72s | Spearman@80: 0.7359 | Kendall@80: 0.5387
Epoch 84/150 | Train Loss: 0.0201 | Epoch Time: 0.72s | Spearman@80: 0.7253 | Kendall@80: 0.5324
Epoch 85/150 | Train Loss: 0.0196 | Epoch Time: 0.72s | Spearman@80: 0.7394 | Kendall@80: 0.5451
Epoch 86/150 | Train Loss: 0.0157 | Epoch Time: 0.72s | Spearman@80: 0.7497 | Kendall@80: 0.5558
Epoch 87/150 | Train Loss: 0.0195 | Epoch Time: 0.73s | Spearman@80: 0.7623 | Kendall@80: 0.5590
Epoch 88/150 | Train Loss: 0.0199 | Epoch Time: 0.73s | Spearman@80: 0.7615 | Kendall@80: 0.5634
Epoch 89/150 | Train Loss: 0.0213 | Epoch Time: 0.72s | Spearman@80: 0.7549 | Kendall@80: 0.5660
Epoch 90/150 | Train Loss: 0.0210 | Epoch Time: 0.73s | Spearman@80: 0.7492 | Kendall@80: 0.5546
Epoch 91/150 | Train Loss: 0.0173 | Epoch Time: 0.73s | Spearman@80: 0.7478 | Kendall@80: 0.5584
Epoch 92/150 | Train Loss: 0.0197 | Epoch Time: 0.72s | Spearman@80: 0.7491 | Kendall@80: 0.5634
Epoch 93/150 | Train Loss: 0.0198 | Epoch Time: 0.72s | Spearman@80: 0.7461 | Kendall@80: 0.5571
Epoch 94/150 | Train Loss: 0.0185 | Epoch Time: 0.72s | Spearman@80: 0.7372 | Kendall@80: 0.5482
Epoch 95/150 | Train Loss: 0.0157 | Epoch Time: 0.72s | Spearman@80: 0.7638 | Kendall@80: 0.5748
Epoch 96/150 | Train Loss: 0.0161 | Epoch Time: 0.72s | Spearman@80: 0.7664 | Kendall@80: 0.5786
Epoch 97/150 | Train Loss: 0.0154 | Epoch Time: 0.72s | Spearman@80: 0.7638 | Kendall@80: 0.5736
Epoch 98/150 | Train Loss: 0.0169 | Epoch Time: 0.71s | Spearman@80: 0.7767 | Kendall@80: 0.5812
Epoch 99/150 | Train Loss: 0.0231 | Epoch Time: 0.73s | Spearman@80: 0.7748 | Kendall@80: 0.5818
Epoch 100/150 | Train Loss: 0.0153 | Epoch Time: 0.72s | Spearman@80: 0.7446 | Kendall@80: 0.5565
Epoch 101/150 | Train Loss: 0.0146 | Epoch Time: 0.72s | Spearman@80: 0.7543 | Kendall@80: 0.5647
Epoch 102/150 | Train Loss: 0.0136 | Epoch Time: 0.72s | Spearman@80: 0.7679 | Kendall@80: 0.5774
Epoch 103/150 | Train Loss: 0.0154 | Epoch Time: 0.73s | Spearman@80: 0.7671 | Kendall@80: 0.5780
Epoch 104/150 | Train Loss: 0.0136 | Epoch Time: 0.72s | Spearman@80: 0.7589 | Kendall@80: 0.5641
Epoch 105/150 | Train Loss: 0.0127 | Epoch Time: 0.74s | Spearman@80: 0.7630 | Kendall@80: 0.5748
Epoch 106/150 | Train Loss: 0.0194 | Epoch Time: 0.71s | Spearman@80: 0.7618 | Kendall@80: 0.5704
Epoch 107/150 | Train Loss: 0.0156 | Epoch Time: 0.72s | Spearman@80: 0.7358 | Kendall@80: 0.5470
Epoch 108/150 | Train Loss: 0.0151 | Epoch Time: 0.73s | Spearman@80: 0.7636 | Kendall@80: 0.5641
Epoch 109/150 | Train Loss: 0.0139 | Epoch Time: 0.72s | Spearman@80: 0.7619 | Kendall@80: 0.5660
Epoch 110/150 | Train Loss: 0.0132 | Epoch Time: 0.73s | Spearman@80: 0.7554 | Kendall@80: 0.5672
Epoch 111/150 | Train Loss: 0.0131 | Epoch Time: 0.72s | Spearman@80: 0.7704 | Kendall@80: 0.5755
Epoch 112/150 | Train Loss: 0.0099 | Epoch Time: 0.73s | Spearman@80: 0.7566 | Kendall@80: 0.5603
Epoch 113/150 | Train Loss: 0.0159 | Epoch Time: 0.72s | Spearman@80: 0.7615 | Kendall@80: 0.5685
Epoch 114/150 | Train Loss: 0.0117 | Epoch Time: 0.73s | Spearman@80: 0.7615 | Kendall@80: 0.5634
Epoch 115/150 | Train Loss: 0.0137 | Epoch Time: 0.71s | Spearman@80: 0.7402 | Kendall@80: 0.5527
Epoch 116/150 | Train Loss: 0.0124 | Epoch Time: 0.72s | Spearman@80: 0.7599 | Kendall@80: 0.5647
Epoch 117/150 | Train Loss: 0.0154 | Epoch Time: 0.72s | Spearman@80: 0.7635 | Kendall@80: 0.5736
Epoch 118/150 | Train Loss: 0.0133 | Epoch Time: 0.73s | Spearman@80: 0.7530 | Kendall@80: 0.5628
Epoch 119/150 | Train Loss: 0.0143 | Epoch Time: 0.72s | Spearman@80: 0.7581 | Kendall@80: 0.5672
Epoch 120/150 | Train Loss: 0.0134 | Epoch Time: 0.73s | Spearman@80: 0.7608 | Kendall@80: 0.5666
Epoch 121/150 | Train Loss: 0.0119 | Epoch Time: 0.73s | Spearman@80: 0.7557 | Kendall@80: 0.5615
Epoch 122/150 | Train Loss: 0.0110 | Epoch Time: 0.73s | Spearman@80: 0.7622 | Kendall@80: 0.5717
Epoch 123/150 | Train Loss: 0.0100 | Epoch Time: 0.73s | Spearman@80: 0.7607 | Kendall@80: 0.5698
Epoch 124/150 | Train Loss: 0.0100 | Epoch Time: 0.72s | Spearman@80: 0.7576 | Kendall@80: 0.5672
Epoch 125/150 | Train Loss: 0.0127 | Epoch Time: 0.73s | Spearman@80: 0.7579 | Kendall@80: 0.5672
Epoch 126/150 | Train Loss: 0.0099 | Epoch Time: 0.73s | Spearman@80: 0.7609 | Kendall@80: 0.5717
Epoch 127/150 | Train Loss: 0.0148 | Epoch Time: 0.73s | Spearman@80: 0.7648 | Kendall@80: 0.5755
Epoch 128/150 | Train Loss: 0.0125 | Epoch Time: 0.71s | Spearman@80: 0.7681 | Kendall@80: 0.5755
Epoch 129/150 | Train Loss: 0.0109 | Epoch Time: 0.73s | Spearman@80: 0.7685 | Kendall@80: 0.5767
Epoch 130/150 | Train Loss: 0.0102 | Epoch Time: 0.72s | Spearman@80: 0.7662 | Kendall@80: 0.5761
Epoch 131/150 | Train Loss: 0.0113 | Epoch Time: 0.73s | Spearman@80: 0.7718 | Kendall@80: 0.5793
Epoch 132/150 | Train Loss: 0.0149 | Epoch Time: 0.72s | Spearman@80: 0.7662 | Kendall@80: 0.5767
Epoch 133/150 | Train Loss: 0.0119 | Epoch Time: 0.71s | Spearman@80: 0.7673 | Kendall@80: 0.5767
Epoch 134/150 | Train Loss: 0.0110 | Epoch Time: 0.72s | Spearman@80: 0.7652 | Kendall@80: 0.5742
Epoch 135/150 | Train Loss: 0.0109 | Epoch Time: 0.72s | Spearman@80: 0.7637 | Kendall@80: 0.5704
Epoch 136/150 | Train Loss: 0.0085 | Epoch Time: 0.72s | Spearman@80: 0.7632 | Kendall@80: 0.5729
Epoch 137/150 | Train Loss: 0.0105 | Epoch Time: 0.71s | Spearman@80: 0.7698 | Kendall@80: 0.5793
Epoch 138/150 | Train Loss: 0.0099 | Epoch Time: 0.73s | Spearman@80: 0.7679 | Kendall@80: 0.5786
Epoch 139/150 | Train Loss: 0.0113 | Epoch Time: 0.72s | Spearman@80: 0.7649 | Kendall@80: 0.5736
Epoch 140/150 | Train Loss: 0.0116 | Epoch Time: 0.72s | Spearman@80: 0.7679 | Kendall@80: 0.5767
Epoch 141/150 | Train Loss: 0.0121 | Epoch Time: 0.71s | Spearman@80: 0.7664 | Kendall@80: 0.5736
Epoch 142/150 | Train Loss: 0.0102 | Epoch Time: 0.72s | Spearman@80: 0.7616 | Kendall@80: 0.5704
Epoch 143/150 | Train Loss: 0.0095 | Epoch Time: 0.72s | Spearman@80: 0.7670 | Kendall@80: 0.5774
Epoch 144/150 | Train Loss: 0.0119 | Epoch Time: 0.72s | Spearman@80: 0.7570 | Kendall@80: 0.5634
Epoch 145/150 | Train Loss: 0.0077 | Epoch Time: 0.73s | Spearman@80: 0.7637 | Kendall@80: 0.5710
Epoch 146/150 | Train Loss: 0.0114 | Epoch Time: 0.72s | Spearman@80: 0.7651 | Kendall@80: 0.5761
Epoch 147/150 | Train Loss: 0.0148 | Epoch Time: 1.37s | Spearman@4870: 0.7126 | Kendall@4870: 0.5225
Epoch 148/150 | Train Loss: 0.0078 | Epoch Time: 1.36s | Spearman@4870: 0.7131 | Kendall@4870: 0.5229
Epoch 149/150 | Train Loss: 0.0137 | Epoch Time: 1.36s | Spearman@4870: 0.7127 | Kendall@4870: 0.5226
Epoch 150/150 | Train Loss: 0.0095 | Epoch Time: 1.38s | Spearman@4870: 0.7132 | Kendall@4870: 0.5232
Sample Count: 128, Spearman: 0.712908083491366, Kendall: 0.5227922021690199
{64: (0.5785441380595341, 0.4076384249812055),
 128: (0.712908083491366, 0.5227922021690199)}
Average KDT:  0.30001774838275597
Variance KDT:  0.005897070810691339
Average SPR:  0.4336692209916449
Variance SPR:  0.01071809964364792
Average KDT:  0.46842179542514195
Variance KDT:  0.004207241255107179
Average SPR:  0.6486314298619305
Variance SPR:  0.0058604005838948465
