normalizing task:  Amoeba.json
normalizing task:  PNAS_fix-w-d.json
normalizing task:  ENAS_fix-w-d.json
normalizing task:  NASNet.json
normalizing task:  DARTS.json
normalizing task:  ENAS.json
normalizing task:  PNAS.json
normalizing task:  DARTS_lr-wd.json
normalizing task:  DARTS_fix-w-d.json
Epoch 1/150 | Train Loss: 0.1012 | Epoch Time: 0.84s | Spearman@80: 0.2506 | Kendall@80: 0.1752
Epoch 2/150 | Train Loss: 0.0946 | Epoch Time: 0.39s | Spearman@80: 0.1676 | Kendall@80: 0.1169
Epoch 3/150 | Train Loss: 0.0787 | Epoch Time: 0.40s | Spearman@80: 0.2309 | Kendall@80: 0.1600
Epoch 4/150 | Train Loss: 0.0876 | Epoch Time: 0.41s | Spearman@80: 0.2840 | Kendall@80: 0.1905
Epoch 5/150 | Train Loss: 0.0820 | Epoch Time: 0.39s | Spearman@80: -0.0369 | Kendall@80: -0.0320
Epoch 6/150 | Train Loss: 0.0796 | Epoch Time: 0.40s | Spearman@80: 0.1984 | Kendall@80: 0.1322
Epoch 7/150 | Train Loss: 0.0649 | Epoch Time: 0.41s | Spearman@80: 0.1453 | Kendall@80: 0.1043
Epoch 8/150 | Train Loss: 0.0728 | Epoch Time: 0.41s | Spearman@80: 0.1607 | Kendall@80: 0.1163
Epoch 9/150 | Train Loss: 0.0665 | Epoch Time: 0.39s | Spearman@80: 0.0935 | Kendall@80: 0.0599
Epoch 10/150 | Train Loss: 0.0674 | Epoch Time: 0.39s | Spearman@80: 0.0914 | Kendall@80: 0.0561
Epoch 11/150 | Train Loss: 0.0621 | Epoch Time: 0.41s | Spearman@80: 0.2206 | Kendall@80: 0.1613
Epoch 12/150 | Train Loss: 0.0764 | Epoch Time: 0.40s | Spearman@80: 0.2098 | Kendall@80: 0.1448
Epoch 13/150 | Train Loss: 0.0630 | Epoch Time: 0.41s | Spearman@80: 0.1577 | Kendall@80: 0.1074
Epoch 14/150 | Train Loss: 0.0673 | Epoch Time: 0.40s | Spearman@80: 0.1736 | Kendall@80: 0.1220
Epoch 15/150 | Train Loss: 0.0620 | Epoch Time: 0.40s | Spearman@80: 0.1512 | Kendall@80: 0.1087
Epoch 16/150 | Train Loss: 0.0579 | Epoch Time: 0.42s | Spearman@80: 0.0796 | Kendall@80: 0.0517
Epoch 17/150 | Train Loss: 0.0684 | Epoch Time: 0.42s | Spearman@80: 0.2008 | Kendall@80: 0.1423
Epoch 18/150 | Train Loss: 0.0563 | Epoch Time: 0.41s | Spearman@80: 0.2422 | Kendall@80: 0.1638
Epoch 19/150 | Train Loss: 0.0534 | Epoch Time: 0.39s | Spearman@80: 0.2203 | Kendall@80: 0.1550
Epoch 20/150 | Train Loss: 0.0541 | Epoch Time: 0.39s | Spearman@80: 0.1963 | Kendall@80: 0.1347
Epoch 21/150 | Train Loss: 0.0550 | Epoch Time: 0.40s | Spearman@80: 0.2564 | Kendall@80: 0.1810
Epoch 22/150 | Train Loss: 0.0534 | Epoch Time: 0.41s | Spearman@80: 0.2870 | Kendall@80: 0.2012
Epoch 23/150 | Train Loss: 0.0448 | Epoch Time: 0.41s | Spearman@80: 0.2666 | Kendall@80: 0.1841
Epoch 24/150 | Train Loss: 0.0570 | Epoch Time: 0.42s | Spearman@80: 0.2810 | Kendall@80: 0.1873
Epoch 25/150 | Train Loss: 0.0678 | Epoch Time: 0.39s | Spearman@80: 0.2212 | Kendall@80: 0.1581
Epoch 26/150 | Train Loss: 0.0545 | Epoch Time: 0.42s | Spearman@80: 0.2769 | Kendall@80: 0.1816
Epoch 27/150 | Train Loss: 0.0517 | Epoch Time: 0.42s | Spearman@80: 0.1822 | Kendall@80: 0.1258
Epoch 28/150 | Train Loss: 0.0461 | Epoch Time: 0.41s | Spearman@80: 0.2582 | Kendall@80: 0.1797
Epoch 29/150 | Train Loss: 0.0502 | Epoch Time: 0.41s | Spearman@80: 0.2587 | Kendall@80: 0.1721
Epoch 30/150 | Train Loss: 0.0503 | Epoch Time: 0.42s | Spearman@80: 0.2108 | Kendall@80: 0.1455
Epoch 31/150 | Train Loss: 0.0481 | Epoch Time: 0.42s | Spearman@80: 0.2156 | Kendall@80: 0.1423
Epoch 32/150 | Train Loss: 0.0381 | Epoch Time: 0.40s | Spearman@80: 0.2733 | Kendall@80: 0.1867
Epoch 33/150 | Train Loss: 0.0420 | Epoch Time: 0.40s | Spearman@80: 0.2614 | Kendall@80: 0.1752
Epoch 34/150 | Train Loss: 0.0452 | Epoch Time: 0.41s | Spearman@80: 0.2705 | Kendall@80: 0.1810
Epoch 35/150 | Train Loss: 0.0501 | Epoch Time: 0.41s | Spearman@80: 0.2669 | Kendall@80: 0.1784
Epoch 36/150 | Train Loss: 0.0417 | Epoch Time: 0.40s | Spearman@80: 0.2324 | Kendall@80: 0.1626
Epoch 37/150 | Train Loss: 0.0423 | Epoch Time: 0.39s | Spearman@80: 0.3472 | Kendall@80: 0.2355
Epoch 38/150 | Train Loss: 0.0406 | Epoch Time: 0.39s | Spearman@80: 0.2878 | Kendall@80: 0.1987
Epoch 39/150 | Train Loss: 0.0331 | Epoch Time: 0.41s | Spearman@80: 0.2909 | Kendall@80: 0.1949
Epoch 40/150 | Train Loss: 0.0369 | Epoch Time: 0.41s | Spearman@80: 0.3193 | Kendall@80: 0.2203
Epoch 41/150 | Train Loss: 0.0379 | Epoch Time: 0.39s | Spearman@80: 0.1049 | Kendall@80: 0.0802
Epoch 42/150 | Train Loss: 0.0493 | Epoch Time: 0.40s | Spearman@80: 0.2596 | Kendall@80: 0.1772
Epoch 43/150 | Train Loss: 0.0451 | Epoch Time: 0.41s | Spearman@80: 0.2465 | Kendall@80: 0.1746
Epoch 44/150 | Train Loss: 0.0377 | Epoch Time: 0.41s | Spearman@80: 0.2451 | Kendall@80: 0.1651
Epoch 45/150 | Train Loss: 0.0451 | Epoch Time: 0.39s | Spearman@80: 0.2740 | Kendall@80: 0.1860
Epoch 46/150 | Train Loss: 0.0354 | Epoch Time: 0.41s | Spearman@80: 0.2080 | Kendall@80: 0.1372
Epoch 47/150 | Train Loss: 0.0373 | Epoch Time: 0.40s | Spearman@80: 0.2718 | Kendall@80: 0.1930
Epoch 48/150 | Train Loss: 0.0405 | Epoch Time: 0.40s | Spearman@80: 0.3100 | Kendall@80: 0.2076
Epoch 49/150 | Train Loss: 0.0405 | Epoch Time: 0.40s | Spearman@80: 0.2791 | Kendall@80: 0.1987
Epoch 50/150 | Train Loss: 0.0346 | Epoch Time: 0.40s | Spearman@80: 0.2168 | Kendall@80: 0.1531
Epoch 51/150 | Train Loss: 0.0332 | Epoch Time: 0.39s | Spearman@80: 0.2412 | Kendall@80: 0.1626
Epoch 52/150 | Train Loss: 0.0311 | Epoch Time: 0.41s | Spearman@80: 0.2844 | Kendall@80: 0.2012
Epoch 53/150 | Train Loss: 0.0266 | Epoch Time: 0.39s | Spearman@80: 0.3346 | Kendall@80: 0.2374
Epoch 54/150 | Train Loss: 0.0329 | Epoch Time: 0.40s | Spearman@80: 0.2222 | Kendall@80: 0.1588
Epoch 55/150 | Train Loss: 0.0280 | Epoch Time: 0.38s | Spearman@80: 0.3263 | Kendall@80: 0.2272
Epoch 56/150 | Train Loss: 0.0300 | Epoch Time: 0.40s | Spearman@80: 0.2634 | Kendall@80: 0.1841
Epoch 57/150 | Train Loss: 0.0393 | Epoch Time: 0.40s | Spearman@80: 0.3601 | Kendall@80: 0.2367
Epoch 58/150 | Train Loss: 0.0338 | Epoch Time: 0.39s | Spearman@80: 0.3617 | Kendall@80: 0.2602
Epoch 59/150 | Train Loss: 0.0380 | Epoch Time: 0.39s | Spearman@80: 0.2661 | Kendall@80: 0.1974
Epoch 60/150 | Train Loss: 0.0449 | Epoch Time: 0.41s | Spearman@80: 0.3406 | Kendall@80: 0.2317
Epoch 61/150 | Train Loss: 0.0318 | Epoch Time: 0.39s | Spearman@80: 0.1789 | Kendall@80: 0.1290
Epoch 62/150 | Train Loss: 0.0340 | Epoch Time: 0.41s | Spearman@80: 0.2495 | Kendall@80: 0.1740
Epoch 63/150 | Train Loss: 0.0330 | Epoch Time: 0.42s | Spearman@80: 0.2740 | Kendall@80: 0.1905
Epoch 64/150 | Train Loss: 0.0365 | Epoch Time: 0.38s | Spearman@80: 0.2630 | Kendall@80: 0.1917
Epoch 65/150 | Train Loss: 0.0267 | Epoch Time: 0.39s | Spearman@80: 0.3112 | Kendall@80: 0.2114
Epoch 66/150 | Train Loss: 0.0261 | Epoch Time: 0.40s | Spearman@80: 0.1878 | Kendall@80: 0.1315
Epoch 67/150 | Train Loss: 0.0307 | Epoch Time: 0.40s | Spearman@80: 0.2917 | Kendall@80: 0.2095
Epoch 68/150 | Train Loss: 0.0220 | Epoch Time: 0.40s | Spearman@80: 0.2660 | Kendall@80: 0.1867
Epoch 69/150 | Train Loss: 0.0240 | Epoch Time: 0.41s | Spearman@80: 0.2217 | Kendall@80: 0.1581
Epoch 70/150 | Train Loss: 0.0230 | Epoch Time: 0.39s | Spearman@80: 0.3577 | Kendall@80: 0.2424
Epoch 71/150 | Train Loss: 0.0352 | Epoch Time: 0.40s | Spearman@80: 0.2032 | Kendall@80: 0.1372
Epoch 72/150 | Train Loss: 0.0355 | Epoch Time: 0.39s | Spearman@80: 0.2193 | Kendall@80: 0.1486
Epoch 73/150 | Train Loss: 0.0304 | Epoch Time: 0.40s | Spearman@80: 0.3088 | Kendall@80: 0.2050
Epoch 74/150 | Train Loss: 0.0235 | Epoch Time: 0.40s | Spearman@80: 0.2268 | Kendall@80: 0.1556
Epoch 75/150 | Train Loss: 0.0200 | Epoch Time: 0.39s | Spearman@80: 0.2826 | Kendall@80: 0.2050
Epoch 76/150 | Train Loss: 0.0271 | Epoch Time: 0.39s | Spearman@80: 0.2199 | Kendall@80: 0.1537
Epoch 77/150 | Train Loss: 0.0341 | Epoch Time: 0.39s | Spearman@80: 0.3083 | Kendall@80: 0.2095
Epoch 78/150 | Train Loss: 0.0288 | Epoch Time: 0.41s | Spearman@80: 0.1598 | Kendall@80: 0.1106
Epoch 79/150 | Train Loss: 0.0236 | Epoch Time: 0.41s | Spearman@80: 0.2963 | Kendall@80: 0.2025
Epoch 80/150 | Train Loss: 0.0304 | Epoch Time: 0.40s | Spearman@80: 0.2093 | Kendall@80: 0.1499
Epoch 81/150 | Train Loss: 0.0245 | Epoch Time: 0.40s | Spearman@80: 0.2924 | Kendall@80: 0.1987
Epoch 82/150 | Train Loss: 0.0252 | Epoch Time: 0.42s | Spearman@80: 0.2486 | Kendall@80: 0.1689
Epoch 83/150 | Train Loss: 0.0205 | Epoch Time: 0.41s | Spearman@80: 0.1551 | Kendall@80: 0.1093
Epoch 84/150 | Train Loss: 0.0232 | Epoch Time: 0.40s | Spearman@80: 0.2580 | Kendall@80: 0.1816
Epoch 85/150 | Train Loss: 0.0359 | Epoch Time: 0.40s | Spearman@80: 0.2641 | Kendall@80: 0.1752
Epoch 86/150 | Train Loss: 0.0247 | Epoch Time: 0.41s | Spearman@80: 0.1647 | Kendall@80: 0.1087
Epoch 87/150 | Train Loss: 0.0253 | Epoch Time: 0.40s | Spearman@80: 0.2079 | Kendall@80: 0.1486
Epoch 88/150 | Train Loss: 0.0270 | Epoch Time: 0.41s | Spearman@80: 0.2105 | Kendall@80: 0.1436
Epoch 89/150 | Train Loss: 0.0193 | Epoch Time: 0.41s | Spearman@80: 0.2126 | Kendall@80: 0.1461
Epoch 90/150 | Train Loss: 0.0259 | Epoch Time: 0.39s | Spearman@80: 0.1952 | Kendall@80: 0.1366
Epoch 91/150 | Train Loss: 0.0237 | Epoch Time: 0.38s | Spearman@80: 0.2847 | Kendall@80: 0.1962
Epoch 92/150 | Train Loss: 0.0222 | Epoch Time: 0.39s | Spearman@80: 0.2408 | Kendall@80: 0.1657
Epoch 93/150 | Train Loss: 0.0222 | Epoch Time: 0.40s | Spearman@80: 0.2090 | Kendall@80: 0.1493
Epoch 94/150 | Train Loss: 0.0151 | Epoch Time: 0.40s | Spearman@80: 0.2028 | Kendall@80: 0.1474
Epoch 95/150 | Train Loss: 0.0196 | Epoch Time: 0.41s | Spearman@80: 0.2726 | Kendall@80: 0.1898
Epoch 96/150 | Train Loss: 0.0200 | Epoch Time: 0.40s | Spearman@80: 0.2411 | Kendall@80: 0.1752
Epoch 97/150 | Train Loss: 0.0156 | Epoch Time: 0.39s | Spearman@80: 0.1691 | Kendall@80: 0.1188
Epoch 98/150 | Train Loss: 0.0157 | Epoch Time: 0.39s | Spearman@80: 0.2455 | Kendall@80: 0.1746
Epoch 99/150 | Train Loss: 0.0181 | Epoch Time: 0.40s | Spearman@80: 0.2643 | Kendall@80: 0.1803
Epoch 100/150 | Train Loss: 0.0129 | Epoch Time: 0.39s | Spearman@80: 0.2101 | Kendall@80: 0.1493
Epoch 101/150 | Train Loss: 0.0261 | Epoch Time: 0.39s | Spearman@80: 0.2149 | Kendall@80: 0.1607
Epoch 102/150 | Train Loss: 0.0215 | Epoch Time: 0.42s | Spearman@80: 0.2846 | Kendall@80: 0.2019
Epoch 103/150 | Train Loss: 0.0162 | Epoch Time: 0.40s | Spearman@80: 0.2300 | Kendall@80: 0.1607
Epoch 104/150 | Train Loss: 0.0218 | Epoch Time: 0.40s | Spearman@80: 0.2566 | Kendall@80: 0.1778
Epoch 105/150 | Train Loss: 0.0156 | Epoch Time: 0.40s | Spearman@80: 0.2459 | Kendall@80: 0.1740
Epoch 106/150 | Train Loss: 0.0187 | Epoch Time: 0.37s | Spearman@80: 0.2103 | Kendall@80: 0.1467
Epoch 107/150 | Train Loss: 0.0185 | Epoch Time: 0.39s | Spearman@80: 0.1827 | Kendall@80: 0.1309
Epoch 108/150 | Train Loss: 0.0202 | Epoch Time: 0.40s | Spearman@80: 0.2305 | Kendall@80: 0.1651
Epoch 109/150 | Train Loss: 0.0154 | Epoch Time: 0.38s | Spearman@80: 0.2220 | Kendall@80: 0.1613
Epoch 110/150 | Train Loss: 0.0158 | Epoch Time: 0.40s | Spearman@80: 0.2008 | Kendall@80: 0.1379
Epoch 111/150 | Train Loss: 0.0133 | Epoch Time: 0.40s | Spearman@80: 0.2186 | Kendall@80: 0.1607
Epoch 112/150 | Train Loss: 0.0171 | Epoch Time: 0.39s | Spearman@80: 0.2353 | Kendall@80: 0.1670
Epoch 113/150 | Train Loss: 0.0126 | Epoch Time: 0.39s | Spearman@80: 0.2149 | Kendall@80: 0.1474
Epoch 114/150 | Train Loss: 0.0094 | Epoch Time: 0.40s | Spearman@80: 0.2202 | Kendall@80: 0.1512
Epoch 115/150 | Train Loss: 0.0114 | Epoch Time: 0.39s | Spearman@80: 0.2121 | Kendall@80: 0.1474
Epoch 116/150 | Train Loss: 0.0133 | Epoch Time: 0.40s | Spearman@80: 0.2311 | Kendall@80: 0.1651
Epoch 117/150 | Train Loss: 0.0183 | Epoch Time: 0.40s | Spearman@80: 0.2158 | Kendall@80: 0.1537
Epoch 118/150 | Train Loss: 0.0169 | Epoch Time: 0.40s | Spearman@80: 0.2130 | Kendall@80: 0.1505
Epoch 119/150 | Train Loss: 0.0130 | Epoch Time: 0.39s | Spearman@80: 0.2331 | Kendall@80: 0.1657
Epoch 120/150 | Train Loss: 0.0149 | Epoch Time: 0.39s | Spearman@80: 0.2259 | Kendall@80: 0.1581
Epoch 121/150 | Train Loss: 0.0209 | Epoch Time: 0.38s | Spearman@80: 0.2426 | Kendall@80: 0.1683
Epoch 122/150 | Train Loss: 0.0096 | Epoch Time: 0.41s | Spearman@80: 0.2568 | Kendall@80: 0.1765
Epoch 123/150 | Train Loss: 0.0109 | Epoch Time: 0.41s | Spearman@80: 0.2060 | Kendall@80: 0.1417
Epoch 124/150 | Train Loss: 0.0092 | Epoch Time: 0.39s | Spearman@80: 0.2079 | Kendall@80: 0.1410
Epoch 125/150 | Train Loss: 0.0078 | Epoch Time: 0.41s | Spearman@80: 0.2244 | Kendall@80: 0.1556
Epoch 126/150 | Train Loss: 0.0157 | Epoch Time: 0.40s | Spearman@80: 0.2248 | Kendall@80: 0.1550
Epoch 127/150 | Train Loss: 0.0153 | Epoch Time: 0.40s | Spearman@80: 0.1859 | Kendall@80: 0.1296
Epoch 128/150 | Train Loss: 0.0115 | Epoch Time: 0.39s | Spearman@80: 0.1932 | Kendall@80: 0.1347
Epoch 129/150 | Train Loss: 0.0098 | Epoch Time: 0.41s | Spearman@80: 0.2070 | Kendall@80: 0.1417
Epoch 130/150 | Train Loss: 0.0122 | Epoch Time: 0.41s | Spearman@80: 0.2074 | Kendall@80: 0.1423
Epoch 131/150 | Train Loss: 0.0088 | Epoch Time: 0.37s | Spearman@80: 0.1936 | Kendall@80: 0.1315
Epoch 132/150 | Train Loss: 0.0162 | Epoch Time: 0.38s | Spearman@80: 0.1978 | Kendall@80: 0.1347
Epoch 133/150 | Train Loss: 0.0158 | Epoch Time: 0.39s | Spearman@80: 0.2043 | Kendall@80: 0.1391
Epoch 134/150 | Train Loss: 0.0108 | Epoch Time: 0.37s | Spearman@80: 0.2057 | Kendall@80: 0.1410
Epoch 135/150 | Train Loss: 0.0118 | Epoch Time: 0.40s | Spearman@80: 0.2036 | Kendall@80: 0.1391
Epoch 136/150 | Train Loss: 0.0113 | Epoch Time: 0.37s | Spearman@80: 0.2019 | Kendall@80: 0.1372
Epoch 137/150 | Train Loss: 0.0136 | Epoch Time: 0.39s | Spearman@80: 0.2073 | Kendall@80: 0.1429
Epoch 138/150 | Train Loss: 0.0082 | Epoch Time: 0.39s | Spearman@80: 0.2113 | Kendall@80: 0.1448
Epoch 139/150 | Train Loss: 0.0132 | Epoch Time: 0.39s | Spearman@80: 0.2100 | Kendall@80: 0.1448
Epoch 140/150 | Train Loss: 0.0108 | Epoch Time: 0.40s | Spearman@80: 0.2070 | Kendall@80: 0.1429
Epoch 141/150 | Train Loss: 0.0133 | Epoch Time: 0.39s | Spearman@80: 0.2067 | Kendall@80: 0.1423
Epoch 142/150 | Train Loss: 0.0107 | Epoch Time: 0.38s | Spearman@80: 0.2040 | Kendall@80: 0.1385
Epoch 143/150 | Train Loss: 0.0080 | Epoch Time: 0.39s | Spearman@80: 0.2058 | Kendall@80: 0.1398
Epoch 144/150 | Train Loss: 0.0098 | Epoch Time: 0.37s | Spearman@80: 0.2094 | Kendall@80: 0.1442
Epoch 145/150 | Train Loss: 0.0098 | Epoch Time: 0.40s | Spearman@80: 0.2077 | Kendall@80: 0.1423
Epoch 146/150 | Train Loss: 0.0149 | Epoch Time: 0.40s | Spearman@80: 0.2089 | Kendall@80: 0.1429
Epoch 147/150 | Train Loss: 0.0083 | Epoch Time: 1.14s | Spearman@4934: 0.5053 | Kendall@4934: 0.3507
Epoch 148/150 | Train Loss: 0.0103 | Epoch Time: 1.13s | Spearman@4934: 0.5053 | Kendall@4934: 0.3507
Epoch 149/150 | Train Loss: 0.0106 | Epoch Time: 1.10s | Spearman@4934: 0.5052 | Kendall@4934: 0.3506
Epoch 150/150 | Train Loss: 0.0134 | Epoch Time: 1.11s | Spearman@4934: 0.5051 | Kendall@4934: 0.3506
Sample Count: 64, Spearman: 0.5052187326634634, Kendall: 0.35066927159268285
{64: (0.5052187326634634, 0.35066927159268285)}
Epoch 1/150 | Train Loss: 0.1006 | Epoch Time: 0.78s | Spearman@80: 0.4055 | Kendall@80: 0.2808
Epoch 2/150 | Train Loss: 0.0982 | Epoch Time: 0.78s | Spearman@80: 0.3036 | Kendall@80: 0.1990
Epoch 3/150 | Train Loss: 0.0955 | Epoch Time: 0.78s | Spearman@80: 0.2679 | Kendall@80: 0.1743
Epoch 4/150 | Train Loss: 0.0906 | Epoch Time: 0.78s | Spearman@80: 0.3569 | Kendall@80: 0.2453
Epoch 5/150 | Train Loss: 0.0801 | Epoch Time: 0.79s | Spearman@80: 0.3985 | Kendall@80: 0.2834
Epoch 6/150 | Train Loss: 0.0781 | Epoch Time: 0.80s | Spearman@80: 0.4408 | Kendall@80: 0.3119
Epoch 7/150 | Train Loss: 0.0692 | Epoch Time: 0.84s | Spearman@80: 0.5118 | Kendall@80: 0.3765
Epoch 8/150 | Train Loss: 0.0660 | Epoch Time: 0.82s | Spearman@80: 0.5086 | Kendall@80: 0.3594
Epoch 9/150 | Train Loss: 0.0733 | Epoch Time: 0.83s | Spearman@80: 0.4954 | Kendall@80: 0.3607
Epoch 10/150 | Train Loss: 0.0700 | Epoch Time: 0.83s | Spearman@80: 0.5859 | Kendall@80: 0.4323
Epoch 11/150 | Train Loss: 0.0728 | Epoch Time: 0.83s | Spearman@80: 0.4891 | Kendall@80: 0.3575
Epoch 12/150 | Train Loss: 0.0697 | Epoch Time: 0.83s | Spearman@80: 0.5388 | Kendall@80: 0.4006
Epoch 13/150 | Train Loss: 0.0631 | Epoch Time: 0.84s | Spearman@80: 0.5063 | Kendall@80: 0.3651
Epoch 14/150 | Train Loss: 0.0684 | Epoch Time: 0.83s | Spearman@80: 0.5331 | Kendall@80: 0.4000
Epoch 15/150 | Train Loss: 0.0679 | Epoch Time: 0.82s | Spearman@80: 0.5261 | Kendall@80: 0.3905
Epoch 16/150 | Train Loss: 0.0625 | Epoch Time: 0.83s | Spearman@80: 0.5474 | Kendall@80: 0.4038
Epoch 17/150 | Train Loss: 0.0642 | Epoch Time: 0.82s | Spearman@80: 0.5589 | Kendall@80: 0.4139
Epoch 18/150 | Train Loss: 0.0615 | Epoch Time: 0.84s | Spearman@80: 0.5310 | Kendall@80: 0.3918
Epoch 19/150 | Train Loss: 0.0647 | Epoch Time: 0.83s | Spearman@80: 0.5375 | Kendall@80: 0.3867
Epoch 20/150 | Train Loss: 0.0569 | Epoch Time: 0.83s | Spearman@80: 0.4142 | Kendall@80: 0.2960
Epoch 21/150 | Train Loss: 0.0705 | Epoch Time: 0.84s | Spearman@80: 0.5049 | Kendall@80: 0.3861
Epoch 22/150 | Train Loss: 0.0680 | Epoch Time: 0.79s | Spearman@80: 0.5826 | Kendall@80: 0.4273
Epoch 23/150 | Train Loss: 0.0644 | Epoch Time: 0.80s | Spearman@80: 0.5565 | Kendall@80: 0.4057
Epoch 24/150 | Train Loss: 0.0689 | Epoch Time: 0.79s | Spearman@80: 0.5097 | Kendall@80: 0.3816
Epoch 25/150 | Train Loss: 0.0587 | Epoch Time: 0.81s | Spearman@80: 0.5387 | Kendall@80: 0.3962
Epoch 26/150 | Train Loss: 0.0613 | Epoch Time: 0.81s | Spearman@80: 0.5552 | Kendall@80: 0.4076
Epoch 27/150 | Train Loss: 0.0549 | Epoch Time: 0.81s | Spearman@80: 0.5455 | Kendall@80: 0.4013
Epoch 28/150 | Train Loss: 0.0584 | Epoch Time: 0.80s | Spearman@80: 0.5440 | Kendall@80: 0.4044
Epoch 29/150 | Train Loss: 0.0577 | Epoch Time: 0.81s | Spearman@80: 0.5477 | Kendall@80: 0.4044
Epoch 30/150 | Train Loss: 0.0646 | Epoch Time: 0.79s | Spearman@80: 0.5394 | Kendall@80: 0.3943
Epoch 31/150 | Train Loss: 0.0577 | Epoch Time: 0.82s | Spearman@80: 0.5608 | Kendall@80: 0.4209
Epoch 32/150 | Train Loss: 0.0544 | Epoch Time: 0.80s | Spearman@80: 0.5741 | Kendall@80: 0.4260
Epoch 33/150 | Train Loss: 0.0536 | Epoch Time: 0.79s | Spearman@80: 0.5567 | Kendall@80: 0.4133
Epoch 34/150 | Train Loss: 0.0501 | Epoch Time: 0.78s | Spearman@80: 0.5372 | Kendall@80: 0.3886
Epoch 35/150 | Train Loss: 0.0596 | Epoch Time: 0.79s | Spearman@80: 0.5386 | Kendall@80: 0.3930
Epoch 36/150 | Train Loss: 0.0541 | Epoch Time: 0.78s | Spearman@80: 0.5554 | Kendall@80: 0.4095
Epoch 37/150 | Train Loss: 0.0544 | Epoch Time: 0.80s | Spearman@80: 0.5465 | Kendall@80: 0.4032
Epoch 38/150 | Train Loss: 0.0521 | Epoch Time: 0.79s | Spearman@80: 0.4964 | Kendall@80: 0.3550
Epoch 39/150 | Train Loss: 0.0616 | Epoch Time: 0.77s | Spearman@80: 0.5440 | Kendall@80: 0.4013
Epoch 40/150 | Train Loss: 0.0538 | Epoch Time: 0.78s | Spearman@80: 0.5496 | Kendall@80: 0.4032
Epoch 41/150 | Train Loss: 0.0489 | Epoch Time: 0.78s | Spearman@80: 0.5574 | Kendall@80: 0.4101
Epoch 42/150 | Train Loss: 0.0546 | Epoch Time: 0.79s | Spearman@80: 0.5413 | Kendall@80: 0.3975
Epoch 43/150 | Train Loss: 0.0545 | Epoch Time: 0.77s | Spearman@80: 0.5636 | Kendall@80: 0.4127
Epoch 44/150 | Train Loss: 0.0620 | Epoch Time: 0.80s | Spearman@80: 0.5092 | Kendall@80: 0.3575
Epoch 45/150 | Train Loss: 0.0526 | Epoch Time: 0.78s | Spearman@80: 0.4843 | Kendall@80: 0.3429
Epoch 46/150 | Train Loss: 0.0567 | Epoch Time: 0.78s | Spearman@80: 0.5714 | Kendall@80: 0.4178
Epoch 47/150 | Train Loss: 0.0537 | Epoch Time: 0.80s | Spearman@80: 0.6019 | Kendall@80: 0.4361
Epoch 48/150 | Train Loss: 0.0466 | Epoch Time: 0.79s | Spearman@80: 0.4697 | Kendall@80: 0.3334
Epoch 49/150 | Train Loss: 0.0526 | Epoch Time: 0.80s | Spearman@80: 0.5465 | Kendall@80: 0.3962
Epoch 50/150 | Train Loss: 0.0511 | Epoch Time: 0.78s | Spearman@80: 0.5786 | Kendall@80: 0.4273
Epoch 51/150 | Train Loss: 0.0480 | Epoch Time: 0.79s | Spearman@80: 0.5595 | Kendall@80: 0.4089
Epoch 52/150 | Train Loss: 0.0522 | Epoch Time: 0.77s | Spearman@80: 0.5817 | Kendall@80: 0.4254
Epoch 53/150 | Train Loss: 0.0577 | Epoch Time: 0.79s | Spearman@80: 0.5633 | Kendall@80: 0.4133
Epoch 54/150 | Train Loss: 0.0523 | Epoch Time: 0.79s | Spearman@80: 0.5654 | Kendall@80: 0.4139
Epoch 55/150 | Train Loss: 0.0490 | Epoch Time: 0.81s | Spearman@80: 0.5412 | Kendall@80: 0.3918
Epoch 56/150 | Train Loss: 0.0457 | Epoch Time: 0.78s | Spearman@80: 0.5624 | Kendall@80: 0.4000
Epoch 57/150 | Train Loss: 0.0564 | Epoch Time: 0.79s | Spearman@80: 0.5679 | Kendall@80: 0.4171
Epoch 58/150 | Train Loss: 0.0493 | Epoch Time: 0.80s | Spearman@80: 0.5160 | Kendall@80: 0.3715
Epoch 59/150 | Train Loss: 0.0459 | Epoch Time: 0.78s | Spearman@80: 0.5549 | Kendall@80: 0.4082
Epoch 60/150 | Train Loss: 0.0433 | Epoch Time: 0.82s | Spearman@80: 0.5489 | Kendall@80: 0.4044
Epoch 61/150 | Train Loss: 0.0446 | Epoch Time: 0.81s | Spearman@80: 0.5285 | Kendall@80: 0.3759
Epoch 62/150 | Train Loss: 0.0391 | Epoch Time: 0.80s | Spearman@80: 0.5594 | Kendall@80: 0.4089
Epoch 63/150 | Train Loss: 0.0488 | Epoch Time: 0.79s | Spearman@80: 0.5026 | Kendall@80: 0.3569
Epoch 64/150 | Train Loss: 0.0482 | Epoch Time: 0.80s | Spearman@80: 0.5766 | Kendall@80: 0.4184
Epoch 65/150 | Train Loss: 0.0436 | Epoch Time: 0.80s | Spearman@80: 0.5297 | Kendall@80: 0.3797
Epoch 66/150 | Train Loss: 0.0480 | Epoch Time: 0.80s | Spearman@80: 0.5981 | Kendall@80: 0.4298
Epoch 67/150 | Train Loss: 0.0486 | Epoch Time: 0.81s | Spearman@80: 0.3936 | Kendall@80: 0.2758
Epoch 68/150 | Train Loss: 0.0419 | Epoch Time: 0.81s | Spearman@80: 0.5928 | Kendall@80: 0.4355
Epoch 69/150 | Train Loss: 0.0403 | Epoch Time: 0.79s | Spearman@80: 0.4591 | Kendall@80: 0.3334
Epoch 70/150 | Train Loss: 0.0390 | Epoch Time: 0.81s | Spearman@80: 0.4644 | Kendall@80: 0.3360
Epoch 71/150 | Train Loss: 0.0389 | Epoch Time: 0.81s | Spearman@80: 0.5260 | Kendall@80: 0.3778
Epoch 72/150 | Train Loss: 0.0394 | Epoch Time: 0.74s | Spearman@80: 0.5443 | Kendall@80: 0.3981
Epoch 73/150 | Train Loss: 0.0455 | Epoch Time: 0.80s | Spearman@80: 0.5223 | Kendall@80: 0.3759
Epoch 74/150 | Train Loss: 0.0429 | Epoch Time: 0.79s | Spearman@80: 0.4337 | Kendall@80: 0.3062
Epoch 75/150 | Train Loss: 0.0397 | Epoch Time: 0.78s | Spearman@80: 0.5401 | Kendall@80: 0.3911
Epoch 76/150 | Train Loss: 0.0439 | Epoch Time: 0.82s | Spearman@80: 0.4237 | Kendall@80: 0.2948
Epoch 77/150 | Train Loss: 0.0345 | Epoch Time: 0.78s | Spearman@80: 0.5609 | Kendall@80: 0.4000
Epoch 78/150 | Train Loss: 0.0357 | Epoch Time: 0.80s | Spearman@80: 0.4936 | Kendall@80: 0.3537
Epoch 79/150 | Train Loss: 0.0316 | Epoch Time: 0.79s | Spearman@80: 0.3986 | Kendall@80: 0.2846
Epoch 80/150 | Train Loss: 0.0378 | Epoch Time: 0.79s | Spearman@80: 0.3754 | Kendall@80: 0.2694
Epoch 81/150 | Train Loss: 0.0340 | Epoch Time: 0.80s | Spearman@80: 0.4662 | Kendall@80: 0.3353
Epoch 82/150 | Train Loss: 0.0350 | Epoch Time: 0.78s | Spearman@80: 0.5473 | Kendall@80: 0.3968
Epoch 83/150 | Train Loss: 0.0322 | Epoch Time: 0.79s | Spearman@80: 0.4453 | Kendall@80: 0.3233
Epoch 84/150 | Train Loss: 0.0347 | Epoch Time: 0.78s | Spearman@80: 0.4932 | Kendall@80: 0.3474
Epoch 85/150 | Train Loss: 0.0392 | Epoch Time: 0.80s | Spearman@80: 0.5021 | Kendall@80: 0.3512
Epoch 86/150 | Train Loss: 0.0395 | Epoch Time: 0.82s | Spearman@80: 0.3974 | Kendall@80: 0.2884
Epoch 87/150 | Train Loss: 0.0312 | Epoch Time: 0.81s | Spearman@80: 0.5056 | Kendall@80: 0.3582
Epoch 88/150 | Train Loss: 0.0294 | Epoch Time: 0.81s | Spearman@80: 0.4463 | Kendall@80: 0.3201
Epoch 89/150 | Train Loss: 0.0307 | Epoch Time: 0.82s | Spearman@80: 0.4626 | Kendall@80: 0.3366
Epoch 90/150 | Train Loss: 0.0282 | Epoch Time: 0.80s | Spearman@80: 0.4105 | Kendall@80: 0.2840
Epoch 91/150 | Train Loss: 0.0380 | Epoch Time: 0.80s | Spearman@80: 0.4945 | Kendall@80: 0.3569
Epoch 92/150 | Train Loss: 0.0319 | Epoch Time: 0.80s | Spearman@80: 0.4483 | Kendall@80: 0.3125
Epoch 93/150 | Train Loss: 0.0274 | Epoch Time: 0.82s | Spearman@80: 0.4186 | Kendall@80: 0.2998
Epoch 94/150 | Train Loss: 0.0335 | Epoch Time: 0.82s | Spearman@80: 0.4977 | Kendall@80: 0.3556
Epoch 95/150 | Train Loss: 0.0292 | Epoch Time: 0.80s | Spearman@80: 0.4703 | Kendall@80: 0.3372
Epoch 96/150 | Train Loss: 0.0312 | Epoch Time: 0.81s | Spearman@80: 0.5334 | Kendall@80: 0.3842
Epoch 97/150 | Train Loss: 0.0311 | Epoch Time: 0.78s | Spearman@80: 0.4274 | Kendall@80: 0.2967
Epoch 98/150 | Train Loss: 0.0246 | Epoch Time: 0.82s | Spearman@80: 0.4796 | Kendall@80: 0.3398
Epoch 99/150 | Train Loss: 0.0271 | Epoch Time: 0.82s | Spearman@80: 0.5281 | Kendall@80: 0.3734
Epoch 100/150 | Train Loss: 0.0247 | Epoch Time: 0.82s | Spearman@80: 0.4203 | Kendall@80: 0.2840
Epoch 101/150 | Train Loss: 0.0296 | Epoch Time: 0.81s | Spearman@80: 0.4832 | Kendall@80: 0.3544
Epoch 102/150 | Train Loss: 0.0281 | Epoch Time: 0.81s | Spearman@80: 0.4418 | Kendall@80: 0.3119
Epoch 103/150 | Train Loss: 0.0338 | Epoch Time: 0.82s | Spearman@80: 0.4154 | Kendall@80: 0.2884
Epoch 104/150 | Train Loss: 0.0282 | Epoch Time: 0.82s | Spearman@80: 0.4118 | Kendall@80: 0.2903
Epoch 105/150 | Train Loss: 0.0263 | Epoch Time: 0.83s | Spearman@80: 0.3969 | Kendall@80: 0.2700
Epoch 106/150 | Train Loss: 0.0271 | Epoch Time: 0.80s | Spearman@80: 0.4913 | Kendall@80: 0.3372
Epoch 107/150 | Train Loss: 0.0261 | Epoch Time: 0.78s | Spearman@80: 0.4119 | Kendall@80: 0.2948
Epoch 108/150 | Train Loss: 0.0212 | Epoch Time: 0.82s | Spearman@80: 0.4307 | Kendall@80: 0.3017
Epoch 109/150 | Train Loss: 0.0220 | Epoch Time: 0.82s | Spearman@80: 0.4666 | Kendall@80: 0.3296
Epoch 110/150 | Train Loss: 0.0225 | Epoch Time: 0.82s | Spearman@80: 0.4148 | Kendall@80: 0.2891
Epoch 111/150 | Train Loss: 0.0218 | Epoch Time: 0.82s | Spearman@80: 0.4901 | Kendall@80: 0.3487
Epoch 112/150 | Train Loss: 0.0309 | Epoch Time: 0.81s | Spearman@80: 0.4618 | Kendall@80: 0.3214
Epoch 113/150 | Train Loss: 0.0206 | Epoch Time: 0.82s | Spearman@80: 0.4452 | Kendall@80: 0.3138
Epoch 114/150 | Train Loss: 0.0201 | Epoch Time: 0.82s | Spearman@80: 0.4485 | Kendall@80: 0.3195
Epoch 115/150 | Train Loss: 0.0276 | Epoch Time: 0.82s | Spearman@80: 0.4541 | Kendall@80: 0.3258
Epoch 116/150 | Train Loss: 0.0182 | Epoch Time: 0.82s | Spearman@80: 0.4275 | Kendall@80: 0.3030
Epoch 117/150 | Train Loss: 0.0200 | Epoch Time: 0.82s | Spearman@80: 0.4417 | Kendall@80: 0.3125
Epoch 118/150 | Train Loss: 0.0181 | Epoch Time: 0.82s | Spearman@80: 0.4311 | Kendall@80: 0.3055
Epoch 119/150 | Train Loss: 0.0219 | Epoch Time: 0.81s | Spearman@80: 0.4348 | Kendall@80: 0.3062
Epoch 120/150 | Train Loss: 0.0207 | Epoch Time: 0.82s | Spearman@80: 0.4238 | Kendall@80: 0.2992
Epoch 121/150 | Train Loss: 0.0217 | Epoch Time: 0.82s | Spearman@80: 0.4630 | Kendall@80: 0.3296
Epoch 122/150 | Train Loss: 0.0191 | Epoch Time: 0.81s | Spearman@80: 0.4603 | Kendall@80: 0.3284
Epoch 123/150 | Train Loss: 0.0207 | Epoch Time: 0.82s | Spearman@80: 0.4436 | Kendall@80: 0.3138
Epoch 124/150 | Train Loss: 0.0170 | Epoch Time: 0.82s | Spearman@80: 0.4606 | Kendall@80: 0.3252
Epoch 125/150 | Train Loss: 0.0193 | Epoch Time: 0.82s | Spearman@80: 0.4637 | Kendall@80: 0.3277
Epoch 126/150 | Train Loss: 0.0175 | Epoch Time: 0.81s | Spearman@80: 0.4495 | Kendall@80: 0.3189
Epoch 127/150 | Train Loss: 0.0163 | Epoch Time: 0.80s | Spearman@80: 0.4572 | Kendall@80: 0.3201
Epoch 128/150 | Train Loss: 0.0174 | Epoch Time: 0.82s | Spearman@80: 0.4857 | Kendall@80: 0.3436
Epoch 129/150 | Train Loss: 0.0178 | Epoch Time: 0.81s | Spearman@80: 0.4609 | Kendall@80: 0.3271
Epoch 130/150 | Train Loss: 0.0187 | Epoch Time: 0.81s | Spearman@80: 0.4638 | Kendall@80: 0.3252
Epoch 131/150 | Train Loss: 0.0158 | Epoch Time: 0.79s | Spearman@80: 0.4633 | Kendall@80: 0.3258
Epoch 132/150 | Train Loss: 0.0192 | Epoch Time: 0.82s | Spearman@80: 0.4585 | Kendall@80: 0.3214
Epoch 133/150 | Train Loss: 0.0152 | Epoch Time: 0.83s | Spearman@80: 0.4495 | Kendall@80: 0.3157
Epoch 134/150 | Train Loss: 0.0159 | Epoch Time: 0.84s | Spearman@80: 0.4463 | Kendall@80: 0.3132
Epoch 135/150 | Train Loss: 0.0183 | Epoch Time: 0.82s | Spearman@80: 0.4475 | Kendall@80: 0.3151
Epoch 136/150 | Train Loss: 0.0150 | Epoch Time: 0.82s | Spearman@80: 0.4487 | Kendall@80: 0.3151
Epoch 137/150 | Train Loss: 0.0197 | Epoch Time: 0.82s | Spearman@80: 0.4481 | Kendall@80: 0.3170
Epoch 138/150 | Train Loss: 0.0128 | Epoch Time: 0.83s | Spearman@80: 0.4575 | Kendall@80: 0.3220
Epoch 139/150 | Train Loss: 0.0187 | Epoch Time: 0.82s | Spearman@80: 0.4526 | Kendall@80: 0.3195
Epoch 140/150 | Train Loss: 0.0123 | Epoch Time: 0.82s | Spearman@80: 0.4546 | Kendall@80: 0.3176
Epoch 141/150 | Train Loss: 0.0166 | Epoch Time: 0.78s | Spearman@80: 0.4564 | Kendall@80: 0.3201
Epoch 142/150 | Train Loss: 0.0150 | Epoch Time: 0.80s | Spearman@80: 0.4601 | Kendall@80: 0.3220
Epoch 143/150 | Train Loss: 0.0154 | Epoch Time: 0.80s | Spearman@80: 0.4612 | Kendall@80: 0.3246
Epoch 144/150 | Train Loss: 0.0183 | Epoch Time: 0.82s | Spearman@80: 0.4613 | Kendall@80: 0.3233
Epoch 145/150 | Train Loss: 0.0140 | Epoch Time: 0.79s | Spearman@80: 0.4636 | Kendall@80: 0.3265
Epoch 146/150 | Train Loss: 0.0126 | Epoch Time: 0.82s | Spearman@80: 0.4604 | Kendall@80: 0.3239
Epoch 147/150 | Train Loss: 0.0178 | Epoch Time: 1.54s | Spearman@4870: 0.4807 | Kendall@4870: 0.3320
Epoch 148/150 | Train Loss: 0.0156 | Epoch Time: 1.53s | Spearman@4870: 0.4810 | Kendall@4870: 0.3322
Epoch 149/150 | Train Loss: 0.0166 | Epoch Time: 1.53s | Spearman@4870: 0.4811 | Kendall@4870: 0.3323
Epoch 150/150 | Train Loss: 0.0137 | Epoch Time: 1.54s | Spearman@4870: 0.4812 | Kendall@4870: 0.3323
Sample Count: 128, Spearman: 0.4810173519472847, Kendall: 0.3321850373219486
{64: (0.5052187326634634, 0.35066927159268285),
 128: (0.4810173519472847, 0.3321850373219486)}
Epoch 1/150 | Train Loss: 0.0985 | Epoch Time: 0.42s | Spearman@80: 0.4428 | Kendall@80: 0.3191
Epoch 2/150 | Train Loss: 0.0893 | Epoch Time: 0.41s | Spearman@80: 0.3305 | Kendall@80: 0.2329
Epoch 3/150 | Train Loss: 0.0696 | Epoch Time: 0.42s | Spearman@80: 0.4122 | Kendall@80: 0.2944
Epoch 4/150 | Train Loss: 0.0567 | Epoch Time: 0.42s | Spearman@80: 0.3588 | Kendall@80: 0.2462
Epoch 5/150 | Train Loss: 0.0616 | Epoch Time: 0.42s | Spearman@80: 0.5927 | Kendall@80: 0.4307
Epoch 6/150 | Train Loss: 0.0544 | Epoch Time: 0.41s | Spearman@80: 0.4672 | Kendall@80: 0.3343
Epoch 7/150 | Train Loss: 0.0530 | Epoch Time: 0.42s | Spearman@80: 0.5337 | Kendall@80: 0.3907
Epoch 8/150 | Train Loss: 0.0469 | Epoch Time: 0.41s | Spearman@80: 0.5650 | Kendall@80: 0.4129
Epoch 9/150 | Train Loss: 0.0454 | Epoch Time: 0.42s | Spearman@80: 0.4405 | Kendall@80: 0.3128
Epoch 10/150 | Train Loss: 0.0424 | Epoch Time: 0.42s | Spearman@80: 0.4936 | Kendall@80: 0.3546
Epoch 11/150 | Train Loss: 0.0510 | Epoch Time: 0.42s | Spearman@80: 0.4810 | Kendall@80: 0.3445
Epoch 12/150 | Train Loss: 0.0535 | Epoch Time: 0.42s | Spearman@80: 0.4941 | Kendall@80: 0.3521
Epoch 13/150 | Train Loss: 0.0414 | Epoch Time: 0.41s | Spearman@80: 0.4577 | Kendall@80: 0.3198
Epoch 14/150 | Train Loss: 0.0507 | Epoch Time: 0.42s | Spearman@80: 0.5975 | Kendall@80: 0.4453
Epoch 15/150 | Train Loss: 0.0559 | Epoch Time: 0.42s | Spearman@80: 0.4992 | Kendall@80: 0.3527
Epoch 16/150 | Train Loss: 0.0497 | Epoch Time: 0.42s | Spearman@80: 0.4385 | Kendall@80: 0.3064
Epoch 17/150 | Train Loss: 0.0447 | Epoch Time: 0.41s | Spearman@80: 0.4963 | Kendall@80: 0.3457
Epoch 18/150 | Train Loss: 0.0398 | Epoch Time: 0.43s | Spearman@80: 0.4073 | Kendall@80: 0.2830
Epoch 19/150 | Train Loss: 0.0453 | Epoch Time: 0.43s | Spearman@80: 0.4668 | Kendall@80: 0.3337
Epoch 20/150 | Train Loss: 0.0492 | Epoch Time: 0.42s | Spearman@80: 0.4431 | Kendall@80: 0.3128
Epoch 21/150 | Train Loss: 0.0358 | Epoch Time: 0.42s | Spearman@80: 0.4316 | Kendall@80: 0.3033
Epoch 22/150 | Train Loss: 0.0484 | Epoch Time: 0.42s | Spearman@80: 0.4568 | Kendall@80: 0.3185
Epoch 23/150 | Train Loss: 0.0398 | Epoch Time: 0.42s | Spearman@80: 0.4600 | Kendall@80: 0.3261
Epoch 24/150 | Train Loss: 0.0432 | Epoch Time: 0.43s | Spearman@80: 0.3576 | Kendall@80: 0.2443
Epoch 25/150 | Train Loss: 0.0530 | Epoch Time: 0.42s | Spearman@80: 0.4601 | Kendall@80: 0.3210
Epoch 26/150 | Train Loss: 0.0423 | Epoch Time: 0.42s | Spearman@80: 0.4455 | Kendall@80: 0.3052
Epoch 27/150 | Train Loss: 0.0395 | Epoch Time: 0.42s | Spearman@80: 0.4245 | Kendall@80: 0.2963
Epoch 28/150 | Train Loss: 0.0445 | Epoch Time: 0.42s | Spearman@80: 0.4442 | Kendall@80: 0.3090
Epoch 29/150 | Train Loss: 0.0310 | Epoch Time: 0.42s | Spearman@80: 0.4326 | Kendall@80: 0.3090
Epoch 30/150 | Train Loss: 0.0405 | Epoch Time: 0.41s | Spearman@80: 0.4841 | Kendall@80: 0.3426
Epoch 31/150 | Train Loss: 0.0455 | Epoch Time: 0.42s | Spearman@80: 0.3996 | Kendall@80: 0.2767
Epoch 32/150 | Train Loss: 0.0460 | Epoch Time: 0.42s | Spearman@80: 0.4218 | Kendall@80: 0.2995
Epoch 33/150 | Train Loss: 0.0357 | Epoch Time: 0.42s | Spearman@80: 0.4367 | Kendall@80: 0.3026
Epoch 34/150 | Train Loss: 0.0377 | Epoch Time: 0.42s | Spearman@80: 0.4231 | Kendall@80: 0.2931
Epoch 35/150 | Train Loss: 0.0372 | Epoch Time: 0.43s | Spearman@80: 0.4698 | Kendall@80: 0.3305
Epoch 36/150 | Train Loss: 0.0386 | Epoch Time: 0.42s | Spearman@80: 0.4107 | Kendall@80: 0.2868
Epoch 37/150 | Train Loss: 0.0360 | Epoch Time: 0.41s | Spearman@80: 0.4145 | Kendall@80: 0.2887
Epoch 38/150 | Train Loss: 0.0438 | Epoch Time: 0.42s | Spearman@80: 0.4410 | Kendall@80: 0.3128
Epoch 39/150 | Train Loss: 0.0344 | Epoch Time: 0.43s | Spearman@80: 0.4574 | Kendall@80: 0.3172
Epoch 40/150 | Train Loss: 0.0284 | Epoch Time: 0.42s | Spearman@80: 0.4275 | Kendall@80: 0.2988
Epoch 41/150 | Train Loss: 0.0316 | Epoch Time: 0.41s | Spearman@80: 0.4266 | Kendall@80: 0.3014
Epoch 42/150 | Train Loss: 0.0336 | Epoch Time: 0.42s | Spearman@80: 0.4338 | Kendall@80: 0.3014
Epoch 43/150 | Train Loss: 0.0311 | Epoch Time: 0.42s | Spearman@80: 0.4413 | Kendall@80: 0.3058
Epoch 44/150 | Train Loss: 0.0290 | Epoch Time: 0.42s | Spearman@80: 0.3979 | Kendall@80: 0.2735
Epoch 45/150 | Train Loss: 0.0241 | Epoch Time: 0.42s | Spearman@80: 0.3817 | Kendall@80: 0.2608
Epoch 46/150 | Train Loss: 0.0340 | Epoch Time: 0.42s | Spearman@80: 0.4296 | Kendall@80: 0.3001
Epoch 47/150 | Train Loss: 0.0268 | Epoch Time: 0.42s | Spearman@80: 0.4360 | Kendall@80: 0.3033
Epoch 48/150 | Train Loss: 0.0341 | Epoch Time: 0.42s | Spearman@80: 0.3955 | Kendall@80: 0.2729
Epoch 49/150 | Train Loss: 0.0327 | Epoch Time: 0.41s | Spearman@80: 0.4649 | Kendall@80: 0.3255
Epoch 50/150 | Train Loss: 0.0305 | Epoch Time: 0.43s | Spearman@80: 0.4459 | Kendall@80: 0.3134
Epoch 51/150 | Train Loss: 0.0291 | Epoch Time: 0.42s | Spearman@80: 0.3758 | Kendall@80: 0.2589
Epoch 52/150 | Train Loss: 0.0391 | Epoch Time: 0.42s | Spearman@80: 0.3972 | Kendall@80: 0.2786
Epoch 53/150 | Train Loss: 0.0394 | Epoch Time: 0.42s | Spearman@80: 0.4849 | Kendall@80: 0.3419
Epoch 54/150 | Train Loss: 0.0380 | Epoch Time: 0.41s | Spearman@80: 0.4951 | Kendall@80: 0.3515
Epoch 55/150 | Train Loss: 0.0322 | Epoch Time: 0.42s | Spearman@80: 0.4370 | Kendall@80: 0.3096
Epoch 56/150 | Train Loss: 0.0295 | Epoch Time: 0.42s | Spearman@80: 0.3807 | Kendall@80: 0.2595
Epoch 57/150 | Train Loss: 0.0295 | Epoch Time: 0.42s | Spearman@80: 0.3966 | Kendall@80: 0.2716
Epoch 58/150 | Train Loss: 0.0424 | Epoch Time: 0.42s | Spearman@80: 0.4209 | Kendall@80: 0.2931
Epoch 59/150 | Train Loss: 0.0258 | Epoch Time: 0.43s | Spearman@80: 0.4447 | Kendall@80: 0.3172
Epoch 60/150 | Train Loss: 0.0340 | Epoch Time: 0.42s | Spearman@80: 0.4053 | Kendall@80: 0.2881
Epoch 61/150 | Train Loss: 0.0329 | Epoch Time: 0.41s | Spearman@80: 0.3971 | Kendall@80: 0.2830
Epoch 62/150 | Train Loss: 0.0236 | Epoch Time: 0.42s | Spearman@80: 0.4061 | Kendall@80: 0.2779
Epoch 63/150 | Train Loss: 0.0300 | Epoch Time: 0.42s | Spearman@80: 0.4341 | Kendall@80: 0.3001
Epoch 64/150 | Train Loss: 0.0288 | Epoch Time: 0.42s | Spearman@80: 0.3596 | Kendall@80: 0.2475
Epoch 65/150 | Train Loss: 0.0365 | Epoch Time: 0.43s | Spearman@80: 0.3717 | Kendall@80: 0.2532
Epoch 66/150 | Train Loss: 0.0398 | Epoch Time: 0.42s | Spearman@80: 0.3654 | Kendall@80: 0.2507
Epoch 67/150 | Train Loss: 0.0227 | Epoch Time: 0.42s | Spearman@80: 0.3807 | Kendall@80: 0.2602
Epoch 68/150 | Train Loss: 0.0215 | Epoch Time: 0.42s | Spearman@80: 0.3854 | Kendall@80: 0.2653
Epoch 69/150 | Train Loss: 0.0254 | Epoch Time: 0.42s | Spearman@80: 0.3750 | Kendall@80: 0.2595
Epoch 70/150 | Train Loss: 0.0261 | Epoch Time: 0.42s | Spearman@80: 0.4381 | Kendall@80: 0.3064
Epoch 71/150 | Train Loss: 0.0206 | Epoch Time: 0.42s | Spearman@80: 0.4285 | Kendall@80: 0.3014
Epoch 72/150 | Train Loss: 0.0353 | Epoch Time: 0.42s | Spearman@80: 0.4299 | Kendall@80: 0.2957
Epoch 73/150 | Train Loss: 0.0306 | Epoch Time: 0.42s | Spearman@80: 0.4204 | Kendall@80: 0.2925
Epoch 74/150 | Train Loss: 0.0337 | Epoch Time: 0.45s | Spearman@80: 0.4025 | Kendall@80: 0.2779
Epoch 75/150 | Train Loss: 0.0297 | Epoch Time: 0.42s | Spearman@80: 0.4308 | Kendall@80: 0.2995
Epoch 76/150 | Train Loss: 0.0243 | Epoch Time: 0.41s | Spearman@80: 0.3885 | Kendall@80: 0.2659
Epoch 77/150 | Train Loss: 0.0230 | Epoch Time: 0.42s | Spearman@80: 0.3822 | Kendall@80: 0.2640
Epoch 78/150 | Train Loss: 0.0187 | Epoch Time: 0.42s | Spearman@80: 0.3605 | Kendall@80: 0.2475
Epoch 79/150 | Train Loss: 0.0208 | Epoch Time: 0.42s | Spearman@80: 0.3432 | Kendall@80: 0.2355
Epoch 80/150 | Train Loss: 0.0213 | Epoch Time: 0.42s | Spearman@80: 0.3478 | Kendall@80: 0.2412
Epoch 81/150 | Train Loss: 0.0281 | Epoch Time: 0.42s | Spearman@80: 0.4043 | Kendall@80: 0.2855
Epoch 82/150 | Train Loss: 0.0293 | Epoch Time: 0.41s | Spearman@80: 0.4206 | Kendall@80: 0.2919
Epoch 83/150 | Train Loss: 0.0272 | Epoch Time: 0.42s | Spearman@80: 0.4112 | Kendall@80: 0.2817
Epoch 84/150 | Train Loss: 0.0285 | Epoch Time: 0.42s | Spearman@80: 0.4027 | Kendall@80: 0.2811
Epoch 85/150 | Train Loss: 0.0204 | Epoch Time: 0.41s | Spearman@80: 0.3926 | Kendall@80: 0.2748
Epoch 86/150 | Train Loss: 0.0283 | Epoch Time: 0.43s | Spearman@80: 0.3607 | Kendall@80: 0.2462
Epoch 87/150 | Train Loss: 0.0222 | Epoch Time: 0.42s | Spearman@80: 0.3642 | Kendall@80: 0.2443
Epoch 88/150 | Train Loss: 0.0261 | Epoch Time: 0.41s | Spearman@80: 0.4080 | Kendall@80: 0.2798
Epoch 89/150 | Train Loss: 0.0236 | Epoch Time: 0.42s | Spearman@80: 0.3920 | Kendall@80: 0.2722
Epoch 90/150 | Train Loss: 0.0189 | Epoch Time: 0.42s | Spearman@80: 0.4098 | Kendall@80: 0.2849
Epoch 91/150 | Train Loss: 0.0238 | Epoch Time: 0.43s | Spearman@80: 0.4007 | Kendall@80: 0.2767
Epoch 92/150 | Train Loss: 0.0180 | Epoch Time: 0.42s | Spearman@80: 0.3736 | Kendall@80: 0.2576
Epoch 93/150 | Train Loss: 0.0265 | Epoch Time: 0.42s | Spearman@80: 0.3449 | Kendall@80: 0.2342
Epoch 94/150 | Train Loss: 0.0231 | Epoch Time: 0.42s | Spearman@80: 0.3661 | Kendall@80: 0.2500
Epoch 95/150 | Train Loss: 0.0182 | Epoch Time: 0.42s | Spearman@80: 0.4221 | Kendall@80: 0.2963
Epoch 96/150 | Train Loss: 0.0204 | Epoch Time: 0.42s | Spearman@80: 0.3984 | Kendall@80: 0.2748
Epoch 97/150 | Train Loss: 0.0170 | Epoch Time: 0.41s | Spearman@80: 0.3750 | Kendall@80: 0.2621
Epoch 98/150 | Train Loss: 0.0218 | Epoch Time: 0.41s | Spearman@80: 0.3514 | Kendall@80: 0.2456
Epoch 99/150 | Train Loss: 0.0181 | Epoch Time: 0.41s | Spearman@80: 0.3684 | Kendall@80: 0.2545
Epoch 100/150 | Train Loss: 0.0237 | Epoch Time: 0.42s | Spearman@80: 0.3948 | Kendall@80: 0.2710
Epoch 101/150 | Train Loss: 0.0176 | Epoch Time: 0.42s | Spearman@80: 0.4244 | Kendall@80: 0.2963
Epoch 102/150 | Train Loss: 0.0165 | Epoch Time: 0.41s | Spearman@80: 0.4145 | Kendall@80: 0.2893
Epoch 103/150 | Train Loss: 0.0200 | Epoch Time: 0.41s | Spearman@80: 0.4172 | Kendall@80: 0.2938
Epoch 104/150 | Train Loss: 0.0264 | Epoch Time: 0.41s | Spearman@80: 0.4365 | Kendall@80: 0.3084
Epoch 105/150 | Train Loss: 0.0158 | Epoch Time: 0.41s | Spearman@80: 0.4453 | Kendall@80: 0.3096
Epoch 106/150 | Train Loss: 0.0257 | Epoch Time: 0.42s | Spearman@80: 0.4235 | Kendall@80: 0.2995
Epoch 107/150 | Train Loss: 0.0148 | Epoch Time: 0.42s | Spearman@80: 0.4078 | Kendall@80: 0.2843
Epoch 108/150 | Train Loss: 0.0213 | Epoch Time: 0.42s | Spearman@80: 0.4112 | Kendall@80: 0.2881
Epoch 109/150 | Train Loss: 0.0246 | Epoch Time: 0.43s | Spearman@80: 0.4179 | Kendall@80: 0.2944
Epoch 110/150 | Train Loss: 0.0205 | Epoch Time: 0.42s | Spearman@80: 0.4048 | Kendall@80: 0.2830
Epoch 111/150 | Train Loss: 0.0228 | Epoch Time: 0.42s | Spearman@80: 0.4034 | Kendall@80: 0.2830
Epoch 112/150 | Train Loss: 0.0148 | Epoch Time: 0.41s | Spearman@80: 0.4102 | Kendall@80: 0.2874
Epoch 113/150 | Train Loss: 0.0204 | Epoch Time: 0.42s | Spearman@80: 0.4127 | Kendall@80: 0.2887
Epoch 114/150 | Train Loss: 0.0160 | Epoch Time: 0.42s | Spearman@80: 0.4015 | Kendall@80: 0.2798
Epoch 115/150 | Train Loss: 0.0206 | Epoch Time: 0.41s | Spearman@80: 0.3859 | Kendall@80: 0.2672
Epoch 116/150 | Train Loss: 0.0148 | Epoch Time: 0.42s | Spearman@80: 0.3768 | Kendall@80: 0.2595
Epoch 117/150 | Train Loss: 0.0141 | Epoch Time: 0.42s | Spearman@80: 0.3769 | Kendall@80: 0.2608
Epoch 118/150 | Train Loss: 0.0153 | Epoch Time: 0.42s | Spearman@80: 0.3781 | Kendall@80: 0.2627
Epoch 119/150 | Train Loss: 0.0169 | Epoch Time: 0.42s | Spearman@80: 0.3940 | Kendall@80: 0.2748
Epoch 120/150 | Train Loss: 0.0156 | Epoch Time: 0.42s | Spearman@80: 0.4012 | Kendall@80: 0.2767
Epoch 121/150 | Train Loss: 0.0142 | Epoch Time: 0.42s | Spearman@80: 0.4008 | Kendall@80: 0.2805
Epoch 122/150 | Train Loss: 0.0210 | Epoch Time: 0.42s | Spearman@80: 0.3894 | Kendall@80: 0.2716
Epoch 123/150 | Train Loss: 0.0184 | Epoch Time: 0.42s | Spearman@80: 0.3775 | Kendall@80: 0.2627
Epoch 124/150 | Train Loss: 0.0216 | Epoch Time: 0.42s | Spearman@80: 0.3790 | Kendall@80: 0.2614
Epoch 125/150 | Train Loss: 0.0141 | Epoch Time: 0.42s | Spearman@80: 0.3803 | Kendall@80: 0.2646
Epoch 126/150 | Train Loss: 0.0170 | Epoch Time: 0.41s | Spearman@80: 0.3797 | Kendall@80: 0.2653
Epoch 127/150 | Train Loss: 0.0202 | Epoch Time: 0.41s | Spearman@80: 0.3751 | Kendall@80: 0.2627
Epoch 128/150 | Train Loss: 0.0123 | Epoch Time: 0.42s | Spearman@80: 0.3704 | Kendall@80: 0.2589
Epoch 129/150 | Train Loss: 0.0185 | Epoch Time: 0.42s | Spearman@80: 0.3696 | Kendall@80: 0.2551
Epoch 130/150 | Train Loss: 0.0186 | Epoch Time: 0.42s | Spearman@80: 0.3634 | Kendall@80: 0.2488
Epoch 131/150 | Train Loss: 0.0167 | Epoch Time: 0.42s | Spearman@80: 0.3599 | Kendall@80: 0.2469
Epoch 132/150 | Train Loss: 0.0163 | Epoch Time: 0.42s | Spearman@80: 0.3599 | Kendall@80: 0.2507
Epoch 133/150 | Train Loss: 0.0140 | Epoch Time: 0.41s | Spearman@80: 0.3600 | Kendall@80: 0.2513
Epoch 134/150 | Train Loss: 0.0181 | Epoch Time: 0.42s | Spearman@80: 0.3626 | Kendall@80: 0.2532
Epoch 135/150 | Train Loss: 0.0132 | Epoch Time: 0.42s | Spearman@80: 0.3623 | Kendall@80: 0.2526
Epoch 136/150 | Train Loss: 0.0143 | Epoch Time: 0.41s | Spearman@80: 0.3641 | Kendall@80: 0.2545
Epoch 137/150 | Train Loss: 0.0180 | Epoch Time: 0.42s | Spearman@80: 0.3655 | Kendall@80: 0.2526
Epoch 138/150 | Train Loss: 0.0156 | Epoch Time: 0.41s | Spearman@80: 0.3647 | Kendall@80: 0.2519
Epoch 139/150 | Train Loss: 0.0137 | Epoch Time: 0.42s | Spearman@80: 0.3646 | Kendall@80: 0.2513
Epoch 140/150 | Train Loss: 0.0171 | Epoch Time: 0.42s | Spearman@80: 0.3726 | Kendall@80: 0.2583
Epoch 141/150 | Train Loss: 0.0200 | Epoch Time: 0.42s | Spearman@80: 0.3749 | Kendall@80: 0.2621
Epoch 142/150 | Train Loss: 0.0153 | Epoch Time: 0.42s | Spearman@80: 0.3754 | Kendall@80: 0.2614
Epoch 143/150 | Train Loss: 0.0140 | Epoch Time: 0.43s | Spearman@80: 0.3754 | Kendall@80: 0.2614
Epoch 144/150 | Train Loss: 0.0177 | Epoch Time: 0.42s | Spearman@80: 0.3745 | Kendall@80: 0.2608
Epoch 145/150 | Train Loss: 0.0104 | Epoch Time: 0.42s | Spearman@80: 0.3741 | Kendall@80: 0.2602
Epoch 146/150 | Train Loss: 0.0119 | Epoch Time: 0.42s | Spearman@80: 0.3725 | Kendall@80: 0.2595
Epoch 147/150 | Train Loss: 0.0162 | Epoch Time: 1.14s | Spearman@4934: 0.5253 | Kendall@4934: 0.3665
Epoch 148/150 | Train Loss: 0.0161 | Epoch Time: 1.15s | Spearman@4934: 0.5252 | Kendall@4934: 0.3665
Epoch 149/150 | Train Loss: 0.0183 | Epoch Time: 1.15s | Spearman@4934: 0.5252 | Kendall@4934: 0.3664
Epoch 150/150 | Train Loss: 0.0208 | Epoch Time: 1.11s | Spearman@4934: 0.5252 | Kendall@4934: 0.3665
Sample Count: 64, Spearman: 0.5252134790925822, Kendall: 0.3664681650583338
{64: (0.5252134790925822, 0.3664681650583338),
 128: (0.4810173519472847, 0.3321850373219486)}
Epoch 1/150 | Train Loss: 0.0971 | Epoch Time: 0.83s | Spearman@80: 0.6584 | Kendall@80: 0.4724
Epoch 2/150 | Train Loss: 0.0820 | Epoch Time: 0.83s | Spearman@80: 0.6384 | Kendall@80: 0.4616
Epoch 3/150 | Train Loss: 0.0637 | Epoch Time: 0.83s | Spearman@80: 0.6395 | Kendall@80: 0.4515
Epoch 4/150 | Train Loss: 0.0726 | Epoch Time: 0.82s | Spearman@80: 0.7360 | Kendall@80: 0.5472
Epoch 5/150 | Train Loss: 0.0613 | Epoch Time: 0.83s | Spearman@80: 0.7540 | Kendall@80: 0.5675
Epoch 6/150 | Train Loss: 0.0629 | Epoch Time: 0.83s | Spearman@80: 0.7040 | Kendall@80: 0.5124
Epoch 7/150 | Train Loss: 0.0568 | Epoch Time: 0.83s | Spearman@80: 0.6759 | Kendall@80: 0.4927
Epoch 8/150 | Train Loss: 0.0577 | Epoch Time: 0.82s | Spearman@80: 0.7489 | Kendall@80: 0.5587
Epoch 9/150 | Train Loss: 0.0542 | Epoch Time: 0.82s | Spearman@80: 0.7235 | Kendall@80: 0.5396
Epoch 10/150 | Train Loss: 0.0507 | Epoch Time: 0.83s | Spearman@80: 0.6859 | Kendall@80: 0.4902
Epoch 11/150 | Train Loss: 0.0577 | Epoch Time: 0.82s | Spearman@80: 0.6474 | Kendall@80: 0.4547
Epoch 12/150 | Train Loss: 0.0664 | Epoch Time: 0.82s | Spearman@80: 0.7505 | Kendall@80: 0.5574
Epoch 13/150 | Train Loss: 0.0575 | Epoch Time: 0.83s | Spearman@80: 0.7192 | Kendall@80: 0.5206
Epoch 14/150 | Train Loss: 0.0573 | Epoch Time: 0.82s | Spearman@80: 0.7340 | Kendall@80: 0.5377
Epoch 15/150 | Train Loss: 0.0524 | Epoch Time: 0.83s | Spearman@80: 0.7077 | Kendall@80: 0.5174
Epoch 16/150 | Train Loss: 0.0519 | Epoch Time: 0.83s | Spearman@80: 0.7422 | Kendall@80: 0.5453
Epoch 17/150 | Train Loss: 0.0504 | Epoch Time: 0.82s | Spearman@80: 0.6790 | Kendall@80: 0.4819
Epoch 18/150 | Train Loss: 0.0449 | Epoch Time: 0.83s | Spearman@80: 0.7276 | Kendall@80: 0.5270
Epoch 19/150 | Train Loss: 0.0478 | Epoch Time: 0.82s | Spearman@80: 0.7467 | Kendall@80: 0.5517
Epoch 20/150 | Train Loss: 0.0499 | Epoch Time: 0.83s | Spearman@80: 0.7655 | Kendall@80: 0.5713
Epoch 21/150 | Train Loss: 0.0495 | Epoch Time: 0.83s | Spearman@80: 0.7589 | Kendall@80: 0.5669
Epoch 22/150 | Train Loss: 0.0453 | Epoch Time: 0.83s | Spearman@80: 0.7311 | Kendall@80: 0.5371
Epoch 23/150 | Train Loss: 0.0507 | Epoch Time: 0.82s | Spearman@80: 0.7545 | Kendall@80: 0.5580
Epoch 24/150 | Train Loss: 0.0511 | Epoch Time: 0.83s | Spearman@80: 0.7593 | Kendall@80: 0.5593
Epoch 25/150 | Train Loss: 0.0392 | Epoch Time: 0.83s | Spearman@80: 0.7495 | Kendall@80: 0.5504
Epoch 26/150 | Train Loss: 0.0502 | Epoch Time: 0.83s | Spearman@80: 0.7198 | Kendall@80: 0.5193
Epoch 27/150 | Train Loss: 0.0467 | Epoch Time: 0.82s | Spearman@80: 0.6908 | Kendall@80: 0.5022
Epoch 28/150 | Train Loss: 0.0489 | Epoch Time: 0.82s | Spearman@80: 0.7583 | Kendall@80: 0.5561
Epoch 29/150 | Train Loss: 0.0469 | Epoch Time: 0.83s | Spearman@80: 0.7438 | Kendall@80: 0.5504
Epoch 30/150 | Train Loss: 0.0455 | Epoch Time: 0.83s | Spearman@80: 0.7165 | Kendall@80: 0.5270
Epoch 31/150 | Train Loss: 0.0466 | Epoch Time: 0.83s | Spearman@80: 0.7266 | Kendall@80: 0.5257
Epoch 32/150 | Train Loss: 0.0419 | Epoch Time: 0.83s | Spearman@80: 0.6874 | Kendall@80: 0.4978
Epoch 33/150 | Train Loss: 0.0456 | Epoch Time: 0.83s | Spearman@80: 0.7137 | Kendall@80: 0.5238
Epoch 34/150 | Train Loss: 0.0436 | Epoch Time: 0.82s | Spearman@80: 0.7639 | Kendall@80: 0.5593
Epoch 35/150 | Train Loss: 0.0446 | Epoch Time: 0.82s | Spearman@80: 0.7309 | Kendall@80: 0.5358
Epoch 36/150 | Train Loss: 0.0418 | Epoch Time: 0.81s | Spearman@80: 0.6922 | Kendall@80: 0.5003
Epoch 37/150 | Train Loss: 0.0472 | Epoch Time: 0.82s | Spearman@80: 0.7403 | Kendall@80: 0.5409
Epoch 38/150 | Train Loss: 0.0427 | Epoch Time: 0.83s | Spearman@80: 0.7386 | Kendall@80: 0.5365
Epoch 39/150 | Train Loss: 0.0387 | Epoch Time: 0.82s | Spearman@80: 0.7470 | Kendall@80: 0.5428
Epoch 40/150 | Train Loss: 0.0415 | Epoch Time: 0.82s | Spearman@80: 0.7601 | Kendall@80: 0.5542
Epoch 41/150 | Train Loss: 0.0392 | Epoch Time: 0.81s | Spearman@80: 0.7579 | Kendall@80: 0.5472
Epoch 42/150 | Train Loss: 0.0383 | Epoch Time: 0.83s | Spearman@80: 0.7187 | Kendall@80: 0.5206
Epoch 43/150 | Train Loss: 0.0411 | Epoch Time: 0.82s | Spearman@80: 0.7414 | Kendall@80: 0.5396
Epoch 44/150 | Train Loss: 0.0445 | Epoch Time: 0.82s | Spearman@80: 0.7028 | Kendall@80: 0.5054
Epoch 45/150 | Train Loss: 0.0486 | Epoch Time: 0.80s | Spearman@80: 0.7137 | Kendall@80: 0.5079
Epoch 46/150 | Train Loss: 0.0472 | Epoch Time: 0.83s | Spearman@80: 0.7307 | Kendall@80: 0.5289
Epoch 47/150 | Train Loss: 0.0379 | Epoch Time: 0.82s | Spearman@80: 0.7589 | Kendall@80: 0.5574
Epoch 48/150 | Train Loss: 0.0396 | Epoch Time: 0.80s | Spearman@80: 0.7104 | Kendall@80: 0.5168
Epoch 49/150 | Train Loss: 0.0384 | Epoch Time: 0.82s | Spearman@80: 0.7589 | Kendall@80: 0.5593
Epoch 50/150 | Train Loss: 0.0346 | Epoch Time: 0.81s | Spearman@80: 0.7262 | Kendall@80: 0.5263
Epoch 51/150 | Train Loss: 0.0343 | Epoch Time: 0.82s | Spearman@80: 0.7862 | Kendall@80: 0.5891
Epoch 52/150 | Train Loss: 0.0373 | Epoch Time: 0.83s | Spearman@80: 0.7545 | Kendall@80: 0.5555
Epoch 53/150 | Train Loss: 0.0384 | Epoch Time: 0.82s | Spearman@80: 0.7293 | Kendall@80: 0.5270
Epoch 54/150 | Train Loss: 0.0388 | Epoch Time: 0.82s | Spearman@80: 0.7788 | Kendall@80: 0.5713
Epoch 55/150 | Train Loss: 0.0403 | Epoch Time: 0.82s | Spearman@80: 0.6763 | Kendall@80: 0.4845
Epoch 56/150 | Train Loss: 0.0450 | Epoch Time: 0.79s | Spearman@80: 0.7449 | Kendall@80: 0.5384
Epoch 57/150 | Train Loss: 0.0495 | Epoch Time: 0.79s | Spearman@80: 0.7254 | Kendall@80: 0.5181
Epoch 58/150 | Train Loss: 0.0461 | Epoch Time: 0.80s | Spearman@80: 0.7158 | Kendall@80: 0.5117
Epoch 59/150 | Train Loss: 0.0351 | Epoch Time: 0.82s | Spearman@80: 0.6997 | Kendall@80: 0.5022
Epoch 60/150 | Train Loss: 0.0358 | Epoch Time: 0.80s | Spearman@80: 0.6985 | Kendall@80: 0.5067
Epoch 61/150 | Train Loss: 0.0385 | Epoch Time: 0.80s | Spearman@80: 0.6755 | Kendall@80: 0.4857
Epoch 62/150 | Train Loss: 0.0369 | Epoch Time: 0.79s | Spearman@80: 0.7846 | Kendall@80: 0.5853
Epoch 63/150 | Train Loss: 0.0357 | Epoch Time: 0.76s | Spearman@80: 0.7207 | Kendall@80: 0.5219
Epoch 64/150 | Train Loss: 0.0355 | Epoch Time: 0.82s | Spearman@80: 0.7833 | Kendall@80: 0.5783
Epoch 65/150 | Train Loss: 0.0394 | Epoch Time: 0.79s | Spearman@80: 0.7206 | Kendall@80: 0.5200
Epoch 66/150 | Train Loss: 0.0328 | Epoch Time: 0.81s | Spearman@80: 0.7251 | Kendall@80: 0.5301
Epoch 67/150 | Train Loss: 0.0328 | Epoch Time: 0.81s | Spearman@80: 0.7368 | Kendall@80: 0.5352
Epoch 68/150 | Train Loss: 0.0380 | Epoch Time: 0.81s | Spearman@80: 0.7666 | Kendall@80: 0.5694
Epoch 69/150 | Train Loss: 0.0365 | Epoch Time: 0.80s | Spearman@80: 0.7452 | Kendall@80: 0.5549
Epoch 70/150 | Train Loss: 0.0392 | Epoch Time: 0.81s | Spearman@80: 0.6526 | Kendall@80: 0.4648
Epoch 71/150 | Train Loss: 0.0421 | Epoch Time: 0.82s | Spearman@80: 0.7998 | Kendall@80: 0.6005
Epoch 72/150 | Train Loss: 0.0319 | Epoch Time: 0.78s | Spearman@80: 0.7619 | Kendall@80: 0.5644
Epoch 73/150 | Train Loss: 0.0405 | Epoch Time: 0.81s | Spearman@80: 0.7182 | Kendall@80: 0.5244
Epoch 74/150 | Train Loss: 0.0378 | Epoch Time: 0.79s | Spearman@80: 0.7811 | Kendall@80: 0.5815
Epoch 75/150 | Train Loss: 0.0384 | Epoch Time: 0.80s | Spearman@80: 0.7599 | Kendall@80: 0.5625
Epoch 76/150 | Train Loss: 0.0403 | Epoch Time: 0.79s | Spearman@80: 0.7712 | Kendall@80: 0.5701
Epoch 77/150 | Train Loss: 0.0314 | Epoch Time: 0.80s | Spearman@80: 0.7041 | Kendall@80: 0.5067
Epoch 78/150 | Train Loss: 0.0295 | Epoch Time: 0.81s | Spearman@80: 0.7424 | Kendall@80: 0.5491
Epoch 79/150 | Train Loss: 0.0294 | Epoch Time: 0.82s | Spearman@80: 0.7553 | Kendall@80: 0.5549
Epoch 80/150 | Train Loss: 0.0294 | Epoch Time: 0.79s | Spearman@80: 0.7489 | Kendall@80: 0.5415
Epoch 81/150 | Train Loss: 0.0303 | Epoch Time: 0.80s | Spearman@80: 0.7753 | Kendall@80: 0.5802
Epoch 82/150 | Train Loss: 0.0308 | Epoch Time: 0.78s | Spearman@80: 0.7143 | Kendall@80: 0.5143
Epoch 83/150 | Train Loss: 0.0267 | Epoch Time: 0.77s | Spearman@80: 0.7811 | Kendall@80: 0.5783
Epoch 84/150 | Train Loss: 0.0267 | Epoch Time: 0.79s | Spearman@80: 0.7158 | Kendall@80: 0.5295
Epoch 85/150 | Train Loss: 0.0254 | Epoch Time: 0.82s | Spearman@80: 0.7192 | Kendall@80: 0.5276
Epoch 86/150 | Train Loss: 0.0291 | Epoch Time: 0.79s | Spearman@80: 0.7247 | Kendall@80: 0.5339
Epoch 87/150 | Train Loss: 0.0283 | Epoch Time: 0.79s | Spearman@80: 0.7621 | Kendall@80: 0.5764
Epoch 88/150 | Train Loss: 0.0262 | Epoch Time: 0.78s | Spearman@80: 0.7514 | Kendall@80: 0.5517
Epoch 89/150 | Train Loss: 0.0261 | Epoch Time: 0.81s | Spearman@80: 0.7386 | Kendall@80: 0.5384
Epoch 90/150 | Train Loss: 0.0243 | Epoch Time: 0.80s | Spearman@80: 0.7440 | Kendall@80: 0.5453
Epoch 91/150 | Train Loss: 0.0242 | Epoch Time: 0.78s | Spearman@80: 0.7222 | Kendall@80: 0.5320
Epoch 92/150 | Train Loss: 0.0197 | Epoch Time: 0.79s | Spearman@80: 0.7355 | Kendall@80: 0.5384
Epoch 93/150 | Train Loss: 0.0246 | Epoch Time: 0.82s | Spearman@80: 0.7175 | Kendall@80: 0.5257
Epoch 94/150 | Train Loss: 0.0252 | Epoch Time: 0.81s | Spearman@80: 0.7385 | Kendall@80: 0.5447
Epoch 95/150 | Train Loss: 0.0266 | Epoch Time: 0.80s | Spearman@80: 0.7457 | Kendall@80: 0.5523
Epoch 96/150 | Train Loss: 0.0233 | Epoch Time: 0.80s | Spearman@80: 0.7246 | Kendall@80: 0.5333
Epoch 97/150 | Train Loss: 0.0227 | Epoch Time: 0.79s | Spearman@80: 0.7378 | Kendall@80: 0.5434
Epoch 98/150 | Train Loss: 0.0244 | Epoch Time: 0.80s | Spearman@80: 0.7504 | Kendall@80: 0.5561
Epoch 99/150 | Train Loss: 0.0237 | Epoch Time: 0.80s | Spearman@80: 0.6981 | Kendall@80: 0.5041
Epoch 100/150 | Train Loss: 0.0224 | Epoch Time: 0.78s | Spearman@80: 0.7198 | Kendall@80: 0.5117
Epoch 101/150 | Train Loss: 0.0201 | Epoch Time: 0.75s | Spearman@80: 0.6838 | Kendall@80: 0.4914
Epoch 102/150 | Train Loss: 0.0239 | Epoch Time: 0.79s | Spearman@80: 0.6565 | Kendall@80: 0.4807
Epoch 103/150 | Train Loss: 0.0194 | Epoch Time: 0.79s | Spearman@80: 0.7342 | Kendall@80: 0.5320
Epoch 104/150 | Train Loss: 0.0216 | Epoch Time: 0.79s | Spearman@80: 0.7011 | Kendall@80: 0.5143
Epoch 105/150 | Train Loss: 0.0219 | Epoch Time: 0.80s | Spearman@80: 0.7319 | Kendall@80: 0.5396
Epoch 106/150 | Train Loss: 0.0199 | Epoch Time: 0.79s | Spearman@80: 0.7177 | Kendall@80: 0.5206
Epoch 107/150 | Train Loss: 0.0188 | Epoch Time: 0.79s | Spearman@80: 0.7194 | Kendall@80: 0.5231
Epoch 108/150 | Train Loss: 0.0203 | Epoch Time: 0.76s | Spearman@80: 0.6922 | Kendall@80: 0.5003
Epoch 109/150 | Train Loss: 0.0217 | Epoch Time: 0.79s | Spearman@80: 0.7192 | Kendall@80: 0.5339
Epoch 110/150 | Train Loss: 0.0188 | Epoch Time: 0.81s | Spearman@80: 0.7233 | Kendall@80: 0.5301
Epoch 111/150 | Train Loss: 0.0167 | Epoch Time: 0.79s | Spearman@80: 0.6928 | Kendall@80: 0.5010
Epoch 112/150 | Train Loss: 0.0163 | Epoch Time: 0.81s | Spearman@80: 0.6711 | Kendall@80: 0.4864
Epoch 113/150 | Train Loss: 0.0214 | Epoch Time: 0.82s | Spearman@80: 0.6824 | Kendall@80: 0.4927
Epoch 114/150 | Train Loss: 0.0181 | Epoch Time: 0.81s | Spearman@80: 0.6706 | Kendall@80: 0.4781
Epoch 115/150 | Train Loss: 0.0223 | Epoch Time: 0.80s | Spearman@80: 0.6973 | Kendall@80: 0.5054
Epoch 116/150 | Train Loss: 0.0190 | Epoch Time: 0.81s | Spearman@80: 0.7246 | Kendall@80: 0.5276
Epoch 117/150 | Train Loss: 0.0149 | Epoch Time: 0.82s | Spearman@80: 0.7049 | Kendall@80: 0.5143
Epoch 118/150 | Train Loss: 0.0165 | Epoch Time: 0.81s | Spearman@80: 0.7052 | Kendall@80: 0.5168
Epoch 119/150 | Train Loss: 0.0165 | Epoch Time: 0.79s | Spearman@80: 0.7130 | Kendall@80: 0.5206
Epoch 120/150 | Train Loss: 0.0155 | Epoch Time: 0.78s | Spearman@80: 0.7112 | Kendall@80: 0.5162
Epoch 121/150 | Train Loss: 0.0165 | Epoch Time: 0.79s | Spearman@80: 0.6972 | Kendall@80: 0.5060
Epoch 122/150 | Train Loss: 0.0119 | Epoch Time: 0.81s | Spearman@80: 0.7245 | Kendall@80: 0.5263
Epoch 123/150 | Train Loss: 0.0113 | Epoch Time: 0.80s | Spearman@80: 0.7067 | Kendall@80: 0.5136
Epoch 124/150 | Train Loss: 0.0150 | Epoch Time: 0.80s | Spearman@80: 0.7080 | Kendall@80: 0.5168
Epoch 125/150 | Train Loss: 0.0149 | Epoch Time: 0.79s | Spearman@80: 0.6959 | Kendall@80: 0.5060
Epoch 126/150 | Train Loss: 0.0168 | Epoch Time: 0.78s | Spearman@80: 0.7034 | Kendall@80: 0.5105
Epoch 127/150 | Train Loss: 0.0125 | Epoch Time: 0.77s | Spearman@80: 0.6904 | Kendall@80: 0.5003
Epoch 128/150 | Train Loss: 0.0113 | Epoch Time: 0.81s | Spearman@80: 0.7126 | Kendall@80: 0.5149
Epoch 129/150 | Train Loss: 0.0153 | Epoch Time: 0.78s | Spearman@80: 0.6900 | Kendall@80: 0.4933
Epoch 130/150 | Train Loss: 0.0135 | Epoch Time: 0.80s | Spearman@80: 0.6988 | Kendall@80: 0.5054
Epoch 131/150 | Train Loss: 0.0182 | Epoch Time: 0.79s | Spearman@80: 0.7171 | Kendall@80: 0.5206
Epoch 132/150 | Train Loss: 0.0149 | Epoch Time: 0.78s | Spearman@80: 0.7025 | Kendall@80: 0.5086
Epoch 133/150 | Train Loss: 0.0134 | Epoch Time: 0.80s | Spearman@80: 0.6991 | Kendall@80: 0.5048
Epoch 134/150 | Train Loss: 0.0109 | Epoch Time: 0.81s | Spearman@80: 0.6906 | Kendall@80: 0.4978
Epoch 135/150 | Train Loss: 0.0123 | Epoch Time: 0.78s | Spearman@80: 0.6866 | Kendall@80: 0.4965
Epoch 136/150 | Train Loss: 0.0118 | Epoch Time: 0.81s | Spearman@80: 0.7021 | Kendall@80: 0.5079
Epoch 137/150 | Train Loss: 0.0140 | Epoch Time: 0.79s | Spearman@80: 0.6991 | Kendall@80: 0.5079
Epoch 138/150 | Train Loss: 0.0155 | Epoch Time: 0.80s | Spearman@80: 0.6987 | Kendall@80: 0.5073
Epoch 139/150 | Train Loss: 0.0114 | Epoch Time: 0.78s | Spearman@80: 0.6958 | Kendall@80: 0.5048
Epoch 140/150 | Train Loss: 0.0138 | Epoch Time: 0.81s | Spearman@80: 0.6990 | Kendall@80: 0.5073
Epoch 141/150 | Train Loss: 0.0133 | Epoch Time: 0.78s | Spearman@80: 0.6958 | Kendall@80: 0.5041
Epoch 142/150 | Train Loss: 0.0127 | Epoch Time: 0.80s | Spearman@80: 0.6998 | Kendall@80: 0.5073
Epoch 143/150 | Train Loss: 0.0150 | Epoch Time: 0.80s | Spearman@80: 0.7006 | Kendall@80: 0.5086
Epoch 144/150 | Train Loss: 0.0113 | Epoch Time: 0.80s | Spearman@80: 0.7003 | Kendall@80: 0.5086
Epoch 145/150 | Train Loss: 0.0134 | Epoch Time: 0.81s | Spearman@80: 0.6989 | Kendall@80: 0.5079
Epoch 146/150 | Train Loss: 0.0119 | Epoch Time: 0.79s | Spearman@80: 0.6980 | Kendall@80: 0.5060
Epoch 147/150 | Train Loss: 0.0107 | Epoch Time: 1.48s | Spearman@4870: 0.7009 | Kendall@4870: 0.5121
Epoch 148/150 | Train Loss: 0.0111 | Epoch Time: 1.52s | Spearman@4870: 0.7012 | Kendall@4870: 0.5124
Epoch 149/150 | Train Loss: 0.0119 | Epoch Time: 1.54s | Spearman@4870: 0.7011 | Kendall@4870: 0.5122
Epoch 150/150 | Train Loss: 0.0117 | Epoch Time: 1.52s | Spearman@4870: 0.7010 | Kendall@4870: 0.5122
Sample Count: 128, Spearman: 0.7010678901842433, Kendall: 0.5122212549747366
{64: (0.5252134790925822, 0.3664681650583338),
 128: (0.7010678901842433, 0.5122212549747366)}
Epoch 1/150 | Train Loss: 0.0985 | Epoch Time: 0.40s | Spearman@80: 0.3400 | Kendall@80: 0.2347
Epoch 2/150 | Train Loss: 0.0976 | Epoch Time: 0.39s | Spearman@80: 0.2464 | Kendall@80: 0.1732
Epoch 3/150 | Train Loss: 0.0883 | Epoch Time: 0.40s | Spearman@80: 0.1784 | Kendall@80: 0.1232
Epoch 4/150 | Train Loss: 0.0713 | Epoch Time: 0.42s | Spearman@80: 0.4839 | Kendall@80: 0.3462
Epoch 5/150 | Train Loss: 0.0692 | Epoch Time: 0.41s | Spearman@80: 0.3941 | Kendall@80: 0.2746
Epoch 6/150 | Train Loss: 0.0693 | Epoch Time: 0.41s | Spearman@80: 0.5487 | Kendall@80: 0.3899
Epoch 7/150 | Train Loss: 0.0622 | Epoch Time: 0.41s | Spearman@80: 0.5753 | Kendall@80: 0.4101
Epoch 8/150 | Train Loss: 0.0627 | Epoch Time: 0.40s | Spearman@80: 0.5941 | Kendall@80: 0.4215
Epoch 9/150 | Train Loss: 0.0552 | Epoch Time: 0.41s | Spearman@80: 0.6769 | Kendall@80: 0.4836
Epoch 10/150 | Train Loss: 0.0493 | Epoch Time: 0.42s | Spearman@80: 0.6602 | Kendall@80: 0.4766
Epoch 11/150 | Train Loss: 0.0561 | Epoch Time: 0.42s | Spearman@80: 0.5882 | Kendall@80: 0.4139
Epoch 12/150 | Train Loss: 0.0562 | Epoch Time: 0.41s | Spearman@80: 0.6964 | Kendall@80: 0.5058
Epoch 13/150 | Train Loss: 0.0552 | Epoch Time: 0.40s | Spearman@80: 0.5799 | Kendall@80: 0.4108
Epoch 14/150 | Train Loss: 0.0498 | Epoch Time: 0.42s | Spearman@80: 0.6937 | Kendall@80: 0.5058
Epoch 15/150 | Train Loss: 0.0502 | Epoch Time: 0.40s | Spearman@80: 0.6713 | Kendall@80: 0.4893
Epoch 16/150 | Train Loss: 0.0524 | Epoch Time: 0.40s | Spearman@80: 0.6528 | Kendall@80: 0.4678
Epoch 17/150 | Train Loss: 0.0477 | Epoch Time: 0.42s | Spearman@80: 0.6035 | Kendall@80: 0.4241
Epoch 18/150 | Train Loss: 0.0578 | Epoch Time: 0.42s | Spearman@80: 0.6839 | Kendall@80: 0.4950
Epoch 19/150 | Train Loss: 0.0428 | Epoch Time: 0.40s | Spearman@80: 0.7469 | Kendall@80: 0.5577
Epoch 20/150 | Train Loss: 0.0434 | Epoch Time: 0.41s | Spearman@80: 0.7299 | Kendall@80: 0.5406
Epoch 21/150 | Train Loss: 0.0423 | Epoch Time: 0.40s | Spearman@80: 0.5812 | Kendall@80: 0.4057
Epoch 22/150 | Train Loss: 0.0464 | Epoch Time: 0.40s | Spearman@80: 0.7073 | Kendall@80: 0.5178
Epoch 23/150 | Train Loss: 0.0477 | Epoch Time: 0.40s | Spearman@80: 0.7293 | Kendall@80: 0.5362
Epoch 24/150 | Train Loss: 0.0479 | Epoch Time: 0.41s | Spearman@80: 0.7479 | Kendall@80: 0.5533
Epoch 25/150 | Train Loss: 0.0390 | Epoch Time: 0.39s | Spearman@80: 0.7341 | Kendall@80: 0.5375
Epoch 26/150 | Train Loss: 0.0447 | Epoch Time: 0.40s | Spearman@80: 0.7044 | Kendall@80: 0.5127
Epoch 27/150 | Train Loss: 0.0456 | Epoch Time: 0.41s | Spearman@80: 0.6452 | Kendall@80: 0.4519
Epoch 28/150 | Train Loss: 0.0458 | Epoch Time: 0.40s | Spearman@80: 0.6966 | Kendall@80: 0.5083
Epoch 29/150 | Train Loss: 0.0369 | Epoch Time: 0.39s | Spearman@80: 0.7054 | Kendall@80: 0.5292
Epoch 30/150 | Train Loss: 0.0394 | Epoch Time: 0.40s | Spearman@80: 0.7236 | Kendall@80: 0.5375
Epoch 31/150 | Train Loss: 0.0358 | Epoch Time: 0.41s | Spearman@80: 0.6974 | Kendall@80: 0.5070
Epoch 32/150 | Train Loss: 0.0376 | Epoch Time: 0.41s | Spearman@80: 0.6859 | Kendall@80: 0.5039
Epoch 33/150 | Train Loss: 0.0360 | Epoch Time: 0.40s | Spearman@80: 0.5714 | Kendall@80: 0.4019
Epoch 34/150 | Train Loss: 0.0419 | Epoch Time: 0.41s | Spearman@80: 0.6936 | Kendall@80: 0.5115
Epoch 35/150 | Train Loss: 0.0343 | Epoch Time: 0.41s | Spearman@80: 0.7056 | Kendall@80: 0.5305
Epoch 36/150 | Train Loss: 0.0382 | Epoch Time: 0.42s | Spearman@80: 0.6521 | Kendall@80: 0.4652
Epoch 37/150 | Train Loss: 0.0396 | Epoch Time: 0.41s | Spearman@80: 0.5939 | Kendall@80: 0.4146
Epoch 38/150 | Train Loss: 0.0350 | Epoch Time: 0.38s | Spearman@80: 0.6882 | Kendall@80: 0.5077
Epoch 39/150 | Train Loss: 0.0359 | Epoch Time: 0.42s | Spearman@80: 0.6856 | Kendall@80: 0.5020
Epoch 40/150 | Train Loss: 0.0425 | Epoch Time: 0.42s | Spearman@80: 0.6188 | Kendall@80: 0.4500
Epoch 41/150 | Train Loss: 0.0323 | Epoch Time: 0.41s | Spearman@80: 0.6027 | Kendall@80: 0.4355
Epoch 42/150 | Train Loss: 0.0323 | Epoch Time: 0.40s | Spearman@80: 0.6569 | Kendall@80: 0.4830
Epoch 43/150 | Train Loss: 0.0280 | Epoch Time: 0.39s | Spearman@80: 0.6314 | Kendall@80: 0.4494
Epoch 44/150 | Train Loss: 0.0311 | Epoch Time: 0.40s | Spearman@80: 0.6654 | Kendall@80: 0.4766
Epoch 45/150 | Train Loss: 0.0374 | Epoch Time: 0.41s | Spearman@80: 0.7208 | Kendall@80: 0.5317
Epoch 46/150 | Train Loss: 0.0301 | Epoch Time: 0.42s | Spearman@80: 0.6246 | Kendall@80: 0.4437
Epoch 47/150 | Train Loss: 0.0389 | Epoch Time: 0.41s | Spearman@80: 0.5990 | Kendall@80: 0.4285
Epoch 48/150 | Train Loss: 0.0277 | Epoch Time: 0.41s | Spearman@80: 0.6456 | Kendall@80: 0.4564
Epoch 49/150 | Train Loss: 0.0446 | Epoch Time: 0.42s | Spearman@80: 0.6833 | Kendall@80: 0.4963
Epoch 50/150 | Train Loss: 0.0390 | Epoch Time: 0.40s | Spearman@80: 0.5807 | Kendall@80: 0.4082
Epoch 51/150 | Train Loss: 0.0379 | Epoch Time: 0.42s | Spearman@80: 0.6477 | Kendall@80: 0.4779
Epoch 52/150 | Train Loss: 0.0312 | Epoch Time: 0.41s | Spearman@80: 0.5800 | Kendall@80: 0.4158
Epoch 53/150 | Train Loss: 0.0387 | Epoch Time: 0.41s | Spearman@80: 0.5744 | Kendall@80: 0.4032
Epoch 54/150 | Train Loss: 0.0411 | Epoch Time: 0.41s | Spearman@80: 0.7051 | Kendall@80: 0.5210
Epoch 55/150 | Train Loss: 0.0424 | Epoch Time: 0.41s | Spearman@80: 0.7173 | Kendall@80: 0.5298
Epoch 56/150 | Train Loss: 0.0384 | Epoch Time: 0.41s | Spearman@80: 0.6651 | Kendall@80: 0.4646
Epoch 57/150 | Train Loss: 0.0287 | Epoch Time: 0.41s | Spearman@80: 0.6480 | Kendall@80: 0.4646
Epoch 58/150 | Train Loss: 0.0380 | Epoch Time: 0.41s | Spearman@80: 0.6754 | Kendall@80: 0.4906
Epoch 59/150 | Train Loss: 0.0263 | Epoch Time: 0.41s | Spearman@80: 0.6216 | Kendall@80: 0.4456
Epoch 60/150 | Train Loss: 0.0317 | Epoch Time: 0.41s | Spearman@80: 0.6220 | Kendall@80: 0.4526
Epoch 61/150 | Train Loss: 0.0295 | Epoch Time: 0.42s | Spearman@80: 0.6280 | Kendall@80: 0.4564
Epoch 62/150 | Train Loss: 0.0320 | Epoch Time: 0.42s | Spearman@80: 0.5483 | Kendall@80: 0.3810
Epoch 63/150 | Train Loss: 0.0348 | Epoch Time: 0.42s | Spearman@80: 0.5808 | Kendall@80: 0.4070
Epoch 64/150 | Train Loss: 0.0339 | Epoch Time: 0.40s | Spearman@80: 0.6953 | Kendall@80: 0.5210
Epoch 65/150 | Train Loss: 0.0327 | Epoch Time: 0.40s | Spearman@80: 0.6805 | Kendall@80: 0.5039
Epoch 66/150 | Train Loss: 0.0270 | Epoch Time: 0.40s | Spearman@80: 0.5831 | Kendall@80: 0.4114
Epoch 67/150 | Train Loss: 0.0277 | Epoch Time: 0.42s | Spearman@80: 0.6092 | Kendall@80: 0.4418
Epoch 68/150 | Train Loss: 0.0412 | Epoch Time: 0.41s | Spearman@80: 0.6272 | Kendall@80: 0.4557
Epoch 69/150 | Train Loss: 0.0210 | Epoch Time: 0.40s | Spearman@80: 0.6459 | Kendall@80: 0.4728
Epoch 70/150 | Train Loss: 0.0278 | Epoch Time: 0.41s | Spearman@80: 0.6457 | Kendall@80: 0.4747
Epoch 71/150 | Train Loss: 0.0306 | Epoch Time: 0.40s | Spearman@80: 0.6719 | Kendall@80: 0.4963
Epoch 72/150 | Train Loss: 0.0234 | Epoch Time: 0.41s | Spearman@80: 0.6306 | Kendall@80: 0.4608
Epoch 73/150 | Train Loss: 0.0384 | Epoch Time: 0.40s | Spearman@80: 0.6377 | Kendall@80: 0.4690
Epoch 74/150 | Train Loss: 0.0244 | Epoch Time: 0.42s | Spearman@80: 0.6108 | Kendall@80: 0.4475
Epoch 75/150 | Train Loss: 0.0275 | Epoch Time: 0.41s | Spearman@80: 0.6410 | Kendall@80: 0.4760
Epoch 76/150 | Train Loss: 0.0257 | Epoch Time: 0.41s | Spearman@80: 0.6500 | Kendall@80: 0.4678
Epoch 77/150 | Train Loss: 0.0225 | Epoch Time: 0.41s | Spearman@80: 0.6644 | Kendall@80: 0.4899
Epoch 78/150 | Train Loss: 0.0328 | Epoch Time: 0.39s | Spearman@80: 0.6448 | Kendall@80: 0.4766
Epoch 79/150 | Train Loss: 0.0309 | Epoch Time: 0.41s | Spearman@80: 0.7109 | Kendall@80: 0.5311
Epoch 80/150 | Train Loss: 0.0485 | Epoch Time: 0.40s | Spearman@80: 0.5940 | Kendall@80: 0.4215
Epoch 81/150 | Train Loss: 0.0381 | Epoch Time: 0.40s | Spearman@80: 0.5159 | Kendall@80: 0.3557
Epoch 82/150 | Train Loss: 0.0361 | Epoch Time: 0.41s | Spearman@80: 0.6381 | Kendall@80: 0.4589
Epoch 83/150 | Train Loss: 0.0239 | Epoch Time: 0.40s | Spearman@80: 0.6968 | Kendall@80: 0.5210
Epoch 84/150 | Train Loss: 0.0310 | Epoch Time: 0.41s | Spearman@80: 0.6903 | Kendall@80: 0.5210
Epoch 85/150 | Train Loss: 0.0276 | Epoch Time: 0.42s | Spearman@80: 0.6307 | Kendall@80: 0.4703
Epoch 86/150 | Train Loss: 0.0209 | Epoch Time: 0.41s | Spearman@80: 0.5620 | Kendall@80: 0.4139
Epoch 87/150 | Train Loss: 0.0262 | Epoch Time: 0.40s | Spearman@80: 0.6121 | Kendall@80: 0.4583
Epoch 88/150 | Train Loss: 0.0237 | Epoch Time: 0.41s | Spearman@80: 0.6598 | Kendall@80: 0.4950
Epoch 89/150 | Train Loss: 0.0219 | Epoch Time: 0.41s | Spearman@80: 0.6351 | Kendall@80: 0.4722
Epoch 90/150 | Train Loss: 0.0225 | Epoch Time: 0.40s | Spearman@80: 0.6089 | Kendall@80: 0.4519
Epoch 91/150 | Train Loss: 0.0221 | Epoch Time: 0.41s | Spearman@80: 0.6312 | Kendall@80: 0.4697
Epoch 92/150 | Train Loss: 0.0168 | Epoch Time: 0.42s | Spearman@80: 0.6348 | Kendall@80: 0.4747
Epoch 93/150 | Train Loss: 0.0230 | Epoch Time: 0.40s | Spearman@80: 0.6055 | Kendall@80: 0.4424
Epoch 94/150 | Train Loss: 0.0261 | Epoch Time: 0.40s | Spearman@80: 0.5926 | Kendall@80: 0.4304
Epoch 95/150 | Train Loss: 0.0259 | Epoch Time: 0.41s | Spearman@80: 0.6267 | Kendall@80: 0.4728
Epoch 96/150 | Train Loss: 0.0232 | Epoch Time: 0.41s | Spearman@80: 0.6350 | Kendall@80: 0.4785
Epoch 97/150 | Train Loss: 0.0274 | Epoch Time: 0.42s | Spearman@80: 0.5614 | Kendall@80: 0.4127
Epoch 98/150 | Train Loss: 0.0235 | Epoch Time: 0.42s | Spearman@80: 0.6105 | Kendall@80: 0.4602
Epoch 99/150 | Train Loss: 0.0212 | Epoch Time: 0.40s | Spearman@80: 0.6119 | Kendall@80: 0.4532
Epoch 100/150 | Train Loss: 0.0219 | Epoch Time: 0.41s | Spearman@80: 0.6037 | Kendall@80: 0.4443
Epoch 101/150 | Train Loss: 0.0198 | Epoch Time: 0.40s | Spearman@80: 0.5771 | Kendall@80: 0.4190
Epoch 102/150 | Train Loss: 0.0194 | Epoch Time: 0.41s | Spearman@80: 0.5776 | Kendall@80: 0.4152
Epoch 103/150 | Train Loss: 0.0156 | Epoch Time: 0.42s | Spearman@80: 0.6082 | Kendall@80: 0.4431
Epoch 104/150 | Train Loss: 0.0137 | Epoch Time: 0.42s | Spearman@80: 0.6194 | Kendall@80: 0.4621
Epoch 105/150 | Train Loss: 0.0202 | Epoch Time: 0.42s | Spearman@80: 0.6086 | Kendall@80: 0.4557
Epoch 106/150 | Train Loss: 0.0169 | Epoch Time: 0.41s | Spearman@80: 0.5929 | Kendall@80: 0.4355
Epoch 107/150 | Train Loss: 0.0195 | Epoch Time: 0.42s | Spearman@80: 0.5774 | Kendall@80: 0.4165
Epoch 108/150 | Train Loss: 0.0162 | Epoch Time: 0.40s | Spearman@80: 0.5908 | Kendall@80: 0.4329
Epoch 109/150 | Train Loss: 0.0194 | Epoch Time: 0.39s | Spearman@80: 0.6084 | Kendall@80: 0.4507
Epoch 110/150 | Train Loss: 0.0191 | Epoch Time: 0.40s | Spearman@80: 0.6493 | Kendall@80: 0.4868
Epoch 111/150 | Train Loss: 0.0131 | Epoch Time: 0.42s | Spearman@80: 0.6251 | Kendall@80: 0.4678
Epoch 112/150 | Train Loss: 0.0214 | Epoch Time: 0.42s | Spearman@80: 0.5956 | Kendall@80: 0.4412
Epoch 113/150 | Train Loss: 0.0215 | Epoch Time: 0.41s | Spearman@80: 0.6229 | Kendall@80: 0.4684
Epoch 114/150 | Train Loss: 0.0167 | Epoch Time: 0.41s | Spearman@80: 0.6556 | Kendall@80: 0.4944
Epoch 115/150 | Train Loss: 0.0247 | Epoch Time: 0.42s | Spearman@80: 0.6057 | Kendall@80: 0.4519
Epoch 116/150 | Train Loss: 0.0122 | Epoch Time: 0.41s | Spearman@80: 0.6062 | Kendall@80: 0.4500
Epoch 117/150 | Train Loss: 0.0196 | Epoch Time: 0.41s | Spearman@80: 0.5954 | Kendall@80: 0.4380
Epoch 118/150 | Train Loss: 0.0204 | Epoch Time: 0.41s | Spearman@80: 0.5938 | Kendall@80: 0.4393
Epoch 119/150 | Train Loss: 0.0142 | Epoch Time: 0.41s | Spearman@80: 0.5946 | Kendall@80: 0.4380
Epoch 120/150 | Train Loss: 0.0154 | Epoch Time: 0.41s | Spearman@80: 0.6107 | Kendall@80: 0.4513
Epoch 121/150 | Train Loss: 0.0160 | Epoch Time: 0.40s | Spearman@80: 0.6269 | Kendall@80: 0.4690
Epoch 122/150 | Train Loss: 0.0155 | Epoch Time: 0.42s | Spearman@80: 0.6249 | Kendall@80: 0.4671
Epoch 123/150 | Train Loss: 0.0185 | Epoch Time: 0.40s | Spearman@80: 0.6030 | Kendall@80: 0.4475
Epoch 124/150 | Train Loss: 0.0157 | Epoch Time: 0.41s | Spearman@80: 0.5857 | Kendall@80: 0.4355
Epoch 125/150 | Train Loss: 0.0123 | Epoch Time: 0.41s | Spearman@80: 0.5864 | Kendall@80: 0.4342
Epoch 126/150 | Train Loss: 0.0143 | Epoch Time: 0.39s | Spearman@80: 0.5959 | Kendall@80: 0.4437
Epoch 127/150 | Train Loss: 0.0165 | Epoch Time: 0.41s | Spearman@80: 0.5938 | Kendall@80: 0.4450
Epoch 128/150 | Train Loss: 0.0154 | Epoch Time: 0.41s | Spearman@80: 0.5938 | Kendall@80: 0.4424
Epoch 129/150 | Train Loss: 0.0187 | Epoch Time: 0.41s | Spearman@80: 0.5962 | Kendall@80: 0.4462
Epoch 130/150 | Train Loss: 0.0195 | Epoch Time: 0.40s | Spearman@80: 0.5891 | Kendall@80: 0.4405
Epoch 131/150 | Train Loss: 0.0128 | Epoch Time: 0.41s | Spearman@80: 0.5890 | Kendall@80: 0.4405
Epoch 132/150 | Train Loss: 0.0187 | Epoch Time: 0.42s | Spearman@80: 0.5894 | Kendall@80: 0.4393
Epoch 133/150 | Train Loss: 0.0168 | Epoch Time: 0.41s | Spearman@80: 0.5947 | Kendall@80: 0.4418
Epoch 134/150 | Train Loss: 0.0141 | Epoch Time: 0.41s | Spearman@80: 0.5960 | Kendall@80: 0.4437
Epoch 135/150 | Train Loss: 0.0150 | Epoch Time: 0.41s | Spearman@80: 0.5969 | Kendall@80: 0.4456
Epoch 136/150 | Train Loss: 0.0123 | Epoch Time: 0.42s | Spearman@80: 0.5997 | Kendall@80: 0.4481
Epoch 137/150 | Train Loss: 0.0190 | Epoch Time: 0.40s | Spearman@80: 0.6018 | Kendall@80: 0.4488
Epoch 138/150 | Train Loss: 0.0209 | Epoch Time: 0.41s | Spearman@80: 0.6004 | Kendall@80: 0.4481
Epoch 139/150 | Train Loss: 0.0157 | Epoch Time: 0.41s | Spearman@80: 0.6007 | Kendall@80: 0.4481
Epoch 140/150 | Train Loss: 0.0110 | Epoch Time: 0.39s | Spearman@80: 0.5984 | Kendall@80: 0.4469
Epoch 141/150 | Train Loss: 0.0123 | Epoch Time: 0.40s | Spearman@80: 0.5982 | Kendall@80: 0.4469
Epoch 142/150 | Train Loss: 0.0202 | Epoch Time: 0.41s | Spearman@80: 0.5994 | Kendall@80: 0.4469
Epoch 143/150 | Train Loss: 0.0141 | Epoch Time: 0.41s | Spearman@80: 0.6012 | Kendall@80: 0.4481
Epoch 144/150 | Train Loss: 0.0142 | Epoch Time: 0.39s | Spearman@80: 0.6005 | Kendall@80: 0.4481
Epoch 145/150 | Train Loss: 0.0167 | Epoch Time: 0.41s | Spearman@80: 0.6003 | Kendall@80: 0.4475
Epoch 146/150 | Train Loss: 0.0153 | Epoch Time: 0.42s | Spearman@80: 0.6018 | Kendall@80: 0.4481
Epoch 147/150 | Train Loss: 0.0096 | Epoch Time: 1.15s | Spearman@4934: 0.5804 | Kendall@4934: 0.4122
Epoch 148/150 | Train Loss: 0.0114 | Epoch Time: 1.17s | Spearman@4934: 0.5804 | Kendall@4934: 0.4122
Epoch 149/150 | Train Loss: 0.0144 | Epoch Time: 1.17s | Spearman@4934: 0.5804 | Kendall@4934: 0.4122
Epoch 150/150 | Train Loss: 0.0175 | Epoch Time: 1.17s | Spearman@4934: 0.5805 | Kendall@4934: 0.4123
Sample Count: 64, Spearman: 0.5804318635412039, Kendall: 0.4122467756500362
{64: (0.5804318635412039, 0.4122467756500362),
 128: (0.7010678901842433, 0.5122212549747366)}
Epoch 1/150 | Train Loss: 0.0986 | Epoch Time: 0.82s | Spearman@80: 0.4863 | Kendall@80: 0.3478
Epoch 2/150 | Train Loss: 0.0929 | Epoch Time: 0.81s | Spearman@80: 0.3724 | Kendall@80: 0.2528
Epoch 3/150 | Train Loss: 0.0764 | Epoch Time: 0.80s | Spearman@80: 0.4910 | Kendall@80: 0.3446
Epoch 4/150 | Train Loss: 0.0659 | Epoch Time: 0.80s | Spearman@80: 0.5072 | Kendall@80: 0.3497
Epoch 5/150 | Train Loss: 0.0695 | Epoch Time: 0.82s | Spearman@80: 0.4868 | Kendall@80: 0.3434
Epoch 6/150 | Train Loss: 0.0735 | Epoch Time: 0.82s | Spearman@80: 0.5596 | Kendall@80: 0.4035
Epoch 7/150 | Train Loss: 0.0594 | Epoch Time: 0.81s | Spearman@80: 0.5613 | Kendall@80: 0.3985
Epoch 8/150 | Train Loss: 0.0577 | Epoch Time: 0.81s | Spearman@80: 0.6077 | Kendall@80: 0.4397
Epoch 9/150 | Train Loss: 0.0604 | Epoch Time: 0.80s | Spearman@80: 0.5720 | Kendall@80: 0.4035
Epoch 10/150 | Train Loss: 0.0557 | Epoch Time: 0.80s | Spearman@80: 0.5985 | Kendall@80: 0.4264
Epoch 11/150 | Train Loss: 0.0620 | Epoch Time: 0.80s | Spearman@80: 0.6580 | Kendall@80: 0.4859
Epoch 12/150 | Train Loss: 0.0599 | Epoch Time: 0.82s | Spearman@80: 0.6299 | Kendall@80: 0.4479
Epoch 13/150 | Train Loss: 0.0580 | Epoch Time: 0.83s | Spearman@80: 0.6401 | Kendall@80: 0.4669
Epoch 14/150 | Train Loss: 0.0614 | Epoch Time: 0.82s | Spearman@80: 0.6295 | Kendall@80: 0.4574
Epoch 15/150 | Train Loss: 0.0556 | Epoch Time: 0.82s | Spearman@80: 0.5901 | Kendall@80: 0.4169
Epoch 16/150 | Train Loss: 0.0555 | Epoch Time: 0.80s | Spearman@80: 0.6353 | Kendall@80: 0.4587
Epoch 17/150 | Train Loss: 0.0478 | Epoch Time: 0.81s | Spearman@80: 0.6281 | Kendall@80: 0.4447
Epoch 18/150 | Train Loss: 0.0497 | Epoch Time: 0.82s | Spearman@80: 0.6401 | Kendall@80: 0.4606
Epoch 19/150 | Train Loss: 0.0531 | Epoch Time: 0.81s | Spearman@80: 0.6708 | Kendall@80: 0.4846
Epoch 20/150 | Train Loss: 0.0507 | Epoch Time: 0.82s | Spearman@80: 0.6390 | Kendall@80: 0.4561
Epoch 21/150 | Train Loss: 0.0512 | Epoch Time: 0.82s | Spearman@80: 0.6309 | Kendall@80: 0.4511
Epoch 22/150 | Train Loss: 0.0463 | Epoch Time: 0.82s | Spearman@80: 0.6805 | Kendall@80: 0.4960
Epoch 23/150 | Train Loss: 0.0504 | Epoch Time: 0.82s | Spearman@80: 0.6525 | Kendall@80: 0.4701
Epoch 24/150 | Train Loss: 0.0523 | Epoch Time: 0.81s | Spearman@80: 0.6564 | Kendall@80: 0.4745
Epoch 25/150 | Train Loss: 0.0494 | Epoch Time: 0.82s | Spearman@80: 0.6699 | Kendall@80: 0.4770
Epoch 26/150 | Train Loss: 0.0484 | Epoch Time: 0.80s | Spearman@80: 0.6638 | Kendall@80: 0.4846
Epoch 27/150 | Train Loss: 0.0504 | Epoch Time: 0.78s | Spearman@80: 0.6647 | Kendall@80: 0.4897
Epoch 28/150 | Train Loss: 0.0430 | Epoch Time: 0.81s | Spearman@80: 0.6445 | Kendall@80: 0.4688
Epoch 29/150 | Train Loss: 0.0439 | Epoch Time: 0.78s | Spearman@80: 0.6406 | Kendall@80: 0.4568
Epoch 30/150 | Train Loss: 0.0500 | Epoch Time: 0.80s | Spearman@80: 0.6724 | Kendall@80: 0.4872
Epoch 31/150 | Train Loss: 0.0452 | Epoch Time: 0.83s | Spearman@80: 0.6461 | Kendall@80: 0.4555
Epoch 32/150 | Train Loss: 0.0425 | Epoch Time: 0.82s | Spearman@80: 0.6356 | Kendall@80: 0.4587
Epoch 33/150 | Train Loss: 0.0452 | Epoch Time: 0.82s | Spearman@80: 0.6709 | Kendall@80: 0.4720
Epoch 34/150 | Train Loss: 0.0482 | Epoch Time: 0.83s | Spearman@80: 0.6788 | Kendall@80: 0.4897
Epoch 35/150 | Train Loss: 0.0417 | Epoch Time: 0.82s | Spearman@80: 0.7033 | Kendall@80: 0.5138
Epoch 36/150 | Train Loss: 0.0382 | Epoch Time: 0.82s | Spearman@80: 0.6997 | Kendall@80: 0.5074
Epoch 37/150 | Train Loss: 0.0377 | Epoch Time: 0.82s | Spearman@80: 0.7257 | Kendall@80: 0.5315
Epoch 38/150 | Train Loss: 0.0353 | Epoch Time: 0.83s | Spearman@80: 0.7061 | Kendall@80: 0.5074
Epoch 39/150 | Train Loss: 0.0416 | Epoch Time: 0.82s | Spearman@80: 0.6580 | Kendall@80: 0.4713
Epoch 40/150 | Train Loss: 0.0443 | Epoch Time: 0.81s | Spearman@80: 0.6655 | Kendall@80: 0.4802
Epoch 41/150 | Train Loss: 0.0437 | Epoch Time: 0.83s | Spearman@80: 0.6887 | Kendall@80: 0.5036
Epoch 42/150 | Train Loss: 0.0410 | Epoch Time: 0.83s | Spearman@80: 0.7065 | Kendall@80: 0.5150
Epoch 43/150 | Train Loss: 0.0378 | Epoch Time: 0.83s | Spearman@80: 0.7127 | Kendall@80: 0.5138
Epoch 44/150 | Train Loss: 0.0430 | Epoch Time: 0.83s | Spearman@80: 0.7576 | Kendall@80: 0.5600
Epoch 45/150 | Train Loss: 0.0391 | Epoch Time: 0.82s | Spearman@80: 0.7497 | Kendall@80: 0.5480
Epoch 46/150 | Train Loss: 0.0412 | Epoch Time: 0.83s | Spearman@80: 0.7299 | Kendall@80: 0.5334
Epoch 47/150 | Train Loss: 0.0406 | Epoch Time: 0.83s | Spearman@80: 0.6926 | Kendall@80: 0.5011
Epoch 48/150 | Train Loss: 0.0344 | Epoch Time: 0.83s | Spearman@80: 0.6814 | Kendall@80: 0.4865
Epoch 49/150 | Train Loss: 0.0391 | Epoch Time: 0.83s | Spearman@80: 0.7284 | Kendall@80: 0.5341
Epoch 50/150 | Train Loss: 0.0359 | Epoch Time: 0.82s | Spearman@80: 0.7114 | Kendall@80: 0.5182
Epoch 51/150 | Train Loss: 0.0368 | Epoch Time: 0.82s | Spearman@80: 0.7438 | Kendall@80: 0.5524
Epoch 52/150 | Train Loss: 0.0305 | Epoch Time: 0.83s | Spearman@80: 0.7430 | Kendall@80: 0.5543
Epoch 53/150 | Train Loss: 0.0357 | Epoch Time: 0.82s | Spearman@80: 0.7253 | Kendall@80: 0.5404
Epoch 54/150 | Train Loss: 0.0375 | Epoch Time: 0.82s | Spearman@80: 0.7449 | Kendall@80: 0.5556
Epoch 55/150 | Train Loss: 0.0321 | Epoch Time: 0.82s | Spearman@80: 0.7443 | Kendall@80: 0.5524
Epoch 56/150 | Train Loss: 0.0310 | Epoch Time: 0.83s | Spearman@80: 0.7050 | Kendall@80: 0.5176
Epoch 57/150 | Train Loss: 0.0339 | Epoch Time: 0.84s | Spearman@80: 0.7392 | Kendall@80: 0.5480
Epoch 58/150 | Train Loss: 0.0349 | Epoch Time: 0.80s | Spearman@80: 0.7386 | Kendall@80: 0.5455
Epoch 59/150 | Train Loss: 0.0393 | Epoch Time: 0.79s | Spearman@80: 0.7447 | Kendall@80: 0.5569
Epoch 60/150 | Train Loss: 0.0335 | Epoch Time: 0.80s | Spearman@80: 0.7374 | Kendall@80: 0.5480
Epoch 61/150 | Train Loss: 0.0348 | Epoch Time: 0.78s | Spearman@80: 0.7566 | Kendall@80: 0.5638
Epoch 62/150 | Train Loss: 0.0309 | Epoch Time: 0.78s | Spearman@80: 0.7358 | Kendall@80: 0.5455
Epoch 63/150 | Train Loss: 0.0329 | Epoch Time: 0.81s | Spearman@80: 0.7389 | Kendall@80: 0.5410
Epoch 64/150 | Train Loss: 0.0312 | Epoch Time: 0.81s | Spearman@80: 0.6185 | Kendall@80: 0.4403
Epoch 65/150 | Train Loss: 0.0392 | Epoch Time: 0.78s | Spearman@80: 0.7529 | Kendall@80: 0.5543
Epoch 66/150 | Train Loss: 0.0366 | Epoch Time: 0.79s | Spearman@80: 0.6994 | Kendall@80: 0.5074
Epoch 67/150 | Train Loss: 0.0335 | Epoch Time: 0.80s | Spearman@80: 0.7012 | Kendall@80: 0.5138
Epoch 68/150 | Train Loss: 0.0340 | Epoch Time: 0.77s | Spearman@80: 0.7238 | Kendall@80: 0.5315
Epoch 69/150 | Train Loss: 0.0330 | Epoch Time: 0.78s | Spearman@80: 0.6850 | Kendall@80: 0.4910
Epoch 70/150 | Train Loss: 0.0384 | Epoch Time: 0.76s | Spearman@80: 0.7267 | Kendall@80: 0.5353
Epoch 71/150 | Train Loss: 0.0340 | Epoch Time: 0.77s | Spearman@80: 0.7458 | Kendall@80: 0.5556
Epoch 72/150 | Train Loss: 0.0336 | Epoch Time: 0.79s | Spearman@80: 0.6952 | Kendall@80: 0.5055
Epoch 73/150 | Train Loss: 0.0325 | Epoch Time: 0.78s | Spearman@80: 0.7089 | Kendall@80: 0.5131
Epoch 74/150 | Train Loss: 0.0300 | Epoch Time: 0.79s | Spearman@80: 0.7385 | Kendall@80: 0.5423
Epoch 75/150 | Train Loss: 0.0277 | Epoch Time: 0.79s | Spearman@80: 0.6840 | Kendall@80: 0.4935
Epoch 76/150 | Train Loss: 0.0351 | Epoch Time: 0.81s | Spearman@80: 0.7036 | Kendall@80: 0.5157
Epoch 77/150 | Train Loss: 0.0259 | Epoch Time: 0.78s | Spearman@80: 0.7112 | Kendall@80: 0.5157
Epoch 78/150 | Train Loss: 0.0262 | Epoch Time: 0.78s | Spearman@80: 0.7349 | Kendall@80: 0.5410
Epoch 79/150 | Train Loss: 0.0263 | Epoch Time: 0.80s | Spearman@80: 0.7368 | Kendall@80: 0.5474
Epoch 80/150 | Train Loss: 0.0271 | Epoch Time: 0.78s | Spearman@80: 0.7336 | Kendall@80: 0.5385
Epoch 81/150 | Train Loss: 0.0295 | Epoch Time: 0.81s | Spearman@80: 0.7203 | Kendall@80: 0.5207
Epoch 82/150 | Train Loss: 0.0261 | Epoch Time: 0.80s | Spearman@80: 0.7510 | Kendall@80: 0.5594
Epoch 83/150 | Train Loss: 0.0280 | Epoch Time: 0.75s | Spearman@80: 0.7327 | Kendall@80: 0.5398
Epoch 84/150 | Train Loss: 0.0264 | Epoch Time: 0.79s | Spearman@80: 0.7456 | Kendall@80: 0.5448
Epoch 85/150 | Train Loss: 0.0295 | Epoch Time: 0.81s | Spearman@80: 0.7458 | Kendall@80: 0.5499
Epoch 86/150 | Train Loss: 0.0288 | Epoch Time: 0.77s | Spearman@80: 0.6850 | Kendall@80: 0.4979
Epoch 87/150 | Train Loss: 0.0251 | Epoch Time: 0.77s | Spearman@80: 0.6981 | Kendall@80: 0.5150
Epoch 88/150 | Train Loss: 0.0298 | Epoch Time: 0.77s | Spearman@80: 0.7485 | Kendall@80: 0.5581
Epoch 89/150 | Train Loss: 0.0187 | Epoch Time: 0.79s | Spearman@80: 0.7229 | Kendall@80: 0.5271
Epoch 90/150 | Train Loss: 0.0202 | Epoch Time: 0.80s | Spearman@80: 0.6894 | Kendall@80: 0.5036
Epoch 91/150 | Train Loss: 0.0326 | Epoch Time: 0.78s | Spearman@80: 0.6948 | Kendall@80: 0.5093
Epoch 92/150 | Train Loss: 0.0262 | Epoch Time: 0.78s | Spearman@80: 0.7371 | Kendall@80: 0.5379
Epoch 93/150 | Train Loss: 0.0261 | Epoch Time: 0.78s | Spearman@80: 0.7313 | Kendall@80: 0.5341
Epoch 94/150 | Train Loss: 0.0283 | Epoch Time: 0.79s | Spearman@80: 0.7335 | Kendall@80: 0.5436
Epoch 95/150 | Train Loss: 0.0228 | Epoch Time: 0.79s | Spearman@80: 0.7391 | Kendall@80: 0.5423
Epoch 96/150 | Train Loss: 0.0216 | Epoch Time: 0.76s | Spearman@80: 0.7280 | Kendall@80: 0.5322
Epoch 97/150 | Train Loss: 0.0255 | Epoch Time: 0.81s | Spearman@80: 0.7322 | Kendall@80: 0.5398
Epoch 98/150 | Train Loss: 0.0236 | Epoch Time: 0.79s | Spearman@80: 0.6963 | Kendall@80: 0.5055
Epoch 99/150 | Train Loss: 0.0242 | Epoch Time: 0.79s | Spearman@80: 0.7267 | Kendall@80: 0.5303
Epoch 100/150 | Train Loss: 0.0238 | Epoch Time: 0.80s | Spearman@80: 0.7623 | Kendall@80: 0.5664
Epoch 101/150 | Train Loss: 0.0231 | Epoch Time: 0.82s | Spearman@80: 0.7378 | Kendall@80: 0.5398
Epoch 102/150 | Train Loss: 0.0205 | Epoch Time: 0.80s | Spearman@80: 0.7254 | Kendall@80: 0.5303
Epoch 103/150 | Train Loss: 0.0188 | Epoch Time: 0.77s | Spearman@80: 0.7431 | Kendall@80: 0.5455
Epoch 104/150 | Train Loss: 0.0264 | Epoch Time: 0.79s | Spearman@80: 0.7101 | Kendall@80: 0.5081
Epoch 105/150 | Train Loss: 0.0214 | Epoch Time: 0.76s | Spearman@80: 0.7037 | Kendall@80: 0.5062
Epoch 106/150 | Train Loss: 0.0184 | Epoch Time: 0.79s | Spearman@80: 0.7216 | Kendall@80: 0.5207
Epoch 107/150 | Train Loss: 0.0202 | Epoch Time: 0.77s | Spearman@80: 0.7365 | Kendall@80: 0.5379
Epoch 108/150 | Train Loss: 0.0232 | Epoch Time: 0.81s | Spearman@80: 0.6848 | Kendall@80: 0.4891
Epoch 109/150 | Train Loss: 0.0202 | Epoch Time: 0.78s | Spearman@80: 0.7151 | Kendall@80: 0.5290
Epoch 110/150 | Train Loss: 0.0208 | Epoch Time: 0.79s | Spearman@80: 0.7333 | Kendall@80: 0.5360
Epoch 111/150 | Train Loss: 0.0204 | Epoch Time: 0.76s | Spearman@80: 0.7219 | Kendall@80: 0.5309
Epoch 112/150 | Train Loss: 0.0174 | Epoch Time: 0.78s | Spearman@80: 0.7394 | Kendall@80: 0.5385
Epoch 113/150 | Train Loss: 0.0156 | Epoch Time: 0.79s | Spearman@80: 0.7190 | Kendall@80: 0.5163
Epoch 114/150 | Train Loss: 0.0150 | Epoch Time: 0.79s | Spearman@80: 0.7132 | Kendall@80: 0.5138
Epoch 115/150 | Train Loss: 0.0159 | Epoch Time: 0.78s | Spearman@80: 0.7531 | Kendall@80: 0.5518
Epoch 116/150 | Train Loss: 0.0156 | Epoch Time: 0.80s | Spearman@80: 0.7462 | Kendall@80: 0.5499
Epoch 117/150 | Train Loss: 0.0152 | Epoch Time: 0.79s | Spearman@80: 0.7557 | Kendall@80: 0.5562
Epoch 118/150 | Train Loss: 0.0147 | Epoch Time: 0.81s | Spearman@80: 0.7492 | Kendall@80: 0.5448
Epoch 119/150 | Train Loss: 0.0125 | Epoch Time: 0.81s | Spearman@80: 0.7476 | Kendall@80: 0.5474
Epoch 120/150 | Train Loss: 0.0185 | Epoch Time: 0.79s | Spearman@80: 0.7372 | Kendall@80: 0.5410
Epoch 121/150 | Train Loss: 0.0127 | Epoch Time: 0.79s | Spearman@80: 0.7443 | Kendall@80: 0.5429
Epoch 122/150 | Train Loss: 0.0150 | Epoch Time: 0.79s | Spearman@80: 0.7479 | Kendall@80: 0.5448
Epoch 123/150 | Train Loss: 0.0181 | Epoch Time: 0.75s | Spearman@80: 0.7498 | Kendall@80: 0.5480
Epoch 124/150 | Train Loss: 0.0173 | Epoch Time: 0.76s | Spearman@80: 0.7322 | Kendall@80: 0.5303
Epoch 125/150 | Train Loss: 0.0169 | Epoch Time: 0.77s | Spearman@80: 0.7226 | Kendall@80: 0.5195
Epoch 126/150 | Train Loss: 0.0148 | Epoch Time: 0.78s | Spearman@80: 0.7144 | Kendall@80: 0.5163
Epoch 127/150 | Train Loss: 0.0154 | Epoch Time: 0.79s | Spearman@80: 0.7274 | Kendall@80: 0.5226
Epoch 128/150 | Train Loss: 0.0127 | Epoch Time: 0.78s | Spearman@80: 0.7414 | Kendall@80: 0.5372
Epoch 129/150 | Train Loss: 0.0147 | Epoch Time: 0.77s | Spearman@80: 0.7368 | Kendall@80: 0.5347
Epoch 130/150 | Train Loss: 0.0162 | Epoch Time: 0.81s | Spearman@80: 0.7348 | Kendall@80: 0.5366
Epoch 131/150 | Train Loss: 0.0134 | Epoch Time: 0.78s | Spearman@80: 0.7328 | Kendall@80: 0.5328
Epoch 132/150 | Train Loss: 0.0150 | Epoch Time: 0.82s | Spearman@80: 0.7294 | Kendall@80: 0.5296
Epoch 133/150 | Train Loss: 0.0154 | Epoch Time: 0.77s | Spearman@80: 0.7318 | Kendall@80: 0.5315
Epoch 134/150 | Train Loss: 0.0122 | Epoch Time: 0.79s | Spearman@80: 0.7431 | Kendall@80: 0.5448
Epoch 135/150 | Train Loss: 0.0148 | Epoch Time: 0.79s | Spearman@80: 0.7445 | Kendall@80: 0.5486
Epoch 136/150 | Train Loss: 0.0134 | Epoch Time: 0.81s | Spearman@80: 0.7445 | Kendall@80: 0.5442
Epoch 137/150 | Train Loss: 0.0134 | Epoch Time: 0.82s | Spearman@80: 0.7447 | Kendall@80: 0.5448
Epoch 138/150 | Train Loss: 0.0147 | Epoch Time: 0.81s | Spearman@80: 0.7462 | Kendall@80: 0.5436
Epoch 139/150 | Train Loss: 0.0141 | Epoch Time: 0.81s | Spearman@80: 0.7420 | Kendall@80: 0.5385
Epoch 140/150 | Train Loss: 0.0166 | Epoch Time: 0.79s | Spearman@80: 0.7426 | Kendall@80: 0.5417
Epoch 141/150 | Train Loss: 0.0155 | Epoch Time: 0.80s | Spearman@80: 0.7407 | Kendall@80: 0.5385
Epoch 142/150 | Train Loss: 0.0113 | Epoch Time: 0.81s | Spearman@80: 0.7409 | Kendall@80: 0.5385
Epoch 143/150 | Train Loss: 0.0155 | Epoch Time: 0.80s | Spearman@80: 0.7427 | Kendall@80: 0.5398
Epoch 144/150 | Train Loss: 0.0142 | Epoch Time: 0.81s | Spearman@80: 0.7385 | Kendall@80: 0.5360
Epoch 145/150 | Train Loss: 0.0128 | Epoch Time: 0.81s | Spearman@80: 0.7405 | Kendall@80: 0.5385
Epoch 146/150 | Train Loss: 0.0105 | Epoch Time: 0.81s | Spearman@80: 0.7408 | Kendall@80: 0.5379
Epoch 147/150 | Train Loss: 0.0085 | Epoch Time: 1.53s | Spearman@4870: 0.6925 | Kendall@4870: 0.5051
Epoch 148/150 | Train Loss: 0.0139 | Epoch Time: 1.47s | Spearman@4870: 0.6924 | Kendall@4870: 0.5050
Epoch 149/150 | Train Loss: 0.0131 | Epoch Time: 1.52s | Spearman@4870: 0.6923 | Kendall@4870: 0.5049
Epoch 150/150 | Train Loss: 0.0122 | Epoch Time: 1.51s | Spearman@4870: 0.6922 | Kendall@4870: 0.5048
Sample Count: 128, Spearman: 0.6923533466564529, Kendall: 0.504942628846144
{64: (0.5804318635412039, 0.4122467756500362),
 128: (0.6923533466564529, 0.504942628846144)}
Average KDT:  0.3764614041003509
Variance KDT:  0.0006818972475976761
Average SPR:  0.5369546917657498
Variance SPR:  0.0010117638802569632
Average KDT:  0.4497829737142764
Variance KDT:  0.006923467054920294
Average SPR:  0.6248128629293269
Variance SPR:  0.01035123170077628
