Loading Files for NASBench101...
Loading dataset from file... This may take a few minutes...
Loaded dataset in 39 seconds
Loaded files in:  60.99441456794739  seconds
Normalizing ZCP dict
Epoch 1/150 | Train Loss: 0.0960 | Epoch Time: 0.69s | Spearman@80: 0.5967 | Kendall@80: 0.4244
Epoch 2/150 | Train Loss: 0.0743 | Epoch Time: 0.29s | Spearman@80: 0.6162 | Kendall@80: 0.4403
Epoch 3/150 | Train Loss: 0.0647 | Epoch Time: 0.26s | Spearman@80: 0.7482 | Kendall@80: 0.5555
Epoch 4/150 | Train Loss: 0.0711 | Epoch Time: 0.28s | Spearman@80: 0.5801 | Kendall@80: 0.4048
Epoch 5/150 | Train Loss: 0.0673 | Epoch Time: 0.28s | Spearman@80: 0.7791 | Kendall@80: 0.5871
Epoch 6/150 | Train Loss: 0.0612 | Epoch Time: 0.30s | Spearman@80: 0.7219 | Kendall@80: 0.5453
Epoch 7/150 | Train Loss: 0.0648 | Epoch Time: 0.28s | Spearman@80: 0.7824 | Kendall@80: 0.6029
Epoch 8/150 | Train Loss: 0.0584 | Epoch Time: 0.28s | Spearman@80: 0.8234 | Kendall@80: 0.6409
Epoch 9/150 | Train Loss: 0.0598 | Epoch Time: 0.27s | Spearman@80: 0.8322 | Kendall@80: 0.6504
Epoch 10/150 | Train Loss: 0.0585 | Epoch Time: 0.28s | Spearman@80: 0.6014 | Kendall@80: 0.4225
Epoch 11/150 | Train Loss: 0.0554 | Epoch Time: 0.27s | Spearman@80: 0.8106 | Kendall@80: 0.6295
Epoch 12/150 | Train Loss: 0.0494 | Epoch Time: 0.28s | Spearman@80: 0.8707 | Kendall@80: 0.6935
Epoch 13/150 | Train Loss: 0.0478 | Epoch Time: 0.28s | Spearman@80: 0.8374 | Kendall@80: 0.6542
Epoch 14/150 | Train Loss: 0.0534 | Epoch Time: 0.27s | Spearman@80: 0.8368 | Kendall@80: 0.6542
Epoch 15/150 | Train Loss: 0.0409 | Epoch Time: 0.27s | Spearman@80: 0.8696 | Kendall@80: 0.6909
Epoch 16/150 | Train Loss: 0.0481 | Epoch Time: 0.27s | Spearman@80: 0.8855 | Kendall@80: 0.7036
Epoch 17/150 | Train Loss: 0.0475 | Epoch Time: 0.29s | Spearman@80: 0.8951 | Kendall@80: 0.7226
Epoch 18/150 | Train Loss: 0.0478 | Epoch Time: 0.28s | Spearman@80: 0.8312 | Kendall@80: 0.6530
Epoch 19/150 | Train Loss: 0.0483 | Epoch Time: 0.26s | Spearman@80: 0.8573 | Kendall@80: 0.6808
Epoch 20/150 | Train Loss: 0.0522 | Epoch Time: 0.29s | Spearman@80: 0.8636 | Kendall@80: 0.6897
Epoch 21/150 | Train Loss: 0.0608 | Epoch Time: 0.28s | Spearman@80: 0.5840 | Kendall@80: 0.4111
Epoch 22/150 | Train Loss: 0.0669 | Epoch Time: 0.27s | Spearman@80: 0.7142 | Kendall@80: 0.5156
Epoch 23/150 | Train Loss: 0.0555 | Epoch Time: 0.27s | Spearman@80: 0.9095 | Kendall@80: 0.7397
Epoch 24/150 | Train Loss: 0.0449 | Epoch Time: 0.27s | Spearman@80: 0.9200 | Kendall@80: 0.7536
Epoch 25/150 | Train Loss: 0.0460 | Epoch Time: 0.30s | Spearman@80: 0.8791 | Kendall@80: 0.7080
Epoch 26/150 | Train Loss: 0.0579 | Epoch Time: 0.28s | Spearman@80: 0.7668 | Kendall@80: 0.5865
Epoch 27/150 | Train Loss: 0.0483 | Epoch Time: 0.29s | Spearman@80: 0.8375 | Kendall@80: 0.6511
Epoch 28/150 | Train Loss: 0.0438 | Epoch Time: 0.28s | Spearman@80: 0.8903 | Kendall@80: 0.7131
Epoch 29/150 | Train Loss: 0.0436 | Epoch Time: 0.28s | Spearman@80: 0.8764 | Kendall@80: 0.7004
Epoch 30/150 | Train Loss: 0.0467 | Epoch Time: 0.28s | Spearman@80: 0.6266 | Kendall@80: 0.4466
Epoch 31/150 | Train Loss: 0.0427 | Epoch Time: 0.28s | Spearman@80: 0.8197 | Kendall@80: 0.6384
Epoch 32/150 | Train Loss: 0.0413 | Epoch Time: 0.28s | Spearman@80: 0.7980 | Kendall@80: 0.6055
Epoch 33/150 | Train Loss: 0.0505 | Epoch Time: 0.29s | Spearman@80: 0.8885 | Kendall@80: 0.7314
Epoch 34/150 | Train Loss: 0.0378 | Epoch Time: 0.29s | Spearman@80: 0.8887 | Kendall@80: 0.7112
Epoch 35/150 | Train Loss: 0.0552 | Epoch Time: 0.27s | Spearman@80: 0.7789 | Kendall@80: 0.5909
Epoch 36/150 | Train Loss: 0.0541 | Epoch Time: 0.29s | Spearman@80: 0.8053 | Kendall@80: 0.6245
Epoch 37/150 | Train Loss: 0.0507 | Epoch Time: 0.28s | Spearman@80: 0.8329 | Kendall@80: 0.6485
Epoch 38/150 | Train Loss: 0.0584 | Epoch Time: 0.27s | Spearman@80: 0.8707 | Kendall@80: 0.7074
Epoch 39/150 | Train Loss: 0.0460 | Epoch Time: 0.26s | Spearman@80: 0.8764 | Kendall@80: 0.7049
Epoch 40/150 | Train Loss: 0.0355 | Epoch Time: 0.28s | Spearman@80: 0.8996 | Kendall@80: 0.7264
Epoch 41/150 | Train Loss: 0.0380 | Epoch Time: 0.27s | Spearman@80: 0.8846 | Kendall@80: 0.7131
Epoch 42/150 | Train Loss: 0.0354 | Epoch Time: 0.27s | Spearman@80: 0.8605 | Kendall@80: 0.6795
Epoch 43/150 | Train Loss: 0.0481 | Epoch Time: 0.28s | Spearman@80: 0.9093 | Kendall@80: 0.7365
Epoch 44/150 | Train Loss: 0.0449 | Epoch Time: 0.28s | Spearman@80: 0.9128 | Kendall@80: 0.7441
Epoch 45/150 | Train Loss: 0.0445 | Epoch Time: 0.27s | Spearman@80: 0.8012 | Kendall@80: 0.6105
Epoch 46/150 | Train Loss: 0.0389 | Epoch Time: 0.27s | Spearman@80: 0.8517 | Kendall@80: 0.6681
Epoch 47/150 | Train Loss: 0.0484 | Epoch Time: 0.29s | Spearman@80: 0.8518 | Kendall@80: 0.6808
Epoch 48/150 | Train Loss: 0.0350 | Epoch Time: 0.29s | Spearman@80: 0.8907 | Kendall@80: 0.7175
Epoch 49/150 | Train Loss: 0.0375 | Epoch Time: 0.27s | Spearman@80: 0.8436 | Kendall@80: 0.6492
Epoch 50/150 | Train Loss: 0.0379 | Epoch Time: 0.27s | Spearman@80: 0.8542 | Kendall@80: 0.6732
Epoch 51/150 | Train Loss: 0.0420 | Epoch Time: 0.28s | Spearman@80: 0.8740 | Kendall@80: 0.6897
Epoch 52/150 | Train Loss: 0.0448 | Epoch Time: 0.29s | Spearman@80: 0.8807 | Kendall@80: 0.7080
Epoch 53/150 | Train Loss: 0.0435 | Epoch Time: 0.28s | Spearman@80: 0.8613 | Kendall@80: 0.6662
Epoch 54/150 | Train Loss: 0.0457 | Epoch Time: 0.29s | Spearman@80: 0.8919 | Kendall@80: 0.7118
Epoch 55/150 | Train Loss: 0.0382 | Epoch Time: 0.28s | Spearman@80: 0.8991 | Kendall@80: 0.7169
Epoch 56/150 | Train Loss: 0.0439 | Epoch Time: 0.27s | Spearman@80: 0.8276 | Kendall@80: 0.6454
Epoch 57/150 | Train Loss: 0.0402 | Epoch Time: 0.26s | Spearman@80: 0.7892 | Kendall@80: 0.5941
Epoch 58/150 | Train Loss: 0.0368 | Epoch Time: 0.28s | Spearman@80: 0.8618 | Kendall@80: 0.6776
Epoch 59/150 | Train Loss: 0.0398 | Epoch Time: 0.28s | Spearman@80: 0.8849 | Kendall@80: 0.7118
Epoch 60/150 | Train Loss: 0.0326 | Epoch Time: 0.28s | Spearman@80: 0.9073 | Kendall@80: 0.7409
Epoch 61/150 | Train Loss: 0.0331 | Epoch Time: 0.27s | Spearman@80: 0.9110 | Kendall@80: 0.7422
Epoch 62/150 | Train Loss: 0.0385 | Epoch Time: 0.27s | Spearman@80: 0.8499 | Kendall@80: 0.6808
Epoch 63/150 | Train Loss: 0.0442 | Epoch Time: 0.28s | Spearman@80: 0.8484 | Kendall@80: 0.6726
Epoch 64/150 | Train Loss: 0.0365 | Epoch Time: 0.29s | Spearman@80: 0.8772 | Kendall@80: 0.6935
Epoch 65/150 | Train Loss: 0.0378 | Epoch Time: 0.27s | Spearman@80: 0.8986 | Kendall@80: 0.7226
Epoch 66/150 | Train Loss: 0.0384 | Epoch Time: 0.27s | Spearman@80: 0.8657 | Kendall@80: 0.6852
Epoch 67/150 | Train Loss: 0.0397 | Epoch Time: 0.28s | Spearman@80: 0.8889 | Kendall@80: 0.7106
Epoch 68/150 | Train Loss: 0.0378 | Epoch Time: 0.27s | Spearman@80: 0.8943 | Kendall@80: 0.7232
Epoch 69/150 | Train Loss: 0.0357 | Epoch Time: 0.27s | Spearman@80: 0.8812 | Kendall@80: 0.7036
Epoch 70/150 | Train Loss: 0.0341 | Epoch Time: 0.28s | Spearman@80: 0.8961 | Kendall@80: 0.7245
Epoch 71/150 | Train Loss: 0.0408 | Epoch Time: 0.28s | Spearman@80: 0.9112 | Kendall@80: 0.7422
Epoch 72/150 | Train Loss: 0.0369 | Epoch Time: 0.26s | Spearman@80: 0.9084 | Kendall@80: 0.7352
Epoch 73/150 | Train Loss: 0.0396 | Epoch Time: 0.27s | Spearman@80: 0.8742 | Kendall@80: 0.6973
Epoch 74/150 | Train Loss: 0.0418 | Epoch Time: 0.28s | Spearman@80: 0.8365 | Kendall@80: 0.6530
Epoch 75/150 | Train Loss: 0.0428 | Epoch Time: 0.29s | Spearman@80: 0.8994 | Kendall@80: 0.7283
Epoch 76/150 | Train Loss: 0.0400 | Epoch Time: 0.26s | Spearman@80: 0.8709 | Kendall@80: 0.6992
Epoch 77/150 | Train Loss: 0.0328 | Epoch Time: 0.28s | Spearman@80: 0.8614 | Kendall@80: 0.6814
Epoch 78/150 | Train Loss: 0.0366 | Epoch Time: 0.26s | Spearman@80: 0.8626 | Kendall@80: 0.6795
Epoch 79/150 | Train Loss: 0.0426 | Epoch Time: 0.29s | Spearman@80: 0.8557 | Kendall@80: 0.6707
Epoch 80/150 | Train Loss: 0.0330 | Epoch Time: 0.26s | Spearman@80: 0.8646 | Kendall@80: 0.6833
Epoch 81/150 | Train Loss: 0.0341 | Epoch Time: 0.29s | Spearman@80: 0.8653 | Kendall@80: 0.6808
Epoch 82/150 | Train Loss: 0.0271 | Epoch Time: 0.27s | Spearman@80: 0.8700 | Kendall@80: 0.6865
Epoch 83/150 | Train Loss: 0.0423 | Epoch Time: 0.27s | Spearman@80: 0.8862 | Kendall@80: 0.7087
Epoch 84/150 | Train Loss: 0.0311 | Epoch Time: 0.28s | Spearman@80: 0.9048 | Kendall@80: 0.7308
Epoch 85/150 | Train Loss: 0.0325 | Epoch Time: 0.26s | Spearman@80: 0.8990 | Kendall@80: 0.7213
Epoch 86/150 | Train Loss: 0.0408 | Epoch Time: 0.28s | Spearman@80: 0.8783 | Kendall@80: 0.6852
Epoch 87/150 | Train Loss: 0.0350 | Epoch Time: 0.27s | Spearman@80: 0.8758 | Kendall@80: 0.6928
Epoch 88/150 | Train Loss: 0.0389 | Epoch Time: 0.26s | Spearman@80: 0.8765 | Kendall@80: 0.6954
Epoch 89/150 | Train Loss: 0.0333 | Epoch Time: 0.27s | Spearman@80: 0.8710 | Kendall@80: 0.6916
Epoch 90/150 | Train Loss: 0.0331 | Epoch Time: 0.26s | Spearman@80: 0.8547 | Kendall@80: 0.6662
Epoch 91/150 | Train Loss: 0.0336 | Epoch Time: 0.28s | Spearman@80: 0.8570 | Kendall@80: 0.6681
Epoch 92/150 | Train Loss: 0.0330 | Epoch Time: 0.29s | Spearman@80: 0.8466 | Kendall@80: 0.6612
Epoch 93/150 | Train Loss: 0.0357 | Epoch Time: 0.28s | Spearman@80: 0.8351 | Kendall@80: 0.6460
Epoch 94/150 | Train Loss: 0.0397 | Epoch Time: 0.28s | Spearman@80: 0.8713 | Kendall@80: 0.6884
Epoch 95/150 | Train Loss: 0.0269 | Epoch Time: 0.25s | Spearman@80: 0.8876 | Kendall@80: 0.7080
Epoch 96/150 | Train Loss: 0.0379 | Epoch Time: 0.28s | Spearman@80: 0.8700 | Kendall@80: 0.6871
Epoch 97/150 | Train Loss: 0.0331 | Epoch Time: 0.28s | Spearman@80: 0.8634 | Kendall@80: 0.6802
Epoch 98/150 | Train Loss: 0.0373 | Epoch Time: 0.28s | Spearman@80: 0.8584 | Kendall@80: 0.6764
Epoch 99/150 | Train Loss: 0.0317 | Epoch Time: 0.27s | Spearman@80: 0.8612 | Kendall@80: 0.6745
Epoch 100/150 | Train Loss: 0.0302 | Epoch Time: 0.30s | Spearman@80: 0.8593 | Kendall@80: 0.6707
Epoch 101/150 | Train Loss: 0.0321 | Epoch Time: 0.28s | Spearman@80: 0.8699 | Kendall@80: 0.6846
Epoch 102/150 | Train Loss: 0.0464 | Epoch Time: 0.28s | Spearman@80: 0.8414 | Kendall@80: 0.6580
Epoch 103/150 | Train Loss: 0.0486 | Epoch Time: 0.26s | Spearman@80: 0.8326 | Kendall@80: 0.6441
Epoch 104/150 | Train Loss: 0.0314 | Epoch Time: 0.27s | Spearman@80: 0.8491 | Kendall@80: 0.6574
Epoch 105/150 | Train Loss: 0.0397 | Epoch Time: 0.28s | Spearman@80: 0.8809 | Kendall@80: 0.7055
Epoch 106/150 | Train Loss: 0.0294 | Epoch Time: 0.29s | Spearman@80: 0.8700 | Kendall@80: 0.6884
Epoch 107/150 | Train Loss: 0.0318 | Epoch Time: 0.26s | Spearman@80: 0.8571 | Kendall@80: 0.6681
Epoch 108/150 | Train Loss: 0.0290 | Epoch Time: 0.28s | Spearman@80: 0.8645 | Kendall@80: 0.6789
Epoch 109/150 | Train Loss: 0.0315 | Epoch Time: 0.28s | Spearman@80: 0.8711 | Kendall@80: 0.6871
Epoch 110/150 | Train Loss: 0.0325 | Epoch Time: 0.26s | Spearman@80: 0.8771 | Kendall@80: 0.6979
Epoch 111/150 | Train Loss: 0.0326 | Epoch Time: 0.29s | Spearman@80: 0.8661 | Kendall@80: 0.6833
Epoch 112/150 | Train Loss: 0.0269 | Epoch Time: 0.27s | Spearman@80: 0.8795 | Kendall@80: 0.6941
Epoch 113/150 | Train Loss: 0.0231 | Epoch Time: 0.28s | Spearman@80: 0.8790 | Kendall@80: 0.6966
Epoch 114/150 | Train Loss: 0.0363 | Epoch Time: 0.25s | Spearman@80: 0.8820 | Kendall@80: 0.7004
Epoch 115/150 | Train Loss: 0.0324 | Epoch Time: 0.28s | Spearman@80: 0.8773 | Kendall@80: 0.6941
Epoch 116/150 | Train Loss: 0.0278 | Epoch Time: 0.26s | Spearman@80: 0.8744 | Kendall@80: 0.6922
Epoch 117/150 | Train Loss: 0.0308 | Epoch Time: 0.28s | Spearman@80: 0.8644 | Kendall@80: 0.6802
Epoch 118/150 | Train Loss: 0.0342 | Epoch Time: 0.28s | Spearman@80: 0.8661 | Kendall@80: 0.6871
Epoch 119/150 | Train Loss: 0.0275 | Epoch Time: 0.27s | Spearman@80: 0.8632 | Kendall@80: 0.6789
Epoch 120/150 | Train Loss: 0.0274 | Epoch Time: 0.28s | Spearman@80: 0.8606 | Kendall@80: 0.6732
Epoch 121/150 | Train Loss: 0.0285 | Epoch Time: 0.27s | Spearman@80: 0.8560 | Kendall@80: 0.6681
Epoch 122/150 | Train Loss: 0.0374 | Epoch Time: 0.28s | Spearman@80: 0.8514 | Kendall@80: 0.6631
Epoch 123/150 | Train Loss: 0.0224 | Epoch Time: 0.26s | Spearman@80: 0.8500 | Kendall@80: 0.6549
Epoch 124/150 | Train Loss: 0.0253 | Epoch Time: 0.28s | Spearman@80: 0.8571 | Kendall@80: 0.6612
Epoch 125/150 | Train Loss: 0.0295 | Epoch Time: 0.28s | Spearman@80: 0.8435 | Kendall@80: 0.6466
Epoch 126/150 | Train Loss: 0.0318 | Epoch Time: 0.29s | Spearman@80: 0.8463 | Kendall@80: 0.6517
Epoch 127/150 | Train Loss: 0.0291 | Epoch Time: 0.26s | Spearman@80: 0.8395 | Kendall@80: 0.6435
Epoch 128/150 | Train Loss: 0.0291 | Epoch Time: 0.27s | Spearman@80: 0.8542 | Kendall@80: 0.6586
Epoch 129/150 | Train Loss: 0.0239 | Epoch Time: 0.28s | Spearman@80: 0.8493 | Kendall@80: 0.6542
Epoch 130/150 | Train Loss: 0.0274 | Epoch Time: 0.28s | Spearman@80: 0.8627 | Kendall@80: 0.6688
Epoch 131/150 | Train Loss: 0.0326 | Epoch Time: 0.25s | Spearman@80: 0.8507 | Kendall@80: 0.6574
Epoch 132/150 | Train Loss: 0.0368 | Epoch Time: 0.26s | Spearman@80: 0.8564 | Kendall@80: 0.6637
Epoch 133/150 | Train Loss: 0.0285 | Epoch Time: 0.30s | Spearman@80: 0.8477 | Kendall@80: 0.6530
Epoch 134/150 | Train Loss: 0.0282 | Epoch Time: 0.31s | Spearman@80: 0.8525 | Kendall@80: 0.6593
Epoch 135/150 | Train Loss: 0.0233 | Epoch Time: 0.31s | Spearman@80: 0.8566 | Kendall@80: 0.6637
Epoch 136/150 | Train Loss: 0.0292 | Epoch Time: 0.31s | Spearman@80: 0.8507 | Kendall@80: 0.6561
Epoch 137/150 | Train Loss: 0.0325 | Epoch Time: 0.31s | Spearman@80: 0.8584 | Kendall@80: 0.6643
Epoch 138/150 | Train Loss: 0.0376 | Epoch Time: 0.31s | Spearman@80: 0.8599 | Kendall@80: 0.6681
Epoch 139/150 | Train Loss: 0.0329 | Epoch Time: 0.30s | Spearman@80: 0.8486 | Kendall@80: 0.6530
Epoch 140/150 | Train Loss: 0.0286 | Epoch Time: 0.30s | Spearman@80: 0.8551 | Kendall@80: 0.6618
Epoch 141/150 | Train Loss: 0.0323 | Epoch Time: 0.30s | Spearman@80: 0.8618 | Kendall@80: 0.6713
Epoch 142/150 | Train Loss: 0.0299 | Epoch Time: 0.31s | Spearman@80: 0.8527 | Kendall@80: 0.6599
Epoch 143/150 | Train Loss: 0.0317 | Epoch Time: 0.31s | Spearman@80: 0.8521 | Kendall@80: 0.6567
Epoch 144/150 | Train Loss: 0.0338 | Epoch Time: 0.31s | Spearman@80: 0.8619 | Kendall@80: 0.6694
Epoch 145/150 | Train Loss: 0.0290 | Epoch Time: 0.31s | Spearman@80: 0.8485 | Kendall@80: 0.6536
Epoch 146/150 | Train Loss: 0.0324 | Epoch Time: 0.31s | Spearman@80: 0.8497 | Kendall@80: 0.6517
Epoch 147/150 | Train Loss: 0.0302 | Epoch Time: 29.33s | Spearman@423559: 0.7419 | Kendall@423559: 0.5596
Epoch 148/150 | Train Loss: 0.0411 | Epoch Time: 28.90s | Spearman@423559: 0.7458 | Kendall@423559: 0.5633
Epoch 149/150 | Train Loss: 0.0273 | Epoch Time: 29.00s | Spearman@423559: 0.7434 | Kendall@423559: 0.5612
Epoch 150/150 | Train Loss: 0.0300 | Epoch Time: 29.13s | Spearman@423559: 0.7440 | Kendall@423559: 0.5616
Sample Count: 64, Spearman: 0.7437605422580988, Kendall: 0.5614051041847221
{64: (0.7437605422580988, 0.5614051041847221)}
Epoch 1/150 | Train Loss: 0.0954 | Epoch Time: 0.59s | Spearman@80: 0.3814 | Kendall@80: 0.2646
Epoch 2/150 | Train Loss: 0.0804 | Epoch Time: 0.60s | Spearman@80: 0.5678 | Kendall@80: 0.4019
Epoch 3/150 | Train Loss: 0.0711 | Epoch Time: 0.58s | Spearman@80: 0.6925 | Kendall@80: 0.4956
Epoch 4/150 | Train Loss: 0.0608 | Epoch Time: 0.59s | Spearman@80: 0.7694 | Kendall@80: 0.5854
Epoch 5/150 | Train Loss: 0.0595 | Epoch Time: 0.58s | Spearman@80: 0.7417 | Kendall@80: 0.5557
Epoch 6/150 | Train Loss: 0.0572 | Epoch Time: 0.58s | Spearman@80: 0.7868 | Kendall@80: 0.5861
Epoch 7/150 | Train Loss: 0.0582 | Epoch Time: 0.61s | Spearman@80: 0.7510 | Kendall@80: 0.5608
Epoch 8/150 | Train Loss: 0.0593 | Epoch Time: 0.59s | Spearman@80: 0.7217 | Kendall@80: 0.5241
Epoch 9/150 | Train Loss: 0.0636 | Epoch Time: 0.58s | Spearman@80: 0.7521 | Kendall@80: 0.5696
Epoch 10/150 | Train Loss: 0.0626 | Epoch Time: 0.58s | Spearman@80: 0.8208 | Kendall@80: 0.6215
Epoch 11/150 | Train Loss: 0.0532 | Epoch Time: 0.60s | Spearman@80: 0.7700 | Kendall@80: 0.5741
Epoch 12/150 | Train Loss: 0.0516 | Epoch Time: 0.59s | Spearman@80: 0.7231 | Kendall@80: 0.5316
Epoch 13/150 | Train Loss: 0.0564 | Epoch Time: 0.59s | Spearman@80: 0.6368 | Kendall@80: 0.4646
Epoch 14/150 | Train Loss: 0.0555 | Epoch Time: 0.59s | Spearman@80: 0.7488 | Kendall@80: 0.5614
Epoch 15/150 | Train Loss: 0.0537 | Epoch Time: 0.58s | Spearman@80: 0.7374 | Kendall@80: 0.5437
Epoch 16/150 | Train Loss: 0.0463 | Epoch Time: 0.58s | Spearman@80: 0.7176 | Kendall@80: 0.5348
Epoch 17/150 | Train Loss: 0.0590 | Epoch Time: 0.59s | Spearman@80: 0.7512 | Kendall@80: 0.5684
Epoch 18/150 | Train Loss: 0.0473 | Epoch Time: 0.59s | Spearman@80: 0.8078 | Kendall@80: 0.6222
Epoch 19/150 | Train Loss: 0.0526 | Epoch Time: 0.59s | Spearman@80: 0.8038 | Kendall@80: 0.6076
Epoch 20/150 | Train Loss: 0.0550 | Epoch Time: 0.60s | Spearman@80: 0.7678 | Kendall@80: 0.5772
Epoch 21/150 | Train Loss: 0.0436 | Epoch Time: 0.58s | Spearman@80: 0.7327 | Kendall@80: 0.5443
Epoch 22/150 | Train Loss: 0.0513 | Epoch Time: 0.60s | Spearman@80: 0.7604 | Kendall@80: 0.5785
Epoch 23/150 | Train Loss: 0.0577 | Epoch Time: 0.59s | Spearman@80: 0.7993 | Kendall@80: 0.6095
Epoch 24/150 | Train Loss: 0.0540 | Epoch Time: 0.59s | Spearman@80: 0.7622 | Kendall@80: 0.5772
Epoch 25/150 | Train Loss: 0.0545 | Epoch Time: 0.61s | Spearman@80: 0.7833 | Kendall@80: 0.6000
Epoch 26/150 | Train Loss: 0.0478 | Epoch Time: 0.58s | Spearman@80: 0.7602 | Kendall@80: 0.5797
Epoch 27/150 | Train Loss: 0.0564 | Epoch Time: 0.57s | Spearman@80: 0.7749 | Kendall@80: 0.5899
Epoch 28/150 | Train Loss: 0.0479 | Epoch Time: 0.59s | Spearman@80: 0.7940 | Kendall@80: 0.6038
Epoch 29/150 | Train Loss: 0.0567 | Epoch Time: 0.58s | Spearman@80: 0.8041 | Kendall@80: 0.6184
Epoch 30/150 | Train Loss: 0.0439 | Epoch Time: 0.60s | Spearman@80: 0.8188 | Kendall@80: 0.6367
Epoch 31/150 | Train Loss: 0.0559 | Epoch Time: 0.60s | Spearman@80: 0.8334 | Kendall@80: 0.6487
Epoch 32/150 | Train Loss: 0.0503 | Epoch Time: 0.61s | Spearman@80: 0.8260 | Kendall@80: 0.6424
Epoch 33/150 | Train Loss: 0.0458 | Epoch Time: 0.59s | Spearman@80: 0.8074 | Kendall@80: 0.6190
Epoch 34/150 | Train Loss: 0.0456 | Epoch Time: 0.57s | Spearman@80: 0.8267 | Kendall@80: 0.6430
Epoch 35/150 | Train Loss: 0.0414 | Epoch Time: 0.60s | Spearman@80: 0.8272 | Kendall@80: 0.6449
Epoch 36/150 | Train Loss: 0.0484 | Epoch Time: 0.59s | Spearman@80: 0.8327 | Kendall@80: 0.6544
Epoch 37/150 | Train Loss: 0.0559 | Epoch Time: 0.58s | Spearman@80: 0.8030 | Kendall@80: 0.6127
Epoch 38/150 | Train Loss: 0.0478 | Epoch Time: 0.60s | Spearman@80: 0.8275 | Kendall@80: 0.6494
Epoch 39/150 | Train Loss: 0.0412 | Epoch Time: 0.59s | Spearman@80: 0.8127 | Kendall@80: 0.6373
Epoch 40/150 | Train Loss: 0.0519 | Epoch Time: 0.62s | Spearman@80: 0.7119 | Kendall@80: 0.5278
Epoch 41/150 | Train Loss: 0.0468 | Epoch Time: 0.59s | Spearman@80: 0.8162 | Kendall@80: 0.6297
Epoch 42/150 | Train Loss: 0.0406 | Epoch Time: 0.59s | Spearman@80: 0.8125 | Kendall@80: 0.6253
Epoch 43/150 | Train Loss: 0.0430 | Epoch Time: 0.59s | Spearman@80: 0.8027 | Kendall@80: 0.6095
Epoch 44/150 | Train Loss: 0.0463 | Epoch Time: 0.56s | Spearman@80: 0.8382 | Kendall@80: 0.6500
Epoch 45/150 | Train Loss: 0.0449 | Epoch Time: 0.55s | Spearman@80: 0.8363 | Kendall@80: 0.6487
Epoch 46/150 | Train Loss: 0.0435 | Epoch Time: 0.55s | Spearman@80: 0.8008 | Kendall@80: 0.6196
Epoch 47/150 | Train Loss: 0.0433 | Epoch Time: 0.56s | Spearman@80: 0.8319 | Kendall@80: 0.6468
Epoch 48/150 | Train Loss: 0.0450 | Epoch Time: 0.56s | Spearman@80: 0.8260 | Kendall@80: 0.6494
Epoch 49/150 | Train Loss: 0.0423 | Epoch Time: 0.57s | Spearman@80: 0.8224 | Kendall@80: 0.6456
Epoch 50/150 | Train Loss: 0.0507 | Epoch Time: 0.55s | Spearman@80: 0.8237 | Kendall@80: 0.6380
Epoch 51/150 | Train Loss: 0.0453 | Epoch Time: 0.53s | Spearman@80: 0.8283 | Kendall@80: 0.6468
Epoch 52/150 | Train Loss: 0.0389 | Epoch Time: 0.56s | Spearman@80: 0.8301 | Kendall@80: 0.6475
Epoch 53/150 | Train Loss: 0.0407 | Epoch Time: 0.52s | Spearman@80: 0.8350 | Kendall@80: 0.6462
Epoch 54/150 | Train Loss: 0.0437 | Epoch Time: 0.56s | Spearman@80: 0.8483 | Kendall@80: 0.6633
Epoch 55/150 | Train Loss: 0.0438 | Epoch Time: 0.55s | Spearman@80: 0.8706 | Kendall@80: 0.6892
Epoch 56/150 | Train Loss: 0.0436 | Epoch Time: 0.56s | Spearman@80: 0.8643 | Kendall@80: 0.6842
Epoch 57/150 | Train Loss: 0.0405 | Epoch Time: 0.57s | Spearman@80: 0.8636 | Kendall@80: 0.6753
Epoch 58/150 | Train Loss: 0.0455 | Epoch Time: 0.63s | Spearman@80: 0.8369 | Kendall@80: 0.6500
Epoch 59/150 | Train Loss: 0.0444 | Epoch Time: 0.62s | Spearman@80: 0.8561 | Kendall@80: 0.6677
Epoch 60/150 | Train Loss: 0.0476 | Epoch Time: 0.60s | Spearman@80: 0.8514 | Kendall@80: 0.6734
Epoch 61/150 | Train Loss: 0.0411 | Epoch Time: 0.61s | Spearman@80: 0.8437 | Kendall@80: 0.6608
Epoch 62/150 | Train Loss: 0.0381 | Epoch Time: 0.62s | Spearman@80: 0.8687 | Kendall@80: 0.6962
Epoch 63/150 | Train Loss: 0.0412 | Epoch Time: 0.62s | Spearman@80: 0.8617 | Kendall@80: 0.6886
Epoch 64/150 | Train Loss: 0.0459 | Epoch Time: 0.54s | Spearman@80: 0.8327 | Kendall@80: 0.6443
Epoch 65/150 | Train Loss: 0.0386 | Epoch Time: 0.67s | Spearman@80: 0.8619 | Kendall@80: 0.6816
Epoch 66/150 | Train Loss: 0.0411 | Epoch Time: 0.65s | Spearman@80: 0.8538 | Kendall@80: 0.6778
Epoch 67/150 | Train Loss: 0.0515 | Epoch Time: 0.68s | Spearman@80: 0.8258 | Kendall@80: 0.6392
Epoch 68/150 | Train Loss: 0.0497 | Epoch Time: 0.66s | Spearman@80: 0.8565 | Kendall@80: 0.6728
Epoch 69/150 | Train Loss: 0.0418 | Epoch Time: 0.65s | Spearman@80: 0.8784 | Kendall@80: 0.7051
Epoch 70/150 | Train Loss: 0.0404 | Epoch Time: 0.65s | Spearman@80: 0.8681 | Kendall@80: 0.6823
Epoch 71/150 | Train Loss: 0.0460 | Epoch Time: 0.58s | Spearman@80: 0.8746 | Kendall@80: 0.6981
Epoch 72/150 | Train Loss: 0.0398 | Epoch Time: 0.55s | Spearman@80: 0.8633 | Kendall@80: 0.6918
Epoch 73/150 | Train Loss: 0.0396 | Epoch Time: 0.55s | Spearman@80: 0.8680 | Kendall@80: 0.6968
Epoch 74/150 | Train Loss: 0.0367 | Epoch Time: 0.55s | Spearman@80: 0.8759 | Kendall@80: 0.7076
Epoch 75/150 | Train Loss: 0.0449 | Epoch Time: 0.57s | Spearman@80: 0.8467 | Kendall@80: 0.6873
Epoch 76/150 | Train Loss: 0.0353 | Epoch Time: 0.55s | Spearman@80: 0.8675 | Kendall@80: 0.6899
Epoch 77/150 | Train Loss: 0.0407 | Epoch Time: 0.55s | Spearman@80: 0.8589 | Kendall@80: 0.6804
Epoch 78/150 | Train Loss: 0.0416 | Epoch Time: 0.54s | Spearman@80: 0.8276 | Kendall@80: 0.6373
Epoch 79/150 | Train Loss: 0.0377 | Epoch Time: 0.58s | Spearman@80: 0.8463 | Kendall@80: 0.6538
Epoch 80/150 | Train Loss: 0.0408 | Epoch Time: 0.57s | Spearman@80: 0.8713 | Kendall@80: 0.6880
Epoch 81/150 | Train Loss: 0.0404 | Epoch Time: 0.57s | Spearman@80: 0.8875 | Kendall@80: 0.7019
Epoch 82/150 | Train Loss: 0.0388 | Epoch Time: 0.57s | Spearman@80: 0.8785 | Kendall@80: 0.7013
Epoch 83/150 | Train Loss: 0.0353 | Epoch Time: 0.56s | Spearman@80: 0.8537 | Kendall@80: 0.6741
Epoch 84/150 | Train Loss: 0.0409 | Epoch Time: 0.55s | Spearman@80: 0.8880 | Kendall@80: 0.7120
Epoch 85/150 | Train Loss: 0.0414 | Epoch Time: 0.56s | Spearman@80: 0.8767 | Kendall@80: 0.6937
Epoch 86/150 | Train Loss: 0.0344 | Epoch Time: 0.57s | Spearman@80: 0.8653 | Kendall@80: 0.6880
Epoch 87/150 | Train Loss: 0.0402 | Epoch Time: 0.55s | Spearman@80: 0.8590 | Kendall@80: 0.6797
Epoch 88/150 | Train Loss: 0.0397 | Epoch Time: 0.56s | Spearman@80: 0.8775 | Kendall@80: 0.7044
Epoch 89/150 | Train Loss: 0.0370 | Epoch Time: 0.56s | Spearman@80: 0.8763 | Kendall@80: 0.7025
Epoch 90/150 | Train Loss: 0.0447 | Epoch Time: 0.54s | Spearman@80: 0.8719 | Kendall@80: 0.6994
Epoch 91/150 | Train Loss: 0.0350 | Epoch Time: 0.55s | Spearman@80: 0.8787 | Kendall@80: 0.7082
Epoch 92/150 | Train Loss: 0.0388 | Epoch Time: 0.55s | Spearman@80: 0.8476 | Kendall@80: 0.6627
Epoch 93/150 | Train Loss: 0.0465 | Epoch Time: 0.56s | Spearman@80: 0.8866 | Kendall@80: 0.7082
Epoch 94/150 | Train Loss: 0.0346 | Epoch Time: 0.56s | Spearman@80: 0.8868 | Kendall@80: 0.7146
Epoch 95/150 | Train Loss: 0.0336 | Epoch Time: 0.55s | Spearman@80: 0.8790 | Kendall@80: 0.7114
Epoch 96/150 | Train Loss: 0.0426 | Epoch Time: 0.57s | Spearman@80: 0.8789 | Kendall@80: 0.7095
Epoch 97/150 | Train Loss: 0.0366 | Epoch Time: 0.56s | Spearman@80: 0.8789 | Kendall@80: 0.7076
Epoch 98/150 | Train Loss: 0.0290 | Epoch Time: 0.53s | Spearman@80: 0.8925 | Kendall@80: 0.7278
Epoch 99/150 | Train Loss: 0.0366 | Epoch Time: 0.56s | Spearman@80: 0.8835 | Kendall@80: 0.7152
Epoch 100/150 | Train Loss: 0.0336 | Epoch Time: 0.58s | Spearman@80: 0.8622 | Kendall@80: 0.6930
Epoch 101/150 | Train Loss: 0.0337 | Epoch Time: 0.54s | Spearman@80: 0.8605 | Kendall@80: 0.6848
Epoch 102/150 | Train Loss: 0.0388 | Epoch Time: 0.56s | Spearman@80: 0.8723 | Kendall@80: 0.6956
Epoch 103/150 | Train Loss: 0.0385 | Epoch Time: 0.55s | Spearman@80: 0.8647 | Kendall@80: 0.6816
Epoch 104/150 | Train Loss: 0.0408 | Epoch Time: 0.56s | Spearman@80: 0.8487 | Kendall@80: 0.6690
Epoch 105/150 | Train Loss: 0.0361 | Epoch Time: 0.53s | Spearman@80: 0.8462 | Kendall@80: 0.6684
Epoch 106/150 | Train Loss: 0.0398 | Epoch Time: 0.55s | Spearman@80: 0.8705 | Kendall@80: 0.6937
Epoch 107/150 | Train Loss: 0.0361 | Epoch Time: 0.55s | Spearman@80: 0.8674 | Kendall@80: 0.6987
Epoch 108/150 | Train Loss: 0.0428 | Epoch Time: 0.55s | Spearman@80: 0.8594 | Kendall@80: 0.6854
Epoch 109/150 | Train Loss: 0.0387 | Epoch Time: 0.55s | Spearman@80: 0.8784 | Kendall@80: 0.7089
Epoch 110/150 | Train Loss: 0.0388 | Epoch Time: 0.56s | Spearman@80: 0.8736 | Kendall@80: 0.7082
Epoch 111/150 | Train Loss: 0.0379 | Epoch Time: 0.56s | Spearman@80: 0.8734 | Kendall@80: 0.7076
Epoch 112/150 | Train Loss: 0.0338 | Epoch Time: 0.55s | Spearman@80: 0.8804 | Kendall@80: 0.7133
Epoch 113/150 | Train Loss: 0.0346 | Epoch Time: 0.55s | Spearman@80: 0.8776 | Kendall@80: 0.7082
Epoch 114/150 | Train Loss: 0.0289 | Epoch Time: 0.56s | Spearman@80: 0.8922 | Kendall@80: 0.7228
Epoch 115/150 | Train Loss: 0.0362 | Epoch Time: 0.55s | Spearman@80: 0.8849 | Kendall@80: 0.7177
Epoch 116/150 | Train Loss: 0.0382 | Epoch Time: 0.58s | Spearman@80: 0.8915 | Kendall@80: 0.7285
Epoch 117/150 | Train Loss: 0.0383 | Epoch Time: 0.55s | Spearman@80: 0.8996 | Kendall@80: 0.7354
Epoch 118/150 | Train Loss: 0.0325 | Epoch Time: 0.57s | Spearman@80: 0.8797 | Kendall@80: 0.7158
Epoch 119/150 | Train Loss: 0.0423 | Epoch Time: 0.55s | Spearman@80: 0.8875 | Kendall@80: 0.7228
Epoch 120/150 | Train Loss: 0.0334 | Epoch Time: 0.55s | Spearman@80: 0.8882 | Kendall@80: 0.7215
Epoch 121/150 | Train Loss: 0.0363 | Epoch Time: 0.54s | Spearman@80: 0.8850 | Kendall@80: 0.7190
Epoch 122/150 | Train Loss: 0.0367 | Epoch Time: 0.56s | Spearman@80: 0.8887 | Kendall@80: 0.7272
Epoch 123/150 | Train Loss: 0.0362 | Epoch Time: 0.57s | Spearman@80: 0.8886 | Kendall@80: 0.7222
Epoch 124/150 | Train Loss: 0.0365 | Epoch Time: 0.56s | Spearman@80: 0.8826 | Kendall@80: 0.7177
Epoch 125/150 | Train Loss: 0.0324 | Epoch Time: 0.56s | Spearman@80: 0.8782 | Kendall@80: 0.7101
Epoch 126/150 | Train Loss: 0.0385 | Epoch Time: 0.56s | Spearman@80: 0.8860 | Kendall@80: 0.7177
Epoch 127/150 | Train Loss: 0.0361 | Epoch Time: 0.54s | Spearman@80: 0.8843 | Kendall@80: 0.7177
Epoch 128/150 | Train Loss: 0.0315 | Epoch Time: 0.56s | Spearman@80: 0.8954 | Kendall@80: 0.7247
Epoch 129/150 | Train Loss: 0.0293 | Epoch Time: 0.56s | Spearman@80: 0.8794 | Kendall@80: 0.7139
Epoch 130/150 | Train Loss: 0.0388 | Epoch Time: 0.55s | Spearman@80: 0.8881 | Kendall@80: 0.7209
Epoch 131/150 | Train Loss: 0.0268 | Epoch Time: 0.55s | Spearman@80: 0.8871 | Kendall@80: 0.7253
Epoch 132/150 | Train Loss: 0.0297 | Epoch Time: 0.56s | Spearman@80: 0.8823 | Kendall@80: 0.7196
Epoch 133/150 | Train Loss: 0.0333 | Epoch Time: 0.56s | Spearman@80: 0.8803 | Kendall@80: 0.7146
Epoch 134/150 | Train Loss: 0.0324 | Epoch Time: 0.57s | Spearman@80: 0.8885 | Kendall@80: 0.7253
Epoch 135/150 | Train Loss: 0.0305 | Epoch Time: 0.55s | Spearman@80: 0.8921 | Kendall@80: 0.7304
Epoch 136/150 | Train Loss: 0.0320 | Epoch Time: 0.57s | Spearman@80: 0.8844 | Kendall@80: 0.7234
Epoch 137/150 | Train Loss: 0.0324 | Epoch Time: 0.56s | Spearman@80: 0.8925 | Kendall@80: 0.7335
Epoch 138/150 | Train Loss: 0.0355 | Epoch Time: 0.55s | Spearman@80: 0.8925 | Kendall@80: 0.7297
Epoch 139/150 | Train Loss: 0.0322 | Epoch Time: 0.56s | Spearman@80: 0.8710 | Kendall@80: 0.7051
Epoch 140/150 | Train Loss: 0.0301 | Epoch Time: 0.57s | Spearman@80: 0.8862 | Kendall@80: 0.7228
Epoch 141/150 | Train Loss: 0.0293 | Epoch Time: 0.58s | Spearman@80: 0.8792 | Kendall@80: 0.7215
Epoch 142/150 | Train Loss: 0.0319 | Epoch Time: 0.57s | Spearman@80: 0.8904 | Kendall@80: 0.7259
Epoch 143/150 | Train Loss: 0.0292 | Epoch Time: 0.54s | Spearman@80: 0.8906 | Kendall@80: 0.7247
Epoch 144/150 | Train Loss: 0.0322 | Epoch Time: 0.57s | Spearman@80: 0.8836 | Kendall@80: 0.7209
Epoch 145/150 | Train Loss: 0.0295 | Epoch Time: 0.55s | Spearman@80: 0.8891 | Kendall@80: 0.7285
Epoch 146/150 | Train Loss: 0.0311 | Epoch Time: 0.57s | Spearman@80: 0.8823 | Kendall@80: 0.7222
Epoch 147/150 | Train Loss: 0.0397 | Epoch Time: 24.55s | Spearman@423495: 0.8327 | Kendall@423495: 0.6465
Epoch 148/150 | Train Loss: 0.0321 | Epoch Time: 24.29s | Spearman@423495: 0.8389 | Kendall@423495: 0.6535
Epoch 149/150 | Train Loss: 0.0362 | Epoch Time: 24.41s | Spearman@423495: 0.8321 | Kendall@423495: 0.6463
Epoch 150/150 | Train Loss: 0.0290 | Epoch Time: 24.26s | Spearman@423495: 0.8329 | Kendall@423495: 0.6466
Sample Count: 128, Spearman: 0.8341509179949059, Kendall: 0.6482425236852586
{64: (0.7437605422580988, 0.5614051041847221),
 128: (0.8341509179949059, 0.6482425236852586)}
Epoch 1/150 | Train Loss: 0.1001 | Epoch Time: 0.30s | Spearman@80: 0.3741 | Kendall@80: 0.2653
Epoch 2/150 | Train Loss: 0.0950 | Epoch Time: 0.25s | Spearman@80: 0.4130 | Kendall@80: 0.2995
Epoch 3/150 | Train Loss: 0.0758 | Epoch Time: 0.28s | Spearman@80: 0.4237 | Kendall@80: 0.3014
Epoch 4/150 | Train Loss: 0.0830 | Epoch Time: 0.27s | Spearman@80: 0.5445 | Kendall@80: 0.3830
Epoch 5/150 | Train Loss: 0.0815 | Epoch Time: 0.27s | Spearman@80: 0.4421 | Kendall@80: 0.3077
Epoch 6/150 | Train Loss: 0.0851 | Epoch Time: 0.27s | Spearman@80: 0.5659 | Kendall@80: 0.3982
Epoch 7/150 | Train Loss: 0.0767 | Epoch Time: 0.29s | Spearman@80: 0.3388 | Kendall@80: 0.2418
Epoch 8/150 | Train Loss: 0.0803 | Epoch Time: 0.28s | Spearman@80: 0.5843 | Kendall@80: 0.4128
Epoch 9/150 | Train Loss: 0.0630 | Epoch Time: 0.30s | Spearman@80: 0.6499 | Kendall@80: 0.4609
Epoch 10/150 | Train Loss: 0.0754 | Epoch Time: 0.31s | Spearman@80: 0.3905 | Kendall@80: 0.2798
Epoch 11/150 | Train Loss: 0.0610 | Epoch Time: 0.29s | Spearman@80: 0.5627 | Kendall@80: 0.3976
Epoch 12/150 | Train Loss: 0.0727 | Epoch Time: 0.29s | Spearman@80: 0.4876 | Kendall@80: 0.3438
Epoch 13/150 | Train Loss: 0.0649 | Epoch Time: 0.29s | Spearman@80: 0.7264 | Kendall@80: 0.5286
Epoch 14/150 | Train Loss: 0.0713 | Epoch Time: 0.27s | Spearman@80: 0.6377 | Kendall@80: 0.4476
Epoch 15/150 | Train Loss: 0.0769 | Epoch Time: 0.28s | Spearman@80: 0.6477 | Kendall@80: 0.4590
Epoch 16/150 | Train Loss: 0.0674 | Epoch Time: 0.28s | Spearman@80: 0.5400 | Kendall@80: 0.3786
Epoch 17/150 | Train Loss: 0.0686 | Epoch Time: 0.27s | Spearman@80: 0.6424 | Kendall@80: 0.4584
Epoch 18/150 | Train Loss: 0.0602 | Epoch Time: 0.29s | Spearman@80: 0.6586 | Kendall@80: 0.4767
Epoch 19/150 | Train Loss: 0.0727 | Epoch Time: 0.28s | Spearman@80: 0.4351 | Kendall@80: 0.3071
Epoch 20/150 | Train Loss: 0.0703 | Epoch Time: 0.28s | Spearman@80: 0.6200 | Kendall@80: 0.4520
Epoch 21/150 | Train Loss: 0.0561 | Epoch Time: 0.29s | Spearman@80: 0.7343 | Kendall@80: 0.5324
Epoch 22/150 | Train Loss: 0.0428 | Epoch Time: 0.28s | Spearman@80: 0.7308 | Kendall@80: 0.5381
Epoch 23/150 | Train Loss: 0.0458 | Epoch Time: 0.28s | Spearman@80: 0.5525 | Kendall@80: 0.4039
Epoch 24/150 | Train Loss: 0.0592 | Epoch Time: 0.28s | Spearman@80: 0.6067 | Kendall@80: 0.4330
Epoch 25/150 | Train Loss: 0.0617 | Epoch Time: 0.29s | Spearman@80: 0.7230 | Kendall@80: 0.5223
Epoch 26/150 | Train Loss: 0.0552 | Epoch Time: 0.29s | Spearman@80: 0.7493 | Kendall@80: 0.5521
Epoch 27/150 | Train Loss: 0.0563 | Epoch Time: 0.29s | Spearman@80: 0.7050 | Kendall@80: 0.5192
Epoch 28/150 | Train Loss: 0.0585 | Epoch Time: 0.27s | Spearman@80: 0.7251 | Kendall@80: 0.5318
Epoch 29/150 | Train Loss: 0.0529 | Epoch Time: 0.27s | Spearman@80: 0.7036 | Kendall@80: 0.5103
Epoch 30/150 | Train Loss: 0.0463 | Epoch Time: 0.28s | Spearman@80: 0.7051 | Kendall@80: 0.5097
Epoch 31/150 | Train Loss: 0.0422 | Epoch Time: 0.27s | Spearman@80: 0.6921 | Kendall@80: 0.4995
Epoch 32/150 | Train Loss: 0.0560 | Epoch Time: 0.28s | Spearman@80: 0.6223 | Kendall@80: 0.4463
Epoch 33/150 | Train Loss: 0.0471 | Epoch Time: 0.29s | Spearman@80: 0.8041 | Kendall@80: 0.5939
Epoch 34/150 | Train Loss: 0.0452 | Epoch Time: 0.29s | Spearman@80: 0.7799 | Kendall@80: 0.5768
Epoch 35/150 | Train Loss: 0.0554 | Epoch Time: 0.28s | Spearman@80: 0.7285 | Kendall@80: 0.5438
Epoch 36/150 | Train Loss: 0.0520 | Epoch Time: 0.27s | Spearman@80: 0.7711 | Kendall@80: 0.5749
Epoch 37/150 | Train Loss: 0.0381 | Epoch Time: 0.28s | Spearman@80: 0.7587 | Kendall@80: 0.5590
Epoch 38/150 | Train Loss: 0.0399 | Epoch Time: 0.29s | Spearman@80: 0.7463 | Kendall@80: 0.5381
Epoch 39/150 | Train Loss: 0.0378 | Epoch Time: 0.28s | Spearman@80: 0.6784 | Kendall@80: 0.4869
Epoch 40/150 | Train Loss: 0.0590 | Epoch Time: 0.28s | Spearman@80: 0.6904 | Kendall@80: 0.4907
Epoch 41/150 | Train Loss: 0.0492 | Epoch Time: 0.27s | Spearman@80: 0.7060 | Kendall@80: 0.5154
Epoch 42/150 | Train Loss: 0.0497 | Epoch Time: 0.28s | Spearman@80: 0.7054 | Kendall@80: 0.5305
Epoch 43/150 | Train Loss: 0.0362 | Epoch Time: 0.27s | Spearman@80: 0.7501 | Kendall@80: 0.5603
Epoch 44/150 | Train Loss: 0.0364 | Epoch Time: 0.27s | Spearman@80: 0.7434 | Kendall@80: 0.5635
Epoch 45/150 | Train Loss: 0.0370 | Epoch Time: 0.28s | Spearman@80: 0.7244 | Kendall@80: 0.5280
Epoch 46/150 | Train Loss: 0.0381 | Epoch Time: 0.27s | Spearman@80: 0.7540 | Kendall@80: 0.5514
Epoch 47/150 | Train Loss: 0.0464 | Epoch Time: 0.28s | Spearman@80: 0.7459 | Kendall@80: 0.5388
Epoch 48/150 | Train Loss: 0.0528 | Epoch Time: 0.28s | Spearman@80: 0.7085 | Kendall@80: 0.5236
Epoch 49/150 | Train Loss: 0.0518 | Epoch Time: 0.29s | Spearman@80: 0.7065 | Kendall@80: 0.5230
Epoch 50/150 | Train Loss: 0.0392 | Epoch Time: 0.27s | Spearman@80: 0.7309 | Kendall@80: 0.5337
Epoch 51/150 | Train Loss: 0.0480 | Epoch Time: 0.30s | Spearman@80: 0.6558 | Kendall@80: 0.4805
Epoch 52/150 | Train Loss: 0.0392 | Epoch Time: 0.30s | Spearman@80: 0.6760 | Kendall@80: 0.5021
Epoch 53/150 | Train Loss: 0.0342 | Epoch Time: 0.28s | Spearman@80: 0.7367 | Kendall@80: 0.5476
Epoch 54/150 | Train Loss: 0.0470 | Epoch Time: 0.27s | Spearman@80: 0.7521 | Kendall@80: 0.5597
Epoch 55/150 | Train Loss: 0.0380 | Epoch Time: 0.27s | Spearman@80: 0.7309 | Kendall@80: 0.5445
Epoch 56/150 | Train Loss: 0.0304 | Epoch Time: 0.29s | Spearman@80: 0.7567 | Kendall@80: 0.5673
Epoch 57/150 | Train Loss: 0.0401 | Epoch Time: 0.28s | Spearman@80: 0.7406 | Kendall@80: 0.5533
Epoch 58/150 | Train Loss: 0.0493 | Epoch Time: 0.30s | Spearman@80: 0.7238 | Kendall@80: 0.5305
Epoch 59/150 | Train Loss: 0.0329 | Epoch Time: 0.28s | Spearman@80: 0.7528 | Kendall@80: 0.5552
Epoch 60/150 | Train Loss: 0.0338 | Epoch Time: 0.28s | Spearman@80: 0.7085 | Kendall@80: 0.5198
Epoch 61/150 | Train Loss: 0.0361 | Epoch Time: 0.28s | Spearman@80: 0.6622 | Kendall@80: 0.4843
Epoch 62/150 | Train Loss: 0.0421 | Epoch Time: 0.29s | Spearman@80: 0.7026 | Kendall@80: 0.5154
Epoch 63/150 | Train Loss: 0.0322 | Epoch Time: 0.29s | Spearman@80: 0.6862 | Kendall@80: 0.5090
Epoch 64/150 | Train Loss: 0.0385 | Epoch Time: 0.26s | Spearman@80: 0.7056 | Kendall@80: 0.5192
Epoch 65/150 | Train Loss: 0.0468 | Epoch Time: 0.29s | Spearman@80: 0.7334 | Kendall@80: 0.5394
Epoch 66/150 | Train Loss: 0.0408 | Epoch Time: 0.28s | Spearman@80: 0.7362 | Kendall@80: 0.5407
Epoch 67/150 | Train Loss: 0.0289 | Epoch Time: 0.28s | Spearman@80: 0.7133 | Kendall@80: 0.5255
Epoch 68/150 | Train Loss: 0.0315 | Epoch Time: 0.27s | Spearman@80: 0.6987 | Kendall@80: 0.5090
Epoch 69/150 | Train Loss: 0.0307 | Epoch Time: 0.27s | Spearman@80: 0.7016 | Kendall@80: 0.5103
Epoch 70/150 | Train Loss: 0.0345 | Epoch Time: 0.28s | Spearman@80: 0.7148 | Kendall@80: 0.5242
Epoch 71/150 | Train Loss: 0.0351 | Epoch Time: 0.28s | Spearman@80: 0.7123 | Kendall@80: 0.5293
Epoch 72/150 | Train Loss: 0.0435 | Epoch Time: 0.29s | Spearman@80: 0.6777 | Kendall@80: 0.5002
Epoch 73/150 | Train Loss: 0.0305 | Epoch Time: 0.28s | Spearman@80: 0.6768 | Kendall@80: 0.5027
Epoch 74/150 | Train Loss: 0.0494 | Epoch Time: 0.28s | Spearman@80: 0.7296 | Kendall@80: 0.5400
Epoch 75/150 | Train Loss: 0.0412 | Epoch Time: 0.27s | Spearman@80: 0.7530 | Kendall@80: 0.5521
Epoch 76/150 | Train Loss: 0.0416 | Epoch Time: 0.28s | Spearman@80: 0.7008 | Kendall@80: 0.5154
Epoch 77/150 | Train Loss: 0.0355 | Epoch Time: 0.29s | Spearman@80: 0.7007 | Kendall@80: 0.5204
Epoch 78/150 | Train Loss: 0.0391 | Epoch Time: 0.28s | Spearman@80: 0.7039 | Kendall@80: 0.5173
Epoch 79/150 | Train Loss: 0.0311 | Epoch Time: 0.26s | Spearman@80: 0.6512 | Kendall@80: 0.4755
Epoch 80/150 | Train Loss: 0.0404 | Epoch Time: 0.28s | Spearman@80: 0.6994 | Kendall@80: 0.5122
Epoch 81/150 | Train Loss: 0.0429 | Epoch Time: 0.28s | Spearman@80: 0.7023 | Kendall@80: 0.5204
Epoch 82/150 | Train Loss: 0.0278 | Epoch Time: 0.28s | Spearman@80: 0.6739 | Kendall@80: 0.4995
Epoch 83/150 | Train Loss: 0.0314 | Epoch Time: 0.28s | Spearman@80: 0.6713 | Kendall@80: 0.4938
Epoch 84/150 | Train Loss: 0.0300 | Epoch Time: 0.28s | Spearman@80: 0.6749 | Kendall@80: 0.4989
Epoch 85/150 | Train Loss: 0.0278 | Epoch Time: 0.28s | Spearman@80: 0.7026 | Kendall@80: 0.5204
Epoch 86/150 | Train Loss: 0.0350 | Epoch Time: 0.28s | Spearman@80: 0.7044 | Kendall@80: 0.5154
Epoch 87/150 | Train Loss: 0.0365 | Epoch Time: 0.28s | Spearman@80: 0.7138 | Kendall@80: 0.5248
Epoch 88/150 | Train Loss: 0.0352 | Epoch Time: 0.29s | Spearman@80: 0.7091 | Kendall@80: 0.5223
Epoch 89/150 | Train Loss: 0.0299 | Epoch Time: 0.28s | Spearman@80: 0.7210 | Kendall@80: 0.5230
Epoch 90/150 | Train Loss: 0.0315 | Epoch Time: 0.30s | Spearman@80: 0.7116 | Kendall@80: 0.5248
Epoch 91/150 | Train Loss: 0.0294 | Epoch Time: 0.28s | Spearman@80: 0.7036 | Kendall@80: 0.5166
Epoch 92/150 | Train Loss: 0.0372 | Epoch Time: 0.26s | Spearman@80: 0.6965 | Kendall@80: 0.5122
Epoch 93/150 | Train Loss: 0.0266 | Epoch Time: 0.29s | Spearman@80: 0.6952 | Kendall@80: 0.5046
Epoch 94/150 | Train Loss: 0.0239 | Epoch Time: 0.28s | Spearman@80: 0.7082 | Kendall@80: 0.5135
Epoch 95/150 | Train Loss: 0.0274 | Epoch Time: 0.28s | Spearman@80: 0.7137 | Kendall@80: 0.5305
Epoch 96/150 | Train Loss: 0.0203 | Epoch Time: 0.29s | Spearman@80: 0.7198 | Kendall@80: 0.5343
Epoch 97/150 | Train Loss: 0.0307 | Epoch Time: 0.27s | Spearman@80: 0.7087 | Kendall@80: 0.5274
Epoch 98/150 | Train Loss: 0.0308 | Epoch Time: 0.27s | Spearman@80: 0.6842 | Kendall@80: 0.5040
Epoch 99/150 | Train Loss: 0.0245 | Epoch Time: 0.27s | Spearman@80: 0.6896 | Kendall@80: 0.5116
Epoch 100/150 | Train Loss: 0.0304 | Epoch Time: 0.30s | Spearman@80: 0.7075 | Kendall@80: 0.5274
Epoch 101/150 | Train Loss: 0.0286 | Epoch Time: 0.29s | Spearman@80: 0.7045 | Kendall@80: 0.5274
Epoch 102/150 | Train Loss: 0.0308 | Epoch Time: 0.29s | Spearman@80: 0.6590 | Kendall@80: 0.4894
Epoch 103/150 | Train Loss: 0.0286 | Epoch Time: 0.27s | Spearman@80: 0.6943 | Kendall@80: 0.5084
Epoch 104/150 | Train Loss: 0.0279 | Epoch Time: 0.29s | Spearman@80: 0.7201 | Kendall@80: 0.5394
Epoch 105/150 | Train Loss: 0.0281 | Epoch Time: 0.27s | Spearman@80: 0.7078 | Kendall@80: 0.5286
Epoch 106/150 | Train Loss: 0.0277 | Epoch Time: 0.28s | Spearman@80: 0.7049 | Kendall@80: 0.5230
Epoch 107/150 | Train Loss: 0.0283 | Epoch Time: 0.28s | Spearman@80: 0.6888 | Kendall@80: 0.5097
Epoch 108/150 | Train Loss: 0.0221 | Epoch Time: 0.28s | Spearman@80: 0.6847 | Kendall@80: 0.5071
Epoch 109/150 | Train Loss: 0.0282 | Epoch Time: 0.28s | Spearman@80: 0.7055 | Kendall@80: 0.5192
Epoch 110/150 | Train Loss: 0.0255 | Epoch Time: 0.26s | Spearman@80: 0.7002 | Kendall@80: 0.5141
Epoch 111/150 | Train Loss: 0.0234 | Epoch Time: 0.28s | Spearman@80: 0.6600 | Kendall@80: 0.4843
Epoch 112/150 | Train Loss: 0.0272 | Epoch Time: 0.28s | Spearman@80: 0.6710 | Kendall@80: 0.4938
Epoch 113/150 | Train Loss: 0.0286 | Epoch Time: 0.28s | Spearman@80: 0.6700 | Kendall@80: 0.4919
Epoch 114/150 | Train Loss: 0.0375 | Epoch Time: 0.28s | Spearman@80: 0.6725 | Kendall@80: 0.4932
Epoch 115/150 | Train Loss: 0.0228 | Epoch Time: 0.28s | Spearman@80: 0.6814 | Kendall@80: 0.5033
Epoch 116/150 | Train Loss: 0.0344 | Epoch Time: 0.28s | Spearman@80: 0.6856 | Kendall@80: 0.5033
Epoch 117/150 | Train Loss: 0.0320 | Epoch Time: 0.28s | Spearman@80: 0.6912 | Kendall@80: 0.5097
Epoch 118/150 | Train Loss: 0.0264 | Epoch Time: 0.29s | Spearman@80: 0.6718 | Kendall@80: 0.4926
Epoch 119/150 | Train Loss: 0.0198 | Epoch Time: 0.27s | Spearman@80: 0.6829 | Kendall@80: 0.5027
Epoch 120/150 | Train Loss: 0.0214 | Epoch Time: 0.28s | Spearman@80: 0.6800 | Kendall@80: 0.5002
Epoch 121/150 | Train Loss: 0.0234 | Epoch Time: 0.27s | Spearman@80: 0.6902 | Kendall@80: 0.5090
Epoch 122/150 | Train Loss: 0.0300 | Epoch Time: 0.28s | Spearman@80: 0.6756 | Kendall@80: 0.4989
Epoch 123/150 | Train Loss: 0.0248 | Epoch Time: 0.27s | Spearman@80: 0.6808 | Kendall@80: 0.5014
Epoch 124/150 | Train Loss: 0.0357 | Epoch Time: 0.28s | Spearman@80: 0.6799 | Kendall@80: 0.5014
Epoch 125/150 | Train Loss: 0.0329 | Epoch Time: 0.28s | Spearman@80: 0.6764 | Kendall@80: 0.4964
Epoch 126/150 | Train Loss: 0.0336 | Epoch Time: 0.29s | Spearman@80: 0.6732 | Kendall@80: 0.4976
Epoch 127/150 | Train Loss: 0.0272 | Epoch Time: 0.28s | Spearman@80: 0.6720 | Kendall@80: 0.4970
Epoch 128/150 | Train Loss: 0.0260 | Epoch Time: 0.29s | Spearman@80: 0.6758 | Kendall@80: 0.4957
Epoch 129/150 | Train Loss: 0.0266 | Epoch Time: 0.27s | Spearman@80: 0.6750 | Kendall@80: 0.4957
Epoch 130/150 | Train Loss: 0.0261 | Epoch Time: 0.27s | Spearman@80: 0.6809 | Kendall@80: 0.5002
Epoch 131/150 | Train Loss: 0.0270 | Epoch Time: 0.29s | Spearman@80: 0.6736 | Kendall@80: 0.4945
Epoch 132/150 | Train Loss: 0.0179 | Epoch Time: 0.27s | Spearman@80: 0.6780 | Kendall@80: 0.5008
Epoch 133/150 | Train Loss: 0.0284 | Epoch Time: 0.27s | Spearman@80: 0.6804 | Kendall@80: 0.5027
Epoch 134/150 | Train Loss: 0.0240 | Epoch Time: 0.27s | Spearman@80: 0.6812 | Kendall@80: 0.5002
Epoch 135/150 | Train Loss: 0.0193 | Epoch Time: 0.30s | Spearman@80: 0.6708 | Kendall@80: 0.4926
Epoch 136/150 | Train Loss: 0.0223 | Epoch Time: 0.29s | Spearman@80: 0.6821 | Kendall@80: 0.4983
Epoch 137/150 | Train Loss: 0.0259 | Epoch Time: 0.27s | Spearman@80: 0.6723 | Kendall@80: 0.4945
Epoch 138/150 | Train Loss: 0.0285 | Epoch Time: 0.28s | Spearman@80: 0.6789 | Kendall@80: 0.4989
Epoch 139/150 | Train Loss: 0.0242 | Epoch Time: 0.29s | Spearman@80: 0.6766 | Kendall@80: 0.4976
Epoch 140/150 | Train Loss: 0.0229 | Epoch Time: 0.28s | Spearman@80: 0.6750 | Kendall@80: 0.4983
Epoch 141/150 | Train Loss: 0.0284 | Epoch Time: 0.27s | Spearman@80: 0.6762 | Kendall@80: 0.4945
Epoch 142/150 | Train Loss: 0.0186 | Epoch Time: 0.28s | Spearman@80: 0.6760 | Kendall@80: 0.4976
Epoch 143/150 | Train Loss: 0.0280 | Epoch Time: 0.29s | Spearman@80: 0.6724 | Kendall@80: 0.4926
Epoch 144/150 | Train Loss: 0.0200 | Epoch Time: 0.28s | Spearman@80: 0.6752 | Kendall@80: 0.4970
Epoch 145/150 | Train Loss: 0.0227 | Epoch Time: 0.26s | Spearman@80: 0.6720 | Kendall@80: 0.4945
Epoch 146/150 | Train Loss: 0.0288 | Epoch Time: 0.28s | Spearman@80: 0.6791 | Kendall@80: 0.5014
Epoch 147/150 | Train Loss: 0.0162 | Epoch Time: 24.17s | Spearman@423559: 0.6728 | Kendall@423559: 0.4988
Epoch 148/150 | Train Loss: 0.0299 | Epoch Time: 24.54s | Spearman@423559: 0.6718 | Kendall@423559: 0.4978
Epoch 149/150 | Train Loss: 0.0399 | Epoch Time: 24.22s | Spearman@423559: 0.6699 | Kendall@423559: 0.4959
Epoch 150/150 | Train Loss: 0.0198 | Epoch Time: 24.53s | Spearman@423559: 0.6724 | Kendall@423559: 0.4981
Sample Count: 64, Spearman: 0.6717094073611427, Kendall: 0.49762443096876413
{64: (0.6717094073611427, 0.49762443096876413),
 128: (0.8341509179949059, 0.6482425236852586)}
Epoch 1/150 | Train Loss: 0.0887 | Epoch Time: 0.56s | Spearman@80: 0.6209 | Kendall@80: 0.4500
Epoch 2/150 | Train Loss: 0.0635 | Epoch Time: 0.58s | Spearman@80: 0.7938 | Kendall@80: 0.6038
Epoch 3/150 | Train Loss: 0.0620 | Epoch Time: 0.54s | Spearman@80: 0.3959 | Kendall@80: 0.2956
Epoch 4/150 | Train Loss: 0.0582 | Epoch Time: 0.56s | Spearman@80: 0.8286 | Kendall@80: 0.6380
Epoch 5/150 | Train Loss: 0.0472 | Epoch Time: 0.56s | Spearman@80: 0.7983 | Kendall@80: 0.6019
Epoch 6/150 | Train Loss: 0.0505 | Epoch Time: 0.55s | Spearman@80: 0.8152 | Kendall@80: 0.6209
Epoch 7/150 | Train Loss: 0.0529 | Epoch Time: 0.57s | Spearman@80: 0.7711 | Kendall@80: 0.5829
Epoch 8/150 | Train Loss: 0.0533 | Epoch Time: 0.55s | Spearman@80: 0.8135 | Kendall@80: 0.6177
Epoch 9/150 | Train Loss: 0.0485 | Epoch Time: 0.57s | Spearman@80: 0.8362 | Kendall@80: 0.6323
Epoch 10/150 | Train Loss: 0.0511 | Epoch Time: 0.58s | Spearman@80: 0.8292 | Kendall@80: 0.6304
Epoch 11/150 | Train Loss: 0.0476 | Epoch Time: 0.55s | Spearman@80: 0.8404 | Kendall@80: 0.6538
Epoch 12/150 | Train Loss: 0.0471 | Epoch Time: 0.57s | Spearman@80: 0.8350 | Kendall@80: 0.6481
Epoch 13/150 | Train Loss: 0.0491 | Epoch Time: 0.57s | Spearman@80: 0.8627 | Kendall@80: 0.6778
Epoch 14/150 | Train Loss: 0.0528 | Epoch Time: 0.55s | Spearman@80: 0.7837 | Kendall@80: 0.5861
Epoch 15/150 | Train Loss: 0.0525 | Epoch Time: 0.56s | Spearman@80: 0.8251 | Kendall@80: 0.6304
Epoch 16/150 | Train Loss: 0.0425 | Epoch Time: 0.56s | Spearman@80: 0.7784 | Kendall@80: 0.5842
Epoch 17/150 | Train Loss: 0.0511 | Epoch Time: 0.56s | Spearman@80: 0.8008 | Kendall@80: 0.6082
Epoch 18/150 | Train Loss: 0.0453 | Epoch Time: 0.56s | Spearman@80: 0.7916 | Kendall@80: 0.5975
Epoch 19/150 | Train Loss: 0.0466 | Epoch Time: 0.58s | Spearman@80: 0.7557 | Kendall@80: 0.5532
Epoch 20/150 | Train Loss: 0.0514 | Epoch Time: 0.56s | Spearman@80: 0.8282 | Kendall@80: 0.6430
Epoch 21/150 | Train Loss: 0.0510 | Epoch Time: 0.56s | Spearman@80: 0.7958 | Kendall@80: 0.5987
Epoch 22/150 | Train Loss: 0.0447 | Epoch Time: 0.57s | Spearman@80: 0.7414 | Kendall@80: 0.5462
Epoch 23/150 | Train Loss: 0.0454 | Epoch Time: 0.56s | Spearman@80: 0.8440 | Kendall@80: 0.6570
Epoch 24/150 | Train Loss: 0.0477 | Epoch Time: 0.57s | Spearman@80: 0.7930 | Kendall@80: 0.5937
Epoch 25/150 | Train Loss: 0.0454 | Epoch Time: 0.56s | Spearman@80: 0.8307 | Kendall@80: 0.6373
Epoch 26/150 | Train Loss: 0.0492 | Epoch Time: 0.56s | Spearman@80: 0.7534 | Kendall@80: 0.5608
Epoch 27/150 | Train Loss: 0.0517 | Epoch Time: 0.55s | Spearman@80: 0.7965 | Kendall@80: 0.5975
Epoch 28/150 | Train Loss: 0.0388 | Epoch Time: 0.57s | Spearman@80: 0.8169 | Kendall@80: 0.6253
Epoch 29/150 | Train Loss: 0.0401 | Epoch Time: 0.56s | Spearman@80: 0.8463 | Kendall@80: 0.6614
Epoch 30/150 | Train Loss: 0.0542 | Epoch Time: 0.51s | Spearman@80: 0.8474 | Kendall@80: 0.6639
Epoch 31/150 | Train Loss: 0.0424 | Epoch Time: 0.55s | Spearman@80: 0.8063 | Kendall@80: 0.6127
Epoch 32/150 | Train Loss: 0.0470 | Epoch Time: 0.44s | Spearman@80: 0.8145 | Kendall@80: 0.6215
Epoch 33/150 | Train Loss: 0.0491 | Epoch Time: 0.57s | Spearman@80: 0.8465 | Kendall@80: 0.6544
Epoch 34/150 | Train Loss: 0.0381 | Epoch Time: 0.56s | Spearman@80: 0.8084 | Kendall@80: 0.6108
Epoch 35/150 | Train Loss: 0.0521 | Epoch Time: 0.58s | Spearman@80: 0.8224 | Kendall@80: 0.6335
Epoch 36/150 | Train Loss: 0.0457 | Epoch Time: 0.58s | Spearman@80: 0.8115 | Kendall@80: 0.6203
Epoch 37/150 | Train Loss: 0.0391 | Epoch Time: 0.54s | Spearman@80: 0.8449 | Kendall@80: 0.6500
Epoch 38/150 | Train Loss: 0.0392 | Epoch Time: 0.57s | Spearman@80: 0.8213 | Kendall@80: 0.6329
Epoch 39/150 | Train Loss: 0.0452 | Epoch Time: 0.53s | Spearman@80: 0.8124 | Kendall@80: 0.6253
Epoch 40/150 | Train Loss: 0.0418 | Epoch Time: 0.57s | Spearman@80: 0.8139 | Kendall@80: 0.6272
Epoch 41/150 | Train Loss: 0.0434 | Epoch Time: 0.58s | Spearman@80: 0.8396 | Kendall@80: 0.6525
Epoch 42/150 | Train Loss: 0.0396 | Epoch Time: 0.59s | Spearman@80: 0.8571 | Kendall@80: 0.6722
Epoch 43/150 | Train Loss: 0.0340 | Epoch Time: 0.58s | Spearman@80: 0.8517 | Kendall@80: 0.6658
Epoch 44/150 | Train Loss: 0.0447 | Epoch Time: 0.59s | Spearman@80: 0.8224 | Kendall@80: 0.6354
Epoch 45/150 | Train Loss: 0.0456 | Epoch Time: 0.58s | Spearman@80: 0.8489 | Kendall@80: 0.6601
Epoch 46/150 | Train Loss: 0.0424 | Epoch Time: 0.58s | Spearman@80: 0.8379 | Kendall@80: 0.6494
Epoch 47/150 | Train Loss: 0.0465 | Epoch Time: 0.58s | Spearman@80: 0.8528 | Kendall@80: 0.6728
Epoch 48/150 | Train Loss: 0.0400 | Epoch Time: 0.60s | Spearman@80: 0.8547 | Kendall@80: 0.6715
Epoch 49/150 | Train Loss: 0.0387 | Epoch Time: 0.58s | Spearman@80: 0.8545 | Kendall@80: 0.6816
Epoch 50/150 | Train Loss: 0.0420 | Epoch Time: 0.58s | Spearman@80: 0.8489 | Kendall@80: 0.6595
Epoch 51/150 | Train Loss: 0.0422 | Epoch Time: 0.57s | Spearman@80: 0.8342 | Kendall@80: 0.6449
Epoch 52/150 | Train Loss: 0.0412 | Epoch Time: 0.58s | Spearman@80: 0.8603 | Kendall@80: 0.6810
Epoch 53/150 | Train Loss: 0.0409 | Epoch Time: 0.58s | Spearman@80: 0.8670 | Kendall@80: 0.6987
Epoch 54/150 | Train Loss: 0.0416 | Epoch Time: 0.58s | Spearman@80: 0.8723 | Kendall@80: 0.6930
Epoch 55/150 | Train Loss: 0.0470 | Epoch Time: 0.59s | Spearman@80: 0.8572 | Kendall@80: 0.6823
Epoch 56/150 | Train Loss: 0.0426 | Epoch Time: 0.59s | Spearman@80: 0.8286 | Kendall@80: 0.6456
Epoch 57/150 | Train Loss: 0.0423 | Epoch Time: 0.61s | Spearman@80: 0.8739 | Kendall@80: 0.7025
Epoch 58/150 | Train Loss: 0.0390 | Epoch Time: 0.60s | Spearman@80: 0.8796 | Kendall@80: 0.7127
Epoch 59/150 | Train Loss: 0.0371 | Epoch Time: 0.58s | Spearman@80: 0.8613 | Kendall@80: 0.6759
Epoch 60/150 | Train Loss: 0.0433 | Epoch Time: 0.58s | Spearman@80: 0.8437 | Kendall@80: 0.6677
Epoch 61/150 | Train Loss: 0.0400 | Epoch Time: 0.59s | Spearman@80: 0.8631 | Kendall@80: 0.6842
Epoch 62/150 | Train Loss: 0.0303 | Epoch Time: 0.59s | Spearman@80: 0.8605 | Kendall@80: 0.6829
Epoch 63/150 | Train Loss: 0.0427 | Epoch Time: 0.59s | Spearman@80: 0.8722 | Kendall@80: 0.7025
Epoch 64/150 | Train Loss: 0.0490 | Epoch Time: 0.58s | Spearman@80: 0.8708 | Kendall@80: 0.6911
Epoch 65/150 | Train Loss: 0.0422 | Epoch Time: 0.59s | Spearman@80: 0.8708 | Kendall@80: 0.6981
Epoch 66/150 | Train Loss: 0.0419 | Epoch Time: 0.58s | Spearman@80: 0.8646 | Kendall@80: 0.6873
Epoch 67/150 | Train Loss: 0.0439 | Epoch Time: 0.60s | Spearman@80: 0.8756 | Kendall@80: 0.7038
Epoch 68/150 | Train Loss: 0.0346 | Epoch Time: 0.59s | Spearman@80: 0.8647 | Kendall@80: 0.6956
Epoch 69/150 | Train Loss: 0.0399 | Epoch Time: 0.59s | Spearman@80: 0.8701 | Kendall@80: 0.7019
Epoch 70/150 | Train Loss: 0.0359 | Epoch Time: 0.58s | Spearman@80: 0.8731 | Kendall@80: 0.6956
Epoch 71/150 | Train Loss: 0.0450 | Epoch Time: 0.59s | Spearman@80: 0.8802 | Kendall@80: 0.7025
Epoch 72/150 | Train Loss: 0.0421 | Epoch Time: 0.58s | Spearman@80: 0.8613 | Kendall@80: 0.6829
Epoch 73/150 | Train Loss: 0.0422 | Epoch Time: 0.58s | Spearman@80: 0.8528 | Kendall@80: 0.6741
Epoch 74/150 | Train Loss: 0.0383 | Epoch Time: 0.59s | Spearman@80: 0.8679 | Kendall@80: 0.6937
Epoch 75/150 | Train Loss: 0.0396 | Epoch Time: 0.60s | Spearman@80: 0.8173 | Kendall@80: 0.6418
Epoch 76/150 | Train Loss: 0.0403 | Epoch Time: 0.59s | Spearman@80: 0.8868 | Kendall@80: 0.7196
Epoch 77/150 | Train Loss: 0.0390 | Epoch Time: 0.59s | Spearman@80: 0.8743 | Kendall@80: 0.7044
Epoch 78/150 | Train Loss: 0.0324 | Epoch Time: 0.60s | Spearman@80: 0.8237 | Kendall@80: 0.6582
Epoch 79/150 | Train Loss: 0.0358 | Epoch Time: 0.59s | Spearman@80: 0.8292 | Kendall@80: 0.6570
Epoch 80/150 | Train Loss: 0.0392 | Epoch Time: 0.58s | Spearman@80: 0.8662 | Kendall@80: 0.6924
Epoch 81/150 | Train Loss: 0.0398 | Epoch Time: 0.59s | Spearman@80: 0.8743 | Kendall@80: 0.7013
Epoch 82/150 | Train Loss: 0.0373 | Epoch Time: 0.59s | Spearman@80: 0.8695 | Kendall@80: 0.6981
Epoch 83/150 | Train Loss: 0.0423 | Epoch Time: 0.59s | Spearman@80: 0.8635 | Kendall@80: 0.6867
Epoch 84/150 | Train Loss: 0.0354 | Epoch Time: 0.59s | Spearman@80: 0.8869 | Kendall@80: 0.7190
Epoch 85/150 | Train Loss: 0.0325 | Epoch Time: 0.61s | Spearman@80: 0.8892 | Kendall@80: 0.7215
Epoch 86/150 | Train Loss: 0.0348 | Epoch Time: 0.61s | Spearman@80: 0.8860 | Kendall@80: 0.7165
Epoch 87/150 | Train Loss: 0.0337 | Epoch Time: 0.59s | Spearman@80: 0.8944 | Kendall@80: 0.7291
Epoch 88/150 | Train Loss: 0.0469 | Epoch Time: 0.58s | Spearman@80: 0.8923 | Kendall@80: 0.7272
Epoch 89/150 | Train Loss: 0.0312 | Epoch Time: 0.61s | Spearman@80: 0.8499 | Kendall@80: 0.6703
Epoch 90/150 | Train Loss: 0.0329 | Epoch Time: 0.62s | Spearman@80: 0.8722 | Kendall@80: 0.7038
Epoch 91/150 | Train Loss: 0.0313 | Epoch Time: 0.58s | Spearman@80: 0.8719 | Kendall@80: 0.7063
Epoch 92/150 | Train Loss: 0.0318 | Epoch Time: 0.59s | Spearman@80: 0.8520 | Kendall@80: 0.6816
Epoch 93/150 | Train Loss: 0.0375 | Epoch Time: 0.58s | Spearman@80: 0.8784 | Kendall@80: 0.7139
Epoch 94/150 | Train Loss: 0.0343 | Epoch Time: 0.59s | Spearman@80: 0.8633 | Kendall@80: 0.6987
Epoch 95/150 | Train Loss: 0.0313 | Epoch Time: 0.59s | Spearman@80: 0.8649 | Kendall@80: 0.6981
Epoch 96/150 | Train Loss: 0.0353 | Epoch Time: 0.60s | Spearman@80: 0.8749 | Kendall@80: 0.7101
Epoch 97/150 | Train Loss: 0.0274 | Epoch Time: 0.59s | Spearman@80: 0.8100 | Kendall@80: 0.6335
Epoch 98/150 | Train Loss: 0.0353 | Epoch Time: 0.58s | Spearman@80: 0.8637 | Kendall@80: 0.6968
Epoch 99/150 | Train Loss: 0.0340 | Epoch Time: 0.59s | Spearman@80: 0.8646 | Kendall@80: 0.6987
Epoch 100/150 | Train Loss: 0.0325 | Epoch Time: 0.61s | Spearman@80: 0.8610 | Kendall@80: 0.6924
Epoch 101/150 | Train Loss: 0.0333 | Epoch Time: 0.58s | Spearman@80: 0.8736 | Kendall@80: 0.7057
Epoch 102/150 | Train Loss: 0.0422 | Epoch Time: 0.59s | Spearman@80: 0.8741 | Kendall@80: 0.7082
Epoch 103/150 | Train Loss: 0.0350 | Epoch Time: 0.57s | Spearman@80: 0.8838 | Kendall@80: 0.7253
Epoch 104/150 | Train Loss: 0.0337 | Epoch Time: 0.59s | Spearman@80: 0.8876 | Kendall@80: 0.7316
Epoch 105/150 | Train Loss: 0.0331 | Epoch Time: 0.59s | Spearman@80: 0.8737 | Kendall@80: 0.7158
Epoch 106/150 | Train Loss: 0.0457 | Epoch Time: 0.57s | Spearman@80: 0.8794 | Kendall@80: 0.7253
Epoch 107/150 | Train Loss: 0.0352 | Epoch Time: 0.58s | Spearman@80: 0.8710 | Kendall@80: 0.7057
Epoch 108/150 | Train Loss: 0.0331 | Epoch Time: 0.59s | Spearman@80: 0.8655 | Kendall@80: 0.6943
Epoch 109/150 | Train Loss: 0.0282 | Epoch Time: 0.58s | Spearman@80: 0.8635 | Kendall@80: 0.7076
Epoch 110/150 | Train Loss: 0.0340 | Epoch Time: 0.58s | Spearman@80: 0.8643 | Kendall@80: 0.7070
Epoch 111/150 | Train Loss: 0.0344 | Epoch Time: 0.59s | Spearman@80: 0.8649 | Kendall@80: 0.7032
Epoch 112/150 | Train Loss: 0.0336 | Epoch Time: 0.58s | Spearman@80: 0.8696 | Kendall@80: 0.7108
Epoch 113/150 | Train Loss: 0.0399 | Epoch Time: 0.58s | Spearman@80: 0.8530 | Kendall@80: 0.6759
Epoch 114/150 | Train Loss: 0.0302 | Epoch Time: 0.58s | Spearman@80: 0.8579 | Kendall@80: 0.6899
Epoch 115/150 | Train Loss: 0.0303 | Epoch Time: 0.59s | Spearman@80: 0.8678 | Kendall@80: 0.7063
Epoch 116/150 | Train Loss: 0.0380 | Epoch Time: 0.59s | Spearman@80: 0.8729 | Kendall@80: 0.7146
Epoch 117/150 | Train Loss: 0.0296 | Epoch Time: 0.59s | Spearman@80: 0.8699 | Kendall@80: 0.7146
Epoch 118/150 | Train Loss: 0.0292 | Epoch Time: 0.60s | Spearman@80: 0.8686 | Kendall@80: 0.7082
Epoch 119/150 | Train Loss: 0.0332 | Epoch Time: 0.59s | Spearman@80: 0.8489 | Kendall@80: 0.6766
Epoch 120/150 | Train Loss: 0.0353 | Epoch Time: 0.60s | Spearman@80: 0.8539 | Kendall@80: 0.6816
Epoch 121/150 | Train Loss: 0.0360 | Epoch Time: 0.58s | Spearman@80: 0.8484 | Kendall@80: 0.6741
Epoch 122/150 | Train Loss: 0.0335 | Epoch Time: 0.58s | Spearman@80: 0.8528 | Kendall@80: 0.6816
Epoch 123/150 | Train Loss: 0.0353 | Epoch Time: 0.58s | Spearman@80: 0.8737 | Kendall@80: 0.7127
Epoch 124/150 | Train Loss: 0.0280 | Epoch Time: 0.60s | Spearman@80: 0.8713 | Kendall@80: 0.7082
Epoch 125/150 | Train Loss: 0.0291 | Epoch Time: 0.58s | Spearman@80: 0.8769 | Kendall@80: 0.7184
Epoch 126/150 | Train Loss: 0.0350 | Epoch Time: 0.59s | Spearman@80: 0.8815 | Kendall@80: 0.7209
Epoch 127/150 | Train Loss: 0.0287 | Epoch Time: 0.60s | Spearman@80: 0.8725 | Kendall@80: 0.7076
Epoch 128/150 | Train Loss: 0.0287 | Epoch Time: 0.58s | Spearman@80: 0.8700 | Kendall@80: 0.7057
Epoch 129/150 | Train Loss: 0.0298 | Epoch Time: 0.59s | Spearman@80: 0.8608 | Kendall@80: 0.6873
Epoch 130/150 | Train Loss: 0.0245 | Epoch Time: 0.60s | Spearman@80: 0.8613 | Kendall@80: 0.6956
Epoch 131/150 | Train Loss: 0.0336 | Epoch Time: 0.58s | Spearman@80: 0.8574 | Kendall@80: 0.6861
Epoch 132/150 | Train Loss: 0.0361 | Epoch Time: 0.58s | Spearman@80: 0.8696 | Kendall@80: 0.7025
Epoch 133/150 | Train Loss: 0.0309 | Epoch Time: 0.59s | Spearman@80: 0.8623 | Kendall@80: 0.6981
Epoch 134/150 | Train Loss: 0.0324 | Epoch Time: 0.61s | Spearman@80: 0.8690 | Kendall@80: 0.7038
Epoch 135/150 | Train Loss: 0.0284 | Epoch Time: 0.59s | Spearman@80: 0.8665 | Kendall@80: 0.7000
Epoch 136/150 | Train Loss: 0.0283 | Epoch Time: 0.59s | Spearman@80: 0.8677 | Kendall@80: 0.7019
Epoch 137/150 | Train Loss: 0.0311 | Epoch Time: 0.58s | Spearman@80: 0.8660 | Kendall@80: 0.6962
Epoch 138/150 | Train Loss: 0.0353 | Epoch Time: 0.58s | Spearman@80: 0.8639 | Kendall@80: 0.7019
Epoch 139/150 | Train Loss: 0.0280 | Epoch Time: 0.59s | Spearman@80: 0.8688 | Kendall@80: 0.7013
Epoch 140/150 | Train Loss: 0.0274 | Epoch Time: 0.59s | Spearman@80: 0.8568 | Kendall@80: 0.6949
Epoch 141/150 | Train Loss: 0.0344 | Epoch Time: 0.60s | Spearman@80: 0.8650 | Kendall@80: 0.6968
Epoch 142/150 | Train Loss: 0.0345 | Epoch Time: 0.59s | Spearman@80: 0.8636 | Kendall@80: 0.6968
Epoch 143/150 | Train Loss: 0.0319 | Epoch Time: 0.62s | Spearman@80: 0.8642 | Kendall@80: 0.6975
Epoch 144/150 | Train Loss: 0.0306 | Epoch Time: 0.59s | Spearman@80: 0.8702 | Kendall@80: 0.7000
Epoch 145/150 | Train Loss: 0.0315 | Epoch Time: 0.59s | Spearman@80: 0.8587 | Kendall@80: 0.6956
Epoch 146/150 | Train Loss: 0.0290 | Epoch Time: 0.59s | Spearman@80: 0.8674 | Kendall@80: 0.6949
Epoch 147/150 | Train Loss: 0.0329 | Epoch Time: 30.76s | Spearman@423495: 0.8558 | Kendall@423495: 0.6724
Epoch 148/150 | Train Loss: 0.0297 | Epoch Time: 30.64s | Spearman@423495: 0.8499 | Kendall@423495: 0.6652
Epoch 149/150 | Train Loss: 0.0335 | Epoch Time: 30.79s | Spearman@423495: 0.8530 | Kendall@423495: 0.6690
Epoch 150/150 | Train Loss: 0.0268 | Epoch Time: 31.23s | Spearman@423495: 0.8500 | Kendall@423495: 0.6659
Sample Count: 128, Spearman: 0.8521815331266804, Kendall: 0.6681210427548592
{64: (0.6717094073611427, 0.49762443096876413),
 128: (0.8521815331266804, 0.6681210427548592)}
Epoch 1/150 | Train Loss: 0.0936 | Epoch Time: 0.31s | Spearman@80: 0.4792 | Kendall@80: 0.3468
Epoch 2/150 | Train Loss: 0.0770 | Epoch Time: 0.29s | Spearman@80: 0.5088 | Kendall@80: 0.3690
Epoch 3/150 | Train Loss: 0.0766 | Epoch Time: 0.30s | Spearman@80: 0.5954 | Kendall@80: 0.4354
Epoch 4/150 | Train Loss: 0.0653 | Epoch Time: 0.32s | Spearman@80: 0.5030 | Kendall@80: 0.3658
Epoch 5/150 | Train Loss: 0.0662 | Epoch Time: 0.31s | Spearman@80: 0.7388 | Kendall@80: 0.5228
Epoch 6/150 | Train Loss: 0.0619 | Epoch Time: 0.31s | Spearman@80: 0.7504 | Kendall@80: 0.5329
Epoch 7/150 | Train Loss: 0.0489 | Epoch Time: 0.30s | Spearman@80: 0.7725 | Kendall@80: 0.5506
Epoch 8/150 | Train Loss: 0.0598 | Epoch Time: 0.30s | Spearman@80: 0.7784 | Kendall@80: 0.5861
Epoch 9/150 | Train Loss: 0.0516 | Epoch Time: 0.30s | Spearman@80: 0.8078 | Kendall@80: 0.6089
Epoch 10/150 | Train Loss: 0.0542 | Epoch Time: 0.30s | Spearman@80: 0.7792 | Kendall@80: 0.5684
Epoch 11/150 | Train Loss: 0.0552 | Epoch Time: 0.30s | Spearman@80: 0.7880 | Kendall@80: 0.5734
Epoch 12/150 | Train Loss: 0.0456 | Epoch Time: 0.32s | Spearman@80: 0.8067 | Kendall@80: 0.5867
Epoch 13/150 | Train Loss: 0.0436 | Epoch Time: 0.31s | Spearman@80: 0.8217 | Kendall@80: 0.6278
Epoch 14/150 | Train Loss: 0.0608 | Epoch Time: 0.30s | Spearman@80: 0.7822 | Kendall@80: 0.5911
Epoch 15/150 | Train Loss: 0.0555 | Epoch Time: 0.29s | Spearman@80: 0.7850 | Kendall@80: 0.5791
Epoch 16/150 | Train Loss: 0.0467 | Epoch Time: 0.29s | Spearman@80: 0.8091 | Kendall@80: 0.6032
Epoch 17/150 | Train Loss: 0.0589 | Epoch Time: 0.32s | Spearman@80: 0.7961 | Kendall@80: 0.5987
Epoch 18/150 | Train Loss: 0.0528 | Epoch Time: 0.30s | Spearman@80: 0.8419 | Kendall@80: 0.6544
Epoch 19/150 | Train Loss: 0.0495 | Epoch Time: 0.29s | Spearman@80: 0.8461 | Kendall@80: 0.6620
Epoch 20/150 | Train Loss: 0.0544 | Epoch Time: 0.30s | Spearman@80: 0.8348 | Kendall@80: 0.6361
Epoch 21/150 | Train Loss: 0.0458 | Epoch Time: 0.30s | Spearman@80: 0.7633 | Kendall@80: 0.5690
Epoch 22/150 | Train Loss: 0.0471 | Epoch Time: 0.30s | Spearman@80: 0.8235 | Kendall@80: 0.6291
Epoch 23/150 | Train Loss: 0.0481 | Epoch Time: 0.30s | Spearman@80: 0.8450 | Kendall@80: 0.6582
Epoch 24/150 | Train Loss: 0.0561 | Epoch Time: 0.31s | Spearman@80: 0.8455 | Kendall@80: 0.6589
Epoch 25/150 | Train Loss: 0.0468 | Epoch Time: 0.30s | Spearman@80: 0.8071 | Kendall@80: 0.5937
Epoch 26/150 | Train Loss: 0.0451 | Epoch Time: 0.29s | Spearman@80: 0.8102 | Kendall@80: 0.6127
Epoch 27/150 | Train Loss: 0.0518 | Epoch Time: 0.30s | Spearman@80: 0.8078 | Kendall@80: 0.6089
Epoch 28/150 | Train Loss: 0.0419 | Epoch Time: 0.30s | Spearman@80: 0.7998 | Kendall@80: 0.5867
Epoch 29/150 | Train Loss: 0.0425 | Epoch Time: 0.29s | Spearman@80: 0.8175 | Kendall@80: 0.6146
Epoch 30/150 | Train Loss: 0.0348 | Epoch Time: 0.30s | Spearman@80: 0.7135 | Kendall@80: 0.5082
Epoch 31/150 | Train Loss: 0.0437 | Epoch Time: 0.31s | Spearman@80: 0.7881 | Kendall@80: 0.5722
Epoch 32/150 | Train Loss: 0.0463 | Epoch Time: 0.31s | Spearman@80: 0.8165 | Kendall@80: 0.6032
Epoch 33/150 | Train Loss: 0.0373 | Epoch Time: 0.30s | Spearman@80: 0.8031 | Kendall@80: 0.5937
Epoch 34/150 | Train Loss: 0.0485 | Epoch Time: 0.30s | Spearman@80: 0.8267 | Kendall@80: 0.6247
Epoch 35/150 | Train Loss: 0.0406 | Epoch Time: 0.30s | Spearman@80: 0.8282 | Kendall@80: 0.6342
Epoch 36/150 | Train Loss: 0.0444 | Epoch Time: 0.30s | Spearman@80: 0.8062 | Kendall@80: 0.6158
Epoch 37/150 | Train Loss: 0.0476 | Epoch Time: 0.30s | Spearman@80: 0.8083 | Kendall@80: 0.6051
Epoch 38/150 | Train Loss: 0.0434 | Epoch Time: 0.29s | Spearman@80: 0.7959 | Kendall@80: 0.5892
Epoch 39/150 | Train Loss: 0.0471 | Epoch Time: 0.30s | Spearman@80: 0.8244 | Kendall@80: 0.6203
Epoch 40/150 | Train Loss: 0.0412 | Epoch Time: 0.30s | Spearman@80: 0.8340 | Kendall@80: 0.6367
Epoch 41/150 | Train Loss: 0.0459 | Epoch Time: 0.29s | Spearman@80: 0.8319 | Kendall@80: 0.6386
Epoch 42/150 | Train Loss: 0.0514 | Epoch Time: 0.30s | Spearman@80: 0.8104 | Kendall@80: 0.6165
Epoch 43/150 | Train Loss: 0.0410 | Epoch Time: 0.30s | Spearman@80: 0.7712 | Kendall@80: 0.5696
Epoch 44/150 | Train Loss: 0.0434 | Epoch Time: 0.30s | Spearman@80: 0.7584 | Kendall@80: 0.5563
Epoch 45/150 | Train Loss: 0.0423 | Epoch Time: 0.30s | Spearman@80: 0.8086 | Kendall@80: 0.6171
Epoch 46/150 | Train Loss: 0.0421 | Epoch Time: 0.30s | Spearman@80: 0.8056 | Kendall@80: 0.6044
Epoch 47/150 | Train Loss: 0.0320 | Epoch Time: 0.30s | Spearman@80: 0.7893 | Kendall@80: 0.5899
Epoch 48/150 | Train Loss: 0.0342 | Epoch Time: 0.31s | Spearman@80: 0.8163 | Kendall@80: 0.6215
Epoch 49/150 | Train Loss: 0.0378 | Epoch Time: 0.30s | Spearman@80: 0.7984 | Kendall@80: 0.6063
Epoch 50/150 | Train Loss: 0.0483 | Epoch Time: 0.31s | Spearman@80: 0.8100 | Kendall@80: 0.6297
Epoch 51/150 | Train Loss: 0.0463 | Epoch Time: 0.29s | Spearman@80: 0.8233 | Kendall@80: 0.6399
Epoch 52/150 | Train Loss: 0.0356 | Epoch Time: 0.30s | Spearman@80: 0.8073 | Kendall@80: 0.6133
Epoch 53/150 | Train Loss: 0.0329 | Epoch Time: 0.29s | Spearman@80: 0.8288 | Kendall@80: 0.6354
Epoch 54/150 | Train Loss: 0.0345 | Epoch Time: 0.30s | Spearman@80: 0.8142 | Kendall@80: 0.6253
Epoch 55/150 | Train Loss: 0.0441 | Epoch Time: 0.30s | Spearman@80: 0.8078 | Kendall@80: 0.6133
Epoch 56/150 | Train Loss: 0.0376 | Epoch Time: 0.30s | Spearman@80: 0.8032 | Kendall@80: 0.6076
Epoch 57/150 | Train Loss: 0.0384 | Epoch Time: 0.30s | Spearman@80: 0.7789 | Kendall@80: 0.5835
Epoch 58/150 | Train Loss: 0.0392 | Epoch Time: 0.30s | Spearman@80: 0.8100 | Kendall@80: 0.6095
Epoch 59/150 | Train Loss: 0.0406 | Epoch Time: 0.31s | Spearman@80: 0.8136 | Kendall@80: 0.6184
Epoch 60/150 | Train Loss: 0.0343 | Epoch Time: 0.29s | Spearman@80: 0.7695 | Kendall@80: 0.5652
Epoch 61/150 | Train Loss: 0.0369 | Epoch Time: 0.30s | Spearman@80: 0.7588 | Kendall@80: 0.5544
Epoch 62/150 | Train Loss: 0.0302 | Epoch Time: 0.29s | Spearman@80: 0.7901 | Kendall@80: 0.5829
Epoch 63/150 | Train Loss: 0.0469 | Epoch Time: 0.31s | Spearman@80: 0.7769 | Kendall@80: 0.5886
Epoch 64/150 | Train Loss: 0.0401 | Epoch Time: 0.30s | Spearman@80: 0.8187 | Kendall@80: 0.6304
Epoch 65/150 | Train Loss: 0.0413 | Epoch Time: 0.32s | Spearman@80: 0.8132 | Kendall@80: 0.6196
Epoch 66/150 | Train Loss: 0.0455 | Epoch Time: 0.30s | Spearman@80: 0.7865 | Kendall@80: 0.5823
Epoch 67/150 | Train Loss: 0.0322 | Epoch Time: 0.30s | Spearman@80: 0.8293 | Kendall@80: 0.6437
Epoch 68/150 | Train Loss: 0.0427 | Epoch Time: 0.30s | Spearman@80: 0.8256 | Kendall@80: 0.6405
Epoch 69/150 | Train Loss: 0.0446 | Epoch Time: 0.30s | Spearman@80: 0.7412 | Kendall@80: 0.5373
Epoch 70/150 | Train Loss: 0.0303 | Epoch Time: 0.30s | Spearman@80: 0.8189 | Kendall@80: 0.6278
Epoch 71/150 | Train Loss: 0.0387 | Epoch Time: 0.30s | Spearman@80: 0.8118 | Kendall@80: 0.6076
Epoch 72/150 | Train Loss: 0.0292 | Epoch Time: 0.31s | Spearman@80: 0.8249 | Kendall@80: 0.6316
Epoch 73/150 | Train Loss: 0.0340 | Epoch Time: 0.29s | Spearman@80: 0.8243 | Kendall@80: 0.6373
Epoch 74/150 | Train Loss: 0.0373 | Epoch Time: 0.31s | Spearman@80: 0.8451 | Kendall@80: 0.6570
Epoch 75/150 | Train Loss: 0.0401 | Epoch Time: 0.30s | Spearman@80: 0.8314 | Kendall@80: 0.6443
Epoch 76/150 | Train Loss: 0.0386 | Epoch Time: 0.30s | Spearman@80: 0.8293 | Kendall@80: 0.6411
Epoch 77/150 | Train Loss: 0.0401 | Epoch Time: 0.31s | Spearman@80: 0.8207 | Kendall@80: 0.6285
Epoch 78/150 | Train Loss: 0.0296 | Epoch Time: 0.30s | Spearman@80: 0.7936 | Kendall@80: 0.5911
Epoch 79/150 | Train Loss: 0.0341 | Epoch Time: 0.29s | Spearman@80: 0.7843 | Kendall@80: 0.5829
Epoch 80/150 | Train Loss: 0.0361 | Epoch Time: 0.30s | Spearman@80: 0.8225 | Kendall@80: 0.6304
Epoch 81/150 | Train Loss: 0.0392 | Epoch Time: 0.29s | Spearman@80: 0.8113 | Kendall@80: 0.6177
Epoch 82/150 | Train Loss: 0.0356 | Epoch Time: 0.30s | Spearman@80: 0.8105 | Kendall@80: 0.6120
Epoch 83/150 | Train Loss: 0.0371 | Epoch Time: 0.29s | Spearman@80: 0.8129 | Kendall@80: 0.6184
Epoch 84/150 | Train Loss: 0.0268 | Epoch Time: 0.30s | Spearman@80: 0.8040 | Kendall@80: 0.6051
Epoch 85/150 | Train Loss: 0.0313 | Epoch Time: 0.30s | Spearman@80: 0.7979 | Kendall@80: 0.5975
Epoch 86/150 | Train Loss: 0.0363 | Epoch Time: 0.31s | Spearman@80: 0.7955 | Kendall@80: 0.5987
Epoch 87/150 | Train Loss: 0.0420 | Epoch Time: 0.30s | Spearman@80: 0.7986 | Kendall@80: 0.5924
Epoch 88/150 | Train Loss: 0.0308 | Epoch Time: 0.29s | Spearman@80: 0.7949 | Kendall@80: 0.5892
Epoch 89/150 | Train Loss: 0.0371 | Epoch Time: 0.30s | Spearman@80: 0.8120 | Kendall@80: 0.6215
Epoch 90/150 | Train Loss: 0.0441 | Epoch Time: 0.30s | Spearman@80: 0.8144 | Kendall@80: 0.6304
Epoch 91/150 | Train Loss: 0.0296 | Epoch Time: 0.28s | Spearman@80: 0.8103 | Kendall@80: 0.6133
Epoch 92/150 | Train Loss: 0.0344 | Epoch Time: 0.30s | Spearman@80: 0.8092 | Kendall@80: 0.6120
Epoch 93/150 | Train Loss: 0.0383 | Epoch Time: 0.30s | Spearman@80: 0.8193 | Kendall@80: 0.6310
Epoch 94/150 | Train Loss: 0.0327 | Epoch Time: 0.30s | Spearman@80: 0.8221 | Kendall@80: 0.6367
Epoch 95/150 | Train Loss: 0.0277 | Epoch Time: 0.30s | Spearman@80: 0.8123 | Kendall@80: 0.6241
Epoch 96/150 | Train Loss: 0.0300 | Epoch Time: 0.30s | Spearman@80: 0.8053 | Kendall@80: 0.6158
Epoch 97/150 | Train Loss: 0.0332 | Epoch Time: 0.29s | Spearman@80: 0.7992 | Kendall@80: 0.6025
Epoch 98/150 | Train Loss: 0.0317 | Epoch Time: 0.30s | Spearman@80: 0.8040 | Kendall@80: 0.6076
Epoch 99/150 | Train Loss: 0.0377 | Epoch Time: 0.30s | Spearman@80: 0.8043 | Kendall@80: 0.6095
Epoch 100/150 | Train Loss: 0.0347 | Epoch Time: 0.31s | Spearman@80: 0.8082 | Kendall@80: 0.6114
Epoch 101/150 | Train Loss: 0.0351 | Epoch Time: 0.28s | Spearman@80: 0.8099 | Kendall@80: 0.6158
Epoch 102/150 | Train Loss: 0.0290 | Epoch Time: 0.28s | Spearman@80: 0.8044 | Kendall@80: 0.6114
Epoch 103/150 | Train Loss: 0.0408 | Epoch Time: 0.28s | Spearman@80: 0.7919 | Kendall@80: 0.5930
Epoch 104/150 | Train Loss: 0.0310 | Epoch Time: 0.28s | Spearman@80: 0.7929 | Kendall@80: 0.5918
Epoch 105/150 | Train Loss: 0.0250 | Epoch Time: 0.28s | Spearman@80: 0.8115 | Kendall@80: 0.6190
Epoch 106/150 | Train Loss: 0.0215 | Epoch Time: 0.29s | Spearman@80: 0.8156 | Kendall@80: 0.6222
Epoch 107/150 | Train Loss: 0.0300 | Epoch Time: 0.27s | Spearman@80: 0.8163 | Kendall@80: 0.6241
Epoch 108/150 | Train Loss: 0.0279 | Epoch Time: 0.28s | Spearman@80: 0.8111 | Kendall@80: 0.6190
Epoch 109/150 | Train Loss: 0.0272 | Epoch Time: 0.28s | Spearman@80: 0.7984 | Kendall@80: 0.5994
Epoch 110/150 | Train Loss: 0.0243 | Epoch Time: 0.28s | Spearman@80: 0.8062 | Kendall@80: 0.6095
Epoch 111/150 | Train Loss: 0.0345 | Epoch Time: 0.27s | Spearman@80: 0.8119 | Kendall@80: 0.6184
Epoch 112/150 | Train Loss: 0.0421 | Epoch Time: 0.28s | Spearman@80: 0.8156 | Kendall@80: 0.6228
Epoch 113/150 | Train Loss: 0.0247 | Epoch Time: 0.28s | Spearman@80: 0.8070 | Kendall@80: 0.6139
Epoch 114/150 | Train Loss: 0.0238 | Epoch Time: 0.28s | Spearman@80: 0.8102 | Kendall@80: 0.6114
Epoch 115/150 | Train Loss: 0.0351 | Epoch Time: 0.27s | Spearman@80: 0.7944 | Kendall@80: 0.5924
Epoch 116/150 | Train Loss: 0.0286 | Epoch Time: 0.28s | Spearman@80: 0.7899 | Kendall@80: 0.5905
Epoch 117/150 | Train Loss: 0.0319 | Epoch Time: 0.28s | Spearman@80: 0.7855 | Kendall@80: 0.5867
Epoch 118/150 | Train Loss: 0.0332 | Epoch Time: 0.28s | Spearman@80: 0.7908 | Kendall@80: 0.5930
Epoch 119/150 | Train Loss: 0.0405 | Epoch Time: 0.28s | Spearman@80: 0.8130 | Kendall@80: 0.6228
Epoch 120/150 | Train Loss: 0.0211 | Epoch Time: 0.29s | Spearman@80: 0.8108 | Kendall@80: 0.6139
Epoch 121/150 | Train Loss: 0.0270 | Epoch Time: 0.27s | Spearman@80: 0.8104 | Kendall@80: 0.6139
Epoch 122/150 | Train Loss: 0.0316 | Epoch Time: 0.28s | Spearman@80: 0.8070 | Kendall@80: 0.6101
Epoch 123/150 | Train Loss: 0.0311 | Epoch Time: 0.28s | Spearman@80: 0.8141 | Kendall@80: 0.6177
Epoch 124/150 | Train Loss: 0.0336 | Epoch Time: 0.29s | Spearman@80: 0.7952 | Kendall@80: 0.5924
Epoch 125/150 | Train Loss: 0.0310 | Epoch Time: 0.28s | Spearman@80: 0.7914 | Kendall@80: 0.5892
Epoch 126/150 | Train Loss: 0.0255 | Epoch Time: 0.28s | Spearman@80: 0.7980 | Kendall@80: 0.5956
Epoch 127/150 | Train Loss: 0.0251 | Epoch Time: 0.29s | Spearman@80: 0.8053 | Kendall@80: 0.6051
Epoch 128/150 | Train Loss: 0.0245 | Epoch Time: 0.28s | Spearman@80: 0.8077 | Kendall@80: 0.6139
Epoch 129/150 | Train Loss: 0.0247 | Epoch Time: 0.27s | Spearman@80: 0.8068 | Kendall@80: 0.6108
Epoch 130/150 | Train Loss: 0.0287 | Epoch Time: 0.27s | Spearman@80: 0.8032 | Kendall@80: 0.6089
Epoch 131/150 | Train Loss: 0.0295 | Epoch Time: 0.28s | Spearman@80: 0.8134 | Kendall@80: 0.6215
Epoch 132/150 | Train Loss: 0.0288 | Epoch Time: 0.30s | Spearman@80: 0.8037 | Kendall@80: 0.6057
Epoch 133/150 | Train Loss: 0.0293 | Epoch Time: 0.28s | Spearman@80: 0.8042 | Kendall@80: 0.6101
Epoch 134/150 | Train Loss: 0.0344 | Epoch Time: 0.27s | Spearman@80: 0.8080 | Kendall@80: 0.6152
Epoch 135/150 | Train Loss: 0.0229 | Epoch Time: 0.27s | Spearman@80: 0.8076 | Kendall@80: 0.6146
Epoch 136/150 | Train Loss: 0.0387 | Epoch Time: 0.29s | Spearman@80: 0.7968 | Kendall@80: 0.6000
Epoch 137/150 | Train Loss: 0.0312 | Epoch Time: 0.27s | Spearman@80: 0.7970 | Kendall@80: 0.6000
Epoch 138/150 | Train Loss: 0.0264 | Epoch Time: 0.29s | Spearman@80: 0.8036 | Kendall@80: 0.6070
Epoch 139/150 | Train Loss: 0.0273 | Epoch Time: 0.26s | Spearman@80: 0.8026 | Kendall@80: 0.6051
Epoch 140/150 | Train Loss: 0.0385 | Epoch Time: 0.29s | Spearman@80: 0.8024 | Kendall@80: 0.6038
Epoch 141/150 | Train Loss: 0.0278 | Epoch Time: 0.30s | Spearman@80: 0.8067 | Kendall@80: 0.6120
Epoch 142/150 | Train Loss: 0.0269 | Epoch Time: 0.27s | Spearman@80: 0.7984 | Kendall@80: 0.6006
Epoch 143/150 | Train Loss: 0.0262 | Epoch Time: 0.27s | Spearman@80: 0.8017 | Kendall@80: 0.6051
Epoch 144/150 | Train Loss: 0.0298 | Epoch Time: 0.29s | Spearman@80: 0.7968 | Kendall@80: 0.5987
Epoch 145/150 | Train Loss: 0.0275 | Epoch Time: 0.29s | Spearman@80: 0.7993 | Kendall@80: 0.6013
Epoch 146/150 | Train Loss: 0.0284 | Epoch Time: 0.27s | Spearman@80: 0.8025 | Kendall@80: 0.6063
Epoch 147/150 | Train Loss: 0.0210 | Epoch Time: 24.31s | Spearman@423559: 0.7479 | Kendall@423559: 0.5578
Epoch 148/150 | Train Loss: 0.0239 | Epoch Time: 24.59s | Spearman@423559: 0.7511 | Kendall@423559: 0.5606
Epoch 149/150 | Train Loss: 0.0240 | Epoch Time: 24.35s | Spearman@423559: 0.7566 | Kendall@423559: 0.5654
Epoch 150/150 | Train Loss: 0.0289 | Epoch Time: 25.37s | Spearman@423559: 0.7541 | Kendall@423559: 0.5635
Sample Count: 64, Spearman: 0.7524353228378865, Kendall: 0.5618336495837524
{64: (0.7524353228378865, 0.5618336495837524),
 128: (0.8521815331266804, 0.6681210427548592)}
Epoch 1/150 | Train Loss: 0.0905 | Epoch Time: 0.56s | Spearman@80: 0.5496 | Kendall@80: 0.4082
Epoch 2/150 | Train Loss: 0.0781 | Epoch Time: 0.56s | Spearman@80: 0.6457 | Kendall@80: 0.4905
Epoch 3/150 | Train Loss: 0.0738 | Epoch Time: 0.56s | Spearman@80: 0.6926 | Kendall@80: 0.5241
Epoch 4/150 | Train Loss: 0.0741 | Epoch Time: 0.56s | Spearman@80: 0.7440 | Kendall@80: 0.5519
Epoch 5/150 | Train Loss: 0.0594 | Epoch Time: 0.56s | Spearman@80: 0.7012 | Kendall@80: 0.5405
Epoch 6/150 | Train Loss: 0.0613 | Epoch Time: 0.57s | Spearman@80: 0.6486 | Kendall@80: 0.4880
Epoch 7/150 | Train Loss: 0.0621 | Epoch Time: 0.57s | Spearman@80: 0.6833 | Kendall@80: 0.5019
Epoch 8/150 | Train Loss: 0.0660 | Epoch Time: 0.57s | Spearman@80: 0.6817 | Kendall@80: 0.5209
Epoch 9/150 | Train Loss: 0.0573 | Epoch Time: 0.56s | Spearman@80: 0.8028 | Kendall@80: 0.6222
Epoch 10/150 | Train Loss: 0.0690 | Epoch Time: 0.59s | Spearman@80: 0.8175 | Kendall@80: 0.6304
Epoch 11/150 | Train Loss: 0.0588 | Epoch Time: 0.55s | Spearman@80: 0.8041 | Kendall@80: 0.6089
Epoch 12/150 | Train Loss: 0.0508 | Epoch Time: 0.57s | Spearman@80: 0.7793 | Kendall@80: 0.6082
Epoch 13/150 | Train Loss: 0.0571 | Epoch Time: 0.57s | Spearman@80: 0.6399 | Kendall@80: 0.4715
Epoch 14/150 | Train Loss: 0.0561 | Epoch Time: 0.58s | Spearman@80: 0.7827 | Kendall@80: 0.6190
Epoch 15/150 | Train Loss: 0.0559 | Epoch Time: 0.57s | Spearman@80: 0.6510 | Kendall@80: 0.4639
Epoch 16/150 | Train Loss: 0.0608 | Epoch Time: 0.57s | Spearman@80: 0.8563 | Kendall@80: 0.6728
Epoch 17/150 | Train Loss: 0.0535 | Epoch Time: 0.57s | Spearman@80: 0.8094 | Kendall@80: 0.6247
Epoch 18/150 | Train Loss: 0.0545 | Epoch Time: 0.56s | Spearman@80: 0.8237 | Kendall@80: 0.6462
Epoch 19/150 | Train Loss: 0.0508 | Epoch Time: 0.56s | Spearman@80: 0.8239 | Kendall@80: 0.6525
Epoch 20/150 | Train Loss: 0.0586 | Epoch Time: 0.58s | Spearman@80: 0.7810 | Kendall@80: 0.5911
Epoch 21/150 | Train Loss: 0.0531 | Epoch Time: 0.56s | Spearman@80: 0.8683 | Kendall@80: 0.6918
Epoch 22/150 | Train Loss: 0.0531 | Epoch Time: 0.57s | Spearman@80: 0.8509 | Kendall@80: 0.6652
Epoch 23/150 | Train Loss: 0.0457 | Epoch Time: 0.55s | Spearman@80: 0.7496 | Kendall@80: 0.5728
Epoch 24/150 | Train Loss: 0.0523 | Epoch Time: 0.57s | Spearman@80: 0.8068 | Kendall@80: 0.6456
Epoch 25/150 | Train Loss: 0.0569 | Epoch Time: 0.59s | Spearman@80: 0.7750 | Kendall@80: 0.6013
Epoch 26/150 | Train Loss: 0.0603 | Epoch Time: 0.58s | Spearman@80: 0.7917 | Kendall@80: 0.6089
Epoch 27/150 | Train Loss: 0.0518 | Epoch Time: 0.56s | Spearman@80: 0.8233 | Kendall@80: 0.6538
Epoch 28/150 | Train Loss: 0.0543 | Epoch Time: 0.57s | Spearman@80: 0.8212 | Kendall@80: 0.6595
Epoch 29/150 | Train Loss: 0.0502 | Epoch Time: 0.56s | Spearman@80: 0.6891 | Kendall@80: 0.5076
Epoch 30/150 | Train Loss: 0.0547 | Epoch Time: 0.57s | Spearman@80: 0.8249 | Kendall@80: 0.6462
Epoch 31/150 | Train Loss: 0.0511 | Epoch Time: 0.60s | Spearman@80: 0.8067 | Kendall@80: 0.6203
Epoch 32/150 | Train Loss: 0.0573 | Epoch Time: 0.56s | Spearman@80: 0.8092 | Kendall@80: 0.6196
Epoch 33/150 | Train Loss: 0.0586 | Epoch Time: 0.58s | Spearman@80: 0.8353 | Kendall@80: 0.6608
Epoch 34/150 | Train Loss: 0.0519 | Epoch Time: 0.56s | Spearman@80: 0.8360 | Kendall@80: 0.6627
Epoch 35/150 | Train Loss: 0.0447 | Epoch Time: 0.56s | Spearman@80: 0.8471 | Kendall@80: 0.6677
Epoch 36/150 | Train Loss: 0.0545 | Epoch Time: 0.55s | Spearman@80: 0.8235 | Kendall@80: 0.6399
Epoch 37/150 | Train Loss: 0.0512 | Epoch Time: 0.56s | Spearman@80: 0.8055 | Kendall@80: 0.6184
Epoch 38/150 | Train Loss: 0.0483 | Epoch Time: 0.57s | Spearman@80: 0.8442 | Kendall@80: 0.6627
Epoch 39/150 | Train Loss: 0.0511 | Epoch Time: 0.55s | Spearman@80: 0.8697 | Kendall@80: 0.6854
Epoch 40/150 | Train Loss: 0.0442 | Epoch Time: 0.60s | Spearman@80: 0.7962 | Kendall@80: 0.6222
Epoch 41/150 | Train Loss: 0.0484 | Epoch Time: 0.56s | Spearman@80: 0.7105 | Kendall@80: 0.5456
Epoch 42/150 | Train Loss: 0.0507 | Epoch Time: 0.56s | Spearman@80: 0.8146 | Kendall@80: 0.6418
Epoch 43/150 | Train Loss: 0.0582 | Epoch Time: 0.56s | Spearman@80: 0.8465 | Kendall@80: 0.6677
Epoch 44/150 | Train Loss: 0.0505 | Epoch Time: 0.54s | Spearman@80: 0.8206 | Kendall@80: 0.6399
Epoch 45/150 | Train Loss: 0.0602 | Epoch Time: 0.56s | Spearman@80: 0.8080 | Kendall@80: 0.6241
Epoch 46/150 | Train Loss: 0.0520 | Epoch Time: 0.54s | Spearman@80: 0.8556 | Kendall@80: 0.6747
Epoch 47/150 | Train Loss: 0.0547 | Epoch Time: 0.56s | Spearman@80: 0.8299 | Kendall@80: 0.6430
Epoch 48/150 | Train Loss: 0.0472 | Epoch Time: 0.54s | Spearman@80: 0.8318 | Kendall@80: 0.6462
Epoch 49/150 | Train Loss: 0.0461 | Epoch Time: 0.55s | Spearman@80: 0.8582 | Kendall@80: 0.6709
Epoch 50/150 | Train Loss: 0.0535 | Epoch Time: 0.56s | Spearman@80: 0.8008 | Kendall@80: 0.6184
Epoch 51/150 | Train Loss: 0.0429 | Epoch Time: 0.56s | Spearman@80: 0.8746 | Kendall@80: 0.6924
Epoch 52/150 | Train Loss: 0.0486 | Epoch Time: 0.55s | Spearman@80: 0.8394 | Kendall@80: 0.6589
Epoch 53/150 | Train Loss: 0.0441 | Epoch Time: 0.56s | Spearman@80: 0.8054 | Kendall@80: 0.6196
Epoch 54/150 | Train Loss: 0.0432 | Epoch Time: 0.56s | Spearman@80: 0.8573 | Kendall@80: 0.6759
Epoch 55/150 | Train Loss: 0.0378 | Epoch Time: 0.56s | Spearman@80: 0.8225 | Kendall@80: 0.6430
Epoch 56/150 | Train Loss: 0.0415 | Epoch Time: 0.57s | Spearman@80: 0.8357 | Kendall@80: 0.6563
Epoch 57/150 | Train Loss: 0.0444 | Epoch Time: 0.56s | Spearman@80: 0.8032 | Kendall@80: 0.6247
Epoch 58/150 | Train Loss: 0.0455 | Epoch Time: 0.56s | Spearman@80: 0.8275 | Kendall@80: 0.6494
Epoch 59/150 | Train Loss: 0.0467 | Epoch Time: 0.56s | Spearman@80: 0.8536 | Kendall@80: 0.6703
Epoch 60/150 | Train Loss: 0.0500 | Epoch Time: 0.54s | Spearman@80: 0.8475 | Kendall@80: 0.6627
Epoch 61/150 | Train Loss: 0.0494 | Epoch Time: 0.57s | Spearman@80: 0.8210 | Kendall@80: 0.6392
Epoch 62/150 | Train Loss: 0.0481 | Epoch Time: 0.55s | Spearman@80: 0.8422 | Kendall@80: 0.6513
Epoch 63/150 | Train Loss: 0.0503 | Epoch Time: 0.56s | Spearman@80: 0.8385 | Kendall@80: 0.6494
Epoch 64/150 | Train Loss: 0.0429 | Epoch Time: 0.56s | Spearman@80: 0.8292 | Kendall@80: 0.6430
Epoch 65/150 | Train Loss: 0.0448 | Epoch Time: 0.57s | Spearman@80: 0.8169 | Kendall@80: 0.6253
Epoch 66/150 | Train Loss: 0.0514 | Epoch Time: 0.55s | Spearman@80: 0.8485 | Kendall@80: 0.6665
Epoch 67/150 | Train Loss: 0.0387 | Epoch Time: 0.56s | Spearman@80: 0.8535 | Kendall@80: 0.6703
Epoch 68/150 | Train Loss: 0.0441 | Epoch Time: 0.56s | Spearman@80: 0.8311 | Kendall@80: 0.6443
Epoch 69/150 | Train Loss: 0.0477 | Epoch Time: 0.56s | Spearman@80: 0.8066 | Kendall@80: 0.6291
Epoch 70/150 | Train Loss: 0.0432 | Epoch Time: 0.55s | Spearman@80: 0.8406 | Kendall@80: 0.6557
Epoch 71/150 | Train Loss: 0.0478 | Epoch Time: 0.55s | Spearman@80: 0.8427 | Kendall@80: 0.6633
Epoch 72/150 | Train Loss: 0.0395 | Epoch Time: 0.55s | Spearman@80: 0.8408 | Kendall@80: 0.6570
Epoch 73/150 | Train Loss: 0.0416 | Epoch Time: 0.56s | Spearman@80: 0.8194 | Kendall@80: 0.6392
Epoch 74/150 | Train Loss: 0.0486 | Epoch Time: 0.54s | Spearman@80: 0.8318 | Kendall@80: 0.6582
Epoch 75/150 | Train Loss: 0.0452 | Epoch Time: 0.56s | Spearman@80: 0.7408 | Kendall@80: 0.5734
Epoch 76/150 | Train Loss: 0.0451 | Epoch Time: 0.55s | Spearman@80: 0.8469 | Kendall@80: 0.6734
Epoch 77/150 | Train Loss: 0.0385 | Epoch Time: 0.56s | Spearman@80: 0.8476 | Kendall@80: 0.6709
Epoch 78/150 | Train Loss: 0.0367 | Epoch Time: 0.55s | Spearman@80: 0.8408 | Kendall@80: 0.6665
Epoch 79/150 | Train Loss: 0.0413 | Epoch Time: 0.55s | Spearman@80: 0.8216 | Kendall@80: 0.6494
Epoch 80/150 | Train Loss: 0.0485 | Epoch Time: 0.56s | Spearman@80: 0.8161 | Kendall@80: 0.6494
Epoch 81/150 | Train Loss: 0.0397 | Epoch Time: 0.55s | Spearman@80: 0.8096 | Kendall@80: 0.6278
Epoch 82/150 | Train Loss: 0.0398 | Epoch Time: 0.57s | Spearman@80: 0.7924 | Kendall@80: 0.6120
Epoch 83/150 | Train Loss: 0.0403 | Epoch Time: 0.56s | Spearman@80: 0.8509 | Kendall@80: 0.6722
Epoch 84/150 | Train Loss: 0.0420 | Epoch Time: 0.55s | Spearman@80: 0.8578 | Kendall@80: 0.6741
Epoch 85/150 | Train Loss: 0.0523 | Epoch Time: 0.57s | Spearman@80: 0.7718 | Kendall@80: 0.6044
Epoch 86/150 | Train Loss: 0.0418 | Epoch Time: 0.58s | Spearman@80: 0.8441 | Kendall@80: 0.6627
Epoch 87/150 | Train Loss: 0.0403 | Epoch Time: 0.56s | Spearman@80: 0.7958 | Kendall@80: 0.6209
Epoch 88/150 | Train Loss: 0.0489 | Epoch Time: 0.55s | Spearman@80: 0.8292 | Kendall@80: 0.6519
Epoch 89/150 | Train Loss: 0.0354 | Epoch Time: 0.56s | Spearman@80: 0.8507 | Kendall@80: 0.6728
Epoch 90/150 | Train Loss: 0.0432 | Epoch Time: 0.57s | Spearman@80: 0.8410 | Kendall@80: 0.6646
Epoch 91/150 | Train Loss: 0.0421 | Epoch Time: 0.56s | Spearman@80: 0.8457 | Kendall@80: 0.6614
Epoch 92/150 | Train Loss: 0.0372 | Epoch Time: 0.55s | Spearman@80: 0.8522 | Kendall@80: 0.6791
Epoch 93/150 | Train Loss: 0.0384 | Epoch Time: 0.56s | Spearman@80: 0.8442 | Kendall@80: 0.6608
Epoch 94/150 | Train Loss: 0.0411 | Epoch Time: 0.57s | Spearman@80: 0.8356 | Kendall@80: 0.6487
Epoch 95/150 | Train Loss: 0.0414 | Epoch Time: 0.55s | Spearman@80: 0.8307 | Kendall@80: 0.6500
Epoch 96/150 | Train Loss: 0.0417 | Epoch Time: 0.56s | Spearman@80: 0.8347 | Kendall@80: 0.6544
Epoch 97/150 | Train Loss: 0.0413 | Epoch Time: 0.55s | Spearman@80: 0.8274 | Kendall@80: 0.6500
Epoch 98/150 | Train Loss: 0.0427 | Epoch Time: 0.57s | Spearman@80: 0.8084 | Kendall@80: 0.6234
Epoch 99/150 | Train Loss: 0.0354 | Epoch Time: 0.55s | Spearman@80: 0.8496 | Kendall@80: 0.6646
Epoch 100/150 | Train Loss: 0.0382 | Epoch Time: 0.55s | Spearman@80: 0.8492 | Kendall@80: 0.6671
Epoch 101/150 | Train Loss: 0.0316 | Epoch Time: 0.57s | Spearman@80: 0.8427 | Kendall@80: 0.6684
Epoch 102/150 | Train Loss: 0.0356 | Epoch Time: 0.55s | Spearman@80: 0.8332 | Kendall@80: 0.6544
Epoch 103/150 | Train Loss: 0.0388 | Epoch Time: 0.56s | Spearman@80: 0.8357 | Kendall@80: 0.6563
Epoch 104/150 | Train Loss: 0.0365 | Epoch Time: 0.59s | Spearman@80: 0.8579 | Kendall@80: 0.6791
Epoch 105/150 | Train Loss: 0.0303 | Epoch Time: 0.57s | Spearman@80: 0.8640 | Kendall@80: 0.6867
Epoch 106/150 | Train Loss: 0.0376 | Epoch Time: 0.57s | Spearman@80: 0.8460 | Kendall@80: 0.6722
Epoch 107/150 | Train Loss: 0.0405 | Epoch Time: 0.56s | Spearman@80: 0.8504 | Kendall@80: 0.6772
Epoch 108/150 | Train Loss: 0.0386 | Epoch Time: 0.56s | Spearman@80: 0.8388 | Kendall@80: 0.6627
Epoch 109/150 | Train Loss: 0.0345 | Epoch Time: 0.58s | Spearman@80: 0.8469 | Kendall@80: 0.6671
Epoch 110/150 | Train Loss: 0.0354 | Epoch Time: 0.58s | Spearman@80: 0.8445 | Kendall@80: 0.6633
Epoch 111/150 | Train Loss: 0.0354 | Epoch Time: 0.57s | Spearman@80: 0.8307 | Kendall@80: 0.6544
Epoch 112/150 | Train Loss: 0.0336 | Epoch Time: 0.58s | Spearman@80: 0.8277 | Kendall@80: 0.6557
Epoch 113/150 | Train Loss: 0.0372 | Epoch Time: 0.55s | Spearman@80: 0.8326 | Kendall@80: 0.6608
Epoch 114/150 | Train Loss: 0.0323 | Epoch Time: 0.56s | Spearman@80: 0.8038 | Kendall@80: 0.6380
Epoch 115/150 | Train Loss: 0.0278 | Epoch Time: 0.56s | Spearman@80: 0.8122 | Kendall@80: 0.6418
Epoch 116/150 | Train Loss: 0.0337 | Epoch Time: 0.55s | Spearman@80: 0.8054 | Kendall@80: 0.6291
Epoch 117/150 | Train Loss: 0.0346 | Epoch Time: 0.58s | Spearman@80: 0.7997 | Kendall@80: 0.6247
Epoch 118/150 | Train Loss: 0.0429 | Epoch Time: 0.56s | Spearman@80: 0.8003 | Kendall@80: 0.6165
Epoch 119/150 | Train Loss: 0.0334 | Epoch Time: 0.56s | Spearman@80: 0.8148 | Kendall@80: 0.6297
Epoch 120/150 | Train Loss: 0.0342 | Epoch Time: 0.56s | Spearman@80: 0.8252 | Kendall@80: 0.6386
Epoch 121/150 | Train Loss: 0.0352 | Epoch Time: 0.57s | Spearman@80: 0.8289 | Kendall@80: 0.6494
Epoch 122/150 | Train Loss: 0.0366 | Epoch Time: 0.55s | Spearman@80: 0.8138 | Kendall@80: 0.6373
Epoch 123/150 | Train Loss: 0.0322 | Epoch Time: 0.55s | Spearman@80: 0.8476 | Kendall@80: 0.6734
Epoch 124/150 | Train Loss: 0.0344 | Epoch Time: 0.59s | Spearman@80: 0.8300 | Kendall@80: 0.6443
Epoch 125/150 | Train Loss: 0.0389 | Epoch Time: 0.57s | Spearman@80: 0.8315 | Kendall@80: 0.6481
Epoch 126/150 | Train Loss: 0.0387 | Epoch Time: 0.57s | Spearman@80: 0.8100 | Kendall@80: 0.6329
Epoch 127/150 | Train Loss: 0.0397 | Epoch Time: 0.55s | Spearman@80: 0.8064 | Kendall@80: 0.6297
Epoch 128/150 | Train Loss: 0.0344 | Epoch Time: 0.59s | Spearman@80: 0.8314 | Kendall@80: 0.6557
Epoch 129/150 | Train Loss: 0.0307 | Epoch Time: 0.56s | Spearman@80: 0.8248 | Kendall@80: 0.6481
Epoch 130/150 | Train Loss: 0.0370 | Epoch Time: 0.56s | Spearman@80: 0.8340 | Kendall@80: 0.6563
Epoch 131/150 | Train Loss: 0.0341 | Epoch Time: 0.57s | Spearman@80: 0.8203 | Kendall@80: 0.6513
Epoch 132/150 | Train Loss: 0.0375 | Epoch Time: 0.56s | Spearman@80: 0.8267 | Kendall@80: 0.6557
Epoch 133/150 | Train Loss: 0.0271 | Epoch Time: 0.58s | Spearman@80: 0.8296 | Kendall@80: 0.6576
Epoch 134/150 | Train Loss: 0.0346 | Epoch Time: 0.56s | Spearman@80: 0.8222 | Kendall@80: 0.6411
Epoch 135/150 | Train Loss: 0.0369 | Epoch Time: 0.57s | Spearman@80: 0.8226 | Kendall@80: 0.6519
Epoch 136/150 | Train Loss: 0.0329 | Epoch Time: 0.56s | Spearman@80: 0.8139 | Kendall@80: 0.6449
Epoch 137/150 | Train Loss: 0.0310 | Epoch Time: 0.57s | Spearman@80: 0.8232 | Kendall@80: 0.6418
Epoch 138/150 | Train Loss: 0.0370 | Epoch Time: 0.56s | Spearman@80: 0.8007 | Kendall@80: 0.6342
Epoch 139/150 | Train Loss: 0.0370 | Epoch Time: 0.58s | Spearman@80: 0.8069 | Kendall@80: 0.6278
Epoch 140/150 | Train Loss: 0.0305 | Epoch Time: 0.57s | Spearman@80: 0.8125 | Kendall@80: 0.6411
Epoch 141/150 | Train Loss: 0.0396 | Epoch Time: 0.57s | Spearman@80: 0.8184 | Kendall@80: 0.6437
Epoch 142/150 | Train Loss: 0.0295 | Epoch Time: 0.56s | Spearman@80: 0.8018 | Kendall@80: 0.6316
Epoch 143/150 | Train Loss: 0.0346 | Epoch Time: 0.57s | Spearman@80: 0.8175 | Kendall@80: 0.6418
Epoch 144/150 | Train Loss: 0.0383 | Epoch Time: 0.58s | Spearman@80: 0.8272 | Kendall@80: 0.6506
Epoch 145/150 | Train Loss: 0.0267 | Epoch Time: 0.56s | Spearman@80: 0.8067 | Kendall@80: 0.6386
Epoch 146/150 | Train Loss: 0.0299 | Epoch Time: 0.57s | Spearman@80: 0.8224 | Kendall@80: 0.6506
Epoch 147/150 | Train Loss: 0.0320 | Epoch Time: 25.67s | Spearman@423495: 0.7705 | Kendall@423495: 0.5781
Epoch 148/150 | Train Loss: 0.0316 | Epoch Time: 25.89s | Spearman@423495: 0.7710 | Kendall@423495: 0.5792
Epoch 149/150 | Train Loss: 0.0303 | Epoch Time: 26.30s | Spearman@423495: 0.7722 | Kendall@423495: 0.5797
Epoch 150/150 | Train Loss: 0.0378 | Epoch Time: 25.81s | Spearman@423495: 0.7701 | Kendall@423495: 0.5774
Sample Count: 128, Spearman: 0.7709437054191811, Kendall: 0.5786107422467086
{64: (0.7524353228378865, 0.5618336495837524),
 128: (0.7709437054191811, 0.5786107422467086)}
Average KDT:  0.5402877282457462
Variance KDT:  0.000910109075798578
Average SPR:  0.7226350908190428
Variance SPR:  0.0013092545875116905
Average KDT:  0.6316581028956089
Variance KDT:  0.0014728704893073208
Average SPR:  0.8190920521802559
Variance SPR:  0.001213315494917376
