Loading Files for NASBench101...
Loading dataset from file... This may take a few minutes...
Loaded dataset in 39 seconds
Loaded files in:  61.280731439590454  seconds
Normalizing ZCP dict
Epoch 1/150 | Train Loss: 0.0973 | Epoch Time: 0.67s | Spearman@80: 0.4048 | Kendall@80: 0.2788
Epoch 2/150 | Train Loss: 0.0635 | Epoch Time: 0.25s | Spearman@80: 0.5827 | Kendall@80: 0.4187
Epoch 3/150 | Train Loss: 0.0521 | Epoch Time: 0.24s | Spearman@80: 0.6225 | Kendall@80: 0.4630
Epoch 4/150 | Train Loss: 0.0416 | Epoch Time: 0.24s | Spearman@80: 0.6556 | Kendall@80: 0.4960
Epoch 5/150 | Train Loss: 0.0457 | Epoch Time: 0.24s | Spearman@80: 0.6417 | Kendall@80: 0.4725
Epoch 6/150 | Train Loss: 0.0401 | Epoch Time: 0.24s | Spearman@80: 0.6602 | Kendall@80: 0.4960
Epoch 7/150 | Train Loss: 0.0405 | Epoch Time: 0.24s | Spearman@80: 0.6780 | Kendall@80: 0.5162
Epoch 8/150 | Train Loss: 0.0360 | Epoch Time: 0.24s | Spearman@80: 0.6712 | Kendall@80: 0.5105
Epoch 9/150 | Train Loss: 0.0439 | Epoch Time: 0.24s | Spearman@80: 0.6792 | Kendall@80: 0.5162
Epoch 10/150 | Train Loss: 0.0427 | Epoch Time: 0.24s | Spearman@80: 0.6857 | Kendall@80: 0.5257
Epoch 11/150 | Train Loss: 0.0384 | Epoch Time: 0.24s | Spearman@80: 0.6956 | Kendall@80: 0.5276
Epoch 12/150 | Train Loss: 0.0386 | Epoch Time: 0.24s | Spearman@80: 0.6768 | Kendall@80: 0.4979
Epoch 13/150 | Train Loss: 0.0417 | Epoch Time: 0.24s | Spearman@80: 0.7162 | Kendall@80: 0.5441
Epoch 14/150 | Train Loss: 0.0412 | Epoch Time: 0.24s | Spearman@80: 0.6246 | Kendall@80: 0.4611
Epoch 15/150 | Train Loss: 0.0474 | Epoch Time: 0.24s | Spearman@80: 0.7186 | Kendall@80: 0.5415
Epoch 16/150 | Train Loss: 0.0381 | Epoch Time: 0.24s | Spearman@80: 0.7032 | Kendall@80: 0.5276
Epoch 17/150 | Train Loss: 0.0384 | Epoch Time: 0.24s | Spearman@80: 0.7065 | Kendall@80: 0.5352
Epoch 18/150 | Train Loss: 0.0421 | Epoch Time: 0.24s | Spearman@80: 0.7435 | Kendall@80: 0.5732
Epoch 19/150 | Train Loss: 0.0375 | Epoch Time: 0.24s | Spearman@80: 0.7568 | Kendall@80: 0.5776
Epoch 20/150 | Train Loss: 0.0346 | Epoch Time: 0.24s | Spearman@80: 0.7611 | Kendall@80: 0.5821
Epoch 21/150 | Train Loss: 0.0375 | Epoch Time: 0.25s | Spearman@80: 0.7519 | Kendall@80: 0.5745
Epoch 22/150 | Train Loss: 0.0421 | Epoch Time: 0.24s | Spearman@80: 0.7581 | Kendall@80: 0.5840
Epoch 23/150 | Train Loss: 0.0295 | Epoch Time: 0.24s | Spearman@80: 0.7506 | Kendall@80: 0.5745
Epoch 24/150 | Train Loss: 0.0385 | Epoch Time: 0.24s | Spearman@80: 0.7405 | Kendall@80: 0.5593
Epoch 25/150 | Train Loss: 0.0426 | Epoch Time: 0.24s | Spearman@80: 0.7311 | Kendall@80: 0.5510
Epoch 26/150 | Train Loss: 0.0382 | Epoch Time: 0.24s | Spearman@80: 0.7566 | Kendall@80: 0.5770
Epoch 27/150 | Train Loss: 0.0383 | Epoch Time: 0.24s | Spearman@80: 0.7711 | Kendall@80: 0.5998
Epoch 28/150 | Train Loss: 0.0354 | Epoch Time: 0.24s | Spearman@80: 0.6768 | Kendall@80: 0.4991
Epoch 29/150 | Train Loss: 0.0385 | Epoch Time: 0.24s | Spearman@80: 0.7599 | Kendall@80: 0.5795
Epoch 30/150 | Train Loss: 0.0347 | Epoch Time: 0.24s | Spearman@80: 0.7241 | Kendall@80: 0.5479
Epoch 31/150 | Train Loss: 0.0385 | Epoch Time: 0.24s | Spearman@80: 0.7434 | Kendall@80: 0.5612
Epoch 32/150 | Train Loss: 0.0338 | Epoch Time: 0.24s | Spearman@80: 0.7154 | Kendall@80: 0.5384
Epoch 33/150 | Train Loss: 0.0486 | Epoch Time: 0.24s | Spearman@80: 0.7138 | Kendall@80: 0.5333
Epoch 34/150 | Train Loss: 0.0422 | Epoch Time: 0.24s | Spearman@80: 0.7589 | Kendall@80: 0.5675
Epoch 35/150 | Train Loss: 0.0364 | Epoch Time: 0.24s | Spearman@80: 0.7458 | Kendall@80: 0.5713
Epoch 36/150 | Train Loss: 0.0412 | Epoch Time: 0.24s | Spearman@80: 0.7181 | Kendall@80: 0.5352
Epoch 37/150 | Train Loss: 0.0325 | Epoch Time: 0.24s | Spearman@80: 0.7618 | Kendall@80: 0.5776
Epoch 38/150 | Train Loss: 0.0394 | Epoch Time: 0.24s | Spearman@80: 0.7715 | Kendall@80: 0.5814
Epoch 39/150 | Train Loss: 0.0315 | Epoch Time: 0.25s | Spearman@80: 0.7668 | Kendall@80: 0.5827
Epoch 40/150 | Train Loss: 0.0345 | Epoch Time: 0.24s | Spearman@80: 0.7552 | Kendall@80: 0.5713
Epoch 41/150 | Train Loss: 0.0338 | Epoch Time: 0.25s | Spearman@80: 0.7910 | Kendall@80: 0.5972
Epoch 42/150 | Train Loss: 0.0330 | Epoch Time: 0.25s | Spearman@80: 0.7717 | Kendall@80: 0.5827
Epoch 43/150 | Train Loss: 0.0301 | Epoch Time: 0.25s | Spearman@80: 0.6967 | Kendall@80: 0.5162
Epoch 44/150 | Train Loss: 0.0409 | Epoch Time: 0.24s | Spearman@80: 0.7502 | Kendall@80: 0.5751
Epoch 45/150 | Train Loss: 0.0328 | Epoch Time: 0.24s | Spearman@80: 0.7981 | Kendall@80: 0.6143
Epoch 46/150 | Train Loss: 0.0383 | Epoch Time: 0.24s | Spearman@80: 0.7995 | Kendall@80: 0.6150
Epoch 47/150 | Train Loss: 0.0299 | Epoch Time: 0.24s | Spearman@80: 0.7985 | Kendall@80: 0.6137
Epoch 48/150 | Train Loss: 0.0306 | Epoch Time: 0.25s | Spearman@80: 0.7937 | Kendall@80: 0.6061
Epoch 49/150 | Train Loss: 0.0302 | Epoch Time: 0.24s | Spearman@80: 0.7430 | Kendall@80: 0.5612
Epoch 50/150 | Train Loss: 0.0313 | Epoch Time: 0.24s | Spearman@80: 0.7941 | Kendall@80: 0.6124
Epoch 51/150 | Train Loss: 0.0301 | Epoch Time: 0.24s | Spearman@80: 0.8217 | Kendall@80: 0.6283
Epoch 52/150 | Train Loss: 0.0303 | Epoch Time: 0.24s | Spearman@80: 0.8187 | Kendall@80: 0.6289
Epoch 53/150 | Train Loss: 0.0287 | Epoch Time: 0.25s | Spearman@80: 0.7450 | Kendall@80: 0.5637
Epoch 54/150 | Train Loss: 0.0323 | Epoch Time: 0.25s | Spearman@80: 0.8113 | Kendall@80: 0.6194
Epoch 55/150 | Train Loss: 0.0333 | Epoch Time: 0.27s | Spearman@80: 0.8130 | Kendall@80: 0.6162
Epoch 56/150 | Train Loss: 0.0389 | Epoch Time: 0.24s | Spearman@80: 0.7798 | Kendall@80: 0.5928
Epoch 57/150 | Train Loss: 0.0337 | Epoch Time: 0.24s | Spearman@80: 0.7783 | Kendall@80: 0.5991
Epoch 58/150 | Train Loss: 0.0301 | Epoch Time: 0.24s | Spearman@80: 0.7835 | Kendall@80: 0.5953
Epoch 59/150 | Train Loss: 0.0396 | Epoch Time: 0.25s | Spearman@80: 0.7978 | Kendall@80: 0.6093
Epoch 60/150 | Train Loss: 0.0322 | Epoch Time: 0.24s | Spearman@80: 0.7724 | Kendall@80: 0.5915
Epoch 61/150 | Train Loss: 0.0321 | Epoch Time: 0.24s | Spearman@80: 0.7653 | Kendall@80: 0.5859
Epoch 62/150 | Train Loss: 0.0318 | Epoch Time: 0.24s | Spearman@80: 0.7749 | Kendall@80: 0.5909
Epoch 63/150 | Train Loss: 0.0221 | Epoch Time: 0.24s | Spearman@80: 0.8007 | Kendall@80: 0.6156
Epoch 64/150 | Train Loss: 0.0348 | Epoch Time: 0.24s | Spearman@80: 0.8072 | Kendall@80: 0.6175
Epoch 65/150 | Train Loss: 0.0330 | Epoch Time: 0.24s | Spearman@80: 0.7695 | Kendall@80: 0.5865
Epoch 66/150 | Train Loss: 0.0369 | Epoch Time: 0.24s | Spearman@80: 0.7665 | Kendall@80: 0.5789
Epoch 67/150 | Train Loss: 0.0311 | Epoch Time: 0.25s | Spearman@80: 0.7770 | Kendall@80: 0.5909
Epoch 68/150 | Train Loss: 0.0219 | Epoch Time: 0.25s | Spearman@80: 0.7770 | Kendall@80: 0.5960
Epoch 69/150 | Train Loss: 0.0325 | Epoch Time: 0.24s | Spearman@80: 0.7867 | Kendall@80: 0.6042
Epoch 70/150 | Train Loss: 0.0341 | Epoch Time: 0.24s | Spearman@80: 0.8341 | Kendall@80: 0.6403
Epoch 71/150 | Train Loss: 0.0275 | Epoch Time: 0.24s | Spearman@80: 0.8235 | Kendall@80: 0.6447
Epoch 72/150 | Train Loss: 0.0324 | Epoch Time: 0.25s | Spearman@80: 0.8004 | Kendall@80: 0.6194
Epoch 73/150 | Train Loss: 0.0293 | Epoch Time: 0.24s | Spearman@80: 0.7878 | Kendall@80: 0.6042
Epoch 74/150 | Train Loss: 0.0224 | Epoch Time: 0.24s | Spearman@80: 0.7541 | Kendall@80: 0.5732
Epoch 75/150 | Train Loss: 0.0255 | Epoch Time: 0.24s | Spearman@80: 0.7713 | Kendall@80: 0.5852
Epoch 76/150 | Train Loss: 0.0204 | Epoch Time: 0.24s | Spearman@80: 0.8263 | Kendall@80: 0.6447
Epoch 77/150 | Train Loss: 0.0253 | Epoch Time: 0.24s | Spearman@80: 0.8392 | Kendall@80: 0.6523
Epoch 78/150 | Train Loss: 0.0241 | Epoch Time: 0.25s | Spearman@80: 0.7975 | Kendall@80: 0.6118
Epoch 79/150 | Train Loss: 0.0310 | Epoch Time: 0.24s | Spearman@80: 0.8396 | Kendall@80: 0.6498
Epoch 80/150 | Train Loss: 0.0238 | Epoch Time: 0.25s | Spearman@80: 0.8340 | Kendall@80: 0.6473
Epoch 81/150 | Train Loss: 0.0248 | Epoch Time: 0.24s | Spearman@80: 0.8309 | Kendall@80: 0.6530
Epoch 82/150 | Train Loss: 0.0278 | Epoch Time: 0.24s | Spearman@80: 0.8177 | Kendall@80: 0.6352
Epoch 83/150 | Train Loss: 0.0289 | Epoch Time: 0.24s | Spearman@80: 0.7324 | Kendall@80: 0.5567
Epoch 84/150 | Train Loss: 0.0226 | Epoch Time: 0.24s | Spearman@80: 0.7875 | Kendall@80: 0.6017
Epoch 85/150 | Train Loss: 0.0243 | Epoch Time: 0.24s | Spearman@80: 0.8331 | Kendall@80: 0.6447
Epoch 86/150 | Train Loss: 0.0213 | Epoch Time: 0.24s | Spearman@80: 0.7612 | Kendall@80: 0.5738
Epoch 87/150 | Train Loss: 0.0303 | Epoch Time: 0.24s | Spearman@80: 0.8263 | Kendall@80: 0.6409
Epoch 88/150 | Train Loss: 0.0254 | Epoch Time: 0.24s | Spearman@80: 0.8204 | Kendall@80: 0.6371
Epoch 89/150 | Train Loss: 0.0243 | Epoch Time: 0.24s | Spearman@80: 0.8054 | Kendall@80: 0.6270
Epoch 90/150 | Train Loss: 0.0245 | Epoch Time: 0.24s | Spearman@80: 0.7609 | Kendall@80: 0.5745
Epoch 91/150 | Train Loss: 0.0307 | Epoch Time: 0.24s | Spearman@80: 0.8599 | Kendall@80: 0.6764
Epoch 92/150 | Train Loss: 0.0302 | Epoch Time: 0.25s | Spearman@80: 0.8580 | Kendall@80: 0.6757
Epoch 93/150 | Train Loss: 0.0278 | Epoch Time: 0.25s | Spearman@80: 0.8282 | Kendall@80: 0.6504
Epoch 94/150 | Train Loss: 0.0249 | Epoch Time: 0.24s | Spearman@80: 0.8298 | Kendall@80: 0.6504
Epoch 95/150 | Train Loss: 0.0277 | Epoch Time: 0.24s | Spearman@80: 0.8401 | Kendall@80: 0.6567
Epoch 96/150 | Train Loss: 0.0219 | Epoch Time: 0.25s | Spearman@80: 0.8166 | Kendall@80: 0.6352
Epoch 97/150 | Train Loss: 0.0247 | Epoch Time: 0.24s | Spearman@80: 0.8066 | Kendall@80: 0.6283
Epoch 98/150 | Train Loss: 0.0167 | Epoch Time: 0.24s | Spearman@80: 0.8209 | Kendall@80: 0.6435
Epoch 99/150 | Train Loss: 0.0231 | Epoch Time: 0.24s | Spearman@80: 0.7937 | Kendall@80: 0.6169
Epoch 100/150 | Train Loss: 0.0182 | Epoch Time: 0.24s | Spearman@80: 0.8033 | Kendall@80: 0.6327
Epoch 101/150 | Train Loss: 0.0187 | Epoch Time: 0.24s | Spearman@80: 0.8128 | Kendall@80: 0.6403
Epoch 102/150 | Train Loss: 0.0139 | Epoch Time: 0.24s | Spearman@80: 0.8411 | Kendall@80: 0.6631
Epoch 103/150 | Train Loss: 0.0204 | Epoch Time: 0.24s | Spearman@80: 0.8224 | Kendall@80: 0.6504
Epoch 104/150 | Train Loss: 0.0181 | Epoch Time: 0.24s | Spearman@80: 0.8192 | Kendall@80: 0.6466
Epoch 105/150 | Train Loss: 0.0201 | Epoch Time: 0.25s | Spearman@80: 0.7942 | Kendall@80: 0.6200
Epoch 106/150 | Train Loss: 0.0227 | Epoch Time: 0.24s | Spearman@80: 0.8124 | Kendall@80: 0.6359
Epoch 107/150 | Train Loss: 0.0162 | Epoch Time: 0.24s | Spearman@80: 0.8321 | Kendall@80: 0.6631
Epoch 108/150 | Train Loss: 0.0218 | Epoch Time: 0.24s | Spearman@80: 0.8409 | Kendall@80: 0.6650
Epoch 109/150 | Train Loss: 0.0157 | Epoch Time: 0.24s | Spearman@80: 0.8194 | Kendall@80: 0.6447
Epoch 110/150 | Train Loss: 0.0217 | Epoch Time: 0.24s | Spearman@80: 0.8188 | Kendall@80: 0.6498
Epoch 111/150 | Train Loss: 0.0138 | Epoch Time: 0.24s | Spearman@80: 0.8194 | Kendall@80: 0.6447
Epoch 112/150 | Train Loss: 0.0163 | Epoch Time: 0.24s | Spearman@80: 0.8157 | Kendall@80: 0.6384
Epoch 113/150 | Train Loss: 0.0156 | Epoch Time: 0.24s | Spearman@80: 0.7993 | Kendall@80: 0.6257
Epoch 114/150 | Train Loss: 0.0165 | Epoch Time: 0.24s | Spearman@80: 0.8341 | Kendall@80: 0.6618
Epoch 115/150 | Train Loss: 0.0217 | Epoch Time: 0.24s | Spearman@80: 0.8384 | Kendall@80: 0.6618
Epoch 116/150 | Train Loss: 0.0189 | Epoch Time: 0.24s | Spearman@80: 0.8399 | Kendall@80: 0.6643
Epoch 117/150 | Train Loss: 0.0166 | Epoch Time: 0.24s | Spearman@80: 0.8289 | Kendall@80: 0.6586
Epoch 118/150 | Train Loss: 0.0170 | Epoch Time: 0.24s | Spearman@80: 0.8129 | Kendall@80: 0.6397
Epoch 119/150 | Train Loss: 0.0111 | Epoch Time: 0.24s | Spearman@80: 0.8233 | Kendall@80: 0.6492
Epoch 120/150 | Train Loss: 0.0213 | Epoch Time: 0.24s | Spearman@80: 0.8152 | Kendall@80: 0.6435
Epoch 121/150 | Train Loss: 0.0138 | Epoch Time: 0.26s | Spearman@80: 0.8160 | Kendall@80: 0.6479
Epoch 122/150 | Train Loss: 0.0113 | Epoch Time: 0.24s | Spearman@80: 0.8335 | Kendall@80: 0.6662
Epoch 123/150 | Train Loss: 0.0129 | Epoch Time: 0.24s | Spearman@80: 0.8288 | Kendall@80: 0.6637
Epoch 124/150 | Train Loss: 0.0144 | Epoch Time: 0.24s | Spearman@80: 0.8178 | Kendall@80: 0.6561
Epoch 125/150 | Train Loss: 0.0092 | Epoch Time: 0.24s | Spearman@80: 0.8185 | Kendall@80: 0.6555
Epoch 126/150 | Train Loss: 0.0136 | Epoch Time: 0.24s | Spearman@80: 0.8214 | Kendall@80: 0.6536
Epoch 127/150 | Train Loss: 0.0172 | Epoch Time: 0.25s | Spearman@80: 0.8219 | Kendall@80: 0.6542
Epoch 128/150 | Train Loss: 0.0113 | Epoch Time: 0.25s | Spearman@80: 0.8235 | Kendall@80: 0.6567
Epoch 129/150 | Train Loss: 0.0111 | Epoch Time: 0.24s | Spearman@80: 0.8248 | Kendall@80: 0.6586
Epoch 130/150 | Train Loss: 0.0080 | Epoch Time: 0.24s | Spearman@80: 0.8247 | Kendall@80: 0.6586
Epoch 131/150 | Train Loss: 0.0119 | Epoch Time: 0.24s | Spearman@80: 0.8300 | Kendall@80: 0.6643
Epoch 132/150 | Train Loss: 0.0142 | Epoch Time: 0.25s | Spearman@80: 0.8312 | Kendall@80: 0.6650
Epoch 133/150 | Train Loss: 0.0111 | Epoch Time: 0.25s | Spearman@80: 0.8288 | Kendall@80: 0.6612
Epoch 134/150 | Train Loss: 0.0177 | Epoch Time: 0.24s | Spearman@80: 0.8267 | Kendall@80: 0.6618
Epoch 135/150 | Train Loss: 0.0160 | Epoch Time: 0.24s | Spearman@80: 0.8271 | Kendall@80: 0.6618
Epoch 136/150 | Train Loss: 0.0134 | Epoch Time: 0.24s | Spearman@80: 0.8279 | Kendall@80: 0.6618
Epoch 137/150 | Train Loss: 0.0163 | Epoch Time: 0.24s | Spearman@80: 0.8256 | Kendall@80: 0.6574
Epoch 138/150 | Train Loss: 0.0116 | Epoch Time: 0.24s | Spearman@80: 0.8227 | Kendall@80: 0.6530
Epoch 139/150 | Train Loss: 0.0105 | Epoch Time: 0.24s | Spearman@80: 0.8264 | Kendall@80: 0.6593
Epoch 140/150 | Train Loss: 0.0132 | Epoch Time: 0.24s | Spearman@80: 0.8269 | Kendall@80: 0.6593
Epoch 141/150 | Train Loss: 0.0161 | Epoch Time: 0.25s | Spearman@80: 0.8281 | Kendall@80: 0.6618
Epoch 142/150 | Train Loss: 0.0100 | Epoch Time: 0.25s | Spearman@80: 0.8279 | Kendall@80: 0.6618
Epoch 143/150 | Train Loss: 0.0128 | Epoch Time: 0.24s | Spearman@80: 0.8281 | Kendall@80: 0.6631
Epoch 144/150 | Train Loss: 0.0188 | Epoch Time: 0.24s | Spearman@80: 0.8278 | Kendall@80: 0.6612
Epoch 145/150 | Train Loss: 0.0136 | Epoch Time: 0.24s | Spearman@80: 0.8280 | Kendall@80: 0.6612
Epoch 146/150 | Train Loss: 0.0109 | Epoch Time: 0.24s | Spearman@80: 0.8267 | Kendall@80: 0.6618
Epoch 147/150 | Train Loss: 0.0126 | Epoch Time: 22.69s | Spearman@423559: 0.8035 | Kendall@423559: 0.6134
Epoch 148/150 | Train Loss: 0.0105 | Epoch Time: 21.95s | Spearman@423559: 0.8033 | Kendall@423559: 0.6132
Epoch 149/150 | Train Loss: 0.0131 | Epoch Time: 22.30s | Spearman@423559: 0.8033 | Kendall@423559: 0.6131
Epoch 150/150 | Train Loss: 0.0132 | Epoch Time: 21.93s | Spearman@423559: 0.8032 | Kendall@423559: 0.6130
Sample Count: 64, Spearman: 0.8033221043532317, Kendall: 0.6131813699734336
{64: (0.8033221043532317, 0.6131813699734336)}
Epoch 1/150 | Train Loss: 0.0951 | Epoch Time: 0.49s | Spearman@80: 0.7637 | Kendall@80: 0.5692
Epoch 2/150 | Train Loss: 0.0586 | Epoch Time: 0.49s | Spearman@80: 0.7822 | Kendall@80: 0.5920
Epoch 3/150 | Train Loss: 0.0583 | Epoch Time: 0.49s | Spearman@80: 0.8260 | Kendall@80: 0.6388
Epoch 4/150 | Train Loss: 0.0486 | Epoch Time: 0.50s | Spearman@80: 0.8255 | Kendall@80: 0.6388
Epoch 5/150 | Train Loss: 0.0496 | Epoch Time: 0.50s | Spearman@80: 0.8348 | Kendall@80: 0.6515
Epoch 6/150 | Train Loss: 0.0453 | Epoch Time: 0.48s | Spearman@80: 0.8480 | Kendall@80: 0.6572
Epoch 7/150 | Train Loss: 0.0503 | Epoch Time: 0.49s | Spearman@80: 0.8424 | Kendall@80: 0.6584
Epoch 8/150 | Train Loss: 0.0418 | Epoch Time: 0.48s | Spearman@80: 0.8187 | Kendall@80: 0.6306
Epoch 9/150 | Train Loss: 0.0423 | Epoch Time: 0.48s | Spearman@80: 0.8419 | Kendall@80: 0.6553
Epoch 10/150 | Train Loss: 0.0472 | Epoch Time: 0.48s | Spearman@80: 0.8422 | Kendall@80: 0.6534
Epoch 11/150 | Train Loss: 0.0419 | Epoch Time: 0.49s | Spearman@80: 0.8527 | Kendall@80: 0.6692
Epoch 12/150 | Train Loss: 0.0383 | Epoch Time: 0.48s | Spearman@80: 0.8544 | Kendall@80: 0.6768
Epoch 13/150 | Train Loss: 0.0410 | Epoch Time: 0.50s | Spearman@80: 0.8603 | Kendall@80: 0.6768
Epoch 14/150 | Train Loss: 0.0437 | Epoch Time: 0.48s | Spearman@80: 0.8278 | Kendall@80: 0.6508
Epoch 15/150 | Train Loss: 0.0480 | Epoch Time: 0.49s | Spearman@80: 0.8351 | Kendall@80: 0.6679
Epoch 16/150 | Train Loss: 0.0355 | Epoch Time: 0.48s | Spearman@80: 0.8371 | Kendall@80: 0.6641
Epoch 17/150 | Train Loss: 0.0380 | Epoch Time: 0.48s | Spearman@80: 0.8037 | Kendall@80: 0.6141
Epoch 18/150 | Train Loss: 0.0387 | Epoch Time: 0.49s | Spearman@80: 0.8661 | Kendall@80: 0.6933
Epoch 19/150 | Train Loss: 0.0415 | Epoch Time: 0.48s | Spearman@80: 0.8727 | Kendall@80: 0.6939
Epoch 20/150 | Train Loss: 0.0429 | Epoch Time: 0.49s | Spearman@80: 0.8627 | Kendall@80: 0.6895
Epoch 21/150 | Train Loss: 0.0418 | Epoch Time: 0.48s | Spearman@80: 0.8522 | Kendall@80: 0.6692
Epoch 22/150 | Train Loss: 0.0359 | Epoch Time: 0.49s | Spearman@80: 0.8322 | Kendall@80: 0.6489
Epoch 23/150 | Train Loss: 0.0325 | Epoch Time: 0.49s | Spearman@80: 0.8597 | Kendall@80: 0.6863
Epoch 24/150 | Train Loss: 0.0375 | Epoch Time: 0.48s | Spearman@80: 0.8597 | Kendall@80: 0.6876
Epoch 25/150 | Train Loss: 0.0319 | Epoch Time: 0.49s | Spearman@80: 0.8699 | Kendall@80: 0.7123
Epoch 26/150 | Train Loss: 0.0414 | Epoch Time: 0.50s | Spearman@80: 0.8704 | Kendall@80: 0.7129
Epoch 27/150 | Train Loss: 0.0340 | Epoch Time: 0.48s | Spearman@80: 0.8561 | Kendall@80: 0.6939
Epoch 28/150 | Train Loss: 0.0368 | Epoch Time: 0.48s | Spearman@80: 0.8367 | Kendall@80: 0.6553
Epoch 29/150 | Train Loss: 0.0378 | Epoch Time: 0.51s | Spearman@80: 0.8588 | Kendall@80: 0.6907
Epoch 30/150 | Train Loss: 0.0306 | Epoch Time: 0.49s | Spearman@80: 0.8605 | Kendall@80: 0.6996
Epoch 31/150 | Train Loss: 0.0358 | Epoch Time: 0.49s | Spearman@80: 0.8625 | Kendall@80: 0.7040
Epoch 32/150 | Train Loss: 0.0378 | Epoch Time: 0.49s | Spearman@80: 0.8604 | Kendall@80: 0.6800
Epoch 33/150 | Train Loss: 0.0284 | Epoch Time: 0.48s | Spearman@80: 0.8550 | Kendall@80: 0.6882
Epoch 34/150 | Train Loss: 0.0382 | Epoch Time: 0.48s | Spearman@80: 0.8757 | Kendall@80: 0.7110
Epoch 35/150 | Train Loss: 0.0373 | Epoch Time: 0.48s | Spearman@80: 0.8815 | Kendall@80: 0.7236
Epoch 36/150 | Train Loss: 0.0304 | Epoch Time: 0.51s | Spearman@80: 0.8869 | Kendall@80: 0.7300
Epoch 37/150 | Train Loss: 0.0353 | Epoch Time: 0.49s | Spearman@80: 0.8764 | Kendall@80: 0.7205
Epoch 38/150 | Train Loss: 0.0343 | Epoch Time: 0.49s | Spearman@80: 0.8847 | Kendall@80: 0.7186
Epoch 39/150 | Train Loss: 0.0317 | Epoch Time: 0.48s | Spearman@80: 0.8947 | Kendall@80: 0.7388
Epoch 40/150 | Train Loss: 0.0331 | Epoch Time: 0.50s | Spearman@80: 0.8804 | Kendall@80: 0.7148
Epoch 41/150 | Train Loss: 0.0269 | Epoch Time: 0.49s | Spearman@80: 0.8760 | Kendall@80: 0.7116
Epoch 42/150 | Train Loss: 0.0364 | Epoch Time: 0.48s | Spearman@80: 0.8448 | Kendall@80: 0.6660
Epoch 43/150 | Train Loss: 0.0288 | Epoch Time: 0.49s | Spearman@80: 0.8866 | Kendall@80: 0.7306
Epoch 44/150 | Train Loss: 0.0305 | Epoch Time: 0.49s | Spearman@80: 0.8892 | Kendall@80: 0.7274
Epoch 45/150 | Train Loss: 0.0315 | Epoch Time: 0.48s | Spearman@80: 0.8887 | Kendall@80: 0.7306
Epoch 46/150 | Train Loss: 0.0309 | Epoch Time: 0.49s | Spearman@80: 0.8723 | Kendall@80: 0.6983
Epoch 47/150 | Train Loss: 0.0400 | Epoch Time: 0.49s | Spearman@80: 0.8853 | Kendall@80: 0.7198
Epoch 48/150 | Train Loss: 0.0287 | Epoch Time: 0.49s | Spearman@80: 0.8868 | Kendall@80: 0.7224
Epoch 49/150 | Train Loss: 0.0346 | Epoch Time: 0.49s | Spearman@80: 0.8544 | Kendall@80: 0.6755
Epoch 50/150 | Train Loss: 0.0322 | Epoch Time: 0.50s | Spearman@80: 0.8697 | Kendall@80: 0.7053
Epoch 51/150 | Train Loss: 0.0268 | Epoch Time: 0.50s | Spearman@80: 0.8699 | Kendall@80: 0.7110
Epoch 52/150 | Train Loss: 0.0308 | Epoch Time: 0.48s | Spearman@80: 0.8860 | Kendall@80: 0.7262
Epoch 53/150 | Train Loss: 0.0296 | Epoch Time: 0.48s | Spearman@80: 0.8889 | Kendall@80: 0.7344
Epoch 54/150 | Train Loss: 0.0276 | Epoch Time: 0.52s | Spearman@80: 0.8898 | Kendall@80: 0.7281
Epoch 55/150 | Train Loss: 0.0283 | Epoch Time: 0.49s | Spearman@80: 0.8690 | Kendall@80: 0.7167
Epoch 56/150 | Train Loss: 0.0386 | Epoch Time: 0.48s | Spearman@80: 0.8514 | Kendall@80: 0.6660
Epoch 57/150 | Train Loss: 0.0421 | Epoch Time: 0.49s | Spearman@80: 0.8818 | Kendall@80: 0.7085
Epoch 58/150 | Train Loss: 0.0307 | Epoch Time: 0.48s | Spearman@80: 0.8755 | Kendall@80: 0.7066
Epoch 59/150 | Train Loss: 0.0294 | Epoch Time: 0.49s | Spearman@80: 0.8907 | Kendall@80: 0.7262
Epoch 60/150 | Train Loss: 0.0322 | Epoch Time: 0.49s | Spearman@80: 0.8877 | Kendall@80: 0.7243
Epoch 61/150 | Train Loss: 0.0292 | Epoch Time: 0.48s | Spearman@80: 0.8933 | Kendall@80: 0.7350
Epoch 62/150 | Train Loss: 0.0261 | Epoch Time: 0.48s | Spearman@80: 0.8925 | Kendall@80: 0.7262
Epoch 63/150 | Train Loss: 0.0265 | Epoch Time: 0.49s | Spearman@80: 0.8969 | Kendall@80: 0.7344
Epoch 64/150 | Train Loss: 0.0253 | Epoch Time: 0.48s | Spearman@80: 0.9004 | Kendall@80: 0.7445
Epoch 65/150 | Train Loss: 0.0242 | Epoch Time: 0.48s | Spearman@80: 0.8846 | Kendall@80: 0.7205
Epoch 66/150 | Train Loss: 0.0296 | Epoch Time: 0.49s | Spearman@80: 0.8967 | Kendall@80: 0.7312
Epoch 67/150 | Train Loss: 0.0224 | Epoch Time: 0.51s | Spearman@80: 0.8951 | Kendall@80: 0.7325
Epoch 68/150 | Train Loss: 0.0223 | Epoch Time: 0.49s | Spearman@80: 0.8974 | Kendall@80: 0.7407
Epoch 69/150 | Train Loss: 0.0223 | Epoch Time: 0.49s | Spearman@80: 0.8999 | Kendall@80: 0.7376
Epoch 70/150 | Train Loss: 0.0213 | Epoch Time: 0.49s | Spearman@80: 0.8864 | Kendall@80: 0.7306
Epoch 71/150 | Train Loss: 0.0265 | Epoch Time: 0.49s | Spearman@80: 0.8934 | Kendall@80: 0.7281
Epoch 72/150 | Train Loss: 0.0232 | Epoch Time: 0.49s | Spearman@80: 0.9067 | Kendall@80: 0.7528
Epoch 73/150 | Train Loss: 0.0216 | Epoch Time: 0.49s | Spearman@80: 0.8955 | Kendall@80: 0.7357
Epoch 74/150 | Train Loss: 0.0268 | Epoch Time: 0.49s | Spearman@80: 0.8959 | Kendall@80: 0.7344
Epoch 75/150 | Train Loss: 0.0240 | Epoch Time: 0.49s | Spearman@80: 0.9094 | Kendall@80: 0.7566
Epoch 76/150 | Train Loss: 0.0276 | Epoch Time: 0.49s | Spearman@80: 0.8951 | Kendall@80: 0.7433
Epoch 77/150 | Train Loss: 0.0288 | Epoch Time: 0.50s | Spearman@80: 0.8857 | Kendall@80: 0.7319
Epoch 78/150 | Train Loss: 0.0260 | Epoch Time: 0.48s | Spearman@80: 0.8921 | Kendall@80: 0.7426
Epoch 79/150 | Train Loss: 0.0239 | Epoch Time: 0.48s | Spearman@80: 0.9039 | Kendall@80: 0.7439
Epoch 80/150 | Train Loss: 0.0262 | Epoch Time: 0.48s | Spearman@80: 0.9033 | Kendall@80: 0.7420
Epoch 81/150 | Train Loss: 0.0271 | Epoch Time: 0.49s | Spearman@80: 0.8879 | Kendall@80: 0.7211
Epoch 82/150 | Train Loss: 0.0209 | Epoch Time: 0.50s | Spearman@80: 0.9003 | Kendall@80: 0.7420
Epoch 83/150 | Train Loss: 0.0206 | Epoch Time: 0.49s | Spearman@80: 0.9094 | Kendall@80: 0.7401
Epoch 84/150 | Train Loss: 0.0240 | Epoch Time: 0.49s | Spearman@80: 0.8789 | Kendall@80: 0.7142
Epoch 85/150 | Train Loss: 0.0249 | Epoch Time: 0.48s | Spearman@80: 0.8933 | Kendall@80: 0.7262
Epoch 86/150 | Train Loss: 0.0168 | Epoch Time: 0.49s | Spearman@80: 0.8933 | Kendall@80: 0.7395
Epoch 87/150 | Train Loss: 0.0217 | Epoch Time: 0.49s | Spearman@80: 0.8851 | Kendall@80: 0.7135
Epoch 88/150 | Train Loss: 0.0213 | Epoch Time: 0.48s | Spearman@80: 0.9026 | Kendall@80: 0.7401
Epoch 89/150 | Train Loss: 0.0197 | Epoch Time: 0.48s | Spearman@80: 0.9026 | Kendall@80: 0.7388
Epoch 90/150 | Train Loss: 0.0195 | Epoch Time: 0.48s | Spearman@80: 0.8886 | Kendall@80: 0.7173
Epoch 91/150 | Train Loss: 0.0152 | Epoch Time: 0.48s | Spearman@80: 0.9004 | Kendall@80: 0.7388
Epoch 92/150 | Train Loss: 0.0172 | Epoch Time: 0.48s | Spearman@80: 0.9026 | Kendall@80: 0.7420
Epoch 93/150 | Train Loss: 0.0196 | Epoch Time: 0.48s | Spearman@80: 0.8988 | Kendall@80: 0.7363
Epoch 94/150 | Train Loss: 0.0140 | Epoch Time: 0.49s | Spearman@80: 0.8955 | Kendall@80: 0.7344
Epoch 95/150 | Train Loss: 0.0177 | Epoch Time: 0.48s | Spearman@80: 0.8924 | Kendall@80: 0.7236
Epoch 96/150 | Train Loss: 0.0148 | Epoch Time: 0.48s | Spearman@80: 0.8896 | Kendall@80: 0.7211
Epoch 97/150 | Train Loss: 0.0162 | Epoch Time: 0.48s | Spearman@80: 0.9027 | Kendall@80: 0.7376
Epoch 98/150 | Train Loss: 0.0207 | Epoch Time: 0.49s | Spearman@80: 0.8927 | Kendall@80: 0.7306
Epoch 99/150 | Train Loss: 0.0187 | Epoch Time: 0.48s | Spearman@80: 0.9011 | Kendall@80: 0.7357
Epoch 100/150 | Train Loss: 0.0188 | Epoch Time: 0.49s | Spearman@80: 0.8979 | Kendall@80: 0.7325
Epoch 101/150 | Train Loss: 0.0156 | Epoch Time: 0.48s | Spearman@80: 0.8944 | Kendall@80: 0.7236
Epoch 102/150 | Train Loss: 0.0194 | Epoch Time: 0.48s | Spearman@80: 0.8957 | Kendall@80: 0.7255
Epoch 103/150 | Train Loss: 0.0185 | Epoch Time: 0.48s | Spearman@80: 0.9139 | Kendall@80: 0.7515
Epoch 104/150 | Train Loss: 0.0144 | Epoch Time: 0.49s | Spearman@80: 0.9015 | Kendall@80: 0.7395
Epoch 105/150 | Train Loss: 0.0157 | Epoch Time: 0.48s | Spearman@80: 0.9052 | Kendall@80: 0.7433
Epoch 106/150 | Train Loss: 0.0147 | Epoch Time: 0.48s | Spearman@80: 0.9038 | Kendall@80: 0.7426
Epoch 107/150 | Train Loss: 0.0113 | Epoch Time: 0.48s | Spearman@80: 0.8963 | Kendall@80: 0.7363
Epoch 108/150 | Train Loss: 0.0208 | Epoch Time: 0.48s | Spearman@80: 0.9087 | Kendall@80: 0.7414
Epoch 109/150 | Train Loss: 0.0149 | Epoch Time: 0.48s | Spearman@80: 0.9083 | Kendall@80: 0.7515
Epoch 110/150 | Train Loss: 0.0164 | Epoch Time: 0.48s | Spearman@80: 0.9092 | Kendall@80: 0.7528
Epoch 111/150 | Train Loss: 0.0167 | Epoch Time: 0.49s | Spearman@80: 0.9015 | Kendall@80: 0.7395
Epoch 112/150 | Train Loss: 0.0131 | Epoch Time: 0.48s | Spearman@80: 0.9041 | Kendall@80: 0.7376
Epoch 113/150 | Train Loss: 0.0150 | Epoch Time: 0.48s | Spearman@80: 0.9042 | Kendall@80: 0.7376
Epoch 114/150 | Train Loss: 0.0165 | Epoch Time: 0.48s | Spearman@80: 0.9024 | Kendall@80: 0.7395
Epoch 115/150 | Train Loss: 0.0115 | Epoch Time: 0.48s | Spearman@80: 0.9020 | Kendall@80: 0.7401
Epoch 116/150 | Train Loss: 0.0161 | Epoch Time: 0.48s | Spearman@80: 0.9065 | Kendall@80: 0.7426
Epoch 117/150 | Train Loss: 0.0113 | Epoch Time: 0.49s | Spearman@80: 0.9027 | Kendall@80: 0.7363
Epoch 118/150 | Train Loss: 0.0142 | Epoch Time: 0.48s | Spearman@80: 0.9040 | Kendall@80: 0.7433
Epoch 119/150 | Train Loss: 0.0146 | Epoch Time: 0.49s | Spearman@80: 0.8986 | Kendall@80: 0.7287
Epoch 120/150 | Train Loss: 0.0123 | Epoch Time: 0.49s | Spearman@80: 0.9015 | Kendall@80: 0.7306
Epoch 121/150 | Train Loss: 0.0136 | Epoch Time: 0.48s | Spearman@80: 0.9051 | Kendall@80: 0.7401
Epoch 122/150 | Train Loss: 0.0126 | Epoch Time: 0.49s | Spearman@80: 0.9050 | Kendall@80: 0.7420
Epoch 123/150 | Train Loss: 0.0129 | Epoch Time: 0.48s | Spearman@80: 0.9064 | Kendall@80: 0.7471
Epoch 124/150 | Train Loss: 0.0114 | Epoch Time: 0.49s | Spearman@80: 0.9072 | Kendall@80: 0.7502
Epoch 125/150 | Train Loss: 0.0157 | Epoch Time: 0.48s | Spearman@80: 0.8998 | Kendall@80: 0.7369
Epoch 126/150 | Train Loss: 0.0121 | Epoch Time: 0.48s | Spearman@80: 0.9048 | Kendall@80: 0.7458
Epoch 127/150 | Train Loss: 0.0120 | Epoch Time: 0.48s | Spearman@80: 0.9048 | Kendall@80: 0.7445
Epoch 128/150 | Train Loss: 0.0138 | Epoch Time: 0.48s | Spearman@80: 0.9074 | Kendall@80: 0.7490
Epoch 129/150 | Train Loss: 0.0101 | Epoch Time: 0.49s | Spearman@80: 0.9078 | Kendall@80: 0.7483
Epoch 130/150 | Train Loss: 0.0130 | Epoch Time: 0.48s | Spearman@80: 0.9011 | Kendall@80: 0.7382
Epoch 131/150 | Train Loss: 0.0130 | Epoch Time: 0.48s | Spearman@80: 0.9041 | Kendall@80: 0.7433
Epoch 132/150 | Train Loss: 0.0155 | Epoch Time: 0.49s | Spearman@80: 0.9061 | Kendall@80: 0.7483
Epoch 133/150 | Train Loss: 0.0128 | Epoch Time: 0.49s | Spearman@80: 0.9057 | Kendall@80: 0.7458
Epoch 134/150 | Train Loss: 0.0155 | Epoch Time: 0.49s | Spearman@80: 0.9077 | Kendall@80: 0.7496
Epoch 135/150 | Train Loss: 0.0107 | Epoch Time: 0.49s | Spearman@80: 0.9089 | Kendall@80: 0.7528
Epoch 136/150 | Train Loss: 0.0104 | Epoch Time: 0.48s | Spearman@80: 0.9054 | Kendall@80: 0.7477
Epoch 137/150 | Train Loss: 0.0116 | Epoch Time: 0.49s | Spearman@80: 0.9061 | Kendall@80: 0.7477
Epoch 138/150 | Train Loss: 0.0144 | Epoch Time: 0.48s | Spearman@80: 0.9062 | Kendall@80: 0.7477
Epoch 139/150 | Train Loss: 0.0106 | Epoch Time: 0.48s | Spearman@80: 0.9079 | Kendall@80: 0.7515
Epoch 140/150 | Train Loss: 0.0100 | Epoch Time: 0.49s | Spearman@80: 0.9067 | Kendall@80: 0.7496
Epoch 141/150 | Train Loss: 0.0104 | Epoch Time: 0.48s | Spearman@80: 0.9083 | Kendall@80: 0.7509
Epoch 142/150 | Train Loss: 0.0125 | Epoch Time: 0.49s | Spearman@80: 0.9071 | Kendall@80: 0.7496
Epoch 143/150 | Train Loss: 0.0107 | Epoch Time: 0.49s | Spearman@80: 0.9065 | Kendall@80: 0.7483
Epoch 144/150 | Train Loss: 0.0131 | Epoch Time: 0.50s | Spearman@80: 0.9070 | Kendall@80: 0.7502
Epoch 145/150 | Train Loss: 0.0103 | Epoch Time: 0.49s | Spearman@80: 0.9066 | Kendall@80: 0.7496
Epoch 146/150 | Train Loss: 0.0118 | Epoch Time: 0.48s | Spearman@80: 0.9078 | Kendall@80: 0.7515
Epoch 147/150 | Train Loss: 0.0153 | Epoch Time: 23.69s | Spearman@423495: 0.8677 | Kendall@423495: 0.6931
Epoch 148/150 | Train Loss: 0.0100 | Epoch Time: 23.76s | Spearman@423495: 0.8679 | Kendall@423495: 0.6933
Epoch 149/150 | Train Loss: 0.0115 | Epoch Time: 23.84s | Spearman@423495: 0.8681 | Kendall@423495: 0.6935
Epoch 150/150 | Train Loss: 0.0133 | Epoch Time: 23.90s | Spearman@423495: 0.8681 | Kendall@423495: 0.6935
Sample Count: 128, Spearman: 0.8679454903235033, Kendall: 0.6933519376298893
{64: (0.8033221043532317, 0.6131813699734336),
 128: (0.8679454903235033, 0.6933519376298893)}
Epoch 1/150 | Train Loss: 0.0994 | Epoch Time: 0.24s | Spearman@80: 0.6659 | Kendall@80: 0.4941
Epoch 2/150 | Train Loss: 0.0801 | Epoch Time: 0.25s | Spearman@80: 0.6461 | Kendall@80: 0.4757
Epoch 3/150 | Train Loss: 0.0753 | Epoch Time: 0.24s | Spearman@80: 0.6315 | Kendall@80: 0.4624
Epoch 4/150 | Train Loss: 0.0709 | Epoch Time: 0.24s | Spearman@80: 0.6223 | Kendall@80: 0.4555
Epoch 5/150 | Train Loss: 0.0664 | Epoch Time: 0.24s | Spearman@80: 0.6777 | Kendall@80: 0.5067
Epoch 6/150 | Train Loss: 0.0646 | Epoch Time: 0.24s | Spearman@80: 0.6682 | Kendall@80: 0.5029
Epoch 7/150 | Train Loss: 0.0635 | Epoch Time: 0.26s | Spearman@80: 0.6925 | Kendall@80: 0.5156
Epoch 8/150 | Train Loss: 0.0567 | Epoch Time: 0.24s | Spearman@80: 0.6864 | Kendall@80: 0.5200
Epoch 9/150 | Train Loss: 0.0578 | Epoch Time: 0.25s | Spearman@80: 0.7061 | Kendall@80: 0.5390
Epoch 10/150 | Train Loss: 0.0572 | Epoch Time: 0.24s | Spearman@80: 0.7039 | Kendall@80: 0.5339
Epoch 11/150 | Train Loss: 0.0510 | Epoch Time: 0.24s | Spearman@80: 0.7073 | Kendall@80: 0.5346
Epoch 12/150 | Train Loss: 0.0621 | Epoch Time: 0.24s | Spearman@80: 0.6753 | Kendall@80: 0.5055
Epoch 13/150 | Train Loss: 0.0581 | Epoch Time: 0.24s | Spearman@80: 0.7079 | Kendall@80: 0.5358
Epoch 14/150 | Train Loss: 0.0518 | Epoch Time: 0.24s | Spearman@80: 0.7111 | Kendall@80: 0.5333
Epoch 15/150 | Train Loss: 0.0610 | Epoch Time: 0.24s | Spearman@80: 0.7231 | Kendall@80: 0.5485
Epoch 16/150 | Train Loss: 0.0514 | Epoch Time: 0.24s | Spearman@80: 0.7249 | Kendall@80: 0.5498
Epoch 17/150 | Train Loss: 0.0610 | Epoch Time: 0.24s | Spearman@80: 0.7347 | Kendall@80: 0.5599
Epoch 18/150 | Train Loss: 0.0608 | Epoch Time: 0.25s | Spearman@80: 0.7552 | Kendall@80: 0.5776
Epoch 19/150 | Train Loss: 0.0536 | Epoch Time: 0.25s | Spearman@80: 0.7441 | Kendall@80: 0.5662
Epoch 20/150 | Train Loss: 0.0567 | Epoch Time: 0.24s | Spearman@80: 0.7085 | Kendall@80: 0.5245
Epoch 21/150 | Train Loss: 0.0557 | Epoch Time: 0.24s | Spearman@80: 0.7098 | Kendall@80: 0.5295
Epoch 22/150 | Train Loss: 0.0582 | Epoch Time: 0.24s | Spearman@80: 0.6987 | Kendall@80: 0.5238
Epoch 23/150 | Train Loss: 0.0474 | Epoch Time: 0.25s | Spearman@80: 0.7561 | Kendall@80: 0.5783
Epoch 24/150 | Train Loss: 0.0582 | Epoch Time: 0.24s | Spearman@80: 0.7531 | Kendall@80: 0.5732
Epoch 25/150 | Train Loss: 0.0502 | Epoch Time: 0.25s | Spearman@80: 0.7559 | Kendall@80: 0.5783
Epoch 26/150 | Train Loss: 0.0512 | Epoch Time: 0.24s | Spearman@80: 0.7845 | Kendall@80: 0.6023
Epoch 27/150 | Train Loss: 0.0456 | Epoch Time: 0.25s | Spearman@80: 0.7794 | Kendall@80: 0.5915
Epoch 28/150 | Train Loss: 0.0433 | Epoch Time: 0.24s | Spearman@80: 0.7670 | Kendall@80: 0.5802
Epoch 29/150 | Train Loss: 0.0410 | Epoch Time: 0.25s | Spearman@80: 0.7875 | Kendall@80: 0.5890
Epoch 30/150 | Train Loss: 0.0463 | Epoch Time: 0.24s | Spearman@80: 0.7421 | Kendall@80: 0.5491
Epoch 31/150 | Train Loss: 0.0452 | Epoch Time: 0.25s | Spearman@80: 0.7970 | Kendall@80: 0.6086
Epoch 32/150 | Train Loss: 0.0458 | Epoch Time: 0.24s | Spearman@80: 0.8137 | Kendall@80: 0.6264
Epoch 33/150 | Train Loss: 0.0515 | Epoch Time: 0.24s | Spearman@80: 0.8122 | Kendall@80: 0.6181
Epoch 34/150 | Train Loss: 0.0540 | Epoch Time: 0.26s | Spearman@80: 0.8053 | Kendall@80: 0.6131
Epoch 35/150 | Train Loss: 0.0372 | Epoch Time: 0.25s | Spearman@80: 0.8022 | Kendall@80: 0.6067
Epoch 36/150 | Train Loss: 0.0384 | Epoch Time: 0.24s | Spearman@80: 0.8055 | Kendall@80: 0.5953
Epoch 37/150 | Train Loss: 0.0551 | Epoch Time: 0.24s | Spearman@80: 0.8084 | Kendall@80: 0.6137
Epoch 38/150 | Train Loss: 0.0439 | Epoch Time: 0.24s | Spearman@80: 0.8260 | Kendall@80: 0.6365
Epoch 39/150 | Train Loss: 0.0500 | Epoch Time: 0.26s | Spearman@80: 0.7964 | Kendall@80: 0.6042
Epoch 40/150 | Train Loss: 0.0485 | Epoch Time: 0.24s | Spearman@80: 0.7992 | Kendall@80: 0.6055
Epoch 41/150 | Train Loss: 0.0547 | Epoch Time: 0.24s | Spearman@80: 0.7876 | Kendall@80: 0.5903
Epoch 42/150 | Train Loss: 0.0342 | Epoch Time: 0.25s | Spearman@80: 0.8227 | Kendall@80: 0.6251
Epoch 43/150 | Train Loss: 0.0335 | Epoch Time: 0.25s | Spearman@80: 0.8353 | Kendall@80: 0.6416
Epoch 44/150 | Train Loss: 0.0359 | Epoch Time: 0.24s | Spearman@80: 0.8198 | Kendall@80: 0.6207
Epoch 45/150 | Train Loss: 0.0272 | Epoch Time: 0.24s | Spearman@80: 0.7869 | Kendall@80: 0.5859
Epoch 46/150 | Train Loss: 0.0362 | Epoch Time: 0.24s | Spearman@80: 0.8367 | Kendall@80: 0.6422
Epoch 47/150 | Train Loss: 0.0375 | Epoch Time: 0.26s | Spearman@80: 0.8186 | Kendall@80: 0.6162
Epoch 48/150 | Train Loss: 0.0258 | Epoch Time: 0.24s | Spearman@80: 0.8244 | Kendall@80: 0.6251
Epoch 49/150 | Train Loss: 0.0362 | Epoch Time: 0.24s | Spearman@80: 0.7702 | Kendall@80: 0.5662
Epoch 50/150 | Train Loss: 0.0350 | Epoch Time: 0.25s | Spearman@80: 0.7900 | Kendall@80: 0.5840
Epoch 51/150 | Train Loss: 0.0387 | Epoch Time: 0.24s | Spearman@80: 0.7778 | Kendall@80: 0.5859
Epoch 52/150 | Train Loss: 0.0367 | Epoch Time: 0.24s | Spearman@80: 0.8084 | Kendall@80: 0.6124
Epoch 53/150 | Train Loss: 0.0355 | Epoch Time: 0.25s | Spearman@80: 0.8027 | Kendall@80: 0.6023
Epoch 54/150 | Train Loss: 0.0347 | Epoch Time: 0.25s | Spearman@80: 0.8223 | Kendall@80: 0.6207
Epoch 55/150 | Train Loss: 0.0350 | Epoch Time: 0.25s | Spearman@80: 0.7953 | Kendall@80: 0.5947
Epoch 56/150 | Train Loss: 0.0545 | Epoch Time: 0.24s | Spearman@80: 0.8225 | Kendall@80: 0.6283
Epoch 57/150 | Train Loss: 0.0316 | Epoch Time: 0.24s | Spearman@80: 0.8018 | Kendall@80: 0.6036
Epoch 58/150 | Train Loss: 0.0250 | Epoch Time: 0.24s | Spearman@80: 0.8121 | Kendall@80: 0.6093
Epoch 59/150 | Train Loss: 0.0310 | Epoch Time: 0.24s | Spearman@80: 0.8205 | Kendall@80: 0.6188
Epoch 60/150 | Train Loss: 0.0315 | Epoch Time: 0.24s | Spearman@80: 0.8067 | Kendall@80: 0.6118
Epoch 61/150 | Train Loss: 0.0311 | Epoch Time: 0.25s | Spearman@80: 0.8081 | Kendall@80: 0.6099
Epoch 62/150 | Train Loss: 0.0320 | Epoch Time: 0.24s | Spearman@80: 0.7796 | Kendall@80: 0.5707
Epoch 63/150 | Train Loss: 0.0306 | Epoch Time: 0.24s | Spearman@80: 0.7816 | Kendall@80: 0.5783
Epoch 64/150 | Train Loss: 0.0257 | Epoch Time: 0.24s | Spearman@80: 0.8229 | Kendall@80: 0.6276
Epoch 65/150 | Train Loss: 0.0281 | Epoch Time: 0.24s | Spearman@80: 0.8114 | Kendall@80: 0.6036
Epoch 66/150 | Train Loss: 0.0283 | Epoch Time: 0.24s | Spearman@80: 0.8316 | Kendall@80: 0.6289
Epoch 67/150 | Train Loss: 0.0190 | Epoch Time: 0.24s | Spearman@80: 0.8168 | Kendall@80: 0.6150
Epoch 68/150 | Train Loss: 0.0275 | Epoch Time: 0.24s | Spearman@80: 0.8094 | Kendall@80: 0.6080
Epoch 69/150 | Train Loss: 0.0229 | Epoch Time: 0.24s | Spearman@80: 0.8082 | Kendall@80: 0.6080
Epoch 70/150 | Train Loss: 0.0221 | Epoch Time: 0.24s | Spearman@80: 0.8014 | Kendall@80: 0.5998
Epoch 71/150 | Train Loss: 0.0289 | Epoch Time: 0.24s | Spearman@80: 0.8039 | Kendall@80: 0.6105
Epoch 72/150 | Train Loss: 0.0317 | Epoch Time: 0.26s | Spearman@80: 0.7853 | Kendall@80: 0.5764
Epoch 73/150 | Train Loss: 0.0287 | Epoch Time: 0.24s | Spearman@80: 0.7970 | Kendall@80: 0.6029
Epoch 74/150 | Train Loss: 0.0296 | Epoch Time: 0.25s | Spearman@80: 0.8144 | Kendall@80: 0.6251
Epoch 75/150 | Train Loss: 0.0277 | Epoch Time: 0.26s | Spearman@80: 0.8151 | Kendall@80: 0.6169
Epoch 76/150 | Train Loss: 0.0232 | Epoch Time: 0.24s | Spearman@80: 0.7894 | Kendall@80: 0.5859
Epoch 77/150 | Train Loss: 0.0255 | Epoch Time: 0.24s | Spearman@80: 0.8113 | Kendall@80: 0.6169
Epoch 78/150 | Train Loss: 0.0219 | Epoch Time: 0.24s | Spearman@80: 0.7987 | Kendall@80: 0.5985
Epoch 79/150 | Train Loss: 0.0221 | Epoch Time: 0.24s | Spearman@80: 0.8175 | Kendall@80: 0.6251
Epoch 80/150 | Train Loss: 0.0182 | Epoch Time: 0.24s | Spearman@80: 0.8207 | Kendall@80: 0.6251
Epoch 81/150 | Train Loss: 0.0185 | Epoch Time: 0.24s | Spearman@80: 0.8082 | Kendall@80: 0.6067
Epoch 82/150 | Train Loss: 0.0198 | Epoch Time: 0.24s | Spearman@80: 0.8042 | Kendall@80: 0.6080
Epoch 83/150 | Train Loss: 0.0201 | Epoch Time: 0.24s | Spearman@80: 0.7806 | Kendall@80: 0.5783
Epoch 84/150 | Train Loss: 0.0235 | Epoch Time: 0.25s | Spearman@80: 0.7801 | Kendall@80: 0.5795
Epoch 85/150 | Train Loss: 0.0242 | Epoch Time: 0.25s | Spearman@80: 0.7961 | Kendall@80: 0.5903
Epoch 86/150 | Train Loss: 0.0207 | Epoch Time: 0.24s | Spearman@80: 0.8227 | Kendall@80: 0.6289
Epoch 87/150 | Train Loss: 0.0266 | Epoch Time: 0.26s | Spearman@80: 0.8101 | Kendall@80: 0.6093
Epoch 88/150 | Train Loss: 0.0212 | Epoch Time: 0.24s | Spearman@80: 0.8013 | Kendall@80: 0.6036
Epoch 89/150 | Train Loss: 0.0188 | Epoch Time: 0.25s | Spearman@80: 0.7948 | Kendall@80: 0.5934
Epoch 90/150 | Train Loss: 0.0183 | Epoch Time: 0.24s | Spearman@80: 0.7799 | Kendall@80: 0.5751
Epoch 91/150 | Train Loss: 0.0262 | Epoch Time: 0.24s | Spearman@80: 0.7937 | Kendall@80: 0.5915
Epoch 92/150 | Train Loss: 0.0201 | Epoch Time: 0.24s | Spearman@80: 0.8193 | Kendall@80: 0.6257
Epoch 93/150 | Train Loss: 0.0168 | Epoch Time: 0.24s | Spearman@80: 0.8067 | Kendall@80: 0.6131
Epoch 94/150 | Train Loss: 0.0180 | Epoch Time: 0.25s | Spearman@80: 0.7850 | Kendall@80: 0.5783
Epoch 95/150 | Train Loss: 0.0209 | Epoch Time: 0.24s | Spearman@80: 0.7765 | Kendall@80: 0.5681
Epoch 96/150 | Train Loss: 0.0192 | Epoch Time: 0.25s | Spearman@80: 0.7839 | Kendall@80: 0.5764
Epoch 97/150 | Train Loss: 0.0216 | Epoch Time: 0.25s | Spearman@80: 0.7757 | Kendall@80: 0.5675
Epoch 98/150 | Train Loss: 0.0156 | Epoch Time: 0.24s | Spearman@80: 0.7926 | Kendall@80: 0.5909
Epoch 99/150 | Train Loss: 0.0165 | Epoch Time: 0.24s | Spearman@80: 0.7859 | Kendall@80: 0.5840
Epoch 100/150 | Train Loss: 0.0150 | Epoch Time: 0.24s | Spearman@80: 0.7900 | Kendall@80: 0.5840
Epoch 101/150 | Train Loss: 0.0139 | Epoch Time: 0.24s | Spearman@80: 0.8001 | Kendall@80: 0.5941
Epoch 102/150 | Train Loss: 0.0114 | Epoch Time: 0.24s | Spearman@80: 0.8014 | Kendall@80: 0.6029
Epoch 103/150 | Train Loss: 0.0172 | Epoch Time: 0.26s | Spearman@80: 0.7839 | Kendall@80: 0.5776
Epoch 104/150 | Train Loss: 0.0114 | Epoch Time: 0.24s | Spearman@80: 0.7788 | Kendall@80: 0.5707
Epoch 105/150 | Train Loss: 0.0133 | Epoch Time: 0.25s | Spearman@80: 0.7946 | Kendall@80: 0.5909
Epoch 106/150 | Train Loss: 0.0184 | Epoch Time: 0.24s | Spearman@80: 0.8012 | Kendall@80: 0.5960
Epoch 107/150 | Train Loss: 0.0131 | Epoch Time: 0.24s | Spearman@80: 0.8012 | Kendall@80: 0.5960
Epoch 108/150 | Train Loss: 0.0158 | Epoch Time: 0.26s | Spearman@80: 0.7971 | Kendall@80: 0.5865
Epoch 109/150 | Train Loss: 0.0143 | Epoch Time: 0.26s | Spearman@80: 0.8093 | Kendall@80: 0.6061
Epoch 110/150 | Train Loss: 0.0164 | Epoch Time: 0.25s | Spearman@80: 0.8205 | Kendall@80: 0.6245
Epoch 111/150 | Train Loss: 0.0138 | Epoch Time: 0.24s | Spearman@80: 0.8186 | Kendall@80: 0.6169
Epoch 112/150 | Train Loss: 0.0151 | Epoch Time: 0.25s | Spearman@80: 0.8182 | Kendall@80: 0.6213
Epoch 113/150 | Train Loss: 0.0213 | Epoch Time: 0.25s | Spearman@80: 0.7910 | Kendall@80: 0.5878
Epoch 114/150 | Train Loss: 0.0188 | Epoch Time: 0.24s | Spearman@80: 0.7851 | Kendall@80: 0.5764
Epoch 115/150 | Train Loss: 0.0133 | Epoch Time: 0.24s | Spearman@80: 0.7955 | Kendall@80: 0.5928
Epoch 116/150 | Train Loss: 0.0164 | Epoch Time: 0.26s | Spearman@80: 0.8069 | Kendall@80: 0.6105
Epoch 117/150 | Train Loss: 0.0095 | Epoch Time: 0.24s | Spearman@80: 0.8029 | Kendall@80: 0.6029
Epoch 118/150 | Train Loss: 0.0132 | Epoch Time: 0.24s | Spearman@80: 0.7965 | Kendall@80: 0.5922
Epoch 119/150 | Train Loss: 0.0152 | Epoch Time: 0.24s | Spearman@80: 0.7881 | Kendall@80: 0.5789
Epoch 120/150 | Train Loss: 0.0099 | Epoch Time: 0.24s | Spearman@80: 0.7946 | Kendall@80: 0.5903
Epoch 121/150 | Train Loss: 0.0107 | Epoch Time: 0.25s | Spearman@80: 0.8041 | Kendall@80: 0.6029
Epoch 122/150 | Train Loss: 0.0118 | Epoch Time: 0.24s | Spearman@80: 0.8065 | Kendall@80: 0.6080
Epoch 123/150 | Train Loss: 0.0166 | Epoch Time: 0.24s | Spearman@80: 0.7958 | Kendall@80: 0.5878
Epoch 124/150 | Train Loss: 0.0120 | Epoch Time: 0.24s | Spearman@80: 0.7887 | Kendall@80: 0.5789
Epoch 125/150 | Train Loss: 0.0121 | Epoch Time: 0.26s | Spearman@80: 0.7902 | Kendall@80: 0.5833
Epoch 126/150 | Train Loss: 0.0140 | Epoch Time: 0.25s | Spearman@80: 0.7998 | Kendall@80: 0.5972
Epoch 127/150 | Train Loss: 0.0116 | Epoch Time: 0.25s | Spearman@80: 0.8066 | Kendall@80: 0.6055
Epoch 128/150 | Train Loss: 0.0114 | Epoch Time: 0.25s | Spearman@80: 0.8105 | Kendall@80: 0.6105
Epoch 129/150 | Train Loss: 0.0105 | Epoch Time: 0.24s | Spearman@80: 0.8113 | Kendall@80: 0.6137
Epoch 130/150 | Train Loss: 0.0095 | Epoch Time: 0.24s | Spearman@80: 0.8138 | Kendall@80: 0.6181
Epoch 131/150 | Train Loss: 0.0084 | Epoch Time: 0.24s | Spearman@80: 0.8167 | Kendall@80: 0.6194
Epoch 132/150 | Train Loss: 0.0116 | Epoch Time: 0.25s | Spearman@80: 0.8128 | Kendall@80: 0.6162
Epoch 133/150 | Train Loss: 0.0105 | Epoch Time: 0.25s | Spearman@80: 0.8045 | Kendall@80: 0.6048
Epoch 134/150 | Train Loss: 0.0111 | Epoch Time: 0.24s | Spearman@80: 0.8027 | Kendall@80: 0.5998
Epoch 135/150 | Train Loss: 0.0136 | Epoch Time: 0.24s | Spearman@80: 0.8017 | Kendall@80: 0.5979
Epoch 136/150 | Train Loss: 0.0087 | Epoch Time: 0.25s | Spearman@80: 0.8002 | Kendall@80: 0.5928
Epoch 137/150 | Train Loss: 0.0146 | Epoch Time: 0.25s | Spearman@80: 0.8022 | Kendall@80: 0.5979
Epoch 138/150 | Train Loss: 0.0114 | Epoch Time: 0.25s | Spearman@80: 0.8038 | Kendall@80: 0.6004
Epoch 139/150 | Train Loss: 0.0138 | Epoch Time: 0.24s | Spearman@80: 0.8039 | Kendall@80: 0.6010
Epoch 140/150 | Train Loss: 0.0114 | Epoch Time: 0.24s | Spearman@80: 0.8028 | Kendall@80: 0.5998
Epoch 141/150 | Train Loss: 0.0142 | Epoch Time: 0.25s | Spearman@80: 0.8020 | Kendall@80: 0.5998
Epoch 142/150 | Train Loss: 0.0080 | Epoch Time: 0.24s | Spearman@80: 0.8029 | Kendall@80: 0.6010
Epoch 143/150 | Train Loss: 0.0137 | Epoch Time: 0.24s | Spearman@80: 0.8034 | Kendall@80: 0.6023
Epoch 144/150 | Train Loss: 0.0138 | Epoch Time: 0.24s | Spearman@80: 0.8030 | Kendall@80: 0.6010
Epoch 145/150 | Train Loss: 0.0159 | Epoch Time: 0.24s | Spearman@80: 0.8023 | Kendall@80: 0.5998
Epoch 146/150 | Train Loss: 0.0091 | Epoch Time: 0.24s | Spearman@80: 0.8031 | Kendall@80: 0.6010
Epoch 147/150 | Train Loss: 0.0129 | Epoch Time: 23.01s | Spearman@423559: 0.7814 | Kendall@423559: 0.5914
Epoch 148/150 | Train Loss: 0.0113 | Epoch Time: 23.89s | Spearman@423559: 0.7812 | Kendall@423559: 0.5912
Epoch 149/150 | Train Loss: 0.0139 | Epoch Time: 23.53s | Spearman@423559: 0.7811 | Kendall@423559: 0.5911
Epoch 150/150 | Train Loss: 0.0074 | Epoch Time: 23.85s | Spearman@423559: 0.7810 | Kendall@423559: 0.5910
Sample Count: 64, Spearman: 0.7811895685228865, Kendall: 0.591181151933146
{64: (0.7811895685228865, 0.591181151933146),
 128: (0.8679454903235033, 0.6933519376298893)}
Epoch 1/150 | Train Loss: 0.0965 | Epoch Time: 0.49s | Spearman@80: 0.6686 | Kendall@80: 0.4880
Epoch 2/150 | Train Loss: 0.0721 | Epoch Time: 0.48s | Spearman@80: 0.7024 | Kendall@80: 0.5316
Epoch 3/150 | Train Loss: 0.0675 | Epoch Time: 0.48s | Spearman@80: 0.7901 | Kendall@80: 0.6006
Epoch 4/150 | Train Loss: 0.0643 | Epoch Time: 0.48s | Spearman@80: 0.8128 | Kendall@80: 0.6133
Epoch 5/150 | Train Loss: 0.0582 | Epoch Time: 0.49s | Spearman@80: 0.7947 | Kendall@80: 0.6114
Epoch 6/150 | Train Loss: 0.0558 | Epoch Time: 0.48s | Spearman@80: 0.8342 | Kendall@80: 0.6424
Epoch 7/150 | Train Loss: 0.0626 | Epoch Time: 0.49s | Spearman@80: 0.8288 | Kendall@80: 0.6399
Epoch 8/150 | Train Loss: 0.0569 | Epoch Time: 0.48s | Spearman@80: 0.7629 | Kendall@80: 0.5842
Epoch 9/150 | Train Loss: 0.0600 | Epoch Time: 0.48s | Spearman@80: 0.8066 | Kendall@80: 0.6152
Epoch 10/150 | Train Loss: 0.0615 | Epoch Time: 0.48s | Spearman@80: 0.8397 | Kendall@80: 0.6449
Epoch 11/150 | Train Loss: 0.0569 | Epoch Time: 0.49s | Spearman@80: 0.7503 | Kendall@80: 0.5582
Epoch 12/150 | Train Loss: 0.0608 | Epoch Time: 0.48s | Spearman@80: 0.8165 | Kendall@80: 0.6291
Epoch 13/150 | Train Loss: 0.0581 | Epoch Time: 0.48s | Spearman@80: 0.8172 | Kendall@80: 0.6272
Epoch 14/150 | Train Loss: 0.0584 | Epoch Time: 0.48s | Spearman@80: 0.8579 | Kendall@80: 0.6658
Epoch 15/150 | Train Loss: 0.0505 | Epoch Time: 0.48s | Spearman@80: 0.8435 | Kendall@80: 0.6544
Epoch 16/150 | Train Loss: 0.0561 | Epoch Time: 0.48s | Spearman@80: 0.8256 | Kendall@80: 0.6329
Epoch 17/150 | Train Loss: 0.0577 | Epoch Time: 0.48s | Spearman@80: 0.8355 | Kendall@80: 0.6405
Epoch 18/150 | Train Loss: 0.0470 | Epoch Time: 0.49s | Spearman@80: 0.8706 | Kendall@80: 0.6829
Epoch 19/150 | Train Loss: 0.0533 | Epoch Time: 0.48s | Spearman@80: 0.8391 | Kendall@80: 0.6386
Epoch 20/150 | Train Loss: 0.0455 | Epoch Time: 0.49s | Spearman@80: 0.8618 | Kendall@80: 0.6671
Epoch 21/150 | Train Loss: 0.0475 | Epoch Time: 0.48s | Spearman@80: 0.8645 | Kendall@80: 0.6696
Epoch 22/150 | Train Loss: 0.0459 | Epoch Time: 0.49s | Spearman@80: 0.8695 | Kendall@80: 0.6823
Epoch 23/150 | Train Loss: 0.0557 | Epoch Time: 0.49s | Spearman@80: 0.8542 | Kendall@80: 0.6652
Epoch 24/150 | Train Loss: 0.0464 | Epoch Time: 0.51s | Spearman@80: 0.8651 | Kendall@80: 0.6772
Epoch 25/150 | Train Loss: 0.0501 | Epoch Time: 0.49s | Spearman@80: 0.8156 | Kendall@80: 0.6253
Epoch 26/150 | Train Loss: 0.0492 | Epoch Time: 0.48s | Spearman@80: 0.8736 | Kendall@80: 0.6886
Epoch 27/150 | Train Loss: 0.0439 | Epoch Time: 0.48s | Spearman@80: 0.8339 | Kendall@80: 0.6500
Epoch 28/150 | Train Loss: 0.0528 | Epoch Time: 0.49s | Spearman@80: 0.8511 | Kendall@80: 0.6639
Epoch 29/150 | Train Loss: 0.0490 | Epoch Time: 0.48s | Spearman@80: 0.8775 | Kendall@80: 0.6899
Epoch 30/150 | Train Loss: 0.0425 | Epoch Time: 0.48s | Spearman@80: 0.8725 | Kendall@80: 0.6892
Epoch 31/150 | Train Loss: 0.0461 | Epoch Time: 0.49s | Spearman@80: 0.8707 | Kendall@80: 0.6848
Epoch 32/150 | Train Loss: 0.0413 | Epoch Time: 0.48s | Spearman@80: 0.8765 | Kendall@80: 0.6924
Epoch 33/150 | Train Loss: 0.0476 | Epoch Time: 0.49s | Spearman@80: 0.8522 | Kendall@80: 0.6639
Epoch 34/150 | Train Loss: 0.0459 | Epoch Time: 0.48s | Spearman@80: 0.8621 | Kendall@80: 0.6778
Epoch 35/150 | Train Loss: 0.0478 | Epoch Time: 0.48s | Spearman@80: 0.8775 | Kendall@80: 0.6987
Epoch 36/150 | Train Loss: 0.0386 | Epoch Time: 0.48s | Spearman@80: 0.8686 | Kendall@80: 0.6911
Epoch 37/150 | Train Loss: 0.0443 | Epoch Time: 0.49s | Spearman@80: 0.8608 | Kendall@80: 0.6734
Epoch 38/150 | Train Loss: 0.0424 | Epoch Time: 0.50s | Spearman@80: 0.8565 | Kendall@80: 0.6703
Epoch 39/150 | Train Loss: 0.0384 | Epoch Time: 0.48s | Spearman@80: 0.8691 | Kendall@80: 0.6797
Epoch 40/150 | Train Loss: 0.0443 | Epoch Time: 0.49s | Spearman@80: 0.8746 | Kendall@80: 0.6911
Epoch 41/150 | Train Loss: 0.0362 | Epoch Time: 0.48s | Spearman@80: 0.8518 | Kendall@80: 0.6703
Epoch 42/150 | Train Loss: 0.0374 | Epoch Time: 0.48s | Spearman@80: 0.8712 | Kendall@80: 0.6861
Epoch 43/150 | Train Loss: 0.0344 | Epoch Time: 0.48s | Spearman@80: 0.8676 | Kendall@80: 0.6867
Epoch 44/150 | Train Loss: 0.0409 | Epoch Time: 0.49s | Spearman@80: 0.8639 | Kendall@80: 0.6810
Epoch 45/150 | Train Loss: 0.0358 | Epoch Time: 0.48s | Spearman@80: 0.8254 | Kendall@80: 0.6411
Epoch 46/150 | Train Loss: 0.0398 | Epoch Time: 0.49s | Spearman@80: 0.8771 | Kendall@80: 0.6943
Epoch 47/150 | Train Loss: 0.0402 | Epoch Time: 0.49s | Spearman@80: 0.8924 | Kendall@80: 0.7215
Epoch 48/150 | Train Loss: 0.0351 | Epoch Time: 0.48s | Spearman@80: 0.8848 | Kendall@80: 0.7063
Epoch 49/150 | Train Loss: 0.0416 | Epoch Time: 0.48s | Spearman@80: 0.8491 | Kendall@80: 0.6734
Epoch 50/150 | Train Loss: 0.0417 | Epoch Time: 0.48s | Spearman@80: 0.8737 | Kendall@80: 0.6987
Epoch 51/150 | Train Loss: 0.0374 | Epoch Time: 0.48s | Spearman@80: 0.8557 | Kendall@80: 0.6759
Epoch 52/150 | Train Loss: 0.0378 | Epoch Time: 0.49s | Spearman@80: 0.8992 | Kendall@80: 0.7253
Epoch 53/150 | Train Loss: 0.0319 | Epoch Time: 0.48s | Spearman@80: 0.8754 | Kendall@80: 0.6899
Epoch 54/150 | Train Loss: 0.0359 | Epoch Time: 0.48s | Spearman@80: 0.8891 | Kendall@80: 0.7133
Epoch 55/150 | Train Loss: 0.0347 | Epoch Time: 0.48s | Spearman@80: 0.8722 | Kendall@80: 0.6937
Epoch 56/150 | Train Loss: 0.0323 | Epoch Time: 0.49s | Spearman@80: 0.8817 | Kendall@80: 0.6987
Epoch 57/150 | Train Loss: 0.0246 | Epoch Time: 0.48s | Spearman@80: 0.8651 | Kendall@80: 0.6854
Epoch 58/150 | Train Loss: 0.0308 | Epoch Time: 0.49s | Spearman@80: 0.9007 | Kendall@80: 0.7278
Epoch 59/150 | Train Loss: 0.0303 | Epoch Time: 0.48s | Spearman@80: 0.8771 | Kendall@80: 0.6962
Epoch 60/150 | Train Loss: 0.0330 | Epoch Time: 0.48s | Spearman@80: 0.8651 | Kendall@80: 0.6886
Epoch 61/150 | Train Loss: 0.0295 | Epoch Time: 0.48s | Spearman@80: 0.8541 | Kendall@80: 0.6728
Epoch 62/150 | Train Loss: 0.0268 | Epoch Time: 0.49s | Spearman@80: 0.8766 | Kendall@80: 0.6981
Epoch 63/150 | Train Loss: 0.0228 | Epoch Time: 0.48s | Spearman@80: 0.8819 | Kendall@80: 0.7070
Epoch 64/150 | Train Loss: 0.0285 | Epoch Time: 0.49s | Spearman@80: 0.8626 | Kendall@80: 0.6810
Epoch 65/150 | Train Loss: 0.0255 | Epoch Time: 0.49s | Spearman@80: 0.8851 | Kendall@80: 0.7076
Epoch 66/150 | Train Loss: 0.0267 | Epoch Time: 0.49s | Spearman@80: 0.8512 | Kendall@80: 0.6753
Epoch 67/150 | Train Loss: 0.0278 | Epoch Time: 0.48s | Spearman@80: 0.8783 | Kendall@80: 0.7006
Epoch 68/150 | Train Loss: 0.0284 | Epoch Time: 0.48s | Spearman@80: 0.8872 | Kendall@80: 0.7089
Epoch 69/150 | Train Loss: 0.0239 | Epoch Time: 0.48s | Spearman@80: 0.8629 | Kendall@80: 0.6785
Epoch 70/150 | Train Loss: 0.0263 | Epoch Time: 0.49s | Spearman@80: 0.9007 | Kendall@80: 0.7278
Epoch 71/150 | Train Loss: 0.0240 | Epoch Time: 0.49s | Spearman@80: 0.8897 | Kendall@80: 0.7177
Epoch 72/150 | Train Loss: 0.0288 | Epoch Time: 0.48s | Spearman@80: 0.8528 | Kendall@80: 0.6766
Epoch 73/150 | Train Loss: 0.0237 | Epoch Time: 0.49s | Spearman@80: 0.8475 | Kendall@80: 0.6665
Epoch 74/150 | Train Loss: 0.0252 | Epoch Time: 0.48s | Spearman@80: 0.8580 | Kendall@80: 0.6848
Epoch 75/150 | Train Loss: 0.0283 | Epoch Time: 0.48s | Spearman@80: 0.8648 | Kendall@80: 0.6823
Epoch 76/150 | Train Loss: 0.0261 | Epoch Time: 0.49s | Spearman@80: 0.8750 | Kendall@80: 0.6956
Epoch 77/150 | Train Loss: 0.0232 | Epoch Time: 0.48s | Spearman@80: 0.8663 | Kendall@80: 0.6911
Epoch 78/150 | Train Loss: 0.0226 | Epoch Time: 0.48s | Spearman@80: 0.8808 | Kendall@80: 0.7057
Epoch 79/150 | Train Loss: 0.0181 | Epoch Time: 0.50s | Spearman@80: 0.8617 | Kendall@80: 0.6848
Epoch 80/150 | Train Loss: 0.0196 | Epoch Time: 0.48s | Spearman@80: 0.8834 | Kendall@80: 0.7051
Epoch 81/150 | Train Loss: 0.0196 | Epoch Time: 0.49s | Spearman@80: 0.8497 | Kendall@80: 0.6734
Epoch 82/150 | Train Loss: 0.0342 | Epoch Time: 0.48s | Spearman@80: 0.8742 | Kendall@80: 0.7000
Epoch 83/150 | Train Loss: 0.0270 | Epoch Time: 0.48s | Spearman@80: 0.8772 | Kendall@80: 0.6994
Epoch 84/150 | Train Loss: 0.0184 | Epoch Time: 0.48s | Spearman@80: 0.8723 | Kendall@80: 0.6975
Epoch 85/150 | Train Loss: 0.0191 | Epoch Time: 0.48s | Spearman@80: 0.8832 | Kendall@80: 0.7006
Epoch 86/150 | Train Loss: 0.0247 | Epoch Time: 0.48s | Spearman@80: 0.8694 | Kendall@80: 0.6911
Epoch 87/150 | Train Loss: 0.0234 | Epoch Time: 0.48s | Spearman@80: 0.8701 | Kendall@80: 0.6943
Epoch 88/150 | Train Loss: 0.0188 | Epoch Time: 0.49s | Spearman@80: 0.8606 | Kendall@80: 0.6829
Epoch 89/150 | Train Loss: 0.0196 | Epoch Time: 0.48s | Spearman@80: 0.8772 | Kendall@80: 0.7025
Epoch 90/150 | Train Loss: 0.0191 | Epoch Time: 0.48s | Spearman@80: 0.8794 | Kendall@80: 0.6949
Epoch 91/150 | Train Loss: 0.0171 | Epoch Time: 0.48s | Spearman@80: 0.8528 | Kendall@80: 0.6785
Epoch 92/150 | Train Loss: 0.0216 | Epoch Time: 0.48s | Spearman@80: 0.8644 | Kendall@80: 0.6937
Epoch 93/150 | Train Loss: 0.0185 | Epoch Time: 0.48s | Spearman@80: 0.8617 | Kendall@80: 0.6797
Epoch 94/150 | Train Loss: 0.0153 | Epoch Time: 0.48s | Spearman@80: 0.8693 | Kendall@80: 0.6918
Epoch 95/150 | Train Loss: 0.0220 | Epoch Time: 0.48s | Spearman@80: 0.8650 | Kendall@80: 0.6861
Epoch 96/150 | Train Loss: 0.0215 | Epoch Time: 0.48s | Spearman@80: 0.8894 | Kendall@80: 0.7101
Epoch 97/150 | Train Loss: 0.0193 | Epoch Time: 0.48s | Spearman@80: 0.8732 | Kendall@80: 0.6943
Epoch 98/150 | Train Loss: 0.0182 | Epoch Time: 0.48s | Spearman@80: 0.8788 | Kendall@80: 0.7051
Epoch 99/150 | Train Loss: 0.0153 | Epoch Time: 0.49s | Spearman@80: 0.8735 | Kendall@80: 0.6968
Epoch 100/150 | Train Loss: 0.0177 | Epoch Time: 0.48s | Spearman@80: 0.8628 | Kendall@80: 0.6867
Epoch 101/150 | Train Loss: 0.0158 | Epoch Time: 0.48s | Spearman@80: 0.8778 | Kendall@80: 0.7076
Epoch 102/150 | Train Loss: 0.0197 | Epoch Time: 0.48s | Spearman@80: 0.8818 | Kendall@80: 0.7076
Epoch 103/150 | Train Loss: 0.0178 | Epoch Time: 0.49s | Spearman@80: 0.8728 | Kendall@80: 0.6981
Epoch 104/150 | Train Loss: 0.0176 | Epoch Time: 0.48s | Spearman@80: 0.8808 | Kendall@80: 0.7089
Epoch 105/150 | Train Loss: 0.0184 | Epoch Time: 0.48s | Spearman@80: 0.8497 | Kendall@80: 0.6759
Epoch 106/150 | Train Loss: 0.0185 | Epoch Time: 0.48s | Spearman@80: 0.8622 | Kendall@80: 0.6842
Epoch 107/150 | Train Loss: 0.0164 | Epoch Time: 0.50s | Spearman@80: 0.8738 | Kendall@80: 0.6975
Epoch 108/150 | Train Loss: 0.0124 | Epoch Time: 0.48s | Spearman@80: 0.8753 | Kendall@80: 0.7044
Epoch 109/150 | Train Loss: 0.0163 | Epoch Time: 0.48s | Spearman@80: 0.8793 | Kendall@80: 0.7038
Epoch 110/150 | Train Loss: 0.0155 | Epoch Time: 0.49s | Spearman@80: 0.8842 | Kendall@80: 0.7108
Epoch 111/150 | Train Loss: 0.0121 | Epoch Time: 0.48s | Spearman@80: 0.8744 | Kendall@80: 0.7044
Epoch 112/150 | Train Loss: 0.0160 | Epoch Time: 0.48s | Spearman@80: 0.8666 | Kendall@80: 0.6949
Epoch 113/150 | Train Loss: 0.0176 | Epoch Time: 0.48s | Spearman@80: 0.8720 | Kendall@80: 0.6962
Epoch 114/150 | Train Loss: 0.0151 | Epoch Time: 0.50s | Spearman@80: 0.8827 | Kendall@80: 0.7044
Epoch 115/150 | Train Loss: 0.0132 | Epoch Time: 0.49s | Spearman@80: 0.8754 | Kendall@80: 0.7019
Epoch 116/150 | Train Loss: 0.0123 | Epoch Time: 0.48s | Spearman@80: 0.8714 | Kendall@80: 0.6918
Epoch 117/150 | Train Loss: 0.0178 | Epoch Time: 0.49s | Spearman@80: 0.8694 | Kendall@80: 0.7038
Epoch 118/150 | Train Loss: 0.0129 | Epoch Time: 0.49s | Spearman@80: 0.8759 | Kendall@80: 0.7032
Epoch 119/150 | Train Loss: 0.0110 | Epoch Time: 0.48s | Spearman@80: 0.8767 | Kendall@80: 0.7025
Epoch 120/150 | Train Loss: 0.0140 | Epoch Time: 0.48s | Spearman@80: 0.8748 | Kendall@80: 0.6968
Epoch 121/150 | Train Loss: 0.0143 | Epoch Time: 0.48s | Spearman@80: 0.8758 | Kendall@80: 0.7000
Epoch 122/150 | Train Loss: 0.0129 | Epoch Time: 0.48s | Spearman@80: 0.8753 | Kendall@80: 0.7013
Epoch 123/150 | Train Loss: 0.0130 | Epoch Time: 0.48s | Spearman@80: 0.8787 | Kendall@80: 0.7089
Epoch 124/150 | Train Loss: 0.0123 | Epoch Time: 0.48s | Spearman@80: 0.8788 | Kendall@80: 0.7038
Epoch 125/150 | Train Loss: 0.0108 | Epoch Time: 0.49s | Spearman@80: 0.8821 | Kendall@80: 0.7070
Epoch 126/150 | Train Loss: 0.0143 | Epoch Time: 0.49s | Spearman@80: 0.8806 | Kendall@80: 0.7063
Epoch 127/150 | Train Loss: 0.0169 | Epoch Time: 0.49s | Spearman@80: 0.8782 | Kendall@80: 0.7025
Epoch 128/150 | Train Loss: 0.0110 | Epoch Time: 0.48s | Spearman@80: 0.8768 | Kendall@80: 0.7032
Epoch 129/150 | Train Loss: 0.0116 | Epoch Time: 0.48s | Spearman@80: 0.8780 | Kendall@80: 0.7057
Epoch 130/150 | Train Loss: 0.0135 | Epoch Time: 0.48s | Spearman@80: 0.8792 | Kendall@80: 0.7032
Epoch 131/150 | Train Loss: 0.0104 | Epoch Time: 0.48s | Spearman@80: 0.8835 | Kendall@80: 0.7127
Epoch 132/150 | Train Loss: 0.0112 | Epoch Time: 0.48s | Spearman@80: 0.8785 | Kendall@80: 0.7063
Epoch 133/150 | Train Loss: 0.0107 | Epoch Time: 0.48s | Spearman@80: 0.8737 | Kendall@80: 0.7019
Epoch 134/150 | Train Loss: 0.0141 | Epoch Time: 0.48s | Spearman@80: 0.8773 | Kendall@80: 0.7051
Epoch 135/150 | Train Loss: 0.0125 | Epoch Time: 0.49s | Spearman@80: 0.8788 | Kendall@80: 0.7095
Epoch 136/150 | Train Loss: 0.0115 | Epoch Time: 0.48s | Spearman@80: 0.8763 | Kendall@80: 0.7051
Epoch 137/150 | Train Loss: 0.0140 | Epoch Time: 0.48s | Spearman@80: 0.8767 | Kendall@80: 0.7063
Epoch 138/150 | Train Loss: 0.0142 | Epoch Time: 0.48s | Spearman@80: 0.8782 | Kendall@80: 0.7070
Epoch 139/150 | Train Loss: 0.0120 | Epoch Time: 0.48s | Spearman@80: 0.8802 | Kendall@80: 0.7082
Epoch 140/150 | Train Loss: 0.0132 | Epoch Time: 0.49s | Spearman@80: 0.8799 | Kendall@80: 0.7070
Epoch 141/150 | Train Loss: 0.0126 | Epoch Time: 0.48s | Spearman@80: 0.8798 | Kendall@80: 0.7082
Epoch 142/150 | Train Loss: 0.0137 | Epoch Time: 0.49s | Spearman@80: 0.8801 | Kendall@80: 0.7076
Epoch 143/150 | Train Loss: 0.0113 | Epoch Time: 0.48s | Spearman@80: 0.8791 | Kendall@80: 0.7057
Epoch 144/150 | Train Loss: 0.0118 | Epoch Time: 0.48s | Spearman@80: 0.8789 | Kendall@80: 0.7057
Epoch 145/150 | Train Loss: 0.0135 | Epoch Time: 0.48s | Spearman@80: 0.8785 | Kendall@80: 0.7044
Epoch 146/150 | Train Loss: 0.0095 | Epoch Time: 0.49s | Spearman@80: 0.8785 | Kendall@80: 0.7044
Epoch 147/150 | Train Loss: 0.0090 | Epoch Time: 24.42s | Spearman@423495: 0.8662 | Kendall@423495: 0.6842
Epoch 148/150 | Train Loss: 0.0108 | Epoch Time: 24.05s | Spearman@423495: 0.8661 | Kendall@423495: 0.6841
Epoch 149/150 | Train Loss: 0.0110 | Epoch Time: 24.25s | Spearman@423495: 0.8661 | Kendall@423495: 0.6841
Epoch 150/150 | Train Loss: 0.0105 | Epoch Time: 24.02s | Spearman@423495: 0.8662 | Kendall@423495: 0.6843
Sample Count: 128, Spearman: 0.8661569001736522, Kendall: 0.6841790942923098
{64: (0.7811895685228865, 0.591181151933146),
 128: (0.8661569001736522, 0.6841790942923098)}
Epoch 1/150 | Train Loss: 0.1007 | Epoch Time: 0.24s | Spearman@80: 0.4757 | Kendall@80: 0.3352
Epoch 2/150 | Train Loss: 0.0841 | Epoch Time: 0.24s | Spearman@80: 0.5388 | Kendall@80: 0.3776
Epoch 3/150 | Train Loss: 0.0635 | Epoch Time: 0.24s | Spearman@80: 0.6293 | Kendall@80: 0.4472
Epoch 4/150 | Train Loss: 0.0645 | Epoch Time: 0.24s | Spearman@80: 0.5040 | Kendall@80: 0.3453
Epoch 5/150 | Train Loss: 0.0756 | Epoch Time: 0.25s | Spearman@80: 0.5101 | Kendall@80: 0.3485
Epoch 6/150 | Train Loss: 0.0631 | Epoch Time: 0.24s | Spearman@80: 0.6031 | Kendall@80: 0.4244
Epoch 7/150 | Train Loss: 0.0688 | Epoch Time: 0.25s | Spearman@80: 0.5989 | Kendall@80: 0.4162
Epoch 8/150 | Train Loss: 0.0560 | Epoch Time: 0.25s | Spearman@80: 0.6684 | Kendall@80: 0.4776
Epoch 9/150 | Train Loss: 0.0568 | Epoch Time: 0.24s | Spearman@80: 0.6429 | Kendall@80: 0.4580
Epoch 10/150 | Train Loss: 0.0638 | Epoch Time: 0.24s | Spearman@80: 0.6422 | Kendall@80: 0.4561
Epoch 11/150 | Train Loss: 0.0539 | Epoch Time: 0.25s | Spearman@80: 0.6485 | Kendall@80: 0.4630
Epoch 12/150 | Train Loss: 0.0586 | Epoch Time: 0.24s | Spearman@80: 0.6480 | Kendall@80: 0.4618
Epoch 13/150 | Train Loss: 0.0542 | Epoch Time: 0.24s | Spearman@80: 0.7405 | Kendall@80: 0.5422
Epoch 14/150 | Train Loss: 0.0640 | Epoch Time: 0.24s | Spearman@80: 0.6527 | Kendall@80: 0.4675
Epoch 15/150 | Train Loss: 0.0584 | Epoch Time: 0.24s | Spearman@80: 0.6519 | Kendall@80: 0.4643
Epoch 16/150 | Train Loss: 0.0483 | Epoch Time: 0.24s | Spearman@80: 0.6650 | Kendall@80: 0.4833
Epoch 17/150 | Train Loss: 0.0576 | Epoch Time: 0.24s | Spearman@80: 0.7024 | Kendall@80: 0.5137
Epoch 18/150 | Train Loss: 0.0560 | Epoch Time: 0.24s | Spearman@80: 0.6859 | Kendall@80: 0.4985
Epoch 19/150 | Train Loss: 0.0451 | Epoch Time: 0.24s | Spearman@80: 0.6721 | Kendall@80: 0.4852
Epoch 20/150 | Train Loss: 0.0550 | Epoch Time: 0.24s | Spearman@80: 0.6749 | Kendall@80: 0.4884
Epoch 21/150 | Train Loss: 0.0443 | Epoch Time: 0.25s | Spearman@80: 0.7315 | Kendall@80: 0.5441
Epoch 22/150 | Train Loss: 0.0509 | Epoch Time: 0.24s | Spearman@80: 0.6486 | Kendall@80: 0.4643
Epoch 23/150 | Train Loss: 0.0553 | Epoch Time: 0.24s | Spearman@80: 0.6593 | Kendall@80: 0.4782
Epoch 24/150 | Train Loss: 0.0473 | Epoch Time: 0.24s | Spearman@80: 0.7160 | Kendall@80: 0.5232
Epoch 25/150 | Train Loss: 0.0510 | Epoch Time: 0.25s | Spearman@80: 0.7576 | Kendall@80: 0.5669
Epoch 26/150 | Train Loss: 0.0517 | Epoch Time: 0.25s | Spearman@80: 0.7367 | Kendall@80: 0.5466
Epoch 27/150 | Train Loss: 0.0554 | Epoch Time: 0.25s | Spearman@80: 0.7585 | Kendall@80: 0.5669
Epoch 28/150 | Train Loss: 0.0465 | Epoch Time: 0.24s | Spearman@80: 0.7183 | Kendall@80: 0.5263
Epoch 29/150 | Train Loss: 0.0449 | Epoch Time: 0.25s | Spearman@80: 0.7380 | Kendall@80: 0.5447
Epoch 30/150 | Train Loss: 0.0455 | Epoch Time: 0.24s | Spearman@80: 0.7381 | Kendall@80: 0.5403
Epoch 31/150 | Train Loss: 0.0493 | Epoch Time: 0.25s | Spearman@80: 0.7262 | Kendall@80: 0.5314
Epoch 32/150 | Train Loss: 0.0441 | Epoch Time: 0.24s | Spearman@80: 0.7319 | Kendall@80: 0.5327
Epoch 33/150 | Train Loss: 0.0559 | Epoch Time: 0.24s | Spearman@80: 0.6770 | Kendall@80: 0.4884
Epoch 34/150 | Train Loss: 0.0465 | Epoch Time: 0.25s | Spearman@80: 0.7271 | Kendall@80: 0.5384
Epoch 35/150 | Train Loss: 0.0442 | Epoch Time: 0.24s | Spearman@80: 0.7545 | Kendall@80: 0.5605
Epoch 36/150 | Train Loss: 0.0454 | Epoch Time: 0.25s | Spearman@80: 0.7041 | Kendall@80: 0.5156
Epoch 37/150 | Train Loss: 0.0391 | Epoch Time: 0.24s | Spearman@80: 0.7523 | Kendall@80: 0.5555
Epoch 38/150 | Train Loss: 0.0381 | Epoch Time: 0.24s | Spearman@80: 0.7689 | Kendall@80: 0.5795
Epoch 39/150 | Train Loss: 0.0408 | Epoch Time: 0.24s | Spearman@80: 0.7033 | Kendall@80: 0.5099
Epoch 40/150 | Train Loss: 0.0438 | Epoch Time: 0.25s | Spearman@80: 0.6658 | Kendall@80: 0.4827
Epoch 41/150 | Train Loss: 0.0349 | Epoch Time: 0.24s | Spearman@80: 0.7530 | Kendall@80: 0.5542
Epoch 42/150 | Train Loss: 0.0387 | Epoch Time: 0.24s | Spearman@80: 0.7776 | Kendall@80: 0.5789
Epoch 43/150 | Train Loss: 0.0534 | Epoch Time: 0.24s | Spearman@80: 0.7233 | Kendall@80: 0.5282
Epoch 44/150 | Train Loss: 0.0461 | Epoch Time: 0.24s | Spearman@80: 0.7017 | Kendall@80: 0.5143
Epoch 45/150 | Train Loss: 0.0396 | Epoch Time: 0.24s | Spearman@80: 0.7540 | Kendall@80: 0.5574
Epoch 46/150 | Train Loss: 0.0512 | Epoch Time: 0.24s | Spearman@80: 0.7369 | Kendall@80: 0.5434
Epoch 47/150 | Train Loss: 0.0441 | Epoch Time: 0.24s | Spearman@80: 0.7521 | Kendall@80: 0.5580
Epoch 48/150 | Train Loss: 0.0375 | Epoch Time: 0.24s | Spearman@80: 0.7795 | Kendall@80: 0.5833
Epoch 49/150 | Train Loss: 0.0542 | Epoch Time: 0.24s | Spearman@80: 0.7327 | Kendall@80: 0.5422
Epoch 50/150 | Train Loss: 0.0472 | Epoch Time: 0.24s | Spearman@80: 0.7172 | Kendall@80: 0.5181
Epoch 51/150 | Train Loss: 0.0439 | Epoch Time: 0.25s | Spearman@80: 0.7679 | Kendall@80: 0.5700
Epoch 52/150 | Train Loss: 0.0411 | Epoch Time: 0.24s | Spearman@80: 0.7768 | Kendall@80: 0.5821
Epoch 53/150 | Train Loss: 0.0420 | Epoch Time: 0.24s | Spearman@80: 0.7202 | Kendall@80: 0.5238
Epoch 54/150 | Train Loss: 0.0497 | Epoch Time: 0.25s | Spearman@80: 0.7421 | Kendall@80: 0.5409
Epoch 55/150 | Train Loss: 0.0372 | Epoch Time: 0.26s | Spearman@80: 0.7576 | Kendall@80: 0.5567
Epoch 56/150 | Train Loss: 0.0390 | Epoch Time: 0.24s | Spearman@80: 0.7399 | Kendall@80: 0.5415
Epoch 57/150 | Train Loss: 0.0366 | Epoch Time: 0.24s | Spearman@80: 0.7132 | Kendall@80: 0.5207
Epoch 58/150 | Train Loss: 0.0401 | Epoch Time: 0.24s | Spearman@80: 0.7038 | Kendall@80: 0.5156
Epoch 59/150 | Train Loss: 0.0298 | Epoch Time: 0.25s | Spearman@80: 0.7655 | Kendall@80: 0.5688
Epoch 60/150 | Train Loss: 0.0283 | Epoch Time: 0.24s | Spearman@80: 0.7695 | Kendall@80: 0.5732
Epoch 61/150 | Train Loss: 0.0385 | Epoch Time: 0.24s | Spearman@80: 0.7643 | Kendall@80: 0.5688
Epoch 62/150 | Train Loss: 0.0348 | Epoch Time: 0.24s | Spearman@80: 0.7047 | Kendall@80: 0.5143
Epoch 63/150 | Train Loss: 0.0284 | Epoch Time: 0.24s | Spearman@80: 0.7325 | Kendall@80: 0.5365
Epoch 64/150 | Train Loss: 0.0331 | Epoch Time: 0.25s | Spearman@80: 0.7431 | Kendall@80: 0.5472
Epoch 65/150 | Train Loss: 0.0385 | Epoch Time: 0.25s | Spearman@80: 0.7205 | Kendall@80: 0.5339
Epoch 66/150 | Train Loss: 0.0364 | Epoch Time: 0.24s | Spearman@80: 0.7395 | Kendall@80: 0.5434
Epoch 67/150 | Train Loss: 0.0261 | Epoch Time: 0.25s | Spearman@80: 0.7948 | Kendall@80: 0.5998
Epoch 68/150 | Train Loss: 0.0249 | Epoch Time: 0.25s | Spearman@80: 0.7528 | Kendall@80: 0.5523
Epoch 69/150 | Train Loss: 0.0260 | Epoch Time: 0.24s | Spearman@80: 0.7688 | Kendall@80: 0.5694
Epoch 70/150 | Train Loss: 0.0318 | Epoch Time: 0.24s | Spearman@80: 0.7809 | Kendall@80: 0.5865
Epoch 71/150 | Train Loss: 0.0255 | Epoch Time: 0.25s | Spearman@80: 0.7815 | Kendall@80: 0.5821
Epoch 72/150 | Train Loss: 0.0343 | Epoch Time: 0.25s | Spearman@80: 0.7799 | Kendall@80: 0.5814
Epoch 73/150 | Train Loss: 0.0260 | Epoch Time: 0.24s | Spearman@80: 0.7202 | Kendall@80: 0.5251
Epoch 74/150 | Train Loss: 0.0308 | Epoch Time: 0.24s | Spearman@80: 0.7911 | Kendall@80: 0.5897
Epoch 75/150 | Train Loss: 0.0276 | Epoch Time: 0.24s | Spearman@80: 0.7832 | Kendall@80: 0.5865
Epoch 76/150 | Train Loss: 0.0252 | Epoch Time: 0.24s | Spearman@80: 0.7014 | Kendall@80: 0.5124
Epoch 77/150 | Train Loss: 0.0253 | Epoch Time: 0.24s | Spearman@80: 0.7953 | Kendall@80: 0.5953
Epoch 78/150 | Train Loss: 0.0197 | Epoch Time: 0.25s | Spearman@80: 0.7367 | Kendall@80: 0.5396
Epoch 79/150 | Train Loss: 0.0233 | Epoch Time: 0.25s | Spearman@80: 0.7466 | Kendall@80: 0.5485
Epoch 80/150 | Train Loss: 0.0196 | Epoch Time: 0.25s | Spearman@80: 0.7946 | Kendall@80: 0.5903
Epoch 81/150 | Train Loss: 0.0238 | Epoch Time: 0.25s | Spearman@80: 0.7740 | Kendall@80: 0.5738
Epoch 82/150 | Train Loss: 0.0232 | Epoch Time: 0.26s | Spearman@80: 0.7852 | Kendall@80: 0.5821
Epoch 83/150 | Train Loss: 0.0175 | Epoch Time: 0.25s | Spearman@80: 0.7463 | Kendall@80: 0.5472
Epoch 84/150 | Train Loss: 0.0126 | Epoch Time: 0.24s | Spearman@80: 0.7957 | Kendall@80: 0.5953
Epoch 85/150 | Train Loss: 0.0235 | Epoch Time: 0.24s | Spearman@80: 0.8053 | Kendall@80: 0.6074
Epoch 86/150 | Train Loss: 0.0254 | Epoch Time: 0.24s | Spearman@80: 0.7241 | Kendall@80: 0.5320
Epoch 87/150 | Train Loss: 0.0209 | Epoch Time: 0.25s | Spearman@80: 0.7946 | Kendall@80: 0.5953
Epoch 88/150 | Train Loss: 0.0242 | Epoch Time: 0.25s | Spearman@80: 0.7681 | Kendall@80: 0.5681
Epoch 89/150 | Train Loss: 0.0210 | Epoch Time: 0.24s | Spearman@80: 0.7816 | Kendall@80: 0.5859
Epoch 90/150 | Train Loss: 0.0212 | Epoch Time: 0.24s | Spearman@80: 0.7253 | Kendall@80: 0.5333
Epoch 91/150 | Train Loss: 0.0231 | Epoch Time: 0.25s | Spearman@80: 0.8050 | Kendall@80: 0.6017
Epoch 92/150 | Train Loss: 0.0260 | Epoch Time: 0.24s | Spearman@80: 0.7238 | Kendall@80: 0.5238
Epoch 93/150 | Train Loss: 0.0299 | Epoch Time: 0.25s | Spearman@80: 0.7713 | Kendall@80: 0.5688
Epoch 94/150 | Train Loss: 0.0186 | Epoch Time: 0.25s | Spearman@80: 0.8003 | Kendall@80: 0.6048
Epoch 95/150 | Train Loss: 0.0309 | Epoch Time: 0.25s | Spearman@80: 0.7881 | Kendall@80: 0.5808
Epoch 96/150 | Train Loss: 0.0170 | Epoch Time: 0.24s | Spearman@80: 0.7744 | Kendall@80: 0.5719
Epoch 97/150 | Train Loss: 0.0137 | Epoch Time: 0.24s | Spearman@80: 0.7733 | Kendall@80: 0.5751
Epoch 98/150 | Train Loss: 0.0202 | Epoch Time: 0.24s | Spearman@80: 0.7506 | Kendall@80: 0.5555
Epoch 99/150 | Train Loss: 0.0215 | Epoch Time: 0.24s | Spearman@80: 0.7906 | Kendall@80: 0.5909
Epoch 100/150 | Train Loss: 0.0177 | Epoch Time: 0.25s | Spearman@80: 0.7434 | Kendall@80: 0.5403
Epoch 101/150 | Train Loss: 0.0157 | Epoch Time: 0.25s | Spearman@80: 0.7845 | Kendall@80: 0.5833
Epoch 102/150 | Train Loss: 0.0108 | Epoch Time: 0.24s | Spearman@80: 0.7827 | Kendall@80: 0.5840
Epoch 103/150 | Train Loss: 0.0176 | Epoch Time: 0.24s | Spearman@80: 0.7241 | Kendall@80: 0.5295
Epoch 104/150 | Train Loss: 0.0135 | Epoch Time: 0.24s | Spearman@80: 0.7471 | Kendall@80: 0.5510
Epoch 105/150 | Train Loss: 0.0138 | Epoch Time: 0.24s | Spearman@80: 0.6965 | Kendall@80: 0.5048
Epoch 106/150 | Train Loss: 0.0167 | Epoch Time: 0.24s | Spearman@80: 0.7389 | Kendall@80: 0.5428
Epoch 107/150 | Train Loss: 0.0153 | Epoch Time: 0.24s | Spearman@80: 0.7742 | Kendall@80: 0.5726
Epoch 108/150 | Train Loss: 0.0166 | Epoch Time: 0.24s | Spearman@80: 0.7794 | Kendall@80: 0.5795
Epoch 109/150 | Train Loss: 0.0106 | Epoch Time: 0.24s | Spearman@80: 0.7285 | Kendall@80: 0.5358
Epoch 110/150 | Train Loss: 0.0164 | Epoch Time: 0.24s | Spearman@80: 0.7905 | Kendall@80: 0.5871
Epoch 111/150 | Train Loss: 0.0173 | Epoch Time: 0.24s | Spearman@80: 0.7812 | Kendall@80: 0.5757
Epoch 112/150 | Train Loss: 0.0122 | Epoch Time: 0.24s | Spearman@80: 0.7536 | Kendall@80: 0.5580
Epoch 113/150 | Train Loss: 0.0132 | Epoch Time: 0.24s | Spearman@80: 0.8139 | Kendall@80: 0.6156
Epoch 114/150 | Train Loss: 0.0200 | Epoch Time: 0.24s | Spearman@80: 0.8041 | Kendall@80: 0.6023
Epoch 115/150 | Train Loss: 0.0122 | Epoch Time: 0.25s | Spearman@80: 0.7780 | Kendall@80: 0.5776
Epoch 116/150 | Train Loss: 0.0189 | Epoch Time: 0.24s | Spearman@80: 0.7690 | Kendall@80: 0.5694
Epoch 117/150 | Train Loss: 0.0121 | Epoch Time: 0.25s | Spearman@80: 0.7525 | Kendall@80: 0.5555
Epoch 118/150 | Train Loss: 0.0131 | Epoch Time: 0.24s | Spearman@80: 0.7189 | Kendall@80: 0.5276
Epoch 119/150 | Train Loss: 0.0111 | Epoch Time: 0.24s | Spearman@80: 0.7052 | Kendall@80: 0.5213
Epoch 120/150 | Train Loss: 0.0143 | Epoch Time: 0.24s | Spearman@80: 0.7612 | Kendall@80: 0.5624
Epoch 121/150 | Train Loss: 0.0111 | Epoch Time: 0.24s | Spearman@80: 0.7644 | Kendall@80: 0.5656
Epoch 122/150 | Train Loss: 0.0132 | Epoch Time: 0.24s | Spearman@80: 0.7391 | Kendall@80: 0.5428
Epoch 123/150 | Train Loss: 0.0131 | Epoch Time: 0.24s | Spearman@80: 0.7969 | Kendall@80: 0.5903
Epoch 124/150 | Train Loss: 0.0176 | Epoch Time: 0.24s | Spearman@80: 0.7876 | Kendall@80: 0.5795
Epoch 125/150 | Train Loss: 0.0102 | Epoch Time: 0.24s | Spearman@80: 0.7525 | Kendall@80: 0.5504
Epoch 126/150 | Train Loss: 0.0091 | Epoch Time: 0.24s | Spearman@80: 0.7461 | Kendall@80: 0.5453
Epoch 127/150 | Train Loss: 0.0101 | Epoch Time: 0.24s | Spearman@80: 0.7519 | Kendall@80: 0.5536
Epoch 128/150 | Train Loss: 0.0081 | Epoch Time: 0.25s | Spearman@80: 0.7426 | Kendall@80: 0.5453
Epoch 129/150 | Train Loss: 0.0115 | Epoch Time: 0.24s | Spearman@80: 0.7468 | Kendall@80: 0.5498
Epoch 130/150 | Train Loss: 0.0101 | Epoch Time: 0.24s | Spearman@80: 0.7811 | Kendall@80: 0.5770
Epoch 131/150 | Train Loss: 0.0103 | Epoch Time: 0.24s | Spearman@80: 0.7651 | Kendall@80: 0.5669
Epoch 132/150 | Train Loss: 0.0118 | Epoch Time: 0.24s | Spearman@80: 0.7553 | Kendall@80: 0.5605
Epoch 133/150 | Train Loss: 0.0097 | Epoch Time: 0.24s | Spearman@80: 0.7558 | Kendall@80: 0.5650
Epoch 134/150 | Train Loss: 0.0058 | Epoch Time: 0.24s | Spearman@80: 0.7538 | Kendall@80: 0.5618
Epoch 135/150 | Train Loss: 0.0118 | Epoch Time: 0.24s | Spearman@80: 0.7591 | Kendall@80: 0.5631
Epoch 136/150 | Train Loss: 0.0140 | Epoch Time: 0.26s | Spearman@80: 0.7546 | Kendall@80: 0.5593
Epoch 137/150 | Train Loss: 0.0095 | Epoch Time: 0.25s | Spearman@80: 0.7414 | Kendall@80: 0.5485
Epoch 138/150 | Train Loss: 0.0087 | Epoch Time: 0.25s | Spearman@80: 0.7437 | Kendall@80: 0.5498
Epoch 139/150 | Train Loss: 0.0073 | Epoch Time: 0.25s | Spearman@80: 0.7590 | Kendall@80: 0.5612
Epoch 140/150 | Train Loss: 0.0124 | Epoch Time: 0.24s | Spearman@80: 0.7644 | Kendall@80: 0.5656
Epoch 141/150 | Train Loss: 0.0082 | Epoch Time: 0.24s | Spearman@80: 0.7655 | Kendall@80: 0.5662
Epoch 142/150 | Train Loss: 0.0088 | Epoch Time: 0.24s | Spearman@80: 0.7625 | Kendall@80: 0.5643
Epoch 143/150 | Train Loss: 0.0088 | Epoch Time: 0.24s | Spearman@80: 0.7592 | Kendall@80: 0.5612
Epoch 144/150 | Train Loss: 0.0109 | Epoch Time: 0.24s | Spearman@80: 0.7580 | Kendall@80: 0.5599
Epoch 145/150 | Train Loss: 0.0118 | Epoch Time: 0.24s | Spearman@80: 0.7576 | Kendall@80: 0.5605
Epoch 146/150 | Train Loss: 0.0099 | Epoch Time: 0.24s | Spearman@80: 0.7590 | Kendall@80: 0.5618
Epoch 147/150 | Train Loss: 0.0125 | Epoch Time: 23.64s | Spearman@423559: 0.8008 | Kendall@423559: 0.6084
Epoch 148/150 | Train Loss: 0.0112 | Epoch Time: 24.01s | Spearman@423559: 0.8003 | Kendall@423559: 0.6080
Epoch 149/150 | Train Loss: 0.0092 | Epoch Time: 23.55s | Spearman@423559: 0.8002 | Kendall@423559: 0.6078
Epoch 150/150 | Train Loss: 0.0072 | Epoch Time: 24.02s | Spearman@423559: 0.8001 | Kendall@423559: 0.6078
Sample Count: 64, Spearman: 0.8003599804803063, Kendall: 0.6080134440892961
{64: (0.8003599804803063, 0.6080134440892961),
 128: (0.8661569001736522, 0.6841790942923098)}
Epoch 1/150 | Train Loss: 0.0880 | Epoch Time: 0.48s | Spearman@80: 0.5522 | Kendall@80: 0.3801
Epoch 2/150 | Train Loss: 0.0810 | Epoch Time: 0.48s | Spearman@80: 0.7664 | Kendall@80: 0.5485
Epoch 3/150 | Train Loss: 0.0642 | Epoch Time: 0.48s | Spearman@80: 0.7688 | Kendall@80: 0.5485
Epoch 4/150 | Train Loss: 0.0571 | Epoch Time: 0.48s | Spearman@80: 0.7768 | Kendall@80: 0.5567
Epoch 5/150 | Train Loss: 0.0590 | Epoch Time: 0.49s | Spearman@80: 0.7728 | Kendall@80: 0.5631
Epoch 6/150 | Train Loss: 0.0574 | Epoch Time: 0.49s | Spearman@80: 0.7975 | Kendall@80: 0.5979
Epoch 7/150 | Train Loss: 0.0587 | Epoch Time: 0.48s | Spearman@80: 0.8173 | Kendall@80: 0.6118
Epoch 8/150 | Train Loss: 0.0541 | Epoch Time: 0.48s | Spearman@80: 0.7589 | Kendall@80: 0.5669
Epoch 9/150 | Train Loss: 0.0522 | Epoch Time: 0.48s | Spearman@80: 0.8156 | Kendall@80: 0.6061
Epoch 10/150 | Train Loss: 0.0468 | Epoch Time: 0.49s | Spearman@80: 0.8129 | Kendall@80: 0.6004
Epoch 11/150 | Train Loss: 0.0434 | Epoch Time: 0.48s | Spearman@80: 0.8318 | Kendall@80: 0.6257
Epoch 12/150 | Train Loss: 0.0471 | Epoch Time: 0.48s | Spearman@80: 0.7937 | Kendall@80: 0.5953
Epoch 13/150 | Train Loss: 0.0471 | Epoch Time: 0.49s | Spearman@80: 0.8283 | Kendall@80: 0.6346
Epoch 14/150 | Train Loss: 0.0436 | Epoch Time: 0.50s | Spearman@80: 0.7734 | Kendall@80: 0.5745
Epoch 15/150 | Train Loss: 0.0537 | Epoch Time: 0.48s | Spearman@80: 0.8388 | Kendall@80: 0.6378
Epoch 16/150 | Train Loss: 0.0516 | Epoch Time: 0.49s | Spearman@80: 0.8375 | Kendall@80: 0.6359
Epoch 17/150 | Train Loss: 0.0418 | Epoch Time: 0.49s | Spearman@80: 0.8568 | Kendall@80: 0.6656
Epoch 18/150 | Train Loss: 0.0472 | Epoch Time: 0.49s | Spearman@80: 0.8574 | Kendall@80: 0.6599
Epoch 19/150 | Train Loss: 0.0408 | Epoch Time: 0.48s | Spearman@80: 0.8490 | Kendall@80: 0.6599
Epoch 20/150 | Train Loss: 0.0434 | Epoch Time: 0.48s | Spearman@80: 0.8579 | Kendall@80: 0.6675
Epoch 21/150 | Train Loss: 0.0363 | Epoch Time: 0.49s | Spearman@80: 0.8741 | Kendall@80: 0.6833
Epoch 22/150 | Train Loss: 0.0348 | Epoch Time: 0.48s | Spearman@80: 0.8760 | Kendall@80: 0.6903
Epoch 23/150 | Train Loss: 0.0314 | Epoch Time: 0.49s | Spearman@80: 0.8803 | Kendall@80: 0.6884
Epoch 24/150 | Train Loss: 0.0406 | Epoch Time: 0.49s | Spearman@80: 0.8838 | Kendall@80: 0.7087
Epoch 25/150 | Train Loss: 0.0362 | Epoch Time: 0.48s | Spearman@80: 0.8615 | Kendall@80: 0.6757
Epoch 26/150 | Train Loss: 0.0435 | Epoch Time: 0.48s | Spearman@80: 0.8617 | Kendall@80: 0.6618
Epoch 27/150 | Train Loss: 0.0455 | Epoch Time: 0.47s | Spearman@80: 0.8399 | Kendall@80: 0.6390
Epoch 28/150 | Train Loss: 0.0392 | Epoch Time: 0.48s | Spearman@80: 0.8769 | Kendall@80: 0.6852
Epoch 29/150 | Train Loss: 0.0436 | Epoch Time: 0.49s | Spearman@80: 0.8779 | Kendall@80: 0.6909
Epoch 30/150 | Train Loss: 0.0358 | Epoch Time: 0.49s | Spearman@80: 0.8786 | Kendall@80: 0.7011
Epoch 31/150 | Train Loss: 0.0326 | Epoch Time: 0.48s | Spearman@80: 0.8876 | Kendall@80: 0.6998
Epoch 32/150 | Train Loss: 0.0384 | Epoch Time: 0.50s | Spearman@80: 0.8549 | Kendall@80: 0.6656
Epoch 33/150 | Train Loss: 0.0370 | Epoch Time: 0.48s | Spearman@80: 0.8909 | Kendall@80: 0.7080
Epoch 34/150 | Train Loss: 0.0339 | Epoch Time: 0.49s | Spearman@80: 0.8997 | Kendall@80: 0.7213
Epoch 35/150 | Train Loss: 0.0388 | Epoch Time: 0.49s | Spearman@80: 0.8799 | Kendall@80: 0.6973
Epoch 36/150 | Train Loss: 0.0327 | Epoch Time: 0.49s | Spearman@80: 0.8756 | Kendall@80: 0.6846
Epoch 37/150 | Train Loss: 0.0304 | Epoch Time: 0.48s | Spearman@80: 0.8671 | Kendall@80: 0.6719
Epoch 38/150 | Train Loss: 0.0300 | Epoch Time: 0.48s | Spearman@80: 0.8866 | Kendall@80: 0.7049
Epoch 39/150 | Train Loss: 0.0305 | Epoch Time: 0.48s | Spearman@80: 0.8824 | Kendall@80: 0.6973
Epoch 40/150 | Train Loss: 0.0255 | Epoch Time: 0.49s | Spearman@80: 0.8847 | Kendall@80: 0.7169
Epoch 41/150 | Train Loss: 0.0251 | Epoch Time: 0.48s | Spearman@80: 0.8767 | Kendall@80: 0.6890
Epoch 42/150 | Train Loss: 0.0325 | Epoch Time: 0.48s | Spearman@80: 0.8197 | Kendall@80: 0.6365
Epoch 43/150 | Train Loss: 0.0284 | Epoch Time: 0.49s | Spearman@80: 0.8936 | Kendall@80: 0.7219
Epoch 44/150 | Train Loss: 0.0358 | Epoch Time: 0.48s | Spearman@80: 0.8629 | Kendall@80: 0.6713
Epoch 45/150 | Train Loss: 0.0317 | Epoch Time: 0.48s | Spearman@80: 0.8694 | Kendall@80: 0.6865
Epoch 46/150 | Train Loss: 0.0334 | Epoch Time: 0.50s | Spearman@80: 0.8745 | Kendall@80: 0.6852
Epoch 47/150 | Train Loss: 0.0311 | Epoch Time: 0.49s | Spearman@80: 0.8848 | Kendall@80: 0.7106
Epoch 48/150 | Train Loss: 0.0304 | Epoch Time: 0.48s | Spearman@80: 0.8793 | Kendall@80: 0.6973
Epoch 49/150 | Train Loss: 0.0278 | Epoch Time: 0.49s | Spearman@80: 0.8766 | Kendall@80: 0.6871
Epoch 50/150 | Train Loss: 0.0251 | Epoch Time: 0.48s | Spearman@80: 0.8974 | Kendall@80: 0.7238
Epoch 51/150 | Train Loss: 0.0250 | Epoch Time: 0.48s | Spearman@80: 0.8817 | Kendall@80: 0.6960
Epoch 52/150 | Train Loss: 0.0270 | Epoch Time: 0.48s | Spearman@80: 0.8750 | Kendall@80: 0.6928
Epoch 53/150 | Train Loss: 0.0237 | Epoch Time: 0.49s | Spearman@80: 0.8761 | Kendall@80: 0.6941
Epoch 54/150 | Train Loss: 0.0197 | Epoch Time: 0.49s | Spearman@80: 0.8653 | Kendall@80: 0.6764
Epoch 55/150 | Train Loss: 0.0302 | Epoch Time: 0.49s | Spearman@80: 0.8646 | Kendall@80: 0.6795
Epoch 56/150 | Train Loss: 0.0247 | Epoch Time: 0.48s | Spearman@80: 0.9072 | Kendall@80: 0.7390
Epoch 57/150 | Train Loss: 0.0244 | Epoch Time: 0.49s | Spearman@80: 0.8731 | Kendall@80: 0.6846
Epoch 58/150 | Train Loss: 0.0405 | Epoch Time: 0.48s | Spearman@80: 0.8722 | Kendall@80: 0.6909
Epoch 59/150 | Train Loss: 0.0249 | Epoch Time: 0.49s | Spearman@80: 0.8898 | Kendall@80: 0.7099
Epoch 60/150 | Train Loss: 0.0259 | Epoch Time: 0.48s | Spearman@80: 0.8702 | Kendall@80: 0.6846
Epoch 61/150 | Train Loss: 0.0224 | Epoch Time: 0.47s | Spearman@80: 0.8794 | Kendall@80: 0.6954
Epoch 62/150 | Train Loss: 0.0222 | Epoch Time: 0.48s | Spearman@80: 0.8871 | Kendall@80: 0.7055
Epoch 63/150 | Train Loss: 0.0215 | Epoch Time: 0.48s | Spearman@80: 0.8729 | Kendall@80: 0.6890
Epoch 64/150 | Train Loss: 0.0320 | Epoch Time: 0.48s | Spearman@80: 0.8777 | Kendall@80: 0.6966
Epoch 65/150 | Train Loss: 0.0295 | Epoch Time: 0.49s | Spearman@80: 0.8626 | Kendall@80: 0.6757
Epoch 66/150 | Train Loss: 0.0246 | Epoch Time: 0.49s | Spearman@80: 0.8870 | Kendall@80: 0.7017
Epoch 67/150 | Train Loss: 0.0322 | Epoch Time: 0.48s | Spearman@80: 0.8724 | Kendall@80: 0.6846
Epoch 68/150 | Train Loss: 0.0259 | Epoch Time: 0.48s | Spearman@80: 0.8999 | Kendall@80: 0.7283
Epoch 69/150 | Train Loss: 0.0204 | Epoch Time: 0.49s | Spearman@80: 0.8857 | Kendall@80: 0.7068
Epoch 70/150 | Train Loss: 0.0210 | Epoch Time: 0.48s | Spearman@80: 0.8893 | Kendall@80: 0.7068
Epoch 71/150 | Train Loss: 0.0162 | Epoch Time: 0.48s | Spearman@80: 0.8825 | Kendall@80: 0.6928
Epoch 72/150 | Train Loss: 0.0190 | Epoch Time: 0.49s | Spearman@80: 0.8878 | Kendall@80: 0.7074
Epoch 73/150 | Train Loss: 0.0196 | Epoch Time: 0.48s | Spearman@80: 0.8709 | Kendall@80: 0.6878
Epoch 74/150 | Train Loss: 0.0192 | Epoch Time: 0.48s | Spearman@80: 0.8986 | Kendall@80: 0.7226
Epoch 75/150 | Train Loss: 0.0173 | Epoch Time: 0.48s | Spearman@80: 0.8975 | Kendall@80: 0.7201
Epoch 76/150 | Train Loss: 0.0196 | Epoch Time: 0.49s | Spearman@80: 0.8787 | Kendall@80: 0.6935
Epoch 77/150 | Train Loss: 0.0193 | Epoch Time: 0.48s | Spearman@80: 0.8972 | Kendall@80: 0.7201
Epoch 78/150 | Train Loss: 0.0155 | Epoch Time: 0.48s | Spearman@80: 0.8838 | Kendall@80: 0.7042
Epoch 79/150 | Train Loss: 0.0170 | Epoch Time: 0.49s | Spearman@80: 0.8899 | Kendall@80: 0.6966
Epoch 80/150 | Train Loss: 0.0168 | Epoch Time: 0.48s | Spearman@80: 0.8786 | Kendall@80: 0.6954
Epoch 81/150 | Train Loss: 0.0155 | Epoch Time: 0.48s | Spearman@80: 0.8815 | Kendall@80: 0.6992
Epoch 82/150 | Train Loss: 0.0203 | Epoch Time: 0.48s | Spearman@80: 0.8983 | Kendall@80: 0.7219
Epoch 83/150 | Train Loss: 0.0169 | Epoch Time: 0.49s | Spearman@80: 0.8985 | Kendall@80: 0.7226
Epoch 84/150 | Train Loss: 0.0146 | Epoch Time: 0.48s | Spearman@80: 0.9030 | Kendall@80: 0.7295
Epoch 85/150 | Train Loss: 0.0153 | Epoch Time: 0.48s | Spearman@80: 0.8979 | Kendall@80: 0.7238
Epoch 86/150 | Train Loss: 0.0175 | Epoch Time: 0.48s | Spearman@80: 0.8894 | Kendall@80: 0.7144
Epoch 87/150 | Train Loss: 0.0213 | Epoch Time: 0.48s | Spearman@80: 0.8913 | Kendall@80: 0.7131
Epoch 88/150 | Train Loss: 0.0178 | Epoch Time: 0.49s | Spearman@80: 0.9006 | Kendall@80: 0.7283
Epoch 89/150 | Train Loss: 0.0178 | Epoch Time: 0.48s | Spearman@80: 0.8908 | Kendall@80: 0.7042
Epoch 90/150 | Train Loss: 0.0155 | Epoch Time: 0.48s | Spearman@80: 0.8898 | Kendall@80: 0.7074
Epoch 91/150 | Train Loss: 0.0157 | Epoch Time: 0.49s | Spearman@80: 0.9113 | Kendall@80: 0.7416
Epoch 92/150 | Train Loss: 0.0137 | Epoch Time: 0.48s | Spearman@80: 0.8994 | Kendall@80: 0.7251
Epoch 93/150 | Train Loss: 0.0154 | Epoch Time: 0.48s | Spearman@80: 0.8948 | Kendall@80: 0.7169
Epoch 94/150 | Train Loss: 0.0148 | Epoch Time: 0.49s | Spearman@80: 0.8911 | Kendall@80: 0.7150
Epoch 95/150 | Train Loss: 0.0122 | Epoch Time: 0.48s | Spearman@80: 0.8865 | Kendall@80: 0.7074
Epoch 96/150 | Train Loss: 0.0136 | Epoch Time: 0.49s | Spearman@80: 0.9028 | Kendall@80: 0.7302
Epoch 97/150 | Train Loss: 0.0119 | Epoch Time: 0.48s | Spearman@80: 0.8979 | Kendall@80: 0.7213
Epoch 98/150 | Train Loss: 0.0107 | Epoch Time: 0.49s | Spearman@80: 0.8935 | Kendall@80: 0.7163
Epoch 99/150 | Train Loss: 0.0120 | Epoch Time: 0.48s | Spearman@80: 0.9005 | Kendall@80: 0.7289
Epoch 100/150 | Train Loss: 0.0159 | Epoch Time: 0.50s | Spearman@80: 0.8770 | Kendall@80: 0.6979
Epoch 101/150 | Train Loss: 0.0119 | Epoch Time: 0.48s | Spearman@80: 0.9004 | Kendall@80: 0.7283
Epoch 102/150 | Train Loss: 0.0190 | Epoch Time: 0.48s | Spearman@80: 0.9000 | Kendall@80: 0.7295
Epoch 103/150 | Train Loss: 0.0119 | Epoch Time: 0.49s | Spearman@80: 0.8930 | Kendall@80: 0.7194
Epoch 104/150 | Train Loss: 0.0134 | Epoch Time: 0.48s | Spearman@80: 0.8994 | Kendall@80: 0.7226
Epoch 105/150 | Train Loss: 0.0098 | Epoch Time: 0.48s | Spearman@80: 0.8892 | Kendall@80: 0.7112
Epoch 106/150 | Train Loss: 0.0110 | Epoch Time: 0.49s | Spearman@80: 0.9057 | Kendall@80: 0.7295
Epoch 107/150 | Train Loss: 0.0094 | Epoch Time: 0.48s | Spearman@80: 0.8921 | Kendall@80: 0.7144
Epoch 108/150 | Train Loss: 0.0092 | Epoch Time: 0.49s | Spearman@80: 0.8953 | Kendall@80: 0.7182
Epoch 109/150 | Train Loss: 0.0134 | Epoch Time: 0.48s | Spearman@80: 0.8899 | Kendall@80: 0.7118
Epoch 110/150 | Train Loss: 0.0102 | Epoch Time: 0.49s | Spearman@80: 0.8866 | Kendall@80: 0.7023
Epoch 111/150 | Train Loss: 0.0125 | Epoch Time: 0.48s | Spearman@80: 0.8988 | Kendall@80: 0.7245
Epoch 112/150 | Train Loss: 0.0153 | Epoch Time: 0.48s | Spearman@80: 0.8974 | Kendall@80: 0.7257
Epoch 113/150 | Train Loss: 0.0130 | Epoch Time: 0.48s | Spearman@80: 0.8936 | Kendall@80: 0.7201
Epoch 114/150 | Train Loss: 0.0094 | Epoch Time: 0.49s | Spearman@80: 0.9043 | Kendall@80: 0.7340
Epoch 115/150 | Train Loss: 0.0094 | Epoch Time: 0.48s | Spearman@80: 0.8906 | Kendall@80: 0.7131
Epoch 116/150 | Train Loss: 0.0138 | Epoch Time: 0.48s | Spearman@80: 0.8858 | Kendall@80: 0.7093
Epoch 117/150 | Train Loss: 0.0107 | Epoch Time: 0.49s | Spearman@80: 0.8944 | Kendall@80: 0.7213
Epoch 118/150 | Train Loss: 0.0118 | Epoch Time: 0.48s | Spearman@80: 0.8892 | Kendall@80: 0.7144
Epoch 119/150 | Train Loss: 0.0101 | Epoch Time: 0.48s | Spearman@80: 0.9048 | Kendall@80: 0.7340
Epoch 120/150 | Train Loss: 0.0108 | Epoch Time: 0.48s | Spearman@80: 0.9022 | Kendall@80: 0.7327
Epoch 121/150 | Train Loss: 0.0138 | Epoch Time: 0.48s | Spearman@80: 0.8971 | Kendall@80: 0.7289
Epoch 122/150 | Train Loss: 0.0084 | Epoch Time: 0.48s | Spearman@80: 0.8972 | Kendall@80: 0.7289
Epoch 123/150 | Train Loss: 0.0097 | Epoch Time: 0.48s | Spearman@80: 0.9070 | Kendall@80: 0.7409
Epoch 124/150 | Train Loss: 0.0162 | Epoch Time: 0.49s | Spearman@80: 0.8981 | Kendall@80: 0.7302
Epoch 125/150 | Train Loss: 0.0131 | Epoch Time: 0.48s | Spearman@80: 0.8982 | Kendall@80: 0.7276
Epoch 126/150 | Train Loss: 0.0090 | Epoch Time: 0.48s | Spearman@80: 0.8937 | Kendall@80: 0.7219
Epoch 127/150 | Train Loss: 0.0121 | Epoch Time: 0.48s | Spearman@80: 0.8937 | Kendall@80: 0.7194
Epoch 128/150 | Train Loss: 0.0085 | Epoch Time: 0.48s | Spearman@80: 0.9005 | Kendall@80: 0.7308
Epoch 129/150 | Train Loss: 0.0102 | Epoch Time: 0.48s | Spearman@80: 0.9012 | Kendall@80: 0.7321
Epoch 130/150 | Train Loss: 0.0075 | Epoch Time: 0.48s | Spearman@80: 0.9004 | Kendall@80: 0.7321
Epoch 131/150 | Train Loss: 0.0101 | Epoch Time: 0.48s | Spearman@80: 0.9043 | Kendall@80: 0.7352
Epoch 132/150 | Train Loss: 0.0085 | Epoch Time: 0.48s | Spearman@80: 0.8994 | Kendall@80: 0.7321
Epoch 133/150 | Train Loss: 0.0115 | Epoch Time: 0.50s | Spearman@80: 0.9044 | Kendall@80: 0.7390
Epoch 134/150 | Train Loss: 0.0094 | Epoch Time: 0.48s | Spearman@80: 0.9037 | Kendall@80: 0.7365
Epoch 135/150 | Train Loss: 0.0104 | Epoch Time: 0.49s | Spearman@80: 0.9005 | Kendall@80: 0.7295
Epoch 136/150 | Train Loss: 0.0079 | Epoch Time: 0.48s | Spearman@80: 0.8998 | Kendall@80: 0.7308
Epoch 137/150 | Train Loss: 0.0081 | Epoch Time: 0.49s | Spearman@80: 0.9036 | Kendall@80: 0.7384
Epoch 138/150 | Train Loss: 0.0097 | Epoch Time: 0.48s | Spearman@80: 0.9007 | Kendall@80: 0.7327
Epoch 139/150 | Train Loss: 0.0057 | Epoch Time: 0.48s | Spearman@80: 0.9007 | Kendall@80: 0.7314
Epoch 140/150 | Train Loss: 0.0092 | Epoch Time: 0.48s | Spearman@80: 0.9019 | Kendall@80: 0.7314
Epoch 141/150 | Train Loss: 0.0108 | Epoch Time: 0.48s | Spearman@80: 0.9012 | Kendall@80: 0.7295
Epoch 142/150 | Train Loss: 0.0122 | Epoch Time: 0.48s | Spearman@80: 0.9004 | Kendall@80: 0.7295
Epoch 143/150 | Train Loss: 0.0103 | Epoch Time: 0.49s | Spearman@80: 0.9014 | Kendall@80: 0.7314
Epoch 144/150 | Train Loss: 0.0082 | Epoch Time: 0.48s | Spearman@80: 0.9012 | Kendall@80: 0.7314
Epoch 145/150 | Train Loss: 0.0102 | Epoch Time: 0.49s | Spearman@80: 0.9027 | Kendall@80: 0.7340
Epoch 146/150 | Train Loss: 0.0098 | Epoch Time: 0.48s | Spearman@80: 0.9027 | Kendall@80: 0.7340
Epoch 147/150 | Train Loss: 0.0084 | Epoch Time: 24.72s | Spearman@423495: 0.8965 | Kendall@423495: 0.7203
Epoch 148/150 | Train Loss: 0.0115 | Epoch Time: 24.24s | Spearman@423495: 0.8966 | Kendall@423495: 0.7203
Epoch 149/150 | Train Loss: 0.0089 | Epoch Time: 24.68s | Spearman@423495: 0.8966 | Kendall@423495: 0.7203
Epoch 150/150 | Train Loss: 0.0097 | Epoch Time: 24.35s | Spearman@423495: 0.8965 | Kendall@423495: 0.7202
Sample Count: 128, Spearman: 0.8965387871255402, Kendall: 0.7202696305646972
{64: (0.8003599804803063, 0.6080134440892961),
 128: (0.8965387871255402, 0.7202696305646972)}
Average KDT:  0.6041253219986252
Variance KDT:  8.82270123326809e-05
Average SPR:  0.7949572177854748
Variance SPR:  9.623644608191746e-05
Average KDT:  0.6992668874956322
Variance KDT:  0.0002345811173618763
Average SPR:  0.8768803925408987
Variance SPR:  0.00019375941461009157
