  0%|          | 0/8 [00:00<?, ?it/s]100%|██████████| 8/8 [00:00<00:00, 138.40it/s]
  0%|          | 0/15616 [00:00<?, ?it/s] 11%|█         | 1679/15616 [00:00<00:00, 16787.81it/s] 23%|██▎       | 3519/15616 [00:00<00:00, 17732.31it/s] 34%|███▍      | 5333/15616 [00:00<00:00, 17916.23it/s] 46%|████▌     | 7180/15616 [00:00<00:00, 18132.01it/s] 58%|█████▊    | 9045/15616 [00:00<00:00, 18318.01it/s] 70%|██████▉   | 10889/15616 [00:00<00:00, 18358.21it/s] 81%|████████▏ | 12725/15616 [00:00<00:00, 18028.76it/s] 93%|█████████▎| 14530/15616 [00:00<00:00, 17758.75it/s]100%|██████████| 15616/15616 [00:00<00:00, 17837.61it/s]
  0%|          | 0/80 [00:00<?, ?it/s]100%|██████████| 80/80 [00:00<00:00, 17011.98it/s]
/home/ya255/projects/flan_hardware/correlation_trainer/models_abl_p2.py:488: UserWarning: Creating a tensor from a list of numpy.ndarrays is extremely slow. Please consider converting the list to a single numpy.ndarray with numpy.array() before converting to a tensor. (Triggered internally at ../torch/csrc/utils/tensor_new.cpp:230.)
  adjs = self.input_op_emb.new([arch.T for arch in archs[0]])
Traceback (most recent call last):
  File "main_abl.py", line 529, in <module>
    model, num_test_items, mse_loss, spr, kdt = pwl_train(args, model, train_dataloader, criterion, optimizer, scheduler, test_dataloader_lowbs, epoch)
  File "main_abl.py", line 156, in pwl_train
    s_1 = model(x_ops_1=X_ops_1, x_adj_1=X_adj_1.to(torch.long), x_ops_2=None, x_adj_2=None, zcp=None, norm_w_d=norm_w_d_1).squeeze()
  File "/home/ya255/.conda/envs/unr/lib/python3.7/site-packages/torch/nn/modules/module.py", line 1194, in _call_impl
    return forward_call(*input, **kwargs)
  File "/home/ya255/projects/flan_hardware/correlation_trainer/models_abl_p2.py", line 549, in forward
    y_1 = self._process_architecture(x_1, adjs_1, op_emb_1, op_inds_1)
  File "/home/ya255/projects/flan_hardware/correlation_trainer/models_abl_p2.py", line 538, in _process_architecture
    y = self._forward_pass(x, adjs, op_emb)
  File "/home/ya255/projects/flan_hardware/correlation_trainer/models_abl_p2.py", line 538, in _process_architecture
    y = self._forward_pass(x, adjs, op_emb)
  File "/home/ya255/.conda/envs/unr/lib/python3.7/bdb.py", line 88, in trace_dispatch
    return self.dispatch_line(frame)
  File "/home/ya255/.conda/envs/unr/lib/python3.7/bdb.py", line 113, in dispatch_line
    if self.quitting: raise BdbQuit
bdb.BdbQuit
