  0%|          | 0/8 [00:00<?, ?it/s]100%|██████████| 8/8 [00:00<00:00, 328.67it/s]
  0%|          | 0/15616 [00:00<?, ?it/s]  8%|▊         | 1246/15616 [00:00<00:01, 12456.30it/s] 18%|█▊        | 2733/15616 [00:00<00:00, 13873.31it/s] 27%|██▋       | 4240/15616 [00:00<00:00, 14415.69it/s] 37%|███▋      | 5755/15616 [00:00<00:00, 14703.96it/s] 47%|████▋     | 7289/15616 [00:00<00:00, 14930.78it/s] 57%|█████▋    | 8848/15616 [00:00<00:00, 15153.32it/s] 67%|██████▋   | 10390/15616 [00:00<00:00, 15239.59it/s] 76%|███████▋  | 11918/15616 [00:00<00:00, 15249.70it/s] 86%|████████▋ | 13469/15616 [00:00<00:00, 15328.10it/s] 96%|█████████▌| 15002/15616 [00:01<00:00, 15312.97it/s]100%|██████████| 15616/15616 [00:01<00:00, 14979.01it/s]
  0%|          | 0/80 [00:00<?, ?it/s]100%|██████████| 80/80 [00:00<00:00, 15446.50it/s]
/home/ya255/projects/flan_hardware/correlation_trainer/models_abl_p2.py:488: UserWarning: Creating a tensor from a list of numpy.ndarrays is extremely slow. Please consider converting the list to a single numpy.ndarray with numpy.array() before converting to a tensor. (Triggered internally at ../torch/csrc/utils/tensor_new.cpp:230.)
  adjs = self.input_op_emb.new([arch.T for arch in archs[0]])
Traceback (most recent call last):
  File "main_abl.py", line 529, in <module>
    model, num_test_items, mse_loss, spr, kdt = pwl_train(args, model, train_dataloader, criterion, optimizer, scheduler, test_dataloader_lowbs, epoch)
  File "main_abl.py", line 156, in pwl_train
    s_1 = model(x_ops_1=X_ops_1, x_adj_1=X_adj_1.to(torch.long), x_ops_2=None, x_adj_2=None, zcp=None, norm_w_d=norm_w_d_1).squeeze()
  File "/home/ya255/.conda/envs/unr/lib/python3.7/site-packages/torch/nn/modules/module.py", line 1194, in _call_impl
    return forward_call(*input, **kwargs)
  File "/home/ya255/projects/flan_hardware/correlation_trainer/models_abl_p2.py", line 549, in forward
    y_1 = self._process_architecture(x_1, adjs_1, op_emb_1, op_inds_1)
  File "/home/ya255/projects/flan_hardware/correlation_trainer/models_abl_p2.py", line 538, in _process_architecture
    y = self._forward_pass(x, adjs, op_emb)
  File "/home/ya255/projects/flan_hardware/correlation_trainer/models_abl_p2.py", line 538, in _process_architecture
    y = self._forward_pass(x, adjs, op_emb)
  File "/home/ya255/.conda/envs/unr/lib/python3.7/bdb.py", line 88, in trace_dispatch
    return self.dispatch_line(frame)
  File "/home/ya255/.conda/envs/unr/lib/python3.7/bdb.py", line 113, in dispatch_line
    if self.quitting: raise BdbQuit
bdb.BdbQuit
