normalizing task:  Amoeba.json
normalizing task:  PNAS_fix-w-d.json
normalizing task:  ENAS_fix-w-d.json
normalizing task:  NASNet.json
normalizing task:  DARTS.json
normalizing task:  ENAS.json
normalizing task:  PNAS.json
normalizing task:  DARTS_lr-wd.json
normalizing task:  DARTS_fix-w-d.json
Epoch 1/150 | Train Loss: 0.0994 | Epoch Time: 0.84s | Spearman@80: 0.3536 | Kendall@80: 0.2361
Epoch 2/150 | Train Loss: 0.0986 | Epoch Time: 0.42s | Spearman@80: 0.1829 | Kendall@80: 0.1239
Epoch 3/150 | Train Loss: 0.0835 | Epoch Time: 0.41s | Spearman@80: 0.1602 | Kendall@80: 0.1087
Epoch 4/150 | Train Loss: 0.0826 | Epoch Time: 0.41s | Spearman@80: 0.1767 | Kendall@80: 0.1252
Epoch 5/150 | Train Loss: 0.0957 | Epoch Time: 0.41s | Spearman@80: 0.1987 | Kendall@80: 0.1442
Epoch 6/150 | Train Loss: 0.0831 | Epoch Time: 0.40s | Spearman@80: 0.2053 | Kendall@80: 0.1322
Epoch 7/150 | Train Loss: 0.0756 | Epoch Time: 0.42s | Spearman@80: 0.2096 | Kendall@80: 0.1328
Epoch 8/150 | Train Loss: 0.0822 | Epoch Time: 0.42s | Spearman@80: 0.2052 | Kendall@80: 0.1334
Epoch 9/150 | Train Loss: 0.0819 | Epoch Time: 0.40s | Spearman@80: 0.2249 | Kendall@80: 0.1556
Epoch 10/150 | Train Loss: 0.0790 | Epoch Time: 0.41s | Spearman@80: 0.2710 | Kendall@80: 0.1752
Epoch 11/150 | Train Loss: 0.0718 | Epoch Time: 0.41s | Spearman@80: 0.2734 | Kendall@80: 0.1854
Epoch 12/150 | Train Loss: 0.0658 | Epoch Time: 0.38s | Spearman@80: 0.3810 | Kendall@80: 0.2665
Epoch 13/150 | Train Loss: 0.0574 | Epoch Time: 0.42s | Spearman@80: 0.4310 | Kendall@80: 0.3134
Epoch 14/150 | Train Loss: 0.0658 | Epoch Time: 0.42s | Spearman@80: 0.4116 | Kendall@80: 0.2976
Epoch 15/150 | Train Loss: 0.0643 | Epoch Time: 0.41s | Spearman@80: 0.4112 | Kendall@80: 0.2811
Epoch 16/150 | Train Loss: 0.0599 | Epoch Time: 0.41s | Spearman@80: 0.3716 | Kendall@80: 0.2640
Epoch 17/150 | Train Loss: 0.0432 | Epoch Time: 0.42s | Spearman@80: 0.4150 | Kendall@80: 0.2938
Epoch 18/150 | Train Loss: 0.0510 | Epoch Time: 0.42s | Spearman@80: 0.2066 | Kendall@80: 0.1398
Epoch 19/150 | Train Loss: 0.0497 | Epoch Time: 0.42s | Spearman@80: 0.3699 | Kendall@80: 0.2494
Epoch 20/150 | Train Loss: 0.0441 | Epoch Time: 0.41s | Spearman@80: 0.4123 | Kendall@80: 0.2925
Epoch 21/150 | Train Loss: 0.0615 | Epoch Time: 0.41s | Spearman@80: 0.4310 | Kendall@80: 0.3052
Epoch 22/150 | Train Loss: 0.0463 | Epoch Time: 0.41s | Spearman@80: 0.3725 | Kendall@80: 0.2450
Epoch 23/150 | Train Loss: 0.0530 | Epoch Time: 0.41s | Spearman@80: 0.3310 | Kendall@80: 0.2323
Epoch 24/150 | Train Loss: 0.0442 | Epoch Time: 0.41s | Spearman@80: 0.4170 | Kendall@80: 0.2862
Epoch 25/150 | Train Loss: 0.0426 | Epoch Time: 0.42s | Spearman@80: 0.3439 | Kendall@80: 0.2323
Epoch 26/150 | Train Loss: 0.0330 | Epoch Time: 0.41s | Spearman@80: 0.3013 | Kendall@80: 0.2107
Epoch 27/150 | Train Loss: 0.0408 | Epoch Time: 0.41s | Spearman@80: 0.3962 | Kendall@80: 0.2703
Epoch 28/150 | Train Loss: 0.0325 | Epoch Time: 0.40s | Spearman@80: 0.2863 | Kendall@80: 0.1936
Epoch 29/150 | Train Loss: 0.0385 | Epoch Time: 0.40s | Spearman@80: 0.4475 | Kendall@80: 0.3160
Epoch 30/150 | Train Loss: 0.0302 | Epoch Time: 0.41s | Spearman@80: 0.3974 | Kendall@80: 0.2684
Epoch 31/150 | Train Loss: 0.0337 | Epoch Time: 0.41s | Spearman@80: 0.4377 | Kendall@80: 0.3014
Epoch 32/150 | Train Loss: 0.0282 | Epoch Time: 0.42s | Spearman@80: 0.3777 | Kendall@80: 0.2697
Epoch 33/150 | Train Loss: 0.0281 | Epoch Time: 0.42s | Spearman@80: 0.4051 | Kendall@80: 0.2811
Epoch 34/150 | Train Loss: 0.0361 | Epoch Time: 0.43s | Spearman@80: 0.1249 | Kendall@80: 0.0859
Epoch 35/150 | Train Loss: 0.0444 | Epoch Time: 0.42s | Spearman@80: 0.4635 | Kendall@80: 0.3236
Epoch 36/150 | Train Loss: 0.0398 | Epoch Time: 0.41s | Spearman@80: 0.2303 | Kendall@80: 0.1651
Epoch 37/150 | Train Loss: 0.0356 | Epoch Time: 0.42s | Spearman@80: 0.3985 | Kendall@80: 0.2868
Epoch 38/150 | Train Loss: 0.0432 | Epoch Time: 0.43s | Spearman@80: 0.4267 | Kendall@80: 0.2938
Epoch 39/150 | Train Loss: 0.0437 | Epoch Time: 0.42s | Spearman@80: 0.3936 | Kendall@80: 0.2716
Epoch 40/150 | Train Loss: 0.0349 | Epoch Time: 0.40s | Spearman@80: 0.3541 | Kendall@80: 0.2519
Epoch 41/150 | Train Loss: 0.0216 | Epoch Time: 0.42s | Spearman@80: 0.3646 | Kendall@80: 0.2557
Epoch 42/150 | Train Loss: 0.0336 | Epoch Time: 0.41s | Spearman@80: 0.3364 | Kendall@80: 0.2279
Epoch 43/150 | Train Loss: 0.0193 | Epoch Time: 0.41s | Spearman@80: 0.3805 | Kendall@80: 0.2646
Epoch 44/150 | Train Loss: 0.0261 | Epoch Time: 0.42s | Spearman@80: 0.3480 | Kendall@80: 0.2450
Epoch 45/150 | Train Loss: 0.0268 | Epoch Time: 0.43s | Spearman@80: 0.3938 | Kendall@80: 0.2798
Epoch 46/150 | Train Loss: 0.0195 | Epoch Time: 0.41s | Spearman@80: 0.3958 | Kendall@80: 0.2754
Epoch 47/150 | Train Loss: 0.0171 | Epoch Time: 0.42s | Spearman@80: 0.3872 | Kendall@80: 0.2710
Epoch 48/150 | Train Loss: 0.0217 | Epoch Time: 0.43s | Spearman@80: 0.3741 | Kendall@80: 0.2500
Epoch 49/150 | Train Loss: 0.0310 | Epoch Time: 0.43s | Spearman@80: 0.3704 | Kendall@80: 0.2602
Epoch 50/150 | Train Loss: 0.0341 | Epoch Time: 0.42s | Spearman@80: 0.3858 | Kendall@80: 0.2773
Epoch 51/150 | Train Loss: 0.0280 | Epoch Time: 0.41s | Spearman@80: 0.4236 | Kendall@80: 0.2944
Epoch 52/150 | Train Loss: 0.0227 | Epoch Time: 0.41s | Spearman@80: 0.3657 | Kendall@80: 0.2653
Epoch 53/150 | Train Loss: 0.0206 | Epoch Time: 0.41s | Spearman@80: 0.3790 | Kendall@80: 0.2691
Epoch 54/150 | Train Loss: 0.0227 | Epoch Time: 0.43s | Spearman@80: 0.2250 | Kendall@80: 0.1626
Epoch 55/150 | Train Loss: 0.0239 | Epoch Time: 0.41s | Spearman@80: 0.3333 | Kendall@80: 0.2329
Epoch 56/150 | Train Loss: 0.0254 | Epoch Time: 0.40s | Spearman@80: 0.3951 | Kendall@80: 0.2722
Epoch 57/150 | Train Loss: 0.0226 | Epoch Time: 0.41s | Spearman@80: 0.3739 | Kendall@80: 0.2640
Epoch 58/150 | Train Loss: 0.0192 | Epoch Time: 0.40s | Spearman@80: 0.3621 | Kendall@80: 0.2475
Epoch 59/150 | Train Loss: 0.0180 | Epoch Time: 0.42s | Spearman@80: 0.3995 | Kendall@80: 0.2817
Epoch 60/150 | Train Loss: 0.0224 | Epoch Time: 0.41s | Spearman@80: 0.4119 | Kendall@80: 0.2976
Epoch 61/150 | Train Loss: 0.0153 | Epoch Time: 0.40s | Spearman@80: 0.3997 | Kendall@80: 0.2767
Epoch 62/150 | Train Loss: 0.0177 | Epoch Time: 0.41s | Spearman@80: 0.3393 | Kendall@80: 0.2374
Epoch 63/150 | Train Loss: 0.0181 | Epoch Time: 0.41s | Spearman@80: 0.2936 | Kendall@80: 0.1981
Epoch 64/150 | Train Loss: 0.0163 | Epoch Time: 0.41s | Spearman@80: 0.3502 | Kendall@80: 0.2355
Epoch 65/150 | Train Loss: 0.0132 | Epoch Time: 0.43s | Spearman@80: 0.3365 | Kendall@80: 0.2323
Epoch 66/150 | Train Loss: 0.0127 | Epoch Time: 0.41s | Spearman@80: 0.3342 | Kendall@80: 0.2285
Epoch 67/150 | Train Loss: 0.0173 | Epoch Time: 0.41s | Spearman@80: 0.3840 | Kendall@80: 0.2551
Epoch 68/150 | Train Loss: 0.0169 | Epoch Time: 0.41s | Spearman@80: 0.3073 | Kendall@80: 0.2095
Epoch 69/150 | Train Loss: 0.0136 | Epoch Time: 0.42s | Spearman@80: 0.3288 | Kendall@80: 0.2203
Epoch 70/150 | Train Loss: 0.0169 | Epoch Time: 0.40s | Spearman@80: 0.3348 | Kendall@80: 0.2241
Epoch 71/150 | Train Loss: 0.0182 | Epoch Time: 0.42s | Spearman@80: 0.2972 | Kendall@80: 0.2006
Epoch 72/150 | Train Loss: 0.0243 | Epoch Time: 0.41s | Spearman@80: 0.3479 | Kendall@80: 0.2443
Epoch 73/150 | Train Loss: 0.0169 | Epoch Time: 0.41s | Spearman@80: 0.3792 | Kendall@80: 0.2633
Epoch 74/150 | Train Loss: 0.0128 | Epoch Time: 0.42s | Spearman@80: 0.3347 | Kendall@80: 0.2272
Epoch 75/150 | Train Loss: 0.0156 | Epoch Time: 0.40s | Spearman@80: 0.2092 | Kendall@80: 0.1455
Epoch 76/150 | Train Loss: 0.0161 | Epoch Time: 0.41s | Spearman@80: 0.3490 | Kendall@80: 0.2418
Epoch 77/150 | Train Loss: 0.0200 | Epoch Time: 0.41s | Spearman@80: 0.2955 | Kendall@80: 0.1993
Epoch 78/150 | Train Loss: 0.0156 | Epoch Time: 0.42s | Spearman@80: 0.2574 | Kendall@80: 0.1733
Epoch 79/150 | Train Loss: 0.0134 | Epoch Time: 0.42s | Spearman@80: 0.2682 | Kendall@80: 0.1772
Epoch 80/150 | Train Loss: 0.0132 | Epoch Time: 0.42s | Spearman@80: 0.3219 | Kendall@80: 0.2126
Epoch 81/150 | Train Loss: 0.0103 | Epoch Time: 0.41s | Spearman@80: 0.3149 | Kendall@80: 0.2190
Epoch 82/150 | Train Loss: 0.0198 | Epoch Time: 0.41s | Spearman@80: 0.3113 | Kendall@80: 0.2057
Epoch 83/150 | Train Loss: 0.0101 | Epoch Time: 0.42s | Spearman@80: 0.3408 | Kendall@80: 0.2266
Epoch 84/150 | Train Loss: 0.0159 | Epoch Time: 0.41s | Spearman@80: 0.3327 | Kendall@80: 0.2196
Epoch 85/150 | Train Loss: 0.0169 | Epoch Time: 0.41s | Spearman@80: 0.2635 | Kendall@80: 0.1791
Epoch 86/150 | Train Loss: 0.0132 | Epoch Time: 0.42s | Spearman@80: 0.3673 | Kendall@80: 0.2500
Epoch 87/150 | Train Loss: 0.0167 | Epoch Time: 0.43s | Spearman@80: 0.3754 | Kendall@80: 0.2532
Epoch 88/150 | Train Loss: 0.0140 | Epoch Time: 0.42s | Spearman@80: 0.3101 | Kendall@80: 0.2215
Epoch 89/150 | Train Loss: 0.0153 | Epoch Time: 0.43s | Spearman@80: 0.2993 | Kendall@80: 0.2120
Epoch 90/150 | Train Loss: 0.0150 | Epoch Time: 0.42s | Spearman@80: 0.3654 | Kendall@80: 0.2481
Epoch 91/150 | Train Loss: 0.0166 | Epoch Time: 0.41s | Spearman@80: 0.2727 | Kendall@80: 0.1873
Epoch 92/150 | Train Loss: 0.0127 | Epoch Time: 0.40s | Spearman@80: 0.2802 | Kendall@80: 0.2044
Epoch 93/150 | Train Loss: 0.0139 | Epoch Time: 0.42s | Spearman@80: 0.3643 | Kendall@80: 0.2545
Epoch 94/150 | Train Loss: 0.0123 | Epoch Time: 0.42s | Spearman@80: 0.3456 | Kendall@80: 0.2355
Epoch 95/150 | Train Loss: 0.0145 | Epoch Time: 0.42s | Spearman@80: 0.3605 | Kendall@80: 0.2412
Epoch 96/150 | Train Loss: 0.0121 | Epoch Time: 0.41s | Spearman@80: 0.3051 | Kendall@80: 0.2145
Epoch 97/150 | Train Loss: 0.0125 | Epoch Time: 0.42s | Spearman@80: 0.3028 | Kendall@80: 0.2126
Epoch 98/150 | Train Loss: 0.0107 | Epoch Time: 0.42s | Spearman@80: 0.3579 | Kendall@80: 0.2469
Epoch 99/150 | Train Loss: 0.0136 | Epoch Time: 0.42s | Spearman@80: 0.3489 | Kendall@80: 0.2450
Epoch 100/150 | Train Loss: 0.0107 | Epoch Time: 0.42s | Spearman@80: 0.3397 | Kendall@80: 0.2367
Epoch 101/150 | Train Loss: 0.0095 | Epoch Time: 0.41s | Spearman@80: 0.3685 | Kendall@80: 0.2526
Epoch 102/150 | Train Loss: 0.0075 | Epoch Time: 0.43s | Spearman@80: 0.3256 | Kendall@80: 0.2228
Epoch 103/150 | Train Loss: 0.0067 | Epoch Time: 0.42s | Spearman@80: 0.3282 | Kendall@80: 0.2241
Epoch 104/150 | Train Loss: 0.0072 | Epoch Time: 0.42s | Spearman@80: 0.3287 | Kendall@80: 0.2152
Epoch 105/150 | Train Loss: 0.0108 | Epoch Time: 0.42s | Spearman@80: 0.3164 | Kendall@80: 0.2107
Epoch 106/150 | Train Loss: 0.0067 | Epoch Time: 0.42s | Spearman@80: 0.3185 | Kendall@80: 0.2152
Epoch 107/150 | Train Loss: 0.0071 | Epoch Time: 0.41s | Spearman@80: 0.3271 | Kendall@80: 0.2215
Epoch 108/150 | Train Loss: 0.0064 | Epoch Time: 0.41s | Spearman@80: 0.3281 | Kendall@80: 0.2279
Epoch 109/150 | Train Loss: 0.0082 | Epoch Time: 0.41s | Spearman@80: 0.3576 | Kendall@80: 0.2393
Epoch 110/150 | Train Loss: 0.0100 | Epoch Time: 0.42s | Spearman@80: 0.3381 | Kendall@80: 0.2291
Epoch 111/150 | Train Loss: 0.0125 | Epoch Time: 0.41s | Spearman@80: 0.2986 | Kendall@80: 0.2082
Epoch 112/150 | Train Loss: 0.0099 | Epoch Time: 0.41s | Spearman@80: 0.3110 | Kendall@80: 0.2171
Epoch 113/150 | Train Loss: 0.0090 | Epoch Time: 0.42s | Spearman@80: 0.3449 | Kendall@80: 0.2399
Epoch 114/150 | Train Loss: 0.0108 | Epoch Time: 0.42s | Spearman@80: 0.3671 | Kendall@80: 0.2513
Epoch 115/150 | Train Loss: 0.0079 | Epoch Time: 0.41s | Spearman@80: 0.3478 | Kendall@80: 0.2386
Epoch 116/150 | Train Loss: 0.0107 | Epoch Time: 0.41s | Spearman@80: 0.3290 | Kendall@80: 0.2317
Epoch 117/150 | Train Loss: 0.0062 | Epoch Time: 0.42s | Spearman@80: 0.3316 | Kendall@80: 0.2291
Epoch 118/150 | Train Loss: 0.0059 | Epoch Time: 0.41s | Spearman@80: 0.3347 | Kendall@80: 0.2310
Epoch 119/150 | Train Loss: 0.0080 | Epoch Time: 0.41s | Spearman@80: 0.3245 | Kendall@80: 0.2260
Epoch 120/150 | Train Loss: 0.0070 | Epoch Time: 0.42s | Spearman@80: 0.3136 | Kendall@80: 0.2145
Epoch 121/150 | Train Loss: 0.0056 | Epoch Time: 0.42s | Spearman@80: 0.3154 | Kendall@80: 0.2133
Epoch 122/150 | Train Loss: 0.0094 | Epoch Time: 0.42s | Spearman@80: 0.3165 | Kendall@80: 0.2171
Epoch 123/150 | Train Loss: 0.0076 | Epoch Time: 0.41s | Spearman@80: 0.3186 | Kendall@80: 0.2215
Epoch 124/150 | Train Loss: 0.0047 | Epoch Time: 0.41s | Spearman@80: 0.3116 | Kendall@80: 0.2209
Epoch 125/150 | Train Loss: 0.0068 | Epoch Time: 0.41s | Spearman@80: 0.3268 | Kendall@80: 0.2266
Epoch 126/150 | Train Loss: 0.0045 | Epoch Time: 0.41s | Spearman@80: 0.3366 | Kendall@80: 0.2310
Epoch 127/150 | Train Loss: 0.0063 | Epoch Time: 0.42s | Spearman@80: 0.3387 | Kendall@80: 0.2291
Epoch 128/150 | Train Loss: 0.0050 | Epoch Time: 0.43s | Spearman@80: 0.3340 | Kendall@80: 0.2279
Epoch 129/150 | Train Loss: 0.0081 | Epoch Time: 0.42s | Spearman@80: 0.3277 | Kendall@80: 0.2272
Epoch 130/150 | Train Loss: 0.0041 | Epoch Time: 0.41s | Spearman@80: 0.3317 | Kendall@80: 0.2291
Epoch 131/150 | Train Loss: 0.0060 | Epoch Time: 0.43s | Spearman@80: 0.3333 | Kendall@80: 0.2304
Epoch 132/150 | Train Loss: 0.0055 | Epoch Time: 0.42s | Spearman@80: 0.3408 | Kendall@80: 0.2336
Epoch 133/150 | Train Loss: 0.0044 | Epoch Time: 0.41s | Spearman@80: 0.3449 | Kendall@80: 0.2355
Epoch 134/150 | Train Loss: 0.0060 | Epoch Time: 0.39s | Spearman@80: 0.3486 | Kendall@80: 0.2399
Epoch 135/150 | Train Loss: 0.0059 | Epoch Time: 0.41s | Spearman@80: 0.3461 | Kendall@80: 0.2393
Epoch 136/150 | Train Loss: 0.0088 | Epoch Time: 0.42s | Spearman@80: 0.3444 | Kendall@80: 0.2380
Epoch 137/150 | Train Loss: 0.0094 | Epoch Time: 0.41s | Spearman@80: 0.3412 | Kendall@80: 0.2342
Epoch 138/150 | Train Loss: 0.0056 | Epoch Time: 0.42s | Spearman@80: 0.3390 | Kendall@80: 0.2317
Epoch 139/150 | Train Loss: 0.0084 | Epoch Time: 0.41s | Spearman@80: 0.3311 | Kendall@80: 0.2272
Epoch 140/150 | Train Loss: 0.0043 | Epoch Time: 0.42s | Spearman@80: 0.3302 | Kendall@80: 0.2266
Epoch 141/150 | Train Loss: 0.0071 | Epoch Time: 0.42s | Spearman@80: 0.3300 | Kendall@80: 0.2272
Epoch 142/150 | Train Loss: 0.0080 | Epoch Time: 0.42s | Spearman@80: 0.3302 | Kendall@80: 0.2272
Epoch 143/150 | Train Loss: 0.0042 | Epoch Time: 0.42s | Spearman@80: 0.3329 | Kendall@80: 0.2291
Epoch 144/150 | Train Loss: 0.0097 | Epoch Time: 0.41s | Spearman@80: 0.3315 | Kendall@80: 0.2285
Epoch 145/150 | Train Loss: 0.0055 | Epoch Time: 0.41s | Spearman@80: 0.3315 | Kendall@80: 0.2285
Epoch 146/150 | Train Loss: 0.0070 | Epoch Time: 0.42s | Spearman@80: 0.3316 | Kendall@80: 0.2291
Epoch 147/150 | Train Loss: 0.0043 | Epoch Time: 1.13s | Spearman@4934: 0.4589 | Kendall@4934: 0.3170
Epoch 148/150 | Train Loss: 0.0062 | Epoch Time: 1.12s | Spearman@4934: 0.4589 | Kendall@4934: 0.3170
Epoch 149/150 | Train Loss: 0.0077 | Epoch Time: 1.12s | Spearman@4934: 0.4589 | Kendall@4934: 0.3170
Epoch 150/150 | Train Loss: 0.0056 | Epoch Time: 1.12s | Spearman@4934: 0.4589 | Kendall@4934: 0.3170
Sample Count: 64, Spearman: 0.45889377233092066, Kendall: 0.31699798771949883
{64: (0.45889377233092066, 0.31699798771949883)}
Epoch 1/150 | Train Loss: 0.0992 | Epoch Time: 0.85s | Spearman@80: 0.3637 | Kendall@80: 0.2472
Epoch 2/150 | Train Loss: 0.0898 | Epoch Time: 0.83s | Spearman@80: 0.3409 | Kendall@80: 0.2307
Epoch 3/150 | Train Loss: 0.0863 | Epoch Time: 0.83s | Spearman@80: 0.3879 | Kendall@80: 0.2637
Epoch 4/150 | Train Loss: 0.0794 | Epoch Time: 0.83s | Spearman@80: 0.4295 | Kendall@80: 0.3049
Epoch 5/150 | Train Loss: 0.0763 | Epoch Time: 0.84s | Spearman@80: 0.5448 | Kendall@80: 0.3956
Epoch 6/150 | Train Loss: 0.0717 | Epoch Time: 0.87s | Spearman@80: 0.5917 | Kendall@80: 0.4336
Epoch 7/150 | Train Loss: 0.0756 | Epoch Time: 0.84s | Spearman@80: 0.5880 | Kendall@80: 0.4323
Epoch 8/150 | Train Loss: 0.0705 | Epoch Time: 0.82s | Spearman@80: 0.5739 | Kendall@80: 0.4089
Epoch 9/150 | Train Loss: 0.0652 | Epoch Time: 0.84s | Spearman@80: 0.5366 | Kendall@80: 0.3848
Epoch 10/150 | Train Loss: 0.0688 | Epoch Time: 0.83s | Spearman@80: 0.5634 | Kendall@80: 0.4178
Epoch 11/150 | Train Loss: 0.0717 | Epoch Time: 0.83s | Spearman@80: 0.6033 | Kendall@80: 0.4431
Epoch 12/150 | Train Loss: 0.0671 | Epoch Time: 0.83s | Spearman@80: 0.6050 | Kendall@80: 0.4552
Epoch 13/150 | Train Loss: 0.0645 | Epoch Time: 0.85s | Spearman@80: 0.5918 | Kendall@80: 0.4412
Epoch 14/150 | Train Loss: 0.0644 | Epoch Time: 0.85s | Spearman@80: 0.5656 | Kendall@80: 0.4222
Epoch 15/150 | Train Loss: 0.0611 | Epoch Time: 0.83s | Spearman@80: 0.5747 | Kendall@80: 0.4285
Epoch 16/150 | Train Loss: 0.0640 | Epoch Time: 0.86s | Spearman@80: 0.4720 | Kendall@80: 0.3512
Epoch 17/150 | Train Loss: 0.0751 | Epoch Time: 0.82s | Spearman@80: 0.5721 | Kendall@80: 0.4304
Epoch 18/150 | Train Loss: 0.0679 | Epoch Time: 0.83s | Spearman@80: 0.5869 | Kendall@80: 0.4482
Epoch 19/150 | Train Loss: 0.0606 | Epoch Time: 0.82s | Spearman@80: 0.5576 | Kendall@80: 0.4279
Epoch 20/150 | Train Loss: 0.0564 | Epoch Time: 0.82s | Spearman@80: 0.5381 | Kendall@80: 0.4000
Epoch 21/150 | Train Loss: 0.0682 | Epoch Time: 0.82s | Spearman@80: 0.5800 | Kendall@80: 0.4273
Epoch 22/150 | Train Loss: 0.0602 | Epoch Time: 0.84s | Spearman@80: 0.5055 | Kendall@80: 0.3677
Epoch 23/150 | Train Loss: 0.0621 | Epoch Time: 0.81s | Spearman@80: 0.5571 | Kendall@80: 0.4178
Epoch 24/150 | Train Loss: 0.0596 | Epoch Time: 0.82s | Spearman@80: 0.5579 | Kendall@80: 0.4184
Epoch 25/150 | Train Loss: 0.0659 | Epoch Time: 0.84s | Spearman@80: 0.5098 | Kendall@80: 0.3810
Epoch 26/150 | Train Loss: 0.0578 | Epoch Time: 0.80s | Spearman@80: 0.4948 | Kendall@80: 0.3664
Epoch 27/150 | Train Loss: 0.0528 | Epoch Time: 0.84s | Spearman@80: 0.5152 | Kendall@80: 0.3816
Epoch 28/150 | Train Loss: 0.0494 | Epoch Time: 0.83s | Spearman@80: 0.5313 | Kendall@80: 0.3975
Epoch 29/150 | Train Loss: 0.0561 | Epoch Time: 0.84s | Spearman@80: 0.5924 | Kendall@80: 0.4323
Epoch 30/150 | Train Loss: 0.0590 | Epoch Time: 0.83s | Spearman@80: 0.5271 | Kendall@80: 0.3937
Epoch 31/150 | Train Loss: 0.0495 | Epoch Time: 0.83s | Spearman@80: 0.5970 | Kendall@80: 0.4399
Epoch 32/150 | Train Loss: 0.0560 | Epoch Time: 0.83s | Spearman@80: 0.4565 | Kendall@80: 0.3347
Epoch 33/150 | Train Loss: 0.0599 | Epoch Time: 0.83s | Spearman@80: 0.4783 | Kendall@80: 0.3366
Epoch 34/150 | Train Loss: 0.0463 | Epoch Time: 0.83s | Spearman@80: 0.5602 | Kendall@80: 0.4082
Epoch 35/150 | Train Loss: 0.0517 | Epoch Time: 0.83s | Spearman@80: 0.5445 | Kendall@80: 0.4019
Epoch 36/150 | Train Loss: 0.0512 | Epoch Time: 0.82s | Spearman@80: 0.5227 | Kendall@80: 0.3873
Epoch 37/150 | Train Loss: 0.0503 | Epoch Time: 0.83s | Spearman@80: 0.5456 | Kendall@80: 0.3930
Epoch 38/150 | Train Loss: 0.0468 | Epoch Time: 0.85s | Spearman@80: 0.5430 | Kendall@80: 0.3968
Epoch 39/150 | Train Loss: 0.0460 | Epoch Time: 0.84s | Spearman@80: 0.4291 | Kendall@80: 0.3094
Epoch 40/150 | Train Loss: 0.0468 | Epoch Time: 0.83s | Spearman@80: 0.5844 | Kendall@80: 0.4368
Epoch 41/150 | Train Loss: 0.0514 | Epoch Time: 0.83s | Spearman@80: 0.5191 | Kendall@80: 0.3772
Epoch 42/150 | Train Loss: 0.0455 | Epoch Time: 0.83s | Spearman@80: 0.5990 | Kendall@80: 0.4425
Epoch 43/150 | Train Loss: 0.0477 | Epoch Time: 0.85s | Spearman@80: 0.4839 | Kendall@80: 0.3506
Epoch 44/150 | Train Loss: 0.0453 | Epoch Time: 0.84s | Spearman@80: 0.5462 | Kendall@80: 0.4019
Epoch 45/150 | Train Loss: 0.0442 | Epoch Time: 0.84s | Spearman@80: 0.5563 | Kendall@80: 0.4044
Epoch 46/150 | Train Loss: 0.0386 | Epoch Time: 0.83s | Spearman@80: 0.4752 | Kendall@80: 0.3417
Epoch 47/150 | Train Loss: 0.0379 | Epoch Time: 0.83s | Spearman@80: 0.5361 | Kendall@80: 0.3848
Epoch 48/150 | Train Loss: 0.0370 | Epoch Time: 0.83s | Spearman@80: 0.5295 | Kendall@80: 0.3803
Epoch 49/150 | Train Loss: 0.0451 | Epoch Time: 0.85s | Spearman@80: 0.4500 | Kendall@80: 0.3201
Epoch 50/150 | Train Loss: 0.0382 | Epoch Time: 0.84s | Spearman@80: 0.5543 | Kendall@80: 0.3905
Epoch 51/150 | Train Loss: 0.0402 | Epoch Time: 0.83s | Spearman@80: 0.4861 | Kendall@80: 0.3531
Epoch 52/150 | Train Loss: 0.0337 | Epoch Time: 0.82s | Spearman@80: 0.5502 | Kendall@80: 0.3968
Epoch 53/150 | Train Loss: 0.0371 | Epoch Time: 0.84s | Spearman@80: 0.5250 | Kendall@80: 0.3791
Epoch 54/150 | Train Loss: 0.0288 | Epoch Time: 0.83s | Spearman@80: 0.5667 | Kendall@80: 0.4019
Epoch 55/150 | Train Loss: 0.0395 | Epoch Time: 0.84s | Spearman@80: 0.4410 | Kendall@80: 0.3113
Epoch 56/150 | Train Loss: 0.0329 | Epoch Time: 0.81s | Spearman@80: 0.4845 | Kendall@80: 0.3417
Epoch 57/150 | Train Loss: 0.0335 | Epoch Time: 0.82s | Spearman@80: 0.4805 | Kendall@80: 0.3423
Epoch 58/150 | Train Loss: 0.0455 | Epoch Time: 0.82s | Spearman@80: 0.5840 | Kendall@80: 0.4336
Epoch 59/150 | Train Loss: 0.0360 | Epoch Time: 0.83s | Spearman@80: 0.5094 | Kendall@80: 0.3525
Epoch 60/150 | Train Loss: 0.0357 | Epoch Time: 0.82s | Spearman@80: 0.3699 | Kendall@80: 0.2637
Epoch 61/150 | Train Loss: 0.0276 | Epoch Time: 0.83s | Spearman@80: 0.4588 | Kendall@80: 0.3201
Epoch 62/150 | Train Loss: 0.0308 | Epoch Time: 0.85s | Spearman@80: 0.5328 | Kendall@80: 0.3784
Epoch 63/150 | Train Loss: 0.0320 | Epoch Time: 0.81s | Spearman@80: 0.5224 | Kendall@80: 0.3727
Epoch 64/150 | Train Loss: 0.0263 | Epoch Time: 0.83s | Spearman@80: 0.5418 | Kendall@80: 0.3943
Epoch 65/150 | Train Loss: 0.0243 | Epoch Time: 0.83s | Spearman@80: 0.5694 | Kendall@80: 0.4032
Epoch 66/150 | Train Loss: 0.0263 | Epoch Time: 0.83s | Spearman@80: 0.5291 | Kendall@80: 0.3854
Epoch 67/150 | Train Loss: 0.0293 | Epoch Time: 0.82s | Spearman@80: 0.5581 | Kendall@80: 0.3924
Epoch 68/150 | Train Loss: 0.0318 | Epoch Time: 0.83s | Spearman@80: 0.5143 | Kendall@80: 0.3708
Epoch 69/150 | Train Loss: 0.0275 | Epoch Time: 0.83s | Spearman@80: 0.5045 | Kendall@80: 0.3474
Epoch 70/150 | Train Loss: 0.0252 | Epoch Time: 0.82s | Spearman@80: 0.5149 | Kendall@80: 0.3620
Epoch 71/150 | Train Loss: 0.0313 | Epoch Time: 0.81s | Spearman@80: 0.6211 | Kendall@80: 0.4475
Epoch 72/150 | Train Loss: 0.0339 | Epoch Time: 0.83s | Spearman@80: 0.5398 | Kendall@80: 0.3854
Epoch 73/150 | Train Loss: 0.0363 | Epoch Time: 0.84s | Spearman@80: 0.4531 | Kendall@80: 0.3258
Epoch 74/150 | Train Loss: 0.0209 | Epoch Time: 0.83s | Spearman@80: 0.4928 | Kendall@80: 0.3468
Epoch 75/150 | Train Loss: 0.0210 | Epoch Time: 0.82s | Spearman@80: 0.5039 | Kendall@80: 0.3544
Epoch 76/150 | Train Loss: 0.0232 | Epoch Time: 0.84s | Spearman@80: 0.5245 | Kendall@80: 0.3753
Epoch 77/150 | Train Loss: 0.0186 | Epoch Time: 0.84s | Spearman@80: 0.5572 | Kendall@80: 0.4013
Epoch 78/150 | Train Loss: 0.0278 | Epoch Time: 0.83s | Spearman@80: 0.4885 | Kendall@80: 0.3417
Epoch 79/150 | Train Loss: 0.0241 | Epoch Time: 0.83s | Spearman@80: 0.6029 | Kendall@80: 0.4273
Epoch 80/150 | Train Loss: 0.0294 | Epoch Time: 0.84s | Spearman@80: 0.5158 | Kendall@80: 0.3569
Epoch 81/150 | Train Loss: 0.0211 | Epoch Time: 0.83s | Spearman@80: 0.5778 | Kendall@80: 0.4095
Epoch 82/150 | Train Loss: 0.0193 | Epoch Time: 0.85s | Spearman@80: 0.5615 | Kendall@80: 0.3975
Epoch 83/150 | Train Loss: 0.0194 | Epoch Time: 0.85s | Spearman@80: 0.5871 | Kendall@80: 0.4127
Epoch 84/150 | Train Loss: 0.0225 | Epoch Time: 0.82s | Spearman@80: 0.5786 | Kendall@80: 0.4133
Epoch 85/150 | Train Loss: 0.0239 | Epoch Time: 0.84s | Spearman@80: 0.5155 | Kendall@80: 0.3651
Epoch 86/150 | Train Loss: 0.0174 | Epoch Time: 0.83s | Spearman@80: 0.5860 | Kendall@80: 0.4171
Epoch 87/150 | Train Loss: 0.0218 | Epoch Time: 0.82s | Spearman@80: 0.5803 | Kendall@80: 0.4095
Epoch 88/150 | Train Loss: 0.0205 | Epoch Time: 0.85s | Spearman@80: 0.5393 | Kendall@80: 0.3861
Epoch 89/150 | Train Loss: 0.0206 | Epoch Time: 0.84s | Spearman@80: 0.6131 | Kendall@80: 0.4526
Epoch 90/150 | Train Loss: 0.0187 | Epoch Time: 0.82s | Spearman@80: 0.5370 | Kendall@80: 0.3791
Epoch 91/150 | Train Loss: 0.0184 | Epoch Time: 0.84s | Spearman@80: 0.5657 | Kendall@80: 0.3987
Epoch 92/150 | Train Loss: 0.0193 | Epoch Time: 0.83s | Spearman@80: 0.5154 | Kendall@80: 0.3721
Epoch 93/150 | Train Loss: 0.0174 | Epoch Time: 0.83s | Spearman@80: 0.5562 | Kendall@80: 0.3962
Epoch 94/150 | Train Loss: 0.0235 | Epoch Time: 0.83s | Spearman@80: 0.6252 | Kendall@80: 0.4482
Epoch 95/150 | Train Loss: 0.0181 | Epoch Time: 0.83s | Spearman@80: 0.5402 | Kendall@80: 0.3829
Epoch 96/150 | Train Loss: 0.0189 | Epoch Time: 0.82s | Spearman@80: 0.5698 | Kendall@80: 0.4133
Epoch 97/150 | Train Loss: 0.0152 | Epoch Time: 0.82s | Spearman@80: 0.5812 | Kendall@80: 0.4247
Epoch 98/150 | Train Loss: 0.0155 | Epoch Time: 0.83s | Spearman@80: 0.5556 | Kendall@80: 0.3930
Epoch 99/150 | Train Loss: 0.0129 | Epoch Time: 0.85s | Spearman@80: 0.5694 | Kendall@80: 0.4095
Epoch 100/150 | Train Loss: 0.0140 | Epoch Time: 0.82s | Spearman@80: 0.6102 | Kendall@80: 0.4437
Epoch 101/150 | Train Loss: 0.0143 | Epoch Time: 0.82s | Spearman@80: 0.5938 | Kendall@80: 0.4216
Epoch 102/150 | Train Loss: 0.0099 | Epoch Time: 0.84s | Spearman@80: 0.5799 | Kendall@80: 0.4127
Epoch 103/150 | Train Loss: 0.0133 | Epoch Time: 0.84s | Spearman@80: 0.5468 | Kendall@80: 0.3943
Epoch 104/150 | Train Loss: 0.0175 | Epoch Time: 0.83s | Spearman@80: 0.5668 | Kendall@80: 0.4000
Epoch 105/150 | Train Loss: 0.0128 | Epoch Time: 0.81s | Spearman@80: 0.5488 | Kendall@80: 0.3911
Epoch 106/150 | Train Loss: 0.0112 | Epoch Time: 0.87s | Spearman@80: 0.5402 | Kendall@80: 0.3797
Epoch 107/150 | Train Loss: 0.0126 | Epoch Time: 0.81s | Spearman@80: 0.5662 | Kendall@80: 0.4070
Epoch 108/150 | Train Loss: 0.0135 | Epoch Time: 0.83s | Spearman@80: 0.5530 | Kendall@80: 0.4000
Epoch 109/150 | Train Loss: 0.0126 | Epoch Time: 0.84s | Spearman@80: 0.5675 | Kendall@80: 0.4101
Epoch 110/150 | Train Loss: 0.0102 | Epoch Time: 0.84s | Spearman@80: 0.5899 | Kendall@80: 0.4266
Epoch 111/150 | Train Loss: 0.0107 | Epoch Time: 0.83s | Spearman@80: 0.5768 | Kendall@80: 0.4139
Epoch 112/150 | Train Loss: 0.0152 | Epoch Time: 0.83s | Spearman@80: 0.5970 | Kendall@80: 0.4235
Epoch 113/150 | Train Loss: 0.0131 | Epoch Time: 0.82s | Spearman@80: 0.5846 | Kendall@80: 0.4266
Epoch 114/150 | Train Loss: 0.0104 | Epoch Time: 0.82s | Spearman@80: 0.5694 | Kendall@80: 0.4127
Epoch 115/150 | Train Loss: 0.0097 | Epoch Time: 0.85s | Spearman@80: 0.5568 | Kendall@80: 0.4019
Epoch 116/150 | Train Loss: 0.0125 | Epoch Time: 0.84s | Spearman@80: 0.5436 | Kendall@80: 0.3854
Epoch 117/150 | Train Loss: 0.0080 | Epoch Time: 0.82s | Spearman@80: 0.5874 | Kendall@80: 0.4133
Epoch 118/150 | Train Loss: 0.0112 | Epoch Time: 0.84s | Spearman@80: 0.5442 | Kendall@80: 0.3835
Epoch 119/150 | Train Loss: 0.0107 | Epoch Time: 0.84s | Spearman@80: 0.5514 | Kendall@80: 0.3918
Epoch 120/150 | Train Loss: 0.0093 | Epoch Time: 0.83s | Spearman@80: 0.5576 | Kendall@80: 0.3975
Epoch 121/150 | Train Loss: 0.0141 | Epoch Time: 0.83s | Spearman@80: 0.5766 | Kendall@80: 0.4114
Epoch 122/150 | Train Loss: 0.0164 | Epoch Time: 0.82s | Spearman@80: 0.5240 | Kendall@80: 0.3708
Epoch 123/150 | Train Loss: 0.0089 | Epoch Time: 0.82s | Spearman@80: 0.5475 | Kendall@80: 0.3892
Epoch 124/150 | Train Loss: 0.0097 | Epoch Time: 0.83s | Spearman@80: 0.5648 | Kendall@80: 0.4025
Epoch 125/150 | Train Loss: 0.0121 | Epoch Time: 0.82s | Spearman@80: 0.5653 | Kendall@80: 0.4044
Epoch 126/150 | Train Loss: 0.0113 | Epoch Time: 0.82s | Spearman@80: 0.5448 | Kendall@80: 0.3911
Epoch 127/150 | Train Loss: 0.0103 | Epoch Time: 0.82s | Spearman@80: 0.5340 | Kendall@80: 0.3803
Epoch 128/150 | Train Loss: 0.0093 | Epoch Time: 0.83s | Spearman@80: 0.5360 | Kendall@80: 0.3797
Epoch 129/150 | Train Loss: 0.0142 | Epoch Time: 0.84s | Spearman@80: 0.5438 | Kendall@80: 0.3867
Epoch 130/150 | Train Loss: 0.0119 | Epoch Time: 0.84s | Spearman@80: 0.5563 | Kendall@80: 0.3975
Epoch 131/150 | Train Loss: 0.0087 | Epoch Time: 0.85s | Spearman@80: 0.5448 | Kendall@80: 0.3905
Epoch 132/150 | Train Loss: 0.0095 | Epoch Time: 0.82s | Spearman@80: 0.5440 | Kendall@80: 0.3892
Epoch 133/150 | Train Loss: 0.0098 | Epoch Time: 0.85s | Spearman@80: 0.5607 | Kendall@80: 0.4000
Epoch 134/150 | Train Loss: 0.0116 | Epoch Time: 0.81s | Spearman@80: 0.5682 | Kendall@80: 0.4032
Epoch 135/150 | Train Loss: 0.0082 | Epoch Time: 0.83s | Spearman@80: 0.5626 | Kendall@80: 0.4019
Epoch 136/150 | Train Loss: 0.0103 | Epoch Time: 0.82s | Spearman@80: 0.5627 | Kendall@80: 0.4044
Epoch 137/150 | Train Loss: 0.0098 | Epoch Time: 0.83s | Spearman@80: 0.5514 | Kendall@80: 0.3975
Epoch 138/150 | Train Loss: 0.0074 | Epoch Time: 0.83s | Spearman@80: 0.5479 | Kendall@80: 0.3943
Epoch 139/150 | Train Loss: 0.0065 | Epoch Time: 0.82s | Spearman@80: 0.5541 | Kendall@80: 0.3987
Epoch 140/150 | Train Loss: 0.0064 | Epoch Time: 0.84s | Spearman@80: 0.5479 | Kendall@80: 0.3956
Epoch 141/150 | Train Loss: 0.0090 | Epoch Time: 0.82s | Spearman@80: 0.5479 | Kendall@80: 0.3956
Epoch 142/150 | Train Loss: 0.0072 | Epoch Time: 0.82s | Spearman@80: 0.5463 | Kendall@80: 0.3937
Epoch 143/150 | Train Loss: 0.0089 | Epoch Time: 0.82s | Spearman@80: 0.5464 | Kendall@80: 0.3956
Epoch 144/150 | Train Loss: 0.0135 | Epoch Time: 0.80s | Spearman@80: 0.5471 | Kendall@80: 0.3956
Epoch 145/150 | Train Loss: 0.0114 | Epoch Time: 0.83s | Spearman@80: 0.5453 | Kendall@80: 0.3918
Epoch 146/150 | Train Loss: 0.0099 | Epoch Time: 0.82s | Spearman@80: 0.5466 | Kendall@80: 0.3937
Epoch 147/150 | Train Loss: 0.0091 | Epoch Time: 1.50s | Spearman@4870: 0.5494 | Kendall@4870: 0.3840
Epoch 148/150 | Train Loss: 0.0100 | Epoch Time: 1.54s | Spearman@4870: 0.5497 | Kendall@4870: 0.3842
Epoch 149/150 | Train Loss: 0.0097 | Epoch Time: 1.54s | Spearman@4870: 0.5500 | Kendall@4870: 0.3844
Epoch 150/150 | Train Loss: 0.0133 | Epoch Time: 1.53s | Spearman@4870: 0.5501 | Kendall@4870: 0.3845
Sample Count: 128, Spearman: 0.5498004187039057, Kendall: 0.3842830350051809
{64: (0.45889377233092066, 0.31699798771949883),
 128: (0.5498004187039057, 0.3842830350051809)}
Epoch 1/150 | Train Loss: 0.1009 | Epoch Time: 0.45s | Spearman@80: -0.0527 | Kendall@80: -0.0364
Epoch 2/150 | Train Loss: 0.0963 | Epoch Time: 0.42s | Spearman@80: -0.0375 | Kendall@80: -0.0136
Epoch 3/150 | Train Loss: 0.0920 | Epoch Time: 0.42s | Spearman@80: -0.0572 | Kendall@80: -0.0276
Epoch 4/150 | Train Loss: 0.0885 | Epoch Time: 0.43s | Spearman@80: -0.0283 | Kendall@80: -0.0086
Epoch 5/150 | Train Loss: 0.0892 | Epoch Time: 0.43s | Spearman@80: -0.0355 | Kendall@80: -0.0155
Epoch 6/150 | Train Loss: 0.0795 | Epoch Time: 0.42s | Spearman@80: -0.0087 | Kendall@80: 0.0048
Epoch 7/150 | Train Loss: 0.0835 | Epoch Time: 0.42s | Spearman@80: 0.0391 | Kendall@80: 0.0314
Epoch 8/150 | Train Loss: 0.0733 | Epoch Time: 0.42s | Spearman@80: 0.0246 | Kendall@80: 0.0225
Epoch 9/150 | Train Loss: 0.0736 | Epoch Time: 0.42s | Spearman@80: 0.1431 | Kendall@80: 0.0922
Epoch 10/150 | Train Loss: 0.0715 | Epoch Time: 0.41s | Spearman@80: 0.1617 | Kendall@80: 0.0992
Epoch 11/150 | Train Loss: 0.0578 | Epoch Time: 0.41s | Spearman@80: 0.1109 | Kendall@80: 0.0707
Epoch 12/150 | Train Loss: 0.0616 | Epoch Time: 0.42s | Spearman@80: 0.1176 | Kendall@80: 0.0707
Epoch 13/150 | Train Loss: 0.0615 | Epoch Time: 0.43s | Spearman@80: 0.1397 | Kendall@80: 0.0910
Epoch 14/150 | Train Loss: 0.0566 | Epoch Time: 0.44s | Spearman@80: 0.2024 | Kendall@80: 0.1328
Epoch 15/150 | Train Loss: 0.0474 | Epoch Time: 0.42s | Spearman@80: 0.1998 | Kendall@80: 0.1461
Epoch 16/150 | Train Loss: 0.0509 | Epoch Time: 0.42s | Spearman@80: 0.2234 | Kendall@80: 0.1575
Epoch 17/150 | Train Loss: 0.0520 | Epoch Time: 0.42s | Spearman@80: 0.2319 | Kendall@80: 0.1632
Epoch 18/150 | Train Loss: 0.0481 | Epoch Time: 0.42s | Spearman@80: 0.3585 | Kendall@80: 0.2526
Epoch 19/150 | Train Loss: 0.0538 | Epoch Time: 0.42s | Spearman@80: 0.3721 | Kendall@80: 0.2608
Epoch 20/150 | Train Loss: 0.0486 | Epoch Time: 0.41s | Spearman@80: 0.4222 | Kendall@80: 0.2988
Epoch 21/150 | Train Loss: 0.0466 | Epoch Time: 0.41s | Spearman@80: 0.3179 | Kendall@80: 0.2215
Epoch 22/150 | Train Loss: 0.0484 | Epoch Time: 0.43s | Spearman@80: 0.3743 | Kendall@80: 0.2621
Epoch 23/150 | Train Loss: 0.0413 | Epoch Time: 0.43s | Spearman@80: 0.4476 | Kendall@80: 0.3141
Epoch 24/150 | Train Loss: 0.0404 | Epoch Time: 0.41s | Spearman@80: 0.3876 | Kendall@80: 0.2729
Epoch 25/150 | Train Loss: 0.0401 | Epoch Time: 0.41s | Spearman@80: 0.3737 | Kendall@80: 0.2627
Epoch 26/150 | Train Loss: 0.0387 | Epoch Time: 0.43s | Spearman@80: 0.3738 | Kendall@80: 0.2545
Epoch 27/150 | Train Loss: 0.0422 | Epoch Time: 0.41s | Spearman@80: 0.4169 | Kendall@80: 0.2912
Epoch 28/150 | Train Loss: 0.0411 | Epoch Time: 0.42s | Spearman@80: 0.4115 | Kendall@80: 0.2881
Epoch 29/150 | Train Loss: 0.0404 | Epoch Time: 0.42s | Spearman@80: 0.3911 | Kendall@80: 0.2729
Epoch 30/150 | Train Loss: 0.0385 | Epoch Time: 0.43s | Spearman@80: 0.3818 | Kendall@80: 0.2672
Epoch 31/150 | Train Loss: 0.0386 | Epoch Time: 0.44s | Spearman@80: 0.4749 | Kendall@80: 0.3413
Epoch 32/150 | Train Loss: 0.0387 | Epoch Time: 0.42s | Spearman@80: 0.5004 | Kendall@80: 0.3654
Epoch 33/150 | Train Loss: 0.0379 | Epoch Time: 0.45s | Spearman@80: 0.4180 | Kendall@80: 0.2982
Epoch 34/150 | Train Loss: 0.0389 | Epoch Time: 0.42s | Spearman@80: 0.4053 | Kendall@80: 0.2874
Epoch 35/150 | Train Loss: 0.0454 | Epoch Time: 0.42s | Spearman@80: 0.4881 | Kendall@80: 0.3489
Epoch 36/150 | Train Loss: 0.0445 | Epoch Time: 0.43s | Spearman@80: 0.5270 | Kendall@80: 0.3825
Epoch 37/150 | Train Loss: 0.0386 | Epoch Time: 0.43s | Spearman@80: 0.4720 | Kendall@80: 0.3337
Epoch 38/150 | Train Loss: 0.0426 | Epoch Time: 0.41s | Spearman@80: 0.4220 | Kendall@80: 0.2969
Epoch 39/150 | Train Loss: 0.0395 | Epoch Time: 0.40s | Spearman@80: 0.4476 | Kendall@80: 0.3179
Epoch 40/150 | Train Loss: 0.0398 | Epoch Time: 0.42s | Spearman@80: 0.4416 | Kendall@80: 0.3223
Epoch 41/150 | Train Loss: 0.0499 | Epoch Time: 0.42s | Spearman@80: 0.4609 | Kendall@80: 0.3305
Epoch 42/150 | Train Loss: 0.0335 | Epoch Time: 0.41s | Spearman@80: 0.4668 | Kendall@80: 0.3375
Epoch 43/150 | Train Loss: 0.0335 | Epoch Time: 0.43s | Spearman@80: 0.4521 | Kendall@80: 0.3204
Epoch 44/150 | Train Loss: 0.0409 | Epoch Time: 0.39s | Spearman@80: 0.3804 | Kendall@80: 0.2710
Epoch 45/150 | Train Loss: 0.0385 | Epoch Time: 0.42s | Spearman@80: 0.4071 | Kendall@80: 0.2849
Epoch 46/150 | Train Loss: 0.0405 | Epoch Time: 0.41s | Spearman@80: 0.5012 | Kendall@80: 0.3572
Epoch 47/150 | Train Loss: 0.0429 | Epoch Time: 0.42s | Spearman@80: 0.4420 | Kendall@80: 0.3160
Epoch 48/150 | Train Loss: 0.0339 | Epoch Time: 0.42s | Spearman@80: 0.3633 | Kendall@80: 0.2519
Epoch 49/150 | Train Loss: 0.0332 | Epoch Time: 0.43s | Spearman@80: 0.3342 | Kendall@80: 0.2285
Epoch 50/150 | Train Loss: 0.0283 | Epoch Time: 0.42s | Spearman@80: 0.4186 | Kendall@80: 0.2969
Epoch 51/150 | Train Loss: 0.0319 | Epoch Time: 0.42s | Spearman@80: 0.4123 | Kendall@80: 0.2893
Epoch 52/150 | Train Loss: 0.0431 | Epoch Time: 0.43s | Spearman@80: 0.3957 | Kendall@80: 0.2779
Epoch 53/150 | Train Loss: 0.0389 | Epoch Time: 0.43s | Spearman@80: 0.4175 | Kendall@80: 0.2976
Epoch 54/150 | Train Loss: 0.0394 | Epoch Time: 0.43s | Spearman@80: 0.4181 | Kendall@80: 0.2950
Epoch 55/150 | Train Loss: 0.0424 | Epoch Time: 0.41s | Spearman@80: 0.4585 | Kendall@80: 0.3280
Epoch 56/150 | Train Loss: 0.0297 | Epoch Time: 0.41s | Spearman@80: 0.3824 | Kendall@80: 0.2678
Epoch 57/150 | Train Loss: 0.0344 | Epoch Time: 0.42s | Spearman@80: 0.4225 | Kendall@80: 0.2982
Epoch 58/150 | Train Loss: 0.0295 | Epoch Time: 0.42s | Spearman@80: 0.4561 | Kendall@80: 0.3153
Epoch 59/150 | Train Loss: 0.0311 | Epoch Time: 0.42s | Spearman@80: 0.4387 | Kendall@80: 0.3166
Epoch 60/150 | Train Loss: 0.0259 | Epoch Time: 0.44s | Spearman@80: 0.4336 | Kendall@80: 0.3109
Epoch 61/150 | Train Loss: 0.0274 | Epoch Time: 0.43s | Spearman@80: 0.4098 | Kendall@80: 0.2881
Epoch 62/150 | Train Loss: 0.0321 | Epoch Time: 0.41s | Spearman@80: 0.4214 | Kendall@80: 0.2938
Epoch 63/150 | Train Loss: 0.0347 | Epoch Time: 0.44s | Spearman@80: 0.3624 | Kendall@80: 0.2538
Epoch 64/150 | Train Loss: 0.0261 | Epoch Time: 0.43s | Spearman@80: 0.4349 | Kendall@80: 0.3109
Epoch 65/150 | Train Loss: 0.0345 | Epoch Time: 0.42s | Spearman@80: 0.4463 | Kendall@80: 0.3134
Epoch 66/150 | Train Loss: 0.0337 | Epoch Time: 0.42s | Spearman@80: 0.4344 | Kendall@80: 0.3077
Epoch 67/150 | Train Loss: 0.0274 | Epoch Time: 0.42s | Spearman@80: 0.3989 | Kendall@80: 0.2836
Epoch 68/150 | Train Loss: 0.0272 | Epoch Time: 0.40s | Spearman@80: 0.3605 | Kendall@80: 0.2532
Epoch 69/150 | Train Loss: 0.0293 | Epoch Time: 0.42s | Spearman@80: 0.4206 | Kendall@80: 0.3001
Epoch 70/150 | Train Loss: 0.0224 | Epoch Time: 0.43s | Spearman@80: 0.4264 | Kendall@80: 0.3001
Epoch 71/150 | Train Loss: 0.0212 | Epoch Time: 0.43s | Spearman@80: 0.4227 | Kendall@80: 0.3020
Epoch 72/150 | Train Loss: 0.0240 | Epoch Time: 0.42s | Spearman@80: 0.3806 | Kendall@80: 0.2684
Epoch 73/150 | Train Loss: 0.0230 | Epoch Time: 0.41s | Spearman@80: 0.3968 | Kendall@80: 0.2817
Epoch 74/150 | Train Loss: 0.0307 | Epoch Time: 0.42s | Spearman@80: 0.4101 | Kendall@80: 0.2912
Epoch 75/150 | Train Loss: 0.0246 | Epoch Time: 0.42s | Spearman@80: 0.3863 | Kendall@80: 0.2735
Epoch 76/150 | Train Loss: 0.0203 | Epoch Time: 0.41s | Spearman@80: 0.3735 | Kendall@80: 0.2646
Epoch 77/150 | Train Loss: 0.0220 | Epoch Time: 0.43s | Spearman@80: 0.3897 | Kendall@80: 0.2748
Epoch 78/150 | Train Loss: 0.0246 | Epoch Time: 0.42s | Spearman@80: 0.3950 | Kendall@80: 0.2741
Epoch 79/150 | Train Loss: 0.0230 | Epoch Time: 0.42s | Spearman@80: 0.3946 | Kendall@80: 0.2773
Epoch 80/150 | Train Loss: 0.0243 | Epoch Time: 0.43s | Spearman@80: 0.3658 | Kendall@80: 0.2608
Epoch 81/150 | Train Loss: 0.0252 | Epoch Time: 0.42s | Spearman@80: 0.4173 | Kendall@80: 0.3020
Epoch 82/150 | Train Loss: 0.0176 | Epoch Time: 0.42s | Spearman@80: 0.4178 | Kendall@80: 0.3007
Epoch 83/150 | Train Loss: 0.0209 | Epoch Time: 0.43s | Spearman@80: 0.4170 | Kendall@80: 0.3014
Epoch 84/150 | Train Loss: 0.0219 | Epoch Time: 0.42s | Spearman@80: 0.4161 | Kendall@80: 0.3001
Epoch 85/150 | Train Loss: 0.0246 | Epoch Time: 0.41s | Spearman@80: 0.4061 | Kendall@80: 0.2931
Epoch 86/150 | Train Loss: 0.0184 | Epoch Time: 0.42s | Spearman@80: 0.4038 | Kendall@80: 0.2906
Epoch 87/150 | Train Loss: 0.0221 | Epoch Time: 0.42s | Spearman@80: 0.3773 | Kendall@80: 0.2646
Epoch 88/150 | Train Loss: 0.0215 | Epoch Time: 0.42s | Spearman@80: 0.3976 | Kendall@80: 0.2849
Epoch 89/150 | Train Loss: 0.0192 | Epoch Time: 0.42s | Spearman@80: 0.4052 | Kendall@80: 0.2931
Epoch 90/150 | Train Loss: 0.0145 | Epoch Time: 0.43s | Spearman@80: 0.4214 | Kendall@80: 0.3020
Epoch 91/150 | Train Loss: 0.0162 | Epoch Time: 0.44s | Spearman@80: 0.3894 | Kendall@80: 0.2792
Epoch 92/150 | Train Loss: 0.0206 | Epoch Time: 0.43s | Spearman@80: 0.3957 | Kendall@80: 0.2862
Epoch 93/150 | Train Loss: 0.0159 | Epoch Time: 0.43s | Spearman@80: 0.3912 | Kendall@80: 0.2830
Epoch 94/150 | Train Loss: 0.0238 | Epoch Time: 0.42s | Spearman@80: 0.3433 | Kendall@80: 0.2431
Epoch 95/150 | Train Loss: 0.0171 | Epoch Time: 0.43s | Spearman@80: 0.3643 | Kendall@80: 0.2576
Epoch 96/150 | Train Loss: 0.0259 | Epoch Time: 0.42s | Spearman@80: 0.3744 | Kendall@80: 0.2684
Epoch 97/150 | Train Loss: 0.0152 | Epoch Time: 0.42s | Spearman@80: 0.3839 | Kendall@80: 0.2754
Epoch 98/150 | Train Loss: 0.0203 | Epoch Time: 0.42s | Spearman@80: 0.3886 | Kendall@80: 0.2836
Epoch 99/150 | Train Loss: 0.0158 | Epoch Time: 0.41s | Spearman@80: 0.3997 | Kendall@80: 0.2887
Epoch 100/150 | Train Loss: 0.0159 | Epoch Time: 0.44s | Spearman@80: 0.3722 | Kendall@80: 0.2633
Epoch 101/150 | Train Loss: 0.0144 | Epoch Time: 0.42s | Spearman@80: 0.3631 | Kendall@80: 0.2614
Epoch 102/150 | Train Loss: 0.0220 | Epoch Time: 0.42s | Spearman@80: 0.3837 | Kendall@80: 0.2748
Epoch 103/150 | Train Loss: 0.0237 | Epoch Time: 0.42s | Spearman@80: 0.3888 | Kendall@80: 0.2798
Epoch 104/150 | Train Loss: 0.0135 | Epoch Time: 0.44s | Spearman@80: 0.3802 | Kendall@80: 0.2729
Epoch 105/150 | Train Loss: 0.0125 | Epoch Time: 0.42s | Spearman@80: 0.3925 | Kendall@80: 0.2830
Epoch 106/150 | Train Loss: 0.0147 | Epoch Time: 0.43s | Spearman@80: 0.3849 | Kendall@80: 0.2824
Epoch 107/150 | Train Loss: 0.0151 | Epoch Time: 0.43s | Spearman@80: 0.3990 | Kendall@80: 0.2893
Epoch 108/150 | Train Loss: 0.0174 | Epoch Time: 0.42s | Spearman@80: 0.3941 | Kendall@80: 0.2849
Epoch 109/150 | Train Loss: 0.0145 | Epoch Time: 0.42s | Spearman@80: 0.3650 | Kendall@80: 0.2608
Epoch 110/150 | Train Loss: 0.0137 | Epoch Time: 0.43s | Spearman@80: 0.3748 | Kendall@80: 0.2697
Epoch 111/150 | Train Loss: 0.0111 | Epoch Time: 0.41s | Spearman@80: 0.3817 | Kendall@80: 0.2748
Epoch 112/150 | Train Loss: 0.0141 | Epoch Time: 0.41s | Spearman@80: 0.3943 | Kendall@80: 0.2855
Epoch 113/150 | Train Loss: 0.0236 | Epoch Time: 0.42s | Spearman@80: 0.3591 | Kendall@80: 0.2595
Epoch 114/150 | Train Loss: 0.0146 | Epoch Time: 0.42s | Spearman@80: 0.3647 | Kendall@80: 0.2621
Epoch 115/150 | Train Loss: 0.0088 | Epoch Time: 0.43s | Spearman@80: 0.3700 | Kendall@80: 0.2672
Epoch 116/150 | Train Loss: 0.0161 | Epoch Time: 0.42s | Spearman@80: 0.3623 | Kendall@80: 0.2576
Epoch 117/150 | Train Loss: 0.0118 | Epoch Time: 0.41s | Spearman@80: 0.3784 | Kendall@80: 0.2748
Epoch 118/150 | Train Loss: 0.0171 | Epoch Time: 0.42s | Spearman@80: 0.3904 | Kendall@80: 0.2817
Epoch 119/150 | Train Loss: 0.0118 | Epoch Time: 0.42s | Spearman@80: 0.3772 | Kendall@80: 0.2697
Epoch 120/150 | Train Loss: 0.0175 | Epoch Time: 0.43s | Spearman@80: 0.3688 | Kendall@80: 0.2653
Epoch 121/150 | Train Loss: 0.0144 | Epoch Time: 0.42s | Spearman@80: 0.3651 | Kendall@80: 0.2633
Epoch 122/150 | Train Loss: 0.0208 | Epoch Time: 0.42s | Spearman@80: 0.3656 | Kendall@80: 0.2627
Epoch 123/150 | Train Loss: 0.0159 | Epoch Time: 0.42s | Spearman@80: 0.3578 | Kendall@80: 0.2570
Epoch 124/150 | Train Loss: 0.0116 | Epoch Time: 0.42s | Spearman@80: 0.3528 | Kendall@80: 0.2545
Epoch 125/150 | Train Loss: 0.0166 | Epoch Time: 0.43s | Spearman@80: 0.3562 | Kendall@80: 0.2576
Epoch 126/150 | Train Loss: 0.0141 | Epoch Time: 0.41s | Spearman@80: 0.3551 | Kendall@80: 0.2564
Epoch 127/150 | Train Loss: 0.0130 | Epoch Time: 0.42s | Spearman@80: 0.3545 | Kendall@80: 0.2551
Epoch 128/150 | Train Loss: 0.0116 | Epoch Time: 0.42s | Spearman@80: 0.3697 | Kendall@80: 0.2703
Epoch 129/150 | Train Loss: 0.0146 | Epoch Time: 0.41s | Spearman@80: 0.3686 | Kendall@80: 0.2691
Epoch 130/150 | Train Loss: 0.0105 | Epoch Time: 0.41s | Spearman@80: 0.3643 | Kendall@80: 0.2646
Epoch 131/150 | Train Loss: 0.0176 | Epoch Time: 0.42s | Spearman@80: 0.3681 | Kendall@80: 0.2659
Epoch 132/150 | Train Loss: 0.0121 | Epoch Time: 0.43s | Spearman@80: 0.3638 | Kendall@80: 0.2614
Epoch 133/150 | Train Loss: 0.0123 | Epoch Time: 0.42s | Spearman@80: 0.3585 | Kendall@80: 0.2608
Epoch 134/150 | Train Loss: 0.0076 | Epoch Time: 0.42s | Spearman@80: 0.3541 | Kendall@80: 0.2570
Epoch 135/150 | Train Loss: 0.0133 | Epoch Time: 0.42s | Spearman@80: 0.3544 | Kendall@80: 0.2576
Epoch 136/150 | Train Loss: 0.0142 | Epoch Time: 0.44s | Spearman@80: 0.3586 | Kendall@80: 0.2589
Epoch 137/150 | Train Loss: 0.0138 | Epoch Time: 0.42s | Spearman@80: 0.3622 | Kendall@80: 0.2614
Epoch 138/150 | Train Loss: 0.0089 | Epoch Time: 0.43s | Spearman@80: 0.3639 | Kendall@80: 0.2627
Epoch 139/150 | Train Loss: 0.0132 | Epoch Time: 0.42s | Spearman@80: 0.3604 | Kendall@80: 0.2614
Epoch 140/150 | Train Loss: 0.0108 | Epoch Time: 0.43s | Spearman@80: 0.3644 | Kendall@80: 0.2640
Epoch 141/150 | Train Loss: 0.0117 | Epoch Time: 0.43s | Spearman@80: 0.3624 | Kendall@80: 0.2621
Epoch 142/150 | Train Loss: 0.0102 | Epoch Time: 0.42s | Spearman@80: 0.3649 | Kendall@80: 0.2633
Epoch 143/150 | Train Loss: 0.0163 | Epoch Time: 0.41s | Spearman@80: 0.3649 | Kendall@80: 0.2633
Epoch 144/150 | Train Loss: 0.0097 | Epoch Time: 0.42s | Spearman@80: 0.3633 | Kendall@80: 0.2621
Epoch 145/150 | Train Loss: 0.0132 | Epoch Time: 0.41s | Spearman@80: 0.3633 | Kendall@80: 0.2621
Epoch 146/150 | Train Loss: 0.0144 | Epoch Time: 0.44s | Spearman@80: 0.3639 | Kendall@80: 0.2621
Epoch 147/150 | Train Loss: 0.0123 | Epoch Time: 1.14s | Spearman@4934: 0.5021 | Kendall@4934: 0.3501
Epoch 148/150 | Train Loss: 0.0092 | Epoch Time: 1.12s | Spearman@4934: 0.5019 | Kendall@4934: 0.3500
Epoch 149/150 | Train Loss: 0.0128 | Epoch Time: 1.13s | Spearman@4934: 0.5016 | Kendall@4934: 0.3498
Epoch 150/150 | Train Loss: 0.0085 | Epoch Time: 1.13s | Spearman@4934: 0.5014 | Kendall@4934: 0.3496
Sample Count: 64, Spearman: 0.5017610305890257, Kendall: 0.34988910318950767
{64: (0.5017610305890257, 0.34988910318950767),
 128: (0.5498004187039057, 0.3842830350051809)}
Epoch 1/150 | Train Loss: 0.1002 | Epoch Time: 0.86s | Spearman@80: 0.3899 | Kendall@80: 0.2619
Epoch 2/150 | Train Loss: 0.0952 | Epoch Time: 0.84s | Spearman@80: 0.4941 | Kendall@80: 0.3367
Epoch 3/150 | Train Loss: 0.0852 | Epoch Time: 0.83s | Spearman@80: 0.4445 | Kendall@80: 0.2974
Epoch 4/150 | Train Loss: 0.0725 | Epoch Time: 0.84s | Spearman@80: 0.6112 | Kendall@80: 0.4432
Epoch 5/150 | Train Loss: 0.0625 | Epoch Time: 0.83s | Spearman@80: 0.5933 | Kendall@80: 0.4261
Epoch 6/150 | Train Loss: 0.0584 | Epoch Time: 0.83s | Spearman@80: 0.6581 | Kendall@80: 0.4794
Epoch 7/150 | Train Loss: 0.0593 | Epoch Time: 0.82s | Spearman@80: 0.6595 | Kendall@80: 0.4756
Epoch 8/150 | Train Loss: 0.0556 | Epoch Time: 0.84s | Spearman@80: 0.6897 | Kendall@80: 0.4965
Epoch 9/150 | Train Loss: 0.0565 | Epoch Time: 0.85s | Spearman@80: 0.6124 | Kendall@80: 0.4261
Epoch 10/150 | Train Loss: 0.0592 | Epoch Time: 0.84s | Spearman@80: 0.7213 | Kendall@80: 0.5225
Epoch 11/150 | Train Loss: 0.0524 | Epoch Time: 0.87s | Spearman@80: 0.6376 | Kendall@80: 0.4477
Epoch 12/150 | Train Loss: 0.0511 | Epoch Time: 0.83s | Spearman@80: 0.7362 | Kendall@80: 0.5327
Epoch 13/150 | Train Loss: 0.0563 | Epoch Time: 0.84s | Spearman@80: 0.7348 | Kendall@80: 0.5409
Epoch 14/150 | Train Loss: 0.0517 | Epoch Time: 0.83s | Spearman@80: 0.7393 | Kendall@80: 0.5479
Epoch 15/150 | Train Loss: 0.0568 | Epoch Time: 0.83s | Spearman@80: 0.7472 | Kendall@80: 0.5498
Epoch 16/150 | Train Loss: 0.0553 | Epoch Time: 0.82s | Spearman@80: 0.7380 | Kendall@80: 0.5485
Epoch 17/150 | Train Loss: 0.0540 | Epoch Time: 0.82s | Spearman@80: 0.7465 | Kendall@80: 0.5504
Epoch 18/150 | Train Loss: 0.0545 | Epoch Time: 0.84s | Spearman@80: 0.6952 | Kendall@80: 0.5086
Epoch 19/150 | Train Loss: 0.0610 | Epoch Time: 0.82s | Spearman@80: 0.7629 | Kendall@80: 0.5637
Epoch 20/150 | Train Loss: 0.0478 | Epoch Time: 0.82s | Spearman@80: 0.7496 | Kendall@80: 0.5529
Epoch 21/150 | Train Loss: 0.0492 | Epoch Time: 0.83s | Spearman@80: 0.7164 | Kendall@80: 0.5219
Epoch 22/150 | Train Loss: 0.0482 | Epoch Time: 0.84s | Spearman@80: 0.6831 | Kendall@80: 0.4940
Epoch 23/150 | Train Loss: 0.0495 | Epoch Time: 0.86s | Spearman@80: 0.7161 | Kendall@80: 0.5193
Epoch 24/150 | Train Loss: 0.0434 | Epoch Time: 0.83s | Spearman@80: 0.7293 | Kendall@80: 0.5447
Epoch 25/150 | Train Loss: 0.0435 | Epoch Time: 0.85s | Spearman@80: 0.7149 | Kendall@80: 0.5270
Epoch 26/150 | Train Loss: 0.0472 | Epoch Time: 0.81s | Spearman@80: 0.7246 | Kendall@80: 0.5301
Epoch 27/150 | Train Loss: 0.0438 | Epoch Time: 0.82s | Spearman@80: 0.7116 | Kendall@80: 0.5238
Epoch 28/150 | Train Loss: 0.0439 | Epoch Time: 0.83s | Spearman@80: 0.7342 | Kendall@80: 0.5491
Epoch 29/150 | Train Loss: 0.0450 | Epoch Time: 0.85s | Spearman@80: 0.7177 | Kendall@80: 0.5295
Epoch 30/150 | Train Loss: 0.0481 | Epoch Time: 0.84s | Spearman@80: 0.7347 | Kendall@80: 0.5479
Epoch 31/150 | Train Loss: 0.0499 | Epoch Time: 0.83s | Spearman@80: 0.7395 | Kendall@80: 0.5561
Epoch 32/150 | Train Loss: 0.0474 | Epoch Time: 0.82s | Spearman@80: 0.7506 | Kendall@80: 0.5568
Epoch 33/150 | Train Loss: 0.0446 | Epoch Time: 0.83s | Spearman@80: 0.6764 | Kendall@80: 0.4933
Epoch 34/150 | Train Loss: 0.0464 | Epoch Time: 0.84s | Spearman@80: 0.7542 | Kendall@80: 0.5688
Epoch 35/150 | Train Loss: 0.0488 | Epoch Time: 0.84s | Spearman@80: 0.7691 | Kendall@80: 0.5834
Epoch 36/150 | Train Loss: 0.0436 | Epoch Time: 0.82s | Spearman@80: 0.7266 | Kendall@80: 0.5396
Epoch 37/150 | Train Loss: 0.0397 | Epoch Time: 0.86s | Spearman@80: 0.7221 | Kendall@80: 0.5390
Epoch 38/150 | Train Loss: 0.0403 | Epoch Time: 0.85s | Spearman@80: 0.7302 | Kendall@80: 0.5415
Epoch 39/150 | Train Loss: 0.0328 | Epoch Time: 0.82s | Spearman@80: 0.7479 | Kendall@80: 0.5485
Epoch 40/150 | Train Loss: 0.0361 | Epoch Time: 0.84s | Spearman@80: 0.6861 | Kendall@80: 0.4933
Epoch 41/150 | Train Loss: 0.0379 | Epoch Time: 0.81s | Spearman@80: 0.6799 | Kendall@80: 0.4946
Epoch 42/150 | Train Loss: 0.0438 | Epoch Time: 0.81s | Spearman@80: 0.7229 | Kendall@80: 0.5352
Epoch 43/150 | Train Loss: 0.0382 | Epoch Time: 0.82s | Spearman@80: 0.7394 | Kendall@80: 0.5517
Epoch 44/150 | Train Loss: 0.0380 | Epoch Time: 0.83s | Spearman@80: 0.7371 | Kendall@80: 0.5428
Epoch 45/150 | Train Loss: 0.0427 | Epoch Time: 0.82s | Spearman@80: 0.7340 | Kendall@80: 0.5428
Epoch 46/150 | Train Loss: 0.0376 | Epoch Time: 0.85s | Spearman@80: 0.6875 | Kendall@80: 0.4997
Epoch 47/150 | Train Loss: 0.0364 | Epoch Time: 0.84s | Spearman@80: 0.6671 | Kendall@80: 0.4813
Epoch 48/150 | Train Loss: 0.0409 | Epoch Time: 0.85s | Spearman@80: 0.7302 | Kendall@80: 0.5352
Epoch 49/150 | Train Loss: 0.0395 | Epoch Time: 0.82s | Spearman@80: 0.7134 | Kendall@80: 0.5168
Epoch 50/150 | Train Loss: 0.0360 | Epoch Time: 0.85s | Spearman@80: 0.7280 | Kendall@80: 0.5377
Epoch 51/150 | Train Loss: 0.0355 | Epoch Time: 0.85s | Spearman@80: 0.7106 | Kendall@80: 0.5250
Epoch 52/150 | Train Loss: 0.0388 | Epoch Time: 0.84s | Spearman@80: 0.7272 | Kendall@80: 0.5384
Epoch 53/150 | Train Loss: 0.0367 | Epoch Time: 0.82s | Spearman@80: 0.6751 | Kendall@80: 0.4895
Epoch 54/150 | Train Loss: 0.0352 | Epoch Time: 0.84s | Spearman@80: 0.6913 | Kendall@80: 0.5016
Epoch 55/150 | Train Loss: 0.0363 | Epoch Time: 0.85s | Spearman@80: 0.7056 | Kendall@80: 0.5155
Epoch 56/150 | Train Loss: 0.0350 | Epoch Time: 0.85s | Spearman@80: 0.7225 | Kendall@80: 0.5314
Epoch 57/150 | Train Loss: 0.0331 | Epoch Time: 0.82s | Spearman@80: 0.7508 | Kendall@80: 0.5587
Epoch 58/150 | Train Loss: 0.0342 | Epoch Time: 0.85s | Spearman@80: 0.7184 | Kendall@80: 0.5333
Epoch 59/150 | Train Loss: 0.0378 | Epoch Time: 0.84s | Spearman@80: 0.7297 | Kendall@80: 0.5352
Epoch 60/150 | Train Loss: 0.0346 | Epoch Time: 0.84s | Spearman@80: 0.7090 | Kendall@80: 0.5162
Epoch 61/150 | Train Loss: 0.0353 | Epoch Time: 0.82s | Spearman@80: 0.7171 | Kendall@80: 0.5250
Epoch 62/150 | Train Loss: 0.0339 | Epoch Time: 0.88s | Spearman@80: 0.6625 | Kendall@80: 0.4807
Epoch 63/150 | Train Loss: 0.0372 | Epoch Time: 0.82s | Spearman@80: 0.7203 | Kendall@80: 0.5333
Epoch 64/150 | Train Loss: 0.0289 | Epoch Time: 0.84s | Spearman@80: 0.6866 | Kendall@80: 0.5016
Epoch 65/150 | Train Loss: 0.0294 | Epoch Time: 0.84s | Spearman@80: 0.7301 | Kendall@80: 0.5339
Epoch 66/150 | Train Loss: 0.0340 | Epoch Time: 0.83s | Spearman@80: 0.7351 | Kendall@80: 0.5390
Epoch 67/150 | Train Loss: 0.0342 | Epoch Time: 0.82s | Spearman@80: 0.7135 | Kendall@80: 0.5219
Epoch 68/150 | Train Loss: 0.0353 | Epoch Time: 0.84s | Spearman@80: 0.7222 | Kendall@80: 0.5270
Epoch 69/150 | Train Loss: 0.0279 | Epoch Time: 0.84s | Spearman@80: 0.7322 | Kendall@80: 0.5301
Epoch 70/150 | Train Loss: 0.0338 | Epoch Time: 0.83s | Spearman@80: 0.7377 | Kendall@80: 0.5377
Epoch 71/150 | Train Loss: 0.0365 | Epoch Time: 0.84s | Spearman@80: 0.7155 | Kendall@80: 0.5206
Epoch 72/150 | Train Loss: 0.0349 | Epoch Time: 0.85s | Spearman@80: 0.7043 | Kendall@80: 0.5193
Epoch 73/150 | Train Loss: 0.0284 | Epoch Time: 0.85s | Spearman@80: 0.7210 | Kendall@80: 0.5282
Epoch 74/150 | Train Loss: 0.0303 | Epoch Time: 0.85s | Spearman@80: 0.7370 | Kendall@80: 0.5358
Epoch 75/150 | Train Loss: 0.0262 | Epoch Time: 0.81s | Spearman@80: 0.7459 | Kendall@80: 0.5472
Epoch 76/150 | Train Loss: 0.0276 | Epoch Time: 0.88s | Spearman@80: 0.6938 | Kendall@80: 0.5079
Epoch 77/150 | Train Loss: 0.0358 | Epoch Time: 0.83s | Spearman@80: 0.7316 | Kendall@80: 0.5295
Epoch 78/150 | Train Loss: 0.0298 | Epoch Time: 0.83s | Spearman@80: 0.7310 | Kendall@80: 0.5276
Epoch 79/150 | Train Loss: 0.0259 | Epoch Time: 0.82s | Spearman@80: 0.6836 | Kendall@80: 0.4902
Epoch 80/150 | Train Loss: 0.0291 | Epoch Time: 0.84s | Spearman@80: 0.7056 | Kendall@80: 0.5054
Epoch 81/150 | Train Loss: 0.0281 | Epoch Time: 0.83s | Spearman@80: 0.6830 | Kendall@80: 0.4889
Epoch 82/150 | Train Loss: 0.0227 | Epoch Time: 0.83s | Spearman@80: 0.7201 | Kendall@80: 0.5257
Epoch 83/150 | Train Loss: 0.0287 | Epoch Time: 0.84s | Spearman@80: 0.7212 | Kendall@80: 0.5276
Epoch 84/150 | Train Loss: 0.0268 | Epoch Time: 0.83s | Spearman@80: 0.7043 | Kendall@80: 0.5117
Epoch 85/150 | Train Loss: 0.0264 | Epoch Time: 0.84s | Spearman@80: 0.7126 | Kendall@80: 0.5149
Epoch 86/150 | Train Loss: 0.0245 | Epoch Time: 0.85s | Spearman@80: 0.6812 | Kendall@80: 0.4819
Epoch 87/150 | Train Loss: 0.0196 | Epoch Time: 0.80s | Spearman@80: 0.7303 | Kendall@80: 0.5289
Epoch 88/150 | Train Loss: 0.0257 | Epoch Time: 0.82s | Spearman@80: 0.7175 | Kendall@80: 0.5250
Epoch 89/150 | Train Loss: 0.0238 | Epoch Time: 0.82s | Spearman@80: 0.7198 | Kendall@80: 0.5219
Epoch 90/150 | Train Loss: 0.0225 | Epoch Time: 0.82s | Spearman@80: 0.7393 | Kendall@80: 0.5409
Epoch 91/150 | Train Loss: 0.0299 | Epoch Time: 0.84s | Spearman@80: 0.6933 | Kendall@80: 0.5003
Epoch 92/150 | Train Loss: 0.0271 | Epoch Time: 0.82s | Spearman@80: 0.6755 | Kendall@80: 0.4864
Epoch 93/150 | Train Loss: 0.0280 | Epoch Time: 0.84s | Spearman@80: 0.6931 | Kendall@80: 0.4997
Epoch 94/150 | Train Loss: 0.0265 | Epoch Time: 0.83s | Spearman@80: 0.7036 | Kendall@80: 0.5086
Epoch 95/150 | Train Loss: 0.0274 | Epoch Time: 0.82s | Spearman@80: 0.7180 | Kendall@80: 0.5250
Epoch 96/150 | Train Loss: 0.0254 | Epoch Time: 0.81s | Spearman@80: 0.7000 | Kendall@80: 0.5035
Epoch 97/150 | Train Loss: 0.0289 | Epoch Time: 0.82s | Spearman@80: 0.7099 | Kendall@80: 0.5073
Epoch 98/150 | Train Loss: 0.0206 | Epoch Time: 0.83s | Spearman@80: 0.7023 | Kendall@80: 0.5022
Epoch 99/150 | Train Loss: 0.0205 | Epoch Time: 0.82s | Spearman@80: 0.7216 | Kendall@80: 0.5231
Epoch 100/150 | Train Loss: 0.0212 | Epoch Time: 0.85s | Spearman@80: 0.7008 | Kendall@80: 0.4984
Epoch 101/150 | Train Loss: 0.0237 | Epoch Time: 0.85s | Spearman@80: 0.6795 | Kendall@80: 0.4794
Epoch 102/150 | Train Loss: 0.0179 | Epoch Time: 0.82s | Spearman@80: 0.7127 | Kendall@80: 0.5124
Epoch 103/150 | Train Loss: 0.0250 | Epoch Time: 0.81s | Spearman@80: 0.6965 | Kendall@80: 0.5022
Epoch 104/150 | Train Loss: 0.0285 | Epoch Time: 0.84s | Spearman@80: 0.6987 | Kendall@80: 0.5035
Epoch 105/150 | Train Loss: 0.0236 | Epoch Time: 0.85s | Spearman@80: 0.6939 | Kendall@80: 0.4952
Epoch 106/150 | Train Loss: 0.0184 | Epoch Time: 0.84s | Spearman@80: 0.6919 | Kendall@80: 0.4946
Epoch 107/150 | Train Loss: 0.0154 | Epoch Time: 0.83s | Spearman@80: 0.6907 | Kendall@80: 0.4921
Epoch 108/150 | Train Loss: 0.0204 | Epoch Time: 0.83s | Spearman@80: 0.6986 | Kendall@80: 0.4990
Epoch 109/150 | Train Loss: 0.0213 | Epoch Time: 0.83s | Spearman@80: 0.6901 | Kendall@80: 0.4933
Epoch 110/150 | Train Loss: 0.0201 | Epoch Time: 0.83s | Spearman@80: 0.7128 | Kendall@80: 0.5111
Epoch 111/150 | Train Loss: 0.0233 | Epoch Time: 0.83s | Spearman@80: 0.6982 | Kendall@80: 0.4990
Epoch 112/150 | Train Loss: 0.0151 | Epoch Time: 0.84s | Spearman@80: 0.6834 | Kendall@80: 0.4889
Epoch 113/150 | Train Loss: 0.0160 | Epoch Time: 0.82s | Spearman@80: 0.7035 | Kendall@80: 0.5003
Epoch 114/150 | Train Loss: 0.0191 | Epoch Time: 0.84s | Spearman@80: 0.6954 | Kendall@80: 0.4921
Epoch 115/150 | Train Loss: 0.0157 | Epoch Time: 0.84s | Spearman@80: 0.7120 | Kendall@80: 0.5079
Epoch 116/150 | Train Loss: 0.0126 | Epoch Time: 0.85s | Spearman@80: 0.7029 | Kendall@80: 0.4997
Epoch 117/150 | Train Loss: 0.0137 | Epoch Time: 0.85s | Spearman@80: 0.6992 | Kendall@80: 0.4946
Epoch 118/150 | Train Loss: 0.0185 | Epoch Time: 0.86s | Spearman@80: 0.6974 | Kendall@80: 0.4959
Epoch 119/150 | Train Loss: 0.0170 | Epoch Time: 0.84s | Spearman@80: 0.6902 | Kendall@80: 0.4965
Epoch 120/150 | Train Loss: 0.0161 | Epoch Time: 0.83s | Spearman@80: 0.6907 | Kendall@80: 0.4946
Epoch 121/150 | Train Loss: 0.0162 | Epoch Time: 0.84s | Spearman@80: 0.6694 | Kendall@80: 0.4769
Epoch 122/150 | Train Loss: 0.0192 | Epoch Time: 0.83s | Spearman@80: 0.6840 | Kendall@80: 0.4908
Epoch 123/150 | Train Loss: 0.0132 | Epoch Time: 0.83s | Spearman@80: 0.6925 | Kendall@80: 0.4940
Epoch 124/150 | Train Loss: 0.0181 | Epoch Time: 0.82s | Spearman@80: 0.6936 | Kendall@80: 0.4933
Epoch 125/150 | Train Loss: 0.0148 | Epoch Time: 0.84s | Spearman@80: 0.6933 | Kendall@80: 0.4933
Epoch 126/150 | Train Loss: 0.0115 | Epoch Time: 0.86s | Spearman@80: 0.6951 | Kendall@80: 0.4984
Epoch 127/150 | Train Loss: 0.0174 | Epoch Time: 0.83s | Spearman@80: 0.6956 | Kendall@80: 0.5003
Epoch 128/150 | Train Loss: 0.0148 | Epoch Time: 0.83s | Spearman@80: 0.6940 | Kendall@80: 0.4933
Epoch 129/150 | Train Loss: 0.0185 | Epoch Time: 0.82s | Spearman@80: 0.6910 | Kendall@80: 0.4952
Epoch 130/150 | Train Loss: 0.0130 | Epoch Time: 0.83s | Spearman@80: 0.6907 | Kendall@80: 0.4933
Epoch 131/150 | Train Loss: 0.0163 | Epoch Time: 0.84s | Spearman@80: 0.6877 | Kendall@80: 0.4876
Epoch 132/150 | Train Loss: 0.0111 | Epoch Time: 0.84s | Spearman@80: 0.6911 | Kendall@80: 0.4914
Epoch 133/150 | Train Loss: 0.0144 | Epoch Time: 0.82s | Spearman@80: 0.6867 | Kendall@80: 0.4914
Epoch 134/150 | Train Loss: 0.0124 | Epoch Time: 0.83s | Spearman@80: 0.6897 | Kendall@80: 0.4902
Epoch 135/150 | Train Loss: 0.0159 | Epoch Time: 0.85s | Spearman@80: 0.6906 | Kendall@80: 0.4927
Epoch 136/150 | Train Loss: 0.0154 | Epoch Time: 0.84s | Spearman@80: 0.6882 | Kendall@80: 0.4914
Epoch 137/150 | Train Loss: 0.0128 | Epoch Time: 0.81s | Spearman@80: 0.6909 | Kendall@80: 0.4933
Epoch 138/150 | Train Loss: 0.0135 | Epoch Time: 0.84s | Spearman@80: 0.6922 | Kendall@80: 0.4940
Epoch 139/150 | Train Loss: 0.0117 | Epoch Time: 0.83s | Spearman@80: 0.6941 | Kendall@80: 0.4971
Epoch 140/150 | Train Loss: 0.0175 | Epoch Time: 0.82s | Spearman@80: 0.6941 | Kendall@80: 0.4965
Epoch 141/150 | Train Loss: 0.0145 | Epoch Time: 0.83s | Spearman@80: 0.6952 | Kendall@80: 0.4978
Epoch 142/150 | Train Loss: 0.0122 | Epoch Time: 0.82s | Spearman@80: 0.6951 | Kendall@80: 0.4997
Epoch 143/150 | Train Loss: 0.0119 | Epoch Time: 0.84s | Spearman@80: 0.6968 | Kendall@80: 0.5010
Epoch 144/150 | Train Loss: 0.0124 | Epoch Time: 0.81s | Spearman@80: 0.6952 | Kendall@80: 0.4990
Epoch 145/150 | Train Loss: 0.0174 | Epoch Time: 0.83s | Spearman@80: 0.6953 | Kendall@80: 0.4978
Epoch 146/150 | Train Loss: 0.0147 | Epoch Time: 0.82s | Spearman@80: 0.6969 | Kendall@80: 0.5003
Epoch 147/150 | Train Loss: 0.0135 | Epoch Time: 1.52s | Spearman@4870: 0.5955 | Kendall@4870: 0.4208
Epoch 148/150 | Train Loss: 0.0125 | Epoch Time: 1.52s | Spearman@4870: 0.5956 | Kendall@4870: 0.4209
Epoch 149/150 | Train Loss: 0.0152 | Epoch Time: 1.54s | Spearman@4870: 0.5957 | Kendall@4870: 0.4209
Epoch 150/150 | Train Loss: 0.0152 | Epoch Time: 1.52s | Spearman@4870: 0.5956 | Kendall@4870: 0.4208
Sample Count: 128, Spearman: 0.5956228397288353, Kendall: 0.4208436444858425
{64: (0.5017610305890257, 0.34988910318950767),
 128: (0.5956228397288353, 0.4208436444858425)}
Epoch 1/150 | Train Loss: 0.0996 | Epoch Time: 0.42s | Spearman@80: 0.4437 | Kendall@80: 0.3075
Epoch 2/150 | Train Loss: 0.0980 | Epoch Time: 0.42s | Spearman@80: 0.2673 | Kendall@80: 0.1815
Epoch 3/150 | Train Loss: 0.0937 | Epoch Time: 0.42s | Spearman@80: 0.2521 | Kendall@80: 0.1701
Epoch 4/150 | Train Loss: 0.0833 | Epoch Time: 0.44s | Spearman@80: 0.2895 | Kendall@80: 0.2011
Epoch 5/150 | Train Loss: 0.0778 | Epoch Time: 0.42s | Spearman@80: 0.4002 | Kendall@80: 0.2714
Epoch 6/150 | Train Loss: 0.0725 | Epoch Time: 0.42s | Spearman@80: 0.4697 | Kendall@80: 0.3354
Epoch 7/150 | Train Loss: 0.0606 | Epoch Time: 0.44s | Spearman@80: 0.5854 | Kendall@80: 0.4228
Epoch 8/150 | Train Loss: 0.0515 | Epoch Time: 0.43s | Spearman@80: 0.5217 | Kendall@80: 0.3715
Epoch 9/150 | Train Loss: 0.0573 | Epoch Time: 0.41s | Spearman@80: 0.6457 | Kendall@80: 0.4709
Epoch 10/150 | Train Loss: 0.0460 | Epoch Time: 0.40s | Spearman@80: 0.4564 | Kendall@80: 0.3082
Epoch 11/150 | Train Loss: 0.0432 | Epoch Time: 0.44s | Spearman@80: 0.6830 | Kendall@80: 0.5051
Epoch 12/150 | Train Loss: 0.0416 | Epoch Time: 0.44s | Spearman@80: 0.6056 | Kendall@80: 0.4298
Epoch 13/150 | Train Loss: 0.0475 | Epoch Time: 0.43s | Spearman@80: 0.6131 | Kendall@80: 0.4380
Epoch 14/150 | Train Loss: 0.0395 | Epoch Time: 0.43s | Spearman@80: 0.6223 | Kendall@80: 0.4431
Epoch 15/150 | Train Loss: 0.0461 | Epoch Time: 0.42s | Spearman@80: 0.4615 | Kendall@80: 0.3113
Epoch 16/150 | Train Loss: 0.0580 | Epoch Time: 0.42s | Spearman@80: 0.7081 | Kendall@80: 0.5165
Epoch 17/150 | Train Loss: 0.0480 | Epoch Time: 0.43s | Spearman@80: 0.6685 | Kendall@80: 0.4842
Epoch 18/150 | Train Loss: 0.0408 | Epoch Time: 0.45s | Spearman@80: 0.5955 | Kendall@80: 0.4215
Epoch 19/150 | Train Loss: 0.0436 | Epoch Time: 0.44s | Spearman@80: 0.6803 | Kendall@80: 0.4880
Epoch 20/150 | Train Loss: 0.0326 | Epoch Time: 0.43s | Spearman@80: 0.6145 | Kendall@80: 0.4266
Epoch 21/150 | Train Loss: 0.0368 | Epoch Time: 0.44s | Spearman@80: 0.6271 | Kendall@80: 0.4513
Epoch 22/150 | Train Loss: 0.0462 | Epoch Time: 0.43s | Spearman@80: 0.7199 | Kendall@80: 0.5356
Epoch 23/150 | Train Loss: 0.0401 | Epoch Time: 0.43s | Spearman@80: 0.7295 | Kendall@80: 0.5432
Epoch 24/150 | Train Loss: 0.0439 | Epoch Time: 0.42s | Spearman@80: 0.6903 | Kendall@80: 0.5045
Epoch 25/150 | Train Loss: 0.0375 | Epoch Time: 0.44s | Spearman@80: 0.5896 | Kendall@80: 0.4127
Epoch 26/150 | Train Loss: 0.0399 | Epoch Time: 0.42s | Spearman@80: 0.7103 | Kendall@80: 0.5273
Epoch 27/150 | Train Loss: 0.0322 | Epoch Time: 0.42s | Spearman@80: 0.7129 | Kendall@80: 0.5368
Epoch 28/150 | Train Loss: 0.0342 | Epoch Time: 0.41s | Spearman@80: 0.7281 | Kendall@80: 0.5501
Epoch 29/150 | Train Loss: 0.0277 | Epoch Time: 0.45s | Spearman@80: 0.7126 | Kendall@80: 0.5337
Epoch 30/150 | Train Loss: 0.0295 | Epoch Time: 0.42s | Spearman@80: 0.7077 | Kendall@80: 0.5267
Epoch 31/150 | Train Loss: 0.0312 | Epoch Time: 0.44s | Spearman@80: 0.7238 | Kendall@80: 0.5381
Epoch 32/150 | Train Loss: 0.0370 | Epoch Time: 0.42s | Spearman@80: 0.6915 | Kendall@80: 0.4988
Epoch 33/150 | Train Loss: 0.0318 | Epoch Time: 0.40s | Spearman@80: 0.6923 | Kendall@80: 0.4988
Epoch 34/150 | Train Loss: 0.0256 | Epoch Time: 0.42s | Spearman@80: 0.7456 | Kendall@80: 0.5628
Epoch 35/150 | Train Loss: 0.0283 | Epoch Time: 0.43s | Spearman@80: 0.7489 | Kendall@80: 0.5622
Epoch 36/150 | Train Loss: 0.0272 | Epoch Time: 0.42s | Spearman@80: 0.6485 | Kendall@80: 0.4602
Epoch 37/150 | Train Loss: 0.0341 | Epoch Time: 0.43s | Spearman@80: 0.7421 | Kendall@80: 0.5520
Epoch 38/150 | Train Loss: 0.0219 | Epoch Time: 0.44s | Spearman@80: 0.6827 | Kendall@80: 0.5026
Epoch 39/150 | Train Loss: 0.0384 | Epoch Time: 0.42s | Spearman@80: 0.6688 | Kendall@80: 0.4779
Epoch 40/150 | Train Loss: 0.0271 | Epoch Time: 0.41s | Spearman@80: 0.6948 | Kendall@80: 0.4988
Epoch 41/150 | Train Loss: 0.0369 | Epoch Time: 0.43s | Spearman@80: 0.7223 | Kendall@80: 0.5260
Epoch 42/150 | Train Loss: 0.0197 | Epoch Time: 0.44s | Spearman@80: 0.7646 | Kendall@80: 0.5698
Epoch 43/150 | Train Loss: 0.0251 | Epoch Time: 0.41s | Spearman@80: 0.6799 | Kendall@80: 0.4785
Epoch 44/150 | Train Loss: 0.0206 | Epoch Time: 0.43s | Spearman@80: 0.6968 | Kendall@80: 0.4956
Epoch 45/150 | Train Loss: 0.0150 | Epoch Time: 0.43s | Spearman@80: 0.6697 | Kendall@80: 0.4678
Epoch 46/150 | Train Loss: 0.0287 | Epoch Time: 0.41s | Spearman@80: 0.6712 | Kendall@80: 0.4760
Epoch 47/150 | Train Loss: 0.0259 | Epoch Time: 0.41s | Spearman@80: 0.6511 | Kendall@80: 0.4545
Epoch 48/150 | Train Loss: 0.0204 | Epoch Time: 0.41s | Spearman@80: 0.6333 | Kendall@80: 0.4589
Epoch 49/150 | Train Loss: 0.0226 | Epoch Time: 0.42s | Spearman@80: 0.7003 | Kendall@80: 0.5007
Epoch 50/150 | Train Loss: 0.0228 | Epoch Time: 0.42s | Spearman@80: 0.7278 | Kendall@80: 0.5330
Epoch 51/150 | Train Loss: 0.0192 | Epoch Time: 0.43s | Spearman@80: 0.5671 | Kendall@80: 0.3924
Epoch 52/150 | Train Loss: 0.0226 | Epoch Time: 0.42s | Spearman@80: 0.7536 | Kendall@80: 0.5571
Epoch 53/150 | Train Loss: 0.0193 | Epoch Time: 0.44s | Spearman@80: 0.7328 | Kendall@80: 0.5425
Epoch 54/150 | Train Loss: 0.0238 | Epoch Time: 0.41s | Spearman@80: 0.6783 | Kendall@80: 0.4880
Epoch 55/150 | Train Loss: 0.0293 | Epoch Time: 0.42s | Spearman@80: 0.6894 | Kendall@80: 0.4994
Epoch 56/150 | Train Loss: 0.0231 | Epoch Time: 0.44s | Spearman@80: 0.7068 | Kendall@80: 0.5178
Epoch 57/150 | Train Loss: 0.0224 | Epoch Time: 0.43s | Spearman@80: 0.6196 | Kendall@80: 0.4456
Epoch 58/150 | Train Loss: 0.0169 | Epoch Time: 0.41s | Spearman@80: 0.6253 | Kendall@80: 0.4494
Epoch 59/150 | Train Loss: 0.0243 | Epoch Time: 0.43s | Spearman@80: 0.5672 | Kendall@80: 0.3962
Epoch 60/150 | Train Loss: 0.0206 | Epoch Time: 0.42s | Spearman@80: 0.6603 | Kendall@80: 0.4766
Epoch 61/150 | Train Loss: 0.0218 | Epoch Time: 0.42s | Spearman@80: 0.7197 | Kendall@80: 0.5203
Epoch 62/150 | Train Loss: 0.0198 | Epoch Time: 0.43s | Spearman@80: 0.6934 | Kendall@80: 0.4982
Epoch 63/150 | Train Loss: 0.0174 | Epoch Time: 0.43s | Spearman@80: 0.7310 | Kendall@80: 0.5298
Epoch 64/150 | Train Loss: 0.0159 | Epoch Time: 0.42s | Spearman@80: 0.6708 | Kendall@80: 0.4773
Epoch 65/150 | Train Loss: 0.0194 | Epoch Time: 0.44s | Spearman@80: 0.6716 | Kendall@80: 0.4811
Epoch 66/150 | Train Loss: 0.0165 | Epoch Time: 0.42s | Spearman@80: 0.6438 | Kendall@80: 0.4595
Epoch 67/150 | Train Loss: 0.0184 | Epoch Time: 0.44s | Spearman@80: 0.6339 | Kendall@80: 0.4462
Epoch 68/150 | Train Loss: 0.0225 | Epoch Time: 0.44s | Spearman@80: 0.6124 | Kendall@80: 0.4393
Epoch 69/150 | Train Loss: 0.0185 | Epoch Time: 0.43s | Spearman@80: 0.6469 | Kendall@80: 0.4557
Epoch 70/150 | Train Loss: 0.0218 | Epoch Time: 0.42s | Spearman@80: 0.7033 | Kendall@80: 0.5096
Epoch 71/150 | Train Loss: 0.0211 | Epoch Time: 0.42s | Spearman@80: 0.7157 | Kendall@80: 0.5203
Epoch 72/150 | Train Loss: 0.0148 | Epoch Time: 0.42s | Spearman@80: 0.6286 | Kendall@80: 0.4437
Epoch 73/150 | Train Loss: 0.0174 | Epoch Time: 0.42s | Spearman@80: 0.6200 | Kendall@80: 0.4412
Epoch 74/150 | Train Loss: 0.0141 | Epoch Time: 0.43s | Spearman@80: 0.6091 | Kendall@80: 0.4310
Epoch 75/150 | Train Loss: 0.0231 | Epoch Time: 0.40s | Spearman@80: 0.7013 | Kendall@80: 0.5070
Epoch 76/150 | Train Loss: 0.0129 | Epoch Time: 0.41s | Spearman@80: 0.6893 | Kendall@80: 0.5007
Epoch 77/150 | Train Loss: 0.0197 | Epoch Time: 0.41s | Spearman@80: 0.5957 | Kendall@80: 0.4260
Epoch 78/150 | Train Loss: 0.0152 | Epoch Time: 0.41s | Spearman@80: 0.7122 | Kendall@80: 0.5140
Epoch 79/150 | Train Loss: 0.0172 | Epoch Time: 0.44s | Spearman@80: 0.6718 | Kendall@80: 0.4804
Epoch 80/150 | Train Loss: 0.0185 | Epoch Time: 0.41s | Spearman@80: 0.6639 | Kendall@80: 0.4760
Epoch 81/150 | Train Loss: 0.0165 | Epoch Time: 0.43s | Spearman@80: 0.6296 | Kendall@80: 0.4494
Epoch 82/150 | Train Loss: 0.0097 | Epoch Time: 0.42s | Spearman@80: 0.7116 | Kendall@80: 0.5115
Epoch 83/150 | Train Loss: 0.0158 | Epoch Time: 0.42s | Spearman@80: 0.7108 | Kendall@80: 0.5077
Epoch 84/150 | Train Loss: 0.0169 | Epoch Time: 0.42s | Spearman@80: 0.6685 | Kendall@80: 0.4716
Epoch 85/150 | Train Loss: 0.0176 | Epoch Time: 0.43s | Spearman@80: 0.7546 | Kendall@80: 0.5514
Epoch 86/150 | Train Loss: 0.0159 | Epoch Time: 0.42s | Spearman@80: 0.6850 | Kendall@80: 0.4893
Epoch 87/150 | Train Loss: 0.0071 | Epoch Time: 0.43s | Spearman@80: 0.5902 | Kendall@80: 0.4158
Epoch 88/150 | Train Loss: 0.0140 | Epoch Time: 0.41s | Spearman@80: 0.6366 | Kendall@80: 0.4557
Epoch 89/150 | Train Loss: 0.0156 | Epoch Time: 0.43s | Spearman@80: 0.6637 | Kendall@80: 0.4779
Epoch 90/150 | Train Loss: 0.0078 | Epoch Time: 0.43s | Spearman@80: 0.6597 | Kendall@80: 0.4804
Epoch 91/150 | Train Loss: 0.0092 | Epoch Time: 0.42s | Spearman@80: 0.6334 | Kendall@80: 0.4538
Epoch 92/150 | Train Loss: 0.0138 | Epoch Time: 0.42s | Spearman@80: 0.6358 | Kendall@80: 0.4595
Epoch 93/150 | Train Loss: 0.0127 | Epoch Time: 0.42s | Spearman@80: 0.6429 | Kendall@80: 0.4557
Epoch 94/150 | Train Loss: 0.0102 | Epoch Time: 0.39s | Spearman@80: 0.6000 | Kendall@80: 0.4222
Epoch 95/150 | Train Loss: 0.0129 | Epoch Time: 0.41s | Spearman@80: 0.6088 | Kendall@80: 0.4279
Epoch 96/150 | Train Loss: 0.0131 | Epoch Time: 0.42s | Spearman@80: 0.6820 | Kendall@80: 0.4842
Epoch 97/150 | Train Loss: 0.0089 | Epoch Time: 0.42s | Spearman@80: 0.6677 | Kendall@80: 0.4728
Epoch 98/150 | Train Loss: 0.0084 | Epoch Time: 0.45s | Spearman@80: 0.6037 | Kendall@80: 0.4253
Epoch 99/150 | Train Loss: 0.0120 | Epoch Time: 0.44s | Spearman@80: 0.6636 | Kendall@80: 0.4741
Epoch 100/150 | Train Loss: 0.0093 | Epoch Time: 0.42s | Spearman@80: 0.7266 | Kendall@80: 0.5235
Epoch 101/150 | Train Loss: 0.0169 | Epoch Time: 0.42s | Spearman@80: 0.7059 | Kendall@80: 0.5077
Epoch 102/150 | Train Loss: 0.0115 | Epoch Time: 0.43s | Spearman@80: 0.6109 | Kendall@80: 0.4304
Epoch 103/150 | Train Loss: 0.0133 | Epoch Time: 0.43s | Spearman@80: 0.6178 | Kendall@80: 0.4380
Epoch 104/150 | Train Loss: 0.0098 | Epoch Time: 0.42s | Spearman@80: 0.6671 | Kendall@80: 0.4741
Epoch 105/150 | Train Loss: 0.0093 | Epoch Time: 0.43s | Spearman@80: 0.6572 | Kendall@80: 0.4608
Epoch 106/150 | Train Loss: 0.0115 | Epoch Time: 0.45s | Spearman@80: 0.6814 | Kendall@80: 0.4887
Epoch 107/150 | Train Loss: 0.0108 | Epoch Time: 0.44s | Spearman@80: 0.6982 | Kendall@80: 0.5007
Epoch 108/150 | Train Loss: 0.0108 | Epoch Time: 0.43s | Spearman@80: 0.6501 | Kendall@80: 0.4608
Epoch 109/150 | Train Loss: 0.0085 | Epoch Time: 0.41s | Spearman@80: 0.6285 | Kendall@80: 0.4437
Epoch 110/150 | Train Loss: 0.0091 | Epoch Time: 0.41s | Spearman@80: 0.6891 | Kendall@80: 0.4956
Epoch 111/150 | Train Loss: 0.0101 | Epoch Time: 0.41s | Spearman@80: 0.6842 | Kendall@80: 0.4963
Epoch 112/150 | Train Loss: 0.0059 | Epoch Time: 0.41s | Spearman@80: 0.6864 | Kendall@80: 0.4963
Epoch 113/150 | Train Loss: 0.0106 | Epoch Time: 0.42s | Spearman@80: 0.6544 | Kendall@80: 0.4728
Epoch 114/150 | Train Loss: 0.0079 | Epoch Time: 0.44s | Spearman@80: 0.6362 | Kendall@80: 0.4545
Epoch 115/150 | Train Loss: 0.0122 | Epoch Time: 0.41s | Spearman@80: 0.6398 | Kendall@80: 0.4576
Epoch 116/150 | Train Loss: 0.0078 | Epoch Time: 0.43s | Spearman@80: 0.6731 | Kendall@80: 0.4861
Epoch 117/150 | Train Loss: 0.0097 | Epoch Time: 0.43s | Spearman@80: 0.6851 | Kendall@80: 0.4969
Epoch 118/150 | Train Loss: 0.0125 | Epoch Time: 0.41s | Spearman@80: 0.6766 | Kendall@80: 0.4874
Epoch 119/150 | Train Loss: 0.0085 | Epoch Time: 0.43s | Spearman@80: 0.6693 | Kendall@80: 0.4785
Epoch 120/150 | Train Loss: 0.0055 | Epoch Time: 0.41s | Spearman@80: 0.6624 | Kendall@80: 0.4703
Epoch 121/150 | Train Loss: 0.0095 | Epoch Time: 0.41s | Spearman@80: 0.6613 | Kendall@80: 0.4735
Epoch 122/150 | Train Loss: 0.0100 | Epoch Time: 0.45s | Spearman@80: 0.6764 | Kendall@80: 0.4874
Epoch 123/150 | Train Loss: 0.0127 | Epoch Time: 0.43s | Spearman@80: 0.6589 | Kendall@80: 0.4741
Epoch 124/150 | Train Loss: 0.0119 | Epoch Time: 0.43s | Spearman@80: 0.6323 | Kendall@80: 0.4500
Epoch 125/150 | Train Loss: 0.0095 | Epoch Time: 0.44s | Spearman@80: 0.6310 | Kendall@80: 0.4513
Epoch 126/150 | Train Loss: 0.0102 | Epoch Time: 0.44s | Spearman@80: 0.6454 | Kendall@80: 0.4633
Epoch 127/150 | Train Loss: 0.0059 | Epoch Time: 0.42s | Spearman@80: 0.6510 | Kendall@80: 0.4671
Epoch 128/150 | Train Loss: 0.0103 | Epoch Time: 0.41s | Spearman@80: 0.6493 | Kendall@80: 0.4646
Epoch 129/150 | Train Loss: 0.0096 | Epoch Time: 0.43s | Spearman@80: 0.6495 | Kendall@80: 0.4646
Epoch 130/150 | Train Loss: 0.0083 | Epoch Time: 0.41s | Spearman@80: 0.6610 | Kendall@80: 0.4728
Epoch 131/150 | Train Loss: 0.0105 | Epoch Time: 0.44s | Spearman@80: 0.6786 | Kendall@80: 0.4874
Epoch 132/150 | Train Loss: 0.0116 | Epoch Time: 0.42s | Spearman@80: 0.6839 | Kendall@80: 0.4893
Epoch 133/150 | Train Loss: 0.0054 | Epoch Time: 0.43s | Spearman@80: 0.6835 | Kendall@80: 0.4893
Epoch 134/150 | Train Loss: 0.0115 | Epoch Time: 0.42s | Spearman@80: 0.6702 | Kendall@80: 0.4817
Epoch 135/150 | Train Loss: 0.0139 | Epoch Time: 0.42s | Spearman@80: 0.6533 | Kendall@80: 0.4697
Epoch 136/150 | Train Loss: 0.0098 | Epoch Time: 0.45s | Spearman@80: 0.6373 | Kendall@80: 0.4564
Epoch 137/150 | Train Loss: 0.0076 | Epoch Time: 0.42s | Spearman@80: 0.6394 | Kendall@80: 0.4602
Epoch 138/150 | Train Loss: 0.0053 | Epoch Time: 0.42s | Spearman@80: 0.6404 | Kendall@80: 0.4608
Epoch 139/150 | Train Loss: 0.0091 | Epoch Time: 0.42s | Spearman@80: 0.6407 | Kendall@80: 0.4614
Epoch 140/150 | Train Loss: 0.0089 | Epoch Time: 0.44s | Spearman@80: 0.6461 | Kendall@80: 0.4627
Epoch 141/150 | Train Loss: 0.0087 | Epoch Time: 0.43s | Spearman@80: 0.6443 | Kendall@80: 0.4602
Epoch 142/150 | Train Loss: 0.0077 | Epoch Time: 0.41s | Spearman@80: 0.6462 | Kendall@80: 0.4627
Epoch 143/150 | Train Loss: 0.0106 | Epoch Time: 0.43s | Spearman@80: 0.6439 | Kendall@80: 0.4614
Epoch 144/150 | Train Loss: 0.0075 | Epoch Time: 0.42s | Spearman@80: 0.6406 | Kendall@80: 0.4576
Epoch 145/150 | Train Loss: 0.0067 | Epoch Time: 0.44s | Spearman@80: 0.6416 | Kendall@80: 0.4583
Epoch 146/150 | Train Loss: 0.0040 | Epoch Time: 0.42s | Spearman@80: 0.6416 | Kendall@80: 0.4583
Epoch 147/150 | Train Loss: 0.0070 | Epoch Time: 1.12s | Spearman@4934: 0.6051 | Kendall@4934: 0.4302
Epoch 148/150 | Train Loss: 0.0059 | Epoch Time: 1.11s | Spearman@4934: 0.6053 | Kendall@4934: 0.4303
Epoch 149/150 | Train Loss: 0.0087 | Epoch Time: 1.14s | Spearman@4934: 0.6055 | Kendall@4934: 0.4304
Epoch 150/150 | Train Loss: 0.0102 | Epoch Time: 1.13s | Spearman@4934: 0.6055 | Kendall@4934: 0.4305
Sample Count: 64, Spearman: 0.6053274957196833, Kendall: 0.4303404005002216
{64: (0.6053274957196833, 0.4303404005002216),
 128: (0.5956228397288353, 0.4208436444858425)}
Epoch 1/150 | Train Loss: 0.0982 | Epoch Time: 0.84s | Spearman@80: 0.4913 | Kendall@80: 0.3434
Epoch 2/150 | Train Loss: 0.0868 | Epoch Time: 0.85s | Spearman@80: 0.4710 | Kendall@80: 0.3339
Epoch 3/150 | Train Loss: 0.0717 | Epoch Time: 0.86s | Spearman@80: 0.5173 | Kendall@80: 0.3700
Epoch 4/150 | Train Loss: 0.0692 | Epoch Time: 0.83s | Spearman@80: 0.5709 | Kendall@80: 0.4219
Epoch 5/150 | Train Loss: 0.0651 | Epoch Time: 0.82s | Spearman@80: 0.5827 | Kendall@80: 0.4131
Epoch 6/150 | Train Loss: 0.0572 | Epoch Time: 0.83s | Spearman@80: 0.6003 | Kendall@80: 0.4264
Epoch 7/150 | Train Loss: 0.0550 | Epoch Time: 0.82s | Spearman@80: 0.5952 | Kendall@80: 0.4276
Epoch 8/150 | Train Loss: 0.0541 | Epoch Time: 0.87s | Spearman@80: 0.5085 | Kendall@80: 0.3643
Epoch 9/150 | Train Loss: 0.0571 | Epoch Time: 0.84s | Spearman@80: 0.6135 | Kendall@80: 0.4441
Epoch 10/150 | Train Loss: 0.0494 | Epoch Time: 0.84s | Spearman@80: 0.5703 | Kendall@80: 0.4061
Epoch 11/150 | Train Loss: 0.0530 | Epoch Time: 0.84s | Spearman@80: 0.5658 | Kendall@80: 0.4042
Epoch 12/150 | Train Loss: 0.0580 | Epoch Time: 0.84s | Spearman@80: 0.5672 | Kendall@80: 0.4048
Epoch 13/150 | Train Loss: 0.0585 | Epoch Time: 0.83s | Spearman@80: 0.5369 | Kendall@80: 0.3795
Epoch 14/150 | Train Loss: 0.0515 | Epoch Time: 0.81s | Spearman@80: 0.5705 | Kendall@80: 0.4004
Epoch 15/150 | Train Loss: 0.0463 | Epoch Time: 0.82s | Spearman@80: 0.5633 | Kendall@80: 0.3953
Epoch 16/150 | Train Loss: 0.0544 | Epoch Time: 0.84s | Spearman@80: 0.5635 | Kendall@80: 0.3959
Epoch 17/150 | Train Loss: 0.0439 | Epoch Time: 0.83s | Spearman@80: 0.5730 | Kendall@80: 0.4054
Epoch 18/150 | Train Loss: 0.0476 | Epoch Time: 0.83s | Spearman@80: 0.5929 | Kendall@80: 0.4270
Epoch 19/150 | Train Loss: 0.0467 | Epoch Time: 0.85s | Spearman@80: 0.6076 | Kendall@80: 0.4340
Epoch 20/150 | Train Loss: 0.0433 | Epoch Time: 0.83s | Spearman@80: 0.5874 | Kendall@80: 0.4270
Epoch 21/150 | Train Loss: 0.0445 | Epoch Time: 0.86s | Spearman@80: 0.6126 | Kendall@80: 0.4352
Epoch 22/150 | Train Loss: 0.0471 | Epoch Time: 0.86s | Spearman@80: 0.5450 | Kendall@80: 0.3877
Epoch 23/150 | Train Loss: 0.0471 | Epoch Time: 0.86s | Spearman@80: 0.5749 | Kendall@80: 0.4061
Epoch 24/150 | Train Loss: 0.0469 | Epoch Time: 0.87s | Spearman@80: 0.5843 | Kendall@80: 0.4112
Epoch 25/150 | Train Loss: 0.0479 | Epoch Time: 0.82s | Spearman@80: 0.6387 | Kendall@80: 0.4637
Epoch 26/150 | Train Loss: 0.0467 | Epoch Time: 0.89s | Spearman@80: 0.6232 | Kendall@80: 0.4523
Epoch 27/150 | Train Loss: 0.0463 | Epoch Time: 0.82s | Spearman@80: 0.6125 | Kendall@80: 0.4371
Epoch 28/150 | Train Loss: 0.0406 | Epoch Time: 0.84s | Spearman@80: 0.5669 | Kendall@80: 0.3959
Epoch 29/150 | Train Loss: 0.0459 | Epoch Time: 0.85s | Spearman@80: 0.6067 | Kendall@80: 0.4327
Epoch 30/150 | Train Loss: 0.0430 | Epoch Time: 0.86s | Spearman@80: 0.5923 | Kendall@80: 0.4302
Epoch 31/150 | Train Loss: 0.0469 | Epoch Time: 0.85s | Spearman@80: 0.5583 | Kendall@80: 0.3896
Epoch 32/150 | Train Loss: 0.0455 | Epoch Time: 0.82s | Spearman@80: 0.6368 | Kendall@80: 0.4568
Epoch 33/150 | Train Loss: 0.0394 | Epoch Time: 0.87s | Spearman@80: 0.6157 | Kendall@80: 0.4397
Epoch 34/150 | Train Loss: 0.0433 | Epoch Time: 0.82s | Spearman@80: 0.5903 | Kendall@80: 0.4213
Epoch 35/150 | Train Loss: 0.0416 | Epoch Time: 0.82s | Spearman@80: 0.5909 | Kendall@80: 0.4169
Epoch 36/150 | Train Loss: 0.0384 | Epoch Time: 0.86s | Spearman@80: 0.6041 | Kendall@80: 0.4352
Epoch 37/150 | Train Loss: 0.0411 | Epoch Time: 0.82s | Spearman@80: 0.6351 | Kendall@80: 0.4587
Epoch 38/150 | Train Loss: 0.0443 | Epoch Time: 0.87s | Spearman@80: 0.6212 | Kendall@80: 0.4454
Epoch 39/150 | Train Loss: 0.0459 | Epoch Time: 0.86s | Spearman@80: 0.5930 | Kendall@80: 0.4188
Epoch 40/150 | Train Loss: 0.0380 | Epoch Time: 0.83s | Spearman@80: 0.6080 | Kendall@80: 0.4340
Epoch 41/150 | Train Loss: 0.0299 | Epoch Time: 0.84s | Spearman@80: 0.6354 | Kendall@80: 0.4625
Epoch 42/150 | Train Loss: 0.0389 | Epoch Time: 0.88s | Spearman@80: 0.6510 | Kendall@80: 0.4777
Epoch 43/150 | Train Loss: 0.0360 | Epoch Time: 0.85s | Spearman@80: 0.6231 | Kendall@80: 0.4447
Epoch 44/150 | Train Loss: 0.0320 | Epoch Time: 0.84s | Spearman@80: 0.6164 | Kendall@80: 0.4511
Epoch 45/150 | Train Loss: 0.0372 | Epoch Time: 0.86s | Spearman@80: 0.6273 | Kendall@80: 0.4542
Epoch 46/150 | Train Loss: 0.0321 | Epoch Time: 0.85s | Spearman@80: 0.5820 | Kendall@80: 0.4213
Epoch 47/150 | Train Loss: 0.0360 | Epoch Time: 0.87s | Spearman@80: 0.5568 | Kendall@80: 0.3921
Epoch 48/150 | Train Loss: 0.0342 | Epoch Time: 0.83s | Spearman@80: 0.6113 | Kendall@80: 0.4466
Epoch 49/150 | Train Loss: 0.0399 | Epoch Time: 0.84s | Spearman@80: 0.6170 | Kendall@80: 0.4397
Epoch 50/150 | Train Loss: 0.0352 | Epoch Time: 0.83s | Spearman@80: 0.6187 | Kendall@80: 0.4473
Epoch 51/150 | Train Loss: 0.0347 | Epoch Time: 0.86s | Spearman@80: 0.6027 | Kendall@80: 0.4340
Epoch 52/150 | Train Loss: 0.0311 | Epoch Time: 0.86s | Spearman@80: 0.6228 | Kendall@80: 0.4511
Epoch 53/150 | Train Loss: 0.0283 | Epoch Time: 0.83s | Spearman@80: 0.6336 | Kendall@80: 0.4612
Epoch 54/150 | Train Loss: 0.0351 | Epoch Time: 0.88s | Spearman@80: 0.6145 | Kendall@80: 0.4384
Epoch 55/150 | Train Loss: 0.0347 | Epoch Time: 0.86s | Spearman@80: 0.6203 | Kendall@80: 0.4479
Epoch 56/150 | Train Loss: 0.0258 | Epoch Time: 0.86s | Spearman@80: 0.6318 | Kendall@80: 0.4669
Epoch 57/150 | Train Loss: 0.0349 | Epoch Time: 0.86s | Spearman@80: 0.6398 | Kendall@80: 0.4682
Epoch 58/150 | Train Loss: 0.0286 | Epoch Time: 0.85s | Spearman@80: 0.6386 | Kendall@80: 0.4612
Epoch 59/150 | Train Loss: 0.0317 | Epoch Time: 0.85s | Spearman@80: 0.6135 | Kendall@80: 0.4409
Epoch 60/150 | Train Loss: 0.0274 | Epoch Time: 0.84s | Spearman@80: 0.6314 | Kendall@80: 0.4606
Epoch 61/150 | Train Loss: 0.0295 | Epoch Time: 0.85s | Spearman@80: 0.6105 | Kendall@80: 0.4447
Epoch 62/150 | Train Loss: 0.0246 | Epoch Time: 0.85s | Spearman@80: 0.6223 | Kendall@80: 0.4580
Epoch 63/150 | Train Loss: 0.0280 | Epoch Time: 0.88s | Spearman@80: 0.6442 | Kendall@80: 0.4713
Epoch 64/150 | Train Loss: 0.0294 | Epoch Time: 0.82s | Spearman@80: 0.5955 | Kendall@80: 0.4365
Epoch 65/150 | Train Loss: 0.0259 | Epoch Time: 0.82s | Spearman@80: 0.6256 | Kendall@80: 0.4561
Epoch 66/150 | Train Loss: 0.0293 | Epoch Time: 0.81s | Spearman@80: 0.6213 | Kendall@80: 0.4428
Epoch 67/150 | Train Loss: 0.0240 | Epoch Time: 0.85s | Spearman@80: 0.5885 | Kendall@80: 0.4188
Epoch 68/150 | Train Loss: 0.0254 | Epoch Time: 0.86s | Spearman@80: 0.6304 | Kendall@80: 0.4599
Epoch 69/150 | Train Loss: 0.0272 | Epoch Time: 0.82s | Spearman@80: 0.6096 | Kendall@80: 0.4403
Epoch 70/150 | Train Loss: 0.0243 | Epoch Time: 0.84s | Spearman@80: 0.6516 | Kendall@80: 0.4758
Epoch 71/150 | Train Loss: 0.0202 | Epoch Time: 0.85s | Spearman@80: 0.6516 | Kendall@80: 0.4688
Epoch 72/150 | Train Loss: 0.0228 | Epoch Time: 0.84s | Spearman@80: 0.6423 | Kendall@80: 0.4675
Epoch 73/150 | Train Loss: 0.0212 | Epoch Time: 0.85s | Spearman@80: 0.6116 | Kendall@80: 0.4422
Epoch 74/150 | Train Loss: 0.0218 | Epoch Time: 0.87s | Spearman@80: 0.6276 | Kendall@80: 0.4523
Epoch 75/150 | Train Loss: 0.0221 | Epoch Time: 0.83s | Spearman@80: 0.6245 | Kendall@80: 0.4618
Epoch 76/150 | Train Loss: 0.0187 | Epoch Time: 0.87s | Spearman@80: 0.6259 | Kendall@80: 0.4517
Epoch 77/150 | Train Loss: 0.0250 | Epoch Time: 0.87s | Spearman@80: 0.5853 | Kendall@80: 0.4270
Epoch 78/150 | Train Loss: 0.0206 | Epoch Time: 0.85s | Spearman@80: 0.5814 | Kendall@80: 0.4112
Epoch 79/150 | Train Loss: 0.0209 | Epoch Time: 0.82s | Spearman@80: 0.5991 | Kendall@80: 0.4340
Epoch 80/150 | Train Loss: 0.0183 | Epoch Time: 0.84s | Spearman@80: 0.5944 | Kendall@80: 0.4238
Epoch 81/150 | Train Loss: 0.0191 | Epoch Time: 0.86s | Spearman@80: 0.5863 | Kendall@80: 0.4245
Epoch 82/150 | Train Loss: 0.0220 | Epoch Time: 0.85s | Spearman@80: 0.5765 | Kendall@80: 0.4150
Epoch 83/150 | Train Loss: 0.0176 | Epoch Time: 0.86s | Spearman@80: 0.5492 | Kendall@80: 0.3896
Epoch 84/150 | Train Loss: 0.0214 | Epoch Time: 0.83s | Spearman@80: 0.5863 | Kendall@80: 0.4308
Epoch 85/150 | Train Loss: 0.0204 | Epoch Time: 0.82s | Spearman@80: 0.5620 | Kendall@80: 0.4099
Epoch 86/150 | Train Loss: 0.0189 | Epoch Time: 0.81s | Spearman@80: 0.6163 | Kendall@80: 0.4542
Epoch 87/150 | Train Loss: 0.0227 | Epoch Time: 0.82s | Spearman@80: 0.5959 | Kendall@80: 0.4283
Epoch 88/150 | Train Loss: 0.0231 | Epoch Time: 0.81s | Spearman@80: 0.6175 | Kendall@80: 0.4618
Epoch 89/150 | Train Loss: 0.0205 | Epoch Time: 0.82s | Spearman@80: 0.5831 | Kendall@80: 0.4226
Epoch 90/150 | Train Loss: 0.0158 | Epoch Time: 0.83s | Spearman@80: 0.5853 | Kendall@80: 0.4213
Epoch 91/150 | Train Loss: 0.0143 | Epoch Time: 0.84s | Spearman@80: 0.6039 | Kendall@80: 0.4352
Epoch 92/150 | Train Loss: 0.0163 | Epoch Time: 0.82s | Spearman@80: 0.5731 | Kendall@80: 0.4105
Epoch 93/150 | Train Loss: 0.0186 | Epoch Time: 0.85s | Spearman@80: 0.5817 | Kendall@80: 0.4194
Epoch 94/150 | Train Loss: 0.0138 | Epoch Time: 0.84s | Spearman@80: 0.6088 | Kendall@80: 0.4416
Epoch 95/150 | Train Loss: 0.0127 | Epoch Time: 0.85s | Spearman@80: 0.5926 | Kendall@80: 0.4295
Epoch 96/150 | Train Loss: 0.0127 | Epoch Time: 0.87s | Spearman@80: 0.6429 | Kendall@80: 0.4694
Epoch 97/150 | Train Loss: 0.0146 | Epoch Time: 0.80s | Spearman@80: 0.6004 | Kendall@80: 0.4384
Epoch 98/150 | Train Loss: 0.0141 | Epoch Time: 0.81s | Spearman@80: 0.6021 | Kendall@80: 0.4340
Epoch 99/150 | Train Loss: 0.0158 | Epoch Time: 0.82s | Spearman@80: 0.6083 | Kendall@80: 0.4397
Epoch 100/150 | Train Loss: 0.0180 | Epoch Time: 0.83s | Spearman@80: 0.6345 | Kendall@80: 0.4637
Epoch 101/150 | Train Loss: 0.0108 | Epoch Time: 0.87s | Spearman@80: 0.5997 | Kendall@80: 0.4365
Epoch 102/150 | Train Loss: 0.0117 | Epoch Time: 0.83s | Spearman@80: 0.5801 | Kendall@80: 0.4200
Epoch 103/150 | Train Loss: 0.0161 | Epoch Time: 0.81s | Spearman@80: 0.5932 | Kendall@80: 0.4283
Epoch 104/150 | Train Loss: 0.0157 | Epoch Time: 0.83s | Spearman@80: 0.5740 | Kendall@80: 0.4092
Epoch 105/150 | Train Loss: 0.0120 | Epoch Time: 0.83s | Spearman@80: 0.6049 | Kendall@80: 0.4428
Epoch 106/150 | Train Loss: 0.0133 | Epoch Time: 0.85s | Spearman@80: 0.5815 | Kendall@80: 0.4156
Epoch 107/150 | Train Loss: 0.0134 | Epoch Time: 0.82s | Spearman@80: 0.5855 | Kendall@80: 0.4143
Epoch 108/150 | Train Loss: 0.0115 | Epoch Time: 0.88s | Spearman@80: 0.5915 | Kendall@80: 0.4327
Epoch 109/150 | Train Loss: 0.0139 | Epoch Time: 0.83s | Spearman@80: 0.6229 | Kendall@80: 0.4542
Epoch 110/150 | Train Loss: 0.0111 | Epoch Time: 0.82s | Spearman@80: 0.5875 | Kendall@80: 0.4226
Epoch 111/150 | Train Loss: 0.0102 | Epoch Time: 0.85s | Spearman@80: 0.5843 | Kendall@80: 0.4226
Epoch 112/150 | Train Loss: 0.0104 | Epoch Time: 0.83s | Spearman@80: 0.6145 | Kendall@80: 0.4479
Epoch 113/150 | Train Loss: 0.0090 | Epoch Time: 0.83s | Spearman@80: 0.6253 | Kendall@80: 0.4561
Epoch 114/150 | Train Loss: 0.0100 | Epoch Time: 0.83s | Spearman@80: 0.5968 | Kendall@80: 0.4352
Epoch 115/150 | Train Loss: 0.0120 | Epoch Time: 0.87s | Spearman@80: 0.5894 | Kendall@80: 0.4283
Epoch 116/150 | Train Loss: 0.0115 | Epoch Time: 0.83s | Spearman@80: 0.5998 | Kendall@80: 0.4371
Epoch 117/150 | Train Loss: 0.0089 | Epoch Time: 0.84s | Spearman@80: 0.5835 | Kendall@80: 0.4207
Epoch 118/150 | Train Loss: 0.0107 | Epoch Time: 0.87s | Spearman@80: 0.5880 | Kendall@80: 0.4289
Epoch 119/150 | Train Loss: 0.0108 | Epoch Time: 0.89s | Spearman@80: 0.6014 | Kendall@80: 0.4397
Epoch 120/150 | Train Loss: 0.0095 | Epoch Time: 0.80s | Spearman@80: 0.5985 | Kendall@80: 0.4378
Epoch 121/150 | Train Loss: 0.0083 | Epoch Time: 0.87s | Spearman@80: 0.5940 | Kendall@80: 0.4346
Epoch 122/150 | Train Loss: 0.0075 | Epoch Time: 0.85s | Spearman@80: 0.5784 | Kendall@80: 0.4232
Epoch 123/150 | Train Loss: 0.0078 | Epoch Time: 0.84s | Spearman@80: 0.5844 | Kendall@80: 0.4245
Epoch 124/150 | Train Loss: 0.0075 | Epoch Time: 0.82s | Spearman@80: 0.5873 | Kendall@80: 0.4257
Epoch 125/150 | Train Loss: 0.0105 | Epoch Time: 0.83s | Spearman@80: 0.5822 | Kendall@80: 0.4207
Epoch 126/150 | Train Loss: 0.0099 | Epoch Time: 0.85s | Spearman@80: 0.5781 | Kendall@80: 0.4181
Epoch 127/150 | Train Loss: 0.0113 | Epoch Time: 0.87s | Spearman@80: 0.5970 | Kendall@80: 0.4283
Epoch 128/150 | Train Loss: 0.0088 | Epoch Time: 0.88s | Spearman@80: 0.5850 | Kendall@80: 0.4188
Epoch 129/150 | Train Loss: 0.0056 | Epoch Time: 0.87s | Spearman@80: 0.5807 | Kendall@80: 0.4207
Epoch 130/150 | Train Loss: 0.0068 | Epoch Time: 0.87s | Spearman@80: 0.5841 | Kendall@80: 0.4226
Epoch 131/150 | Train Loss: 0.0086 | Epoch Time: 0.83s | Spearman@80: 0.5831 | Kendall@80: 0.4200
Epoch 132/150 | Train Loss: 0.0047 | Epoch Time: 0.86s | Spearman@80: 0.5809 | Kendall@80: 0.4213
Epoch 133/150 | Train Loss: 0.0062 | Epoch Time: 0.82s | Spearman@80: 0.5753 | Kendall@80: 0.4150
Epoch 134/150 | Train Loss: 0.0081 | Epoch Time: 0.87s | Spearman@80: 0.5778 | Kendall@80: 0.4169
Epoch 135/150 | Train Loss: 0.0053 | Epoch Time: 0.82s | Spearman@80: 0.5834 | Kendall@80: 0.4207
Epoch 136/150 | Train Loss: 0.0097 | Epoch Time: 0.85s | Spearman@80: 0.5882 | Kendall@80: 0.4232
Epoch 137/150 | Train Loss: 0.0073 | Epoch Time: 0.85s | Spearman@80: 0.5810 | Kendall@80: 0.4175
Epoch 138/150 | Train Loss: 0.0064 | Epoch Time: 0.82s | Spearman@80: 0.5764 | Kendall@80: 0.4162
Epoch 139/150 | Train Loss: 0.0063 | Epoch Time: 0.84s | Spearman@80: 0.5747 | Kendall@80: 0.4143
Epoch 140/150 | Train Loss: 0.0043 | Epoch Time: 0.83s | Spearman@80: 0.5780 | Kendall@80: 0.4169
Epoch 141/150 | Train Loss: 0.0092 | Epoch Time: 0.86s | Spearman@80: 0.5768 | Kendall@80: 0.4150
Epoch 142/150 | Train Loss: 0.0089 | Epoch Time: 0.86s | Spearman@80: 0.5754 | Kendall@80: 0.4156
Epoch 143/150 | Train Loss: 0.0082 | Epoch Time: 0.83s | Spearman@80: 0.5756 | Kendall@80: 0.4162
Epoch 144/150 | Train Loss: 0.0075 | Epoch Time: 0.87s | Spearman@80: 0.5755 | Kendall@80: 0.4156
Epoch 145/150 | Train Loss: 0.0082 | Epoch Time: 0.85s | Spearman@80: 0.5765 | Kendall@80: 0.4175
Epoch 146/150 | Train Loss: 0.0084 | Epoch Time: 0.82s | Spearman@80: 0.5765 | Kendall@80: 0.4175
Epoch 147/150 | Train Loss: 0.0075 | Epoch Time: 1.57s | Spearman@4870: 0.5673 | Kendall@4870: 0.4002
Epoch 148/150 | Train Loss: 0.0061 | Epoch Time: 1.54s | Spearman@4870: 0.5677 | Kendall@4870: 0.4004
Epoch 149/150 | Train Loss: 0.0083 | Epoch Time: 1.53s | Spearman@4870: 0.5676 | Kendall@4870: 0.4004
Epoch 150/150 | Train Loss: 0.0098 | Epoch Time: 1.53s | Spearman@4870: 0.5678 | Kendall@4870: 0.4005
Sample Count: 128, Spearman: 0.5675985838910245, Kendall: 0.4003995137181168
{64: (0.6053274957196833, 0.4303404005002216),
 128: (0.5675985838910245, 0.4003995137181168)}
Average KDT:  0.3657424971364094
Variance KDT:  0.0022667488056437876
Average SPR:  0.5219940995465432
Variance SPR:  0.0037784944306359356
Average KDT:  0.4018420644030467
Variance KDT:  0.00022382017050553624
Average SPR:  0.5710072807745885
Variance SPR:  0.0003557586519863283
