normalizing task:  Amoeba.json
normalizing task:  PNAS_fix-w-d.json
normalizing task:  ENAS_fix-w-d.json
normalizing task:  NASNet.json
normalizing task:  DARTS.json
normalizing task:  ENAS.json
normalizing task:  PNAS.json
normalizing task:  DARTS_lr-wd.json
normalizing task:  DARTS_fix-w-d.json
Epoch 1/150 | Train Loss: 0.0982 | Epoch Time: 3.61s | Spearman@80: 0.2619 | Kendall@80: 0.1810
Epoch 2/150 | Train Loss: 0.0956 | Epoch Time: 0.41s | Spearman@80: 0.2338 | Kendall@80: 0.1550
Epoch 3/150 | Train Loss: 0.0824 | Epoch Time: 0.42s | Spearman@80: 0.1731 | Kendall@80: 0.1233
Epoch 4/150 | Train Loss: 0.0772 | Epoch Time: 0.42s | Spearman@80: 0.2337 | Kendall@80: 0.1607
Epoch 5/150 | Train Loss: 0.0737 | Epoch Time: 0.40s | Spearman@80: 0.2776 | Kendall@80: 0.1892
Epoch 6/150 | Train Loss: 0.0673 | Epoch Time: 0.41s | Spearman@80: 0.3126 | Kendall@80: 0.2120
Epoch 7/150 | Train Loss: 0.0602 | Epoch Time: 0.42s | Spearman@80: 0.2795 | Kendall@80: 0.1974
Epoch 8/150 | Train Loss: 0.0611 | Epoch Time: 0.42s | Spearman@80: 0.3287 | Kendall@80: 0.2234
Epoch 9/150 | Train Loss: 0.0538 | Epoch Time: 0.41s | Spearman@80: 0.3681 | Kendall@80: 0.2602
Epoch 10/150 | Train Loss: 0.0517 | Epoch Time: 0.41s | Spearman@80: 0.2897 | Kendall@80: 0.1860
Epoch 11/150 | Train Loss: 0.0510 | Epoch Time: 0.41s | Spearman@80: 0.3627 | Kendall@80: 0.2361
Epoch 12/150 | Train Loss: 0.0497 | Epoch Time: 0.42s | Spearman@80: 0.3796 | Kendall@80: 0.2589
Epoch 13/150 | Train Loss: 0.0582 | Epoch Time: 0.43s | Spearman@80: 0.3771 | Kendall@80: 0.2570
Epoch 14/150 | Train Loss: 0.0608 | Epoch Time: 0.42s | Spearman@80: 0.3692 | Kendall@80: 0.2450
Epoch 15/150 | Train Loss: 0.0512 | Epoch Time: 0.42s | Spearman@80: 0.4164 | Kendall@80: 0.2931
Epoch 16/150 | Train Loss: 0.0648 | Epoch Time: 0.41s | Spearman@80: 0.3486 | Kendall@80: 0.2481
Epoch 17/150 | Train Loss: 0.0608 | Epoch Time: 0.41s | Spearman@80: 0.3872 | Kendall@80: 0.2633
Epoch 18/150 | Train Loss: 0.0527 | Epoch Time: 0.42s | Spearman@80: 0.3508 | Kendall@80: 0.2399
Epoch 19/150 | Train Loss: 0.0531 | Epoch Time: 0.42s | Spearman@80: 0.4021 | Kendall@80: 0.2811
Epoch 20/150 | Train Loss: 0.0469 | Epoch Time: 0.41s | Spearman@80: 0.4066 | Kendall@80: 0.2767
Epoch 21/150 | Train Loss: 0.0464 | Epoch Time: 0.42s | Spearman@80: 0.3613 | Kendall@80: 0.2475
Epoch 22/150 | Train Loss: 0.0363 | Epoch Time: 0.41s | Spearman@80: 0.4222 | Kendall@80: 0.2963
Epoch 23/150 | Train Loss: 0.0481 | Epoch Time: 0.42s | Spearman@80: 0.2899 | Kendall@80: 0.1981
Epoch 24/150 | Train Loss: 0.0569 | Epoch Time: 0.42s | Spearman@80: 0.3823 | Kendall@80: 0.2697
Epoch 25/150 | Train Loss: 0.0584 | Epoch Time: 0.42s | Spearman@80: 0.3523 | Kendall@80: 0.2412
Epoch 26/150 | Train Loss: 0.0421 | Epoch Time: 0.41s | Spearman@80: 0.3111 | Kendall@80: 0.2120
Epoch 27/150 | Train Loss: 0.0427 | Epoch Time: 0.42s | Spearman@80: 0.3559 | Kendall@80: 0.2526
Epoch 28/150 | Train Loss: 0.0338 | Epoch Time: 0.42s | Spearman@80: 0.2422 | Kendall@80: 0.1638
Epoch 29/150 | Train Loss: 0.0458 | Epoch Time: 0.42s | Spearman@80: 0.3328 | Kendall@80: 0.2247
Epoch 30/150 | Train Loss: 0.0498 | Epoch Time: 0.41s | Spearman@80: 0.3747 | Kendall@80: 0.2595
Epoch 31/150 | Train Loss: 0.0399 | Epoch Time: 0.41s | Spearman@80: 0.3372 | Kendall@80: 0.2317
Epoch 32/150 | Train Loss: 0.0440 | Epoch Time: 0.43s | Spearman@80: 0.3206 | Kendall@80: 0.2209
Epoch 33/150 | Train Loss: 0.0403 | Epoch Time: 0.42s | Spearman@80: 0.3943 | Kendall@80: 0.2786
Epoch 34/150 | Train Loss: 0.0519 | Epoch Time: 0.41s | Spearman@80: 0.3499 | Kendall@80: 0.2443
Epoch 35/150 | Train Loss: 0.0391 | Epoch Time: 0.43s | Spearman@80: 0.3965 | Kendall@80: 0.2729
Epoch 36/150 | Train Loss: 0.0412 | Epoch Time: 0.41s | Spearman@80: 0.3596 | Kendall@80: 0.2494
Epoch 37/150 | Train Loss: 0.0404 | Epoch Time: 0.41s | Spearman@80: 0.3500 | Kendall@80: 0.2412
Epoch 38/150 | Train Loss: 0.0348 | Epoch Time: 0.42s | Spearman@80: 0.3422 | Kendall@80: 0.2462
Epoch 39/150 | Train Loss: 0.0395 | Epoch Time: 0.42s | Spearman@80: 0.2171 | Kendall@80: 0.1537
Epoch 40/150 | Train Loss: 0.0263 | Epoch Time: 0.42s | Spearman@80: 0.3108 | Kendall@80: 0.2164
Epoch 41/150 | Train Loss: 0.0304 | Epoch Time: 0.42s | Spearman@80: 0.3049 | Kendall@80: 0.2158
Epoch 42/150 | Train Loss: 0.0342 | Epoch Time: 0.42s | Spearman@80: 0.3370 | Kendall@80: 0.2380
Epoch 43/150 | Train Loss: 0.0374 | Epoch Time: 0.42s | Spearman@80: 0.2957 | Kendall@80: 0.2038
Epoch 44/150 | Train Loss: 0.0487 | Epoch Time: 0.41s | Spearman@80: 0.3373 | Kendall@80: 0.2367
Epoch 45/150 | Train Loss: 0.0329 | Epoch Time: 0.40s | Spearman@80: 0.2732 | Kendall@80: 0.1848
Epoch 46/150 | Train Loss: 0.0386 | Epoch Time: 0.41s | Spearman@80: 0.3571 | Kendall@80: 0.2481
Epoch 47/150 | Train Loss: 0.0285 | Epoch Time: 0.41s | Spearman@80: 0.3173 | Kendall@80: 0.2234
Epoch 48/150 | Train Loss: 0.0255 | Epoch Time: 0.42s | Spearman@80: 0.3032 | Kendall@80: 0.2164
Epoch 49/150 | Train Loss: 0.0270 | Epoch Time: 0.42s | Spearman@80: 0.1400 | Kendall@80: 0.0979
Epoch 50/150 | Train Loss: 0.0422 | Epoch Time: 0.42s | Spearman@80: 0.3096 | Kendall@80: 0.2139
Epoch 51/150 | Train Loss: 0.0332 | Epoch Time: 0.42s | Spearman@80: 0.3415 | Kendall@80: 0.2342
Epoch 52/150 | Train Loss: 0.0292 | Epoch Time: 0.43s | Spearman@80: 0.3373 | Kendall@80: 0.2323
Epoch 53/150 | Train Loss: 0.0271 | Epoch Time: 0.41s | Spearman@80: 0.2851 | Kendall@80: 0.2012
Epoch 54/150 | Train Loss: 0.0301 | Epoch Time: 0.42s | Spearman@80: 0.2953 | Kendall@80: 0.2050
Epoch 55/150 | Train Loss: 0.0257 | Epoch Time: 0.41s | Spearman@80: 0.2986 | Kendall@80: 0.2114
Epoch 56/150 | Train Loss: 0.0225 | Epoch Time: 0.42s | Spearman@80: 0.3258 | Kendall@80: 0.2228
Epoch 57/150 | Train Loss: 0.0276 | Epoch Time: 0.42s | Spearman@80: 0.2670 | Kendall@80: 0.1873
Epoch 58/150 | Train Loss: 0.0274 | Epoch Time: 0.42s | Spearman@80: 0.2709 | Kendall@80: 0.1892
Epoch 59/150 | Train Loss: 0.0274 | Epoch Time: 0.42s | Spearman@80: 0.2642 | Kendall@80: 0.1797
Epoch 60/150 | Train Loss: 0.0312 | Epoch Time: 0.41s | Spearman@80: 0.3203 | Kendall@80: 0.2266
Epoch 61/150 | Train Loss: 0.0223 | Epoch Time: 0.42s | Spearman@80: 0.3149 | Kendall@80: 0.2209
Epoch 62/150 | Train Loss: 0.0247 | Epoch Time: 0.42s | Spearman@80: 0.3221 | Kendall@80: 0.2241
Epoch 63/150 | Train Loss: 0.0375 | Epoch Time: 0.41s | Spearman@80: 0.2132 | Kendall@80: 0.1461
Epoch 64/150 | Train Loss: 0.0220 | Epoch Time: 0.41s | Spearman@80: 0.2808 | Kendall@80: 0.1892
Epoch 65/150 | Train Loss: 0.0312 | Epoch Time: 0.42s | Spearman@80: 0.2249 | Kendall@80: 0.1512
Epoch 66/150 | Train Loss: 0.0188 | Epoch Time: 0.41s | Spearman@80: 0.2931 | Kendall@80: 0.2019
Epoch 67/150 | Train Loss: 0.0338 | Epoch Time: 0.42s | Spearman@80: 0.2160 | Kendall@80: 0.1486
Epoch 68/150 | Train Loss: 0.0280 | Epoch Time: 0.42s | Spearman@80: 0.2831 | Kendall@80: 0.2038
Epoch 69/150 | Train Loss: 0.0275 | Epoch Time: 0.42s | Spearman@80: 0.2158 | Kendall@80: 0.1505
Epoch 70/150 | Train Loss: 0.0224 | Epoch Time: 0.43s | Spearman@80: 0.1850 | Kendall@80: 0.1290
Epoch 71/150 | Train Loss: 0.0259 | Epoch Time: 0.42s | Spearman@80: 0.2732 | Kendall@80: 0.1930
Epoch 72/150 | Train Loss: 0.0177 | Epoch Time: 0.42s | Spearman@80: 0.2677 | Kendall@80: 0.1822
Epoch 73/150 | Train Loss: 0.0207 | Epoch Time: 0.42s | Spearman@80: 0.2918 | Kendall@80: 0.2006
Epoch 74/150 | Train Loss: 0.0181 | Epoch Time: 0.42s | Spearman@80: 0.1973 | Kendall@80: 0.1328
Epoch 75/150 | Train Loss: 0.0201 | Epoch Time: 0.42s | Spearman@80: 0.2266 | Kendall@80: 0.1581
Epoch 76/150 | Train Loss: 0.0162 | Epoch Time: 0.41s | Spearman@80: 0.3333 | Kendall@80: 0.2266
Epoch 77/150 | Train Loss: 0.0209 | Epoch Time: 0.41s | Spearman@80: 0.2348 | Kendall@80: 0.1619
Epoch 78/150 | Train Loss: 0.0154 | Epoch Time: 0.41s | Spearman@80: 0.2163 | Kendall@80: 0.1461
Epoch 79/150 | Train Loss: 0.0091 | Epoch Time: 0.42s | Spearman@80: 0.2183 | Kendall@80: 0.1518
Epoch 80/150 | Train Loss: 0.0177 | Epoch Time: 0.42s | Spearman@80: 0.2340 | Kendall@80: 0.1619
Epoch 81/150 | Train Loss: 0.0239 | Epoch Time: 0.42s | Spearman@80: 0.2949 | Kendall@80: 0.2152
Epoch 82/150 | Train Loss: 0.0172 | Epoch Time: 0.42s | Spearman@80: 0.3169 | Kendall@80: 0.2253
Epoch 83/150 | Train Loss: 0.0220 | Epoch Time: 0.43s | Spearman@80: 0.2594 | Kendall@80: 0.1778
Epoch 84/150 | Train Loss: 0.0208 | Epoch Time: 0.41s | Spearman@80: 0.2301 | Kendall@80: 0.1569
Epoch 85/150 | Train Loss: 0.0171 | Epoch Time: 0.41s | Spearman@80: 0.2263 | Kendall@80: 0.1550
Epoch 86/150 | Train Loss: 0.0172 | Epoch Time: 0.42s | Spearman@80: 0.2366 | Kendall@80: 0.1613
Epoch 87/150 | Train Loss: 0.0303 | Epoch Time: 0.41s | Spearman@80: 0.1902 | Kendall@80: 0.1296
Epoch 88/150 | Train Loss: 0.0216 | Epoch Time: 0.41s | Spearman@80: 0.2090 | Kendall@80: 0.1341
Epoch 89/150 | Train Loss: 0.0214 | Epoch Time: 0.42s | Spearman@80: 0.2987 | Kendall@80: 0.2050
Epoch 90/150 | Train Loss: 0.0140 | Epoch Time: 0.42s | Spearman@80: 0.2770 | Kendall@80: 0.1917
Epoch 91/150 | Train Loss: 0.0155 | Epoch Time: 0.41s | Spearman@80: 0.2894 | Kendall@80: 0.2038
Epoch 92/150 | Train Loss: 0.0156 | Epoch Time: 0.41s | Spearman@80: 0.2501 | Kendall@80: 0.1759
Epoch 93/150 | Train Loss: 0.0127 | Epoch Time: 0.42s | Spearman@80: 0.2219 | Kendall@80: 0.1562
Epoch 94/150 | Train Loss: 0.0159 | Epoch Time: 0.42s | Spearman@80: 0.2132 | Kendall@80: 0.1442
Epoch 95/150 | Train Loss: 0.0161 | Epoch Time: 0.41s | Spearman@80: 0.2150 | Kendall@80: 0.1467
Epoch 96/150 | Train Loss: 0.0137 | Epoch Time: 0.41s | Spearman@80: 0.2298 | Kendall@80: 0.1651
Epoch 97/150 | Train Loss: 0.0106 | Epoch Time: 0.42s | Spearman@80: 0.2163 | Kendall@80: 0.1461
Epoch 98/150 | Train Loss: 0.0190 | Epoch Time: 0.41s | Spearman@80: 0.2277 | Kendall@80: 0.1632
Epoch 99/150 | Train Loss: 0.0101 | Epoch Time: 0.42s | Spearman@80: 0.1888 | Kendall@80: 0.1271
Epoch 100/150 | Train Loss: 0.0191 | Epoch Time: 0.41s | Spearman@80: 0.1854 | Kendall@80: 0.1315
Epoch 101/150 | Train Loss: 0.0117 | Epoch Time: 0.41s | Spearman@80: 0.2296 | Kendall@80: 0.1626
Epoch 102/150 | Train Loss: 0.0160 | Epoch Time: 0.42s | Spearman@80: 0.2350 | Kendall@80: 0.1651
Epoch 103/150 | Train Loss: 0.0126 | Epoch Time: 0.41s | Spearman@80: 0.2141 | Kendall@80: 0.1480
Epoch 104/150 | Train Loss: 0.0164 | Epoch Time: 0.41s | Spearman@80: 0.2261 | Kendall@80: 0.1607
Epoch 105/150 | Train Loss: 0.0109 | Epoch Time: 0.41s | Spearman@80: 0.2306 | Kendall@80: 0.1645
Epoch 106/150 | Train Loss: 0.0123 | Epoch Time: 0.42s | Spearman@80: 0.2080 | Kendall@80: 0.1423
Epoch 107/150 | Train Loss: 0.0131 | Epoch Time: 0.42s | Spearman@80: 0.2047 | Kendall@80: 0.1436
Epoch 108/150 | Train Loss: 0.0098 | Epoch Time: 0.42s | Spearman@80: 0.1946 | Kendall@80: 0.1322
Epoch 109/150 | Train Loss: 0.0118 | Epoch Time: 0.42s | Spearman@80: 0.2325 | Kendall@80: 0.1613
Epoch 110/150 | Train Loss: 0.0054 | Epoch Time: 0.41s | Spearman@80: 0.2153 | Kendall@80: 0.1493
Epoch 111/150 | Train Loss: 0.0056 | Epoch Time: 0.42s | Spearman@80: 0.2271 | Kendall@80: 0.1562
Epoch 112/150 | Train Loss: 0.0118 | Epoch Time: 0.42s | Spearman@80: 0.2166 | Kendall@80: 0.1442
Epoch 113/150 | Train Loss: 0.0091 | Epoch Time: 0.41s | Spearman@80: 0.2083 | Kendall@80: 0.1423
Epoch 114/150 | Train Loss: 0.0085 | Epoch Time: 0.42s | Spearman@80: 0.1976 | Kendall@80: 0.1385
Epoch 115/150 | Train Loss: 0.0050 | Epoch Time: 0.42s | Spearman@80: 0.1935 | Kendall@80: 0.1322
Epoch 116/150 | Train Loss: 0.0122 | Epoch Time: 0.40s | Spearman@80: 0.2070 | Kendall@80: 0.1455
Epoch 117/150 | Train Loss: 0.0061 | Epoch Time: 0.42s | Spearman@80: 0.2295 | Kendall@80: 0.1657
Epoch 118/150 | Train Loss: 0.0100 | Epoch Time: 0.42s | Spearman@80: 0.2198 | Kendall@80: 0.1512
Epoch 119/150 | Train Loss: 0.0091 | Epoch Time: 0.42s | Spearman@80: 0.2231 | Kendall@80: 0.1569
Epoch 120/150 | Train Loss: 0.0101 | Epoch Time: 0.42s | Spearman@80: 0.2189 | Kendall@80: 0.1531
Epoch 121/150 | Train Loss: 0.0089 | Epoch Time: 0.42s | Spearman@80: 0.2105 | Kendall@80: 0.1423
Epoch 122/150 | Train Loss: 0.0087 | Epoch Time: 0.42s | Spearman@80: 0.2190 | Kendall@80: 0.1512
Epoch 123/150 | Train Loss: 0.0074 | Epoch Time: 0.41s | Spearman@80: 0.2091 | Kendall@80: 0.1474
Epoch 124/150 | Train Loss: 0.0084 | Epoch Time: 0.41s | Spearman@80: 0.2167 | Kendall@80: 0.1499
Epoch 125/150 | Train Loss: 0.0120 | Epoch Time: 0.41s | Spearman@80: 0.2215 | Kendall@80: 0.1531
Epoch 126/150 | Train Loss: 0.0091 | Epoch Time: 0.41s | Spearman@80: 0.2173 | Kendall@80: 0.1493
Epoch 127/150 | Train Loss: 0.0080 | Epoch Time: 0.41s | Spearman@80: 0.2163 | Kendall@80: 0.1499
Epoch 128/150 | Train Loss: 0.0098 | Epoch Time: 0.43s | Spearman@80: 0.2045 | Kendall@80: 0.1429
Epoch 129/150 | Train Loss: 0.0121 | Epoch Time: 0.42s | Spearman@80: 0.2130 | Kendall@80: 0.1486
Epoch 130/150 | Train Loss: 0.0066 | Epoch Time: 0.42s | Spearman@80: 0.2123 | Kendall@80: 0.1474
Epoch 131/150 | Train Loss: 0.0071 | Epoch Time: 0.41s | Spearman@80: 0.2063 | Kendall@80: 0.1423
Epoch 132/150 | Train Loss: 0.0077 | Epoch Time: 0.42s | Spearman@80: 0.2080 | Kendall@80: 0.1436
Epoch 133/150 | Train Loss: 0.0104 | Epoch Time: 0.41s | Spearman@80: 0.2096 | Kendall@80: 0.1448
Epoch 134/150 | Train Loss: 0.0068 | Epoch Time: 0.42s | Spearman@80: 0.2115 | Kendall@80: 0.1467
Epoch 135/150 | Train Loss: 0.0064 | Epoch Time: 0.41s | Spearman@80: 0.2086 | Kendall@80: 0.1429
Epoch 136/150 | Train Loss: 0.0075 | Epoch Time: 0.42s | Spearman@80: 0.2087 | Kendall@80: 0.1455
Epoch 137/150 | Train Loss: 0.0053 | Epoch Time: 0.41s | Spearman@80: 0.2057 | Kendall@80: 0.1436
Epoch 138/150 | Train Loss: 0.0043 | Epoch Time: 0.42s | Spearman@80: 0.2086 | Kendall@80: 0.1442
Epoch 139/150 | Train Loss: 0.0106 | Epoch Time: 0.42s | Spearman@80: 0.2089 | Kendall@80: 0.1455
Epoch 140/150 | Train Loss: 0.0064 | Epoch Time: 0.42s | Spearman@80: 0.2077 | Kendall@80: 0.1417
Epoch 141/150 | Train Loss: 0.0069 | Epoch Time: 0.41s | Spearman@80: 0.2092 | Kendall@80: 0.1461
Epoch 142/150 | Train Loss: 0.0059 | Epoch Time: 0.41s | Spearman@80: 0.2104 | Kendall@80: 0.1474
Epoch 143/150 | Train Loss: 0.0057 | Epoch Time: 0.42s | Spearman@80: 0.2109 | Kendall@80: 0.1461
Epoch 144/150 | Train Loss: 0.0081 | Epoch Time: 0.42s | Spearman@80: 0.2105 | Kendall@80: 0.1461
Epoch 145/150 | Train Loss: 0.0079 | Epoch Time: 0.42s | Spearman@80: 0.2110 | Kendall@80: 0.1467
Epoch 146/150 | Train Loss: 0.0055 | Epoch Time: 0.41s | Spearman@80: 0.2118 | Kendall@80: 0.1467
Epoch 147/150 | Train Loss: 0.0087 | Epoch Time: 1.43s | Spearman@4934: 0.4226 | Kendall@4934: 0.2892
Epoch 148/150 | Train Loss: 0.0074 | Epoch Time: 1.23s | Spearman@4934: 0.4226 | Kendall@4934: 0.2892
Epoch 149/150 | Train Loss: 0.0075 | Epoch Time: 1.25s | Spearman@4934: 0.4226 | Kendall@4934: 0.2892
Epoch 150/150 | Train Loss: 0.0065 | Epoch Time: 1.24s | Spearman@4934: 0.4227 | Kendall@4934: 0.2892
Sample Count: 64, Spearman: 0.42262370901804014, Kendall: 0.28919957130637847
{64: (0.42262370901804014, 0.28919957130637847)}
Epoch 1/150 | Train Loss: 0.0980 | Epoch Time: 0.69s | Spearman@80: 0.5084 | Kendall@80: 0.3601
Epoch 2/150 | Train Loss: 0.0809 | Epoch Time: 0.71s | Spearman@80: 0.5657 | Kendall@80: 0.4203
Epoch 3/150 | Train Loss: 0.0747 | Epoch Time: 0.69s | Spearman@80: 0.5550 | Kendall@80: 0.4108
Epoch 4/150 | Train Loss: 0.0774 | Epoch Time: 0.69s | Spearman@80: 0.5435 | Kendall@80: 0.4070
Epoch 5/150 | Train Loss: 0.0746 | Epoch Time: 0.71s | Spearman@80: 0.4711 | Kendall@80: 0.3385
Epoch 6/150 | Train Loss: 0.0766 | Epoch Time: 0.71s | Spearman@80: 0.4084 | Kendall@80: 0.2922
Epoch 7/150 | Train Loss: 0.0679 | Epoch Time: 0.69s | Spearman@80: 0.5345 | Kendall@80: 0.4006
Epoch 8/150 | Train Loss: 0.0666 | Epoch Time: 0.69s | Spearman@80: 0.5396 | Kendall@80: 0.3943
Epoch 9/150 | Train Loss: 0.0723 | Epoch Time: 0.70s | Spearman@80: 0.5073 | Kendall@80: 0.3803
Epoch 10/150 | Train Loss: 0.0764 | Epoch Time: 0.69s | Spearman@80: 0.5208 | Kendall@80: 0.3765
Epoch 11/150 | Train Loss: 0.0644 | Epoch Time: 0.70s | Spearman@80: 0.5222 | Kendall@80: 0.3905
Epoch 12/150 | Train Loss: 0.0637 | Epoch Time: 0.69s | Spearman@80: 0.5203 | Kendall@80: 0.3848
Epoch 13/150 | Train Loss: 0.0728 | Epoch Time: 0.69s | Spearman@80: 0.5078 | Kendall@80: 0.3784
Epoch 14/150 | Train Loss: 0.0704 | Epoch Time: 0.69s | Spearman@80: 0.5276 | Kendall@80: 0.3987
Epoch 15/150 | Train Loss: 0.0614 | Epoch Time: 0.70s | Spearman@80: 0.5177 | Kendall@80: 0.3835
Epoch 16/150 | Train Loss: 0.0652 | Epoch Time: 0.70s | Spearman@80: 0.4631 | Kendall@80: 0.3448
Epoch 17/150 | Train Loss: 0.0617 | Epoch Time: 0.70s | Spearman@80: 0.4888 | Kendall@80: 0.3658
Epoch 18/150 | Train Loss: 0.0698 | Epoch Time: 0.70s | Spearman@80: 0.5014 | Kendall@80: 0.3727
Epoch 19/150 | Train Loss: 0.0696 | Epoch Time: 0.71s | Spearman@80: 0.5222 | Kendall@80: 0.3899
Epoch 20/150 | Train Loss: 0.0682 | Epoch Time: 0.70s | Spearman@80: 0.4719 | Kendall@80: 0.3455
Epoch 21/150 | Train Loss: 0.0608 | Epoch Time: 0.70s | Spearman@80: 0.4725 | Kendall@80: 0.3410
Epoch 22/150 | Train Loss: 0.0601 | Epoch Time: 0.70s | Spearman@80: 0.4954 | Kendall@80: 0.3632
Epoch 23/150 | Train Loss: 0.0633 | Epoch Time: 0.69s | Spearman@80: 0.4997 | Kendall@80: 0.3727
Epoch 24/150 | Train Loss: 0.0555 | Epoch Time: 0.70s | Spearman@80: 0.5292 | Kendall@80: 0.3987
Epoch 25/150 | Train Loss: 0.0574 | Epoch Time: 0.71s | Spearman@80: 0.5110 | Kendall@80: 0.3683
Epoch 26/150 | Train Loss: 0.0610 | Epoch Time: 0.68s | Spearman@80: 0.4869 | Kendall@80: 0.3480
Epoch 27/150 | Train Loss: 0.0580 | Epoch Time: 0.69s | Spearman@80: 0.4791 | Kendall@80: 0.3455
Epoch 28/150 | Train Loss: 0.0620 | Epoch Time: 0.68s | Spearman@80: 0.4889 | Kendall@80: 0.3575
Epoch 29/150 | Train Loss: 0.0661 | Epoch Time: 0.69s | Spearman@80: 0.4493 | Kendall@80: 0.3303
Epoch 30/150 | Train Loss: 0.0579 | Epoch Time: 0.68s | Spearman@80: 0.4476 | Kendall@80: 0.3106
Epoch 31/150 | Train Loss: 0.0570 | Epoch Time: 0.69s | Spearman@80: 0.4761 | Kendall@80: 0.3461
Epoch 32/150 | Train Loss: 0.0543 | Epoch Time: 0.69s | Spearman@80: 0.4393 | Kendall@80: 0.3195
Epoch 33/150 | Train Loss: 0.0474 | Epoch Time: 0.70s | Spearman@80: 0.4669 | Kendall@80: 0.3398
Epoch 34/150 | Train Loss: 0.0521 | Epoch Time: 0.71s | Spearman@80: 0.4184 | Kendall@80: 0.2929
Epoch 35/150 | Train Loss: 0.0544 | Epoch Time: 0.69s | Spearman@80: 0.4254 | Kendall@80: 0.3011
Epoch 36/150 | Train Loss: 0.0499 | Epoch Time: 0.70s | Spearman@80: 0.4837 | Kendall@80: 0.3506
Epoch 37/150 | Train Loss: 0.0533 | Epoch Time: 0.69s | Spearman@80: 0.3874 | Kendall@80: 0.2751
Epoch 38/150 | Train Loss: 0.0550 | Epoch Time: 0.71s | Spearman@80: 0.4733 | Kendall@80: 0.3385
Epoch 39/150 | Train Loss: 0.0503 | Epoch Time: 0.70s | Spearman@80: 0.3954 | Kendall@80: 0.2796
Epoch 40/150 | Train Loss: 0.0567 | Epoch Time: 0.69s | Spearman@80: 0.4492 | Kendall@80: 0.3328
Epoch 41/150 | Train Loss: 0.0555 | Epoch Time: 0.69s | Spearman@80: 0.5108 | Kendall@80: 0.3696
Epoch 42/150 | Train Loss: 0.0557 | Epoch Time: 0.70s | Spearman@80: 0.4871 | Kendall@80: 0.3480
Epoch 43/150 | Train Loss: 0.0478 | Epoch Time: 0.69s | Spearman@80: 0.4759 | Kendall@80: 0.3455
Epoch 44/150 | Train Loss: 0.0544 | Epoch Time: 0.70s | Spearman@80: 0.4806 | Kendall@80: 0.3423
Epoch 45/150 | Train Loss: 0.0486 | Epoch Time: 0.69s | Spearman@80: 0.4656 | Kendall@80: 0.3328
Epoch 46/150 | Train Loss: 0.0443 | Epoch Time: 0.70s | Spearman@80: 0.4377 | Kendall@80: 0.3144
Epoch 47/150 | Train Loss: 0.0430 | Epoch Time: 0.69s | Spearman@80: 0.5435 | Kendall@80: 0.3873
Epoch 48/150 | Train Loss: 0.0460 | Epoch Time: 0.69s | Spearman@80: 0.4934 | Kendall@80: 0.3525
Epoch 49/150 | Train Loss: 0.0435 | Epoch Time: 0.71s | Spearman@80: 0.4965 | Kendall@80: 0.3582
Epoch 50/150 | Train Loss: 0.0471 | Epoch Time: 0.70s | Spearman@80: 0.5506 | Kendall@80: 0.3962
Epoch 51/150 | Train Loss: 0.0427 | Epoch Time: 0.71s | Spearman@80: 0.4310 | Kendall@80: 0.3024
Epoch 52/150 | Train Loss: 0.0454 | Epoch Time: 0.71s | Spearman@80: 0.5381 | Kendall@80: 0.3873
Epoch 53/150 | Train Loss: 0.0479 | Epoch Time: 0.68s | Spearman@80: 0.4160 | Kendall@80: 0.2954
Epoch 54/150 | Train Loss: 0.0455 | Epoch Time: 0.71s | Spearman@80: 0.5493 | Kendall@80: 0.4006
Epoch 55/150 | Train Loss: 0.0465 | Epoch Time: 0.70s | Spearman@80: 0.5248 | Kendall@80: 0.3791
Epoch 56/150 | Train Loss: 0.0436 | Epoch Time: 0.69s | Spearman@80: 0.4677 | Kendall@80: 0.3360
Epoch 57/150 | Train Loss: 0.0429 | Epoch Time: 0.70s | Spearman@80: 0.4797 | Kendall@80: 0.3410
Epoch 58/150 | Train Loss: 0.0406 | Epoch Time: 0.70s | Spearman@80: 0.5738 | Kendall@80: 0.4203
Epoch 59/150 | Train Loss: 0.0447 | Epoch Time: 0.72s | Spearman@80: 0.4962 | Kendall@80: 0.3550
Epoch 60/150 | Train Loss: 0.0420 | Epoch Time: 0.69s | Spearman@80: 0.5080 | Kendall@80: 0.3645
Epoch 61/150 | Train Loss: 0.0388 | Epoch Time: 0.69s | Spearman@80: 0.5698 | Kendall@80: 0.4197
Epoch 62/150 | Train Loss: 0.0402 | Epoch Time: 0.70s | Spearman@80: 0.4531 | Kendall@80: 0.3239
Epoch 63/150 | Train Loss: 0.0469 | Epoch Time: 0.70s | Spearman@80: 0.5630 | Kendall@80: 0.4152
Epoch 64/150 | Train Loss: 0.0433 | Epoch Time: 0.71s | Spearman@80: 0.5489 | Kendall@80: 0.3981
Epoch 65/150 | Train Loss: 0.0390 | Epoch Time: 0.69s | Spearman@80: 0.5137 | Kendall@80: 0.3702
Epoch 66/150 | Train Loss: 0.0369 | Epoch Time: 0.68s | Spearman@80: 0.5097 | Kendall@80: 0.3632
Epoch 67/150 | Train Loss: 0.0358 | Epoch Time: 0.69s | Spearman@80: 0.5376 | Kendall@80: 0.3791
Epoch 68/150 | Train Loss: 0.0324 | Epoch Time: 0.70s | Spearman@80: 0.5908 | Kendall@80: 0.4254
Epoch 69/150 | Train Loss: 0.0395 | Epoch Time: 0.72s | Spearman@80: 0.5023 | Kendall@80: 0.3563
Epoch 70/150 | Train Loss: 0.0406 | Epoch Time: 0.70s | Spearman@80: 0.5673 | Kendall@80: 0.4000
Epoch 71/150 | Train Loss: 0.0424 | Epoch Time: 0.69s | Spearman@80: 0.4339 | Kendall@80: 0.2992
Epoch 72/150 | Train Loss: 0.0327 | Epoch Time: 0.70s | Spearman@80: 0.5326 | Kendall@80: 0.3816
Epoch 73/150 | Train Loss: 0.0319 | Epoch Time: 0.69s | Spearman@80: 0.5171 | Kendall@80: 0.3645
Epoch 74/150 | Train Loss: 0.0361 | Epoch Time: 0.70s | Spearman@80: 0.5879 | Kendall@80: 0.4279
Epoch 75/150 | Train Loss: 0.0393 | Epoch Time: 0.70s | Spearman@80: 0.5110 | Kendall@80: 0.3569
Epoch 76/150 | Train Loss: 0.0385 | Epoch Time: 0.70s | Spearman@80: 0.4969 | Kendall@80: 0.3588
Epoch 77/150 | Train Loss: 0.0355 | Epoch Time: 0.70s | Spearman@80: 0.5154 | Kendall@80: 0.3664
Epoch 78/150 | Train Loss: 0.0378 | Epoch Time: 0.69s | Spearman@80: 0.5209 | Kendall@80: 0.3601
Epoch 79/150 | Train Loss: 0.0319 | Epoch Time: 0.70s | Spearman@80: 0.5375 | Kendall@80: 0.3924
Epoch 80/150 | Train Loss: 0.0329 | Epoch Time: 0.69s | Spearman@80: 0.5217 | Kendall@80: 0.3810
Epoch 81/150 | Train Loss: 0.0377 | Epoch Time: 0.70s | Spearman@80: 0.5577 | Kendall@80: 0.3930
Epoch 82/150 | Train Loss: 0.0353 | Epoch Time: 0.70s | Spearman@80: 0.5486 | Kendall@80: 0.3861
Epoch 83/150 | Train Loss: 0.0361 | Epoch Time: 0.70s | Spearman@80: 0.4840 | Kendall@80: 0.3366
Epoch 84/150 | Train Loss: 0.0310 | Epoch Time: 0.69s | Spearman@80: 0.5834 | Kendall@80: 0.4190
Epoch 85/150 | Train Loss: 0.0266 | Epoch Time: 0.70s | Spearman@80: 0.5497 | Kendall@80: 0.3886
Epoch 86/150 | Train Loss: 0.0280 | Epoch Time: 0.69s | Spearman@80: 0.5031 | Kendall@80: 0.3658
Epoch 87/150 | Train Loss: 0.0318 | Epoch Time: 0.70s | Spearman@80: 0.4853 | Kendall@80: 0.3461
Epoch 88/150 | Train Loss: 0.0294 | Epoch Time: 0.70s | Spearman@80: 0.5494 | Kendall@80: 0.3937
Epoch 89/150 | Train Loss: 0.0339 | Epoch Time: 0.69s | Spearman@80: 0.5516 | Kendall@80: 0.4025
Epoch 90/150 | Train Loss: 0.0296 | Epoch Time: 0.69s | Spearman@80: 0.4872 | Kendall@80: 0.3436
Epoch 91/150 | Train Loss: 0.0247 | Epoch Time: 0.70s | Spearman@80: 0.5378 | Kendall@80: 0.3905
Epoch 92/150 | Train Loss: 0.0298 | Epoch Time: 0.70s | Spearman@80: 0.5384 | Kendall@80: 0.3842
Epoch 93/150 | Train Loss: 0.0304 | Epoch Time: 0.70s | Spearman@80: 0.5949 | Kendall@80: 0.4260
Epoch 94/150 | Train Loss: 0.0238 | Epoch Time: 0.69s | Spearman@80: 0.5702 | Kendall@80: 0.4076
Epoch 95/150 | Train Loss: 0.0200 | Epoch Time: 0.70s | Spearman@80: 0.5361 | Kendall@80: 0.3886
Epoch 96/150 | Train Loss: 0.0266 | Epoch Time: 0.69s | Spearman@80: 0.5618 | Kendall@80: 0.3994
Epoch 97/150 | Train Loss: 0.0252 | Epoch Time: 0.71s | Spearman@80: 0.5805 | Kendall@80: 0.4235
Epoch 98/150 | Train Loss: 0.0299 | Epoch Time: 0.70s | Spearman@80: 0.5285 | Kendall@80: 0.3740
Epoch 99/150 | Train Loss: 0.0251 | Epoch Time: 0.70s | Spearman@80: 0.5583 | Kendall@80: 0.3937
Epoch 100/150 | Train Loss: 0.0179 | Epoch Time: 0.70s | Spearman@80: 0.5489 | Kendall@80: 0.3899
Epoch 101/150 | Train Loss: 0.0224 | Epoch Time: 0.69s | Spearman@80: 0.5584 | Kendall@80: 0.3994
Epoch 102/150 | Train Loss: 0.0233 | Epoch Time: 0.67s | Spearman@80: 0.5478 | Kendall@80: 0.3880
Epoch 103/150 | Train Loss: 0.0228 | Epoch Time: 0.71s | Spearman@80: 0.5905 | Kendall@80: 0.4165
Epoch 104/150 | Train Loss: 0.0214 | Epoch Time: 0.71s | Spearman@80: 0.5679 | Kendall@80: 0.4000
Epoch 105/150 | Train Loss: 0.0235 | Epoch Time: 0.69s | Spearman@80: 0.5253 | Kendall@80: 0.3734
Epoch 106/150 | Train Loss: 0.0241 | Epoch Time: 0.70s | Spearman@80: 0.5560 | Kendall@80: 0.3924
Epoch 107/150 | Train Loss: 0.0215 | Epoch Time: 0.69s | Spearman@80: 0.6185 | Kendall@80: 0.4387
Epoch 108/150 | Train Loss: 0.0198 | Epoch Time: 0.69s | Spearman@80: 0.5682 | Kendall@80: 0.4000
Epoch 109/150 | Train Loss: 0.0240 | Epoch Time: 0.69s | Spearman@80: 0.5321 | Kendall@80: 0.3797
Epoch 110/150 | Train Loss: 0.0187 | Epoch Time: 0.70s | Spearman@80: 0.5662 | Kendall@80: 0.4025
Epoch 111/150 | Train Loss: 0.0193 | Epoch Time: 0.71s | Spearman@80: 0.5401 | Kendall@80: 0.3848
Epoch 112/150 | Train Loss: 0.0212 | Epoch Time: 0.69s | Spearman@80: 0.5372 | Kendall@80: 0.3778
Epoch 113/150 | Train Loss: 0.0195 | Epoch Time: 0.71s | Spearman@80: 0.5536 | Kendall@80: 0.3924
Epoch 114/150 | Train Loss: 0.0183 | Epoch Time: 0.70s | Spearman@80: 0.5607 | Kendall@80: 0.3987
Epoch 115/150 | Train Loss: 0.0174 | Epoch Time: 0.70s | Spearman@80: 0.5520 | Kendall@80: 0.3905
Epoch 116/150 | Train Loss: 0.0218 | Epoch Time: 0.69s | Spearman@80: 0.5625 | Kendall@80: 0.4032
Epoch 117/150 | Train Loss: 0.0184 | Epoch Time: 0.69s | Spearman@80: 0.5900 | Kendall@80: 0.4260
Epoch 118/150 | Train Loss: 0.0188 | Epoch Time: 0.68s | Spearman@80: 0.5819 | Kendall@80: 0.4158
Epoch 119/150 | Train Loss: 0.0194 | Epoch Time: 0.69s | Spearman@80: 0.5549 | Kendall@80: 0.3968
Epoch 120/150 | Train Loss: 0.0157 | Epoch Time: 0.70s | Spearman@80: 0.5612 | Kendall@80: 0.3994
Epoch 121/150 | Train Loss: 0.0170 | Epoch Time: 0.70s | Spearman@80: 0.5492 | Kendall@80: 0.3861
Epoch 122/150 | Train Loss: 0.0177 | Epoch Time: 0.70s | Spearman@80: 0.5410 | Kendall@80: 0.3803
Epoch 123/150 | Train Loss: 0.0174 | Epoch Time: 0.70s | Spearman@80: 0.5452 | Kendall@80: 0.3816
Epoch 124/150 | Train Loss: 0.0238 | Epoch Time: 0.70s | Spearman@80: 0.5732 | Kendall@80: 0.4051
Epoch 125/150 | Train Loss: 0.0142 | Epoch Time: 0.70s | Spearman@80: 0.5588 | Kendall@80: 0.3949
Epoch 126/150 | Train Loss: 0.0185 | Epoch Time: 0.71s | Spearman@80: 0.5468 | Kendall@80: 0.3823
Epoch 127/150 | Train Loss: 0.0132 | Epoch Time: 0.68s | Spearman@80: 0.5494 | Kendall@80: 0.3867
Epoch 128/150 | Train Loss: 0.0129 | Epoch Time: 0.70s | Spearman@80: 0.5564 | Kendall@80: 0.3943
Epoch 129/150 | Train Loss: 0.0168 | Epoch Time: 0.70s | Spearman@80: 0.5532 | Kendall@80: 0.3899
Epoch 130/150 | Train Loss: 0.0169 | Epoch Time: 0.69s | Spearman@80: 0.5576 | Kendall@80: 0.3949
Epoch 131/150 | Train Loss: 0.0166 | Epoch Time: 0.68s | Spearman@80: 0.5417 | Kendall@80: 0.3791
Epoch 132/150 | Train Loss: 0.0174 | Epoch Time: 0.69s | Spearman@80: 0.5422 | Kendall@80: 0.3765
Epoch 133/150 | Train Loss: 0.0161 | Epoch Time: 0.70s | Spearman@80: 0.5555 | Kendall@80: 0.3949
Epoch 134/150 | Train Loss: 0.0139 | Epoch Time: 0.71s | Spearman@80: 0.5611 | Kendall@80: 0.4006
Epoch 135/150 | Train Loss: 0.0145 | Epoch Time: 0.70s | Spearman@80: 0.5635 | Kendall@80: 0.3987
Epoch 136/150 | Train Loss: 0.0130 | Epoch Time: 0.70s | Spearman@80: 0.5584 | Kendall@80: 0.3918
Epoch 137/150 | Train Loss: 0.0150 | Epoch Time: 0.69s | Spearman@80: 0.5613 | Kendall@80: 0.3962
Epoch 138/150 | Train Loss: 0.0138 | Epoch Time: 0.70s | Spearman@80: 0.5676 | Kendall@80: 0.4019
Epoch 139/150 | Train Loss: 0.0138 | Epoch Time: 0.69s | Spearman@80: 0.5638 | Kendall@80: 0.3962
Epoch 140/150 | Train Loss: 0.0155 | Epoch Time: 0.71s | Spearman@80: 0.5585 | Kendall@80: 0.3911
Epoch 141/150 | Train Loss: 0.0186 | Epoch Time: 0.71s | Spearman@80: 0.5525 | Kendall@80: 0.3854
Epoch 142/150 | Train Loss: 0.0182 | Epoch Time: 0.71s | Spearman@80: 0.5484 | Kendall@80: 0.3823
Epoch 143/150 | Train Loss: 0.0165 | Epoch Time: 0.71s | Spearman@80: 0.5514 | Kendall@80: 0.3861
Epoch 144/150 | Train Loss: 0.0111 | Epoch Time: 0.70s | Spearman@80: 0.5501 | Kendall@80: 0.3854
Epoch 145/150 | Train Loss: 0.0157 | Epoch Time: 0.70s | Spearman@80: 0.5546 | Kendall@80: 0.3886
Epoch 146/150 | Train Loss: 0.0150 | Epoch Time: 0.71s | Spearman@80: 0.5569 | Kendall@80: 0.3892
Epoch 147/150 | Train Loss: 0.0119 | Epoch Time: 1.61s | Spearman@4870: 0.5220 | Kendall@4870: 0.3637
Epoch 148/150 | Train Loss: 0.0155 | Epoch Time: 1.57s | Spearman@4870: 0.5214 | Kendall@4870: 0.3633
Epoch 149/150 | Train Loss: 0.0187 | Epoch Time: 1.58s | Spearman@4870: 0.5213 | Kendall@4870: 0.3632
Epoch 150/150 | Train Loss: 0.0194 | Epoch Time: 1.58s | Spearman@4870: 0.5213 | Kendall@4870: 0.3632
Sample Count: 128, Spearman: 0.5214916846348103, Kendall: 0.36334025687794136
{64: (0.42262370901804014, 0.28919957130637847),
 128: (0.5214916846348103, 0.36334025687794136)}
Epoch 1/150 | Train Loss: 0.0964 | Epoch Time: 0.36s | Spearman@80: 0.2353 | Kendall@80: 0.1721
Epoch 2/150 | Train Loss: 0.0850 | Epoch Time: 0.36s | Spearman@80: 0.2010 | Kendall@80: 0.1486
Epoch 3/150 | Train Loss: 0.0634 | Epoch Time: 0.36s | Spearman@80: 0.4162 | Kendall@80: 0.3052
Epoch 4/150 | Train Loss: 0.0587 | Epoch Time: 0.37s | Spearman@80: 0.4659 | Kendall@80: 0.3470
Epoch 5/150 | Train Loss: 0.0659 | Epoch Time: 0.37s | Spearman@80: 0.5167 | Kendall@80: 0.3736
Epoch 6/150 | Train Loss: 0.0623 | Epoch Time: 0.35s | Spearman@80: 0.5254 | Kendall@80: 0.3857
Epoch 7/150 | Train Loss: 0.0661 | Epoch Time: 0.36s | Spearman@80: 0.5305 | Kendall@80: 0.3850
Epoch 8/150 | Train Loss: 0.0540 | Epoch Time: 0.35s | Spearman@80: 0.5324 | Kendall@80: 0.3984
Epoch 9/150 | Train Loss: 0.0576 | Epoch Time: 0.38s | Spearman@80: 0.5439 | Kendall@80: 0.4015
Epoch 10/150 | Train Loss: 0.0455 | Epoch Time: 0.36s | Spearman@80: 0.5376 | Kendall@80: 0.3920
Epoch 11/150 | Train Loss: 0.0526 | Epoch Time: 0.36s | Spearman@80: 0.5773 | Kendall@80: 0.4243
Epoch 12/150 | Train Loss: 0.0465 | Epoch Time: 0.36s | Spearman@80: 0.5203 | Kendall@80: 0.3717
Epoch 13/150 | Train Loss: 0.0486 | Epoch Time: 0.36s | Spearman@80: 0.4127 | Kendall@80: 0.2862
Epoch 14/150 | Train Loss: 0.0499 | Epoch Time: 0.36s | Spearman@80: 0.4567 | Kendall@80: 0.3312
Epoch 15/150 | Train Loss: 0.0441 | Epoch Time: 0.36s | Spearman@80: 0.4675 | Kendall@80: 0.3299
Epoch 16/150 | Train Loss: 0.0474 | Epoch Time: 0.37s | Spearman@80: 0.4827 | Kendall@80: 0.3407
Epoch 17/150 | Train Loss: 0.0485 | Epoch Time: 0.35s | Spearman@80: 0.4499 | Kendall@80: 0.3217
Epoch 18/150 | Train Loss: 0.0421 | Epoch Time: 0.37s | Spearman@80: 0.4762 | Kendall@80: 0.3343
Epoch 19/150 | Train Loss: 0.0443 | Epoch Time: 0.36s | Spearman@80: 0.4937 | Kendall@80: 0.3451
Epoch 20/150 | Train Loss: 0.0475 | Epoch Time: 0.36s | Spearman@80: 0.5236 | Kendall@80: 0.3724
Epoch 21/150 | Train Loss: 0.0525 | Epoch Time: 0.36s | Spearman@80: 0.4960 | Kendall@80: 0.3565
Epoch 22/150 | Train Loss: 0.0455 | Epoch Time: 0.36s | Spearman@80: 0.4605 | Kendall@80: 0.3185
Epoch 23/150 | Train Loss: 0.0428 | Epoch Time: 0.37s | Spearman@80: 0.3055 | Kendall@80: 0.2050
Epoch 24/150 | Train Loss: 0.0471 | Epoch Time: 0.35s | Spearman@80: 0.4397 | Kendall@80: 0.3077
Epoch 25/150 | Train Loss: 0.0536 | Epoch Time: 0.35s | Spearman@80: 0.4204 | Kendall@80: 0.2938
Epoch 26/150 | Train Loss: 0.0471 | Epoch Time: 0.36s | Spearman@80: 0.4792 | Kendall@80: 0.3432
Epoch 27/150 | Train Loss: 0.0386 | Epoch Time: 0.36s | Spearman@80: 0.4869 | Kendall@80: 0.3483
Epoch 28/150 | Train Loss: 0.0378 | Epoch Time: 0.35s | Spearman@80: 0.4637 | Kendall@80: 0.3261
Epoch 29/150 | Train Loss: 0.0513 | Epoch Time: 0.36s | Spearman@80: 0.5472 | Kendall@80: 0.3971
Epoch 30/150 | Train Loss: 0.0337 | Epoch Time: 0.35s | Spearman@80: 0.3904 | Kendall@80: 0.2735
Epoch 31/150 | Train Loss: 0.0443 | Epoch Time: 0.37s | Spearman@80: 0.4586 | Kendall@80: 0.3248
Epoch 32/150 | Train Loss: 0.0435 | Epoch Time: 0.36s | Spearman@80: 0.4859 | Kendall@80: 0.3476
Epoch 33/150 | Train Loss: 0.0367 | Epoch Time: 0.35s | Spearman@80: 0.5031 | Kendall@80: 0.3622
Epoch 34/150 | Train Loss: 0.0335 | Epoch Time: 0.36s | Spearman@80: 0.5156 | Kendall@80: 0.3667
Epoch 35/150 | Train Loss: 0.0436 | Epoch Time: 0.37s | Spearman@80: 0.5480 | Kendall@80: 0.3933
Epoch 36/150 | Train Loss: 0.0417 | Epoch Time: 0.34s | Spearman@80: 0.4704 | Kendall@80: 0.3400
Epoch 37/150 | Train Loss: 0.0353 | Epoch Time: 0.36s | Spearman@80: 0.4621 | Kendall@80: 0.3324
Epoch 38/150 | Train Loss: 0.0353 | Epoch Time: 0.36s | Spearman@80: 0.4628 | Kendall@80: 0.3255
Epoch 39/150 | Train Loss: 0.0356 | Epoch Time: 0.36s | Spearman@80: 0.4629 | Kendall@80: 0.3255
Epoch 40/150 | Train Loss: 0.0330 | Epoch Time: 0.36s | Spearman@80: 0.3774 | Kendall@80: 0.2633
Epoch 41/150 | Train Loss: 0.0404 | Epoch Time: 0.36s | Spearman@80: 0.4448 | Kendall@80: 0.3153
Epoch 42/150 | Train Loss: 0.0452 | Epoch Time: 0.35s | Spearman@80: 0.4268 | Kendall@80: 0.3014
Epoch 43/150 | Train Loss: 0.0377 | Epoch Time: 0.36s | Spearman@80: 0.4249 | Kendall@80: 0.3014
Epoch 44/150 | Train Loss: 0.0414 | Epoch Time: 0.37s | Spearman@80: 0.4516 | Kendall@80: 0.3223
Epoch 45/150 | Train Loss: 0.0391 | Epoch Time: 0.36s | Spearman@80: 0.3819 | Kendall@80: 0.2710
Epoch 46/150 | Train Loss: 0.0343 | Epoch Time: 0.35s | Spearman@80: 0.4169 | Kendall@80: 0.3052
Epoch 47/150 | Train Loss: 0.0302 | Epoch Time: 0.36s | Spearman@80: 0.3567 | Kendall@80: 0.2488
Epoch 48/150 | Train Loss: 0.0324 | Epoch Time: 0.36s | Spearman@80: 0.5001 | Kendall@80: 0.3578
Epoch 49/150 | Train Loss: 0.0348 | Epoch Time: 0.35s | Spearman@80: 0.4273 | Kendall@80: 0.3039
Epoch 50/150 | Train Loss: 0.0335 | Epoch Time: 0.35s | Spearman@80: 0.3339 | Kendall@80: 0.2317
Epoch 51/150 | Train Loss: 0.0302 | Epoch Time: 0.36s | Spearman@80: 0.4212 | Kendall@80: 0.2995
Epoch 52/150 | Train Loss: 0.0390 | Epoch Time: 0.36s | Spearman@80: 0.3865 | Kendall@80: 0.2754
Epoch 53/150 | Train Loss: 0.0314 | Epoch Time: 0.36s | Spearman@80: 0.4779 | Kendall@80: 0.3457
Epoch 54/150 | Train Loss: 0.0352 | Epoch Time: 0.36s | Spearman@80: 0.5386 | Kendall@80: 0.3888
Epoch 55/150 | Train Loss: 0.0377 | Epoch Time: 0.36s | Spearman@80: 0.4685 | Kendall@80: 0.3381
Epoch 56/150 | Train Loss: 0.0275 | Epoch Time: 0.36s | Spearman@80: 0.3950 | Kendall@80: 0.2805
Epoch 57/150 | Train Loss: 0.0358 | Epoch Time: 0.37s | Spearman@80: 0.4365 | Kendall@80: 0.3141
Epoch 58/150 | Train Loss: 0.0258 | Epoch Time: 0.36s | Spearman@80: 0.4972 | Kendall@80: 0.3591
Epoch 59/150 | Train Loss: 0.0387 | Epoch Time: 0.37s | Spearman@80: 0.4457 | Kendall@80: 0.3166
Epoch 60/150 | Train Loss: 0.0331 | Epoch Time: 0.36s | Spearman@80: 0.3364 | Kendall@80: 0.2323
Epoch 61/150 | Train Loss: 0.0272 | Epoch Time: 0.35s | Spearman@80: 0.3397 | Kendall@80: 0.2367
Epoch 62/150 | Train Loss: 0.0300 | Epoch Time: 0.35s | Spearman@80: 0.4324 | Kendall@80: 0.3122
Epoch 63/150 | Train Loss: 0.0349 | Epoch Time: 0.36s | Spearman@80: 0.4813 | Kendall@80: 0.3483
Epoch 64/150 | Train Loss: 0.0253 | Epoch Time: 0.36s | Spearman@80: 0.3450 | Kendall@80: 0.2424
Epoch 65/150 | Train Loss: 0.0232 | Epoch Time: 0.35s | Spearman@80: 0.3781 | Kendall@80: 0.2608
Epoch 66/150 | Train Loss: 0.0322 | Epoch Time: 0.36s | Spearman@80: 0.4291 | Kendall@80: 0.2988
Epoch 67/150 | Train Loss: 0.0257 | Epoch Time: 0.35s | Spearman@80: 0.4386 | Kendall@80: 0.3115
Epoch 68/150 | Train Loss: 0.0195 | Epoch Time: 0.36s | Spearman@80: 0.4117 | Kendall@80: 0.2792
Epoch 69/150 | Train Loss: 0.0206 | Epoch Time: 0.34s | Spearman@80: 0.4546 | Kendall@80: 0.3210
Epoch 70/150 | Train Loss: 0.0257 | Epoch Time: 0.35s | Spearman@80: 0.4294 | Kendall@80: 0.3039
Epoch 71/150 | Train Loss: 0.0242 | Epoch Time: 0.36s | Spearman@80: 0.3273 | Kendall@80: 0.2234
Epoch 72/150 | Train Loss: 0.0276 | Epoch Time: 0.37s | Spearman@80: 0.3569 | Kendall@80: 0.2456
Epoch 73/150 | Train Loss: 0.0233 | Epoch Time: 0.35s | Spearman@80: 0.4429 | Kendall@80: 0.3109
Epoch 74/150 | Train Loss: 0.0270 | Epoch Time: 0.36s | Spearman@80: 0.4983 | Kendall@80: 0.3597
Epoch 75/150 | Train Loss: 0.0271 | Epoch Time: 0.36s | Spearman@80: 0.4859 | Kendall@80: 0.3508
Epoch 76/150 | Train Loss: 0.0258 | Epoch Time: 0.36s | Spearman@80: 0.4767 | Kendall@80: 0.3413
Epoch 77/150 | Train Loss: 0.0223 | Epoch Time: 0.37s | Spearman@80: 0.4626 | Kendall@80: 0.3261
Epoch 78/150 | Train Loss: 0.0254 | Epoch Time: 0.36s | Spearman@80: 0.4641 | Kendall@80: 0.3299
Epoch 79/150 | Train Loss: 0.0219 | Epoch Time: 0.35s | Spearman@80: 0.4409 | Kendall@80: 0.3179
Epoch 80/150 | Train Loss: 0.0264 | Epoch Time: 0.36s | Spearman@80: 0.4052 | Kendall@80: 0.2824
Epoch 81/150 | Train Loss: 0.0292 | Epoch Time: 0.36s | Spearman@80: 0.4760 | Kendall@80: 0.3362
Epoch 82/150 | Train Loss: 0.0268 | Epoch Time: 0.36s | Spearman@80: 0.4407 | Kendall@80: 0.3122
Epoch 83/150 | Train Loss: 0.0233 | Epoch Time: 0.37s | Spearman@80: 0.4822 | Kendall@80: 0.3457
Epoch 84/150 | Train Loss: 0.0187 | Epoch Time: 0.36s | Spearman@80: 0.4423 | Kendall@80: 0.3090
Epoch 85/150 | Train Loss: 0.0232 | Epoch Time: 0.36s | Spearman@80: 0.3850 | Kendall@80: 0.2684
Epoch 86/150 | Train Loss: 0.0169 | Epoch Time: 0.34s | Spearman@80: 0.4774 | Kendall@80: 0.3400
Epoch 87/150 | Train Loss: 0.0282 | Epoch Time: 0.35s | Spearman@80: 0.4379 | Kendall@80: 0.3045
Epoch 88/150 | Train Loss: 0.0279 | Epoch Time: 0.35s | Spearman@80: 0.3339 | Kendall@80: 0.2260
Epoch 89/150 | Train Loss: 0.0258 | Epoch Time: 0.36s | Spearman@80: 0.4088 | Kendall@80: 0.2868
Epoch 90/150 | Train Loss: 0.0196 | Epoch Time: 0.36s | Spearman@80: 0.4228 | Kendall@80: 0.2925
Epoch 91/150 | Train Loss: 0.0210 | Epoch Time: 0.36s | Spearman@80: 0.4578 | Kendall@80: 0.3248
Epoch 92/150 | Train Loss: 0.0241 | Epoch Time: 0.36s | Spearman@80: 0.4292 | Kendall@80: 0.2995
Epoch 93/150 | Train Loss: 0.0182 | Epoch Time: 0.36s | Spearman@80: 0.3858 | Kendall@80: 0.2697
Epoch 94/150 | Train Loss: 0.0185 | Epoch Time: 0.37s | Spearman@80: 0.3799 | Kendall@80: 0.2595
Epoch 95/150 | Train Loss: 0.0153 | Epoch Time: 0.36s | Spearman@80: 0.3983 | Kendall@80: 0.2735
Epoch 96/150 | Train Loss: 0.0142 | Epoch Time: 0.36s | Spearman@80: 0.4344 | Kendall@80: 0.3064
Epoch 97/150 | Train Loss: 0.0217 | Epoch Time: 0.36s | Spearman@80: 0.4295 | Kendall@80: 0.2995
Epoch 98/150 | Train Loss: 0.0188 | Epoch Time: 0.36s | Spearman@80: 0.4379 | Kendall@80: 0.3122
Epoch 99/150 | Train Loss: 0.0215 | Epoch Time: 0.36s | Spearman@80: 0.4345 | Kendall@80: 0.3020
Epoch 100/150 | Train Loss: 0.0179 | Epoch Time: 0.35s | Spearman@80: 0.4100 | Kendall@80: 0.2849
Epoch 101/150 | Train Loss: 0.0180 | Epoch Time: 0.36s | Spearman@80: 0.4416 | Kendall@80: 0.3077
Epoch 102/150 | Train Loss: 0.0126 | Epoch Time: 0.37s | Spearman@80: 0.4562 | Kendall@80: 0.3229
Epoch 103/150 | Train Loss: 0.0238 | Epoch Time: 0.35s | Spearman@80: 0.4598 | Kendall@80: 0.3223
Epoch 104/150 | Train Loss: 0.0173 | Epoch Time: 0.35s | Spearman@80: 0.4438 | Kendall@80: 0.3109
Epoch 105/150 | Train Loss: 0.0189 | Epoch Time: 0.35s | Spearman@80: 0.4336 | Kendall@80: 0.3058
Epoch 106/150 | Train Loss: 0.0146 | Epoch Time: 0.36s | Spearman@80: 0.4277 | Kendall@80: 0.3020
Epoch 107/150 | Train Loss: 0.0243 | Epoch Time: 0.36s | Spearman@80: 0.4295 | Kendall@80: 0.3020
Epoch 108/150 | Train Loss: 0.0159 | Epoch Time: 0.36s | Spearman@80: 0.4589 | Kendall@80: 0.3280
Epoch 109/150 | Train Loss: 0.0155 | Epoch Time: 0.36s | Spearman@80: 0.4471 | Kendall@80: 0.3204
Epoch 110/150 | Train Loss: 0.0180 | Epoch Time: 0.36s | Spearman@80: 0.4249 | Kendall@80: 0.3026
Epoch 111/150 | Train Loss: 0.0155 | Epoch Time: 0.36s | Spearman@80: 0.4132 | Kendall@80: 0.2855
Epoch 112/150 | Train Loss: 0.0203 | Epoch Time: 0.36s | Spearman@80: 0.4055 | Kendall@80: 0.2779
Epoch 113/150 | Train Loss: 0.0090 | Epoch Time: 0.35s | Spearman@80: 0.4140 | Kendall@80: 0.2811
Epoch 114/150 | Train Loss: 0.0129 | Epoch Time: 0.36s | Spearman@80: 0.4081 | Kendall@80: 0.2805
Epoch 115/150 | Train Loss: 0.0128 | Epoch Time: 0.36s | Spearman@80: 0.4151 | Kendall@80: 0.2881
Epoch 116/150 | Train Loss: 0.0117 | Epoch Time: 0.35s | Spearman@80: 0.4339 | Kendall@80: 0.3077
Epoch 117/150 | Train Loss: 0.0153 | Epoch Time: 0.38s | Spearman@80: 0.4230 | Kendall@80: 0.2957
Epoch 118/150 | Train Loss: 0.0113 | Epoch Time: 0.36s | Spearman@80: 0.4160 | Kendall@80: 0.2893
Epoch 119/150 | Train Loss: 0.0124 | Epoch Time: 0.36s | Spearman@80: 0.4087 | Kendall@80: 0.2811
Epoch 120/150 | Train Loss: 0.0117 | Epoch Time: 0.35s | Spearman@80: 0.4152 | Kendall@80: 0.2862
Epoch 121/150 | Train Loss: 0.0150 | Epoch Time: 0.36s | Spearman@80: 0.4155 | Kendall@80: 0.2855
Epoch 122/150 | Train Loss: 0.0116 | Epoch Time: 0.35s | Spearman@80: 0.4214 | Kendall@80: 0.2893
Epoch 123/150 | Train Loss: 0.0087 | Epoch Time: 0.35s | Spearman@80: 0.4258 | Kendall@80: 0.2982
Epoch 124/150 | Train Loss: 0.0115 | Epoch Time: 0.36s | Spearman@80: 0.4158 | Kendall@80: 0.2881
Epoch 125/150 | Train Loss: 0.0153 | Epoch Time: 0.36s | Spearman@80: 0.4074 | Kendall@80: 0.2792
Epoch 126/150 | Train Loss: 0.0135 | Epoch Time: 0.36s | Spearman@80: 0.4162 | Kendall@80: 0.2849
Epoch 127/150 | Train Loss: 0.0099 | Epoch Time: 0.35s | Spearman@80: 0.4187 | Kendall@80: 0.2881
Epoch 128/150 | Train Loss: 0.0095 | Epoch Time: 0.37s | Spearman@80: 0.4062 | Kendall@80: 0.2798
Epoch 129/150 | Train Loss: 0.0140 | Epoch Time: 0.36s | Spearman@80: 0.4121 | Kendall@80: 0.2843
Epoch 130/150 | Train Loss: 0.0110 | Epoch Time: 0.36s | Spearman@80: 0.4284 | Kendall@80: 0.2957
Epoch 131/150 | Train Loss: 0.0121 | Epoch Time: 0.35s | Spearman@80: 0.4260 | Kendall@80: 0.2963
Epoch 132/150 | Train Loss: 0.0092 | Epoch Time: 0.36s | Spearman@80: 0.4274 | Kendall@80: 0.2969
Epoch 133/150 | Train Loss: 0.0095 | Epoch Time: 0.36s | Spearman@80: 0.4269 | Kendall@80: 0.2944
Epoch 134/150 | Train Loss: 0.0163 | Epoch Time: 0.35s | Spearman@80: 0.4219 | Kendall@80: 0.2887
Epoch 135/150 | Train Loss: 0.0098 | Epoch Time: 0.36s | Spearman@80: 0.4188 | Kendall@80: 0.2881
Epoch 136/150 | Train Loss: 0.0117 | Epoch Time: 0.36s | Spearman@80: 0.4190 | Kendall@80: 0.2881
Epoch 137/150 | Train Loss: 0.0109 | Epoch Time: 0.37s | Spearman@80: 0.4187 | Kendall@80: 0.2893
Epoch 138/150 | Train Loss: 0.0112 | Epoch Time: 0.36s | Spearman@80: 0.4239 | Kendall@80: 0.2925
Epoch 139/150 | Train Loss: 0.0100 | Epoch Time: 0.36s | Spearman@80: 0.4225 | Kendall@80: 0.2931
Epoch 140/150 | Train Loss: 0.0127 | Epoch Time: 0.36s | Spearman@80: 0.4275 | Kendall@80: 0.2988
Epoch 141/150 | Train Loss: 0.0132 | Epoch Time: 0.36s | Spearman@80: 0.4259 | Kendall@80: 0.2976
Epoch 142/150 | Train Loss: 0.0125 | Epoch Time: 0.37s | Spearman@80: 0.4268 | Kendall@80: 0.2982
Epoch 143/150 | Train Loss: 0.0114 | Epoch Time: 0.37s | Spearman@80: 0.4285 | Kendall@80: 0.2995
Epoch 144/150 | Train Loss: 0.0140 | Epoch Time: 0.36s | Spearman@80: 0.4290 | Kendall@80: 0.3001
Epoch 145/150 | Train Loss: 0.0096 | Epoch Time: 0.36s | Spearman@80: 0.4296 | Kendall@80: 0.2995
Epoch 146/150 | Train Loss: 0.0114 | Epoch Time: 0.36s | Spearman@80: 0.4307 | Kendall@80: 0.3007
Epoch 147/150 | Train Loss: 0.0090 | Epoch Time: 1.25s | Spearman@4934: 0.5011 | Kendall@4934: 0.3491
Epoch 148/150 | Train Loss: 0.0114 | Epoch Time: 1.24s | Spearman@4934: 0.5011 | Kendall@4934: 0.3491
Epoch 149/150 | Train Loss: 0.0118 | Epoch Time: 1.24s | Spearman@4934: 0.5011 | Kendall@4934: 0.3491
Epoch 150/150 | Train Loss: 0.0066 | Epoch Time: 1.24s | Spearman@4934: 0.5012 | Kendall@4934: 0.3492
Sample Count: 64, Spearman: 0.501092725220221, Kendall: 0.34912909477627496
{64: (0.501092725220221, 0.34912909477627496),
 128: (0.5214916846348103, 0.36334025687794136)}
Epoch 1/150 | Train Loss: 0.0994 | Epoch Time: 0.70s | Spearman@80: 0.1208 | Kendall@80: 0.0729
Epoch 2/150 | Train Loss: 0.0951 | Epoch Time: 0.70s | Spearman@80: 0.1440 | Kendall@80: 0.0945
Epoch 3/150 | Train Loss: 0.0942 | Epoch Time: 0.70s | Spearman@80: 0.1087 | Kendall@80: 0.0647
Epoch 4/150 | Train Loss: 0.0898 | Epoch Time: 0.70s | Spearman@80: 0.2555 | Kendall@80: 0.1598
Epoch 5/150 | Train Loss: 0.0903 | Epoch Time: 0.69s | Spearman@80: 0.3688 | Kendall@80: 0.2486
Epoch 6/150 | Train Loss: 0.0788 | Epoch Time: 0.71s | Spearman@80: 0.5549 | Kendall@80: 0.3811
Epoch 7/150 | Train Loss: 0.0657 | Epoch Time: 0.71s | Spearman@80: 0.7126 | Kendall@80: 0.5124
Epoch 8/150 | Train Loss: 0.0634 | Epoch Time: 0.71s | Spearman@80: 0.7493 | Kendall@80: 0.5599
Epoch 9/150 | Train Loss: 0.0599 | Epoch Time: 0.71s | Spearman@80: 0.7213 | Kendall@80: 0.5244
Epoch 10/150 | Train Loss: 0.0514 | Epoch Time: 0.70s | Spearman@80: 0.7480 | Kendall@80: 0.5568
Epoch 11/150 | Train Loss: 0.0437 | Epoch Time: 0.72s | Spearman@80: 0.7110 | Kendall@80: 0.5067
Epoch 12/150 | Train Loss: 0.0496 | Epoch Time: 0.72s | Spearman@80: 0.7254 | Kendall@80: 0.5301
Epoch 13/150 | Train Loss: 0.0511 | Epoch Time: 0.70s | Spearman@80: 0.6824 | Kendall@80: 0.4826
Epoch 14/150 | Train Loss: 0.0485 | Epoch Time: 0.71s | Spearman@80: 0.7786 | Kendall@80: 0.5783
Epoch 15/150 | Train Loss: 0.0439 | Epoch Time: 0.70s | Spearman@80: 0.7274 | Kendall@80: 0.5250
Epoch 16/150 | Train Loss: 0.0463 | Epoch Time: 0.70s | Spearman@80: 0.7398 | Kendall@80: 0.5396
Epoch 17/150 | Train Loss: 0.0427 | Epoch Time: 0.71s | Spearman@80: 0.7144 | Kendall@80: 0.5111
Epoch 18/150 | Train Loss: 0.0496 | Epoch Time: 0.71s | Spearman@80: 0.7548 | Kendall@80: 0.5612
Epoch 19/150 | Train Loss: 0.0453 | Epoch Time: 0.71s | Spearman@80: 0.7246 | Kendall@80: 0.5257
Epoch 20/150 | Train Loss: 0.0422 | Epoch Time: 0.70s | Spearman@80: 0.7717 | Kendall@80: 0.5726
Epoch 21/150 | Train Loss: 0.0417 | Epoch Time: 0.69s | Spearman@80: 0.7670 | Kendall@80: 0.5669
Epoch 22/150 | Train Loss: 0.0434 | Epoch Time: 0.69s | Spearman@80: 0.7217 | Kendall@80: 0.5181
Epoch 23/150 | Train Loss: 0.0451 | Epoch Time: 0.68s | Spearman@80: 0.7285 | Kendall@80: 0.5320
Epoch 24/150 | Train Loss: 0.0477 | Epoch Time: 0.70s | Spearman@80: 0.7989 | Kendall@80: 0.6024
Epoch 25/150 | Train Loss: 0.0408 | Epoch Time: 0.71s | Spearman@80: 0.6947 | Kendall@80: 0.4984
Epoch 26/150 | Train Loss: 0.0539 | Epoch Time: 0.70s | Spearman@80: 0.7513 | Kendall@80: 0.5517
Epoch 27/150 | Train Loss: 0.0429 | Epoch Time: 0.70s | Spearman@80: 0.7705 | Kendall@80: 0.5682
Epoch 28/150 | Train Loss: 0.0435 | Epoch Time: 0.69s | Spearman@80: 0.7886 | Kendall@80: 0.5897
Epoch 29/150 | Train Loss: 0.0403 | Epoch Time: 0.71s | Spearman@80: 0.7651 | Kendall@80: 0.5663
Epoch 30/150 | Train Loss: 0.0397 | Epoch Time: 0.71s | Spearman@80: 0.7456 | Kendall@80: 0.5479
Epoch 31/150 | Train Loss: 0.0395 | Epoch Time: 0.71s | Spearman@80: 0.7521 | Kendall@80: 0.5498
Epoch 32/150 | Train Loss: 0.0406 | Epoch Time: 0.70s | Spearman@80: 0.7517 | Kendall@80: 0.5479
Epoch 33/150 | Train Loss: 0.0374 | Epoch Time: 0.71s | Spearman@80: 0.7840 | Kendall@80: 0.5853
Epoch 34/150 | Train Loss: 0.0399 | Epoch Time: 0.69s | Spearman@80: 0.7977 | Kendall@80: 0.5948
Epoch 35/150 | Train Loss: 0.0397 | Epoch Time: 0.68s | Spearman@80: 0.7896 | Kendall@80: 0.5885
Epoch 36/150 | Train Loss: 0.0372 | Epoch Time: 0.70s | Spearman@80: 0.7954 | Kendall@80: 0.5992
Epoch 37/150 | Train Loss: 0.0298 | Epoch Time: 0.69s | Spearman@80: 0.7321 | Kendall@80: 0.5333
Epoch 38/150 | Train Loss: 0.0377 | Epoch Time: 0.70s | Spearman@80: 0.7929 | Kendall@80: 0.5967
Epoch 39/150 | Train Loss: 0.0370 | Epoch Time: 0.70s | Spearman@80: 0.7648 | Kendall@80: 0.5663
Epoch 40/150 | Train Loss: 0.0368 | Epoch Time: 0.69s | Spearman@80: 0.7761 | Kendall@80: 0.5777
Epoch 41/150 | Train Loss: 0.0324 | Epoch Time: 0.68s | Spearman@80: 0.7285 | Kendall@80: 0.5270
Epoch 42/150 | Train Loss: 0.0413 | Epoch Time: 0.70s | Spearman@80: 0.7849 | Kendall@80: 0.5789
Epoch 43/150 | Train Loss: 0.0350 | Epoch Time: 0.70s | Spearman@80: 0.7830 | Kendall@80: 0.5815
Epoch 44/150 | Train Loss: 0.0363 | Epoch Time: 0.70s | Spearman@80: 0.7986 | Kendall@80: 0.5986
Epoch 45/150 | Train Loss: 0.0414 | Epoch Time: 0.71s | Spearman@80: 0.7300 | Kendall@80: 0.5238
Epoch 46/150 | Train Loss: 0.0475 | Epoch Time: 0.70s | Spearman@80: 0.7858 | Kendall@80: 0.5802
Epoch 47/150 | Train Loss: 0.0373 | Epoch Time: 0.67s | Spearman@80: 0.7790 | Kendall@80: 0.5789
Epoch 48/150 | Train Loss: 0.0348 | Epoch Time: 0.70s | Spearman@80: 0.7207 | Kendall@80: 0.5181
Epoch 49/150 | Train Loss: 0.0439 | Epoch Time: 0.69s | Spearman@80: 0.7498 | Kendall@80: 0.5441
Epoch 50/150 | Train Loss: 0.0361 | Epoch Time: 0.71s | Spearman@80: 0.7802 | Kendall@80: 0.5770
Epoch 51/150 | Train Loss: 0.0345 | Epoch Time: 0.70s | Spearman@80: 0.7864 | Kendall@80: 0.5872
Epoch 52/150 | Train Loss: 0.0361 | Epoch Time: 0.70s | Spearman@80: 0.7610 | Kendall@80: 0.5561
Epoch 53/150 | Train Loss: 0.0312 | Epoch Time: 0.70s | Spearman@80: 0.7723 | Kendall@80: 0.5694
Epoch 54/150 | Train Loss: 0.0380 | Epoch Time: 0.70s | Spearman@80: 0.7714 | Kendall@80: 0.5644
Epoch 55/150 | Train Loss: 0.0323 | Epoch Time: 0.69s | Spearman@80: 0.7094 | Kendall@80: 0.5022
Epoch 56/150 | Train Loss: 0.0370 | Epoch Time: 0.70s | Spearman@80: 0.7286 | Kendall@80: 0.5339
Epoch 57/150 | Train Loss: 0.0296 | Epoch Time: 0.71s | Spearman@80: 0.7987 | Kendall@80: 0.5992
Epoch 58/150 | Train Loss: 0.0324 | Epoch Time: 0.69s | Spearman@80: 0.7739 | Kendall@80: 0.5758
Epoch 59/150 | Train Loss: 0.0368 | Epoch Time: 0.69s | Spearman@80: 0.7866 | Kendall@80: 0.5929
Epoch 60/150 | Train Loss: 0.0355 | Epoch Time: 0.69s | Spearman@80: 0.7188 | Kendall@80: 0.5149
Epoch 61/150 | Train Loss: 0.0281 | Epoch Time: 0.69s | Spearman@80: 0.7851 | Kendall@80: 0.5859
Epoch 62/150 | Train Loss: 0.0350 | Epoch Time: 0.70s | Spearman@80: 0.6981 | Kendall@80: 0.5041
Epoch 63/150 | Train Loss: 0.0371 | Epoch Time: 0.68s | Spearman@80: 0.7946 | Kendall@80: 0.5923
Epoch 64/150 | Train Loss: 0.0354 | Epoch Time: 0.69s | Spearman@80: 0.7997 | Kendall@80: 0.5992
Epoch 65/150 | Train Loss: 0.0355 | Epoch Time: 0.69s | Spearman@80: 0.7488 | Kendall@80: 0.5434
Epoch 66/150 | Train Loss: 0.0365 | Epoch Time: 0.69s | Spearman@80: 0.8081 | Kendall@80: 0.6037
Epoch 67/150 | Train Loss: 0.0307 | Epoch Time: 0.70s | Spearman@80: 0.7982 | Kendall@80: 0.5948
Epoch 68/150 | Train Loss: 0.0272 | Epoch Time: 0.70s | Spearman@80: 0.7693 | Kendall@80: 0.5675
Epoch 69/150 | Train Loss: 0.0320 | Epoch Time: 0.71s | Spearman@80: 0.7609 | Kendall@80: 0.5568
Epoch 70/150 | Train Loss: 0.0370 | Epoch Time: 0.71s | Spearman@80: 0.7704 | Kendall@80: 0.5675
Epoch 71/150 | Train Loss: 0.0319 | Epoch Time: 0.69s | Spearman@80: 0.7651 | Kendall@80: 0.5631
Epoch 72/150 | Train Loss: 0.0299 | Epoch Time: 0.69s | Spearman@80: 0.7612 | Kendall@80: 0.5593
Epoch 73/150 | Train Loss: 0.0324 | Epoch Time: 0.71s | Spearman@80: 0.7670 | Kendall@80: 0.5656
Epoch 74/150 | Train Loss: 0.0309 | Epoch Time: 0.69s | Spearman@80: 0.7511 | Kendall@80: 0.5510
Epoch 75/150 | Train Loss: 0.0318 | Epoch Time: 0.70s | Spearman@80: 0.7340 | Kendall@80: 0.5339
Epoch 76/150 | Train Loss: 0.0299 | Epoch Time: 0.70s | Spearman@80: 0.7651 | Kendall@80: 0.5612
Epoch 77/150 | Train Loss: 0.0347 | Epoch Time: 0.70s | Spearman@80: 0.7564 | Kendall@80: 0.5529
Epoch 78/150 | Train Loss: 0.0306 | Epoch Time: 0.70s | Spearman@80: 0.7675 | Kendall@80: 0.5669
Epoch 79/150 | Train Loss: 0.0325 | Epoch Time: 0.71s | Spearman@80: 0.7729 | Kendall@80: 0.5707
Epoch 80/150 | Train Loss: 0.0292 | Epoch Time: 0.70s | Spearman@80: 0.7789 | Kendall@80: 0.5809
Epoch 81/150 | Train Loss: 0.0276 | Epoch Time: 0.71s | Spearman@80: 0.7714 | Kendall@80: 0.5694
Epoch 82/150 | Train Loss: 0.0241 | Epoch Time: 0.69s | Spearman@80: 0.7385 | Kendall@80: 0.5390
Epoch 83/150 | Train Loss: 0.0279 | Epoch Time: 0.69s | Spearman@80: 0.7565 | Kendall@80: 0.5542
Epoch 84/150 | Train Loss: 0.0218 | Epoch Time: 0.70s | Spearman@80: 0.7641 | Kendall@80: 0.5606
Epoch 85/150 | Train Loss: 0.0229 | Epoch Time: 0.71s | Spearman@80: 0.7599 | Kendall@80: 0.5561
Epoch 86/150 | Train Loss: 0.0234 | Epoch Time: 0.70s | Spearman@80: 0.7607 | Kendall@80: 0.5580
Epoch 87/150 | Train Loss: 0.0264 | Epoch Time: 0.70s | Spearman@80: 0.7797 | Kendall@80: 0.5758
Epoch 88/150 | Train Loss: 0.0311 | Epoch Time: 0.70s | Spearman@80: 0.7336 | Kendall@80: 0.5295
Epoch 89/150 | Train Loss: 0.0334 | Epoch Time: 0.70s | Spearman@80: 0.7534 | Kendall@80: 0.5536
Epoch 90/150 | Train Loss: 0.0247 | Epoch Time: 0.69s | Spearman@80: 0.7555 | Kendall@80: 0.5529
Epoch 91/150 | Train Loss: 0.0235 | Epoch Time: 0.70s | Spearman@80: 0.7328 | Kendall@80: 0.5282
Epoch 92/150 | Train Loss: 0.0220 | Epoch Time: 0.69s | Spearman@80: 0.7395 | Kendall@80: 0.5390
Epoch 93/150 | Train Loss: 0.0210 | Epoch Time: 0.70s | Spearman@80: 0.7509 | Kendall@80: 0.5517
Epoch 94/150 | Train Loss: 0.0242 | Epoch Time: 0.71s | Spearman@80: 0.7504 | Kendall@80: 0.5498
Epoch 95/150 | Train Loss: 0.0240 | Epoch Time: 0.70s | Spearman@80: 0.7533 | Kendall@80: 0.5517
Epoch 96/150 | Train Loss: 0.0265 | Epoch Time: 0.68s | Spearman@80: 0.7690 | Kendall@80: 0.5637
Epoch 97/150 | Train Loss: 0.0240 | Epoch Time: 0.69s | Spearman@80: 0.7607 | Kendall@80: 0.5529
Epoch 98/150 | Train Loss: 0.0228 | Epoch Time: 0.68s | Spearman@80: 0.7703 | Kendall@80: 0.5612
Epoch 99/150 | Train Loss: 0.0252 | Epoch Time: 0.71s | Spearman@80: 0.7670 | Kendall@80: 0.5606
Epoch 100/150 | Train Loss: 0.0263 | Epoch Time: 0.72s | Spearman@80: 0.7743 | Kendall@80: 0.5707
Epoch 101/150 | Train Loss: 0.0213 | Epoch Time: 0.70s | Spearman@80: 0.7551 | Kendall@80: 0.5498
Epoch 102/150 | Train Loss: 0.0208 | Epoch Time: 0.70s | Spearman@80: 0.7726 | Kendall@80: 0.5637
Epoch 103/150 | Train Loss: 0.0220 | Epoch Time: 0.71s | Spearman@80: 0.7413 | Kendall@80: 0.5352
Epoch 104/150 | Train Loss: 0.0276 | Epoch Time: 0.70s | Spearman@80: 0.7652 | Kendall@80: 0.5580
Epoch 105/150 | Train Loss: 0.0187 | Epoch Time: 0.70s | Spearman@80: 0.7584 | Kendall@80: 0.5517
Epoch 106/150 | Train Loss: 0.0218 | Epoch Time: 0.70s | Spearman@80: 0.7620 | Kendall@80: 0.5568
Epoch 107/150 | Train Loss: 0.0251 | Epoch Time: 0.70s | Spearman@80: 0.7602 | Kendall@80: 0.5549
Epoch 108/150 | Train Loss: 0.0199 | Epoch Time: 0.68s | Spearman@80: 0.7527 | Kendall@80: 0.5466
Epoch 109/150 | Train Loss: 0.0207 | Epoch Time: 0.70s | Spearman@80: 0.7570 | Kendall@80: 0.5447
Epoch 110/150 | Train Loss: 0.0211 | Epoch Time: 0.69s | Spearman@80: 0.7542 | Kendall@80: 0.5523
Epoch 111/150 | Train Loss: 0.0191 | Epoch Time: 0.70s | Spearman@80: 0.7559 | Kendall@80: 0.5517
Epoch 112/150 | Train Loss: 0.0189 | Epoch Time: 0.69s | Spearman@80: 0.7512 | Kendall@80: 0.5447
Epoch 113/150 | Train Loss: 0.0216 | Epoch Time: 0.70s | Spearman@80: 0.7475 | Kendall@80: 0.5384
Epoch 114/150 | Train Loss: 0.0242 | Epoch Time: 0.70s | Spearman@80: 0.7526 | Kendall@80: 0.5409
Epoch 115/150 | Train Loss: 0.0162 | Epoch Time: 0.72s | Spearman@80: 0.7557 | Kendall@80: 0.5491
Epoch 116/150 | Train Loss: 0.0182 | Epoch Time: 0.72s | Spearman@80: 0.7508 | Kendall@80: 0.5403
Epoch 117/150 | Train Loss: 0.0206 | Epoch Time: 0.71s | Spearman@80: 0.7546 | Kendall@80: 0.5472
Epoch 118/150 | Train Loss: 0.0200 | Epoch Time: 0.69s | Spearman@80: 0.7582 | Kendall@80: 0.5491
Epoch 119/150 | Train Loss: 0.0186 | Epoch Time: 0.70s | Spearman@80: 0.7504 | Kendall@80: 0.5453
Epoch 120/150 | Train Loss: 0.0177 | Epoch Time: 0.70s | Spearman@80: 0.7546 | Kendall@80: 0.5491
Epoch 121/150 | Train Loss: 0.0144 | Epoch Time: 0.69s | Spearman@80: 0.7584 | Kendall@80: 0.5517
Epoch 122/150 | Train Loss: 0.0187 | Epoch Time: 0.70s | Spearman@80: 0.7493 | Kendall@80: 0.5434
Epoch 123/150 | Train Loss: 0.0222 | Epoch Time: 0.71s | Spearman@80: 0.7527 | Kendall@80: 0.5441
Epoch 124/150 | Train Loss: 0.0169 | Epoch Time: 0.70s | Spearman@80: 0.7520 | Kendall@80: 0.5434
Epoch 125/150 | Train Loss: 0.0137 | Epoch Time: 0.71s | Spearman@80: 0.7549 | Kendall@80: 0.5479
Epoch 126/150 | Train Loss: 0.0172 | Epoch Time: 0.70s | Spearman@80: 0.7586 | Kendall@80: 0.5549
Epoch 127/150 | Train Loss: 0.0189 | Epoch Time: 0.71s | Spearman@80: 0.7566 | Kendall@80: 0.5479
Epoch 128/150 | Train Loss: 0.0173 | Epoch Time: 0.69s | Spearman@80: 0.7572 | Kendall@80: 0.5510
Epoch 129/150 | Train Loss: 0.0194 | Epoch Time: 0.71s | Spearman@80: 0.7595 | Kendall@80: 0.5549
Epoch 130/150 | Train Loss: 0.0203 | Epoch Time: 0.72s | Spearman@80: 0.7518 | Kendall@80: 0.5453
Epoch 131/150 | Train Loss: 0.0179 | Epoch Time: 0.70s | Spearman@80: 0.7540 | Kendall@80: 0.5491
Epoch 132/150 | Train Loss: 0.0184 | Epoch Time: 0.67s | Spearman@80: 0.7559 | Kendall@80: 0.5498
Epoch 133/150 | Train Loss: 0.0128 | Epoch Time: 0.67s | Spearman@80: 0.7563 | Kendall@80: 0.5491
Epoch 134/150 | Train Loss: 0.0189 | Epoch Time: 0.70s | Spearman@80: 0.7594 | Kendall@80: 0.5510
Epoch 135/150 | Train Loss: 0.0157 | Epoch Time: 0.70s | Spearman@80: 0.7578 | Kendall@80: 0.5472
Epoch 136/150 | Train Loss: 0.0177 | Epoch Time: 0.69s | Spearman@80: 0.7548 | Kendall@80: 0.5479
Epoch 137/150 | Train Loss: 0.0152 | Epoch Time: 0.71s | Spearman@80: 0.7562 | Kendall@80: 0.5498
Epoch 138/150 | Train Loss: 0.0139 | Epoch Time: 0.69s | Spearman@80: 0.7586 | Kendall@80: 0.5529
Epoch 139/150 | Train Loss: 0.0156 | Epoch Time: 0.70s | Spearman@80: 0.7594 | Kendall@80: 0.5529
Epoch 140/150 | Train Loss: 0.0144 | Epoch Time: 0.70s | Spearman@80: 0.7594 | Kendall@80: 0.5542
Epoch 141/150 | Train Loss: 0.0195 | Epoch Time: 0.69s | Spearman@80: 0.7600 | Kendall@80: 0.5549
Epoch 142/150 | Train Loss: 0.0137 | Epoch Time: 0.70s | Spearman@80: 0.7608 | Kendall@80: 0.5561
Epoch 143/150 | Train Loss: 0.0145 | Epoch Time: 0.69s | Spearman@80: 0.7597 | Kendall@80: 0.5549
Epoch 144/150 | Train Loss: 0.0149 | Epoch Time: 0.70s | Spearman@80: 0.7588 | Kendall@80: 0.5542
Epoch 145/150 | Train Loss: 0.0130 | Epoch Time: 0.69s | Spearman@80: 0.7595 | Kendall@80: 0.5542
Epoch 146/150 | Train Loss: 0.0148 | Epoch Time: 0.69s | Spearman@80: 0.7611 | Kendall@80: 0.5561
Epoch 147/150 | Train Loss: 0.0142 | Epoch Time: 1.58s | Spearman@4870: 0.7077 | Kendall@4870: 0.5159
Epoch 148/150 | Train Loss: 0.0179 | Epoch Time: 1.60s | Spearman@4870: 0.7073 | Kendall@4870: 0.5156
Epoch 149/150 | Train Loss: 0.0187 | Epoch Time: 1.56s | Spearman@4870: 0.7070 | Kendall@4870: 0.5153
Epoch 150/150 | Train Loss: 0.0169 | Epoch Time: 1.57s | Spearman@4870: 0.7068 | Kendall@4870: 0.5151
Sample Count: 128, Spearman: 0.7072161446478611, Kendall: 0.5154659167935255
{64: (0.501092725220221, 0.34912909477627496),
 128: (0.7072161446478611, 0.5154659167935255)}
Epoch 1/150 | Train Loss: 0.0960 | Epoch Time: 0.37s | Spearman@80: 0.5962 | Kendall@80: 0.4329
Epoch 2/150 | Train Loss: 0.0829 | Epoch Time: 0.36s | Spearman@80: 0.5211 | Kendall@80: 0.3683
Epoch 3/150 | Train Loss: 0.0726 | Epoch Time: 0.36s | Spearman@80: 0.6343 | Kendall@80: 0.4633
Epoch 4/150 | Train Loss: 0.0561 | Epoch Time: 0.37s | Spearman@80: 0.6775 | Kendall@80: 0.5007
Epoch 5/150 | Train Loss: 0.0566 | Epoch Time: 0.37s | Spearman@80: 0.6883 | Kendall@80: 0.5039
Epoch 6/150 | Train Loss: 0.0541 | Epoch Time: 0.36s | Spearman@80: 0.6797 | Kendall@80: 0.5013
Epoch 7/150 | Train Loss: 0.0577 | Epoch Time: 0.37s | Spearman@80: 0.6674 | Kendall@80: 0.4944
Epoch 8/150 | Train Loss: 0.0560 | Epoch Time: 0.36s | Spearman@80: 0.6881 | Kendall@80: 0.5070
Epoch 9/150 | Train Loss: 0.0625 | Epoch Time: 0.38s | Spearman@80: 0.7043 | Kendall@80: 0.5121
Epoch 10/150 | Train Loss: 0.0607 | Epoch Time: 0.36s | Spearman@80: 0.6220 | Kendall@80: 0.4557
Epoch 11/150 | Train Loss: 0.0528 | Epoch Time: 0.36s | Spearman@80: 0.7018 | Kendall@80: 0.5203
Epoch 12/150 | Train Loss: 0.0567 | Epoch Time: 0.37s | Spearman@80: 0.6975 | Kendall@80: 0.5070
Epoch 13/150 | Train Loss: 0.0506 | Epoch Time: 0.36s | Spearman@80: 0.6795 | Kendall@80: 0.5013
Epoch 14/150 | Train Loss: 0.0440 | Epoch Time: 0.36s | Spearman@80: 0.6011 | Kendall@80: 0.4348
Epoch 15/150 | Train Loss: 0.0510 | Epoch Time: 0.36s | Spearman@80: 0.6611 | Kendall@80: 0.4849
Epoch 16/150 | Train Loss: 0.0564 | Epoch Time: 0.36s | Spearman@80: 0.6606 | Kendall@80: 0.4798
Epoch 17/150 | Train Loss: 0.0519 | Epoch Time: 0.37s | Spearman@80: 0.6935 | Kendall@80: 0.5045
Epoch 18/150 | Train Loss: 0.0440 | Epoch Time: 0.37s | Spearman@80: 0.6798 | Kendall@80: 0.4956
Epoch 19/150 | Train Loss: 0.0413 | Epoch Time: 0.36s | Spearman@80: 0.6189 | Kendall@80: 0.4494
Epoch 20/150 | Train Loss: 0.0429 | Epoch Time: 0.37s | Spearman@80: 0.6130 | Kendall@80: 0.4399
Epoch 21/150 | Train Loss: 0.0416 | Epoch Time: 0.36s | Spearman@80: 0.5711 | Kendall@80: 0.4127
Epoch 22/150 | Train Loss: 0.0474 | Epoch Time: 0.37s | Spearman@80: 0.6222 | Kendall@80: 0.4532
Epoch 23/150 | Train Loss: 0.0501 | Epoch Time: 0.37s | Spearman@80: 0.6518 | Kendall@80: 0.4722
Epoch 24/150 | Train Loss: 0.0399 | Epoch Time: 0.37s | Spearman@80: 0.5993 | Kendall@80: 0.4336
Epoch 25/150 | Train Loss: 0.0428 | Epoch Time: 0.37s | Spearman@80: 0.5653 | Kendall@80: 0.4019
Epoch 26/150 | Train Loss: 0.0445 | Epoch Time: 0.36s | Spearman@80: 0.5840 | Kendall@80: 0.4196
Epoch 27/150 | Train Loss: 0.0407 | Epoch Time: 0.36s | Spearman@80: 0.6166 | Kendall@80: 0.4424
Epoch 28/150 | Train Loss: 0.0437 | Epoch Time: 0.37s | Spearman@80: 0.5992 | Kendall@80: 0.4329
Epoch 29/150 | Train Loss: 0.0501 | Epoch Time: 0.37s | Spearman@80: 0.5861 | Kendall@80: 0.4228
Epoch 30/150 | Train Loss: 0.0427 | Epoch Time: 0.36s | Spearman@80: 0.6655 | Kendall@80: 0.4931
Epoch 31/150 | Train Loss: 0.0413 | Epoch Time: 0.37s | Spearman@80: 0.6582 | Kendall@80: 0.4849
Epoch 32/150 | Train Loss: 0.0422 | Epoch Time: 0.36s | Spearman@80: 0.6106 | Kendall@80: 0.4456
Epoch 33/150 | Train Loss: 0.0460 | Epoch Time: 0.37s | Spearman@80: 0.5908 | Kendall@80: 0.4203
Epoch 34/150 | Train Loss: 0.0438 | Epoch Time: 0.36s | Spearman@80: 0.6305 | Kendall@80: 0.4494
Epoch 35/150 | Train Loss: 0.0284 | Epoch Time: 0.37s | Spearman@80: 0.6680 | Kendall@80: 0.4874
Epoch 36/150 | Train Loss: 0.0380 | Epoch Time: 0.37s | Spearman@80: 0.5973 | Kendall@80: 0.4228
Epoch 37/150 | Train Loss: 0.0338 | Epoch Time: 0.37s | Spearman@80: 0.5876 | Kendall@80: 0.4184
Epoch 38/150 | Train Loss: 0.0385 | Epoch Time: 0.36s | Spearman@80: 0.5982 | Kendall@80: 0.4253
Epoch 39/150 | Train Loss: 0.0388 | Epoch Time: 0.36s | Spearman@80: 0.6154 | Kendall@80: 0.4399
Epoch 40/150 | Train Loss: 0.0368 | Epoch Time: 0.37s | Spearman@80: 0.5251 | Kendall@80: 0.3677
Epoch 41/150 | Train Loss: 0.0303 | Epoch Time: 0.37s | Spearman@80: 0.5645 | Kendall@80: 0.4063
Epoch 42/150 | Train Loss: 0.0548 | Epoch Time: 0.37s | Spearman@80: 0.6257 | Kendall@80: 0.4513
Epoch 43/150 | Train Loss: 0.0366 | Epoch Time: 0.36s | Spearman@80: 0.6050 | Kendall@80: 0.4380
Epoch 44/150 | Train Loss: 0.0384 | Epoch Time: 0.35s | Spearman@80: 0.6419 | Kendall@80: 0.4627
Epoch 45/150 | Train Loss: 0.0391 | Epoch Time: 0.35s | Spearman@80: 0.6028 | Kendall@80: 0.4348
Epoch 46/150 | Train Loss: 0.0320 | Epoch Time: 0.35s | Spearman@80: 0.5988 | Kendall@80: 0.4329
Epoch 47/150 | Train Loss: 0.0386 | Epoch Time: 0.37s | Spearman@80: 0.5518 | Kendall@80: 0.3835
Epoch 48/150 | Train Loss: 0.0312 | Epoch Time: 0.36s | Spearman@80: 0.6090 | Kendall@80: 0.4361
Epoch 49/150 | Train Loss: 0.0369 | Epoch Time: 0.36s | Spearman@80: 0.5967 | Kendall@80: 0.4247
Epoch 50/150 | Train Loss: 0.0314 | Epoch Time: 0.35s | Spearman@80: 0.5426 | Kendall@80: 0.3804
Epoch 51/150 | Train Loss: 0.0331 | Epoch Time: 0.36s | Spearman@80: 0.5756 | Kendall@80: 0.4089
Epoch 52/150 | Train Loss: 0.0224 | Epoch Time: 0.36s | Spearman@80: 0.5612 | Kendall@80: 0.3987
Epoch 53/150 | Train Loss: 0.0283 | Epoch Time: 0.37s | Spearman@80: 0.5444 | Kendall@80: 0.3867
Epoch 54/150 | Train Loss: 0.0243 | Epoch Time: 0.35s | Spearman@80: 0.5219 | Kendall@80: 0.3677
Epoch 55/150 | Train Loss: 0.0396 | Epoch Time: 0.37s | Spearman@80: 0.5179 | Kendall@80: 0.3595
Epoch 56/150 | Train Loss: 0.0351 | Epoch Time: 0.37s | Spearman@80: 0.5369 | Kendall@80: 0.3810
Epoch 57/150 | Train Loss: 0.0304 | Epoch Time: 0.36s | Spearman@80: 0.5855 | Kendall@80: 0.4247
Epoch 58/150 | Train Loss: 0.0331 | Epoch Time: 0.36s | Spearman@80: 0.6290 | Kendall@80: 0.4557
Epoch 59/150 | Train Loss: 0.0340 | Epoch Time: 0.36s | Spearman@80: 0.5718 | Kendall@80: 0.4070
Epoch 60/150 | Train Loss: 0.0222 | Epoch Time: 0.38s | Spearman@80: 0.5315 | Kendall@80: 0.3747
Epoch 61/150 | Train Loss: 0.0291 | Epoch Time: 0.36s | Spearman@80: 0.5527 | Kendall@80: 0.3911
Epoch 62/150 | Train Loss: 0.0253 | Epoch Time: 0.37s | Spearman@80: 0.5963 | Kendall@80: 0.4304
Epoch 63/150 | Train Loss: 0.0288 | Epoch Time: 0.38s | Spearman@80: 0.5905 | Kendall@80: 0.4247
Epoch 64/150 | Train Loss: 0.0379 | Epoch Time: 0.36s | Spearman@80: 0.6275 | Kendall@80: 0.4583
Epoch 65/150 | Train Loss: 0.0334 | Epoch Time: 0.37s | Spearman@80: 0.6044 | Kendall@80: 0.4405
Epoch 66/150 | Train Loss: 0.0283 | Epoch Time: 0.37s | Spearman@80: 0.5638 | Kendall@80: 0.4019
Epoch 67/150 | Train Loss: 0.0340 | Epoch Time: 0.36s | Spearman@80: 0.5849 | Kendall@80: 0.4203
Epoch 68/150 | Train Loss: 0.0302 | Epoch Time: 0.38s | Spearman@80: 0.5783 | Kendall@80: 0.4158
Epoch 69/150 | Train Loss: 0.0254 | Epoch Time: 0.36s | Spearman@80: 0.5912 | Kendall@80: 0.4298
Epoch 70/150 | Train Loss: 0.0297 | Epoch Time: 0.37s | Spearman@80: 0.5974 | Kendall@80: 0.4342
Epoch 71/150 | Train Loss: 0.0308 | Epoch Time: 0.37s | Spearman@80: 0.6213 | Kendall@80: 0.4488
Epoch 72/150 | Train Loss: 0.0349 | Epoch Time: 0.37s | Spearman@80: 0.5915 | Kendall@80: 0.4285
Epoch 73/150 | Train Loss: 0.0311 | Epoch Time: 0.37s | Spearman@80: 0.5857 | Kendall@80: 0.4133
Epoch 74/150 | Train Loss: 0.0219 | Epoch Time: 0.37s | Spearman@80: 0.5518 | Kendall@80: 0.3911
Epoch 75/150 | Train Loss: 0.0331 | Epoch Time: 0.36s | Spearman@80: 0.5691 | Kendall@80: 0.4076
Epoch 76/150 | Train Loss: 0.0250 | Epoch Time: 0.38s | Spearman@80: 0.6057 | Kendall@80: 0.4355
Epoch 77/150 | Train Loss: 0.0245 | Epoch Time: 0.38s | Spearman@80: 0.6224 | Kendall@80: 0.4526
Epoch 78/150 | Train Loss: 0.0266 | Epoch Time: 0.36s | Spearman@80: 0.5942 | Kendall@80: 0.4247
Epoch 79/150 | Train Loss: 0.0209 | Epoch Time: 0.37s | Spearman@80: 0.5735 | Kendall@80: 0.4152
Epoch 80/150 | Train Loss: 0.0304 | Epoch Time: 0.37s | Spearman@80: 0.5854 | Kendall@80: 0.4241
Epoch 81/150 | Train Loss: 0.0293 | Epoch Time: 0.36s | Spearman@80: 0.5991 | Kendall@80: 0.4329
Epoch 82/150 | Train Loss: 0.0205 | Epoch Time: 0.36s | Spearman@80: 0.6041 | Kendall@80: 0.4329
Epoch 83/150 | Train Loss: 0.0227 | Epoch Time: 0.36s | Spearman@80: 0.5832 | Kendall@80: 0.4203
Epoch 84/150 | Train Loss: 0.0262 | Epoch Time: 0.37s | Spearman@80: 0.5736 | Kendall@80: 0.4101
Epoch 85/150 | Train Loss: 0.0218 | Epoch Time: 0.37s | Spearman@80: 0.6370 | Kendall@80: 0.4621
Epoch 86/150 | Train Loss: 0.0274 | Epoch Time: 0.36s | Spearman@80: 0.6255 | Kendall@80: 0.4602
Epoch 87/150 | Train Loss: 0.0249 | Epoch Time: 0.36s | Spearman@80: 0.5917 | Kendall@80: 0.4336
Epoch 88/150 | Train Loss: 0.0205 | Epoch Time: 0.36s | Spearman@80: 0.5650 | Kendall@80: 0.4108
Epoch 89/150 | Train Loss: 0.0274 | Epoch Time: 0.36s | Spearman@80: 0.5675 | Kendall@80: 0.4120
Epoch 90/150 | Train Loss: 0.0284 | Epoch Time: 0.37s | Spearman@80: 0.6033 | Kendall@80: 0.4399
Epoch 91/150 | Train Loss: 0.0236 | Epoch Time: 0.37s | Spearman@80: 0.6141 | Kendall@80: 0.4538
Epoch 92/150 | Train Loss: 0.0207 | Epoch Time: 0.36s | Spearman@80: 0.6121 | Kendall@80: 0.4526
Epoch 93/150 | Train Loss: 0.0251 | Epoch Time: 0.35s | Spearman@80: 0.5592 | Kendall@80: 0.4019
Epoch 94/150 | Train Loss: 0.0329 | Epoch Time: 0.35s | Spearman@80: 0.5594 | Kendall@80: 0.3981
Epoch 95/150 | Train Loss: 0.0219 | Epoch Time: 0.37s | Spearman@80: 0.5914 | Kendall@80: 0.4285
Epoch 96/150 | Train Loss: 0.0239 | Epoch Time: 0.36s | Spearman@80: 0.5538 | Kendall@80: 0.3981
Epoch 97/150 | Train Loss: 0.0221 | Epoch Time: 0.35s | Spearman@80: 0.5612 | Kendall@80: 0.4082
Epoch 98/150 | Train Loss: 0.0264 | Epoch Time: 0.37s | Spearman@80: 0.5650 | Kendall@80: 0.4089
Epoch 99/150 | Train Loss: 0.0266 | Epoch Time: 0.36s | Spearman@80: 0.5620 | Kendall@80: 0.4095
Epoch 100/150 | Train Loss: 0.0221 | Epoch Time: 0.36s | Spearman@80: 0.5773 | Kendall@80: 0.4158
Epoch 101/150 | Train Loss: 0.0190 | Epoch Time: 0.36s | Spearman@80: 0.5799 | Kendall@80: 0.4222
Epoch 102/150 | Train Loss: 0.0175 | Epoch Time: 0.37s | Spearman@80: 0.5550 | Kendall@80: 0.4051
Epoch 103/150 | Train Loss: 0.0258 | Epoch Time: 0.36s | Spearman@80: 0.5627 | Kendall@80: 0.4101
Epoch 104/150 | Train Loss: 0.0239 | Epoch Time: 0.36s | Spearman@80: 0.6033 | Kendall@80: 0.4355
Epoch 105/150 | Train Loss: 0.0210 | Epoch Time: 0.36s | Spearman@80: 0.6095 | Kendall@80: 0.4462
Epoch 106/150 | Train Loss: 0.0226 | Epoch Time: 0.37s | Spearman@80: 0.5770 | Kendall@80: 0.4203
Epoch 107/150 | Train Loss: 0.0273 | Epoch Time: 0.36s | Spearman@80: 0.5618 | Kendall@80: 0.4063
Epoch 108/150 | Train Loss: 0.0250 | Epoch Time: 0.37s | Spearman@80: 0.5569 | Kendall@80: 0.3994
Epoch 109/150 | Train Loss: 0.0200 | Epoch Time: 0.36s | Spearman@80: 0.5467 | Kendall@80: 0.3930
Epoch 110/150 | Train Loss: 0.0244 | Epoch Time: 0.37s | Spearman@80: 0.5843 | Kendall@80: 0.4234
Epoch 111/150 | Train Loss: 0.0163 | Epoch Time: 0.36s | Spearman@80: 0.6011 | Kendall@80: 0.4431
Epoch 112/150 | Train Loss: 0.0238 | Epoch Time: 0.36s | Spearman@80: 0.5691 | Kendall@80: 0.4152
Epoch 113/150 | Train Loss: 0.0168 | Epoch Time: 0.36s | Spearman@80: 0.5337 | Kendall@80: 0.3905
Epoch 114/150 | Train Loss: 0.0223 | Epoch Time: 0.36s | Spearman@80: 0.5472 | Kendall@80: 0.3994
Epoch 115/150 | Train Loss: 0.0187 | Epoch Time: 0.36s | Spearman@80: 0.5424 | Kendall@80: 0.3937
Epoch 116/150 | Train Loss: 0.0185 | Epoch Time: 0.36s | Spearman@80: 0.5332 | Kendall@80: 0.3835
Epoch 117/150 | Train Loss: 0.0218 | Epoch Time: 0.36s | Spearman@80: 0.5566 | Kendall@80: 0.4070
Epoch 118/150 | Train Loss: 0.0211 | Epoch Time: 0.35s | Spearman@80: 0.5705 | Kendall@80: 0.4171
Epoch 119/150 | Train Loss: 0.0215 | Epoch Time: 0.35s | Spearman@80: 0.5640 | Kendall@80: 0.4070
Epoch 120/150 | Train Loss: 0.0183 | Epoch Time: 0.35s | Spearman@80: 0.5580 | Kendall@80: 0.4057
Epoch 121/150 | Train Loss: 0.0241 | Epoch Time: 0.37s | Spearman@80: 0.5668 | Kendall@80: 0.4133
Epoch 122/150 | Train Loss: 0.0203 | Epoch Time: 0.36s | Spearman@80: 0.5792 | Kendall@80: 0.4234
Epoch 123/150 | Train Loss: 0.0194 | Epoch Time: 0.37s | Spearman@80: 0.5805 | Kendall@80: 0.4209
Epoch 124/150 | Train Loss: 0.0182 | Epoch Time: 0.36s | Spearman@80: 0.5872 | Kendall@80: 0.4298
Epoch 125/150 | Train Loss: 0.0192 | Epoch Time: 0.37s | Spearman@80: 0.5812 | Kendall@80: 0.4253
Epoch 126/150 | Train Loss: 0.0151 | Epoch Time: 0.37s | Spearman@80: 0.5752 | Kendall@80: 0.4209
Epoch 127/150 | Train Loss: 0.0205 | Epoch Time: 0.38s | Spearman@80: 0.5768 | Kendall@80: 0.4228
Epoch 128/150 | Train Loss: 0.0205 | Epoch Time: 0.36s | Spearman@80: 0.5873 | Kendall@80: 0.4291
Epoch 129/150 | Train Loss: 0.0141 | Epoch Time: 0.37s | Spearman@80: 0.5903 | Kendall@80: 0.4304
Epoch 130/150 | Train Loss: 0.0129 | Epoch Time: 0.37s | Spearman@80: 0.5853 | Kendall@80: 0.4247
Epoch 131/150 | Train Loss: 0.0158 | Epoch Time: 0.36s | Spearman@80: 0.5798 | Kendall@80: 0.4215
Epoch 132/150 | Train Loss: 0.0209 | Epoch Time: 0.37s | Spearman@80: 0.5744 | Kendall@80: 0.4158
Epoch 133/150 | Train Loss: 0.0135 | Epoch Time: 0.37s | Spearman@80: 0.5805 | Kendall@80: 0.4203
Epoch 134/150 | Train Loss: 0.0145 | Epoch Time: 0.37s | Spearman@80: 0.5856 | Kendall@80: 0.4253
Epoch 135/150 | Train Loss: 0.0140 | Epoch Time: 0.36s | Spearman@80: 0.5824 | Kendall@80: 0.4209
Epoch 136/150 | Train Loss: 0.0175 | Epoch Time: 0.36s | Spearman@80: 0.5819 | Kendall@80: 0.4209
Epoch 137/150 | Train Loss: 0.0174 | Epoch Time: 0.37s | Spearman@80: 0.5804 | Kendall@80: 0.4215
Epoch 138/150 | Train Loss: 0.0140 | Epoch Time: 0.37s | Spearman@80: 0.5796 | Kendall@80: 0.4209
Epoch 139/150 | Train Loss: 0.0158 | Epoch Time: 0.37s | Spearman@80: 0.5783 | Kendall@80: 0.4190
Epoch 140/150 | Train Loss: 0.0161 | Epoch Time: 0.38s | Spearman@80: 0.5778 | Kendall@80: 0.4196
Epoch 141/150 | Train Loss: 0.0161 | Epoch Time: 0.36s | Spearman@80: 0.5778 | Kendall@80: 0.4196
Epoch 142/150 | Train Loss: 0.0177 | Epoch Time: 0.36s | Spearman@80: 0.5761 | Kendall@80: 0.4177
Epoch 143/150 | Train Loss: 0.0154 | Epoch Time: 0.36s | Spearman@80: 0.5734 | Kendall@80: 0.4177
Epoch 144/150 | Train Loss: 0.0177 | Epoch Time: 0.36s | Spearman@80: 0.5735 | Kendall@80: 0.4177
Epoch 145/150 | Train Loss: 0.0175 | Epoch Time: 0.36s | Spearman@80: 0.5716 | Kendall@80: 0.4152
Epoch 146/150 | Train Loss: 0.0129 | Epoch Time: 0.36s | Spearman@80: 0.5719 | Kendall@80: 0.4158
Epoch 147/150 | Train Loss: 0.0116 | Epoch Time: 1.28s | Spearman@4934: 0.5677 | Kendall@4934: 0.3980
Epoch 148/150 | Train Loss: 0.0133 | Epoch Time: 1.28s | Spearman@4934: 0.5678 | Kendall@4934: 0.3980
Epoch 149/150 | Train Loss: 0.0138 | Epoch Time: 1.27s | Spearman@4934: 0.5679 | Kendall@4934: 0.3981
Epoch 150/150 | Train Loss: 0.0168 | Epoch Time: 1.27s | Spearman@4934: 0.5679 | Kendall@4934: 0.3982
Sample Count: 64, Spearman: 0.5678134240321365, Kendall: 0.398095764784533
{64: (0.5678134240321365, 0.398095764784533),
 128: (0.7072161446478611, 0.5154659167935255)}
Epoch 1/150 | Train Loss: 0.1009 | Epoch Time: 0.72s | Spearman@80: 0.3347 | Kendall@80: 0.2325
Epoch 2/150 | Train Loss: 0.0992 | Epoch Time: 0.71s | Spearman@80: 0.2712 | Kendall@80: 0.1913
Epoch 3/150 | Train Loss: 0.0861 | Epoch Time: 0.71s | Spearman@80: 0.3846 | Kendall@80: 0.2667
Epoch 4/150 | Train Loss: 0.0829 | Epoch Time: 0.72s | Spearman@80: 0.3550 | Kendall@80: 0.2629
Epoch 5/150 | Train Loss: 0.0776 | Epoch Time: 0.71s | Spearman@80: 0.4885 | Kendall@80: 0.3288
Epoch 6/150 | Train Loss: 0.0623 | Epoch Time: 0.72s | Spearman@80: 0.5725 | Kendall@80: 0.4264
Epoch 7/150 | Train Loss: 0.0678 | Epoch Time: 0.71s | Spearman@80: 0.5341 | Kendall@80: 0.3712
Epoch 8/150 | Train Loss: 0.0582 | Epoch Time: 0.70s | Spearman@80: 0.5582 | Kendall@80: 0.3921
Epoch 9/150 | Train Loss: 0.0595 | Epoch Time: 0.73s | Spearman@80: 0.5421 | Kendall@80: 0.3776
Epoch 10/150 | Train Loss: 0.0624 | Epoch Time: 0.74s | Spearman@80: 0.5765 | Kendall@80: 0.4016
Epoch 11/150 | Train Loss: 0.0494 | Epoch Time: 0.83s | Spearman@80: 0.5664 | Kendall@80: 0.4023
Epoch 12/150 | Train Loss: 0.0598 | Epoch Time: 0.83s | Spearman@80: 0.5468 | Kendall@80: 0.3871
Epoch 13/150 | Train Loss: 0.0557 | Epoch Time: 0.80s | Spearman@80: 0.5792 | Kendall@80: 0.4124
Epoch 14/150 | Train Loss: 0.0514 | Epoch Time: 0.82s | Spearman@80: 0.5879 | Kendall@80: 0.4188
Epoch 15/150 | Train Loss: 0.0523 | Epoch Time: 0.82s | Spearman@80: 0.5814 | Kendall@80: 0.4105
Epoch 16/150 | Train Loss: 0.0536 | Epoch Time: 0.82s | Spearman@80: 0.6194 | Kendall@80: 0.4390
Epoch 17/150 | Train Loss: 0.0491 | Epoch Time: 0.82s | Spearman@80: 0.6057 | Kendall@80: 0.4213
Epoch 18/150 | Train Loss: 0.0455 | Epoch Time: 0.82s | Spearman@80: 0.5450 | Kendall@80: 0.3826
Epoch 19/150 | Train Loss: 0.0573 | Epoch Time: 0.82s | Spearman@80: 0.5983 | Kendall@80: 0.4226
Epoch 20/150 | Train Loss: 0.0489 | Epoch Time: 0.82s | Spearman@80: 0.5869 | Kendall@80: 0.4118
Epoch 21/150 | Train Loss: 0.0442 | Epoch Time: 0.83s | Spearman@80: 0.6040 | Kendall@80: 0.4276
Epoch 22/150 | Train Loss: 0.0442 | Epoch Time: 0.83s | Spearman@80: 0.5968 | Kendall@80: 0.4200
Epoch 23/150 | Train Loss: 0.0494 | Epoch Time: 0.81s | Spearman@80: 0.6158 | Kendall@80: 0.4359
Epoch 24/150 | Train Loss: 0.0485 | Epoch Time: 0.82s | Spearman@80: 0.5589 | Kendall@80: 0.3902
Epoch 25/150 | Train Loss: 0.0472 | Epoch Time: 0.81s | Spearman@80: 0.6073 | Kendall@80: 0.4327
Epoch 26/150 | Train Loss: 0.0453 | Epoch Time: 0.80s | Spearman@80: 0.6005 | Kendall@80: 0.4264
Epoch 27/150 | Train Loss: 0.0506 | Epoch Time: 0.83s | Spearman@80: 0.6331 | Kendall@80: 0.4568
Epoch 28/150 | Train Loss: 0.0440 | Epoch Time: 0.82s | Spearman@80: 0.5939 | Kendall@80: 0.4200
Epoch 29/150 | Train Loss: 0.0440 | Epoch Time: 0.84s | Spearman@80: 0.6156 | Kendall@80: 0.4447
Epoch 30/150 | Train Loss: 0.0414 | Epoch Time: 0.82s | Spearman@80: 0.6147 | Kendall@80: 0.4409
Epoch 31/150 | Train Loss: 0.0373 | Epoch Time: 0.83s | Spearman@80: 0.6306 | Kendall@80: 0.4549
Epoch 32/150 | Train Loss: 0.0429 | Epoch Time: 0.82s | Spearman@80: 0.6154 | Kendall@80: 0.4435
Epoch 33/150 | Train Loss: 0.0431 | Epoch Time: 0.83s | Spearman@80: 0.6130 | Kendall@80: 0.4384
Epoch 34/150 | Train Loss: 0.0443 | Epoch Time: 0.82s | Spearman@80: 0.6141 | Kendall@80: 0.4485
Epoch 35/150 | Train Loss: 0.0427 | Epoch Time: 0.82s | Spearman@80: 0.6011 | Kendall@80: 0.4390
Epoch 36/150 | Train Loss: 0.0453 | Epoch Time: 0.82s | Spearman@80: 0.6166 | Kendall@80: 0.4435
Epoch 37/150 | Train Loss: 0.0364 | Epoch Time: 0.82s | Spearman@80: 0.6230 | Kendall@80: 0.4511
Epoch 38/150 | Train Loss: 0.0459 | Epoch Time: 0.83s | Spearman@80: 0.6272 | Kendall@80: 0.4536
Epoch 39/150 | Train Loss: 0.0432 | Epoch Time: 0.82s | Spearman@80: 0.6361 | Kendall@80: 0.4593
Epoch 40/150 | Train Loss: 0.0427 | Epoch Time: 0.83s | Spearman@80: 0.6180 | Kendall@80: 0.4479
Epoch 41/150 | Train Loss: 0.0420 | Epoch Time: 0.83s | Spearman@80: 0.6259 | Kendall@80: 0.4523
Epoch 42/150 | Train Loss: 0.0383 | Epoch Time: 0.82s | Spearman@80: 0.6265 | Kendall@80: 0.4523
Epoch 43/150 | Train Loss: 0.0457 | Epoch Time: 0.82s | Spearman@80: 0.6348 | Kendall@80: 0.4606
Epoch 44/150 | Train Loss: 0.0412 | Epoch Time: 0.81s | Spearman@80: 0.5942 | Kendall@80: 0.4232
Epoch 45/150 | Train Loss: 0.0428 | Epoch Time: 0.82s | Spearman@80: 0.6250 | Kendall@80: 0.4530
Epoch 46/150 | Train Loss: 0.0417 | Epoch Time: 0.83s | Spearman@80: 0.6425 | Kendall@80: 0.4732
Epoch 47/150 | Train Loss: 0.0400 | Epoch Time: 0.82s | Spearman@80: 0.6435 | Kendall@80: 0.4625
Epoch 48/150 | Train Loss: 0.0422 | Epoch Time: 0.85s | Spearman@80: 0.6007 | Kendall@80: 0.4302
Epoch 49/150 | Train Loss: 0.0468 | Epoch Time: 0.82s | Spearman@80: 0.6078 | Kendall@80: 0.4327
Epoch 50/150 | Train Loss: 0.0317 | Epoch Time: 0.82s | Spearman@80: 0.6313 | Kendall@80: 0.4593
Epoch 51/150 | Train Loss: 0.0374 | Epoch Time: 0.84s | Spearman@80: 0.6224 | Kendall@80: 0.4466
Epoch 52/150 | Train Loss: 0.0508 | Epoch Time: 0.83s | Spearman@80: 0.6408 | Kendall@80: 0.4644
Epoch 53/150 | Train Loss: 0.0365 | Epoch Time: 0.83s | Spearman@80: 0.6441 | Kendall@80: 0.4656
Epoch 54/150 | Train Loss: 0.0385 | Epoch Time: 0.82s | Spearman@80: 0.6349 | Kendall@80: 0.4587
Epoch 55/150 | Train Loss: 0.0371 | Epoch Time: 0.81s | Spearman@80: 0.6397 | Kendall@80: 0.4656
Epoch 56/150 | Train Loss: 0.0404 | Epoch Time: 0.83s | Spearman@80: 0.6514 | Kendall@80: 0.4745
Epoch 57/150 | Train Loss: 0.0386 | Epoch Time: 0.82s | Spearman@80: 0.6378 | Kendall@80: 0.4593
Epoch 58/150 | Train Loss: 0.0352 | Epoch Time: 0.82s | Spearman@80: 0.6405 | Kendall@80: 0.4606
Epoch 59/150 | Train Loss: 0.0352 | Epoch Time: 0.82s | Spearman@80: 0.6481 | Kendall@80: 0.4682
Epoch 60/150 | Train Loss: 0.0359 | Epoch Time: 0.82s | Spearman@80: 0.6318 | Kendall@80: 0.4618
Epoch 61/150 | Train Loss: 0.0306 | Epoch Time: 0.83s | Spearman@80: 0.6400 | Kendall@80: 0.4669
Epoch 62/150 | Train Loss: 0.0438 | Epoch Time: 0.83s | Spearman@80: 0.6555 | Kendall@80: 0.4796
Epoch 63/150 | Train Loss: 0.0328 | Epoch Time: 0.82s | Spearman@80: 0.6711 | Kendall@80: 0.4910
Epoch 64/150 | Train Loss: 0.0375 | Epoch Time: 0.83s | Spearman@80: 0.6235 | Kendall@80: 0.4397
Epoch 65/150 | Train Loss: 0.0354 | Epoch Time: 0.82s | Spearman@80: 0.6355 | Kendall@80: 0.4574
Epoch 66/150 | Train Loss: 0.0341 | Epoch Time: 0.81s | Spearman@80: 0.6549 | Kendall@80: 0.4815
Epoch 67/150 | Train Loss: 0.0378 | Epoch Time: 0.84s | Spearman@80: 0.6453 | Kendall@80: 0.4637
Epoch 68/150 | Train Loss: 0.0349 | Epoch Time: 0.83s | Spearman@80: 0.6286 | Kendall@80: 0.4504
Epoch 69/150 | Train Loss: 0.0439 | Epoch Time: 0.83s | Spearman@80: 0.6199 | Kendall@80: 0.4441
Epoch 70/150 | Train Loss: 0.0373 | Epoch Time: 0.80s | Spearman@80: 0.6459 | Kendall@80: 0.4637
Epoch 71/150 | Train Loss: 0.0391 | Epoch Time: 0.83s | Spearman@80: 0.6797 | Kendall@80: 0.4941
Epoch 72/150 | Train Loss: 0.0333 | Epoch Time: 0.82s | Spearman@80: 0.6697 | Kendall@80: 0.4910
Epoch 73/150 | Train Loss: 0.0338 | Epoch Time: 0.83s | Spearman@80: 0.6744 | Kendall@80: 0.4929
Epoch 74/150 | Train Loss: 0.0314 | Epoch Time: 0.83s | Spearman@80: 0.6716 | Kendall@80: 0.4834
Epoch 75/150 | Train Loss: 0.0311 | Epoch Time: 0.81s | Spearman@80: 0.6402 | Kendall@80: 0.4637
Epoch 76/150 | Train Loss: 0.0269 | Epoch Time: 0.82s | Spearman@80: 0.6311 | Kendall@80: 0.4460
Epoch 77/150 | Train Loss: 0.0289 | Epoch Time: 0.82s | Spearman@80: 0.6785 | Kendall@80: 0.4929
Epoch 78/150 | Train Loss: 0.0311 | Epoch Time: 0.82s | Spearman@80: 0.6749 | Kendall@80: 0.4941
Epoch 79/150 | Train Loss: 0.0302 | Epoch Time: 0.83s | Spearman@80: 0.6753 | Kendall@80: 0.4967
Epoch 80/150 | Train Loss: 0.0245 | Epoch Time: 0.83s | Spearman@80: 0.6758 | Kendall@80: 0.4948
Epoch 81/150 | Train Loss: 0.0311 | Epoch Time: 0.83s | Spearman@80: 0.6664 | Kendall@80: 0.4726
Epoch 82/150 | Train Loss: 0.0265 | Epoch Time: 0.83s | Spearman@80: 0.6624 | Kendall@80: 0.4713
Epoch 83/150 | Train Loss: 0.0290 | Epoch Time: 0.83s | Spearman@80: 0.6843 | Kendall@80: 0.5024
Epoch 84/150 | Train Loss: 0.0275 | Epoch Time: 0.82s | Spearman@80: 0.6687 | Kendall@80: 0.4859
Epoch 85/150 | Train Loss: 0.0271 | Epoch Time: 0.82s | Spearman@80: 0.6540 | Kendall@80: 0.4618
Epoch 86/150 | Train Loss: 0.0305 | Epoch Time: 0.82s | Spearman@80: 0.6481 | Kendall@80: 0.4675
Epoch 87/150 | Train Loss: 0.0340 | Epoch Time: 0.83s | Spearman@80: 0.6684 | Kendall@80: 0.4789
Epoch 88/150 | Train Loss: 0.0242 | Epoch Time: 0.81s | Spearman@80: 0.6519 | Kendall@80: 0.4796
Epoch 89/150 | Train Loss: 0.0322 | Epoch Time: 0.82s | Spearman@80: 0.6685 | Kendall@80: 0.4884
Epoch 90/150 | Train Loss: 0.0307 | Epoch Time: 0.83s | Spearman@80: 0.6734 | Kendall@80: 0.4827
Epoch 91/150 | Train Loss: 0.0286 | Epoch Time: 0.84s | Spearman@80: 0.6713 | Kendall@80: 0.4884
Epoch 92/150 | Train Loss: 0.0253 | Epoch Time: 0.82s | Spearman@80: 0.6624 | Kendall@80: 0.4745
Epoch 93/150 | Train Loss: 0.0260 | Epoch Time: 0.83s | Spearman@80: 0.6743 | Kendall@80: 0.4891
Epoch 94/150 | Train Loss: 0.0244 | Epoch Time: 0.82s | Spearman@80: 0.6544 | Kendall@80: 0.4720
Epoch 95/150 | Train Loss: 0.0260 | Epoch Time: 0.83s | Spearman@80: 0.6487 | Kendall@80: 0.4656
Epoch 96/150 | Train Loss: 0.0287 | Epoch Time: 0.83s | Spearman@80: 0.6661 | Kendall@80: 0.4878
Epoch 97/150 | Train Loss: 0.0245 | Epoch Time: 0.81s | Spearman@80: 0.6765 | Kendall@80: 0.4827
Epoch 98/150 | Train Loss: 0.0291 | Epoch Time: 0.83s | Spearman@80: 0.6753 | Kendall@80: 0.4910
Epoch 99/150 | Train Loss: 0.0266 | Epoch Time: 0.82s | Spearman@80: 0.6715 | Kendall@80: 0.4922
Epoch 100/150 | Train Loss: 0.0250 | Epoch Time: 0.81s | Spearman@80: 0.6506 | Kendall@80: 0.4618
Epoch 101/150 | Train Loss: 0.0256 | Epoch Time: 0.82s | Spearman@80: 0.6573 | Kendall@80: 0.4669
Epoch 102/150 | Train Loss: 0.0234 | Epoch Time: 0.81s | Spearman@80: 0.6488 | Kendall@80: 0.4739
Epoch 103/150 | Train Loss: 0.0223 | Epoch Time: 0.80s | Spearman@80: 0.6642 | Kendall@80: 0.4745
Epoch 104/150 | Train Loss: 0.0259 | Epoch Time: 0.82s | Spearman@80: 0.6705 | Kendall@80: 0.4827
Epoch 105/150 | Train Loss: 0.0304 | Epoch Time: 0.82s | Spearman@80: 0.6440 | Kendall@80: 0.4549
Epoch 106/150 | Train Loss: 0.0252 | Epoch Time: 0.82s | Spearman@80: 0.6603 | Kendall@80: 0.4802
Epoch 107/150 | Train Loss: 0.0189 | Epoch Time: 0.82s | Spearman@80: 0.6634 | Kendall@80: 0.4739
Epoch 108/150 | Train Loss: 0.0234 | Epoch Time: 0.82s | Spearman@80: 0.6604 | Kendall@80: 0.4701
Epoch 109/150 | Train Loss: 0.0214 | Epoch Time: 0.82s | Spearman@80: 0.6688 | Kendall@80: 0.4834
Epoch 110/150 | Train Loss: 0.0190 | Epoch Time: 0.82s | Spearman@80: 0.6494 | Kendall@80: 0.4625
Epoch 111/150 | Train Loss: 0.0207 | Epoch Time: 0.84s | Spearman@80: 0.6641 | Kendall@80: 0.4802
Epoch 112/150 | Train Loss: 0.0216 | Epoch Time: 0.83s | Spearman@80: 0.6586 | Kendall@80: 0.4726
Epoch 113/150 | Train Loss: 0.0222 | Epoch Time: 0.83s | Spearman@80: 0.6574 | Kendall@80: 0.4726
Epoch 114/150 | Train Loss: 0.0212 | Epoch Time: 0.82s | Spearman@80: 0.6640 | Kendall@80: 0.4726
Epoch 115/150 | Train Loss: 0.0213 | Epoch Time: 0.82s | Spearman@80: 0.6565 | Kendall@80: 0.4637
Epoch 116/150 | Train Loss: 0.0223 | Epoch Time: 0.83s | Spearman@80: 0.6464 | Kendall@80: 0.4593
Epoch 117/150 | Train Loss: 0.0216 | Epoch Time: 0.81s | Spearman@80: 0.6639 | Kendall@80: 0.4789
Epoch 118/150 | Train Loss: 0.0200 | Epoch Time: 0.82s | Spearman@80: 0.6693 | Kendall@80: 0.4808
Epoch 119/150 | Train Loss: 0.0192 | Epoch Time: 0.82s | Spearman@80: 0.6522 | Kendall@80: 0.4637
Epoch 120/150 | Train Loss: 0.0182 | Epoch Time: 0.80s | Spearman@80: 0.6595 | Kendall@80: 0.4758
Epoch 121/150 | Train Loss: 0.0218 | Epoch Time: 0.83s | Spearman@80: 0.6559 | Kendall@80: 0.4707
Epoch 122/150 | Train Loss: 0.0163 | Epoch Time: 0.82s | Spearman@80: 0.6509 | Kendall@80: 0.4650
Epoch 123/150 | Train Loss: 0.0229 | Epoch Time: 0.81s | Spearman@80: 0.6530 | Kendall@80: 0.4656
Epoch 124/150 | Train Loss: 0.0188 | Epoch Time: 0.82s | Spearman@80: 0.6512 | Kendall@80: 0.4688
Epoch 125/150 | Train Loss: 0.0224 | Epoch Time: 0.81s | Spearman@80: 0.6552 | Kendall@80: 0.4701
Epoch 126/150 | Train Loss: 0.0257 | Epoch Time: 0.81s | Spearman@80: 0.6579 | Kendall@80: 0.4701
Epoch 127/150 | Train Loss: 0.0244 | Epoch Time: 0.82s | Spearman@80: 0.6579 | Kendall@80: 0.4688
Epoch 128/150 | Train Loss: 0.0179 | Epoch Time: 0.80s | Spearman@80: 0.6638 | Kendall@80: 0.4764
Epoch 129/150 | Train Loss: 0.0209 | Epoch Time: 0.82s | Spearman@80: 0.6620 | Kendall@80: 0.4745
Epoch 130/150 | Train Loss: 0.0208 | Epoch Time: 0.83s | Spearman@80: 0.6598 | Kendall@80: 0.4726
Epoch 131/150 | Train Loss: 0.0186 | Epoch Time: 0.86s | Spearman@80: 0.6564 | Kendall@80: 0.4669
Epoch 132/150 | Train Loss: 0.0182 | Epoch Time: 0.83s | Spearman@80: 0.6501 | Kendall@80: 0.4618
Epoch 133/150 | Train Loss: 0.0204 | Epoch Time: 0.81s | Spearman@80: 0.6492 | Kendall@80: 0.4606
Epoch 134/150 | Train Loss: 0.0173 | Epoch Time: 0.83s | Spearman@80: 0.6553 | Kendall@80: 0.4669
Epoch 135/150 | Train Loss: 0.0214 | Epoch Time: 0.81s | Spearman@80: 0.6515 | Kendall@80: 0.4631
Epoch 136/150 | Train Loss: 0.0191 | Epoch Time: 0.83s | Spearman@80: 0.6539 | Kendall@80: 0.4644
Epoch 137/150 | Train Loss: 0.0213 | Epoch Time: 0.81s | Spearman@80: 0.6544 | Kendall@80: 0.4644
Epoch 138/150 | Train Loss: 0.0184 | Epoch Time: 0.80s | Spearman@80: 0.6549 | Kendall@80: 0.4650
Epoch 139/150 | Train Loss: 0.0171 | Epoch Time: 0.81s | Spearman@80: 0.6556 | Kendall@80: 0.4675
Epoch 140/150 | Train Loss: 0.0185 | Epoch Time: 0.83s | Spearman@80: 0.6570 | Kendall@80: 0.4675
Epoch 141/150 | Train Loss: 0.0165 | Epoch Time: 0.82s | Spearman@80: 0.6564 | Kendall@80: 0.4656
Epoch 142/150 | Train Loss: 0.0212 | Epoch Time: 0.82s | Spearman@80: 0.6549 | Kendall@80: 0.4618
Epoch 143/150 | Train Loss: 0.0203 | Epoch Time: 0.83s | Spearman@80: 0.6566 | Kendall@80: 0.4631
Epoch 144/150 | Train Loss: 0.0234 | Epoch Time: 0.82s | Spearman@80: 0.6561 | Kendall@80: 0.4637
Epoch 145/150 | Train Loss: 0.0177 | Epoch Time: 0.81s | Spearman@80: 0.6556 | Kendall@80: 0.4625
Epoch 146/150 | Train Loss: 0.0225 | Epoch Time: 0.82s | Spearman@80: 0.6551 | Kendall@80: 0.4625
Epoch 147/150 | Train Loss: 0.0211 | Epoch Time: 1.82s | Spearman@4870: 0.6224 | Kendall@4870: 0.4460
Epoch 148/150 | Train Loss: 0.0167 | Epoch Time: 1.60s | Spearman@4870: 0.6228 | Kendall@4870: 0.4463
Epoch 149/150 | Train Loss: 0.0173 | Epoch Time: 1.60s | Spearman@4870: 0.6230 | Kendall@4870: 0.4464
Epoch 150/150 | Train Loss: 0.0185 | Epoch Time: 1.61s | Spearman@4870: 0.6230 | Kendall@4870: 0.4465
Sample Count: 128, Spearman: 0.6227765791594281, Kendall: 0.4462809118633806
{64: (0.5678134240321365, 0.398095764784533),
 128: (0.6227765791594281, 0.4462809118633806)}
Average KDT:  0.3454748102890622
Variance KDT:  0.001983073723228687
Average SPR:  0.4971766194234659
Variance SPR:  0.003521010166618111
Average KDT:  0.4416956951782825
Variance KDT:  0.003867548173483311
Average SPR:  0.6171614694806998
Variance SPR:  0.00576469390287529
