normalizing task:  Amoeba.json
normalizing task:  PNAS_fix-w-d.json
normalizing task:  ENAS_fix-w-d.json
normalizing task:  NASNet.json
normalizing task:  DARTS.json
normalizing task:  ENAS.json
normalizing task:  PNAS.json
normalizing task:  DARTS_lr-wd.json
normalizing task:  DARTS_fix-w-d.json
Epoch 1/150 | Train Loss: 0.1002 | Epoch Time: 1.02s | Spearman@80: 0.3086 | Kendall@80: 0.2012
Epoch 2/150 | Train Loss: 0.0973 | Epoch Time: 0.44s | Spearman@80: 0.1615 | Kendall@80: 0.1150
Epoch 3/150 | Train Loss: 0.0820 | Epoch Time: 0.45s | Spearman@80: 0.1536 | Kendall@80: 0.1055
Epoch 4/150 | Train Loss: 0.0782 | Epoch Time: 0.44s | Spearman@80: 0.1697 | Kendall@80: 0.1176
Epoch 5/150 | Train Loss: 0.0781 | Epoch Time: 0.44s | Spearman@80: 0.2083 | Kendall@80: 0.1429
Epoch 6/150 | Train Loss: 0.0697 | Epoch Time: 0.44s | Spearman@80: 0.2064 | Kendall@80: 0.1404
Epoch 7/150 | Train Loss: 0.0692 | Epoch Time: 0.44s | Spearman@80: 0.2310 | Kendall@80: 0.1581
Epoch 8/150 | Train Loss: 0.0683 | Epoch Time: 0.44s | Spearman@80: 0.2809 | Kendall@80: 0.1943
Epoch 9/150 | Train Loss: 0.0709 | Epoch Time: 0.44s | Spearman@80: 0.3274 | Kendall@80: 0.2304
Epoch 10/150 | Train Loss: 0.0583 | Epoch Time: 0.45s | Spearman@80: 0.3592 | Kendall@80: 0.2494
Epoch 11/150 | Train Loss: 0.0614 | Epoch Time: 0.44s | Spearman@80: 0.2920 | Kendall@80: 0.2044
Epoch 12/150 | Train Loss: 0.0574 | Epoch Time: 0.44s | Spearman@80: 0.3289 | Kendall@80: 0.2317
Epoch 13/150 | Train Loss: 0.0621 | Epoch Time: 0.44s | Spearman@80: 0.3389 | Kendall@80: 0.2310
Epoch 14/150 | Train Loss: 0.0546 | Epoch Time: 0.44s | Spearman@80: 0.3862 | Kendall@80: 0.2633
Epoch 15/150 | Train Loss: 0.0523 | Epoch Time: 0.44s | Spearman@80: 0.3627 | Kendall@80: 0.2469
Epoch 16/150 | Train Loss: 0.0532 | Epoch Time: 0.44s | Spearman@80: 0.3958 | Kendall@80: 0.2741
Epoch 17/150 | Train Loss: 0.0517 | Epoch Time: 0.44s | Spearman@80: 0.3609 | Kendall@80: 0.2488
Epoch 18/150 | Train Loss: 0.0483 | Epoch Time: 0.44s | Spearman@80: 0.3234 | Kendall@80: 0.2241
Epoch 19/150 | Train Loss: 0.0407 | Epoch Time: 0.45s | Spearman@80: 0.3452 | Kendall@80: 0.2437
Epoch 20/150 | Train Loss: 0.0505 | Epoch Time: 0.44s | Spearman@80: 0.3725 | Kendall@80: 0.2621
Epoch 21/150 | Train Loss: 0.0419 | Epoch Time: 0.45s | Spearman@80: 0.3706 | Kendall@80: 0.2621
Epoch 22/150 | Train Loss: 0.0419 | Epoch Time: 0.44s | Spearman@80: 0.3225 | Kendall@80: 0.2215
Epoch 23/150 | Train Loss: 0.0395 | Epoch Time: 0.44s | Spearman@80: 0.3879 | Kendall@80: 0.2659
Epoch 24/150 | Train Loss: 0.0344 | Epoch Time: 0.44s | Spearman@80: 0.3632 | Kendall@80: 0.2500
Epoch 25/150 | Train Loss: 0.0447 | Epoch Time: 0.44s | Spearman@80: 0.4486 | Kendall@80: 0.3096
Epoch 26/150 | Train Loss: 0.0404 | Epoch Time: 0.44s | Spearman@80: 0.4381 | Kendall@80: 0.3014
Epoch 27/150 | Train Loss: 0.0401 | Epoch Time: 0.44s | Spearman@80: 0.3868 | Kendall@80: 0.2748
Epoch 28/150 | Train Loss: 0.0560 | Epoch Time: 0.45s | Spearman@80: 0.3938 | Kendall@80: 0.2691
Epoch 29/150 | Train Loss: 0.0466 | Epoch Time: 0.44s | Spearman@80: 0.4663 | Kendall@80: 0.3204
Epoch 30/150 | Train Loss: 0.0365 | Epoch Time: 0.45s | Spearman@80: 0.4474 | Kendall@80: 0.3109
Epoch 31/150 | Train Loss: 0.0449 | Epoch Time: 0.44s | Spearman@80: 0.3557 | Kendall@80: 0.2437
Epoch 32/150 | Train Loss: 0.0395 | Epoch Time: 0.45s | Spearman@80: 0.4080 | Kendall@80: 0.2805
Epoch 33/150 | Train Loss: 0.0332 | Epoch Time: 0.45s | Spearman@80: 0.4216 | Kendall@80: 0.2887
Epoch 34/150 | Train Loss: 0.0468 | Epoch Time: 0.44s | Spearman@80: 0.4455 | Kendall@80: 0.3141
Epoch 35/150 | Train Loss: 0.0433 | Epoch Time: 0.45s | Spearman@80: 0.4694 | Kendall@80: 0.3229
Epoch 36/150 | Train Loss: 0.0379 | Epoch Time: 0.44s | Spearman@80: 0.4325 | Kendall@80: 0.2931
Epoch 37/150 | Train Loss: 0.0326 | Epoch Time: 0.44s | Spearman@80: 0.3963 | Kendall@80: 0.2786
Epoch 38/150 | Train Loss: 0.0342 | Epoch Time: 0.44s | Spearman@80: 0.4410 | Kendall@80: 0.2982
Epoch 39/150 | Train Loss: 0.0305 | Epoch Time: 0.44s | Spearman@80: 0.4355 | Kendall@80: 0.3014
Epoch 40/150 | Train Loss: 0.0323 | Epoch Time: 0.44s | Spearman@80: 0.4411 | Kendall@80: 0.3026
Epoch 41/150 | Train Loss: 0.0355 | Epoch Time: 0.44s | Spearman@80: 0.4673 | Kendall@80: 0.3331
Epoch 42/150 | Train Loss: 0.0310 | Epoch Time: 0.44s | Spearman@80: 0.4078 | Kendall@80: 0.2893
Epoch 43/150 | Train Loss: 0.0340 | Epoch Time: 0.44s | Spearman@80: 0.4814 | Kendall@80: 0.3381
Epoch 44/150 | Train Loss: 0.0399 | Epoch Time: 0.44s | Spearman@80: 0.4615 | Kendall@80: 0.3305
Epoch 45/150 | Train Loss: 0.0286 | Epoch Time: 0.44s | Spearman@80: 0.4571 | Kendall@80: 0.3242
Epoch 46/150 | Train Loss: 0.0315 | Epoch Time: 0.45s | Spearman@80: 0.4340 | Kendall@80: 0.2988
Epoch 47/150 | Train Loss: 0.0319 | Epoch Time: 0.44s | Spearman@80: 0.4323 | Kendall@80: 0.3007
Epoch 48/150 | Train Loss: 0.0264 | Epoch Time: 0.45s | Spearman@80: 0.4205 | Kendall@80: 0.2969
Epoch 49/150 | Train Loss: 0.0322 | Epoch Time: 0.44s | Spearman@80: 0.4718 | Kendall@80: 0.3223
Epoch 50/150 | Train Loss: 0.0292 | Epoch Time: 0.44s | Spearman@80: 0.3944 | Kendall@80: 0.2735
Epoch 51/150 | Train Loss: 0.0266 | Epoch Time: 0.44s | Spearman@80: 0.4871 | Kendall@80: 0.3331
Epoch 52/150 | Train Loss: 0.0302 | Epoch Time: 0.44s | Spearman@80: 0.4274 | Kendall@80: 0.2912
Epoch 53/150 | Train Loss: 0.0312 | Epoch Time: 0.44s | Spearman@80: 0.4203 | Kendall@80: 0.2919
Epoch 54/150 | Train Loss: 0.0204 | Epoch Time: 0.44s | Spearman@80: 0.4526 | Kendall@80: 0.3109
Epoch 55/150 | Train Loss: 0.0245 | Epoch Time: 0.44s | Spearman@80: 0.4137 | Kendall@80: 0.2925
Epoch 56/150 | Train Loss: 0.0231 | Epoch Time: 0.44s | Spearman@80: 0.4666 | Kendall@80: 0.3217
Epoch 57/150 | Train Loss: 0.0292 | Epoch Time: 0.44s | Spearman@80: 0.4122 | Kendall@80: 0.2830
Epoch 58/150 | Train Loss: 0.0238 | Epoch Time: 0.44s | Spearman@80: 0.4592 | Kendall@80: 0.3210
Epoch 59/150 | Train Loss: 0.0285 | Epoch Time: 0.44s | Spearman@80: 0.4878 | Kendall@80: 0.3343
Epoch 60/150 | Train Loss: 0.0231 | Epoch Time: 0.44s | Spearman@80: 0.4670 | Kendall@80: 0.3274
Epoch 61/150 | Train Loss: 0.0200 | Epoch Time: 0.44s | Spearman@80: 0.4757 | Kendall@80: 0.3350
Epoch 62/150 | Train Loss: 0.0294 | Epoch Time: 0.44s | Spearman@80: 0.4649 | Kendall@80: 0.3267
Epoch 63/150 | Train Loss: 0.0268 | Epoch Time: 0.44s | Spearman@80: 0.4327 | Kendall@80: 0.3014
Epoch 64/150 | Train Loss: 0.0280 | Epoch Time: 0.44s | Spearman@80: 0.4533 | Kendall@80: 0.3198
Epoch 65/150 | Train Loss: 0.0185 | Epoch Time: 0.44s | Spearman@80: 0.4415 | Kendall@80: 0.3122
Epoch 66/150 | Train Loss: 0.0169 | Epoch Time: 0.44s | Spearman@80: 0.4296 | Kendall@80: 0.3026
Epoch 67/150 | Train Loss: 0.0195 | Epoch Time: 0.44s | Spearman@80: 0.4339 | Kendall@80: 0.3026
Epoch 68/150 | Train Loss: 0.0253 | Epoch Time: 0.44s | Spearman@80: 0.4461 | Kendall@80: 0.3090
Epoch 69/150 | Train Loss: 0.0204 | Epoch Time: 0.44s | Spearman@80: 0.3825 | Kendall@80: 0.2640
Epoch 70/150 | Train Loss: 0.0218 | Epoch Time: 0.44s | Spearman@80: 0.3927 | Kendall@80: 0.2703
Epoch 71/150 | Train Loss: 0.0253 | Epoch Time: 0.44s | Spearman@80: 0.3995 | Kendall@80: 0.2792
Epoch 72/150 | Train Loss: 0.0244 | Epoch Time: 0.44s | Spearman@80: 0.3969 | Kendall@80: 0.2691
Epoch 73/150 | Train Loss: 0.0168 | Epoch Time: 0.44s | Spearman@80: 0.3752 | Kendall@80: 0.2583
Epoch 74/150 | Train Loss: 0.0191 | Epoch Time: 0.44s | Spearman@80: 0.4057 | Kendall@80: 0.2779
Epoch 75/150 | Train Loss: 0.0261 | Epoch Time: 0.44s | Spearman@80: 0.4176 | Kendall@80: 0.2830
Epoch 76/150 | Train Loss: 0.0239 | Epoch Time: 0.44s | Spearman@80: 0.4112 | Kendall@80: 0.2843
Epoch 77/150 | Train Loss: 0.0187 | Epoch Time: 0.44s | Spearman@80: 0.4045 | Kendall@80: 0.2779
Epoch 78/150 | Train Loss: 0.0178 | Epoch Time: 0.44s | Spearman@80: 0.4367 | Kendall@80: 0.2988
Epoch 79/150 | Train Loss: 0.0207 | Epoch Time: 0.44s | Spearman@80: 0.4343 | Kendall@80: 0.3033
Epoch 80/150 | Train Loss: 0.0265 | Epoch Time: 0.44s | Spearman@80: 0.3985 | Kendall@80: 0.2703
Epoch 81/150 | Train Loss: 0.0150 | Epoch Time: 0.44s | Spearman@80: 0.4018 | Kendall@80: 0.2824
Epoch 82/150 | Train Loss: 0.0249 | Epoch Time: 0.44s | Spearman@80: 0.4021 | Kendall@80: 0.2786
Epoch 83/150 | Train Loss: 0.0155 | Epoch Time: 0.44s | Spearman@80: 0.4020 | Kendall@80: 0.2792
Epoch 84/150 | Train Loss: 0.0121 | Epoch Time: 0.44s | Spearman@80: 0.3769 | Kendall@80: 0.2589
Epoch 85/150 | Train Loss: 0.0156 | Epoch Time: 0.44s | Spearman@80: 0.4036 | Kendall@80: 0.2824
Epoch 86/150 | Train Loss: 0.0276 | Epoch Time: 0.44s | Spearman@80: 0.4077 | Kendall@80: 0.2824
Epoch 87/150 | Train Loss: 0.0226 | Epoch Time: 0.45s | Spearman@80: 0.3624 | Kendall@80: 0.2386
Epoch 88/150 | Train Loss: 0.0175 | Epoch Time: 0.44s | Spearman@80: 0.3431 | Kendall@80: 0.2329
Epoch 89/150 | Train Loss: 0.0144 | Epoch Time: 0.44s | Spearman@80: 0.3540 | Kendall@80: 0.2367
Epoch 90/150 | Train Loss: 0.0132 | Epoch Time: 0.44s | Spearman@80: 0.3837 | Kendall@80: 0.2621
Epoch 91/150 | Train Loss: 0.0159 | Epoch Time: 0.44s | Spearman@80: 0.4232 | Kendall@80: 0.2912
Epoch 92/150 | Train Loss: 0.0152 | Epoch Time: 0.44s | Spearman@80: 0.4373 | Kendall@80: 0.3058
Epoch 93/150 | Train Loss: 0.0189 | Epoch Time: 0.45s | Spearman@80: 0.4177 | Kendall@80: 0.2906
Epoch 94/150 | Train Loss: 0.0158 | Epoch Time: 0.44s | Spearman@80: 0.4331 | Kendall@80: 0.2976
Epoch 95/150 | Train Loss: 0.0123 | Epoch Time: 0.44s | Spearman@80: 0.4214 | Kendall@80: 0.2950
Epoch 96/150 | Train Loss: 0.0232 | Epoch Time: 0.44s | Spearman@80: 0.4023 | Kendall@80: 0.2754
Epoch 97/150 | Train Loss: 0.0124 | Epoch Time: 0.45s | Spearman@80: 0.4216 | Kendall@80: 0.2912
Epoch 98/150 | Train Loss: 0.0127 | Epoch Time: 0.45s | Spearman@80: 0.4456 | Kendall@80: 0.3096
Epoch 99/150 | Train Loss: 0.0195 | Epoch Time: 0.44s | Spearman@80: 0.4494 | Kendall@80: 0.3134
Epoch 100/150 | Train Loss: 0.0183 | Epoch Time: 0.44s | Spearman@80: 0.4058 | Kendall@80: 0.2773
Epoch 101/150 | Train Loss: 0.0191 | Epoch Time: 0.44s | Spearman@80: 0.3958 | Kendall@80: 0.2703
Epoch 102/150 | Train Loss: 0.0116 | Epoch Time: 0.44s | Spearman@80: 0.4018 | Kendall@80: 0.2805
Epoch 103/150 | Train Loss: 0.0194 | Epoch Time: 0.44s | Spearman@80: 0.3933 | Kendall@80: 0.2703
Epoch 104/150 | Train Loss: 0.0165 | Epoch Time: 0.44s | Spearman@80: 0.3952 | Kendall@80: 0.2735
Epoch 105/150 | Train Loss: 0.0176 | Epoch Time: 0.44s | Spearman@80: 0.4114 | Kendall@80: 0.2830
Epoch 106/150 | Train Loss: 0.0103 | Epoch Time: 0.44s | Spearman@80: 0.4163 | Kendall@80: 0.2906
Epoch 107/150 | Train Loss: 0.0132 | Epoch Time: 0.44s | Spearman@80: 0.4120 | Kendall@80: 0.2836
Epoch 108/150 | Train Loss: 0.0136 | Epoch Time: 0.44s | Spearman@80: 0.4157 | Kendall@80: 0.2900
Epoch 109/150 | Train Loss: 0.0091 | Epoch Time: 0.44s | Spearman@80: 0.4149 | Kendall@80: 0.2868
Epoch 110/150 | Train Loss: 0.0112 | Epoch Time: 0.45s | Spearman@80: 0.4232 | Kendall@80: 0.2995
Epoch 111/150 | Train Loss: 0.0106 | Epoch Time: 0.44s | Spearman@80: 0.4208 | Kendall@80: 0.2938
Epoch 112/150 | Train Loss: 0.0169 | Epoch Time: 0.44s | Spearman@80: 0.4244 | Kendall@80: 0.2969
Epoch 113/150 | Train Loss: 0.0140 | Epoch Time: 0.44s | Spearman@80: 0.4148 | Kendall@80: 0.2900
Epoch 114/150 | Train Loss: 0.0099 | Epoch Time: 0.44s | Spearman@80: 0.4061 | Kendall@80: 0.2805
Epoch 115/150 | Train Loss: 0.0135 | Epoch Time: 0.44s | Spearman@80: 0.4139 | Kendall@80: 0.2862
Epoch 116/150 | Train Loss: 0.0150 | Epoch Time: 0.44s | Spearman@80: 0.4165 | Kendall@80: 0.2862
Epoch 117/150 | Train Loss: 0.0143 | Epoch Time: 0.44s | Spearman@80: 0.4250 | Kendall@80: 0.2976
Epoch 118/150 | Train Loss: 0.0096 | Epoch Time: 0.44s | Spearman@80: 0.4154 | Kendall@80: 0.2868
Epoch 119/150 | Train Loss: 0.0129 | Epoch Time: 0.44s | Spearman@80: 0.4015 | Kendall@80: 0.2805
Epoch 120/150 | Train Loss: 0.0103 | Epoch Time: 0.44s | Spearman@80: 0.4089 | Kendall@80: 0.2836
Epoch 121/150 | Train Loss: 0.0135 | Epoch Time: 0.44s | Spearman@80: 0.4058 | Kendall@80: 0.2760
Epoch 122/150 | Train Loss: 0.0085 | Epoch Time: 0.44s | Spearman@80: 0.4075 | Kendall@80: 0.2798
Epoch 123/150 | Train Loss: 0.0092 | Epoch Time: 0.44s | Spearman@80: 0.3964 | Kendall@80: 0.2748
Epoch 124/150 | Train Loss: 0.0122 | Epoch Time: 0.44s | Spearman@80: 0.4058 | Kendall@80: 0.2824
Epoch 125/150 | Train Loss: 0.0101 | Epoch Time: 0.44s | Spearman@80: 0.4016 | Kendall@80: 0.2754
Epoch 126/150 | Train Loss: 0.0091 | Epoch Time: 0.44s | Spearman@80: 0.4019 | Kendall@80: 0.2830
Epoch 127/150 | Train Loss: 0.0101 | Epoch Time: 0.44s | Spearman@80: 0.4093 | Kendall@80: 0.2811
Epoch 128/150 | Train Loss: 0.0086 | Epoch Time: 0.44s | Spearman@80: 0.4178 | Kendall@80: 0.2912
Epoch 129/150 | Train Loss: 0.0087 | Epoch Time: 0.44s | Spearman@80: 0.4184 | Kendall@80: 0.2855
Epoch 130/150 | Train Loss: 0.0086 | Epoch Time: 0.44s | Spearman@80: 0.4148 | Kendall@80: 0.2855
Epoch 131/150 | Train Loss: 0.0153 | Epoch Time: 0.44s | Spearman@80: 0.4182 | Kendall@80: 0.2887
Epoch 132/150 | Train Loss: 0.0105 | Epoch Time: 0.44s | Spearman@80: 0.4207 | Kendall@80: 0.2944
Epoch 133/150 | Train Loss: 0.0080 | Epoch Time: 0.44s | Spearman@80: 0.4131 | Kendall@80: 0.2855
Epoch 134/150 | Train Loss: 0.0086 | Epoch Time: 0.44s | Spearman@80: 0.4028 | Kendall@80: 0.2754
Epoch 135/150 | Train Loss: 0.0080 | Epoch Time: 0.44s | Spearman@80: 0.4102 | Kendall@80: 0.2786
Epoch 136/150 | Train Loss: 0.0109 | Epoch Time: 0.44s | Spearman@80: 0.4044 | Kendall@80: 0.2754
Epoch 137/150 | Train Loss: 0.0115 | Epoch Time: 0.44s | Spearman@80: 0.4131 | Kendall@80: 0.2830
Epoch 138/150 | Train Loss: 0.0085 | Epoch Time: 0.44s | Spearman@80: 0.4131 | Kendall@80: 0.2862
Epoch 139/150 | Train Loss: 0.0142 | Epoch Time: 0.44s | Spearman@80: 0.4175 | Kendall@80: 0.2868
Epoch 140/150 | Train Loss: 0.0098 | Epoch Time: 0.44s | Spearman@80: 0.4114 | Kendall@80: 0.2824
Epoch 141/150 | Train Loss: 0.0118 | Epoch Time: 0.44s | Spearman@80: 0.4063 | Kendall@80: 0.2792
Epoch 142/150 | Train Loss: 0.0100 | Epoch Time: 0.44s | Spearman@80: 0.4149 | Kendall@80: 0.2868
Epoch 143/150 | Train Loss: 0.0100 | Epoch Time: 0.44s | Spearman@80: 0.4161 | Kendall@80: 0.2874
Epoch 144/150 | Train Loss: 0.0162 | Epoch Time: 0.44s | Spearman@80: 0.4166 | Kendall@80: 0.2906
Epoch 145/150 | Train Loss: 0.0090 | Epoch Time: 0.44s | Spearman@80: 0.4060 | Kendall@80: 0.2811
Epoch 146/150 | Train Loss: 0.0121 | Epoch Time: 0.44s | Spearman@80: 0.4061 | Kendall@80: 0.2792
Epoch 147/150 | Train Loss: 0.0093 | Epoch Time: 1.14s | Spearman@4934: 0.5620 | Kendall@4934: 0.3947
Epoch 148/150 | Train Loss: 0.0122 | Epoch Time: 1.14s | Spearman@4934: 0.5607 | Kendall@4934: 0.3935
Epoch 149/150 | Train Loss: 0.0112 | Epoch Time: 1.14s | Spearman@4934: 0.5615 | Kendall@4934: 0.3943
Epoch 150/150 | Train Loss: 0.0108 | Epoch Time: 1.14s | Spearman@4934: 0.5579 | Kendall@4934: 0.3913
Sample Count: 64, Spearman: 0.5605224243764919, Kendall: 0.39343871022047416
{64: (0.5605224243764919, 0.39343871022047416)}
Epoch 1/150 | Train Loss: 0.0991 | Epoch Time: 0.88s | Spearman@80: 0.4020 | Kendall@80: 0.2751
Epoch 2/150 | Train Loss: 0.0885 | Epoch Time: 0.88s | Spearman@80: 0.4184 | Kendall@80: 0.2884
Epoch 3/150 | Train Loss: 0.0805 | Epoch Time: 0.87s | Spearman@80: 0.4890 | Kendall@80: 0.3544
Epoch 4/150 | Train Loss: 0.0770 | Epoch Time: 0.88s | Spearman@80: 0.4520 | Kendall@80: 0.3189
Epoch 5/150 | Train Loss: 0.0747 | Epoch Time: 0.88s | Spearman@80: 0.4729 | Kendall@80: 0.3265
Epoch 6/150 | Train Loss: 0.0759 | Epoch Time: 0.87s | Spearman@80: 0.5251 | Kendall@80: 0.3791
Epoch 7/150 | Train Loss: 0.0727 | Epoch Time: 0.88s | Spearman@80: 0.5118 | Kendall@80: 0.3651
Epoch 8/150 | Train Loss: 0.0758 | Epoch Time: 0.87s | Spearman@80: 0.4785 | Kendall@80: 0.3563
Epoch 9/150 | Train Loss: 0.0664 | Epoch Time: 0.89s | Spearman@80: 0.5235 | Kendall@80: 0.3848
Epoch 10/150 | Train Loss: 0.0741 | Epoch Time: 0.87s | Spearman@80: 0.4560 | Kendall@80: 0.3182
Epoch 11/150 | Train Loss: 0.0768 | Epoch Time: 0.88s | Spearman@80: 0.3968 | Kendall@80: 0.2789
Epoch 12/150 | Train Loss: 0.0689 | Epoch Time: 0.87s | Spearman@80: 0.4988 | Kendall@80: 0.3556
Epoch 13/150 | Train Loss: 0.0728 | Epoch Time: 0.88s | Spearman@80: 0.5569 | Kendall@80: 0.4025
Epoch 14/150 | Train Loss: 0.0700 | Epoch Time: 0.88s | Spearman@80: 0.5393 | Kendall@80: 0.3962
Epoch 15/150 | Train Loss: 0.0668 | Epoch Time: 0.87s | Spearman@80: 0.5257 | Kendall@80: 0.3899
Epoch 16/150 | Train Loss: 0.0619 | Epoch Time: 0.88s | Spearman@80: 0.5348 | Kendall@80: 0.3892
Epoch 17/150 | Train Loss: 0.0583 | Epoch Time: 0.88s | Spearman@80: 0.5442 | Kendall@80: 0.4025
Epoch 18/150 | Train Loss: 0.0694 | Epoch Time: 0.88s | Spearman@80: 0.5350 | Kendall@80: 0.4000
Epoch 19/150 | Train Loss: 0.0604 | Epoch Time: 0.88s | Spearman@80: 0.5482 | Kendall@80: 0.3975
Epoch 20/150 | Train Loss: 0.0599 | Epoch Time: 0.88s | Spearman@80: 0.5090 | Kendall@80: 0.3702
Epoch 21/150 | Train Loss: 0.0640 | Epoch Time: 0.87s | Spearman@80: 0.4559 | Kendall@80: 0.3436
Epoch 22/150 | Train Loss: 0.0620 | Epoch Time: 0.88s | Spearman@80: 0.5193 | Kendall@80: 0.3784
Epoch 23/150 | Train Loss: 0.0556 | Epoch Time: 0.88s | Spearman@80: 0.5334 | Kendall@80: 0.3956
Epoch 24/150 | Train Loss: 0.0605 | Epoch Time: 0.88s | Spearman@80: 0.5698 | Kendall@80: 0.4209
Epoch 25/150 | Train Loss: 0.0578 | Epoch Time: 0.88s | Spearman@80: 0.5375 | Kendall@80: 0.3861
Epoch 26/150 | Train Loss: 0.0609 | Epoch Time: 0.87s | Spearman@80: 0.5183 | Kendall@80: 0.3797
Epoch 27/150 | Train Loss: 0.0628 | Epoch Time: 0.88s | Spearman@80: 0.5588 | Kendall@80: 0.4152
Epoch 28/150 | Train Loss: 0.0589 | Epoch Time: 0.88s | Spearman@80: 0.5064 | Kendall@80: 0.3677
Epoch 29/150 | Train Loss: 0.0543 | Epoch Time: 0.88s | Spearman@80: 0.5191 | Kendall@80: 0.3892
Epoch 30/150 | Train Loss: 0.0557 | Epoch Time: 0.88s | Spearman@80: 0.5282 | Kendall@80: 0.3994
Epoch 31/150 | Train Loss: 0.0543 | Epoch Time: 0.88s | Spearman@80: 0.5444 | Kendall@80: 0.3943
Epoch 32/150 | Train Loss: 0.0505 | Epoch Time: 0.88s | Spearman@80: 0.5089 | Kendall@80: 0.3708
Epoch 33/150 | Train Loss: 0.0572 | Epoch Time: 0.87s | Spearman@80: 0.5782 | Kendall@80: 0.4235
Epoch 34/150 | Train Loss: 0.0521 | Epoch Time: 0.88s | Spearman@80: 0.4993 | Kendall@80: 0.3518
Epoch 35/150 | Train Loss: 0.0444 | Epoch Time: 0.87s | Spearman@80: 0.5112 | Kendall@80: 0.3740
Epoch 36/150 | Train Loss: 0.0518 | Epoch Time: 0.88s | Spearman@80: 0.4852 | Kendall@80: 0.3442
Epoch 37/150 | Train Loss: 0.0486 | Epoch Time: 0.88s | Spearman@80: 0.5296 | Kendall@80: 0.3664
Epoch 38/150 | Train Loss: 0.0437 | Epoch Time: 0.87s | Spearman@80: 0.6331 | Kendall@80: 0.4545
Epoch 39/150 | Train Loss: 0.0523 | Epoch Time: 0.88s | Spearman@80: 0.5031 | Kendall@80: 0.3670
Epoch 40/150 | Train Loss: 0.0406 | Epoch Time: 0.87s | Spearman@80: 0.4301 | Kendall@80: 0.2979
Epoch 41/150 | Train Loss: 0.0463 | Epoch Time: 0.88s | Spearman@80: 0.5361 | Kendall@80: 0.3911
Epoch 42/150 | Train Loss: 0.0500 | Epoch Time: 0.88s | Spearman@80: 0.5433 | Kendall@80: 0.3823
Epoch 43/150 | Train Loss: 0.0531 | Epoch Time: 0.88s | Spearman@80: 0.5681 | Kendall@80: 0.4076
Epoch 44/150 | Train Loss: 0.0472 | Epoch Time: 0.87s | Spearman@80: 0.4568 | Kendall@80: 0.3214
Epoch 45/150 | Train Loss: 0.0464 | Epoch Time: 0.88s | Spearman@80: 0.5563 | Kendall@80: 0.3962
Epoch 46/150 | Train Loss: 0.0419 | Epoch Time: 0.88s | Spearman@80: 0.5133 | Kendall@80: 0.3639
Epoch 47/150 | Train Loss: 0.0409 | Epoch Time: 0.88s | Spearman@80: 0.5313 | Kendall@80: 0.3727
Epoch 48/150 | Train Loss: 0.0418 | Epoch Time: 0.88s | Spearman@80: 0.5267 | Kendall@80: 0.3702
Epoch 49/150 | Train Loss: 0.0493 | Epoch Time: 0.88s | Spearman@80: 0.5800 | Kendall@80: 0.4203
Epoch 50/150 | Train Loss: 0.0386 | Epoch Time: 0.87s | Spearman@80: 0.5716 | Kendall@80: 0.4133
Epoch 51/150 | Train Loss: 0.0339 | Epoch Time: 0.87s | Spearman@80: 0.5279 | Kendall@80: 0.3702
Epoch 52/150 | Train Loss: 0.0450 | Epoch Time: 0.87s | Spearman@80: 0.5355 | Kendall@80: 0.3816
Epoch 53/150 | Train Loss: 0.0393 | Epoch Time: 0.88s | Spearman@80: 0.4440 | Kendall@80: 0.3170
Epoch 54/150 | Train Loss: 0.0421 | Epoch Time: 0.88s | Spearman@80: 0.5406 | Kendall@80: 0.3892
Epoch 55/150 | Train Loss: 0.0420 | Epoch Time: 0.88s | Spearman@80: 0.5995 | Kendall@80: 0.4323
Epoch 56/150 | Train Loss: 0.0467 | Epoch Time: 0.88s | Spearman@80: 0.5399 | Kendall@80: 0.3816
Epoch 57/150 | Train Loss: 0.0370 | Epoch Time: 0.88s | Spearman@80: 0.5845 | Kendall@80: 0.4127
Epoch 58/150 | Train Loss: 0.0416 | Epoch Time: 0.88s | Spearman@80: 0.5844 | Kendall@80: 0.4235
Epoch 59/150 | Train Loss: 0.0403 | Epoch Time: 0.89s | Spearman@80: 0.5320 | Kendall@80: 0.3823
Epoch 60/150 | Train Loss: 0.0440 | Epoch Time: 0.87s | Spearman@80: 0.5850 | Kendall@80: 0.4101
Epoch 61/150 | Train Loss: 0.0358 | Epoch Time: 0.88s | Spearman@80: 0.4952 | Kendall@80: 0.3550
Epoch 62/150 | Train Loss: 0.0313 | Epoch Time: 0.87s | Spearman@80: 0.5798 | Kendall@80: 0.4089
Epoch 63/150 | Train Loss: 0.0360 | Epoch Time: 0.87s | Spearman@80: 0.5819 | Kendall@80: 0.4203
Epoch 64/150 | Train Loss: 0.0348 | Epoch Time: 0.88s | Spearman@80: 0.5752 | Kendall@80: 0.4070
Epoch 65/150 | Train Loss: 0.0335 | Epoch Time: 0.88s | Spearman@80: 0.5668 | Kendall@80: 0.4101
Epoch 66/150 | Train Loss: 0.0375 | Epoch Time: 0.89s | Spearman@80: 0.6259 | Kendall@80: 0.4456
Epoch 67/150 | Train Loss: 0.0377 | Epoch Time: 0.87s | Spearman@80: 0.5734 | Kendall@80: 0.4095
Epoch 68/150 | Train Loss: 0.0328 | Epoch Time: 0.87s | Spearman@80: 0.6005 | Kendall@80: 0.4292
Epoch 69/150 | Train Loss: 0.0330 | Epoch Time: 0.87s | Spearman@80: 0.5407 | Kendall@80: 0.3924
Epoch 70/150 | Train Loss: 0.0379 | Epoch Time: 0.87s | Spearman@80: 0.5370 | Kendall@80: 0.3854
Epoch 71/150 | Train Loss: 0.0335 | Epoch Time: 0.88s | Spearman@80: 0.6018 | Kendall@80: 0.4146
Epoch 72/150 | Train Loss: 0.0326 | Epoch Time: 0.87s | Spearman@80: 0.6228 | Kendall@80: 0.4418
Epoch 73/150 | Train Loss: 0.0313 | Epoch Time: 0.88s | Spearman@80: 0.5092 | Kendall@80: 0.3696
Epoch 74/150 | Train Loss: 0.0318 | Epoch Time: 0.87s | Spearman@80: 0.5866 | Kendall@80: 0.4209
Epoch 75/150 | Train Loss: 0.0305 | Epoch Time: 0.88s | Spearman@80: 0.6044 | Kendall@80: 0.4323
Epoch 76/150 | Train Loss: 0.0286 | Epoch Time: 0.88s | Spearman@80: 0.6075 | Kendall@80: 0.4298
Epoch 77/150 | Train Loss: 0.0376 | Epoch Time: 0.87s | Spearman@80: 0.5635 | Kendall@80: 0.4095
Epoch 78/150 | Train Loss: 0.0266 | Epoch Time: 0.88s | Spearman@80: 0.5716 | Kendall@80: 0.4076
Epoch 79/150 | Train Loss: 0.0278 | Epoch Time: 0.87s | Spearman@80: 0.5767 | Kendall@80: 0.4139
Epoch 80/150 | Train Loss: 0.0311 | Epoch Time: 0.87s | Spearman@80: 0.6416 | Kendall@80: 0.4678
Epoch 81/150 | Train Loss: 0.0305 | Epoch Time: 0.88s | Spearman@80: 0.5928 | Kendall@80: 0.4241
Epoch 82/150 | Train Loss: 0.0341 | Epoch Time: 0.88s | Spearman@80: 0.5604 | Kendall@80: 0.3930
Epoch 83/150 | Train Loss: 0.0294 | Epoch Time: 0.88s | Spearman@80: 0.6398 | Kendall@80: 0.4609
Epoch 84/150 | Train Loss: 0.0265 | Epoch Time: 0.88s | Spearman@80: 0.5193 | Kendall@80: 0.3664
Epoch 85/150 | Train Loss: 0.0271 | Epoch Time: 0.88s | Spearman@80: 0.5977 | Kendall@80: 0.4235
Epoch 86/150 | Train Loss: 0.0283 | Epoch Time: 0.88s | Spearman@80: 0.6186 | Kendall@80: 0.4488
Epoch 87/150 | Train Loss: 0.0284 | Epoch Time: 0.88s | Spearman@80: 0.6108 | Kendall@80: 0.4425
Epoch 88/150 | Train Loss: 0.0290 | Epoch Time: 0.88s | Spearman@80: 0.5712 | Kendall@80: 0.4051
Epoch 89/150 | Train Loss: 0.0267 | Epoch Time: 0.88s | Spearman@80: 0.6638 | Kendall@80: 0.4780
Epoch 90/150 | Train Loss: 0.0270 | Epoch Time: 0.88s | Spearman@80: 0.6270 | Kendall@80: 0.4621
Epoch 91/150 | Train Loss: 0.0297 | Epoch Time: 0.88s | Spearman@80: 0.6205 | Kendall@80: 0.4463
Epoch 92/150 | Train Loss: 0.0255 | Epoch Time: 0.91s | Spearman@80: 0.6557 | Kendall@80: 0.4754
Epoch 93/150 | Train Loss: 0.0281 | Epoch Time: 0.88s | Spearman@80: 0.6160 | Kendall@80: 0.4418
Epoch 94/150 | Train Loss: 0.0281 | Epoch Time: 0.88s | Spearman@80: 0.6419 | Kendall@80: 0.4609
Epoch 95/150 | Train Loss: 0.0269 | Epoch Time: 0.87s | Spearman@80: 0.6163 | Kendall@80: 0.4412
Epoch 96/150 | Train Loss: 0.0315 | Epoch Time: 0.88s | Spearman@80: 0.6107 | Kendall@80: 0.4361
Epoch 97/150 | Train Loss: 0.0307 | Epoch Time: 0.88s | Spearman@80: 0.6481 | Kendall@80: 0.4697
Epoch 98/150 | Train Loss: 0.0269 | Epoch Time: 0.88s | Spearman@80: 0.5927 | Kendall@80: 0.4330
Epoch 99/150 | Train Loss: 0.0249 | Epoch Time: 0.88s | Spearman@80: 0.5967 | Kendall@80: 0.4361
Epoch 100/150 | Train Loss: 0.0292 | Epoch Time: 0.88s | Spearman@80: 0.6485 | Kendall@80: 0.4697
Epoch 101/150 | Train Loss: 0.0271 | Epoch Time: 0.88s | Spearman@80: 0.6497 | Kendall@80: 0.4716
Epoch 102/150 | Train Loss: 0.0197 | Epoch Time: 0.88s | Spearman@80: 0.6000 | Kendall@80: 0.4273
Epoch 103/150 | Train Loss: 0.0231 | Epoch Time: 0.88s | Spearman@80: 0.6300 | Kendall@80: 0.4532
Epoch 104/150 | Train Loss: 0.0257 | Epoch Time: 0.88s | Spearman@80: 0.6568 | Kendall@80: 0.4754
Epoch 105/150 | Train Loss: 0.0236 | Epoch Time: 0.88s | Spearman@80: 0.5766 | Kendall@80: 0.4089
Epoch 106/150 | Train Loss: 0.0220 | Epoch Time: 0.87s | Spearman@80: 0.6093 | Kendall@80: 0.4368
Epoch 107/150 | Train Loss: 0.0220 | Epoch Time: 0.88s | Spearman@80: 0.5862 | Kendall@80: 0.4216
Epoch 108/150 | Train Loss: 0.0229 | Epoch Time: 0.87s | Spearman@80: 0.6304 | Kendall@80: 0.4513
Epoch 109/150 | Train Loss: 0.0211 | Epoch Time: 0.87s | Spearman@80: 0.6089 | Kendall@80: 0.4387
Epoch 110/150 | Train Loss: 0.0154 | Epoch Time: 0.88s | Spearman@80: 0.6176 | Kendall@80: 0.4475
Epoch 111/150 | Train Loss: 0.0201 | Epoch Time: 0.88s | Spearman@80: 0.5938 | Kendall@80: 0.4298
Epoch 112/150 | Train Loss: 0.0227 | Epoch Time: 0.89s | Spearman@80: 0.6032 | Kendall@80: 0.4349
Epoch 113/150 | Train Loss: 0.0240 | Epoch Time: 0.88s | Spearman@80: 0.6274 | Kendall@80: 0.4501
Epoch 114/150 | Train Loss: 0.0223 | Epoch Time: 0.88s | Spearman@80: 0.6506 | Kendall@80: 0.4723
Epoch 115/150 | Train Loss: 0.0203 | Epoch Time: 0.88s | Spearman@80: 0.6221 | Kendall@80: 0.4526
Epoch 116/150 | Train Loss: 0.0190 | Epoch Time: 0.88s | Spearman@80: 0.6263 | Kendall@80: 0.4463
Epoch 117/150 | Train Loss: 0.0228 | Epoch Time: 0.88s | Spearman@80: 0.6105 | Kendall@80: 0.4444
Epoch 118/150 | Train Loss: 0.0219 | Epoch Time: 0.88s | Spearman@80: 0.6018 | Kendall@80: 0.4317
Epoch 119/150 | Train Loss: 0.0213 | Epoch Time: 0.88s | Spearman@80: 0.6340 | Kendall@80: 0.4552
Epoch 120/150 | Train Loss: 0.0178 | Epoch Time: 0.87s | Spearman@80: 0.6269 | Kendall@80: 0.4520
Epoch 121/150 | Train Loss: 0.0255 | Epoch Time: 0.87s | Spearman@80: 0.6130 | Kendall@80: 0.4399
Epoch 122/150 | Train Loss: 0.0207 | Epoch Time: 0.87s | Spearman@80: 0.5923 | Kendall@80: 0.4222
Epoch 123/150 | Train Loss: 0.0211 | Epoch Time: 0.89s | Spearman@80: 0.6132 | Kendall@80: 0.4387
Epoch 124/150 | Train Loss: 0.0218 | Epoch Time: 0.87s | Spearman@80: 0.6549 | Kendall@80: 0.4773
Epoch 125/150 | Train Loss: 0.0161 | Epoch Time: 0.88s | Spearman@80: 0.6499 | Kendall@80: 0.4685
Epoch 126/150 | Train Loss: 0.0256 | Epoch Time: 0.87s | Spearman@80: 0.6143 | Kendall@80: 0.4336
Epoch 127/150 | Train Loss: 0.0162 | Epoch Time: 0.87s | Spearman@80: 0.6446 | Kendall@80: 0.4659
Epoch 128/150 | Train Loss: 0.0212 | Epoch Time: 0.88s | Spearman@80: 0.6043 | Kendall@80: 0.4311
Epoch 129/150 | Train Loss: 0.0194 | Epoch Time: 0.87s | Spearman@80: 0.6080 | Kendall@80: 0.4412
Epoch 130/150 | Train Loss: 0.0192 | Epoch Time: 0.88s | Spearman@80: 0.6378 | Kendall@80: 0.4571
Epoch 131/150 | Train Loss: 0.0152 | Epoch Time: 0.87s | Spearman@80: 0.6359 | Kendall@80: 0.4659
Epoch 132/150 | Train Loss: 0.0182 | Epoch Time: 0.88s | Spearman@80: 0.6432 | Kendall@80: 0.4704
Epoch 133/150 | Train Loss: 0.0201 | Epoch Time: 0.88s | Spearman@80: 0.6112 | Kendall@80: 0.4444
Epoch 134/150 | Train Loss: 0.0158 | Epoch Time: 0.87s | Spearman@80: 0.6330 | Kendall@80: 0.4621
Epoch 135/150 | Train Loss: 0.0159 | Epoch Time: 0.88s | Spearman@80: 0.6250 | Kendall@80: 0.4539
Epoch 136/150 | Train Loss: 0.0190 | Epoch Time: 0.87s | Spearman@80: 0.6128 | Kendall@80: 0.4399
Epoch 137/150 | Train Loss: 0.0200 | Epoch Time: 0.88s | Spearman@80: 0.6426 | Kendall@80: 0.4678
Epoch 138/150 | Train Loss: 0.0197 | Epoch Time: 0.87s | Spearman@80: 0.6282 | Kendall@80: 0.4532
Epoch 139/150 | Train Loss: 0.0170 | Epoch Time: 0.88s | Spearman@80: 0.6082 | Kendall@80: 0.4387
Epoch 140/150 | Train Loss: 0.0156 | Epoch Time: 0.87s | Spearman@80: 0.5997 | Kendall@80: 0.4311
Epoch 141/150 | Train Loss: 0.0161 | Epoch Time: 0.88s | Spearman@80: 0.6263 | Kendall@80: 0.4532
Epoch 142/150 | Train Loss: 0.0161 | Epoch Time: 0.88s | Spearman@80: 0.6233 | Kendall@80: 0.4463
Epoch 143/150 | Train Loss: 0.0151 | Epoch Time: 0.87s | Spearman@80: 0.6130 | Kendall@80: 0.4425
Epoch 144/150 | Train Loss: 0.0194 | Epoch Time: 0.88s | Spearman@80: 0.6142 | Kendall@80: 0.4431
Epoch 145/150 | Train Loss: 0.0185 | Epoch Time: 0.88s | Spearman@80: 0.6027 | Kendall@80: 0.4342
Epoch 146/150 | Train Loss: 0.0199 | Epoch Time: 0.88s | Spearman@80: 0.6339 | Kendall@80: 0.4558
Epoch 147/150 | Train Loss: 0.0207 | Epoch Time: 1.58s | Spearman@4870: 0.5975 | Kendall@4870: 0.4229
Epoch 148/150 | Train Loss: 0.0173 | Epoch Time: 1.56s | Spearman@4870: 0.5952 | Kendall@4870: 0.4209
Epoch 149/150 | Train Loss: 0.0153 | Epoch Time: 1.57s | Spearman@4870: 0.6019 | Kendall@4870: 0.4263
Epoch 150/150 | Train Loss: 0.0174 | Epoch Time: 1.56s | Spearman@4870: 0.6038 | Kendall@4870: 0.4278
Sample Count: 128, Spearman: 0.5995992429321796, Kendall: 0.4244684376020974
{64: (0.5605224243764919, 0.39343871022047416),
 128: (0.5995992429321796, 0.4244684376020974)}
Epoch 1/150 | Train Loss: 0.1000 | Epoch Time: 0.45s | Spearman@80: 0.5442 | Kendall@80: 0.3724
Epoch 2/150 | Train Loss: 0.1003 | Epoch Time: 0.45s | Spearman@80: 0.3868 | Kendall@80: 0.2773
Epoch 3/150 | Train Loss: 0.0952 | Epoch Time: 0.45s | Spearman@80: 0.1182 | Kendall@80: 0.0865
Epoch 4/150 | Train Loss: 0.0899 | Epoch Time: 0.45s | Spearman@80: 0.0373 | Kendall@80: 0.0307
Epoch 5/150 | Train Loss: 0.0800 | Epoch Time: 0.44s | Spearman@80: 0.1183 | Kendall@80: 0.0808
Epoch 6/150 | Train Loss: 0.0710 | Epoch Time: 0.45s | Spearman@80: 0.3581 | Kendall@80: 0.2633
Epoch 7/150 | Train Loss: 0.0689 | Epoch Time: 0.45s | Spearman@80: 0.4411 | Kendall@80: 0.3204
Epoch 8/150 | Train Loss: 0.0522 | Epoch Time: 0.44s | Spearman@80: 0.3995 | Kendall@80: 0.2919
Epoch 9/150 | Train Loss: 0.0633 | Epoch Time: 0.45s | Spearman@80: 0.4725 | Kendall@80: 0.3375
Epoch 10/150 | Train Loss: 0.0432 | Epoch Time: 0.45s | Spearman@80: 0.4973 | Kendall@80: 0.3584
Epoch 11/150 | Train Loss: 0.0421 | Epoch Time: 0.45s | Spearman@80: 0.3776 | Kendall@80: 0.2665
Epoch 12/150 | Train Loss: 0.0389 | Epoch Time: 0.44s | Spearman@80: 0.3736 | Kendall@80: 0.2551
Epoch 13/150 | Train Loss: 0.0445 | Epoch Time: 0.45s | Spearman@80: 0.5564 | Kendall@80: 0.4072
Epoch 14/150 | Train Loss: 0.0505 | Epoch Time: 0.44s | Spearman@80: 0.5682 | Kendall@80: 0.4167
Epoch 15/150 | Train Loss: 0.0479 | Epoch Time: 0.45s | Spearman@80: 0.4520 | Kendall@80: 0.3362
Epoch 16/150 | Train Loss: 0.0436 | Epoch Time: 0.45s | Spearman@80: 0.5122 | Kendall@80: 0.3667
Epoch 17/150 | Train Loss: 0.0469 | Epoch Time: 0.45s | Spearman@80: 0.5684 | Kendall@80: 0.4180
Epoch 18/150 | Train Loss: 0.0381 | Epoch Time: 0.44s | Spearman@80: 0.5261 | Kendall@80: 0.3876
Epoch 19/150 | Train Loss: 0.0410 | Epoch Time: 0.45s | Spearman@80: 0.4993 | Kendall@80: 0.3565
Epoch 20/150 | Train Loss: 0.0436 | Epoch Time: 0.45s | Spearman@80: 0.4397 | Kendall@80: 0.3128
Epoch 21/150 | Train Loss: 0.0406 | Epoch Time: 0.45s | Spearman@80: 0.3112 | Kendall@80: 0.2203
Epoch 22/150 | Train Loss: 0.0438 | Epoch Time: 0.45s | Spearman@80: 0.4659 | Kendall@80: 0.3337
Epoch 23/150 | Train Loss: 0.0383 | Epoch Time: 0.45s | Spearman@80: 0.5171 | Kendall@80: 0.3717
Epoch 24/150 | Train Loss: 0.0363 | Epoch Time: 0.45s | Spearman@80: 0.4477 | Kendall@80: 0.3236
Epoch 25/150 | Train Loss: 0.0377 | Epoch Time: 0.44s | Spearman@80: 0.3671 | Kendall@80: 0.2545
Epoch 26/150 | Train Loss: 0.0418 | Epoch Time: 0.44s | Spearman@80: 0.3464 | Kendall@80: 0.2374
Epoch 27/150 | Train Loss: 0.0408 | Epoch Time: 0.45s | Spearman@80: 0.4703 | Kendall@80: 0.3318
Epoch 28/150 | Train Loss: 0.0349 | Epoch Time: 0.45s | Spearman@80: 0.4437 | Kendall@80: 0.3217
Epoch 29/150 | Train Loss: 0.0366 | Epoch Time: 0.45s | Spearman@80: 0.4718 | Kendall@80: 0.3369
Epoch 30/150 | Train Loss: 0.0415 | Epoch Time: 0.45s | Spearman@80: 0.5204 | Kendall@80: 0.3793
Epoch 31/150 | Train Loss: 0.0299 | Epoch Time: 0.45s | Spearman@80: 0.5345 | Kendall@80: 0.4009
Epoch 32/150 | Train Loss: 0.0386 | Epoch Time: 0.44s | Spearman@80: 0.4976 | Kendall@80: 0.3660
Epoch 33/150 | Train Loss: 0.0396 | Epoch Time: 0.45s | Spearman@80: 0.5808 | Kendall@80: 0.4224
Epoch 34/150 | Train Loss: 0.0371 | Epoch Time: 0.44s | Spearman@80: 0.5260 | Kendall@80: 0.3812
Epoch 35/150 | Train Loss: 0.0443 | Epoch Time: 0.45s | Spearman@80: 0.4910 | Kendall@80: 0.3534
Epoch 36/150 | Train Loss: 0.0386 | Epoch Time: 0.45s | Spearman@80: 0.4833 | Kendall@80: 0.3470
Epoch 37/150 | Train Loss: 0.0321 | Epoch Time: 0.45s | Spearman@80: 0.4766 | Kendall@80: 0.3438
Epoch 38/150 | Train Loss: 0.0310 | Epoch Time: 0.44s | Spearman@80: 0.4529 | Kendall@80: 0.3198
Epoch 39/150 | Train Loss: 0.0297 | Epoch Time: 0.44s | Spearman@80: 0.4486 | Kendall@80: 0.3185
Epoch 40/150 | Train Loss: 0.0412 | Epoch Time: 0.45s | Spearman@80: 0.6252 | Kendall@80: 0.4636
Epoch 41/150 | Train Loss: 0.0435 | Epoch Time: 0.45s | Spearman@80: 0.5891 | Kendall@80: 0.4319
Epoch 42/150 | Train Loss: 0.0319 | Epoch Time: 0.44s | Spearman@80: 0.5614 | Kendall@80: 0.4098
Epoch 43/150 | Train Loss: 0.0394 | Epoch Time: 0.45s | Spearman@80: 0.5428 | Kendall@80: 0.3926
Epoch 44/150 | Train Loss: 0.0312 | Epoch Time: 0.45s | Spearman@80: 0.4803 | Kendall@80: 0.3413
Epoch 45/150 | Train Loss: 0.0277 | Epoch Time: 0.45s | Spearman@80: 0.4102 | Kendall@80: 0.2767
Epoch 46/150 | Train Loss: 0.0368 | Epoch Time: 0.45s | Spearman@80: 0.5174 | Kendall@80: 0.3679
Epoch 47/150 | Train Loss: 0.0349 | Epoch Time: 0.45s | Spearman@80: 0.4983 | Kendall@80: 0.3483
Epoch 48/150 | Train Loss: 0.0304 | Epoch Time: 0.44s | Spearman@80: 0.5089 | Kendall@80: 0.3641
Epoch 49/150 | Train Loss: 0.0362 | Epoch Time: 0.44s | Spearman@80: 0.4931 | Kendall@80: 0.3508
Epoch 50/150 | Train Loss: 0.0237 | Epoch Time: 0.45s | Spearman@80: 0.4154 | Kendall@80: 0.2957
Epoch 51/150 | Train Loss: 0.0222 | Epoch Time: 0.44s | Spearman@80: 0.4626 | Kendall@80: 0.3293
Epoch 52/150 | Train Loss: 0.0342 | Epoch Time: 0.45s | Spearman@80: 0.4959 | Kendall@80: 0.3540
Epoch 53/150 | Train Loss: 0.0334 | Epoch Time: 0.44s | Spearman@80: 0.4950 | Kendall@80: 0.3540
Epoch 54/150 | Train Loss: 0.0395 | Epoch Time: 0.44s | Spearman@80: 0.4460 | Kendall@80: 0.3122
Epoch 55/150 | Train Loss: 0.0298 | Epoch Time: 0.45s | Spearman@80: 0.4841 | Kendall@80: 0.3470
Epoch 56/150 | Train Loss: 0.0272 | Epoch Time: 0.44s | Spearman@80: 0.5035 | Kendall@80: 0.3635
Epoch 57/150 | Train Loss: 0.0309 | Epoch Time: 0.44s | Spearman@80: 0.4278 | Kendall@80: 0.2963
Epoch 58/150 | Train Loss: 0.0273 | Epoch Time: 0.45s | Spearman@80: 0.5149 | Kendall@80: 0.3711
Epoch 59/150 | Train Loss: 0.0261 | Epoch Time: 0.44s | Spearman@80: 0.4848 | Kendall@80: 0.3470
Epoch 60/150 | Train Loss: 0.0199 | Epoch Time: 0.45s | Spearman@80: 0.4275 | Kendall@80: 0.2982
Epoch 61/150 | Train Loss: 0.0296 | Epoch Time: 0.45s | Spearman@80: 0.4513 | Kendall@80: 0.3185
Epoch 62/150 | Train Loss: 0.0356 | Epoch Time: 0.45s | Spearman@80: 0.4674 | Kendall@80: 0.3362
Epoch 63/150 | Train Loss: 0.0252 | Epoch Time: 0.45s | Spearman@80: 0.5743 | Kendall@80: 0.4174
Epoch 64/150 | Train Loss: 0.0223 | Epoch Time: 0.45s | Spearman@80: 0.5894 | Kendall@80: 0.4294
Epoch 65/150 | Train Loss: 0.0294 | Epoch Time: 0.45s | Spearman@80: 0.5511 | Kendall@80: 0.3952
Epoch 66/150 | Train Loss: 0.0336 | Epoch Time: 0.45s | Spearman@80: 0.4960 | Kendall@80: 0.3565
Epoch 67/150 | Train Loss: 0.0319 | Epoch Time: 0.45s | Spearman@80: 0.5102 | Kendall@80: 0.3705
Epoch 68/150 | Train Loss: 0.0167 | Epoch Time: 0.45s | Spearman@80: 0.5030 | Kendall@80: 0.3622
Epoch 69/150 | Train Loss: 0.0217 | Epoch Time: 0.44s | Spearman@80: 0.5041 | Kendall@80: 0.3654
Epoch 70/150 | Train Loss: 0.0300 | Epoch Time: 0.44s | Spearman@80: 0.4365 | Kendall@80: 0.3045
Epoch 71/150 | Train Loss: 0.0186 | Epoch Time: 0.45s | Spearman@80: 0.4387 | Kendall@80: 0.3077
Epoch 72/150 | Train Loss: 0.0294 | Epoch Time: 0.45s | Spearman@80: 0.5028 | Kendall@80: 0.3591
Epoch 73/150 | Train Loss: 0.0248 | Epoch Time: 0.44s | Spearman@80: 0.5052 | Kendall@80: 0.3584
Epoch 74/150 | Train Loss: 0.0278 | Epoch Time: 0.44s | Spearman@80: 0.5404 | Kendall@80: 0.3901
Epoch 75/150 | Train Loss: 0.0271 | Epoch Time: 0.44s | Spearman@80: 0.5478 | Kendall@80: 0.3958
Epoch 76/150 | Train Loss: 0.0263 | Epoch Time: 0.45s | Spearman@80: 0.5089 | Kendall@80: 0.3660
Epoch 77/150 | Train Loss: 0.0251 | Epoch Time: 0.45s | Spearman@80: 0.5137 | Kendall@80: 0.3679
Epoch 78/150 | Train Loss: 0.0222 | Epoch Time: 0.44s | Spearman@80: 0.5428 | Kendall@80: 0.3939
Epoch 79/150 | Train Loss: 0.0273 | Epoch Time: 0.45s | Spearman@80: 0.5425 | Kendall@80: 0.3971
Epoch 80/150 | Train Loss: 0.0269 | Epoch Time: 0.45s | Spearman@80: 0.5047 | Kendall@80: 0.3698
Epoch 81/150 | Train Loss: 0.0246 | Epoch Time: 0.45s | Spearman@80: 0.5313 | Kendall@80: 0.3882
Epoch 82/150 | Train Loss: 0.0240 | Epoch Time: 0.45s | Spearman@80: 0.5368 | Kendall@80: 0.3882
Epoch 83/150 | Train Loss: 0.0287 | Epoch Time: 0.45s | Spearman@80: 0.5231 | Kendall@80: 0.3749
Epoch 84/150 | Train Loss: 0.0264 | Epoch Time: 0.45s | Spearman@80: 0.5113 | Kendall@80: 0.3698
Epoch 85/150 | Train Loss: 0.0192 | Epoch Time: 0.45s | Spearman@80: 0.5551 | Kendall@80: 0.4041
Epoch 86/150 | Train Loss: 0.0267 | Epoch Time: 0.44s | Spearman@80: 0.5248 | Kendall@80: 0.3743
Epoch 87/150 | Train Loss: 0.0231 | Epoch Time: 0.44s | Spearman@80: 0.5076 | Kendall@80: 0.3648
Epoch 88/150 | Train Loss: 0.0155 | Epoch Time: 0.45s | Spearman@80: 0.5338 | Kendall@80: 0.3850
Epoch 89/150 | Train Loss: 0.0236 | Epoch Time: 0.45s | Spearman@80: 0.5390 | Kendall@80: 0.3901
Epoch 90/150 | Train Loss: 0.0192 | Epoch Time: 0.45s | Spearman@80: 0.5115 | Kendall@80: 0.3660
Epoch 91/150 | Train Loss: 0.0266 | Epoch Time: 0.45s | Spearman@80: 0.5466 | Kendall@80: 0.3939
Epoch 92/150 | Train Loss: 0.0179 | Epoch Time: 0.45s | Spearman@80: 0.5827 | Kendall@80: 0.4237
Epoch 93/150 | Train Loss: 0.0216 | Epoch Time: 0.45s | Spearman@80: 0.5398 | Kendall@80: 0.3945
Epoch 94/150 | Train Loss: 0.0202 | Epoch Time: 0.44s | Spearman@80: 0.4843 | Kendall@80: 0.3508
Epoch 95/150 | Train Loss: 0.0216 | Epoch Time: 0.44s | Spearman@80: 0.4636 | Kendall@80: 0.3331
Epoch 96/150 | Train Loss: 0.0281 | Epoch Time: 0.45s | Spearman@80: 0.5174 | Kendall@80: 0.3679
Epoch 97/150 | Train Loss: 0.0215 | Epoch Time: 0.44s | Spearman@80: 0.5056 | Kendall@80: 0.3629
Epoch 98/150 | Train Loss: 0.0186 | Epoch Time: 0.44s | Spearman@80: 0.4890 | Kendall@80: 0.3476
Epoch 99/150 | Train Loss: 0.0161 | Epoch Time: 0.45s | Spearman@80: 0.4990 | Kendall@80: 0.3572
Epoch 100/150 | Train Loss: 0.0195 | Epoch Time: 0.45s | Spearman@80: 0.5071 | Kendall@80: 0.3654
Epoch 101/150 | Train Loss: 0.0205 | Epoch Time: 0.46s | Spearman@80: 0.5146 | Kendall@80: 0.3698
Epoch 102/150 | Train Loss: 0.0149 | Epoch Time: 0.45s | Spearman@80: 0.5133 | Kendall@80: 0.3711
Epoch 103/150 | Train Loss: 0.0139 | Epoch Time: 0.45s | Spearman@80: 0.5252 | Kendall@80: 0.3768
Epoch 104/150 | Train Loss: 0.0144 | Epoch Time: 0.45s | Spearman@80: 0.5262 | Kendall@80: 0.3781
Epoch 105/150 | Train Loss: 0.0224 | Epoch Time: 0.45s | Spearman@80: 0.5286 | Kendall@80: 0.3787
Epoch 106/150 | Train Loss: 0.0234 | Epoch Time: 0.45s | Spearman@80: 0.5063 | Kendall@80: 0.3641
Epoch 107/150 | Train Loss: 0.0227 | Epoch Time: 0.44s | Spearman@80: 0.5124 | Kendall@80: 0.3679
Epoch 108/150 | Train Loss: 0.0176 | Epoch Time: 0.44s | Spearman@80: 0.4968 | Kendall@80: 0.3508
Epoch 109/150 | Train Loss: 0.0235 | Epoch Time: 0.45s | Spearman@80: 0.5102 | Kendall@80: 0.3679
Epoch 110/150 | Train Loss: 0.0210 | Epoch Time: 0.45s | Spearman@80: 0.5304 | Kendall@80: 0.3831
Epoch 111/150 | Train Loss: 0.0224 | Epoch Time: 0.45s | Spearman@80: 0.5479 | Kendall@80: 0.3933
Epoch 112/150 | Train Loss: 0.0207 | Epoch Time: 0.44s | Spearman@80: 0.5333 | Kendall@80: 0.3793
Epoch 113/150 | Train Loss: 0.0206 | Epoch Time: 0.45s | Spearman@80: 0.5059 | Kendall@80: 0.3603
Epoch 114/150 | Train Loss: 0.0220 | Epoch Time: 0.45s | Spearman@80: 0.5171 | Kendall@80: 0.3736
Epoch 115/150 | Train Loss: 0.0216 | Epoch Time: 0.45s | Spearman@80: 0.5245 | Kendall@80: 0.3787
Epoch 116/150 | Train Loss: 0.0198 | Epoch Time: 0.45s | Spearman@80: 0.5452 | Kendall@80: 0.3945
Epoch 117/150 | Train Loss: 0.0163 | Epoch Time: 0.45s | Spearman@80: 0.5254 | Kendall@80: 0.3869
Epoch 118/150 | Train Loss: 0.0134 | Epoch Time: 0.44s | Spearman@80: 0.5249 | Kendall@80: 0.3819
Epoch 119/150 | Train Loss: 0.0107 | Epoch Time: 0.44s | Spearman@80: 0.5021 | Kendall@80: 0.3635
Epoch 120/150 | Train Loss: 0.0198 | Epoch Time: 0.45s | Spearman@80: 0.4949 | Kendall@80: 0.3565
Epoch 121/150 | Train Loss: 0.0191 | Epoch Time: 0.45s | Spearman@80: 0.5181 | Kendall@80: 0.3717
Epoch 122/150 | Train Loss: 0.0168 | Epoch Time: 0.45s | Spearman@80: 0.5404 | Kendall@80: 0.3895
Epoch 123/150 | Train Loss: 0.0145 | Epoch Time: 0.45s | Spearman@80: 0.5111 | Kendall@80: 0.3679
Epoch 124/150 | Train Loss: 0.0175 | Epoch Time: 0.44s | Spearman@80: 0.5307 | Kendall@80: 0.3825
Epoch 125/150 | Train Loss: 0.0250 | Epoch Time: 0.45s | Spearman@80: 0.5270 | Kendall@80: 0.3793
Epoch 126/150 | Train Loss: 0.0172 | Epoch Time: 0.45s | Spearman@80: 0.5272 | Kendall@80: 0.3812
Epoch 127/150 | Train Loss: 0.0141 | Epoch Time: 0.45s | Spearman@80: 0.5304 | Kendall@80: 0.3800
Epoch 128/150 | Train Loss: 0.0188 | Epoch Time: 0.44s | Spearman@80: 0.5106 | Kendall@80: 0.3648
Epoch 129/150 | Train Loss: 0.0196 | Epoch Time: 0.44s | Spearman@80: 0.5165 | Kendall@80: 0.3711
Epoch 130/150 | Train Loss: 0.0177 | Epoch Time: 0.45s | Spearman@80: 0.5160 | Kendall@80: 0.3705
Epoch 131/150 | Train Loss: 0.0145 | Epoch Time: 0.44s | Spearman@80: 0.5236 | Kendall@80: 0.3768
Epoch 132/150 | Train Loss: 0.0200 | Epoch Time: 0.45s | Spearman@80: 0.5163 | Kendall@80: 0.3711
Epoch 133/150 | Train Loss: 0.0143 | Epoch Time: 0.45s | Spearman@80: 0.5121 | Kendall@80: 0.3692
Epoch 134/150 | Train Loss: 0.0158 | Epoch Time: 0.45s | Spearman@80: 0.5149 | Kendall@80: 0.3698
Epoch 135/150 | Train Loss: 0.0158 | Epoch Time: 0.45s | Spearman@80: 0.4985 | Kendall@80: 0.3578
Epoch 136/150 | Train Loss: 0.0148 | Epoch Time: 0.45s | Spearman@80: 0.5137 | Kendall@80: 0.3698
Epoch 137/150 | Train Loss: 0.0169 | Epoch Time: 0.44s | Spearman@80: 0.5165 | Kendall@80: 0.3698
Epoch 138/150 | Train Loss: 0.0171 | Epoch Time: 0.45s | Spearman@80: 0.5190 | Kendall@80: 0.3736
Epoch 139/150 | Train Loss: 0.0153 | Epoch Time: 0.44s | Spearman@80: 0.5202 | Kendall@80: 0.3774
Epoch 140/150 | Train Loss: 0.0146 | Epoch Time: 0.44s | Spearman@80: 0.4990 | Kendall@80: 0.3584
Epoch 141/150 | Train Loss: 0.0185 | Epoch Time: 0.44s | Spearman@80: 0.5120 | Kendall@80: 0.3692
Epoch 142/150 | Train Loss: 0.0157 | Epoch Time: 0.44s | Spearman@80: 0.5155 | Kendall@80: 0.3736
Epoch 143/150 | Train Loss: 0.0158 | Epoch Time: 0.45s | Spearman@80: 0.5154 | Kendall@80: 0.3730
Epoch 144/150 | Train Loss: 0.0148 | Epoch Time: 0.45s | Spearman@80: 0.5123 | Kendall@80: 0.3679
Epoch 145/150 | Train Loss: 0.0135 | Epoch Time: 0.45s | Spearman@80: 0.5214 | Kendall@80: 0.3768
Epoch 146/150 | Train Loss: 0.0137 | Epoch Time: 0.44s | Spearman@80: 0.5045 | Kendall@80: 0.3648
Epoch 147/150 | Train Loss: 0.0166 | Epoch Time: 1.14s | Spearman@4934: 0.6149 | Kendall@4934: 0.4370
Epoch 148/150 | Train Loss: 0.0166 | Epoch Time: 1.14s | Spearman@4934: 0.6138 | Kendall@4934: 0.4362
Epoch 149/150 | Train Loss: 0.0124 | Epoch Time: 1.15s | Spearman@4934: 0.6096 | Kendall@4934: 0.4327
Epoch 150/150 | Train Loss: 0.0205 | Epoch Time: 1.15s | Spearman@4934: 0.6081 | Kendall@4934: 0.4314
Sample Count: 64, Spearman: 0.6115995728861365, Kendall: 0.43432284837326296
{64: (0.6115995728861365, 0.43432284837326296),
 128: (0.5995992429321796, 0.4244684376020974)}
Epoch 1/150 | Train Loss: 0.0967 | Epoch Time: 0.89s | Spearman@80: 0.5242 | Kendall@80: 0.3570
Epoch 2/150 | Train Loss: 0.0888 | Epoch Time: 0.88s | Spearman@80: 0.6816 | Kendall@80: 0.4889
Epoch 3/150 | Train Loss: 0.0789 | Epoch Time: 0.88s | Spearman@80: 0.6911 | Kendall@80: 0.4965
Epoch 4/150 | Train Loss: 0.0682 | Epoch Time: 0.88s | Spearman@80: 0.7281 | Kendall@80: 0.5384
Epoch 5/150 | Train Loss: 0.0622 | Epoch Time: 0.88s | Spearman@80: 0.7084 | Kendall@80: 0.5206
Epoch 6/150 | Train Loss: 0.0606 | Epoch Time: 0.88s | Spearman@80: 0.7596 | Kendall@80: 0.5650
Epoch 7/150 | Train Loss: 0.0630 | Epoch Time: 0.88s | Spearman@80: 0.7624 | Kendall@80: 0.5720
Epoch 8/150 | Train Loss: 0.0557 | Epoch Time: 0.89s | Spearman@80: 0.7116 | Kendall@80: 0.5244
Epoch 9/150 | Train Loss: 0.0561 | Epoch Time: 0.88s | Spearman@80: 0.7311 | Kendall@80: 0.5301
Epoch 10/150 | Train Loss: 0.0575 | Epoch Time: 0.88s | Spearman@80: 0.7486 | Kendall@80: 0.5536
Epoch 11/150 | Train Loss: 0.0577 | Epoch Time: 0.89s | Spearman@80: 0.7407 | Kendall@80: 0.5460
Epoch 12/150 | Train Loss: 0.0530 | Epoch Time: 0.88s | Spearman@80: 0.7159 | Kendall@80: 0.5193
Epoch 13/150 | Train Loss: 0.0507 | Epoch Time: 0.88s | Spearman@80: 0.7284 | Kendall@80: 0.5371
Epoch 14/150 | Train Loss: 0.0492 | Epoch Time: 0.88s | Spearman@80: 0.7290 | Kendall@80: 0.5365
Epoch 15/150 | Train Loss: 0.0500 | Epoch Time: 0.88s | Spearman@80: 0.7658 | Kendall@80: 0.5682
Epoch 16/150 | Train Loss: 0.0486 | Epoch Time: 0.89s | Spearman@80: 0.7491 | Kendall@80: 0.5529
Epoch 17/150 | Train Loss: 0.0487 | Epoch Time: 0.88s | Spearman@80: 0.7304 | Kendall@80: 0.5295
Epoch 18/150 | Train Loss: 0.0388 | Epoch Time: 0.89s | Spearman@80: 0.7415 | Kendall@80: 0.5479
Epoch 19/150 | Train Loss: 0.0508 | Epoch Time: 0.89s | Spearman@80: 0.7525 | Kendall@80: 0.5625
Epoch 20/150 | Train Loss: 0.0441 | Epoch Time: 0.88s | Spearman@80: 0.7401 | Kendall@80: 0.5504
Epoch 21/150 | Train Loss: 0.0468 | Epoch Time: 0.88s | Spearman@80: 0.7509 | Kendall@80: 0.5510
Epoch 22/150 | Train Loss: 0.0460 | Epoch Time: 2.34s | Spearman@80: 0.7004 | Kendall@80: 0.5117
Epoch 23/150 | Train Loss: 0.0485 | Epoch Time: 0.89s | Spearman@80: 0.7139 | Kendall@80: 0.5174
Epoch 24/150 | Train Loss: 0.0484 | Epoch Time: 0.89s | Spearman@80: 0.7506 | Kendall@80: 0.5485
Epoch 25/150 | Train Loss: 0.0423 | Epoch Time: 0.88s | Spearman@80: 0.7633 | Kendall@80: 0.5694
Epoch 26/150 | Train Loss: 0.0402 | Epoch Time: 0.89s | Spearman@80: 0.7428 | Kendall@80: 0.5542
Epoch 27/150 | Train Loss: 0.0486 | Epoch Time: 0.88s | Spearman@80: 0.7770 | Kendall@80: 0.5828
Epoch 28/150 | Train Loss: 0.0436 | Epoch Time: 0.88s | Spearman@80: 0.7651 | Kendall@80: 0.5739
Epoch 29/150 | Train Loss: 0.0374 | Epoch Time: 0.99s | Spearman@80: 0.7904 | Kendall@80: 0.6018
Epoch 30/150 | Train Loss: 0.0388 | Epoch Time: 1.04s | Spearman@80: 0.7258 | Kendall@80: 0.5384
Epoch 31/150 | Train Loss: 0.0393 | Epoch Time: 1.04s | Spearman@80: 0.7691 | Kendall@80: 0.5713
Epoch 32/150 | Train Loss: 0.0430 | Epoch Time: 1.04s | Spearman@80: 0.7448 | Kendall@80: 0.5428
Epoch 33/150 | Train Loss: 0.0442 | Epoch Time: 1.05s | Spearman@80: 0.7446 | Kendall@80: 0.5580
Epoch 34/150 | Train Loss: 0.0416 | Epoch Time: 1.05s | Spearman@80: 0.7408 | Kendall@80: 0.5498
Epoch 35/150 | Train Loss: 0.0315 | Epoch Time: 1.04s | Spearman@80: 0.7759 | Kendall@80: 0.5866
Epoch 36/150 | Train Loss: 0.0378 | Epoch Time: 1.05s | Spearman@80: 0.7830 | Kendall@80: 0.5923
Epoch 37/150 | Train Loss: 0.0387 | Epoch Time: 1.05s | Spearman@80: 0.8045 | Kendall@80: 0.6094
Epoch 38/150 | Train Loss: 0.0408 | Epoch Time: 1.03s | Spearman@80: 0.7061 | Kendall@80: 0.5263
Epoch 39/150 | Train Loss: 0.0363 | Epoch Time: 0.89s | Spearman@80: 0.7870 | Kendall@80: 0.5967
Epoch 40/150 | Train Loss: 0.0343 | Epoch Time: 0.89s | Spearman@80: 0.7297 | Kendall@80: 0.5409
Epoch 41/150 | Train Loss: 0.0428 | Epoch Time: 0.88s | Spearman@80: 0.7755 | Kendall@80: 0.5859
Epoch 42/150 | Train Loss: 0.0356 | Epoch Time: 0.88s | Spearman@80: 0.7499 | Kendall@80: 0.5536
Epoch 43/150 | Train Loss: 0.0390 | Epoch Time: 0.89s | Spearman@80: 0.7837 | Kendall@80: 0.5885
Epoch 44/150 | Train Loss: 0.0437 | Epoch Time: 0.88s | Spearman@80: 0.7556 | Kendall@80: 0.5625
Epoch 45/150 | Train Loss: 0.0384 | Epoch Time: 0.88s | Spearman@80: 0.7959 | Kendall@80: 0.6062
Epoch 46/150 | Train Loss: 0.0291 | Epoch Time: 0.88s | Spearman@80: 0.7877 | Kendall@80: 0.5904
Epoch 47/150 | Train Loss: 0.0428 | Epoch Time: 0.88s | Spearman@80: 0.8136 | Kendall@80: 0.6221
Epoch 48/150 | Train Loss: 0.0354 | Epoch Time: 0.89s | Spearman@80: 0.7720 | Kendall@80: 0.5789
Epoch 49/150 | Train Loss: 0.0394 | Epoch Time: 0.89s | Spearman@80: 0.7786 | Kendall@80: 0.5828
Epoch 50/150 | Train Loss: 0.0475 | Epoch Time: 0.88s | Spearman@80: 0.7847 | Kendall@80: 0.5942
Epoch 51/150 | Train Loss: 0.0346 | Epoch Time: 0.88s | Spearman@80: 0.7801 | Kendall@80: 0.5885
Epoch 52/150 | Train Loss: 0.0418 | Epoch Time: 0.88s | Spearman@80: 0.7600 | Kendall@80: 0.5618
Epoch 53/150 | Train Loss: 0.0309 | Epoch Time: 0.89s | Spearman@80: 0.8010 | Kendall@80: 0.6100
Epoch 54/150 | Train Loss: 0.0384 | Epoch Time: 0.88s | Spearman@80: 0.8047 | Kendall@80: 0.6145
Epoch 55/150 | Train Loss: 0.0389 | Epoch Time: 0.89s | Spearman@80: 0.7878 | Kendall@80: 0.5948
Epoch 56/150 | Train Loss: 0.0334 | Epoch Time: 0.89s | Spearman@80: 0.7790 | Kendall@80: 0.5891
Epoch 57/150 | Train Loss: 0.0331 | Epoch Time: 0.88s | Spearman@80: 0.7303 | Kendall@80: 0.5403
Epoch 58/150 | Train Loss: 0.0375 | Epoch Time: 0.89s | Spearman@80: 0.8014 | Kendall@80: 0.6100
Epoch 59/150 | Train Loss: 0.0405 | Epoch Time: 0.89s | Spearman@80: 0.8123 | Kendall@80: 0.6233
Epoch 60/150 | Train Loss: 0.0428 | Epoch Time: 0.89s | Spearman@80: 0.7623 | Kendall@80: 0.5732
Epoch 61/150 | Train Loss: 0.0325 | Epoch Time: 0.89s | Spearman@80: 0.7413 | Kendall@80: 0.5561
Epoch 62/150 | Train Loss: 0.0326 | Epoch Time: 0.89s | Spearman@80: 0.7847 | Kendall@80: 0.5986
Epoch 63/150 | Train Loss: 0.0239 | Epoch Time: 0.89s | Spearman@80: 0.7564 | Kendall@80: 0.5694
Epoch 64/150 | Train Loss: 0.0377 | Epoch Time: 0.89s | Spearman@80: 0.8053 | Kendall@80: 0.6164
Epoch 65/150 | Train Loss: 0.0279 | Epoch Time: 0.88s | Spearman@80: 0.8105 | Kendall@80: 0.6157
Epoch 66/150 | Train Loss: 0.0345 | Epoch Time: 0.88s | Spearman@80: 0.7947 | Kendall@80: 0.6030
Epoch 67/150 | Train Loss: 0.0318 | Epoch Time: 0.89s | Spearman@80: 0.8207 | Kendall@80: 0.6348
Epoch 68/150 | Train Loss: 0.0341 | Epoch Time: 0.88s | Spearman@80: 0.8060 | Kendall@80: 0.6202
Epoch 69/150 | Train Loss: 0.0263 | Epoch Time: 0.88s | Spearman@80: 0.7586 | Kendall@80: 0.5694
Epoch 70/150 | Train Loss: 0.0325 | Epoch Time: 0.89s | Spearman@80: 0.8244 | Kendall@80: 0.6405
Epoch 71/150 | Train Loss: 0.0264 | Epoch Time: 0.89s | Spearman@80: 0.7432 | Kendall@80: 0.5580
Epoch 72/150 | Train Loss: 0.0306 | Epoch Time: 0.90s | Spearman@80: 0.7920 | Kendall@80: 0.6018
Epoch 73/150 | Train Loss: 0.0261 | Epoch Time: 0.88s | Spearman@80: 0.7918 | Kendall@80: 0.5986
Epoch 74/150 | Train Loss: 0.0252 | Epoch Time: 0.90s | Spearman@80: 0.7991 | Kendall@80: 0.6138
Epoch 75/150 | Train Loss: 0.0270 | Epoch Time: 0.89s | Spearman@80: 0.7950 | Kendall@80: 0.6088
Epoch 76/150 | Train Loss: 0.0280 | Epoch Time: 0.89s | Spearman@80: 0.7937 | Kendall@80: 0.6081
Epoch 77/150 | Train Loss: 0.0252 | Epoch Time: 0.88s | Spearman@80: 0.8021 | Kendall@80: 0.6151
Epoch 78/150 | Train Loss: 0.0222 | Epoch Time: 0.88s | Spearman@80: 0.7068 | Kendall@80: 0.5200
Epoch 79/150 | Train Loss: 0.0313 | Epoch Time: 0.88s | Spearman@80: 0.7995 | Kendall@80: 0.6011
Epoch 80/150 | Train Loss: 0.0288 | Epoch Time: 0.88s | Spearman@80: 0.7863 | Kendall@80: 0.5866
Epoch 81/150 | Train Loss: 0.0267 | Epoch Time: 0.90s | Spearman@80: 0.8031 | Kendall@80: 0.6170
Epoch 82/150 | Train Loss: 0.0294 | Epoch Time: 0.89s | Spearman@80: 0.7934 | Kendall@80: 0.6062
Epoch 83/150 | Train Loss: 0.0265 | Epoch Time: 0.89s | Spearman@80: 0.7919 | Kendall@80: 0.6043
Epoch 84/150 | Train Loss: 0.0273 | Epoch Time: 0.89s | Spearman@80: 0.7915 | Kendall@80: 0.6037
Epoch 85/150 | Train Loss: 0.0246 | Epoch Time: 0.89s | Spearman@80: 0.7347 | Kendall@80: 0.5422
Epoch 86/150 | Train Loss: 0.0211 | Epoch Time: 0.89s | Spearman@80: 0.7896 | Kendall@80: 0.6005
Epoch 87/150 | Train Loss: 0.0223 | Epoch Time: 0.89s | Spearman@80: 0.7835 | Kendall@80: 0.5942
Epoch 88/150 | Train Loss: 0.0259 | Epoch Time: 0.88s | Spearman@80: 0.7664 | Kendall@80: 0.5815
Epoch 89/150 | Train Loss: 0.0218 | Epoch Time: 0.89s | Spearman@80: 0.7678 | Kendall@80: 0.5796
Epoch 90/150 | Train Loss: 0.0249 | Epoch Time: 0.89s | Spearman@80: 0.7963 | Kendall@80: 0.6088
Epoch 91/150 | Train Loss: 0.0219 | Epoch Time: 0.89s | Spearman@80: 0.7994 | Kendall@80: 0.6126
Epoch 92/150 | Train Loss: 0.0210 | Epoch Time: 0.89s | Spearman@80: 0.7873 | Kendall@80: 0.5973
Epoch 93/150 | Train Loss: 0.0206 | Epoch Time: 0.88s | Spearman@80: 0.7868 | Kendall@80: 0.5954
Epoch 94/150 | Train Loss: 0.0201 | Epoch Time: 0.88s | Spearman@80: 0.7608 | Kendall@80: 0.5720
Epoch 95/150 | Train Loss: 0.0233 | Epoch Time: 0.88s | Spearman@80: 0.7974 | Kendall@80: 0.6138
Epoch 96/150 | Train Loss: 0.0211 | Epoch Time: 0.88s | Spearman@80: 0.7341 | Kendall@80: 0.5472
Epoch 97/150 | Train Loss: 0.0250 | Epoch Time: 0.88s | Spearman@80: 0.7980 | Kendall@80: 0.6151
Epoch 98/150 | Train Loss: 0.0196 | Epoch Time: 0.89s | Spearman@80: 0.7738 | Kendall@80: 0.5891
Epoch 99/150 | Train Loss: 0.0203 | Epoch Time: 0.88s | Spearman@80: 0.7876 | Kendall@80: 0.6024
Epoch 100/150 | Train Loss: 0.0211 | Epoch Time: 0.89s | Spearman@80: 0.7870 | Kendall@80: 0.5992
Epoch 101/150 | Train Loss: 0.0167 | Epoch Time: 0.89s | Spearman@80: 0.7657 | Kendall@80: 0.5739
Epoch 102/150 | Train Loss: 0.0215 | Epoch Time: 0.89s | Spearman@80: 0.7823 | Kendall@80: 0.5948
Epoch 103/150 | Train Loss: 0.0154 | Epoch Time: 0.89s | Spearman@80: 0.7766 | Kendall@80: 0.5961
Epoch 104/150 | Train Loss: 0.0202 | Epoch Time: 0.89s | Spearman@80: 0.7864 | Kendall@80: 0.6005
Epoch 105/150 | Train Loss: 0.0181 | Epoch Time: 0.89s | Spearman@80: 0.7893 | Kendall@80: 0.6037
Epoch 106/150 | Train Loss: 0.0154 | Epoch Time: 0.88s | Spearman@80: 0.7813 | Kendall@80: 0.5891
Epoch 107/150 | Train Loss: 0.0177 | Epoch Time: 0.88s | Spearman@80: 0.7977 | Kendall@80: 0.6138
Epoch 108/150 | Train Loss: 0.0146 | Epoch Time: 0.88s | Spearman@80: 0.7992 | Kendall@80: 0.6126
Epoch 109/150 | Train Loss: 0.0184 | Epoch Time: 0.88s | Spearman@80: 0.7717 | Kendall@80: 0.5809
Epoch 110/150 | Train Loss: 0.0208 | Epoch Time: 0.88s | Spearman@80: 0.7692 | Kendall@80: 0.5840
Epoch 111/150 | Train Loss: 0.0175 | Epoch Time: 0.88s | Spearman@80: 0.7880 | Kendall@80: 0.6011
Epoch 112/150 | Train Loss: 0.0173 | Epoch Time: 0.88s | Spearman@80: 0.8020 | Kendall@80: 0.6189
Epoch 113/150 | Train Loss: 0.0157 | Epoch Time: 0.88s | Spearman@80: 0.7963 | Kendall@80: 0.6113
Epoch 114/150 | Train Loss: 0.0185 | Epoch Time: 0.88s | Spearman@80: 0.7892 | Kendall@80: 0.6018
Epoch 115/150 | Train Loss: 0.0140 | Epoch Time: 0.89s | Spearman@80: 0.7921 | Kendall@80: 0.6062
Epoch 116/150 | Train Loss: 0.0195 | Epoch Time: 0.88s | Spearman@80: 0.7889 | Kendall@80: 0.6075
Epoch 117/150 | Train Loss: 0.0158 | Epoch Time: 0.89s | Spearman@80: 0.7903 | Kendall@80: 0.6075
Epoch 118/150 | Train Loss: 0.0172 | Epoch Time: 0.89s | Spearman@80: 0.7856 | Kendall@80: 0.5948
Epoch 119/150 | Train Loss: 0.0159 | Epoch Time: 0.88s | Spearman@80: 0.7942 | Kendall@80: 0.6075
Epoch 120/150 | Train Loss: 0.0136 | Epoch Time: 0.89s | Spearman@80: 0.8009 | Kendall@80: 0.6138
Epoch 121/150 | Train Loss: 0.0175 | Epoch Time: 0.89s | Spearman@80: 0.8040 | Kendall@80: 0.6164
Epoch 122/150 | Train Loss: 0.0130 | Epoch Time: 0.88s | Spearman@80: 0.8067 | Kendall@80: 0.6221
Epoch 123/150 | Train Loss: 0.0117 | Epoch Time: 0.89s | Spearman@80: 0.7996 | Kendall@80: 0.6145
Epoch 124/150 | Train Loss: 0.0141 | Epoch Time: 0.88s | Spearman@80: 0.8043 | Kendall@80: 0.6189
Epoch 125/150 | Train Loss: 0.0150 | Epoch Time: 0.88s | Spearman@80: 0.7989 | Kendall@80: 0.6075
Epoch 126/150 | Train Loss: 0.0117 | Epoch Time: 0.89s | Spearman@80: 0.7951 | Kendall@80: 0.6068
Epoch 127/150 | Train Loss: 0.0124 | Epoch Time: 0.89s | Spearman@80: 0.7926 | Kendall@80: 0.6043
Epoch 128/150 | Train Loss: 0.0141 | Epoch Time: 0.88s | Spearman@80: 0.7958 | Kendall@80: 0.6068
Epoch 129/150 | Train Loss: 0.0134 | Epoch Time: 0.88s | Spearman@80: 0.7913 | Kendall@80: 0.5980
Epoch 130/150 | Train Loss: 0.0142 | Epoch Time: 0.89s | Spearman@80: 0.7959 | Kendall@80: 0.6049
Epoch 131/150 | Train Loss: 0.0156 | Epoch Time: 0.88s | Spearman@80: 0.7917 | Kendall@80: 0.6011
Epoch 132/150 | Train Loss: 0.0134 | Epoch Time: 0.89s | Spearman@80: 0.8054 | Kendall@80: 0.6202
Epoch 133/150 | Train Loss: 0.0120 | Epoch Time: 0.90s | Spearman@80: 0.7957 | Kendall@80: 0.6056
Epoch 134/150 | Train Loss: 0.0146 | Epoch Time: 0.89s | Spearman@80: 0.7998 | Kendall@80: 0.6119
Epoch 135/150 | Train Loss: 0.0138 | Epoch Time: 0.90s | Spearman@80: 0.8023 | Kendall@80: 0.6164
Epoch 136/150 | Train Loss: 0.0124 | Epoch Time: 0.89s | Spearman@80: 0.8027 | Kendall@80: 0.6189
Epoch 137/150 | Train Loss: 0.0134 | Epoch Time: 0.88s | Spearman@80: 0.8005 | Kendall@80: 0.6132
Epoch 138/150 | Train Loss: 0.0171 | Epoch Time: 0.89s | Spearman@80: 0.8024 | Kendall@80: 0.6202
Epoch 139/150 | Train Loss: 0.0118 | Epoch Time: 0.88s | Spearman@80: 0.8048 | Kendall@80: 0.6208
Epoch 140/150 | Train Loss: 0.0117 | Epoch Time: 0.89s | Spearman@80: 0.8036 | Kendall@80: 0.6183
Epoch 141/150 | Train Loss: 0.0135 | Epoch Time: 0.89s | Spearman@80: 0.8069 | Kendall@80: 0.6202
Epoch 142/150 | Train Loss: 0.0144 | Epoch Time: 0.90s | Spearman@80: 0.8005 | Kendall@80: 0.6126
Epoch 143/150 | Train Loss: 0.0133 | Epoch Time: 0.88s | Spearman@80: 0.8050 | Kendall@80: 0.6176
Epoch 144/150 | Train Loss: 0.0120 | Epoch Time: 0.89s | Spearman@80: 0.8006 | Kendall@80: 0.6126
Epoch 145/150 | Train Loss: 0.0119 | Epoch Time: 0.88s | Spearman@80: 0.7912 | Kendall@80: 0.6030
Epoch 146/150 | Train Loss: 0.0139 | Epoch Time: 0.89s | Spearman@80: 0.7990 | Kendall@80: 0.6100
Epoch 147/150 | Train Loss: 0.0136 | Epoch Time: 1.59s | Spearman@4870: 0.7637 | Kendall@4870: 0.5723
Epoch 148/150 | Train Loss: 0.0074 | Epoch Time: 1.59s | Spearman@4870: 0.7682 | Kendall@4870: 0.5772
Epoch 149/150 | Train Loss: 0.0141 | Epoch Time: 1.59s | Spearman@4870: 0.7630 | Kendall@4870: 0.5717
Epoch 150/150 | Train Loss: 0.0162 | Epoch Time: 1.59s | Spearman@4870: 0.7626 | Kendall@4870: 0.5715
Sample Count: 128, Spearman: 0.7643625810890874, Kendall: 0.5731535817795128
{64: (0.6115995728861365, 0.43432284837326296),
 128: (0.7643625810890874, 0.5731535817795128)}
Epoch 1/150 | Train Loss: 0.0984 | Epoch Time: 0.46s | Spearman@80: 0.6312 | Kendall@80: 0.4545
Epoch 2/150 | Train Loss: 0.0892 | Epoch Time: 0.45s | Spearman@80: 0.6242 | Kendall@80: 0.4481
Epoch 3/150 | Train Loss: 0.0687 | Epoch Time: 0.45s | Spearman@80: 0.6608 | Kendall@80: 0.4817
Epoch 4/150 | Train Loss: 0.0585 | Epoch Time: 0.44s | Spearman@80: 0.6323 | Kendall@80: 0.4595
Epoch 5/150 | Train Loss: 0.0532 | Epoch Time: 0.45s | Spearman@80: 0.6314 | Kendall@80: 0.4640
Epoch 6/150 | Train Loss: 0.0537 | Epoch Time: 0.45s | Spearman@80: 0.6547 | Kendall@80: 0.4747
Epoch 7/150 | Train Loss: 0.0506 | Epoch Time: 0.45s | Spearman@80: 0.6559 | Kendall@80: 0.4830
Epoch 8/150 | Train Loss: 0.0593 | Epoch Time: 0.45s | Spearman@80: 0.6421 | Kendall@80: 0.4557
Epoch 9/150 | Train Loss: 0.0517 | Epoch Time: 0.45s | Spearman@80: 0.6473 | Kendall@80: 0.4665
Epoch 10/150 | Train Loss: 0.0557 | Epoch Time: 0.45s | Spearman@80: 0.6424 | Kendall@80: 0.4709
Epoch 11/150 | Train Loss: 0.0494 | Epoch Time: 0.46s | Spearman@80: 0.6192 | Kendall@80: 0.4450
Epoch 12/150 | Train Loss: 0.0447 | Epoch Time: 0.45s | Spearman@80: 0.6273 | Kendall@80: 0.4545
Epoch 13/150 | Train Loss: 0.0462 | Epoch Time: 0.45s | Spearman@80: 0.5653 | Kendall@80: 0.4158
Epoch 14/150 | Train Loss: 0.0592 | Epoch Time: 0.45s | Spearman@80: 0.6334 | Kendall@80: 0.4735
Epoch 15/150 | Train Loss: 0.0583 | Epoch Time: 0.45s | Spearman@80: 0.6339 | Kendall@80: 0.4640
Epoch 16/150 | Train Loss: 0.0562 | Epoch Time: 0.45s | Spearman@80: 0.5882 | Kendall@80: 0.4177
Epoch 17/150 | Train Loss: 0.0390 | Epoch Time: 0.45s | Spearman@80: 0.5623 | Kendall@80: 0.4076
Epoch 18/150 | Train Loss: 0.0474 | Epoch Time: 0.45s | Spearman@80: 0.5859 | Kendall@80: 0.4241
Epoch 19/150 | Train Loss: 0.0470 | Epoch Time: 0.45s | Spearman@80: 0.5509 | Kendall@80: 0.3854
Epoch 20/150 | Train Loss: 0.0523 | Epoch Time: 0.45s | Spearman@80: 0.6327 | Kendall@80: 0.4602
Epoch 21/150 | Train Loss: 0.0537 | Epoch Time: 0.45s | Spearman@80: 0.6426 | Kendall@80: 0.4640
Epoch 22/150 | Train Loss: 0.0468 | Epoch Time: 0.45s | Spearman@80: 0.6347 | Kendall@80: 0.4475
Epoch 23/150 | Train Loss: 0.0419 | Epoch Time: 0.45s | Spearman@80: 0.6107 | Kendall@80: 0.4488
Epoch 24/150 | Train Loss: 0.0422 | Epoch Time: 0.45s | Spearman@80: 0.5810 | Kendall@80: 0.4260
Epoch 25/150 | Train Loss: 0.0438 | Epoch Time: 0.45s | Spearman@80: 0.6335 | Kendall@80: 0.4513
Epoch 26/150 | Train Loss: 0.0434 | Epoch Time: 0.45s | Spearman@80: 0.6374 | Kendall@80: 0.4614
Epoch 27/150 | Train Loss: 0.0400 | Epoch Time: 0.45s | Spearman@80: 0.6546 | Kendall@80: 0.4842
Epoch 28/150 | Train Loss: 0.0350 | Epoch Time: 0.45s | Spearman@80: 0.6425 | Kendall@80: 0.4703
Epoch 29/150 | Train Loss: 0.0420 | Epoch Time: 0.45s | Spearman@80: 0.6253 | Kendall@80: 0.4469
Epoch 30/150 | Train Loss: 0.0403 | Epoch Time: 0.45s | Spearman@80: 0.6390 | Kendall@80: 0.4697
Epoch 31/150 | Train Loss: 0.0397 | Epoch Time: 0.45s | Spearman@80: 0.5668 | Kendall@80: 0.4158
Epoch 32/150 | Train Loss: 0.0415 | Epoch Time: 0.45s | Spearman@80: 0.5599 | Kendall@80: 0.4057
Epoch 33/150 | Train Loss: 0.0467 | Epoch Time: 0.45s | Spearman@80: 0.5972 | Kendall@80: 0.4222
Epoch 34/150 | Train Loss: 0.0342 | Epoch Time: 0.45s | Spearman@80: 0.6395 | Kendall@80: 0.4513
Epoch 35/150 | Train Loss: 0.0303 | Epoch Time: 0.45s | Spearman@80: 0.6074 | Kendall@80: 0.4329
Epoch 36/150 | Train Loss: 0.0290 | Epoch Time: 0.45s | Spearman@80: 0.5802 | Kendall@80: 0.4165
Epoch 37/150 | Train Loss: 0.0385 | Epoch Time: 0.45s | Spearman@80: 0.6007 | Kendall@80: 0.4342
Epoch 38/150 | Train Loss: 0.0303 | Epoch Time: 0.45s | Spearman@80: 0.5251 | Kendall@80: 0.3645
Epoch 39/150 | Train Loss: 0.0333 | Epoch Time: 0.45s | Spearman@80: 0.6036 | Kendall@80: 0.4342
Epoch 40/150 | Train Loss: 0.0304 | Epoch Time: 0.45s | Spearman@80: 0.6023 | Kendall@80: 0.4310
Epoch 41/150 | Train Loss: 0.0404 | Epoch Time: 0.45s | Spearman@80: 0.5565 | Kendall@80: 0.3829
Epoch 42/150 | Train Loss: 0.0454 | Epoch Time: 0.45s | Spearman@80: 0.6047 | Kendall@80: 0.4177
Epoch 43/150 | Train Loss: 0.0345 | Epoch Time: 0.45s | Spearman@80: 0.5910 | Kendall@80: 0.4310
Epoch 44/150 | Train Loss: 0.0308 | Epoch Time: 0.45s | Spearman@80: 0.5723 | Kendall@80: 0.4177
Epoch 45/150 | Train Loss: 0.0307 | Epoch Time: 0.45s | Spearman@80: 0.5609 | Kendall@80: 0.3905
Epoch 46/150 | Train Loss: 0.0274 | Epoch Time: 0.45s | Spearman@80: 0.5710 | Kendall@80: 0.4095
Epoch 47/150 | Train Loss: 0.0242 | Epoch Time: 0.45s | Spearman@80: 0.5866 | Kendall@80: 0.4228
Epoch 48/150 | Train Loss: 0.0197 | Epoch Time: 0.45s | Spearman@80: 0.6149 | Kendall@80: 0.4361
Epoch 49/150 | Train Loss: 0.0371 | Epoch Time: 0.45s | Spearman@80: 0.5777 | Kendall@80: 0.3905
Epoch 50/150 | Train Loss: 0.0289 | Epoch Time: 0.45s | Spearman@80: 0.5985 | Kendall@80: 0.4089
Epoch 51/150 | Train Loss: 0.0250 | Epoch Time: 0.45s | Spearman@80: 0.6117 | Kendall@80: 0.4412
Epoch 52/150 | Train Loss: 0.0256 | Epoch Time: 0.45s | Spearman@80: 0.6048 | Kendall@80: 0.4355
Epoch 53/150 | Train Loss: 0.0303 | Epoch Time: 0.45s | Spearman@80: 0.5823 | Kendall@80: 0.4152
Epoch 54/150 | Train Loss: 0.0327 | Epoch Time: 0.45s | Spearman@80: 0.6088 | Kendall@80: 0.4405
Epoch 55/150 | Train Loss: 0.0340 | Epoch Time: 0.46s | Spearman@80: 0.5836 | Kendall@80: 0.4146
Epoch 56/150 | Train Loss: 0.0249 | Epoch Time: 0.45s | Spearman@80: 0.5373 | Kendall@80: 0.3696
Epoch 57/150 | Train Loss: 0.0332 | Epoch Time: 0.45s | Spearman@80: 0.5118 | Kendall@80: 0.3544
Epoch 58/150 | Train Loss: 0.0312 | Epoch Time: 0.45s | Spearman@80: 0.5601 | Kendall@80: 0.4000
Epoch 59/150 | Train Loss: 0.0271 | Epoch Time: 0.45s | Spearman@80: 0.5409 | Kendall@80: 0.3804
Epoch 60/150 | Train Loss: 0.0262 | Epoch Time: 0.45s | Spearman@80: 0.5373 | Kendall@80: 0.3759
Epoch 61/150 | Train Loss: 0.0293 | Epoch Time: 0.46s | Spearman@80: 0.5493 | Kendall@80: 0.3804
Epoch 62/150 | Train Loss: 0.0202 | Epoch Time: 0.46s | Spearman@80: 0.5816 | Kendall@80: 0.4063
Epoch 63/150 | Train Loss: 0.0237 | Epoch Time: 0.45s | Spearman@80: 0.5428 | Kendall@80: 0.3791
Epoch 64/150 | Train Loss: 0.0264 | Epoch Time: 0.45s | Spearman@80: 0.4704 | Kendall@80: 0.3170
Epoch 65/150 | Train Loss: 0.0353 | Epoch Time: 0.45s | Spearman@80: 0.5927 | Kendall@80: 0.4146
Epoch 66/150 | Train Loss: 0.0249 | Epoch Time: 0.45s | Spearman@80: 0.6309 | Kendall@80: 0.4621
Epoch 67/150 | Train Loss: 0.0217 | Epoch Time: 0.45s | Spearman@80: 0.6197 | Kendall@80: 0.4456
Epoch 68/150 | Train Loss: 0.0209 | Epoch Time: 0.45s | Spearman@80: 0.5814 | Kendall@80: 0.4127
Epoch 69/150 | Train Loss: 0.0194 | Epoch Time: 0.46s | Spearman@80: 0.5605 | Kendall@80: 0.3911
Epoch 70/150 | Train Loss: 0.0264 | Epoch Time: 0.45s | Spearman@80: 0.6201 | Kendall@80: 0.4526
Epoch 71/150 | Train Loss: 0.0248 | Epoch Time: 0.45s | Spearman@80: 0.6381 | Kendall@80: 0.4722
Epoch 72/150 | Train Loss: 0.0195 | Epoch Time: 0.45s | Spearman@80: 0.5571 | Kendall@80: 0.3804
Epoch 73/150 | Train Loss: 0.0270 | Epoch Time: 0.45s | Spearman@80: 0.5595 | Kendall@80: 0.3924
Epoch 74/150 | Train Loss: 0.0312 | Epoch Time: 0.45s | Spearman@80: 0.5487 | Kendall@80: 0.3810
Epoch 75/150 | Train Loss: 0.0275 | Epoch Time: 0.45s | Spearman@80: 0.4856 | Kendall@80: 0.3221
Epoch 76/150 | Train Loss: 0.0257 | Epoch Time: 0.45s | Spearman@80: 0.5530 | Kendall@80: 0.3804
Epoch 77/150 | Train Loss: 0.0238 | Epoch Time: 0.46s | Spearman@80: 0.5855 | Kendall@80: 0.4222
Epoch 78/150 | Train Loss: 0.0203 | Epoch Time: 0.45s | Spearman@80: 0.5466 | Kendall@80: 0.3829
Epoch 79/150 | Train Loss: 0.0245 | Epoch Time: 0.45s | Spearman@80: 0.5424 | Kendall@80: 0.3886
Epoch 80/150 | Train Loss: 0.0196 | Epoch Time: 0.45s | Spearman@80: 0.5395 | Kendall@80: 0.3740
Epoch 81/150 | Train Loss: 0.0229 | Epoch Time: 0.45s | Spearman@80: 0.5381 | Kendall@80: 0.3785
Epoch 82/150 | Train Loss: 0.0200 | Epoch Time: 0.45s | Spearman@80: 0.5076 | Kendall@80: 0.3474
Epoch 83/150 | Train Loss: 0.0184 | Epoch Time: 0.48s | Spearman@80: 0.4965 | Kendall@80: 0.3405
Epoch 84/150 | Train Loss: 0.0203 | Epoch Time: 0.45s | Spearman@80: 0.5163 | Kendall@80: 0.3538
Epoch 85/150 | Train Loss: 0.0188 | Epoch Time: 0.46s | Spearman@80: 0.5805 | Kendall@80: 0.4127
Epoch 86/150 | Train Loss: 0.0301 | Epoch Time: 0.45s | Spearman@80: 0.4591 | Kendall@80: 0.3113
Epoch 87/150 | Train Loss: 0.0293 | Epoch Time: 0.45s | Spearman@80: 0.5502 | Kendall@80: 0.3911
Epoch 88/150 | Train Loss: 0.0220 | Epoch Time: 0.45s | Spearman@80: 0.5928 | Kendall@80: 0.4228
Epoch 89/150 | Train Loss: 0.0231 | Epoch Time: 0.45s | Spearman@80: 0.5638 | Kendall@80: 0.3943
Epoch 90/150 | Train Loss: 0.0155 | Epoch Time: 0.45s | Spearman@80: 0.5335 | Kendall@80: 0.3664
Epoch 91/150 | Train Loss: 0.0188 | Epoch Time: 0.45s | Spearman@80: 0.5556 | Kendall@80: 0.3867
Epoch 92/150 | Train Loss: 0.0160 | Epoch Time: 0.45s | Spearman@80: 0.5551 | Kendall@80: 0.3835
Epoch 93/150 | Train Loss: 0.0136 | Epoch Time: 0.45s | Spearman@80: 0.5321 | Kendall@80: 0.3633
Epoch 94/150 | Train Loss: 0.0202 | Epoch Time: 0.45s | Spearman@80: 0.5483 | Kendall@80: 0.3791
Epoch 95/150 | Train Loss: 0.0163 | Epoch Time: 0.45s | Spearman@80: 0.5502 | Kendall@80: 0.3778
Epoch 96/150 | Train Loss: 0.0188 | Epoch Time: 0.45s | Spearman@80: 0.5858 | Kendall@80: 0.3981
Epoch 97/150 | Train Loss: 0.0206 | Epoch Time: 0.45s | Spearman@80: 0.5856 | Kendall@80: 0.4063
Epoch 98/150 | Train Loss: 0.0138 | Epoch Time: 0.45s | Spearman@80: 0.5821 | Kendall@80: 0.4114
Epoch 99/150 | Train Loss: 0.0130 | Epoch Time: 0.46s | Spearman@80: 0.5685 | Kendall@80: 0.3892
Epoch 100/150 | Train Loss: 0.0238 | Epoch Time: 0.45s | Spearman@80: 0.5724 | Kendall@80: 0.4025
Epoch 101/150 | Train Loss: 0.0208 | Epoch Time: 0.46s | Spearman@80: 0.5368 | Kendall@80: 0.3854
Epoch 102/150 | Train Loss: 0.0203 | Epoch Time: 0.45s | Spearman@80: 0.5169 | Kendall@80: 0.3576
Epoch 103/150 | Train Loss: 0.0159 | Epoch Time: 0.45s | Spearman@80: 0.5436 | Kendall@80: 0.3721
Epoch 104/150 | Train Loss: 0.0118 | Epoch Time: 0.45s | Spearman@80: 0.5842 | Kendall@80: 0.4120
Epoch 105/150 | Train Loss: 0.0167 | Epoch Time: 0.45s | Spearman@80: 0.5663 | Kendall@80: 0.3981
Epoch 106/150 | Train Loss: 0.0156 | Epoch Time: 0.45s | Spearman@80: 0.5575 | Kendall@80: 0.3880
Epoch 107/150 | Train Loss: 0.0147 | Epoch Time: 0.45s | Spearman@80: 0.5577 | Kendall@80: 0.3937
Epoch 108/150 | Train Loss: 0.0144 | Epoch Time: 0.45s | Spearman@80: 0.5777 | Kendall@80: 0.4019
Epoch 109/150 | Train Loss: 0.0122 | Epoch Time: 0.45s | Spearman@80: 0.5909 | Kendall@80: 0.4203
Epoch 110/150 | Train Loss: 0.0118 | Epoch Time: 0.45s | Spearman@80: 0.5801 | Kendall@80: 0.4253
Epoch 111/150 | Train Loss: 0.0167 | Epoch Time: 0.45s | Spearman@80: 0.5682 | Kendall@80: 0.4101
Epoch 112/150 | Train Loss: 0.0143 | Epoch Time: 0.45s | Spearman@80: 0.5633 | Kendall@80: 0.3873
Epoch 113/150 | Train Loss: 0.0105 | Epoch Time: 0.45s | Spearman@80: 0.5732 | Kendall@80: 0.4000
Epoch 114/150 | Train Loss: 0.0119 | Epoch Time: 0.45s | Spearman@80: 0.5689 | Kendall@80: 0.3962
Epoch 115/150 | Train Loss: 0.0099 | Epoch Time: 0.45s | Spearman@80: 0.5498 | Kendall@80: 0.3791
Epoch 116/150 | Train Loss: 0.0176 | Epoch Time: 0.45s | Spearman@80: 0.5444 | Kendall@80: 0.3848
Epoch 117/150 | Train Loss: 0.0116 | Epoch Time: 0.45s | Spearman@80: 0.5502 | Kendall@80: 0.3759
Epoch 118/150 | Train Loss: 0.0134 | Epoch Time: 0.45s | Spearman@80: 0.5513 | Kendall@80: 0.3848
Epoch 119/150 | Train Loss: 0.0130 | Epoch Time: 0.44s | Spearman@80: 0.5586 | Kendall@80: 0.4000
Epoch 120/150 | Train Loss: 0.0109 | Epoch Time: 0.45s | Spearman@80: 0.5481 | Kendall@80: 0.3785
Epoch 121/150 | Train Loss: 0.0162 | Epoch Time: 0.45s | Spearman@80: 0.5634 | Kendall@80: 0.3816
Epoch 122/150 | Train Loss: 0.0116 | Epoch Time: 0.45s | Spearman@80: 0.5683 | Kendall@80: 0.3956
Epoch 123/150 | Train Loss: 0.0125 | Epoch Time: 0.45s | Spearman@80: 0.5510 | Kendall@80: 0.3943
Epoch 124/150 | Train Loss: 0.0132 | Epoch Time: 0.45s | Spearman@80: 0.5392 | Kendall@80: 0.3778
Epoch 125/150 | Train Loss: 0.0094 | Epoch Time: 0.45s | Spearman@80: 0.5477 | Kendall@80: 0.3766
Epoch 126/150 | Train Loss: 0.0133 | Epoch Time: 0.45s | Spearman@80: 0.5477 | Kendall@80: 0.3696
Epoch 127/150 | Train Loss: 0.0137 | Epoch Time: 0.45s | Spearman@80: 0.5520 | Kendall@80: 0.3880
Epoch 128/150 | Train Loss: 0.0108 | Epoch Time: 0.45s | Spearman@80: 0.5481 | Kendall@80: 0.3829
Epoch 129/150 | Train Loss: 0.0095 | Epoch Time: 0.45s | Spearman@80: 0.5538 | Kendall@80: 0.3734
Epoch 130/150 | Train Loss: 0.0166 | Epoch Time: 0.45s | Spearman@80: 0.5585 | Kendall@80: 0.3867
Epoch 131/150 | Train Loss: 0.0119 | Epoch Time: 0.45s | Spearman@80: 0.5716 | Kendall@80: 0.3956
Epoch 132/150 | Train Loss: 0.0100 | Epoch Time: 0.45s | Spearman@80: 0.5714 | Kendall@80: 0.4038
Epoch 133/150 | Train Loss: 0.0204 | Epoch Time: 0.45s | Spearman@80: 0.5711 | Kendall@80: 0.3975
Epoch 134/150 | Train Loss: 0.0123 | Epoch Time: 0.45s | Spearman@80: 0.5799 | Kendall@80: 0.4057
Epoch 135/150 | Train Loss: 0.0069 | Epoch Time: 0.45s | Spearman@80: 0.5577 | Kendall@80: 0.4038
Epoch 136/150 | Train Loss: 0.0105 | Epoch Time: 0.45s | Spearman@80: 0.5781 | Kendall@80: 0.4051
Epoch 137/150 | Train Loss: 0.0112 | Epoch Time: 0.45s | Spearman@80: 0.5584 | Kendall@80: 0.4006
Epoch 138/150 | Train Loss: 0.0131 | Epoch Time: 0.45s | Spearman@80: 0.5505 | Kendall@80: 0.3823
Epoch 139/150 | Train Loss: 0.0099 | Epoch Time: 0.45s | Spearman@80: 0.5692 | Kendall@80: 0.3975
Epoch 140/150 | Train Loss: 0.0052 | Epoch Time: 0.45s | Spearman@80: 0.5551 | Kendall@80: 0.3949
Epoch 141/150 | Train Loss: 0.0095 | Epoch Time: 0.45s | Spearman@80: 0.5652 | Kendall@80: 0.3987
Epoch 142/150 | Train Loss: 0.0103 | Epoch Time: 0.45s | Spearman@80: 0.5616 | Kendall@80: 0.3981
Epoch 143/150 | Train Loss: 0.0125 | Epoch Time: 0.45s | Spearman@80: 0.5534 | Kendall@80: 0.3880
Epoch 144/150 | Train Loss: 0.0080 | Epoch Time: 0.45s | Spearman@80: 0.5661 | Kendall@80: 0.3962
Epoch 145/150 | Train Loss: 0.0082 | Epoch Time: 0.45s | Spearman@80: 0.5636 | Kendall@80: 0.3968
Epoch 146/150 | Train Loss: 0.0121 | Epoch Time: 0.45s | Spearman@80: 0.5544 | Kendall@80: 0.3937
Epoch 147/150 | Train Loss: 0.0133 | Epoch Time: 1.16s | Spearman@4934: 0.5194 | Kendall@4934: 0.3621
Epoch 148/150 | Train Loss: 0.0146 | Epoch Time: 1.15s | Spearman@4934: 0.5171 | Kendall@4934: 0.3603
Epoch 149/150 | Train Loss: 0.0149 | Epoch Time: 1.16s | Spearman@4934: 0.5250 | Kendall@4934: 0.3664
Epoch 150/150 | Train Loss: 0.0133 | Epoch Time: 1.16s | Spearman@4934: 0.5262 | Kendall@4934: 0.3673
Sample Count: 64, Spearman: 0.5219387420343372, Kendall: 0.3640151208029216
{64: (0.5219387420343372, 0.3640151208029216),
 128: (0.7643625810890874, 0.5731535817795128)}
Epoch 1/150 | Train Loss: 0.0979 | Epoch Time: 0.89s | Spearman@80: 0.3359 | Kendall@80: 0.2281
Epoch 2/150 | Train Loss: 0.0947 | Epoch Time: 0.88s | Spearman@80: 0.3053 | Kendall@80: 0.2097
Epoch 3/150 | Train Loss: 0.0711 | Epoch Time: 0.89s | Spearman@80: 0.4591 | Kendall@80: 0.3104
Epoch 4/150 | Train Loss: 0.0640 | Epoch Time: 0.89s | Spearman@80: 0.5459 | Kendall@80: 0.3921
Epoch 5/150 | Train Loss: 0.0583 | Epoch Time: 0.89s | Spearman@80: 0.5558 | Kendall@80: 0.3934
Epoch 6/150 | Train Loss: 0.0586 | Epoch Time: 0.89s | Spearman@80: 0.6136 | Kendall@80: 0.4460
Epoch 7/150 | Train Loss: 0.0559 | Epoch Time: 0.88s | Spearman@80: 0.4972 | Kendall@80: 0.3510
Epoch 8/150 | Train Loss: 0.0554 | Epoch Time: 0.89s | Spearman@80: 0.5382 | Kendall@80: 0.3820
Epoch 9/150 | Train Loss: 0.0544 | Epoch Time: 0.89s | Spearman@80: 0.6463 | Kendall@80: 0.4713
Epoch 10/150 | Train Loss: 0.0558 | Epoch Time: 0.89s | Spearman@80: 0.6156 | Kendall@80: 0.4422
Epoch 11/150 | Train Loss: 0.0491 | Epoch Time: 0.89s | Spearman@80: 0.6235 | Kendall@80: 0.4625
Epoch 12/150 | Train Loss: 0.0524 | Epoch Time: 0.89s | Spearman@80: 0.5671 | Kendall@80: 0.4029
Epoch 13/150 | Train Loss: 0.0474 | Epoch Time: 0.89s | Spearman@80: 0.6238 | Kendall@80: 0.4530
Epoch 14/150 | Train Loss: 0.0423 | Epoch Time: 0.90s | Spearman@80: 0.6167 | Kendall@80: 0.4568
Epoch 15/150 | Train Loss: 0.0600 | Epoch Time: 0.88s | Spearman@80: 0.6040 | Kendall@80: 0.4447
Epoch 16/150 | Train Loss: 0.0507 | Epoch Time: 0.89s | Spearman@80: 0.5914 | Kendall@80: 0.4099
Epoch 17/150 | Train Loss: 0.0500 | Epoch Time: 0.89s | Spearman@80: 0.6115 | Kendall@80: 0.4289
Epoch 18/150 | Train Loss: 0.0442 | Epoch Time: 0.88s | Spearman@80: 0.6280 | Kendall@80: 0.4606
Epoch 19/150 | Train Loss: 0.0469 | Epoch Time: 0.89s | Spearman@80: 0.5333 | Kendall@80: 0.3820
Epoch 20/150 | Train Loss: 0.0509 | Epoch Time: 0.89s | Spearman@80: 0.5983 | Kendall@80: 0.4264
Epoch 21/150 | Train Loss: 0.0435 | Epoch Time: 0.88s | Spearman@80: 0.6417 | Kendall@80: 0.4758
Epoch 22/150 | Train Loss: 0.0414 | Epoch Time: 0.88s | Spearman@80: 0.5693 | Kendall@80: 0.3947
Epoch 23/150 | Train Loss: 0.0469 | Epoch Time: 0.89s | Spearman@80: 0.6812 | Kendall@80: 0.5087
Epoch 24/150 | Train Loss: 0.0431 | Epoch Time: 0.89s | Spearman@80: 0.6620 | Kendall@80: 0.4916
Epoch 25/150 | Train Loss: 0.0492 | Epoch Time: 0.88s | Spearman@80: 0.6506 | Kendall@80: 0.4764
Epoch 26/150 | Train Loss: 0.0460 | Epoch Time: 0.89s | Spearman@80: 0.6629 | Kendall@80: 0.4891
Epoch 27/150 | Train Loss: 0.0383 | Epoch Time: 0.89s | Spearman@80: 0.6266 | Kendall@80: 0.4485
Epoch 28/150 | Train Loss: 0.0408 | Epoch Time: 0.88s | Spearman@80: 0.6635 | Kendall@80: 0.4884
Epoch 29/150 | Train Loss: 0.0416 | Epoch Time: 0.88s | Spearman@80: 0.6912 | Kendall@80: 0.5157
Epoch 30/150 | Train Loss: 0.0364 | Epoch Time: 0.89s | Spearman@80: 0.6489 | Kendall@80: 0.4739
Epoch 31/150 | Train Loss: 0.0411 | Epoch Time: 0.89s | Spearman@80: 0.6634 | Kendall@80: 0.4922
Epoch 32/150 | Train Loss: 0.0390 | Epoch Time: 0.89s | Spearman@80: 0.6808 | Kendall@80: 0.5017
Epoch 33/150 | Train Loss: 0.0409 | Epoch Time: 0.89s | Spearman@80: 0.6267 | Kendall@80: 0.4612
Epoch 34/150 | Train Loss: 0.0362 | Epoch Time: 0.89s | Spearman@80: 0.6136 | Kendall@80: 0.4460
Epoch 35/150 | Train Loss: 0.0378 | Epoch Time: 0.89s | Spearman@80: 0.6765 | Kendall@80: 0.5011
Epoch 36/150 | Train Loss: 0.0359 | Epoch Time: 0.89s | Spearman@80: 0.6564 | Kendall@80: 0.4815
Epoch 37/150 | Train Loss: 0.0413 | Epoch Time: 0.89s | Spearman@80: 0.6692 | Kendall@80: 0.4903
Epoch 38/150 | Train Loss: 0.0384 | Epoch Time: 0.89s | Spearman@80: 0.5885 | Kendall@80: 0.4245
Epoch 39/150 | Train Loss: 0.0408 | Epoch Time: 0.89s | Spearman@80: 0.6438 | Kendall@80: 0.4827
Epoch 40/150 | Train Loss: 0.0377 | Epoch Time: 0.90s | Spearman@80: 0.6141 | Kendall@80: 0.4511
Epoch 41/150 | Train Loss: 0.0337 | Epoch Time: 0.89s | Spearman@80: 0.6648 | Kendall@80: 0.4954
Epoch 42/150 | Train Loss: 0.0305 | Epoch Time: 0.89s | Spearman@80: 0.7055 | Kendall@80: 0.5258
Epoch 43/150 | Train Loss: 0.0428 | Epoch Time: 0.89s | Spearman@80: 0.6538 | Kendall@80: 0.4865
Epoch 44/150 | Train Loss: 0.0343 | Epoch Time: 0.89s | Spearman@80: 0.7057 | Kendall@80: 0.5379
Epoch 45/150 | Train Loss: 0.0341 | Epoch Time: 0.89s | Spearman@80: 0.6886 | Kendall@80: 0.5195
Epoch 46/150 | Train Loss: 0.0421 | Epoch Time: 0.89s | Spearman@80: 0.6440 | Kendall@80: 0.4827
Epoch 47/150 | Train Loss: 0.0359 | Epoch Time: 0.89s | Spearman@80: 0.6334 | Kendall@80: 0.4758
Epoch 48/150 | Train Loss: 0.0354 | Epoch Time: 0.89s | Spearman@80: 0.6631 | Kendall@80: 0.5043
Epoch 49/150 | Train Loss: 0.0393 | Epoch Time: 0.89s | Spearman@80: 0.7008 | Kendall@80: 0.5258
Epoch 50/150 | Train Loss: 0.0318 | Epoch Time: 0.88s | Spearman@80: 0.6823 | Kendall@80: 0.5245
Epoch 51/150 | Train Loss: 0.0436 | Epoch Time: 0.88s | Spearman@80: 0.6516 | Kendall@80: 0.4808
Epoch 52/150 | Train Loss: 0.0326 | Epoch Time: 0.89s | Spearman@80: 0.6170 | Kendall@80: 0.4485
Epoch 53/150 | Train Loss: 0.0319 | Epoch Time: 0.89s | Spearman@80: 0.6459 | Kendall@80: 0.4726
Epoch 54/150 | Train Loss: 0.0293 | Epoch Time: 0.89s | Spearman@80: 0.6695 | Kendall@80: 0.4986
Epoch 55/150 | Train Loss: 0.0324 | Epoch Time: 0.89s | Spearman@80: 0.6521 | Kendall@80: 0.4897
Epoch 56/150 | Train Loss: 0.0279 | Epoch Time: 0.89s | Spearman@80: 0.6220 | Kendall@80: 0.4599
Epoch 57/150 | Train Loss: 0.0288 | Epoch Time: 0.89s | Spearman@80: 0.6625 | Kendall@80: 0.5062
Epoch 58/150 | Train Loss: 0.0330 | Epoch Time: 0.89s | Spearman@80: 0.6765 | Kendall@80: 0.4992
Epoch 59/150 | Train Loss: 0.0300 | Epoch Time: 0.89s | Spearman@80: 0.6601 | Kendall@80: 0.4941
Epoch 60/150 | Train Loss: 0.0334 | Epoch Time: 0.89s | Spearman@80: 0.6658 | Kendall@80: 0.4954
Epoch 61/150 | Train Loss: 0.0280 | Epoch Time: 0.89s | Spearman@80: 0.6921 | Kendall@80: 0.5131
Epoch 62/150 | Train Loss: 0.0302 | Epoch Time: 0.89s | Spearman@80: 0.6410 | Kendall@80: 0.4789
Epoch 63/150 | Train Loss: 0.0259 | Epoch Time: 0.89s | Spearman@80: 0.6687 | Kendall@80: 0.4992
Epoch 64/150 | Train Loss: 0.0342 | Epoch Time: 0.89s | Spearman@80: 0.6658 | Kendall@80: 0.4986
Epoch 65/150 | Train Loss: 0.0300 | Epoch Time: 0.89s | Spearman@80: 0.6339 | Kendall@80: 0.4789
Epoch 66/150 | Train Loss: 0.0266 | Epoch Time: 0.89s | Spearman@80: 0.6575 | Kendall@80: 0.4973
Epoch 67/150 | Train Loss: 0.0267 | Epoch Time: 0.89s | Spearman@80: 0.6480 | Kendall@80: 0.4903
Epoch 68/150 | Train Loss: 0.0305 | Epoch Time: 0.89s | Spearman@80: 0.6746 | Kendall@80: 0.5043
Epoch 69/150 | Train Loss: 0.0331 | Epoch Time: 0.89s | Spearman@80: 0.6566 | Kendall@80: 0.4954
Epoch 70/150 | Train Loss: 0.0288 | Epoch Time: 0.89s | Spearman@80: 0.6720 | Kendall@80: 0.4916
Epoch 71/150 | Train Loss: 0.0249 | Epoch Time: 0.89s | Spearman@80: 0.6648 | Kendall@80: 0.4979
Epoch 72/150 | Train Loss: 0.0260 | Epoch Time: 0.89s | Spearman@80: 0.6544 | Kendall@80: 0.4853
Epoch 73/150 | Train Loss: 0.0259 | Epoch Time: 0.89s | Spearman@80: 0.6228 | Kendall@80: 0.4707
Epoch 74/150 | Train Loss: 0.0321 | Epoch Time: 0.89s | Spearman@80: 0.6684 | Kendall@80: 0.5024
Epoch 75/150 | Train Loss: 0.0318 | Epoch Time: 0.89s | Spearman@80: 0.6458 | Kendall@80: 0.4891
Epoch 76/150 | Train Loss: 0.0216 | Epoch Time: 0.89s | Spearman@80: 0.6423 | Kendall@80: 0.4789
Epoch 77/150 | Train Loss: 0.0271 | Epoch Time: 0.89s | Spearman@80: 0.6410 | Kendall@80: 0.4739
Epoch 78/150 | Train Loss: 0.0250 | Epoch Time: 0.89s | Spearman@80: 0.6146 | Kendall@80: 0.4542
Epoch 79/150 | Train Loss: 0.0270 | Epoch Time: 0.89s | Spearman@80: 0.6365 | Kendall@80: 0.4713
Epoch 80/150 | Train Loss: 0.0232 | Epoch Time: 0.88s | Spearman@80: 0.6501 | Kendall@80: 0.4897
Epoch 81/150 | Train Loss: 0.0255 | Epoch Time: 0.89s | Spearman@80: 0.6054 | Kendall@80: 0.4504
Epoch 82/150 | Train Loss: 0.0221 | Epoch Time: 0.89s | Spearman@80: 0.5957 | Kendall@80: 0.4314
Epoch 83/150 | Train Loss: 0.0270 | Epoch Time: 0.89s | Spearman@80: 0.6472 | Kendall@80: 0.4872
Epoch 84/150 | Train Loss: 0.0286 | Epoch Time: 0.88s | Spearman@80: 0.6496 | Kendall@80: 0.4922
Epoch 85/150 | Train Loss: 0.0280 | Epoch Time: 0.89s | Spearman@80: 0.6610 | Kendall@80: 0.4986
Epoch 86/150 | Train Loss: 0.0213 | Epoch Time: 0.89s | Spearman@80: 0.6717 | Kendall@80: 0.5131
Epoch 87/150 | Train Loss: 0.0233 | Epoch Time: 0.89s | Spearman@80: 0.6364 | Kendall@80: 0.4739
Epoch 88/150 | Train Loss: 0.0192 | Epoch Time: 0.89s | Spearman@80: 0.6434 | Kendall@80: 0.4777
Epoch 89/150 | Train Loss: 0.0247 | Epoch Time: 0.89s | Spearman@80: 0.6301 | Kendall@80: 0.4770
Epoch 90/150 | Train Loss: 0.0203 | Epoch Time: 0.89s | Spearman@80: 0.6363 | Kendall@80: 0.4770
Epoch 91/150 | Train Loss: 0.0230 | Epoch Time: 0.88s | Spearman@80: 0.6462 | Kendall@80: 0.4941
Epoch 92/150 | Train Loss: 0.0220 | Epoch Time: 0.88s | Spearman@80: 0.6520 | Kendall@80: 0.4802
Epoch 93/150 | Train Loss: 0.0260 | Epoch Time: 0.89s | Spearman@80: 0.6149 | Kendall@80: 0.4625
Epoch 94/150 | Train Loss: 0.0216 | Epoch Time: 0.89s | Spearman@80: 0.5951 | Kendall@80: 0.4409
Epoch 95/150 | Train Loss: 0.0211 | Epoch Time: 0.89s | Spearman@80: 0.6037 | Kendall@80: 0.4435
Epoch 96/150 | Train Loss: 0.0186 | Epoch Time: 0.89s | Spearman@80: 0.6262 | Kendall@80: 0.4606
Epoch 97/150 | Train Loss: 0.0244 | Epoch Time: 0.89s | Spearman@80: 0.5917 | Kendall@80: 0.4352
Epoch 98/150 | Train Loss: 0.0247 | Epoch Time: 0.88s | Spearman@80: 0.6374 | Kendall@80: 0.4777
Epoch 99/150 | Train Loss: 0.0204 | Epoch Time: 0.88s | Spearman@80: 0.6136 | Kendall@80: 0.4593
Epoch 100/150 | Train Loss: 0.0221 | Epoch Time: 0.88s | Spearman@80: 0.5768 | Kendall@80: 0.4308
Epoch 101/150 | Train Loss: 0.0202 | Epoch Time: 0.90s | Spearman@80: 0.5937 | Kendall@80: 0.4390
Epoch 102/150 | Train Loss: 0.0167 | Epoch Time: 0.89s | Spearman@80: 0.6183 | Kendall@80: 0.4701
Epoch 103/150 | Train Loss: 0.0205 | Epoch Time: 0.89s | Spearman@80: 0.6289 | Kendall@80: 0.4682
Epoch 104/150 | Train Loss: 0.0221 | Epoch Time: 0.88s | Spearman@80: 0.5997 | Kendall@80: 0.4485
Epoch 105/150 | Train Loss: 0.0229 | Epoch Time: 0.89s | Spearman@80: 0.5681 | Kendall@80: 0.4112
Epoch 106/150 | Train Loss: 0.0238 | Epoch Time: 0.89s | Spearman@80: 0.5926 | Kendall@80: 0.4333
Epoch 107/150 | Train Loss: 0.0179 | Epoch Time: 0.89s | Spearman@80: 0.6079 | Kendall@80: 0.4473
Epoch 108/150 | Train Loss: 0.0183 | Epoch Time: 0.89s | Spearman@80: 0.5917 | Kendall@80: 0.4422
Epoch 109/150 | Train Loss: 0.0169 | Epoch Time: 0.89s | Spearman@80: 0.5848 | Kendall@80: 0.4251
Epoch 110/150 | Train Loss: 0.0163 | Epoch Time: 0.89s | Spearman@80: 0.5816 | Kendall@80: 0.4295
Epoch 111/150 | Train Loss: 0.0139 | Epoch Time: 0.89s | Spearman@80: 0.5958 | Kendall@80: 0.4403
Epoch 112/150 | Train Loss: 0.0161 | Epoch Time: 0.88s | Spearman@80: 0.5723 | Kendall@80: 0.4169
Epoch 113/150 | Train Loss: 0.0191 | Epoch Time: 0.89s | Spearman@80: 0.5901 | Kendall@80: 0.4359
Epoch 114/150 | Train Loss: 0.0169 | Epoch Time: 0.88s | Spearman@80: 0.6192 | Kendall@80: 0.4555
Epoch 115/150 | Train Loss: 0.0241 | Epoch Time: 0.88s | Spearman@80: 0.6162 | Kendall@80: 0.4568
Epoch 116/150 | Train Loss: 0.0165 | Epoch Time: 0.89s | Spearman@80: 0.6209 | Kendall@80: 0.4644
Epoch 117/150 | Train Loss: 0.0186 | Epoch Time: 0.89s | Spearman@80: 0.6128 | Kendall@80: 0.4549
Epoch 118/150 | Train Loss: 0.0166 | Epoch Time: 0.89s | Spearman@80: 0.5909 | Kendall@80: 0.4378
Epoch 119/150 | Train Loss: 0.0198 | Epoch Time: 0.89s | Spearman@80: 0.6127 | Kendall@80: 0.4561
Epoch 120/150 | Train Loss: 0.0159 | Epoch Time: 0.89s | Spearman@80: 0.6122 | Kendall@80: 0.4523
Epoch 121/150 | Train Loss: 0.0172 | Epoch Time: 0.89s | Spearman@80: 0.5892 | Kendall@80: 0.4359
Epoch 122/150 | Train Loss: 0.0153 | Epoch Time: 0.89s | Spearman@80: 0.6281 | Kendall@80: 0.4707
Epoch 123/150 | Train Loss: 0.0185 | Epoch Time: 0.89s | Spearman@80: 0.6149 | Kendall@80: 0.4542
Epoch 124/150 | Train Loss: 0.0151 | Epoch Time: 0.89s | Spearman@80: 0.5847 | Kendall@80: 0.4302
Epoch 125/150 | Train Loss: 0.0178 | Epoch Time: 0.89s | Spearman@80: 0.5674 | Kendall@80: 0.4232
Epoch 126/150 | Train Loss: 0.0151 | Epoch Time: 0.89s | Spearman@80: 0.6106 | Kendall@80: 0.4523
Epoch 127/150 | Train Loss: 0.0172 | Epoch Time: 0.89s | Spearman@80: 0.6024 | Kendall@80: 0.4435
Epoch 128/150 | Train Loss: 0.0131 | Epoch Time: 0.88s | Spearman@80: 0.6046 | Kendall@80: 0.4466
Epoch 129/150 | Train Loss: 0.0148 | Epoch Time: 0.89s | Spearman@80: 0.6071 | Kendall@80: 0.4422
Epoch 130/150 | Train Loss: 0.0158 | Epoch Time: 0.89s | Spearman@80: 0.5950 | Kendall@80: 0.4428
Epoch 131/150 | Train Loss: 0.0136 | Epoch Time: 0.90s | Spearman@80: 0.5941 | Kendall@80: 0.4397
Epoch 132/150 | Train Loss: 0.0144 | Epoch Time: 0.89s | Spearman@80: 0.5922 | Kendall@80: 0.4371
Epoch 133/150 | Train Loss: 0.0142 | Epoch Time: 0.89s | Spearman@80: 0.5995 | Kendall@80: 0.4409
Epoch 134/150 | Train Loss: 0.0138 | Epoch Time: 0.89s | Spearman@80: 0.6053 | Kendall@80: 0.4454
Epoch 135/150 | Train Loss: 0.0132 | Epoch Time: 0.89s | Spearman@80: 0.5873 | Kendall@80: 0.4371
Epoch 136/150 | Train Loss: 0.0131 | Epoch Time: 0.89s | Spearman@80: 0.5840 | Kendall@80: 0.4302
Epoch 137/150 | Train Loss: 0.0155 | Epoch Time: 0.89s | Spearman@80: 0.5969 | Kendall@80: 0.4384
Epoch 138/150 | Train Loss: 0.0123 | Epoch Time: 0.89s | Spearman@80: 0.5915 | Kendall@80: 0.4397
Epoch 139/150 | Train Loss: 0.0189 | Epoch Time: 0.89s | Spearman@80: 0.6188 | Kendall@80: 0.4593
Epoch 140/150 | Train Loss: 0.0136 | Epoch Time: 0.89s | Spearman@80: 0.5740 | Kendall@80: 0.4213
Epoch 141/150 | Train Loss: 0.0191 | Epoch Time: 0.88s | Spearman@80: 0.6027 | Kendall@80: 0.4447
Epoch 142/150 | Train Loss: 0.0200 | Epoch Time: 0.88s | Spearman@80: 0.6136 | Kendall@80: 0.4485
Epoch 143/150 | Train Loss: 0.0137 | Epoch Time: 0.89s | Spearman@80: 0.5955 | Kendall@80: 0.4390
Epoch 144/150 | Train Loss: 0.0151 | Epoch Time: 0.88s | Spearman@80: 0.6129 | Kendall@80: 0.4542
Epoch 145/150 | Train Loss: 0.0131 | Epoch Time: 0.90s | Spearman@80: 0.6006 | Kendall@80: 0.4403
Epoch 146/150 | Train Loss: 0.0143 | Epoch Time: 0.89s | Spearman@80: 0.6034 | Kendall@80: 0.4504
Epoch 147/150 | Train Loss: 0.0126 | Epoch Time: 1.59s | Spearman@4870: 0.6564 | Kendall@4870: 0.4755
Epoch 148/150 | Train Loss: 0.0155 | Epoch Time: 1.59s | Spearman@4870: 0.6558 | Kendall@4870: 0.4750
Epoch 149/150 | Train Loss: 0.0183 | Epoch Time: 1.59s | Spearman@4870: 0.6334 | Kendall@4870: 0.4560
Epoch 150/150 | Train Loss: 0.0151 | Epoch Time: 1.59s | Spearman@4870: 0.6481 | Kendall@4870: 0.4683
Sample Count: 128, Spearman: 0.6484267749313439, Kendall: 0.46871888889860003
{64: (0.5219387420343372, 0.3640151208029216),
 128: (0.6484267749313439, 0.46871888889860003)}
Average KDT:  0.39725889313221957
Variance KDT:  0.0008311596580904858
Average SPR:  0.5646869130989886
Variance SPR:  0.0013485155813323959
Average KDT:  0.4887803027600701
Variance KDT:  0.0038857755129037257
Average SPR:  0.6707961996508702
Variance SPR:  0.004774688514575871
