normalizing task:  Amoeba.json
normalizing task:  PNAS_fix-w-d.json
normalizing task:  ENAS_fix-w-d.json
normalizing task:  NASNet.json
normalizing task:  DARTS.json
normalizing task:  ENAS.json
normalizing task:  PNAS.json
normalizing task:  DARTS_lr-wd.json
normalizing task:  DARTS_fix-w-d.json
Epoch 1/150 | Train Loss: 0.0997 | Epoch Time: 1.06s | Spearman@80: 0.0845 | Kendall@80: 0.0555
Epoch 2/150 | Train Loss: 0.0930 | Epoch Time: 0.40s | Spearman@80: 0.1120 | Kendall@80: 0.0827
Epoch 3/150 | Train Loss: 0.0852 | Epoch Time: 0.40s | Spearman@80: 0.1401 | Kendall@80: 0.0935
Epoch 4/150 | Train Loss: 0.0815 | Epoch Time: 0.40s | Spearman@80: 0.1967 | Kendall@80: 0.1341
Epoch 5/150 | Train Loss: 0.0836 | Epoch Time: 0.39s | Spearman@80: 0.1784 | Kendall@80: 0.1169
Epoch 6/150 | Train Loss: 0.0843 | Epoch Time: 0.40s | Spearman@80: 0.1853 | Kendall@80: 0.1176
Epoch 7/150 | Train Loss: 0.0771 | Epoch Time: 0.39s | Spearman@80: 0.2040 | Kendall@80: 0.1372
Epoch 8/150 | Train Loss: 0.0730 | Epoch Time: 0.40s | Spearman@80: 0.2826 | Kendall@80: 0.1854
Epoch 9/150 | Train Loss: 0.0748 | Epoch Time: 0.40s | Spearman@80: 0.2236 | Kendall@80: 0.1461
Epoch 10/150 | Train Loss: 0.0706 | Epoch Time: 0.40s | Spearman@80: 0.3237 | Kendall@80: 0.2222
Epoch 11/150 | Train Loss: 0.0737 | Epoch Time: 0.39s | Spearman@80: 0.3052 | Kendall@80: 0.2164
Epoch 12/150 | Train Loss: 0.0655 | Epoch Time: 0.40s | Spearman@80: 0.3234 | Kendall@80: 0.2260
Epoch 13/150 | Train Loss: 0.0641 | Epoch Time: 0.39s | Spearman@80: 0.2703 | Kendall@80: 0.1892
Epoch 14/150 | Train Loss: 0.0450 | Epoch Time: 0.39s | Spearman@80: 0.4072 | Kendall@80: 0.3039
Epoch 15/150 | Train Loss: 0.0472 | Epoch Time: 0.39s | Spearman@80: 0.4021 | Kendall@80: 0.2944
Epoch 16/150 | Train Loss: 0.0543 | Epoch Time: 0.39s | Spearman@80: 0.4392 | Kendall@80: 0.3172
Epoch 17/150 | Train Loss: 0.0382 | Epoch Time: 0.40s | Spearman@80: 0.4263 | Kendall@80: 0.3090
Epoch 18/150 | Train Loss: 0.0448 | Epoch Time: 0.39s | Spearman@80: 0.3617 | Kendall@80: 0.2646
Epoch 19/150 | Train Loss: 0.0528 | Epoch Time: 0.40s | Spearman@80: 0.4717 | Kendall@80: 0.3597
Epoch 20/150 | Train Loss: 0.0445 | Epoch Time: 0.39s | Spearman@80: 0.4759 | Kendall@80: 0.3515
Epoch 21/150 | Train Loss: 0.0395 | Epoch Time: 0.40s | Spearman@80: 0.4615 | Kendall@80: 0.3419
Epoch 22/150 | Train Loss: 0.0363 | Epoch Time: 0.39s | Spearman@80: 0.4740 | Kendall@80: 0.3445
Epoch 23/150 | Train Loss: 0.0383 | Epoch Time: 0.40s | Spearman@80: 0.4777 | Kendall@80: 0.3521
Epoch 24/150 | Train Loss: 0.0392 | Epoch Time: 0.40s | Spearman@80: 0.4406 | Kendall@80: 0.3318
Epoch 25/150 | Train Loss: 0.0403 | Epoch Time: 0.39s | Spearman@80: 0.4495 | Kendall@80: 0.3033
Epoch 26/150 | Train Loss: 0.0481 | Epoch Time: 0.40s | Spearman@80: 0.3655 | Kendall@80: 0.2507
Epoch 27/150 | Train Loss: 0.0479 | Epoch Time: 0.40s | Spearman@80: 0.4688 | Kendall@80: 0.3280
Epoch 28/150 | Train Loss: 0.0460 | Epoch Time: 0.39s | Spearman@80: 0.5246 | Kendall@80: 0.3762
Epoch 29/150 | Train Loss: 0.0394 | Epoch Time: 0.40s | Spearman@80: 0.5196 | Kendall@80: 0.3812
Epoch 30/150 | Train Loss: 0.0360 | Epoch Time: 0.46s | Spearman@80: 0.4921 | Kendall@80: 0.3388
Epoch 31/150 | Train Loss: 0.0303 | Epoch Time: 0.45s | Spearman@80: 0.4837 | Kendall@80: 0.3388
Epoch 32/150 | Train Loss: 0.0374 | Epoch Time: 0.45s | Spearman@80: 0.3380 | Kendall@80: 0.2456
Epoch 33/150 | Train Loss: 0.0548 | Epoch Time: 0.45s | Spearman@80: 0.4340 | Kendall@80: 0.2957
Epoch 34/150 | Train Loss: 0.0524 | Epoch Time: 0.45s | Spearman@80: 0.4767 | Kendall@80: 0.3432
Epoch 35/150 | Train Loss: 0.0430 | Epoch Time: 0.45s | Spearman@80: 0.4515 | Kendall@80: 0.3103
Epoch 36/150 | Train Loss: 0.0370 | Epoch Time: 0.45s | Spearman@80: 0.4911 | Kendall@80: 0.3616
Epoch 37/150 | Train Loss: 0.0333 | Epoch Time: 0.45s | Spearman@80: 0.5113 | Kendall@80: 0.3762
Epoch 38/150 | Train Loss: 0.0268 | Epoch Time: 0.45s | Spearman@80: 0.5326 | Kendall@80: 0.3863
Epoch 39/150 | Train Loss: 0.0318 | Epoch Time: 0.45s | Spearman@80: 0.4936 | Kendall@80: 0.3521
Epoch 40/150 | Train Loss: 0.0330 | Epoch Time: 0.45s | Spearman@80: 0.5251 | Kendall@80: 0.3869
Epoch 41/150 | Train Loss: 0.0312 | Epoch Time: 0.45s | Spearman@80: 0.4948 | Kendall@80: 0.3610
Epoch 42/150 | Train Loss: 0.0241 | Epoch Time: 0.45s | Spearman@80: 0.4836 | Kendall@80: 0.3553
Epoch 43/150 | Train Loss: 0.0289 | Epoch Time: 0.45s | Spearman@80: 0.5138 | Kendall@80: 0.3686
Epoch 44/150 | Train Loss: 0.0282 | Epoch Time: 0.45s | Spearman@80: 0.4681 | Kendall@80: 0.3356
Epoch 45/150 | Train Loss: 0.0309 | Epoch Time: 0.45s | Spearman@80: 0.4856 | Kendall@80: 0.3508
Epoch 46/150 | Train Loss: 0.0358 | Epoch Time: 0.45s | Spearman@80: 0.4382 | Kendall@80: 0.3128
Epoch 47/150 | Train Loss: 0.0279 | Epoch Time: 0.45s | Spearman@80: 0.4601 | Kendall@80: 0.3217
Epoch 48/150 | Train Loss: 0.0223 | Epoch Time: 0.45s | Spearman@80: 0.4744 | Kendall@80: 0.3255
Epoch 49/150 | Train Loss: 0.0261 | Epoch Time: 0.45s | Spearman@80: 0.4735 | Kendall@80: 0.3337
Epoch 50/150 | Train Loss: 0.0208 | Epoch Time: 0.45s | Spearman@80: 0.5005 | Kendall@80: 0.3597
Epoch 51/150 | Train Loss: 0.0256 | Epoch Time: 0.46s | Spearman@80: 0.4414 | Kendall@80: 0.3160
Epoch 52/150 | Train Loss: 0.0201 | Epoch Time: 0.45s | Spearman@80: 0.4686 | Kendall@80: 0.3318
Epoch 53/150 | Train Loss: 0.0264 | Epoch Time: 0.45s | Spearman@80: 0.4514 | Kendall@80: 0.3248
Epoch 54/150 | Train Loss: 0.0197 | Epoch Time: 0.45s | Spearman@80: 0.4370 | Kendall@80: 0.3109
Epoch 55/150 | Train Loss: 0.0285 | Epoch Time: 0.45s | Spearman@80: 0.5013 | Kendall@80: 0.3591
Epoch 56/150 | Train Loss: 0.0196 | Epoch Time: 0.45s | Spearman@80: 0.4969 | Kendall@80: 0.3591
Epoch 57/150 | Train Loss: 0.0276 | Epoch Time: 0.45s | Spearman@80: 0.4622 | Kendall@80: 0.3280
Epoch 58/150 | Train Loss: 0.0170 | Epoch Time: 0.45s | Spearman@80: 0.4677 | Kendall@80: 0.3261
Epoch 59/150 | Train Loss: 0.0145 | Epoch Time: 0.45s | Spearman@80: 0.4900 | Kendall@80: 0.3432
Epoch 60/150 | Train Loss: 0.0112 | Epoch Time: 0.45s | Spearman@80: 0.5154 | Kendall@80: 0.3641
Epoch 61/150 | Train Loss: 0.0162 | Epoch Time: 0.45s | Spearman@80: 0.4596 | Kendall@80: 0.3248
Epoch 62/150 | Train Loss: 0.0176 | Epoch Time: 0.45s | Spearman@80: 0.5256 | Kendall@80: 0.3749
Epoch 63/150 | Train Loss: 0.0194 | Epoch Time: 0.45s | Spearman@80: 0.4996 | Kendall@80: 0.3508
Epoch 64/150 | Train Loss: 0.0206 | Epoch Time: 0.45s | Spearman@80: 0.5100 | Kendall@80: 0.3616
Epoch 65/150 | Train Loss: 0.0183 | Epoch Time: 0.45s | Spearman@80: 0.3755 | Kendall@80: 0.2640
Epoch 66/150 | Train Loss: 0.0275 | Epoch Time: 0.45s | Spearman@80: 0.4194 | Kendall@80: 0.2900
Epoch 67/150 | Train Loss: 0.0307 | Epoch Time: 0.45s | Spearman@80: 0.4548 | Kendall@80: 0.3229
Epoch 68/150 | Train Loss: 0.0202 | Epoch Time: 0.45s | Spearman@80: 0.4514 | Kendall@80: 0.3109
Epoch 69/150 | Train Loss: 0.0168 | Epoch Time: 0.45s | Spearman@80: 0.4786 | Kendall@80: 0.3305
Epoch 70/150 | Train Loss: 0.0212 | Epoch Time: 0.46s | Spearman@80: 0.4728 | Kendall@80: 0.3318
Epoch 71/150 | Train Loss: 0.0203 | Epoch Time: 0.45s | Spearman@80: 0.4794 | Kendall@80: 0.3394
Epoch 72/150 | Train Loss: 0.0144 | Epoch Time: 0.45s | Spearman@80: 0.4939 | Kendall@80: 0.3578
Epoch 73/150 | Train Loss: 0.0155 | Epoch Time: 0.45s | Spearman@80: 0.5046 | Kendall@80: 0.3584
Epoch 74/150 | Train Loss: 0.0154 | Epoch Time: 0.45s | Spearman@80: 0.5111 | Kendall@80: 0.3648
Epoch 75/150 | Train Loss: 0.0104 | Epoch Time: 0.46s | Spearman@80: 0.5149 | Kendall@80: 0.3673
Epoch 76/150 | Train Loss: 0.0135 | Epoch Time: 0.45s | Spearman@80: 0.4917 | Kendall@80: 0.3438
Epoch 77/150 | Train Loss: 0.0111 | Epoch Time: 0.45s | Spearman@80: 0.4899 | Kendall@80: 0.3445
Epoch 78/150 | Train Loss: 0.0085 | Epoch Time: 0.45s | Spearman@80: 0.4747 | Kendall@80: 0.3293
Epoch 79/150 | Train Loss: 0.0133 | Epoch Time: 0.45s | Spearman@80: 0.4910 | Kendall@80: 0.3400
Epoch 80/150 | Train Loss: 0.0155 | Epoch Time: 0.45s | Spearman@80: 0.4960 | Kendall@80: 0.3445
Epoch 81/150 | Train Loss: 0.0106 | Epoch Time: 0.45s | Spearman@80: 0.4699 | Kendall@80: 0.3261
Epoch 82/150 | Train Loss: 0.0192 | Epoch Time: 0.45s | Spearman@80: 0.5015 | Kendall@80: 0.3502
Epoch 83/150 | Train Loss: 0.0178 | Epoch Time: 0.45s | Spearman@80: 0.4772 | Kendall@80: 0.3394
Epoch 84/150 | Train Loss: 0.0088 | Epoch Time: 0.46s | Spearman@80: 0.5097 | Kendall@80: 0.3521
Epoch 85/150 | Train Loss: 0.0153 | Epoch Time: 0.45s | Spearman@80: 0.5323 | Kendall@80: 0.3844
Epoch 86/150 | Train Loss: 0.0092 | Epoch Time: 0.45s | Spearman@80: 0.5155 | Kendall@80: 0.3648
Epoch 87/150 | Train Loss: 0.0080 | Epoch Time: 0.45s | Spearman@80: 0.4959 | Kendall@80: 0.3553
Epoch 88/150 | Train Loss: 0.0143 | Epoch Time: 0.45s | Spearman@80: 0.4784 | Kendall@80: 0.3381
Epoch 89/150 | Train Loss: 0.0078 | Epoch Time: 0.45s | Spearman@80: 0.4838 | Kendall@80: 0.3400
Epoch 90/150 | Train Loss: 0.0101 | Epoch Time: 0.45s | Spearman@80: 0.4934 | Kendall@80: 0.3502
Epoch 91/150 | Train Loss: 0.0092 | Epoch Time: 0.45s | Spearman@80: 0.5108 | Kendall@80: 0.3673
Epoch 92/150 | Train Loss: 0.0154 | Epoch Time: 0.45s | Spearman@80: 0.4900 | Kendall@80: 0.3553
Epoch 93/150 | Train Loss: 0.0135 | Epoch Time: 0.45s | Spearman@80: 0.4849 | Kendall@80: 0.3508
Epoch 94/150 | Train Loss: 0.0133 | Epoch Time: 0.45s | Spearman@80: 0.4829 | Kendall@80: 0.3432
Epoch 95/150 | Train Loss: 0.0103 | Epoch Time: 0.45s | Spearman@80: 0.4963 | Kendall@80: 0.3527
Epoch 96/150 | Train Loss: 0.0133 | Epoch Time: 0.45s | Spearman@80: 0.5031 | Kendall@80: 0.3572
Epoch 97/150 | Train Loss: 0.0062 | Epoch Time: 0.45s | Spearman@80: 0.4951 | Kendall@80: 0.3457
Epoch 98/150 | Train Loss: 0.0138 | Epoch Time: 0.45s | Spearman@80: 0.5004 | Kendall@80: 0.3521
Epoch 99/150 | Train Loss: 0.0081 | Epoch Time: 0.45s | Spearman@80: 0.4775 | Kendall@80: 0.3350
Epoch 100/150 | Train Loss: 0.0105 | Epoch Time: 0.45s | Spearman@80: 0.4887 | Kendall@80: 0.3438
Epoch 101/150 | Train Loss: 0.0063 | Epoch Time: 0.45s | Spearman@80: 0.4869 | Kendall@80: 0.3489
Epoch 102/150 | Train Loss: 0.0079 | Epoch Time: 0.45s | Spearman@80: 0.4977 | Kendall@80: 0.3534
Epoch 103/150 | Train Loss: 0.0166 | Epoch Time: 0.45s | Spearman@80: 0.5041 | Kendall@80: 0.3591
Epoch 104/150 | Train Loss: 0.0105 | Epoch Time: 0.45s | Spearman@80: 0.5145 | Kendall@80: 0.3622
Epoch 105/150 | Train Loss: 0.0072 | Epoch Time: 0.45s | Spearman@80: 0.5192 | Kendall@80: 0.3622
Epoch 106/150 | Train Loss: 0.0105 | Epoch Time: 0.45s | Spearman@80: 0.5110 | Kendall@80: 0.3572
Epoch 107/150 | Train Loss: 0.0087 | Epoch Time: 0.45s | Spearman@80: 0.5110 | Kendall@80: 0.3610
Epoch 108/150 | Train Loss: 0.0084 | Epoch Time: 0.45s | Spearman@80: 0.5087 | Kendall@80: 0.3578
Epoch 109/150 | Train Loss: 0.0114 | Epoch Time: 0.45s | Spearman@80: 0.5083 | Kendall@80: 0.3584
Epoch 110/150 | Train Loss: 0.0070 | Epoch Time: 0.45s | Spearman@80: 0.4958 | Kendall@80: 0.3515
Epoch 111/150 | Train Loss: 0.0083 | Epoch Time: 0.45s | Spearman@80: 0.4965 | Kendall@80: 0.3546
Epoch 112/150 | Train Loss: 0.0070 | Epoch Time: 0.45s | Spearman@80: 0.4952 | Kendall@80: 0.3534
Epoch 113/150 | Train Loss: 0.0067 | Epoch Time: 0.45s | Spearman@80: 0.5025 | Kendall@80: 0.3553
Epoch 114/150 | Train Loss: 0.0090 | Epoch Time: 0.45s | Spearman@80: 0.5109 | Kendall@80: 0.3603
Epoch 115/150 | Train Loss: 0.0081 | Epoch Time: 0.45s | Spearman@80: 0.5019 | Kendall@80: 0.3534
Epoch 116/150 | Train Loss: 0.0053 | Epoch Time: 0.45s | Spearman@80: 0.4947 | Kendall@80: 0.3495
Epoch 117/150 | Train Loss: 0.0066 | Epoch Time: 0.46s | Spearman@80: 0.4948 | Kendall@80: 0.3464
Epoch 118/150 | Train Loss: 0.0057 | Epoch Time: 0.45s | Spearman@80: 0.4929 | Kendall@80: 0.3445
Epoch 119/150 | Train Loss: 0.0034 | Epoch Time: 0.45s | Spearman@80: 0.4960 | Kendall@80: 0.3483
Epoch 120/150 | Train Loss: 0.0039 | Epoch Time: 0.45s | Spearman@80: 0.5024 | Kendall@80: 0.3546
Epoch 121/150 | Train Loss: 0.0082 | Epoch Time: 0.46s | Spearman@80: 0.5048 | Kendall@80: 0.3559
Epoch 122/150 | Train Loss: 0.0050 | Epoch Time: 0.45s | Spearman@80: 0.5083 | Kendall@80: 0.3572
Epoch 123/150 | Train Loss: 0.0077 | Epoch Time: 0.45s | Spearman@80: 0.5063 | Kendall@80: 0.3553
Epoch 124/150 | Train Loss: 0.0092 | Epoch Time: 0.45s | Spearman@80: 0.4988 | Kendall@80: 0.3527
Epoch 125/150 | Train Loss: 0.0055 | Epoch Time: 0.45s | Spearman@80: 0.4873 | Kendall@80: 0.3419
Epoch 126/150 | Train Loss: 0.0084 | Epoch Time: 0.45s | Spearman@80: 0.4972 | Kendall@80: 0.3502
Epoch 127/150 | Train Loss: 0.0067 | Epoch Time: 0.45s | Spearman@80: 0.5009 | Kendall@80: 0.3553
Epoch 128/150 | Train Loss: 0.0080 | Epoch Time: 0.45s | Spearman@80: 0.5058 | Kendall@80: 0.3591
Epoch 129/150 | Train Loss: 0.0114 | Epoch Time: 0.45s | Spearman@80: 0.4982 | Kendall@80: 0.3527
Epoch 130/150 | Train Loss: 0.0085 | Epoch Time: 0.46s | Spearman@80: 0.4965 | Kendall@80: 0.3527
Epoch 131/150 | Train Loss: 0.0109 | Epoch Time: 0.45s | Spearman@80: 0.4999 | Kendall@80: 0.3553
Epoch 132/150 | Train Loss: 0.0054 | Epoch Time: 0.45s | Spearman@80: 0.5003 | Kendall@80: 0.3540
Epoch 133/150 | Train Loss: 0.0053 | Epoch Time: 0.45s | Spearman@80: 0.4965 | Kendall@80: 0.3515
Epoch 134/150 | Train Loss: 0.0060 | Epoch Time: 0.45s | Spearman@80: 0.4964 | Kendall@80: 0.3502
Epoch 135/150 | Train Loss: 0.0077 | Epoch Time: 0.45s | Spearman@80: 0.4976 | Kendall@80: 0.3515
Epoch 136/150 | Train Loss: 0.0044 | Epoch Time: 0.45s | Spearman@80: 0.4996 | Kendall@80: 0.3515
Epoch 137/150 | Train Loss: 0.0066 | Epoch Time: 0.45s | Spearman@80: 0.4978 | Kendall@80: 0.3489
Epoch 138/150 | Train Loss: 0.0067 | Epoch Time: 0.45s | Spearman@80: 0.4991 | Kendall@80: 0.3489
Epoch 139/150 | Train Loss: 0.0105 | Epoch Time: 0.45s | Spearman@80: 0.4994 | Kendall@80: 0.3515
Epoch 140/150 | Train Loss: 0.0061 | Epoch Time: 0.45s | Spearman@80: 0.4993 | Kendall@80: 0.3502
Epoch 141/150 | Train Loss: 0.0081 | Epoch Time: 0.45s | Spearman@80: 0.4980 | Kendall@80: 0.3476
Epoch 142/150 | Train Loss: 0.0074 | Epoch Time: 0.45s | Spearman@80: 0.4985 | Kendall@80: 0.3489
Epoch 143/150 | Train Loss: 0.0055 | Epoch Time: 0.45s | Spearman@80: 0.4991 | Kendall@80: 0.3489
Epoch 144/150 | Train Loss: 0.0094 | Epoch Time: 0.45s | Spearman@80: 0.4993 | Kendall@80: 0.3495
Epoch 145/150 | Train Loss: 0.0073 | Epoch Time: 0.45s | Spearman@80: 0.4991 | Kendall@80: 0.3489
Epoch 146/150 | Train Loss: 0.0097 | Epoch Time: 0.45s | Spearman@80: 0.4996 | Kendall@80: 0.3502
Epoch 147/150 | Train Loss: 0.0067 | Epoch Time: 1.29s | Spearman@4934: 0.6081 | Kendall@4934: 0.4323
Epoch 148/150 | Train Loss: 0.0084 | Epoch Time: 1.12s | Spearman@4934: 0.6081 | Kendall@4934: 0.4323
Epoch 149/150 | Train Loss: 0.0057 | Epoch Time: 1.12s | Spearman@4934: 0.6080 | Kendall@4934: 0.4323
Epoch 150/150 | Train Loss: 0.0145 | Epoch Time: 1.12s | Spearman@4934: 0.6080 | Kendall@4934: 0.4323
Sample Count: 64, Spearman: 0.6080501438772745, Kendall: 0.4323315371796725
{64: (0.6080501438772745, 0.4323315371796725)}
Epoch 1/150 | Train Loss: 0.0977 | Epoch Time: 0.80s | Spearman@80: 0.5732 | Kendall@80: 0.4216
Epoch 2/150 | Train Loss: 0.0860 | Epoch Time: 0.79s | Spearman@80: 0.5754 | Kendall@80: 0.4178
Epoch 3/150 | Train Loss: 0.0780 | Epoch Time: 0.79s | Spearman@80: 0.5542 | Kendall@80: 0.4082
Epoch 4/150 | Train Loss: 0.0741 | Epoch Time: 0.78s | Spearman@80: 0.5556 | Kendall@80: 0.4095
Epoch 5/150 | Train Loss: 0.0680 | Epoch Time: 0.78s | Spearman@80: 0.4387 | Kendall@80: 0.3208
Epoch 6/150 | Train Loss: 0.0724 | Epoch Time: 0.78s | Spearman@80: 0.5435 | Kendall@80: 0.4133
Epoch 7/150 | Train Loss: 0.0665 | Epoch Time: 0.89s | Spearman@80: 0.5956 | Kendall@80: 0.4488
Epoch 8/150 | Train Loss: 0.0709 | Epoch Time: 0.90s | Spearman@80: 0.5709 | Kendall@80: 0.4330
Epoch 9/150 | Train Loss: 0.0637 | Epoch Time: 0.89s | Spearman@80: 0.5712 | Kendall@80: 0.4355
Epoch 10/150 | Train Loss: 0.0656 | Epoch Time: 0.89s | Spearman@80: 0.5020 | Kendall@80: 0.3613
Epoch 11/150 | Train Loss: 0.0643 | Epoch Time: 0.89s | Spearman@80: 0.5558 | Kendall@80: 0.3962
Epoch 12/150 | Train Loss: 0.0637 | Epoch Time: 0.89s | Spearman@80: 0.5813 | Kendall@80: 0.4285
Epoch 13/150 | Train Loss: 0.0554 | Epoch Time: 0.89s | Spearman@80: 0.6205 | Kendall@80: 0.4634
Epoch 14/150 | Train Loss: 0.0554 | Epoch Time: 0.89s | Spearman@80: 0.5663 | Kendall@80: 0.4228
Epoch 15/150 | Train Loss: 0.0648 | Epoch Time: 0.89s | Spearman@80: 0.5011 | Kendall@80: 0.3645
Epoch 16/150 | Train Loss: 0.0510 | Epoch Time: 0.89s | Spearman@80: 0.5697 | Kendall@80: 0.4184
Epoch 17/150 | Train Loss: 0.0531 | Epoch Time: 0.89s | Spearman@80: 0.5322 | Kendall@80: 0.3937
Epoch 18/150 | Train Loss: 0.0507 | Epoch Time: 0.89s | Spearman@80: 0.6637 | Kendall@80: 0.4938
Epoch 19/150 | Train Loss: 0.0485 | Epoch Time: 0.89s | Spearman@80: 0.6133 | Kendall@80: 0.4539
Epoch 20/150 | Train Loss: 0.0513 | Epoch Time: 0.89s | Spearman@80: 0.5908 | Kendall@80: 0.4285
Epoch 21/150 | Train Loss: 0.0488 | Epoch Time: 0.89s | Spearman@80: 0.6838 | Kendall@80: 0.5198
Epoch 22/150 | Train Loss: 0.0476 | Epoch Time: 0.90s | Spearman@80: 0.6319 | Kendall@80: 0.4596
Epoch 23/150 | Train Loss: 0.0473 | Epoch Time: 0.89s | Spearman@80: 0.5811 | Kendall@80: 0.4216
Epoch 24/150 | Train Loss: 0.0466 | Epoch Time: 0.89s | Spearman@80: 0.6123 | Kendall@80: 0.4513
Epoch 25/150 | Train Loss: 0.0504 | Epoch Time: 0.88s | Spearman@80: 0.6494 | Kendall@80: 0.4691
Epoch 26/150 | Train Loss: 0.0592 | Epoch Time: 0.89s | Spearman@80: 0.6246 | Kendall@80: 0.4507
Epoch 27/150 | Train Loss: 0.0538 | Epoch Time: 0.88s | Spearman@80: 0.6217 | Kendall@80: 0.4640
Epoch 28/150 | Train Loss: 0.0443 | Epoch Time: 0.89s | Spearman@80: 0.5804 | Kendall@80: 0.4266
Epoch 29/150 | Train Loss: 0.0373 | Epoch Time: 0.89s | Spearman@80: 0.6236 | Kendall@80: 0.4469
Epoch 30/150 | Train Loss: 0.0482 | Epoch Time: 0.89s | Spearman@80: 0.6178 | Kendall@80: 0.4596
Epoch 31/150 | Train Loss: 0.0390 | Epoch Time: 0.89s | Spearman@80: 0.5965 | Kendall@80: 0.4412
Epoch 32/150 | Train Loss: 0.0401 | Epoch Time: 0.90s | Spearman@80: 0.5716 | Kendall@80: 0.4209
Epoch 33/150 | Train Loss: 0.0457 | Epoch Time: 0.89s | Spearman@80: 0.6177 | Kendall@80: 0.4475
Epoch 34/150 | Train Loss: 0.0429 | Epoch Time: 0.89s | Spearman@80: 0.5818 | Kendall@80: 0.4260
Epoch 35/150 | Train Loss: 0.0374 | Epoch Time: 0.89s | Spearman@80: 0.5720 | Kendall@80: 0.4120
Epoch 36/150 | Train Loss: 0.0472 | Epoch Time: 0.89s | Spearman@80: 0.6753 | Kendall@80: 0.4945
Epoch 37/150 | Train Loss: 0.0493 | Epoch Time: 0.89s | Spearman@80: 0.5814 | Kendall@80: 0.4260
Epoch 38/150 | Train Loss: 0.0453 | Epoch Time: 0.90s | Spearman@80: 0.6379 | Kendall@80: 0.4602
Epoch 39/150 | Train Loss: 0.0350 | Epoch Time: 0.89s | Spearman@80: 0.6295 | Kendall@80: 0.4640
Epoch 40/150 | Train Loss: 0.0434 | Epoch Time: 0.90s | Spearman@80: 0.5200 | Kendall@80: 0.3550
Epoch 41/150 | Train Loss: 0.0387 | Epoch Time: 0.89s | Spearman@80: 0.5544 | Kendall@80: 0.4114
Epoch 42/150 | Train Loss: 0.0392 | Epoch Time: 0.89s | Spearman@80: 0.5988 | Kendall@80: 0.4317
Epoch 43/150 | Train Loss: 0.0358 | Epoch Time: 0.89s | Spearman@80: 0.6702 | Kendall@80: 0.4995
Epoch 44/150 | Train Loss: 0.0342 | Epoch Time: 0.89s | Spearman@80: 0.6073 | Kendall@80: 0.4406
Epoch 45/150 | Train Loss: 0.0281 | Epoch Time: 0.90s | Spearman@80: 0.6447 | Kendall@80: 0.4704
Epoch 46/150 | Train Loss: 0.0331 | Epoch Time: 0.89s | Spearman@80: 0.5993 | Kendall@80: 0.4323
Epoch 47/150 | Train Loss: 0.0454 | Epoch Time: 0.89s | Spearman@80: 0.6434 | Kendall@80: 0.4678
Epoch 48/150 | Train Loss: 0.0386 | Epoch Time: 0.88s | Spearman@80: 0.6874 | Kendall@80: 0.5122
Epoch 49/150 | Train Loss: 0.0340 | Epoch Time: 0.89s | Spearman@80: 0.6085 | Kendall@80: 0.4513
Epoch 50/150 | Train Loss: 0.0415 | Epoch Time: 0.89s | Spearman@80: 0.6546 | Kendall@80: 0.4735
Epoch 51/150 | Train Loss: 0.0323 | Epoch Time: 0.88s | Spearman@80: 0.6213 | Kendall@80: 0.4437
Epoch 52/150 | Train Loss: 0.0297 | Epoch Time: 0.89s | Spearman@80: 0.6440 | Kendall@80: 0.4640
Epoch 53/150 | Train Loss: 0.0319 | Epoch Time: 0.89s | Spearman@80: 0.6115 | Kendall@80: 0.4361
Epoch 54/150 | Train Loss: 0.0256 | Epoch Time: 0.89s | Spearman@80: 0.6386 | Kendall@80: 0.4577
Epoch 55/150 | Train Loss: 0.0301 | Epoch Time: 0.89s | Spearman@80: 0.6403 | Kendall@80: 0.4659
Epoch 56/150 | Train Loss: 0.0323 | Epoch Time: 0.89s | Spearman@80: 0.5945 | Kendall@80: 0.4285
Epoch 57/150 | Train Loss: 0.0287 | Epoch Time: 0.89s | Spearman@80: 0.6446 | Kendall@80: 0.4552
Epoch 58/150 | Train Loss: 0.0308 | Epoch Time: 0.89s | Spearman@80: 0.6585 | Kendall@80: 0.4792
Epoch 59/150 | Train Loss: 0.0311 | Epoch Time: 0.89s | Spearman@80: 0.5801 | Kendall@80: 0.4051
Epoch 60/150 | Train Loss: 0.0346 | Epoch Time: 0.89s | Spearman@80: 0.6173 | Kendall@80: 0.4431
Epoch 61/150 | Train Loss: 0.0299 | Epoch Time: 0.89s | Spearman@80: 0.6571 | Kendall@80: 0.4716
Epoch 62/150 | Train Loss: 0.0233 | Epoch Time: 0.89s | Spearman@80: 0.6541 | Kendall@80: 0.4729
Epoch 63/150 | Train Loss: 0.0248 | Epoch Time: 0.89s | Spearman@80: 0.5729 | Kendall@80: 0.4070
Epoch 64/150 | Train Loss: 0.0300 | Epoch Time: 0.88s | Spearman@80: 0.5726 | Kendall@80: 0.4032
Epoch 65/150 | Train Loss: 0.0289 | Epoch Time: 0.89s | Spearman@80: 0.5658 | Kendall@80: 0.4000
Epoch 66/150 | Train Loss: 0.0273 | Epoch Time: 0.89s | Spearman@80: 0.6657 | Kendall@80: 0.4805
Epoch 67/150 | Train Loss: 0.0261 | Epoch Time: 0.90s | Spearman@80: 0.6152 | Kendall@80: 0.4361
Epoch 68/150 | Train Loss: 0.0307 | Epoch Time: 0.89s | Spearman@80: 0.5836 | Kendall@80: 0.4101
Epoch 69/150 | Train Loss: 0.0318 | Epoch Time: 0.89s | Spearman@80: 0.5828 | Kendall@80: 0.4101
Epoch 70/150 | Train Loss: 0.0246 | Epoch Time: 0.89s | Spearman@80: 0.6319 | Kendall@80: 0.4513
Epoch 71/150 | Train Loss: 0.0246 | Epoch Time: 0.89s | Spearman@80: 0.6240 | Kendall@80: 0.4501
Epoch 72/150 | Train Loss: 0.0202 | Epoch Time: 0.90s | Spearman@80: 0.6128 | Kendall@80: 0.4374
Epoch 73/150 | Train Loss: 0.0260 | Epoch Time: 0.89s | Spearman@80: 0.6019 | Kendall@80: 0.4273
Epoch 74/150 | Train Loss: 0.0212 | Epoch Time: 0.89s | Spearman@80: 0.5988 | Kendall@80: 0.4273
Epoch 75/150 | Train Loss: 0.0178 | Epoch Time: 0.88s | Spearman@80: 0.5899 | Kendall@80: 0.4235
Epoch 76/150 | Train Loss: 0.0184 | Epoch Time: 0.89s | Spearman@80: 0.6524 | Kendall@80: 0.4691
Epoch 77/150 | Train Loss: 0.0161 | Epoch Time: 0.89s | Spearman@80: 0.6163 | Kendall@80: 0.4406
Epoch 78/150 | Train Loss: 0.0227 | Epoch Time: 0.89s | Spearman@80: 0.6329 | Kendall@80: 0.4577
Epoch 79/150 | Train Loss: 0.0180 | Epoch Time: 0.88s | Spearman@80: 0.6408 | Kendall@80: 0.4520
Epoch 80/150 | Train Loss: 0.0203 | Epoch Time: 0.89s | Spearman@80: 0.6786 | Kendall@80: 0.4862
Epoch 81/150 | Train Loss: 0.0199 | Epoch Time: 0.89s | Spearman@80: 0.6491 | Kendall@80: 0.4672
Epoch 82/150 | Train Loss: 0.0204 | Epoch Time: 0.88s | Spearman@80: 0.6643 | Kendall@80: 0.4780
Epoch 83/150 | Train Loss: 0.0179 | Epoch Time: 0.89s | Spearman@80: 0.6542 | Kendall@80: 0.4767
Epoch 84/150 | Train Loss: 0.0160 | Epoch Time: 0.89s | Spearman@80: 0.6394 | Kendall@80: 0.4513
Epoch 85/150 | Train Loss: 0.0184 | Epoch Time: 0.89s | Spearman@80: 0.6636 | Kendall@80: 0.4716
Epoch 86/150 | Train Loss: 0.0221 | Epoch Time: 0.89s | Spearman@80: 0.6400 | Kendall@80: 0.4552
Epoch 87/150 | Train Loss: 0.0249 | Epoch Time: 0.88s | Spearman@80: 0.6435 | Kendall@80: 0.4685
Epoch 88/150 | Train Loss: 0.0187 | Epoch Time: 0.89s | Spearman@80: 0.6357 | Kendall@80: 0.4659
Epoch 89/150 | Train Loss: 0.0183 | Epoch Time: 0.89s | Spearman@80: 0.6367 | Kendall@80: 0.4577
Epoch 90/150 | Train Loss: 0.0163 | Epoch Time: 0.89s | Spearman@80: 0.6416 | Kendall@80: 0.4697
Epoch 91/150 | Train Loss: 0.0197 | Epoch Time: 0.89s | Spearman@80: 0.6735 | Kendall@80: 0.4862
Epoch 92/150 | Train Loss: 0.0139 | Epoch Time: 0.89s | Spearman@80: 0.6809 | Kendall@80: 0.4919
Epoch 93/150 | Train Loss: 0.0161 | Epoch Time: 0.89s | Spearman@80: 0.6314 | Kendall@80: 0.4494
Epoch 94/150 | Train Loss: 0.0171 | Epoch Time: 0.89s | Spearman@80: 0.6443 | Kendall@80: 0.4672
Epoch 95/150 | Train Loss: 0.0176 | Epoch Time: 0.89s | Spearman@80: 0.6463 | Kendall@80: 0.4653
Epoch 96/150 | Train Loss: 0.0138 | Epoch Time: 0.89s | Spearman@80: 0.6353 | Kendall@80: 0.4596
Epoch 97/150 | Train Loss: 0.0131 | Epoch Time: 0.89s | Spearman@80: 0.6231 | Kendall@80: 0.4463
Epoch 98/150 | Train Loss: 0.0151 | Epoch Time: 0.89s | Spearman@80: 0.6553 | Kendall@80: 0.4742
Epoch 99/150 | Train Loss: 0.0150 | Epoch Time: 0.89s | Spearman@80: 0.6175 | Kendall@80: 0.4406
Epoch 100/150 | Train Loss: 0.0141 | Epoch Time: 0.89s | Spearman@80: 0.6211 | Kendall@80: 0.4475
Epoch 101/150 | Train Loss: 0.0141 | Epoch Time: 0.89s | Spearman@80: 0.6221 | Kendall@80: 0.4482
Epoch 102/150 | Train Loss: 0.0115 | Epoch Time: 0.89s | Spearman@80: 0.6235 | Kendall@80: 0.4507
Epoch 103/150 | Train Loss: 0.0115 | Epoch Time: 0.90s | Spearman@80: 0.6300 | Kendall@80: 0.4552
Epoch 104/150 | Train Loss: 0.0119 | Epoch Time: 0.89s | Spearman@80: 0.6458 | Kendall@80: 0.4659
Epoch 105/150 | Train Loss: 0.0103 | Epoch Time: 0.90s | Spearman@80: 0.6681 | Kendall@80: 0.4849
Epoch 106/150 | Train Loss: 0.0118 | Epoch Time: 0.89s | Spearman@80: 0.6262 | Kendall@80: 0.4494
Epoch 107/150 | Train Loss: 0.0089 | Epoch Time: 0.89s | Spearman@80: 0.6209 | Kendall@80: 0.4469
Epoch 108/150 | Train Loss: 0.0135 | Epoch Time: 0.89s | Spearman@80: 0.6238 | Kendall@80: 0.4482
Epoch 109/150 | Train Loss: 0.0118 | Epoch Time: 0.88s | Spearman@80: 0.6283 | Kendall@80: 0.4564
Epoch 110/150 | Train Loss: 0.0128 | Epoch Time: 0.89s | Spearman@80: 0.6395 | Kendall@80: 0.4634
Epoch 111/150 | Train Loss: 0.0119 | Epoch Time: 0.90s | Spearman@80: 0.6339 | Kendall@80: 0.4552
Epoch 112/150 | Train Loss: 0.0136 | Epoch Time: 0.89s | Spearman@80: 0.6117 | Kendall@80: 0.4374
Epoch 113/150 | Train Loss: 0.0137 | Epoch Time: 0.88s | Spearman@80: 0.6004 | Kendall@80: 0.4298
Epoch 114/150 | Train Loss: 0.0175 | Epoch Time: 0.90s | Spearman@80: 0.6110 | Kendall@80: 0.4368
Epoch 115/150 | Train Loss: 0.0123 | Epoch Time: 0.89s | Spearman@80: 0.6118 | Kendall@80: 0.4412
Epoch 116/150 | Train Loss: 0.0129 | Epoch Time: 0.88s | Spearman@80: 0.6170 | Kendall@80: 0.4355
Epoch 117/150 | Train Loss: 0.0110 | Epoch Time: 0.89s | Spearman@80: 0.5943 | Kendall@80: 0.4247
Epoch 118/150 | Train Loss: 0.0103 | Epoch Time: 0.89s | Spearman@80: 0.6073 | Kendall@80: 0.4361
Epoch 119/150 | Train Loss: 0.0138 | Epoch Time: 0.89s | Spearman@80: 0.6179 | Kendall@80: 0.4418
Epoch 120/150 | Train Loss: 0.0106 | Epoch Time: 0.88s | Spearman@80: 0.6573 | Kendall@80: 0.4754
Epoch 121/150 | Train Loss: 0.0145 | Epoch Time: 0.87s | Spearman@80: 0.6445 | Kendall@80: 0.4742
Epoch 122/150 | Train Loss: 0.0131 | Epoch Time: 0.89s | Spearman@80: 0.6448 | Kendall@80: 0.4628
Epoch 123/150 | Train Loss: 0.0070 | Epoch Time: 0.89s | Spearman@80: 0.6183 | Kendall@80: 0.4482
Epoch 124/150 | Train Loss: 0.0098 | Epoch Time: 0.89s | Spearman@80: 0.6125 | Kendall@80: 0.4425
Epoch 125/150 | Train Loss: 0.0077 | Epoch Time: 0.88s | Spearman@80: 0.6059 | Kendall@80: 0.4336
Epoch 126/150 | Train Loss: 0.0085 | Epoch Time: 0.87s | Spearman@80: 0.6321 | Kendall@80: 0.4539
Epoch 127/150 | Train Loss: 0.0107 | Epoch Time: 0.87s | Spearman@80: 0.6329 | Kendall@80: 0.4526
Epoch 128/150 | Train Loss: 0.0086 | Epoch Time: 0.87s | Spearman@80: 0.6268 | Kendall@80: 0.4482
Epoch 129/150 | Train Loss: 0.0076 | Epoch Time: 0.88s | Spearman@80: 0.6165 | Kendall@80: 0.4425
Epoch 130/150 | Train Loss: 0.0084 | Epoch Time: 0.87s | Spearman@80: 0.6172 | Kendall@80: 0.4450
Epoch 131/150 | Train Loss: 0.0102 | Epoch Time: 0.87s | Spearman@80: 0.6119 | Kendall@80: 0.4412
Epoch 132/150 | Train Loss: 0.0081 | Epoch Time: 0.88s | Spearman@80: 0.6108 | Kendall@80: 0.4393
Epoch 133/150 | Train Loss: 0.0094 | Epoch Time: 0.87s | Spearman@80: 0.6137 | Kendall@80: 0.4406
Epoch 134/150 | Train Loss: 0.0106 | Epoch Time: 0.88s | Spearman@80: 0.6179 | Kendall@80: 0.4444
Epoch 135/150 | Train Loss: 0.0100 | Epoch Time: 0.88s | Spearman@80: 0.6258 | Kendall@80: 0.4450
Epoch 136/150 | Train Loss: 0.0089 | Epoch Time: 0.87s | Spearman@80: 0.6250 | Kendall@80: 0.4450
Epoch 137/150 | Train Loss: 0.0109 | Epoch Time: 0.87s | Spearman@80: 0.6230 | Kendall@80: 0.4444
Epoch 138/150 | Train Loss: 0.0086 | Epoch Time: 0.87s | Spearman@80: 0.6215 | Kendall@80: 0.4444
Epoch 139/150 | Train Loss: 0.0101 | Epoch Time: 0.87s | Spearman@80: 0.6195 | Kendall@80: 0.4418
Epoch 140/150 | Train Loss: 0.0088 | Epoch Time: 0.87s | Spearman@80: 0.6194 | Kendall@80: 0.4425
Epoch 141/150 | Train Loss: 0.0076 | Epoch Time: 0.87s | Spearman@80: 0.6156 | Kendall@80: 0.4418
Epoch 142/150 | Train Loss: 0.0092 | Epoch Time: 0.87s | Spearman@80: 0.6172 | Kendall@80: 0.4431
Epoch 143/150 | Train Loss: 0.0092 | Epoch Time: 0.87s | Spearman@80: 0.6187 | Kendall@80: 0.4437
Epoch 144/150 | Train Loss: 0.0094 | Epoch Time: 0.87s | Spearman@80: 0.6172 | Kendall@80: 0.4437
Epoch 145/150 | Train Loss: 0.0091 | Epoch Time: 0.88s | Spearman@80: 0.6190 | Kendall@80: 0.4431
Epoch 146/150 | Train Loss: 0.0083 | Epoch Time: 0.87s | Spearman@80: 0.6208 | Kendall@80: 0.4444
Epoch 147/150 | Train Loss: 0.0065 | Epoch Time: 1.69s | Spearman@4870: 0.6137 | Kendall@4870: 0.4367
Epoch 148/150 | Train Loss: 0.0090 | Epoch Time: 1.47s | Spearman@4870: 0.6139 | Kendall@4870: 0.4368
Epoch 149/150 | Train Loss: 0.0064 | Epoch Time: 1.47s | Spearman@4870: 0.6139 | Kendall@4870: 0.4368
Epoch 150/150 | Train Loss: 0.0098 | Epoch Time: 1.46s | Spearman@4870: 0.6139 | Kendall@4870: 0.4368
Sample Count: 128, Spearman: 0.6138418532096224, Kendall: 0.4367827566609787
{64: (0.6080501438772745, 0.4323315371796725),
 128: (0.6138418532096224, 0.4367827566609787)}
Epoch 1/150 | Train Loss: 0.0984 | Epoch Time: 0.39s | Spearman@80: 0.3687 | Kendall@80: 0.2729
Epoch 2/150 | Train Loss: 0.0983 | Epoch Time: 0.40s | Spearman@80: 0.4172 | Kendall@80: 0.3084
Epoch 3/150 | Train Loss: 0.0883 | Epoch Time: 0.40s | Spearman@80: 0.2677 | Kendall@80: 0.1968
Epoch 4/150 | Train Loss: 0.0744 | Epoch Time: 0.38s | Spearman@80: 0.2486 | Kendall@80: 0.1848
Epoch 5/150 | Train Loss: 0.0660 | Epoch Time: 0.38s | Spearman@80: 0.5099 | Kendall@80: 0.3736
Epoch 6/150 | Train Loss: 0.0661 | Epoch Time: 0.38s | Spearman@80: 0.4776 | Kendall@80: 0.3527
Epoch 7/150 | Train Loss: 0.0543 | Epoch Time: 0.38s | Spearman@80: 0.5163 | Kendall@80: 0.3768
Epoch 8/150 | Train Loss: 0.0599 | Epoch Time: 0.38s | Spearman@80: 0.5469 | Kendall@80: 0.3952
Epoch 9/150 | Train Loss: 0.0562 | Epoch Time: 0.38s | Spearman@80: 0.5136 | Kendall@80: 0.3755
Epoch 10/150 | Train Loss: 0.0620 | Epoch Time: 0.39s | Spearman@80: 0.3845 | Kendall@80: 0.2748
Epoch 11/150 | Train Loss: 0.0576 | Epoch Time: 0.38s | Spearman@80: 0.4193 | Kendall@80: 0.3014
Epoch 12/150 | Train Loss: 0.0469 | Epoch Time: 0.38s | Spearman@80: 0.4892 | Kendall@80: 0.3540
Epoch 13/150 | Train Loss: 0.0552 | Epoch Time: 0.38s | Spearman@80: 0.5052 | Kendall@80: 0.3648
Epoch 14/150 | Train Loss: 0.0452 | Epoch Time: 0.39s | Spearman@80: 0.4652 | Kendall@80: 0.3356
Epoch 15/150 | Train Loss: 0.0493 | Epoch Time: 0.39s | Spearman@80: 0.4949 | Kendall@80: 0.3553
Epoch 16/150 | Train Loss: 0.0475 | Epoch Time: 0.39s | Spearman@80: 0.4743 | Kendall@80: 0.3362
Epoch 17/150 | Train Loss: 0.0412 | Epoch Time: 0.39s | Spearman@80: 0.4791 | Kendall@80: 0.3419
Epoch 18/150 | Train Loss: 0.0429 | Epoch Time: 0.39s | Spearman@80: 0.5276 | Kendall@80: 0.3800
Epoch 19/150 | Train Loss: 0.0472 | Epoch Time: 0.39s | Spearman@80: 0.4897 | Kendall@80: 0.3476
Epoch 20/150 | Train Loss: 0.0473 | Epoch Time: 0.39s | Spearman@80: 0.4237 | Kendall@80: 0.3007
Epoch 21/150 | Train Loss: 0.0418 | Epoch Time: 0.39s | Spearman@80: 0.4474 | Kendall@80: 0.3172
Epoch 22/150 | Train Loss: 0.0480 | Epoch Time: 0.39s | Spearman@80: 0.4687 | Kendall@80: 0.3324
Epoch 23/150 | Train Loss: 0.0504 | Epoch Time: 0.39s | Spearman@80: 0.4299 | Kendall@80: 0.2995
Epoch 24/150 | Train Loss: 0.0454 | Epoch Time: 0.39s | Spearman@80: 0.5031 | Kendall@80: 0.3540
Epoch 25/150 | Train Loss: 0.0433 | Epoch Time: 0.39s | Spearman@80: 0.5129 | Kendall@80: 0.3711
Epoch 26/150 | Train Loss: 0.0510 | Epoch Time: 0.38s | Spearman@80: 0.5088 | Kendall@80: 0.3660
Epoch 27/150 | Train Loss: 0.0479 | Epoch Time: 0.38s | Spearman@80: 0.5047 | Kendall@80: 0.3597
Epoch 28/150 | Train Loss: 0.0490 | Epoch Time: 0.39s | Spearman@80: 0.4369 | Kendall@80: 0.3115
Epoch 29/150 | Train Loss: 0.0404 | Epoch Time: 0.39s | Spearman@80: 0.4247 | Kendall@80: 0.3052
Epoch 30/150 | Train Loss: 0.0455 | Epoch Time: 0.39s | Spearman@80: 0.3875 | Kendall@80: 0.2741
Epoch 31/150 | Train Loss: 0.0357 | Epoch Time: 0.38s | Spearman@80: 0.3478 | Kendall@80: 0.2462
Epoch 32/150 | Train Loss: 0.0517 | Epoch Time: 0.39s | Spearman@80: 0.4072 | Kendall@80: 0.2830
Epoch 33/150 | Train Loss: 0.0425 | Epoch Time: 0.40s | Spearman@80: 0.4329 | Kendall@80: 0.2982
Epoch 34/150 | Train Loss: 0.0518 | Epoch Time: 0.40s | Spearman@80: 0.4214 | Kendall@80: 0.2944
Epoch 35/150 | Train Loss: 0.0442 | Epoch Time: 0.40s | Spearman@80: 0.4675 | Kendall@80: 0.3236
Epoch 36/150 | Train Loss: 0.0439 | Epoch Time: 0.40s | Spearman@80: 0.4686 | Kendall@80: 0.3267
Epoch 37/150 | Train Loss: 0.0342 | Epoch Time: 0.40s | Spearman@80: 0.4534 | Kendall@80: 0.3267
Epoch 38/150 | Train Loss: 0.0483 | Epoch Time: 0.40s | Spearman@80: 0.4511 | Kendall@80: 0.3198
Epoch 39/150 | Train Loss: 0.0394 | Epoch Time: 0.41s | Spearman@80: 0.4405 | Kendall@80: 0.3071
Epoch 40/150 | Train Loss: 0.0391 | Epoch Time: 0.41s | Spearman@80: 0.4140 | Kendall@80: 0.2887
Epoch 41/150 | Train Loss: 0.0419 | Epoch Time: 0.40s | Spearman@80: 0.4054 | Kendall@80: 0.2830
Epoch 42/150 | Train Loss: 0.0426 | Epoch Time: 0.39s | Spearman@80: 0.4132 | Kendall@80: 0.2944
Epoch 43/150 | Train Loss: 0.0409 | Epoch Time: 0.39s | Spearman@80: 0.4688 | Kendall@80: 0.3407
Epoch 44/150 | Train Loss: 0.0414 | Epoch Time: 0.39s | Spearman@80: 0.4272 | Kendall@80: 0.3052
Epoch 45/150 | Train Loss: 0.0360 | Epoch Time: 0.39s | Spearman@80: 0.4068 | Kendall@80: 0.2862
Epoch 46/150 | Train Loss: 0.0311 | Epoch Time: 0.39s | Spearman@80: 0.3820 | Kendall@80: 0.2653
Epoch 47/150 | Train Loss: 0.0480 | Epoch Time: 0.40s | Spearman@80: 0.4087 | Kendall@80: 0.2887
Epoch 48/150 | Train Loss: 0.0452 | Epoch Time: 0.40s | Spearman@80: 0.4771 | Kendall@80: 0.3419
Epoch 49/150 | Train Loss: 0.0358 | Epoch Time: 0.40s | Spearman@80: 0.4770 | Kendall@80: 0.3324
Epoch 50/150 | Train Loss: 0.0384 | Epoch Time: 0.39s | Spearman@80: 0.4857 | Kendall@80: 0.3464
Epoch 51/150 | Train Loss: 0.0336 | Epoch Time: 0.39s | Spearman@80: 0.4435 | Kendall@80: 0.3128
Epoch 52/150 | Train Loss: 0.0315 | Epoch Time: 0.39s | Spearman@80: 0.4214 | Kendall@80: 0.2976
Epoch 53/150 | Train Loss: 0.0377 | Epoch Time: 0.39s | Spearman@80: 0.3886 | Kendall@80: 0.2691
Epoch 54/150 | Train Loss: 0.0394 | Epoch Time: 0.40s | Spearman@80: 0.3961 | Kendall@80: 0.2754
Epoch 55/150 | Train Loss: 0.0282 | Epoch Time: 0.39s | Spearman@80: 0.4471 | Kendall@80: 0.3103
Epoch 56/150 | Train Loss: 0.0342 | Epoch Time: 0.39s | Spearman@80: 0.4653 | Kendall@80: 0.3331
Epoch 57/150 | Train Loss: 0.0328 | Epoch Time: 0.40s | Spearman@80: 0.4334 | Kendall@80: 0.3033
Epoch 58/150 | Train Loss: 0.0331 | Epoch Time: 0.45s | Spearman@80: 0.4045 | Kendall@80: 0.2830
Epoch 59/150 | Train Loss: 0.0341 | Epoch Time: 0.45s | Spearman@80: 0.4247 | Kendall@80: 0.2963
Epoch 60/150 | Train Loss: 0.0304 | Epoch Time: 0.45s | Spearman@80: 0.4620 | Kendall@80: 0.3204
Epoch 61/150 | Train Loss: 0.0274 | Epoch Time: 0.45s | Spearman@80: 0.4013 | Kendall@80: 0.2798
Epoch 62/150 | Train Loss: 0.0322 | Epoch Time: 0.45s | Spearman@80: 0.3921 | Kendall@80: 0.2716
Epoch 63/150 | Train Loss: 0.0351 | Epoch Time: 0.45s | Spearman@80: 0.4382 | Kendall@80: 0.3084
Epoch 64/150 | Train Loss: 0.0280 | Epoch Time: 0.45s | Spearman@80: 0.4151 | Kendall@80: 0.2931
Epoch 65/150 | Train Loss: 0.0238 | Epoch Time: 0.45s | Spearman@80: 0.3587 | Kendall@80: 0.2462
Epoch 66/150 | Train Loss: 0.0418 | Epoch Time: 0.45s | Spearman@80: 0.3881 | Kendall@80: 0.2703
Epoch 67/150 | Train Loss: 0.0192 | Epoch Time: 0.45s | Spearman@80: 0.3654 | Kendall@80: 0.2513
Epoch 68/150 | Train Loss: 0.0264 | Epoch Time: 0.45s | Spearman@80: 0.3917 | Kendall@80: 0.2691
Epoch 69/150 | Train Loss: 0.0185 | Epoch Time: 0.45s | Spearman@80: 0.4075 | Kendall@80: 0.2849
Epoch 70/150 | Train Loss: 0.0257 | Epoch Time: 0.45s | Spearman@80: 0.4076 | Kendall@80: 0.2862
Epoch 71/150 | Train Loss: 0.0289 | Epoch Time: 0.45s | Spearman@80: 0.4329 | Kendall@80: 0.3001
Epoch 72/150 | Train Loss: 0.0190 | Epoch Time: 0.45s | Spearman@80: 0.4060 | Kendall@80: 0.2786
Epoch 73/150 | Train Loss: 0.0251 | Epoch Time: 0.45s | Spearman@80: 0.4094 | Kendall@80: 0.2874
Epoch 74/150 | Train Loss: 0.0214 | Epoch Time: 0.45s | Spearman@80: 0.3938 | Kendall@80: 0.2779
Epoch 75/150 | Train Loss: 0.0270 | Epoch Time: 0.45s | Spearman@80: 0.4081 | Kendall@80: 0.2849
Epoch 76/150 | Train Loss: 0.0282 | Epoch Time: 0.45s | Spearman@80: 0.4304 | Kendall@80: 0.3026
Epoch 77/150 | Train Loss: 0.0278 | Epoch Time: 0.45s | Spearman@80: 0.4389 | Kendall@80: 0.3096
Epoch 78/150 | Train Loss: 0.0169 | Epoch Time: 0.45s | Spearman@80: 0.4404 | Kendall@80: 0.3064
Epoch 79/150 | Train Loss: 0.0264 | Epoch Time: 0.45s | Spearman@80: 0.3872 | Kendall@80: 0.2722
Epoch 80/150 | Train Loss: 0.0356 | Epoch Time: 0.45s | Spearman@80: 0.4208 | Kendall@80: 0.2931
Epoch 81/150 | Train Loss: 0.0181 | Epoch Time: 0.45s | Spearman@80: 0.4109 | Kendall@80: 0.2855
Epoch 82/150 | Train Loss: 0.0248 | Epoch Time: 0.45s | Spearman@80: 0.4197 | Kendall@80: 0.2982
Epoch 83/150 | Train Loss: 0.0176 | Epoch Time: 0.45s | Spearman@80: 0.4216 | Kendall@80: 0.3001
Epoch 84/150 | Train Loss: 0.0224 | Epoch Time: 0.44s | Spearman@80: 0.3786 | Kendall@80: 0.2640
Epoch 85/150 | Train Loss: 0.0203 | Epoch Time: 0.44s | Spearman@80: 0.3801 | Kendall@80: 0.2614
Epoch 86/150 | Train Loss: 0.0287 | Epoch Time: 0.45s | Spearman@80: 0.4005 | Kendall@80: 0.2805
Epoch 87/150 | Train Loss: 0.0240 | Epoch Time: 0.45s | Spearman@80: 0.4297 | Kendall@80: 0.3001
Epoch 88/150 | Train Loss: 0.0337 | Epoch Time: 0.44s | Spearman@80: 0.4613 | Kendall@80: 0.3293
Epoch 89/150 | Train Loss: 0.0226 | Epoch Time: 0.44s | Spearman@80: 0.4453 | Kendall@80: 0.3179
Epoch 90/150 | Train Loss: 0.0206 | Epoch Time: 0.45s | Spearman@80: 0.4139 | Kendall@80: 0.2919
Epoch 91/150 | Train Loss: 0.0255 | Epoch Time: 0.45s | Spearman@80: 0.4113 | Kendall@80: 0.2912
Epoch 92/150 | Train Loss: 0.0383 | Epoch Time: 0.45s | Spearman@80: 0.4353 | Kendall@80: 0.3077
Epoch 93/150 | Train Loss: 0.0233 | Epoch Time: 0.46s | Spearman@80: 0.4272 | Kendall@80: 0.3020
Epoch 94/150 | Train Loss: 0.0237 | Epoch Time: 0.45s | Spearman@80: 0.4296 | Kendall@80: 0.3058
Epoch 95/150 | Train Loss: 0.0224 | Epoch Time: 0.45s | Spearman@80: 0.4286 | Kendall@80: 0.3064
Epoch 96/150 | Train Loss: 0.0234 | Epoch Time: 0.45s | Spearman@80: 0.4227 | Kendall@80: 0.2988
Epoch 97/150 | Train Loss: 0.0236 | Epoch Time: 0.45s | Spearman@80: 0.4148 | Kendall@80: 0.2957
Epoch 98/150 | Train Loss: 0.0280 | Epoch Time: 0.45s | Spearman@80: 0.3922 | Kendall@80: 0.2760
Epoch 99/150 | Train Loss: 0.0187 | Epoch Time: 0.45s | Spearman@80: 0.3986 | Kendall@80: 0.2760
Epoch 100/150 | Train Loss: 0.0155 | Epoch Time: 0.45s | Spearman@80: 0.4047 | Kendall@80: 0.2811
Epoch 101/150 | Train Loss: 0.0166 | Epoch Time: 0.45s | Spearman@80: 0.3965 | Kendall@80: 0.2786
Epoch 102/150 | Train Loss: 0.0207 | Epoch Time: 0.44s | Spearman@80: 0.3946 | Kendall@80: 0.2779
Epoch 103/150 | Train Loss: 0.0209 | Epoch Time: 0.45s | Spearman@80: 0.3997 | Kendall@80: 0.2824
Epoch 104/150 | Train Loss: 0.0187 | Epoch Time: 0.45s | Spearman@80: 0.4073 | Kendall@80: 0.2874
Epoch 105/150 | Train Loss: 0.0135 | Epoch Time: 0.45s | Spearman@80: 0.4006 | Kendall@80: 0.2817
Epoch 106/150 | Train Loss: 0.0162 | Epoch Time: 0.45s | Spearman@80: 0.3902 | Kendall@80: 0.2722
Epoch 107/150 | Train Loss: 0.0123 | Epoch Time: 0.45s | Spearman@80: 0.3877 | Kendall@80: 0.2691
Epoch 108/150 | Train Loss: 0.0215 | Epoch Time: 0.45s | Spearman@80: 0.4129 | Kendall@80: 0.2919
Epoch 109/150 | Train Loss: 0.0201 | Epoch Time: 0.45s | Spearman@80: 0.4387 | Kendall@80: 0.3096
Epoch 110/150 | Train Loss: 0.0157 | Epoch Time: 0.45s | Spearman@80: 0.4370 | Kendall@80: 0.3109
Epoch 111/150 | Train Loss: 0.0203 | Epoch Time: 0.45s | Spearman@80: 0.4079 | Kendall@80: 0.2874
Epoch 112/150 | Train Loss: 0.0178 | Epoch Time: 0.45s | Spearman@80: 0.4000 | Kendall@80: 0.2792
Epoch 113/150 | Train Loss: 0.0214 | Epoch Time: 0.46s | Spearman@80: 0.3994 | Kendall@80: 0.2824
Epoch 114/150 | Train Loss: 0.0158 | Epoch Time: 0.46s | Spearman@80: 0.4025 | Kendall@80: 0.2830
Epoch 115/150 | Train Loss: 0.0193 | Epoch Time: 0.45s | Spearman@80: 0.4051 | Kendall@80: 0.2849
Epoch 116/150 | Train Loss: 0.0189 | Epoch Time: 0.45s | Spearman@80: 0.4071 | Kendall@80: 0.2881
Epoch 117/150 | Train Loss: 0.0221 | Epoch Time: 0.45s | Spearman@80: 0.4126 | Kendall@80: 0.2906
Epoch 118/150 | Train Loss: 0.0184 | Epoch Time: 0.45s | Spearman@80: 0.4155 | Kendall@80: 0.2919
Epoch 119/150 | Train Loss: 0.0184 | Epoch Time: 0.45s | Spearman@80: 0.4171 | Kendall@80: 0.2925
Epoch 120/150 | Train Loss: 0.0210 | Epoch Time: 0.45s | Spearman@80: 0.4133 | Kendall@80: 0.2893
Epoch 121/150 | Train Loss: 0.0188 | Epoch Time: 0.45s | Spearman@80: 0.4069 | Kendall@80: 0.2830
Epoch 122/150 | Train Loss: 0.0136 | Epoch Time: 0.45s | Spearman@80: 0.3974 | Kendall@80: 0.2779
Epoch 123/150 | Train Loss: 0.0142 | Epoch Time: 0.45s | Spearman@80: 0.3977 | Kendall@80: 0.2779
Epoch 124/150 | Train Loss: 0.0188 | Epoch Time: 0.45s | Spearman@80: 0.4003 | Kendall@80: 0.2811
Epoch 125/150 | Train Loss: 0.0164 | Epoch Time: 0.45s | Spearman@80: 0.3978 | Kendall@80: 0.2792
Epoch 126/150 | Train Loss: 0.0155 | Epoch Time: 0.45s | Spearman@80: 0.4006 | Kendall@80: 0.2811
Epoch 127/150 | Train Loss: 0.0157 | Epoch Time: 0.45s | Spearman@80: 0.3993 | Kendall@80: 0.2811
Epoch 128/150 | Train Loss: 0.0178 | Epoch Time: 0.45s | Spearman@80: 0.3979 | Kendall@80: 0.2792
Epoch 129/150 | Train Loss: 0.0123 | Epoch Time: 0.46s | Spearman@80: 0.3946 | Kendall@80: 0.2798
Epoch 130/150 | Train Loss: 0.0215 | Epoch Time: 0.45s | Spearman@80: 0.3969 | Kendall@80: 0.2798
Epoch 131/150 | Train Loss: 0.0178 | Epoch Time: 0.45s | Spearman@80: 0.3959 | Kendall@80: 0.2792
Epoch 132/150 | Train Loss: 0.0167 | Epoch Time: 0.45s | Spearman@80: 0.3991 | Kendall@80: 0.2805
Epoch 133/150 | Train Loss: 0.0150 | Epoch Time: 0.45s | Spearman@80: 0.3987 | Kendall@80: 0.2798
Epoch 134/150 | Train Loss: 0.0194 | Epoch Time: 0.45s | Spearman@80: 0.3976 | Kendall@80: 0.2805
Epoch 135/150 | Train Loss: 0.0179 | Epoch Time: 0.45s | Spearman@80: 0.3964 | Kendall@80: 0.2805
Epoch 136/150 | Train Loss: 0.0117 | Epoch Time: 0.46s | Spearman@80: 0.3969 | Kendall@80: 0.2805
Epoch 137/150 | Train Loss: 0.0196 | Epoch Time: 0.44s | Spearman@80: 0.3982 | Kendall@80: 0.2811
Epoch 138/150 | Train Loss: 0.0172 | Epoch Time: 0.45s | Spearman@80: 0.3983 | Kendall@80: 0.2811
Epoch 139/150 | Train Loss: 0.0179 | Epoch Time: 0.45s | Spearman@80: 0.3969 | Kendall@80: 0.2786
Epoch 140/150 | Train Loss: 0.0172 | Epoch Time: 0.45s | Spearman@80: 0.3963 | Kendall@80: 0.2779
Epoch 141/150 | Train Loss: 0.0242 | Epoch Time: 0.45s | Spearman@80: 0.3986 | Kendall@80: 0.2798
Epoch 142/150 | Train Loss: 0.0136 | Epoch Time: 0.45s | Spearman@80: 0.3966 | Kendall@80: 0.2786
Epoch 143/150 | Train Loss: 0.0179 | Epoch Time: 0.45s | Spearman@80: 0.3975 | Kendall@80: 0.2786
Epoch 144/150 | Train Loss: 0.0118 | Epoch Time: 0.45s | Spearman@80: 0.3979 | Kendall@80: 0.2792
Epoch 145/150 | Train Loss: 0.0211 | Epoch Time: 0.45s | Spearman@80: 0.3979 | Kendall@80: 0.2792
Epoch 146/150 | Train Loss: 0.0118 | Epoch Time: 0.45s | Spearman@80: 0.3970 | Kendall@80: 0.2786
Epoch 147/150 | Train Loss: 0.0229 | Epoch Time: 1.27s | Spearman@4934: 0.5191 | Kendall@4934: 0.3611
Epoch 148/150 | Train Loss: 0.0179 | Epoch Time: 1.11s | Spearman@4934: 0.5192 | Kendall@4934: 0.3611
Epoch 149/150 | Train Loss: 0.0167 | Epoch Time: 1.10s | Spearman@4934: 0.5193 | Kendall@4934: 0.3612
Epoch 150/150 | Train Loss: 0.0221 | Epoch Time: 1.09s | Spearman@4934: 0.5193 | Kendall@4934: 0.3613
Sample Count: 64, Spearman: 0.5192157576424677, Kendall: 0.3611746257559029
{64: (0.5192157576424677, 0.3611746257559029),
 128: (0.6138418532096224, 0.4367827566609787)}
Epoch 1/150 | Train Loss: 0.0996 | Epoch Time: 0.77s | Spearman@80: 0.0507 | Kendall@80: 0.0374
Epoch 2/150 | Train Loss: 0.0967 | Epoch Time: 0.77s | Spearman@80: 0.1165 | Kendall@80: 0.0786
Epoch 3/150 | Train Loss: 0.0953 | Epoch Time: 0.80s | Spearman@80: 0.1384 | Kendall@80: 0.0869
Epoch 4/150 | Train Loss: 0.0861 | Epoch Time: 0.79s | Spearman@80: 0.2517 | Kendall@80: 0.1598
Epoch 5/150 | Train Loss: 0.0822 | Epoch Time: 0.88s | Spearman@80: 0.2560 | Kendall@80: 0.1807
Epoch 6/150 | Train Loss: 0.0759 | Epoch Time: 0.93s | Spearman@80: 0.2954 | Kendall@80: 0.2080
Epoch 7/150 | Train Loss: 0.0715 | Epoch Time: 0.88s | Spearman@80: 0.4149 | Kendall@80: 0.2892
Epoch 8/150 | Train Loss: 0.0740 | Epoch Time: 0.88s | Spearman@80: 0.3807 | Kendall@80: 0.2651
Epoch 9/150 | Train Loss: 0.0713 | Epoch Time: 0.91s | Spearman@80: 0.3558 | Kendall@80: 0.2441
Epoch 10/150 | Train Loss: 0.0698 | Epoch Time: 0.88s | Spearman@80: 0.3807 | Kendall@80: 0.2657
Epoch 11/150 | Train Loss: 0.0692 | Epoch Time: 0.87s | Spearman@80: 0.4473 | Kendall@80: 0.3196
Epoch 12/150 | Train Loss: 0.0655 | Epoch Time: 0.87s | Spearman@80: 0.4700 | Kendall@80: 0.3367
Epoch 13/150 | Train Loss: 0.0656 | Epoch Time: 0.88s | Spearman@80: 0.4740 | Kendall@80: 0.3342
Epoch 14/150 | Train Loss: 0.0604 | Epoch Time: 0.91s | Spearman@80: 0.4859 | Kendall@80: 0.3469
Epoch 15/150 | Train Loss: 0.0610 | Epoch Time: 0.90s | Spearman@80: 0.4640 | Kendall@80: 0.3285
Epoch 16/150 | Train Loss: 0.0532 | Epoch Time: 0.88s | Spearman@80: 0.5088 | Kendall@80: 0.3678
Epoch 17/150 | Train Loss: 0.0586 | Epoch Time: 0.88s | Spearman@80: 0.5341 | Kendall@80: 0.3830
Epoch 18/150 | Train Loss: 0.0554 | Epoch Time: 0.90s | Spearman@80: 0.5189 | Kendall@80: 0.3614
Epoch 19/150 | Train Loss: 0.0530 | Epoch Time: 0.88s | Spearman@80: 0.4190 | Kendall@80: 0.3044
Epoch 20/150 | Train Loss: 0.0688 | Epoch Time: 0.88s | Spearman@80: 0.4033 | Kendall@80: 0.2746
Epoch 21/150 | Train Loss: 0.0749 | Epoch Time: 0.88s | Spearman@80: 0.4423 | Kendall@80: 0.3075
Epoch 22/150 | Train Loss: 0.0640 | Epoch Time: 0.88s | Spearman@80: 0.4960 | Kendall@80: 0.3532
Epoch 23/150 | Train Loss: 0.0552 | Epoch Time: 0.88s | Spearman@80: 0.5526 | Kendall@80: 0.3982
Epoch 24/150 | Train Loss: 0.0594 | Epoch Time: 0.87s | Spearman@80: 0.5702 | Kendall@80: 0.4166
Epoch 25/150 | Train Loss: 0.0555 | Epoch Time: 0.88s | Spearman@80: 0.5585 | Kendall@80: 0.4071
Epoch 26/150 | Train Loss: 0.0559 | Epoch Time: 0.88s | Spearman@80: 0.5937 | Kendall@80: 0.4236
Epoch 27/150 | Train Loss: 0.0543 | Epoch Time: 0.89s | Spearman@80: 0.6196 | Kendall@80: 0.4490
Epoch 28/150 | Train Loss: 0.0486 | Epoch Time: 0.88s | Spearman@80: 0.6247 | Kendall@80: 0.4528
Epoch 29/150 | Train Loss: 0.0492 | Epoch Time: 0.88s | Spearman@80: 0.6031 | Kendall@80: 0.4407
Epoch 30/150 | Train Loss: 0.0506 | Epoch Time: 0.90s | Spearman@80: 0.6726 | Kendall@80: 0.4927
Epoch 31/150 | Train Loss: 0.0486 | Epoch Time: 0.89s | Spearman@80: 0.6160 | Kendall@80: 0.4426
Epoch 32/150 | Train Loss: 0.0479 | Epoch Time: 0.89s | Spearman@80: 0.6390 | Kendall@80: 0.4661
Epoch 33/150 | Train Loss: 0.0432 | Epoch Time: 0.89s | Spearman@80: 0.6817 | Kendall@80: 0.4984
Epoch 34/150 | Train Loss: 0.0469 | Epoch Time: 0.89s | Spearman@80: 0.6754 | Kendall@80: 0.4940
Epoch 35/150 | Train Loss: 0.0411 | Epoch Time: 0.91s | Spearman@80: 0.6896 | Kendall@80: 0.5041
Epoch 36/150 | Train Loss: 0.0452 | Epoch Time: 0.90s | Spearman@80: 0.7492 | Kendall@80: 0.5701
Epoch 37/150 | Train Loss: 0.0373 | Epoch Time: 0.89s | Spearman@80: 0.6894 | Kendall@80: 0.5092
Epoch 38/150 | Train Loss: 0.0459 | Epoch Time: 0.89s | Spearman@80: 0.7213 | Kendall@80: 0.5314
Epoch 39/150 | Train Loss: 0.0436 | Epoch Time: 0.89s | Spearman@80: 0.7353 | Kendall@80: 0.5517
Epoch 40/150 | Train Loss: 0.0389 | Epoch Time: 0.89s | Spearman@80: 0.7380 | Kendall@80: 0.5485
Epoch 41/150 | Train Loss: 0.0441 | Epoch Time: 0.89s | Spearman@80: 0.7098 | Kendall@80: 0.5225
Epoch 42/150 | Train Loss: 0.0375 | Epoch Time: 0.89s | Spearman@80: 0.7246 | Kendall@80: 0.5314
Epoch 43/150 | Train Loss: 0.0368 | Epoch Time: 0.90s | Spearman@80: 0.6909 | Kendall@80: 0.5073
Epoch 44/150 | Train Loss: 0.0354 | Epoch Time: 0.89s | Spearman@80: 0.7285 | Kendall@80: 0.5314
Epoch 45/150 | Train Loss: 0.0393 | Epoch Time: 0.89s | Spearman@80: 0.7204 | Kendall@80: 0.5276
Epoch 46/150 | Train Loss: 0.0334 | Epoch Time: 0.89s | Spearman@80: 0.7191 | Kendall@80: 0.5333
Epoch 47/150 | Train Loss: 0.0413 | Epoch Time: 0.89s | Spearman@80: 0.7404 | Kendall@80: 0.5479
Epoch 48/150 | Train Loss: 0.0332 | Epoch Time: 0.89s | Spearman@80: 0.7614 | Kendall@80: 0.5669
Epoch 49/150 | Train Loss: 0.0397 | Epoch Time: 0.89s | Spearman@80: 0.6842 | Kendall@80: 0.5010
Epoch 50/150 | Train Loss: 0.0372 | Epoch Time: 0.89s | Spearman@80: 0.7256 | Kendall@80: 0.5301
Epoch 51/150 | Train Loss: 0.0452 | Epoch Time: 0.89s | Spearman@80: 0.7233 | Kendall@80: 0.5301
Epoch 52/150 | Train Loss: 0.0401 | Epoch Time: 0.89s | Spearman@80: 0.7577 | Kendall@80: 0.5656
Epoch 53/150 | Train Loss: 0.0290 | Epoch Time: 0.89s | Spearman@80: 0.7453 | Kendall@80: 0.5549
Epoch 54/150 | Train Loss: 0.0336 | Epoch Time: 0.89s | Spearman@80: 0.6905 | Kendall@80: 0.5117
Epoch 55/150 | Train Loss: 0.0364 | Epoch Time: 0.89s | Spearman@80: 0.7503 | Kendall@80: 0.5568
Epoch 56/150 | Train Loss: 0.0315 | Epoch Time: 0.89s | Spearman@80: 0.7438 | Kendall@80: 0.5466
Epoch 57/150 | Train Loss: 0.0446 | Epoch Time: 0.89s | Spearman@80: 0.7181 | Kendall@80: 0.5333
Epoch 58/150 | Train Loss: 0.0412 | Epoch Time: 0.89s | Spearman@80: 0.7673 | Kendall@80: 0.5739
Epoch 59/150 | Train Loss: 0.0318 | Epoch Time: 0.89s | Spearman@80: 0.7467 | Kendall@80: 0.5561
Epoch 60/150 | Train Loss: 0.0285 | Epoch Time: 0.89s | Spearman@80: 0.7556 | Kendall@80: 0.5612
Epoch 61/150 | Train Loss: 0.0255 | Epoch Time: 0.90s | Spearman@80: 0.7654 | Kendall@80: 0.5713
Epoch 62/150 | Train Loss: 0.0335 | Epoch Time: 0.89s | Spearman@80: 0.7773 | Kendall@80: 0.5885
Epoch 63/150 | Train Loss: 0.0285 | Epoch Time: 0.90s | Spearman@80: 0.7413 | Kendall@80: 0.5504
Epoch 64/150 | Train Loss: 0.0284 | Epoch Time: 0.89s | Spearman@80: 0.6930 | Kendall@80: 0.5130
Epoch 65/150 | Train Loss: 0.0302 | Epoch Time: 0.89s | Spearman@80: 0.7509 | Kendall@80: 0.5504
Epoch 66/150 | Train Loss: 0.0271 | Epoch Time: 0.90s | Spearman@80: 0.7510 | Kendall@80: 0.5580
Epoch 67/150 | Train Loss: 0.0291 | Epoch Time: 0.89s | Spearman@80: 0.6996 | Kendall@80: 0.5092
Epoch 68/150 | Train Loss: 0.0246 | Epoch Time: 0.89s | Spearman@80: 0.7719 | Kendall@80: 0.5796
Epoch 69/150 | Train Loss: 0.0305 | Epoch Time: 0.89s | Spearman@80: 0.7443 | Kendall@80: 0.5485
Epoch 70/150 | Train Loss: 0.0272 | Epoch Time: 0.89s | Spearman@80: 0.6849 | Kendall@80: 0.5029
Epoch 71/150 | Train Loss: 0.0279 | Epoch Time: 0.89s | Spearman@80: 0.7705 | Kendall@80: 0.5739
Epoch 72/150 | Train Loss: 0.0284 | Epoch Time: 0.89s | Spearman@80: 0.7016 | Kendall@80: 0.5193
Epoch 73/150 | Train Loss: 0.0269 | Epoch Time: 0.89s | Spearman@80: 0.7272 | Kendall@80: 0.5314
Epoch 74/150 | Train Loss: 0.0251 | Epoch Time: 0.89s | Spearman@80: 0.7589 | Kendall@80: 0.5675
Epoch 75/150 | Train Loss: 0.0262 | Epoch Time: 0.89s | Spearman@80: 0.7445 | Kendall@80: 0.5498
Epoch 76/150 | Train Loss: 0.0253 | Epoch Time: 0.89s | Spearman@80: 0.7721 | Kendall@80: 0.5815
Epoch 77/150 | Train Loss: 0.0242 | Epoch Time: 0.89s | Spearman@80: 0.7581 | Kendall@80: 0.5713
Epoch 78/150 | Train Loss: 0.0285 | Epoch Time: 0.89s | Spearman@80: 0.7559 | Kendall@80: 0.5688
Epoch 79/150 | Train Loss: 0.0278 | Epoch Time: 0.89s | Spearman@80: 0.7542 | Kendall@80: 0.5625
Epoch 80/150 | Train Loss: 0.0226 | Epoch Time: 0.90s | Spearman@80: 0.7494 | Kendall@80: 0.5593
Epoch 81/150 | Train Loss: 0.0251 | Epoch Time: 0.90s | Spearman@80: 0.7692 | Kendall@80: 0.5783
Epoch 82/150 | Train Loss: 0.0246 | Epoch Time: 0.89s | Spearman@80: 0.7305 | Kendall@80: 0.5396
Epoch 83/150 | Train Loss: 0.0187 | Epoch Time: 0.90s | Spearman@80: 0.7483 | Kendall@80: 0.5549
Epoch 84/150 | Train Loss: 0.0229 | Epoch Time: 0.90s | Spearman@80: 0.7611 | Kendall@80: 0.5713
Epoch 85/150 | Train Loss: 0.0245 | Epoch Time: 0.89s | Spearman@80: 0.7791 | Kendall@80: 0.5859
Epoch 86/150 | Train Loss: 0.0214 | Epoch Time: 0.90s | Spearman@80: 0.7673 | Kendall@80: 0.5758
Epoch 87/150 | Train Loss: 0.0206 | Epoch Time: 0.90s | Spearman@80: 0.7310 | Kendall@80: 0.5479
Epoch 88/150 | Train Loss: 0.0181 | Epoch Time: 0.90s | Spearman@80: 0.7652 | Kendall@80: 0.5764
Epoch 89/150 | Train Loss: 0.0209 | Epoch Time: 0.91s | Spearman@80: 0.7330 | Kendall@80: 0.5504
Epoch 90/150 | Train Loss: 0.0172 | Epoch Time: 0.90s | Spearman@80: 0.7645 | Kendall@80: 0.5682
Epoch 91/150 | Train Loss: 0.0172 | Epoch Time: 0.90s | Spearman@80: 0.7408 | Kendall@80: 0.5504
Epoch 92/150 | Train Loss: 0.0212 | Epoch Time: 0.90s | Spearman@80: 0.7493 | Kendall@80: 0.5561
Epoch 93/150 | Train Loss: 0.0150 | Epoch Time: 0.90s | Spearman@80: 0.7570 | Kendall@80: 0.5644
Epoch 94/150 | Train Loss: 0.0222 | Epoch Time: 0.90s | Spearman@80: 0.7621 | Kendall@80: 0.5732
Epoch 95/150 | Train Loss: 0.0162 | Epoch Time: 0.90s | Spearman@80: 0.7903 | Kendall@80: 0.5980
Epoch 96/150 | Train Loss: 0.0236 | Epoch Time: 0.90s | Spearman@80: 0.7707 | Kendall@80: 0.5802
Epoch 97/150 | Train Loss: 0.0183 | Epoch Time: 0.90s | Spearman@80: 0.7777 | Kendall@80: 0.5897
Epoch 98/150 | Train Loss: 0.0157 | Epoch Time: 0.90s | Spearman@80: 0.7725 | Kendall@80: 0.5783
Epoch 99/150 | Train Loss: 0.0178 | Epoch Time: 0.89s | Spearman@80: 0.7601 | Kendall@80: 0.5713
Epoch 100/150 | Train Loss: 0.0170 | Epoch Time: 0.89s | Spearman@80: 0.7892 | Kendall@80: 0.5948
Epoch 101/150 | Train Loss: 0.0191 | Epoch Time: 0.89s | Spearman@80: 0.7660 | Kendall@80: 0.5764
Epoch 102/150 | Train Loss: 0.0172 | Epoch Time: 0.89s | Spearman@80: 0.7612 | Kendall@80: 0.5644
Epoch 103/150 | Train Loss: 0.0171 | Epoch Time: 0.89s | Spearman@80: 0.7988 | Kendall@80: 0.6049
Epoch 104/150 | Train Loss: 0.0197 | Epoch Time: 0.89s | Spearman@80: 0.7815 | Kendall@80: 0.5872
Epoch 105/150 | Train Loss: 0.0131 | Epoch Time: 0.89s | Spearman@80: 0.7792 | Kendall@80: 0.5897
Epoch 106/150 | Train Loss: 0.0122 | Epoch Time: 0.89s | Spearman@80: 0.7870 | Kendall@80: 0.5942
Epoch 107/150 | Train Loss: 0.0126 | Epoch Time: 0.89s | Spearman@80: 0.7613 | Kendall@80: 0.5707
Epoch 108/150 | Train Loss: 0.0151 | Epoch Time: 0.89s | Spearman@80: 0.7690 | Kendall@80: 0.5796
Epoch 109/150 | Train Loss: 0.0143 | Epoch Time: 0.89s | Spearman@80: 0.7699 | Kendall@80: 0.5834
Epoch 110/150 | Train Loss: 0.0139 | Epoch Time: 0.89s | Spearman@80: 0.7838 | Kendall@80: 0.5948
Epoch 111/150 | Train Loss: 0.0135 | Epoch Time: 0.90s | Spearman@80: 0.7782 | Kendall@80: 0.5853
Epoch 112/150 | Train Loss: 0.0147 | Epoch Time: 0.89s | Spearman@80: 0.7839 | Kendall@80: 0.5961
Epoch 113/150 | Train Loss: 0.0117 | Epoch Time: 0.89s | Spearman@80: 0.7729 | Kendall@80: 0.5821
Epoch 114/150 | Train Loss: 0.0144 | Epoch Time: 0.89s | Spearman@80: 0.7676 | Kendall@80: 0.5777
Epoch 115/150 | Train Loss: 0.0156 | Epoch Time: 0.90s | Spearman@80: 0.7550 | Kendall@80: 0.5707
Epoch 116/150 | Train Loss: 0.0139 | Epoch Time: 0.89s | Spearman@80: 0.7817 | Kendall@80: 0.5948
Epoch 117/150 | Train Loss: 0.0169 | Epoch Time: 0.89s | Spearman@80: 0.7773 | Kendall@80: 0.5897
Epoch 118/150 | Train Loss: 0.0153 | Epoch Time: 0.89s | Spearman@80: 0.7682 | Kendall@80: 0.5828
Epoch 119/150 | Train Loss: 0.0151 | Epoch Time: 0.89s | Spearman@80: 0.7646 | Kendall@80: 0.5739
Epoch 120/150 | Train Loss: 0.0128 | Epoch Time: 0.89s | Spearman@80: 0.7509 | Kendall@80: 0.5625
Epoch 121/150 | Train Loss: 0.0148 | Epoch Time: 0.91s | Spearman@80: 0.7730 | Kendall@80: 0.5834
Epoch 122/150 | Train Loss: 0.0118 | Epoch Time: 0.90s | Spearman@80: 0.7856 | Kendall@80: 0.5916
Epoch 123/150 | Train Loss: 0.0113 | Epoch Time: 0.89s | Spearman@80: 0.7742 | Kendall@80: 0.5809
Epoch 124/150 | Train Loss: 0.0102 | Epoch Time: 0.89s | Spearman@80: 0.7694 | Kendall@80: 0.5777
Epoch 125/150 | Train Loss: 0.0108 | Epoch Time: 0.89s | Spearman@80: 0.7790 | Kendall@80: 0.5859
Epoch 126/150 | Train Loss: 0.0134 | Epoch Time: 0.89s | Spearman@80: 0.7593 | Kendall@80: 0.5701
Epoch 127/150 | Train Loss: 0.0164 | Epoch Time: 0.89s | Spearman@80: 0.7675 | Kendall@80: 0.5783
Epoch 128/150 | Train Loss: 0.0149 | Epoch Time: 0.89s | Spearman@80: 0.7737 | Kendall@80: 0.5815
Epoch 129/150 | Train Loss: 0.0115 | Epoch Time: 0.89s | Spearman@80: 0.7760 | Kendall@80: 0.5872
Epoch 130/150 | Train Loss: 0.0116 | Epoch Time: 0.89s | Spearman@80: 0.7723 | Kendall@80: 0.5809
Epoch 131/150 | Train Loss: 0.0121 | Epoch Time: 0.90s | Spearman@80: 0.7714 | Kendall@80: 0.5809
Epoch 132/150 | Train Loss: 0.0172 | Epoch Time: 0.89s | Spearman@80: 0.7711 | Kendall@80: 0.5796
Epoch 133/150 | Train Loss: 0.0114 | Epoch Time: 0.89s | Spearman@80: 0.7663 | Kendall@80: 0.5751
Epoch 134/150 | Train Loss: 0.0132 | Epoch Time: 0.89s | Spearman@80: 0.7700 | Kendall@80: 0.5796
Epoch 135/150 | Train Loss: 0.0133 | Epoch Time: 0.89s | Spearman@80: 0.7732 | Kendall@80: 0.5821
Epoch 136/150 | Train Loss: 0.0104 | Epoch Time: 0.89s | Spearman@80: 0.7744 | Kendall@80: 0.5853
Epoch 137/150 | Train Loss: 0.0134 | Epoch Time: 0.90s | Spearman@80: 0.7732 | Kendall@80: 0.5847
Epoch 138/150 | Train Loss: 0.0110 | Epoch Time: 0.89s | Spearman@80: 0.7722 | Kendall@80: 0.5840
Epoch 139/150 | Train Loss: 0.0083 | Epoch Time: 0.89s | Spearman@80: 0.7689 | Kendall@80: 0.5809
Epoch 140/150 | Train Loss: 0.0126 | Epoch Time: 0.89s | Spearman@80: 0.7679 | Kendall@80: 0.5796
Epoch 141/150 | Train Loss: 0.0145 | Epoch Time: 0.89s | Spearman@80: 0.7688 | Kendall@80: 0.5796
Epoch 142/150 | Train Loss: 0.0118 | Epoch Time: 0.89s | Spearman@80: 0.7698 | Kendall@80: 0.5815
Epoch 143/150 | Train Loss: 0.0120 | Epoch Time: 0.89s | Spearman@80: 0.7704 | Kendall@80: 0.5834
Epoch 144/150 | Train Loss: 0.0127 | Epoch Time: 0.89s | Spearman@80: 0.7696 | Kendall@80: 0.5821
Epoch 145/150 | Train Loss: 0.0088 | Epoch Time: 0.89s | Spearman@80: 0.7693 | Kendall@80: 0.5815
Epoch 146/150 | Train Loss: 0.0088 | Epoch Time: 0.89s | Spearman@80: 0.7687 | Kendall@80: 0.5809
Epoch 147/150 | Train Loss: 0.0112 | Epoch Time: 1.72s | Spearman@4870: 0.6981 | Kendall@4870: 0.5080
Epoch 148/150 | Train Loss: 0.0100 | Epoch Time: 1.51s | Spearman@4870: 0.6980 | Kendall@4870: 0.5079
Epoch 149/150 | Train Loss: 0.0122 | Epoch Time: 1.50s | Spearman@4870: 0.6978 | Kendall@4870: 0.5077
Epoch 150/150 | Train Loss: 0.0102 | Epoch Time: 1.50s | Spearman@4870: 0.6977 | Kendall@4870: 0.5077
Sample Count: 128, Spearman: 0.6978929388342869, Kendall: 0.5078421196517249
{64: (0.5192157576424677, 0.3611746257559029),
 128: (0.6978929388342869, 0.5078421196517249)}
Epoch 1/150 | Train Loss: 0.0998 | Epoch Time: 0.42s | Spearman@80: 0.4810 | Kendall@80: 0.3348
Epoch 2/150 | Train Loss: 0.0937 | Epoch Time: 0.41s | Spearman@80: 0.5181 | Kendall@80: 0.3576
Epoch 3/150 | Train Loss: 0.0916 | Epoch Time: 0.40s | Spearman@80: 0.3856 | Kendall@80: 0.2625
Epoch 4/150 | Train Loss: 0.0766 | Epoch Time: 0.40s | Spearman@80: 0.3769 | Kendall@80: 0.2524
Epoch 5/150 | Train Loss: 0.0775 | Epoch Time: 0.40s | Spearman@80: 0.5416 | Kendall@80: 0.3702
Epoch 6/150 | Train Loss: 0.0663 | Epoch Time: 0.40s | Spearman@80: 0.5677 | Kendall@80: 0.3867
Epoch 7/150 | Train Loss: 0.0677 | Epoch Time: 0.40s | Spearman@80: 0.5864 | Kendall@80: 0.4044
Epoch 8/150 | Train Loss: 0.0638 | Epoch Time: 0.41s | Spearman@80: 0.6086 | Kendall@80: 0.4304
Epoch 9/150 | Train Loss: 0.0583 | Epoch Time: 0.40s | Spearman@80: 0.5262 | Kendall@80: 0.3563
Epoch 10/150 | Train Loss: 0.0529 | Epoch Time: 0.40s | Spearman@80: 0.5341 | Kendall@80: 0.3601
Epoch 11/150 | Train Loss: 0.0454 | Epoch Time: 0.40s | Spearman@80: 0.5095 | Kendall@80: 0.3424
Epoch 12/150 | Train Loss: 0.0443 | Epoch Time: 0.40s | Spearman@80: 0.5499 | Kendall@80: 0.3785
Epoch 13/150 | Train Loss: 0.0487 | Epoch Time: 0.40s | Spearman@80: 0.5450 | Kendall@80: 0.3778
Epoch 14/150 | Train Loss: 0.0450 | Epoch Time: 0.40s | Spearman@80: 0.3985 | Kendall@80: 0.2587
Epoch 15/150 | Train Loss: 0.0500 | Epoch Time: 0.40s | Spearman@80: 0.4609 | Kendall@80: 0.3158
Epoch 16/150 | Train Loss: 0.0507 | Epoch Time: 0.40s | Spearman@80: 0.5881 | Kendall@80: 0.4152
Epoch 17/150 | Train Loss: 0.0387 | Epoch Time: 0.40s | Spearman@80: 0.5700 | Kendall@80: 0.4101
Epoch 18/150 | Train Loss: 0.0400 | Epoch Time: 0.40s | Spearman@80: 0.5570 | Kendall@80: 0.3962
Epoch 19/150 | Train Loss: 0.0423 | Epoch Time: 0.40s | Spearman@80: 0.6005 | Kendall@80: 0.4323
Epoch 20/150 | Train Loss: 0.0355 | Epoch Time: 0.40s | Spearman@80: 0.5555 | Kendall@80: 0.3911
Epoch 21/150 | Train Loss: 0.0365 | Epoch Time: 0.40s | Spearman@80: 0.5419 | Kendall@80: 0.3886
Epoch 22/150 | Train Loss: 0.0386 | Epoch Time: 0.40s | Spearman@80: 0.5986 | Kendall@80: 0.4361
Epoch 23/150 | Train Loss: 0.0368 | Epoch Time: 0.40s | Spearman@80: 0.5763 | Kendall@80: 0.4114
Epoch 24/150 | Train Loss: 0.0394 | Epoch Time: 0.40s | Spearman@80: 0.4927 | Kendall@80: 0.3430
Epoch 25/150 | Train Loss: 0.0347 | Epoch Time: 0.40s | Spearman@80: 0.5520 | Kendall@80: 0.3937
Epoch 26/150 | Train Loss: 0.0349 | Epoch Time: 0.41s | Spearman@80: 0.4983 | Kendall@80: 0.3462
Epoch 27/150 | Train Loss: 0.0424 | Epoch Time: 0.40s | Spearman@80: 0.3974 | Kendall@80: 0.2657
Epoch 28/150 | Train Loss: 0.0434 | Epoch Time: 0.40s | Spearman@80: 0.5142 | Kendall@80: 0.3512
Epoch 29/150 | Train Loss: 0.0314 | Epoch Time: 0.40s | Spearman@80: 0.5279 | Kendall@80: 0.3709
Epoch 30/150 | Train Loss: 0.0345 | Epoch Time: 0.40s | Spearman@80: 0.5799 | Kendall@80: 0.4158
Epoch 31/150 | Train Loss: 0.0268 | Epoch Time: 0.40s | Spearman@80: 0.4416 | Kendall@80: 0.3063
Epoch 32/150 | Train Loss: 0.0344 | Epoch Time: 0.40s | Spearman@80: 0.5676 | Kendall@80: 0.4019
Epoch 33/150 | Train Loss: 0.0416 | Epoch Time: 0.40s | Spearman@80: 0.5177 | Kendall@80: 0.3576
Epoch 34/150 | Train Loss: 0.0344 | Epoch Time: 0.40s | Spearman@80: 0.5794 | Kendall@80: 0.4095
Epoch 35/150 | Train Loss: 0.0414 | Epoch Time: 0.41s | Spearman@80: 0.6214 | Kendall@80: 0.4475
Epoch 36/150 | Train Loss: 0.0324 | Epoch Time: 0.40s | Spearman@80: 0.5299 | Kendall@80: 0.3683
Epoch 37/150 | Train Loss: 0.0358 | Epoch Time: 0.40s | Spearman@80: 0.3768 | Kendall@80: 0.2480
Epoch 38/150 | Train Loss: 0.0438 | Epoch Time: 0.40s | Spearman@80: 0.4798 | Kendall@80: 0.3379
Epoch 39/150 | Train Loss: 0.0396 | Epoch Time: 0.40s | Spearman@80: 0.5243 | Kendall@80: 0.3601
Epoch 40/150 | Train Loss: 0.0386 | Epoch Time: 0.40s | Spearman@80: 0.5783 | Kendall@80: 0.4177
Epoch 41/150 | Train Loss: 0.0338 | Epoch Time: 0.40s | Spearman@80: 0.5488 | Kendall@80: 0.3873
Epoch 42/150 | Train Loss: 0.0267 | Epoch Time: 0.40s | Spearman@80: 0.5072 | Kendall@80: 0.3519
Epoch 43/150 | Train Loss: 0.0277 | Epoch Time: 0.41s | Spearman@80: 0.5243 | Kendall@80: 0.3664
Epoch 44/150 | Train Loss: 0.0362 | Epoch Time: 0.40s | Spearman@80: 0.4246 | Kendall@80: 0.2904
Epoch 45/150 | Train Loss: 0.0353 | Epoch Time: 0.40s | Spearman@80: 0.4789 | Kendall@80: 0.3329
Epoch 46/150 | Train Loss: 0.0278 | Epoch Time: 0.40s | Spearman@80: 0.5720 | Kendall@80: 0.4070
Epoch 47/150 | Train Loss: 0.0349 | Epoch Time: 0.40s | Spearman@80: 0.5211 | Kendall@80: 0.3601
Epoch 48/150 | Train Loss: 0.0310 | Epoch Time: 0.40s | Spearman@80: 0.5559 | Kendall@80: 0.3886
Epoch 49/150 | Train Loss: 0.0245 | Epoch Time: 0.40s | Spearman@80: 0.5523 | Kendall@80: 0.3886
Epoch 50/150 | Train Loss: 0.0198 | Epoch Time: 0.40s | Spearman@80: 0.5399 | Kendall@80: 0.3766
Epoch 51/150 | Train Loss: 0.0264 | Epoch Time: 0.41s | Spearman@80: 0.4733 | Kendall@80: 0.3259
Epoch 52/150 | Train Loss: 0.0287 | Epoch Time: 0.40s | Spearman@80: 0.4849 | Kendall@80: 0.3424
Epoch 53/150 | Train Loss: 0.0242 | Epoch Time: 0.40s | Spearman@80: 0.5206 | Kendall@80: 0.3664
Epoch 54/150 | Train Loss: 0.0245 | Epoch Time: 0.40s | Spearman@80: 0.5032 | Kendall@80: 0.3519
Epoch 55/150 | Train Loss: 0.0295 | Epoch Time: 0.40s | Spearman@80: 0.5769 | Kendall@80: 0.4076
Epoch 56/150 | Train Loss: 0.0284 | Epoch Time: 0.40s | Spearman@80: 0.5137 | Kendall@80: 0.3519
Epoch 57/150 | Train Loss: 0.0231 | Epoch Time: 0.40s | Spearman@80: 0.5232 | Kendall@80: 0.3601
Epoch 58/150 | Train Loss: 0.0220 | Epoch Time: 0.40s | Spearman@80: 0.5275 | Kendall@80: 0.3664
Epoch 59/150 | Train Loss: 0.0248 | Epoch Time: 0.40s | Spearman@80: 0.5270 | Kendall@80: 0.3709
Epoch 60/150 | Train Loss: 0.0287 | Epoch Time: 0.40s | Spearman@80: 0.4697 | Kendall@80: 0.3310
Epoch 61/150 | Train Loss: 0.0279 | Epoch Time: 0.40s | Spearman@80: 0.4920 | Kendall@80: 0.3392
Epoch 62/150 | Train Loss: 0.0295 | Epoch Time: 0.40s | Spearman@80: 0.6012 | Kendall@80: 0.4247
Epoch 63/150 | Train Loss: 0.0258 | Epoch Time: 0.40s | Spearman@80: 0.5314 | Kendall@80: 0.3658
Epoch 64/150 | Train Loss: 0.0267 | Epoch Time: 0.40s | Spearman@80: 0.3996 | Kendall@80: 0.2784
Epoch 65/150 | Train Loss: 0.0269 | Epoch Time: 0.40s | Spearman@80: 0.4180 | Kendall@80: 0.2961
Epoch 66/150 | Train Loss: 0.0319 | Epoch Time: 0.40s | Spearman@80: 0.5032 | Kendall@80: 0.3506
Epoch 67/150 | Train Loss: 0.0282 | Epoch Time: 0.40s | Spearman@80: 0.5545 | Kendall@80: 0.3854
Epoch 68/150 | Train Loss: 0.0167 | Epoch Time: 0.40s | Spearman@80: 0.5741 | Kendall@80: 0.4006
Epoch 69/150 | Train Loss: 0.0259 | Epoch Time: 0.40s | Spearman@80: 0.5659 | Kendall@80: 0.4025
Epoch 70/150 | Train Loss: 0.0204 | Epoch Time: 0.40s | Spearman@80: 0.5056 | Kendall@80: 0.3487
Epoch 71/150 | Train Loss: 0.0220 | Epoch Time: 0.40s | Spearman@80: 0.5019 | Kendall@80: 0.3500
Epoch 72/150 | Train Loss: 0.0196 | Epoch Time: 0.40s | Spearman@80: 0.4446 | Kendall@80: 0.3050
Epoch 73/150 | Train Loss: 0.0194 | Epoch Time: 0.40s | Spearman@80: 0.4867 | Kendall@80: 0.3310
Epoch 74/150 | Train Loss: 0.0255 | Epoch Time: 0.40s | Spearman@80: 0.5284 | Kendall@80: 0.3658
Epoch 75/150 | Train Loss: 0.0267 | Epoch Time: 0.40s | Spearman@80: 0.5599 | Kendall@80: 0.3823
Epoch 76/150 | Train Loss: 0.0174 | Epoch Time: 0.40s | Spearman@80: 0.4168 | Kendall@80: 0.2809
Epoch 77/150 | Train Loss: 0.0290 | Epoch Time: 0.40s | Spearman@80: 0.5509 | Kendall@80: 0.3880
Epoch 78/150 | Train Loss: 0.0268 | Epoch Time: 0.40s | Spearman@80: 0.5206 | Kendall@80: 0.3721
Epoch 79/150 | Train Loss: 0.0259 | Epoch Time: 0.40s | Spearman@80: 0.5181 | Kendall@80: 0.3702
Epoch 80/150 | Train Loss: 0.0243 | Epoch Time: 0.40s | Spearman@80: 0.5094 | Kendall@80: 0.3601
Epoch 81/150 | Train Loss: 0.0276 | Epoch Time: 0.40s | Spearman@80: 0.5275 | Kendall@80: 0.3652
Epoch 82/150 | Train Loss: 0.0194 | Epoch Time: 0.40s | Spearman@80: 0.4587 | Kendall@80: 0.3158
Epoch 83/150 | Train Loss: 0.0179 | Epoch Time: 0.40s | Spearman@80: 0.4648 | Kendall@80: 0.3246
Epoch 84/150 | Train Loss: 0.0167 | Epoch Time: 0.40s | Spearman@80: 0.4790 | Kendall@80: 0.3360
Epoch 85/150 | Train Loss: 0.0170 | Epoch Time: 0.40s | Spearman@80: 0.4790 | Kendall@80: 0.3322
Epoch 86/150 | Train Loss: 0.0140 | Epoch Time: 0.40s | Spearman@80: 0.5437 | Kendall@80: 0.3740
Epoch 87/150 | Train Loss: 0.0119 | Epoch Time: 0.40s | Spearman@80: 0.5342 | Kendall@80: 0.3677
Epoch 88/150 | Train Loss: 0.0193 | Epoch Time: 0.40s | Spearman@80: 0.4937 | Kendall@80: 0.3411
Epoch 89/150 | Train Loss: 0.0160 | Epoch Time: 0.40s | Spearman@80: 0.4541 | Kendall@80: 0.3170
Epoch 90/150 | Train Loss: 0.0165 | Epoch Time: 0.40s | Spearman@80: 0.5212 | Kendall@80: 0.3582
Epoch 91/150 | Train Loss: 0.0277 | Epoch Time: 0.40s | Spearman@80: 0.5080 | Kendall@80: 0.3468
Epoch 92/150 | Train Loss: 0.0124 | Epoch Time: 0.40s | Spearman@80: 0.4437 | Kendall@80: 0.3050
Epoch 93/150 | Train Loss: 0.0183 | Epoch Time: 0.40s | Spearman@80: 0.5022 | Kendall@80: 0.3449
Epoch 94/150 | Train Loss: 0.0143 | Epoch Time: 0.40s | Spearman@80: 0.5304 | Kendall@80: 0.3677
Epoch 95/150 | Train Loss: 0.0135 | Epoch Time: 0.40s | Spearman@80: 0.5215 | Kendall@80: 0.3576
Epoch 96/150 | Train Loss: 0.0157 | Epoch Time: 0.40s | Spearman@80: 0.5099 | Kendall@80: 0.3531
Epoch 97/150 | Train Loss: 0.0130 | Epoch Time: 0.40s | Spearman@80: 0.5252 | Kendall@80: 0.3633
Epoch 98/150 | Train Loss: 0.0110 | Epoch Time: 0.40s | Spearman@80: 0.5255 | Kendall@80: 0.3626
Epoch 99/150 | Train Loss: 0.0098 | Epoch Time: 0.40s | Spearman@80: 0.4878 | Kendall@80: 0.3367
Epoch 100/150 | Train Loss: 0.0154 | Epoch Time: 0.40s | Spearman@80: 0.4981 | Kendall@80: 0.3436
Epoch 101/150 | Train Loss: 0.0130 | Epoch Time: 0.40s | Spearman@80: 0.5222 | Kendall@80: 0.3563
Epoch 102/150 | Train Loss: 0.0114 | Epoch Time: 0.40s | Spearman@80: 0.4778 | Kendall@80: 0.3284
Epoch 103/150 | Train Loss: 0.0088 | Epoch Time: 0.41s | Spearman@80: 0.4293 | Kendall@80: 0.2955
Epoch 104/150 | Train Loss: 0.0138 | Epoch Time: 0.40s | Spearman@80: 0.4610 | Kendall@80: 0.3164
Epoch 105/150 | Train Loss: 0.0142 | Epoch Time: 0.40s | Spearman@80: 0.4560 | Kendall@80: 0.3151
Epoch 106/150 | Train Loss: 0.0122 | Epoch Time: 0.40s | Spearman@80: 0.4835 | Kendall@80: 0.3297
Epoch 107/150 | Train Loss: 0.0143 | Epoch Time: 0.40s | Spearman@80: 0.4776 | Kendall@80: 0.3240
Epoch 108/150 | Train Loss: 0.0141 | Epoch Time: 0.40s | Spearman@80: 0.4856 | Kendall@80: 0.3284
Epoch 109/150 | Train Loss: 0.0109 | Epoch Time: 0.40s | Spearman@80: 0.4724 | Kendall@80: 0.3234
Epoch 110/150 | Train Loss: 0.0124 | Epoch Time: 0.40s | Spearman@80: 0.4793 | Kendall@80: 0.3265
Epoch 111/150 | Train Loss: 0.0101 | Epoch Time: 0.40s | Spearman@80: 0.4808 | Kendall@80: 0.3246
Epoch 112/150 | Train Loss: 0.0114 | Epoch Time: 0.40s | Spearman@80: 0.4856 | Kendall@80: 0.3322
Epoch 113/150 | Train Loss: 0.0123 | Epoch Time: 0.40s | Spearman@80: 0.4824 | Kendall@80: 0.3253
Epoch 114/150 | Train Loss: 0.0177 | Epoch Time: 0.40s | Spearman@80: 0.4723 | Kendall@80: 0.3196
Epoch 115/150 | Train Loss: 0.0146 | Epoch Time: 0.40s | Spearman@80: 0.4681 | Kendall@80: 0.3183
Epoch 116/150 | Train Loss: 0.0100 | Epoch Time: 0.40s | Spearman@80: 0.4658 | Kendall@80: 0.3170
Epoch 117/150 | Train Loss: 0.0114 | Epoch Time: 0.40s | Spearman@80: 0.4882 | Kendall@80: 0.3310
Epoch 118/150 | Train Loss: 0.0110 | Epoch Time: 0.40s | Spearman@80: 0.4772 | Kendall@80: 0.3259
Epoch 119/150 | Train Loss: 0.0084 | Epoch Time: 0.40s | Spearman@80: 0.4976 | Kendall@80: 0.3405
Epoch 120/150 | Train Loss: 0.0076 | Epoch Time: 0.40s | Spearman@80: 0.5105 | Kendall@80: 0.3474
Epoch 121/150 | Train Loss: 0.0086 | Epoch Time: 0.41s | Spearman@80: 0.5028 | Kendall@80: 0.3398
Epoch 122/150 | Train Loss: 0.0047 | Epoch Time: 0.40s | Spearman@80: 0.4985 | Kendall@80: 0.3379
Epoch 123/150 | Train Loss: 0.0089 | Epoch Time: 0.40s | Spearman@80: 0.4959 | Kendall@80: 0.3348
Epoch 124/150 | Train Loss: 0.0115 | Epoch Time: 0.40s | Spearman@80: 0.4882 | Kendall@80: 0.3272
Epoch 125/150 | Train Loss: 0.0093 | Epoch Time: 0.40s | Spearman@80: 0.4795 | Kendall@80: 0.3196
Epoch 126/150 | Train Loss: 0.0091 | Epoch Time: 0.40s | Spearman@80: 0.4742 | Kendall@80: 0.3177
Epoch 127/150 | Train Loss: 0.0067 | Epoch Time: 0.40s | Spearman@80: 0.4755 | Kendall@80: 0.3196
Epoch 128/150 | Train Loss: 0.0119 | Epoch Time: 0.40s | Spearman@80: 0.4733 | Kendall@80: 0.3208
Epoch 129/150 | Train Loss: 0.0090 | Epoch Time: 0.40s | Spearman@80: 0.4742 | Kendall@80: 0.3196
Epoch 130/150 | Train Loss: 0.0058 | Epoch Time: 0.40s | Spearman@80: 0.4804 | Kendall@80: 0.3253
Epoch 131/150 | Train Loss: 0.0100 | Epoch Time: 0.40s | Spearman@80: 0.4870 | Kendall@80: 0.3329
Epoch 132/150 | Train Loss: 0.0157 | Epoch Time: 0.40s | Spearman@80: 0.4883 | Kendall@80: 0.3310
Epoch 133/150 | Train Loss: 0.0095 | Epoch Time: 0.40s | Spearman@80: 0.4911 | Kendall@80: 0.3335
Epoch 134/150 | Train Loss: 0.0105 | Epoch Time: 0.40s | Spearman@80: 0.4933 | Kendall@80: 0.3341
Epoch 135/150 | Train Loss: 0.0095 | Epoch Time: 0.40s | Spearman@80: 0.4932 | Kendall@80: 0.3341
Epoch 136/150 | Train Loss: 0.0114 | Epoch Time: 0.40s | Spearman@80: 0.4912 | Kendall@80: 0.3322
Epoch 137/150 | Train Loss: 0.0104 | Epoch Time: 0.40s | Spearman@80: 0.4910 | Kendall@80: 0.3322
Epoch 138/150 | Train Loss: 0.0101 | Epoch Time: 0.40s | Spearman@80: 0.4908 | Kendall@80: 0.3322
Epoch 139/150 | Train Loss: 0.0084 | Epoch Time: 0.40s | Spearman@80: 0.4896 | Kendall@80: 0.3329
Epoch 140/150 | Train Loss: 0.0106 | Epoch Time: 0.40s | Spearman@80: 0.4900 | Kendall@80: 0.3316
Epoch 141/150 | Train Loss: 0.0081 | Epoch Time: 0.40s | Spearman@80: 0.4897 | Kendall@80: 0.3310
Epoch 142/150 | Train Loss: 0.0134 | Epoch Time: 0.40s | Spearman@80: 0.4921 | Kendall@80: 0.3329
Epoch 143/150 | Train Loss: 0.0091 | Epoch Time: 0.40s | Spearman@80: 0.4900 | Kendall@80: 0.3316
Epoch 144/150 | Train Loss: 0.0074 | Epoch Time: 0.40s | Spearman@80: 0.4889 | Kendall@80: 0.3310
Epoch 145/150 | Train Loss: 0.0088 | Epoch Time: 0.40s | Spearman@80: 0.4873 | Kendall@80: 0.3303
Epoch 146/150 | Train Loss: 0.0133 | Epoch Time: 0.40s | Spearman@80: 0.4888 | Kendall@80: 0.3316
Epoch 147/150 | Train Loss: 0.0095 | Epoch Time: 1.13s | Spearman@4934: 0.5081 | Kendall@4934: 0.3525
Epoch 148/150 | Train Loss: 0.0133 | Epoch Time: 1.14s | Spearman@4934: 0.5081 | Kendall@4934: 0.3524
Epoch 149/150 | Train Loss: 0.0075 | Epoch Time: 1.13s | Spearman@4934: 0.5079 | Kendall@4934: 0.3523
Epoch 150/150 | Train Loss: 0.0070 | Epoch Time: 1.13s | Spearman@4934: 0.5077 | Kendall@4934: 0.3522
Sample Count: 64, Spearman: 0.5079539245944682, Kendall: 0.3523264605334616
{64: (0.5079539245944682, 0.3523264605334616),
 128: (0.6978929388342869, 0.5078421196517249)}
Epoch 1/150 | Train Loss: 0.0932 | Epoch Time: 0.80s | Spearman@80: 0.5239 | Kendall@80: 0.3776
Epoch 2/150 | Train Loss: 0.0777 | Epoch Time: 0.79s | Spearman@80: 0.5159 | Kendall@80: 0.3662
Epoch 3/150 | Train Loss: 0.0700 | Epoch Time: 0.79s | Spearman@80: 0.5373 | Kendall@80: 0.3801
Epoch 4/150 | Train Loss: 0.0721 | Epoch Time: 0.79s | Spearman@80: 0.5240 | Kendall@80: 0.3795
Epoch 5/150 | Train Loss: 0.0706 | Epoch Time: 0.79s | Spearman@80: 0.5401 | Kendall@80: 0.3852
Epoch 6/150 | Train Loss: 0.0674 | Epoch Time: 0.78s | Spearman@80: 0.5147 | Kendall@80: 0.3630
Epoch 7/150 | Train Loss: 0.0575 | Epoch Time: 0.79s | Spearman@80: 0.5372 | Kendall@80: 0.3763
Epoch 8/150 | Train Loss: 0.0592 | Epoch Time: 0.80s | Spearman@80: 0.5402 | Kendall@80: 0.3814
Epoch 9/150 | Train Loss: 0.0573 | Epoch Time: 0.79s | Spearman@80: 0.5036 | Kendall@80: 0.3636
Epoch 10/150 | Train Loss: 0.0550 | Epoch Time: 0.79s | Spearman@80: 0.4171 | Kendall@80: 0.2895
Epoch 11/150 | Train Loss: 0.0556 | Epoch Time: 0.79s | Spearman@80: 0.5740 | Kendall@80: 0.4029
Epoch 12/150 | Train Loss: 0.0522 | Epoch Time: 0.79s | Spearman@80: 0.5352 | Kendall@80: 0.3814
Epoch 13/150 | Train Loss: 0.0538 | Epoch Time: 0.79s | Spearman@80: 0.5272 | Kendall@80: 0.3624
Epoch 14/150 | Train Loss: 0.0505 | Epoch Time: 0.79s | Spearman@80: 0.5860 | Kendall@80: 0.4276
Epoch 15/150 | Train Loss: 0.0509 | Epoch Time: 0.80s | Spearman@80: 0.5561 | Kendall@80: 0.3890
Epoch 16/150 | Train Loss: 0.0559 | Epoch Time: 0.79s | Spearman@80: 0.5407 | Kendall@80: 0.3845
Epoch 17/150 | Train Loss: 0.0527 | Epoch Time: 0.79s | Spearman@80: 0.5793 | Kendall@80: 0.4143
Epoch 18/150 | Train Loss: 0.0525 | Epoch Time: 0.79s | Spearman@80: 0.5614 | Kendall@80: 0.3864
Epoch 19/150 | Train Loss: 0.0497 | Epoch Time: 0.79s | Spearman@80: 0.6106 | Kendall@80: 0.4359
Epoch 20/150 | Train Loss: 0.0410 | Epoch Time: 0.79s | Spearman@80: 0.5879 | Kendall@80: 0.4169
Epoch 21/150 | Train Loss: 0.0467 | Epoch Time: 0.79s | Spearman@80: 0.6169 | Kendall@80: 0.4485
Epoch 22/150 | Train Loss: 0.0451 | Epoch Time: 0.79s | Spearman@80: 0.5906 | Kendall@80: 0.4257
Epoch 23/150 | Train Loss: 0.0409 | Epoch Time: 0.80s | Spearman@80: 0.5039 | Kendall@80: 0.3446
Epoch 24/150 | Train Loss: 0.0483 | Epoch Time: 0.79s | Spearman@80: 0.5638 | Kendall@80: 0.4029
Epoch 25/150 | Train Loss: 0.0406 | Epoch Time: 0.79s | Spearman@80: 0.5238 | Kendall@80: 0.3655
Epoch 26/150 | Train Loss: 0.0561 | Epoch Time: 0.79s | Spearman@80: 0.5843 | Kendall@80: 0.4251
Epoch 27/150 | Train Loss: 0.0410 | Epoch Time: 0.79s | Spearman@80: 0.5614 | Kendall@80: 0.3896
Epoch 28/150 | Train Loss: 0.0378 | Epoch Time: 0.79s | Spearman@80: 0.5824 | Kendall@80: 0.4162
Epoch 29/150 | Train Loss: 0.0453 | Epoch Time: 0.79s | Spearman@80: 0.5526 | Kendall@80: 0.3896
Epoch 30/150 | Train Loss: 0.0437 | Epoch Time: 0.79s | Spearman@80: 0.5620 | Kendall@80: 0.3890
Epoch 31/150 | Train Loss: 0.0437 | Epoch Time: 0.79s | Spearman@80: 0.6363 | Kendall@80: 0.4593
Epoch 32/150 | Train Loss: 0.0450 | Epoch Time: 0.79s | Spearman@80: 0.5877 | Kendall@80: 0.4251
Epoch 33/150 | Train Loss: 0.0421 | Epoch Time: 0.79s | Spearman@80: 0.6033 | Kendall@80: 0.4321
Epoch 34/150 | Train Loss: 0.0345 | Epoch Time: 0.79s | Spearman@80: 0.5876 | Kendall@80: 0.4251
Epoch 35/150 | Train Loss: 0.0410 | Epoch Time: 0.79s | Spearman@80: 0.5875 | Kendall@80: 0.4194
Epoch 36/150 | Train Loss: 0.0413 | Epoch Time: 0.79s | Spearman@80: 0.5799 | Kendall@80: 0.4067
Epoch 37/150 | Train Loss: 0.0526 | Epoch Time: 0.79s | Spearman@80: 0.6127 | Kendall@80: 0.4422
Epoch 38/150 | Train Loss: 0.0413 | Epoch Time: 0.79s | Spearman@80: 0.5314 | Kendall@80: 0.3662
Epoch 39/150 | Train Loss: 0.0429 | Epoch Time: 0.79s | Spearman@80: 0.5463 | Kendall@80: 0.3820
Epoch 40/150 | Train Loss: 0.0435 | Epoch Time: 0.79s | Spearman@80: 0.6143 | Kendall@80: 0.4435
Epoch 41/150 | Train Loss: 0.0451 | Epoch Time: 0.79s | Spearman@80: 0.6352 | Kendall@80: 0.4555
Epoch 42/150 | Train Loss: 0.0436 | Epoch Time: 0.79s | Spearman@80: 0.5793 | Kendall@80: 0.4143
Epoch 43/150 | Train Loss: 0.0365 | Epoch Time: 0.79s | Spearman@80: 0.5671 | Kendall@80: 0.3953
Epoch 44/150 | Train Loss: 0.0341 | Epoch Time: 0.79s | Spearman@80: 0.5801 | Kendall@80: 0.4156
Epoch 45/150 | Train Loss: 0.0295 | Epoch Time: 0.79s | Spearman@80: 0.5290 | Kendall@80: 0.3636
Epoch 46/150 | Train Loss: 0.0388 | Epoch Time: 0.79s | Spearman@80: 0.5263 | Kendall@80: 0.3617
Epoch 47/150 | Train Loss: 0.0389 | Epoch Time: 0.79s | Spearman@80: 0.5755 | Kendall@80: 0.4112
Epoch 48/150 | Train Loss: 0.0353 | Epoch Time: 0.79s | Spearman@80: 0.5389 | Kendall@80: 0.3776
Epoch 49/150 | Train Loss: 0.0374 | Epoch Time: 0.79s | Spearman@80: 0.5810 | Kendall@80: 0.4118
Epoch 50/150 | Train Loss: 0.0370 | Epoch Time: 0.79s | Spearman@80: 0.5114 | Kendall@80: 0.3491
Epoch 51/150 | Train Loss: 0.0340 | Epoch Time: 0.79s | Spearman@80: 0.5695 | Kendall@80: 0.4054
Epoch 52/150 | Train Loss: 0.0287 | Epoch Time: 0.79s | Spearman@80: 0.5787 | Kendall@80: 0.4092
Epoch 53/150 | Train Loss: 0.0288 | Epoch Time: 0.80s | Spearman@80: 0.5003 | Kendall@80: 0.3478
Epoch 54/150 | Train Loss: 0.0317 | Epoch Time: 0.79s | Spearman@80: 0.5734 | Kendall@80: 0.4048
Epoch 55/150 | Train Loss: 0.0312 | Epoch Time: 0.79s | Spearman@80: 0.5531 | Kendall@80: 0.3845
Epoch 56/150 | Train Loss: 0.0315 | Epoch Time: 0.80s | Spearman@80: 0.5632 | Kendall@80: 0.3928
Epoch 57/150 | Train Loss: 0.0292 | Epoch Time: 0.79s | Spearman@80: 0.5500 | Kendall@80: 0.3890
Epoch 58/150 | Train Loss: 0.0324 | Epoch Time: 0.79s | Spearman@80: 0.5969 | Kendall@80: 0.4295
Epoch 59/150 | Train Loss: 0.0335 | Epoch Time: 0.79s | Spearman@80: 0.5876 | Kendall@80: 0.4251
Epoch 60/150 | Train Loss: 0.0272 | Epoch Time: 0.79s | Spearman@80: 0.5226 | Kendall@80: 0.3592
Epoch 61/150 | Train Loss: 0.0333 | Epoch Time: 0.79s | Spearman@80: 0.5204 | Kendall@80: 0.3693
Epoch 62/150 | Train Loss: 0.0259 | Epoch Time: 0.82s | Spearman@80: 0.5854 | Kendall@80: 0.4150
Epoch 63/150 | Train Loss: 0.0229 | Epoch Time: 0.90s | Spearman@80: 0.5961 | Kendall@80: 0.4333
Epoch 64/150 | Train Loss: 0.0317 | Epoch Time: 0.90s | Spearman@80: 0.5900 | Kendall@80: 0.4213
Epoch 65/150 | Train Loss: 0.0330 | Epoch Time: 0.90s | Spearman@80: 0.5368 | Kendall@80: 0.3788
Epoch 66/150 | Train Loss: 0.0220 | Epoch Time: 0.90s | Spearman@80: 0.5568 | Kendall@80: 0.4080
Epoch 67/150 | Train Loss: 0.0254 | Epoch Time: 0.89s | Spearman@80: 0.5737 | Kendall@80: 0.4118
Epoch 68/150 | Train Loss: 0.0276 | Epoch Time: 0.90s | Spearman@80: 0.5089 | Kendall@80: 0.3554
Epoch 69/150 | Train Loss: 0.0235 | Epoch Time: 0.89s | Spearman@80: 0.5110 | Kendall@80: 0.3617
Epoch 70/150 | Train Loss: 0.0330 | Epoch Time: 0.90s | Spearman@80: 0.5328 | Kendall@80: 0.3776
Epoch 71/150 | Train Loss: 0.0245 | Epoch Time: 0.89s | Spearman@80: 0.5741 | Kendall@80: 0.4143
Epoch 72/150 | Train Loss: 0.0229 | Epoch Time: 0.90s | Spearman@80: 0.5434 | Kendall@80: 0.3826
Epoch 73/150 | Train Loss: 0.0262 | Epoch Time: 0.90s | Spearman@80: 0.4823 | Kendall@80: 0.3377
Epoch 74/150 | Train Loss: 0.0238 | Epoch Time: 0.90s | Spearman@80: 0.4782 | Kendall@80: 0.3358
Epoch 75/150 | Train Loss: 0.0265 | Epoch Time: 0.90s | Spearman@80: 0.5290 | Kendall@80: 0.3700
Epoch 76/150 | Train Loss: 0.0260 | Epoch Time: 0.90s | Spearman@80: 0.4730 | Kendall@80: 0.3256
Epoch 77/150 | Train Loss: 0.0223 | Epoch Time: 0.90s | Spearman@80: 0.5089 | Kendall@80: 0.3611
Epoch 78/150 | Train Loss: 0.0217 | Epoch Time: 0.89s | Spearman@80: 0.5118 | Kendall@80: 0.3630
Epoch 79/150 | Train Loss: 0.0264 | Epoch Time: 0.90s | Spearman@80: 0.5480 | Kendall@80: 0.3978
Epoch 80/150 | Train Loss: 0.0240 | Epoch Time: 0.90s | Spearman@80: 0.4971 | Kendall@80: 0.3522
Epoch 81/150 | Train Loss: 0.0242 | Epoch Time: 0.89s | Spearman@80: 0.5559 | Kendall@80: 0.3953
Epoch 82/150 | Train Loss: 0.0179 | Epoch Time: 0.89s | Spearman@80: 0.5228 | Kendall@80: 0.3693
Epoch 83/150 | Train Loss: 0.0193 | Epoch Time: 0.90s | Spearman@80: 0.5055 | Kendall@80: 0.3535
Epoch 84/150 | Train Loss: 0.0188 | Epoch Time: 0.90s | Spearman@80: 0.4998 | Kendall@80: 0.3446
Epoch 85/150 | Train Loss: 0.0218 | Epoch Time: 0.90s | Spearman@80: 0.4954 | Kendall@80: 0.3472
Epoch 86/150 | Train Loss: 0.0203 | Epoch Time: 0.90s | Spearman@80: 0.5373 | Kendall@80: 0.3769
Epoch 87/150 | Train Loss: 0.0150 | Epoch Time: 0.90s | Spearman@80: 0.5019 | Kendall@80: 0.3446
Epoch 88/150 | Train Loss: 0.0199 | Epoch Time: 0.90s | Spearman@80: 0.4776 | Kendall@80: 0.3377
Epoch 89/150 | Train Loss: 0.0147 | Epoch Time: 0.90s | Spearman@80: 0.4893 | Kendall@80: 0.3383
Epoch 90/150 | Train Loss: 0.0178 | Epoch Time: 0.90s | Spearman@80: 0.5359 | Kendall@80: 0.3820
Epoch 91/150 | Train Loss: 0.0197 | Epoch Time: 0.90s | Spearman@80: 0.4802 | Kendall@80: 0.3396
Epoch 92/150 | Train Loss: 0.0226 | Epoch Time: 0.90s | Spearman@80: 0.4866 | Kendall@80: 0.3427
Epoch 93/150 | Train Loss: 0.0214 | Epoch Time: 0.90s | Spearman@80: 0.5481 | Kendall@80: 0.3921
Epoch 94/150 | Train Loss: 0.0212 | Epoch Time: 0.90s | Spearman@80: 0.5313 | Kendall@80: 0.3706
Epoch 95/150 | Train Loss: 0.0204 | Epoch Time: 0.89s | Spearman@80: 0.4948 | Kendall@80: 0.3465
Epoch 96/150 | Train Loss: 0.0172 | Epoch Time: 0.90s | Spearman@80: 0.5485 | Kendall@80: 0.3934
Epoch 97/150 | Train Loss: 0.0194 | Epoch Time: 0.90s | Spearman@80: 0.5479 | Kendall@80: 0.3928
Epoch 98/150 | Train Loss: 0.0167 | Epoch Time: 0.89s | Spearman@80: 0.4921 | Kendall@80: 0.3472
Epoch 99/150 | Train Loss: 0.0160 | Epoch Time: 0.89s | Spearman@80: 0.5341 | Kendall@80: 0.3731
Epoch 100/150 | Train Loss: 0.0103 | Epoch Time: 0.90s | Spearman@80: 0.5391 | Kendall@80: 0.3852
Epoch 101/150 | Train Loss: 0.0182 | Epoch Time: 0.90s | Spearman@80: 0.5261 | Kendall@80: 0.3706
Epoch 102/150 | Train Loss: 0.0156 | Epoch Time: 0.89s | Spearman@80: 0.4828 | Kendall@80: 0.3402
Epoch 103/150 | Train Loss: 0.0190 | Epoch Time: 0.92s | Spearman@80: 0.5162 | Kendall@80: 0.3586
Epoch 104/150 | Train Loss: 0.0163 | Epoch Time: 0.90s | Spearman@80: 0.5308 | Kendall@80: 0.3719
Epoch 105/150 | Train Loss: 0.0148 | Epoch Time: 0.89s | Spearman@80: 0.5257 | Kendall@80: 0.3674
Epoch 106/150 | Train Loss: 0.0125 | Epoch Time: 0.89s | Spearman@80: 0.5277 | Kendall@80: 0.3725
Epoch 107/150 | Train Loss: 0.0137 | Epoch Time: 0.91s | Spearman@80: 0.4846 | Kendall@80: 0.3484
Epoch 108/150 | Train Loss: 0.0136 | Epoch Time: 0.89s | Spearman@80: 0.5232 | Kendall@80: 0.3655
Epoch 109/150 | Train Loss: 0.0194 | Epoch Time: 0.90s | Spearman@80: 0.5487 | Kendall@80: 0.3877
Epoch 110/150 | Train Loss: 0.0171 | Epoch Time: 0.90s | Spearman@80: 0.5442 | Kendall@80: 0.3902
Epoch 111/150 | Train Loss: 0.0187 | Epoch Time: 0.90s | Spearman@80: 0.5346 | Kendall@80: 0.3820
Epoch 112/150 | Train Loss: 0.0145 | Epoch Time: 0.90s | Spearman@80: 0.5074 | Kendall@80: 0.3554
Epoch 113/150 | Train Loss: 0.0125 | Epoch Time: 0.90s | Spearman@80: 0.5016 | Kendall@80: 0.3510
Epoch 114/150 | Train Loss: 0.0114 | Epoch Time: 0.90s | Spearman@80: 0.5037 | Kendall@80: 0.3497
Epoch 115/150 | Train Loss: 0.0116 | Epoch Time: 0.91s | Spearman@80: 0.5109 | Kendall@80: 0.3586
Epoch 116/150 | Train Loss: 0.0088 | Epoch Time: 0.90s | Spearman@80: 0.5141 | Kendall@80: 0.3579
Epoch 117/150 | Train Loss: 0.0140 | Epoch Time: 0.90s | Spearman@80: 0.5174 | Kendall@80: 0.3630
Epoch 118/150 | Train Loss: 0.0120 | Epoch Time: 0.90s | Spearman@80: 0.5106 | Kendall@80: 0.3554
Epoch 119/150 | Train Loss: 0.0113 | Epoch Time: 0.90s | Spearman@80: 0.5259 | Kendall@80: 0.3649
Epoch 120/150 | Train Loss: 0.0153 | Epoch Time: 0.89s | Spearman@80: 0.5306 | Kendall@80: 0.3719
Epoch 121/150 | Train Loss: 0.0108 | Epoch Time: 0.90s | Spearman@80: 0.5347 | Kendall@80: 0.3744
Epoch 122/150 | Train Loss: 0.0132 | Epoch Time: 0.92s | Spearman@80: 0.5410 | Kendall@80: 0.3814
Epoch 123/150 | Train Loss: 0.0176 | Epoch Time: 0.90s | Spearman@80: 0.5231 | Kendall@80: 0.3681
Epoch 124/150 | Train Loss: 0.0099 | Epoch Time: 0.90s | Spearman@80: 0.5073 | Kendall@80: 0.3529
Epoch 125/150 | Train Loss: 0.0118 | Epoch Time: 0.90s | Spearman@80: 0.5006 | Kendall@80: 0.3503
Epoch 126/150 | Train Loss: 0.0094 | Epoch Time: 0.90s | Spearman@80: 0.5062 | Kendall@80: 0.3554
Epoch 127/150 | Train Loss: 0.0105 | Epoch Time: 0.91s | Spearman@80: 0.5134 | Kendall@80: 0.3567
Epoch 128/150 | Train Loss: 0.0082 | Epoch Time: 0.90s | Spearman@80: 0.5130 | Kendall@80: 0.3586
Epoch 129/150 | Train Loss: 0.0117 | Epoch Time: 0.90s | Spearman@80: 0.5213 | Kendall@80: 0.3624
Epoch 130/150 | Train Loss: 0.0110 | Epoch Time: 0.89s | Spearman@80: 0.5150 | Kendall@80: 0.3560
Epoch 131/150 | Train Loss: 0.0106 | Epoch Time: 0.90s | Spearman@80: 0.5166 | Kendall@80: 0.3579
Epoch 132/150 | Train Loss: 0.0100 | Epoch Time: 0.90s | Spearman@80: 0.5244 | Kendall@80: 0.3630
Epoch 133/150 | Train Loss: 0.0104 | Epoch Time: 0.91s | Spearman@80: 0.5271 | Kendall@80: 0.3674
Epoch 134/150 | Train Loss: 0.0135 | Epoch Time: 0.89s | Spearman@80: 0.5278 | Kendall@80: 0.3693
Epoch 135/150 | Train Loss: 0.0119 | Epoch Time: 0.89s | Spearman@80: 0.5300 | Kendall@80: 0.3700
Epoch 136/150 | Train Loss: 0.0110 | Epoch Time: 0.90s | Spearman@80: 0.5291 | Kendall@80: 0.3700
Epoch 137/150 | Train Loss: 0.0088 | Epoch Time: 0.90s | Spearman@80: 0.5176 | Kendall@80: 0.3617
Epoch 138/150 | Train Loss: 0.0126 | Epoch Time: 0.90s | Spearman@80: 0.5135 | Kendall@80: 0.3579
Epoch 139/150 | Train Loss: 0.0087 | Epoch Time: 0.90s | Spearman@80: 0.5157 | Kendall@80: 0.3573
Epoch 140/150 | Train Loss: 0.0089 | Epoch Time: 0.89s | Spearman@80: 0.5195 | Kendall@80: 0.3611
Epoch 141/150 | Train Loss: 0.0101 | Epoch Time: 0.90s | Spearman@80: 0.5178 | Kendall@80: 0.3605
Epoch 142/150 | Train Loss: 0.0115 | Epoch Time: 0.90s | Spearman@80: 0.5180 | Kendall@80: 0.3611
Epoch 143/150 | Train Loss: 0.0082 | Epoch Time: 0.89s | Spearman@80: 0.5181 | Kendall@80: 0.3611
Epoch 144/150 | Train Loss: 0.0095 | Epoch Time: 0.90s | Spearman@80: 0.5182 | Kendall@80: 0.3605
Epoch 145/150 | Train Loss: 0.0113 | Epoch Time: 0.90s | Spearman@80: 0.5177 | Kendall@80: 0.3592
Epoch 146/150 | Train Loss: 0.0115 | Epoch Time: 0.90s | Spearman@80: 0.5170 | Kendall@80: 0.3586
Epoch 147/150 | Train Loss: 0.0111 | Epoch Time: 1.74s | Spearman@4870: 0.5295 | Kendall@4870: 0.3694
Epoch 148/150 | Train Loss: 0.0111 | Epoch Time: 1.52s | Spearman@4870: 0.5294 | Kendall@4870: 0.3693
Epoch 149/150 | Train Loss: 0.0126 | Epoch Time: 1.53s | Spearman@4870: 0.5293 | Kendall@4870: 0.3692
Epoch 150/150 | Train Loss: 0.0124 | Epoch Time: 1.52s | Spearman@4870: 0.5294 | Kendall@4870: 0.3692
Sample Count: 128, Spearman: 0.5294134093550833, Kendall: 0.3692667907003967
{64: (0.5079539245944682, 0.3523264605334616),
 128: (0.5294134093550833, 0.3692667907003967)}
Average KDT:  0.38194420782301236
Variance KDT:  0.0012824898178155427
Average SPR:  0.5450732753714035
Variance SPR:  0.002004181130669721
Average KDT:  0.4379638890043667
Variance KDT:  0.003201217835801101
Average SPR:  0.6137160671329975
Variance SPR:  0.004730899886657511
