normalizing task:  Amoeba.json
normalizing task:  PNAS_fix-w-d.json
normalizing task:  ENAS_fix-w-d.json
normalizing task:  NASNet.json
normalizing task:  DARTS.json
normalizing task:  ENAS.json
normalizing task:  PNAS.json
normalizing task:  DARTS_lr-wd.json
normalizing task:  DARTS_fix-w-d.json
Epoch 1/150 | Train Loss: 0.0994 | Epoch Time: 2.41s | Spearman@80: 0.3698 | Kendall@80: 0.2481
Epoch 2/150 | Train Loss: 0.0987 | Epoch Time: 0.71s | Spearman@80: 0.1886 | Kendall@80: 0.1296
Epoch 3/150 | Train Loss: 0.0837 | Epoch Time: 0.72s | Spearman@80: 0.1698 | Kendall@80: 0.1176
Epoch 4/150 | Train Loss: 0.0830 | Epoch Time: 0.71s | Spearman@80: 0.1997 | Kendall@80: 0.1309
Epoch 5/150 | Train Loss: 0.0910 | Epoch Time: 0.71s | Spearman@80: 0.2137 | Kendall@80: 0.1429
Epoch 6/150 | Train Loss: 0.0804 | Epoch Time: 0.71s | Spearman@80: 0.2133 | Kendall@80: 0.1353
Epoch 7/150 | Train Loss: 0.0719 | Epoch Time: 0.72s | Spearman@80: 0.3283 | Kendall@80: 0.2203
Epoch 8/150 | Train Loss: 0.0840 | Epoch Time: 0.71s | Spearman@80: 0.2263 | Kendall@80: 0.1518
Epoch 9/150 | Train Loss: 0.0805 | Epoch Time: 0.72s | Spearman@80: 0.2384 | Kendall@80: 0.1562
Epoch 10/150 | Train Loss: 0.0790 | Epoch Time: 0.71s | Spearman@80: 0.2090 | Kendall@80: 0.1360
Epoch 11/150 | Train Loss: 0.0734 | Epoch Time: 0.72s | Spearman@80: 0.2673 | Kendall@80: 0.1772
Epoch 12/150 | Train Loss: 0.0669 | Epoch Time: 0.71s | Spearman@80: 0.3305 | Kendall@80: 0.2272
Epoch 13/150 | Train Loss: 0.0583 | Epoch Time: 0.72s | Spearman@80: 0.4099 | Kendall@80: 0.2868
Epoch 14/150 | Train Loss: 0.0690 | Epoch Time: 0.71s | Spearman@80: 0.4129 | Kendall@80: 0.2862
Epoch 15/150 | Train Loss: 0.0639 | Epoch Time: 0.71s | Spearman@80: 0.4351 | Kendall@80: 0.3033
Epoch 16/150 | Train Loss: 0.0566 | Epoch Time: 0.71s | Spearman@80: 0.4218 | Kendall@80: 0.3045
Epoch 17/150 | Train Loss: 0.0446 | Epoch Time: 0.71s | Spearman@80: 0.4252 | Kendall@80: 0.2963
Epoch 18/150 | Train Loss: 0.0456 | Epoch Time: 0.71s | Spearman@80: 0.2259 | Kendall@80: 0.1645
Epoch 19/150 | Train Loss: 0.0558 | Epoch Time: 0.71s | Spearman@80: 0.3385 | Kendall@80: 0.2241
Epoch 20/150 | Train Loss: 0.0465 | Epoch Time: 0.72s | Spearman@80: 0.4000 | Kendall@80: 0.2805
Epoch 21/150 | Train Loss: 0.0414 | Epoch Time: 0.75s | Spearman@80: 0.4544 | Kendall@80: 0.3210
Epoch 22/150 | Train Loss: 0.0568 | Epoch Time: 0.71s | Spearman@80: 0.3437 | Kendall@80: 0.2405
Epoch 23/150 | Train Loss: 0.0634 | Epoch Time: 0.71s | Spearman@80: 0.3425 | Kendall@80: 0.2342
Epoch 24/150 | Train Loss: 0.0546 | Epoch Time: 0.71s | Spearman@80: 0.3922 | Kendall@80: 0.2576
Epoch 25/150 | Train Loss: 0.0441 | Epoch Time: 0.70s | Spearman@80: 0.4324 | Kendall@80: 0.3045
Epoch 26/150 | Train Loss: 0.0423 | Epoch Time: 0.71s | Spearman@80: 0.3941 | Kendall@80: 0.2843
Epoch 27/150 | Train Loss: 0.0463 | Epoch Time: 0.72s | Spearman@80: 0.4461 | Kendall@80: 0.3058
Epoch 28/150 | Train Loss: 0.0381 | Epoch Time: 0.71s | Spearman@80: 0.2791 | Kendall@80: 0.1974
Epoch 29/150 | Train Loss: 0.0521 | Epoch Time: 0.72s | Spearman@80: 0.3836 | Kendall@80: 0.2627
Epoch 30/150 | Train Loss: 0.0420 | Epoch Time: 0.71s | Spearman@80: 0.3869 | Kendall@80: 0.2716
Epoch 31/150 | Train Loss: 0.0419 | Epoch Time: 0.71s | Spearman@80: 0.4105 | Kendall@80: 0.2868
Epoch 32/150 | Train Loss: 0.0428 | Epoch Time: 0.70s | Spearman@80: 0.3997 | Kendall@80: 0.2900
Epoch 33/150 | Train Loss: 0.0432 | Epoch Time: 0.71s | Spearman@80: 0.4560 | Kendall@80: 0.3305
Epoch 34/150 | Train Loss: 0.0481 | Epoch Time: 0.70s | Spearman@80: 0.4153 | Kendall@80: 0.2893
Epoch 35/150 | Train Loss: 0.0395 | Epoch Time: 0.71s | Spearman@80: 0.3362 | Kendall@80: 0.2317
Epoch 36/150 | Train Loss: 0.0412 | Epoch Time: 0.70s | Spearman@80: 0.4269 | Kendall@80: 0.2950
Epoch 37/150 | Train Loss: 0.0332 | Epoch Time: 0.71s | Spearman@80: 0.4671 | Kendall@80: 0.3204
Epoch 38/150 | Train Loss: 0.0436 | Epoch Time: 0.71s | Spearman@80: 0.2932 | Kendall@80: 0.2012
Epoch 39/150 | Train Loss: 0.0463 | Epoch Time: 0.71s | Spearman@80: 0.4003 | Kendall@80: 0.2672
Epoch 40/150 | Train Loss: 0.0410 | Epoch Time: 0.70s | Spearman@80: 0.3815 | Kendall@80: 0.2722
Epoch 41/150 | Train Loss: 0.0347 | Epoch Time: 0.70s | Spearman@80: 0.3974 | Kendall@80: 0.2748
Epoch 42/150 | Train Loss: 0.0305 | Epoch Time: 0.71s | Spearman@80: 0.3890 | Kendall@80: 0.2703
Epoch 43/150 | Train Loss: 0.0260 | Epoch Time: 0.71s | Spearman@80: 0.3919 | Kendall@80: 0.2665
Epoch 44/150 | Train Loss: 0.0250 | Epoch Time: 0.70s | Spearman@80: 0.3931 | Kendall@80: 0.2741
Epoch 45/150 | Train Loss: 0.0249 | Epoch Time: 0.70s | Spearman@80: 0.3584 | Kendall@80: 0.2551
Epoch 46/150 | Train Loss: 0.0283 | Epoch Time: 0.71s | Spearman@80: 0.3860 | Kendall@80: 0.2659
Epoch 47/150 | Train Loss: 0.0242 | Epoch Time: 0.70s | Spearman@80: 0.3001 | Kendall@80: 0.2101
Epoch 48/150 | Train Loss: 0.0338 | Epoch Time: 0.70s | Spearman@80: 0.3951 | Kendall@80: 0.2779
Epoch 49/150 | Train Loss: 0.0364 | Epoch Time: 0.70s | Spearman@80: 0.4520 | Kendall@80: 0.3122
Epoch 50/150 | Train Loss: 0.0321 | Epoch Time: 0.70s | Spearman@80: 0.3747 | Kendall@80: 0.2684
Epoch 51/150 | Train Loss: 0.0304 | Epoch Time: 0.70s | Spearman@80: 0.4361 | Kendall@80: 0.3052
Epoch 52/150 | Train Loss: 0.0305 | Epoch Time: 0.70s | Spearman@80: 0.3927 | Kendall@80: 0.2735
Epoch 53/150 | Train Loss: 0.0203 | Epoch Time: 0.70s | Spearman@80: 0.2729 | Kendall@80: 0.1962
Epoch 54/150 | Train Loss: 0.0246 | Epoch Time: 0.70s | Spearman@80: 0.3148 | Kendall@80: 0.2183
Epoch 55/150 | Train Loss: 0.0199 | Epoch Time: 0.71s | Spearman@80: 0.2933 | Kendall@80: 0.1993
Epoch 56/150 | Train Loss: 0.0239 | Epoch Time: 0.71s | Spearman@80: 0.2543 | Kendall@80: 0.1772
Epoch 57/150 | Train Loss: 0.0321 | Epoch Time: 0.71s | Spearman@80: 0.2628 | Kendall@80: 0.1917
Epoch 58/150 | Train Loss: 0.0221 | Epoch Time: 0.70s | Spearman@80: 0.4107 | Kendall@80: 0.2855
Epoch 59/150 | Train Loss: 0.0262 | Epoch Time: 0.71s | Spearman@80: 0.3480 | Kendall@80: 0.2500
Epoch 60/150 | Train Loss: 0.0212 | Epoch Time: 0.70s | Spearman@80: 0.3800 | Kendall@80: 0.2710
Epoch 61/150 | Train Loss: 0.0216 | Epoch Time: 0.71s | Spearman@80: 0.4076 | Kendall@80: 0.2817
Epoch 62/150 | Train Loss: 0.0196 | Epoch Time: 0.71s | Spearman@80: 0.3771 | Kendall@80: 0.2576
Epoch 63/150 | Train Loss: 0.0209 | Epoch Time: 0.70s | Spearman@80: 0.3288 | Kendall@80: 0.2247
Epoch 64/150 | Train Loss: 0.0172 | Epoch Time: 0.70s | Spearman@80: 0.2868 | Kendall@80: 0.2050
Epoch 65/150 | Train Loss: 0.0139 | Epoch Time: 0.70s | Spearman@80: 0.3088 | Kendall@80: 0.2139
Epoch 66/150 | Train Loss: 0.0168 | Epoch Time: 0.70s | Spearman@80: 0.3664 | Kendall@80: 0.2557
Epoch 67/150 | Train Loss: 0.0233 | Epoch Time: 0.70s | Spearman@80: 0.3542 | Kendall@80: 0.2424
Epoch 68/150 | Train Loss: 0.0237 | Epoch Time: 0.70s | Spearman@80: 0.3227 | Kendall@80: 0.2291
Epoch 69/150 | Train Loss: 0.0216 | Epoch Time: 0.70s | Spearman@80: 0.3247 | Kendall@80: 0.2260
Epoch 70/150 | Train Loss: 0.0182 | Epoch Time: 0.70s | Spearman@80: 0.3629 | Kendall@80: 0.2513
Epoch 71/150 | Train Loss: 0.0198 | Epoch Time: 0.71s | Spearman@80: 0.2996 | Kendall@80: 0.2082
Epoch 72/150 | Train Loss: 0.0166 | Epoch Time: 0.70s | Spearman@80: 0.3488 | Kendall@80: 0.2386
Epoch 73/150 | Train Loss: 0.0203 | Epoch Time: 0.71s | Spearman@80: 0.3885 | Kendall@80: 0.2672
Epoch 74/150 | Train Loss: 0.0212 | Epoch Time: 0.71s | Spearman@80: 0.3417 | Kendall@80: 0.2336
Epoch 75/150 | Train Loss: 0.0165 | Epoch Time: 0.71s | Spearman@80: 0.2917 | Kendall@80: 0.2050
Epoch 76/150 | Train Loss: 0.0180 | Epoch Time: 0.70s | Spearman@80: 0.3618 | Kendall@80: 0.2526
Epoch 77/150 | Train Loss: 0.0167 | Epoch Time: 0.71s | Spearman@80: 0.2612 | Kendall@80: 0.1835
Epoch 78/150 | Train Loss: 0.0179 | Epoch Time: 0.71s | Spearman@80: 0.2713 | Kendall@80: 0.1930
Epoch 79/150 | Train Loss: 0.0154 | Epoch Time: 0.70s | Spearman@80: 0.3000 | Kendall@80: 0.2012
Epoch 80/150 | Train Loss: 0.0181 | Epoch Time: 0.71s | Spearman@80: 0.2968 | Kendall@80: 0.2076
Epoch 81/150 | Train Loss: 0.0141 | Epoch Time: 0.72s | Spearman@80: 0.3370 | Kendall@80: 0.2329
Epoch 82/150 | Train Loss: 0.0159 | Epoch Time: 0.71s | Spearman@80: 0.3599 | Kendall@80: 0.2450
Epoch 83/150 | Train Loss: 0.0147 | Epoch Time: 0.71s | Spearman@80: 0.3232 | Kendall@80: 0.2253
Epoch 84/150 | Train Loss: 0.0187 | Epoch Time: 0.71s | Spearman@80: 0.3487 | Kendall@80: 0.2393
Epoch 85/150 | Train Loss: 0.0167 | Epoch Time: 0.70s | Spearman@80: 0.3424 | Kendall@80: 0.2317
Epoch 86/150 | Train Loss: 0.0121 | Epoch Time: 0.70s | Spearman@80: 0.3342 | Kendall@80: 0.2317
Epoch 87/150 | Train Loss: 0.0158 | Epoch Time: 0.70s | Spearman@80: 0.3403 | Kendall@80: 0.2355
Epoch 88/150 | Train Loss: 0.0148 | Epoch Time: 0.70s | Spearman@80: 0.3529 | Kendall@80: 0.2424
Epoch 89/150 | Train Loss: 0.0162 | Epoch Time: 0.71s | Spearman@80: 0.2729 | Kendall@80: 0.1917
Epoch 90/150 | Train Loss: 0.0102 | Epoch Time: 0.71s | Spearman@80: 0.3187 | Kendall@80: 0.2158
Epoch 91/150 | Train Loss: 0.0164 | Epoch Time: 0.71s | Spearman@80: 0.3171 | Kendall@80: 0.2190
Epoch 92/150 | Train Loss: 0.0116 | Epoch Time: 0.71s | Spearman@80: 0.3467 | Kendall@80: 0.2393
Epoch 93/150 | Train Loss: 0.0097 | Epoch Time: 0.70s | Spearman@80: 0.3559 | Kendall@80: 0.2437
Epoch 94/150 | Train Loss: 0.0090 | Epoch Time: 0.71s | Spearman@80: 0.3814 | Kendall@80: 0.2653
Epoch 95/150 | Train Loss: 0.0124 | Epoch Time: 0.70s | Spearman@80: 0.3534 | Kendall@80: 0.2450
Epoch 96/150 | Train Loss: 0.0135 | Epoch Time: 0.70s | Spearman@80: 0.2563 | Kendall@80: 0.1810
Epoch 97/150 | Train Loss: 0.0087 | Epoch Time: 0.70s | Spearman@80: 0.2716 | Kendall@80: 0.1905
Epoch 98/150 | Train Loss: 0.0109 | Epoch Time: 0.70s | Spearman@80: 0.3707 | Kendall@80: 0.2526
Epoch 99/150 | Train Loss: 0.0170 | Epoch Time: 0.71s | Spearman@80: 0.3444 | Kendall@80: 0.2348
Epoch 100/150 | Train Loss: 0.0102 | Epoch Time: 0.70s | Spearman@80: 0.3061 | Kendall@80: 0.2158
Epoch 101/150 | Train Loss: 0.0105 | Epoch Time: 0.71s | Spearman@80: 0.3364 | Kendall@80: 0.2298
Epoch 102/150 | Train Loss: 0.0116 | Epoch Time: 0.70s | Spearman@80: 0.2846 | Kendall@80: 0.1943
Epoch 103/150 | Train Loss: 0.0099 | Epoch Time: 0.70s | Spearman@80: 0.2638 | Kendall@80: 0.1816
Epoch 104/150 | Train Loss: 0.0079 | Epoch Time: 0.70s | Spearman@80: 0.2878 | Kendall@80: 0.2000
Epoch 105/150 | Train Loss: 0.0114 | Epoch Time: 0.70s | Spearman@80: 0.3158 | Kendall@80: 0.2215
Epoch 106/150 | Train Loss: 0.0080 | Epoch Time: 0.70s | Spearman@80: 0.3251 | Kendall@80: 0.2272
Epoch 107/150 | Train Loss: 0.0089 | Epoch Time: 0.71s | Spearman@80: 0.2792 | Kendall@80: 0.1962
Epoch 108/150 | Train Loss: 0.0071 | Epoch Time: 0.71s | Spearman@80: 0.3174 | Kendall@80: 0.2228
Epoch 109/150 | Train Loss: 0.0088 | Epoch Time: 0.71s | Spearman@80: 0.3669 | Kendall@80: 0.2513
Epoch 110/150 | Train Loss: 0.0106 | Epoch Time: 0.71s | Spearman@80: 0.3456 | Kendall@80: 0.2405
Epoch 111/150 | Train Loss: 0.0150 | Epoch Time: 0.70s | Spearman@80: 0.3268 | Kendall@80: 0.2279
Epoch 112/150 | Train Loss: 0.0065 | Epoch Time: 0.70s | Spearman@80: 0.3299 | Kendall@80: 0.2310
Epoch 113/150 | Train Loss: 0.0122 | Epoch Time: 0.70s | Spearman@80: 0.3163 | Kendall@80: 0.2222
Epoch 114/150 | Train Loss: 0.0100 | Epoch Time: 0.71s | Spearman@80: 0.3364 | Kendall@80: 0.2342
Epoch 115/150 | Train Loss: 0.0096 | Epoch Time: 0.70s | Spearman@80: 0.3303 | Kendall@80: 0.2304
Epoch 116/150 | Train Loss: 0.0120 | Epoch Time: 0.71s | Spearman@80: 0.3338 | Kendall@80: 0.2323
Epoch 117/150 | Train Loss: 0.0078 | Epoch Time: 0.70s | Spearman@80: 0.3428 | Kendall@80: 0.2361
Epoch 118/150 | Train Loss: 0.0068 | Epoch Time: 0.70s | Spearman@80: 0.3395 | Kendall@80: 0.2367
Epoch 119/150 | Train Loss: 0.0123 | Epoch Time: 0.70s | Spearman@80: 0.3086 | Kendall@80: 0.2158
Epoch 120/150 | Train Loss: 0.0119 | Epoch Time: 0.71s | Spearman@80: 0.3091 | Kendall@80: 0.2190
Epoch 121/150 | Train Loss: 0.0065 | Epoch Time: 0.70s | Spearman@80: 0.3220 | Kendall@80: 0.2247
Epoch 122/150 | Train Loss: 0.0085 | Epoch Time: 0.70s | Spearman@80: 0.3272 | Kendall@80: 0.2279
Epoch 123/150 | Train Loss: 0.0075 | Epoch Time: 0.70s | Spearman@80: 0.3271 | Kendall@80: 0.2298
Epoch 124/150 | Train Loss: 0.0050 | Epoch Time: 0.70s | Spearman@80: 0.3311 | Kendall@80: 0.2323
Epoch 125/150 | Train Loss: 0.0084 | Epoch Time: 0.71s | Spearman@80: 0.3407 | Kendall@80: 0.2361
Epoch 126/150 | Train Loss: 0.0042 | Epoch Time: 0.71s | Spearman@80: 0.3433 | Kendall@80: 0.2386
Epoch 127/150 | Train Loss: 0.0080 | Epoch Time: 0.72s | Spearman@80: 0.3310 | Kendall@80: 0.2291
Epoch 128/150 | Train Loss: 0.0043 | Epoch Time: 0.71s | Spearman@80: 0.3265 | Kendall@80: 0.2266
Epoch 129/150 | Train Loss: 0.0080 | Epoch Time: 0.70s | Spearman@80: 0.3346 | Kendall@80: 0.2298
Epoch 130/150 | Train Loss: 0.0048 | Epoch Time: 0.70s | Spearman@80: 0.3345 | Kendall@80: 0.2298
Epoch 131/150 | Train Loss: 0.0076 | Epoch Time: 0.70s | Spearman@80: 0.3384 | Kendall@80: 0.2329
Epoch 132/150 | Train Loss: 0.0053 | Epoch Time: 0.70s | Spearman@80: 0.3321 | Kendall@80: 0.2279
Epoch 133/150 | Train Loss: 0.0036 | Epoch Time: 0.71s | Spearman@80: 0.3338 | Kendall@80: 0.2304
Epoch 134/150 | Train Loss: 0.0071 | Epoch Time: 0.71s | Spearman@80: 0.3332 | Kendall@80: 0.2285
Epoch 135/150 | Train Loss: 0.0067 | Epoch Time: 0.71s | Spearman@80: 0.3446 | Kendall@80: 0.2355
Epoch 136/150 | Train Loss: 0.0062 | Epoch Time: 0.71s | Spearman@80: 0.3451 | Kendall@80: 0.2355
Epoch 137/150 | Train Loss: 0.0087 | Epoch Time: 0.71s | Spearman@80: 0.3440 | Kendall@80: 0.2361
Epoch 138/150 | Train Loss: 0.0037 | Epoch Time: 0.70s | Spearman@80: 0.3354 | Kendall@80: 0.2323
Epoch 139/150 | Train Loss: 0.0086 | Epoch Time: 0.70s | Spearman@80: 0.3265 | Kendall@80: 0.2260
Epoch 140/150 | Train Loss: 0.0051 | Epoch Time: 0.71s | Spearman@80: 0.3284 | Kendall@80: 0.2272
Epoch 141/150 | Train Loss: 0.0074 | Epoch Time: 0.70s | Spearman@80: 0.3308 | Kendall@80: 0.2291
Epoch 142/150 | Train Loss: 0.0082 | Epoch Time: 0.70s | Spearman@80: 0.3281 | Kendall@80: 0.2272
Epoch 143/150 | Train Loss: 0.0065 | Epoch Time: 0.71s | Spearman@80: 0.3289 | Kendall@80: 0.2285
Epoch 144/150 | Train Loss: 0.0116 | Epoch Time: 0.71s | Spearman@80: 0.3285 | Kendall@80: 0.2279
Epoch 145/150 | Train Loss: 0.0070 | Epoch Time: 0.71s | Spearman@80: 0.3291 | Kendall@80: 0.2298
Epoch 146/150 | Train Loss: 0.0081 | Epoch Time: 0.71s | Spearman@80: 0.3304 | Kendall@80: 0.2304
Epoch 147/150 | Train Loss: 0.0060 | Epoch Time: 1.83s | Spearman@4934: 0.4513 | Kendall@4934: 0.3109
Epoch 148/150 | Train Loss: 0.0043 | Epoch Time: 1.72s | Spearman@4934: 0.4512 | Kendall@4934: 0.3108
Epoch 149/150 | Train Loss: 0.0093 | Epoch Time: 1.72s | Spearman@4934: 0.4512 | Kendall@4934: 0.3108
Epoch 150/150 | Train Loss: 0.0088 | Epoch Time: 1.72s | Spearman@4934: 0.4512 | Kendall@4934: 0.3108
Sample Count: 64, Spearman: 0.45121232167424663, Kendall: 0.31080688093733627
{64: (0.45121232167424663, 0.31080688093733627)}
Epoch 1/150 | Train Loss: 0.0991 | Epoch Time: 1.31s | Spearman@80: 0.3472 | Kendall@80: 0.2326
Epoch 2/150 | Train Loss: 0.0889 | Epoch Time: 1.30s | Spearman@80: 0.3532 | Kendall@80: 0.2365
Epoch 3/150 | Train Loss: 0.0860 | Epoch Time: 1.32s | Spearman@80: 0.4111 | Kendall@80: 0.2808
Epoch 4/150 | Train Loss: 0.0787 | Epoch Time: 1.31s | Spearman@80: 0.4993 | Kendall@80: 0.3537
Epoch 5/150 | Train Loss: 0.0744 | Epoch Time: 1.30s | Spearman@80: 0.5802 | Kendall@80: 0.4171
Epoch 6/150 | Train Loss: 0.0704 | Epoch Time: 1.30s | Spearman@80: 0.5939 | Kendall@80: 0.4393
Epoch 7/150 | Train Loss: 0.0763 | Epoch Time: 1.30s | Spearman@80: 0.5711 | Kendall@80: 0.4279
Epoch 8/150 | Train Loss: 0.0690 | Epoch Time: 1.30s | Spearman@80: 0.5669 | Kendall@80: 0.4152
Epoch 9/150 | Train Loss: 0.0639 | Epoch Time: 1.30s | Spearman@80: 0.5085 | Kendall@80: 0.3664
Epoch 10/150 | Train Loss: 0.0732 | Epoch Time: 1.31s | Spearman@80: 0.4828 | Kendall@80: 0.3613
Epoch 11/150 | Train Loss: 0.0694 | Epoch Time: 1.30s | Spearman@80: 0.5832 | Kendall@80: 0.4349
Epoch 12/150 | Train Loss: 0.0694 | Epoch Time: 1.31s | Spearman@80: 0.5598 | Kendall@80: 0.4152
Epoch 13/150 | Train Loss: 0.0629 | Epoch Time: 1.30s | Spearman@80: 0.5627 | Kendall@80: 0.4197
Epoch 14/150 | Train Loss: 0.0631 | Epoch Time: 1.29s | Spearman@80: 0.5565 | Kendall@80: 0.4127
Epoch 15/150 | Train Loss: 0.0598 | Epoch Time: 1.30s | Spearman@80: 0.5442 | Kendall@80: 0.4063
Epoch 16/150 | Train Loss: 0.0601 | Epoch Time: 1.32s | Spearman@80: 0.5034 | Kendall@80: 0.3778
Epoch 17/150 | Train Loss: 0.0719 | Epoch Time: 1.30s | Spearman@80: 0.5776 | Kendall@80: 0.4456
Epoch 18/150 | Train Loss: 0.0599 | Epoch Time: 1.30s | Spearman@80: 0.5383 | Kendall@80: 0.4120
Epoch 19/150 | Train Loss: 0.0593 | Epoch Time: 1.30s | Spearman@80: 0.5817 | Kendall@80: 0.4304
Epoch 20/150 | Train Loss: 0.0539 | Epoch Time: 1.31s | Spearman@80: 0.5552 | Kendall@80: 0.3975
Epoch 21/150 | Train Loss: 0.0658 | Epoch Time: 1.29s | Spearman@80: 0.5531 | Kendall@80: 0.3968
Epoch 22/150 | Train Loss: 0.0603 | Epoch Time: 1.31s | Spearman@80: 0.5792 | Kendall@80: 0.4254
Epoch 23/150 | Train Loss: 0.0574 | Epoch Time: 1.31s | Spearman@80: 0.5506 | Kendall@80: 0.4114
Epoch 24/150 | Train Loss: 0.0521 | Epoch Time: 1.30s | Spearman@80: 0.3667 | Kendall@80: 0.2650
Epoch 25/150 | Train Loss: 0.0658 | Epoch Time: 1.31s | Spearman@80: 0.5140 | Kendall@80: 0.3746
Epoch 26/150 | Train Loss: 0.0630 | Epoch Time: 1.30s | Spearman@80: 0.4898 | Kendall@80: 0.3550
Epoch 27/150 | Train Loss: 0.0604 | Epoch Time: 1.31s | Spearman@80: 0.5144 | Kendall@80: 0.4000
Epoch 28/150 | Train Loss: 0.0551 | Epoch Time: 1.30s | Spearman@80: 0.5038 | Kendall@80: 0.3778
Epoch 29/150 | Train Loss: 0.0543 | Epoch Time: 1.31s | Spearman@80: 0.5332 | Kendall@80: 0.3987
Epoch 30/150 | Train Loss: 0.0545 | Epoch Time: 1.29s | Spearman@80: 0.4928 | Kendall@80: 0.3677
Epoch 31/150 | Train Loss: 0.0525 | Epoch Time: 1.31s | Spearman@80: 0.5162 | Kendall@80: 0.3708
Epoch 32/150 | Train Loss: 0.0619 | Epoch Time: 1.31s | Spearman@80: 0.5535 | Kendall@80: 0.4216
Epoch 33/150 | Train Loss: 0.0587 | Epoch Time: 1.31s | Spearman@80: 0.4925 | Kendall@80: 0.3556
Epoch 34/150 | Train Loss: 0.0460 | Epoch Time: 1.31s | Spearman@80: 0.5075 | Kendall@80: 0.3765
Epoch 35/150 | Train Loss: 0.0496 | Epoch Time: 1.31s | Spearman@80: 0.5075 | Kendall@80: 0.3842
Epoch 36/150 | Train Loss: 0.0505 | Epoch Time: 1.31s | Spearman@80: 0.5255 | Kendall@80: 0.3943
Epoch 37/150 | Train Loss: 0.0543 | Epoch Time: 1.31s | Spearman@80: 0.5304 | Kendall@80: 0.4006
Epoch 38/150 | Train Loss: 0.0486 | Epoch Time: 1.30s | Spearman@80: 0.5575 | Kendall@80: 0.4260
Epoch 39/150 | Train Loss: 0.0515 | Epoch Time: 1.31s | Spearman@80: 0.5457 | Kendall@80: 0.4165
Epoch 40/150 | Train Loss: 0.0521 | Epoch Time: 1.29s | Spearman@80: 0.5120 | Kendall@80: 0.3784
Epoch 41/150 | Train Loss: 0.0478 | Epoch Time: 1.31s | Spearman@80: 0.4933 | Kendall@80: 0.3784
Epoch 42/150 | Train Loss: 0.0453 | Epoch Time: 1.30s | Spearman@80: 0.5169 | Kendall@80: 0.3880
Epoch 43/150 | Train Loss: 0.0487 | Epoch Time: 1.30s | Spearman@80: 0.4812 | Kendall@80: 0.3525
Epoch 44/150 | Train Loss: 0.0424 | Epoch Time: 1.30s | Spearman@80: 0.4867 | Kendall@80: 0.3531
Epoch 45/150 | Train Loss: 0.0419 | Epoch Time: 1.30s | Spearman@80: 0.4686 | Kendall@80: 0.3448
Epoch 46/150 | Train Loss: 0.0448 | Epoch Time: 1.30s | Spearman@80: 0.4233 | Kendall@80: 0.3125
Epoch 47/150 | Train Loss: 0.0415 | Epoch Time: 1.30s | Spearman@80: 0.5080 | Kendall@80: 0.3784
Epoch 48/150 | Train Loss: 0.0378 | Epoch Time: 1.29s | Spearman@80: 0.4627 | Kendall@80: 0.3417
Epoch 49/150 | Train Loss: 0.0530 | Epoch Time: 1.30s | Spearman@80: 0.4844 | Kendall@80: 0.3531
Epoch 50/150 | Train Loss: 0.0404 | Epoch Time: 1.30s | Spearman@80: 0.4081 | Kendall@80: 0.3005
Epoch 51/150 | Train Loss: 0.0457 | Epoch Time: 1.30s | Spearman@80: 0.4926 | Kendall@80: 0.3632
Epoch 52/150 | Train Loss: 0.0386 | Epoch Time: 1.32s | Spearman@80: 0.4239 | Kendall@80: 0.3074
Epoch 53/150 | Train Loss: 0.0388 | Epoch Time: 1.31s | Spearman@80: 0.5119 | Kendall@80: 0.3867
Epoch 54/150 | Train Loss: 0.0348 | Epoch Time: 1.32s | Spearman@80: 0.5267 | Kendall@80: 0.3861
Epoch 55/150 | Train Loss: 0.0378 | Epoch Time: 1.32s | Spearman@80: 0.4474 | Kendall@80: 0.3220
Epoch 56/150 | Train Loss: 0.0352 | Epoch Time: 1.31s | Spearman@80: 0.5185 | Kendall@80: 0.3810
Epoch 57/150 | Train Loss: 0.0412 | Epoch Time: 1.30s | Spearman@80: 0.4439 | Kendall@80: 0.3125
Epoch 58/150 | Train Loss: 0.0440 | Epoch Time: 1.33s | Spearman@80: 0.5128 | Kendall@80: 0.3664
Epoch 59/150 | Train Loss: 0.0341 | Epoch Time: 1.33s | Spearman@80: 0.4924 | Kendall@80: 0.3569
Epoch 60/150 | Train Loss: 0.0354 | Epoch Time: 1.32s | Spearman@80: 0.4588 | Kendall@80: 0.3296
Epoch 61/150 | Train Loss: 0.0294 | Epoch Time: 1.33s | Spearman@80: 0.4447 | Kendall@80: 0.3214
Epoch 62/150 | Train Loss: 0.0317 | Epoch Time: 1.35s | Spearman@80: 0.4681 | Kendall@80: 0.3423
Epoch 63/150 | Train Loss: 0.0295 | Epoch Time: 1.41s | Spearman@80: 0.5213 | Kendall@80: 0.3784
Epoch 64/150 | Train Loss: 0.0265 | Epoch Time: 1.42s | Spearman@80: 0.5052 | Kendall@80: 0.3645
Epoch 65/150 | Train Loss: 0.0289 | Epoch Time: 1.42s | Spearman@80: 0.4492 | Kendall@80: 0.3233
Epoch 66/150 | Train Loss: 0.0323 | Epoch Time: 1.41s | Spearman@80: 0.5107 | Kendall@80: 0.3715
Epoch 67/150 | Train Loss: 0.0259 | Epoch Time: 1.41s | Spearman@80: 0.5168 | Kendall@80: 0.3772
Epoch 68/150 | Train Loss: 0.0295 | Epoch Time: 1.42s | Spearman@80: 0.4860 | Kendall@80: 0.3531
Epoch 69/150 | Train Loss: 0.0305 | Epoch Time: 1.42s | Spearman@80: 0.4370 | Kendall@80: 0.3106
Epoch 70/150 | Train Loss: 0.0277 | Epoch Time: 1.44s | Spearman@80: 0.5613 | Kendall@80: 0.4133
Epoch 71/150 | Train Loss: 0.0275 | Epoch Time: 1.42s | Spearman@80: 0.5285 | Kendall@80: 0.3905
Epoch 72/150 | Train Loss: 0.0257 | Epoch Time: 1.42s | Spearman@80: 0.4740 | Kendall@80: 0.3461
Epoch 73/150 | Train Loss: 0.0288 | Epoch Time: 1.42s | Spearman@80: 0.5036 | Kendall@80: 0.3658
Epoch 74/150 | Train Loss: 0.0218 | Epoch Time: 1.42s | Spearman@80: 0.4996 | Kendall@80: 0.3689
Epoch 75/150 | Train Loss: 0.0209 | Epoch Time: 1.42s | Spearman@80: 0.5381 | Kendall@80: 0.3975
Epoch 76/150 | Train Loss: 0.0198 | Epoch Time: 1.42s | Spearman@80: 0.5550 | Kendall@80: 0.4120
Epoch 77/150 | Train Loss: 0.0179 | Epoch Time: 1.41s | Spearman@80: 0.5017 | Kendall@80: 0.3696
Epoch 78/150 | Train Loss: 0.0230 | Epoch Time: 1.42s | Spearman@80: 0.4878 | Kendall@80: 0.3588
Epoch 79/150 | Train Loss: 0.0188 | Epoch Time: 1.42s | Spearman@80: 0.4957 | Kendall@80: 0.3613
Epoch 80/150 | Train Loss: 0.0283 | Epoch Time: 1.41s | Spearman@80: 0.4800 | Kendall@80: 0.3417
Epoch 81/150 | Train Loss: 0.0212 | Epoch Time: 1.42s | Spearman@80: 0.5333 | Kendall@80: 0.3956
Epoch 82/150 | Train Loss: 0.0188 | Epoch Time: 1.41s | Spearman@80: 0.5218 | Kendall@80: 0.3861
Epoch 83/150 | Train Loss: 0.0203 | Epoch Time: 1.42s | Spearman@80: 0.5651 | Kendall@80: 0.4165
Epoch 84/150 | Train Loss: 0.0250 | Epoch Time: 1.41s | Spearman@80: 0.4463 | Kendall@80: 0.3239
Epoch 85/150 | Train Loss: 0.0259 | Epoch Time: 1.41s | Spearman@80: 0.4939 | Kendall@80: 0.3632
Epoch 86/150 | Train Loss: 0.0227 | Epoch Time: 1.42s | Spearman@80: 0.5117 | Kendall@80: 0.3810
Epoch 87/150 | Train Loss: 0.0211 | Epoch Time: 1.41s | Spearman@80: 0.5213 | Kendall@80: 0.3867
Epoch 88/150 | Train Loss: 0.0233 | Epoch Time: 1.42s | Spearman@80: 0.5116 | Kendall@80: 0.3816
Epoch 89/150 | Train Loss: 0.0193 | Epoch Time: 1.42s | Spearman@80: 0.5013 | Kendall@80: 0.3702
Epoch 90/150 | Train Loss: 0.0166 | Epoch Time: 1.41s | Spearman@80: 0.5315 | Kendall@80: 0.3949
Epoch 91/150 | Train Loss: 0.0192 | Epoch Time: 1.42s | Spearman@80: 0.4965 | Kendall@80: 0.3632
Epoch 92/150 | Train Loss: 0.0206 | Epoch Time: 1.41s | Spearman@80: 0.5456 | Kendall@80: 0.3987
Epoch 93/150 | Train Loss: 0.0158 | Epoch Time: 1.42s | Spearman@80: 0.5018 | Kendall@80: 0.3582
Epoch 94/150 | Train Loss: 0.0213 | Epoch Time: 1.42s | Spearman@80: 0.5823 | Kendall@80: 0.4247
Epoch 95/150 | Train Loss: 0.0214 | Epoch Time: 1.42s | Spearman@80: 0.4814 | Kendall@80: 0.3518
Epoch 96/150 | Train Loss: 0.0160 | Epoch Time: 1.42s | Spearman@80: 0.5502 | Kendall@80: 0.4133
Epoch 97/150 | Train Loss: 0.0157 | Epoch Time: 1.41s | Spearman@80: 0.5051 | Kendall@80: 0.3708
Epoch 98/150 | Train Loss: 0.0139 | Epoch Time: 1.41s | Spearman@80: 0.5176 | Kendall@80: 0.3778
Epoch 99/150 | Train Loss: 0.0119 | Epoch Time: 1.41s | Spearman@80: 0.5223 | Kendall@80: 0.3861
Epoch 100/150 | Train Loss: 0.0159 | Epoch Time: 1.42s | Spearman@80: 0.5265 | Kendall@80: 0.3880
Epoch 101/150 | Train Loss: 0.0133 | Epoch Time: 1.41s | Spearman@80: 0.5176 | Kendall@80: 0.3823
Epoch 102/150 | Train Loss: 0.0111 | Epoch Time: 1.41s | Spearman@80: 0.5555 | Kendall@80: 0.4108
Epoch 103/150 | Train Loss: 0.0132 | Epoch Time: 1.40s | Spearman@80: 0.5224 | Kendall@80: 0.3778
Epoch 104/150 | Train Loss: 0.0186 | Epoch Time: 1.41s | Spearman@80: 0.5468 | Kendall@80: 0.4044
Epoch 105/150 | Train Loss: 0.0109 | Epoch Time: 1.41s | Spearman@80: 0.5208 | Kendall@80: 0.3835
Epoch 106/150 | Train Loss: 0.0102 | Epoch Time: 1.42s | Spearman@80: 0.4803 | Kendall@80: 0.3518
Epoch 107/150 | Train Loss: 0.0108 | Epoch Time: 1.41s | Spearman@80: 0.5122 | Kendall@80: 0.3734
Epoch 108/150 | Train Loss: 0.0139 | Epoch Time: 1.42s | Spearman@80: 0.5018 | Kendall@80: 0.3702
Epoch 109/150 | Train Loss: 0.0119 | Epoch Time: 1.43s | Spearman@80: 0.5262 | Kendall@80: 0.3861
Epoch 110/150 | Train Loss: 0.0107 | Epoch Time: 1.42s | Spearman@80: 0.4957 | Kendall@80: 0.3620
Epoch 111/150 | Train Loss: 0.0107 | Epoch Time: 1.41s | Spearman@80: 0.5211 | Kendall@80: 0.3848
Epoch 112/150 | Train Loss: 0.0166 | Epoch Time: 1.42s | Spearman@80: 0.5027 | Kendall@80: 0.3759
Epoch 113/150 | Train Loss: 0.0125 | Epoch Time: 1.43s | Spearman@80: 0.5171 | Kendall@80: 0.3835
Epoch 114/150 | Train Loss: 0.0081 | Epoch Time: 1.42s | Spearman@80: 0.4977 | Kendall@80: 0.3607
Epoch 115/150 | Train Loss: 0.0093 | Epoch Time: 1.42s | Spearman@80: 0.4925 | Kendall@80: 0.3601
Epoch 116/150 | Train Loss: 0.0099 | Epoch Time: 1.42s | Spearman@80: 0.5049 | Kendall@80: 0.3696
Epoch 117/150 | Train Loss: 0.0081 | Epoch Time: 1.43s | Spearman@80: 0.4950 | Kendall@80: 0.3607
Epoch 118/150 | Train Loss: 0.0089 | Epoch Time: 1.42s | Spearman@80: 0.5141 | Kendall@80: 0.3759
Epoch 119/150 | Train Loss: 0.0088 | Epoch Time: 1.42s | Spearman@80: 0.5240 | Kendall@80: 0.3873
Epoch 120/150 | Train Loss: 0.0095 | Epoch Time: 1.42s | Spearman@80: 0.5141 | Kendall@80: 0.3803
Epoch 121/150 | Train Loss: 0.0129 | Epoch Time: 1.41s | Spearman@80: 0.4827 | Kendall@80: 0.3506
Epoch 122/150 | Train Loss: 0.0163 | Epoch Time: 1.43s | Spearman@80: 0.4945 | Kendall@80: 0.3594
Epoch 123/150 | Train Loss: 0.0089 | Epoch Time: 1.42s | Spearman@80: 0.5009 | Kendall@80: 0.3664
Epoch 124/150 | Train Loss: 0.0097 | Epoch Time: 1.40s | Spearman@80: 0.4939 | Kendall@80: 0.3639
Epoch 125/150 | Train Loss: 0.0112 | Epoch Time: 1.40s | Spearman@80: 0.5055 | Kendall@80: 0.3753
Epoch 126/150 | Train Loss: 0.0106 | Epoch Time: 1.40s | Spearman@80: 0.5021 | Kendall@80: 0.3715
Epoch 127/150 | Train Loss: 0.0089 | Epoch Time: 1.40s | Spearman@80: 0.5013 | Kendall@80: 0.3696
Epoch 128/150 | Train Loss: 0.0073 | Epoch Time: 1.40s | Spearman@80: 0.4865 | Kendall@80: 0.3569
Epoch 129/150 | Train Loss: 0.0134 | Epoch Time: 1.40s | Spearman@80: 0.4927 | Kendall@80: 0.3620
Epoch 130/150 | Train Loss: 0.0089 | Epoch Time: 1.40s | Spearman@80: 0.5061 | Kendall@80: 0.3765
Epoch 131/150 | Train Loss: 0.0114 | Epoch Time: 1.40s | Spearman@80: 0.5077 | Kendall@80: 0.3734
Epoch 132/150 | Train Loss: 0.0088 | Epoch Time: 1.40s | Spearman@80: 0.4946 | Kendall@80: 0.3626
Epoch 133/150 | Train Loss: 0.0096 | Epoch Time: 1.40s | Spearman@80: 0.4912 | Kendall@80: 0.3645
Epoch 134/150 | Train Loss: 0.0095 | Epoch Time: 1.42s | Spearman@80: 0.4986 | Kendall@80: 0.3689
Epoch 135/150 | Train Loss: 0.0090 | Epoch Time: 1.41s | Spearman@80: 0.4997 | Kendall@80: 0.3715
Epoch 136/150 | Train Loss: 0.0093 | Epoch Time: 1.41s | Spearman@80: 0.4989 | Kendall@80: 0.3696
Epoch 137/150 | Train Loss: 0.0085 | Epoch Time: 1.41s | Spearman@80: 0.4955 | Kendall@80: 0.3651
Epoch 138/150 | Train Loss: 0.0079 | Epoch Time: 1.41s | Spearman@80: 0.4980 | Kendall@80: 0.3677
Epoch 139/150 | Train Loss: 0.0067 | Epoch Time: 1.40s | Spearman@80: 0.4966 | Kendall@80: 0.3677
Epoch 140/150 | Train Loss: 0.0085 | Epoch Time: 1.41s | Spearman@80: 0.4928 | Kendall@80: 0.3645
Epoch 141/150 | Train Loss: 0.0094 | Epoch Time: 1.40s | Spearman@80: 0.4931 | Kendall@80: 0.3645
Epoch 142/150 | Train Loss: 0.0084 | Epoch Time: 1.42s | Spearman@80: 0.4930 | Kendall@80: 0.3626
Epoch 143/150 | Train Loss: 0.0094 | Epoch Time: 1.41s | Spearman@80: 0.4942 | Kendall@80: 0.3645
Epoch 144/150 | Train Loss: 0.0113 | Epoch Time: 1.41s | Spearman@80: 0.4957 | Kendall@80: 0.3658
Epoch 145/150 | Train Loss: 0.0089 | Epoch Time: 1.42s | Spearman@80: 0.4977 | Kendall@80: 0.3664
Epoch 146/150 | Train Loss: 0.0086 | Epoch Time: 1.42s | Spearman@80: 0.4977 | Kendall@80: 0.3677
Epoch 147/150 | Train Loss: 0.0096 | Epoch Time: 2.55s | Spearman@4870: 0.5447 | Kendall@4870: 0.3799
Epoch 148/150 | Train Loss: 0.0099 | Epoch Time: 2.45s | Spearman@4870: 0.5448 | Kendall@4870: 0.3799
Epoch 149/150 | Train Loss: 0.0085 | Epoch Time: 2.38s | Spearman@4870: 0.5449 | Kendall@4870: 0.3800
Epoch 150/150 | Train Loss: 0.0123 | Epoch Time: 2.39s | Spearman@4870: 0.5449 | Kendall@4870: 0.3799
Sample Count: 128, Spearman: 0.5448351022214719, Kendall: 0.3799224282729912
{64: (0.45121232167424663, 0.31080688093733627),
 128: (0.5448351022214719, 0.3799224282729912)}
Epoch 1/150 | Train Loss: 0.1009 | Epoch Time: 0.67s | Spearman@80: -0.0488 | Kendall@80: -0.0295
Epoch 2/150 | Train Loss: 0.0965 | Epoch Time: 0.67s | Spearman@80: -0.0358 | Kendall@80: -0.0111
Epoch 3/150 | Train Loss: 0.0937 | Epoch Time: 0.67s | Spearman@80: -0.0583 | Kendall@80: -0.0276
Epoch 4/150 | Train Loss: 0.0894 | Epoch Time: 0.67s | Spearman@80: -0.0234 | Kendall@80: -0.0073
Epoch 5/150 | Train Loss: 0.0869 | Epoch Time: 0.67s | Spearman@80: -0.0346 | Kendall@80: -0.0193
Epoch 6/150 | Train Loss: 0.0781 | Epoch Time: 0.67s | Spearman@80: -0.0162 | Kendall@80: -0.0086
Epoch 7/150 | Train Loss: 0.0842 | Epoch Time: 0.68s | Spearman@80: 0.0564 | Kendall@80: 0.0345
Epoch 8/150 | Train Loss: 0.0724 | Epoch Time: 0.67s | Spearman@80: 0.0589 | Kendall@80: 0.0485
Epoch 9/150 | Train Loss: 0.0675 | Epoch Time: 0.67s | Spearman@80: 0.1479 | Kendall@80: 0.0967
Epoch 10/150 | Train Loss: 0.0724 | Epoch Time: 0.66s | Spearman@80: 0.0905 | Kendall@80: 0.0624
Epoch 11/150 | Train Loss: 0.0587 | Epoch Time: 0.67s | Spearman@80: 0.0618 | Kendall@80: 0.0333
Epoch 12/150 | Train Loss: 0.0572 | Epoch Time: 0.68s | Spearman@80: 0.0491 | Kendall@80: 0.0244
Epoch 13/150 | Train Loss: 0.0588 | Epoch Time: 0.67s | Spearman@80: 0.1292 | Kendall@80: 0.0757
Epoch 14/150 | Train Loss: 0.0609 | Epoch Time: 0.67s | Spearman@80: 0.1893 | Kendall@80: 0.1195
Epoch 15/150 | Train Loss: 0.0505 | Epoch Time: 0.67s | Spearman@80: 0.2114 | Kendall@80: 0.1505
Epoch 16/150 | Train Loss: 0.0503 | Epoch Time: 0.67s | Spearman@80: 0.2464 | Kendall@80: 0.1714
Epoch 17/150 | Train Loss: 0.0504 | Epoch Time: 0.67s | Spearman@80: 0.3047 | Kendall@80: 0.2082
Epoch 18/150 | Train Loss: 0.0469 | Epoch Time: 0.66s | Spearman@80: 0.3862 | Kendall@80: 0.2697
Epoch 19/150 | Train Loss: 0.0508 | Epoch Time: 0.67s | Spearman@80: 0.4054 | Kendall@80: 0.2893
Epoch 20/150 | Train Loss: 0.0462 | Epoch Time: 0.67s | Spearman@80: 0.4203 | Kendall@80: 0.3007
Epoch 21/150 | Train Loss: 0.0463 | Epoch Time: 0.67s | Spearman@80: 0.3317 | Kendall@80: 0.2374
Epoch 22/150 | Train Loss: 0.0462 | Epoch Time: 0.67s | Spearman@80: 0.3423 | Kendall@80: 0.2323
Epoch 23/150 | Train Loss: 0.0438 | Epoch Time: 0.67s | Spearman@80: 0.4432 | Kendall@80: 0.3109
Epoch 24/150 | Train Loss: 0.0454 | Epoch Time: 0.67s | Spearman@80: 0.4469 | Kendall@80: 0.3122
Epoch 25/150 | Train Loss: 0.0349 | Epoch Time: 0.66s | Spearman@80: 0.3689 | Kendall@80: 0.2595
Epoch 26/150 | Train Loss: 0.0455 | Epoch Time: 0.67s | Spearman@80: 0.3656 | Kendall@80: 0.2538
Epoch 27/150 | Train Loss: 0.0409 | Epoch Time: 0.67s | Spearman@80: 0.4874 | Kendall@80: 0.3445
Epoch 28/150 | Train Loss: 0.0422 | Epoch Time: 0.66s | Spearman@80: 0.4565 | Kendall@80: 0.3210
Epoch 29/150 | Train Loss: 0.0469 | Epoch Time: 0.67s | Spearman@80: 0.4977 | Kendall@80: 0.3534
Epoch 30/150 | Train Loss: 0.0444 | Epoch Time: 0.66s | Spearman@80: 0.5083 | Kendall@80: 0.3616
Epoch 31/150 | Train Loss: 0.0406 | Epoch Time: 0.67s | Spearman@80: 0.4488 | Kendall@80: 0.3185
Epoch 32/150 | Train Loss: 0.0392 | Epoch Time: 0.67s | Spearman@80: 0.4184 | Kendall@80: 0.2938
Epoch 33/150 | Train Loss: 0.0344 | Epoch Time: 0.67s | Spearman@80: 0.4189 | Kendall@80: 0.2893
Epoch 34/150 | Train Loss: 0.0397 | Epoch Time: 0.67s | Spearman@80: 0.4307 | Kendall@80: 0.3039
Epoch 35/150 | Train Loss: 0.0389 | Epoch Time: 0.66s | Spearman@80: 0.4976 | Kendall@80: 0.3553
Epoch 36/150 | Train Loss: 0.0412 | Epoch Time: 0.67s | Spearman@80: 0.4803 | Kendall@80: 0.3381
Epoch 37/150 | Train Loss: 0.0373 | Epoch Time: 0.67s | Spearman@80: 0.4391 | Kendall@80: 0.3128
Epoch 38/150 | Train Loss: 0.0399 | Epoch Time: 0.66s | Spearman@80: 0.4536 | Kendall@80: 0.3217
Epoch 39/150 | Train Loss: 0.0395 | Epoch Time: 0.67s | Spearman@80: 0.4373 | Kendall@80: 0.3109
Epoch 40/150 | Train Loss: 0.0329 | Epoch Time: 0.67s | Spearman@80: 0.4293 | Kendall@80: 0.3007
Epoch 41/150 | Train Loss: 0.0473 | Epoch Time: 0.67s | Spearman@80: 0.5359 | Kendall@80: 0.3869
Epoch 42/150 | Train Loss: 0.0357 | Epoch Time: 0.66s | Spearman@80: 0.4767 | Kendall@80: 0.3369
Epoch 43/150 | Train Loss: 0.0271 | Epoch Time: 0.67s | Spearman@80: 0.4246 | Kendall@80: 0.2969
Epoch 44/150 | Train Loss: 0.0412 | Epoch Time: 0.67s | Spearman@80: 0.3867 | Kendall@80: 0.2710
Epoch 45/150 | Train Loss: 0.0361 | Epoch Time: 0.66s | Spearman@80: 0.4069 | Kendall@80: 0.2849
Epoch 46/150 | Train Loss: 0.0341 | Epoch Time: 0.67s | Spearman@80: 0.4671 | Kendall@80: 0.3337
Epoch 47/150 | Train Loss: 0.0360 | Epoch Time: 0.67s | Spearman@80: 0.4064 | Kendall@80: 0.2849
Epoch 48/150 | Train Loss: 0.0388 | Epoch Time: 0.68s | Spearman@80: 0.4146 | Kendall@80: 0.2843
Epoch 49/150 | Train Loss: 0.0363 | Epoch Time: 0.67s | Spearman@80: 0.4549 | Kendall@80: 0.3229
Epoch 50/150 | Train Loss: 0.0328 | Epoch Time: 0.67s | Spearman@80: 0.4258 | Kendall@80: 0.2995
Epoch 51/150 | Train Loss: 0.0332 | Epoch Time: 0.67s | Spearman@80: 0.4338 | Kendall@80: 0.3064
Epoch 52/150 | Train Loss: 0.0356 | Epoch Time: 0.68s | Spearman@80: 0.4552 | Kendall@80: 0.3223
Epoch 53/150 | Train Loss: 0.0305 | Epoch Time: 0.67s | Spearman@80: 0.4126 | Kendall@80: 0.2849
Epoch 54/150 | Train Loss: 0.0311 | Epoch Time: 0.67s | Spearman@80: 0.4415 | Kendall@80: 0.3071
Epoch 55/150 | Train Loss: 0.0281 | Epoch Time: 0.67s | Spearman@80: 0.4143 | Kendall@80: 0.2893
Epoch 56/150 | Train Loss: 0.0309 | Epoch Time: 0.66s | Spearman@80: 0.4399 | Kendall@80: 0.3103
Epoch 57/150 | Train Loss: 0.0296 | Epoch Time: 0.66s | Spearman@80: 0.4588 | Kendall@80: 0.3236
Epoch 58/150 | Train Loss: 0.0275 | Epoch Time: 0.67s | Spearman@80: 0.5262 | Kendall@80: 0.3800
Epoch 59/150 | Train Loss: 0.0276 | Epoch Time: 0.67s | Spearman@80: 0.5071 | Kendall@80: 0.3648
Epoch 60/150 | Train Loss: 0.0251 | Epoch Time: 0.68s | Spearman@80: 0.4937 | Kendall@80: 0.3572
Epoch 61/150 | Train Loss: 0.0280 | Epoch Time: 0.67s | Spearman@80: 0.4850 | Kendall@80: 0.3515
Epoch 62/150 | Train Loss: 0.0232 | Epoch Time: 0.67s | Spearman@80: 0.4662 | Kendall@80: 0.3337
Epoch 63/150 | Train Loss: 0.0265 | Epoch Time: 0.67s | Spearman@80: 0.4977 | Kendall@80: 0.3578
Epoch 64/150 | Train Loss: 0.0254 | Epoch Time: 0.67s | Spearman@80: 0.4972 | Kendall@80: 0.3584
Epoch 65/150 | Train Loss: 0.0282 | Epoch Time: 0.66s | Spearman@80: 0.4385 | Kendall@80: 0.3071
Epoch 66/150 | Train Loss: 0.0310 | Epoch Time: 0.66s | Spearman@80: 0.5117 | Kendall@80: 0.3686
Epoch 67/150 | Train Loss: 0.0304 | Epoch Time: 0.67s | Spearman@80: 0.5237 | Kendall@80: 0.3800
Epoch 68/150 | Train Loss: 0.0257 | Epoch Time: 0.66s | Spearman@80: 0.4830 | Kendall@80: 0.3521
Epoch 69/150 | Train Loss: 0.0243 | Epoch Time: 0.68s | Spearman@80: 0.4849 | Kendall@80: 0.3470
Epoch 70/150 | Train Loss: 0.0212 | Epoch Time: 0.67s | Spearman@80: 0.4403 | Kendall@80: 0.3077
Epoch 71/150 | Train Loss: 0.0189 | Epoch Time: 0.67s | Spearman@80: 0.4803 | Kendall@80: 0.3381
Epoch 72/150 | Train Loss: 0.0240 | Epoch Time: 0.67s | Spearman@80: 0.4979 | Kendall@80: 0.3610
Epoch 73/150 | Train Loss: 0.0248 | Epoch Time: 0.67s | Spearman@80: 0.4526 | Kendall@80: 0.3191
Epoch 74/150 | Train Loss: 0.0277 | Epoch Time: 0.67s | Spearman@80: 0.5098 | Kendall@80: 0.3641
Epoch 75/150 | Train Loss: 0.0260 | Epoch Time: 0.67s | Spearman@80: 0.5126 | Kendall@80: 0.3673
Epoch 76/150 | Train Loss: 0.0183 | Epoch Time: 0.67s | Spearman@80: 0.5225 | Kendall@80: 0.3857
Epoch 77/150 | Train Loss: 0.0192 | Epoch Time: 0.67s | Spearman@80: 0.4961 | Kendall@80: 0.3559
Epoch 78/150 | Train Loss: 0.0194 | Epoch Time: 0.67s | Spearman@80: 0.4673 | Kendall@80: 0.3324
Epoch 79/150 | Train Loss: 0.0207 | Epoch Time: 0.67s | Spearman@80: 0.4761 | Kendall@80: 0.3407
Epoch 80/150 | Train Loss: 0.0255 | Epoch Time: 0.66s | Spearman@80: 0.4735 | Kendall@80: 0.3388
Epoch 81/150 | Train Loss: 0.0233 | Epoch Time: 0.67s | Spearman@80: 0.4845 | Kendall@80: 0.3451
Epoch 82/150 | Train Loss: 0.0141 | Epoch Time: 0.68s | Spearman@80: 0.4798 | Kendall@80: 0.3457
Epoch 83/150 | Train Loss: 0.0167 | Epoch Time: 0.67s | Spearman@80: 0.5282 | Kendall@80: 0.3857
Epoch 84/150 | Train Loss: 0.0202 | Epoch Time: 0.67s | Spearman@80: 0.5096 | Kendall@80: 0.3692
Epoch 85/150 | Train Loss: 0.0232 | Epoch Time: 0.67s | Spearman@80: 0.5576 | Kendall@80: 0.4066
Epoch 86/150 | Train Loss: 0.0159 | Epoch Time: 0.67s | Spearman@80: 0.5245 | Kendall@80: 0.3838
Epoch 87/150 | Train Loss: 0.0217 | Epoch Time: 0.67s | Spearman@80: 0.4949 | Kendall@80: 0.3515
Epoch 88/150 | Train Loss: 0.0214 | Epoch Time: 0.67s | Spearman@80: 0.5117 | Kendall@80: 0.3686
Epoch 89/150 | Train Loss: 0.0171 | Epoch Time: 0.67s | Spearman@80: 0.4713 | Kendall@80: 0.3305
Epoch 90/150 | Train Loss: 0.0180 | Epoch Time: 0.66s | Spearman@80: 0.4990 | Kendall@80: 0.3629
Epoch 91/150 | Train Loss: 0.0142 | Epoch Time: 0.66s | Spearman@80: 0.5176 | Kendall@80: 0.3800
Epoch 92/150 | Train Loss: 0.0194 | Epoch Time: 0.67s | Spearman@80: 0.4874 | Kendall@80: 0.3565
Epoch 93/150 | Train Loss: 0.0164 | Epoch Time: 0.67s | Spearman@80: 0.5230 | Kendall@80: 0.3825
Epoch 94/150 | Train Loss: 0.0217 | Epoch Time: 0.67s | Spearman@80: 0.5035 | Kendall@80: 0.3673
Epoch 95/150 | Train Loss: 0.0137 | Epoch Time: 0.67s | Spearman@80: 0.4924 | Kendall@80: 0.3521
Epoch 96/150 | Train Loss: 0.0192 | Epoch Time: 0.66s | Spearman@80: 0.4859 | Kendall@80: 0.3483
Epoch 97/150 | Train Loss: 0.0161 | Epoch Time: 0.67s | Spearman@80: 0.4969 | Kendall@80: 0.3565
Epoch 98/150 | Train Loss: 0.0194 | Epoch Time: 0.66s | Spearman@80: 0.5072 | Kendall@80: 0.3603
Epoch 99/150 | Train Loss: 0.0148 | Epoch Time: 0.68s | Spearman@80: 0.4784 | Kendall@80: 0.3419
Epoch 100/150 | Train Loss: 0.0149 | Epoch Time: 0.67s | Spearman@80: 0.4902 | Kendall@80: 0.3476
Epoch 101/150 | Train Loss: 0.0148 | Epoch Time: 0.67s | Spearman@80: 0.4819 | Kendall@80: 0.3426
Epoch 102/150 | Train Loss: 0.0185 | Epoch Time: 0.66s | Spearman@80: 0.5137 | Kendall@80: 0.3730
Epoch 103/150 | Train Loss: 0.0179 | Epoch Time: 0.67s | Spearman@80: 0.5153 | Kendall@80: 0.3736
Epoch 104/150 | Train Loss: 0.0113 | Epoch Time: 0.67s | Spearman@80: 0.5105 | Kendall@80: 0.3673
Epoch 105/150 | Train Loss: 0.0124 | Epoch Time: 0.66s | Spearman@80: 0.5198 | Kendall@80: 0.3768
Epoch 106/150 | Train Loss: 0.0123 | Epoch Time: 0.67s | Spearman@80: 0.5128 | Kendall@80: 0.3667
Epoch 107/150 | Train Loss: 0.0150 | Epoch Time: 0.67s | Spearman@80: 0.5234 | Kendall@80: 0.3787
Epoch 108/150 | Train Loss: 0.0120 | Epoch Time: 0.67s | Spearman@80: 0.4821 | Kendall@80: 0.3457
Epoch 109/150 | Train Loss: 0.0117 | Epoch Time: 0.67s | Spearman@80: 0.4679 | Kendall@80: 0.3337
Epoch 110/150 | Train Loss: 0.0143 | Epoch Time: 0.66s | Spearman@80: 0.4959 | Kendall@80: 0.3584
Epoch 111/150 | Train Loss: 0.0105 | Epoch Time: 0.67s | Spearman@80: 0.4843 | Kendall@80: 0.3457
Epoch 112/150 | Train Loss: 0.0142 | Epoch Time: 0.67s | Spearman@80: 0.4902 | Kendall@80: 0.3476
Epoch 113/150 | Train Loss: 0.0156 | Epoch Time: 0.66s | Spearman@80: 0.4921 | Kendall@80: 0.3540
Epoch 114/150 | Train Loss: 0.0116 | Epoch Time: 0.67s | Spearman@80: 0.5034 | Kendall@80: 0.3629
Epoch 115/150 | Train Loss: 0.0089 | Epoch Time: 0.66s | Spearman@80: 0.5086 | Kendall@80: 0.3692
Epoch 116/150 | Train Loss: 0.0152 | Epoch Time: 0.67s | Spearman@80: 0.5044 | Kendall@80: 0.3635
Epoch 117/150 | Train Loss: 0.0083 | Epoch Time: 0.67s | Spearman@80: 0.5107 | Kendall@80: 0.3686
Epoch 118/150 | Train Loss: 0.0105 | Epoch Time: 0.67s | Spearman@80: 0.5125 | Kendall@80: 0.3705
Epoch 119/150 | Train Loss: 0.0087 | Epoch Time: 0.67s | Spearman@80: 0.4868 | Kendall@80: 0.3495
Epoch 120/150 | Train Loss: 0.0138 | Epoch Time: 0.67s | Spearman@80: 0.4954 | Kendall@80: 0.3578
Epoch 121/150 | Train Loss: 0.0096 | Epoch Time: 0.66s | Spearman@80: 0.5020 | Kendall@80: 0.3622
Epoch 122/150 | Train Loss: 0.0136 | Epoch Time: 0.67s | Spearman@80: 0.5078 | Kendall@80: 0.3635
Epoch 123/150 | Train Loss: 0.0125 | Epoch Time: 0.67s | Spearman@80: 0.5029 | Kendall@80: 0.3667
Epoch 124/150 | Train Loss: 0.0088 | Epoch Time: 0.67s | Spearman@80: 0.4863 | Kendall@80: 0.3515
Epoch 125/150 | Train Loss: 0.0114 | Epoch Time: 0.67s | Spearman@80: 0.4822 | Kendall@80: 0.3489
Epoch 126/150 | Train Loss: 0.0112 | Epoch Time: 0.68s | Spearman@80: 0.4893 | Kendall@80: 0.3565
Epoch 127/150 | Train Loss: 0.0132 | Epoch Time: 0.67s | Spearman@80: 0.4855 | Kendall@80: 0.3495
Epoch 128/150 | Train Loss: 0.0075 | Epoch Time: 0.66s | Spearman@80: 0.4928 | Kendall@80: 0.3565
Epoch 129/150 | Train Loss: 0.0122 | Epoch Time: 0.67s | Spearman@80: 0.4968 | Kendall@80: 0.3597
Epoch 130/150 | Train Loss: 0.0067 | Epoch Time: 0.67s | Spearman@80: 0.5024 | Kendall@80: 0.3635
Epoch 131/150 | Train Loss: 0.0153 | Epoch Time: 0.67s | Spearman@80: 0.5003 | Kendall@80: 0.3610
Epoch 132/150 | Train Loss: 0.0092 | Epoch Time: 0.68s | Spearman@80: 0.4858 | Kendall@80: 0.3515
Epoch 133/150 | Train Loss: 0.0082 | Epoch Time: 0.66s | Spearman@80: 0.4783 | Kendall@80: 0.3451
Epoch 134/150 | Train Loss: 0.0073 | Epoch Time: 0.67s | Spearman@80: 0.4778 | Kendall@80: 0.3438
Epoch 135/150 | Train Loss: 0.0100 | Epoch Time: 0.67s | Spearman@80: 0.4785 | Kendall@80: 0.3464
Epoch 136/150 | Train Loss: 0.0110 | Epoch Time: 0.67s | Spearman@80: 0.4872 | Kendall@80: 0.3527
Epoch 137/150 | Train Loss: 0.0080 | Epoch Time: 0.67s | Spearman@80: 0.4928 | Kendall@80: 0.3572
Epoch 138/150 | Train Loss: 0.0111 | Epoch Time: 0.68s | Spearman@80: 0.4948 | Kendall@80: 0.3603
Epoch 139/150 | Train Loss: 0.0107 | Epoch Time: 0.67s | Spearman@80: 0.4961 | Kendall@80: 0.3616
Epoch 140/150 | Train Loss: 0.0076 | Epoch Time: 0.67s | Spearman@80: 0.4958 | Kendall@80: 0.3603
Epoch 141/150 | Train Loss: 0.0099 | Epoch Time: 0.67s | Spearman@80: 0.4954 | Kendall@80: 0.3591
Epoch 142/150 | Train Loss: 0.0086 | Epoch Time: 0.67s | Spearman@80: 0.4937 | Kendall@80: 0.3572
Epoch 143/150 | Train Loss: 0.0109 | Epoch Time: 0.67s | Spearman@80: 0.4941 | Kendall@80: 0.3572
Epoch 144/150 | Train Loss: 0.0078 | Epoch Time: 0.68s | Spearman@80: 0.4918 | Kendall@80: 0.3559
Epoch 145/150 | Train Loss: 0.0109 | Epoch Time: 0.67s | Spearman@80: 0.4906 | Kendall@80: 0.3546
Epoch 146/150 | Train Loss: 0.0109 | Epoch Time: 0.67s | Spearman@80: 0.4920 | Kendall@80: 0.3553
Epoch 147/150 | Train Loss: 0.0106 | Epoch Time: 1.76s | Spearman@4934: 0.5851 | Kendall@4934: 0.4140
Epoch 148/150 | Train Loss: 0.0114 | Epoch Time: 1.78s | Spearman@4934: 0.5849 | Kendall@4934: 0.4138
Epoch 149/150 | Train Loss: 0.0089 | Epoch Time: 1.76s | Spearman@4934: 0.5848 | Kendall@4934: 0.4137
Epoch 150/150 | Train Loss: 0.0078 | Epoch Time: 1.78s | Spearman@4934: 0.5848 | Kendall@4934: 0.4137
Sample Count: 64, Spearman: 0.5849049563776108, Kendall: 0.41379663987366777
{64: (0.5849049563776108, 0.41379663987366777),
 128: (0.5448351022214719, 0.3799224282729912)}
Epoch 1/150 | Train Loss: 0.1006 | Epoch Time: 1.33s | Spearman@80: 0.3106 | Kendall@80: 0.2112
Epoch 2/150 | Train Loss: 0.0940 | Epoch Time: 1.32s | Spearman@80: 0.3073 | Kendall@80: 0.2042
Epoch 3/150 | Train Loss: 0.0779 | Epoch Time: 1.31s | Spearman@80: 0.5344 | Kendall@80: 0.3697
Epoch 4/150 | Train Loss: 0.0697 | Epoch Time: 1.32s | Spearman@80: 0.6174 | Kendall@80: 0.4451
Epoch 5/150 | Train Loss: 0.0647 | Epoch Time: 1.32s | Spearman@80: 0.4835 | Kendall@80: 0.3386
Epoch 6/150 | Train Loss: 0.0653 | Epoch Time: 1.32s | Spearman@80: 0.6981 | Kendall@80: 0.5124
Epoch 7/150 | Train Loss: 0.0558 | Epoch Time: 1.31s | Spearman@80: 0.6891 | Kendall@80: 0.5022
Epoch 8/150 | Train Loss: 0.0516 | Epoch Time: 1.31s | Spearman@80: 0.7149 | Kendall@80: 0.5181
Epoch 9/150 | Train Loss: 0.0523 | Epoch Time: 1.31s | Spearman@80: 0.6382 | Kendall@80: 0.4540
Epoch 10/150 | Train Loss: 0.0606 | Epoch Time: 1.31s | Spearman@80: 0.7056 | Kendall@80: 0.5079
Epoch 11/150 | Train Loss: 0.0583 | Epoch Time: 1.32s | Spearman@80: 0.7039 | Kendall@80: 0.5270
Epoch 12/150 | Train Loss: 0.0532 | Epoch Time: 1.32s | Spearman@80: 0.7324 | Kendall@80: 0.5409
Epoch 13/150 | Train Loss: 0.0568 | Epoch Time: 1.31s | Spearman@80: 0.7151 | Kendall@80: 0.5162
Epoch 14/150 | Train Loss: 0.0514 | Epoch Time: 1.31s | Spearman@80: 0.7038 | Kendall@80: 0.5193
Epoch 15/150 | Train Loss: 0.0556 | Epoch Time: 1.32s | Spearman@80: 0.7096 | Kendall@80: 0.5149
Epoch 16/150 | Train Loss: 0.0521 | Epoch Time: 1.31s | Spearman@80: 0.7007 | Kendall@80: 0.5155
Epoch 17/150 | Train Loss: 0.0516 | Epoch Time: 1.31s | Spearman@80: 0.7314 | Kendall@80: 0.5384
Epoch 18/150 | Train Loss: 0.0528 | Epoch Time: 1.31s | Spearman@80: 0.6496 | Kendall@80: 0.4711
Epoch 19/150 | Train Loss: 0.0587 | Epoch Time: 1.32s | Spearman@80: 0.7294 | Kendall@80: 0.5371
Epoch 20/150 | Train Loss: 0.0483 | Epoch Time: 1.31s | Spearman@80: 0.7184 | Kendall@80: 0.5314
Epoch 21/150 | Train Loss: 0.0492 | Epoch Time: 1.31s | Spearman@80: 0.7171 | Kendall@80: 0.5225
Epoch 22/150 | Train Loss: 0.0480 | Epoch Time: 2.89s | Spearman@80: 0.6850 | Kendall@80: 0.4997
Epoch 23/150 | Train Loss: 0.0521 | Epoch Time: 1.33s | Spearman@80: 0.7389 | Kendall@80: 0.5403
Epoch 24/150 | Train Loss: 0.0460 | Epoch Time: 1.33s | Spearman@80: 0.7301 | Kendall@80: 0.5441
Epoch 25/150 | Train Loss: 0.0416 | Epoch Time: 1.33s | Spearman@80: 0.6706 | Kendall@80: 0.4889
Epoch 26/150 | Train Loss: 0.0480 | Epoch Time: 1.33s | Spearman@80: 0.7343 | Kendall@80: 0.5460
Epoch 27/150 | Train Loss: 0.0476 | Epoch Time: 1.33s | Spearman@80: 0.7118 | Kendall@80: 0.5301
Epoch 28/150 | Train Loss: 0.0442 | Epoch Time: 1.34s | Spearman@80: 0.6735 | Kendall@80: 0.4927
Epoch 29/150 | Train Loss: 0.0453 | Epoch Time: 1.33s | Spearman@80: 0.7213 | Kendall@80: 0.5308
Epoch 30/150 | Train Loss: 0.0521 | Epoch Time: 1.33s | Spearman@80: 0.7103 | Kendall@80: 0.5238
Epoch 31/150 | Train Loss: 0.0490 | Epoch Time: 1.33s | Spearman@80: 0.7326 | Kendall@80: 0.5479
Epoch 32/150 | Train Loss: 0.0479 | Epoch Time: 1.32s | Spearman@80: 0.7384 | Kendall@80: 0.5422
Epoch 33/150 | Train Loss: 0.0436 | Epoch Time: 1.33s | Spearman@80: 0.6794 | Kendall@80: 0.4997
Epoch 34/150 | Train Loss: 0.0494 | Epoch Time: 1.33s | Spearman@80: 0.7247 | Kendall@80: 0.5333
Epoch 35/150 | Train Loss: 0.0455 | Epoch Time: 1.33s | Spearman@80: 0.7097 | Kendall@80: 0.5333
Epoch 36/150 | Train Loss: 0.0444 | Epoch Time: 1.33s | Spearman@80: 0.7241 | Kendall@80: 0.5314
Epoch 37/150 | Train Loss: 0.0407 | Epoch Time: 1.31s | Spearman@80: 0.6572 | Kendall@80: 0.4724
Epoch 38/150 | Train Loss: 0.0405 | Epoch Time: 1.34s | Spearman@80: 0.6983 | Kendall@80: 0.5117
Epoch 39/150 | Train Loss: 0.0348 | Epoch Time: 1.33s | Spearman@80: 0.7280 | Kendall@80: 0.5339
Epoch 40/150 | Train Loss: 0.0366 | Epoch Time: 1.33s | Spearman@80: 0.6293 | Kendall@80: 0.4471
Epoch 41/150 | Train Loss: 0.0397 | Epoch Time: 1.32s | Spearman@80: 0.7178 | Kendall@80: 0.5314
Epoch 42/150 | Train Loss: 0.0403 | Epoch Time: 1.33s | Spearman@80: 0.6692 | Kendall@80: 0.4895
Epoch 43/150 | Train Loss: 0.0371 | Epoch Time: 1.34s | Spearman@80: 0.6960 | Kendall@80: 0.5105
Epoch 44/150 | Train Loss: 0.0390 | Epoch Time: 1.34s | Spearman@80: 0.7258 | Kendall@80: 0.5314
Epoch 45/150 | Train Loss: 0.0464 | Epoch Time: 1.34s | Spearman@80: 0.7205 | Kendall@80: 0.5257
Epoch 46/150 | Train Loss: 0.0416 | Epoch Time: 1.33s | Spearman@80: 0.6808 | Kendall@80: 0.4997
Epoch 47/150 | Train Loss: 0.0408 | Epoch Time: 1.34s | Spearman@80: 0.6947 | Kendall@80: 0.5041
Epoch 48/150 | Train Loss: 0.0412 | Epoch Time: 1.33s | Spearman@80: 0.6847 | Kendall@80: 0.4997
Epoch 49/150 | Train Loss: 0.0387 | Epoch Time: 1.33s | Spearman@80: 0.6993 | Kendall@80: 0.5111
Epoch 50/150 | Train Loss: 0.0370 | Epoch Time: 1.32s | Spearman@80: 0.7233 | Kendall@80: 0.5384
Epoch 51/150 | Train Loss: 0.0352 | Epoch Time: 1.33s | Spearman@80: 0.6507 | Kendall@80: 0.4731
Epoch 52/150 | Train Loss: 0.0452 | Epoch Time: 1.33s | Spearman@80: 0.7064 | Kendall@80: 0.5168
Epoch 53/150 | Train Loss: 0.0511 | Epoch Time: 1.33s | Spearman@80: 0.6945 | Kendall@80: 0.5079
Epoch 54/150 | Train Loss: 0.0411 | Epoch Time: 1.32s | Spearman@80: 0.6862 | Kendall@80: 0.4959
Epoch 55/150 | Train Loss: 0.0432 | Epoch Time: 1.34s | Spearman@80: 0.7149 | Kendall@80: 0.5187
Epoch 56/150 | Train Loss: 0.0372 | Epoch Time: 1.33s | Spearman@80: 0.6974 | Kendall@80: 0.5117
Epoch 57/150 | Train Loss: 0.0305 | Epoch Time: 1.33s | Spearman@80: 0.6996 | Kendall@80: 0.5174
Epoch 58/150 | Train Loss: 0.0364 | Epoch Time: 1.33s | Spearman@80: 0.7058 | Kendall@80: 0.5162
Epoch 59/150 | Train Loss: 0.0376 | Epoch Time: 1.35s | Spearman@80: 0.6857 | Kendall@80: 0.4984
Epoch 60/150 | Train Loss: 0.0354 | Epoch Time: 1.33s | Spearman@80: 0.6770 | Kendall@80: 0.4870
Epoch 61/150 | Train Loss: 0.0327 | Epoch Time: 1.32s | Spearman@80: 0.6633 | Kendall@80: 0.4775
Epoch 62/150 | Train Loss: 0.0289 | Epoch Time: 1.33s | Spearman@80: 0.6870 | Kendall@80: 0.5035
Epoch 63/150 | Train Loss: 0.0329 | Epoch Time: 1.32s | Spearman@80: 0.6764 | Kendall@80: 0.4921
Epoch 64/150 | Train Loss: 0.0294 | Epoch Time: 1.33s | Spearman@80: 0.6167 | Kendall@80: 0.4445
Epoch 65/150 | Train Loss: 0.0275 | Epoch Time: 1.34s | Spearman@80: 0.7349 | Kendall@80: 0.5377
Epoch 66/150 | Train Loss: 0.0313 | Epoch Time: 1.32s | Spearman@80: 0.6952 | Kendall@80: 0.5048
Epoch 67/150 | Train Loss: 0.0290 | Epoch Time: 1.32s | Spearman@80: 0.6800 | Kendall@80: 0.4914
Epoch 68/150 | Train Loss: 0.0329 | Epoch Time: 1.33s | Spearman@80: 0.7095 | Kendall@80: 0.5117
Epoch 69/150 | Train Loss: 0.0246 | Epoch Time: 1.33s | Spearman@80: 0.6723 | Kendall@80: 0.4870
Epoch 70/150 | Train Loss: 0.0298 | Epoch Time: 1.33s | Spearman@80: 0.7163 | Kendall@80: 0.5270
Epoch 71/150 | Train Loss: 0.0328 | Epoch Time: 1.33s | Spearman@80: 0.6934 | Kendall@80: 0.4997
Epoch 72/150 | Train Loss: 0.0344 | Epoch Time: 1.32s | Spearman@80: 0.6986 | Kendall@80: 0.5048
Epoch 73/150 | Train Loss: 0.0290 | Epoch Time: 1.33s | Spearman@80: 0.6700 | Kendall@80: 0.4864
Epoch 74/150 | Train Loss: 0.0283 | Epoch Time: 1.33s | Spearman@80: 0.6878 | Kendall@80: 0.5022
Epoch 75/150 | Train Loss: 0.0248 | Epoch Time: 1.34s | Spearman@80: 0.6977 | Kendall@80: 0.5073
Epoch 76/150 | Train Loss: 0.0225 | Epoch Time: 1.32s | Spearman@80: 0.6805 | Kendall@80: 0.4984
Epoch 77/150 | Train Loss: 0.0273 | Epoch Time: 1.32s | Spearman@80: 0.6841 | Kendall@80: 0.4927
Epoch 78/150 | Train Loss: 0.0291 | Epoch Time: 1.33s | Spearman@80: 0.6689 | Kendall@80: 0.4775
Epoch 79/150 | Train Loss: 0.0230 | Epoch Time: 1.33s | Spearman@80: 0.6544 | Kendall@80: 0.4699
Epoch 80/150 | Train Loss: 0.0265 | Epoch Time: 1.34s | Spearman@80: 0.6130 | Kendall@80: 0.4331
Epoch 81/150 | Train Loss: 0.0227 | Epoch Time: 1.32s | Spearman@80: 0.6589 | Kendall@80: 0.4731
Epoch 82/150 | Train Loss: 0.0208 | Epoch Time: 1.34s | Spearman@80: 0.6966 | Kendall@80: 0.5048
Epoch 83/150 | Train Loss: 0.0237 | Epoch Time: 1.33s | Spearman@80: 0.6416 | Kendall@80: 0.4629
Epoch 84/150 | Train Loss: 0.0266 | Epoch Time: 1.32s | Spearman@80: 0.6939 | Kendall@80: 0.4978
Epoch 85/150 | Train Loss: 0.0205 | Epoch Time: 1.33s | Spearman@80: 0.6555 | Kendall@80: 0.4699
Epoch 86/150 | Train Loss: 0.0210 | Epoch Time: 1.34s | Spearman@80: 0.6591 | Kendall@80: 0.4743
Epoch 87/150 | Train Loss: 0.0177 | Epoch Time: 1.33s | Spearman@80: 0.6779 | Kendall@80: 0.4902
Epoch 88/150 | Train Loss: 0.0177 | Epoch Time: 1.33s | Spearman@80: 0.6624 | Kendall@80: 0.4800
Epoch 89/150 | Train Loss: 0.0225 | Epoch Time: 1.33s | Spearman@80: 0.6690 | Kendall@80: 0.4788
Epoch 90/150 | Train Loss: 0.0196 | Epoch Time: 1.33s | Spearman@80: 0.6939 | Kendall@80: 0.5016
Epoch 91/150 | Train Loss: 0.0299 | Epoch Time: 1.33s | Spearman@80: 0.6673 | Kendall@80: 0.4705
Epoch 92/150 | Train Loss: 0.0234 | Epoch Time: 1.33s | Spearman@80: 0.6194 | Kendall@80: 0.4426
Epoch 93/150 | Train Loss: 0.0258 | Epoch Time: 1.33s | Spearman@80: 0.6570 | Kendall@80: 0.4743
Epoch 94/150 | Train Loss: 0.0221 | Epoch Time: 1.31s | Spearman@80: 0.6578 | Kendall@80: 0.4750
Epoch 95/150 | Train Loss: 0.0229 | Epoch Time: 1.33s | Spearman@80: 0.6550 | Kendall@80: 0.4743
Epoch 96/150 | Train Loss: 0.0199 | Epoch Time: 1.34s | Spearman@80: 0.6121 | Kendall@80: 0.4426
Epoch 97/150 | Train Loss: 0.0289 | Epoch Time: 1.33s | Spearman@80: 0.6628 | Kendall@80: 0.4781
Epoch 98/150 | Train Loss: 0.0196 | Epoch Time: 1.34s | Spearman@80: 0.6640 | Kendall@80: 0.4838
Epoch 99/150 | Train Loss: 0.0223 | Epoch Time: 1.33s | Spearman@80: 0.6639 | Kendall@80: 0.4750
Epoch 100/150 | Train Loss: 0.0173 | Epoch Time: 1.34s | Spearman@80: 0.6544 | Kendall@80: 0.4692
Epoch 101/150 | Train Loss: 0.0188 | Epoch Time: 1.34s | Spearman@80: 0.6633 | Kendall@80: 0.4737
Epoch 102/150 | Train Loss: 0.0152 | Epoch Time: 1.33s | Spearman@80: 0.6841 | Kendall@80: 0.4965
Epoch 103/150 | Train Loss: 0.0180 | Epoch Time: 1.33s | Spearman@80: 0.6859 | Kendall@80: 0.4946
Epoch 104/150 | Train Loss: 0.0185 | Epoch Time: 1.34s | Spearman@80: 0.6626 | Kendall@80: 0.4769
Epoch 105/150 | Train Loss: 0.0160 | Epoch Time: 1.34s | Spearman@80: 0.6505 | Kendall@80: 0.4686
Epoch 106/150 | Train Loss: 0.0172 | Epoch Time: 1.34s | Spearman@80: 0.6545 | Kendall@80: 0.4743
Epoch 107/150 | Train Loss: 0.0132 | Epoch Time: 1.33s | Spearman@80: 0.6398 | Kendall@80: 0.4585
Epoch 108/150 | Train Loss: 0.0140 | Epoch Time: 1.31s | Spearman@80: 0.6530 | Kendall@80: 0.4711
Epoch 109/150 | Train Loss: 0.0159 | Epoch Time: 1.33s | Spearman@80: 0.6373 | Kendall@80: 0.4597
Epoch 110/150 | Train Loss: 0.0182 | Epoch Time: 1.33s | Spearman@80: 0.6711 | Kendall@80: 0.4838
Epoch 111/150 | Train Loss: 0.0181 | Epoch Time: 1.34s | Spearman@80: 0.6537 | Kendall@80: 0.4699
Epoch 112/150 | Train Loss: 0.0119 | Epoch Time: 1.33s | Spearman@80: 0.6714 | Kendall@80: 0.4800
Epoch 113/150 | Train Loss: 0.0141 | Epoch Time: 1.33s | Spearman@80: 0.6533 | Kendall@80: 0.4692
Epoch 114/150 | Train Loss: 0.0130 | Epoch Time: 1.33s | Spearman@80: 0.6591 | Kendall@80: 0.4731
Epoch 115/150 | Train Loss: 0.0150 | Epoch Time: 1.32s | Spearman@80: 0.6725 | Kendall@80: 0.4845
Epoch 116/150 | Train Loss: 0.0101 | Epoch Time: 1.33s | Spearman@80: 0.6627 | Kendall@80: 0.4800
Epoch 117/150 | Train Loss: 0.0109 | Epoch Time: 1.33s | Spearman@80: 0.6594 | Kendall@80: 0.4705
Epoch 118/150 | Train Loss: 0.0137 | Epoch Time: 1.33s | Spearman@80: 0.6681 | Kendall@80: 0.4756
Epoch 119/150 | Train Loss: 0.0119 | Epoch Time: 1.34s | Spearman@80: 0.6545 | Kendall@80: 0.4731
Epoch 120/150 | Train Loss: 0.0127 | Epoch Time: 1.34s | Spearman@80: 0.6551 | Kendall@80: 0.4718
Epoch 121/150 | Train Loss: 0.0135 | Epoch Time: 1.34s | Spearman@80: 0.6436 | Kendall@80: 0.4610
Epoch 122/150 | Train Loss: 0.0126 | Epoch Time: 1.33s | Spearman@80: 0.6440 | Kendall@80: 0.4616
Epoch 123/150 | Train Loss: 0.0090 | Epoch Time: 1.34s | Spearman@80: 0.6498 | Kendall@80: 0.4629
Epoch 124/150 | Train Loss: 0.0124 | Epoch Time: 1.33s | Spearman@80: 0.6529 | Kendall@80: 0.4680
Epoch 125/150 | Train Loss: 0.0118 | Epoch Time: 1.34s | Spearman@80: 0.6493 | Kendall@80: 0.4642
Epoch 126/150 | Train Loss: 0.0097 | Epoch Time: 1.33s | Spearman@80: 0.6469 | Kendall@80: 0.4654
Epoch 127/150 | Train Loss: 0.0139 | Epoch Time: 1.33s | Spearman@80: 0.6452 | Kendall@80: 0.4629
Epoch 128/150 | Train Loss: 0.0123 | Epoch Time: 1.33s | Spearman@80: 0.6486 | Kendall@80: 0.4635
Epoch 129/150 | Train Loss: 0.0132 | Epoch Time: 1.33s | Spearman@80: 0.6496 | Kendall@80: 0.4661
Epoch 130/150 | Train Loss: 0.0090 | Epoch Time: 1.33s | Spearman@80: 0.6495 | Kendall@80: 0.4648
Epoch 131/150 | Train Loss: 0.0096 | Epoch Time: 1.33s | Spearman@80: 0.6546 | Kendall@80: 0.4705
Epoch 132/150 | Train Loss: 0.0075 | Epoch Time: 1.33s | Spearman@80: 0.6520 | Kendall@80: 0.4673
Epoch 133/150 | Train Loss: 0.0097 | Epoch Time: 1.33s | Spearman@80: 0.6468 | Kendall@80: 0.4610
Epoch 134/150 | Train Loss: 0.0078 | Epoch Time: 1.34s | Spearman@80: 0.6504 | Kendall@80: 0.4642
Epoch 135/150 | Train Loss: 0.0101 | Epoch Time: 1.34s | Spearman@80: 0.6530 | Kendall@80: 0.4661
Epoch 136/150 | Train Loss: 0.0111 | Epoch Time: 1.33s | Spearman@80: 0.6544 | Kendall@80: 0.4635
Epoch 137/150 | Train Loss: 0.0069 | Epoch Time: 1.33s | Spearman@80: 0.6513 | Kendall@80: 0.4635
Epoch 138/150 | Train Loss: 0.0128 | Epoch Time: 1.36s | Spearman@80: 0.6553 | Kendall@80: 0.4667
Epoch 139/150 | Train Loss: 0.0095 | Epoch Time: 1.34s | Spearman@80: 0.6522 | Kendall@80: 0.4635
Epoch 140/150 | Train Loss: 0.0122 | Epoch Time: 1.34s | Spearman@80: 0.6556 | Kendall@80: 0.4673
Epoch 141/150 | Train Loss: 0.0098 | Epoch Time: 1.40s | Spearman@80: 0.6570 | Kendall@80: 0.4692
Epoch 142/150 | Train Loss: 0.0092 | Epoch Time: 1.34s | Spearman@80: 0.6558 | Kendall@80: 0.4692
Epoch 143/150 | Train Loss: 0.0105 | Epoch Time: 1.34s | Spearman@80: 0.6532 | Kendall@80: 0.4661
Epoch 144/150 | Train Loss: 0.0090 | Epoch Time: 1.33s | Spearman@80: 0.6549 | Kendall@80: 0.4673
Epoch 145/150 | Train Loss: 0.0130 | Epoch Time: 1.32s | Spearman@80: 0.6537 | Kendall@80: 0.4673
Epoch 146/150 | Train Loss: 0.0088 | Epoch Time: 1.34s | Spearman@80: 0.6516 | Kendall@80: 0.4654
Epoch 147/150 | Train Loss: 0.0111 | Epoch Time: 2.43s | Spearman@4870: 0.6027 | Kendall@4870: 0.4265
Epoch 148/150 | Train Loss: 0.0092 | Epoch Time: 2.43s | Spearman@4870: 0.6026 | Kendall@4870: 0.4265
Epoch 149/150 | Train Loss: 0.0119 | Epoch Time: 2.43s | Spearman@4870: 0.6027 | Kendall@4870: 0.4265
Epoch 150/150 | Train Loss: 0.0119 | Epoch Time: 2.42s | Spearman@4870: 0.6025 | Kendall@4870: 0.4264
Sample Count: 128, Spearman: 0.6026074046790245, Kendall: 0.426474851741961
{64: (0.5849049563776108, 0.41379663987366777),
 128: (0.6026074046790245, 0.426474851741961)}
Epoch 1/150 | Train Loss: 0.0994 | Epoch Time: 0.69s | Spearman@80: 0.4538 | Kendall@80: 0.3202
Epoch 2/150 | Train Loss: 0.0980 | Epoch Time: 0.68s | Spearman@80: 0.2619 | Kendall@80: 0.1764
Epoch 3/150 | Train Loss: 0.0947 | Epoch Time: 0.67s | Spearman@80: 0.2131 | Kendall@80: 0.1428
Epoch 4/150 | Train Loss: 0.0834 | Epoch Time: 0.68s | Spearman@80: 0.2626 | Kendall@80: 0.1783
Epoch 5/150 | Train Loss: 0.0773 | Epoch Time: 0.68s | Spearman@80: 0.3786 | Kendall@80: 0.2568
Epoch 6/150 | Train Loss: 0.0740 | Epoch Time: 0.67s | Spearman@80: 0.4141 | Kendall@80: 0.2828
Epoch 7/150 | Train Loss: 0.0603 | Epoch Time: 0.67s | Spearman@80: 0.5580 | Kendall@80: 0.4006
Epoch 8/150 | Train Loss: 0.0560 | Epoch Time: 0.69s | Spearman@80: 0.4846 | Kendall@80: 0.3373
Epoch 9/150 | Train Loss: 0.0533 | Epoch Time: 0.67s | Spearman@80: 0.6908 | Kendall@80: 0.5108
Epoch 10/150 | Train Loss: 0.0515 | Epoch Time: 0.68s | Spearman@80: 0.5098 | Kendall@80: 0.3550
Epoch 11/150 | Train Loss: 0.0439 | Epoch Time: 0.68s | Spearman@80: 0.6413 | Kendall@80: 0.4545
Epoch 12/150 | Train Loss: 0.0437 | Epoch Time: 0.67s | Spearman@80: 0.6479 | Kendall@80: 0.4652
Epoch 13/150 | Train Loss: 0.0496 | Epoch Time: 0.68s | Spearman@80: 0.5155 | Kendall@80: 0.3436
Epoch 14/150 | Train Loss: 0.0396 | Epoch Time: 0.68s | Spearman@80: 0.6007 | Kendall@80: 0.4272
Epoch 15/150 | Train Loss: 0.0496 | Epoch Time: 0.68s | Spearman@80: 0.5794 | Kendall@80: 0.3937
Epoch 16/150 | Train Loss: 0.0591 | Epoch Time: 0.68s | Spearman@80: 0.6806 | Kendall@80: 0.5013
Epoch 17/150 | Train Loss: 0.0477 | Epoch Time: 0.68s | Spearman@80: 0.6697 | Kendall@80: 0.4849
Epoch 18/150 | Train Loss: 0.0404 | Epoch Time: 0.67s | Spearman@80: 0.6367 | Kendall@80: 0.4500
Epoch 19/150 | Train Loss: 0.0415 | Epoch Time: 0.68s | Spearman@80: 0.6427 | Kendall@80: 0.4507
Epoch 20/150 | Train Loss: 0.0315 | Epoch Time: 0.68s | Spearman@80: 0.6058 | Kendall@80: 0.4253
Epoch 21/150 | Train Loss: 0.0366 | Epoch Time: 0.68s | Spearman@80: 0.6571 | Kendall@80: 0.4766
Epoch 22/150 | Train Loss: 0.0409 | Epoch Time: 0.68s | Spearman@80: 0.6745 | Kendall@80: 0.4912
Epoch 23/150 | Train Loss: 0.0387 | Epoch Time: 0.67s | Spearman@80: 0.7108 | Kendall@80: 0.5286
Epoch 24/150 | Train Loss: 0.0347 | Epoch Time: 0.68s | Spearman@80: 0.5909 | Kendall@80: 0.4127
Epoch 25/150 | Train Loss: 0.0354 | Epoch Time: 0.67s | Spearman@80: 0.6679 | Kendall@80: 0.4779
Epoch 26/150 | Train Loss: 0.0361 | Epoch Time: 0.68s | Spearman@80: 0.6935 | Kendall@80: 0.5127
Epoch 27/150 | Train Loss: 0.0325 | Epoch Time: 0.69s | Spearman@80: 0.6950 | Kendall@80: 0.5134
Epoch 28/150 | Train Loss: 0.0349 | Epoch Time: 0.68s | Spearman@80: 0.7267 | Kendall@80: 0.5476
Epoch 29/150 | Train Loss: 0.0324 | Epoch Time: 0.68s | Spearman@80: 0.7183 | Kendall@80: 0.5368
Epoch 30/150 | Train Loss: 0.0300 | Epoch Time: 0.68s | Spearman@80: 0.6640 | Kendall@80: 0.4728
Epoch 31/150 | Train Loss: 0.0305 | Epoch Time: 0.67s | Spearman@80: 0.6860 | Kendall@80: 0.4950
Epoch 32/150 | Train Loss: 0.0443 | Epoch Time: 0.67s | Spearman@80: 0.7235 | Kendall@80: 0.5368
Epoch 33/150 | Train Loss: 0.0347 | Epoch Time: 0.67s | Spearman@80: 0.6616 | Kendall@80: 0.4703
Epoch 34/150 | Train Loss: 0.0295 | Epoch Time: 0.68s | Spearman@80: 0.7338 | Kendall@80: 0.5413
Epoch 35/150 | Train Loss: 0.0279 | Epoch Time: 0.67s | Spearman@80: 0.7258 | Kendall@80: 0.5343
Epoch 36/150 | Train Loss: 0.0273 | Epoch Time: 0.68s | Spearman@80: 0.7043 | Kendall@80: 0.5102
Epoch 37/150 | Train Loss: 0.0342 | Epoch Time: 0.68s | Spearman@80: 0.6820 | Kendall@80: 0.4912
Epoch 38/150 | Train Loss: 0.0268 | Epoch Time: 0.68s | Spearman@80: 0.6846 | Kendall@80: 0.4836
Epoch 39/150 | Train Loss: 0.0301 | Epoch Time: 0.68s | Spearman@80: 0.7181 | Kendall@80: 0.5324
Epoch 40/150 | Train Loss: 0.0252 | Epoch Time: 0.68s | Spearman@80: 0.7291 | Kendall@80: 0.5368
Epoch 41/150 | Train Loss: 0.0320 | Epoch Time: 0.68s | Spearman@80: 0.6721 | Kendall@80: 0.4779
Epoch 42/150 | Train Loss: 0.0246 | Epoch Time: 0.68s | Spearman@80: 0.6977 | Kendall@80: 0.5039
Epoch 43/150 | Train Loss: 0.0259 | Epoch Time: 0.68s | Spearman@80: 0.7148 | Kendall@80: 0.5279
Epoch 44/150 | Train Loss: 0.0262 | Epoch Time: 0.68s | Spearman@80: 0.6948 | Kendall@80: 0.5032
Epoch 45/150 | Train Loss: 0.0196 | Epoch Time: 0.68s | Spearman@80: 0.6648 | Kendall@80: 0.4728
Epoch 46/150 | Train Loss: 0.0260 | Epoch Time: 0.67s | Spearman@80: 0.7404 | Kendall@80: 0.5501
Epoch 47/150 | Train Loss: 0.0267 | Epoch Time: 0.67s | Spearman@80: 0.6807 | Kendall@80: 0.4842
Epoch 48/150 | Train Loss: 0.0233 | Epoch Time: 0.67s | Spearman@80: 0.5928 | Kendall@80: 0.4234
Epoch 49/150 | Train Loss: 0.0264 | Epoch Time: 0.68s | Spearman@80: 0.6827 | Kendall@80: 0.4931
Epoch 50/150 | Train Loss: 0.0217 | Epoch Time: 0.68s | Spearman@80: 0.7280 | Kendall@80: 0.5394
Epoch 51/150 | Train Loss: 0.0203 | Epoch Time: 0.67s | Spearman@80: 0.6876 | Kendall@80: 0.4937
Epoch 52/150 | Train Loss: 0.0267 | Epoch Time: 0.68s | Spearman@80: 0.6177 | Kendall@80: 0.4374
Epoch 53/150 | Train Loss: 0.0192 | Epoch Time: 0.68s | Spearman@80: 0.6913 | Kendall@80: 0.4963
Epoch 54/150 | Train Loss: 0.0242 | Epoch Time: 0.68s | Spearman@80: 0.6934 | Kendall@80: 0.5051
Epoch 55/150 | Train Loss: 0.0246 | Epoch Time: 0.68s | Spearman@80: 0.6900 | Kendall@80: 0.5001
Epoch 56/150 | Train Loss: 0.0168 | Epoch Time: 0.68s | Spearman@80: 0.6368 | Kendall@80: 0.4538
Epoch 57/150 | Train Loss: 0.0166 | Epoch Time: 0.67s | Spearman@80: 0.6201 | Kendall@80: 0.4412
Epoch 58/150 | Train Loss: 0.0111 | Epoch Time: 0.67s | Spearman@80: 0.6338 | Kendall@80: 0.4538
Epoch 59/150 | Train Loss: 0.0199 | Epoch Time: 0.67s | Spearman@80: 0.6322 | Kendall@80: 0.4538
Epoch 60/150 | Train Loss: 0.0228 | Epoch Time: 0.68s | Spearman@80: 0.6460 | Kendall@80: 0.4621
Epoch 61/150 | Train Loss: 0.0190 | Epoch Time: 0.68s | Spearman@80: 0.6942 | Kendall@80: 0.5051
Epoch 62/150 | Train Loss: 0.0193 | Epoch Time: 0.68s | Spearman@80: 0.7477 | Kendall@80: 0.5539
Epoch 63/150 | Train Loss: 0.0256 | Epoch Time: 0.68s | Spearman@80: 0.6875 | Kendall@80: 0.5089
Epoch 64/150 | Train Loss: 0.0171 | Epoch Time: 0.68s | Spearman@80: 0.6279 | Kendall@80: 0.4462
Epoch 65/150 | Train Loss: 0.0222 | Epoch Time: 0.68s | Spearman@80: 0.5587 | Kendall@80: 0.3981
Epoch 66/150 | Train Loss: 0.0159 | Epoch Time: 0.68s | Spearman@80: 0.6035 | Kendall@80: 0.4342
Epoch 67/150 | Train Loss: 0.0156 | Epoch Time: 0.68s | Spearman@80: 0.5650 | Kendall@80: 0.4000
Epoch 68/150 | Train Loss: 0.0192 | Epoch Time: 0.68s | Spearman@80: 0.5956 | Kendall@80: 0.4222
Epoch 69/150 | Train Loss: 0.0207 | Epoch Time: 0.67s | Spearman@80: 0.6538 | Kendall@80: 0.4671
Epoch 70/150 | Train Loss: 0.0248 | Epoch Time: 0.67s | Spearman@80: 0.6564 | Kendall@80: 0.4659
Epoch 71/150 | Train Loss: 0.0181 | Epoch Time: 0.68s | Spearman@80: 0.7180 | Kendall@80: 0.5172
Epoch 72/150 | Train Loss: 0.0132 | Epoch Time: 0.67s | Spearman@80: 0.6661 | Kendall@80: 0.4754
Epoch 73/150 | Train Loss: 0.0139 | Epoch Time: 0.68s | Spearman@80: 0.6256 | Kendall@80: 0.4399
Epoch 74/150 | Train Loss: 0.0123 | Epoch Time: 0.68s | Spearman@80: 0.6145 | Kendall@80: 0.4247
Epoch 75/150 | Train Loss: 0.0234 | Epoch Time: 0.68s | Spearman@80: 0.6737 | Kendall@80: 0.4747
Epoch 76/150 | Train Loss: 0.0149 | Epoch Time: 0.68s | Spearman@80: 0.6511 | Kendall@80: 0.4646
Epoch 77/150 | Train Loss: 0.0217 | Epoch Time: 0.68s | Spearman@80: 0.6362 | Kendall@80: 0.4564
Epoch 78/150 | Train Loss: 0.0152 | Epoch Time: 0.69s | Spearman@80: 0.7204 | Kendall@80: 0.5267
Epoch 79/150 | Train Loss: 0.0141 | Epoch Time: 0.68s | Spearman@80: 0.6868 | Kendall@80: 0.4925
Epoch 80/150 | Train Loss: 0.0181 | Epoch Time: 0.68s | Spearman@80: 0.6548 | Kendall@80: 0.4659
Epoch 81/150 | Train Loss: 0.0123 | Epoch Time: 0.68s | Spearman@80: 0.6644 | Kendall@80: 0.4792
Epoch 82/150 | Train Loss: 0.0112 | Epoch Time: 0.68s | Spearman@80: 0.7243 | Kendall@80: 0.5273
Epoch 83/150 | Train Loss: 0.0163 | Epoch Time: 0.68s | Spearman@80: 0.6348 | Kendall@80: 0.4500
Epoch 84/150 | Train Loss: 0.0132 | Epoch Time: 0.69s | Spearman@80: 0.6354 | Kendall@80: 0.4507
Epoch 85/150 | Train Loss: 0.0138 | Epoch Time: 0.68s | Spearman@80: 0.6920 | Kendall@80: 0.4994
Epoch 86/150 | Train Loss: 0.0138 | Epoch Time: 0.69s | Spearman@80: 0.5653 | Kendall@80: 0.4006
Epoch 87/150 | Train Loss: 0.0105 | Epoch Time: 0.68s | Spearman@80: 0.6475 | Kendall@80: 0.4646
Epoch 88/150 | Train Loss: 0.0148 | Epoch Time: 0.69s | Spearman@80: 0.6992 | Kendall@80: 0.5064
Epoch 89/150 | Train Loss: 0.0160 | Epoch Time: 0.68s | Spearman@80: 0.6857 | Kendall@80: 0.4931
Epoch 90/150 | Train Loss: 0.0101 | Epoch Time: 0.68s | Spearman@80: 0.6631 | Kendall@80: 0.4779
Epoch 91/150 | Train Loss: 0.0098 | Epoch Time: 0.68s | Spearman@80: 0.6031 | Kendall@80: 0.4222
Epoch 92/150 | Train Loss: 0.0142 | Epoch Time: 0.68s | Spearman@80: 0.6891 | Kendall@80: 0.4868
Epoch 93/150 | Train Loss: 0.0107 | Epoch Time: 0.68s | Spearman@80: 0.6949 | Kendall@80: 0.4950
Epoch 94/150 | Train Loss: 0.0116 | Epoch Time: 0.68s | Spearman@80: 0.6258 | Kendall@80: 0.4323
Epoch 95/150 | Train Loss: 0.0105 | Epoch Time: 0.67s | Spearman@80: 0.6521 | Kendall@80: 0.4538
Epoch 96/150 | Train Loss: 0.0116 | Epoch Time: 0.68s | Spearman@80: 0.6823 | Kendall@80: 0.4868
Epoch 97/150 | Train Loss: 0.0090 | Epoch Time: 0.67s | Spearman@80: 0.6814 | Kendall@80: 0.4842
Epoch 98/150 | Train Loss: 0.0072 | Epoch Time: 0.68s | Spearman@80: 0.6231 | Kendall@80: 0.4412
Epoch 99/150 | Train Loss: 0.0123 | Epoch Time: 0.68s | Spearman@80: 0.6367 | Kendall@80: 0.4507
Epoch 100/150 | Train Loss: 0.0075 | Epoch Time: 0.67s | Spearman@80: 0.6575 | Kendall@80: 0.4684
Epoch 101/150 | Train Loss: 0.0119 | Epoch Time: 0.68s | Spearman@80: 0.6201 | Kendall@80: 0.4399
Epoch 102/150 | Train Loss: 0.0077 | Epoch Time: 0.67s | Spearman@80: 0.5822 | Kendall@80: 0.4139
Epoch 103/150 | Train Loss: 0.0101 | Epoch Time: 0.68s | Spearman@80: 0.6245 | Kendall@80: 0.4418
Epoch 104/150 | Train Loss: 0.0104 | Epoch Time: 0.68s | Spearman@80: 0.6542 | Kendall@80: 0.4640
Epoch 105/150 | Train Loss: 0.0079 | Epoch Time: 0.68s | Spearman@80: 0.6070 | Kendall@80: 0.4285
Epoch 106/150 | Train Loss: 0.0109 | Epoch Time: 0.67s | Spearman@80: 0.6664 | Kendall@80: 0.4754
Epoch 107/150 | Train Loss: 0.0091 | Epoch Time: 0.68s | Spearman@80: 0.6735 | Kendall@80: 0.4823
Epoch 108/150 | Train Loss: 0.0086 | Epoch Time: 0.68s | Spearman@80: 0.6107 | Kendall@80: 0.4342
Epoch 109/150 | Train Loss: 0.0094 | Epoch Time: 0.68s | Spearman@80: 0.5871 | Kendall@80: 0.4095
Epoch 110/150 | Train Loss: 0.0089 | Epoch Time: 0.68s | Spearman@80: 0.6831 | Kendall@80: 0.4931
Epoch 111/150 | Train Loss: 0.0134 | Epoch Time: 0.68s | Spearman@80: 0.7019 | Kendall@80: 0.5108
Epoch 112/150 | Train Loss: 0.0057 | Epoch Time: 0.68s | Spearman@80: 0.6616 | Kendall@80: 0.4716
Epoch 113/150 | Train Loss: 0.0098 | Epoch Time: 0.67s | Spearman@80: 0.6286 | Kendall@80: 0.4456
Epoch 114/150 | Train Loss: 0.0059 | Epoch Time: 0.68s | Spearman@80: 0.6229 | Kendall@80: 0.4386
Epoch 115/150 | Train Loss: 0.0115 | Epoch Time: 0.68s | Spearman@80: 0.6172 | Kendall@80: 0.4329
Epoch 116/150 | Train Loss: 0.0080 | Epoch Time: 0.67s | Spearman@80: 0.6419 | Kendall@80: 0.4576
Epoch 117/150 | Train Loss: 0.0123 | Epoch Time: 0.68s | Spearman@80: 0.6540 | Kendall@80: 0.4671
Epoch 118/150 | Train Loss: 0.0084 | Epoch Time: 0.67s | Spearman@80: 0.6485 | Kendall@80: 0.4614
Epoch 119/150 | Train Loss: 0.0107 | Epoch Time: 0.68s | Spearman@80: 0.6241 | Kendall@80: 0.4418
Epoch 120/150 | Train Loss: 0.0055 | Epoch Time: 0.68s | Spearman@80: 0.6019 | Kendall@80: 0.4266
Epoch 121/150 | Train Loss: 0.0082 | Epoch Time: 0.68s | Spearman@80: 0.6305 | Kendall@80: 0.4475
Epoch 122/150 | Train Loss: 0.0096 | Epoch Time: 0.67s | Spearman@80: 0.6528 | Kendall@80: 0.4665
Epoch 123/150 | Train Loss: 0.0124 | Epoch Time: 0.68s | Spearman@80: 0.6184 | Kendall@80: 0.4412
Epoch 124/150 | Train Loss: 0.0119 | Epoch Time: 0.68s | Spearman@80: 0.5874 | Kendall@80: 0.4158
Epoch 125/150 | Train Loss: 0.0098 | Epoch Time: 0.68s | Spearman@80: 0.5846 | Kendall@80: 0.4152
Epoch 126/150 | Train Loss: 0.0101 | Epoch Time: 0.68s | Spearman@80: 0.6046 | Kendall@80: 0.4317
Epoch 127/150 | Train Loss: 0.0076 | Epoch Time: 0.68s | Spearman@80: 0.6106 | Kendall@80: 0.4386
Epoch 128/150 | Train Loss: 0.0094 | Epoch Time: 0.67s | Spearman@80: 0.6117 | Kendall@80: 0.4405
Epoch 129/150 | Train Loss: 0.0094 | Epoch Time: 0.67s | Spearman@80: 0.6194 | Kendall@80: 0.4481
Epoch 130/150 | Train Loss: 0.0094 | Epoch Time: 0.67s | Spearman@80: 0.6325 | Kendall@80: 0.4545
Epoch 131/150 | Train Loss: 0.0100 | Epoch Time: 0.68s | Spearman@80: 0.6628 | Kendall@80: 0.4779
Epoch 132/150 | Train Loss: 0.0109 | Epoch Time: 0.67s | Spearman@80: 0.6593 | Kendall@80: 0.4766
Epoch 133/150 | Train Loss: 0.0050 | Epoch Time: 0.68s | Spearman@80: 0.6531 | Kendall@80: 0.4659
Epoch 134/150 | Train Loss: 0.0130 | Epoch Time: 0.68s | Spearman@80: 0.6401 | Kendall@80: 0.4583
Epoch 135/150 | Train Loss: 0.0134 | Epoch Time: 0.68s | Spearman@80: 0.6293 | Kendall@80: 0.4519
Epoch 136/150 | Train Loss: 0.0103 | Epoch Time: 0.67s | Spearman@80: 0.6153 | Kendall@80: 0.4424
Epoch 137/150 | Train Loss: 0.0070 | Epoch Time: 0.68s | Spearman@80: 0.6131 | Kendall@80: 0.4405
Epoch 138/150 | Train Loss: 0.0061 | Epoch Time: 0.69s | Spearman@80: 0.6175 | Kendall@80: 0.4424
Epoch 139/150 | Train Loss: 0.0105 | Epoch Time: 0.67s | Spearman@80: 0.6120 | Kendall@80: 0.4399
Epoch 140/150 | Train Loss: 0.0062 | Epoch Time: 0.67s | Spearman@80: 0.6136 | Kendall@80: 0.4412
Epoch 141/150 | Train Loss: 0.0066 | Epoch Time: 0.67s | Spearman@80: 0.6109 | Kendall@80: 0.4386
Epoch 142/150 | Train Loss: 0.0082 | Epoch Time: 0.68s | Spearman@80: 0.6128 | Kendall@80: 0.4405
Epoch 143/150 | Train Loss: 0.0095 | Epoch Time: 0.67s | Spearman@80: 0.6121 | Kendall@80: 0.4399
Epoch 144/150 | Train Loss: 0.0059 | Epoch Time: 0.69s | Spearman@80: 0.6123 | Kendall@80: 0.4386
Epoch 145/150 | Train Loss: 0.0070 | Epoch Time: 0.68s | Spearman@80: 0.6123 | Kendall@80: 0.4380
Epoch 146/150 | Train Loss: 0.0031 | Epoch Time: 0.68s | Spearman@80: 0.6120 | Kendall@80: 0.4374
Epoch 147/150 | Train Loss: 0.0085 | Epoch Time: 1.79s | Spearman@4934: 0.5877 | Kendall@4934: 0.4164
Epoch 148/150 | Train Loss: 0.0053 | Epoch Time: 1.79s | Spearman@4934: 0.5878 | Kendall@4934: 0.4165
Epoch 149/150 | Train Loss: 0.0072 | Epoch Time: 1.78s | Spearman@4934: 0.5880 | Kendall@4934: 0.4167
Epoch 150/150 | Train Loss: 0.0098 | Epoch Time: 1.78s | Spearman@4934: 0.5880 | Kendall@4934: 0.4167
Sample Count: 64, Spearman: 0.5878785714830866, Kendall: 0.41659049721964175
{64: (0.5878785714830866, 0.41659049721964175),
 128: (0.6026074046790245, 0.426474851741961)}
Epoch 1/150 | Train Loss: 0.0980 | Epoch Time: 1.31s | Spearman@80: 0.4855 | Kendall@80: 0.3440
Epoch 2/150 | Train Loss: 0.0861 | Epoch Time: 1.32s | Spearman@80: 0.4755 | Kendall@80: 0.3313
Epoch 3/150 | Train Loss: 0.0734 | Epoch Time: 1.34s | Spearman@80: 0.4833 | Kendall@80: 0.3427
Epoch 4/150 | Train Loss: 0.0676 | Epoch Time: 1.33s | Spearman@80: 0.5954 | Kendall@80: 0.4378
Epoch 5/150 | Train Loss: 0.0647 | Epoch Time: 1.33s | Spearman@80: 0.6212 | Kendall@80: 0.4555
Epoch 6/150 | Train Loss: 0.0556 | Epoch Time: 1.33s | Spearman@80: 0.5859 | Kendall@80: 0.4150
Epoch 7/150 | Train Loss: 0.0558 | Epoch Time: 1.33s | Spearman@80: 0.5899 | Kendall@80: 0.4150
Epoch 8/150 | Train Loss: 0.0574 | Epoch Time: 1.33s | Spearman@80: 0.4966 | Kendall@80: 0.3605
Epoch 9/150 | Train Loss: 0.0575 | Epoch Time: 1.32s | Spearman@80: 0.6053 | Kendall@80: 0.4333
Epoch 10/150 | Train Loss: 0.0465 | Epoch Time: 1.32s | Spearman@80: 0.5528 | Kendall@80: 0.3966
Epoch 11/150 | Train Loss: 0.0538 | Epoch Time: 1.33s | Spearman@80: 0.5667 | Kendall@80: 0.4042
Epoch 12/150 | Train Loss: 0.0535 | Epoch Time: 1.33s | Spearman@80: 0.5504 | Kendall@80: 0.3833
Epoch 13/150 | Train Loss: 0.0568 | Epoch Time: 1.33s | Spearman@80: 0.5016 | Kendall@80: 0.3472
Epoch 14/150 | Train Loss: 0.0494 | Epoch Time: 1.32s | Spearman@80: 0.5737 | Kendall@80: 0.3997
Epoch 15/150 | Train Loss: 0.0454 | Epoch Time: 1.33s | Spearman@80: 0.5396 | Kendall@80: 0.3731
Epoch 16/150 | Train Loss: 0.0569 | Epoch Time: 1.33s | Spearman@80: 0.5861 | Kendall@80: 0.4207
Epoch 17/150 | Train Loss: 0.0425 | Epoch Time: 1.33s | Spearman@80: 0.5857 | Kendall@80: 0.4162
Epoch 18/150 | Train Loss: 0.0477 | Epoch Time: 1.33s | Spearman@80: 0.5940 | Kendall@80: 0.4245
Epoch 19/150 | Train Loss: 0.0502 | Epoch Time: 1.32s | Spearman@80: 0.6275 | Kendall@80: 0.4555
Epoch 20/150 | Train Loss: 0.0480 | Epoch Time: 1.32s | Spearman@80: 0.6124 | Kendall@80: 0.4346
Epoch 21/150 | Train Loss: 0.0442 | Epoch Time: 1.33s | Spearman@80: 0.6135 | Kendall@80: 0.4390
Epoch 22/150 | Train Loss: 0.0474 | Epoch Time: 1.33s | Spearman@80: 0.5869 | Kendall@80: 0.4143
Epoch 23/150 | Train Loss: 0.0528 | Epoch Time: 1.33s | Spearman@80: 0.5821 | Kendall@80: 0.4143
Epoch 24/150 | Train Loss: 0.0484 | Epoch Time: 1.32s | Spearman@80: 0.6254 | Kendall@80: 0.4460
Epoch 25/150 | Train Loss: 0.0498 | Epoch Time: 1.33s | Spearman@80: 0.6396 | Kendall@80: 0.4656
Epoch 26/150 | Train Loss: 0.0468 | Epoch Time: 1.35s | Spearman@80: 0.6216 | Kendall@80: 0.4447
Epoch 27/150 | Train Loss: 0.0488 | Epoch Time: 1.32s | Spearman@80: 0.6032 | Kendall@80: 0.4295
Epoch 28/150 | Train Loss: 0.0385 | Epoch Time: 1.32s | Spearman@80: 0.5426 | Kendall@80: 0.3681
Epoch 29/150 | Train Loss: 0.0516 | Epoch Time: 1.32s | Spearman@80: 0.6020 | Kendall@80: 0.4276
Epoch 30/150 | Train Loss: 0.0499 | Epoch Time: 1.32s | Spearman@80: 0.6564 | Kendall@80: 0.4846
Epoch 31/150 | Train Loss: 0.0437 | Epoch Time: 1.32s | Spearman@80: 0.6103 | Kendall@80: 0.4371
Epoch 32/150 | Train Loss: 0.0461 | Epoch Time: 1.33s | Spearman@80: 0.6121 | Kendall@80: 0.4441
Epoch 33/150 | Train Loss: 0.0381 | Epoch Time: 1.32s | Spearman@80: 0.6245 | Kendall@80: 0.4485
Epoch 34/150 | Train Loss: 0.0439 | Epoch Time: 1.33s | Spearman@80: 0.5919 | Kendall@80: 0.4175
Epoch 35/150 | Train Loss: 0.0426 | Epoch Time: 1.33s | Spearman@80: 0.5534 | Kendall@80: 0.3928
Epoch 36/150 | Train Loss: 0.0416 | Epoch Time: 1.32s | Spearman@80: 0.5311 | Kendall@80: 0.3681
Epoch 37/150 | Train Loss: 0.0377 | Epoch Time: 1.32s | Spearman@80: 0.6149 | Kendall@80: 0.4384
Epoch 38/150 | Train Loss: 0.0351 | Epoch Time: 1.32s | Spearman@80: 0.6200 | Kendall@80: 0.4435
Epoch 39/150 | Train Loss: 0.0412 | Epoch Time: 1.32s | Spearman@80: 0.5721 | Kendall@80: 0.4086
Epoch 40/150 | Train Loss: 0.0383 | Epoch Time: 1.32s | Spearman@80: 0.6176 | Kendall@80: 0.4460
Epoch 41/150 | Train Loss: 0.0309 | Epoch Time: 1.32s | Spearman@80: 0.6163 | Kendall@80: 0.4371
Epoch 42/150 | Train Loss: 0.0380 | Epoch Time: 1.32s | Spearman@80: 0.6120 | Kendall@80: 0.4422
Epoch 43/150 | Train Loss: 0.0380 | Epoch Time: 1.32s | Spearman@80: 0.5865 | Kendall@80: 0.4112
Epoch 44/150 | Train Loss: 0.0358 | Epoch Time: 1.32s | Spearman@80: 0.6052 | Kendall@80: 0.4283
Epoch 45/150 | Train Loss: 0.0384 | Epoch Time: 1.33s | Spearman@80: 0.6067 | Kendall@80: 0.4283
Epoch 46/150 | Train Loss: 0.0312 | Epoch Time: 1.32s | Spearman@80: 0.5424 | Kendall@80: 0.3833
Epoch 47/150 | Train Loss: 0.0347 | Epoch Time: 1.32s | Spearman@80: 0.5944 | Kendall@80: 0.4200
Epoch 48/150 | Train Loss: 0.0353 | Epoch Time: 1.32s | Spearman@80: 0.6085 | Kendall@80: 0.4257
Epoch 49/150 | Train Loss: 0.0366 | Epoch Time: 1.31s | Spearman@80: 0.6063 | Kendall@80: 0.4257
Epoch 50/150 | Train Loss: 0.0337 | Epoch Time: 1.33s | Spearman@80: 0.5902 | Kendall@80: 0.4162
Epoch 51/150 | Train Loss: 0.0372 | Epoch Time: 1.32s | Spearman@80: 0.5835 | Kendall@80: 0.4080
Epoch 52/150 | Train Loss: 0.0278 | Epoch Time: 1.31s | Spearman@80: 0.5956 | Kendall@80: 0.4283
Epoch 53/150 | Train Loss: 0.0324 | Epoch Time: 1.33s | Spearman@80: 0.5733 | Kendall@80: 0.3985
Epoch 54/150 | Train Loss: 0.0348 | Epoch Time: 1.32s | Spearman@80: 0.6013 | Kendall@80: 0.4251
Epoch 55/150 | Train Loss: 0.0356 | Epoch Time: 1.33s | Spearman@80: 0.5855 | Kendall@80: 0.4080
Epoch 56/150 | Train Loss: 0.0297 | Epoch Time: 1.32s | Spearman@80: 0.6095 | Kendall@80: 0.4289
Epoch 57/150 | Train Loss: 0.0348 | Epoch Time: 1.32s | Spearman@80: 0.6000 | Kendall@80: 0.4251
Epoch 58/150 | Train Loss: 0.0291 | Epoch Time: 1.32s | Spearman@80: 0.5876 | Kendall@80: 0.4118
Epoch 59/150 | Train Loss: 0.0332 | Epoch Time: 1.32s | Spearman@80: 0.5581 | Kendall@80: 0.3833
Epoch 60/150 | Train Loss: 0.0256 | Epoch Time: 1.33s | Spearman@80: 0.5936 | Kendall@80: 0.4156
Epoch 61/150 | Train Loss: 0.0274 | Epoch Time: 1.31s | Spearman@80: 0.6076 | Kendall@80: 0.4289
Epoch 62/150 | Train Loss: 0.0261 | Epoch Time: 1.32s | Spearman@80: 0.5783 | Kendall@80: 0.4048
Epoch 63/150 | Train Loss: 0.0281 | Epoch Time: 1.32s | Spearman@80: 0.6150 | Kendall@80: 0.4416
Epoch 64/150 | Train Loss: 0.0279 | Epoch Time: 1.33s | Spearman@80: 0.5467 | Kendall@80: 0.3807
Epoch 65/150 | Train Loss: 0.0313 | Epoch Time: 1.33s | Spearman@80: 0.5795 | Kendall@80: 0.4029
Epoch 66/150 | Train Loss: 0.0287 | Epoch Time: 1.32s | Spearman@80: 0.5781 | Kendall@80: 0.4035
Epoch 67/150 | Train Loss: 0.0290 | Epoch Time: 1.31s | Spearman@80: 0.5784 | Kendall@80: 0.4042
Epoch 68/150 | Train Loss: 0.0279 | Epoch Time: 1.33s | Spearman@80: 0.5843 | Kendall@80: 0.4143
Epoch 69/150 | Train Loss: 0.0272 | Epoch Time: 1.33s | Spearman@80: 0.5117 | Kendall@80: 0.3554
Epoch 70/150 | Train Loss: 0.0299 | Epoch Time: 1.33s | Spearman@80: 0.6259 | Kendall@80: 0.4454
Epoch 71/150 | Train Loss: 0.0259 | Epoch Time: 1.32s | Spearman@80: 0.6120 | Kendall@80: 0.4289
Epoch 72/150 | Train Loss: 0.0259 | Epoch Time: 1.34s | Spearman@80: 0.5888 | Kendall@80: 0.4137
Epoch 73/150 | Train Loss: 0.0216 | Epoch Time: 1.32s | Spearman@80: 0.5454 | Kendall@80: 0.3826
Epoch 74/150 | Train Loss: 0.0249 | Epoch Time: 1.32s | Spearman@80: 0.5737 | Kendall@80: 0.4004
Epoch 75/150 | Train Loss: 0.0222 | Epoch Time: 1.31s | Spearman@80: 0.5874 | Kendall@80: 0.4092
Epoch 76/150 | Train Loss: 0.0216 | Epoch Time: 1.31s | Spearman@80: 0.5901 | Kendall@80: 0.4156
Epoch 77/150 | Train Loss: 0.0256 | Epoch Time: 1.32s | Spearman@80: 0.5609 | Kendall@80: 0.3978
Epoch 78/150 | Train Loss: 0.0229 | Epoch Time: 1.32s | Spearman@80: 0.4946 | Kendall@80: 0.3389
Epoch 79/150 | Train Loss: 0.0232 | Epoch Time: 1.32s | Spearman@80: 0.5541 | Kendall@80: 0.3877
Epoch 80/150 | Train Loss: 0.0232 | Epoch Time: 1.32s | Spearman@80: 0.5282 | Kendall@80: 0.3605
Epoch 81/150 | Train Loss: 0.0234 | Epoch Time: 1.31s | Spearman@80: 0.5679 | Kendall@80: 0.3997
Epoch 82/150 | Train Loss: 0.0243 | Epoch Time: 1.32s | Spearman@80: 0.5662 | Kendall@80: 0.3959
Epoch 83/150 | Train Loss: 0.0176 | Epoch Time: 1.32s | Spearman@80: 0.5576 | Kendall@80: 0.3896
Epoch 84/150 | Train Loss: 0.0265 | Epoch Time: 1.32s | Spearman@80: 0.5744 | Kendall@80: 0.4092
Epoch 85/150 | Train Loss: 0.0182 | Epoch Time: 1.32s | Spearman@80: 0.5096 | Kendall@80: 0.3541
Epoch 86/150 | Train Loss: 0.0211 | Epoch Time: 1.31s | Spearman@80: 0.5480 | Kendall@80: 0.3852
Epoch 87/150 | Train Loss: 0.0245 | Epoch Time: 1.33s | Spearman@80: 0.5773 | Kendall@80: 0.4067
Epoch 88/150 | Train Loss: 0.0322 | Epoch Time: 1.32s | Spearman@80: 0.5487 | Kendall@80: 0.3858
Epoch 89/150 | Train Loss: 0.0242 | Epoch Time: 1.32s | Spearman@80: 0.5586 | Kendall@80: 0.3953
Epoch 90/150 | Train Loss: 0.0196 | Epoch Time: 1.32s | Spearman@80: 0.5824 | Kendall@80: 0.4099
Epoch 91/150 | Train Loss: 0.0171 | Epoch Time: 1.32s | Spearman@80: 0.5891 | Kendall@80: 0.4137
Epoch 92/150 | Train Loss: 0.0181 | Epoch Time: 1.33s | Spearman@80: 0.5403 | Kendall@80: 0.3757
Epoch 93/150 | Train Loss: 0.0235 | Epoch Time: 1.32s | Spearman@80: 0.5590 | Kendall@80: 0.3934
Epoch 94/150 | Train Loss: 0.0184 | Epoch Time: 1.32s | Spearman@80: 0.5412 | Kendall@80: 0.3782
Epoch 95/150 | Train Loss: 0.0188 | Epoch Time: 1.33s | Spearman@80: 0.6203 | Kendall@80: 0.4371
Epoch 96/150 | Train Loss: 0.0139 | Epoch Time: 1.33s | Spearman@80: 0.6154 | Kendall@80: 0.4390
Epoch 97/150 | Train Loss: 0.0149 | Epoch Time: 1.32s | Spearman@80: 0.5946 | Kendall@80: 0.4283
Epoch 98/150 | Train Loss: 0.0137 | Epoch Time: 1.33s | Spearman@80: 0.5282 | Kendall@80: 0.3687
Epoch 99/150 | Train Loss: 0.0138 | Epoch Time: 1.33s | Spearman@80: 0.5901 | Kendall@80: 0.4226
Epoch 100/150 | Train Loss: 0.0184 | Epoch Time: 1.33s | Spearman@80: 0.6017 | Kendall@80: 0.4270
Epoch 101/150 | Train Loss: 0.0100 | Epoch Time: 1.32s | Spearman@80: 0.5773 | Kendall@80: 0.4010
Epoch 102/150 | Train Loss: 0.0135 | Epoch Time: 1.32s | Spearman@80: 0.5814 | Kendall@80: 0.4131
Epoch 103/150 | Train Loss: 0.0185 | Epoch Time: 1.31s | Spearman@80: 0.5845 | Kendall@80: 0.4124
Epoch 104/150 | Train Loss: 0.0203 | Epoch Time: 1.31s | Spearman@80: 0.5508 | Kendall@80: 0.3858
Epoch 105/150 | Train Loss: 0.0147 | Epoch Time: 1.31s | Spearman@80: 0.5808 | Kendall@80: 0.4131
Epoch 106/150 | Train Loss: 0.0176 | Epoch Time: 1.32s | Spearman@80: 0.5471 | Kendall@80: 0.3839
Epoch 107/150 | Train Loss: 0.0169 | Epoch Time: 1.33s | Spearman@80: 0.5687 | Kendall@80: 0.4016
Epoch 108/150 | Train Loss: 0.0137 | Epoch Time: 1.34s | Spearman@80: 0.5771 | Kendall@80: 0.4131
Epoch 109/150 | Train Loss: 0.0138 | Epoch Time: 1.33s | Spearman@80: 0.5717 | Kendall@80: 0.4086
Epoch 110/150 | Train Loss: 0.0123 | Epoch Time: 1.32s | Spearman@80: 0.5664 | Kendall@80: 0.3997
Epoch 111/150 | Train Loss: 0.0118 | Epoch Time: 1.31s | Spearman@80: 0.5574 | Kendall@80: 0.3991
Epoch 112/150 | Train Loss: 0.0140 | Epoch Time: 1.32s | Spearman@80: 0.5667 | Kendall@80: 0.4054
Epoch 113/150 | Train Loss: 0.0129 | Epoch Time: 1.32s | Spearman@80: 0.5630 | Kendall@80: 0.3953
Epoch 114/150 | Train Loss: 0.0135 | Epoch Time: 1.32s | Spearman@80: 0.5652 | Kendall@80: 0.3928
Epoch 115/150 | Train Loss: 0.0108 | Epoch Time: 1.32s | Spearman@80: 0.5586 | Kendall@80: 0.3883
Epoch 116/150 | Train Loss: 0.0128 | Epoch Time: 1.32s | Spearman@80: 0.5655 | Kendall@80: 0.4016
Epoch 117/150 | Train Loss: 0.0121 | Epoch Time: 1.33s | Spearman@80: 0.5629 | Kendall@80: 0.3991
Epoch 118/150 | Train Loss: 0.0145 | Epoch Time: 1.33s | Spearman@80: 0.5594 | Kendall@80: 0.3953
Epoch 119/150 | Train Loss: 0.0148 | Epoch Time: 1.31s | Spearman@80: 0.5758 | Kendall@80: 0.4086
Epoch 120/150 | Train Loss: 0.0139 | Epoch Time: 1.33s | Spearman@80: 0.5694 | Kendall@80: 0.4042
Epoch 121/150 | Train Loss: 0.0108 | Epoch Time: 1.32s | Spearman@80: 0.5707 | Kendall@80: 0.4042
Epoch 122/150 | Train Loss: 0.0146 | Epoch Time: 1.32s | Spearman@80: 0.5632 | Kendall@80: 0.3991
Epoch 123/150 | Train Loss: 0.0097 | Epoch Time: 1.32s | Spearman@80: 0.5604 | Kendall@80: 0.3978
Epoch 124/150 | Train Loss: 0.0091 | Epoch Time: 1.32s | Spearman@80: 0.5561 | Kendall@80: 0.3928
Epoch 125/150 | Train Loss: 0.0131 | Epoch Time: 1.32s | Spearman@80: 0.5543 | Kendall@80: 0.3909
Epoch 126/150 | Train Loss: 0.0116 | Epoch Time: 1.33s | Spearman@80: 0.5728 | Kendall@80: 0.4080
Epoch 127/150 | Train Loss: 0.0121 | Epoch Time: 1.33s | Spearman@80: 0.5767 | Kendall@80: 0.4092
Epoch 128/150 | Train Loss: 0.0110 | Epoch Time: 1.33s | Spearman@80: 0.5660 | Kendall@80: 0.4042
Epoch 129/150 | Train Loss: 0.0087 | Epoch Time: 1.34s | Spearman@80: 0.5658 | Kendall@80: 0.4042
Epoch 130/150 | Train Loss: 0.0106 | Epoch Time: 1.32s | Spearman@80: 0.5738 | Kendall@80: 0.4080
Epoch 131/150 | Train Loss: 0.0090 | Epoch Time: 1.32s | Spearman@80: 0.5702 | Kendall@80: 0.4048
Epoch 132/150 | Train Loss: 0.0052 | Epoch Time: 1.33s | Spearman@80: 0.5640 | Kendall@80: 0.4023
Epoch 133/150 | Train Loss: 0.0120 | Epoch Time: 1.31s | Spearman@80: 0.5652 | Kendall@80: 0.4023
Epoch 134/150 | Train Loss: 0.0092 | Epoch Time: 1.37s | Spearman@80: 0.5648 | Kendall@80: 0.4004
Epoch 135/150 | Train Loss: 0.0067 | Epoch Time: 1.33s | Spearman@80: 0.5640 | Kendall@80: 0.4023
Epoch 136/150 | Train Loss: 0.0143 | Epoch Time: 1.33s | Spearman@80: 0.5597 | Kendall@80: 0.3997
Epoch 137/150 | Train Loss: 0.0096 | Epoch Time: 1.32s | Spearman@80: 0.5565 | Kendall@80: 0.3953
Epoch 138/150 | Train Loss: 0.0093 | Epoch Time: 1.32s | Spearman@80: 0.5594 | Kendall@80: 0.3978
Epoch 139/150 | Train Loss: 0.0079 | Epoch Time: 1.32s | Spearman@80: 0.5614 | Kendall@80: 0.3991
Epoch 140/150 | Train Loss: 0.0081 | Epoch Time: 1.33s | Spearman@80: 0.5592 | Kendall@80: 0.3978
Epoch 141/150 | Train Loss: 0.0119 | Epoch Time: 1.31s | Spearman@80: 0.5575 | Kendall@80: 0.3959
Epoch 142/150 | Train Loss: 0.0098 | Epoch Time: 1.31s | Spearman@80: 0.5573 | Kendall@80: 0.3953
Epoch 143/150 | Train Loss: 0.0104 | Epoch Time: 1.32s | Spearman@80: 0.5618 | Kendall@80: 0.3978
Epoch 144/150 | Train Loss: 0.0101 | Epoch Time: 1.33s | Spearman@80: 0.5632 | Kendall@80: 0.4004
Epoch 145/150 | Train Loss: 0.0116 | Epoch Time: 1.32s | Spearman@80: 0.5622 | Kendall@80: 0.3991
Epoch 146/150 | Train Loss: 0.0116 | Epoch Time: 1.33s | Spearman@80: 0.5626 | Kendall@80: 0.3991
Epoch 147/150 | Train Loss: 0.0106 | Epoch Time: 2.42s | Spearman@4870: 0.5437 | Kendall@4870: 0.3801
Epoch 148/150 | Train Loss: 0.0090 | Epoch Time: 2.41s | Spearman@4870: 0.5440 | Kendall@4870: 0.3804
Epoch 149/150 | Train Loss: 0.0117 | Epoch Time: 2.43s | Spearman@4870: 0.5437 | Kendall@4870: 0.3801
Epoch 150/150 | Train Loss: 0.0140 | Epoch Time: 2.41s | Spearman@4870: 0.5439 | Kendall@4870: 0.3803
Sample Count: 128, Spearman: 0.5438698850451826, Kendall: 0.38024358623858723
{64: (0.5878785714830866, 0.41659049721964175),
 128: (0.5438698850451826, 0.38024358623858723)}
Average KDT:  0.38039800601021523
Variance KDT:  0.0024227632842661524
Average SPR:  0.5413319498449813
Variance SPR:  0.004062247421948327
Average KDT:  0.3955469554178464
Variance KDT:  0.00047828457592406537
Average SPR:  0.5637707973152264
Variance SPR:  0.0007542963097978114
