Loading files for NASBench201...
Normalizing ZCP dict
try to create the NAS-Bench-201 api from /home/ya255/projects/flan_hardware/nas_embedding_suite/embedding_datasets/NAS-Bench-201-v1_1-096897.pth
Loaded files in:  58.45272755622864  seconds
Loading cache for NASBench-201 speedup!!...
Loading cache for NASBench-201 speedup!!...
Epoch 1/150 | Train Loss: 0.0968 | Epoch Time: 0.76s | Spearman@80: 0.3541 | Kendall@80: 0.2439
Epoch 2/150 | Train Loss: 0.0776 | Epoch Time: 0.33s | Spearman@80: 0.4479 | Kendall@80: 0.3156
Epoch 3/150 | Train Loss: 0.0717 | Epoch Time: 0.34s | Spearman@80: 0.9201 | Kendall@80: 0.7540
Epoch 4/150 | Train Loss: 0.0533 | Epoch Time: 0.33s | Spearman@80: 0.8051 | Kendall@80: 0.6172
Epoch 5/150 | Train Loss: 0.0513 | Epoch Time: 0.33s | Spearman@80: 0.9405 | Kendall@80: 0.7849
Epoch 6/150 | Train Loss: 0.0352 | Epoch Time: 0.34s | Spearman@80: 0.9199 | Kendall@80: 0.7449
Epoch 7/150 | Train Loss: 0.0342 | Epoch Time: 0.33s | Spearman@80: 0.8711 | Kendall@80: 0.6943
Epoch 8/150 | Train Loss: 0.0410 | Epoch Time: 0.31s | Spearman@80: 0.8915 | Kendall@80: 0.6949
Epoch 9/150 | Train Loss: 0.0351 | Epoch Time: 0.34s | Spearman@80: 0.9396 | Kendall@80: 0.7972
Epoch 10/150 | Train Loss: 0.0359 | Epoch Time: 0.36s | Spearman@80: 0.9109 | Kendall@80: 0.7451
Epoch 11/150 | Train Loss: 0.0508 | Epoch Time: 0.36s | Spearman@80: 0.9081 | Kendall@80: 0.7423
Epoch 12/150 | Train Loss: 0.0330 | Epoch Time: 0.34s | Spearman@80: 0.9440 | Kendall@80: 0.8008
Epoch 13/150 | Train Loss: 0.0300 | Epoch Time: 0.36s | Spearman@80: 0.9151 | Kendall@80: 0.7451
Epoch 14/150 | Train Loss: 0.0276 | Epoch Time: 0.34s | Spearman@80: 0.9260 | Kendall@80: 0.7658
Epoch 15/150 | Train Loss: 0.0382 | Epoch Time: 0.33s | Spearman@80: 0.9261 | Kendall@80: 0.7735
Epoch 16/150 | Train Loss: 0.0325 | Epoch Time: 0.34s | Spearman@80: 0.9103 | Kendall@80: 0.7356
Epoch 17/150 | Train Loss: 0.0322 | Epoch Time: 0.34s | Spearman@80: 0.9208 | Kendall@80: 0.7442
Epoch 18/150 | Train Loss: 0.0305 | Epoch Time: 0.32s | Spearman@80: 0.9194 | Kendall@80: 0.7451
Epoch 19/150 | Train Loss: 0.0428 | Epoch Time: 0.34s | Spearman@80: 0.9349 | Kendall@80: 0.7883
Epoch 20/150 | Train Loss: 0.0300 | Epoch Time: 0.32s | Spearman@80: 0.9219 | Kendall@80: 0.7591
Epoch 21/150 | Train Loss: 0.0396 | Epoch Time: 0.36s | Spearman@80: 0.9220 | Kendall@80: 0.7563
Epoch 22/150 | Train Loss: 0.0384 | Epoch Time: 0.32s | Spearman@80: 0.9346 | Kendall@80: 0.7811
Epoch 23/150 | Train Loss: 0.0320 | Epoch Time: 0.34s | Spearman@80: 0.9348 | Kendall@80: 0.7769
Epoch 24/150 | Train Loss: 0.0347 | Epoch Time: 0.33s | Spearman@80: 0.9399 | Kendall@80: 0.7912
Epoch 25/150 | Train Loss: 0.0278 | Epoch Time: 0.34s | Spearman@80: 0.9508 | Kendall@80: 0.8128
Epoch 26/150 | Train Loss: 0.0307 | Epoch Time: 0.33s | Spearman@80: 0.9463 | Kendall@80: 0.8074
Epoch 27/150 | Train Loss: 0.0320 | Epoch Time: 0.36s | Spearman@80: 0.9427 | Kendall@80: 0.8029
Epoch 28/150 | Train Loss: 0.0384 | Epoch Time: 0.33s | Spearman@80: 0.9389 | Kendall@80: 0.7921
Epoch 29/150 | Train Loss: 0.0300 | Epoch Time: 0.32s | Spearman@80: 0.9379 | Kendall@80: 0.7931
Epoch 30/150 | Train Loss: 0.0244 | Epoch Time: 0.36s | Spearman@80: 0.9401 | Kendall@80: 0.7953
Epoch 31/150 | Train Loss: 0.0249 | Epoch Time: 0.33s | Spearman@80: 0.9269 | Kendall@80: 0.7696
Epoch 32/150 | Train Loss: 0.0344 | Epoch Time: 0.33s | Spearman@80: 0.9329 | Kendall@80: 0.7792
Epoch 33/150 | Train Loss: 0.0329 | Epoch Time: 0.33s | Spearman@80: 0.9476 | Kendall@80: 0.8097
Epoch 34/150 | Train Loss: 0.0316 | Epoch Time: 0.33s | Spearman@80: 0.9484 | Kendall@80: 0.8090
Epoch 35/150 | Train Loss: 0.0286 | Epoch Time: 0.34s | Spearman@80: 0.9393 | Kendall@80: 0.7896
Epoch 36/150 | Train Loss: 0.0314 | Epoch Time: 0.36s | Spearman@80: 0.9313 | Kendall@80: 0.7843
Epoch 37/150 | Train Loss: 0.0255 | Epoch Time: 0.36s | Spearman@80: 0.9289 | Kendall@80: 0.7775
Epoch 38/150 | Train Loss: 0.0284 | Epoch Time: 0.33s | Spearman@80: 0.9278 | Kendall@80: 0.7690
Epoch 39/150 | Train Loss: 0.0323 | Epoch Time: 0.33s | Spearman@80: 0.9326 | Kendall@80: 0.7773
Epoch 40/150 | Train Loss: 0.0276 | Epoch Time: 0.30s | Spearman@80: 0.9314 | Kendall@80: 0.7747
Epoch 41/150 | Train Loss: 0.0224 | Epoch Time: 0.33s | Spearman@80: 0.9458 | Kendall@80: 0.8071
Epoch 42/150 | Train Loss: 0.0267 | Epoch Time: 0.35s | Spearman@80: 0.9338 | Kendall@80: 0.7864
Epoch 43/150 | Train Loss: 0.0311 | Epoch Time: 0.34s | Spearman@80: 0.9364 | Kendall@80: 0.7862
Epoch 44/150 | Train Loss: 0.0232 | Epoch Time: 0.32s | Spearman@80: 0.9384 | Kendall@80: 0.7900
Epoch 45/150 | Train Loss: 0.0281 | Epoch Time: 0.33s | Spearman@80: 0.9457 | Kendall@80: 0.8004
Epoch 46/150 | Train Loss: 0.0218 | Epoch Time: 0.33s | Spearman@80: 0.9393 | Kendall@80: 0.7902
Epoch 47/150 | Train Loss: 0.0235 | Epoch Time: 0.34s | Spearman@80: 0.9432 | Kendall@80: 0.8010
Epoch 48/150 | Train Loss: 0.0178 | Epoch Time: 0.35s | Spearman@80: 0.9355 | Kendall@80: 0.7877
Epoch 49/150 | Train Loss: 0.0249 | Epoch Time: 0.34s | Spearman@80: 0.9400 | Kendall@80: 0.7953
Epoch 50/150 | Train Loss: 0.0237 | Epoch Time: 0.34s | Spearman@80: 0.9424 | Kendall@80: 0.8055
Epoch 51/150 | Train Loss: 0.0254 | Epoch Time: 0.34s | Spearman@80: 0.9515 | Kendall@80: 0.8290
Epoch 52/150 | Train Loss: 0.0205 | Epoch Time: 0.33s | Spearman@80: 0.9386 | Kendall@80: 0.7966
Epoch 53/150 | Train Loss: 0.0220 | Epoch Time: 0.32s | Spearman@80: 0.9491 | Kendall@80: 0.8166
Epoch 54/150 | Train Loss: 0.0290 | Epoch Time: 0.36s | Spearman@80: 0.9408 | Kendall@80: 0.7998
Epoch 55/150 | Train Loss: 0.0244 | Epoch Time: 0.33s | Spearman@80: 0.9441 | Kendall@80: 0.8014
Epoch 56/150 | Train Loss: 0.0199 | Epoch Time: 0.33s | Spearman@80: 0.9487 | Kendall@80: 0.8144
Epoch 57/150 | Train Loss: 0.0256 | Epoch Time: 0.36s | Spearman@80: 0.9452 | Kendall@80: 0.8080
Epoch 58/150 | Train Loss: 0.0278 | Epoch Time: 0.33s | Spearman@80: 0.9403 | Kendall@80: 0.7947
Epoch 59/150 | Train Loss: 0.0260 | Epoch Time: 0.34s | Spearman@80: 0.9553 | Kendall@80: 0.8296
Epoch 60/150 | Train Loss: 0.0247 | Epoch Time: 0.32s | Spearman@80: 0.9400 | Kendall@80: 0.7788
Epoch 61/150 | Train Loss: 0.0196 | Epoch Time: 0.34s | Spearman@80: 0.9430 | Kendall@80: 0.8023
Epoch 62/150 | Train Loss: 0.0201 | Epoch Time: 0.35s | Spearman@80: 0.9301 | Kendall@80: 0.7773
Epoch 63/150 | Train Loss: 0.0247 | Epoch Time: 0.33s | Spearman@80: 0.9416 | Kendall@80: 0.7934
Epoch 64/150 | Train Loss: 0.0243 | Epoch Time: 0.34s | Spearman@80: 0.9343 | Kendall@80: 0.7870
Epoch 65/150 | Train Loss: 0.0310 | Epoch Time: 0.33s | Spearman@80: 0.9398 | Kendall@80: 0.7991
Epoch 66/150 | Train Loss: 0.0232 | Epoch Time: 0.35s | Spearman@80: 0.9430 | Kendall@80: 0.8039
Epoch 67/150 | Train Loss: 0.0315 | Epoch Time: 0.34s | Spearman@80: 0.9373 | Kendall@80: 0.7864
Epoch 68/150 | Train Loss: 0.0214 | Epoch Time: 0.33s | Spearman@80: 0.9366 | Kendall@80: 0.7864
Epoch 69/150 | Train Loss: 0.0328 | Epoch Time: 0.33s | Spearman@80: 0.9405 | Kendall@80: 0.7931
Epoch 70/150 | Train Loss: 0.0270 | Epoch Time: 0.35s | Spearman@80: 0.9411 | Kendall@80: 0.7902
Epoch 71/150 | Train Loss: 0.0210 | Epoch Time: 0.36s | Spearman@80: 0.9453 | Kendall@80: 0.8074
Epoch 72/150 | Train Loss: 0.0269 | Epoch Time: 0.33s | Spearman@80: 0.9307 | Kendall@80: 0.7782
Epoch 73/150 | Train Loss: 0.0230 | Epoch Time: 0.33s | Spearman@80: 0.9447 | Kendall@80: 0.8048
Epoch 74/150 | Train Loss: 0.0186 | Epoch Time: 0.34s | Spearman@80: 0.9491 | Kendall@80: 0.8090
Epoch 75/150 | Train Loss: 0.0194 | Epoch Time: 0.34s | Spearman@80: 0.9451 | Kendall@80: 0.7998
Epoch 76/150 | Train Loss: 0.0261 | Epoch Time: 0.33s | Spearman@80: 0.9499 | Kendall@80: 0.8188
Epoch 77/150 | Train Loss: 0.0198 | Epoch Time: 0.35s | Spearman@80: 0.9509 | Kendall@80: 0.8166
Epoch 78/150 | Train Loss: 0.0198 | Epoch Time: 0.34s | Spearman@80: 0.9464 | Kendall@80: 0.8144
Epoch 79/150 | Train Loss: 0.0247 | Epoch Time: 0.34s | Spearman@80: 0.9449 | Kendall@80: 0.8112
Epoch 80/150 | Train Loss: 0.0221 | Epoch Time: 0.33s | Spearman@80: 0.9458 | Kendall@80: 0.8093
Epoch 81/150 | Train Loss: 0.0214 | Epoch Time: 0.35s | Spearman@80: 0.9429 | Kendall@80: 0.8042
Epoch 82/150 | Train Loss: 0.0189 | Epoch Time: 0.32s | Spearman@80: 0.9381 | Kendall@80: 0.7947
Epoch 83/150 | Train Loss: 0.0168 | Epoch Time: 0.35s | Spearman@80: 0.9499 | Kendall@80: 0.8226
Epoch 84/150 | Train Loss: 0.0228 | Epoch Time: 0.34s | Spearman@80: 0.9471 | Kendall@80: 0.8039
Epoch 85/150 | Train Loss: 0.0201 | Epoch Time: 0.35s | Spearman@80: 0.9445 | Kendall@80: 0.8020
Epoch 86/150 | Train Loss: 0.0210 | Epoch Time: 0.35s | Spearman@80: 0.9513 | Kendall@80: 0.8236
Epoch 87/150 | Train Loss: 0.0238 | Epoch Time: 0.33s | Spearman@80: 0.9415 | Kendall@80: 0.8020
Epoch 88/150 | Train Loss: 0.0241 | Epoch Time: 0.35s | Spearman@80: 0.9386 | Kendall@80: 0.7938
Epoch 89/150 | Train Loss: 0.0239 | Epoch Time: 0.34s | Spearman@80: 0.9466 | Kendall@80: 0.8099
Epoch 90/150 | Train Loss: 0.0182 | Epoch Time: 0.35s | Spearman@80: 0.9457 | Kendall@80: 0.8061
Epoch 91/150 | Train Loss: 0.0218 | Epoch Time: 0.35s | Spearman@80: 0.9521 | Kendall@80: 0.8207
Epoch 92/150 | Train Loss: 0.0226 | Epoch Time: 0.34s | Spearman@80: 0.9481 | Kendall@80: 0.8116
Epoch 93/150 | Train Loss: 0.0249 | Epoch Time: 0.32s | Spearman@80: 0.9515 | Kendall@80: 0.8194
Epoch 94/150 | Train Loss: 0.0198 | Epoch Time: 0.36s | Spearman@80: 0.9460 | Kendall@80: 0.8023
Epoch 95/150 | Train Loss: 0.0173 | Epoch Time: 0.34s | Spearman@80: 0.9325 | Kendall@80: 0.7811
Epoch 96/150 | Train Loss: 0.0182 | Epoch Time: 0.33s | Spearman@80: 0.9478 | Kendall@80: 0.8093
Epoch 97/150 | Train Loss: 0.0202 | Epoch Time: 0.34s | Spearman@80: 0.9508 | Kendall@80: 0.8175
Epoch 98/150 | Train Loss: 0.0189 | Epoch Time: 0.36s | Spearman@80: 0.9505 | Kendall@80: 0.8185
Epoch 99/150 | Train Loss: 0.0211 | Epoch Time: 0.36s | Spearman@80: 0.9553 | Kendall@80: 0.8252
Epoch 100/150 | Train Loss: 0.0173 | Epoch Time: 0.34s | Spearman@80: 0.9606 | Kendall@80: 0.8312
Epoch 101/150 | Train Loss: 0.0162 | Epoch Time: 0.34s | Spearman@80: 0.9550 | Kendall@80: 0.8211
Epoch 102/150 | Train Loss: 0.0267 | Epoch Time: 0.33s | Spearman@80: 0.9541 | Kendall@80: 0.8198
Epoch 103/150 | Train Loss: 0.0164 | Epoch Time: 0.36s | Spearman@80: 0.9558 | Kendall@80: 0.8175
Epoch 104/150 | Train Loss: 0.0160 | Epoch Time: 0.33s | Spearman@80: 0.9501 | Kendall@80: 0.8093
Epoch 105/150 | Train Loss: 0.0230 | Epoch Time: 0.32s | Spearman@80: 0.9497 | Kendall@80: 0.8065
Epoch 106/150 | Train Loss: 0.0229 | Epoch Time: 0.33s | Spearman@80: 0.9460 | Kendall@80: 0.8023
Epoch 107/150 | Train Loss: 0.0214 | Epoch Time: 0.35s | Spearman@80: 0.9471 | Kendall@80: 0.8046
Epoch 108/150 | Train Loss: 0.0131 | Epoch Time: 0.33s | Spearman@80: 0.9532 | Kendall@80: 0.8182
Epoch 109/150 | Train Loss: 0.0147 | Epoch Time: 0.35s | Spearman@80: 0.9523 | Kendall@80: 0.8173
Epoch 110/150 | Train Loss: 0.0268 | Epoch Time: 0.36s | Spearman@80: 0.9525 | Kendall@80: 0.8207
Epoch 111/150 | Train Loss: 0.0238 | Epoch Time: 0.34s | Spearman@80: 0.9530 | Kendall@80: 0.8211
Epoch 112/150 | Train Loss: 0.0246 | Epoch Time: 0.34s | Spearman@80: 0.9500 | Kendall@80: 0.8116
Epoch 113/150 | Train Loss: 0.0194 | Epoch Time: 0.34s | Spearman@80: 0.9512 | Kendall@80: 0.8150
Epoch 114/150 | Train Loss: 0.0172 | Epoch Time: 0.34s | Spearman@80: 0.9498 | Kendall@80: 0.8150
Epoch 115/150 | Train Loss: 0.0149 | Epoch Time: 0.33s | Spearman@80: 0.9517 | Kendall@80: 0.8175
Epoch 116/150 | Train Loss: 0.0135 | Epoch Time: 0.35s | Spearman@80: 0.9551 | Kendall@80: 0.8290
Epoch 117/150 | Train Loss: 0.0186 | Epoch Time: 0.34s | Spearman@80: 0.9550 | Kendall@80: 0.8245
Epoch 118/150 | Train Loss: 0.0176 | Epoch Time: 0.35s | Spearman@80: 0.9512 | Kendall@80: 0.8163
Epoch 119/150 | Train Loss: 0.0174 | Epoch Time: 0.34s | Spearman@80: 0.9551 | Kendall@80: 0.8258
Epoch 120/150 | Train Loss: 0.0157 | Epoch Time: 0.34s | Spearman@80: 0.9551 | Kendall@80: 0.8258
Epoch 121/150 | Train Loss: 0.0161 | Epoch Time: 0.34s | Spearman@80: 0.9533 | Kendall@80: 0.8236
Epoch 122/150 | Train Loss: 0.0196 | Epoch Time: 0.35s | Spearman@80: 0.9529 | Kendall@80: 0.8243
Epoch 123/150 | Train Loss: 0.0173 | Epoch Time: 0.34s | Spearman@80: 0.9540 | Kendall@80: 0.8205
Epoch 124/150 | Train Loss: 0.0116 | Epoch Time: 0.33s | Spearman@80: 0.9535 | Kendall@80: 0.8268
Epoch 125/150 | Train Loss: 0.0117 | Epoch Time: 0.33s | Spearman@80: 0.9566 | Kendall@80: 0.8271
Epoch 126/150 | Train Loss: 0.0154 | Epoch Time: 0.35s | Spearman@80: 0.9563 | Kendall@80: 0.8325
Epoch 127/150 | Train Loss: 0.0148 | Epoch Time: 0.32s | Spearman@80: 0.9571 | Kendall@80: 0.8325
Epoch 128/150 | Train Loss: 0.0199 | Epoch Time: 0.33s | Spearman@80: 0.9585 | Kendall@80: 0.8357
Epoch 129/150 | Train Loss: 0.0122 | Epoch Time: 0.35s | Spearman@80: 0.9537 | Kendall@80: 0.8252
Epoch 130/150 | Train Loss: 0.0176 | Epoch Time: 0.35s | Spearman@80: 0.9564 | Kendall@80: 0.8306
Epoch 131/150 | Train Loss: 0.0106 | Epoch Time: 0.35s | Spearman@80: 0.9545 | Kendall@80: 0.8283
Epoch 132/150 | Train Loss: 0.0169 | Epoch Time: 0.33s | Spearman@80: 0.9547 | Kendall@80: 0.8274
Epoch 133/150 | Train Loss: 0.0127 | Epoch Time: 0.35s | Spearman@80: 0.9555 | Kendall@80: 0.8296
Epoch 134/150 | Train Loss: 0.0099 | Epoch Time: 0.33s | Spearman@80: 0.9573 | Kendall@80: 0.8319
Epoch 135/150 | Train Loss: 0.0206 | Epoch Time: 0.35s | Spearman@80: 0.9566 | Kendall@80: 0.8351
Epoch 136/150 | Train Loss: 0.0126 | Epoch Time: 0.32s | Spearman@80: 0.9569 | Kendall@80: 0.8328
Epoch 137/150 | Train Loss: 0.0154 | Epoch Time: 0.34s | Spearman@80: 0.9532 | Kendall@80: 0.8277
Epoch 138/150 | Train Loss: 0.0130 | Epoch Time: 0.33s | Spearman@80: 0.9544 | Kendall@80: 0.8290
Epoch 139/150 | Train Loss: 0.0138 | Epoch Time: 0.35s | Spearman@80: 0.9560 | Kendall@80: 0.8338
Epoch 140/150 | Train Loss: 0.0129 | Epoch Time: 0.35s | Spearman@80: 0.9572 | Kendall@80: 0.8332
Epoch 141/150 | Train Loss: 0.0137 | Epoch Time: 0.35s | Spearman@80: 0.9552 | Kendall@80: 0.8296
Epoch 142/150 | Train Loss: 0.0120 | Epoch Time: 0.33s | Spearman@80: 0.9557 | Kendall@80: 0.8290
Epoch 143/150 | Train Loss: 0.0196 | Epoch Time: 0.33s | Spearman@80: 0.9569 | Kendall@80: 0.8360
Epoch 144/150 | Train Loss: 0.0257 | Epoch Time: 0.32s | Spearman@80: 0.9572 | Kendall@80: 0.8353
Epoch 145/150 | Train Loss: 0.0123 | Epoch Time: 0.33s | Spearman@80: 0.9551 | Kendall@80: 0.8296
Epoch 146/150 | Train Loss: 0.0189 | Epoch Time: 0.35s | Spearman@80: 0.9565 | Kendall@80: 0.8300
Epoch 147/150 | Train Loss: 0.0139 | Epoch Time: 1.37s | Spearman@15560: 0.9304 | Kendall@15560: 0.7800
Epoch 148/150 | Train Loss: 0.0141 | Epoch Time: 1.36s | Spearman@15560: 0.9320 | Kendall@15560: 0.7835
Epoch 149/150 | Train Loss: 0.0204 | Epoch Time: 1.37s | Spearman@15560: 0.9313 | Kendall@15560: 0.7816
Epoch 150/150 | Train Loss: 0.0129 | Epoch Time: 1.36s | Spearman@15560: 0.9267 | Kendall@15560: 0.7741
Sample Count: 64, Spearman: 0.93011051235694, Kendall: 0.7797851646948126
{64: (0.93011051235694, 0.7797851646948126)}
Epoch 1/150 | Train Loss: 0.0893 | Epoch Time: 0.65s | Spearman@80: 0.6404 | Kendall@80: 0.4641
Epoch 2/150 | Train Loss: 0.0551 | Epoch Time: 0.67s | Spearman@80: 0.8623 | Kendall@80: 0.6817
Epoch 3/150 | Train Loss: 0.0438 | Epoch Time: 0.67s | Spearman@80: 0.8953 | Kendall@80: 0.7331
Epoch 4/150 | Train Loss: 0.0474 | Epoch Time: 0.68s | Spearman@80: 0.9230 | Kendall@80: 0.7701
Epoch 5/150 | Train Loss: 0.0394 | Epoch Time: 0.67s | Spearman@80: 0.9251 | Kendall@80: 0.7730
Epoch 6/150 | Train Loss: 0.0311 | Epoch Time: 0.69s | Spearman@80: 0.9038 | Kendall@80: 0.7396
Epoch 7/150 | Train Loss: 0.0450 | Epoch Time: 0.67s | Spearman@80: 0.8985 | Kendall@80: 0.7236
Epoch 8/150 | Train Loss: 0.0410 | Epoch Time: 0.68s | Spearman@80: 0.9324 | Kendall@80: 0.7743
Epoch 9/150 | Train Loss: 0.0417 | Epoch Time: 0.65s | Spearman@80: 0.8969 | Kendall@80: 0.7288
Epoch 10/150 | Train Loss: 0.0345 | Epoch Time: 0.66s | Spearman@80: 0.9185 | Kendall@80: 0.7610
Epoch 11/150 | Train Loss: 0.0368 | Epoch Time: 0.68s | Spearman@80: 0.9266 | Kendall@80: 0.7720
Epoch 12/150 | Train Loss: 0.0399 | Epoch Time: 0.69s | Spearman@80: 0.8944 | Kendall@80: 0.7371
Epoch 13/150 | Train Loss: 0.0338 | Epoch Time: 0.66s | Spearman@80: 0.9154 | Kendall@80: 0.7616
Epoch 14/150 | Train Loss: 0.0352 | Epoch Time: 0.67s | Spearman@80: 0.9094 | Kendall@80: 0.7523
Epoch 15/150 | Train Loss: 0.0363 | Epoch Time: 0.67s | Spearman@80: 0.9152 | Kendall@80: 0.7623
Epoch 16/150 | Train Loss: 0.0312 | Epoch Time: 0.66s | Spearman@80: 0.9229 | Kendall@80: 0.7680
Epoch 17/150 | Train Loss: 0.0347 | Epoch Time: 0.66s | Spearman@80: 0.9260 | Kendall@80: 0.7739
Epoch 18/150 | Train Loss: 0.0320 | Epoch Time: 0.67s | Spearman@80: 0.9147 | Kendall@80: 0.7599
Epoch 19/150 | Train Loss: 0.0363 | Epoch Time: 0.68s | Spearman@80: 0.9259 | Kendall@80: 0.7768
Epoch 20/150 | Train Loss: 0.0352 | Epoch Time: 0.66s | Spearman@80: 0.9059 | Kendall@80: 0.7572
Epoch 21/150 | Train Loss: 0.0311 | Epoch Time: 0.65s | Spearman@80: 0.9258 | Kendall@80: 0.7872
Epoch 22/150 | Train Loss: 0.0331 | Epoch Time: 0.69s | Spearman@80: 0.9162 | Kendall@80: 0.7758
Epoch 23/150 | Train Loss: 0.0322 | Epoch Time: 0.66s | Spearman@80: 0.9223 | Kendall@80: 0.7876
Epoch 24/150 | Train Loss: 0.0371 | Epoch Time: 0.67s | Spearman@80: 0.8994 | Kendall@80: 0.7498
Epoch 25/150 | Train Loss: 0.0316 | Epoch Time: 0.66s | Spearman@80: 0.8786 | Kendall@80: 0.7337
Epoch 26/150 | Train Loss: 0.0356 | Epoch Time: 0.67s | Spearman@80: 0.9247 | Kendall@80: 0.7705
Epoch 27/150 | Train Loss: 0.0378 | Epoch Time: 0.69s | Spearman@80: 0.9257 | Kendall@80: 0.7694
Epoch 28/150 | Train Loss: 0.0302 | Epoch Time: 0.67s | Spearman@80: 0.8407 | Kendall@80: 0.6876
Epoch 29/150 | Train Loss: 0.0292 | Epoch Time: 0.65s | Spearman@80: 0.8514 | Kendall@80: 0.6696
Epoch 30/150 | Train Loss: 0.0335 | Epoch Time: 0.67s | Spearman@80: 0.8889 | Kendall@80: 0.7420
Epoch 31/150 | Train Loss: 0.0279 | Epoch Time: 0.67s | Spearman@80: 0.9136 | Kendall@80: 0.7770
Epoch 32/150 | Train Loss: 0.0244 | Epoch Time: 0.68s | Spearman@80: 0.9139 | Kendall@80: 0.7840
Epoch 33/150 | Train Loss: 0.0299 | Epoch Time: 0.66s | Spearman@80: 0.9113 | Kendall@80: 0.7751
Epoch 34/150 | Train Loss: 0.0274 | Epoch Time: 0.68s | Spearman@80: 0.9289 | Kendall@80: 0.7948
Epoch 35/150 | Train Loss: 0.0367 | Epoch Time: 0.65s | Spearman@80: 0.9063 | Kendall@80: 0.7565
Epoch 36/150 | Train Loss: 0.0327 | Epoch Time: 0.66s | Spearman@80: 0.8859 | Kendall@80: 0.7362
Epoch 37/150 | Train Loss: 0.0288 | Epoch Time: 0.67s | Spearman@80: 0.9365 | Kendall@80: 0.7935
Epoch 38/150 | Train Loss: 0.0294 | Epoch Time: 0.66s | Spearman@80: 0.9421 | Kendall@80: 0.8054
Epoch 39/150 | Train Loss: 0.0300 | Epoch Time: 0.66s | Spearman@80: 0.9283 | Kendall@80: 0.7794
Epoch 40/150 | Train Loss: 0.0269 | Epoch Time: 0.67s | Spearman@80: 0.9091 | Kendall@80: 0.7663
Epoch 41/150 | Train Loss: 0.0307 | Epoch Time: 0.68s | Spearman@80: 0.9389 | Kendall@80: 0.7984
Epoch 42/150 | Train Loss: 0.0293 | Epoch Time: 0.67s | Spearman@80: 0.9124 | Kendall@80: 0.7711
Epoch 43/150 | Train Loss: 0.0308 | Epoch Time: 0.69s | Spearman@80: 0.9379 | Kendall@80: 0.7954
Epoch 44/150 | Train Loss: 0.0334 | Epoch Time: 0.67s | Spearman@80: 0.9292 | Kendall@80: 0.7885
Epoch 45/150 | Train Loss: 0.0291 | Epoch Time: 0.68s | Spearman@80: 0.9245 | Kendall@80: 0.7929
Epoch 46/150 | Train Loss: 0.0336 | Epoch Time: 0.70s | Spearman@80: 0.9294 | Kendall@80: 0.7749
Epoch 47/150 | Train Loss: 0.0293 | Epoch Time: 0.67s | Spearman@80: 0.9242 | Kendall@80: 0.7781
Epoch 48/150 | Train Loss: 0.0273 | Epoch Time: 0.66s | Spearman@80: 0.8851 | Kendall@80: 0.7377
Epoch 49/150 | Train Loss: 0.0313 | Epoch Time: 0.69s | Spearman@80: 0.9245 | Kendall@80: 0.7902
Epoch 50/150 | Train Loss: 0.0283 | Epoch Time: 0.66s | Spearman@80: 0.9249 | Kendall@80: 0.7910
Epoch 51/150 | Train Loss: 0.0310 | Epoch Time: 0.66s | Spearman@80: 0.9256 | Kendall@80: 0.7851
Epoch 52/150 | Train Loss: 0.0301 | Epoch Time: 0.67s | Spearman@80: 0.9151 | Kendall@80: 0.7815
Epoch 53/150 | Train Loss: 0.0270 | Epoch Time: 0.66s | Spearman@80: 0.9247 | Kendall@80: 0.7895
Epoch 54/150 | Train Loss: 0.0310 | Epoch Time: 0.68s | Spearman@80: 0.9129 | Kendall@80: 0.7445
Epoch 55/150 | Train Loss: 0.0365 | Epoch Time: 0.67s | Spearman@80: 0.9208 | Kendall@80: 0.7789
Epoch 56/150 | Train Loss: 0.0306 | Epoch Time: 0.67s | Spearman@80: 0.9275 | Kendall@80: 0.7971
Epoch 57/150 | Train Loss: 0.0286 | Epoch Time: 0.67s | Spearman@80: 0.9099 | Kendall@80: 0.7667
Epoch 58/150 | Train Loss: 0.0266 | Epoch Time: 0.68s | Spearman@80: 0.9238 | Kendall@80: 0.7940
Epoch 59/150 | Train Loss: 0.0298 | Epoch Time: 0.65s | Spearman@80: 0.9192 | Kendall@80: 0.7857
Epoch 60/150 | Train Loss: 0.0296 | Epoch Time: 0.66s | Spearman@80: 0.9238 | Kendall@80: 0.7967
Epoch 61/150 | Train Loss: 0.0354 | Epoch Time: 0.67s | Spearman@80: 0.9368 | Kendall@80: 0.8111
Epoch 62/150 | Train Loss: 0.0321 | Epoch Time: 0.66s | Spearman@80: 0.9012 | Kendall@80: 0.7644
Epoch 63/150 | Train Loss: 0.0288 | Epoch Time: 0.68s | Spearman@80: 0.9076 | Kendall@80: 0.7699
Epoch 64/150 | Train Loss: 0.0245 | Epoch Time: 0.68s | Spearman@80: 0.9261 | Kendall@80: 0.7923
Epoch 65/150 | Train Loss: 0.0268 | Epoch Time: 0.66s | Spearman@80: 0.9206 | Kendall@80: 0.7885
Epoch 66/150 | Train Loss: 0.0271 | Epoch Time: 0.65s | Spearman@80: 0.9114 | Kendall@80: 0.7694
Epoch 67/150 | Train Loss: 0.0250 | Epoch Time: 0.69s | Spearman@80: 0.9252 | Kendall@80: 0.7948
Epoch 68/150 | Train Loss: 0.0287 | Epoch Time: 0.67s | Spearman@80: 0.9303 | Kendall@80: 0.7991
Epoch 69/150 | Train Loss: 0.0279 | Epoch Time: 0.69s | Spearman@80: 0.9308 | Kendall@80: 0.8075
Epoch 70/150 | Train Loss: 0.0305 | Epoch Time: 0.69s | Spearman@80: 0.9324 | Kendall@80: 0.8062
Epoch 71/150 | Train Loss: 0.0246 | Epoch Time: 0.67s | Spearman@80: 0.9289 | Kendall@80: 0.7999
Epoch 72/150 | Train Loss: 0.0289 | Epoch Time: 0.69s | Spearman@80: 0.9274 | Kendall@80: 0.7923
Epoch 73/150 | Train Loss: 0.0272 | Epoch Time: 0.68s | Spearman@80: 0.9168 | Kendall@80: 0.7876
Epoch 74/150 | Train Loss: 0.0242 | Epoch Time: 0.65s | Spearman@80: 0.9260 | Kendall@80: 0.7904
Epoch 75/150 | Train Loss: 0.0337 | Epoch Time: 0.66s | Spearman@80: 0.9034 | Kendall@80: 0.7616
Epoch 76/150 | Train Loss: 0.0299 | Epoch Time: 0.65s | Spearman@80: 0.9207 | Kendall@80: 0.7832
Epoch 77/150 | Train Loss: 0.0242 | Epoch Time: 0.65s | Spearman@80: 0.9295 | Kendall@80: 0.8035
Epoch 78/150 | Train Loss: 0.0238 | Epoch Time: 0.68s | Spearman@80: 0.9134 | Kendall@80: 0.7807
Epoch 79/150 | Train Loss: 0.0260 | Epoch Time: 0.67s | Spearman@80: 0.9033 | Kendall@80: 0.7642
Epoch 80/150 | Train Loss: 0.0273 | Epoch Time: 0.69s | Spearman@80: 0.9196 | Kendall@80: 0.7800
Epoch 81/150 | Train Loss: 0.0248 | Epoch Time: 0.67s | Spearman@80: 0.9325 | Kendall@80: 0.8056
Epoch 82/150 | Train Loss: 0.0250 | Epoch Time: 0.66s | Spearman@80: 0.9199 | Kendall@80: 0.7883
Epoch 83/150 | Train Loss: 0.0297 | Epoch Time: 0.67s | Spearman@80: 0.9191 | Kendall@80: 0.7851
Epoch 84/150 | Train Loss: 0.0250 | Epoch Time: 0.66s | Spearman@80: 0.9246 | Kendall@80: 0.7758
Epoch 85/150 | Train Loss: 0.0248 | Epoch Time: 0.66s | Spearman@80: 0.9072 | Kendall@80: 0.7739
Epoch 86/150 | Train Loss: 0.0240 | Epoch Time: 0.66s | Spearman@80: 0.9213 | Kendall@80: 0.7910
Epoch 87/150 | Train Loss: 0.0258 | Epoch Time: 0.66s | Spearman@80: 0.9255 | Kendall@80: 0.7952
Epoch 88/150 | Train Loss: 0.0233 | Epoch Time: 0.69s | Spearman@80: 0.9152 | Kendall@80: 0.7864
Epoch 89/150 | Train Loss: 0.0250 | Epoch Time: 0.69s | Spearman@80: 0.9281 | Kendall@80: 0.8041
Epoch 90/150 | Train Loss: 0.0204 | Epoch Time: 0.66s | Spearman@80: 0.9340 | Kendall@80: 0.8049
Epoch 91/150 | Train Loss: 0.0222 | Epoch Time: 0.67s | Spearman@80: 0.8958 | Kendall@80: 0.7680
Epoch 92/150 | Train Loss: 0.0225 | Epoch Time: 0.67s | Spearman@80: 0.9308 | Kendall@80: 0.8016
Epoch 93/150 | Train Loss: 0.0291 | Epoch Time: 0.66s | Spearman@80: 0.8925 | Kendall@80: 0.7648
Epoch 94/150 | Train Loss: 0.0238 | Epoch Time: 0.68s | Spearman@80: 0.9172 | Kendall@80: 0.7857
Epoch 95/150 | Train Loss: 0.0229 | Epoch Time: 0.69s | Spearman@80: 0.9239 | Kendall@80: 0.7946
Epoch 96/150 | Train Loss: 0.0271 | Epoch Time: 0.70s | Spearman@80: 0.8936 | Kendall@80: 0.7648
Epoch 97/150 | Train Loss: 0.0233 | Epoch Time: 0.68s | Spearman@80: 0.9026 | Kendall@80: 0.7819
Epoch 98/150 | Train Loss: 0.0214 | Epoch Time: 0.67s | Spearman@80: 0.8988 | Kendall@80: 0.7688
Epoch 99/150 | Train Loss: 0.0249 | Epoch Time: 0.66s | Spearman@80: 0.9063 | Kendall@80: 0.7762
Epoch 100/150 | Train Loss: 0.0222 | Epoch Time: 0.67s | Spearman@80: 0.9054 | Kendall@80: 0.7745
Epoch 101/150 | Train Loss: 0.0199 | Epoch Time: 0.66s | Spearman@80: 0.9036 | Kendall@80: 0.7730
Epoch 102/150 | Train Loss: 0.0176 | Epoch Time: 0.67s | Spearman@80: 0.8940 | Kendall@80: 0.7591
Epoch 103/150 | Train Loss: 0.0219 | Epoch Time: 0.67s | Spearman@80: 0.9075 | Kendall@80: 0.7783
Epoch 104/150 | Train Loss: 0.0254 | Epoch Time: 0.65s | Spearman@80: 0.9185 | Kendall@80: 0.7942
Epoch 105/150 | Train Loss: 0.0209 | Epoch Time: 0.66s | Spearman@80: 0.9081 | Kendall@80: 0.7743
Epoch 106/150 | Train Loss: 0.0228 | Epoch Time: 0.67s | Spearman@80: 0.8740 | Kendall@80: 0.7489
Epoch 107/150 | Train Loss: 0.0219 | Epoch Time: 0.66s | Spearman@80: 0.9051 | Kendall@80: 0.7701
Epoch 108/150 | Train Loss: 0.0264 | Epoch Time: 0.68s | Spearman@80: 0.9102 | Kendall@80: 0.7807
Epoch 109/150 | Train Loss: 0.0285 | Epoch Time: 0.68s | Spearman@80: 0.9006 | Kendall@80: 0.7726
Epoch 110/150 | Train Loss: 0.0206 | Epoch Time: 0.67s | Spearman@80: 0.9082 | Kendall@80: 0.7762
Epoch 111/150 | Train Loss: 0.0282 | Epoch Time: 0.67s | Spearman@80: 0.8996 | Kendall@80: 0.7711
Epoch 112/150 | Train Loss: 0.0235 | Epoch Time: 0.66s | Spearman@80: 0.9030 | Kendall@80: 0.7743
Epoch 113/150 | Train Loss: 0.0202 | Epoch Time: 0.66s | Spearman@80: 0.9044 | Kendall@80: 0.7770
Epoch 114/150 | Train Loss: 0.0241 | Epoch Time: 0.67s | Spearman@80: 0.9208 | Kendall@80: 0.7965
Epoch 115/150 | Train Loss: 0.0187 | Epoch Time: 0.68s | Spearman@80: 0.9160 | Kendall@80: 0.7916
Epoch 116/150 | Train Loss: 0.0221 | Epoch Time: 0.66s | Spearman@80: 0.9123 | Kendall@80: 0.7847
Epoch 117/150 | Train Loss: 0.0232 | Epoch Time: 0.65s | Spearman@80: 0.9034 | Kendall@80: 0.7756
Epoch 118/150 | Train Loss: 0.0224 | Epoch Time: 0.68s | Spearman@80: 0.9106 | Kendall@80: 0.7832
Epoch 119/150 | Train Loss: 0.0207 | Epoch Time: 0.69s | Spearman@80: 0.9009 | Kendall@80: 0.7705
Epoch 120/150 | Train Loss: 0.0152 | Epoch Time: 0.70s | Spearman@80: 0.9163 | Kendall@80: 0.7851
Epoch 121/150 | Train Loss: 0.0217 | Epoch Time: 0.68s | Spearman@80: 0.9098 | Kendall@80: 0.7789
Epoch 122/150 | Train Loss: 0.0254 | Epoch Time: 0.66s | Spearman@80: 0.9133 | Kendall@80: 0.7826
Epoch 123/150 | Train Loss: 0.0220 | Epoch Time: 0.67s | Spearman@80: 0.9050 | Kendall@80: 0.7743
Epoch 124/150 | Train Loss: 0.0190 | Epoch Time: 0.64s | Spearman@80: 0.9133 | Kendall@80: 0.7857
Epoch 125/150 | Train Loss: 0.0156 | Epoch Time: 0.66s | Spearman@80: 0.9078 | Kendall@80: 0.7815
Epoch 126/150 | Train Loss: 0.0229 | Epoch Time: 0.66s | Spearman@80: 0.9085 | Kendall@80: 0.7808
Epoch 127/150 | Train Loss: 0.0239 | Epoch Time: 0.66s | Spearman@80: 0.9079 | Kendall@80: 0.7815
Epoch 128/150 | Train Loss: 0.0176 | Epoch Time: 0.68s | Spearman@80: 0.9144 | Kendall@80: 0.7895
Epoch 129/150 | Train Loss: 0.0185 | Epoch Time: 0.68s | Spearman@80: 0.9113 | Kendall@80: 0.7808
Epoch 130/150 | Train Loss: 0.0194 | Epoch Time: 0.68s | Spearman@80: 0.9087 | Kendall@80: 0.7787
Epoch 131/150 | Train Loss: 0.0223 | Epoch Time: 0.67s | Spearman@80: 0.9040 | Kendall@80: 0.7762
Epoch 132/150 | Train Loss: 0.0223 | Epoch Time: 0.68s | Spearman@80: 0.9067 | Kendall@80: 0.7749
Epoch 133/150 | Train Loss: 0.0254 | Epoch Time: 0.67s | Spearman@80: 0.9108 | Kendall@80: 0.7832
Epoch 134/150 | Train Loss: 0.0211 | Epoch Time: 0.67s | Spearman@80: 0.9175 | Kendall@80: 0.7885
Epoch 135/150 | Train Loss: 0.0211 | Epoch Time: 0.67s | Spearman@80: 0.9143 | Kendall@80: 0.7878
Epoch 136/150 | Train Loss: 0.0248 | Epoch Time: 0.70s | Spearman@80: 0.9159 | Kendall@80: 0.7908
Epoch 137/150 | Train Loss: 0.0219 | Epoch Time: 0.67s | Spearman@80: 0.9127 | Kendall@80: 0.7857
Epoch 138/150 | Train Loss: 0.0221 | Epoch Time: 0.68s | Spearman@80: 0.9129 | Kendall@80: 0.7859
Epoch 139/150 | Train Loss: 0.0178 | Epoch Time: 0.67s | Spearman@80: 0.9120 | Kendall@80: 0.7838
Epoch 140/150 | Train Loss: 0.0184 | Epoch Time: 0.71s | Spearman@80: 0.9073 | Kendall@80: 0.7787
Epoch 141/150 | Train Loss: 0.0219 | Epoch Time: 0.66s | Spearman@80: 0.9067 | Kendall@80: 0.7756
Epoch 142/150 | Train Loss: 0.0205 | Epoch Time: 0.64s | Spearman@80: 0.9094 | Kendall@80: 0.7838
Epoch 143/150 | Train Loss: 0.0193 | Epoch Time: 0.68s | Spearman@80: 0.9174 | Kendall@80: 0.7889
Epoch 144/150 | Train Loss: 0.0211 | Epoch Time: 0.67s | Spearman@80: 0.9159 | Kendall@80: 0.7870
Epoch 145/150 | Train Loss: 0.0215 | Epoch Time: 0.67s | Spearman@80: 0.9181 | Kendall@80: 0.7916
Epoch 146/150 | Train Loss: 0.0229 | Epoch Time: 0.68s | Spearman@80: 0.9067 | Kendall@80: 0.7808
Epoch 147/150 | Train Loss: 0.0216 | Epoch Time: 1.80s | Spearman@15496: 0.9255 | Kendall@15496: 0.7841
Epoch 148/150 | Train Loss: 0.0219 | Epoch Time: 1.75s | Spearman@15496: 0.9201 | Kendall@15496: 0.7774
Epoch 149/150 | Train Loss: 0.0229 | Epoch Time: 1.73s | Spearman@15496: 0.9249 | Kendall@15496: 0.7846
Epoch 150/150 | Train Loss: 0.0233 | Epoch Time: 1.75s | Spearman@15496: 0.9152 | Kendall@15496: 0.7707
Sample Count: 128, Spearman: 0.921444881206051, Kendall: 0.7792001613733555
{64: (0.93011051235694, 0.7797851646948126),
 128: (0.921444881206051, 0.7792001613733555)}
Epoch 1/150 | Train Loss: 0.0951 | Epoch Time: 0.33s | Spearman@80: 0.3935 | Kendall@80: 0.2710
Epoch 2/150 | Train Loss: 0.0804 | Epoch Time: 0.33s | Spearman@80: 0.5027 | Kendall@80: 0.3560
Epoch 3/150 | Train Loss: 0.0823 | Epoch Time: 0.33s | Spearman@80: 0.7520 | Kendall@80: 0.5750
Epoch 4/150 | Train Loss: 0.0545 | Epoch Time: 0.33s | Spearman@80: 0.8266 | Kendall@80: 0.6396
Epoch 5/150 | Train Loss: 0.0509 | Epoch Time: 0.34s | Spearman@80: 0.8314 | Kendall@80: 0.6327
Epoch 6/150 | Train Loss: 0.0398 | Epoch Time: 0.35s | Spearman@80: 0.8291 | Kendall@80: 0.6352
Epoch 7/150 | Train Loss: 0.0499 | Epoch Time: 0.33s | Spearman@80: 0.8671 | Kendall@80: 0.6941
Epoch 8/150 | Train Loss: 0.0411 | Epoch Time: 0.35s | Spearman@80: 0.8205 | Kendall@80: 0.6286
Epoch 9/150 | Train Loss: 0.0301 | Epoch Time: 0.36s | Spearman@80: 0.8733 | Kendall@80: 0.7119
Epoch 10/150 | Train Loss: 0.0291 | Epoch Time: 0.35s | Spearman@80: 0.8429 | Kendall@80: 0.6502
Epoch 11/150 | Train Loss: 0.0316 | Epoch Time: 0.35s | Spearman@80: 0.8706 | Kendall@80: 0.7094
Epoch 12/150 | Train Loss: 0.0355 | Epoch Time: 0.34s | Spearman@80: 0.8534 | Kendall@80: 0.6821
Epoch 13/150 | Train Loss: 0.0390 | Epoch Time: 0.33s | Spearman@80: 0.8495 | Kendall@80: 0.6764
Epoch 14/150 | Train Loss: 0.0301 | Epoch Time: 0.36s | Spearman@80: 0.8816 | Kendall@80: 0.7226
Epoch 15/150 | Train Loss: 0.0300 | Epoch Time: 0.36s | Spearman@80: 0.8805 | Kendall@80: 0.7214
Epoch 16/150 | Train Loss: 0.0314 | Epoch Time: 0.32s | Spearman@80: 0.8534 | Kendall@80: 0.6789
Epoch 17/150 | Train Loss: 0.0280 | Epoch Time: 0.33s | Spearman@80: 0.8737 | Kendall@80: 0.7205
Epoch 18/150 | Train Loss: 0.0282 | Epoch Time: 0.32s | Spearman@80: 0.8700 | Kendall@80: 0.7176
Epoch 19/150 | Train Loss: 0.0316 | Epoch Time: 0.33s | Spearman@80: 0.8352 | Kendall@80: 0.6622
Epoch 20/150 | Train Loss: 0.0386 | Epoch Time: 0.33s | Spearman@80: 0.8814 | Kendall@80: 0.7404
Epoch 21/150 | Train Loss: 0.0284 | Epoch Time: 0.34s | Spearman@80: 0.8801 | Kendall@80: 0.7368
Epoch 22/150 | Train Loss: 0.0286 | Epoch Time: 0.34s | Spearman@80: 0.8550 | Kendall@80: 0.6952
Epoch 23/150 | Train Loss: 0.0254 | Epoch Time: 0.33s | Spearman@80: 0.8802 | Kendall@80: 0.7265
Epoch 24/150 | Train Loss: 0.0240 | Epoch Time: 0.35s | Spearman@80: 0.8605 | Kendall@80: 0.6853
Epoch 25/150 | Train Loss: 0.0247 | Epoch Time: 0.35s | Spearman@80: 0.8597 | Kendall@80: 0.7000
Epoch 26/150 | Train Loss: 0.0229 | Epoch Time: 0.35s | Spearman@80: 0.8478 | Kendall@80: 0.6787
Epoch 27/150 | Train Loss: 0.0282 | Epoch Time: 0.34s | Spearman@80: 0.8810 | Kendall@80: 0.7258
Epoch 28/150 | Train Loss: 0.0260 | Epoch Time: 0.35s | Spearman@80: 0.8832 | Kendall@80: 0.7189
Epoch 29/150 | Train Loss: 0.0220 | Epoch Time: 0.33s | Spearman@80: 0.8640 | Kendall@80: 0.7049
Epoch 30/150 | Train Loss: 0.0226 | Epoch Time: 0.33s | Spearman@80: 0.8597 | Kendall@80: 0.7003
Epoch 31/150 | Train Loss: 0.0334 | Epoch Time: 0.33s | Spearman@80: 0.8597 | Kendall@80: 0.7074
Epoch 32/150 | Train Loss: 0.0264 | Epoch Time: 0.33s | Spearman@80: 0.8650 | Kendall@80: 0.7100
Epoch 33/150 | Train Loss: 0.0241 | Epoch Time: 0.35s | Spearman@80: 0.8614 | Kendall@80: 0.7106
Epoch 34/150 | Train Loss: 0.0292 | Epoch Time: 0.33s | Spearman@80: 0.8190 | Kendall@80: 0.6525
Epoch 35/150 | Train Loss: 0.0274 | Epoch Time: 0.34s | Spearman@80: 0.8842 | Kendall@80: 0.7440
Epoch 36/150 | Train Loss: 0.0227 | Epoch Time: 0.34s | Spearman@80: 0.8800 | Kendall@80: 0.7366
Epoch 37/150 | Train Loss: 0.0226 | Epoch Time: 0.33s | Spearman@80: 0.8617 | Kendall@80: 0.7011
Epoch 38/150 | Train Loss: 0.0171 | Epoch Time: 0.34s | Spearman@80: 0.8841 | Kendall@80: 0.7385
Epoch 39/150 | Train Loss: 0.0299 | Epoch Time: 0.33s | Spearman@80: 0.8736 | Kendall@80: 0.7100
Epoch 40/150 | Train Loss: 0.0207 | Epoch Time: 0.34s | Spearman@80: 0.8505 | Kendall@80: 0.6916
Epoch 41/150 | Train Loss: 0.0213 | Epoch Time: 0.32s | Spearman@80: 0.8548 | Kendall@80: 0.6853
Epoch 42/150 | Train Loss: 0.0213 | Epoch Time: 0.34s | Spearman@80: 0.8810 | Kendall@80: 0.7275
Epoch 43/150 | Train Loss: 0.0235 | Epoch Time: 0.34s | Spearman@80: 0.8613 | Kendall@80: 0.7148
Epoch 44/150 | Train Loss: 0.0206 | Epoch Time: 0.35s | Spearman@80: 0.8884 | Kendall@80: 0.7499
Epoch 45/150 | Train Loss: 0.0257 | Epoch Time: 0.33s | Spearman@80: 0.8918 | Kendall@80: 0.7548
Epoch 46/150 | Train Loss: 0.0171 | Epoch Time: 0.35s | Spearman@80: 0.8878 | Kendall@80: 0.7429
Epoch 47/150 | Train Loss: 0.0292 | Epoch Time: 0.33s | Spearman@80: 0.8812 | Kendall@80: 0.7357
Epoch 48/150 | Train Loss: 0.0261 | Epoch Time: 0.33s | Spearman@80: 0.8435 | Kendall@80: 0.6787
Epoch 49/150 | Train Loss: 0.0286 | Epoch Time: 0.34s | Spearman@80: 0.8897 | Kendall@80: 0.7560
Epoch 50/150 | Train Loss: 0.0263 | Epoch Time: 0.34s | Spearman@80: 0.8856 | Kendall@80: 0.7381
Epoch 51/150 | Train Loss: 0.0163 | Epoch Time: 0.33s | Spearman@80: 0.8618 | Kendall@80: 0.6979
Epoch 52/150 | Train Loss: 0.0246 | Epoch Time: 0.35s | Spearman@80: 0.8875 | Kendall@80: 0.7440
Epoch 53/150 | Train Loss: 0.0197 | Epoch Time: 0.35s | Spearman@80: 0.9041 | Kendall@80: 0.7662
Epoch 54/150 | Train Loss: 0.0264 | Epoch Time: 0.35s | Spearman@80: 0.8695 | Kendall@80: 0.7136
Epoch 55/150 | Train Loss: 0.0268 | Epoch Time: 0.35s | Spearman@80: 0.8662 | Kendall@80: 0.7170
Epoch 56/150 | Train Loss: 0.0235 | Epoch Time: 0.33s | Spearman@80: 0.8595 | Kendall@80: 0.7087
Epoch 57/150 | Train Loss: 0.0215 | Epoch Time: 0.33s | Spearman@80: 0.8771 | Kendall@80: 0.7315
Epoch 58/150 | Train Loss: 0.0201 | Epoch Time: 0.32s | Spearman@80: 0.8720 | Kendall@80: 0.7271
Epoch 59/150 | Train Loss: 0.0185 | Epoch Time: 0.34s | Spearman@80: 0.8622 | Kendall@80: 0.7072
Epoch 60/150 | Train Loss: 0.0237 | Epoch Time: 0.34s | Spearman@80: 0.8478 | Kendall@80: 0.6793
Epoch 61/150 | Train Loss: 0.0181 | Epoch Time: 0.33s | Spearman@80: 0.8747 | Kendall@80: 0.7205
Epoch 62/150 | Train Loss: 0.0182 | Epoch Time: 0.33s | Spearman@80: 0.8654 | Kendall@80: 0.7170
Epoch 63/150 | Train Loss: 0.0196 | Epoch Time: 0.33s | Spearman@80: 0.8931 | Kendall@80: 0.7581
Epoch 64/150 | Train Loss: 0.0183 | Epoch Time: 0.33s | Spearman@80: 0.8886 | Kendall@80: 0.7383
Epoch 65/150 | Train Loss: 0.0150 | Epoch Time: 0.32s | Spearman@80: 0.8899 | Kendall@80: 0.7425
Epoch 66/150 | Train Loss: 0.0165 | Epoch Time: 0.33s | Spearman@80: 0.8872 | Kendall@80: 0.7427
Epoch 67/150 | Train Loss: 0.0170 | Epoch Time: 0.33s | Spearman@80: 0.8794 | Kendall@80: 0.7338
Epoch 68/150 | Train Loss: 0.0173 | Epoch Time: 0.33s | Spearman@80: 0.8775 | Kendall@80: 0.7359
Epoch 69/150 | Train Loss: 0.0158 | Epoch Time: 0.36s | Spearman@80: 0.8739 | Kendall@80: 0.7231
Epoch 70/150 | Train Loss: 0.0183 | Epoch Time: 0.33s | Spearman@80: 0.8864 | Kendall@80: 0.7345
Epoch 71/150 | Train Loss: 0.0205 | Epoch Time: 0.33s | Spearman@80: 0.8810 | Kendall@80: 0.7332
Epoch 72/150 | Train Loss: 0.0217 | Epoch Time: 0.34s | Spearman@80: 0.8855 | Kendall@80: 0.7391
Epoch 73/150 | Train Loss: 0.0183 | Epoch Time: 0.34s | Spearman@80: 0.8717 | Kendall@80: 0.7134
Epoch 74/150 | Train Loss: 0.0201 | Epoch Time: 0.33s | Spearman@80: 0.8763 | Kendall@80: 0.7207
Epoch 75/150 | Train Loss: 0.0177 | Epoch Time: 0.35s | Spearman@80: 0.8652 | Kendall@80: 0.7009
Epoch 76/150 | Train Loss: 0.0234 | Epoch Time: 0.35s | Spearman@80: 0.8883 | Kendall@80: 0.7531
Epoch 77/150 | Train Loss: 0.0203 | Epoch Time: 0.33s | Spearman@80: 0.8849 | Kendall@80: 0.7423
Epoch 78/150 | Train Loss: 0.0161 | Epoch Time: 0.33s | Spearman@80: 0.8868 | Kendall@80: 0.7508
Epoch 79/150 | Train Loss: 0.0154 | Epoch Time: 0.34s | Spearman@80: 0.8701 | Kendall@80: 0.7199
Epoch 80/150 | Train Loss: 0.0194 | Epoch Time: 0.36s | Spearman@80: 0.8563 | Kendall@80: 0.6979
Epoch 81/150 | Train Loss: 0.0197 | Epoch Time: 0.34s | Spearman@80: 0.8604 | Kendall@80: 0.7053
Epoch 82/150 | Train Loss: 0.0172 | Epoch Time: 0.34s | Spearman@80: 0.8673 | Kendall@80: 0.7085
Epoch 83/150 | Train Loss: 0.0181 | Epoch Time: 0.34s | Spearman@80: 0.8630 | Kendall@80: 0.7110
Epoch 84/150 | Train Loss: 0.0167 | Epoch Time: 0.34s | Spearman@80: 0.8748 | Kendall@80: 0.7288
Epoch 85/150 | Train Loss: 0.0155 | Epoch Time: 0.33s | Spearman@80: 0.8779 | Kendall@80: 0.7330
Epoch 86/150 | Train Loss: 0.0213 | Epoch Time: 0.33s | Spearman@80: 0.8758 | Kendall@80: 0.7307
Epoch 87/150 | Train Loss: 0.0181 | Epoch Time: 0.35s | Spearman@80: 0.8605 | Kendall@80: 0.7091
Epoch 88/150 | Train Loss: 0.0152 | Epoch Time: 0.33s | Spearman@80: 0.8621 | Kendall@80: 0.7132
Epoch 89/150 | Train Loss: 0.0185 | Epoch Time: 0.33s | Spearman@80: 0.8561 | Kendall@80: 0.7005
Epoch 90/150 | Train Loss: 0.0131 | Epoch Time: 0.33s | Spearman@80: 0.8687 | Kendall@80: 0.7188
Epoch 91/150 | Train Loss: 0.0198 | Epoch Time: 0.34s | Spearman@80: 0.8643 | Kendall@80: 0.7131
Epoch 92/150 | Train Loss: 0.0135 | Epoch Time: 0.33s | Spearman@80: 0.8759 | Kendall@80: 0.7326
Epoch 93/150 | Train Loss: 0.0125 | Epoch Time: 0.34s | Spearman@80: 0.8809 | Kendall@80: 0.7436
Epoch 94/150 | Train Loss: 0.0116 | Epoch Time: 0.36s | Spearman@80: 0.8794 | Kendall@80: 0.7402
Epoch 95/150 | Train Loss: 0.0204 | Epoch Time: 0.32s | Spearman@80: 0.8796 | Kendall@80: 0.7376
Epoch 96/150 | Train Loss: 0.0097 | Epoch Time: 0.34s | Spearman@80: 0.8753 | Kendall@80: 0.7252
Epoch 97/150 | Train Loss: 0.0140 | Epoch Time: 0.34s | Spearman@80: 0.8712 | Kendall@80: 0.7174
Epoch 98/150 | Train Loss: 0.0216 | Epoch Time: 0.34s | Spearman@80: 0.8553 | Kendall@80: 0.6958
Epoch 99/150 | Train Loss: 0.0114 | Epoch Time: 0.34s | Spearman@80: 0.8624 | Kendall@80: 0.7053
Epoch 100/150 | Train Loss: 0.0124 | Epoch Time: 0.33s | Spearman@80: 0.8658 | Kendall@80: 0.7144
Epoch 101/150 | Train Loss: 0.0161 | Epoch Time: 0.34s | Spearman@80: 0.8660 | Kendall@80: 0.7188
Epoch 102/150 | Train Loss: 0.0148 | Epoch Time: 0.33s | Spearman@80: 0.8727 | Kendall@80: 0.7237
Epoch 103/150 | Train Loss: 0.0163 | Epoch Time: 0.34s | Spearman@80: 0.8716 | Kendall@80: 0.7283
Epoch 104/150 | Train Loss: 0.0148 | Epoch Time: 0.34s | Spearman@80: 0.8812 | Kendall@80: 0.7383
Epoch 105/150 | Train Loss: 0.0154 | Epoch Time: 0.34s | Spearman@80: 0.8785 | Kendall@80: 0.7393
Epoch 106/150 | Train Loss: 0.0143 | Epoch Time: 0.32s | Spearman@80: 0.8716 | Kendall@80: 0.7241
Epoch 107/150 | Train Loss: 0.0094 | Epoch Time: 0.32s | Spearman@80: 0.8822 | Kendall@80: 0.7404
Epoch 108/150 | Train Loss: 0.0141 | Epoch Time: 0.34s | Spearman@80: 0.8878 | Kendall@80: 0.7491
Epoch 109/150 | Train Loss: 0.0200 | Epoch Time: 0.34s | Spearman@80: 0.8758 | Kendall@80: 0.7243
Epoch 110/150 | Train Loss: 0.0191 | Epoch Time: 0.34s | Spearman@80: 0.8781 | Kendall@80: 0.7313
Epoch 111/150 | Train Loss: 0.0150 | Epoch Time: 0.33s | Spearman@80: 0.8696 | Kendall@80: 0.7207
Epoch 112/150 | Train Loss: 0.0188 | Epoch Time: 0.34s | Spearman@80: 0.8600 | Kendall@80: 0.7030
Epoch 113/150 | Train Loss: 0.0118 | Epoch Time: 0.32s | Spearman@80: 0.8760 | Kendall@80: 0.7290
Epoch 114/150 | Train Loss: 0.0132 | Epoch Time: 0.33s | Spearman@80: 0.8805 | Kendall@80: 0.7370
Epoch 115/150 | Train Loss: 0.0110 | Epoch Time: 0.34s | Spearman@80: 0.8781 | Kendall@80: 0.7288
Epoch 116/150 | Train Loss: 0.0135 | Epoch Time: 0.33s | Spearman@80: 0.8777 | Kendall@80: 0.7334
Epoch 117/150 | Train Loss: 0.0087 | Epoch Time: 0.35s | Spearman@80: 0.8740 | Kendall@80: 0.7237
Epoch 118/150 | Train Loss: 0.0078 | Epoch Time: 0.36s | Spearman@80: 0.8687 | Kendall@80: 0.7163
Epoch 119/150 | Train Loss: 0.0147 | Epoch Time: 0.35s | Spearman@80: 0.8690 | Kendall@80: 0.7226
Epoch 120/150 | Train Loss: 0.0102 | Epoch Time: 0.33s | Spearman@80: 0.8671 | Kendall@80: 0.7144
Epoch 121/150 | Train Loss: 0.0128 | Epoch Time: 0.33s | Spearman@80: 0.8731 | Kendall@80: 0.7252
Epoch 122/150 | Train Loss: 0.0091 | Epoch Time: 0.34s | Spearman@80: 0.8680 | Kendall@80: 0.7142
Epoch 123/150 | Train Loss: 0.0123 | Epoch Time: 0.34s | Spearman@80: 0.8712 | Kendall@80: 0.7205
Epoch 124/150 | Train Loss: 0.0083 | Epoch Time: 0.34s | Spearman@80: 0.8661 | Kendall@80: 0.7136
Epoch 125/150 | Train Loss: 0.0128 | Epoch Time: 0.35s | Spearman@80: 0.8579 | Kendall@80: 0.6992
Epoch 126/150 | Train Loss: 0.0185 | Epoch Time: 0.34s | Spearman@80: 0.8669 | Kendall@80: 0.7176
Epoch 127/150 | Train Loss: 0.0081 | Epoch Time: 0.36s | Spearman@80: 0.8693 | Kendall@80: 0.7208
Epoch 128/150 | Train Loss: 0.0119 | Epoch Time: 0.33s | Spearman@80: 0.8687 | Kendall@80: 0.7157
Epoch 129/150 | Train Loss: 0.0108 | Epoch Time: 0.33s | Spearman@80: 0.8682 | Kendall@80: 0.7148
Epoch 130/150 | Train Loss: 0.0093 | Epoch Time: 0.34s | Spearman@80: 0.8724 | Kendall@80: 0.7243
Epoch 131/150 | Train Loss: 0.0079 | Epoch Time: 0.33s | Spearman@80: 0.8653 | Kendall@80: 0.7096
Epoch 132/150 | Train Loss: 0.0101 | Epoch Time: 0.35s | Spearman@80: 0.8701 | Kendall@80: 0.7193
Epoch 133/150 | Train Loss: 0.0124 | Epoch Time: 0.33s | Spearman@80: 0.8670 | Kendall@80: 0.7144
Epoch 134/150 | Train Loss: 0.0132 | Epoch Time: 0.33s | Spearman@80: 0.8660 | Kendall@80: 0.7110
Epoch 135/150 | Train Loss: 0.0121 | Epoch Time: 0.36s | Spearman@80: 0.8606 | Kendall@80: 0.7055
Epoch 136/150 | Train Loss: 0.0118 | Epoch Time: 0.34s | Spearman@80: 0.8665 | Kendall@80: 0.7170
Epoch 137/150 | Train Loss: 0.0110 | Epoch Time: 0.33s | Spearman@80: 0.8679 | Kendall@80: 0.7167
Epoch 138/150 | Train Loss: 0.0156 | Epoch Time: 0.34s | Spearman@80: 0.8673 | Kendall@80: 0.7176
Epoch 139/150 | Train Loss: 0.0084 | Epoch Time: 0.34s | Spearman@80: 0.8675 | Kendall@80: 0.7157
Epoch 140/150 | Train Loss: 0.0102 | Epoch Time: 0.33s | Spearman@80: 0.8685 | Kendall@80: 0.7186
Epoch 141/150 | Train Loss: 0.0173 | Epoch Time: 0.34s | Spearman@80: 0.8672 | Kendall@80: 0.7157
Epoch 142/150 | Train Loss: 0.0196 | Epoch Time: 0.35s | Spearman@80: 0.8671 | Kendall@80: 0.7170
Epoch 143/150 | Train Loss: 0.0096 | Epoch Time: 0.34s | Spearman@80: 0.8695 | Kendall@80: 0.7182
Epoch 144/150 | Train Loss: 0.0090 | Epoch Time: 0.35s | Spearman@80: 0.8671 | Kendall@80: 0.7157
Epoch 145/150 | Train Loss: 0.0066 | Epoch Time: 0.33s | Spearman@80: 0.8691 | Kendall@80: 0.7212
Epoch 146/150 | Train Loss: 0.0102 | Epoch Time: 0.35s | Spearman@80: 0.8656 | Kendall@80: 0.7138
Epoch 147/150 | Train Loss: 0.0076 | Epoch Time: 1.47s | Spearman@15560: 0.9128 | Kendall@15560: 0.7663
Epoch 148/150 | Train Loss: 0.0126 | Epoch Time: 1.42s | Spearman@15560: 0.9140 | Kendall@15560: 0.7683
Epoch 149/150 | Train Loss: 0.0126 | Epoch Time: 1.40s | Spearman@15560: 0.9119 | Kendall@15560: 0.7626
Epoch 150/150 | Train Loss: 0.0089 | Epoch Time: 1.39s | Spearman@15560: 0.9143 | Kendall@15560: 0.7679
Sample Count: 64, Spearman: 0.9132277550064064, Kendall: 0.7663026935861552
{64: (0.9132277550064064, 0.7663026935861552),
 128: (0.921444881206051, 0.7792001613733555)}
Epoch 1/150 | Train Loss: 0.0927 | Epoch Time: 0.68s | Spearman@80: 0.5823 | Kendall@80: 0.4226
Epoch 2/150 | Train Loss: 0.0619 | Epoch Time: 0.66s | Spearman@80: 0.8975 | Kendall@80: 0.7191
Epoch 3/150 | Train Loss: 0.0414 | Epoch Time: 0.67s | Spearman@80: 0.8644 | Kendall@80: 0.6878
Epoch 4/150 | Train Loss: 0.0371 | Epoch Time: 0.66s | Spearman@80: 0.9144 | Kendall@80: 0.7575
Epoch 5/150 | Train Loss: 0.0355 | Epoch Time: 0.66s | Spearman@80: 0.9107 | Kendall@80: 0.7438
Epoch 6/150 | Train Loss: 0.0372 | Epoch Time: 0.68s | Spearman@80: 0.9244 | Kendall@80: 0.7730
Epoch 7/150 | Train Loss: 0.0279 | Epoch Time: 0.66s | Spearman@80: 0.8953 | Kendall@80: 0.7284
Epoch 8/150 | Train Loss: 0.0310 | Epoch Time: 0.68s | Spearman@80: 0.8891 | Kendall@80: 0.7218
Epoch 9/150 | Train Loss: 0.0349 | Epoch Time: 0.66s | Spearman@80: 0.8829 | Kendall@80: 0.7070
Epoch 10/150 | Train Loss: 0.0301 | Epoch Time: 0.66s | Spearman@80: 0.8987 | Kendall@80: 0.7366
Epoch 11/150 | Train Loss: 0.0304 | Epoch Time: 0.70s | Spearman@80: 0.9190 | Kendall@80: 0.7675
Epoch 12/150 | Train Loss: 0.0309 | Epoch Time: 0.66s | Spearman@80: 0.9155 | Kendall@80: 0.7637
Epoch 13/150 | Train Loss: 0.0359 | Epoch Time: 0.67s | Spearman@80: 0.9111 | Kendall@80: 0.7406
Epoch 14/150 | Train Loss: 0.0348 | Epoch Time: 0.66s | Spearman@80: 0.9258 | Kendall@80: 0.7783
Epoch 15/150 | Train Loss: 0.0353 | Epoch Time: 0.68s | Spearman@80: 0.9136 | Kendall@80: 0.7590
Epoch 16/150 | Train Loss: 0.0354 | Epoch Time: 0.69s | Spearman@80: 0.9230 | Kendall@80: 0.7656
Epoch 17/150 | Train Loss: 0.0319 | Epoch Time: 0.66s | Spearman@80: 0.9309 | Kendall@80: 0.7895
Epoch 18/150 | Train Loss: 0.0277 | Epoch Time: 0.67s | Spearman@80: 0.9014 | Kendall@80: 0.7432
Epoch 19/150 | Train Loss: 0.0257 | Epoch Time: 0.67s | Spearman@80: 0.8918 | Kendall@80: 0.7161
Epoch 20/150 | Train Loss: 0.0243 | Epoch Time: 0.69s | Spearman@80: 0.9284 | Kendall@80: 0.7880
Epoch 21/150 | Train Loss: 0.0335 | Epoch Time: 0.68s | Spearman@80: 0.9213 | Kendall@80: 0.7677
Epoch 22/150 | Train Loss: 0.0259 | Epoch Time: 0.69s | Spearman@80: 0.9299 | Kendall@80: 0.7862
Epoch 23/150 | Train Loss: 0.0307 | Epoch Time: 0.66s | Spearman@80: 0.9119 | Kendall@80: 0.7637
Epoch 24/150 | Train Loss: 0.0297 | Epoch Time: 0.68s | Spearman@80: 0.9009 | Kendall@80: 0.7353
Epoch 25/150 | Train Loss: 0.0351 | Epoch Time: 0.68s | Spearman@80: 0.9221 | Kendall@80: 0.7759
Epoch 26/150 | Train Loss: 0.0284 | Epoch Time: 0.67s | Spearman@80: 0.9359 | Kendall@80: 0.7905
Epoch 27/150 | Train Loss: 0.0364 | Epoch Time: 0.66s | Spearman@80: 0.9197 | Kendall@80: 0.7607
Epoch 28/150 | Train Loss: 0.0274 | Epoch Time: 0.70s | Spearman@80: 0.9301 | Kendall@80: 0.7882
Epoch 29/150 | Train Loss: 0.0286 | Epoch Time: 0.68s | Spearman@80: 0.9212 | Kendall@80: 0.7730
Epoch 30/150 | Train Loss: 0.0292 | Epoch Time: 0.65s | Spearman@80: 0.9229 | Kendall@80: 0.7774
Epoch 31/150 | Train Loss: 0.0253 | Epoch Time: 0.68s | Spearman@80: 0.9085 | Kendall@80: 0.7565
Epoch 32/150 | Train Loss: 0.0340 | Epoch Time: 0.67s | Spearman@80: 0.9154 | Kendall@80: 0.7597
Epoch 33/150 | Train Loss: 0.0318 | Epoch Time: 0.65s | Spearman@80: 0.9122 | Kendall@80: 0.7590
Epoch 34/150 | Train Loss: 0.0268 | Epoch Time: 0.66s | Spearman@80: 0.9169 | Kendall@80: 0.7677
Epoch 35/150 | Train Loss: 0.0285 | Epoch Time: 0.68s | Spearman@80: 0.9151 | Kendall@80: 0.7565
Epoch 36/150 | Train Loss: 0.0311 | Epoch Time: 0.66s | Spearman@80: 0.9240 | Kendall@80: 0.7766
Epoch 37/150 | Train Loss: 0.0243 | Epoch Time: 0.70s | Spearman@80: 0.9249 | Kendall@80: 0.7810
Epoch 38/150 | Train Loss: 0.0297 | Epoch Time: 0.65s | Spearman@80: 0.9196 | Kendall@80: 0.7781
Epoch 39/150 | Train Loss: 0.0301 | Epoch Time: 0.68s | Spearman@80: 0.9138 | Kendall@80: 0.7634
Epoch 40/150 | Train Loss: 0.0291 | Epoch Time: 0.68s | Spearman@80: 0.9199 | Kendall@80: 0.7698
Epoch 41/150 | Train Loss: 0.0277 | Epoch Time: 0.66s | Spearman@80: 0.9133 | Kendall@80: 0.7597
Epoch 42/150 | Train Loss: 0.0276 | Epoch Time: 0.69s | Spearman@80: 0.9189 | Kendall@80: 0.7665
Epoch 43/150 | Train Loss: 0.0268 | Epoch Time: 0.66s | Spearman@80: 0.9110 | Kendall@80: 0.7565
Epoch 44/150 | Train Loss: 0.0288 | Epoch Time: 0.68s | Spearman@80: 0.8997 | Kendall@80: 0.7360
Epoch 45/150 | Train Loss: 0.0231 | Epoch Time: 0.67s | Spearman@80: 0.9125 | Kendall@80: 0.7561
Epoch 46/150 | Train Loss: 0.0239 | Epoch Time: 0.68s | Spearman@80: 0.9151 | Kendall@80: 0.7620
Epoch 47/150 | Train Loss: 0.0339 | Epoch Time: 0.66s | Spearman@80: 0.9072 | Kendall@80: 0.7603
Epoch 48/150 | Train Loss: 0.0229 | Epoch Time: 0.68s | Spearman@80: 0.9167 | Kendall@80: 0.7698
Epoch 49/150 | Train Loss: 0.0234 | Epoch Time: 0.69s | Spearman@80: 0.9034 | Kendall@80: 0.7453
Epoch 50/150 | Train Loss: 0.0213 | Epoch Time: 0.68s | Spearman@80: 0.9106 | Kendall@80: 0.7578
Epoch 51/150 | Train Loss: 0.0267 | Epoch Time: 0.66s | Spearman@80: 0.9052 | Kendall@80: 0.7491
Epoch 52/150 | Train Loss: 0.0209 | Epoch Time: 0.69s | Spearman@80: 0.9093 | Kendall@80: 0.7609
Epoch 53/150 | Train Loss: 0.0238 | Epoch Time: 0.68s | Spearman@80: 0.9095 | Kendall@80: 0.7630
Epoch 54/150 | Train Loss: 0.0252 | Epoch Time: 0.66s | Spearman@80: 0.8886 | Kendall@80: 0.7400
Epoch 55/150 | Train Loss: 0.0230 | Epoch Time: 0.68s | Spearman@80: 0.9106 | Kendall@80: 0.7567
Epoch 56/150 | Train Loss: 0.0258 | Epoch Time: 0.66s | Spearman@80: 0.9236 | Kendall@80: 0.7791
Epoch 57/150 | Train Loss: 0.0274 | Epoch Time: 0.66s | Spearman@80: 0.9145 | Kendall@80: 0.7654
Epoch 58/150 | Train Loss: 0.0245 | Epoch Time: 0.67s | Spearman@80: 0.9227 | Kendall@80: 0.7743
Epoch 59/150 | Train Loss: 0.0276 | Epoch Time: 0.68s | Spearman@80: 0.9196 | Kendall@80: 0.7730
Epoch 60/150 | Train Loss: 0.0245 | Epoch Time: 0.67s | Spearman@80: 0.9199 | Kendall@80: 0.7751
Epoch 61/150 | Train Loss: 0.0225 | Epoch Time: 0.66s | Spearman@80: 0.9074 | Kendall@80: 0.7550
Epoch 62/150 | Train Loss: 0.0258 | Epoch Time: 0.69s | Spearman@80: 0.9134 | Kendall@80: 0.7692
Epoch 63/150 | Train Loss: 0.0246 | Epoch Time: 0.66s | Spearman@80: 0.9233 | Kendall@80: 0.7836
Epoch 64/150 | Train Loss: 0.0234 | Epoch Time: 0.69s | Spearman@80: 0.9161 | Kendall@80: 0.7670
Epoch 65/150 | Train Loss: 0.0268 | Epoch Time: 0.67s | Spearman@80: 0.9231 | Kendall@80: 0.7810
Epoch 66/150 | Train Loss: 0.0191 | Epoch Time: 0.68s | Spearman@80: 0.9229 | Kendall@80: 0.7817
Epoch 67/150 | Train Loss: 0.0224 | Epoch Time: 0.68s | Spearman@80: 0.9111 | Kendall@80: 0.7652
Epoch 68/150 | Train Loss: 0.0277 | Epoch Time: 0.67s | Spearman@80: 0.9292 | Kendall@80: 0.7831
Epoch 69/150 | Train Loss: 0.0293 | Epoch Time: 0.66s | Spearman@80: 0.9180 | Kendall@80: 0.7722
Epoch 70/150 | Train Loss: 0.0209 | Epoch Time: 0.68s | Spearman@80: 0.9161 | Kendall@80: 0.7690
Epoch 71/150 | Train Loss: 0.0241 | Epoch Time: 0.67s | Spearman@80: 0.9131 | Kendall@80: 0.7662
Epoch 72/150 | Train Loss: 0.0240 | Epoch Time: 0.67s | Spearman@80: 0.9157 | Kendall@80: 0.7668
Epoch 73/150 | Train Loss: 0.0218 | Epoch Time: 0.68s | Spearman@80: 0.9245 | Kendall@80: 0.7865
Epoch 74/150 | Train Loss: 0.0221 | Epoch Time: 0.66s | Spearman@80: 0.9222 | Kendall@80: 0.7829
Epoch 75/150 | Train Loss: 0.0251 | Epoch Time: 0.65s | Spearman@80: 0.9275 | Kendall@80: 0.7930
Epoch 76/150 | Train Loss: 0.0181 | Epoch Time: 0.64s | Spearman@80: 0.9241 | Kendall@80: 0.7823
Epoch 77/150 | Train Loss: 0.0218 | Epoch Time: 0.66s | Spearman@80: 0.9324 | Kendall@80: 0.7969
Epoch 78/150 | Train Loss: 0.0232 | Epoch Time: 0.64s | Spearman@80: 0.9155 | Kendall@80: 0.7749
Epoch 79/150 | Train Loss: 0.0240 | Epoch Time: 0.69s | Spearman@80: 0.9249 | Kendall@80: 0.7874
Epoch 80/150 | Train Loss: 0.0221 | Epoch Time: 0.69s | Spearman@80: 0.9329 | Kendall@80: 0.8049
Epoch 81/150 | Train Loss: 0.0226 | Epoch Time: 0.65s | Spearman@80: 0.9273 | Kendall@80: 0.7869
Epoch 82/150 | Train Loss: 0.0200 | Epoch Time: 0.65s | Spearman@80: 0.9339 | Kendall@80: 0.8011
Epoch 83/150 | Train Loss: 0.0174 | Epoch Time: 0.66s | Spearman@80: 0.9295 | Kendall@80: 0.7933
Epoch 84/150 | Train Loss: 0.0218 | Epoch Time: 0.67s | Spearman@80: 0.9249 | Kendall@80: 0.7886
Epoch 85/150 | Train Loss: 0.0219 | Epoch Time: 0.66s | Spearman@80: 0.9366 | Kendall@80: 0.8085
Epoch 86/150 | Train Loss: 0.0191 | Epoch Time: 0.68s | Spearman@80: 0.9298 | Kendall@80: 0.7963
Epoch 87/150 | Train Loss: 0.0201 | Epoch Time: 0.68s | Spearman@80: 0.9320 | Kendall@80: 0.8001
Epoch 88/150 | Train Loss: 0.0180 | Epoch Time: 0.67s | Spearman@80: 0.9263 | Kendall@80: 0.7920
Epoch 89/150 | Train Loss: 0.0178 | Epoch Time: 0.66s | Spearman@80: 0.9184 | Kendall@80: 0.7838
Epoch 90/150 | Train Loss: 0.0181 | Epoch Time: 0.68s | Spearman@80: 0.9078 | Kendall@80: 0.7658
Epoch 91/150 | Train Loss: 0.0194 | Epoch Time: 0.67s | Spearman@80: 0.9232 | Kendall@80: 0.7857
Epoch 92/150 | Train Loss: 0.0183 | Epoch Time: 0.67s | Spearman@80: 0.9175 | Kendall@80: 0.7806
Epoch 93/150 | Train Loss: 0.0156 | Epoch Time: 0.67s | Spearman@80: 0.9156 | Kendall@80: 0.7757
Epoch 94/150 | Train Loss: 0.0183 | Epoch Time: 0.68s | Spearman@80: 0.9197 | Kendall@80: 0.7779
Epoch 95/150 | Train Loss: 0.0185 | Epoch Time: 0.66s | Spearman@80: 0.9246 | Kendall@80: 0.7897
Epoch 96/150 | Train Loss: 0.0171 | Epoch Time: 0.68s | Spearman@80: 0.9258 | Kendall@80: 0.7912
Epoch 97/150 | Train Loss: 0.0186 | Epoch Time: 0.67s | Spearman@80: 0.9209 | Kendall@80: 0.7907
Epoch 98/150 | Train Loss: 0.0172 | Epoch Time: 0.66s | Spearman@80: 0.9245 | Kendall@80: 0.7937
Epoch 99/150 | Train Loss: 0.0177 | Epoch Time: 0.66s | Spearman@80: 0.9264 | Kendall@80: 0.7937
Epoch 100/150 | Train Loss: 0.0194 | Epoch Time: 0.68s | Spearman@80: 0.9377 | Kendall@80: 0.8115
Epoch 101/150 | Train Loss: 0.0155 | Epoch Time: 0.65s | Spearman@80: 0.9407 | Kendall@80: 0.8191
Epoch 102/150 | Train Loss: 0.0164 | Epoch Time: 0.68s | Spearman@80: 0.9308 | Kendall@80: 0.8019
Epoch 103/150 | Train Loss: 0.0196 | Epoch Time: 0.70s | Spearman@80: 0.9329 | Kendall@80: 0.8089
Epoch 104/150 | Train Loss: 0.0142 | Epoch Time: 0.68s | Spearman@80: 0.9351 | Kendall@80: 0.8013
Epoch 105/150 | Train Loss: 0.0163 | Epoch Time: 0.67s | Spearman@80: 0.9316 | Kendall@80: 0.8058
Epoch 106/150 | Train Loss: 0.0145 | Epoch Time: 0.69s | Spearman@80: 0.9294 | Kendall@80: 0.7982
Epoch 107/150 | Train Loss: 0.0185 | Epoch Time: 0.67s | Spearman@80: 0.9307 | Kendall@80: 0.8038
Epoch 108/150 | Train Loss: 0.0173 | Epoch Time: 0.67s | Spearman@80: 0.9272 | Kendall@80: 0.7928
Epoch 109/150 | Train Loss: 0.0186 | Epoch Time: 0.67s | Spearman@80: 0.9300 | Kendall@80: 0.8055
Epoch 110/150 | Train Loss: 0.0154 | Epoch Time: 0.66s | Spearman@80: 0.9350 | Kendall@80: 0.8079
Epoch 111/150 | Train Loss: 0.0145 | Epoch Time: 0.67s | Spearman@80: 0.9324 | Kendall@80: 0.8032
Epoch 112/150 | Train Loss: 0.0163 | Epoch Time: 0.66s | Spearman@80: 0.9338 | Kendall@80: 0.8053
Epoch 113/150 | Train Loss: 0.0159 | Epoch Time: 0.67s | Spearman@80: 0.9274 | Kendall@80: 0.7947
Epoch 114/150 | Train Loss: 0.0197 | Epoch Time: 0.65s | Spearman@80: 0.9339 | Kendall@80: 0.8101
Epoch 115/150 | Train Loss: 0.0163 | Epoch Time: 0.66s | Spearman@80: 0.9322 | Kendall@80: 0.8042
Epoch 116/150 | Train Loss: 0.0145 | Epoch Time: 0.67s | Spearman@80: 0.9284 | Kendall@80: 0.8011
Epoch 117/150 | Train Loss: 0.0137 | Epoch Time: 0.68s | Spearman@80: 0.9292 | Kendall@80: 0.7994
Epoch 118/150 | Train Loss: 0.0175 | Epoch Time: 0.66s | Spearman@80: 0.9281 | Kendall@80: 0.7952
Epoch 119/150 | Train Loss: 0.0191 | Epoch Time: 0.65s | Spearman@80: 0.9315 | Kendall@80: 0.8011
Epoch 120/150 | Train Loss: 0.0156 | Epoch Time: 0.68s | Spearman@80: 0.9318 | Kendall@80: 0.8083
Epoch 121/150 | Train Loss: 0.0148 | Epoch Time: 0.68s | Spearman@80: 0.9297 | Kendall@80: 0.8003
Epoch 122/150 | Train Loss: 0.0175 | Epoch Time: 0.68s | Spearman@80: 0.9298 | Kendall@80: 0.8047
Epoch 123/150 | Train Loss: 0.0116 | Epoch Time: 0.68s | Spearman@80: 0.9278 | Kendall@80: 0.8020
Epoch 124/150 | Train Loss: 0.0153 | Epoch Time: 0.67s | Spearman@80: 0.9281 | Kendall@80: 0.8019
Epoch 125/150 | Train Loss: 0.0168 | Epoch Time: 0.66s | Spearman@80: 0.9308 | Kendall@80: 0.8079
Epoch 126/150 | Train Loss: 0.0159 | Epoch Time: 0.66s | Spearman@80: 0.9286 | Kendall@80: 0.8023
Epoch 127/150 | Train Loss: 0.0175 | Epoch Time: 0.67s | Spearman@80: 0.9323 | Kendall@80: 0.8030
Epoch 128/150 | Train Loss: 0.0156 | Epoch Time: 0.66s | Spearman@80: 0.9287 | Kendall@80: 0.8041
Epoch 129/150 | Train Loss: 0.0140 | Epoch Time: 0.67s | Spearman@80: 0.9250 | Kendall@80: 0.7969
Epoch 130/150 | Train Loss: 0.0134 | Epoch Time: 0.67s | Spearman@80: 0.9257 | Kendall@80: 0.7988
Epoch 131/150 | Train Loss: 0.0154 | Epoch Time: 0.67s | Spearman@80: 0.9247 | Kendall@80: 0.7984
Epoch 132/150 | Train Loss: 0.0151 | Epoch Time: 0.68s | Spearman@80: 0.9279 | Kendall@80: 0.8009
Epoch 133/150 | Train Loss: 0.0124 | Epoch Time: 0.66s | Spearman@80: 0.9275 | Kendall@80: 0.8015
Epoch 134/150 | Train Loss: 0.0125 | Epoch Time: 0.65s | Spearman@80: 0.9284 | Kendall@80: 0.8028
Epoch 135/150 | Train Loss: 0.0160 | Epoch Time: 0.67s | Spearman@80: 0.9287 | Kendall@80: 0.8032
Epoch 136/150 | Train Loss: 0.0156 | Epoch Time: 0.67s | Spearman@80: 0.9298 | Kendall@80: 0.8062
Epoch 137/150 | Train Loss: 0.0115 | Epoch Time: 0.69s | Spearman@80: 0.9308 | Kendall@80: 0.8057
Epoch 138/150 | Train Loss: 0.0146 | Epoch Time: 0.66s | Spearman@80: 0.9291 | Kendall@80: 0.8039
Epoch 139/150 | Train Loss: 0.0109 | Epoch Time: 0.67s | Spearman@80: 0.9301 | Kendall@80: 0.8028
Epoch 140/150 | Train Loss: 0.0130 | Epoch Time: 0.68s | Spearman@80: 0.9298 | Kendall@80: 0.8009
Epoch 141/150 | Train Loss: 0.0136 | Epoch Time: 0.65s | Spearman@80: 0.9302 | Kendall@80: 0.8039
Epoch 142/150 | Train Loss: 0.0167 | Epoch Time: 0.67s | Spearman@80: 0.9309 | Kendall@80: 0.8053
Epoch 143/150 | Train Loss: 0.0152 | Epoch Time: 0.68s | Spearman@80: 0.9278 | Kendall@80: 0.8015
Epoch 144/150 | Train Loss: 0.0152 | Epoch Time: 0.65s | Spearman@80: 0.9280 | Kendall@80: 0.8003
Epoch 145/150 | Train Loss: 0.0118 | Epoch Time: 0.68s | Spearman@80: 0.9275 | Kendall@80: 0.8009
Epoch 146/150 | Train Loss: 0.0126 | Epoch Time: 0.67s | Spearman@80: 0.9259 | Kendall@80: 0.7977
Epoch 147/150 | Train Loss: 0.0150 | Epoch Time: 1.81s | Spearman@15496: 0.9429 | Kendall@15496: 0.8136
Epoch 148/150 | Train Loss: 0.0150 | Epoch Time: 1.76s | Spearman@15496: 0.9418 | Kendall@15496: 0.8113
Epoch 149/150 | Train Loss: 0.0134 | Epoch Time: 1.77s | Spearman@15496: 0.9416 | Kendall@15496: 0.8116
Epoch 150/150 | Train Loss: 0.0145 | Epoch Time: 1.78s | Spearman@15496: 0.9425 | Kendall@15496: 0.8130
Sample Count: 128, Spearman: 0.9422133720316517, Kendall: 0.8123649126431163
{64: (0.9132277550064064, 0.7663026935861552),
 128: (0.9422133720316517, 0.8123649126431163)}
Epoch 1/150 | Train Loss: 0.0976 | Epoch Time: 0.33s | Spearman@80: 0.2400 | Kendall@80: 0.1646
Epoch 2/150 | Train Loss: 0.0910 | Epoch Time: 0.35s | Spearman@80: 0.3392 | Kendall@80: 0.2306
Epoch 3/150 | Train Loss: 0.0740 | Epoch Time: 0.34s | Spearman@80: 0.5645 | Kendall@80: 0.3977
Epoch 4/150 | Train Loss: 0.0614 | Epoch Time: 0.34s | Spearman@80: 0.7864 | Kendall@80: 0.5886
Epoch 5/150 | Train Loss: 0.0500 | Epoch Time: 0.34s | Spearman@80: 0.8317 | Kendall@80: 0.6379
Epoch 6/150 | Train Loss: 0.0281 | Epoch Time: 0.34s | Spearman@80: 0.8356 | Kendall@80: 0.6388
Epoch 7/150 | Train Loss: 0.0312 | Epoch Time: 0.35s | Spearman@80: 0.8689 | Kendall@80: 0.6844
Epoch 8/150 | Train Loss: 0.0288 | Epoch Time: 0.34s | Spearman@80: 0.8670 | Kendall@80: 0.6734
Epoch 9/150 | Train Loss: 0.0350 | Epoch Time: 0.35s | Spearman@80: 0.8720 | Kendall@80: 0.6893
Epoch 10/150 | Train Loss: 0.0408 | Epoch Time: 0.34s | Spearman@80: 0.8744 | Kendall@80: 0.7022
Epoch 11/150 | Train Loss: 0.0260 | Epoch Time: 0.33s | Spearman@80: 0.8738 | Kendall@80: 0.6887
Epoch 12/150 | Train Loss: 0.0273 | Epoch Time: 0.35s | Spearman@80: 0.8888 | Kendall@80: 0.7123
Epoch 13/150 | Train Loss: 0.0378 | Epoch Time: 0.33s | Spearman@80: 0.8674 | Kendall@80: 0.6813
Epoch 14/150 | Train Loss: 0.0225 | Epoch Time: 0.34s | Spearman@80: 0.8673 | Kendall@80: 0.6844
Epoch 15/150 | Train Loss: 0.0322 | Epoch Time: 0.36s | Spearman@80: 0.8767 | Kendall@80: 0.7045
Epoch 16/150 | Train Loss: 0.0337 | Epoch Time: 0.33s | Spearman@80: 0.8864 | Kendall@80: 0.7142
Epoch 17/150 | Train Loss: 0.0258 | Epoch Time: 0.33s | Spearman@80: 0.8994 | Kendall@80: 0.7377
Epoch 18/150 | Train Loss: 0.0275 | Epoch Time: 0.34s | Spearman@80: 0.9058 | Kendall@80: 0.7572
Epoch 19/150 | Train Loss: 0.0247 | Epoch Time: 0.36s | Spearman@80: 0.9007 | Kendall@80: 0.7388
Epoch 20/150 | Train Loss: 0.0268 | Epoch Time: 0.34s | Spearman@80: 0.8650 | Kendall@80: 0.6946
Epoch 21/150 | Train Loss: 0.0286 | Epoch Time: 0.34s | Spearman@80: 0.8842 | Kendall@80: 0.7111
Epoch 22/150 | Train Loss: 0.0316 | Epoch Time: 0.33s | Spearman@80: 0.8993 | Kendall@80: 0.7318
Epoch 23/150 | Train Loss: 0.0268 | Epoch Time: 0.34s | Spearman@80: 0.9055 | Kendall@80: 0.7422
Epoch 24/150 | Train Loss: 0.0267 | Epoch Time: 0.33s | Spearman@80: 0.8868 | Kendall@80: 0.7115
Epoch 25/150 | Train Loss: 0.0279 | Epoch Time: 0.33s | Spearman@80: 0.8965 | Kendall@80: 0.7333
Epoch 26/150 | Train Loss: 0.0288 | Epoch Time: 0.33s | Spearman@80: 0.8927 | Kendall@80: 0.7263
Epoch 27/150 | Train Loss: 0.0278 | Epoch Time: 0.35s | Spearman@80: 0.9060 | Kendall@80: 0.7491
Epoch 28/150 | Train Loss: 0.0274 | Epoch Time: 0.33s | Spearman@80: 0.9037 | Kendall@80: 0.7460
Epoch 29/150 | Train Loss: 0.0266 | Epoch Time: 0.33s | Spearman@80: 0.9042 | Kendall@80: 0.7472
Epoch 30/150 | Train Loss: 0.0248 | Epoch Time: 0.33s | Spearman@80: 0.8879 | Kendall@80: 0.7225
Epoch 31/150 | Train Loss: 0.0174 | Epoch Time: 0.34s | Spearman@80: 0.8984 | Kendall@80: 0.7333
Epoch 32/150 | Train Loss: 0.0231 | Epoch Time: 0.33s | Spearman@80: 0.9120 | Kendall@80: 0.7510
Epoch 33/150 | Train Loss: 0.0213 | Epoch Time: 0.34s | Spearman@80: 0.8809 | Kendall@80: 0.7102
Epoch 34/150 | Train Loss: 0.0286 | Epoch Time: 0.33s | Spearman@80: 0.8965 | Kendall@80: 0.7339
Epoch 35/150 | Train Loss: 0.0242 | Epoch Time: 0.33s | Spearman@80: 0.8980 | Kendall@80: 0.7364
Epoch 36/150 | Train Loss: 0.0227 | Epoch Time: 0.33s | Spearman@80: 0.8912 | Kendall@80: 0.7282
Epoch 37/150 | Train Loss: 0.0221 | Epoch Time: 0.33s | Spearman@80: 0.9058 | Kendall@80: 0.7555
Epoch 38/150 | Train Loss: 0.0211 | Epoch Time: 0.34s | Spearman@80: 0.8969 | Kendall@80: 0.7307
Epoch 39/150 | Train Loss: 0.0252 | Epoch Time: 0.34s | Spearman@80: 0.9091 | Kendall@80: 0.7565
Epoch 40/150 | Train Loss: 0.0170 | Epoch Time: 0.33s | Spearman@80: 0.9084 | Kendall@80: 0.7555
Epoch 41/150 | Train Loss: 0.0156 | Epoch Time: 0.35s | Spearman@80: 0.8943 | Kendall@80: 0.7324
Epoch 42/150 | Train Loss: 0.0214 | Epoch Time: 0.33s | Spearman@80: 0.9104 | Kendall@80: 0.7584
Epoch 43/150 | Train Loss: 0.0187 | Epoch Time: 0.33s | Spearman@80: 0.8817 | Kendall@80: 0.7109
Epoch 44/150 | Train Loss: 0.0230 | Epoch Time: 0.33s | Spearman@80: 0.9029 | Kendall@80: 0.7356
Epoch 45/150 | Train Loss: 0.0147 | Epoch Time: 0.34s | Spearman@80: 0.9077 | Kendall@80: 0.7517
Epoch 46/150 | Train Loss: 0.0124 | Epoch Time: 0.34s | Spearman@80: 0.8982 | Kendall@80: 0.7364
Epoch 47/150 | Train Loss: 0.0293 | Epoch Time: 0.33s | Spearman@80: 0.9146 | Kendall@80: 0.7565
Epoch 48/150 | Train Loss: 0.0276 | Epoch Time: 0.34s | Spearman@80: 0.8895 | Kendall@80: 0.7142
Epoch 49/150 | Train Loss: 0.0232 | Epoch Time: 0.34s | Spearman@80: 0.9084 | Kendall@80: 0.7502
Epoch 50/150 | Train Loss: 0.0258 | Epoch Time: 0.34s | Spearman@80: 0.9051 | Kendall@80: 0.7428
Epoch 51/150 | Train Loss: 0.0233 | Epoch Time: 0.35s | Spearman@80: 0.9210 | Kendall@80: 0.7688
Epoch 52/150 | Train Loss: 0.0213 | Epoch Time: 0.35s | Spearman@80: 0.9267 | Kendall@80: 0.7819
Epoch 53/150 | Train Loss: 0.0162 | Epoch Time: 0.34s | Spearman@80: 0.9230 | Kendall@80: 0.7794
Epoch 54/150 | Train Loss: 0.0168 | Epoch Time: 0.35s | Spearman@80: 0.9152 | Kendall@80: 0.7559
Epoch 55/150 | Train Loss: 0.0208 | Epoch Time: 0.35s | Spearman@80: 0.9250 | Kendall@80: 0.7713
Epoch 56/150 | Train Loss: 0.0186 | Epoch Time: 0.34s | Spearman@80: 0.9307 | Kendall@80: 0.7802
Epoch 57/150 | Train Loss: 0.0174 | Epoch Time: 0.34s | Spearman@80: 0.9287 | Kendall@80: 0.7789
Epoch 58/150 | Train Loss: 0.0180 | Epoch Time: 0.34s | Spearman@80: 0.8812 | Kendall@80: 0.7003
Epoch 59/150 | Train Loss: 0.0280 | Epoch Time: 0.33s | Spearman@80: 0.9131 | Kendall@80: 0.7574
Epoch 60/150 | Train Loss: 0.0269 | Epoch Time: 0.34s | Spearman@80: 0.9141 | Kendall@80: 0.7625
Epoch 61/150 | Train Loss: 0.0180 | Epoch Time: 0.35s | Spearman@80: 0.8864 | Kendall@80: 0.7193
Epoch 62/150 | Train Loss: 0.0259 | Epoch Time: 0.34s | Spearman@80: 0.9043 | Kendall@80: 0.7491
Epoch 63/150 | Train Loss: 0.0205 | Epoch Time: 0.34s | Spearman@80: 0.9137 | Kendall@80: 0.7631
Epoch 64/150 | Train Loss: 0.0208 | Epoch Time: 0.35s | Spearman@80: 0.9188 | Kendall@80: 0.7637
Epoch 65/150 | Train Loss: 0.0141 | Epoch Time: 0.36s | Spearman@80: 0.9257 | Kendall@80: 0.7859
Epoch 66/150 | Train Loss: 0.0190 | Epoch Time: 0.35s | Spearman@80: 0.9191 | Kendall@80: 0.7707
Epoch 67/150 | Train Loss: 0.0154 | Epoch Time: 0.35s | Spearman@80: 0.9228 | Kendall@80: 0.7808
Epoch 68/150 | Train Loss: 0.0204 | Epoch Time: 0.34s | Spearman@80: 0.9223 | Kendall@80: 0.7743
Epoch 69/150 | Train Loss: 0.0182 | Epoch Time: 0.35s | Spearman@80: 0.9096 | Kendall@80: 0.7542
Epoch 70/150 | Train Loss: 0.0215 | Epoch Time: 0.34s | Spearman@80: 0.9235 | Kendall@80: 0.7739
Epoch 71/150 | Train Loss: 0.0199 | Epoch Time: 0.33s | Spearman@80: 0.9266 | Kendall@80: 0.7813
Epoch 72/150 | Train Loss: 0.0190 | Epoch Time: 0.34s | Spearman@80: 0.9258 | Kendall@80: 0.7743
Epoch 73/150 | Train Loss: 0.0145 | Epoch Time: 0.34s | Spearman@80: 0.9298 | Kendall@80: 0.7827
Epoch 74/150 | Train Loss: 0.0150 | Epoch Time: 0.32s | Spearman@80: 0.9272 | Kendall@80: 0.7794
Epoch 75/150 | Train Loss: 0.0235 | Epoch Time: 0.33s | Spearman@80: 0.9271 | Kendall@80: 0.7775
Epoch 76/150 | Train Loss: 0.0203 | Epoch Time: 0.34s | Spearman@80: 0.9326 | Kendall@80: 0.7851
Epoch 77/150 | Train Loss: 0.0186 | Epoch Time: 0.35s | Spearman@80: 0.9322 | Kendall@80: 0.7883
Epoch 78/150 | Train Loss: 0.0195 | Epoch Time: 0.34s | Spearman@80: 0.9240 | Kendall@80: 0.7724
Epoch 79/150 | Train Loss: 0.0212 | Epoch Time: 0.33s | Spearman@80: 0.9351 | Kendall@80: 0.7921
Epoch 80/150 | Train Loss: 0.0157 | Epoch Time: 0.34s | Spearman@80: 0.9384 | Kendall@80: 0.8003
Epoch 81/150 | Train Loss: 0.0122 | Epoch Time: 0.34s | Spearman@80: 0.9358 | Kendall@80: 0.7961
Epoch 82/150 | Train Loss: 0.0137 | Epoch Time: 0.35s | Spearman@80: 0.9289 | Kendall@80: 0.7834
Epoch 83/150 | Train Loss: 0.0214 | Epoch Time: 0.34s | Spearman@80: 0.9336 | Kendall@80: 0.7980
Epoch 84/150 | Train Loss: 0.0168 | Epoch Time: 0.34s | Spearman@80: 0.9377 | Kendall@80: 0.8024
Epoch 85/150 | Train Loss: 0.0109 | Epoch Time: 0.35s | Spearman@80: 0.9238 | Kendall@80: 0.7781
Epoch 86/150 | Train Loss: 0.0190 | Epoch Time: 0.35s | Spearman@80: 0.9347 | Kendall@80: 0.7889
Epoch 87/150 | Train Loss: 0.0232 | Epoch Time: 0.35s | Spearman@80: 0.9307 | Kendall@80: 0.7853
Epoch 88/150 | Train Loss: 0.0146 | Epoch Time: 0.34s | Spearman@80: 0.9058 | Kendall@80: 0.7451
Epoch 89/150 | Train Loss: 0.0163 | Epoch Time: 0.34s | Spearman@80: 0.9357 | Kendall@80: 0.7935
Epoch 90/150 | Train Loss: 0.0144 | Epoch Time: 0.35s | Spearman@80: 0.9328 | Kendall@80: 0.7891
Epoch 91/150 | Train Loss: 0.0136 | Epoch Time: 0.34s | Spearman@80: 0.9308 | Kendall@80: 0.7878
Epoch 92/150 | Train Loss: 0.0109 | Epoch Time: 0.36s | Spearman@80: 0.9359 | Kendall@80: 0.7967
Epoch 93/150 | Train Loss: 0.0160 | Epoch Time: 0.34s | Spearman@80: 0.9383 | Kendall@80: 0.8030
Epoch 94/150 | Train Loss: 0.0117 | Epoch Time: 0.33s | Spearman@80: 0.9349 | Kendall@80: 0.7984
Epoch 95/150 | Train Loss: 0.0163 | Epoch Time: 0.32s | Spearman@80: 0.9433 | Kendall@80: 0.8094
Epoch 96/150 | Train Loss: 0.0130 | Epoch Time: 0.34s | Spearman@80: 0.9354 | Kendall@80: 0.7959
Epoch 97/150 | Train Loss: 0.0172 | Epoch Time: 0.34s | Spearman@80: 0.9407 | Kendall@80: 0.8075
Epoch 98/150 | Train Loss: 0.0109 | Epoch Time: 0.34s | Spearman@80: 0.9420 | Kendall@80: 0.8069
Epoch 99/150 | Train Loss: 0.0139 | Epoch Time: 0.35s | Spearman@80: 0.9385 | Kendall@80: 0.7991
Epoch 100/150 | Train Loss: 0.0148 | Epoch Time: 0.35s | Spearman@80: 0.9379 | Kendall@80: 0.7999
Epoch 101/150 | Train Loss: 0.0145 | Epoch Time: 0.35s | Spearman@80: 0.9402 | Kendall@80: 0.8054
Epoch 102/150 | Train Loss: 0.0153 | Epoch Time: 0.34s | Spearman@80: 0.9419 | Kendall@80: 0.8094
Epoch 103/150 | Train Loss: 0.0160 | Epoch Time: 0.32s | Spearman@80: 0.9431 | Kendall@80: 0.8113
Epoch 104/150 | Train Loss: 0.0090 | Epoch Time: 0.33s | Spearman@80: 0.9403 | Kendall@80: 0.8079
Epoch 105/150 | Train Loss: 0.0177 | Epoch Time: 0.34s | Spearman@80: 0.9394 | Kendall@80: 0.8088
Epoch 106/150 | Train Loss: 0.0089 | Epoch Time: 0.33s | Spearman@80: 0.9418 | Kendall@80: 0.8060
Epoch 107/150 | Train Loss: 0.0118 | Epoch Time: 0.33s | Spearman@80: 0.9408 | Kendall@80: 0.8056
Epoch 108/150 | Train Loss: 0.0081 | Epoch Time: 0.34s | Spearman@80: 0.9427 | Kendall@80: 0.8119
Epoch 109/150 | Train Loss: 0.0123 | Epoch Time: 0.33s | Spearman@80: 0.9435 | Kendall@80: 0.8157
Epoch 110/150 | Train Loss: 0.0118 | Epoch Time: 0.36s | Spearman@80: 0.9400 | Kendall@80: 0.8054
Epoch 111/150 | Train Loss: 0.0197 | Epoch Time: 0.33s | Spearman@80: 0.9444 | Kendall@80: 0.8195
Epoch 112/150 | Train Loss: 0.0075 | Epoch Time: 0.33s | Spearman@80: 0.9443 | Kendall@80: 0.8181
Epoch 113/150 | Train Loss: 0.0135 | Epoch Time: 0.34s | Spearman@80: 0.9421 | Kendall@80: 0.8119
Epoch 114/150 | Train Loss: 0.0114 | Epoch Time: 0.33s | Spearman@80: 0.9469 | Kendall@80: 0.8202
Epoch 115/150 | Train Loss: 0.0110 | Epoch Time: 0.33s | Spearman@80: 0.9469 | Kendall@80: 0.8221
Epoch 116/150 | Train Loss: 0.0104 | Epoch Time: 0.35s | Spearman@80: 0.9487 | Kendall@80: 0.8270
Epoch 117/150 | Train Loss: 0.0088 | Epoch Time: 0.34s | Spearman@80: 0.9478 | Kendall@80: 0.8233
Epoch 118/150 | Train Loss: 0.0127 | Epoch Time: 0.34s | Spearman@80: 0.9407 | Kendall@80: 0.8107
Epoch 119/150 | Train Loss: 0.0123 | Epoch Time: 0.34s | Spearman@80: 0.9434 | Kendall@80: 0.8164
Epoch 120/150 | Train Loss: 0.0192 | Epoch Time: 0.35s | Spearman@80: 0.9448 | Kendall@80: 0.8189
Epoch 121/150 | Train Loss: 0.0091 | Epoch Time: 0.33s | Spearman@80: 0.9449 | Kendall@80: 0.8132
Epoch 122/150 | Train Loss: 0.0141 | Epoch Time: 0.34s | Spearman@80: 0.9429 | Kendall@80: 0.8113
Epoch 123/150 | Train Loss: 0.0092 | Epoch Time: 0.35s | Spearman@80: 0.9415 | Kendall@80: 0.8126
Epoch 124/150 | Train Loss: 0.0089 | Epoch Time: 0.34s | Spearman@80: 0.9463 | Kendall@80: 0.8183
Epoch 125/150 | Train Loss: 0.0115 | Epoch Time: 0.35s | Spearman@80: 0.9480 | Kendall@80: 0.8233
Epoch 126/150 | Train Loss: 0.0093 | Epoch Time: 0.33s | Spearman@80: 0.9479 | Kendall@80: 0.8214
Epoch 127/150 | Train Loss: 0.0094 | Epoch Time: 0.33s | Spearman@80: 0.9423 | Kendall@80: 0.8151
Epoch 128/150 | Train Loss: 0.0089 | Epoch Time: 0.34s | Spearman@80: 0.9420 | Kendall@80: 0.8149
Epoch 129/150 | Train Loss: 0.0104 | Epoch Time: 0.33s | Spearman@80: 0.9421 | Kendall@80: 0.8130
Epoch 130/150 | Train Loss: 0.0092 | Epoch Time: 0.34s | Spearman@80: 0.9473 | Kendall@80: 0.8202
Epoch 131/150 | Train Loss: 0.0086 | Epoch Time: 0.34s | Spearman@80: 0.9442 | Kendall@80: 0.8124
Epoch 132/150 | Train Loss: 0.0108 | Epoch Time: 0.33s | Spearman@80: 0.9464 | Kendall@80: 0.8189
Epoch 133/150 | Train Loss: 0.0119 | Epoch Time: 0.33s | Spearman@80: 0.9465 | Kendall@80: 0.8170
Epoch 134/150 | Train Loss: 0.0083 | Epoch Time: 0.33s | Spearman@80: 0.9465 | Kendall@80: 0.8164
Epoch 135/150 | Train Loss: 0.0089 | Epoch Time: 0.33s | Spearman@80: 0.9449 | Kendall@80: 0.8168
Epoch 136/150 | Train Loss: 0.0151 | Epoch Time: 0.34s | Spearman@80: 0.9454 | Kendall@80: 0.8168
Epoch 137/150 | Train Loss: 0.0063 | Epoch Time: 0.33s | Spearman@80: 0.9454 | Kendall@80: 0.8151
Epoch 138/150 | Train Loss: 0.0112 | Epoch Time: 0.33s | Spearman@80: 0.9445 | Kendall@80: 0.8138
Epoch 139/150 | Train Loss: 0.0113 | Epoch Time: 0.36s | Spearman@80: 0.9462 | Kendall@80: 0.8214
Epoch 140/150 | Train Loss: 0.0100 | Epoch Time: 0.34s | Spearman@80: 0.9446 | Kendall@80: 0.8132
Epoch 141/150 | Train Loss: 0.0058 | Epoch Time: 0.33s | Spearman@80: 0.9468 | Kendall@80: 0.8164
Epoch 142/150 | Train Loss: 0.0074 | Epoch Time: 0.34s | Spearman@80: 0.9441 | Kendall@80: 0.8119
Epoch 143/150 | Train Loss: 0.0060 | Epoch Time: 0.34s | Spearman@80: 0.9451 | Kendall@80: 0.8164
Epoch 144/150 | Train Loss: 0.0123 | Epoch Time: 0.34s | Spearman@80: 0.9441 | Kendall@80: 0.8132
Epoch 145/150 | Train Loss: 0.0092 | Epoch Time: 0.34s | Spearman@80: 0.9465 | Kendall@80: 0.8176
Epoch 146/150 | Train Loss: 0.0080 | Epoch Time: 0.34s | Spearman@80: 0.9449 | Kendall@80: 0.8145
Epoch 147/150 | Train Loss: 0.0063 | Epoch Time: 1.43s | Spearman@15560: 0.9313 | Kendall@15560: 0.7907
Epoch 148/150 | Train Loss: 0.0108 | Epoch Time: 1.41s | Spearman@15560: 0.9320 | Kendall@15560: 0.7922
Epoch 149/150 | Train Loss: 0.0139 | Epoch Time: 1.39s | Spearman@15560: 0.9309 | Kendall@15560: 0.7903
Epoch 150/150 | Train Loss: 0.0096 | Epoch Time: 1.39s | Spearman@15560: 0.9314 | Kendall@15560: 0.7913
Sample Count: 64, Spearman: 0.9314068282060075, Kendall: 0.7911211578327819
{64: (0.9314068282060075, 0.7911211578327819),
 128: (0.9422133720316517, 0.8123649126431163)}
Epoch 1/150 | Train Loss: 0.0910 | Epoch Time: 0.68s | Spearman@80: 0.4726 | Kendall@80: 0.3362
Epoch 2/150 | Train Loss: 0.0616 | Epoch Time: 0.66s | Spearman@80: 0.8511 | Kendall@80: 0.6813
Epoch 3/150 | Train Loss: 0.0397 | Epoch Time: 0.69s | Spearman@80: 0.8029 | Kendall@80: 0.6116
Epoch 4/150 | Train Loss: 0.0383 | Epoch Time: 0.66s | Spearman@80: 0.8836 | Kendall@80: 0.7203
Epoch 5/150 | Train Loss: 0.0321 | Epoch Time: 0.65s | Spearman@80: 0.8328 | Kendall@80: 0.6646
Epoch 6/150 | Train Loss: 0.0403 | Epoch Time: 0.68s | Spearman@80: 0.8543 | Kendall@80: 0.6614
Epoch 7/150 | Train Loss: 0.0374 | Epoch Time: 0.67s | Spearman@80: 0.8912 | Kendall@80: 0.7336
Epoch 8/150 | Train Loss: 0.0358 | Epoch Time: 0.67s | Spearman@80: 0.8924 | Kendall@80: 0.7387
Epoch 9/150 | Train Loss: 0.0391 | Epoch Time: 0.66s | Spearman@80: 0.9129 | Kendall@80: 0.7527
Epoch 10/150 | Train Loss: 0.0342 | Epoch Time: 0.67s | Spearman@80: 0.8348 | Kendall@80: 0.6429
Epoch 11/150 | Train Loss: 0.0352 | Epoch Time: 0.69s | Spearman@80: 0.8747 | Kendall@80: 0.7036
Epoch 12/150 | Train Loss: 0.0296 | Epoch Time: 0.66s | Spearman@80: 0.8899 | Kendall@80: 0.7281
Epoch 13/150 | Train Loss: 0.0316 | Epoch Time: 0.69s | Spearman@80: 0.9089 | Kendall@80: 0.7592
Epoch 14/150 | Train Loss: 0.0383 | Epoch Time: 0.66s | Spearman@80: 0.8184 | Kendall@80: 0.6099
Epoch 15/150 | Train Loss: 0.0422 | Epoch Time: 0.68s | Spearman@80: 0.8759 | Kendall@80: 0.7249
Epoch 16/150 | Train Loss: 0.0286 | Epoch Time: 0.68s | Spearman@80: 0.8835 | Kendall@80: 0.7302
Epoch 17/150 | Train Loss: 0.0427 | Epoch Time: 0.68s | Spearman@80: 0.8728 | Kendall@80: 0.7275
Epoch 18/150 | Train Loss: 0.0316 | Epoch Time: 0.66s | Spearman@80: 0.8503 | Kendall@80: 0.6777
Epoch 19/150 | Train Loss: 0.0335 | Epoch Time: 0.67s | Spearman@80: 0.9053 | Kendall@80: 0.7478
Epoch 20/150 | Train Loss: 0.0302 | Epoch Time: 0.64s | Spearman@80: 0.9008 | Kendall@80: 0.7487
Epoch 21/150 | Train Loss: 0.0304 | Epoch Time: 0.67s | Spearman@80: 0.8972 | Kendall@80: 0.7453
Epoch 22/150 | Train Loss: 0.0340 | Epoch Time: 0.67s | Spearman@80: 0.8803 | Kendall@80: 0.7160
Epoch 23/150 | Train Loss: 0.0336 | Epoch Time: 0.66s | Spearman@80: 0.8928 | Kendall@80: 0.7262
Epoch 24/150 | Train Loss: 0.0331 | Epoch Time: 0.67s | Spearman@80: 0.8977 | Kendall@80: 0.7361
Epoch 25/150 | Train Loss: 0.0320 | Epoch Time: 0.68s | Spearman@80: 0.9093 | Kendall@80: 0.7571
Epoch 26/150 | Train Loss: 0.0312 | Epoch Time: 0.67s | Spearman@80: 0.8912 | Kendall@80: 0.7296
Epoch 27/150 | Train Loss: 0.0265 | Epoch Time: 0.69s | Spearman@80: 0.8799 | Kendall@80: 0.7173
Epoch 28/150 | Train Loss: 0.0304 | Epoch Time: 0.67s | Spearman@80: 0.9227 | Kendall@80: 0.7631
Epoch 29/150 | Train Loss: 0.0316 | Epoch Time: 0.66s | Spearman@80: 0.8601 | Kendall@80: 0.6913
Epoch 30/150 | Train Loss: 0.0332 | Epoch Time: 0.67s | Spearman@80: 0.8862 | Kendall@80: 0.7243
Epoch 31/150 | Train Loss: 0.0313 | Epoch Time: 0.66s | Spearman@80: 0.9229 | Kendall@80: 0.7688
Epoch 32/150 | Train Loss: 0.0327 | Epoch Time: 0.67s | Spearman@80: 0.8907 | Kendall@80: 0.7349
Epoch 33/150 | Train Loss: 0.0292 | Epoch Time: 0.66s | Spearman@80: 0.8915 | Kendall@80: 0.7212
Epoch 34/150 | Train Loss: 0.0283 | Epoch Time: 0.65s | Spearman@80: 0.9061 | Kendall@80: 0.7434
Epoch 35/150 | Train Loss: 0.0333 | Epoch Time: 0.65s | Spearman@80: 0.9205 | Kendall@80: 0.7624
Epoch 36/150 | Train Loss: 0.0236 | Epoch Time: 0.66s | Spearman@80: 0.9101 | Kendall@80: 0.7527
Epoch 37/150 | Train Loss: 0.0299 | Epoch Time: 0.70s | Spearman@80: 0.9037 | Kendall@80: 0.7519
Epoch 38/150 | Train Loss: 0.0262 | Epoch Time: 0.68s | Spearman@80: 0.8782 | Kendall@80: 0.7315
Epoch 39/150 | Train Loss: 0.0306 | Epoch Time: 0.67s | Spearman@80: 0.8992 | Kendall@80: 0.7351
Epoch 40/150 | Train Loss: 0.0269 | Epoch Time: 0.67s | Spearman@80: 0.8496 | Kendall@80: 0.6792
Epoch 41/150 | Train Loss: 0.0286 | Epoch Time: 0.68s | Spearman@80: 0.9121 | Kendall@80: 0.7499
Epoch 42/150 | Train Loss: 0.0327 | Epoch Time: 0.68s | Spearman@80: 0.9141 | Kendall@80: 0.7593
Epoch 43/150 | Train Loss: 0.0279 | Epoch Time: 0.66s | Spearman@80: 0.9017 | Kendall@80: 0.7519
Epoch 44/150 | Train Loss: 0.0255 | Epoch Time: 0.68s | Spearman@80: 0.8893 | Kendall@80: 0.7237
Epoch 45/150 | Train Loss: 0.0279 | Epoch Time: 0.66s | Spearman@80: 0.9150 | Kendall@80: 0.7622
Epoch 46/150 | Train Loss: 0.0261 | Epoch Time: 0.70s | Spearman@80: 0.8859 | Kendall@80: 0.7264
Epoch 47/150 | Train Loss: 0.0281 | Epoch Time: 0.68s | Spearman@80: 0.8970 | Kendall@80: 0.7387
Epoch 48/150 | Train Loss: 0.0300 | Epoch Time: 0.66s | Spearman@80: 0.8913 | Kendall@80: 0.7330
Epoch 49/150 | Train Loss: 0.0304 | Epoch Time: 0.68s | Spearman@80: 0.9090 | Kendall@80: 0.7514
Epoch 50/150 | Train Loss: 0.0224 | Epoch Time: 0.66s | Spearman@80: 0.8957 | Kendall@80: 0.7396
Epoch 51/150 | Train Loss: 0.0273 | Epoch Time: 0.67s | Spearman@80: 0.8824 | Kendall@80: 0.7190
Epoch 52/150 | Train Loss: 0.0272 | Epoch Time: 0.69s | Spearman@80: 0.9034 | Kendall@80: 0.7398
Epoch 53/150 | Train Loss: 0.0309 | Epoch Time: 0.70s | Spearman@80: 0.9114 | Kendall@80: 0.7565
Epoch 54/150 | Train Loss: 0.0327 | Epoch Time: 0.71s | Spearman@80: 0.8957 | Kendall@80: 0.7417
Epoch 55/150 | Train Loss: 0.0276 | Epoch Time: 0.66s | Spearman@80: 0.9156 | Kendall@80: 0.7624
Epoch 56/150 | Train Loss: 0.0298 | Epoch Time: 0.66s | Spearman@80: 0.9017 | Kendall@80: 0.7415
Epoch 57/150 | Train Loss: 0.0262 | Epoch Time: 0.66s | Spearman@80: 0.8956 | Kendall@80: 0.7394
Epoch 58/150 | Train Loss: 0.0238 | Epoch Time: 0.66s | Spearman@80: 0.9173 | Kendall@80: 0.7643
Epoch 59/150 | Train Loss: 0.0300 | Epoch Time: 0.69s | Spearman@80: 0.9079 | Kendall@80: 0.7584
Epoch 60/150 | Train Loss: 0.0257 | Epoch Time: 0.67s | Spearman@80: 0.9004 | Kendall@80: 0.7434
Epoch 61/150 | Train Loss: 0.0325 | Epoch Time: 0.71s | Spearman@80: 0.8998 | Kendall@80: 0.7353
Epoch 62/150 | Train Loss: 0.0258 | Epoch Time: 0.67s | Spearman@80: 0.9055 | Kendall@80: 0.7603
Epoch 63/150 | Train Loss: 0.0294 | Epoch Time: 0.68s | Spearman@80: 0.9136 | Kendall@80: 0.7624
Epoch 64/150 | Train Loss: 0.0299 | Epoch Time: 0.66s | Spearman@80: 0.9217 | Kendall@80: 0.7700
Epoch 65/150 | Train Loss: 0.0241 | Epoch Time: 0.67s | Spearman@80: 0.9053 | Kendall@80: 0.7567
Epoch 66/150 | Train Loss: 0.0240 | Epoch Time: 0.69s | Spearman@80: 0.9152 | Kendall@80: 0.7605
Epoch 67/150 | Train Loss: 0.0234 | Epoch Time: 0.70s | Spearman@80: 0.9135 | Kendall@80: 0.7643
Epoch 68/150 | Train Loss: 0.0285 | Epoch Time: 0.68s | Spearman@80: 0.9074 | Kendall@80: 0.7502
Epoch 69/150 | Train Loss: 0.0268 | Epoch Time: 0.66s | Spearman@80: 0.9091 | Kendall@80: 0.7529
Epoch 70/150 | Train Loss: 0.0237 | Epoch Time: 0.67s | Spearman@80: 0.9178 | Kendall@80: 0.7650
Epoch 71/150 | Train Loss: 0.0240 | Epoch Time: 0.66s | Spearman@80: 0.9005 | Kendall@80: 0.7425
Epoch 72/150 | Train Loss: 0.0251 | Epoch Time: 0.68s | Spearman@80: 0.9012 | Kendall@80: 0.7383
Epoch 73/150 | Train Loss: 0.0266 | Epoch Time: 0.66s | Spearman@80: 0.8994 | Kendall@80: 0.7428
Epoch 74/150 | Train Loss: 0.0246 | Epoch Time: 0.68s | Spearman@80: 0.9083 | Kendall@80: 0.7586
Epoch 75/150 | Train Loss: 0.0258 | Epoch Time: 0.65s | Spearman@80: 0.9094 | Kendall@80: 0.7648
Epoch 76/150 | Train Loss: 0.0239 | Epoch Time: 0.66s | Spearman@80: 0.8907 | Kendall@80: 0.7351
Epoch 77/150 | Train Loss: 0.0244 | Epoch Time: 0.68s | Spearman@80: 0.9089 | Kendall@80: 0.7582
Epoch 78/150 | Train Loss: 0.0183 | Epoch Time: 0.68s | Spearman@80: 0.9027 | Kendall@80: 0.7440
Epoch 79/150 | Train Loss: 0.0210 | Epoch Time: 0.66s | Spearman@80: 0.9177 | Kendall@80: 0.7614
Epoch 80/150 | Train Loss: 0.0219 | Epoch Time: 0.67s | Spearman@80: 0.9138 | Kendall@80: 0.7661
Epoch 81/150 | Train Loss: 0.0221 | Epoch Time: 0.68s | Spearman@80: 0.9234 | Kendall@80: 0.7654
Epoch 82/150 | Train Loss: 0.0246 | Epoch Time: 0.69s | Spearman@80: 0.9139 | Kendall@80: 0.7574
Epoch 83/150 | Train Loss: 0.0228 | Epoch Time: 0.67s | Spearman@80: 0.9173 | Kendall@80: 0.7599
Epoch 84/150 | Train Loss: 0.0238 | Epoch Time: 0.66s | Spearman@80: 0.9196 | Kendall@80: 0.7675
Epoch 85/150 | Train Loss: 0.0249 | Epoch Time: 0.65s | Spearman@80: 0.9024 | Kendall@80: 0.7430
Epoch 86/150 | Train Loss: 0.0210 | Epoch Time: 0.65s | Spearman@80: 0.9017 | Kendall@80: 0.7527
Epoch 87/150 | Train Loss: 0.0228 | Epoch Time: 0.67s | Spearman@80: 0.9052 | Kendall@80: 0.7489
Epoch 88/150 | Train Loss: 0.0234 | Epoch Time: 0.68s | Spearman@80: 0.9142 | Kendall@80: 0.7633
Epoch 89/150 | Train Loss: 0.0244 | Epoch Time: 0.66s | Spearman@80: 0.9040 | Kendall@80: 0.7457
Epoch 90/150 | Train Loss: 0.0215 | Epoch Time: 0.67s | Spearman@80: 0.9063 | Kendall@80: 0.7523
Epoch 91/150 | Train Loss: 0.0286 | Epoch Time: 0.68s | Spearman@80: 0.9050 | Kendall@80: 0.7580
Epoch 92/150 | Train Loss: 0.0207 | Epoch Time: 0.67s | Spearman@80: 0.9004 | Kendall@80: 0.7438
Epoch 93/150 | Train Loss: 0.0219 | Epoch Time: 0.68s | Spearman@80: 0.8885 | Kendall@80: 0.7262
Epoch 94/150 | Train Loss: 0.0209 | Epoch Time: 0.67s | Spearman@80: 0.9065 | Kendall@80: 0.7514
Epoch 95/150 | Train Loss: 0.0236 | Epoch Time: 0.67s | Spearman@80: 0.9033 | Kendall@80: 0.7466
Epoch 96/150 | Train Loss: 0.0219 | Epoch Time: 0.67s | Spearman@80: 0.8963 | Kendall@80: 0.7370
Epoch 97/150 | Train Loss: 0.0192 | Epoch Time: 0.69s | Spearman@80: 0.9046 | Kendall@80: 0.7479
Epoch 98/150 | Train Loss: 0.0212 | Epoch Time: 0.67s | Spearman@80: 0.9084 | Kendall@80: 0.7555
Epoch 99/150 | Train Loss: 0.0232 | Epoch Time: 0.68s | Spearman@80: 0.8939 | Kendall@80: 0.7345
Epoch 100/150 | Train Loss: 0.0226 | Epoch Time: 0.68s | Spearman@80: 0.9122 | Kendall@80: 0.7599
Epoch 101/150 | Train Loss: 0.0258 | Epoch Time: 0.67s | Spearman@80: 0.8977 | Kendall@80: 0.7415
Epoch 102/150 | Train Loss: 0.0197 | Epoch Time: 0.65s | Spearman@80: 0.8975 | Kendall@80: 0.7375
Epoch 103/150 | Train Loss: 0.0220 | Epoch Time: 0.67s | Spearman@80: 0.9011 | Kendall@80: 0.7472
Epoch 104/150 | Train Loss: 0.0210 | Epoch Time: 0.67s | Spearman@80: 0.9062 | Kendall@80: 0.7480
Epoch 105/150 | Train Loss: 0.0205 | Epoch Time: 0.66s | Spearman@80: 0.8973 | Kendall@80: 0.7415
Epoch 106/150 | Train Loss: 0.0198 | Epoch Time: 0.67s | Spearman@80: 0.9002 | Kendall@80: 0.7440
Epoch 107/150 | Train Loss: 0.0256 | Epoch Time: 0.68s | Spearman@80: 0.9037 | Kendall@80: 0.7434
Epoch 108/150 | Train Loss: 0.0231 | Epoch Time: 0.69s | Spearman@80: 0.8896 | Kendall@80: 0.7364
Epoch 109/150 | Train Loss: 0.0208 | Epoch Time: 0.69s | Spearman@80: 0.8944 | Kendall@80: 0.7389
Epoch 110/150 | Train Loss: 0.0271 | Epoch Time: 0.67s | Spearman@80: 0.8970 | Kendall@80: 0.7406
Epoch 111/150 | Train Loss: 0.0203 | Epoch Time: 0.65s | Spearman@80: 0.8994 | Kendall@80: 0.7485
Epoch 112/150 | Train Loss: 0.0234 | Epoch Time: 0.66s | Spearman@80: 0.9019 | Kendall@80: 0.7463
Epoch 113/150 | Train Loss: 0.0187 | Epoch Time: 0.68s | Spearman@80: 0.9053 | Kendall@80: 0.7472
Epoch 114/150 | Train Loss: 0.0202 | Epoch Time: 0.66s | Spearman@80: 0.9081 | Kendall@80: 0.7529
Epoch 115/150 | Train Loss: 0.0196 | Epoch Time: 0.68s | Spearman@80: 0.9095 | Kendall@80: 0.7597
Epoch 116/150 | Train Loss: 0.0177 | Epoch Time: 0.67s | Spearman@80: 0.9105 | Kendall@80: 0.7580
Epoch 117/150 | Train Loss: 0.0171 | Epoch Time: 0.66s | Spearman@80: 0.9092 | Kendall@80: 0.7568
Epoch 118/150 | Train Loss: 0.0230 | Epoch Time: 0.65s | Spearman@80: 0.9083 | Kendall@80: 0.7589
Epoch 119/150 | Train Loss: 0.0230 | Epoch Time: 0.69s | Spearman@80: 0.9001 | Kendall@80: 0.7406
Epoch 120/150 | Train Loss: 0.0218 | Epoch Time: 0.65s | Spearman@80: 0.9081 | Kendall@80: 0.7527
Epoch 121/150 | Train Loss: 0.0205 | Epoch Time: 0.67s | Spearman@80: 0.9054 | Kendall@80: 0.7533
Epoch 122/150 | Train Loss: 0.0219 | Epoch Time: 0.67s | Spearman@80: 0.9104 | Kendall@80: 0.7567
Epoch 123/150 | Train Loss: 0.0193 | Epoch Time: 0.68s | Spearman@80: 0.9099 | Kendall@80: 0.7603
Epoch 124/150 | Train Loss: 0.0174 | Epoch Time: 0.68s | Spearman@80: 0.9134 | Kendall@80: 0.7650
Epoch 125/150 | Train Loss: 0.0148 | Epoch Time: 0.68s | Spearman@80: 0.9127 | Kendall@80: 0.7643
Epoch 126/150 | Train Loss: 0.0164 | Epoch Time: 0.66s | Spearman@80: 0.9094 | Kendall@80: 0.7548
Epoch 127/150 | Train Loss: 0.0181 | Epoch Time: 0.66s | Spearman@80: 0.9133 | Kendall@80: 0.7612
Epoch 128/150 | Train Loss: 0.0204 | Epoch Time: 0.69s | Spearman@80: 0.9072 | Kendall@80: 0.7614
Epoch 129/150 | Train Loss: 0.0171 | Epoch Time: 0.67s | Spearman@80: 0.9091 | Kendall@80: 0.7593
Epoch 130/150 | Train Loss: 0.0250 | Epoch Time: 0.69s | Spearman@80: 0.9077 | Kendall@80: 0.7574
Epoch 131/150 | Train Loss: 0.0183 | Epoch Time: 0.68s | Spearman@80: 0.9068 | Kendall@80: 0.7582
Epoch 132/150 | Train Loss: 0.0188 | Epoch Time: 0.67s | Spearman@80: 0.8977 | Kendall@80: 0.7381
Epoch 133/150 | Train Loss: 0.0223 | Epoch Time: 0.68s | Spearman@80: 0.9051 | Kendall@80: 0.7517
Epoch 134/150 | Train Loss: 0.0160 | Epoch Time: 0.66s | Spearman@80: 0.9050 | Kendall@80: 0.7466
Epoch 135/150 | Train Loss: 0.0206 | Epoch Time: 0.68s | Spearman@80: 0.9066 | Kendall@80: 0.7554
Epoch 136/150 | Train Loss: 0.0155 | Epoch Time: 0.65s | Spearman@80: 0.9041 | Kendall@80: 0.7517
Epoch 137/150 | Train Loss: 0.0234 | Epoch Time: 0.66s | Spearman@80: 0.9046 | Kendall@80: 0.7402
Epoch 138/150 | Train Loss: 0.0159 | Epoch Time: 0.67s | Spearman@80: 0.9081 | Kendall@80: 0.7504
Epoch 139/150 | Train Loss: 0.0238 | Epoch Time: 0.69s | Spearman@80: 0.9025 | Kendall@80: 0.7466
Epoch 140/150 | Train Loss: 0.0206 | Epoch Time: 0.67s | Spearman@80: 0.9003 | Kendall@80: 0.7402
Epoch 141/150 | Train Loss: 0.0210 | Epoch Time: 0.66s | Spearman@80: 0.9017 | Kendall@80: 0.7472
Epoch 142/150 | Train Loss: 0.0174 | Epoch Time: 0.68s | Spearman@80: 0.9101 | Kendall@80: 0.7489
Epoch 143/150 | Train Loss: 0.0221 | Epoch Time: 0.68s | Spearman@80: 0.9069 | Kendall@80: 0.7556
Epoch 144/150 | Train Loss: 0.0202 | Epoch Time: 0.68s | Spearman@80: 0.9072 | Kendall@80: 0.7459
Epoch 145/150 | Train Loss: 0.0213 | Epoch Time: 0.66s | Spearman@80: 0.9111 | Kendall@80: 0.7540
Epoch 146/150 | Train Loss: 0.0180 | Epoch Time: 0.68s | Spearman@80: 0.9050 | Kendall@80: 0.7535
Epoch 147/150 | Train Loss: 0.0214 | Epoch Time: 1.82s | Spearman@15496: 0.9240 | Kendall@15496: 0.7725
Epoch 148/150 | Train Loss: 0.0158 | Epoch Time: 1.76s | Spearman@15496: 0.9208 | Kendall@15496: 0.7683
Epoch 149/150 | Train Loss: 0.0202 | Epoch Time: 1.76s | Spearman@15496: 0.9218 | Kendall@15496: 0.7695
Epoch 150/150 | Train Loss: 0.0201 | Epoch Time: 1.74s | Spearman@15496: 0.9242 | Kendall@15496: 0.7730
Sample Count: 128, Spearman: 0.922694999741416, Kendall: 0.7708073625161462
{64: (0.9314068282060075, 0.7911211578327819),
 128: (0.922694999741416, 0.7708073625161462)}
Average KDT:  0.7790696720379167
Variance KDT:  0.00010291532613121742
Average SPR:  0.9249150318564512
Variance SPR:  6.857629254822157e-05
Average KDT:  0.7874574788442059
Variance KDT:  0.000321929974666478
Average SPR:  0.9287844176597062
Variance SPR:  9.042887382064052e-05
