Loading files for NASBench201...
Normalizing ZCP dict
try to create the NAS-Bench-201 api from /home/ya255/projects/flan_hardware/nas_embedding_suite/embedding_datasets/NAS-Bench-201-v1_1-096897.pth
Loaded files in:  64.16411566734314  seconds
Loading cache for NASBench-201 speedup!!...
Loading cache for NASBench-201 speedup!!...
Epoch 1/150 | Train Loss: 0.0970 | Epoch Time: 1.09s | Spearman@80: 0.3328 | Kendall@80: 0.2292
Epoch 2/150 | Train Loss: 0.0773 | Epoch Time: 0.24s | Spearman@80: 0.4711 | Kendall@80: 0.3378
Epoch 3/150 | Train Loss: 0.0661 | Epoch Time: 0.24s | Spearman@80: 0.7212 | Kendall@80: 0.5571
Epoch 4/150 | Train Loss: 0.0551 | Epoch Time: 0.26s | Spearman@80: 0.7122 | Kendall@80: 0.5366
Epoch 5/150 | Train Loss: 0.0485 | Epoch Time: 0.27s | Spearman@80: 0.9021 | Kendall@80: 0.7208
Epoch 6/150 | Train Loss: 0.0429 | Epoch Time: 0.28s | Spearman@80: 0.8906 | Kendall@80: 0.7176
Epoch 7/150 | Train Loss: 0.0376 | Epoch Time: 0.27s | Spearman@80: 0.9149 | Kendall@80: 0.7531
Epoch 8/150 | Train Loss: 0.0424 | Epoch Time: 0.27s | Spearman@80: 0.8990 | Kendall@80: 0.7328
Epoch 9/150 | Train Loss: 0.0486 | Epoch Time: 0.27s | Spearman@80: 0.9217 | Kendall@80: 0.7658
Epoch 10/150 | Train Loss: 0.0325 | Epoch Time: 0.26s | Spearman@80: 0.9240 | Kendall@80: 0.7627
Epoch 11/150 | Train Loss: 0.0332 | Epoch Time: 0.26s | Spearman@80: 0.9268 | Kendall@80: 0.7703
Epoch 12/150 | Train Loss: 0.0332 | Epoch Time: 0.27s | Spearman@80: 0.9247 | Kendall@80: 0.7709
Epoch 13/150 | Train Loss: 0.0373 | Epoch Time: 0.28s | Spearman@80: 0.9380 | Kendall@80: 0.7947
Epoch 14/150 | Train Loss: 0.0337 | Epoch Time: 0.27s | Spearman@80: 0.9354 | Kendall@80: 0.7874
Epoch 15/150 | Train Loss: 0.0324 | Epoch Time: 0.26s | Spearman@80: 0.9332 | Kendall@80: 0.7817
Epoch 16/150 | Train Loss: 0.0259 | Epoch Time: 0.27s | Spearman@80: 0.9282 | Kendall@80: 0.7674
Epoch 17/150 | Train Loss: 0.0320 | Epoch Time: 0.26s | Spearman@80: 0.9274 | Kendall@80: 0.7680
Epoch 18/150 | Train Loss: 0.0399 | Epoch Time: 0.26s | Spearman@80: 0.9190 | Kendall@80: 0.7576
Epoch 19/150 | Train Loss: 0.0342 | Epoch Time: 0.27s | Spearman@80: 0.9321 | Kendall@80: 0.7811
Epoch 20/150 | Train Loss: 0.0230 | Epoch Time: 0.27s | Spearman@80: 0.9281 | Kendall@80: 0.7724
Epoch 21/150 | Train Loss: 0.0304 | Epoch Time: 0.26s | Spearman@80: 0.9244 | Kendall@80: 0.7665
Epoch 22/150 | Train Loss: 0.0309 | Epoch Time: 0.26s | Spearman@80: 0.9249 | Kendall@80: 0.7661
Epoch 23/150 | Train Loss: 0.0326 | Epoch Time: 0.26s | Spearman@80: 0.9268 | Kendall@80: 0.7747
Epoch 24/150 | Train Loss: 0.0297 | Epoch Time: 0.26s | Spearman@80: 0.9339 | Kendall@80: 0.7858
Epoch 25/150 | Train Loss: 0.0260 | Epoch Time: 0.27s | Spearman@80: 0.9292 | Kendall@80: 0.7737
Epoch 26/150 | Train Loss: 0.0361 | Epoch Time: 0.27s | Spearman@80: 0.9231 | Kendall@80: 0.7680
Epoch 27/150 | Train Loss: 0.0234 | Epoch Time: 0.26s | Spearman@80: 0.9305 | Kendall@80: 0.7817
Epoch 28/150 | Train Loss: 0.0250 | Epoch Time: 0.26s | Spearman@80: 0.9350 | Kendall@80: 0.7896
Epoch 29/150 | Train Loss: 0.0255 | Epoch Time: 0.26s | Spearman@80: 0.9392 | Kendall@80: 0.7966
Epoch 30/150 | Train Loss: 0.0249 | Epoch Time: 0.27s | Spearman@80: 0.9379 | Kendall@80: 0.7915
Epoch 31/150 | Train Loss: 0.0325 | Epoch Time: 0.26s | Spearman@80: 0.9329 | Kendall@80: 0.7820
Epoch 32/150 | Train Loss: 0.0210 | Epoch Time: 0.26s | Spearman@80: 0.9316 | Kendall@80: 0.7766
Epoch 33/150 | Train Loss: 0.0287 | Epoch Time: 0.26s | Spearman@80: 0.9353 | Kendall@80: 0.7830
Epoch 34/150 | Train Loss: 0.0286 | Epoch Time: 0.26s | Spearman@80: 0.9413 | Kendall@80: 0.7978
Epoch 35/150 | Train Loss: 0.0214 | Epoch Time: 0.26s | Spearman@80: 0.9449 | Kendall@80: 0.8074
Epoch 36/150 | Train Loss: 0.0285 | Epoch Time: 0.27s | Spearman@80: 0.9400 | Kendall@80: 0.7890
Epoch 37/150 | Train Loss: 0.0304 | Epoch Time: 0.27s | Spearman@80: 0.9383 | Kendall@80: 0.7855
Epoch 38/150 | Train Loss: 0.0232 | Epoch Time: 0.26s | Spearman@80: 0.9394 | Kendall@80: 0.7906
Epoch 39/150 | Train Loss: 0.0285 | Epoch Time: 0.26s | Spearman@80: 0.9312 | Kendall@80: 0.7801
Epoch 40/150 | Train Loss: 0.0168 | Epoch Time: 0.27s | Spearman@80: 0.9343 | Kendall@80: 0.7887
Epoch 41/150 | Train Loss: 0.0196 | Epoch Time: 0.26s | Spearman@80: 0.9404 | Kendall@80: 0.7998
Epoch 42/150 | Train Loss: 0.0244 | Epoch Time: 0.26s | Spearman@80: 0.9342 | Kendall@80: 0.7849
Epoch 43/150 | Train Loss: 0.0196 | Epoch Time: 0.27s | Spearman@80: 0.9434 | Kendall@80: 0.8017
Epoch 44/150 | Train Loss: 0.0206 | Epoch Time: 0.26s | Spearman@80: 0.9158 | Kendall@80: 0.7597
Epoch 45/150 | Train Loss: 0.0277 | Epoch Time: 0.26s | Spearman@80: 0.9227 | Kendall@80: 0.7550
Epoch 46/150 | Train Loss: 0.0295 | Epoch Time: 0.27s | Spearman@80: 0.9371 | Kendall@80: 0.7817
Epoch 47/150 | Train Loss: 0.0226 | Epoch Time: 0.26s | Spearman@80: 0.9402 | Kendall@80: 0.7836
Epoch 48/150 | Train Loss: 0.0255 | Epoch Time: 0.27s | Spearman@80: 0.9219 | Kendall@80: 0.7614
Epoch 49/150 | Train Loss: 0.0310 | Epoch Time: 0.27s | Spearman@80: 0.9402 | Kendall@80: 0.8004
Epoch 50/150 | Train Loss: 0.0229 | Epoch Time: 0.26s | Spearman@80: 0.9388 | Kendall@80: 0.8058
Epoch 51/150 | Train Loss: 0.0200 | Epoch Time: 0.26s | Spearman@80: 0.9432 | Kendall@80: 0.7998
Epoch 52/150 | Train Loss: 0.0247 | Epoch Time: 0.26s | Spearman@80: 0.9409 | Kendall@80: 0.8023
Epoch 53/150 | Train Loss: 0.0221 | Epoch Time: 0.26s | Spearman@80: 0.9370 | Kendall@80: 0.7864
Epoch 54/150 | Train Loss: 0.0254 | Epoch Time: 0.27s | Spearman@80: 0.9296 | Kendall@80: 0.7779
Epoch 55/150 | Train Loss: 0.0249 | Epoch Time: 0.27s | Spearman@80: 0.9274 | Kendall@80: 0.7671
Epoch 56/150 | Train Loss: 0.0205 | Epoch Time: 0.27s | Spearman@80: 0.9470 | Kendall@80: 0.8086
Epoch 57/150 | Train Loss: 0.0205 | Epoch Time: 0.27s | Spearman@80: 0.9506 | Kendall@80: 0.8213
Epoch 58/150 | Train Loss: 0.0163 | Epoch Time: 0.26s | Spearman@80: 0.9429 | Kendall@80: 0.8004
Epoch 59/150 | Train Loss: 0.0171 | Epoch Time: 0.27s | Spearman@80: 0.9252 | Kendall@80: 0.7680
Epoch 60/150 | Train Loss: 0.0241 | Epoch Time: 0.27s | Spearman@80: 0.9363 | Kendall@80: 0.7864
Epoch 61/150 | Train Loss: 0.0182 | Epoch Time: 0.26s | Spearman@80: 0.9219 | Kendall@80: 0.7569
Epoch 62/150 | Train Loss: 0.0303 | Epoch Time: 0.26s | Spearman@80: 0.9311 | Kendall@80: 0.7696
Epoch 63/150 | Train Loss: 0.0284 | Epoch Time: 0.26s | Spearman@80: 0.9386 | Kendall@80: 0.7881
Epoch 64/150 | Train Loss: 0.0249 | Epoch Time: 0.26s | Spearman@80: 0.9407 | Kendall@80: 0.8042
Epoch 65/150 | Train Loss: 0.0234 | Epoch Time: 0.27s | Spearman@80: 0.9317 | Kendall@80: 0.7864
Epoch 66/150 | Train Loss: 0.0263 | Epoch Time: 0.26s | Spearman@80: 0.9280 | Kendall@80: 0.7801
Epoch 67/150 | Train Loss: 0.0149 | Epoch Time: 0.26s | Spearman@80: 0.9408 | Kendall@80: 0.8036
Epoch 68/150 | Train Loss: 0.0218 | Epoch Time: 0.27s | Spearman@80: 0.9344 | Kendall@80: 0.7890
Epoch 69/150 | Train Loss: 0.0244 | Epoch Time: 0.26s | Spearman@80: 0.9379 | Kendall@80: 0.7851
Epoch 70/150 | Train Loss: 0.0266 | Epoch Time: 0.27s | Spearman@80: 0.9371 | Kendall@80: 0.7912
Epoch 71/150 | Train Loss: 0.0289 | Epoch Time: 0.26s | Spearman@80: 0.9283 | Kendall@80: 0.7794
Epoch 72/150 | Train Loss: 0.0254 | Epoch Time: 0.26s | Spearman@80: 0.9223 | Kendall@80: 0.7642
Epoch 73/150 | Train Loss: 0.0197 | Epoch Time: 0.26s | Spearman@80: 0.9229 | Kendall@80: 0.7658
Epoch 74/150 | Train Loss: 0.0225 | Epoch Time: 0.27s | Spearman@80: 0.9379 | Kendall@80: 0.7976
Epoch 75/150 | Train Loss: 0.0212 | Epoch Time: 0.26s | Spearman@80: 0.9430 | Kendall@80: 0.8046
Epoch 76/150 | Train Loss: 0.0224 | Epoch Time: 0.26s | Spearman@80: 0.9472 | Kendall@80: 0.8125
Epoch 77/150 | Train Loss: 0.0162 | Epoch Time: 0.27s | Spearman@80: 0.9452 | Kendall@80: 0.8061
Epoch 78/150 | Train Loss: 0.0194 | Epoch Time: 0.27s | Spearman@80: 0.9372 | Kendall@80: 0.7940
Epoch 79/150 | Train Loss: 0.0207 | Epoch Time: 0.26s | Spearman@80: 0.9386 | Kendall@80: 0.7989
Epoch 80/150 | Train Loss: 0.0155 | Epoch Time: 0.27s | Spearman@80: 0.9234 | Kendall@80: 0.7674
Epoch 81/150 | Train Loss: 0.0216 | Epoch Time: 0.26s | Spearman@80: 0.9384 | Kendall@80: 0.7909
Epoch 82/150 | Train Loss: 0.0190 | Epoch Time: 0.26s | Spearman@80: 0.9387 | Kendall@80: 0.7887
Epoch 83/150 | Train Loss: 0.0254 | Epoch Time: 0.26s | Spearman@80: 0.9422 | Kendall@80: 0.7931
Epoch 84/150 | Train Loss: 0.0229 | Epoch Time: 0.26s | Spearman@80: 0.9421 | Kendall@80: 0.7947
Epoch 85/150 | Train Loss: 0.0230 | Epoch Time: 0.26s | Spearman@80: 0.9402 | Kendall@80: 0.7896
Epoch 86/150 | Train Loss: 0.0150 | Epoch Time: 0.26s | Spearman@80: 0.9459 | Kendall@80: 0.8052
Epoch 87/150 | Train Loss: 0.0172 | Epoch Time: 0.27s | Spearman@80: 0.9377 | Kendall@80: 0.7887
Epoch 88/150 | Train Loss: 0.0187 | Epoch Time: 0.26s | Spearman@80: 0.9387 | Kendall@80: 0.7970
Epoch 89/150 | Train Loss: 0.0150 | Epoch Time: 0.27s | Spearman@80: 0.9327 | Kendall@80: 0.7864
Epoch 90/150 | Train Loss: 0.0236 | Epoch Time: 0.26s | Spearman@80: 0.9352 | Kendall@80: 0.7902
Epoch 91/150 | Train Loss: 0.0205 | Epoch Time: 0.27s | Spearman@80: 0.9359 | Kendall@80: 0.7921
Epoch 92/150 | Train Loss: 0.0170 | Epoch Time: 0.26s | Spearman@80: 0.9363 | Kendall@80: 0.7921
Epoch 93/150 | Train Loss: 0.0117 | Epoch Time: 0.27s | Spearman@80: 0.9407 | Kendall@80: 0.8023
Epoch 94/150 | Train Loss: 0.0168 | Epoch Time: 0.26s | Spearman@80: 0.9386 | Kendall@80: 0.7966
Epoch 95/150 | Train Loss: 0.0159 | Epoch Time: 0.26s | Spearman@80: 0.9402 | Kendall@80: 0.8004
Epoch 96/150 | Train Loss: 0.0153 | Epoch Time: 0.26s | Spearman@80: 0.9449 | Kendall@80: 0.8112
Epoch 97/150 | Train Loss: 0.0155 | Epoch Time: 0.26s | Spearman@80: 0.9394 | Kendall@80: 0.7991
Epoch 98/150 | Train Loss: 0.0200 | Epoch Time: 0.26s | Spearman@80: 0.9367 | Kendall@80: 0.7947
Epoch 99/150 | Train Loss: 0.0128 | Epoch Time: 0.26s | Spearman@80: 0.9361 | Kendall@80: 0.7887
Epoch 100/150 | Train Loss: 0.0153 | Epoch Time: 0.26s | Spearman@80: 0.9401 | Kendall@80: 0.7959
Epoch 101/150 | Train Loss: 0.0122 | Epoch Time: 0.26s | Spearman@80: 0.9378 | Kendall@80: 0.7931
Epoch 102/150 | Train Loss: 0.0127 | Epoch Time: 0.27s | Spearman@80: 0.9373 | Kendall@80: 0.7893
Epoch 103/150 | Train Loss: 0.0144 | Epoch Time: 0.26s | Spearman@80: 0.9344 | Kendall@80: 0.7877
Epoch 104/150 | Train Loss: 0.0160 | Epoch Time: 0.26s | Spearman@80: 0.9309 | Kendall@80: 0.7836
Epoch 105/150 | Train Loss: 0.0136 | Epoch Time: 0.27s | Spearman@80: 0.9418 | Kendall@80: 0.8039
Epoch 106/150 | Train Loss: 0.0179 | Epoch Time: 0.26s | Spearman@80: 0.9434 | Kendall@80: 0.8099
Epoch 107/150 | Train Loss: 0.0155 | Epoch Time: 0.26s | Spearman@80: 0.9389 | Kendall@80: 0.7991
Epoch 108/150 | Train Loss: 0.0138 | Epoch Time: 0.27s | Spearman@80: 0.9389 | Kendall@80: 0.7940
Epoch 109/150 | Train Loss: 0.0142 | Epoch Time: 0.26s | Spearman@80: 0.9394 | Kendall@80: 0.7989
Epoch 110/150 | Train Loss: 0.0122 | Epoch Time: 0.26s | Spearman@80: 0.9400 | Kendall@80: 0.7966
Epoch 111/150 | Train Loss: 0.0166 | Epoch Time: 0.26s | Spearman@80: 0.9398 | Kendall@80: 0.7985
Epoch 112/150 | Train Loss: 0.0118 | Epoch Time: 0.27s | Spearman@80: 0.9393 | Kendall@80: 0.7959
Epoch 113/150 | Train Loss: 0.0109 | Epoch Time: 0.27s | Spearman@80: 0.9376 | Kendall@80: 0.7966
Epoch 114/150 | Train Loss: 0.0264 | Epoch Time: 0.26s | Spearman@80: 0.9390 | Kendall@80: 0.7991
Epoch 115/150 | Train Loss: 0.0126 | Epoch Time: 0.27s | Spearman@80: 0.9404 | Kendall@80: 0.7998
Epoch 116/150 | Train Loss: 0.0160 | Epoch Time: 0.26s | Spearman@80: 0.9369 | Kendall@80: 0.7919
Epoch 117/150 | Train Loss: 0.0103 | Epoch Time: 0.27s | Spearman@80: 0.9330 | Kendall@80: 0.7877
Epoch 118/150 | Train Loss: 0.0135 | Epoch Time: 0.26s | Spearman@80: 0.9319 | Kendall@80: 0.7813
Epoch 119/150 | Train Loss: 0.0151 | Epoch Time: 0.27s | Spearman@80: 0.9322 | Kendall@80: 0.7826
Epoch 120/150 | Train Loss: 0.0121 | Epoch Time: 0.26s | Spearman@80: 0.9323 | Kendall@80: 0.7826
Epoch 121/150 | Train Loss: 0.0171 | Epoch Time: 0.27s | Spearman@80: 0.9318 | Kendall@80: 0.7826
Epoch 122/150 | Train Loss: 0.0143 | Epoch Time: 0.26s | Spearman@80: 0.9334 | Kendall@80: 0.7845
Epoch 123/150 | Train Loss: 0.0112 | Epoch Time: 0.26s | Spearman@80: 0.9340 | Kendall@80: 0.7874
Epoch 124/150 | Train Loss: 0.0099 | Epoch Time: 0.26s | Spearman@80: 0.9329 | Kendall@80: 0.7839
Epoch 125/150 | Train Loss: 0.0087 | Epoch Time: 0.27s | Spearman@80: 0.9325 | Kendall@80: 0.7820
Epoch 126/150 | Train Loss: 0.0121 | Epoch Time: 0.26s | Spearman@80: 0.9335 | Kendall@80: 0.7870
Epoch 127/150 | Train Loss: 0.0185 | Epoch Time: 0.26s | Spearman@80: 0.9331 | Kendall@80: 0.7862
Epoch 128/150 | Train Loss: 0.0115 | Epoch Time: 0.26s | Spearman@80: 0.9327 | Kendall@80: 0.7855
Epoch 129/150 | Train Loss: 0.0072 | Epoch Time: 0.26s | Spearman@80: 0.9321 | Kendall@80: 0.7858
Epoch 130/150 | Train Loss: 0.0102 | Epoch Time: 0.27s | Spearman@80: 0.9326 | Kendall@80: 0.7855
Epoch 131/150 | Train Loss: 0.0099 | Epoch Time: 0.27s | Spearman@80: 0.9322 | Kendall@80: 0.7851
Epoch 132/150 | Train Loss: 0.0151 | Epoch Time: 0.26s | Spearman@80: 0.9325 | Kendall@80: 0.7845
Epoch 133/150 | Train Loss: 0.0187 | Epoch Time: 0.28s | Spearman@80: 0.9326 | Kendall@80: 0.7862
Epoch 134/150 | Train Loss: 0.0137 | Epoch Time: 0.26s | Spearman@80: 0.9329 | Kendall@80: 0.7862
Epoch 135/150 | Train Loss: 0.0142 | Epoch Time: 0.27s | Spearman@80: 0.9339 | Kendall@80: 0.7896
Epoch 136/150 | Train Loss: 0.0135 | Epoch Time: 0.26s | Spearman@80: 0.9336 | Kendall@80: 0.7868
Epoch 137/150 | Train Loss: 0.0146 | Epoch Time: 0.27s | Spearman@80: 0.9337 | Kendall@80: 0.7877
Epoch 138/150 | Train Loss: 0.0188 | Epoch Time: 0.27s | Spearman@80: 0.9348 | Kendall@80: 0.7893
Epoch 139/150 | Train Loss: 0.0131 | Epoch Time: 0.26s | Spearman@80: 0.9338 | Kendall@80: 0.7864
Epoch 140/150 | Train Loss: 0.0087 | Epoch Time: 0.26s | Spearman@80: 0.9331 | Kendall@80: 0.7851
Epoch 141/150 | Train Loss: 0.0111 | Epoch Time: 0.27s | Spearman@80: 0.9337 | Kendall@80: 0.7881
Epoch 142/150 | Train Loss: 0.0102 | Epoch Time: 0.27s | Spearman@80: 0.9340 | Kendall@80: 0.7896
Epoch 143/150 | Train Loss: 0.0112 | Epoch Time: 0.27s | Spearman@80: 0.9331 | Kendall@80: 0.7870
Epoch 144/150 | Train Loss: 0.0089 | Epoch Time: 0.26s | Spearman@80: 0.9330 | Kendall@80: 0.7864
Epoch 145/150 | Train Loss: 0.0149 | Epoch Time: 0.26s | Spearman@80: 0.9330 | Kendall@80: 0.7864
Epoch 146/150 | Train Loss: 0.0070 | Epoch Time: 0.27s | Spearman@80: 0.9329 | Kendall@80: 0.7855
Epoch 147/150 | Train Loss: 0.0158 | Epoch Time: 1.42s | Spearman@15560: 0.9220 | Kendall@15560: 0.7605
Epoch 148/150 | Train Loss: 0.0182 | Epoch Time: 1.24s | Spearman@15560: 0.9220 | Kendall@15560: 0.7603
Epoch 149/150 | Train Loss: 0.0182 | Epoch Time: 1.25s | Spearman@15560: 0.9220 | Kendall@15560: 0.7606
Epoch 150/150 | Train Loss: 0.0154 | Epoch Time: 1.24s | Spearman@15560: 0.9220 | Kendall@15560: 0.7604
Sample Count: 64, Spearman: 0.9219778731154713, Kendall: 0.7604778280046277
{64: (0.9219778731154713, 0.7604778280046277)}
Epoch 1/150 | Train Loss: 0.0938 | Epoch Time: 0.49s | Spearman@80: 0.5707 | Kendall@80: 0.4114
Epoch 2/150 | Train Loss: 0.0594 | Epoch Time: 0.49s | Spearman@80: 0.8378 | Kendall@80: 0.6601
Epoch 3/150 | Train Loss: 0.0505 | Epoch Time: 0.53s | Spearman@80: 0.9228 | Kendall@80: 0.7682
Epoch 4/150 | Train Loss: 0.0406 | Epoch Time: 0.54s | Spearman@80: 0.9214 | Kendall@80: 0.7642
Epoch 5/150 | Train Loss: 0.0417 | Epoch Time: 0.53s | Spearman@80: 0.9269 | Kendall@80: 0.7789
Epoch 6/150 | Train Loss: 0.0388 | Epoch Time: 0.54s | Spearman@80: 0.9349 | Kendall@80: 0.7902
Epoch 7/150 | Train Loss: 0.0344 | Epoch Time: 0.54s | Spearman@80: 0.9188 | Kendall@80: 0.7610
Epoch 8/150 | Train Loss: 0.0356 | Epoch Time: 0.53s | Spearman@80: 0.9200 | Kendall@80: 0.7642
Epoch 9/150 | Train Loss: 0.0408 | Epoch Time: 0.53s | Spearman@80: 0.9342 | Kendall@80: 0.7883
Epoch 10/150 | Train Loss: 0.0331 | Epoch Time: 0.53s | Spearman@80: 0.9351 | Kendall@80: 0.7948
Epoch 11/150 | Train Loss: 0.0324 | Epoch Time: 0.53s | Spearman@80: 0.9372 | Kendall@80: 0.7857
Epoch 12/150 | Train Loss: 0.0380 | Epoch Time: 0.54s | Spearman@80: 0.9037 | Kendall@80: 0.7413
Epoch 13/150 | Train Loss: 0.0366 | Epoch Time: 0.54s | Spearman@80: 0.9026 | Kendall@80: 0.7388
Epoch 14/150 | Train Loss: 0.0424 | Epoch Time: 0.53s | Spearman@80: 0.9227 | Kendall@80: 0.7673
Epoch 15/150 | Train Loss: 0.0393 | Epoch Time: 0.54s | Spearman@80: 0.9339 | Kendall@80: 0.7845
Epoch 16/150 | Train Loss: 0.0307 | Epoch Time: 0.53s | Spearman@80: 0.9285 | Kendall@80: 0.7739
Epoch 17/150 | Train Loss: 0.0295 | Epoch Time: 0.53s | Spearman@80: 0.9339 | Kendall@80: 0.7813
Epoch 18/150 | Train Loss: 0.0334 | Epoch Time: 0.54s | Spearman@80: 0.9337 | Kendall@80: 0.7851
Epoch 19/150 | Train Loss: 0.0342 | Epoch Time: 0.53s | Spearman@80: 0.9298 | Kendall@80: 0.7730
Epoch 20/150 | Train Loss: 0.0317 | Epoch Time: 0.54s | Spearman@80: 0.9220 | Kendall@80: 0.7610
Epoch 21/150 | Train Loss: 0.0292 | Epoch Time: 0.53s | Spearman@80: 0.9362 | Kendall@80: 0.7883
Epoch 22/150 | Train Loss: 0.0368 | Epoch Time: 0.54s | Spearman@80: 0.9383 | Kendall@80: 0.7997
Epoch 23/150 | Train Loss: 0.0340 | Epoch Time: 0.53s | Spearman@80: 0.9064 | Kendall@80: 0.7458
Epoch 24/150 | Train Loss: 0.0329 | Epoch Time: 0.53s | Spearman@80: 0.9305 | Kendall@80: 0.7864
Epoch 25/150 | Train Loss: 0.0293 | Epoch Time: 0.53s | Spearman@80: 0.9322 | Kendall@80: 0.7826
Epoch 26/150 | Train Loss: 0.0297 | Epoch Time: 0.54s | Spearman@80: 0.9179 | Kendall@80: 0.7642
Epoch 27/150 | Train Loss: 0.0302 | Epoch Time: 0.53s | Spearman@80: 0.9268 | Kendall@80: 0.7713
Epoch 28/150 | Train Loss: 0.0372 | Epoch Time: 0.54s | Spearman@80: 0.9153 | Kendall@80: 0.7605
Epoch 29/150 | Train Loss: 0.0331 | Epoch Time: 0.54s | Spearman@80: 0.9174 | Kendall@80: 0.7692
Epoch 30/150 | Train Loss: 0.0312 | Epoch Time: 0.54s | Spearman@80: 0.9346 | Kendall@80: 0.7923
Epoch 31/150 | Train Loss: 0.0343 | Epoch Time: 0.54s | Spearman@80: 0.9262 | Kendall@80: 0.7807
Epoch 32/150 | Train Loss: 0.0327 | Epoch Time: 0.53s | Spearman@80: 0.9309 | Kendall@80: 0.7864
Epoch 33/150 | Train Loss: 0.0307 | Epoch Time: 0.53s | Spearman@80: 0.9138 | Kendall@80: 0.7605
Epoch 34/150 | Train Loss: 0.0346 | Epoch Time: 0.54s | Spearman@80: 0.9313 | Kendall@80: 0.7770
Epoch 35/150 | Train Loss: 0.0360 | Epoch Time: 0.53s | Spearman@80: 0.9273 | Kendall@80: 0.7819
Epoch 36/150 | Train Loss: 0.0301 | Epoch Time: 0.54s | Spearman@80: 0.9343 | Kendall@80: 0.7902
Epoch 37/150 | Train Loss: 0.0318 | Epoch Time: 0.54s | Spearman@80: 0.9380 | Kendall@80: 0.7971
Epoch 38/150 | Train Loss: 0.0293 | Epoch Time: 0.54s | Spearman@80: 0.9384 | Kendall@80: 0.7999
Epoch 39/150 | Train Loss: 0.0274 | Epoch Time: 0.54s | Spearman@80: 0.9249 | Kendall@80: 0.7758
Epoch 40/150 | Train Loss: 0.0280 | Epoch Time: 0.54s | Spearman@80: 0.9337 | Kendall@80: 0.7923
Epoch 41/150 | Train Loss: 0.0365 | Epoch Time: 0.53s | Spearman@80: 0.9246 | Kendall@80: 0.7781
Epoch 42/150 | Train Loss: 0.0288 | Epoch Time: 0.54s | Spearman@80: 0.9356 | Kendall@80: 0.7927
Epoch 43/150 | Train Loss: 0.0318 | Epoch Time: 0.53s | Spearman@80: 0.9337 | Kendall@80: 0.7895
Epoch 44/150 | Train Loss: 0.0315 | Epoch Time: 0.54s | Spearman@80: 0.9356 | Kendall@80: 0.7910
Epoch 45/150 | Train Loss: 0.0241 | Epoch Time: 0.53s | Spearman@80: 0.9358 | Kendall@80: 0.7940
Epoch 46/150 | Train Loss: 0.0295 | Epoch Time: 0.53s | Spearman@80: 0.8986 | Kendall@80: 0.7445
Epoch 47/150 | Train Loss: 0.0367 | Epoch Time: 0.53s | Spearman@80: 0.9212 | Kendall@80: 0.7673
Epoch 48/150 | Train Loss: 0.0273 | Epoch Time: 0.54s | Spearman@80: 0.9413 | Kendall@80: 0.8081
Epoch 49/150 | Train Loss: 0.0340 | Epoch Time: 0.54s | Spearman@80: 0.9332 | Kendall@80: 0.7933
Epoch 50/150 | Train Loss: 0.0317 | Epoch Time: 0.54s | Spearman@80: 0.9276 | Kendall@80: 0.7866
Epoch 51/150 | Train Loss: 0.0278 | Epoch Time: 0.54s | Spearman@80: 0.9259 | Kendall@80: 0.7819
Epoch 52/150 | Train Loss: 0.0312 | Epoch Time: 0.54s | Spearman@80: 0.9290 | Kendall@80: 0.7891
Epoch 53/150 | Train Loss: 0.0299 | Epoch Time: 0.53s | Spearman@80: 0.9242 | Kendall@80: 0.7762
Epoch 54/150 | Train Loss: 0.0283 | Epoch Time: 0.54s | Spearman@80: 0.9342 | Kendall@80: 0.7916
Epoch 55/150 | Train Loss: 0.0299 | Epoch Time: 0.53s | Spearman@80: 0.9319 | Kendall@80: 0.7866
Epoch 56/150 | Train Loss: 0.0291 | Epoch Time: 0.53s | Spearman@80: 0.9371 | Kendall@80: 0.8018
Epoch 57/150 | Train Loss: 0.0232 | Epoch Time: 0.54s | Spearman@80: 0.9124 | Kendall@80: 0.7574
Epoch 58/150 | Train Loss: 0.0273 | Epoch Time: 0.53s | Spearman@80: 0.9162 | Kendall@80: 0.7680
Epoch 59/150 | Train Loss: 0.0287 | Epoch Time: 0.53s | Spearman@80: 0.9304 | Kendall@80: 0.7902
Epoch 60/150 | Train Loss: 0.0298 | Epoch Time: 0.53s | Spearman@80: 0.9079 | Kendall@80: 0.7546
Epoch 61/150 | Train Loss: 0.0301 | Epoch Time: 0.54s | Spearman@80: 0.9346 | Kendall@80: 0.7845
Epoch 62/150 | Train Loss: 0.0306 | Epoch Time: 0.54s | Spearman@80: 0.9084 | Kendall@80: 0.7546
Epoch 63/150 | Train Loss: 0.0294 | Epoch Time: 0.54s | Spearman@80: 0.9404 | Kendall@80: 0.7971
Epoch 64/150 | Train Loss: 0.0274 | Epoch Time: 0.54s | Spearman@80: 0.9434 | Kendall@80: 0.8092
Epoch 65/150 | Train Loss: 0.0278 | Epoch Time: 0.54s | Spearman@80: 0.9177 | Kendall@80: 0.7713
Epoch 66/150 | Train Loss: 0.0295 | Epoch Time: 0.54s | Spearman@80: 0.9189 | Kendall@80: 0.7604
Epoch 67/150 | Train Loss: 0.0299 | Epoch Time: 0.54s | Spearman@80: 0.9249 | Kendall@80: 0.7832
Epoch 68/150 | Train Loss: 0.0278 | Epoch Time: 0.54s | Spearman@80: 0.9346 | Kendall@80: 0.8011
Epoch 69/150 | Train Loss: 0.0251 | Epoch Time: 0.54s | Spearman@80: 0.9332 | Kendall@80: 0.7935
Epoch 70/150 | Train Loss: 0.0299 | Epoch Time: 0.54s | Spearman@80: 0.9294 | Kendall@80: 0.7770
Epoch 71/150 | Train Loss: 0.0294 | Epoch Time: 0.54s | Spearman@80: 0.9234 | Kendall@80: 0.7838
Epoch 72/150 | Train Loss: 0.0315 | Epoch Time: 0.53s | Spearman@80: 0.9391 | Kendall@80: 0.8029
Epoch 73/150 | Train Loss: 0.0269 | Epoch Time: 0.54s | Spearman@80: 0.9294 | Kendall@80: 0.7929
Epoch 74/150 | Train Loss: 0.0260 | Epoch Time: 0.54s | Spearman@80: 0.9326 | Kendall@80: 0.7948
Epoch 75/150 | Train Loss: 0.0197 | Epoch Time: 0.54s | Spearman@80: 0.9271 | Kendall@80: 0.7870
Epoch 76/150 | Train Loss: 0.0217 | Epoch Time: 0.55s | Spearman@80: 0.9189 | Kendall@80: 0.7635
Epoch 77/150 | Train Loss: 0.0300 | Epoch Time: 0.54s | Spearman@80: 0.9051 | Kendall@80: 0.7586
Epoch 78/150 | Train Loss: 0.0266 | Epoch Time: 0.54s | Spearman@80: 0.9335 | Kendall@80: 0.7859
Epoch 79/150 | Train Loss: 0.0271 | Epoch Time: 0.54s | Spearman@80: 0.9244 | Kendall@80: 0.7870
Epoch 80/150 | Train Loss: 0.0220 | Epoch Time: 0.55s | Spearman@80: 0.9355 | Kendall@80: 0.7959
Epoch 81/150 | Train Loss: 0.0253 | Epoch Time: 0.54s | Spearman@80: 0.9300 | Kendall@80: 0.7897
Epoch 82/150 | Train Loss: 0.0243 | Epoch Time: 0.54s | Spearman@80: 0.9227 | Kendall@80: 0.7832
Epoch 83/150 | Train Loss: 0.0203 | Epoch Time: 0.55s | Spearman@80: 0.9391 | Kendall@80: 0.8067
Epoch 84/150 | Train Loss: 0.0207 | Epoch Time: 0.54s | Spearman@80: 0.9307 | Kendall@80: 0.7921
Epoch 85/150 | Train Loss: 0.0278 | Epoch Time: 0.55s | Spearman@80: 0.9265 | Kendall@80: 0.7762
Epoch 86/150 | Train Loss: 0.0296 | Epoch Time: 0.55s | Spearman@80: 0.9200 | Kendall@80: 0.7796
Epoch 87/150 | Train Loss: 0.0252 | Epoch Time: 0.54s | Spearman@80: 0.9205 | Kendall@80: 0.7743
Epoch 88/150 | Train Loss: 0.0216 | Epoch Time: 0.55s | Spearman@80: 0.9285 | Kendall@80: 0.7916
Epoch 89/150 | Train Loss: 0.0285 | Epoch Time: 0.54s | Spearman@80: 0.9260 | Kendall@80: 0.7819
Epoch 90/150 | Train Loss: 0.0273 | Epoch Time: 0.54s | Spearman@80: 0.9315 | Kendall@80: 0.7895
Epoch 91/150 | Train Loss: 0.0262 | Epoch Time: 0.56s | Spearman@80: 0.9304 | Kendall@80: 0.7832
Epoch 92/150 | Train Loss: 0.0242 | Epoch Time: 0.60s | Spearman@80: 0.9236 | Kendall@80: 0.7745
Epoch 93/150 | Train Loss: 0.0259 | Epoch Time: 0.56s | Spearman@80: 0.9274 | Kendall@80: 0.7821
Epoch 94/150 | Train Loss: 0.0182 | Epoch Time: 0.54s | Spearman@80: 0.9336 | Kendall@80: 0.7967
Epoch 95/150 | Train Loss: 0.0264 | Epoch Time: 0.54s | Spearman@80: 0.9261 | Kendall@80: 0.7857
Epoch 96/150 | Train Loss: 0.0263 | Epoch Time: 0.54s | Spearman@80: 0.9090 | Kendall@80: 0.7605
Epoch 97/150 | Train Loss: 0.0284 | Epoch Time: 0.55s | Spearman@80: 0.9242 | Kendall@80: 0.7883
Epoch 98/150 | Train Loss: 0.0210 | Epoch Time: 0.55s | Spearman@80: 0.9271 | Kendall@80: 0.7845
Epoch 99/150 | Train Loss: 0.0242 | Epoch Time: 0.54s | Spearman@80: 0.9246 | Kendall@80: 0.7826
Epoch 100/150 | Train Loss: 0.0269 | Epoch Time: 0.54s | Spearman@80: 0.9278 | Kendall@80: 0.7883
Epoch 101/150 | Train Loss: 0.0229 | Epoch Time: 0.54s | Spearman@80: 0.9264 | Kendall@80: 0.7883
Epoch 102/150 | Train Loss: 0.0236 | Epoch Time: 0.55s | Spearman@80: 0.9259 | Kendall@80: 0.7870
Epoch 103/150 | Train Loss: 0.0235 | Epoch Time: 0.54s | Spearman@80: 0.9297 | Kendall@80: 0.7857
Epoch 104/150 | Train Loss: 0.0241 | Epoch Time: 0.55s | Spearman@80: 0.9280 | Kendall@80: 0.7847
Epoch 105/150 | Train Loss: 0.0239 | Epoch Time: 0.54s | Spearman@80: 0.9259 | Kendall@80: 0.7832
Epoch 106/150 | Train Loss: 0.0291 | Epoch Time: 0.54s | Spearman@80: 0.9284 | Kendall@80: 0.7815
Epoch 107/150 | Train Loss: 0.0197 | Epoch Time: 0.54s | Spearman@80: 0.9246 | Kendall@80: 0.7789
Epoch 108/150 | Train Loss: 0.0201 | Epoch Time: 0.54s | Spearman@80: 0.9254 | Kendall@80: 0.7847
Epoch 109/150 | Train Loss: 0.0169 | Epoch Time: 0.55s | Spearman@80: 0.9214 | Kendall@80: 0.7768
Epoch 110/150 | Train Loss: 0.0215 | Epoch Time: 0.55s | Spearman@80: 0.9194 | Kendall@80: 0.7768
Epoch 111/150 | Train Loss: 0.0198 | Epoch Time: 0.54s | Spearman@80: 0.9153 | Kendall@80: 0.7648
Epoch 112/150 | Train Loss: 0.0189 | Epoch Time: 0.54s | Spearman@80: 0.9179 | Kendall@80: 0.7787
Epoch 113/150 | Train Loss: 0.0234 | Epoch Time: 0.54s | Spearman@80: 0.9214 | Kendall@80: 0.7764
Epoch 114/150 | Train Loss: 0.0220 | Epoch Time: 0.55s | Spearman@80: 0.9211 | Kendall@80: 0.7781
Epoch 115/150 | Train Loss: 0.0224 | Epoch Time: 0.54s | Spearman@80: 0.9184 | Kendall@80: 0.7692
Epoch 116/150 | Train Loss: 0.0213 | Epoch Time: 0.55s | Spearman@80: 0.9149 | Kendall@80: 0.7629
Epoch 117/150 | Train Loss: 0.0222 | Epoch Time: 0.54s | Spearman@80: 0.9155 | Kendall@80: 0.7669
Epoch 118/150 | Train Loss: 0.0213 | Epoch Time: 0.55s | Spearman@80: 0.9195 | Kendall@80: 0.7737
Epoch 119/150 | Train Loss: 0.0238 | Epoch Time: 0.54s | Spearman@80: 0.9200 | Kendall@80: 0.7756
Epoch 120/150 | Train Loss: 0.0197 | Epoch Time: 0.55s | Spearman@80: 0.9239 | Kendall@80: 0.7813
Epoch 121/150 | Train Loss: 0.0164 | Epoch Time: 0.55s | Spearman@80: 0.9257 | Kendall@80: 0.7845
Epoch 122/150 | Train Loss: 0.0219 | Epoch Time: 0.54s | Spearman@80: 0.9268 | Kendall@80: 0.7864
Epoch 123/150 | Train Loss: 0.0243 | Epoch Time: 0.55s | Spearman@80: 0.9228 | Kendall@80: 0.7794
Epoch 124/150 | Train Loss: 0.0201 | Epoch Time: 0.54s | Spearman@80: 0.9234 | Kendall@80: 0.7800
Epoch 125/150 | Train Loss: 0.0167 | Epoch Time: 0.54s | Spearman@80: 0.9212 | Kendall@80: 0.7794
Epoch 126/150 | Train Loss: 0.0167 | Epoch Time: 0.54s | Spearman@80: 0.9230 | Kendall@80: 0.7807
Epoch 127/150 | Train Loss: 0.0194 | Epoch Time: 0.54s | Spearman@80: 0.9224 | Kendall@80: 0.7743
Epoch 128/150 | Train Loss: 0.0149 | Epoch Time: 0.55s | Spearman@80: 0.9214 | Kendall@80: 0.7743
Epoch 129/150 | Train Loss: 0.0187 | Epoch Time: 0.54s | Spearman@80: 0.9240 | Kendall@80: 0.7781
Epoch 130/150 | Train Loss: 0.0212 | Epoch Time: 0.54s | Spearman@80: 0.9221 | Kendall@80: 0.7758
Epoch 131/150 | Train Loss: 0.0196 | Epoch Time: 0.53s | Spearman@80: 0.9221 | Kendall@80: 0.7768
Epoch 132/150 | Train Loss: 0.0184 | Epoch Time: 0.54s | Spearman@80: 0.9235 | Kendall@80: 0.7800
Epoch 133/150 | Train Loss: 0.0212 | Epoch Time: 0.54s | Spearman@80: 0.9220 | Kendall@80: 0.7749
Epoch 134/150 | Train Loss: 0.0194 | Epoch Time: 0.53s | Spearman@80: 0.9215 | Kendall@80: 0.7751
Epoch 135/150 | Train Loss: 0.0223 | Epoch Time: 0.53s | Spearman@80: 0.9220 | Kendall@80: 0.7749
Epoch 136/150 | Train Loss: 0.0235 | Epoch Time: 0.53s | Spearman@80: 0.9210 | Kendall@80: 0.7762
Epoch 137/150 | Train Loss: 0.0158 | Epoch Time: 0.54s | Spearman@80: 0.9218 | Kendall@80: 0.7787
Epoch 138/150 | Train Loss: 0.0245 | Epoch Time: 0.54s | Spearman@80: 0.9219 | Kendall@80: 0.7787
Epoch 139/150 | Train Loss: 0.0194 | Epoch Time: 0.53s | Spearman@80: 0.9218 | Kendall@80: 0.7783
Epoch 140/150 | Train Loss: 0.0168 | Epoch Time: 0.54s | Spearman@80: 0.9217 | Kendall@80: 0.7775
Epoch 141/150 | Train Loss: 0.0151 | Epoch Time: 0.54s | Spearman@80: 0.9225 | Kendall@80: 0.7787
Epoch 142/150 | Train Loss: 0.0202 | Epoch Time: 0.53s | Spearman@80: 0.9209 | Kendall@80: 0.7762
Epoch 143/150 | Train Loss: 0.0147 | Epoch Time: 0.54s | Spearman@80: 0.9209 | Kendall@80: 0.7762
Epoch 144/150 | Train Loss: 0.0186 | Epoch Time: 0.54s | Spearman@80: 0.9209 | Kendall@80: 0.7762
Epoch 145/150 | Train Loss: 0.0198 | Epoch Time: 0.53s | Spearman@80: 0.9216 | Kendall@80: 0.7777
Epoch 146/150 | Train Loss: 0.0234 | Epoch Time: 0.54s | Spearman@80: 0.9225 | Kendall@80: 0.7783
Epoch 147/150 | Train Loss: 0.0226 | Epoch Time: 1.78s | Spearman@15496: 0.9189 | Kendall@15496: 0.7662
Epoch 148/150 | Train Loss: 0.0171 | Epoch Time: 1.56s | Spearman@15496: 0.9195 | Kendall@15496: 0.7680
Epoch 149/150 | Train Loss: 0.0194 | Epoch Time: 1.56s | Spearman@15496: 0.9194 | Kendall@15496: 0.7678
Epoch 150/150 | Train Loss: 0.0202 | Epoch Time: 1.55s | Spearman@15496: 0.9195 | Kendall@15496: 0.7681
Sample Count: 128, Spearman: 0.919317855380537, Kendall: 0.7675257077831141
{64: (0.9219778731154713, 0.7604778280046277),
 128: (0.919317855380537, 0.7675257077831141)}
Epoch 1/150 | Train Loss: 0.0978 | Epoch Time: 0.25s | Spearman@80: 0.4077 | Kendall@80: 0.2750
Epoch 2/150 | Train Loss: 0.0825 | Epoch Time: 0.25s | Spearman@80: 0.5190 | Kendall@80: 0.3657
Epoch 3/150 | Train Loss: 0.0586 | Epoch Time: 0.25s | Spearman@80: 0.8021 | Kendall@80: 0.6109
Epoch 4/150 | Train Loss: 0.0388 | Epoch Time: 0.25s | Spearman@80: 0.7244 | Kendall@80: 0.5509
Epoch 5/150 | Train Loss: 0.0487 | Epoch Time: 0.25s | Spearman@80: 0.7639 | Kendall@80: 0.5672
Epoch 6/150 | Train Loss: 0.0487 | Epoch Time: 0.25s | Spearman@80: 0.8367 | Kendall@80: 0.6637
Epoch 7/150 | Train Loss: 0.0415 | Epoch Time: 0.26s | Spearman@80: 0.8552 | Kendall@80: 0.6907
Epoch 8/150 | Train Loss: 0.0424 | Epoch Time: 0.27s | Spearman@80: 0.8539 | Kendall@80: 0.6907
Epoch 9/150 | Train Loss: 0.0317 | Epoch Time: 0.27s | Spearman@80: 0.8534 | Kendall@80: 0.6939
Epoch 10/150 | Train Loss: 0.0330 | Epoch Time: 0.27s | Spearman@80: 0.8448 | Kendall@80: 0.6764
Epoch 11/150 | Train Loss: 0.0286 | Epoch Time: 0.27s | Spearman@80: 0.8397 | Kendall@80: 0.6679
Epoch 12/150 | Train Loss: 0.0352 | Epoch Time: 0.27s | Spearman@80: 0.8584 | Kendall@80: 0.6948
Epoch 13/150 | Train Loss: 0.0494 | Epoch Time: 0.27s | Spearman@80: 0.8247 | Kendall@80: 0.6441
Epoch 14/150 | Train Loss: 0.0244 | Epoch Time: 0.28s | Spearman@80: 0.8662 | Kendall@80: 0.6992
Epoch 15/150 | Train Loss: 0.0371 | Epoch Time: 0.27s | Spearman@80: 0.8510 | Kendall@80: 0.6819
Epoch 16/150 | Train Loss: 0.0279 | Epoch Time: 0.27s | Spearman@80: 0.8247 | Kendall@80: 0.6413
Epoch 17/150 | Train Loss: 0.0305 | Epoch Time: 0.27s | Spearman@80: 0.8615 | Kendall@80: 0.7028
Epoch 18/150 | Train Loss: 0.0349 | Epoch Time: 0.27s | Spearman@80: 0.8550 | Kendall@80: 0.6897
Epoch 19/150 | Train Loss: 0.0274 | Epoch Time: 0.27s | Spearman@80: 0.8539 | Kendall@80: 0.6872
Epoch 20/150 | Train Loss: 0.0244 | Epoch Time: 0.27s | Spearman@80: 0.8581 | Kendall@80: 0.6969
Epoch 21/150 | Train Loss: 0.0211 | Epoch Time: 0.27s | Spearman@80: 0.8709 | Kendall@80: 0.7176
Epoch 22/150 | Train Loss: 0.0249 | Epoch Time: 0.27s | Spearman@80: 0.8739 | Kendall@80: 0.7212
Epoch 23/150 | Train Loss: 0.0213 | Epoch Time: 0.27s | Spearman@80: 0.8703 | Kendall@80: 0.7110
Epoch 24/150 | Train Loss: 0.0202 | Epoch Time: 0.27s | Spearman@80: 0.8880 | Kendall@80: 0.7379
Epoch 25/150 | Train Loss: 0.0254 | Epoch Time: 0.27s | Spearman@80: 0.8488 | Kendall@80: 0.6973
Epoch 26/150 | Train Loss: 0.0254 | Epoch Time: 0.27s | Spearman@80: 0.8581 | Kendall@80: 0.7087
Epoch 27/150 | Train Loss: 0.0230 | Epoch Time: 0.27s | Spearman@80: 0.8969 | Kendall@80: 0.7478
Epoch 28/150 | Train Loss: 0.0237 | Epoch Time: 0.27s | Spearman@80: 0.8501 | Kendall@80: 0.6681
Epoch 29/150 | Train Loss: 0.0318 | Epoch Time: 0.27s | Spearman@80: 0.8484 | Kendall@80: 0.6823
Epoch 30/150 | Train Loss: 0.0283 | Epoch Time: 0.27s | Spearman@80: 0.8635 | Kendall@80: 0.7087
Epoch 31/150 | Train Loss: 0.0264 | Epoch Time: 0.27s | Spearman@80: 0.8616 | Kendall@80: 0.6948
Epoch 32/150 | Train Loss: 0.0299 | Epoch Time: 0.27s | Spearman@80: 0.8441 | Kendall@80: 0.6745
Epoch 33/150 | Train Loss: 0.0230 | Epoch Time: 0.27s | Spearman@80: 0.8905 | Kendall@80: 0.7397
Epoch 34/150 | Train Loss: 0.0311 | Epoch Time: 0.27s | Spearman@80: 0.8885 | Kendall@80: 0.7423
Epoch 35/150 | Train Loss: 0.0214 | Epoch Time: 0.27s | Spearman@80: 0.8829 | Kendall@80: 0.7355
Epoch 36/150 | Train Loss: 0.0238 | Epoch Time: 0.27s | Spearman@80: 0.8708 | Kendall@80: 0.7302
Epoch 37/150 | Train Loss: 0.0206 | Epoch Time: 0.27s | Spearman@80: 0.8815 | Kendall@80: 0.7383
Epoch 38/150 | Train Loss: 0.0273 | Epoch Time: 0.27s | Spearman@80: 0.8827 | Kendall@80: 0.7357
Epoch 39/150 | Train Loss: 0.0225 | Epoch Time: 0.27s | Spearman@80: 0.8749 | Kendall@80: 0.7296
Epoch 40/150 | Train Loss: 0.0192 | Epoch Time: 0.27s | Spearman@80: 0.8733 | Kendall@80: 0.7351
Epoch 41/150 | Train Loss: 0.0205 | Epoch Time: 0.27s | Spearman@80: 0.8700 | Kendall@80: 0.7106
Epoch 42/150 | Train Loss: 0.0230 | Epoch Time: 0.27s | Spearman@80: 0.8826 | Kendall@80: 0.7341
Epoch 43/150 | Train Loss: 0.0256 | Epoch Time: 0.27s | Spearman@80: 0.8631 | Kendall@80: 0.7110
Epoch 44/150 | Train Loss: 0.0204 | Epoch Time: 0.27s | Spearman@80: 0.8519 | Kendall@80: 0.6952
Epoch 45/150 | Train Loss: 0.0187 | Epoch Time: 0.27s | Spearman@80: 0.8772 | Kendall@80: 0.7243
Epoch 46/150 | Train Loss: 0.0215 | Epoch Time: 0.27s | Spearman@80: 0.8799 | Kendall@80: 0.7322
Epoch 47/150 | Train Loss: 0.0149 | Epoch Time: 0.27s | Spearman@80: 0.8599 | Kendall@80: 0.7074
Epoch 48/150 | Train Loss: 0.0217 | Epoch Time: 0.27s | Spearman@80: 0.8798 | Kendall@80: 0.7391
Epoch 49/150 | Train Loss: 0.0204 | Epoch Time: 0.27s | Spearman@80: 0.8714 | Kendall@80: 0.7235
Epoch 50/150 | Train Loss: 0.0179 | Epoch Time: 0.27s | Spearman@80: 0.8483 | Kendall@80: 0.6914
Epoch 51/150 | Train Loss: 0.0214 | Epoch Time: 0.27s | Spearman@80: 0.8352 | Kendall@80: 0.6793
Epoch 52/150 | Train Loss: 0.0178 | Epoch Time: 0.27s | Spearman@80: 0.8427 | Kendall@80: 0.6840
Epoch 53/150 | Train Loss: 0.0167 | Epoch Time: 0.27s | Spearman@80: 0.8429 | Kendall@80: 0.6779
Epoch 54/150 | Train Loss: 0.0138 | Epoch Time: 0.27s | Spearman@80: 0.8436 | Kendall@80: 0.6821
Epoch 55/150 | Train Loss: 0.0149 | Epoch Time: 0.27s | Spearman@80: 0.8370 | Kendall@80: 0.6705
Epoch 56/150 | Train Loss: 0.0150 | Epoch Time: 0.27s | Spearman@80: 0.8513 | Kendall@80: 0.6882
Epoch 57/150 | Train Loss: 0.0113 | Epoch Time: 0.27s | Spearman@80: 0.8729 | Kendall@80: 0.7199
Epoch 58/150 | Train Loss: 0.0199 | Epoch Time: 0.27s | Spearman@80: 0.8381 | Kendall@80: 0.6789
Epoch 59/150 | Train Loss: 0.0231 | Epoch Time: 0.27s | Spearman@80: 0.8776 | Kendall@80: 0.7237
Epoch 60/150 | Train Loss: 0.0212 | Epoch Time: 0.27s | Spearman@80: 0.8538 | Kendall@80: 0.6946
Epoch 61/150 | Train Loss: 0.0305 | Epoch Time: 0.27s | Spearman@80: 0.8161 | Kendall@80: 0.6439
Epoch 62/150 | Train Loss: 0.0198 | Epoch Time: 0.27s | Spearman@80: 0.8574 | Kendall@80: 0.7030
Epoch 63/150 | Train Loss: 0.0169 | Epoch Time: 0.27s | Spearman@80: 0.8520 | Kendall@80: 0.6967
Epoch 64/150 | Train Loss: 0.0159 | Epoch Time: 0.27s | Spearman@80: 0.8535 | Kendall@80: 0.6954
Epoch 65/150 | Train Loss: 0.0186 | Epoch Time: 0.27s | Spearman@80: 0.8773 | Kendall@80: 0.7271
Epoch 66/150 | Train Loss: 0.0144 | Epoch Time: 0.27s | Spearman@80: 0.8577 | Kendall@80: 0.7049
Epoch 67/150 | Train Loss: 0.0164 | Epoch Time: 0.27s | Spearman@80: 0.8768 | Kendall@80: 0.7307
Epoch 68/150 | Train Loss: 0.0112 | Epoch Time: 0.27s | Spearman@80: 0.8575 | Kendall@80: 0.7047
Epoch 69/150 | Train Loss: 0.0183 | Epoch Time: 0.27s | Spearman@80: 0.8419 | Kendall@80: 0.6872
Epoch 70/150 | Train Loss: 0.0171 | Epoch Time: 0.27s | Spearman@80: 0.8359 | Kendall@80: 0.6774
Epoch 71/150 | Train Loss: 0.0178 | Epoch Time: 0.27s | Spearman@80: 0.8678 | Kendall@80: 0.7201
Epoch 72/150 | Train Loss: 0.0114 | Epoch Time: 0.27s | Spearman@80: 0.8608 | Kendall@80: 0.7045
Epoch 73/150 | Train Loss: 0.0142 | Epoch Time: 0.27s | Spearman@80: 0.8722 | Kendall@80: 0.7197
Epoch 74/150 | Train Loss: 0.0154 | Epoch Time: 0.27s | Spearman@80: 0.8699 | Kendall@80: 0.7233
Epoch 75/150 | Train Loss: 0.0136 | Epoch Time: 0.27s | Spearman@80: 0.8547 | Kendall@80: 0.6986
Epoch 76/150 | Train Loss: 0.0157 | Epoch Time: 0.27s | Spearman@80: 0.8378 | Kendall@80: 0.6789
Epoch 77/150 | Train Loss: 0.0129 | Epoch Time: 0.27s | Spearman@80: 0.8619 | Kendall@80: 0.7085
Epoch 78/150 | Train Loss: 0.0177 | Epoch Time: 0.27s | Spearman@80: 0.8561 | Kendall@80: 0.7041
Epoch 79/150 | Train Loss: 0.0123 | Epoch Time: 0.27s | Spearman@80: 0.8471 | Kendall@80: 0.6907
Epoch 80/150 | Train Loss: 0.0145 | Epoch Time: 0.27s | Spearman@80: 0.8617 | Kendall@80: 0.7104
Epoch 81/150 | Train Loss: 0.0167 | Epoch Time: 0.27s | Spearman@80: 0.8480 | Kendall@80: 0.6939
Epoch 82/150 | Train Loss: 0.0079 | Epoch Time: 0.27s | Spearman@80: 0.8419 | Kendall@80: 0.6840
Epoch 83/150 | Train Loss: 0.0128 | Epoch Time: 0.27s | Spearman@80: 0.8828 | Kendall@80: 0.7393
Epoch 84/150 | Train Loss: 0.0155 | Epoch Time: 0.27s | Spearman@80: 0.8708 | Kendall@80: 0.7212
Epoch 85/150 | Train Loss: 0.0079 | Epoch Time: 0.27s | Spearman@80: 0.8449 | Kendall@80: 0.6834
Epoch 86/150 | Train Loss: 0.0128 | Epoch Time: 0.27s | Spearman@80: 0.8536 | Kendall@80: 0.6977
Epoch 87/150 | Train Loss: 0.0091 | Epoch Time: 0.27s | Spearman@80: 0.8635 | Kendall@80: 0.7180
Epoch 88/150 | Train Loss: 0.0106 | Epoch Time: 0.27s | Spearman@80: 0.8609 | Kendall@80: 0.7117
Epoch 89/150 | Train Loss: 0.0105 | Epoch Time: 0.28s | Spearman@80: 0.8675 | Kendall@80: 0.7207
Epoch 90/150 | Train Loss: 0.0146 | Epoch Time: 0.27s | Spearman@80: 0.8634 | Kendall@80: 0.7180
Epoch 91/150 | Train Loss: 0.0117 | Epoch Time: 0.27s | Spearman@80: 0.8571 | Kendall@80: 0.7091
Epoch 92/150 | Train Loss: 0.0148 | Epoch Time: 0.27s | Spearman@80: 0.8319 | Kendall@80: 0.6768
Epoch 93/150 | Train Loss: 0.0128 | Epoch Time: 0.27s | Spearman@80: 0.8448 | Kendall@80: 0.6891
Epoch 94/150 | Train Loss: 0.0081 | Epoch Time: 0.27s | Spearman@80: 0.8599 | Kendall@80: 0.7060
Epoch 95/150 | Train Loss: 0.0127 | Epoch Time: 0.27s | Spearman@80: 0.8568 | Kendall@80: 0.7028
Epoch 96/150 | Train Loss: 0.0113 | Epoch Time: 0.27s | Spearman@80: 0.8085 | Kendall@80: 0.6464
Epoch 97/150 | Train Loss: 0.0147 | Epoch Time: 0.27s | Spearman@80: 0.8533 | Kendall@80: 0.6979
Epoch 98/150 | Train Loss: 0.0131 | Epoch Time: 0.27s | Spearman@80: 0.8534 | Kendall@80: 0.7009
Epoch 99/150 | Train Loss: 0.0142 | Epoch Time: 0.27s | Spearman@80: 0.8578 | Kendall@80: 0.7074
Epoch 100/150 | Train Loss: 0.0115 | Epoch Time: 0.27s | Spearman@80: 0.8482 | Kendall@80: 0.7011
Epoch 101/150 | Train Loss: 0.0147 | Epoch Time: 0.27s | Spearman@80: 0.8502 | Kendall@80: 0.6965
Epoch 102/150 | Train Loss: 0.0089 | Epoch Time: 0.27s | Spearman@80: 0.8693 | Kendall@80: 0.7224
Epoch 103/150 | Train Loss: 0.0121 | Epoch Time: 0.27s | Spearman@80: 0.8704 | Kendall@80: 0.7233
Epoch 104/150 | Train Loss: 0.0074 | Epoch Time: 0.27s | Spearman@80: 0.8555 | Kendall@80: 0.7062
Epoch 105/150 | Train Loss: 0.0072 | Epoch Time: 0.27s | Spearman@80: 0.8490 | Kendall@80: 0.6979
Epoch 106/150 | Train Loss: 0.0088 | Epoch Time: 0.27s | Spearman@80: 0.8482 | Kendall@80: 0.6916
Epoch 107/150 | Train Loss: 0.0127 | Epoch Time: 0.27s | Spearman@80: 0.8590 | Kendall@80: 0.7119
Epoch 108/150 | Train Loss: 0.0067 | Epoch Time: 0.27s | Spearman@80: 0.8573 | Kendall@80: 0.7022
Epoch 109/150 | Train Loss: 0.0103 | Epoch Time: 0.27s | Spearman@80: 0.8580 | Kendall@80: 0.7049
Epoch 110/150 | Train Loss: 0.0106 | Epoch Time: 0.27s | Spearman@80: 0.8570 | Kendall@80: 0.7049
Epoch 111/150 | Train Loss: 0.0131 | Epoch Time: 0.27s | Spearman@80: 0.8266 | Kendall@80: 0.6656
Epoch 112/150 | Train Loss: 0.0107 | Epoch Time: 0.27s | Spearman@80: 0.8572 | Kendall@80: 0.7017
Epoch 113/150 | Train Loss: 0.0085 | Epoch Time: 0.27s | Spearman@80: 0.8793 | Kendall@80: 0.7385
Epoch 114/150 | Train Loss: 0.0060 | Epoch Time: 0.27s | Spearman@80: 0.8812 | Kendall@80: 0.7353
Epoch 115/150 | Train Loss: 0.0124 | Epoch Time: 0.27s | Spearman@80: 0.8702 | Kendall@80: 0.7195
Epoch 116/150 | Train Loss: 0.0107 | Epoch Time: 0.27s | Spearman@80: 0.8543 | Kendall@80: 0.7041
Epoch 117/150 | Train Loss: 0.0101 | Epoch Time: 0.27s | Spearman@80: 0.8518 | Kendall@80: 0.7011
Epoch 118/150 | Train Loss: 0.0065 | Epoch Time: 0.27s | Spearman@80: 0.8530 | Kendall@80: 0.7024
Epoch 119/150 | Train Loss: 0.0083 | Epoch Time: 0.27s | Spearman@80: 0.8561 | Kendall@80: 0.7074
Epoch 120/150 | Train Loss: 0.0064 | Epoch Time: 0.27s | Spearman@80: 0.8539 | Kendall@80: 0.7036
Epoch 121/150 | Train Loss: 0.0115 | Epoch Time: 0.27s | Spearman@80: 0.8486 | Kendall@80: 0.6941
Epoch 122/150 | Train Loss: 0.0099 | Epoch Time: 0.27s | Spearman@80: 0.8324 | Kendall@80: 0.6707
Epoch 123/150 | Train Loss: 0.0088 | Epoch Time: 0.27s | Spearman@80: 0.8264 | Kendall@80: 0.6643
Epoch 124/150 | Train Loss: 0.0105 | Epoch Time: 0.27s | Spearman@80: 0.8446 | Kendall@80: 0.6857
Epoch 125/150 | Train Loss: 0.0047 | Epoch Time: 0.27s | Spearman@80: 0.8552 | Kendall@80: 0.7024
Epoch 126/150 | Train Loss: 0.0072 | Epoch Time: 0.27s | Spearman@80: 0.8554 | Kendall@80: 0.7036
Epoch 127/150 | Train Loss: 0.0106 | Epoch Time: 0.27s | Spearman@80: 0.8562 | Kendall@80: 0.7047
Epoch 128/150 | Train Loss: 0.0108 | Epoch Time: 0.27s | Spearman@80: 0.8560 | Kendall@80: 0.7024
Epoch 129/150 | Train Loss: 0.0068 | Epoch Time: 0.27s | Spearman@80: 0.8502 | Kendall@80: 0.6960
Epoch 130/150 | Train Loss: 0.0090 | Epoch Time: 0.27s | Spearman@80: 0.8532 | Kendall@80: 0.7017
Epoch 131/150 | Train Loss: 0.0092 | Epoch Time: 0.27s | Spearman@80: 0.8522 | Kendall@80: 0.7015
Epoch 132/150 | Train Loss: 0.0070 | Epoch Time: 0.27s | Spearman@80: 0.8481 | Kendall@80: 0.6971
Epoch 133/150 | Train Loss: 0.0053 | Epoch Time: 0.27s | Spearman@80: 0.8477 | Kendall@80: 0.6967
Epoch 134/150 | Train Loss: 0.0071 | Epoch Time: 0.28s | Spearman@80: 0.8507 | Kendall@80: 0.6992
Epoch 135/150 | Train Loss: 0.0114 | Epoch Time: 0.27s | Spearman@80: 0.8505 | Kendall@80: 0.6992
Epoch 136/150 | Train Loss: 0.0077 | Epoch Time: 0.27s | Spearman@80: 0.8530 | Kendall@80: 0.7045
Epoch 137/150 | Train Loss: 0.0086 | Epoch Time: 0.27s | Spearman@80: 0.8515 | Kendall@80: 0.6973
Epoch 138/150 | Train Loss: 0.0078 | Epoch Time: 0.27s | Spearman@80: 0.8515 | Kendall@80: 0.6979
Epoch 139/150 | Train Loss: 0.0055 | Epoch Time: 0.27s | Spearman@80: 0.8514 | Kendall@80: 0.6973
Epoch 140/150 | Train Loss: 0.0037 | Epoch Time: 0.27s | Spearman@80: 0.8516 | Kendall@80: 0.6975
Epoch 141/150 | Train Loss: 0.0101 | Epoch Time: 0.27s | Spearman@80: 0.8516 | Kendall@80: 0.6979
Epoch 142/150 | Train Loss: 0.0121 | Epoch Time: 0.28s | Spearman@80: 0.8496 | Kendall@80: 0.6967
Epoch 143/150 | Train Loss: 0.0076 | Epoch Time: 0.27s | Spearman@80: 0.8500 | Kendall@80: 0.6967
Epoch 144/150 | Train Loss: 0.0107 | Epoch Time: 0.27s | Spearman@80: 0.8506 | Kendall@80: 0.6960
Epoch 145/150 | Train Loss: 0.0053 | Epoch Time: 0.27s | Spearman@80: 0.8501 | Kendall@80: 0.6973
Epoch 146/150 | Train Loss: 0.0102 | Epoch Time: 0.27s | Spearman@80: 0.8500 | Kendall@80: 0.6965
Epoch 147/150 | Train Loss: 0.0072 | Epoch Time: 1.47s | Spearman@15560: 0.9108 | Kendall@15560: 0.7643
Epoch 148/150 | Train Loss: 0.0089 | Epoch Time: 1.29s | Spearman@15560: 0.9108 | Kendall@15560: 0.7644
Epoch 149/150 | Train Loss: 0.0079 | Epoch Time: 1.30s | Spearman@15560: 0.9108 | Kendall@15560: 0.7643
Epoch 150/150 | Train Loss: 0.0104 | Epoch Time: 1.31s | Spearman@15560: 0.9108 | Kendall@15560: 0.7640
Sample Count: 64, Spearman: 0.910796577989849, Kendall: 0.7642818828098261
{64: (0.910796577989849, 0.7642818828098261),
 128: (0.919317855380537, 0.7675257077831141)}
Epoch 1/150 | Train Loss: 0.0897 | Epoch Time: 0.49s | Spearman@80: 0.5688 | Kendall@80: 0.3954
Epoch 2/150 | Train Loss: 0.0551 | Epoch Time: 0.49s | Spearman@80: 0.8438 | Kendall@80: 0.6599
Epoch 3/150 | Train Loss: 0.0501 | Epoch Time: 0.49s | Spearman@80: 0.8585 | Kendall@80: 0.6694
Epoch 4/150 | Train Loss: 0.0377 | Epoch Time: 0.54s | Spearman@80: 0.8807 | Kendall@80: 0.6954
Epoch 5/150 | Train Loss: 0.0386 | Epoch Time: 0.55s | Spearman@80: 0.9070 | Kendall@80: 0.7495
Epoch 6/150 | Train Loss: 0.0345 | Epoch Time: 0.53s | Spearman@80: 0.8977 | Kendall@80: 0.7404
Epoch 7/150 | Train Loss: 0.0320 | Epoch Time: 0.54s | Spearman@80: 0.9124 | Kendall@80: 0.7531
Epoch 8/150 | Train Loss: 0.0403 | Epoch Time: 0.55s | Spearman@80: 0.9057 | Kendall@80: 0.7362
Epoch 9/150 | Train Loss: 0.0322 | Epoch Time: 0.54s | Spearman@80: 0.8799 | Kendall@80: 0.7083
Epoch 10/150 | Train Loss: 0.0344 | Epoch Time: 0.55s | Spearman@80: 0.9086 | Kendall@80: 0.7438
Epoch 11/150 | Train Loss: 0.0313 | Epoch Time: 0.54s | Spearman@80: 0.9123 | Kendall@80: 0.7563
Epoch 12/150 | Train Loss: 0.0281 | Epoch Time: 0.55s | Spearman@80: 0.9121 | Kendall@80: 0.7584
Epoch 13/150 | Train Loss: 0.0315 | Epoch Time: 0.54s | Spearman@80: 0.9083 | Kendall@80: 0.7491
Epoch 14/150 | Train Loss: 0.0354 | Epoch Time: 0.55s | Spearman@80: 0.9121 | Kendall@80: 0.7618
Epoch 15/150 | Train Loss: 0.0282 | Epoch Time: 0.54s | Spearman@80: 0.9105 | Kendall@80: 0.7519
Epoch 16/150 | Train Loss: 0.0242 | Epoch Time: 0.55s | Spearman@80: 0.9190 | Kendall@80: 0.7652
Epoch 17/150 | Train Loss: 0.0288 | Epoch Time: 0.54s | Spearman@80: 0.9047 | Kendall@80: 0.7296
Epoch 18/150 | Train Loss: 0.0275 | Epoch Time: 0.54s | Spearman@80: 0.9148 | Kendall@80: 0.7601
Epoch 19/150 | Train Loss: 0.0297 | Epoch Time: 0.54s | Spearman@80: 0.9024 | Kendall@80: 0.7362
Epoch 20/150 | Train Loss: 0.0267 | Epoch Time: 0.55s | Spearman@80: 0.9109 | Kendall@80: 0.7462
Epoch 21/150 | Train Loss: 0.0253 | Epoch Time: 0.54s | Spearman@80: 0.9306 | Kendall@80: 0.7829
Epoch 22/150 | Train Loss: 0.0283 | Epoch Time: 0.54s | Spearman@80: 0.9088 | Kendall@80: 0.7343
Epoch 23/150 | Train Loss: 0.0279 | Epoch Time: 0.54s | Spearman@80: 0.9068 | Kendall@80: 0.7512
Epoch 24/150 | Train Loss: 0.0259 | Epoch Time: 0.54s | Spearman@80: 0.9273 | Kendall@80: 0.7819
Epoch 25/150 | Train Loss: 0.0205 | Epoch Time: 0.54s | Spearman@80: 0.8866 | Kendall@80: 0.7345
Epoch 26/150 | Train Loss: 0.0310 | Epoch Time: 0.55s | Spearman@80: 0.8890 | Kendall@80: 0.7157
Epoch 27/150 | Train Loss: 0.0327 | Epoch Time: 0.54s | Spearman@80: 0.9157 | Kendall@80: 0.7552
Epoch 28/150 | Train Loss: 0.0260 | Epoch Time: 0.54s | Spearman@80: 0.9112 | Kendall@80: 0.7466
Epoch 29/150 | Train Loss: 0.0268 | Epoch Time: 0.54s | Spearman@80: 0.9223 | Kendall@80: 0.7728
Epoch 30/150 | Train Loss: 0.0281 | Epoch Time: 0.54s | Spearman@80: 0.9187 | Kendall@80: 0.7626
Epoch 31/150 | Train Loss: 0.0265 | Epoch Time: 0.54s | Spearman@80: 0.9208 | Kendall@80: 0.7673
Epoch 32/150 | Train Loss: 0.0283 | Epoch Time: 0.54s | Spearman@80: 0.9156 | Kendall@80: 0.7580
Epoch 33/150 | Train Loss: 0.0286 | Epoch Time: 0.54s | Spearman@80: 0.9151 | Kendall@80: 0.7595
Epoch 34/150 | Train Loss: 0.0298 | Epoch Time: 0.55s | Spearman@80: 0.9003 | Kendall@80: 0.7332
Epoch 35/150 | Train Loss: 0.0262 | Epoch Time: 0.54s | Spearman@80: 0.9093 | Kendall@80: 0.7472
Epoch 36/150 | Train Loss: 0.0237 | Epoch Time: 0.55s | Spearman@80: 0.9141 | Kendall@80: 0.7645
Epoch 37/150 | Train Loss: 0.0197 | Epoch Time: 0.54s | Spearman@80: 0.8972 | Kendall@80: 0.7533
Epoch 38/150 | Train Loss: 0.0290 | Epoch Time: 0.54s | Spearman@80: 0.9180 | Kendall@80: 0.7554
Epoch 39/150 | Train Loss: 0.0314 | Epoch Time: 0.54s | Spearman@80: 0.9292 | Kendall@80: 0.7823
Epoch 40/150 | Train Loss: 0.0310 | Epoch Time: 0.54s | Spearman@80: 0.9271 | Kendall@80: 0.7776
Epoch 41/150 | Train Loss: 0.0235 | Epoch Time: 0.54s | Spearman@80: 0.9229 | Kendall@80: 0.7626
Epoch 42/150 | Train Loss: 0.0202 | Epoch Time: 0.55s | Spearman@80: 0.9185 | Kendall@80: 0.7708
Epoch 43/150 | Train Loss: 0.0249 | Epoch Time: 0.54s | Spearman@80: 0.9035 | Kendall@80: 0.7455
Epoch 44/150 | Train Loss: 0.0258 | Epoch Time: 0.54s | Spearman@80: 0.9098 | Kendall@80: 0.7508
Epoch 45/150 | Train Loss: 0.0248 | Epoch Time: 0.54s | Spearman@80: 0.9003 | Kendall@80: 0.7351
Epoch 46/150 | Train Loss: 0.0394 | Epoch Time: 0.54s | Spearman@80: 0.9280 | Kendall@80: 0.7753
Epoch 47/150 | Train Loss: 0.0264 | Epoch Time: 0.54s | Spearman@80: 0.9186 | Kendall@80: 0.7597
Epoch 48/150 | Train Loss: 0.0268 | Epoch Time: 0.55s | Spearman@80: 0.9127 | Kendall@80: 0.7548
Epoch 49/150 | Train Loss: 0.0287 | Epoch Time: 0.54s | Spearman@80: 0.9276 | Kendall@80: 0.7810
Epoch 50/150 | Train Loss: 0.0237 | Epoch Time: 0.55s | Spearman@80: 0.9215 | Kendall@80: 0.7668
Epoch 51/150 | Train Loss: 0.0220 | Epoch Time: 0.54s | Spearman@80: 0.9088 | Kendall@80: 0.7548
Epoch 52/150 | Train Loss: 0.0250 | Epoch Time: 0.54s | Spearman@80: 0.9051 | Kendall@80: 0.7307
Epoch 53/150 | Train Loss: 0.0292 | Epoch Time: 0.54s | Spearman@80: 0.9134 | Kendall@80: 0.7603
Epoch 54/150 | Train Loss: 0.0258 | Epoch Time: 0.54s | Spearman@80: 0.9195 | Kendall@80: 0.7685
Epoch 55/150 | Train Loss: 0.0218 | Epoch Time: 0.53s | Spearman@80: 0.8963 | Kendall@80: 0.7379
Epoch 56/150 | Train Loss: 0.0237 | Epoch Time: 0.54s | Spearman@80: 0.9177 | Kendall@80: 0.7616
Epoch 57/150 | Train Loss: 0.0271 | Epoch Time: 0.54s | Spearman@80: 0.9237 | Kendall@80: 0.7755
Epoch 58/150 | Train Loss: 0.0233 | Epoch Time: 0.54s | Spearman@80: 0.9254 | Kendall@80: 0.7753
Epoch 59/150 | Train Loss: 0.0224 | Epoch Time: 0.53s | Spearman@80: 0.9153 | Kendall@80: 0.7607
Epoch 60/150 | Train Loss: 0.0204 | Epoch Time: 0.53s | Spearman@80: 0.9142 | Kendall@80: 0.7622
Epoch 61/150 | Train Loss: 0.0234 | Epoch Time: 0.53s | Spearman@80: 0.9155 | Kendall@80: 0.7622
Epoch 62/150 | Train Loss: 0.0189 | Epoch Time: 0.53s | Spearman@80: 0.9271 | Kendall@80: 0.7800
Epoch 63/150 | Train Loss: 0.0210 | Epoch Time: 0.54s | Spearman@80: 0.9249 | Kendall@80: 0.7831
Epoch 64/150 | Train Loss: 0.0244 | Epoch Time: 0.54s | Spearman@80: 0.9090 | Kendall@80: 0.7508
Epoch 65/150 | Train Loss: 0.0254 | Epoch Time: 0.54s | Spearman@80: 0.9234 | Kendall@80: 0.7808
Epoch 66/150 | Train Loss: 0.0196 | Epoch Time: 0.54s | Spearman@80: 0.9327 | Kendall@80: 0.7989
Epoch 67/150 | Train Loss: 0.0171 | Epoch Time: 0.53s | Spearman@80: 0.9273 | Kendall@80: 0.7833
Epoch 68/150 | Train Loss: 0.0181 | Epoch Time: 0.54s | Spearman@80: 0.9084 | Kendall@80: 0.7592
Epoch 69/150 | Train Loss: 0.0173 | Epoch Time: 0.54s | Spearman@80: 0.9227 | Kendall@80: 0.7749
Epoch 70/150 | Train Loss: 0.0222 | Epoch Time: 0.53s | Spearman@80: 0.9173 | Kendall@80: 0.7622
Epoch 71/150 | Train Loss: 0.0235 | Epoch Time: 0.54s | Spearman@80: 0.9186 | Kendall@80: 0.7660
Epoch 72/150 | Train Loss: 0.0233 | Epoch Time: 0.53s | Spearman@80: 0.9212 | Kendall@80: 0.7681
Epoch 73/150 | Train Loss: 0.0223 | Epoch Time: 0.53s | Spearman@80: 0.9350 | Kendall@80: 0.7958
Epoch 74/150 | Train Loss: 0.0229 | Epoch Time: 0.54s | Spearman@80: 0.9360 | Kendall@80: 0.7963
Epoch 75/150 | Train Loss: 0.0215 | Epoch Time: 0.53s | Spearman@80: 0.9282 | Kendall@80: 0.7916
Epoch 76/150 | Train Loss: 0.0175 | Epoch Time: 0.54s | Spearman@80: 0.9358 | Kendall@80: 0.7958
Epoch 77/150 | Train Loss: 0.0221 | Epoch Time: 0.53s | Spearman@80: 0.9376 | Kendall@80: 0.8013
Epoch 78/150 | Train Loss: 0.0172 | Epoch Time: 0.53s | Spearman@80: 0.9377 | Kendall@80: 0.8004
Epoch 79/150 | Train Loss: 0.0206 | Epoch Time: 0.54s | Spearman@80: 0.9341 | Kendall@80: 0.7905
Epoch 80/150 | Train Loss: 0.0183 | Epoch Time: 0.53s | Spearman@80: 0.9376 | Kendall@80: 0.7963
Epoch 81/150 | Train Loss: 0.0178 | Epoch Time: 0.54s | Spearman@80: 0.9373 | Kendall@80: 0.7965
Epoch 82/150 | Train Loss: 0.0160 | Epoch Time: 0.54s | Spearman@80: 0.9325 | Kendall@80: 0.7880
Epoch 83/150 | Train Loss: 0.0228 | Epoch Time: 0.53s | Spearman@80: 0.9349 | Kendall@80: 0.7945
Epoch 84/150 | Train Loss: 0.0195 | Epoch Time: 0.53s | Spearman@80: 0.9428 | Kendall@80: 0.8081
Epoch 85/150 | Train Loss: 0.0241 | Epoch Time: 0.54s | Spearman@80: 0.9332 | Kendall@80: 0.7950
Epoch 86/150 | Train Loss: 0.0215 | Epoch Time: 0.54s | Spearman@80: 0.9415 | Kendall@80: 0.8049
Epoch 87/150 | Train Loss: 0.0139 | Epoch Time: 0.54s | Spearman@80: 0.9417 | Kendall@80: 0.8059
Epoch 88/150 | Train Loss: 0.0152 | Epoch Time: 0.53s | Spearman@80: 0.9326 | Kendall@80: 0.7926
Epoch 89/150 | Train Loss: 0.0165 | Epoch Time: 0.54s | Spearman@80: 0.9348 | Kendall@80: 0.7990
Epoch 90/150 | Train Loss: 0.0199 | Epoch Time: 0.53s | Spearman@80: 0.9353 | Kendall@80: 0.7996
Epoch 91/150 | Train Loss: 0.0193 | Epoch Time: 0.54s | Spearman@80: 0.9318 | Kendall@80: 0.7874
Epoch 92/150 | Train Loss: 0.0137 | Epoch Time: 0.53s | Spearman@80: 0.9260 | Kendall@80: 0.7855
Epoch 93/150 | Train Loss: 0.0166 | Epoch Time: 0.54s | Spearman@80: 0.9263 | Kendall@80: 0.7825
Epoch 94/150 | Train Loss: 0.0194 | Epoch Time: 0.53s | Spearman@80: 0.9316 | Kendall@80: 0.7899
Epoch 95/150 | Train Loss: 0.0159 | Epoch Time: 0.54s | Spearman@80: 0.9322 | Kendall@80: 0.7937
Epoch 96/150 | Train Loss: 0.0186 | Epoch Time: 0.53s | Spearman@80: 0.9196 | Kendall@80: 0.7711
Epoch 97/150 | Train Loss: 0.0160 | Epoch Time: 0.53s | Spearman@80: 0.9348 | Kendall@80: 0.7925
Epoch 98/150 | Train Loss: 0.0189 | Epoch Time: 0.54s | Spearman@80: 0.9275 | Kendall@80: 0.7890
Epoch 99/150 | Train Loss: 0.0192 | Epoch Time: 0.53s | Spearman@80: 0.9313 | Kendall@80: 0.7884
Epoch 100/150 | Train Loss: 0.0188 | Epoch Time: 0.54s | Spearman@80: 0.9234 | Kendall@80: 0.7876
Epoch 101/150 | Train Loss: 0.0193 | Epoch Time: 0.53s | Spearman@80: 0.9329 | Kendall@80: 0.7949
Epoch 102/150 | Train Loss: 0.0126 | Epoch Time: 0.54s | Spearman@80: 0.9376 | Kendall@80: 0.7966
Epoch 103/150 | Train Loss: 0.0125 | Epoch Time: 0.53s | Spearman@80: 0.9393 | Kendall@80: 0.7990
Epoch 104/150 | Train Loss: 0.0133 | Epoch Time: 0.53s | Spearman@80: 0.9364 | Kendall@80: 0.7956
Epoch 105/150 | Train Loss: 0.0163 | Epoch Time: 0.54s | Spearman@80: 0.9377 | Kendall@80: 0.7998
Epoch 106/150 | Train Loss: 0.0160 | Epoch Time: 0.53s | Spearman@80: 0.9385 | Kendall@80: 0.7965
Epoch 107/150 | Train Loss: 0.0127 | Epoch Time: 0.54s | Spearman@80: 0.9337 | Kendall@80: 0.7907
Epoch 108/150 | Train Loss: 0.0118 | Epoch Time: 0.53s | Spearman@80: 0.9356 | Kendall@80: 0.7988
Epoch 109/150 | Train Loss: 0.0164 | Epoch Time: 0.54s | Spearman@80: 0.9318 | Kendall@80: 0.7950
Epoch 110/150 | Train Loss: 0.0150 | Epoch Time: 0.54s | Spearman@80: 0.9305 | Kendall@80: 0.7861
Epoch 111/150 | Train Loss: 0.0146 | Epoch Time: 0.54s | Spearman@80: 0.9328 | Kendall@80: 0.7931
Epoch 112/150 | Train Loss: 0.0174 | Epoch Time: 0.54s | Spearman@80: 0.9347 | Kendall@80: 0.7971
Epoch 113/150 | Train Loss: 0.0148 | Epoch Time: 0.53s | Spearman@80: 0.9350 | Kendall@80: 0.7968
Epoch 114/150 | Train Loss: 0.0112 | Epoch Time: 0.54s | Spearman@80: 0.9384 | Kendall@80: 0.8017
Epoch 115/150 | Train Loss: 0.0184 | Epoch Time: 0.54s | Spearman@80: 0.9388 | Kendall@80: 0.8028
Epoch 116/150 | Train Loss: 0.0150 | Epoch Time: 0.54s | Spearman@80: 0.9368 | Kendall@80: 0.8007
Epoch 117/150 | Train Loss: 0.0138 | Epoch Time: 0.53s | Spearman@80: 0.9360 | Kendall@80: 0.7983
Epoch 118/150 | Train Loss: 0.0175 | Epoch Time: 0.53s | Spearman@80: 0.9336 | Kendall@80: 0.7906
Epoch 119/150 | Train Loss: 0.0148 | Epoch Time: 0.53s | Spearman@80: 0.9331 | Kendall@80: 0.7920
Epoch 120/150 | Train Loss: 0.0168 | Epoch Time: 0.54s | Spearman@80: 0.9388 | Kendall@80: 0.7985
Epoch 121/150 | Train Loss: 0.0171 | Epoch Time: 0.53s | Spearman@80: 0.9391 | Kendall@80: 0.8041
Epoch 122/150 | Train Loss: 0.0134 | Epoch Time: 0.54s | Spearman@80: 0.9401 | Kendall@80: 0.8034
Epoch 123/150 | Train Loss: 0.0134 | Epoch Time: 0.54s | Spearman@80: 0.9384 | Kendall@80: 0.8026
Epoch 124/150 | Train Loss: 0.0137 | Epoch Time: 0.53s | Spearman@80: 0.9375 | Kendall@80: 0.8028
Epoch 125/150 | Train Loss: 0.0157 | Epoch Time: 0.54s | Spearman@80: 0.9406 | Kendall@80: 0.8070
Epoch 126/150 | Train Loss: 0.0150 | Epoch Time: 0.54s | Spearman@80: 0.9379 | Kendall@80: 0.8013
Epoch 127/150 | Train Loss: 0.0138 | Epoch Time: 0.54s | Spearman@80: 0.9401 | Kendall@80: 0.8019
Epoch 128/150 | Train Loss: 0.0125 | Epoch Time: 0.54s | Spearman@80: 0.9412 | Kendall@80: 0.8064
Epoch 129/150 | Train Loss: 0.0131 | Epoch Time: 0.54s | Spearman@80: 0.9412 | Kendall@80: 0.8053
Epoch 130/150 | Train Loss: 0.0146 | Epoch Time: 0.54s | Spearman@80: 0.9371 | Kendall@80: 0.7998
Epoch 131/150 | Train Loss: 0.0144 | Epoch Time: 0.54s | Spearman@80: 0.9433 | Kendall@80: 0.8104
Epoch 132/150 | Train Loss: 0.0149 | Epoch Time: 0.54s | Spearman@80: 0.9424 | Kendall@80: 0.8066
Epoch 133/150 | Train Loss: 0.0164 | Epoch Time: 0.54s | Spearman@80: 0.9392 | Kendall@80: 0.8045
Epoch 134/150 | Train Loss: 0.0141 | Epoch Time: 0.53s | Spearman@80: 0.9404 | Kendall@80: 0.8060
Epoch 135/150 | Train Loss: 0.0141 | Epoch Time: 0.54s | Spearman@80: 0.9385 | Kendall@80: 0.8000
Epoch 136/150 | Train Loss: 0.0120 | Epoch Time: 0.54s | Spearman@80: 0.9382 | Kendall@80: 0.8039
Epoch 137/150 | Train Loss: 0.0138 | Epoch Time: 0.53s | Spearman@80: 0.9371 | Kendall@80: 0.8006
Epoch 138/150 | Train Loss: 0.0151 | Epoch Time: 0.54s | Spearman@80: 0.9363 | Kendall@80: 0.8009
Epoch 139/150 | Train Loss: 0.0114 | Epoch Time: 0.53s | Spearman@80: 0.9369 | Kendall@80: 0.8015
Epoch 140/150 | Train Loss: 0.0124 | Epoch Time: 0.54s | Spearman@80: 0.9354 | Kendall@80: 0.7990
Epoch 141/150 | Train Loss: 0.0126 | Epoch Time: 0.53s | Spearman@80: 0.9360 | Kendall@80: 0.7994
Epoch 142/150 | Train Loss: 0.0142 | Epoch Time: 0.54s | Spearman@80: 0.9361 | Kendall@80: 0.7996
Epoch 143/150 | Train Loss: 0.0108 | Epoch Time: 0.54s | Spearman@80: 0.9353 | Kendall@80: 0.8009
Epoch 144/150 | Train Loss: 0.0144 | Epoch Time: 0.54s | Spearman@80: 0.9356 | Kendall@80: 0.8007
Epoch 145/150 | Train Loss: 0.0122 | Epoch Time: 0.53s | Spearman@80: 0.9360 | Kendall@80: 0.8003
Epoch 146/150 | Train Loss: 0.0139 | Epoch Time: 0.54s | Spearman@80: 0.9366 | Kendall@80: 0.8013
Epoch 147/150 | Train Loss: 0.0157 | Epoch Time: 1.80s | Spearman@15496: 0.9371 | Kendall@15496: 0.7995
Epoch 148/150 | Train Loss: 0.0126 | Epoch Time: 1.58s | Spearman@15496: 0.9371 | Kendall@15496: 0.7995
Epoch 149/150 | Train Loss: 0.0152 | Epoch Time: 1.58s | Spearman@15496: 0.9371 | Kendall@15496: 0.7996
Epoch 150/150 | Train Loss: 0.0128 | Epoch Time: 1.57s | Spearman@15496: 0.9371 | Kendall@15496: 0.7995
Sample Count: 128, Spearman: 0.9371316067998308, Kendall: 0.7995045756049975
{64: (0.910796577989849, 0.7642818828098261),
 128: (0.9371316067998308, 0.7995045756049975)}
Epoch 1/150 | Train Loss: 0.1013 | Epoch Time: 0.25s | Spearman@80: 0.3270 | Kendall@80: 0.2271
Epoch 2/150 | Train Loss: 0.0911 | Epoch Time: 0.24s | Spearman@80: 0.3067 | Kendall@80: 0.2122
Epoch 3/150 | Train Loss: 0.0806 | Epoch Time: 0.24s | Spearman@80: 0.3807 | Kendall@80: 0.2712
Epoch 4/150 | Train Loss: 0.0799 | Epoch Time: 0.24s | Spearman@80: 0.6587 | Kendall@80: 0.4831
Epoch 5/150 | Train Loss: 0.0577 | Epoch Time: 0.25s | Spearman@80: 0.7835 | Kendall@80: 0.5998
Epoch 6/150 | Train Loss: 0.0380 | Epoch Time: 0.27s | Spearman@80: 0.8372 | Kendall@80: 0.6506
Epoch 7/150 | Train Loss: 0.0263 | Epoch Time: 0.27s | Spearman@80: 0.8527 | Kendall@80: 0.6610
Epoch 8/150 | Train Loss: 0.0292 | Epoch Time: 0.27s | Spearman@80: 0.8680 | Kendall@80: 0.6836
Epoch 9/150 | Train Loss: 0.0311 | Epoch Time: 0.27s | Spearman@80: 0.8783 | Kendall@80: 0.7026
Epoch 10/150 | Train Loss: 0.0288 | Epoch Time: 0.27s | Spearman@80: 0.8856 | Kendall@80: 0.7092
Epoch 11/150 | Train Loss: 0.0279 | Epoch Time: 0.27s | Spearman@80: 0.8421 | Kendall@80: 0.6652
Epoch 12/150 | Train Loss: 0.0377 | Epoch Time: 0.26s | Spearman@80: 0.8760 | Kendall@80: 0.6971
Epoch 13/150 | Train Loss: 0.0366 | Epoch Time: 0.27s | Spearman@80: 0.8403 | Kendall@80: 0.6540
Epoch 14/150 | Train Loss: 0.0295 | Epoch Time: 0.27s | Spearman@80: 0.8947 | Kendall@80: 0.7274
Epoch 15/150 | Train Loss: 0.0353 | Epoch Time: 0.27s | Spearman@80: 0.8904 | Kendall@80: 0.7255
Epoch 16/150 | Train Loss: 0.0233 | Epoch Time: 0.27s | Spearman@80: 0.9034 | Kendall@80: 0.7409
Epoch 17/150 | Train Loss: 0.0314 | Epoch Time: 0.27s | Spearman@80: 0.8974 | Kendall@80: 0.7314
Epoch 18/150 | Train Loss: 0.0309 | Epoch Time: 0.27s | Spearman@80: 0.8548 | Kendall@80: 0.6658
Epoch 19/150 | Train Loss: 0.0295 | Epoch Time: 0.27s | Spearman@80: 0.9005 | Kendall@80: 0.7451
Epoch 20/150 | Train Loss: 0.0184 | Epoch Time: 0.27s | Spearman@80: 0.8894 | Kendall@80: 0.7263
Epoch 21/150 | Train Loss: 0.0248 | Epoch Time: 0.27s | Spearman@80: 0.9037 | Kendall@80: 0.7445
Epoch 22/150 | Train Loss: 0.0199 | Epoch Time: 0.27s | Spearman@80: 0.8890 | Kendall@80: 0.7257
Epoch 23/150 | Train Loss: 0.0236 | Epoch Time: 0.27s | Spearman@80: 0.8972 | Kendall@80: 0.7350
Epoch 24/150 | Train Loss: 0.0295 | Epoch Time: 0.27s | Spearman@80: 0.8976 | Kendall@80: 0.7307
Epoch 25/150 | Train Loss: 0.0320 | Epoch Time: 0.27s | Spearman@80: 0.8844 | Kendall@80: 0.7058
Epoch 26/150 | Train Loss: 0.0250 | Epoch Time: 0.27s | Spearman@80: 0.8694 | Kendall@80: 0.6994
Epoch 27/150 | Train Loss: 0.0284 | Epoch Time: 0.27s | Spearman@80: 0.8896 | Kendall@80: 0.7197
Epoch 28/150 | Train Loss: 0.0250 | Epoch Time: 0.27s | Spearman@80: 0.8913 | Kendall@80: 0.7261
Epoch 29/150 | Train Loss: 0.0276 | Epoch Time: 0.27s | Spearman@80: 0.8850 | Kendall@80: 0.7128
Epoch 30/150 | Train Loss: 0.0241 | Epoch Time: 0.27s | Spearman@80: 0.9060 | Kendall@80: 0.7567
Epoch 31/150 | Train Loss: 0.0205 | Epoch Time: 0.27s | Spearman@80: 0.8986 | Kendall@80: 0.7426
Epoch 32/150 | Train Loss: 0.0220 | Epoch Time: 0.27s | Spearman@80: 0.8944 | Kendall@80: 0.7286
Epoch 33/150 | Train Loss: 0.0259 | Epoch Time: 0.27s | Spearman@80: 0.8958 | Kendall@80: 0.7282
Epoch 34/150 | Train Loss: 0.0239 | Epoch Time: 0.27s | Spearman@80: 0.8981 | Kendall@80: 0.7377
Epoch 35/150 | Train Loss: 0.0225 | Epoch Time: 0.27s | Spearman@80: 0.9053 | Kendall@80: 0.7559
Epoch 36/150 | Train Loss: 0.0215 | Epoch Time: 0.27s | Spearman@80: 0.9070 | Kendall@80: 0.7604
Epoch 37/150 | Train Loss: 0.0179 | Epoch Time: 0.27s | Spearman@80: 0.8952 | Kendall@80: 0.7345
Epoch 38/150 | Train Loss: 0.0242 | Epoch Time: 0.27s | Spearman@80: 0.8987 | Kendall@80: 0.7422
Epoch 39/150 | Train Loss: 0.0316 | Epoch Time: 0.27s | Spearman@80: 0.8936 | Kendall@80: 0.7324
Epoch 40/150 | Train Loss: 0.0251 | Epoch Time: 0.27s | Spearman@80: 0.8781 | Kendall@80: 0.7085
Epoch 41/150 | Train Loss: 0.0272 | Epoch Time: 0.27s | Spearman@80: 0.8876 | Kendall@80: 0.7185
Epoch 42/150 | Train Loss: 0.0269 | Epoch Time: 0.26s | Spearman@80: 0.9071 | Kendall@80: 0.7534
Epoch 43/150 | Train Loss: 0.0248 | Epoch Time: 0.27s | Spearman@80: 0.8941 | Kendall@80: 0.7337
Epoch 44/150 | Train Loss: 0.0180 | Epoch Time: 0.27s | Spearman@80: 0.8963 | Kendall@80: 0.7356
Epoch 45/150 | Train Loss: 0.0121 | Epoch Time: 0.27s | Spearman@80: 0.9025 | Kendall@80: 0.7394
Epoch 46/150 | Train Loss: 0.0292 | Epoch Time: 0.27s | Spearman@80: 0.9112 | Kendall@80: 0.7561
Epoch 47/150 | Train Loss: 0.0171 | Epoch Time: 0.27s | Spearman@80: 0.9015 | Kendall@80: 0.7428
Epoch 48/150 | Train Loss: 0.0244 | Epoch Time: 0.27s | Spearman@80: 0.9023 | Kendall@80: 0.7394
Epoch 49/150 | Train Loss: 0.0232 | Epoch Time: 0.27s | Spearman@80: 0.9084 | Kendall@80: 0.7540
Epoch 50/150 | Train Loss: 0.0224 | Epoch Time: 0.27s | Spearman@80: 0.9011 | Kendall@80: 0.7422
Epoch 51/150 | Train Loss: 0.0191 | Epoch Time: 0.27s | Spearman@80: 0.9045 | Kendall@80: 0.7508
Epoch 52/150 | Train Loss: 0.0191 | Epoch Time: 0.27s | Spearman@80: 0.8960 | Kendall@80: 0.7295
Epoch 53/150 | Train Loss: 0.0189 | Epoch Time: 0.27s | Spearman@80: 0.9028 | Kendall@80: 0.7426
Epoch 54/150 | Train Loss: 0.0277 | Epoch Time: 0.27s | Spearman@80: 0.9059 | Kendall@80: 0.7502
Epoch 55/150 | Train Loss: 0.0219 | Epoch Time: 0.27s | Spearman@80: 0.9142 | Kendall@80: 0.7644
Epoch 56/150 | Train Loss: 0.0200 | Epoch Time: 0.27s | Spearman@80: 0.9143 | Kendall@80: 0.7667
Epoch 57/150 | Train Loss: 0.0228 | Epoch Time: 0.27s | Spearman@80: 0.9116 | Kendall@80: 0.7593
Epoch 58/150 | Train Loss: 0.0155 | Epoch Time: 0.27s | Spearman@80: 0.9045 | Kendall@80: 0.7491
Epoch 59/150 | Train Loss: 0.0211 | Epoch Time: 0.27s | Spearman@80: 0.9123 | Kendall@80: 0.7629
Epoch 60/150 | Train Loss: 0.0191 | Epoch Time: 0.27s | Spearman@80: 0.9065 | Kendall@80: 0.7483
Epoch 61/150 | Train Loss: 0.0155 | Epoch Time: 0.27s | Spearman@80: 0.9155 | Kendall@80: 0.7616
Epoch 62/150 | Train Loss: 0.0140 | Epoch Time: 0.27s | Spearman@80: 0.9211 | Kendall@80: 0.7743
Epoch 63/150 | Train Loss: 0.0184 | Epoch Time: 0.27s | Spearman@80: 0.9148 | Kendall@80: 0.7642
Epoch 64/150 | Train Loss: 0.0148 | Epoch Time: 0.27s | Spearman@80: 0.9091 | Kendall@80: 0.7521
Epoch 65/150 | Train Loss: 0.0230 | Epoch Time: 0.27s | Spearman@80: 0.9143 | Kendall@80: 0.7616
Epoch 66/150 | Train Loss: 0.0177 | Epoch Time: 0.27s | Spearman@80: 0.9104 | Kendall@80: 0.7599
Epoch 67/150 | Train Loss: 0.0118 | Epoch Time: 0.27s | Spearman@80: 0.9082 | Kendall@80: 0.7616
Epoch 68/150 | Train Loss: 0.0204 | Epoch Time: 0.27s | Spearman@80: 0.9075 | Kendall@80: 0.7610
Epoch 69/150 | Train Loss: 0.0202 | Epoch Time: 0.27s | Spearman@80: 0.9098 | Kendall@80: 0.7618
Epoch 70/150 | Train Loss: 0.0206 | Epoch Time: 0.27s | Spearman@80: 0.9163 | Kendall@80: 0.7762
Epoch 71/150 | Train Loss: 0.0178 | Epoch Time: 0.27s | Spearman@80: 0.9092 | Kendall@80: 0.7559
Epoch 72/150 | Train Loss: 0.0113 | Epoch Time: 0.27s | Spearman@80: 0.9176 | Kendall@80: 0.7680
Epoch 73/150 | Train Loss: 0.0176 | Epoch Time: 0.27s | Spearman@80: 0.9175 | Kendall@80: 0.7749
Epoch 74/150 | Train Loss: 0.0176 | Epoch Time: 0.27s | Spearman@80: 0.9140 | Kendall@80: 0.7661
Epoch 75/150 | Train Loss: 0.0148 | Epoch Time: 0.27s | Spearman@80: 0.9209 | Kendall@80: 0.7826
Epoch 76/150 | Train Loss: 0.0136 | Epoch Time: 0.27s | Spearman@80: 0.9068 | Kendall@80: 0.7510
Epoch 77/150 | Train Loss: 0.0200 | Epoch Time: 0.27s | Spearman@80: 0.9142 | Kendall@80: 0.7648
Epoch 78/150 | Train Loss: 0.0180 | Epoch Time: 0.27s | Spearman@80: 0.9174 | Kendall@80: 0.7692
Epoch 79/150 | Train Loss: 0.0206 | Epoch Time: 0.27s | Spearman@80: 0.9211 | Kendall@80: 0.7764
Epoch 80/150 | Train Loss: 0.0212 | Epoch Time: 0.27s | Spearman@80: 0.9174 | Kendall@80: 0.7692
Epoch 81/150 | Train Loss: 0.0173 | Epoch Time: 0.28s | Spearman@80: 0.9267 | Kendall@80: 0.7853
Epoch 82/150 | Train Loss: 0.0158 | Epoch Time: 0.27s | Spearman@80: 0.9236 | Kendall@80: 0.7813
Epoch 83/150 | Train Loss: 0.0148 | Epoch Time: 0.27s | Spearman@80: 0.9227 | Kendall@80: 0.7787
Epoch 84/150 | Train Loss: 0.0141 | Epoch Time: 0.27s | Spearman@80: 0.9221 | Kendall@80: 0.7739
Epoch 85/150 | Train Loss: 0.0168 | Epoch Time: 0.27s | Spearman@80: 0.9253 | Kendall@80: 0.7847
Epoch 86/150 | Train Loss: 0.0182 | Epoch Time: 0.27s | Spearman@80: 0.9248 | Kendall@80: 0.7864
Epoch 87/150 | Train Loss: 0.0138 | Epoch Time: 0.27s | Spearman@80: 0.9209 | Kendall@80: 0.7737
Epoch 88/150 | Train Loss: 0.0161 | Epoch Time: 0.27s | Spearman@80: 0.9237 | Kendall@80: 0.7845
Epoch 89/150 | Train Loss: 0.0166 | Epoch Time: 0.27s | Spearman@80: 0.9283 | Kendall@80: 0.7916
Epoch 90/150 | Train Loss: 0.0252 | Epoch Time: 0.27s | Spearman@80: 0.9273 | Kendall@80: 0.7851
Epoch 91/150 | Train Loss: 0.0183 | Epoch Time: 0.27s | Spearman@80: 0.9332 | Kendall@80: 0.7973
Epoch 92/150 | Train Loss: 0.0152 | Epoch Time: 0.26s | Spearman@80: 0.9259 | Kendall@80: 0.7870
Epoch 93/150 | Train Loss: 0.0113 | Epoch Time: 0.27s | Spearman@80: 0.9281 | Kendall@80: 0.7891
Epoch 94/150 | Train Loss: 0.0160 | Epoch Time: 0.27s | Spearman@80: 0.9145 | Kendall@80: 0.7612
Epoch 95/150 | Train Loss: 0.0152 | Epoch Time: 0.27s | Spearman@80: 0.9216 | Kendall@80: 0.7775
Epoch 96/150 | Train Loss: 0.0170 | Epoch Time: 0.27s | Spearman@80: 0.9238 | Kendall@80: 0.7859
Epoch 97/150 | Train Loss: 0.0185 | Epoch Time: 0.27s | Spearman@80: 0.9258 | Kendall@80: 0.7851
Epoch 98/150 | Train Loss: 0.0178 | Epoch Time: 0.27s | Spearman@80: 0.9278 | Kendall@80: 0.7895
Epoch 99/150 | Train Loss: 0.0117 | Epoch Time: 0.27s | Spearman@80: 0.9288 | Kendall@80: 0.7923
Epoch 100/150 | Train Loss: 0.0070 | Epoch Time: 0.27s | Spearman@80: 0.9342 | Kendall@80: 0.7959
Epoch 101/150 | Train Loss: 0.0202 | Epoch Time: 0.27s | Spearman@80: 0.9353 | Kendall@80: 0.8022
Epoch 102/150 | Train Loss: 0.0112 | Epoch Time: 0.27s | Spearman@80: 0.9271 | Kendall@80: 0.7845
Epoch 103/150 | Train Loss: 0.0211 | Epoch Time: 0.27s | Spearman@80: 0.9323 | Kendall@80: 0.8016
Epoch 104/150 | Train Loss: 0.0142 | Epoch Time: 0.27s | Spearman@80: 0.9260 | Kendall@80: 0.7857
Epoch 105/150 | Train Loss: 0.0147 | Epoch Time: 0.27s | Spearman@80: 0.9285 | Kendall@80: 0.7914
Epoch 106/150 | Train Loss: 0.0173 | Epoch Time: 0.27s | Spearman@80: 0.9312 | Kendall@80: 0.7952
Epoch 107/150 | Train Loss: 0.0128 | Epoch Time: 0.27s | Spearman@80: 0.9319 | Kendall@80: 0.7992
Epoch 108/150 | Train Loss: 0.0135 | Epoch Time: 0.27s | Spearman@80: 0.9327 | Kendall@80: 0.7997
Epoch 109/150 | Train Loss: 0.0173 | Epoch Time: 0.27s | Spearman@80: 0.9314 | Kendall@80: 0.7946
Epoch 110/150 | Train Loss: 0.0123 | Epoch Time: 0.27s | Spearman@80: 0.9334 | Kendall@80: 0.7984
Epoch 111/150 | Train Loss: 0.0130 | Epoch Time: 0.27s | Spearman@80: 0.9343 | Kendall@80: 0.7991
Epoch 112/150 | Train Loss: 0.0125 | Epoch Time: 0.27s | Spearman@80: 0.9329 | Kendall@80: 0.7923
Epoch 113/150 | Train Loss: 0.0110 | Epoch Time: 0.27s | Spearman@80: 0.9352 | Kendall@80: 0.7980
Epoch 114/150 | Train Loss: 0.0134 | Epoch Time: 0.27s | Spearman@80: 0.9348 | Kendall@80: 0.8011
Epoch 115/150 | Train Loss: 0.0167 | Epoch Time: 0.27s | Spearman@80: 0.9344 | Kendall@80: 0.7991
Epoch 116/150 | Train Loss: 0.0179 | Epoch Time: 0.27s | Spearman@80: 0.9340 | Kendall@80: 0.7997
Epoch 117/150 | Train Loss: 0.0095 | Epoch Time: 0.27s | Spearman@80: 0.9355 | Kendall@80: 0.8029
Epoch 118/150 | Train Loss: 0.0162 | Epoch Time: 0.27s | Spearman@80: 0.9362 | Kendall@80: 0.8035
Epoch 119/150 | Train Loss: 0.0122 | Epoch Time: 0.27s | Spearman@80: 0.9371 | Kendall@80: 0.8054
Epoch 120/150 | Train Loss: 0.0137 | Epoch Time: 0.27s | Spearman@80: 0.9391 | Kendall@80: 0.8069
Epoch 121/150 | Train Loss: 0.0090 | Epoch Time: 0.27s | Spearman@80: 0.9359 | Kendall@80: 0.7991
Epoch 122/150 | Train Loss: 0.0132 | Epoch Time: 0.27s | Spearman@80: 0.9357 | Kendall@80: 0.7984
Epoch 123/150 | Train Loss: 0.0146 | Epoch Time: 0.27s | Spearman@80: 0.9366 | Kendall@80: 0.8048
Epoch 124/150 | Train Loss: 0.0162 | Epoch Time: 0.27s | Spearman@80: 0.9342 | Kendall@80: 0.7984
Epoch 125/150 | Train Loss: 0.0185 | Epoch Time: 0.27s | Spearman@80: 0.9352 | Kendall@80: 0.7991
Epoch 126/150 | Train Loss: 0.0151 | Epoch Time: 0.27s | Spearman@80: 0.9352 | Kendall@80: 0.7973
Epoch 127/150 | Train Loss: 0.0114 | Epoch Time: 0.27s | Spearman@80: 0.9348 | Kendall@80: 0.7952
Epoch 128/150 | Train Loss: 0.0119 | Epoch Time: 0.27s | Spearman@80: 0.9386 | Kendall@80: 0.8048
Epoch 129/150 | Train Loss: 0.0128 | Epoch Time: 0.27s | Spearman@80: 0.9366 | Kendall@80: 0.8018
Epoch 130/150 | Train Loss: 0.0218 | Epoch Time: 0.27s | Spearman@80: 0.9376 | Kendall@80: 0.8029
Epoch 131/150 | Train Loss: 0.0128 | Epoch Time: 0.27s | Spearman@80: 0.9377 | Kendall@80: 0.8041
Epoch 132/150 | Train Loss: 0.0136 | Epoch Time: 0.27s | Spearman@80: 0.9382 | Kendall@80: 0.8060
Epoch 133/150 | Train Loss: 0.0155 | Epoch Time: 0.27s | Spearman@80: 0.9383 | Kendall@80: 0.8041
Epoch 134/150 | Train Loss: 0.0179 | Epoch Time: 0.27s | Spearman@80: 0.9382 | Kendall@80: 0.8041
Epoch 135/150 | Train Loss: 0.0144 | Epoch Time: 0.27s | Spearman@80: 0.9355 | Kendall@80: 0.7980
Epoch 136/150 | Train Loss: 0.0139 | Epoch Time: 0.27s | Spearman@80: 0.9371 | Kendall@80: 0.8003
Epoch 137/150 | Train Loss: 0.0124 | Epoch Time: 0.27s | Spearman@80: 0.9387 | Kendall@80: 0.8060
Epoch 138/150 | Train Loss: 0.0087 | Epoch Time: 0.27s | Spearman@80: 0.9387 | Kendall@80: 0.8056
Epoch 139/150 | Train Loss: 0.0132 | Epoch Time: 0.27s | Spearman@80: 0.9385 | Kendall@80: 0.8048
Epoch 140/150 | Train Loss: 0.0125 | Epoch Time: 0.27s | Spearman@80: 0.9378 | Kendall@80: 0.8041
Epoch 141/150 | Train Loss: 0.0146 | Epoch Time: 0.27s | Spearman@80: 0.9378 | Kendall@80: 0.8037
Epoch 142/150 | Train Loss: 0.0097 | Epoch Time: 0.26s | Spearman@80: 0.9378 | Kendall@80: 0.8041
Epoch 143/150 | Train Loss: 0.0172 | Epoch Time: 0.27s | Spearman@80: 0.9378 | Kendall@80: 0.8041
Epoch 144/150 | Train Loss: 0.0160 | Epoch Time: 0.27s | Spearman@80: 0.9376 | Kendall@80: 0.8037
Epoch 145/150 | Train Loss: 0.0137 | Epoch Time: 0.27s | Spearman@80: 0.9379 | Kendall@80: 0.8048
Epoch 146/150 | Train Loss: 0.0135 | Epoch Time: 0.27s | Spearman@80: 0.9379 | Kendall@80: 0.8043
Epoch 147/150 | Train Loss: 0.0117 | Epoch Time: 1.50s | Spearman@15560: 0.9302 | Kendall@15560: 0.7810
Epoch 148/150 | Train Loss: 0.0123 | Epoch Time: 1.28s | Spearman@15560: 0.9302 | Kendall@15560: 0.7809
Epoch 149/150 | Train Loss: 0.0140 | Epoch Time: 1.26s | Spearman@15560: 0.9302 | Kendall@15560: 0.7809
Epoch 150/150 | Train Loss: 0.0164 | Epoch Time: 1.27s | Spearman@15560: 0.9302 | Kendall@15560: 0.7810
Sample Count: 64, Spearman: 0.9302049235770204, Kendall: 0.7809638333587239
{64: (0.9302049235770204, 0.7809638333587239),
 128: (0.9371316067998308, 0.7995045756049975)}
Epoch 1/150 | Train Loss: 0.0904 | Epoch Time: 0.50s | Spearman@80: 0.5461 | Kendall@80: 0.3853
Epoch 2/150 | Train Loss: 0.0605 | Epoch Time: 0.49s | Spearman@80: 0.8024 | Kendall@80: 0.6226
Epoch 3/150 | Train Loss: 0.0461 | Epoch Time: 0.51s | Spearman@80: 0.7647 | Kendall@80: 0.5806
Epoch 4/150 | Train Loss: 0.0516 | Epoch Time: 0.53s | Spearman@80: 0.7733 | Kendall@80: 0.5794
Epoch 5/150 | Train Loss: 0.0445 | Epoch Time: 0.54s | Spearman@80: 0.8427 | Kendall@80: 0.6766
Epoch 6/150 | Train Loss: 0.0392 | Epoch Time: 0.54s | Spearman@80: 0.8498 | Kendall@80: 0.6805
Epoch 7/150 | Train Loss: 0.0366 | Epoch Time: 0.54s | Spearman@80: 0.8810 | Kendall@80: 0.7179
Epoch 8/150 | Train Loss: 0.0335 | Epoch Time: 0.54s | Spearman@80: 0.8159 | Kendall@80: 0.6207
Epoch 9/150 | Train Loss: 0.0377 | Epoch Time: 0.54s | Spearman@80: 0.8861 | Kendall@80: 0.7306
Epoch 10/150 | Train Loss: 0.0373 | Epoch Time: 0.54s | Spearman@80: 0.9040 | Kendall@80: 0.7491
Epoch 11/150 | Train Loss: 0.0367 | Epoch Time: 0.54s | Spearman@80: 0.8918 | Kendall@80: 0.7281
Epoch 12/150 | Train Loss: 0.0282 | Epoch Time: 0.54s | Spearman@80: 0.9025 | Kendall@80: 0.7504
Epoch 13/150 | Train Loss: 0.0336 | Epoch Time: 0.54s | Spearman@80: 0.9102 | Kendall@80: 0.7573
Epoch 14/150 | Train Loss: 0.0324 | Epoch Time: 0.54s | Spearman@80: 0.9092 | Kendall@80: 0.7576
Epoch 15/150 | Train Loss: 0.0330 | Epoch Time: 0.54s | Spearman@80: 0.9127 | Kendall@80: 0.7667
Epoch 16/150 | Train Loss: 0.0338 | Epoch Time: 0.54s | Spearman@80: 0.8938 | Kendall@80: 0.7300
Epoch 17/150 | Train Loss: 0.0408 | Epoch Time: 0.54s | Spearman@80: 0.8883 | Kendall@80: 0.7186
Epoch 18/150 | Train Loss: 0.0336 | Epoch Time: 0.54s | Spearman@80: 0.8939 | Kendall@80: 0.7250
Epoch 19/150 | Train Loss: 0.0303 | Epoch Time: 0.54s | Spearman@80: 0.9073 | Kendall@80: 0.7606
Epoch 20/150 | Train Loss: 0.0364 | Epoch Time: 0.54s | Spearman@80: 0.9024 | Kendall@80: 0.7444
Epoch 21/150 | Train Loss: 0.0311 | Epoch Time: 0.54s | Spearman@80: 0.9102 | Kendall@80: 0.7625
Epoch 22/150 | Train Loss: 0.0339 | Epoch Time: 0.54s | Spearman@80: 0.9073 | Kendall@80: 0.7654
Epoch 23/150 | Train Loss: 0.0359 | Epoch Time: 0.54s | Spearman@80: 0.9053 | Kendall@80: 0.7471
Epoch 24/150 | Train Loss: 0.0370 | Epoch Time: 0.54s | Spearman@80: 0.9148 | Kendall@80: 0.7637
Epoch 25/150 | Train Loss: 0.0282 | Epoch Time: 0.54s | Spearman@80: 0.9100 | Kendall@80: 0.7555
Epoch 26/150 | Train Loss: 0.0331 | Epoch Time: 0.54s | Spearman@80: 0.9038 | Kendall@80: 0.7408
Epoch 27/150 | Train Loss: 0.0340 | Epoch Time: 0.54s | Spearman@80: 0.8998 | Kendall@80: 0.7434
Epoch 28/150 | Train Loss: 0.0305 | Epoch Time: 0.54s | Spearman@80: 0.8811 | Kendall@80: 0.6983
Epoch 29/150 | Train Loss: 0.0356 | Epoch Time: 0.54s | Spearman@80: 0.8789 | Kendall@80: 0.7152
Epoch 30/150 | Train Loss: 0.0292 | Epoch Time: 0.54s | Spearman@80: 0.8697 | Kendall@80: 0.6983
Epoch 31/150 | Train Loss: 0.0353 | Epoch Time: 0.54s | Spearman@80: 0.8849 | Kendall@80: 0.7129
Epoch 32/150 | Train Loss: 0.0360 | Epoch Time: 0.54s | Spearman@80: 0.8933 | Kendall@80: 0.7281
Epoch 33/150 | Train Loss: 0.0336 | Epoch Time: 0.54s | Spearman@80: 0.9103 | Kendall@80: 0.7495
Epoch 34/150 | Train Loss: 0.0307 | Epoch Time: 0.54s | Spearman@80: 0.8797 | Kendall@80: 0.7243
Epoch 35/150 | Train Loss: 0.0305 | Epoch Time: 0.54s | Spearman@80: 0.9123 | Kendall@80: 0.7618
Epoch 36/150 | Train Loss: 0.0273 | Epoch Time: 0.54s | Spearman@80: 0.9083 | Kendall@80: 0.7549
Epoch 37/150 | Train Loss: 0.0333 | Epoch Time: 0.54s | Spearman@80: 0.8947 | Kendall@80: 0.7294
Epoch 38/150 | Train Loss: 0.0274 | Epoch Time: 0.54s | Spearman@80: 0.8749 | Kendall@80: 0.7065
Epoch 39/150 | Train Loss: 0.0299 | Epoch Time: 0.54s | Spearman@80: 0.9039 | Kendall@80: 0.7457
Epoch 40/150 | Train Loss: 0.0287 | Epoch Time: 0.54s | Spearman@80: 0.9065 | Kendall@80: 0.7466
Epoch 41/150 | Train Loss: 0.0298 | Epoch Time: 0.54s | Spearman@80: 0.9143 | Kendall@80: 0.7643
Epoch 42/150 | Train Loss: 0.0305 | Epoch Time: 0.54s | Spearman@80: 0.8806 | Kendall@80: 0.7184
Epoch 43/150 | Train Loss: 0.0296 | Epoch Time: 0.54s | Spearman@80: 0.9031 | Kendall@80: 0.7478
Epoch 44/150 | Train Loss: 0.0230 | Epoch Time: 0.54s | Spearman@80: 0.9113 | Kendall@80: 0.7619
Epoch 45/150 | Train Loss: 0.0305 | Epoch Time: 0.54s | Spearman@80: 0.9024 | Kendall@80: 0.7394
Epoch 46/150 | Train Loss: 0.0346 | Epoch Time: 0.54s | Spearman@80: 0.8900 | Kendall@80: 0.7351
Epoch 47/150 | Train Loss: 0.0310 | Epoch Time: 0.54s | Spearman@80: 0.8927 | Kendall@80: 0.7285
Epoch 48/150 | Train Loss: 0.0264 | Epoch Time: 0.53s | Spearman@80: 0.9154 | Kendall@80: 0.7656
Epoch 49/150 | Train Loss: 0.0294 | Epoch Time: 0.54s | Spearman@80: 0.9013 | Kendall@80: 0.7455
Epoch 50/150 | Train Loss: 0.0261 | Epoch Time: 0.54s | Spearman@80: 0.8844 | Kendall@80: 0.7177
Epoch 51/150 | Train Loss: 0.0237 | Epoch Time: 0.54s | Spearman@80: 0.8630 | Kendall@80: 0.6919
Epoch 52/150 | Train Loss: 0.0294 | Epoch Time: 0.54s | Spearman@80: 0.8937 | Kendall@80: 0.7326
Epoch 53/150 | Train Loss: 0.0278 | Epoch Time: 0.54s | Spearman@80: 0.8884 | Kendall@80: 0.7243
Epoch 54/150 | Train Loss: 0.0243 | Epoch Time: 0.54s | Spearman@80: 0.9045 | Kendall@80: 0.7440
Epoch 55/150 | Train Loss: 0.0239 | Epoch Time: 0.54s | Spearman@80: 0.8737 | Kendall@80: 0.7091
Epoch 56/150 | Train Loss: 0.0256 | Epoch Time: 0.54s | Spearman@80: 0.8886 | Kendall@80: 0.7294
Epoch 57/150 | Train Loss: 0.0251 | Epoch Time: 0.54s | Spearman@80: 0.9013 | Kendall@80: 0.7387
Epoch 58/150 | Train Loss: 0.0254 | Epoch Time: 0.54s | Spearman@80: 0.8832 | Kendall@80: 0.7224
Epoch 59/150 | Train Loss: 0.0256 | Epoch Time: 0.54s | Spearman@80: 0.9025 | Kendall@80: 0.7415
Epoch 60/150 | Train Loss: 0.0274 | Epoch Time: 0.54s | Spearman@80: 0.8864 | Kendall@80: 0.7231
Epoch 61/150 | Train Loss: 0.0295 | Epoch Time: 0.54s | Spearman@80: 0.9123 | Kendall@80: 0.7657
Epoch 62/150 | Train Loss: 0.0274 | Epoch Time: 0.54s | Spearman@80: 0.9048 | Kendall@80: 0.7523
Epoch 63/150 | Train Loss: 0.0211 | Epoch Time: 0.54s | Spearman@80: 0.8754 | Kendall@80: 0.7173
Epoch 64/150 | Train Loss: 0.0250 | Epoch Time: 0.54s | Spearman@80: 0.8637 | Kendall@80: 0.6936
Epoch 65/150 | Train Loss: 0.0275 | Epoch Time: 0.54s | Spearman@80: 0.9139 | Kendall@80: 0.7629
Epoch 66/150 | Train Loss: 0.0248 | Epoch Time: 0.54s | Spearman@80: 0.8990 | Kendall@80: 0.7390
Epoch 67/150 | Train Loss: 0.0206 | Epoch Time: 0.54s | Spearman@80: 0.8810 | Kendall@80: 0.7231
Epoch 68/150 | Train Loss: 0.0203 | Epoch Time: 0.54s | Spearman@80: 0.8776 | Kendall@80: 0.7220
Epoch 69/150 | Train Loss: 0.0235 | Epoch Time: 0.54s | Spearman@80: 0.8785 | Kendall@80: 0.7245
Epoch 70/150 | Train Loss: 0.0231 | Epoch Time: 0.54s | Spearman@80: 0.8614 | Kendall@80: 0.7014
Epoch 71/150 | Train Loss: 0.0232 | Epoch Time: 0.54s | Spearman@80: 0.9041 | Kendall@80: 0.7510
Epoch 72/150 | Train Loss: 0.0241 | Epoch Time: 0.54s | Spearman@80: 0.8852 | Kendall@80: 0.7292
Epoch 73/150 | Train Loss: 0.0267 | Epoch Time: 0.54s | Spearman@80: 0.8675 | Kendall@80: 0.7148
Epoch 74/150 | Train Loss: 0.0272 | Epoch Time: 0.54s | Spearman@80: 0.8986 | Kendall@80: 0.7453
Epoch 75/150 | Train Loss: 0.0214 | Epoch Time: 0.54s | Spearman@80: 0.8746 | Kendall@80: 0.7173
Epoch 76/150 | Train Loss: 0.0215 | Epoch Time: 0.54s | Spearman@80: 0.8571 | Kendall@80: 0.6940
Epoch 77/150 | Train Loss: 0.0271 | Epoch Time: 0.54s | Spearman@80: 0.9092 | Kendall@80: 0.7529
Epoch 78/150 | Train Loss: 0.0236 | Epoch Time: 0.54s | Spearman@80: 0.8844 | Kendall@80: 0.7239
Epoch 79/150 | Train Loss: 0.0223 | Epoch Time: 0.54s | Spearman@80: 0.8606 | Kendall@80: 0.6889
Epoch 80/150 | Train Loss: 0.0191 | Epoch Time: 0.54s | Spearman@80: 0.9008 | Kendall@80: 0.7463
Epoch 81/150 | Train Loss: 0.0260 | Epoch Time: 0.54s | Spearman@80: 0.9044 | Kendall@80: 0.7444
Epoch 82/150 | Train Loss: 0.0256 | Epoch Time: 0.54s | Spearman@80: 0.8640 | Kendall@80: 0.6993
Epoch 83/150 | Train Loss: 0.0251 | Epoch Time: 0.54s | Spearman@80: 0.8766 | Kendall@80: 0.7158
Epoch 84/150 | Train Loss: 0.0243 | Epoch Time: 0.54s | Spearman@80: 0.8725 | Kendall@80: 0.7084
Epoch 85/150 | Train Loss: 0.0220 | Epoch Time: 0.54s | Spearman@80: 0.9040 | Kendall@80: 0.7489
Epoch 86/150 | Train Loss: 0.0309 | Epoch Time: 0.54s | Spearman@80: 0.8826 | Kendall@80: 0.7249
Epoch 87/150 | Train Loss: 0.0245 | Epoch Time: 0.55s | Spearman@80: 0.8913 | Kendall@80: 0.7313
Epoch 88/150 | Train Loss: 0.0196 | Epoch Time: 0.54s | Spearman@80: 0.8864 | Kendall@80: 0.7294
Epoch 89/150 | Train Loss: 0.0215 | Epoch Time: 0.55s | Spearman@80: 0.9055 | Kendall@80: 0.7561
Epoch 90/150 | Train Loss: 0.0247 | Epoch Time: 0.55s | Spearman@80: 0.9064 | Kendall@80: 0.7554
Epoch 91/150 | Train Loss: 0.0217 | Epoch Time: 0.55s | Spearman@80: 0.8899 | Kendall@80: 0.7345
Epoch 92/150 | Train Loss: 0.0220 | Epoch Time: 0.55s | Spearman@80: 0.8998 | Kendall@80: 0.7377
Epoch 93/150 | Train Loss: 0.0260 | Epoch Time: 0.56s | Spearman@80: 0.8771 | Kendall@80: 0.7160
Epoch 94/150 | Train Loss: 0.0214 | Epoch Time: 0.54s | Spearman@80: 0.8961 | Kendall@80: 0.7351
Epoch 95/150 | Train Loss: 0.0204 | Epoch Time: 0.55s | Spearman@80: 0.8995 | Kendall@80: 0.7434
Epoch 96/150 | Train Loss: 0.0249 | Epoch Time: 0.54s | Spearman@80: 0.8942 | Kendall@80: 0.7345
Epoch 97/150 | Train Loss: 0.0226 | Epoch Time: 0.55s | Spearman@80: 0.8849 | Kendall@80: 0.7215
Epoch 98/150 | Train Loss: 0.0191 | Epoch Time: 0.54s | Spearman@80: 0.8908 | Kendall@80: 0.7275
Epoch 99/150 | Train Loss: 0.0177 | Epoch Time: 0.55s | Spearman@80: 0.8895 | Kendall@80: 0.7313
Epoch 100/150 | Train Loss: 0.0237 | Epoch Time: 0.55s | Spearman@80: 0.8966 | Kendall@80: 0.7398
Epoch 101/150 | Train Loss: 0.0260 | Epoch Time: 0.54s | Spearman@80: 0.9010 | Kendall@80: 0.7402
Epoch 102/150 | Train Loss: 0.0257 | Epoch Time: 0.55s | Spearman@80: 0.8888 | Kendall@80: 0.7339
Epoch 103/150 | Train Loss: 0.0203 | Epoch Time: 0.55s | Spearman@80: 0.8930 | Kendall@80: 0.7345
Epoch 104/150 | Train Loss: 0.0196 | Epoch Time: 0.55s | Spearman@80: 0.9042 | Kendall@80: 0.7478
Epoch 105/150 | Train Loss: 0.0201 | Epoch Time: 0.55s | Spearman@80: 0.8881 | Kendall@80: 0.7279
Epoch 106/150 | Train Loss: 0.0161 | Epoch Time: 0.55s | Spearman@80: 0.9043 | Kendall@80: 0.7440
Epoch 107/150 | Train Loss: 0.0237 | Epoch Time: 0.54s | Spearman@80: 0.8890 | Kendall@80: 0.7324
Epoch 108/150 | Train Loss: 0.0157 | Epoch Time: 0.55s | Spearman@80: 0.8826 | Kendall@80: 0.7256
Epoch 109/150 | Train Loss: 0.0187 | Epoch Time: 0.55s | Spearman@80: 0.8986 | Kendall@80: 0.7421
Epoch 110/150 | Train Loss: 0.0223 | Epoch Time: 0.54s | Spearman@80: 0.9087 | Kendall@80: 0.7489
Epoch 111/150 | Train Loss: 0.0220 | Epoch Time: 0.55s | Spearman@80: 0.8931 | Kendall@80: 0.7345
Epoch 112/150 | Train Loss: 0.0233 | Epoch Time: 0.55s | Spearman@80: 0.8981 | Kendall@80: 0.7464
Epoch 113/150 | Train Loss: 0.0184 | Epoch Time: 0.55s | Spearman@80: 0.9125 | Kendall@80: 0.7612
Epoch 114/150 | Train Loss: 0.0199 | Epoch Time: 0.55s | Spearman@80: 0.8888 | Kendall@80: 0.7334
Epoch 115/150 | Train Loss: 0.0170 | Epoch Time: 0.54s | Spearman@80: 0.8894 | Kendall@80: 0.7394
Epoch 116/150 | Train Loss: 0.0177 | Epoch Time: 0.55s | Spearman@80: 0.8917 | Kendall@80: 0.7402
Epoch 117/150 | Train Loss: 0.0156 | Epoch Time: 0.55s | Spearman@80: 0.8878 | Kendall@80: 0.7326
Epoch 118/150 | Train Loss: 0.0175 | Epoch Time: 0.55s | Spearman@80: 0.8881 | Kendall@80: 0.7389
Epoch 119/150 | Train Loss: 0.0194 | Epoch Time: 0.55s | Spearman@80: 0.8979 | Kendall@80: 0.7466
Epoch 120/150 | Train Loss: 0.0169 | Epoch Time: 0.54s | Spearman@80: 0.9016 | Kendall@80: 0.7489
Epoch 121/150 | Train Loss: 0.0206 | Epoch Time: 0.55s | Spearman@80: 0.9095 | Kendall@80: 0.7542
Epoch 122/150 | Train Loss: 0.0158 | Epoch Time: 0.55s | Spearman@80: 0.8912 | Kendall@80: 0.7392
Epoch 123/150 | Train Loss: 0.0181 | Epoch Time: 0.55s | Spearman@80: 0.8898 | Kendall@80: 0.7353
Epoch 124/150 | Train Loss: 0.0185 | Epoch Time: 0.55s | Spearman@80: 0.8942 | Kendall@80: 0.7421
Epoch 125/150 | Train Loss: 0.0205 | Epoch Time: 0.55s | Spearman@80: 0.8941 | Kendall@80: 0.7409
Epoch 126/150 | Train Loss: 0.0190 | Epoch Time: 0.55s | Spearman@80: 0.8913 | Kendall@80: 0.7358
Epoch 127/150 | Train Loss: 0.0196 | Epoch Time: 0.55s | Spearman@80: 0.8913 | Kendall@80: 0.7357
Epoch 128/150 | Train Loss: 0.0207 | Epoch Time: 0.55s | Spearman@80: 0.8895 | Kendall@80: 0.7351
Epoch 129/150 | Train Loss: 0.0185 | Epoch Time: 0.55s | Spearman@80: 0.8941 | Kendall@80: 0.7425
Epoch 130/150 | Train Loss: 0.0183 | Epoch Time: 0.54s | Spearman@80: 0.8892 | Kendall@80: 0.7394
Epoch 131/150 | Train Loss: 0.0186 | Epoch Time: 0.55s | Spearman@80: 0.8909 | Kendall@80: 0.7396
Epoch 132/150 | Train Loss: 0.0155 | Epoch Time: 0.55s | Spearman@80: 0.8916 | Kendall@80: 0.7408
Epoch 133/150 | Train Loss: 0.0175 | Epoch Time: 0.58s | Spearman@80: 0.8982 | Kendall@80: 0.7453
Epoch 134/150 | Train Loss: 0.0170 | Epoch Time: 0.55s | Spearman@80: 0.9004 | Kendall@80: 0.7495
Epoch 135/150 | Train Loss: 0.0183 | Epoch Time: 0.55s | Spearman@80: 0.8998 | Kendall@80: 0.7478
Epoch 136/150 | Train Loss: 0.0201 | Epoch Time: 0.55s | Spearman@80: 0.8966 | Kendall@80: 0.7415
Epoch 137/150 | Train Loss: 0.0149 | Epoch Time: 0.54s | Spearman@80: 0.8965 | Kendall@80: 0.7438
Epoch 138/150 | Train Loss: 0.0177 | Epoch Time: 0.55s | Spearman@80: 0.8920 | Kendall@80: 0.7390
Epoch 139/150 | Train Loss: 0.0201 | Epoch Time: 0.55s | Spearman@80: 0.8915 | Kendall@80: 0.7381
Epoch 140/150 | Train Loss: 0.0180 | Epoch Time: 0.54s | Spearman@80: 0.8943 | Kendall@80: 0.7440
Epoch 141/150 | Train Loss: 0.0178 | Epoch Time: 0.55s | Spearman@80: 0.8942 | Kendall@80: 0.7436
Epoch 142/150 | Train Loss: 0.0195 | Epoch Time: 0.54s | Spearman@80: 0.8943 | Kendall@80: 0.7440
Epoch 143/150 | Train Loss: 0.0172 | Epoch Time: 0.55s | Spearman@80: 0.8943 | Kendall@80: 0.7438
Epoch 144/150 | Train Loss: 0.0182 | Epoch Time: 0.55s | Spearman@80: 0.8934 | Kendall@80: 0.7425
Epoch 145/150 | Train Loss: 0.0267 | Epoch Time: 0.55s | Spearman@80: 0.8938 | Kendall@80: 0.7428
Epoch 146/150 | Train Loss: 0.0189 | Epoch Time: 0.55s | Spearman@80: 0.8920 | Kendall@80: 0.7408
Epoch 147/150 | Train Loss: 0.0162 | Epoch Time: 1.83s | Spearman@15496: 0.9213 | Kendall@15496: 0.7698
Epoch 148/150 | Train Loss: 0.0213 | Epoch Time: 1.59s | Spearman@15496: 0.9212 | Kendall@15496: 0.7697
Epoch 149/150 | Train Loss: 0.0171 | Epoch Time: 1.60s | Spearman@15496: 0.9213 | Kendall@15496: 0.7699
Epoch 150/150 | Train Loss: 0.0177 | Epoch Time: 1.59s | Spearman@15496: 0.9213 | Kendall@15496: 0.7700
Sample Count: 128, Spearman: 0.9212764953913428, Kendall: 0.7698320845403197
{64: (0.9302049235770204, 0.7809638333587239),
 128: (0.9212764953913428, 0.7698320845403197)}
Average KDT:  0.7685745147243926
Variance KDT:  7.91594136049867e-05
Average SPR:  0.9209931248941136
Variance SPR:  6.326551093491295e-05
Average KDT:  0.7789541226428104
Variance KDT:  0.0002120471207665617
Average SPR:  0.9259086525239035
Variance SPR:  6.361672978843159e-05
