Loading files for NASBench201...
Normalizing ZCP dict
try to create the NAS-Bench-201 api from /home/ya255/projects/flan_hardware/nas_embedding_suite/embedding_datasets/NAS-Bench-201-v1_1-096897.pth
Loaded files in:  90.31992053985596  seconds
Loading cache for NASBench-201 speedup!!...
Loading cache for NASBench-201 speedup!!...
Epoch 1/150 | Train Loss: 0.0966 | Epoch Time: 0.82s | Spearman@80: 0.3188 | Kendall@80: 0.2286
Epoch 2/150 | Train Loss: 0.0793 | Epoch Time: 0.36s | Spearman@80: 0.4815 | Kendall@80: 0.3462
Epoch 3/150 | Train Loss: 0.0613 | Epoch Time: 0.36s | Spearman@80: 0.8176 | Kendall@80: 0.6471
Epoch 4/150 | Train Loss: 0.0456 | Epoch Time: 0.38s | Spearman@80: 0.8819 | Kendall@80: 0.7191
Epoch 5/150 | Train Loss: 0.0482 | Epoch Time: 0.41s | Spearman@80: 0.8631 | Kendall@80: 0.6816
Epoch 6/150 | Train Loss: 0.0363 | Epoch Time: 0.40s | Spearman@80: 0.9379 | Kendall@80: 0.7817
Epoch 7/150 | Train Loss: 0.0403 | Epoch Time: 0.40s | Spearman@80: 0.9319 | Kendall@80: 0.7766
Epoch 8/150 | Train Loss: 0.0395 | Epoch Time: 0.40s | Spearman@80: 0.9495 | Kendall@80: 0.8105
Epoch 9/150 | Train Loss: 0.0384 | Epoch Time: 0.40s | Spearman@80: 0.8651 | Kendall@80: 0.6827
Epoch 10/150 | Train Loss: 0.0363 | Epoch Time: 0.40s | Spearman@80: 0.9287 | Kendall@80: 0.7728
Epoch 11/150 | Train Loss: 0.0346 | Epoch Time: 0.40s | Spearman@80: 0.9358 | Kendall@80: 0.7874
Epoch 12/150 | Train Loss: 0.0393 | Epoch Time: 0.40s | Spearman@80: 0.9347 | Kendall@80: 0.7902
Epoch 13/150 | Train Loss: 0.0296 | Epoch Time: 0.40s | Spearman@80: 0.9341 | Kendall@80: 0.7832
Epoch 14/150 | Train Loss: 0.0344 | Epoch Time: 0.40s | Spearman@80: 0.9354 | Kendall@80: 0.7798
Epoch 15/150 | Train Loss: 0.0301 | Epoch Time: 0.39s | Spearman@80: 0.9324 | Kendall@80: 0.7773
Epoch 16/150 | Train Loss: 0.0334 | Epoch Time: 0.40s | Spearman@80: 0.9411 | Kendall@80: 0.7970
Epoch 17/150 | Train Loss: 0.0316 | Epoch Time: 0.40s | Spearman@80: 0.9322 | Kendall@80: 0.7798
Epoch 18/150 | Train Loss: 0.0331 | Epoch Time: 0.40s | Spearman@80: 0.9283 | Kendall@80: 0.7756
Epoch 19/150 | Train Loss: 0.0327 | Epoch Time: 0.40s | Spearman@80: 0.9291 | Kendall@80: 0.7756
Epoch 20/150 | Train Loss: 0.0396 | Epoch Time: 0.40s | Spearman@80: 0.9371 | Kendall@80: 0.7858
Epoch 21/150 | Train Loss: 0.0361 | Epoch Time: 0.40s | Spearman@80: 0.9302 | Kendall@80: 0.7775
Epoch 22/150 | Train Loss: 0.0249 | Epoch Time: 0.40s | Spearman@80: 0.9343 | Kendall@80: 0.7801
Epoch 23/150 | Train Loss: 0.0282 | Epoch Time: 0.40s | Spearman@80: 0.9335 | Kendall@80: 0.7862
Epoch 24/150 | Train Loss: 0.0317 | Epoch Time: 0.40s | Spearman@80: 0.9393 | Kendall@80: 0.7931
Epoch 25/150 | Train Loss: 0.0306 | Epoch Time: 0.40s | Spearman@80: 0.9318 | Kendall@80: 0.7845
Epoch 26/150 | Train Loss: 0.0320 | Epoch Time: 0.40s | Spearman@80: 0.9345 | Kendall@80: 0.7832
Epoch 27/150 | Train Loss: 0.0271 | Epoch Time: 0.41s | Spearman@80: 0.9266 | Kendall@80: 0.7671
Epoch 28/150 | Train Loss: 0.0256 | Epoch Time: 0.39s | Spearman@80: 0.9276 | Kendall@80: 0.7718
Epoch 29/150 | Train Loss: 0.0282 | Epoch Time: 0.40s | Spearman@80: 0.9449 | Kendall@80: 0.8055
Epoch 30/150 | Train Loss: 0.0210 | Epoch Time: 0.40s | Spearman@80: 0.9400 | Kendall@80: 0.7963
Epoch 31/150 | Train Loss: 0.0346 | Epoch Time: 0.40s | Spearman@80: 0.9291 | Kendall@80: 0.7671
Epoch 32/150 | Train Loss: 0.0325 | Epoch Time: 0.40s | Spearman@80: 0.9451 | Kendall@80: 0.8086
Epoch 33/150 | Train Loss: 0.0293 | Epoch Time: 0.40s | Spearman@80: 0.9516 | Kendall@80: 0.8207
Epoch 34/150 | Train Loss: 0.0280 | Epoch Time: 0.40s | Spearman@80: 0.9407 | Kendall@80: 0.8023
Epoch 35/150 | Train Loss: 0.0337 | Epoch Time: 0.40s | Spearman@80: 0.9493 | Kendall@80: 0.8220
Epoch 36/150 | Train Loss: 0.0317 | Epoch Time: 0.40s | Spearman@80: 0.9394 | Kendall@80: 0.7909
Epoch 37/150 | Train Loss: 0.0296 | Epoch Time: 0.40s | Spearman@80: 0.9120 | Kendall@80: 0.7388
Epoch 38/150 | Train Loss: 0.0311 | Epoch Time: 0.40s | Spearman@80: 0.9386 | Kendall@80: 0.7887
Epoch 39/150 | Train Loss: 0.0255 | Epoch Time: 0.40s | Spearman@80: 0.9441 | Kendall@80: 0.8017
Epoch 40/150 | Train Loss: 0.0389 | Epoch Time: 0.41s | Spearman@80: 0.9295 | Kendall@80: 0.7792
Epoch 41/150 | Train Loss: 0.0186 | Epoch Time: 0.41s | Spearman@80: 0.9368 | Kendall@80: 0.7883
Epoch 42/150 | Train Loss: 0.0329 | Epoch Time: 0.39s | Spearman@80: 0.9294 | Kendall@80: 0.7762
Epoch 43/150 | Train Loss: 0.0249 | Epoch Time: 0.40s | Spearman@80: 0.9335 | Kendall@80: 0.7874
Epoch 44/150 | Train Loss: 0.0290 | Epoch Time: 0.40s | Spearman@80: 0.9418 | Kendall@80: 0.7951
Epoch 45/150 | Train Loss: 0.0239 | Epoch Time: 0.40s | Spearman@80: 0.9456 | Kendall@80: 0.8084
Epoch 46/150 | Train Loss: 0.0201 | Epoch Time: 0.40s | Spearman@80: 0.9423 | Kendall@80: 0.7963
Epoch 47/150 | Train Loss: 0.0240 | Epoch Time: 0.40s | Spearman@80: 0.9280 | Kendall@80: 0.7693
Epoch 48/150 | Train Loss: 0.0307 | Epoch Time: 0.41s | Spearman@80: 0.9428 | Kendall@80: 0.8027
Epoch 49/150 | Train Loss: 0.0269 | Epoch Time: 0.40s | Spearman@80: 0.9461 | Kendall@80: 0.8017
Epoch 50/150 | Train Loss: 0.0217 | Epoch Time: 0.40s | Spearman@80: 0.9440 | Kendall@80: 0.7998
Epoch 51/150 | Train Loss: 0.0306 | Epoch Time: 0.40s | Spearman@80: 0.9445 | Kendall@80: 0.8046
Epoch 52/150 | Train Loss: 0.0258 | Epoch Time: 0.42s | Spearman@80: 0.9449 | Kendall@80: 0.7976
Epoch 53/150 | Train Loss: 0.0202 | Epoch Time: 0.40s | Spearman@80: 0.9383 | Kendall@80: 0.7845
Epoch 54/150 | Train Loss: 0.0312 | Epoch Time: 0.39s | Spearman@80: 0.9175 | Kendall@80: 0.7451
Epoch 55/150 | Train Loss: 0.0279 | Epoch Time: 0.40s | Spearman@80: 0.9279 | Kendall@80: 0.7642
Epoch 56/150 | Train Loss: 0.0249 | Epoch Time: 0.40s | Spearman@80: 0.9353 | Kendall@80: 0.7798
Epoch 57/150 | Train Loss: 0.0255 | Epoch Time: 0.41s | Spearman@80: 0.9226 | Kendall@80: 0.7559
Epoch 58/150 | Train Loss: 0.0275 | Epoch Time: 0.40s | Spearman@80: 0.9421 | Kendall@80: 0.7957
Epoch 59/150 | Train Loss: 0.0313 | Epoch Time: 0.39s | Spearman@80: 0.9291 | Kendall@80: 0.7798
Epoch 60/150 | Train Loss: 0.0249 | Epoch Time: 0.41s | Spearman@80: 0.9354 | Kendall@80: 0.7839
Epoch 61/150 | Train Loss: 0.0245 | Epoch Time: 0.40s | Spearman@80: 0.9467 | Kendall@80: 0.8039
Epoch 62/150 | Train Loss: 0.0260 | Epoch Time: 0.40s | Spearman@80: 0.9355 | Kendall@80: 0.7830
Epoch 63/150 | Train Loss: 0.0236 | Epoch Time: 0.40s | Spearman@80: 0.9217 | Kendall@80: 0.7629
Epoch 64/150 | Train Loss: 0.0346 | Epoch Time: 0.40s | Spearman@80: 0.9445 | Kendall@80: 0.8017
Epoch 65/150 | Train Loss: 0.0205 | Epoch Time: 0.41s | Spearman@80: 0.9396 | Kendall@80: 0.7938
Epoch 66/150 | Train Loss: 0.0194 | Epoch Time: 0.41s | Spearman@80: 0.9298 | Kendall@80: 0.7731
Epoch 67/150 | Train Loss: 0.0255 | Epoch Time: 0.40s | Spearman@80: 0.9433 | Kendall@80: 0.8010
Epoch 68/150 | Train Loss: 0.0234 | Epoch Time: 0.40s | Spearman@80: 0.9445 | Kendall@80: 0.8014
Epoch 69/150 | Train Loss: 0.0258 | Epoch Time: 0.40s | Spearman@80: 0.9352 | Kendall@80: 0.7855
Epoch 70/150 | Train Loss: 0.0213 | Epoch Time: 0.40s | Spearman@80: 0.9427 | Kendall@80: 0.7947
Epoch 71/150 | Train Loss: 0.0193 | Epoch Time: 0.40s | Spearman@80: 0.9595 | Kendall@80: 0.8271
Epoch 72/150 | Train Loss: 0.0174 | Epoch Time: 0.40s | Spearman@80: 0.9502 | Kendall@80: 0.8105
Epoch 73/150 | Train Loss: 0.0253 | Epoch Time: 0.40s | Spearman@80: 0.9342 | Kendall@80: 0.7817
Epoch 74/150 | Train Loss: 0.0225 | Epoch Time: 0.40s | Spearman@80: 0.9476 | Kendall@80: 0.8014
Epoch 75/150 | Train Loss: 0.0245 | Epoch Time: 0.40s | Spearman@80: 0.9414 | Kendall@80: 0.7970
Epoch 76/150 | Train Loss: 0.0166 | Epoch Time: 0.40s | Spearman@80: 0.9453 | Kendall@80: 0.8086
Epoch 77/150 | Train Loss: 0.0260 | Epoch Time: 0.39s | Spearman@80: 0.9475 | Kendall@80: 0.8039
Epoch 78/150 | Train Loss: 0.0237 | Epoch Time: 0.40s | Spearman@80: 0.9157 | Kendall@80: 0.7540
Epoch 79/150 | Train Loss: 0.0226 | Epoch Time: 0.41s | Spearman@80: 0.9371 | Kendall@80: 0.7785
Epoch 80/150 | Train Loss: 0.0200 | Epoch Time: 0.40s | Spearman@80: 0.9411 | Kendall@80: 0.7947
Epoch 81/150 | Train Loss: 0.0189 | Epoch Time: 0.40s | Spearman@80: 0.9410 | Kendall@80: 0.7944
Epoch 82/150 | Train Loss: 0.0229 | Epoch Time: 0.41s | Spearman@80: 0.9057 | Kendall@80: 0.7322
Epoch 83/150 | Train Loss: 0.0249 | Epoch Time: 0.41s | Spearman@80: 0.9002 | Kendall@80: 0.7169
Epoch 84/150 | Train Loss: 0.0252 | Epoch Time: 0.39s | Spearman@80: 0.9374 | Kendall@80: 0.7902
Epoch 85/150 | Train Loss: 0.0219 | Epoch Time: 0.40s | Spearman@80: 0.9493 | Kendall@80: 0.8182
Epoch 86/150 | Train Loss: 0.0182 | Epoch Time: 0.40s | Spearman@80: 0.9520 | Kendall@80: 0.8224
Epoch 87/150 | Train Loss: 0.0256 | Epoch Time: 0.40s | Spearman@80: 0.9535 | Kendall@80: 0.8233
Epoch 88/150 | Train Loss: 0.0283 | Epoch Time: 0.40s | Spearman@80: 0.9495 | Kendall@80: 0.8166
Epoch 89/150 | Train Loss: 0.0200 | Epoch Time: 0.40s | Spearman@80: 0.9382 | Kendall@80: 0.7925
Epoch 90/150 | Train Loss: 0.0146 | Epoch Time: 0.40s | Spearman@80: 0.9406 | Kendall@80: 0.7874
Epoch 91/150 | Train Loss: 0.0221 | Epoch Time: 0.40s | Spearman@80: 0.9470 | Kendall@80: 0.8014
Epoch 92/150 | Train Loss: 0.0208 | Epoch Time: 0.40s | Spearman@80: 0.9533 | Kendall@80: 0.8169
Epoch 93/150 | Train Loss: 0.0224 | Epoch Time: 0.40s | Spearman@80: 0.9521 | Kendall@80: 0.8150
Epoch 94/150 | Train Loss: 0.0221 | Epoch Time: 0.40s | Spearman@80: 0.9520 | Kendall@80: 0.8125
Epoch 95/150 | Train Loss: 0.0163 | Epoch Time: 0.42s | Spearman@80: 0.9532 | Kendall@80: 0.8163
Epoch 96/150 | Train Loss: 0.0193 | Epoch Time: 0.41s | Spearman@80: 0.9363 | Kendall@80: 0.7906
Epoch 97/150 | Train Loss: 0.0195 | Epoch Time: 0.41s | Spearman@80: 0.9568 | Kendall@80: 0.8258
Epoch 98/150 | Train Loss: 0.0150 | Epoch Time: 0.40s | Spearman@80: 0.9560 | Kendall@80: 0.8258
Epoch 99/150 | Train Loss: 0.0242 | Epoch Time: 0.40s | Spearman@80: 0.9607 | Kendall@80: 0.8328
Epoch 100/150 | Train Loss: 0.0245 | Epoch Time: 0.40s | Spearman@80: 0.9576 | Kendall@80: 0.8271
Epoch 101/150 | Train Loss: 0.0201 | Epoch Time: 0.39s | Spearman@80: 0.9562 | Kendall@80: 0.8220
Epoch 102/150 | Train Loss: 0.0226 | Epoch Time: 0.40s | Spearman@80: 0.9505 | Kendall@80: 0.8078
Epoch 103/150 | Train Loss: 0.0169 | Epoch Time: 0.41s | Spearman@80: 0.9400 | Kendall@80: 0.7944
Epoch 104/150 | Train Loss: 0.0149 | Epoch Time: 0.40s | Spearman@80: 0.9543 | Kendall@80: 0.8141
Epoch 105/150 | Train Loss: 0.0186 | Epoch Time: 0.41s | Spearman@80: 0.9622 | Kendall@80: 0.8315
Epoch 106/150 | Train Loss: 0.0189 | Epoch Time: 0.41s | Spearman@80: 0.9608 | Kendall@80: 0.8321
Epoch 107/150 | Train Loss: 0.0147 | Epoch Time: 0.40s | Spearman@80: 0.9560 | Kendall@80: 0.8188
Epoch 108/150 | Train Loss: 0.0141 | Epoch Time: 0.41s | Spearman@80: 0.9518 | Kendall@80: 0.8118
Epoch 109/150 | Train Loss: 0.0193 | Epoch Time: 0.41s | Spearman@80: 0.9437 | Kendall@80: 0.8001
Epoch 110/150 | Train Loss: 0.0215 | Epoch Time: 0.40s | Spearman@80: 0.9518 | Kendall@80: 0.8097
Epoch 111/150 | Train Loss: 0.0151 | Epoch Time: 0.40s | Spearman@80: 0.9542 | Kendall@80: 0.8144
Epoch 112/150 | Train Loss: 0.0167 | Epoch Time: 0.40s | Spearman@80: 0.9515 | Kendall@80: 0.8109
Epoch 113/150 | Train Loss: 0.0159 | Epoch Time: 0.40s | Spearman@80: 0.9547 | Kendall@80: 0.8213
Epoch 114/150 | Train Loss: 0.0271 | Epoch Time: 0.41s | Spearman@80: 0.9453 | Kendall@80: 0.7985
Epoch 115/150 | Train Loss: 0.0175 | Epoch Time: 0.40s | Spearman@80: 0.9467 | Kendall@80: 0.8023
Epoch 116/150 | Train Loss: 0.0140 | Epoch Time: 0.40s | Spearman@80: 0.9487 | Kendall@80: 0.8023
Epoch 117/150 | Train Loss: 0.0195 | Epoch Time: 0.39s | Spearman@80: 0.9551 | Kendall@80: 0.8175
Epoch 118/150 | Train Loss: 0.0180 | Epoch Time: 0.40s | Spearman@80: 0.9391 | Kendall@80: 0.7921
Epoch 119/150 | Train Loss: 0.0180 | Epoch Time: 0.40s | Spearman@80: 0.9477 | Kendall@80: 0.8039
Epoch 120/150 | Train Loss: 0.0107 | Epoch Time: 0.40s | Spearman@80: 0.9501 | Kendall@80: 0.8093
Epoch 121/150 | Train Loss: 0.0096 | Epoch Time: 0.40s | Spearman@80: 0.9468 | Kendall@80: 0.8061
Epoch 122/150 | Train Loss: 0.0128 | Epoch Time: 0.40s | Spearman@80: 0.9508 | Kendall@80: 0.8118
Epoch 123/150 | Train Loss: 0.0140 | Epoch Time: 0.40s | Spearman@80: 0.9519 | Kendall@80: 0.8128
Epoch 124/150 | Train Loss: 0.0154 | Epoch Time: 0.40s | Spearman@80: 0.9630 | Kendall@80: 0.8379
Epoch 125/150 | Train Loss: 0.0136 | Epoch Time: 0.40s | Spearman@80: 0.9498 | Kendall@80: 0.8144
Epoch 126/150 | Train Loss: 0.0192 | Epoch Time: 0.40s | Spearman@80: 0.9496 | Kendall@80: 0.8109
Epoch 127/150 | Train Loss: 0.0140 | Epoch Time: 0.40s | Spearman@80: 0.9464 | Kendall@80: 0.7998
Epoch 128/150 | Train Loss: 0.0154 | Epoch Time: 0.41s | Spearman@80: 0.9441 | Kendall@80: 0.8004
Epoch 129/150 | Train Loss: 0.0115 | Epoch Time: 0.40s | Spearman@80: 0.9468 | Kendall@80: 0.8033
Epoch 130/150 | Train Loss: 0.0158 | Epoch Time: 0.40s | Spearman@80: 0.9425 | Kendall@80: 0.7976
Epoch 131/150 | Train Loss: 0.0162 | Epoch Time: 0.40s | Spearman@80: 0.9530 | Kendall@80: 0.8105
Epoch 132/150 | Train Loss: 0.0102 | Epoch Time: 0.41s | Spearman@80: 0.9550 | Kendall@80: 0.8156
Epoch 133/150 | Train Loss: 0.0152 | Epoch Time: 0.40s | Spearman@80: 0.9335 | Kendall@80: 0.7801
Epoch 134/150 | Train Loss: 0.0156 | Epoch Time: 0.40s | Spearman@80: 0.9301 | Kendall@80: 0.7696
Epoch 135/150 | Train Loss: 0.0146 | Epoch Time: 0.40s | Spearman@80: 0.9513 | Kendall@80: 0.8071
Epoch 136/150 | Train Loss: 0.0148 | Epoch Time: 0.40s | Spearman@80: 0.9464 | Kendall@80: 0.8048
Epoch 137/150 | Train Loss: 0.0139 | Epoch Time: 0.40s | Spearman@80: 0.9499 | Kendall@80: 0.8099
Epoch 138/150 | Train Loss: 0.0184 | Epoch Time: 0.40s | Spearman@80: 0.9502 | Kendall@80: 0.8125
Epoch 139/150 | Train Loss: 0.0165 | Epoch Time: 0.40s | Spearman@80: 0.9520 | Kendall@80: 0.8099
Epoch 140/150 | Train Loss: 0.0198 | Epoch Time: 0.40s | Spearman@80: 0.9543 | Kendall@80: 0.8144
Epoch 141/150 | Train Loss: 0.0169 | Epoch Time: 0.40s | Spearman@80: 0.9553 | Kendall@80: 0.8150
Epoch 142/150 | Train Loss: 0.0188 | Epoch Time: 0.40s | Spearman@80: 0.9453 | Kendall@80: 0.8008
Epoch 143/150 | Train Loss: 0.0131 | Epoch Time: 0.40s | Spearman@80: 0.9444 | Kendall@80: 0.7991
Epoch 144/150 | Train Loss: 0.0125 | Epoch Time: 0.40s | Spearman@80: 0.9480 | Kendall@80: 0.8055
Epoch 145/150 | Train Loss: 0.0171 | Epoch Time: 0.40s | Spearman@80: 0.9415 | Kendall@80: 0.7940
Epoch 146/150 | Train Loss: 0.0104 | Epoch Time: 0.40s | Spearman@80: 0.9504 | Kendall@80: 0.8055
Epoch 147/150 | Train Loss: 0.0165 | Epoch Time: 2.21s | Spearman@15560: 0.9382 | Kendall@15560: 0.7991
Epoch 148/150 | Train Loss: 0.0218 | Epoch Time: 1.93s | Spearman@15560: 0.9378 | Kendall@15560: 0.7941
Epoch 149/150 | Train Loss: 0.0184 | Epoch Time: 1.93s | Spearman@15560: 0.9370 | Kendall@15560: 0.7925
Epoch 150/150 | Train Loss: 0.0201 | Epoch Time: 1.92s | Spearman@15560: 0.9356 | Kendall@15560: 0.7901
Sample Count: 64, Spearman: 0.9371411330912519, Kendall: 0.7939410801803317
{64: (0.9371411330912519, 0.7939410801803317)}
Epoch 1/150 | Train Loss: 0.0959 | Epoch Time: 0.74s | Spearman@80: 0.5496 | Kendall@80: 0.3977
Epoch 2/150 | Train Loss: 0.0610 | Epoch Time: 0.77s | Spearman@80: 0.8963 | Kendall@80: 0.7257
Epoch 3/150 | Train Loss: 0.0474 | Epoch Time: 0.78s | Spearman@80: 0.8912 | Kendall@80: 0.7092
Epoch 4/150 | Train Loss: 0.0454 | Epoch Time: 0.79s | Spearman@80: 0.9359 | Kendall@80: 0.7897
Epoch 5/150 | Train Loss: 0.0415 | Epoch Time: 0.80s | Spearman@80: 0.9264 | Kendall@80: 0.7802
Epoch 6/150 | Train Loss: 0.0432 | Epoch Time: 0.82s | Spearman@80: 0.9069 | Kendall@80: 0.7477
Epoch 7/150 | Train Loss: 0.0361 | Epoch Time: 0.81s | Spearman@80: 0.9106 | Kendall@80: 0.7464
Epoch 8/150 | Train Loss: 0.0390 | Epoch Time: 0.80s | Spearman@80: 0.9154 | Kendall@80: 0.7675
Epoch 9/150 | Train Loss: 0.0394 | Epoch Time: 0.80s | Spearman@80: 0.9261 | Kendall@80: 0.7751
Epoch 10/150 | Train Loss: 0.0418 | Epoch Time: 0.80s | Spearman@80: 0.9314 | Kendall@80: 0.7800
Epoch 11/150 | Train Loss: 0.0324 | Epoch Time: 0.79s | Spearman@80: 0.9257 | Kendall@80: 0.7800
Epoch 12/150 | Train Loss: 0.0347 | Epoch Time: 0.81s | Spearman@80: 0.9248 | Kendall@80: 0.7720
Epoch 13/150 | Train Loss: 0.0383 | Epoch Time: 0.80s | Spearman@80: 0.9339 | Kendall@80: 0.7891
Epoch 14/150 | Train Loss: 0.0408 | Epoch Time: 0.80s | Spearman@80: 0.9380 | Kendall@80: 0.7904
Epoch 15/150 | Train Loss: 0.0327 | Epoch Time: 0.80s | Spearman@80: 0.9064 | Kendall@80: 0.7453
Epoch 16/150 | Train Loss: 0.0316 | Epoch Time: 0.78s | Spearman@80: 0.9252 | Kendall@80: 0.7821
Epoch 17/150 | Train Loss: 0.0360 | Epoch Time: 0.80s | Spearman@80: 0.9283 | Kendall@80: 0.7853
Epoch 18/150 | Train Loss: 0.0311 | Epoch Time: 0.80s | Spearman@80: 0.9163 | Kendall@80: 0.7663
Epoch 19/150 | Train Loss: 0.0371 | Epoch Time: 0.78s | Spearman@80: 0.9253 | Kendall@80: 0.7847
Epoch 20/150 | Train Loss: 0.0318 | Epoch Time: 0.78s | Spearman@80: 0.9243 | Kendall@80: 0.7737
Epoch 21/150 | Train Loss: 0.0340 | Epoch Time: 0.80s | Spearman@80: 0.9129 | Kendall@80: 0.7491
Epoch 22/150 | Train Loss: 0.0383 | Epoch Time: 0.81s | Spearman@80: 0.8722 | Kendall@80: 0.6950
Epoch 23/150 | Train Loss: 0.0333 | Epoch Time: 0.80s | Spearman@80: 0.9271 | Kendall@80: 0.7680
Epoch 24/150 | Train Loss: 0.0348 | Epoch Time: 0.78s | Spearman@80: 0.8880 | Kendall@80: 0.7064
Epoch 25/150 | Train Loss: 0.0351 | Epoch Time: 0.81s | Spearman@80: 0.9160 | Kendall@80: 0.7580
Epoch 26/150 | Train Loss: 0.0303 | Epoch Time: 0.80s | Spearman@80: 0.9261 | Kendall@80: 0.7838
Epoch 27/150 | Train Loss: 0.0315 | Epoch Time: 0.78s | Spearman@80: 0.9352 | Kendall@80: 0.7935
Epoch 28/150 | Train Loss: 0.0295 | Epoch Time: 0.78s | Spearman@80: 0.9125 | Kendall@80: 0.7612
Epoch 29/150 | Train Loss: 0.0330 | Epoch Time: 0.82s | Spearman@80: 0.9253 | Kendall@80: 0.7762
Epoch 30/150 | Train Loss: 0.0317 | Epoch Time: 0.79s | Spearman@80: 0.8741 | Kendall@80: 0.7066
Epoch 31/150 | Train Loss: 0.0380 | Epoch Time: 0.80s | Spearman@80: 0.9233 | Kendall@80: 0.7756
Epoch 32/150 | Train Loss: 0.0349 | Epoch Time: 0.80s | Spearman@80: 0.9081 | Kendall@80: 0.7464
Epoch 33/150 | Train Loss: 0.0383 | Epoch Time: 0.81s | Spearman@80: 0.9328 | Kendall@80: 0.7783
Epoch 34/150 | Train Loss: 0.0304 | Epoch Time: 0.80s | Spearman@80: 0.9434 | Kendall@80: 0.8022
Epoch 35/150 | Train Loss: 0.0317 | Epoch Time: 0.79s | Spearman@80: 0.9427 | Kendall@80: 0.8011
Epoch 36/150 | Train Loss: 0.0328 | Epoch Time: 0.80s | Spearman@80: 0.9358 | Kendall@80: 0.7948
Epoch 37/150 | Train Loss: 0.0335 | Epoch Time: 0.79s | Spearman@80: 0.9319 | Kendall@80: 0.7902
Epoch 38/150 | Train Loss: 0.0309 | Epoch Time: 0.81s | Spearman@80: 0.9336 | Kendall@80: 0.7921
Epoch 39/150 | Train Loss: 0.0348 | Epoch Time: 0.80s | Spearman@80: 0.9350 | Kendall@80: 0.7914
Epoch 40/150 | Train Loss: 0.0330 | Epoch Time: 0.81s | Spearman@80: 0.9445 | Kendall@80: 0.8132
Epoch 41/150 | Train Loss: 0.0322 | Epoch Time: 0.79s | Spearman@80: 0.9272 | Kendall@80: 0.7838
Epoch 42/150 | Train Loss: 0.0271 | Epoch Time: 0.82s | Spearman@80: 0.9305 | Kendall@80: 0.7889
Epoch 43/150 | Train Loss: 0.0370 | Epoch Time: 0.80s | Spearman@80: 0.9348 | Kendall@80: 0.7819
Epoch 44/150 | Train Loss: 0.0345 | Epoch Time: 0.80s | Spearman@80: 0.9376 | Kendall@80: 0.7935
Epoch 45/150 | Train Loss: 0.0304 | Epoch Time: 0.80s | Spearman@80: 0.9364 | Kendall@80: 0.8035
Epoch 46/150 | Train Loss: 0.0239 | Epoch Time: 0.79s | Spearman@80: 0.9344 | Kendall@80: 0.8011
Epoch 47/150 | Train Loss: 0.0355 | Epoch Time: 0.81s | Spearman@80: 0.9340 | Kendall@80: 0.7802
Epoch 48/150 | Train Loss: 0.0304 | Epoch Time: 0.82s | Spearman@80: 0.9307 | Kendall@80: 0.7802
Epoch 49/150 | Train Loss: 0.0306 | Epoch Time: 0.81s | Spearman@80: 0.8929 | Kendall@80: 0.7255
Epoch 50/150 | Train Loss: 0.0364 | Epoch Time: 0.81s | Spearman@80: 0.9231 | Kendall@80: 0.7616
Epoch 51/150 | Train Loss: 0.0287 | Epoch Time: 0.80s | Spearman@80: 0.9323 | Kendall@80: 0.7845
Epoch 52/150 | Train Loss: 0.0269 | Epoch Time: 0.79s | Spearman@80: 0.9214 | Kendall@80: 0.7718
Epoch 53/150 | Train Loss: 0.0350 | Epoch Time: 0.81s | Spearman@80: 0.9331 | Kendall@80: 0.7859
Epoch 54/150 | Train Loss: 0.0344 | Epoch Time: 0.81s | Spearman@80: 0.9263 | Kendall@80: 0.7815
Epoch 55/150 | Train Loss: 0.0334 | Epoch Time: 0.81s | Spearman@80: 0.9283 | Kendall@80: 0.7864
Epoch 56/150 | Train Loss: 0.0277 | Epoch Time: 0.81s | Spearman@80: 0.9191 | Kendall@80: 0.7749
Epoch 57/150 | Train Loss: 0.0376 | Epoch Time: 0.80s | Spearman@80: 0.9117 | Kendall@80: 0.7464
Epoch 58/150 | Train Loss: 0.0320 | Epoch Time: 0.79s | Spearman@80: 0.9271 | Kendall@80: 0.7813
Epoch 59/150 | Train Loss: 0.0320 | Epoch Time: 0.79s | Spearman@80: 0.9219 | Kendall@80: 0.7768
Epoch 60/150 | Train Loss: 0.0265 | Epoch Time: 0.82s | Spearman@80: 0.9236 | Kendall@80: 0.7807
Epoch 61/150 | Train Loss: 0.0262 | Epoch Time: 0.80s | Spearman@80: 0.9278 | Kendall@80: 0.7859
Epoch 62/150 | Train Loss: 0.0270 | Epoch Time: 0.80s | Spearman@80: 0.9271 | Kendall@80: 0.7847
Epoch 63/150 | Train Loss: 0.0259 | Epoch Time: 0.80s | Spearman@80: 0.9329 | Kendall@80: 0.7908
Epoch 64/150 | Train Loss: 0.0319 | Epoch Time: 0.83s | Spearman@80: 0.9227 | Kendall@80: 0.7808
Epoch 65/150 | Train Loss: 0.0270 | Epoch Time: 0.81s | Spearman@80: 0.9280 | Kendall@80: 0.7838
Epoch 66/150 | Train Loss: 0.0252 | Epoch Time: 0.81s | Spearman@80: 0.9274 | Kendall@80: 0.7840
Epoch 67/150 | Train Loss: 0.0316 | Epoch Time: 0.80s | Spearman@80: 0.9175 | Kendall@80: 0.7688
Epoch 68/150 | Train Loss: 0.0317 | Epoch Time: 0.80s | Spearman@80: 0.9239 | Kendall@80: 0.7813
Epoch 69/150 | Train Loss: 0.0235 | Epoch Time: 0.80s | Spearman@80: 0.9279 | Kendall@80: 0.7853
Epoch 70/150 | Train Loss: 0.0311 | Epoch Time: 0.80s | Spearman@80: 0.9089 | Kendall@80: 0.7458
Epoch 71/150 | Train Loss: 0.0308 | Epoch Time: 0.81s | Spearman@80: 0.9347 | Kendall@80: 0.8022
Epoch 72/150 | Train Loss: 0.0264 | Epoch Time: 0.80s | Spearman@80: 0.9294 | Kendall@80: 0.7847
Epoch 73/150 | Train Loss: 0.0241 | Epoch Time: 0.78s | Spearman@80: 0.9336 | Kendall@80: 0.7997
Epoch 74/150 | Train Loss: 0.0285 | Epoch Time: 0.82s | Spearman@80: 0.9381 | Kendall@80: 0.8035
Epoch 75/150 | Train Loss: 0.0293 | Epoch Time: 0.81s | Spearman@80: 0.9297 | Kendall@80: 0.7883
Epoch 76/150 | Train Loss: 0.0247 | Epoch Time: 0.81s | Spearman@80: 0.9275 | Kendall@80: 0.7845
Epoch 77/150 | Train Loss: 0.0287 | Epoch Time: 0.80s | Spearman@80: 0.9245 | Kendall@80: 0.7840
Epoch 78/150 | Train Loss: 0.0283 | Epoch Time: 0.83s | Spearman@80: 0.9354 | Kendall@80: 0.8005
Epoch 79/150 | Train Loss: 0.0283 | Epoch Time: 0.80s | Spearman@80: 0.9270 | Kendall@80: 0.7794
Epoch 80/150 | Train Loss: 0.0325 | Epoch Time: 0.80s | Spearman@80: 0.9342 | Kendall@80: 0.8022
Epoch 81/150 | Train Loss: 0.0262 | Epoch Time: 0.82s | Spearman@80: 0.9296 | Kendall@80: 0.7895
Epoch 82/150 | Train Loss: 0.0275 | Epoch Time: 0.80s | Spearman@80: 0.9299 | Kendall@80: 0.7940
Epoch 83/150 | Train Loss: 0.0256 | Epoch Time: 0.79s | Spearman@80: 0.9193 | Kendall@80: 0.7789
Epoch 84/150 | Train Loss: 0.0270 | Epoch Time: 0.80s | Spearman@80: 0.9280 | Kendall@80: 0.7800
Epoch 85/150 | Train Loss: 0.0321 | Epoch Time: 0.81s | Spearman@80: 0.9120 | Kendall@80: 0.7642
Epoch 86/150 | Train Loss: 0.0235 | Epoch Time: 0.78s | Spearman@80: 0.9273 | Kendall@80: 0.7864
Epoch 87/150 | Train Loss: 0.0273 | Epoch Time: 0.82s | Spearman@80: 0.9313 | Kendall@80: 0.7876
Epoch 88/150 | Train Loss: 0.0250 | Epoch Time: 0.80s | Spearman@80: 0.9325 | Kendall@80: 0.7908
Epoch 89/150 | Train Loss: 0.0287 | Epoch Time: 0.81s | Spearman@80: 0.9296 | Kendall@80: 0.7916
Epoch 90/150 | Train Loss: 0.0245 | Epoch Time: 0.79s | Spearman@80: 0.9292 | Kendall@80: 0.7895
Epoch 91/150 | Train Loss: 0.0259 | Epoch Time: 0.79s | Spearman@80: 0.9194 | Kendall@80: 0.7781
Epoch 92/150 | Train Loss: 0.0215 | Epoch Time: 0.78s | Spearman@80: 0.9298 | Kendall@80: 0.7878
Epoch 93/150 | Train Loss: 0.0280 | Epoch Time: 0.81s | Spearman@80: 0.9314 | Kendall@80: 0.7971
Epoch 94/150 | Train Loss: 0.0250 | Epoch Time: 0.79s | Spearman@80: 0.9266 | Kendall@80: 0.7904
Epoch 95/150 | Train Loss: 0.0328 | Epoch Time: 0.80s | Spearman@80: 0.9300 | Kendall@80: 0.7997
Epoch 96/150 | Train Loss: 0.0283 | Epoch Time: 0.78s | Spearman@80: 0.9251 | Kendall@80: 0.7838
Epoch 97/150 | Train Loss: 0.0285 | Epoch Time: 0.78s | Spearman@80: 0.9268 | Kendall@80: 0.7878
Epoch 98/150 | Train Loss: 0.0197 | Epoch Time: 0.79s | Spearman@80: 0.9253 | Kendall@80: 0.7942
Epoch 99/150 | Train Loss: 0.0257 | Epoch Time: 0.80s | Spearman@80: 0.9262 | Kendall@80: 0.7940
Epoch 100/150 | Train Loss: 0.0264 | Epoch Time: 0.78s | Spearman@80: 0.9300 | Kendall@80: 0.7927
Epoch 101/150 | Train Loss: 0.0221 | Epoch Time: 0.79s | Spearman@80: 0.9291 | Kendall@80: 0.7946
Epoch 102/150 | Train Loss: 0.0200 | Epoch Time: 0.81s | Spearman@80: 0.9269 | Kendall@80: 0.7902
Epoch 103/150 | Train Loss: 0.0257 | Epoch Time: 0.78s | Spearman@80: 0.9265 | Kendall@80: 0.7883
Epoch 104/150 | Train Loss: 0.0250 | Epoch Time: 0.80s | Spearman@80: 0.9277 | Kendall@80: 0.7940
Epoch 105/150 | Train Loss: 0.0222 | Epoch Time: 0.80s | Spearman@80: 0.9379 | Kendall@80: 0.8086
Epoch 106/150 | Train Loss: 0.0316 | Epoch Time: 0.80s | Spearman@80: 0.9319 | Kendall@80: 0.7933
Epoch 107/150 | Train Loss: 0.0248 | Epoch Time: 0.78s | Spearman@80: 0.9245 | Kendall@80: 0.7897
Epoch 108/150 | Train Loss: 0.0238 | Epoch Time: 0.80s | Spearman@80: 0.9238 | Kendall@80: 0.7870
Epoch 109/150 | Train Loss: 0.0251 | Epoch Time: 0.81s | Spearman@80: 0.9258 | Kendall@80: 0.7914
Epoch 110/150 | Train Loss: 0.0239 | Epoch Time: 0.79s | Spearman@80: 0.9266 | Kendall@80: 0.7933
Epoch 111/150 | Train Loss: 0.0233 | Epoch Time: 0.80s | Spearman@80: 0.9196 | Kendall@80: 0.7827
Epoch 112/150 | Train Loss: 0.0226 | Epoch Time: 0.80s | Spearman@80: 0.9122 | Kendall@80: 0.7732
Epoch 113/150 | Train Loss: 0.0250 | Epoch Time: 0.79s | Spearman@80: 0.9211 | Kendall@80: 0.7864
Epoch 114/150 | Train Loss: 0.0227 | Epoch Time: 0.80s | Spearman@80: 0.9216 | Kendall@80: 0.7808
Epoch 115/150 | Train Loss: 0.0230 | Epoch Time: 0.80s | Spearman@80: 0.9226 | Kendall@80: 0.7853
Epoch 116/150 | Train Loss: 0.0233 | Epoch Time: 0.79s | Spearman@80: 0.9279 | Kendall@80: 0.7929
Epoch 117/150 | Train Loss: 0.0237 | Epoch Time: 0.81s | Spearman@80: 0.9235 | Kendall@80: 0.7876
Epoch 118/150 | Train Loss: 0.0268 | Epoch Time: 0.79s | Spearman@80: 0.9231 | Kendall@80: 0.7859
Epoch 119/150 | Train Loss: 0.0227 | Epoch Time: 0.81s | Spearman@80: 0.9200 | Kendall@80: 0.7851
Epoch 120/150 | Train Loss: 0.0250 | Epoch Time: 0.82s | Spearman@80: 0.9060 | Kendall@80: 0.7610
Epoch 121/150 | Train Loss: 0.0212 | Epoch Time: 0.80s | Spearman@80: 0.9154 | Kendall@80: 0.7770
Epoch 122/150 | Train Loss: 0.0208 | Epoch Time: 0.81s | Spearman@80: 0.9223 | Kendall@80: 0.7838
Epoch 123/150 | Train Loss: 0.0211 | Epoch Time: 0.80s | Spearman@80: 0.9255 | Kendall@80: 0.7870
Epoch 124/150 | Train Loss: 0.0202 | Epoch Time: 0.78s | Spearman@80: 0.9248 | Kendall@80: 0.7883
Epoch 125/150 | Train Loss: 0.0209 | Epoch Time: 0.81s | Spearman@80: 0.9196 | Kendall@80: 0.7807
Epoch 126/150 | Train Loss: 0.0203 | Epoch Time: 0.81s | Spearman@80: 0.9165 | Kendall@80: 0.7813
Epoch 127/150 | Train Loss: 0.0192 | Epoch Time: 0.80s | Spearman@80: 0.9186 | Kendall@80: 0.7800
Epoch 128/150 | Train Loss: 0.0273 | Epoch Time: 0.81s | Spearman@80: 0.9083 | Kendall@80: 0.7648
Epoch 129/150 | Train Loss: 0.0240 | Epoch Time: 0.81s | Spearman@80: 0.9181 | Kendall@80: 0.7800
Epoch 130/150 | Train Loss: 0.0225 | Epoch Time: 0.79s | Spearman@80: 0.9145 | Kendall@80: 0.7802
Epoch 131/150 | Train Loss: 0.0217 | Epoch Time: 0.80s | Spearman@80: 0.9150 | Kendall@80: 0.7808
Epoch 132/150 | Train Loss: 0.0240 | Epoch Time: 0.82s | Spearman@80: 0.9124 | Kendall@80: 0.7705
Epoch 133/150 | Train Loss: 0.0244 | Epoch Time: 0.81s | Spearman@80: 0.9134 | Kendall@80: 0.7739
Epoch 134/150 | Train Loss: 0.0214 | Epoch Time: 0.81s | Spearman@80: 0.9132 | Kendall@80: 0.7749
Epoch 135/150 | Train Loss: 0.0234 | Epoch Time: 0.80s | Spearman@80: 0.9171 | Kendall@80: 0.7800
Epoch 136/150 | Train Loss: 0.0197 | Epoch Time: 0.80s | Spearman@80: 0.9201 | Kendall@80: 0.7845
Epoch 137/150 | Train Loss: 0.0196 | Epoch Time: 0.79s | Spearman@80: 0.9102 | Kendall@80: 0.7686
Epoch 138/150 | Train Loss: 0.0213 | Epoch Time: 0.79s | Spearman@80: 0.9139 | Kendall@80: 0.7751
Epoch 139/150 | Train Loss: 0.0185 | Epoch Time: 0.80s | Spearman@80: 0.9127 | Kendall@80: 0.7768
Epoch 140/150 | Train Loss: 0.0217 | Epoch Time: 0.79s | Spearman@80: 0.9162 | Kendall@80: 0.7777
Epoch 141/150 | Train Loss: 0.0254 | Epoch Time: 0.81s | Spearman@80: 0.9209 | Kendall@80: 0.7857
Epoch 142/150 | Train Loss: 0.0292 | Epoch Time: 0.82s | Spearman@80: 0.9137 | Kendall@80: 0.7751
Epoch 143/150 | Train Loss: 0.0249 | Epoch Time: 0.82s | Spearman@80: 0.9169 | Kendall@80: 0.7787
Epoch 144/150 | Train Loss: 0.0195 | Epoch Time: 0.81s | Spearman@80: 0.9164 | Kendall@80: 0.7800
Epoch 145/150 | Train Loss: 0.0211 | Epoch Time: 0.81s | Spearman@80: 0.9117 | Kendall@80: 0.7724
Epoch 146/150 | Train Loss: 0.0171 | Epoch Time: 0.82s | Spearman@80: 0.9152 | Kendall@80: 0.7815
Epoch 147/150 | Train Loss: 0.0231 | Epoch Time: 2.60s | Spearman@15496: 0.9246 | Kendall@15496: 0.7763
Epoch 148/150 | Train Loss: 0.0197 | Epoch Time: 2.39s | Spearman@15496: 0.9210 | Kendall@15496: 0.7706
Epoch 149/150 | Train Loss: 0.0197 | Epoch Time: 2.38s | Spearman@15496: 0.9244 | Kendall@15496: 0.7759
Epoch 150/150 | Train Loss: 0.0215 | Epoch Time: 2.35s | Spearman@15496: 0.9232 | Kendall@15496: 0.7746
Sample Count: 128, Spearman: 0.9233030277129601, Kendall: 0.7743609136413943
{64: (0.9371411330912519, 0.7939410801803317),
 128: (0.9233030277129601, 0.7743609136413943)}
Epoch 1/150 | Train Loss: 0.0959 | Epoch Time: 0.37s | Spearman@80: 0.3925 | Kendall@80: 0.2712
Epoch 2/150 | Train Loss: 0.0762 | Epoch Time: 0.37s | Spearman@80: 0.5294 | Kendall@80: 0.3743
Epoch 3/150 | Train Loss: 0.0609 | Epoch Time: 0.36s | Spearman@80: 0.8043 | Kendall@80: 0.6120
Epoch 4/150 | Train Loss: 0.0411 | Epoch Time: 0.37s | Spearman@80: 0.6651 | Kendall@80: 0.4702
Epoch 5/150 | Train Loss: 0.0399 | Epoch Time: 0.40s | Spearman@80: 0.8586 | Kendall@80: 0.7039
Epoch 6/150 | Train Loss: 0.0368 | Epoch Time: 0.41s | Spearman@80: 0.7930 | Kendall@80: 0.6003
Epoch 7/150 | Train Loss: 0.0312 | Epoch Time: 0.40s | Spearman@80: 0.8578 | Kendall@80: 0.6996
Epoch 8/150 | Train Loss: 0.0285 | Epoch Time: 0.40s | Spearman@80: 0.8590 | Kendall@80: 0.6859
Epoch 9/150 | Train Loss: 0.0272 | Epoch Time: 0.42s | Spearman@80: 0.8596 | Kendall@80: 0.6986
Epoch 10/150 | Train Loss: 0.0327 | Epoch Time: 0.41s | Spearman@80: 0.8614 | Kendall@80: 0.7026
Epoch 11/150 | Train Loss: 0.0322 | Epoch Time: 0.40s | Spearman@80: 0.8714 | Kendall@80: 0.7275
Epoch 12/150 | Train Loss: 0.0302 | Epoch Time: 0.41s | Spearman@80: 0.8148 | Kendall@80: 0.6510
Epoch 13/150 | Train Loss: 0.0346 | Epoch Time: 0.42s | Spearman@80: 0.8593 | Kendall@80: 0.7053
Epoch 14/150 | Train Loss: 0.0306 | Epoch Time: 0.40s | Spearman@80: 0.8599 | Kendall@80: 0.7017
Epoch 15/150 | Train Loss: 0.0379 | Epoch Time: 0.40s | Spearman@80: 0.7823 | Kendall@80: 0.5856
Epoch 16/150 | Train Loss: 0.0325 | Epoch Time: 0.40s | Spearman@80: 0.8694 | Kendall@80: 0.7176
Epoch 17/150 | Train Loss: 0.0273 | Epoch Time: 0.41s | Spearman@80: 0.8774 | Kendall@80: 0.7315
Epoch 18/150 | Train Loss: 0.0333 | Epoch Time: 0.40s | Spearman@80: 0.8400 | Kendall@80: 0.6656
Epoch 19/150 | Train Loss: 0.0295 | Epoch Time: 0.40s | Spearman@80: 0.8829 | Kendall@80: 0.7383
Epoch 20/150 | Train Loss: 0.0265 | Epoch Time: 0.42s | Spearman@80: 0.8707 | Kendall@80: 0.7300
Epoch 21/150 | Train Loss: 0.0255 | Epoch Time: 0.41s | Spearman@80: 0.8439 | Kendall@80: 0.6910
Epoch 22/150 | Train Loss: 0.0247 | Epoch Time: 0.41s | Spearman@80: 0.8726 | Kendall@80: 0.7169
Epoch 23/150 | Train Loss: 0.0239 | Epoch Time: 0.41s | Spearman@80: 0.8346 | Kendall@80: 0.6654
Epoch 24/150 | Train Loss: 0.0174 | Epoch Time: 0.41s | Spearman@80: 0.8253 | Kendall@80: 0.6508
Epoch 25/150 | Train Loss: 0.0273 | Epoch Time: 0.41s | Spearman@80: 0.8608 | Kendall@80: 0.7157
Epoch 26/150 | Train Loss: 0.0257 | Epoch Time: 0.41s | Spearman@80: 0.8568 | Kendall@80: 0.7041
Epoch 27/150 | Train Loss: 0.0174 | Epoch Time: 0.41s | Spearman@80: 0.8737 | Kendall@80: 0.7250
Epoch 28/150 | Train Loss: 0.0273 | Epoch Time: 0.41s | Spearman@80: 0.8943 | Kendall@80: 0.7461
Epoch 29/150 | Train Loss: 0.0268 | Epoch Time: 0.41s | Spearman@80: 0.8817 | Kendall@80: 0.7383
Epoch 30/150 | Train Loss: 0.0234 | Epoch Time: 0.41s | Spearman@80: 0.8736 | Kendall@80: 0.7300
Epoch 31/150 | Train Loss: 0.0204 | Epoch Time: 0.41s | Spearman@80: 0.8878 | Kendall@80: 0.7366
Epoch 32/150 | Train Loss: 0.0243 | Epoch Time: 0.41s | Spearman@80: 0.8744 | Kendall@80: 0.7220
Epoch 33/150 | Train Loss: 0.0322 | Epoch Time: 0.41s | Spearman@80: 0.8549 | Kendall@80: 0.6861
Epoch 34/150 | Train Loss: 0.0226 | Epoch Time: 0.41s | Spearman@80: 0.8724 | Kendall@80: 0.7258
Epoch 35/150 | Train Loss: 0.0278 | Epoch Time: 0.41s | Spearman@80: 0.8705 | Kendall@80: 0.7214
Epoch 36/150 | Train Loss: 0.0211 | Epoch Time: 0.40s | Spearman@80: 0.8435 | Kendall@80: 0.6720
Epoch 37/150 | Train Loss: 0.0194 | Epoch Time: 0.40s | Spearman@80: 0.8538 | Kendall@80: 0.7028
Epoch 38/150 | Train Loss: 0.0219 | Epoch Time: 0.39s | Spearman@80: 0.8631 | Kendall@80: 0.7127
Epoch 39/150 | Train Loss: 0.0187 | Epoch Time: 0.41s | Spearman@80: 0.8528 | Kendall@80: 0.6969
Epoch 40/150 | Train Loss: 0.0173 | Epoch Time: 0.41s | Spearman@80: 0.8800 | Kendall@80: 0.7239
Epoch 41/150 | Train Loss: 0.0175 | Epoch Time: 0.40s | Spearman@80: 0.8960 | Kendall@80: 0.7554
Epoch 42/150 | Train Loss: 0.0215 | Epoch Time: 0.40s | Spearman@80: 0.8890 | Kendall@80: 0.7359
Epoch 43/150 | Train Loss: 0.0243 | Epoch Time: 0.40s | Spearman@80: 0.8902 | Kendall@80: 0.7383
Epoch 44/150 | Train Loss: 0.0229 | Epoch Time: 0.40s | Spearman@80: 0.8819 | Kendall@80: 0.7328
Epoch 45/150 | Train Loss: 0.0188 | Epoch Time: 0.41s | Spearman@80: 0.8693 | Kendall@80: 0.7170
Epoch 46/150 | Train Loss: 0.0209 | Epoch Time: 0.41s | Spearman@80: 0.8633 | Kendall@80: 0.7150
Epoch 47/150 | Train Loss: 0.0207 | Epoch Time: 0.41s | Spearman@80: 0.8904 | Kendall@80: 0.7442
Epoch 48/150 | Train Loss: 0.0240 | Epoch Time: 0.41s | Spearman@80: 0.8878 | Kendall@80: 0.7271
Epoch 49/150 | Train Loss: 0.0180 | Epoch Time: 0.40s | Spearman@80: 0.8875 | Kendall@80: 0.7372
Epoch 50/150 | Train Loss: 0.0232 | Epoch Time: 0.40s | Spearman@80: 0.8798 | Kendall@80: 0.7393
Epoch 51/150 | Train Loss: 0.0111 | Epoch Time: 0.41s | Spearman@80: 0.8884 | Kendall@80: 0.7471
Epoch 52/150 | Train Loss: 0.0136 | Epoch Time: 0.40s | Spearman@80: 0.8841 | Kendall@80: 0.7385
Epoch 53/150 | Train Loss: 0.0149 | Epoch Time: 0.41s | Spearman@80: 0.8779 | Kendall@80: 0.7389
Epoch 54/150 | Train Loss: 0.0241 | Epoch Time: 0.41s | Spearman@80: 0.8560 | Kendall@80: 0.6948
Epoch 55/150 | Train Loss: 0.0213 | Epoch Time: 0.41s | Spearman@80: 0.8304 | Kendall@80: 0.6643
Epoch 56/150 | Train Loss: 0.0168 | Epoch Time: 0.42s | Spearman@80: 0.8331 | Kendall@80: 0.6654
Epoch 57/150 | Train Loss: 0.0163 | Epoch Time: 0.41s | Spearman@80: 0.8580 | Kendall@80: 0.6954
Epoch 58/150 | Train Loss: 0.0188 | Epoch Time: 0.41s | Spearman@80: 0.8488 | Kendall@80: 0.6893
Epoch 59/150 | Train Loss: 0.0211 | Epoch Time: 0.40s | Spearman@80: 0.8610 | Kendall@80: 0.7015
Epoch 60/150 | Train Loss: 0.0194 | Epoch Time: 0.40s | Spearman@80: 0.8714 | Kendall@80: 0.7178
Epoch 61/150 | Train Loss: 0.0257 | Epoch Time: 0.41s | Spearman@80: 0.8756 | Kendall@80: 0.7243
Epoch 62/150 | Train Loss: 0.0165 | Epoch Time: 0.42s | Spearman@80: 0.8765 | Kendall@80: 0.7250
Epoch 63/150 | Train Loss: 0.0181 | Epoch Time: 0.41s | Spearman@80: 0.8602 | Kendall@80: 0.7072
Epoch 64/150 | Train Loss: 0.0183 | Epoch Time: 0.41s | Spearman@80: 0.8495 | Kendall@80: 0.6965
Epoch 65/150 | Train Loss: 0.0187 | Epoch Time: 0.40s | Spearman@80: 0.8557 | Kendall@80: 0.6984
Epoch 66/150 | Train Loss: 0.0201 | Epoch Time: 0.41s | Spearman@80: 0.8809 | Kendall@80: 0.7298
Epoch 67/150 | Train Loss: 0.0208 | Epoch Time: 0.41s | Spearman@80: 0.8906 | Kendall@80: 0.7383
Epoch 68/150 | Train Loss: 0.0136 | Epoch Time: 0.41s | Spearman@80: 0.8806 | Kendall@80: 0.7324
Epoch 69/150 | Train Loss: 0.0131 | Epoch Time: 0.42s | Spearman@80: 0.8745 | Kendall@80: 0.7214
Epoch 70/150 | Train Loss: 0.0141 | Epoch Time: 0.41s | Spearman@80: 0.8778 | Kendall@80: 0.7245
Epoch 71/150 | Train Loss: 0.0208 | Epoch Time: 0.41s | Spearman@80: 0.8946 | Kendall@80: 0.7446
Epoch 72/150 | Train Loss: 0.0204 | Epoch Time: 0.40s | Spearman@80: 0.8909 | Kendall@80: 0.7455
Epoch 73/150 | Train Loss: 0.0160 | Epoch Time: 0.40s | Spearman@80: 0.8691 | Kendall@80: 0.7174
Epoch 74/150 | Train Loss: 0.0229 | Epoch Time: 0.40s | Spearman@80: 0.8940 | Kendall@80: 0.7461
Epoch 75/150 | Train Loss: 0.0139 | Epoch Time: 0.40s | Spearman@80: 0.8870 | Kendall@80: 0.7381
Epoch 76/150 | Train Loss: 0.0213 | Epoch Time: 0.40s | Spearman@80: 0.8523 | Kendall@80: 0.6967
Epoch 77/150 | Train Loss: 0.0146 | Epoch Time: 0.41s | Spearman@80: 0.8600 | Kendall@80: 0.7062
Epoch 78/150 | Train Loss: 0.0225 | Epoch Time: 0.41s | Spearman@80: 0.8653 | Kendall@80: 0.7114
Epoch 79/150 | Train Loss: 0.0145 | Epoch Time: 0.40s | Spearman@80: 0.8706 | Kendall@80: 0.7195
Epoch 80/150 | Train Loss: 0.0147 | Epoch Time: 0.39s | Spearman@80: 0.8729 | Kendall@80: 0.7205
Epoch 81/150 | Train Loss: 0.0116 | Epoch Time: 0.41s | Spearman@80: 0.8651 | Kendall@80: 0.7072
Epoch 82/150 | Train Loss: 0.0163 | Epoch Time: 0.41s | Spearman@80: 0.8616 | Kendall@80: 0.7085
Epoch 83/150 | Train Loss: 0.0235 | Epoch Time: 0.42s | Spearman@80: 0.8732 | Kendall@80: 0.7207
Epoch 84/150 | Train Loss: 0.0152 | Epoch Time: 0.41s | Spearman@80: 0.8734 | Kendall@80: 0.7239
Epoch 85/150 | Train Loss: 0.0180 | Epoch Time: 0.40s | Spearman@80: 0.8618 | Kendall@80: 0.7100
Epoch 86/150 | Train Loss: 0.0146 | Epoch Time: 0.40s | Spearman@80: 0.8828 | Kendall@80: 0.7353
Epoch 87/150 | Train Loss: 0.0187 | Epoch Time: 0.40s | Spearman@80: 0.8841 | Kendall@80: 0.7370
Epoch 88/150 | Train Loss: 0.0163 | Epoch Time: 0.41s | Spearman@80: 0.8829 | Kendall@80: 0.7378
Epoch 89/150 | Train Loss: 0.0106 | Epoch Time: 0.41s | Spearman@80: 0.8821 | Kendall@80: 0.7366
Epoch 90/150 | Train Loss: 0.0174 | Epoch Time: 0.40s | Spearman@80: 0.8714 | Kendall@80: 0.7182
Epoch 91/150 | Train Loss: 0.0130 | Epoch Time: 0.40s | Spearman@80: 0.8766 | Kendall@80: 0.7256
Epoch 92/150 | Train Loss: 0.0125 | Epoch Time: 0.40s | Spearman@80: 0.8719 | Kendall@80: 0.7161
Epoch 93/150 | Train Loss: 0.0175 | Epoch Time: 0.40s | Spearman@80: 0.8701 | Kendall@80: 0.7144
Epoch 94/150 | Train Loss: 0.0150 | Epoch Time: 0.41s | Spearman@80: 0.8678 | Kendall@80: 0.7114
Epoch 95/150 | Train Loss: 0.0124 | Epoch Time: 0.42s | Spearman@80: 0.8739 | Kendall@80: 0.7148
Epoch 96/150 | Train Loss: 0.0102 | Epoch Time: 0.40s | Spearman@80: 0.8685 | Kendall@80: 0.7112
Epoch 97/150 | Train Loss: 0.0166 | Epoch Time: 0.40s | Spearman@80: 0.8731 | Kendall@80: 0.7218
Epoch 98/150 | Train Loss: 0.0100 | Epoch Time: 0.41s | Spearman@80: 0.8761 | Kendall@80: 0.7283
Epoch 99/150 | Train Loss: 0.0120 | Epoch Time: 0.43s | Spearman@80: 0.8741 | Kendall@80: 0.7285
Epoch 100/150 | Train Loss: 0.0098 | Epoch Time: 0.41s | Spearman@80: 0.8788 | Kendall@80: 0.7313
Epoch 101/150 | Train Loss: 0.0148 | Epoch Time: 0.41s | Spearman@80: 0.8704 | Kendall@80: 0.7205
Epoch 102/150 | Train Loss: 0.0101 | Epoch Time: 0.41s | Spearman@80: 0.8701 | Kendall@80: 0.7233
Epoch 103/150 | Train Loss: 0.0195 | Epoch Time: 0.41s | Spearman@80: 0.8871 | Kendall@80: 0.7440
Epoch 104/150 | Train Loss: 0.0108 | Epoch Time: 0.41s | Spearman@80: 0.8895 | Kendall@80: 0.7399
Epoch 105/150 | Train Loss: 0.0166 | Epoch Time: 0.40s | Spearman@80: 0.8888 | Kendall@80: 0.7376
Epoch 106/150 | Train Loss: 0.0119 | Epoch Time: 0.40s | Spearman@80: 0.8839 | Kendall@80: 0.7353
Epoch 107/150 | Train Loss: 0.0151 | Epoch Time: 0.41s | Spearman@80: 0.8741 | Kendall@80: 0.7284
Epoch 108/150 | Train Loss: 0.0114 | Epoch Time: 0.40s | Spearman@80: 0.8800 | Kendall@80: 0.7353
Epoch 109/150 | Train Loss: 0.0116 | Epoch Time: 0.40s | Spearman@80: 0.8708 | Kendall@80: 0.7247
Epoch 110/150 | Train Loss: 0.0093 | Epoch Time: 0.40s | Spearman@80: 0.8691 | Kendall@80: 0.7239
Epoch 111/150 | Train Loss: 0.0134 | Epoch Time: 0.41s | Spearman@80: 0.8743 | Kendall@80: 0.7313
Epoch 112/150 | Train Loss: 0.0062 | Epoch Time: 0.41s | Spearman@80: 0.8828 | Kendall@80: 0.7366
Epoch 113/150 | Train Loss: 0.0154 | Epoch Time: 0.41s | Spearman@80: 0.8818 | Kendall@80: 0.7376
Epoch 114/150 | Train Loss: 0.0105 | Epoch Time: 0.40s | Spearman@80: 0.8792 | Kendall@80: 0.7309
Epoch 115/150 | Train Loss: 0.0086 | Epoch Time: 0.42s | Spearman@80: 0.8813 | Kendall@80: 0.7319
Epoch 116/150 | Train Loss: 0.0116 | Epoch Time: 0.40s | Spearman@80: 0.8809 | Kendall@80: 0.7307
Epoch 117/150 | Train Loss: 0.0093 | Epoch Time: 0.40s | Spearman@80: 0.8699 | Kendall@80: 0.7182
Epoch 118/150 | Train Loss: 0.0113 | Epoch Time: 0.41s | Spearman@80: 0.8710 | Kendall@80: 0.7226
Epoch 119/150 | Train Loss: 0.0098 | Epoch Time: 0.41s | Spearman@80: 0.8672 | Kendall@80: 0.7182
Epoch 120/150 | Train Loss: 0.0102 | Epoch Time: 0.40s | Spearman@80: 0.8738 | Kendall@80: 0.7243
Epoch 121/150 | Train Loss: 0.0066 | Epoch Time: 0.41s | Spearman@80: 0.8773 | Kendall@80: 0.7283
Epoch 122/150 | Train Loss: 0.0113 | Epoch Time: 0.40s | Spearman@80: 0.8729 | Kendall@80: 0.7201
Epoch 123/150 | Train Loss: 0.0137 | Epoch Time: 0.41s | Spearman@80: 0.8735 | Kendall@80: 0.7207
Epoch 124/150 | Train Loss: 0.0134 | Epoch Time: 0.41s | Spearman@80: 0.8700 | Kendall@80: 0.7144
Epoch 125/150 | Train Loss: 0.0130 | Epoch Time: 0.41s | Spearman@80: 0.8748 | Kendall@80: 0.7269
Epoch 126/150 | Train Loss: 0.0125 | Epoch Time: 0.41s | Spearman@80: 0.8848 | Kendall@80: 0.7397
Epoch 127/150 | Train Loss: 0.0116 | Epoch Time: 0.41s | Spearman@80: 0.8821 | Kendall@80: 0.7370
Epoch 128/150 | Train Loss: 0.0097 | Epoch Time: 0.41s | Spearman@80: 0.8834 | Kendall@80: 0.7385
Epoch 129/150 | Train Loss: 0.0105 | Epoch Time: 0.42s | Spearman@80: 0.8799 | Kendall@80: 0.7336
Epoch 130/150 | Train Loss: 0.0119 | Epoch Time: 0.40s | Spearman@80: 0.8749 | Kendall@80: 0.7290
Epoch 131/150 | Train Loss: 0.0128 | Epoch Time: 0.40s | Spearman@80: 0.8750 | Kendall@80: 0.7252
Epoch 132/150 | Train Loss: 0.0081 | Epoch Time: 0.42s | Spearman@80: 0.8778 | Kendall@80: 0.7302
Epoch 133/150 | Train Loss: 0.0103 | Epoch Time: 0.40s | Spearman@80: 0.8832 | Kendall@80: 0.7410
Epoch 134/150 | Train Loss: 0.0113 | Epoch Time: 0.41s | Spearman@80: 0.8785 | Kendall@80: 0.7334
Epoch 135/150 | Train Loss: 0.0096 | Epoch Time: 0.41s | Spearman@80: 0.8800 | Kendall@80: 0.7359
Epoch 136/150 | Train Loss: 0.0083 | Epoch Time: 0.40s | Spearman@80: 0.8768 | Kendall@80: 0.7296
Epoch 137/150 | Train Loss: 0.0110 | Epoch Time: 0.41s | Spearman@80: 0.8761 | Kendall@80: 0.7271
Epoch 138/150 | Train Loss: 0.0159 | Epoch Time: 0.41s | Spearman@80: 0.8776 | Kendall@80: 0.7315
Epoch 139/150 | Train Loss: 0.0113 | Epoch Time: 0.41s | Spearman@80: 0.8769 | Kendall@80: 0.7283
Epoch 140/150 | Train Loss: 0.0137 | Epoch Time: 0.41s | Spearman@80: 0.8766 | Kendall@80: 0.7277
Epoch 141/150 | Train Loss: 0.0087 | Epoch Time: 0.41s | Spearman@80: 0.8727 | Kendall@80: 0.7182
Epoch 142/150 | Train Loss: 0.0120 | Epoch Time: 0.40s | Spearman@80: 0.8740 | Kendall@80: 0.7239
Epoch 143/150 | Train Loss: 0.0079 | Epoch Time: 0.42s | Spearman@80: 0.8769 | Kendall@80: 0.7315
Epoch 144/150 | Train Loss: 0.0138 | Epoch Time: 0.40s | Spearman@80: 0.8801 | Kendall@80: 0.7372
Epoch 145/150 | Train Loss: 0.0107 | Epoch Time: 0.42s | Spearman@80: 0.8757 | Kendall@80: 0.7264
Epoch 146/150 | Train Loss: 0.0111 | Epoch Time: 0.42s | Spearman@80: 0.8754 | Kendall@80: 0.7252
Epoch 147/150 | Train Loss: 0.0087 | Epoch Time: 2.22s | Spearman@15560: 0.9115 | Kendall@15560: 0.7613
Epoch 148/150 | Train Loss: 0.0111 | Epoch Time: 2.08s | Spearman@15560: 0.9127 | Kendall@15560: 0.7629
Epoch 149/150 | Train Loss: 0.0107 | Epoch Time: 2.01s | Spearman@15560: 0.9131 | Kendall@15560: 0.7627
Epoch 150/150 | Train Loss: 0.0090 | Epoch Time: 2.04s | Spearman@15560: 0.9135 | Kendall@15560: 0.7634
Sample Count: 64, Spearman: 0.912695106163987, Kendall: 0.7625820651619667
{64: (0.912695106163987, 0.7625820651619667),
 128: (0.9233030277129601, 0.7743609136413943)}
Epoch 1/150 | Train Loss: 0.0959 | Epoch Time: 0.73s | Spearman@80: 0.4655 | Kendall@80: 0.3268
Epoch 2/150 | Train Loss: 0.0624 | Epoch Time: 0.77s | Spearman@80: 0.8451 | Kendall@80: 0.6422
Epoch 3/150 | Train Loss: 0.0401 | Epoch Time: 0.80s | Spearman@80: 0.8855 | Kendall@80: 0.7153
Epoch 4/150 | Train Loss: 0.0421 | Epoch Time: 0.79s | Spearman@80: 0.8617 | Kendall@80: 0.6753
Epoch 5/150 | Train Loss: 0.0359 | Epoch Time: 0.81s | Spearman@80: 0.9012 | Kendall@80: 0.7330
Epoch 6/150 | Train Loss: 0.0311 | Epoch Time: 0.80s | Spearman@80: 0.9003 | Kendall@80: 0.7271
Epoch 7/150 | Train Loss: 0.0432 | Epoch Time: 0.80s | Spearman@80: 0.9215 | Kendall@80: 0.7628
Epoch 8/150 | Train Loss: 0.0395 | Epoch Time: 0.81s | Spearman@80: 0.9209 | Kendall@80: 0.7630
Epoch 9/150 | Train Loss: 0.0388 | Epoch Time: 0.81s | Spearman@80: 0.8956 | Kendall@80: 0.7280
Epoch 10/150 | Train Loss: 0.0340 | Epoch Time: 0.79s | Spearman@80: 0.9166 | Kendall@80: 0.7603
Epoch 11/150 | Train Loss: 0.0371 | Epoch Time: 0.80s | Spearman@80: 0.9296 | Kendall@80: 0.7867
Epoch 12/150 | Train Loss: 0.0351 | Epoch Time: 0.80s | Spearman@80: 0.8967 | Kendall@80: 0.7278
Epoch 13/150 | Train Loss: 0.0290 | Epoch Time: 0.80s | Spearman@80: 0.9152 | Kendall@80: 0.7597
Epoch 14/150 | Train Loss: 0.0294 | Epoch Time: 0.81s | Spearman@80: 0.9071 | Kendall@80: 0.7347
Epoch 15/150 | Train Loss: 0.0348 | Epoch Time: 0.80s | Spearman@80: 0.9118 | Kendall@80: 0.7508
Epoch 16/150 | Train Loss: 0.0319 | Epoch Time: 0.81s | Spearman@80: 0.9250 | Kendall@80: 0.7736
Epoch 17/150 | Train Loss: 0.0371 | Epoch Time: 0.79s | Spearman@80: 0.9085 | Kendall@80: 0.7472
Epoch 18/150 | Train Loss: 0.0326 | Epoch Time: 0.80s | Spearman@80: 0.9243 | Kendall@80: 0.7806
Epoch 19/150 | Train Loss: 0.0342 | Epoch Time: 0.80s | Spearman@80: 0.9011 | Kendall@80: 0.7400
Epoch 20/150 | Train Loss: 0.0332 | Epoch Time: 0.80s | Spearman@80: 0.9028 | Kendall@80: 0.7468
Epoch 21/150 | Train Loss: 0.0299 | Epoch Time: 0.81s | Spearman@80: 0.9118 | Kendall@80: 0.7597
Epoch 22/150 | Train Loss: 0.0341 | Epoch Time: 0.82s | Spearman@80: 0.9208 | Kendall@80: 0.7698
Epoch 23/150 | Train Loss: 0.0291 | Epoch Time: 0.80s | Spearman@80: 0.9260 | Kendall@80: 0.7749
Epoch 24/150 | Train Loss: 0.0320 | Epoch Time: 0.80s | Spearman@80: 0.9126 | Kendall@80: 0.7546
Epoch 25/150 | Train Loss: 0.0278 | Epoch Time: 0.79s | Spearman@80: 0.9256 | Kendall@80: 0.7760
Epoch 26/150 | Train Loss: 0.0283 | Epoch Time: 0.78s | Spearman@80: 0.9046 | Kendall@80: 0.7311
Epoch 27/150 | Train Loss: 0.0328 | Epoch Time: 0.80s | Spearman@80: 0.9158 | Kendall@80: 0.7641
Epoch 28/150 | Train Loss: 0.0323 | Epoch Time: 0.80s | Spearman@80: 0.9116 | Kendall@80: 0.7597
Epoch 29/150 | Train Loss: 0.0313 | Epoch Time: 0.79s | Spearman@80: 0.9081 | Kendall@80: 0.7620
Epoch 30/150 | Train Loss: 0.0278 | Epoch Time: 0.81s | Spearman@80: 0.8972 | Kendall@80: 0.7392
Epoch 31/150 | Train Loss: 0.0308 | Epoch Time: 0.80s | Spearman@80: 0.9205 | Kendall@80: 0.7717
Epoch 32/150 | Train Loss: 0.0289 | Epoch Time: 0.80s | Spearman@80: 0.8962 | Kendall@80: 0.7259
Epoch 33/150 | Train Loss: 0.0345 | Epoch Time: 0.81s | Spearman@80: 0.9157 | Kendall@80: 0.7580
Epoch 34/150 | Train Loss: 0.0283 | Epoch Time: 0.80s | Spearman@80: 0.9121 | Kendall@80: 0.7578
Epoch 35/150 | Train Loss: 0.0298 | Epoch Time: 0.79s | Spearman@80: 0.9104 | Kendall@80: 0.7563
Epoch 36/150 | Train Loss: 0.0290 | Epoch Time: 0.80s | Spearman@80: 0.9189 | Kendall@80: 0.7647
Epoch 37/150 | Train Loss: 0.0304 | Epoch Time: 0.79s | Spearman@80: 0.8955 | Kendall@80: 0.7250
Epoch 38/150 | Train Loss: 0.0268 | Epoch Time: 0.80s | Spearman@80: 0.9160 | Kendall@80: 0.7696
Epoch 39/150 | Train Loss: 0.0379 | Epoch Time: 0.80s | Spearman@80: 0.9219 | Kendall@80: 0.7730
Epoch 40/150 | Train Loss: 0.0286 | Epoch Time: 0.80s | Spearman@80: 0.9209 | Kendall@80: 0.7705
Epoch 41/150 | Train Loss: 0.0281 | Epoch Time: 0.78s | Spearman@80: 0.9116 | Kendall@80: 0.7559
Epoch 42/150 | Train Loss: 0.0294 | Epoch Time: 0.79s | Spearman@80: 0.9022 | Kendall@80: 0.7451
Epoch 43/150 | Train Loss: 0.0269 | Epoch Time: 0.79s | Spearman@80: 0.9070 | Kendall@80: 0.7533
Epoch 44/150 | Train Loss: 0.0284 | Epoch Time: 0.78s | Spearman@80: 0.9128 | Kendall@80: 0.7665
Epoch 45/150 | Train Loss: 0.0346 | Epoch Time: 0.78s | Spearman@80: 0.9016 | Kendall@80: 0.7440
Epoch 46/150 | Train Loss: 0.0283 | Epoch Time: 0.80s | Spearman@80: 0.9126 | Kendall@80: 0.7622
Epoch 47/150 | Train Loss: 0.0307 | Epoch Time: 0.80s | Spearman@80: 0.9073 | Kendall@80: 0.7481
Epoch 48/150 | Train Loss: 0.0308 | Epoch Time: 0.79s | Spearman@80: 0.9128 | Kendall@80: 0.7516
Epoch 49/150 | Train Loss: 0.0258 | Epoch Time: 0.78s | Spearman@80: 0.9068 | Kendall@80: 0.7478
Epoch 50/150 | Train Loss: 0.0308 | Epoch Time: 0.80s | Spearman@80: 0.8930 | Kendall@80: 0.7309
Epoch 51/150 | Train Loss: 0.0250 | Epoch Time: 0.82s | Spearman@80: 0.8935 | Kendall@80: 0.7424
Epoch 52/150 | Train Loss: 0.0229 | Epoch Time: 0.79s | Spearman@80: 0.9121 | Kendall@80: 0.7521
Epoch 53/150 | Train Loss: 0.0279 | Epoch Time: 0.79s | Spearman@80: 0.9181 | Kendall@80: 0.7705
Epoch 54/150 | Train Loss: 0.0236 | Epoch Time: 0.81s | Spearman@80: 0.9281 | Kendall@80: 0.7850
Epoch 55/150 | Train Loss: 0.0287 | Epoch Time: 0.80s | Spearman@80: 0.9317 | Kendall@80: 0.7854
Epoch 56/150 | Train Loss: 0.0254 | Epoch Time: 0.79s | Spearman@80: 0.9238 | Kendall@80: 0.7746
Epoch 57/150 | Train Loss: 0.0312 | Epoch Time: 0.78s | Spearman@80: 0.9255 | Kendall@80: 0.7770
Epoch 58/150 | Train Loss: 0.0238 | Epoch Time: 0.80s | Spearman@80: 0.9173 | Kendall@80: 0.7689
Epoch 59/150 | Train Loss: 0.0304 | Epoch Time: 0.80s | Spearman@80: 0.9048 | Kendall@80: 0.7516
Epoch 60/150 | Train Loss: 0.0354 | Epoch Time: 0.80s | Spearman@80: 0.8899 | Kendall@80: 0.7271
Epoch 61/150 | Train Loss: 0.0298 | Epoch Time: 0.79s | Spearman@80: 0.9180 | Kendall@80: 0.7734
Epoch 62/150 | Train Loss: 0.0306 | Epoch Time: 0.80s | Spearman@80: 0.9254 | Kendall@80: 0.7857
Epoch 63/150 | Train Loss: 0.0247 | Epoch Time: 0.78s | Spearman@80: 0.9130 | Kendall@80: 0.7597
Epoch 64/150 | Train Loss: 0.0225 | Epoch Time: 0.79s | Spearman@80: 0.9132 | Kendall@80: 0.7654
Epoch 65/150 | Train Loss: 0.0205 | Epoch Time: 0.80s | Spearman@80: 0.9015 | Kendall@80: 0.7487
Epoch 66/150 | Train Loss: 0.0251 | Epoch Time: 0.79s | Spearman@80: 0.9139 | Kendall@80: 0.7607
Epoch 67/150 | Train Loss: 0.0255 | Epoch Time: 0.79s | Spearman@80: 0.9185 | Kendall@80: 0.7725
Epoch 68/150 | Train Loss: 0.0281 | Epoch Time: 0.79s | Spearman@80: 0.9211 | Kendall@80: 0.7764
Epoch 69/150 | Train Loss: 0.0246 | Epoch Time: 0.80s | Spearman@80: 0.9041 | Kendall@80: 0.7489
Epoch 70/150 | Train Loss: 0.0261 | Epoch Time: 0.80s | Spearman@80: 0.9029 | Kendall@80: 0.7459
Epoch 71/150 | Train Loss: 0.0217 | Epoch Time: 0.79s | Spearman@80: 0.9191 | Kendall@80: 0.7724
Epoch 72/150 | Train Loss: 0.0288 | Epoch Time: 0.80s | Spearman@80: 0.9251 | Kendall@80: 0.7789
Epoch 73/150 | Train Loss: 0.0212 | Epoch Time: 0.78s | Spearman@80: 0.9316 | Kendall@80: 0.7920
Epoch 74/150 | Train Loss: 0.0245 | Epoch Time: 0.78s | Spearman@80: 0.9218 | Kendall@80: 0.7740
Epoch 75/150 | Train Loss: 0.0246 | Epoch Time: 0.78s | Spearman@80: 0.9284 | Kendall@80: 0.7855
Epoch 76/150 | Train Loss: 0.0235 | Epoch Time: 0.78s | Spearman@80: 0.9220 | Kendall@80: 0.7781
Epoch 77/150 | Train Loss: 0.0227 | Epoch Time: 0.79s | Spearman@80: 0.9134 | Kendall@80: 0.7609
Epoch 78/150 | Train Loss: 0.0218 | Epoch Time: 0.78s | Spearman@80: 0.9171 | Kendall@80: 0.7677
Epoch 79/150 | Train Loss: 0.0246 | Epoch Time: 0.79s | Spearman@80: 0.9182 | Kendall@80: 0.7668
Epoch 80/150 | Train Loss: 0.0271 | Epoch Time: 0.80s | Spearman@80: 0.9172 | Kendall@80: 0.7717
Epoch 81/150 | Train Loss: 0.0235 | Epoch Time: 0.78s | Spearman@80: 0.9230 | Kendall@80: 0.7762
Epoch 82/150 | Train Loss: 0.0217 | Epoch Time: 0.79s | Spearman@80: 0.9244 | Kendall@80: 0.7817
Epoch 83/150 | Train Loss: 0.0215 | Epoch Time: 0.78s | Spearman@80: 0.9162 | Kendall@80: 0.7724
Epoch 84/150 | Train Loss: 0.0266 | Epoch Time: 0.79s | Spearman@80: 0.9131 | Kendall@80: 0.7616
Epoch 85/150 | Train Loss: 0.0197 | Epoch Time: 0.78s | Spearman@80: 0.9110 | Kendall@80: 0.7633
Epoch 86/150 | Train Loss: 0.0217 | Epoch Time: 0.80s | Spearman@80: 0.9222 | Kendall@80: 0.7795
Epoch 87/150 | Train Loss: 0.0269 | Epoch Time: 0.80s | Spearman@80: 0.9139 | Kendall@80: 0.7628
Epoch 88/150 | Train Loss: 0.0200 | Epoch Time: 0.80s | Spearman@80: 0.9204 | Kendall@80: 0.7772
Epoch 89/150 | Train Loss: 0.0194 | Epoch Time: 0.82s | Spearman@80: 0.9247 | Kendall@80: 0.7850
Epoch 90/150 | Train Loss: 0.0195 | Epoch Time: 0.78s | Spearman@80: 0.9187 | Kendall@80: 0.7730
Epoch 91/150 | Train Loss: 0.0195 | Epoch Time: 0.82s | Spearman@80: 0.9171 | Kendall@80: 0.7734
Epoch 92/150 | Train Loss: 0.0184 | Epoch Time: 0.81s | Spearman@80: 0.9288 | Kendall@80: 0.7854
Epoch 93/150 | Train Loss: 0.0183 | Epoch Time: 0.80s | Spearman@80: 0.9343 | Kendall@80: 0.7996
Epoch 94/150 | Train Loss: 0.0211 | Epoch Time: 0.82s | Spearman@80: 0.9134 | Kendall@80: 0.7588
Epoch 95/150 | Train Loss: 0.0228 | Epoch Time: 0.81s | Spearman@80: 0.9196 | Kendall@80: 0.7787
Epoch 96/150 | Train Loss: 0.0203 | Epoch Time: 0.82s | Spearman@80: 0.9205 | Kendall@80: 0.7755
Epoch 97/150 | Train Loss: 0.0253 | Epoch Time: 0.82s | Spearman@80: 0.9225 | Kendall@80: 0.7823
Epoch 98/150 | Train Loss: 0.0201 | Epoch Time: 0.80s | Spearman@80: 0.9255 | Kendall@80: 0.7836
Epoch 99/150 | Train Loss: 0.0213 | Epoch Time: 0.80s | Spearman@80: 0.9267 | Kendall@80: 0.7911
Epoch 100/150 | Train Loss: 0.0183 | Epoch Time: 0.79s | Spearman@80: 0.9232 | Kendall@80: 0.7810
Epoch 101/150 | Train Loss: 0.0191 | Epoch Time: 0.80s | Spearman@80: 0.9221 | Kendall@80: 0.7846
Epoch 102/150 | Train Loss: 0.0213 | Epoch Time: 0.80s | Spearman@80: 0.9255 | Kendall@80: 0.7880
Epoch 103/150 | Train Loss: 0.0205 | Epoch Time: 0.80s | Spearman@80: 0.9230 | Kendall@80: 0.7821
Epoch 104/150 | Train Loss: 0.0194 | Epoch Time: 0.79s | Spearman@80: 0.9233 | Kendall@80: 0.7842
Epoch 105/150 | Train Loss: 0.0207 | Epoch Time: 0.80s | Spearman@80: 0.9212 | Kendall@80: 0.7785
Epoch 106/150 | Train Loss: 0.0177 | Epoch Time: 0.80s | Spearman@80: 0.9241 | Kendall@80: 0.7886
Epoch 107/150 | Train Loss: 0.0192 | Epoch Time: 0.80s | Spearman@80: 0.9243 | Kendall@80: 0.7895
Epoch 108/150 | Train Loss: 0.0192 | Epoch Time: 0.78s | Spearman@80: 0.9231 | Kendall@80: 0.7831
Epoch 109/150 | Train Loss: 0.0213 | Epoch Time: 0.82s | Spearman@80: 0.9327 | Kendall@80: 0.7971
Epoch 110/150 | Train Loss: 0.0178 | Epoch Time: 0.82s | Spearman@80: 0.9284 | Kendall@80: 0.7907
Epoch 111/150 | Train Loss: 0.0185 | Epoch Time: 0.80s | Spearman@80: 0.9245 | Kendall@80: 0.7829
Epoch 112/150 | Train Loss: 0.0177 | Epoch Time: 0.82s | Spearman@80: 0.9267 | Kendall@80: 0.7882
Epoch 113/150 | Train Loss: 0.0178 | Epoch Time: 0.81s | Spearman@80: 0.9247 | Kendall@80: 0.7857
Epoch 114/150 | Train Loss: 0.0227 | Epoch Time: 0.82s | Spearman@80: 0.9256 | Kendall@80: 0.7892
Epoch 115/150 | Train Loss: 0.0210 | Epoch Time: 0.79s | Spearman@80: 0.9267 | Kendall@80: 0.7876
Epoch 116/150 | Train Loss: 0.0230 | Epoch Time: 0.81s | Spearman@80: 0.9275 | Kendall@80: 0.7899
Epoch 117/150 | Train Loss: 0.0235 | Epoch Time: 0.81s | Spearman@80: 0.9292 | Kendall@80: 0.7880
Epoch 118/150 | Train Loss: 0.0205 | Epoch Time: 0.82s | Spearman@80: 0.9269 | Kendall@80: 0.7886
Epoch 119/150 | Train Loss: 0.0156 | Epoch Time: 0.81s | Spearman@80: 0.9331 | Kendall@80: 0.8009
Epoch 120/150 | Train Loss: 0.0163 | Epoch Time: 0.80s | Spearman@80: 0.9288 | Kendall@80: 0.7846
Epoch 121/150 | Train Loss: 0.0183 | Epoch Time: 0.82s | Spearman@80: 0.9352 | Kendall@80: 0.7996
Epoch 122/150 | Train Loss: 0.0185 | Epoch Time: 0.80s | Spearman@80: 0.9352 | Kendall@80: 0.7988
Epoch 123/150 | Train Loss: 0.0181 | Epoch Time: 0.80s | Spearman@80: 0.9358 | Kendall@80: 0.8006
Epoch 124/150 | Train Loss: 0.0161 | Epoch Time: 0.79s | Spearman@80: 0.9267 | Kendall@80: 0.7869
Epoch 125/150 | Train Loss: 0.0179 | Epoch Time: 0.80s | Spearman@80: 0.9309 | Kendall@80: 0.7920
Epoch 126/150 | Train Loss: 0.0211 | Epoch Time: 0.79s | Spearman@80: 0.9351 | Kendall@80: 0.7992
Epoch 127/150 | Train Loss: 0.0152 | Epoch Time: 0.82s | Spearman@80: 0.9359 | Kendall@80: 0.7996
Epoch 128/150 | Train Loss: 0.0192 | Epoch Time: 0.80s | Spearman@80: 0.9357 | Kendall@80: 0.7971
Epoch 129/150 | Train Loss: 0.0200 | Epoch Time: 0.83s | Spearman@80: 0.9374 | Kendall@80: 0.8019
Epoch 130/150 | Train Loss: 0.0158 | Epoch Time: 0.79s | Spearman@80: 0.9323 | Kendall@80: 0.7933
Epoch 131/150 | Train Loss: 0.0157 | Epoch Time: 0.82s | Spearman@80: 0.9297 | Kendall@80: 0.7939
Epoch 132/150 | Train Loss: 0.0163 | Epoch Time: 0.82s | Spearman@80: 0.9378 | Kendall@80: 0.8051
Epoch 133/150 | Train Loss: 0.0162 | Epoch Time: 0.82s | Spearman@80: 0.9336 | Kendall@80: 0.7968
Epoch 134/150 | Train Loss: 0.0167 | Epoch Time: 0.83s | Spearman@80: 0.9371 | Kendall@80: 0.8013
Epoch 135/150 | Train Loss: 0.0178 | Epoch Time: 0.81s | Spearman@80: 0.9372 | Kendall@80: 0.8023
Epoch 136/150 | Train Loss: 0.0163 | Epoch Time: 0.81s | Spearman@80: 0.9342 | Kendall@80: 0.8011
Epoch 137/150 | Train Loss: 0.0222 | Epoch Time: 0.79s | Spearman@80: 0.9362 | Kendall@80: 0.8028
Epoch 138/150 | Train Loss: 0.0144 | Epoch Time: 0.81s | Spearman@80: 0.9333 | Kendall@80: 0.7971
Epoch 139/150 | Train Loss: 0.0131 | Epoch Time: 0.80s | Spearman@80: 0.9330 | Kendall@80: 0.7941
Epoch 140/150 | Train Loss: 0.0171 | Epoch Time: 0.78s | Spearman@80: 0.9332 | Kendall@80: 0.7958
Epoch 141/150 | Train Loss: 0.0143 | Epoch Time: 0.79s | Spearman@80: 0.9351 | Kendall@80: 0.7989
Epoch 142/150 | Train Loss: 0.0166 | Epoch Time: 0.81s | Spearman@80: 0.9288 | Kendall@80: 0.7871
Epoch 143/150 | Train Loss: 0.0165 | Epoch Time: 0.80s | Spearman@80: 0.9350 | Kendall@80: 0.7966
Epoch 144/150 | Train Loss: 0.0155 | Epoch Time: 0.80s | Spearman@80: 0.9311 | Kendall@80: 0.7952
Epoch 145/150 | Train Loss: 0.0131 | Epoch Time: 0.80s | Spearman@80: 0.9345 | Kendall@80: 0.7987
Epoch 146/150 | Train Loss: 0.0156 | Epoch Time: 0.78s | Spearman@80: 0.9353 | Kendall@80: 0.7973
Epoch 147/150 | Train Loss: 0.0153 | Epoch Time: 2.60s | Spearman@15496: 0.9402 | Kendall@15496: 0.8056
Epoch 148/150 | Train Loss: 0.0213 | Epoch Time: 2.40s | Spearman@15496: 0.9400 | Kendall@15496: 0.8059
Epoch 149/150 | Train Loss: 0.0208 | Epoch Time: 2.40s | Spearman@15496: 0.9392 | Kendall@15496: 0.8043
Epoch 150/150 | Train Loss: 0.0130 | Epoch Time: 2.38s | Spearman@15496: 0.9393 | Kendall@15496: 0.8049
Sample Count: 128, Spearman: 0.9396866124870638, Kendall: 0.8051584076765216
{64: (0.912695106163987, 0.7625820651619667),
 128: (0.9396866124870638, 0.8051584076765216)}
Epoch 1/150 | Train Loss: 0.0994 | Epoch Time: 0.36s | Spearman@80: 0.3420 | Kendall@80: 0.2338
Epoch 2/150 | Train Loss: 0.0839 | Epoch Time: 0.37s | Spearman@80: 0.5556 | Kendall@80: 0.3962
Epoch 3/150 | Train Loss: 0.0492 | Epoch Time: 0.35s | Spearman@80: 0.8384 | Kendall@80: 0.6366
Epoch 4/150 | Train Loss: 0.0417 | Epoch Time: 0.37s | Spearman@80: 0.8161 | Kendall@80: 0.6309
Epoch 5/150 | Train Loss: 0.0396 | Epoch Time: 0.38s | Spearman@80: 0.7487 | Kendall@80: 0.5516
Epoch 6/150 | Train Loss: 0.0516 | Epoch Time: 0.40s | Spearman@80: 0.8025 | Kendall@80: 0.6220
Epoch 7/150 | Train Loss: 0.0445 | Epoch Time: 0.41s | Spearman@80: 0.8071 | Kendall@80: 0.6201
Epoch 8/150 | Train Loss: 0.0370 | Epoch Time: 0.40s | Spearman@80: 0.8809 | Kendall@80: 0.7052
Epoch 9/150 | Train Loss: 0.0453 | Epoch Time: 0.40s | Spearman@80: 0.8475 | Kendall@80: 0.6692
Epoch 10/150 | Train Loss: 0.0303 | Epoch Time: 0.40s | Spearman@80: 0.8745 | Kendall@80: 0.6906
Epoch 11/150 | Train Loss: 0.0290 | Epoch Time: 0.40s | Spearman@80: 0.8880 | Kendall@80: 0.7066
Epoch 12/150 | Train Loss: 0.0261 | Epoch Time: 0.40s | Spearman@80: 0.8661 | Kendall@80: 0.6874
Epoch 13/150 | Train Loss: 0.0295 | Epoch Time: 0.40s | Spearman@80: 0.8876 | Kendall@80: 0.7102
Epoch 14/150 | Train Loss: 0.0370 | Epoch Time: 0.40s | Spearman@80: 0.8914 | Kendall@80: 0.7136
Epoch 15/150 | Train Loss: 0.0359 | Epoch Time: 0.40s | Spearman@80: 0.8756 | Kendall@80: 0.7009
Epoch 16/150 | Train Loss: 0.0351 | Epoch Time: 0.41s | Spearman@80: 0.8973 | Kendall@80: 0.7307
Epoch 17/150 | Train Loss: 0.0305 | Epoch Time: 0.40s | Spearman@80: 0.9050 | Kendall@80: 0.7409
Epoch 18/150 | Train Loss: 0.0320 | Epoch Time: 0.41s | Spearman@80: 0.9012 | Kendall@80: 0.7377
Epoch 19/150 | Train Loss: 0.0339 | Epoch Time: 0.40s | Spearman@80: 0.9063 | Kendall@80: 0.7472
Epoch 20/150 | Train Loss: 0.0225 | Epoch Time: 0.40s | Spearman@80: 0.8892 | Kendall@80: 0.7231
Epoch 21/150 | Train Loss: 0.0251 | Epoch Time: 0.41s | Spearman@80: 0.9075 | Kendall@80: 0.7458
Epoch 22/150 | Train Loss: 0.0252 | Epoch Time: 0.40s | Spearman@80: 0.8987 | Kendall@80: 0.7331
Epoch 23/150 | Train Loss: 0.0255 | Epoch Time: 0.40s | Spearman@80: 0.9003 | Kendall@80: 0.7358
Epoch 24/150 | Train Loss: 0.0255 | Epoch Time: 0.41s | Spearman@80: 0.9021 | Kendall@80: 0.7388
Epoch 25/150 | Train Loss: 0.0245 | Epoch Time: 0.41s | Spearman@80: 0.9178 | Kendall@80: 0.7656
Epoch 26/150 | Train Loss: 0.0244 | Epoch Time: 0.41s | Spearman@80: 0.9100 | Kendall@80: 0.7527
Epoch 27/150 | Train Loss: 0.0260 | Epoch Time: 0.41s | Spearman@80: 0.9076 | Kendall@80: 0.7534
Epoch 28/150 | Train Loss: 0.0227 | Epoch Time: 0.41s | Spearman@80: 0.8917 | Kendall@80: 0.7282
Epoch 29/150 | Train Loss: 0.0241 | Epoch Time: 0.41s | Spearman@80: 0.8852 | Kendall@80: 0.7161
Epoch 30/150 | Train Loss: 0.0264 | Epoch Time: 0.41s | Spearman@80: 0.8952 | Kendall@80: 0.7343
Epoch 31/150 | Train Loss: 0.0276 | Epoch Time: 0.41s | Spearman@80: 0.9079 | Kendall@80: 0.7504
Epoch 32/150 | Train Loss: 0.0293 | Epoch Time: 0.42s | Spearman@80: 0.9052 | Kendall@80: 0.7510
Epoch 33/150 | Train Loss: 0.0249 | Epoch Time: 0.41s | Spearman@80: 0.9012 | Kendall@80: 0.7413
Epoch 34/150 | Train Loss: 0.0230 | Epoch Time: 0.41s | Spearman@80: 0.9054 | Kendall@80: 0.7504
Epoch 35/150 | Train Loss: 0.0271 | Epoch Time: 0.41s | Spearman@80: 0.9059 | Kendall@80: 0.7508
Epoch 36/150 | Train Loss: 0.0215 | Epoch Time: 0.41s | Spearman@80: 0.9163 | Kendall@80: 0.7623
Epoch 37/150 | Train Loss: 0.0190 | Epoch Time: 0.40s | Spearman@80: 0.9107 | Kendall@80: 0.7553
Epoch 38/150 | Train Loss: 0.0283 | Epoch Time: 0.40s | Spearman@80: 0.8910 | Kendall@80: 0.7286
Epoch 39/150 | Train Loss: 0.0202 | Epoch Time: 0.42s | Spearman@80: 0.8821 | Kendall@80: 0.7155
Epoch 40/150 | Train Loss: 0.0256 | Epoch Time: 0.41s | Spearman@80: 0.8725 | Kendall@80: 0.6952
Epoch 41/150 | Train Loss: 0.0273 | Epoch Time: 0.41s | Spearman@80: 0.8951 | Kendall@80: 0.7307
Epoch 42/150 | Train Loss: 0.0213 | Epoch Time: 0.41s | Spearman@80: 0.8958 | Kendall@80: 0.7305
Epoch 43/150 | Train Loss: 0.0170 | Epoch Time: 0.39s | Spearman@80: 0.9104 | Kendall@80: 0.7470
Epoch 44/150 | Train Loss: 0.0153 | Epoch Time: 0.40s | Spearman@80: 0.9198 | Kendall@80: 0.7675
Epoch 45/150 | Train Loss: 0.0299 | Epoch Time: 0.40s | Spearman@80: 0.9189 | Kendall@80: 0.7705
Epoch 46/150 | Train Loss: 0.0237 | Epoch Time: 0.41s | Spearman@80: 0.9112 | Kendall@80: 0.7642
Epoch 47/150 | Train Loss: 0.0250 | Epoch Time: 0.41s | Spearman@80: 0.8976 | Kendall@80: 0.7381
Epoch 48/150 | Train Loss: 0.0256 | Epoch Time: 0.42s | Spearman@80: 0.8814 | Kendall@80: 0.7123
Epoch 49/150 | Train Loss: 0.0241 | Epoch Time: 0.41s | Spearman@80: 0.8923 | Kendall@80: 0.7248
Epoch 50/150 | Train Loss: 0.0314 | Epoch Time: 0.42s | Spearman@80: 0.8945 | Kendall@80: 0.7263
Epoch 51/150 | Train Loss: 0.0242 | Epoch Time: 0.41s | Spearman@80: 0.8935 | Kendall@80: 0.7269
Epoch 52/150 | Train Loss: 0.0205 | Epoch Time: 0.41s | Spearman@80: 0.8942 | Kendall@80: 0.7250
Epoch 53/150 | Train Loss: 0.0220 | Epoch Time: 0.42s | Spearman@80: 0.9095 | Kendall@80: 0.7523
Epoch 54/150 | Train Loss: 0.0242 | Epoch Time: 0.40s | Spearman@80: 0.8949 | Kendall@80: 0.7314
Epoch 55/150 | Train Loss: 0.0216 | Epoch Time: 0.41s | Spearman@80: 0.9084 | Kendall@80: 0.7548
Epoch 56/150 | Train Loss: 0.0200 | Epoch Time: 0.42s | Spearman@80: 0.9081 | Kendall@80: 0.7498
Epoch 57/150 | Train Loss: 0.0161 | Epoch Time: 0.42s | Spearman@80: 0.9179 | Kendall@80: 0.7675
Epoch 58/150 | Train Loss: 0.0134 | Epoch Time: 0.43s | Spearman@80: 0.9189 | Kendall@80: 0.7605
Epoch 59/150 | Train Loss: 0.0171 | Epoch Time: 0.42s | Spearman@80: 0.9238 | Kendall@80: 0.7749
Epoch 60/150 | Train Loss: 0.0183 | Epoch Time: 0.40s | Spearman@80: 0.9154 | Kendall@80: 0.7663
Epoch 61/150 | Train Loss: 0.0170 | Epoch Time: 0.42s | Spearman@80: 0.9134 | Kendall@80: 0.7574
Epoch 62/150 | Train Loss: 0.0178 | Epoch Time: 0.41s | Spearman@80: 0.9207 | Kendall@80: 0.7762
Epoch 63/150 | Train Loss: 0.0181 | Epoch Time: 0.42s | Spearman@80: 0.9197 | Kendall@80: 0.7775
Epoch 64/150 | Train Loss: 0.0154 | Epoch Time: 0.42s | Spearman@80: 0.9215 | Kendall@80: 0.7762
Epoch 65/150 | Train Loss: 0.0156 | Epoch Time: 0.41s | Spearman@80: 0.9263 | Kendall@80: 0.7777
Epoch 66/150 | Train Loss: 0.0217 | Epoch Time: 0.42s | Spearman@80: 0.9269 | Kendall@80: 0.7758
Epoch 67/150 | Train Loss: 0.0158 | Epoch Time: 0.42s | Spearman@80: 0.9249 | Kendall@80: 0.7701
Epoch 68/150 | Train Loss: 0.0178 | Epoch Time: 0.40s | Spearman@80: 0.9300 | Kendall@80: 0.7878
Epoch 69/150 | Train Loss: 0.0205 | Epoch Time: 0.41s | Spearman@80: 0.9300 | Kendall@80: 0.7885
Epoch 70/150 | Train Loss: 0.0185 | Epoch Time: 0.40s | Spearman@80: 0.9314 | Kendall@80: 0.7866
Epoch 71/150 | Train Loss: 0.0181 | Epoch Time: 0.40s | Spearman@80: 0.9362 | Kendall@80: 0.7940
Epoch 72/150 | Train Loss: 0.0166 | Epoch Time: 0.40s | Spearman@80: 0.9320 | Kendall@80: 0.7967
Epoch 73/150 | Train Loss: 0.0216 | Epoch Time: 0.40s | Spearman@80: 0.9242 | Kendall@80: 0.7838
Epoch 74/150 | Train Loss: 0.0181 | Epoch Time: 0.41s | Spearman@80: 0.9127 | Kendall@80: 0.7631
Epoch 75/150 | Train Loss: 0.0171 | Epoch Time: 0.42s | Spearman@80: 0.9285 | Kendall@80: 0.7796
Epoch 76/150 | Train Loss: 0.0152 | Epoch Time: 0.42s | Spearman@80: 0.9176 | Kendall@80: 0.7682
Epoch 77/150 | Train Loss: 0.0203 | Epoch Time: 0.42s | Spearman@80: 0.9204 | Kendall@80: 0.7726
Epoch 78/150 | Train Loss: 0.0172 | Epoch Time: 0.40s | Spearman@80: 0.9222 | Kendall@80: 0.7749
Epoch 79/150 | Train Loss: 0.0107 | Epoch Time: 0.42s | Spearman@80: 0.9276 | Kendall@80: 0.7853
Epoch 80/150 | Train Loss: 0.0163 | Epoch Time: 0.40s | Spearman@80: 0.9354 | Kendall@80: 0.8003
Epoch 81/150 | Train Loss: 0.0137 | Epoch Time: 0.42s | Spearman@80: 0.9461 | Kendall@80: 0.8168
Epoch 82/150 | Train Loss: 0.0140 | Epoch Time: 0.40s | Spearman@80: 0.9382 | Kendall@80: 0.8043
Epoch 83/150 | Train Loss: 0.0146 | Epoch Time: 0.41s | Spearman@80: 0.9307 | Kendall@80: 0.7853
Epoch 84/150 | Train Loss: 0.0143 | Epoch Time: 0.41s | Spearman@80: 0.9181 | Kendall@80: 0.7656
Epoch 85/150 | Train Loss: 0.0180 | Epoch Time: 0.40s | Spearman@80: 0.9353 | Kendall@80: 0.7997
Epoch 86/150 | Train Loss: 0.0102 | Epoch Time: 0.41s | Spearman@80: 0.9356 | Kendall@80: 0.8011
Epoch 87/150 | Train Loss: 0.0225 | Epoch Time: 0.40s | Spearman@80: 0.9306 | Kendall@80: 0.7876
Epoch 88/150 | Train Loss: 0.0171 | Epoch Time: 0.40s | Spearman@80: 0.9266 | Kendall@80: 0.7777
Epoch 89/150 | Train Loss: 0.0133 | Epoch Time: 0.40s | Spearman@80: 0.9265 | Kendall@80: 0.7815
Epoch 90/150 | Train Loss: 0.0191 | Epoch Time: 0.41s | Spearman@80: 0.9370 | Kendall@80: 0.8037
Epoch 91/150 | Train Loss: 0.0240 | Epoch Time: 0.42s | Spearman@80: 0.9190 | Kendall@80: 0.7688
Epoch 92/150 | Train Loss: 0.0187 | Epoch Time: 0.41s | Spearman@80: 0.9414 | Kendall@80: 0.7961
Epoch 93/150 | Train Loss: 0.0130 | Epoch Time: 0.42s | Spearman@80: 0.9379 | Kendall@80: 0.7980
Epoch 94/150 | Train Loss: 0.0241 | Epoch Time: 0.41s | Spearman@80: 0.9406 | Kendall@80: 0.8049
Epoch 95/150 | Train Loss: 0.0164 | Epoch Time: 0.40s | Spearman@80: 0.9443 | Kendall@80: 0.8113
Epoch 96/150 | Train Loss: 0.0142 | Epoch Time: 0.41s | Spearman@80: 0.9468 | Kendall@80: 0.8138
Epoch 97/150 | Train Loss: 0.0152 | Epoch Time: 0.41s | Spearman@80: 0.9432 | Kendall@80: 0.8119
Epoch 98/150 | Train Loss: 0.0178 | Epoch Time: 0.41s | Spearman@80: 0.9455 | Kendall@80: 0.8119
Epoch 99/150 | Train Loss: 0.0132 | Epoch Time: 0.41s | Spearman@80: 0.9432 | Kendall@80: 0.8088
Epoch 100/150 | Train Loss: 0.0196 | Epoch Time: 0.41s | Spearman@80: 0.9375 | Kendall@80: 0.7973
Epoch 101/150 | Train Loss: 0.0168 | Epoch Time: 0.40s | Spearman@80: 0.9390 | Kendall@80: 0.7967
Epoch 102/150 | Train Loss: 0.0105 | Epoch Time: 0.41s | Spearman@80: 0.9426 | Kendall@80: 0.8049
Epoch 103/150 | Train Loss: 0.0088 | Epoch Time: 0.41s | Spearman@80: 0.9421 | Kendall@80: 0.8081
Epoch 104/150 | Train Loss: 0.0143 | Epoch Time: 0.42s | Spearman@80: 0.9434 | Kendall@80: 0.8075
Epoch 105/150 | Train Loss: 0.0090 | Epoch Time: 0.41s | Spearman@80: 0.9443 | Kendall@80: 0.8145
Epoch 106/150 | Train Loss: 0.0193 | Epoch Time: 0.41s | Spearman@80: 0.9429 | Kendall@80: 0.8069
Epoch 107/150 | Train Loss: 0.0153 | Epoch Time: 0.40s | Spearman@80: 0.9483 | Kendall@80: 0.8233
Epoch 108/150 | Train Loss: 0.0138 | Epoch Time: 0.40s | Spearman@80: 0.9466 | Kendall@80: 0.8157
Epoch 109/150 | Train Loss: 0.0142 | Epoch Time: 0.41s | Spearman@80: 0.9458 | Kendall@80: 0.8138
Epoch 110/150 | Train Loss: 0.0116 | Epoch Time: 0.40s | Spearman@80: 0.9458 | Kendall@80: 0.8132
Epoch 111/150 | Train Loss: 0.0133 | Epoch Time: 0.41s | Spearman@80: 0.9434 | Kendall@80: 0.8056
Epoch 112/150 | Train Loss: 0.0125 | Epoch Time: 0.41s | Spearman@80: 0.9428 | Kendall@80: 0.8060
Epoch 113/150 | Train Loss: 0.0129 | Epoch Time: 0.41s | Spearman@80: 0.9467 | Kendall@80: 0.8200
Epoch 114/150 | Train Loss: 0.0151 | Epoch Time: 0.42s | Spearman@80: 0.9436 | Kendall@80: 0.8100
Epoch 115/150 | Train Loss: 0.0091 | Epoch Time: 0.42s | Spearman@80: 0.9479 | Kendall@80: 0.8221
Epoch 116/150 | Train Loss: 0.0087 | Epoch Time: 0.42s | Spearman@80: 0.9426 | Kendall@80: 0.8113
Epoch 117/150 | Train Loss: 0.0098 | Epoch Time: 0.41s | Spearman@80: 0.9409 | Kendall@80: 0.8062
Epoch 118/150 | Train Loss: 0.0097 | Epoch Time: 0.40s | Spearman@80: 0.9445 | Kendall@80: 0.8138
Epoch 119/150 | Train Loss: 0.0114 | Epoch Time: 0.42s | Spearman@80: 0.9447 | Kendall@80: 0.8119
Epoch 120/150 | Train Loss: 0.0146 | Epoch Time: 0.42s | Spearman@80: 0.9461 | Kendall@80: 0.8170
Epoch 121/150 | Train Loss: 0.0089 | Epoch Time: 0.41s | Spearman@80: 0.9480 | Kendall@80: 0.8183
Epoch 122/150 | Train Loss: 0.0084 | Epoch Time: 0.41s | Spearman@80: 0.9435 | Kendall@80: 0.8107
Epoch 123/150 | Train Loss: 0.0151 | Epoch Time: 0.41s | Spearman@80: 0.9420 | Kendall@80: 0.8081
Epoch 124/150 | Train Loss: 0.0098 | Epoch Time: 0.42s | Spearman@80: 0.9468 | Kendall@80: 0.8164
Epoch 125/150 | Train Loss: 0.0072 | Epoch Time: 0.41s | Spearman@80: 0.9474 | Kendall@80: 0.8206
Epoch 126/150 | Train Loss: 0.0051 | Epoch Time: 0.42s | Spearman@80: 0.9478 | Kendall@80: 0.8195
Epoch 127/150 | Train Loss: 0.0087 | Epoch Time: 0.41s | Spearman@80: 0.9461 | Kendall@80: 0.8176
Epoch 128/150 | Train Loss: 0.0090 | Epoch Time: 0.41s | Spearman@80: 0.9455 | Kendall@80: 0.8138
Epoch 129/150 | Train Loss: 0.0086 | Epoch Time: 0.42s | Spearman@80: 0.9430 | Kendall@80: 0.8100
Epoch 130/150 | Train Loss: 0.0095 | Epoch Time: 0.40s | Spearman@80: 0.9456 | Kendall@80: 0.8157
Epoch 131/150 | Train Loss: 0.0098 | Epoch Time: 0.42s | Spearman@80: 0.9462 | Kendall@80: 0.8157
Epoch 132/150 | Train Loss: 0.0096 | Epoch Time: 0.41s | Spearman@80: 0.9464 | Kendall@80: 0.8170
Epoch 133/150 | Train Loss: 0.0083 | Epoch Time: 0.40s | Spearman@80: 0.9445 | Kendall@80: 0.8132
Epoch 134/150 | Train Loss: 0.0131 | Epoch Time: 0.42s | Spearman@80: 0.9473 | Kendall@80: 0.8183
Epoch 135/150 | Train Loss: 0.0097 | Epoch Time: 0.42s | Spearman@80: 0.9468 | Kendall@80: 0.8170
Epoch 136/150 | Train Loss: 0.0122 | Epoch Time: 0.41s | Spearman@80: 0.9478 | Kendall@80: 0.8157
Epoch 137/150 | Train Loss: 0.0075 | Epoch Time: 0.40s | Spearman@80: 0.9481 | Kendall@80: 0.8202
Epoch 138/150 | Train Loss: 0.0130 | Epoch Time: 0.41s | Spearman@80: 0.9492 | Kendall@80: 0.8227
Epoch 139/150 | Train Loss: 0.0052 | Epoch Time: 0.41s | Spearman@80: 0.9484 | Kendall@80: 0.8227
Epoch 140/150 | Train Loss: 0.0115 | Epoch Time: 0.40s | Spearman@80: 0.9483 | Kendall@80: 0.8208
Epoch 141/150 | Train Loss: 0.0088 | Epoch Time: 0.40s | Spearman@80: 0.9484 | Kendall@80: 0.8195
Epoch 142/150 | Train Loss: 0.0136 | Epoch Time: 0.41s | Spearman@80: 0.9478 | Kendall@80: 0.8195
Epoch 143/150 | Train Loss: 0.0108 | Epoch Time: 0.41s | Spearman@80: 0.9479 | Kendall@80: 0.8202
Epoch 144/150 | Train Loss: 0.0107 | Epoch Time: 0.40s | Spearman@80: 0.9471 | Kendall@80: 0.8189
Epoch 145/150 | Train Loss: 0.0075 | Epoch Time: 0.42s | Spearman@80: 0.9467 | Kendall@80: 0.8174
Epoch 146/150 | Train Loss: 0.0113 | Epoch Time: 0.41s | Spearman@80: 0.9472 | Kendall@80: 0.8183
Epoch 147/150 | Train Loss: 0.0096 | Epoch Time: 2.24s | Spearman@15560: 0.9341 | Kendall@15560: 0.7935
Epoch 148/150 | Train Loss: 0.0106 | Epoch Time: 2.04s | Spearman@15560: 0.9338 | Kendall@15560: 0.7939
Epoch 149/150 | Train Loss: 0.0169 | Epoch Time: 2.04s | Spearman@15560: 0.9341 | Kendall@15560: 0.7941
Epoch 150/150 | Train Loss: 0.0101 | Epoch Time: 2.03s | Spearman@15560: 0.9344 | Kendall@15560: 0.7949
Sample Count: 64, Spearman: 0.9340951935774914, Kendall: 0.7940995016102994
{64: (0.9340951935774914, 0.7940995016102994),
 128: (0.9396866124870638, 0.8051584076765216)}
Epoch 1/150 | Train Loss: 0.0832 | Epoch Time: 0.73s | Spearman@80: 0.6031 | Kendall@80: 0.4308
Epoch 2/150 | Train Loss: 0.0508 | Epoch Time: 0.75s | Spearman@80: 0.8817 | Kendall@80: 0.7059
Epoch 3/150 | Train Loss: 0.0542 | Epoch Time: 0.80s | Spearman@80: 0.8072 | Kendall@80: 0.6228
Epoch 4/150 | Train Loss: 0.0365 | Epoch Time: 0.80s | Spearman@80: 0.8497 | Kendall@80: 0.6677
Epoch 5/150 | Train Loss: 0.0410 | Epoch Time: 0.82s | Spearman@80: 0.8898 | Kendall@80: 0.7247
Epoch 6/150 | Train Loss: 0.0432 | Epoch Time: 0.79s | Spearman@80: 0.8993 | Kendall@80: 0.7440
Epoch 7/150 | Train Loss: 0.0325 | Epoch Time: 0.79s | Spearman@80: 0.8919 | Kendall@80: 0.7262
Epoch 8/150 | Train Loss: 0.0336 | Epoch Time: 0.80s | Spearman@80: 0.8807 | Kendall@80: 0.7160
Epoch 9/150 | Train Loss: 0.0381 | Epoch Time: 0.80s | Spearman@80: 0.9074 | Kendall@80: 0.7516
Epoch 10/150 | Train Loss: 0.0308 | Epoch Time: 0.79s | Spearman@80: 0.9013 | Kendall@80: 0.7516
Epoch 11/150 | Train Loss: 0.0332 | Epoch Time: 0.78s | Spearman@80: 0.9014 | Kendall@80: 0.7452
Epoch 12/150 | Train Loss: 0.0370 | Epoch Time: 0.78s | Spearman@80: 0.8811 | Kendall@80: 0.7179
Epoch 13/150 | Train Loss: 0.0330 | Epoch Time: 0.80s | Spearman@80: 0.8919 | Kendall@80: 0.7396
Epoch 14/150 | Train Loss: 0.0418 | Epoch Time: 0.79s | Spearman@80: 0.8735 | Kendall@80: 0.7048
Epoch 15/150 | Train Loss: 0.0334 | Epoch Time: 0.80s | Spearman@80: 0.8944 | Kendall@80: 0.7334
Epoch 16/150 | Train Loss: 0.0329 | Epoch Time: 0.80s | Spearman@80: 0.9151 | Kendall@80: 0.7720
Epoch 17/150 | Train Loss: 0.0348 | Epoch Time: 0.79s | Spearman@80: 0.9147 | Kendall@80: 0.7671
Epoch 18/150 | Train Loss: 0.0369 | Epoch Time: 0.79s | Spearman@80: 0.8914 | Kendall@80: 0.7237
Epoch 19/150 | Train Loss: 0.0367 | Epoch Time: 0.78s | Spearman@80: 0.9039 | Kendall@80: 0.7438
Epoch 20/150 | Train Loss: 0.0410 | Epoch Time: 0.80s | Spearman@80: 0.8956 | Kendall@80: 0.7419
Epoch 21/150 | Train Loss: 0.0370 | Epoch Time: 0.79s | Spearman@80: 0.9165 | Kendall@80: 0.7603
Epoch 22/150 | Train Loss: 0.0341 | Epoch Time: 0.80s | Spearman@80: 0.9188 | Kendall@80: 0.7748
Epoch 23/150 | Train Loss: 0.0313 | Epoch Time: 0.80s | Spearman@80: 0.8946 | Kendall@80: 0.7306
Epoch 24/150 | Train Loss: 0.0306 | Epoch Time: 0.80s | Spearman@80: 0.8858 | Kendall@80: 0.7199
Epoch 25/150 | Train Loss: 0.0323 | Epoch Time: 0.79s | Spearman@80: 0.8990 | Kendall@80: 0.7398
Epoch 26/150 | Train Loss: 0.0325 | Epoch Time: 0.79s | Spearman@80: 0.9149 | Kendall@80: 0.7637
Epoch 27/150 | Train Loss: 0.0282 | Epoch Time: 0.79s | Spearman@80: 0.9214 | Kendall@80: 0.7659
Epoch 28/150 | Train Loss: 0.0292 | Epoch Time: 0.80s | Spearman@80: 0.8976 | Kendall@80: 0.7330
Epoch 29/150 | Train Loss: 0.0333 | Epoch Time: 0.80s | Spearman@80: 0.9049 | Kendall@80: 0.7506
Epoch 30/150 | Train Loss: 0.0299 | Epoch Time: 0.79s | Spearman@80: 0.9258 | Kendall@80: 0.7777
Epoch 31/150 | Train Loss: 0.0329 | Epoch Time: 0.79s | Spearman@80: 0.9070 | Kendall@80: 0.7548
Epoch 32/150 | Train Loss: 0.0341 | Epoch Time: 0.80s | Spearman@80: 0.9186 | Kendall@80: 0.7719
Epoch 33/150 | Train Loss: 0.0330 | Epoch Time: 0.80s | Spearman@80: 0.9116 | Kendall@80: 0.7487
Epoch 34/150 | Train Loss: 0.0294 | Epoch Time: 0.80s | Spearman@80: 0.8605 | Kendall@80: 0.7090
Epoch 35/150 | Train Loss: 0.0322 | Epoch Time: 0.79s | Spearman@80: 0.9128 | Kendall@80: 0.7544
Epoch 36/150 | Train Loss: 0.0305 | Epoch Time: 0.79s | Spearman@80: 0.9114 | Kendall@80: 0.7652
Epoch 37/150 | Train Loss: 0.0256 | Epoch Time: 0.81s | Spearman@80: 0.8902 | Kendall@80: 0.7447
Epoch 38/150 | Train Loss: 0.0357 | Epoch Time: 0.80s | Spearman@80: 0.9074 | Kendall@80: 0.7497
Epoch 39/150 | Train Loss: 0.0290 | Epoch Time: 0.78s | Spearman@80: 0.8861 | Kendall@80: 0.7305
Epoch 40/150 | Train Loss: 0.0331 | Epoch Time: 0.81s | Spearman@80: 0.8921 | Kendall@80: 0.7360
Epoch 41/150 | Train Loss: 0.0331 | Epoch Time: 0.81s | Spearman@80: 0.8897 | Kendall@80: 0.7360
Epoch 42/150 | Train Loss: 0.0324 | Epoch Time: 0.81s | Spearman@80: 0.8906 | Kendall@80: 0.7353
Epoch 43/150 | Train Loss: 0.0296 | Epoch Time: 0.81s | Spearman@80: 0.9098 | Kendall@80: 0.7700
Epoch 44/150 | Train Loss: 0.0239 | Epoch Time: 0.81s | Spearman@80: 0.8881 | Kendall@80: 0.7311
Epoch 45/150 | Train Loss: 0.0296 | Epoch Time: 0.83s | Spearman@80: 0.9152 | Kendall@80: 0.7667
Epoch 46/150 | Train Loss: 0.0295 | Epoch Time: 0.82s | Spearman@80: 0.9023 | Kendall@80: 0.7383
Epoch 47/150 | Train Loss: 0.0297 | Epoch Time: 0.78s | Spearman@80: 0.9122 | Kendall@80: 0.7565
Epoch 48/150 | Train Loss: 0.0275 | Epoch Time: 0.78s | Spearman@80: 0.8943 | Kendall@80: 0.7351
Epoch 49/150 | Train Loss: 0.0290 | Epoch Time: 0.78s | Spearman@80: 0.9025 | Kendall@80: 0.7317
Epoch 50/150 | Train Loss: 0.0270 | Epoch Time: 0.80s | Spearman@80: 0.8740 | Kendall@80: 0.7275
Epoch 51/150 | Train Loss: 0.0325 | Epoch Time: 0.81s | Spearman@80: 0.8845 | Kendall@80: 0.7269
Epoch 52/150 | Train Loss: 0.0304 | Epoch Time: 0.80s | Spearman@80: 0.9066 | Kendall@80: 0.7523
Epoch 53/150 | Train Loss: 0.0287 | Epoch Time: 0.81s | Spearman@80: 0.8879 | Kendall@80: 0.7281
Epoch 54/150 | Train Loss: 0.0269 | Epoch Time: 0.83s | Spearman@80: 0.9003 | Kendall@80: 0.7417
Epoch 55/150 | Train Loss: 0.0328 | Epoch Time: 0.83s | Spearman@80: 0.8897 | Kendall@80: 0.7205
Epoch 56/150 | Train Loss: 0.0286 | Epoch Time: 0.82s | Spearman@80: 0.9156 | Kendall@80: 0.7641
Epoch 57/150 | Train Loss: 0.0274 | Epoch Time: 0.81s | Spearman@80: 0.9023 | Kendall@80: 0.7568
Epoch 58/150 | Train Loss: 0.0297 | Epoch Time: 0.81s | Spearman@80: 0.9219 | Kendall@80: 0.7713
Epoch 59/150 | Train Loss: 0.0296 | Epoch Time: 0.80s | Spearman@80: 0.9002 | Kendall@80: 0.7436
Epoch 60/150 | Train Loss: 0.0337 | Epoch Time: 0.82s | Spearman@80: 0.8880 | Kendall@80: 0.7313
Epoch 61/150 | Train Loss: 0.0264 | Epoch Time: 0.81s | Spearman@80: 0.9215 | Kendall@80: 0.7690
Epoch 62/150 | Train Loss: 0.0276 | Epoch Time: 0.80s | Spearman@80: 0.8861 | Kendall@80: 0.7408
Epoch 63/150 | Train Loss: 0.0272 | Epoch Time: 0.81s | Spearman@80: 0.9081 | Kendall@80: 0.7587
Epoch 64/150 | Train Loss: 0.0307 | Epoch Time: 0.83s | Spearman@80: 0.9201 | Kendall@80: 0.7638
Epoch 65/150 | Train Loss: 0.0328 | Epoch Time: 0.82s | Spearman@80: 0.9127 | Kendall@80: 0.7624
Epoch 66/150 | Train Loss: 0.0261 | Epoch Time: 0.81s | Spearman@80: 0.9076 | Kendall@80: 0.7675
Epoch 67/150 | Train Loss: 0.0314 | Epoch Time: 0.81s | Spearman@80: 0.9207 | Kendall@80: 0.7736
Epoch 68/150 | Train Loss: 0.0278 | Epoch Time: 0.81s | Spearman@80: 0.9135 | Kendall@80: 0.7628
Epoch 69/150 | Train Loss: 0.0319 | Epoch Time: 0.80s | Spearman@80: 0.8835 | Kendall@80: 0.7260
Epoch 70/150 | Train Loss: 0.0327 | Epoch Time: 0.82s | Spearman@80: 0.9101 | Kendall@80: 0.7495
Epoch 71/150 | Train Loss: 0.0245 | Epoch Time: 0.82s | Spearman@80: 0.9135 | Kendall@80: 0.7625
Epoch 72/150 | Train Loss: 0.0221 | Epoch Time: 0.81s | Spearman@80: 0.9040 | Kendall@80: 0.7510
Epoch 73/150 | Train Loss: 0.0260 | Epoch Time: 0.81s | Spearman@80: 0.8988 | Kendall@80: 0.7415
Epoch 74/150 | Train Loss: 0.0287 | Epoch Time: 0.80s | Spearman@80: 0.8947 | Kendall@80: 0.7351
Epoch 75/150 | Train Loss: 0.0295 | Epoch Time: 0.80s | Spearman@80: 0.8905 | Kendall@80: 0.7394
Epoch 76/150 | Train Loss: 0.0263 | Epoch Time: 0.81s | Spearman@80: 0.9137 | Kendall@80: 0.7669
Epoch 77/150 | Train Loss: 0.0312 | Epoch Time: 0.81s | Spearman@80: 0.9042 | Kendall@80: 0.7501
Epoch 78/150 | Train Loss: 0.0259 | Epoch Time: 0.81s | Spearman@80: 0.9105 | Kendall@80: 0.7609
Epoch 79/150 | Train Loss: 0.0252 | Epoch Time: 0.82s | Spearman@80: 0.8977 | Kendall@80: 0.7555
Epoch 80/150 | Train Loss: 0.0215 | Epoch Time: 0.80s | Spearman@80: 0.9304 | Kendall@80: 0.7853
Epoch 81/150 | Train Loss: 0.0246 | Epoch Time: 0.79s | Spearman@80: 0.9060 | Kendall@80: 0.7568
Epoch 82/150 | Train Loss: 0.0221 | Epoch Time: 0.81s | Spearman@80: 0.9084 | Kendall@80: 0.7538
Epoch 83/150 | Train Loss: 0.0246 | Epoch Time: 0.81s | Spearman@80: 0.9059 | Kendall@80: 0.7472
Epoch 84/150 | Train Loss: 0.0264 | Epoch Time: 0.79s | Spearman@80: 0.9150 | Kendall@80: 0.7618
Epoch 85/150 | Train Loss: 0.0271 | Epoch Time: 0.80s | Spearman@80: 0.9211 | Kendall@80: 0.7682
Epoch 86/150 | Train Loss: 0.0247 | Epoch Time: 0.82s | Spearman@80: 0.9130 | Kendall@80: 0.7624
Epoch 87/150 | Train Loss: 0.0201 | Epoch Time: 0.79s | Spearman@80: 0.9154 | Kendall@80: 0.7701
Epoch 88/150 | Train Loss: 0.0241 | Epoch Time: 0.79s | Spearman@80: 0.9177 | Kendall@80: 0.7720
Epoch 89/150 | Train Loss: 0.0305 | Epoch Time: 0.78s | Spearman@80: 0.9030 | Kendall@80: 0.7553
Epoch 90/150 | Train Loss: 0.0325 | Epoch Time: 0.78s | Spearman@80: 0.8952 | Kendall@80: 0.7402
Epoch 91/150 | Train Loss: 0.0251 | Epoch Time: 0.78s | Spearman@80: 0.9165 | Kendall@80: 0.7616
Epoch 92/150 | Train Loss: 0.0257 | Epoch Time: 0.80s | Spearman@80: 0.9104 | Kendall@80: 0.7642
Epoch 93/150 | Train Loss: 0.0271 | Epoch Time: 0.80s | Spearman@80: 0.8992 | Kendall@80: 0.7466
Epoch 94/150 | Train Loss: 0.0254 | Epoch Time: 0.80s | Spearman@80: 0.9046 | Kendall@80: 0.7546
Epoch 95/150 | Train Loss: 0.0270 | Epoch Time: 0.79s | Spearman@80: 0.9136 | Kendall@80: 0.7578
Epoch 96/150 | Train Loss: 0.0236 | Epoch Time: 0.80s | Spearman@80: 0.9156 | Kendall@80: 0.7619
Epoch 97/150 | Train Loss: 0.0245 | Epoch Time: 0.79s | Spearman@80: 0.9029 | Kendall@80: 0.7457
Epoch 98/150 | Train Loss: 0.0257 | Epoch Time: 0.79s | Spearman@80: 0.9142 | Kendall@80: 0.7618
Epoch 99/150 | Train Loss: 0.0234 | Epoch Time: 0.80s | Spearman@80: 0.9112 | Kendall@80: 0.7567
Epoch 100/150 | Train Loss: 0.0240 | Epoch Time: 0.81s | Spearman@80: 0.9042 | Kendall@80: 0.7498
Epoch 101/150 | Train Loss: 0.0257 | Epoch Time: 0.81s | Spearman@80: 0.9015 | Kendall@80: 0.7446
Epoch 102/150 | Train Loss: 0.0197 | Epoch Time: 0.78s | Spearman@80: 0.9041 | Kendall@80: 0.7555
Epoch 103/150 | Train Loss: 0.0231 | Epoch Time: 0.78s | Spearman@80: 0.9149 | Kendall@80: 0.7654
Epoch 104/150 | Train Loss: 0.0285 | Epoch Time: 0.81s | Spearman@80: 0.9080 | Kendall@80: 0.7589
Epoch 105/150 | Train Loss: 0.0251 | Epoch Time: 0.80s | Spearman@80: 0.9018 | Kendall@80: 0.7387
Epoch 106/150 | Train Loss: 0.0206 | Epoch Time: 0.78s | Spearman@80: 0.9028 | Kendall@80: 0.7464
Epoch 107/150 | Train Loss: 0.0244 | Epoch Time: 0.79s | Spearman@80: 0.9066 | Kendall@80: 0.7574
Epoch 108/150 | Train Loss: 0.0274 | Epoch Time: 0.80s | Spearman@80: 0.9127 | Kendall@80: 0.7587
Epoch 109/150 | Train Loss: 0.0233 | Epoch Time: 0.80s | Spearman@80: 0.9121 | Kendall@80: 0.7574
Epoch 110/150 | Train Loss: 0.0183 | Epoch Time: 0.79s | Spearman@80: 0.9077 | Kendall@80: 0.7574
Epoch 111/150 | Train Loss: 0.0236 | Epoch Time: 0.80s | Spearman@80: 0.9043 | Kendall@80: 0.7485
Epoch 112/150 | Train Loss: 0.0263 | Epoch Time: 0.79s | Spearman@80: 0.9077 | Kendall@80: 0.7584
Epoch 113/150 | Train Loss: 0.0209 | Epoch Time: 0.80s | Spearman@80: 0.9129 | Kendall@80: 0.7576
Epoch 114/150 | Train Loss: 0.0221 | Epoch Time: 0.80s | Spearman@80: 0.9107 | Kendall@80: 0.7548
Epoch 115/150 | Train Loss: 0.0224 | Epoch Time: 0.81s | Spearman@80: 0.9015 | Kendall@80: 0.7434
Epoch 116/150 | Train Loss: 0.0236 | Epoch Time: 0.79s | Spearman@80: 0.9054 | Kendall@80: 0.7485
Epoch 117/150 | Train Loss: 0.0207 | Epoch Time: 0.78s | Spearman@80: 0.9104 | Kendall@80: 0.7609
Epoch 118/150 | Train Loss: 0.0212 | Epoch Time: 0.80s | Spearman@80: 0.9092 | Kendall@80: 0.7525
Epoch 119/150 | Train Loss: 0.0239 | Epoch Time: 0.80s | Spearman@80: 0.9111 | Kendall@80: 0.7561
Epoch 120/150 | Train Loss: 0.0222 | Epoch Time: 0.80s | Spearman@80: 0.9121 | Kendall@80: 0.7605
Epoch 121/150 | Train Loss: 0.0225 | Epoch Time: 0.81s | Spearman@80: 0.9119 | Kendall@80: 0.7631
Epoch 122/150 | Train Loss: 0.0193 | Epoch Time: 0.79s | Spearman@80: 0.9153 | Kendall@80: 0.7624
Epoch 123/150 | Train Loss: 0.0218 | Epoch Time: 0.79s | Spearman@80: 0.9165 | Kendall@80: 0.7669
Epoch 124/150 | Train Loss: 0.0242 | Epoch Time: 0.80s | Spearman@80: 0.9100 | Kendall@80: 0.7567
Epoch 125/150 | Train Loss: 0.0226 | Epoch Time: 0.80s | Spearman@80: 0.9066 | Kendall@80: 0.7489
Epoch 126/150 | Train Loss: 0.0186 | Epoch Time: 0.80s | Spearman@80: 0.9077 | Kendall@80: 0.7474
Epoch 127/150 | Train Loss: 0.0210 | Epoch Time: 0.80s | Spearman@80: 0.9076 | Kendall@80: 0.7512
Epoch 128/150 | Train Loss: 0.0228 | Epoch Time: 0.79s | Spearman@80: 0.9144 | Kendall@80: 0.7618
Epoch 129/150 | Train Loss: 0.0164 | Epoch Time: 0.80s | Spearman@80: 0.9137 | Kendall@80: 0.7586
Epoch 130/150 | Train Loss: 0.0194 | Epoch Time: 0.80s | Spearman@80: 0.9137 | Kendall@80: 0.7580
Epoch 131/150 | Train Loss: 0.0213 | Epoch Time: 0.81s | Spearman@80: 0.9122 | Kendall@80: 0.7565
Epoch 132/150 | Train Loss: 0.0217 | Epoch Time: 0.81s | Spearman@80: 0.9117 | Kendall@80: 0.7591
Epoch 133/150 | Train Loss: 0.0214 | Epoch Time: 0.79s | Spearman@80: 0.9116 | Kendall@80: 0.7568
Epoch 134/150 | Train Loss: 0.0201 | Epoch Time: 0.81s | Spearman@80: 0.8988 | Kendall@80: 0.7468
Epoch 135/150 | Train Loss: 0.0212 | Epoch Time: 0.79s | Spearman@80: 0.9061 | Kendall@80: 0.7540
Epoch 136/150 | Train Loss: 0.0211 | Epoch Time: 0.81s | Spearman@80: 0.9159 | Kendall@80: 0.7637
Epoch 137/150 | Train Loss: 0.0170 | Epoch Time: 0.80s | Spearman@80: 0.9114 | Kendall@80: 0.7619
Epoch 138/150 | Train Loss: 0.0174 | Epoch Time: 0.82s | Spearman@80: 0.9132 | Kendall@80: 0.7605
Epoch 139/150 | Train Loss: 0.0217 | Epoch Time: 0.82s | Spearman@80: 0.9115 | Kendall@80: 0.7612
Epoch 140/150 | Train Loss: 0.0240 | Epoch Time: 0.80s | Spearman@80: 0.9127 | Kendall@80: 0.7612
Epoch 141/150 | Train Loss: 0.0189 | Epoch Time: 0.80s | Spearman@80: 0.9060 | Kendall@80: 0.7495
Epoch 142/150 | Train Loss: 0.0261 | Epoch Time: 0.82s | Spearman@80: 0.9093 | Kendall@80: 0.7574
Epoch 143/150 | Train Loss: 0.0191 | Epoch Time: 0.80s | Spearman@80: 0.9087 | Kendall@80: 0.7520
Epoch 144/150 | Train Loss: 0.0228 | Epoch Time: 0.80s | Spearman@80: 0.9140 | Kendall@80: 0.7624
Epoch 145/150 | Train Loss: 0.0185 | Epoch Time: 0.81s | Spearman@80: 0.9113 | Kendall@80: 0.7597
Epoch 146/150 | Train Loss: 0.0225 | Epoch Time: 0.79s | Spearman@80: 0.9100 | Kendall@80: 0.7605
Epoch 147/150 | Train Loss: 0.0222 | Epoch Time: 2.62s | Spearman@15496: 0.9267 | Kendall@15496: 0.7776
Epoch 148/150 | Train Loss: 0.0183 | Epoch Time: 2.39s | Spearman@15496: 0.9268 | Kendall@15496: 0.7774
Epoch 149/150 | Train Loss: 0.0229 | Epoch Time: 2.40s | Spearman@15496: 0.9205 | Kendall@15496: 0.7667
Epoch 150/150 | Train Loss: 0.0221 | Epoch Time: 2.44s | Spearman@15496: 0.9266 | Kendall@15496: 0.7756
Sample Count: 128, Spearman: 0.9251578445711766, Kendall: 0.7743404841821342
{64: (0.9340951935774914, 0.7940995016102994),
 128: (0.9251578445711766, 0.7743404841821342)}
Average KDT:  0.7835408823175326
Variance KDT:  0.0002196401911718008
Average SPR:  0.9279771442775768
Variance SPR:  0.00011831663570618669
Average KDT:  0.7846199351666833
Variance KDT:  0.00021091449607915812
Average SPR:  0.9293824949237335
Variance SPR:  5.366081030905301e-05
