Loading files for NASBench201...
Normalizing ZCP dict
try to create the NAS-Bench-201 api from /home/ya255/projects/flan_hardware/nas_embedding_suite/embedding_datasets/NAS-Bench-201-v1_1-096897.pth
Loaded files in:  78.11258149147034  seconds
Loading cache for NASBench-201 speedup!!...
Loading cache for NASBench-201 speedup!!...
Epoch 1/150 | Train Loss: 0.0957 | Epoch Time: 1.31s | Spearman@80: 0.2986 | Kendall@80: 0.2064
Epoch 2/150 | Train Loss: 0.0788 | Epoch Time: 0.27s | Spearman@80: 0.4560 | Kendall@80: 0.3233
Epoch 3/150 | Train Loss: 0.0566 | Epoch Time: 0.26s | Spearman@80: 0.8365 | Kendall@80: 0.6433
Epoch 4/150 | Train Loss: 0.0513 | Epoch Time: 0.26s | Spearman@80: 0.8389 | Kendall@80: 0.6619
Epoch 5/150 | Train Loss: 0.0543 | Epoch Time: 0.26s | Spearman@80: 0.7903 | Kendall@80: 0.6035
Epoch 6/150 | Train Loss: 0.0410 | Epoch Time: 0.26s | Spearman@80: 0.8992 | Kendall@80: 0.7369
Epoch 7/150 | Train Loss: 0.0390 | Epoch Time: 0.26s | Spearman@80: 0.9093 | Kendall@80: 0.7379
Epoch 8/150 | Train Loss: 0.0442 | Epoch Time: 0.27s | Spearman@80: 0.8644 | Kendall@80: 0.6835
Epoch 9/150 | Train Loss: 0.0434 | Epoch Time: 0.27s | Spearman@80: 0.9014 | Kendall@80: 0.7324
Epoch 10/150 | Train Loss: 0.0326 | Epoch Time: 0.26s | Spearman@80: 0.9345 | Kendall@80: 0.7849
Epoch 11/150 | Train Loss: 0.0418 | Epoch Time: 0.26s | Spearman@80: 0.9105 | Kendall@80: 0.7489
Epoch 12/150 | Train Loss: 0.0443 | Epoch Time: 0.26s | Spearman@80: 0.9377 | Kendall@80: 0.7890
Epoch 13/150 | Train Loss: 0.0343 | Epoch Time: 0.27s | Spearman@80: 0.9311 | Kendall@80: 0.7762
Epoch 14/150 | Train Loss: 0.0376 | Epoch Time: 0.27s | Spearman@80: 0.9368 | Kendall@80: 0.7902
Epoch 15/150 | Train Loss: 0.0383 | Epoch Time: 0.27s | Spearman@80: 0.9459 | Kendall@80: 0.8090
Epoch 16/150 | Train Loss: 0.0314 | Epoch Time: 0.27s | Spearman@80: 0.9452 | Kendall@80: 0.8086
Epoch 17/150 | Train Loss: 0.0331 | Epoch Time: 0.27s | Spearman@80: 0.9378 | Kendall@80: 0.7874
Epoch 18/150 | Train Loss: 0.0394 | Epoch Time: 0.27s | Spearman@80: 0.9418 | Kendall@80: 0.7940
Epoch 19/150 | Train Loss: 0.0256 | Epoch Time: 0.27s | Spearman@80: 0.9397 | Kendall@80: 0.7883
Epoch 20/150 | Train Loss: 0.0294 | Epoch Time: 0.27s | Spearman@80: 0.9253 | Kendall@80: 0.7667
Epoch 21/150 | Train Loss: 0.0323 | Epoch Time: 0.27s | Spearman@80: 0.8947 | Kendall@80: 0.7153
Epoch 22/150 | Train Loss: 0.0336 | Epoch Time: 0.27s | Spearman@80: 0.9444 | Kendall@80: 0.7976
Epoch 23/150 | Train Loss: 0.0433 | Epoch Time: 0.27s | Spearman@80: 0.9432 | Kendall@80: 0.7951
Epoch 24/150 | Train Loss: 0.0266 | Epoch Time: 0.27s | Spearman@80: 0.9440 | Kendall@80: 0.7991
Epoch 25/150 | Train Loss: 0.0285 | Epoch Time: 0.27s | Spearman@80: 0.9257 | Kendall@80: 0.7639
Epoch 26/150 | Train Loss: 0.0298 | Epoch Time: 0.27s | Spearman@80: 0.9541 | Kendall@80: 0.8252
Epoch 27/150 | Train Loss: 0.0313 | Epoch Time: 0.27s | Spearman@80: 0.9441 | Kendall@80: 0.8071
Epoch 28/150 | Train Loss: 0.0275 | Epoch Time: 0.27s | Spearman@80: 0.9359 | Kendall@80: 0.7883
Epoch 29/150 | Train Loss: 0.0219 | Epoch Time: 0.27s | Spearman@80: 0.9379 | Kendall@80: 0.7851
Epoch 30/150 | Train Loss: 0.0284 | Epoch Time: 0.27s | Spearman@80: 0.9306 | Kendall@80: 0.7728
Epoch 31/150 | Train Loss: 0.0268 | Epoch Time: 0.27s | Spearman@80: 0.9348 | Kendall@80: 0.7801
Epoch 32/150 | Train Loss: 0.0255 | Epoch Time: 0.27s | Spearman@80: 0.9294 | Kendall@80: 0.7712
Epoch 33/150 | Train Loss: 0.0382 | Epoch Time: 0.27s | Spearman@80: 0.9396 | Kendall@80: 0.7887
Epoch 34/150 | Train Loss: 0.0326 | Epoch Time: 0.27s | Spearman@80: 0.9398 | Kendall@80: 0.7887
Epoch 35/150 | Train Loss: 0.0282 | Epoch Time: 0.27s | Spearman@80: 0.9405 | Kendall@80: 0.7902
Epoch 36/150 | Train Loss: 0.0279 | Epoch Time: 0.27s | Spearman@80: 0.9099 | Kendall@80: 0.7315
Epoch 37/150 | Train Loss: 0.0302 | Epoch Time: 0.27s | Spearman@80: 0.9336 | Kendall@80: 0.7807
Epoch 38/150 | Train Loss: 0.0257 | Epoch Time: 0.27s | Spearman@80: 0.9328 | Kendall@80: 0.7830
Epoch 39/150 | Train Loss: 0.0296 | Epoch Time: 0.27s | Spearman@80: 0.9322 | Kendall@80: 0.7823
Epoch 40/150 | Train Loss: 0.0296 | Epoch Time: 0.27s | Spearman@80: 0.9271 | Kendall@80: 0.7684
Epoch 41/150 | Train Loss: 0.0269 | Epoch Time: 0.27s | Spearman@80: 0.9349 | Kendall@80: 0.7839
Epoch 42/150 | Train Loss: 0.0279 | Epoch Time: 0.27s | Spearman@80: 0.9402 | Kendall@80: 0.7972
Epoch 43/150 | Train Loss: 0.0286 | Epoch Time: 0.27s | Spearman@80: 0.9428 | Kendall@80: 0.8008
Epoch 44/150 | Train Loss: 0.0280 | Epoch Time: 0.26s | Spearman@80: 0.9505 | Kendall@80: 0.8109
Epoch 45/150 | Train Loss: 0.0316 | Epoch Time: 0.27s | Spearman@80: 0.9491 | Kendall@80: 0.8099
Epoch 46/150 | Train Loss: 0.0256 | Epoch Time: 0.27s | Spearman@80: 0.9490 | Kendall@80: 0.8125
Epoch 47/150 | Train Loss: 0.0280 | Epoch Time: 0.27s | Spearman@80: 0.9450 | Kendall@80: 0.8017
Epoch 48/150 | Train Loss: 0.0219 | Epoch Time: 0.27s | Spearman@80: 0.9502 | Kendall@80: 0.8103
Epoch 49/150 | Train Loss: 0.0271 | Epoch Time: 0.27s | Spearman@80: 0.9523 | Kendall@80: 0.8182
Epoch 50/150 | Train Loss: 0.0315 | Epoch Time: 0.27s | Spearman@80: 0.9450 | Kendall@80: 0.8004
Epoch 51/150 | Train Loss: 0.0266 | Epoch Time: 0.27s | Spearman@80: 0.9429 | Kendall@80: 0.7985
Epoch 52/150 | Train Loss: 0.0215 | Epoch Time: 0.27s | Spearman@80: 0.9321 | Kendall@80: 0.7741
Epoch 53/150 | Train Loss: 0.0246 | Epoch Time: 0.27s | Spearman@80: 0.9447 | Kendall@80: 0.8061
Epoch 54/150 | Train Loss: 0.0232 | Epoch Time: 0.27s | Spearman@80: 0.9496 | Kendall@80: 0.8154
Epoch 55/150 | Train Loss: 0.0251 | Epoch Time: 0.27s | Spearman@80: 0.9415 | Kendall@80: 0.7938
Epoch 56/150 | Train Loss: 0.0238 | Epoch Time: 0.27s | Spearman@80: 0.9462 | Kendall@80: 0.8042
Epoch 57/150 | Train Loss: 0.0259 | Epoch Time: 0.27s | Spearman@80: 0.9495 | Kendall@80: 0.8112
Epoch 58/150 | Train Loss: 0.0248 | Epoch Time: 0.27s | Spearman@80: 0.9381 | Kendall@80: 0.7849
Epoch 59/150 | Train Loss: 0.0239 | Epoch Time: 0.27s | Spearman@80: 0.9253 | Kendall@80: 0.7635
Epoch 60/150 | Train Loss: 0.0243 | Epoch Time: 0.27s | Spearman@80: 0.9452 | Kendall@80: 0.8020
Epoch 61/150 | Train Loss: 0.0187 | Epoch Time: 0.27s | Spearman@80: 0.9566 | Kendall@80: 0.8262
Epoch 62/150 | Train Loss: 0.0232 | Epoch Time: 0.27s | Spearman@80: 0.9608 | Kendall@80: 0.8414
Epoch 63/150 | Train Loss: 0.0274 | Epoch Time: 0.27s | Spearman@80: 0.9517 | Kendall@80: 0.8131
Epoch 64/150 | Train Loss: 0.0258 | Epoch Time: 0.27s | Spearman@80: 0.9518 | Kendall@80: 0.8173
Epoch 65/150 | Train Loss: 0.0181 | Epoch Time: 0.27s | Spearman@80: 0.9436 | Kendall@80: 0.8086
Epoch 66/150 | Train Loss: 0.0184 | Epoch Time: 0.27s | Spearman@80: 0.9439 | Kendall@80: 0.8027
Epoch 67/150 | Train Loss: 0.0204 | Epoch Time: 0.27s | Spearman@80: 0.9496 | Kendall@80: 0.8103
Epoch 68/150 | Train Loss: 0.0179 | Epoch Time: 0.27s | Spearman@80: 0.9482 | Kendall@80: 0.8036
Epoch 69/150 | Train Loss: 0.0231 | Epoch Time: 0.27s | Spearman@80: 0.9515 | Kendall@80: 0.8109
Epoch 70/150 | Train Loss: 0.0197 | Epoch Time: 0.27s | Spearman@80: 0.9477 | Kendall@80: 0.8033
Epoch 71/150 | Train Loss: 0.0208 | Epoch Time: 0.27s | Spearman@80: 0.9504 | Kendall@80: 0.8182
Epoch 72/150 | Train Loss: 0.0214 | Epoch Time: 0.27s | Spearman@80: 0.9506 | Kendall@80: 0.8213
Epoch 73/150 | Train Loss: 0.0273 | Epoch Time: 0.27s | Spearman@80: 0.9419 | Kendall@80: 0.8067
Epoch 74/150 | Train Loss: 0.0176 | Epoch Time: 0.31s | Spearman@80: 0.9504 | Kendall@80: 0.8156
Epoch 75/150 | Train Loss: 0.0221 | Epoch Time: 0.32s | Spearman@80: 0.9468 | Kendall@80: 0.8004
Epoch 76/150 | Train Loss: 0.0144 | Epoch Time: 0.32s | Spearman@80: 0.9490 | Kendall@80: 0.8074
Epoch 77/150 | Train Loss: 0.0234 | Epoch Time: 0.32s | Spearman@80: 0.9519 | Kendall@80: 0.8144
Epoch 78/150 | Train Loss: 0.0200 | Epoch Time: 0.32s | Spearman@80: 0.9525 | Kendall@80: 0.8230
Epoch 79/150 | Train Loss: 0.0187 | Epoch Time: 0.32s | Spearman@80: 0.9576 | Kendall@80: 0.8347
Epoch 80/150 | Train Loss: 0.0252 | Epoch Time: 0.28s | Spearman@80: 0.9568 | Kendall@80: 0.8283
Epoch 81/150 | Train Loss: 0.0217 | Epoch Time: 0.27s | Spearman@80: 0.9406 | Kendall@80: 0.7972
Epoch 82/150 | Train Loss: 0.0229 | Epoch Time: 0.27s | Spearman@80: 0.9462 | Kendall@80: 0.8097
Epoch 83/150 | Train Loss: 0.0176 | Epoch Time: 0.27s | Spearman@80: 0.9456 | Kendall@80: 0.8029
Epoch 84/150 | Train Loss: 0.0173 | Epoch Time: 0.27s | Spearman@80: 0.9404 | Kendall@80: 0.7998
Epoch 85/150 | Train Loss: 0.0175 | Epoch Time: 0.27s | Spearman@80: 0.9389 | Kendall@80: 0.8017
Epoch 86/150 | Train Loss: 0.0203 | Epoch Time: 0.27s | Spearman@80: 0.9489 | Kendall@80: 0.8156
Epoch 87/150 | Train Loss: 0.0155 | Epoch Time: 0.27s | Spearman@80: 0.9492 | Kendall@80: 0.8109
Epoch 88/150 | Train Loss: 0.0234 | Epoch Time: 0.27s | Spearman@80: 0.9450 | Kendall@80: 0.8033
Epoch 89/150 | Train Loss: 0.0262 | Epoch Time: 0.27s | Spearman@80: 0.9589 | Kendall@80: 0.8321
Epoch 90/150 | Train Loss: 0.0251 | Epoch Time: 0.27s | Spearman@80: 0.9625 | Kendall@80: 0.8398
Epoch 91/150 | Train Loss: 0.0164 | Epoch Time: 0.27s | Spearman@80: 0.9618 | Kendall@80: 0.8420
Epoch 92/150 | Train Loss: 0.0171 | Epoch Time: 0.27s | Spearman@80: 0.9561 | Kendall@80: 0.8207
Epoch 93/150 | Train Loss: 0.0147 | Epoch Time: 0.27s | Spearman@80: 0.9514 | Kendall@80: 0.8097
Epoch 94/150 | Train Loss: 0.0187 | Epoch Time: 0.27s | Spearman@80: 0.9548 | Kendall@80: 0.8141
Epoch 95/150 | Train Loss: 0.0202 | Epoch Time: 0.27s | Spearman@80: 0.9523 | Kendall@80: 0.8105
Epoch 96/150 | Train Loss: 0.0254 | Epoch Time: 0.27s | Spearman@80: 0.9521 | Kendall@80: 0.8061
Epoch 97/150 | Train Loss: 0.0172 | Epoch Time: 0.27s | Spearman@80: 0.9544 | Kendall@80: 0.8192
Epoch 98/150 | Train Loss: 0.0202 | Epoch Time: 0.27s | Spearman@80: 0.9481 | Kendall@80: 0.7959
Epoch 99/150 | Train Loss: 0.0123 | Epoch Time: 0.27s | Spearman@80: 0.9572 | Kendall@80: 0.8185
Epoch 100/150 | Train Loss: 0.0180 | Epoch Time: 0.27s | Spearman@80: 0.9641 | Kendall@80: 0.8436
Epoch 101/150 | Train Loss: 0.0124 | Epoch Time: 0.27s | Spearman@80: 0.9550 | Kendall@80: 0.8258
Epoch 102/150 | Train Loss: 0.0142 | Epoch Time: 0.27s | Spearman@80: 0.9583 | Kendall@80: 0.8328
Epoch 103/150 | Train Loss: 0.0178 | Epoch Time: 0.27s | Spearman@80: 0.9555 | Kendall@80: 0.8290
Epoch 104/150 | Train Loss: 0.0171 | Epoch Time: 0.27s | Spearman@80: 0.9584 | Kendall@80: 0.8321
Epoch 105/150 | Train Loss: 0.0119 | Epoch Time: 0.27s | Spearman@80: 0.9551 | Kendall@80: 0.8211
Epoch 106/150 | Train Loss: 0.0178 | Epoch Time: 0.27s | Spearman@80: 0.9528 | Kendall@80: 0.8188
Epoch 107/150 | Train Loss: 0.0187 | Epoch Time: 0.27s | Spearman@80: 0.9560 | Kendall@80: 0.8217
Epoch 108/150 | Train Loss: 0.0245 | Epoch Time: 0.27s | Spearman@80: 0.9536 | Kendall@80: 0.8226
Epoch 109/150 | Train Loss: 0.0231 | Epoch Time: 0.27s | Spearman@80: 0.9464 | Kendall@80: 0.7995
Epoch 110/150 | Train Loss: 0.0119 | Epoch Time: 0.27s | Spearman@80: 0.9542 | Kendall@80: 0.8154
Epoch 111/150 | Train Loss: 0.0159 | Epoch Time: 0.27s | Spearman@80: 0.9509 | Kendall@80: 0.8150
Epoch 112/150 | Train Loss: 0.0138 | Epoch Time: 0.27s | Spearman@80: 0.9554 | Kendall@80: 0.8233
Epoch 113/150 | Train Loss: 0.0144 | Epoch Time: 0.27s | Spearman@80: 0.9556 | Kendall@80: 0.8255
Epoch 114/150 | Train Loss: 0.0195 | Epoch Time: 0.27s | Spearman@80: 0.9504 | Kendall@80: 0.8105
Epoch 115/150 | Train Loss: 0.0180 | Epoch Time: 0.27s | Spearman@80: 0.9465 | Kendall@80: 0.8055
Epoch 116/150 | Train Loss: 0.0205 | Epoch Time: 0.27s | Spearman@80: 0.9582 | Kendall@80: 0.8309
Epoch 117/150 | Train Loss: 0.0131 | Epoch Time: 0.27s | Spearman@80: 0.9515 | Kendall@80: 0.8131
Epoch 118/150 | Train Loss: 0.0154 | Epoch Time: 0.27s | Spearman@80: 0.9580 | Kendall@80: 0.8302
Epoch 119/150 | Train Loss: 0.0100 | Epoch Time: 0.27s | Spearman@80: 0.9552 | Kendall@80: 0.8239
Epoch 120/150 | Train Loss: 0.0136 | Epoch Time: 0.27s | Spearman@80: 0.9503 | Kendall@80: 0.8163
Epoch 121/150 | Train Loss: 0.0179 | Epoch Time: 0.27s | Spearman@80: 0.9487 | Kendall@80: 0.8125
Epoch 122/150 | Train Loss: 0.0128 | Epoch Time: 0.27s | Spearman@80: 0.9560 | Kendall@80: 0.8245
Epoch 123/150 | Train Loss: 0.0106 | Epoch Time: 0.27s | Spearman@80: 0.9581 | Kendall@80: 0.8315
Epoch 124/150 | Train Loss: 0.0115 | Epoch Time: 0.27s | Spearman@80: 0.9582 | Kendall@80: 0.8309
Epoch 125/150 | Train Loss: 0.0100 | Epoch Time: 0.27s | Spearman@80: 0.9507 | Kendall@80: 0.8188
Epoch 126/150 | Train Loss: 0.0161 | Epoch Time: 0.27s | Spearman@80: 0.9615 | Kendall@80: 0.8385
Epoch 127/150 | Train Loss: 0.0142 | Epoch Time: 0.27s | Spearman@80: 0.9544 | Kendall@80: 0.8220
Epoch 128/150 | Train Loss: 0.0173 | Epoch Time: 0.27s | Spearman@80: 0.9575 | Kendall@80: 0.8290
Epoch 129/150 | Train Loss: 0.0128 | Epoch Time: 0.27s | Spearman@80: 0.9615 | Kendall@80: 0.8410
Epoch 130/150 | Train Loss: 0.0120 | Epoch Time: 0.27s | Spearman@80: 0.9574 | Kendall@80: 0.8264
Epoch 131/150 | Train Loss: 0.0147 | Epoch Time: 0.27s | Spearman@80: 0.9558 | Kendall@80: 0.8283
Epoch 132/150 | Train Loss: 0.0134 | Epoch Time: 0.27s | Spearman@80: 0.9579 | Kendall@80: 0.8302
Epoch 133/150 | Train Loss: 0.0128 | Epoch Time: 0.27s | Spearman@80: 0.9600 | Kendall@80: 0.8341
Epoch 134/150 | Train Loss: 0.0134 | Epoch Time: 0.27s | Spearman@80: 0.9574 | Kendall@80: 0.8287
Epoch 135/150 | Train Loss: 0.0123 | Epoch Time: 0.27s | Spearman@80: 0.9578 | Kendall@80: 0.8309
Epoch 136/150 | Train Loss: 0.0118 | Epoch Time: 0.29s | Spearman@80: 0.9568 | Kendall@80: 0.8262
Epoch 137/150 | Train Loss: 0.0127 | Epoch Time: 0.31s | Spearman@80: 0.9605 | Kendall@80: 0.8376
Epoch 138/150 | Train Loss: 0.0119 | Epoch Time: 0.30s | Spearman@80: 0.9596 | Kendall@80: 0.8341
Epoch 139/150 | Train Loss: 0.0115 | Epoch Time: 0.30s | Spearman@80: 0.9580 | Kendall@80: 0.8296
Epoch 140/150 | Train Loss: 0.0149 | Epoch Time: 0.30s | Spearman@80: 0.9578 | Kendall@80: 0.8309
Epoch 141/150 | Train Loss: 0.0122 | Epoch Time: 0.30s | Spearman@80: 0.9580 | Kendall@80: 0.8302
Epoch 142/150 | Train Loss: 0.0095 | Epoch Time: 0.30s | Spearman@80: 0.9567 | Kendall@80: 0.8306
Epoch 143/150 | Train Loss: 0.0133 | Epoch Time: 0.30s | Spearman@80: 0.9619 | Kendall@80: 0.8398
Epoch 144/150 | Train Loss: 0.0134 | Epoch Time: 0.30s | Spearman@80: 0.9593 | Kendall@80: 0.8328
Epoch 145/150 | Train Loss: 0.0093 | Epoch Time: 0.30s | Spearman@80: 0.9601 | Kendall@80: 0.8338
Epoch 146/150 | Train Loss: 0.0094 | Epoch Time: 0.30s | Spearman@80: 0.9612 | Kendall@80: 0.8398
Epoch 147/150 | Train Loss: 0.0172 | Epoch Time: 1.85s | Spearman@15560: 0.9430 | Kendall@15560: 0.8010
Epoch 148/150 | Train Loss: 0.0163 | Epoch Time: 1.81s | Spearman@15560: 0.9418 | Kendall@15560: 0.7976
Epoch 149/150 | Train Loss: 0.0126 | Epoch Time: 1.81s | Spearman@15560: 0.9414 | Kendall@15560: 0.7956
Epoch 150/150 | Train Loss: 0.0098 | Epoch Time: 1.84s | Spearman@15560: 0.9401 | Kendall@15560: 0.7934
Sample Count: 64, Spearman: 0.9415570597066062, Kendall: 0.7968811298827934
{64: (0.9415570597066062, 0.7968811298827934)}
Epoch 1/150 | Train Loss: 0.0878 | Epoch Time: 0.56s | Spearman@80: 0.6299 | Kendall@80: 0.4615
Epoch 2/150 | Train Loss: 0.0550 | Epoch Time: 0.56s | Spearman@80: 0.9109 | Kendall@80: 0.7413
Epoch 3/150 | Train Loss: 0.0441 | Epoch Time: 0.56s | Spearman@80: 0.9017 | Kendall@80: 0.7305
Epoch 4/150 | Train Loss: 0.0396 | Epoch Time: 0.56s | Spearman@80: 0.9194 | Kendall@80: 0.7553
Epoch 5/150 | Train Loss: 0.0371 | Epoch Time: 0.56s | Spearman@80: 0.9252 | Kendall@80: 0.7764
Epoch 6/150 | Train Loss: 0.0387 | Epoch Time: 0.56s | Spearman@80: 0.8996 | Kendall@80: 0.7255
Epoch 7/150 | Train Loss: 0.0459 | Epoch Time: 0.56s | Spearman@80: 0.9297 | Kendall@80: 0.7845
Epoch 8/150 | Train Loss: 0.0347 | Epoch Time: 0.56s | Spearman@80: 0.9224 | Kendall@80: 0.7808
Epoch 9/150 | Train Loss: 0.0308 | Epoch Time: 0.56s | Spearman@80: 0.9231 | Kendall@80: 0.7667
Epoch 10/150 | Train Loss: 0.0443 | Epoch Time: 0.56s | Spearman@80: 0.9204 | Kendall@80: 0.7682
Epoch 11/150 | Train Loss: 0.0326 | Epoch Time: 0.56s | Spearman@80: 0.9133 | Kendall@80: 0.7536
Epoch 12/150 | Train Loss: 0.0345 | Epoch Time: 0.56s | Spearman@80: 0.9106 | Kendall@80: 0.7529
Epoch 13/150 | Train Loss: 0.0304 | Epoch Time: 0.56s | Spearman@80: 0.8947 | Kendall@80: 0.7111
Epoch 14/150 | Train Loss: 0.0394 | Epoch Time: 0.56s | Spearman@80: 0.9184 | Kendall@80: 0.7680
Epoch 15/150 | Train Loss: 0.0352 | Epoch Time: 0.56s | Spearman@80: 0.9242 | Kendall@80: 0.7680
Epoch 16/150 | Train Loss: 0.0378 | Epoch Time: 0.56s | Spearman@80: 0.9243 | Kendall@80: 0.7743
Epoch 17/150 | Train Loss: 0.0333 | Epoch Time: 0.56s | Spearman@80: 0.9235 | Kendall@80: 0.7680
Epoch 18/150 | Train Loss: 0.0326 | Epoch Time: 0.56s | Spearman@80: 0.9200 | Kendall@80: 0.7610
Epoch 19/150 | Train Loss: 0.0404 | Epoch Time: 0.56s | Spearman@80: 0.9274 | Kendall@80: 0.7807
Epoch 20/150 | Train Loss: 0.0332 | Epoch Time: 0.56s | Spearman@80: 0.9206 | Kendall@80: 0.7682
Epoch 21/150 | Train Loss: 0.0314 | Epoch Time: 0.56s | Spearman@80: 0.9338 | Kendall@80: 0.7948
Epoch 22/150 | Train Loss: 0.0377 | Epoch Time: 0.56s | Spearman@80: 0.9192 | Kendall@80: 0.7631
Epoch 23/150 | Train Loss: 0.0326 | Epoch Time: 0.56s | Spearman@80: 0.9334 | Kendall@80: 0.7904
Epoch 24/150 | Train Loss: 0.0341 | Epoch Time: 0.56s | Spearman@80: 0.9296 | Kendall@80: 0.7758
Epoch 25/150 | Train Loss: 0.0313 | Epoch Time: 0.56s | Spearman@80: 0.9377 | Kendall@80: 0.7883
Epoch 26/150 | Train Loss: 0.0310 | Epoch Time: 0.56s | Spearman@80: 0.9356 | Kendall@80: 0.7910
Epoch 27/150 | Train Loss: 0.0314 | Epoch Time: 0.56s | Spearman@80: 0.9195 | Kendall@80: 0.7623
Epoch 28/150 | Train Loss: 0.0349 | Epoch Time: 0.56s | Spearman@80: 0.9367 | Kendall@80: 0.7908
Epoch 29/150 | Train Loss: 0.0325 | Epoch Time: 0.56s | Spearman@80: 0.9351 | Kendall@80: 0.7933
Epoch 30/150 | Train Loss: 0.0290 | Epoch Time: 0.56s | Spearman@80: 0.9340 | Kendall@80: 0.7933
Epoch 31/150 | Train Loss: 0.0320 | Epoch Time: 0.56s | Spearman@80: 0.9303 | Kendall@80: 0.7800
Epoch 32/150 | Train Loss: 0.0370 | Epoch Time: 0.56s | Spearman@80: 0.9301 | Kendall@80: 0.7749
Epoch 33/150 | Train Loss: 0.0310 | Epoch Time: 0.56s | Spearman@80: 0.9325 | Kendall@80: 0.7794
Epoch 34/150 | Train Loss: 0.0325 | Epoch Time: 0.56s | Spearman@80: 0.9205 | Kendall@80: 0.7699
Epoch 35/150 | Train Loss: 0.0367 | Epoch Time: 0.56s | Spearman@80: 0.9191 | Kendall@80: 0.7597
Epoch 36/150 | Train Loss: 0.0324 | Epoch Time: 0.56s | Spearman@80: 0.9346 | Kendall@80: 0.7935
Epoch 37/150 | Train Loss: 0.0312 | Epoch Time: 0.56s | Spearman@80: 0.9317 | Kendall@80: 0.7783
Epoch 38/150 | Train Loss: 0.0330 | Epoch Time: 0.56s | Spearman@80: 0.9256 | Kendall@80: 0.7857
Epoch 39/150 | Train Loss: 0.0314 | Epoch Time: 0.56s | Spearman@80: 0.9339 | Kendall@80: 0.7961
Epoch 40/150 | Train Loss: 0.0289 | Epoch Time: 0.56s | Spearman@80: 0.9255 | Kendall@80: 0.7768
Epoch 41/150 | Train Loss: 0.0262 | Epoch Time: 0.56s | Spearman@80: 0.9373 | Kendall@80: 0.7965
Epoch 42/150 | Train Loss: 0.0296 | Epoch Time: 0.56s | Spearman@80: 0.9334 | Kendall@80: 0.7992
Epoch 43/150 | Train Loss: 0.0324 | Epoch Time: 0.57s | Spearman@80: 0.9224 | Kendall@80: 0.7851
Epoch 44/150 | Train Loss: 0.0339 | Epoch Time: 0.57s | Spearman@80: 0.9232 | Kendall@80: 0.7813
Epoch 45/150 | Train Loss: 0.0283 | Epoch Time: 0.56s | Spearman@80: 0.9164 | Kendall@80: 0.7675
Epoch 46/150 | Train Loss: 0.0287 | Epoch Time: 0.57s | Spearman@80: 0.9293 | Kendall@80: 0.7978
Epoch 47/150 | Train Loss: 0.0246 | Epoch Time: 0.57s | Spearman@80: 0.9371 | Kendall@80: 0.8075
Epoch 48/150 | Train Loss: 0.0274 | Epoch Time: 0.57s | Spearman@80: 0.9338 | Kendall@80: 0.8029
Epoch 49/150 | Train Loss: 0.0318 | Epoch Time: 0.57s | Spearman@80: 0.9120 | Kendall@80: 0.7548
Epoch 50/150 | Train Loss: 0.0272 | Epoch Time: 0.56s | Spearman@80: 0.9378 | Kendall@80: 0.7984
Epoch 51/150 | Train Loss: 0.0305 | Epoch Time: 0.57s | Spearman@80: 0.9068 | Kendall@80: 0.7542
Epoch 52/150 | Train Loss: 0.0311 | Epoch Time: 0.56s | Spearman@80: 0.9144 | Kendall@80: 0.7654
Epoch 53/150 | Train Loss: 0.0328 | Epoch Time: 0.56s | Spearman@80: 0.9257 | Kendall@80: 0.7847
Epoch 54/150 | Train Loss: 0.0295 | Epoch Time: 0.56s | Spearman@80: 0.9228 | Kendall@80: 0.7794
Epoch 55/150 | Train Loss: 0.0297 | Epoch Time: 0.57s | Spearman@80: 0.9335 | Kendall@80: 0.7992
Epoch 56/150 | Train Loss: 0.0248 | Epoch Time: 0.56s | Spearman@80: 0.9261 | Kendall@80: 0.7895
Epoch 57/150 | Train Loss: 0.0305 | Epoch Time: 0.56s | Spearman@80: 0.9180 | Kendall@80: 0.7768
Epoch 58/150 | Train Loss: 0.0310 | Epoch Time: 0.57s | Spearman@80: 0.9197 | Kendall@80: 0.7705
Epoch 59/150 | Train Loss: 0.0249 | Epoch Time: 0.57s | Spearman@80: 0.9219 | Kendall@80: 0.7663
Epoch 60/150 | Train Loss: 0.0289 | Epoch Time: 0.56s | Spearman@80: 0.8904 | Kendall@80: 0.7261
Epoch 61/150 | Train Loss: 0.0283 | Epoch Time: 0.57s | Spearman@80: 0.9109 | Kendall@80: 0.7618
Epoch 62/150 | Train Loss: 0.0313 | Epoch Time: 0.56s | Spearman@80: 0.9220 | Kendall@80: 0.7758
Epoch 63/150 | Train Loss: 0.0311 | Epoch Time: 0.56s | Spearman@80: 0.9264 | Kendall@80: 0.7876
Epoch 64/150 | Train Loss: 0.0325 | Epoch Time: 0.57s | Spearman@80: 0.9186 | Kendall@80: 0.7635
Epoch 65/150 | Train Loss: 0.0341 | Epoch Time: 0.56s | Spearman@80: 0.9279 | Kendall@80: 0.7864
Epoch 66/150 | Train Loss: 0.0260 | Epoch Time: 0.56s | Spearman@80: 0.9176 | Kendall@80: 0.7631
Epoch 67/150 | Train Loss: 0.0256 | Epoch Time: 0.56s | Spearman@80: 0.9287 | Kendall@80: 0.7853
Epoch 68/150 | Train Loss: 0.0273 | Epoch Time: 0.56s | Spearman@80: 0.9346 | Kendall@80: 0.7933
Epoch 69/150 | Train Loss: 0.0250 | Epoch Time: 0.56s | Spearman@80: 0.9314 | Kendall@80: 0.7916
Epoch 70/150 | Train Loss: 0.0274 | Epoch Time: 0.56s | Spearman@80: 0.8976 | Kendall@80: 0.7248
Epoch 71/150 | Train Loss: 0.0300 | Epoch Time: 0.57s | Spearman@80: 0.9201 | Kendall@80: 0.7789
Epoch 72/150 | Train Loss: 0.0315 | Epoch Time: 0.56s | Spearman@80: 0.9307 | Kendall@80: 0.8005
Epoch 73/150 | Train Loss: 0.0267 | Epoch Time: 0.56s | Spearman@80: 0.9284 | Kendall@80: 0.7910
Epoch 74/150 | Train Loss: 0.0252 | Epoch Time: 0.56s | Spearman@80: 0.9258 | Kendall@80: 0.7904
Epoch 75/150 | Train Loss: 0.0248 | Epoch Time: 0.56s | Spearman@80: 0.9278 | Kendall@80: 0.7902
Epoch 76/150 | Train Loss: 0.0260 | Epoch Time: 0.56s | Spearman@80: 0.9279 | Kendall@80: 0.7870
Epoch 77/150 | Train Loss: 0.0232 | Epoch Time: 0.56s | Spearman@80: 0.9249 | Kendall@80: 0.7895
Epoch 78/150 | Train Loss: 0.0232 | Epoch Time: 0.57s | Spearman@80: 0.9171 | Kendall@80: 0.7749
Epoch 79/150 | Train Loss: 0.0249 | Epoch Time: 0.56s | Spearman@80: 0.9264 | Kendall@80: 0.7933
Epoch 80/150 | Train Loss: 0.0284 | Epoch Time: 0.56s | Spearman@80: 0.9243 | Kendall@80: 0.7851
Epoch 81/150 | Train Loss: 0.0308 | Epoch Time: 0.56s | Spearman@80: 0.9288 | Kendall@80: 0.7933
Epoch 82/150 | Train Loss: 0.0281 | Epoch Time: 0.56s | Spearman@80: 0.9403 | Kendall@80: 0.8100
Epoch 83/150 | Train Loss: 0.0262 | Epoch Time: 0.56s | Spearman@80: 0.9300 | Kendall@80: 0.7929
Epoch 84/150 | Train Loss: 0.0238 | Epoch Time: 0.56s | Spearman@80: 0.9350 | Kendall@80: 0.7933
Epoch 85/150 | Train Loss: 0.0249 | Epoch Time: 0.56s | Spearman@80: 0.9260 | Kendall@80: 0.7959
Epoch 86/150 | Train Loss: 0.0257 | Epoch Time: 0.56s | Spearman@80: 0.9267 | Kendall@80: 0.7845
Epoch 87/150 | Train Loss: 0.0270 | Epoch Time: 0.56s | Spearman@80: 0.9320 | Kendall@80: 0.7933
Epoch 88/150 | Train Loss: 0.0230 | Epoch Time: 0.56s | Spearman@80: 0.9164 | Kendall@80: 0.7770
Epoch 89/150 | Train Loss: 0.0282 | Epoch Time: 0.56s | Spearman@80: 0.9318 | Kendall@80: 0.7857
Epoch 90/150 | Train Loss: 0.0290 | Epoch Time: 0.59s | Spearman@80: 0.9293 | Kendall@80: 0.7857
Epoch 91/150 | Train Loss: 0.0305 | Epoch Time: 0.56s | Spearman@80: 0.9110 | Kendall@80: 0.7739
Epoch 92/150 | Train Loss: 0.0314 | Epoch Time: 0.56s | Spearman@80: 0.9228 | Kendall@80: 0.7807
Epoch 93/150 | Train Loss: 0.0238 | Epoch Time: 0.56s | Spearman@80: 0.9198 | Kendall@80: 0.7794
Epoch 94/150 | Train Loss: 0.0197 | Epoch Time: 0.56s | Spearman@80: 0.9232 | Kendall@80: 0.7878
Epoch 95/150 | Train Loss: 0.0234 | Epoch Time: 0.56s | Spearman@80: 0.9282 | Kendall@80: 0.7959
Epoch 96/150 | Train Loss: 0.0233 | Epoch Time: 0.56s | Spearman@80: 0.9107 | Kendall@80: 0.7756
Epoch 97/150 | Train Loss: 0.0242 | Epoch Time: 0.56s | Spearman@80: 0.9389 | Kendall@80: 0.8086
Epoch 98/150 | Train Loss: 0.0184 | Epoch Time: 0.56s | Spearman@80: 0.9354 | Kendall@80: 0.7942
Epoch 99/150 | Train Loss: 0.0215 | Epoch Time: 0.56s | Spearman@80: 0.9296 | Kendall@80: 0.7916
Epoch 100/150 | Train Loss: 0.0254 | Epoch Time: 0.56s | Spearman@80: 0.9223 | Kendall@80: 0.7827
Epoch 101/150 | Train Loss: 0.0246 | Epoch Time: 0.57s | Spearman@80: 0.9282 | Kendall@80: 0.7940
Epoch 102/150 | Train Loss: 0.0211 | Epoch Time: 0.57s | Spearman@80: 0.9258 | Kendall@80: 0.7895
Epoch 103/150 | Train Loss: 0.0269 | Epoch Time: 0.56s | Spearman@80: 0.9338 | Kendall@80: 0.7959
Epoch 104/150 | Train Loss: 0.0217 | Epoch Time: 0.57s | Spearman@80: 0.9287 | Kendall@80: 0.7935
Epoch 105/150 | Train Loss: 0.0264 | Epoch Time: 0.57s | Spearman@80: 0.9178 | Kendall@80: 0.7800
Epoch 106/150 | Train Loss: 0.0266 | Epoch Time: 0.57s | Spearman@80: 0.9102 | Kendall@80: 0.7711
Epoch 107/150 | Train Loss: 0.0228 | Epoch Time: 0.57s | Spearman@80: 0.9158 | Kendall@80: 0.7802
Epoch 108/150 | Train Loss: 0.0218 | Epoch Time: 0.57s | Spearman@80: 0.9260 | Kendall@80: 0.7908
Epoch 109/150 | Train Loss: 0.0217 | Epoch Time: 0.57s | Spearman@80: 0.9240 | Kendall@80: 0.7878
Epoch 110/150 | Train Loss: 0.0180 | Epoch Time: 0.57s | Spearman@80: 0.9226 | Kendall@80: 0.7904
Epoch 111/150 | Train Loss: 0.0225 | Epoch Time: 0.56s | Spearman@80: 0.9157 | Kendall@80: 0.7787
Epoch 112/150 | Train Loss: 0.0226 | Epoch Time: 0.56s | Spearman@80: 0.9234 | Kendall@80: 0.7840
Epoch 113/150 | Train Loss: 0.0287 | Epoch Time: 0.57s | Spearman@80: 0.9245 | Kendall@80: 0.7946
Epoch 114/150 | Train Loss: 0.0161 | Epoch Time: 0.57s | Spearman@80: 0.9241 | Kendall@80: 0.7923
Epoch 115/150 | Train Loss: 0.0208 | Epoch Time: 0.57s | Spearman@80: 0.9303 | Kendall@80: 0.7927
Epoch 116/150 | Train Loss: 0.0227 | Epoch Time: 0.57s | Spearman@80: 0.9264 | Kendall@80: 0.7942
Epoch 117/150 | Train Loss: 0.0231 | Epoch Time: 0.57s | Spearman@80: 0.9173 | Kendall@80: 0.7847
Epoch 118/150 | Train Loss: 0.0242 | Epoch Time: 0.57s | Spearman@80: 0.9198 | Kendall@80: 0.7838
Epoch 119/150 | Train Loss: 0.0199 | Epoch Time: 0.56s | Spearman@80: 0.9200 | Kendall@80: 0.7872
Epoch 120/150 | Train Loss: 0.0222 | Epoch Time: 0.57s | Spearman@80: 0.9228 | Kendall@80: 0.7857
Epoch 121/150 | Train Loss: 0.0233 | Epoch Time: 0.56s | Spearman@80: 0.9216 | Kendall@80: 0.7851
Epoch 122/150 | Train Loss: 0.0197 | Epoch Time: 0.56s | Spearman@80: 0.9208 | Kendall@80: 0.7883
Epoch 123/150 | Train Loss: 0.0183 | Epoch Time: 0.56s | Spearman@80: 0.9183 | Kendall@80: 0.7807
Epoch 124/150 | Train Loss: 0.0216 | Epoch Time: 0.56s | Spearman@80: 0.9204 | Kendall@80: 0.7851
Epoch 125/150 | Train Loss: 0.0214 | Epoch Time: 0.56s | Spearman@80: 0.9198 | Kendall@80: 0.7904
Epoch 126/150 | Train Loss: 0.0226 | Epoch Time: 0.56s | Spearman@80: 0.9229 | Kendall@80: 0.7933
Epoch 127/150 | Train Loss: 0.0202 | Epoch Time: 0.56s | Spearman@80: 0.9178 | Kendall@80: 0.7847
Epoch 128/150 | Train Loss: 0.0272 | Epoch Time: 0.57s | Spearman@80: 0.9226 | Kendall@80: 0.7895
Epoch 129/150 | Train Loss: 0.0228 | Epoch Time: 0.56s | Spearman@80: 0.9209 | Kendall@80: 0.7891
Epoch 130/150 | Train Loss: 0.0200 | Epoch Time: 0.56s | Spearman@80: 0.9185 | Kendall@80: 0.7787
Epoch 131/150 | Train Loss: 0.0201 | Epoch Time: 0.56s | Spearman@80: 0.9205 | Kendall@80: 0.7864
Epoch 132/150 | Train Loss: 0.0173 | Epoch Time: 0.57s | Spearman@80: 0.9165 | Kendall@80: 0.7864
Epoch 133/150 | Train Loss: 0.0220 | Epoch Time: 0.56s | Spearman@80: 0.9199 | Kendall@80: 0.7883
Epoch 134/150 | Train Loss: 0.0205 | Epoch Time: 0.56s | Spearman@80: 0.9165 | Kendall@80: 0.7847
Epoch 135/150 | Train Loss: 0.0231 | Epoch Time: 0.56s | Spearman@80: 0.9196 | Kendall@80: 0.7902
Epoch 136/150 | Train Loss: 0.0195 | Epoch Time: 0.57s | Spearman@80: 0.9130 | Kendall@80: 0.7808
Epoch 137/150 | Train Loss: 0.0207 | Epoch Time: 0.56s | Spearman@80: 0.9208 | Kendall@80: 0.7908
Epoch 138/150 | Train Loss: 0.0215 | Epoch Time: 0.56s | Spearman@80: 0.9223 | Kendall@80: 0.7910
Epoch 139/150 | Train Loss: 0.0180 | Epoch Time: 0.56s | Spearman@80: 0.9226 | Kendall@80: 0.7895
Epoch 140/150 | Train Loss: 0.0198 | Epoch Time: 0.57s | Spearman@80: 0.9213 | Kendall@80: 0.7891
Epoch 141/150 | Train Loss: 0.0178 | Epoch Time: 0.56s | Spearman@80: 0.9229 | Kendall@80: 0.7895
Epoch 142/150 | Train Loss: 0.0182 | Epoch Time: 0.56s | Spearman@80: 0.9215 | Kendall@80: 0.7897
Epoch 143/150 | Train Loss: 0.0209 | Epoch Time: 0.56s | Spearman@80: 0.9217 | Kendall@80: 0.7866
Epoch 144/150 | Train Loss: 0.0163 | Epoch Time: 0.57s | Spearman@80: 0.9245 | Kendall@80: 0.7902
Epoch 145/150 | Train Loss: 0.0211 | Epoch Time: 0.56s | Spearman@80: 0.9218 | Kendall@80: 0.7876
Epoch 146/150 | Train Loss: 0.0194 | Epoch Time: 0.56s | Spearman@80: 0.9217 | Kendall@80: 0.7872
Epoch 147/150 | Train Loss: 0.0182 | Epoch Time: 2.21s | Spearman@15496: 0.9206 | Kendall@15496: 0.7729
Epoch 148/150 | Train Loss: 0.0217 | Epoch Time: 2.22s | Spearman@15496: 0.9212 | Kendall@15496: 0.7745
Epoch 149/150 | Train Loss: 0.0219 | Epoch Time: 2.21s | Spearman@15496: 0.9208 | Kendall@15496: 0.7736
Epoch 150/150 | Train Loss: 0.0151 | Epoch Time: 2.21s | Spearman@15496: 0.9205 | Kendall@15496: 0.7730
Sample Count: 128, Spearman: 0.9207938409640414, Kendall: 0.7734986789210505
{64: (0.9415570597066062, 0.7968811298827934),
 128: (0.9207938409640414, 0.7734986789210505)}
Epoch 1/150 | Train Loss: 0.0958 | Epoch Time: 0.29s | Spearman@80: 0.4238 | Kendall@80: 0.2934
Epoch 2/150 | Train Loss: 0.0821 | Epoch Time: 0.29s | Spearman@80: 0.5520 | Kendall@80: 0.3952
Epoch 3/150 | Train Loss: 0.0601 | Epoch Time: 0.29s | Spearman@80: 0.7809 | Kendall@80: 0.6001
Epoch 4/150 | Train Loss: 0.0501 | Epoch Time: 0.29s | Spearman@80: 0.8424 | Kendall@80: 0.6732
Epoch 5/150 | Train Loss: 0.0403 | Epoch Time: 0.29s | Spearman@80: 0.8333 | Kendall@80: 0.6521
Epoch 6/150 | Train Loss: 0.0342 | Epoch Time: 0.31s | Spearman@80: 0.8595 | Kendall@80: 0.7003
Epoch 7/150 | Train Loss: 0.0344 | Epoch Time: 0.29s | Spearman@80: 0.8668 | Kendall@80: 0.6960
Epoch 8/150 | Train Loss: 0.0283 | Epoch Time: 0.29s | Spearman@80: 0.8225 | Kendall@80: 0.6288
Epoch 9/150 | Train Loss: 0.0291 | Epoch Time: 0.29s | Spearman@80: 0.8688 | Kendall@80: 0.6960
Epoch 10/150 | Train Loss: 0.0295 | Epoch Time: 0.29s | Spearman@80: 0.8808 | Kendall@80: 0.7182
Epoch 11/150 | Train Loss: 0.0334 | Epoch Time: 0.29s | Spearman@80: 0.8597 | Kendall@80: 0.6946
Epoch 12/150 | Train Loss: 0.0338 | Epoch Time: 0.29s | Spearman@80: 0.8688 | Kendall@80: 0.7144
Epoch 13/150 | Train Loss: 0.0293 | Epoch Time: 0.29s | Spearman@80: 0.8984 | Kendall@80: 0.7474
Epoch 14/150 | Train Loss: 0.0359 | Epoch Time: 0.29s | Spearman@80: 0.8674 | Kendall@80: 0.6986
Epoch 15/150 | Train Loss: 0.0263 | Epoch Time: 0.29s | Spearman@80: 0.8547 | Kendall@80: 0.6806
Epoch 16/150 | Train Loss: 0.0250 | Epoch Time: 0.29s | Spearman@80: 0.8474 | Kendall@80: 0.6920
Epoch 17/150 | Train Loss: 0.0291 | Epoch Time: 0.29s | Spearman@80: 0.8620 | Kendall@80: 0.7117
Epoch 18/150 | Train Loss: 0.0280 | Epoch Time: 0.29s | Spearman@80: 0.8828 | Kendall@80: 0.7212
Epoch 19/150 | Train Loss: 0.0364 | Epoch Time: 0.29s | Spearman@80: 0.8276 | Kendall@80: 0.6345
Epoch 20/150 | Train Loss: 0.0354 | Epoch Time: 0.29s | Spearman@80: 0.8449 | Kendall@80: 0.6762
Epoch 21/150 | Train Loss: 0.0346 | Epoch Time: 0.29s | Spearman@80: 0.8350 | Kendall@80: 0.6686
Epoch 22/150 | Train Loss: 0.0257 | Epoch Time: 0.29s | Spearman@80: 0.8755 | Kendall@80: 0.7024
Epoch 23/150 | Train Loss: 0.0282 | Epoch Time: 0.29s | Spearman@80: 0.8792 | Kendall@80: 0.7334
Epoch 24/150 | Train Loss: 0.0253 | Epoch Time: 0.29s | Spearman@80: 0.8408 | Kendall@80: 0.6650
Epoch 25/150 | Train Loss: 0.0297 | Epoch Time: 0.29s | Spearman@80: 0.8538 | Kendall@80: 0.6962
Epoch 26/150 | Train Loss: 0.0199 | Epoch Time: 0.29s | Spearman@80: 0.8626 | Kendall@80: 0.7125
Epoch 27/150 | Train Loss: 0.0175 | Epoch Time: 0.29s | Spearman@80: 0.8264 | Kendall@80: 0.6578
Epoch 28/150 | Train Loss: 0.0344 | Epoch Time: 0.29s | Spearman@80: 0.8660 | Kendall@80: 0.7201
Epoch 29/150 | Train Loss: 0.0313 | Epoch Time: 0.29s | Spearman@80: 0.8584 | Kendall@80: 0.7053
Epoch 30/150 | Train Loss: 0.0221 | Epoch Time: 0.29s | Spearman@80: 0.8659 | Kendall@80: 0.7091
Epoch 31/150 | Train Loss: 0.0204 | Epoch Time: 0.29s | Spearman@80: 0.8478 | Kendall@80: 0.6907
Epoch 32/150 | Train Loss: 0.0243 | Epoch Time: 0.29s | Spearman@80: 0.8196 | Kendall@80: 0.6561
Epoch 33/150 | Train Loss: 0.0230 | Epoch Time: 0.29s | Spearman@80: 0.8552 | Kendall@80: 0.6960
Epoch 34/150 | Train Loss: 0.0277 | Epoch Time: 0.29s | Spearman@80: 0.8648 | Kendall@80: 0.6973
Epoch 35/150 | Train Loss: 0.0317 | Epoch Time: 0.29s | Spearman@80: 0.8911 | Kendall@80: 0.7421
Epoch 36/150 | Train Loss: 0.0207 | Epoch Time: 0.31s | Spearman@80: 0.8906 | Kendall@80: 0.7455
Epoch 37/150 | Train Loss: 0.0154 | Epoch Time: 0.30s | Spearman@80: 0.8915 | Kendall@80: 0.7398
Epoch 38/150 | Train Loss: 0.0212 | Epoch Time: 0.29s | Spearman@80: 0.8834 | Kendall@80: 0.7370
Epoch 39/150 | Train Loss: 0.0207 | Epoch Time: 0.29s | Spearman@80: 0.8831 | Kendall@80: 0.7461
Epoch 40/150 | Train Loss: 0.0274 | Epoch Time: 0.29s | Spearman@80: 0.8247 | Kendall@80: 0.6593
Epoch 41/150 | Train Loss: 0.0199 | Epoch Time: 0.29s | Spearman@80: 0.8586 | Kendall@80: 0.6990
Epoch 42/150 | Train Loss: 0.0315 | Epoch Time: 0.29s | Spearman@80: 0.8789 | Kendall@80: 0.7328
Epoch 43/150 | Train Loss: 0.0193 | Epoch Time: 0.29s | Spearman@80: 0.8474 | Kendall@80: 0.6973
Epoch 44/150 | Train Loss: 0.0211 | Epoch Time: 0.29s | Spearman@80: 0.8587 | Kendall@80: 0.6992
Epoch 45/150 | Train Loss: 0.0213 | Epoch Time: 0.29s | Spearman@80: 0.8605 | Kendall@80: 0.7157
Epoch 46/150 | Train Loss: 0.0341 | Epoch Time: 0.29s | Spearman@80: 0.8784 | Kendall@80: 0.7326
Epoch 47/150 | Train Loss: 0.0224 | Epoch Time: 0.29s | Spearman@80: 0.8908 | Kendall@80: 0.7550
Epoch 48/150 | Train Loss: 0.0195 | Epoch Time: 0.29s | Spearman@80: 0.8858 | Kendall@80: 0.7376
Epoch 49/150 | Train Loss: 0.0173 | Epoch Time: 0.29s | Spearman@80: 0.8823 | Kendall@80: 0.7338
Epoch 50/150 | Train Loss: 0.0229 | Epoch Time: 0.29s | Spearman@80: 0.8612 | Kendall@80: 0.6998
Epoch 51/150 | Train Loss: 0.0189 | Epoch Time: 0.29s | Spearman@80: 0.8770 | Kendall@80: 0.7237
Epoch 52/150 | Train Loss: 0.0208 | Epoch Time: 0.29s | Spearman@80: 0.8911 | Kendall@80: 0.7277
Epoch 53/150 | Train Loss: 0.0252 | Epoch Time: 0.29s | Spearman@80: 0.8729 | Kendall@80: 0.7174
Epoch 54/150 | Train Loss: 0.0247 | Epoch Time: 0.29s | Spearman@80: 0.8646 | Kendall@80: 0.7123
Epoch 55/150 | Train Loss: 0.0214 | Epoch Time: 0.29s | Spearman@80: 0.8721 | Kendall@80: 0.7106
Epoch 56/150 | Train Loss: 0.0168 | Epoch Time: 0.29s | Spearman@80: 0.8783 | Kendall@80: 0.7157
Epoch 57/150 | Train Loss: 0.0108 | Epoch Time: 0.29s | Spearman@80: 0.8673 | Kendall@80: 0.7085
Epoch 58/150 | Train Loss: 0.0188 | Epoch Time: 0.29s | Spearman@80: 0.8666 | Kendall@80: 0.7131
Epoch 59/150 | Train Loss: 0.0206 | Epoch Time: 0.29s | Spearman@80: 0.8597 | Kendall@80: 0.7125
Epoch 60/150 | Train Loss: 0.0202 | Epoch Time: 0.29s | Spearman@80: 0.8418 | Kendall@80: 0.6806
Epoch 61/150 | Train Loss: 0.0258 | Epoch Time: 0.29s | Spearman@80: 0.8365 | Kendall@80: 0.6719
Epoch 62/150 | Train Loss: 0.0249 | Epoch Time: 0.28s | Spearman@80: 0.8491 | Kendall@80: 0.6808
Epoch 63/150 | Train Loss: 0.0268 | Epoch Time: 0.29s | Spearman@80: 0.8889 | Kendall@80: 0.7385
Epoch 64/150 | Train Loss: 0.0180 | Epoch Time: 0.29s | Spearman@80: 0.8830 | Kendall@80: 0.7245
Epoch 65/150 | Train Loss: 0.0216 | Epoch Time: 0.28s | Spearman@80: 0.8743 | Kendall@80: 0.7180
Epoch 66/150 | Train Loss: 0.0148 | Epoch Time: 0.29s | Spearman@80: 0.8313 | Kendall@80: 0.6565
Epoch 67/150 | Train Loss: 0.0230 | Epoch Time: 0.29s | Spearman@80: 0.8593 | Kendall@80: 0.6996
Epoch 68/150 | Train Loss: 0.0188 | Epoch Time: 0.29s | Spearman@80: 0.8781 | Kendall@80: 0.7298
Epoch 69/150 | Train Loss: 0.0276 | Epoch Time: 0.29s | Spearman@80: 0.8731 | Kendall@80: 0.7220
Epoch 70/150 | Train Loss: 0.0263 | Epoch Time: 0.28s | Spearman@80: 0.8684 | Kendall@80: 0.7174
Epoch 71/150 | Train Loss: 0.0189 | Epoch Time: 0.29s | Spearman@80: 0.8774 | Kendall@80: 0.7340
Epoch 72/150 | Train Loss: 0.0132 | Epoch Time: 0.28s | Spearman@80: 0.8702 | Kendall@80: 0.7180
Epoch 73/150 | Train Loss: 0.0163 | Epoch Time: 0.29s | Spearman@80: 0.8771 | Kendall@80: 0.7284
Epoch 74/150 | Train Loss: 0.0209 | Epoch Time: 0.29s | Spearman@80: 0.8839 | Kendall@80: 0.7385
Epoch 75/150 | Train Loss: 0.0166 | Epoch Time: 0.29s | Spearman@80: 0.8844 | Kendall@80: 0.7372
Epoch 76/150 | Train Loss: 0.0202 | Epoch Time: 0.29s | Spearman@80: 0.8854 | Kendall@80: 0.7461
Epoch 77/150 | Train Loss: 0.0147 | Epoch Time: 0.28s | Spearman@80: 0.8799 | Kendall@80: 0.7321
Epoch 78/150 | Train Loss: 0.0124 | Epoch Time: 0.28s | Spearman@80: 0.8736 | Kendall@80: 0.7220
Epoch 79/150 | Train Loss: 0.0121 | Epoch Time: 0.29s | Spearman@80: 0.8656 | Kendall@80: 0.7125
Epoch 80/150 | Train Loss: 0.0133 | Epoch Time: 0.29s | Spearman@80: 0.8665 | Kendall@80: 0.7121
Epoch 81/150 | Train Loss: 0.0155 | Epoch Time: 0.29s | Spearman@80: 0.8685 | Kendall@80: 0.7195
Epoch 82/150 | Train Loss: 0.0158 | Epoch Time: 0.29s | Spearman@80: 0.8825 | Kendall@80: 0.7315
Epoch 83/150 | Train Loss: 0.0231 | Epoch Time: 0.29s | Spearman@80: 0.8843 | Kendall@80: 0.7435
Epoch 84/150 | Train Loss: 0.0163 | Epoch Time: 0.29s | Spearman@80: 0.8681 | Kendall@80: 0.7199
Epoch 85/150 | Train Loss: 0.0162 | Epoch Time: 0.29s | Spearman@80: 0.8718 | Kendall@80: 0.7214
Epoch 86/150 | Train Loss: 0.0199 | Epoch Time: 0.29s | Spearman@80: 0.8852 | Kendall@80: 0.7389
Epoch 87/150 | Train Loss: 0.0214 | Epoch Time: 0.29s | Spearman@80: 0.8892 | Kendall@80: 0.7416
Epoch 88/150 | Train Loss: 0.0168 | Epoch Time: 0.28s | Spearman@80: 0.8780 | Kendall@80: 0.7366
Epoch 89/150 | Train Loss: 0.0186 | Epoch Time: 0.29s | Spearman@80: 0.8721 | Kendall@80: 0.7271
Epoch 90/150 | Train Loss: 0.0157 | Epoch Time: 0.29s | Spearman@80: 0.8877 | Kendall@80: 0.7423
Epoch 91/150 | Train Loss: 0.0108 | Epoch Time: 0.29s | Spearman@80: 0.8886 | Kendall@80: 0.7341
Epoch 92/150 | Train Loss: 0.0124 | Epoch Time: 0.29s | Spearman@80: 0.8803 | Kendall@80: 0.7300
Epoch 93/150 | Train Loss: 0.0204 | Epoch Time: 0.29s | Spearman@80: 0.8846 | Kendall@80: 0.7370
Epoch 94/150 | Train Loss: 0.0107 | Epoch Time: 0.29s | Spearman@80: 0.8852 | Kendall@80: 0.7372
Epoch 95/150 | Train Loss: 0.0149 | Epoch Time: 0.28s | Spearman@80: 0.8817 | Kendall@80: 0.7307
Epoch 96/150 | Train Loss: 0.0128 | Epoch Time: 0.29s | Spearman@80: 0.8684 | Kendall@80: 0.7174
Epoch 97/150 | Train Loss: 0.0135 | Epoch Time: 0.29s | Spearman@80: 0.8549 | Kendall@80: 0.6979
Epoch 98/150 | Train Loss: 0.0144 | Epoch Time: 0.29s | Spearman@80: 0.8645 | Kendall@80: 0.7053
Epoch 99/150 | Train Loss: 0.0089 | Epoch Time: 0.29s | Spearman@80: 0.8775 | Kendall@80: 0.7243
Epoch 100/150 | Train Loss: 0.0121 | Epoch Time: 0.29s | Spearman@80: 0.8866 | Kendall@80: 0.7364
Epoch 101/150 | Train Loss: 0.0101 | Epoch Time: 0.29s | Spearman@80: 0.8901 | Kendall@80: 0.7385
Epoch 102/150 | Train Loss: 0.0161 | Epoch Time: 0.29s | Spearman@80: 0.8789 | Kendall@80: 0.7286
Epoch 103/150 | Train Loss: 0.0163 | Epoch Time: 0.29s | Spearman@80: 0.8841 | Kendall@80: 0.7359
Epoch 104/150 | Train Loss: 0.0128 | Epoch Time: 0.29s | Spearman@80: 0.8855 | Kendall@80: 0.7389
Epoch 105/150 | Train Loss: 0.0076 | Epoch Time: 0.29s | Spearman@80: 0.8936 | Kendall@80: 0.7480
Epoch 106/150 | Train Loss: 0.0170 | Epoch Time: 0.29s | Spearman@80: 0.8898 | Kendall@80: 0.7499
Epoch 107/150 | Train Loss: 0.0101 | Epoch Time: 0.29s | Spearman@80: 0.8844 | Kendall@80: 0.7429
Epoch 108/150 | Train Loss: 0.0094 | Epoch Time: 0.29s | Spearman@80: 0.8809 | Kendall@80: 0.7404
Epoch 109/150 | Train Loss: 0.0143 | Epoch Time: 0.29s | Spearman@80: 0.8720 | Kendall@80: 0.7193
Epoch 110/150 | Train Loss: 0.0100 | Epoch Time: 0.29s | Spearman@80: 0.8789 | Kendall@80: 0.7264
Epoch 111/150 | Train Loss: 0.0113 | Epoch Time: 0.29s | Spearman@80: 0.8740 | Kendall@80: 0.7212
Epoch 112/150 | Train Loss: 0.0133 | Epoch Time: 0.29s | Spearman@80: 0.8793 | Kendall@80: 0.7321
Epoch 113/150 | Train Loss: 0.0131 | Epoch Time: 0.29s | Spearman@80: 0.8736 | Kendall@80: 0.7197
Epoch 114/150 | Train Loss: 0.0150 | Epoch Time: 0.29s | Spearman@80: 0.8703 | Kendall@80: 0.7191
Epoch 115/150 | Train Loss: 0.0109 | Epoch Time: 0.29s | Spearman@80: 0.8746 | Kendall@80: 0.7188
Epoch 116/150 | Train Loss: 0.0088 | Epoch Time: 0.29s | Spearman@80: 0.8785 | Kendall@80: 0.7269
Epoch 117/150 | Train Loss: 0.0137 | Epoch Time: 0.29s | Spearman@80: 0.8717 | Kendall@80: 0.7195
Epoch 118/150 | Train Loss: 0.0126 | Epoch Time: 0.29s | Spearman@80: 0.8768 | Kendall@80: 0.7277
Epoch 119/150 | Train Loss: 0.0109 | Epoch Time: 0.29s | Spearman@80: 0.8762 | Kendall@80: 0.7256
Epoch 120/150 | Train Loss: 0.0161 | Epoch Time: 0.29s | Spearman@80: 0.8805 | Kendall@80: 0.7319
Epoch 121/150 | Train Loss: 0.0089 | Epoch Time: 0.29s | Spearman@80: 0.8767 | Kendall@80: 0.7311
Epoch 122/150 | Train Loss: 0.0121 | Epoch Time: 0.29s | Spearman@80: 0.8814 | Kendall@80: 0.7366
Epoch 123/150 | Train Loss: 0.0094 | Epoch Time: 0.29s | Spearman@80: 0.8856 | Kendall@80: 0.7410
Epoch 124/150 | Train Loss: 0.0119 | Epoch Time: 0.29s | Spearman@80: 0.8734 | Kendall@80: 0.7237
Epoch 125/150 | Train Loss: 0.0151 | Epoch Time: 0.29s | Spearman@80: 0.8752 | Kendall@80: 0.7283
Epoch 126/150 | Train Loss: 0.0144 | Epoch Time: 0.29s | Spearman@80: 0.8809 | Kendall@80: 0.7360
Epoch 127/150 | Train Loss: 0.0113 | Epoch Time: 0.29s | Spearman@80: 0.8789 | Kendall@80: 0.7330
Epoch 128/150 | Train Loss: 0.0089 | Epoch Time: 0.29s | Spearman@80: 0.8711 | Kendall@80: 0.7227
Epoch 129/150 | Train Loss: 0.0101 | Epoch Time: 0.29s | Spearman@80: 0.8753 | Kendall@80: 0.7262
Epoch 130/150 | Train Loss: 0.0183 | Epoch Time: 0.29s | Spearman@80: 0.8729 | Kendall@80: 0.7252
Epoch 131/150 | Train Loss: 0.0144 | Epoch Time: 0.29s | Spearman@80: 0.8748 | Kendall@80: 0.7271
Epoch 132/150 | Train Loss: 0.0189 | Epoch Time: 0.29s | Spearman@80: 0.8765 | Kendall@80: 0.7281
Epoch 133/150 | Train Loss: 0.0091 | Epoch Time: 0.29s | Spearman@80: 0.8799 | Kendall@80: 0.7334
Epoch 134/150 | Train Loss: 0.0052 | Epoch Time: 0.29s | Spearman@80: 0.8798 | Kendall@80: 0.7315
Epoch 135/150 | Train Loss: 0.0133 | Epoch Time: 0.29s | Spearman@80: 0.8809 | Kendall@80: 0.7347
Epoch 136/150 | Train Loss: 0.0072 | Epoch Time: 0.29s | Spearman@80: 0.8863 | Kendall@80: 0.7404
Epoch 137/150 | Train Loss: 0.0084 | Epoch Time: 0.29s | Spearman@80: 0.8826 | Kendall@80: 0.7340
Epoch 138/150 | Train Loss: 0.0143 | Epoch Time: 0.29s | Spearman@80: 0.8852 | Kendall@80: 0.7402
Epoch 139/150 | Train Loss: 0.0079 | Epoch Time: 0.29s | Spearman@80: 0.8800 | Kendall@80: 0.7288
Epoch 140/150 | Train Loss: 0.0095 | Epoch Time: 0.29s | Spearman@80: 0.8798 | Kendall@80: 0.7332
Epoch 141/150 | Train Loss: 0.0105 | Epoch Time: 0.29s | Spearman@80: 0.8786 | Kendall@80: 0.7302
Epoch 142/150 | Train Loss: 0.0165 | Epoch Time: 0.29s | Spearman@80: 0.8841 | Kendall@80: 0.7347
Epoch 143/150 | Train Loss: 0.0074 | Epoch Time: 0.29s | Spearman@80: 0.8772 | Kendall@80: 0.7290
Epoch 144/150 | Train Loss: 0.0116 | Epoch Time: 0.29s | Spearman@80: 0.8795 | Kendall@80: 0.7340
Epoch 145/150 | Train Loss: 0.0081 | Epoch Time: 0.29s | Spearman@80: 0.8767 | Kendall@80: 0.7315
Epoch 146/150 | Train Loss: 0.0087 | Epoch Time: 0.29s | Spearman@80: 0.8807 | Kendall@80: 0.7340
Epoch 147/150 | Train Loss: 0.0105 | Epoch Time: 1.92s | Spearman@15560: 0.9156 | Kendall@15560: 0.7701
Epoch 148/150 | Train Loss: 0.0109 | Epoch Time: 1.92s | Spearman@15560: 0.9166 | Kendall@15560: 0.7717
Epoch 149/150 | Train Loss: 0.0093 | Epoch Time: 1.92s | Spearman@15560: 0.9157 | Kendall@15560: 0.7727
Epoch 150/150 | Train Loss: 0.0099 | Epoch Time: 1.92s | Spearman@15560: 0.9169 | Kendall@15560: 0.7714
Sample Count: 64, Spearman: 0.9162015340452784, Kendall: 0.7714711039340693
{64: (0.9162015340452784, 0.7714711039340693),
 128: (0.9207938409640414, 0.7734986789210505)}
Epoch 1/150 | Train Loss: 0.0859 | Epoch Time: 0.57s | Spearman@80: 0.5434 | Kendall@80: 0.3826
Epoch 2/150 | Train Loss: 0.0574 | Epoch Time: 0.57s | Spearman@80: 0.8521 | Kendall@80: 0.6588
Epoch 3/150 | Train Loss: 0.0409 | Epoch Time: 0.57s | Spearman@80: 0.8700 | Kendall@80: 0.6872
Epoch 4/150 | Train Loss: 0.0481 | Epoch Time: 0.57s | Spearman@80: 0.9027 | Kendall@80: 0.7419
Epoch 5/150 | Train Loss: 0.0364 | Epoch Time: 0.57s | Spearman@80: 0.8732 | Kendall@80: 0.6990
Epoch 6/150 | Train Loss: 0.0321 | Epoch Time: 0.57s | Spearman@80: 0.8981 | Kendall@80: 0.7280
Epoch 7/150 | Train Loss: 0.0324 | Epoch Time: 0.57s | Spearman@80: 0.8854 | Kendall@80: 0.7159
Epoch 8/150 | Train Loss: 0.0379 | Epoch Time: 0.57s | Spearman@80: 0.9140 | Kendall@80: 0.7584
Epoch 9/150 | Train Loss: 0.0326 | Epoch Time: 0.57s | Spearman@80: 0.9244 | Kendall@80: 0.7732
Epoch 10/150 | Train Loss: 0.0367 | Epoch Time: 0.57s | Spearman@80: 0.9020 | Kendall@80: 0.7445
Epoch 11/150 | Train Loss: 0.0294 | Epoch Time: 0.56s | Spearman@80: 0.9115 | Kendall@80: 0.7506
Epoch 12/150 | Train Loss: 0.0304 | Epoch Time: 0.56s | Spearman@80: 0.9227 | Kendall@80: 0.7662
Epoch 13/150 | Train Loss: 0.0306 | Epoch Time: 0.56s | Spearman@80: 0.9234 | Kendall@80: 0.7706
Epoch 14/150 | Train Loss: 0.0303 | Epoch Time: 0.57s | Spearman@80: 0.9281 | Kendall@80: 0.7745
Epoch 15/150 | Train Loss: 0.0365 | Epoch Time: 0.56s | Spearman@80: 0.9258 | Kendall@80: 0.7747
Epoch 16/150 | Train Loss: 0.0233 | Epoch Time: 0.56s | Spearman@80: 0.9069 | Kendall@80: 0.7449
Epoch 17/150 | Train Loss: 0.0273 | Epoch Time: 0.56s | Spearman@80: 0.9343 | Kendall@80: 0.7895
Epoch 18/150 | Train Loss: 0.0307 | Epoch Time: 0.57s | Spearman@80: 0.9029 | Kendall@80: 0.7424
Epoch 19/150 | Train Loss: 0.0370 | Epoch Time: 0.56s | Spearman@80: 0.9353 | Kendall@80: 0.7965
Epoch 20/150 | Train Loss: 0.0288 | Epoch Time: 0.56s | Spearman@80: 0.9344 | Kendall@80: 0.7880
Epoch 21/150 | Train Loss: 0.0343 | Epoch Time: 0.56s | Spearman@80: 0.9238 | Kendall@80: 0.7730
Epoch 22/150 | Train Loss: 0.0284 | Epoch Time: 0.56s | Spearman@80: 0.9166 | Kendall@80: 0.7590
Epoch 23/150 | Train Loss: 0.0322 | Epoch Time: 0.56s | Spearman@80: 0.9138 | Kendall@80: 0.7590
Epoch 24/150 | Train Loss: 0.0230 | Epoch Time: 0.56s | Spearman@80: 0.9192 | Kendall@80: 0.7609
Epoch 25/150 | Train Loss: 0.0327 | Epoch Time: 0.57s | Spearman@80: 0.9285 | Kendall@80: 0.7819
Epoch 26/150 | Train Loss: 0.0281 | Epoch Time: 0.57s | Spearman@80: 0.9214 | Kendall@80: 0.7673
Epoch 27/150 | Train Loss: 0.0290 | Epoch Time: 0.57s | Spearman@80: 0.9253 | Kendall@80: 0.7729
Epoch 28/150 | Train Loss: 0.0268 | Epoch Time: 0.57s | Spearman@80: 0.9306 | Kendall@80: 0.7836
Epoch 29/150 | Train Loss: 0.0283 | Epoch Time: 0.57s | Spearman@80: 0.9254 | Kendall@80: 0.7776
Epoch 30/150 | Train Loss: 0.0256 | Epoch Time: 0.57s | Spearman@80: 0.9036 | Kendall@80: 0.7366
Epoch 31/150 | Train Loss: 0.0287 | Epoch Time: 0.56s | Spearman@80: 0.9160 | Kendall@80: 0.7609
Epoch 32/150 | Train Loss: 0.0272 | Epoch Time: 0.56s | Spearman@80: 0.9197 | Kendall@80: 0.7690
Epoch 33/150 | Train Loss: 0.0253 | Epoch Time: 0.56s | Spearman@80: 0.8941 | Kendall@80: 0.7470
Epoch 34/150 | Train Loss: 0.0329 | Epoch Time: 0.56s | Spearman@80: 0.9294 | Kendall@80: 0.7810
Epoch 35/150 | Train Loss: 0.0274 | Epoch Time: 0.56s | Spearman@80: 0.9353 | Kendall@80: 0.7981
Epoch 36/150 | Train Loss: 0.0272 | Epoch Time: 0.56s | Spearman@80: 0.9333 | Kendall@80: 0.7920
Epoch 37/150 | Train Loss: 0.0275 | Epoch Time: 0.56s | Spearman@80: 0.9302 | Kendall@80: 0.7827
Epoch 38/150 | Train Loss: 0.0253 | Epoch Time: 0.56s | Spearman@80: 0.9211 | Kendall@80: 0.7734
Epoch 39/150 | Train Loss: 0.0242 | Epoch Time: 0.56s | Spearman@80: 0.9248 | Kendall@80: 0.7806
Epoch 40/150 | Train Loss: 0.0205 | Epoch Time: 0.56s | Spearman@80: 0.9267 | Kendall@80: 0.7823
Epoch 41/150 | Train Loss: 0.0230 | Epoch Time: 0.56s | Spearman@80: 0.9041 | Kendall@80: 0.7398
Epoch 42/150 | Train Loss: 0.0283 | Epoch Time: 0.56s | Spearman@80: 0.9006 | Kendall@80: 0.7343
Epoch 43/150 | Train Loss: 0.0295 | Epoch Time: 0.56s | Spearman@80: 0.9122 | Kendall@80: 0.7520
Epoch 44/150 | Train Loss: 0.0312 | Epoch Time: 0.56s | Spearman@80: 0.9120 | Kendall@80: 0.7569
Epoch 45/150 | Train Loss: 0.0253 | Epoch Time: 0.57s | Spearman@80: 0.9247 | Kendall@80: 0.7787
Epoch 46/150 | Train Loss: 0.0269 | Epoch Time: 0.57s | Spearman@80: 0.9229 | Kendall@80: 0.7806
Epoch 47/150 | Train Loss: 0.0269 | Epoch Time: 0.56s | Spearman@80: 0.9202 | Kendall@80: 0.7645
Epoch 48/150 | Train Loss: 0.0237 | Epoch Time: 0.56s | Spearman@80: 0.9204 | Kendall@80: 0.7711
Epoch 49/150 | Train Loss: 0.0270 | Epoch Time: 0.57s | Spearman@80: 0.9316 | Kendall@80: 0.7920
Epoch 50/150 | Train Loss: 0.0233 | Epoch Time: 0.56s | Spearman@80: 0.9205 | Kendall@80: 0.7696
Epoch 51/150 | Train Loss: 0.0259 | Epoch Time: 0.57s | Spearman@80: 0.9313 | Kendall@80: 0.7925
Epoch 52/150 | Train Loss: 0.0245 | Epoch Time: 0.57s | Spearman@80: 0.9268 | Kendall@80: 0.7846
Epoch 53/150 | Train Loss: 0.0246 | Epoch Time: 0.57s | Spearman@80: 0.9144 | Kendall@80: 0.7705
Epoch 54/150 | Train Loss: 0.0239 | Epoch Time: 0.57s | Spearman@80: 0.9171 | Kendall@80: 0.7637
Epoch 55/150 | Train Loss: 0.0208 | Epoch Time: 0.57s | Spearman@80: 0.9187 | Kendall@80: 0.7711
Epoch 56/150 | Train Loss: 0.0210 | Epoch Time: 0.57s | Spearman@80: 0.9254 | Kendall@80: 0.7808
Epoch 57/150 | Train Loss: 0.0274 | Epoch Time: 0.57s | Spearman@80: 0.9138 | Kendall@80: 0.7616
Epoch 58/150 | Train Loss: 0.0268 | Epoch Time: 0.57s | Spearman@80: 0.9295 | Kendall@80: 0.7842
Epoch 59/150 | Train Loss: 0.0214 | Epoch Time: 0.57s | Spearman@80: 0.9117 | Kendall@80: 0.7565
Epoch 60/150 | Train Loss: 0.0239 | Epoch Time: 0.57s | Spearman@80: 0.9239 | Kendall@80: 0.7802
Epoch 61/150 | Train Loss: 0.0227 | Epoch Time: 0.57s | Spearman@80: 0.9375 | Kendall@80: 0.7982
Epoch 62/150 | Train Loss: 0.0268 | Epoch Time: 0.57s | Spearman@80: 0.9325 | Kendall@80: 0.7869
Epoch 63/150 | Train Loss: 0.0244 | Epoch Time: 0.57s | Spearman@80: 0.9263 | Kendall@80: 0.7827
Epoch 64/150 | Train Loss: 0.0254 | Epoch Time: 0.57s | Spearman@80: 0.9102 | Kendall@80: 0.7531
Epoch 65/150 | Train Loss: 0.0281 | Epoch Time: 0.57s | Spearman@80: 0.9181 | Kendall@80: 0.7694
Epoch 66/150 | Train Loss: 0.0189 | Epoch Time: 0.57s | Spearman@80: 0.9394 | Kendall@80: 0.8017
Epoch 67/150 | Train Loss: 0.0232 | Epoch Time: 0.57s | Spearman@80: 0.9319 | Kendall@80: 0.7925
Epoch 68/150 | Train Loss: 0.0194 | Epoch Time: 0.57s | Spearman@80: 0.9252 | Kendall@80: 0.7838
Epoch 69/150 | Train Loss: 0.0226 | Epoch Time: 0.56s | Spearman@80: 0.9297 | Kendall@80: 0.7871
Epoch 70/150 | Train Loss: 0.0201 | Epoch Time: 0.56s | Spearman@80: 0.9245 | Kendall@80: 0.7848
Epoch 71/150 | Train Loss: 0.0242 | Epoch Time: 0.56s | Spearman@80: 0.9344 | Kendall@80: 0.7905
Epoch 72/150 | Train Loss: 0.0244 | Epoch Time: 0.56s | Spearman@80: 0.9235 | Kendall@80: 0.7852
Epoch 73/150 | Train Loss: 0.0232 | Epoch Time: 0.56s | Spearman@80: 0.9173 | Kendall@80: 0.7711
Epoch 74/150 | Train Loss: 0.0203 | Epoch Time: 0.56s | Spearman@80: 0.9350 | Kendall@80: 0.7933
Epoch 75/150 | Train Loss: 0.0252 | Epoch Time: 0.56s | Spearman@80: 0.9299 | Kendall@80: 0.7882
Epoch 76/150 | Train Loss: 0.0220 | Epoch Time: 0.56s | Spearman@80: 0.9247 | Kendall@80: 0.7798
Epoch 77/150 | Train Loss: 0.0210 | Epoch Time: 0.56s | Spearman@80: 0.9321 | Kendall@80: 0.7850
Epoch 78/150 | Train Loss: 0.0199 | Epoch Time: 0.56s | Spearman@80: 0.9320 | Kendall@80: 0.7812
Epoch 79/150 | Train Loss: 0.0211 | Epoch Time: 0.56s | Spearman@80: 0.9311 | Kendall@80: 0.7926
Epoch 80/150 | Train Loss: 0.0212 | Epoch Time: 0.56s | Spearman@80: 0.9310 | Kendall@80: 0.7867
Epoch 81/150 | Train Loss: 0.0179 | Epoch Time: 0.56s | Spearman@80: 0.9405 | Kendall@80: 0.8047
Epoch 82/150 | Train Loss: 0.0233 | Epoch Time: 0.56s | Spearman@80: 0.9152 | Kendall@80: 0.7696
Epoch 83/150 | Train Loss: 0.0207 | Epoch Time: 0.56s | Spearman@80: 0.9232 | Kendall@80: 0.7886
Epoch 84/150 | Train Loss: 0.0212 | Epoch Time: 0.56s | Spearman@80: 0.9386 | Kendall@80: 0.8008
Epoch 85/150 | Train Loss: 0.0269 | Epoch Time: 0.56s | Spearman@80: 0.9413 | Kendall@80: 0.8079
Epoch 86/150 | Train Loss: 0.0201 | Epoch Time: 0.56s | Spearman@80: 0.9456 | Kendall@80: 0.8133
Epoch 87/150 | Train Loss: 0.0180 | Epoch Time: 0.56s | Spearman@80: 0.9401 | Kendall@80: 0.8028
Epoch 88/150 | Train Loss: 0.0172 | Epoch Time: 0.56s | Spearman@80: 0.9371 | Kendall@80: 0.8015
Epoch 89/150 | Train Loss: 0.0179 | Epoch Time: 0.56s | Spearman@80: 0.9363 | Kendall@80: 0.8017
Epoch 90/150 | Train Loss: 0.0230 | Epoch Time: 0.56s | Spearman@80: 0.9398 | Kendall@80: 0.8072
Epoch 91/150 | Train Loss: 0.0202 | Epoch Time: 0.57s | Spearman@80: 0.9389 | Kendall@80: 0.8053
Epoch 92/150 | Train Loss: 0.0179 | Epoch Time: 0.57s | Spearman@80: 0.9400 | Kendall@80: 0.8072
Epoch 93/150 | Train Loss: 0.0208 | Epoch Time: 0.56s | Spearman@80: 0.9331 | Kendall@80: 0.7950
Epoch 94/150 | Train Loss: 0.0203 | Epoch Time: 0.57s | Spearman@80: 0.9355 | Kendall@80: 0.7982
Epoch 95/150 | Train Loss: 0.0170 | Epoch Time: 0.57s | Spearman@80: 0.9365 | Kendall@80: 0.7988
Epoch 96/150 | Train Loss: 0.0132 | Epoch Time: 0.56s | Spearman@80: 0.9390 | Kendall@80: 0.7966
Epoch 97/150 | Train Loss: 0.0192 | Epoch Time: 0.56s | Spearman@80: 0.9294 | Kendall@80: 0.7952
Epoch 98/150 | Train Loss: 0.0161 | Epoch Time: 0.57s | Spearman@80: 0.9375 | Kendall@80: 0.8049
Epoch 99/150 | Train Loss: 0.0141 | Epoch Time: 0.57s | Spearman@80: 0.9406 | Kendall@80: 0.8091
Epoch 100/150 | Train Loss: 0.0174 | Epoch Time: 0.56s | Spearman@80: 0.9346 | Kendall@80: 0.8070
Epoch 101/150 | Train Loss: 0.0207 | Epoch Time: 0.56s | Spearman@80: 0.9424 | Kendall@80: 0.8119
Epoch 102/150 | Train Loss: 0.0187 | Epoch Time: 0.56s | Spearman@80: 0.9314 | Kendall@80: 0.7965
Epoch 103/150 | Train Loss: 0.0210 | Epoch Time: 0.56s | Spearman@80: 0.9329 | Kendall@80: 0.7952
Epoch 104/150 | Train Loss: 0.0203 | Epoch Time: 0.57s | Spearman@80: 0.9481 | Kendall@80: 0.8267
Epoch 105/150 | Train Loss: 0.0223 | Epoch Time: 0.56s | Spearman@80: 0.9434 | Kendall@80: 0.8199
Epoch 106/150 | Train Loss: 0.0189 | Epoch Time: 0.56s | Spearman@80: 0.9504 | Kendall@80: 0.8292
Epoch 107/150 | Train Loss: 0.0126 | Epoch Time: 0.57s | Spearman@80: 0.9441 | Kendall@80: 0.8174
Epoch 108/150 | Train Loss: 0.0163 | Epoch Time: 0.58s | Spearman@80: 0.9515 | Kendall@80: 0.8273
Epoch 109/150 | Train Loss: 0.0169 | Epoch Time: 0.64s | Spearman@80: 0.9533 | Kendall@80: 0.8275
Epoch 110/150 | Train Loss: 0.0173 | Epoch Time: 0.64s | Spearman@80: 0.9525 | Kendall@80: 0.8280
Epoch 111/150 | Train Loss: 0.0157 | Epoch Time: 0.59s | Spearman@80: 0.9442 | Kendall@80: 0.8197
Epoch 112/150 | Train Loss: 0.0198 | Epoch Time: 0.56s | Spearman@80: 0.9379 | Kendall@80: 0.8032
Epoch 113/150 | Train Loss: 0.0170 | Epoch Time: 0.56s | Spearman@80: 0.9418 | Kendall@80: 0.8104
Epoch 114/150 | Train Loss: 0.0198 | Epoch Time: 0.63s | Spearman@80: 0.9370 | Kendall@80: 0.8020
Epoch 115/150 | Train Loss: 0.0185 | Epoch Time: 0.59s | Spearman@80: 0.9479 | Kendall@80: 0.8172
Epoch 116/150 | Train Loss: 0.0150 | Epoch Time: 0.56s | Spearman@80: 0.9519 | Kendall@80: 0.8269
Epoch 117/150 | Train Loss: 0.0150 | Epoch Time: 0.56s | Spearman@80: 0.9511 | Kendall@80: 0.8245
Epoch 118/150 | Train Loss: 0.0152 | Epoch Time: 0.57s | Spearman@80: 0.9434 | Kendall@80: 0.8195
Epoch 119/150 | Train Loss: 0.0181 | Epoch Time: 0.56s | Spearman@80: 0.9439 | Kendall@80: 0.8150
Epoch 120/150 | Train Loss: 0.0162 | Epoch Time: 0.56s | Spearman@80: 0.9453 | Kendall@80: 0.8158
Epoch 121/150 | Train Loss: 0.0183 | Epoch Time: 0.56s | Spearman@80: 0.9428 | Kendall@80: 0.8112
Epoch 122/150 | Train Loss: 0.0181 | Epoch Time: 0.56s | Spearman@80: 0.9473 | Kendall@80: 0.8223
Epoch 123/150 | Train Loss: 0.0178 | Epoch Time: 0.56s | Spearman@80: 0.9411 | Kendall@80: 0.8060
Epoch 124/150 | Train Loss: 0.0137 | Epoch Time: 0.56s | Spearman@80: 0.9534 | Kendall@80: 0.8292
Epoch 125/150 | Train Loss: 0.0168 | Epoch Time: 0.56s | Spearman@80: 0.9515 | Kendall@80: 0.8273
Epoch 126/150 | Train Loss: 0.0160 | Epoch Time: 0.56s | Spearman@80: 0.9495 | Kendall@80: 0.8214
Epoch 127/150 | Train Loss: 0.0145 | Epoch Time: 0.56s | Spearman@80: 0.9512 | Kendall@80: 0.8218
Epoch 128/150 | Train Loss: 0.0146 | Epoch Time: 0.56s | Spearman@80: 0.9504 | Kendall@80: 0.8280
Epoch 129/150 | Train Loss: 0.0151 | Epoch Time: 0.56s | Spearman@80: 0.9513 | Kendall@80: 0.8242
Epoch 130/150 | Train Loss: 0.0173 | Epoch Time: 0.56s | Spearman@80: 0.9487 | Kendall@80: 0.8250
Epoch 131/150 | Train Loss: 0.0129 | Epoch Time: 0.56s | Spearman@80: 0.9530 | Kendall@80: 0.8309
Epoch 132/150 | Train Loss: 0.0139 | Epoch Time: 0.56s | Spearman@80: 0.9496 | Kendall@80: 0.8245
Epoch 133/150 | Train Loss: 0.0157 | Epoch Time: 0.56s | Spearman@80: 0.9472 | Kendall@80: 0.8211
Epoch 134/150 | Train Loss: 0.0168 | Epoch Time: 0.56s | Spearman@80: 0.9488 | Kendall@80: 0.8275
Epoch 135/150 | Train Loss: 0.0114 | Epoch Time: 0.56s | Spearman@80: 0.9480 | Kendall@80: 0.8235
Epoch 136/150 | Train Loss: 0.0148 | Epoch Time: 0.56s | Spearman@80: 0.9460 | Kendall@80: 0.8197
Epoch 137/150 | Train Loss: 0.0143 | Epoch Time: 0.57s | Spearman@80: 0.9516 | Kendall@80: 0.8320
Epoch 138/150 | Train Loss: 0.0167 | Epoch Time: 0.56s | Spearman@80: 0.9502 | Kendall@80: 0.8293
Epoch 139/150 | Train Loss: 0.0164 | Epoch Time: 0.56s | Spearman@80: 0.9505 | Kendall@80: 0.8269
Epoch 140/150 | Train Loss: 0.0165 | Epoch Time: 0.65s | Spearman@80: 0.9485 | Kendall@80: 0.8231
Epoch 141/150 | Train Loss: 0.0184 | Epoch Time: 0.67s | Spearman@80: 0.9484 | Kendall@80: 0.8231
Epoch 142/150 | Train Loss: 0.0186 | Epoch Time: 0.64s | Spearman@80: 0.9497 | Kendall@80: 0.8264
Epoch 143/150 | Train Loss: 0.0139 | Epoch Time: 0.64s | Spearman@80: 0.9563 | Kendall@80: 0.8380
Epoch 144/150 | Train Loss: 0.0144 | Epoch Time: 0.64s | Spearman@80: 0.9508 | Kendall@80: 0.8235
Epoch 145/150 | Train Loss: 0.0134 | Epoch Time: 0.64s | Spearman@80: 0.9516 | Kendall@80: 0.8326
Epoch 146/150 | Train Loss: 0.0135 | Epoch Time: 0.64s | Spearman@80: 0.9470 | Kendall@80: 0.8184
Epoch 147/150 | Train Loss: 0.0142 | Epoch Time: 2.30s | Spearman@15496: 0.9491 | Kendall@15496: 0.8222
Epoch 148/150 | Train Loss: 0.0167 | Epoch Time: 2.22s | Spearman@15496: 0.9492 | Kendall@15496: 0.8225
Epoch 149/150 | Train Loss: 0.0131 | Epoch Time: 2.22s | Spearman@15496: 0.9490 | Kendall@15496: 0.8220
Epoch 150/150 | Train Loss: 0.0139 | Epoch Time: 2.22s | Spearman@15496: 0.9502 | Kendall@15496: 0.8236
Sample Count: 128, Spearman: 0.9493879377689017, Kendall: 0.8225594205556604
{64: (0.9162015340452784, 0.7714711039340693),
 128: (0.9493879377689017, 0.8225594205556604)}
Epoch 1/150 | Train Loss: 0.1005 | Epoch Time: 0.32s | Spearman@80: 0.3423 | Kendall@80: 0.2372
Epoch 2/150 | Train Loss: 0.0873 | Epoch Time: 0.32s | Spearman@80: 0.4788 | Kendall@80: 0.3404
Epoch 3/150 | Train Loss: 0.0516 | Epoch Time: 0.32s | Spearman@80: 0.8328 | Kendall@80: 0.6394
Epoch 4/150 | Train Loss: 0.0331 | Epoch Time: 0.32s | Spearman@80: 0.8731 | Kendall@80: 0.6895
Epoch 5/150 | Train Loss: 0.0438 | Epoch Time: 0.32s | Spearman@80: 0.7521 | Kendall@80: 0.5694
Epoch 6/150 | Train Loss: 0.0425 | Epoch Time: 0.33s | Spearman@80: 0.8512 | Kendall@80: 0.6711
Epoch 7/150 | Train Loss: 0.0401 | Epoch Time: 0.32s | Spearman@80: 0.8581 | Kendall@80: 0.6722
Epoch 8/150 | Train Loss: 0.0304 | Epoch Time: 0.33s | Spearman@80: 0.8576 | Kendall@80: 0.6686
Epoch 9/150 | Train Loss: 0.0429 | Epoch Time: 0.33s | Spearman@80: 0.8242 | Kendall@80: 0.6305
Epoch 10/150 | Train Loss: 0.0348 | Epoch Time: 0.33s | Spearman@80: 0.8561 | Kendall@80: 0.6736
Epoch 11/150 | Train Loss: 0.0319 | Epoch Time: 0.32s | Spearman@80: 0.8821 | Kendall@80: 0.6984
Epoch 12/150 | Train Loss: 0.0337 | Epoch Time: 0.33s | Spearman@80: 0.8700 | Kendall@80: 0.6939
Epoch 13/150 | Train Loss: 0.0213 | Epoch Time: 0.33s | Spearman@80: 0.8798 | Kendall@80: 0.6984
Epoch 14/150 | Train Loss: 0.0253 | Epoch Time: 0.33s | Spearman@80: 0.8818 | Kendall@80: 0.7136
Epoch 15/150 | Train Loss: 0.0349 | Epoch Time: 0.33s | Spearman@80: 0.8945 | Kendall@80: 0.7301
Epoch 16/150 | Train Loss: 0.0212 | Epoch Time: 0.33s | Spearman@80: 0.9042 | Kendall@80: 0.7483
Epoch 17/150 | Train Loss: 0.0236 | Epoch Time: 0.33s | Spearman@80: 0.9070 | Kendall@80: 0.7546
Epoch 18/150 | Train Loss: 0.0329 | Epoch Time: 0.33s | Spearman@80: 0.8914 | Kendall@80: 0.7314
Epoch 19/150 | Train Loss: 0.0304 | Epoch Time: 0.33s | Spearman@80: 0.8970 | Kendall@80: 0.7337
Epoch 20/150 | Train Loss: 0.0329 | Epoch Time: 0.33s | Spearman@80: 0.8961 | Kendall@80: 0.7250
Epoch 21/150 | Train Loss: 0.0262 | Epoch Time: 0.33s | Spearman@80: 0.9000 | Kendall@80: 0.7383
Epoch 22/150 | Train Loss: 0.0245 | Epoch Time: 0.32s | Spearman@80: 0.8700 | Kendall@80: 0.7014
Epoch 23/150 | Train Loss: 0.0206 | Epoch Time: 0.33s | Spearman@80: 0.9054 | Kendall@80: 0.7491
Epoch 24/150 | Train Loss: 0.0250 | Epoch Time: 0.31s | Spearman@80: 0.8940 | Kendall@80: 0.7231
Epoch 25/150 | Train Loss: 0.0176 | Epoch Time: 0.29s | Spearman@80: 0.9077 | Kendall@80: 0.7479
Epoch 26/150 | Train Loss: 0.0234 | Epoch Time: 0.29s | Spearman@80: 0.9154 | Kendall@80: 0.7580
Epoch 27/150 | Train Loss: 0.0247 | Epoch Time: 0.29s | Spearman@80: 0.9098 | Kendall@80: 0.7477
Epoch 28/150 | Train Loss: 0.0281 | Epoch Time: 0.29s | Spearman@80: 0.9054 | Kendall@80: 0.7400
Epoch 29/150 | Train Loss: 0.0240 | Epoch Time: 0.29s | Spearman@80: 0.9057 | Kendall@80: 0.7428
Epoch 30/150 | Train Loss: 0.0270 | Epoch Time: 0.29s | Spearman@80: 0.9084 | Kendall@80: 0.7451
Epoch 31/150 | Train Loss: 0.0287 | Epoch Time: 0.29s | Spearman@80: 0.9143 | Kendall@80: 0.7629
Epoch 32/150 | Train Loss: 0.0214 | Epoch Time: 0.29s | Spearman@80: 0.9108 | Kendall@80: 0.7572
Epoch 33/150 | Train Loss: 0.0183 | Epoch Time: 0.29s | Spearman@80: 0.8950 | Kendall@80: 0.7295
Epoch 34/150 | Train Loss: 0.0224 | Epoch Time: 0.29s | Spearman@80: 0.9017 | Kendall@80: 0.7381
Epoch 35/150 | Train Loss: 0.0220 | Epoch Time: 0.29s | Spearman@80: 0.9153 | Kendall@80: 0.7654
Epoch 36/150 | Train Loss: 0.0184 | Epoch Time: 0.29s | Spearman@80: 0.8986 | Kendall@80: 0.7333
Epoch 37/150 | Train Loss: 0.0219 | Epoch Time: 0.29s | Spearman@80: 0.9116 | Kendall@80: 0.7529
Epoch 38/150 | Train Loss: 0.0148 | Epoch Time: 0.29s | Spearman@80: 0.9195 | Kendall@80: 0.7673
Epoch 39/150 | Train Loss: 0.0211 | Epoch Time: 0.29s | Spearman@80: 0.9053 | Kendall@80: 0.7496
Epoch 40/150 | Train Loss: 0.0236 | Epoch Time: 0.29s | Spearman@80: 0.9039 | Kendall@80: 0.7496
Epoch 41/150 | Train Loss: 0.0207 | Epoch Time: 0.29s | Spearman@80: 0.8986 | Kendall@80: 0.7407
Epoch 42/150 | Train Loss: 0.0254 | Epoch Time: 0.29s | Spearman@80: 0.8974 | Kendall@80: 0.7324
Epoch 43/150 | Train Loss: 0.0239 | Epoch Time: 0.29s | Spearman@80: 0.8959 | Kendall@80: 0.7343
Epoch 44/150 | Train Loss: 0.0184 | Epoch Time: 0.29s | Spearman@80: 0.9018 | Kendall@80: 0.7396
Epoch 45/150 | Train Loss: 0.0174 | Epoch Time: 0.29s | Spearman@80: 0.9051 | Kendall@80: 0.7489
Epoch 46/150 | Train Loss: 0.0226 | Epoch Time: 0.29s | Spearman@80: 0.9218 | Kendall@80: 0.7661
Epoch 47/150 | Train Loss: 0.0146 | Epoch Time: 0.29s | Spearman@80: 0.9066 | Kendall@80: 0.7470
Epoch 48/150 | Train Loss: 0.0202 | Epoch Time: 0.29s | Spearman@80: 0.9149 | Kendall@80: 0.7578
Epoch 49/150 | Train Loss: 0.0232 | Epoch Time: 0.29s | Spearman@80: 0.8930 | Kendall@80: 0.7337
Epoch 50/150 | Train Loss: 0.0255 | Epoch Time: 0.29s | Spearman@80: 0.9012 | Kendall@80: 0.7458
Epoch 51/150 | Train Loss: 0.0192 | Epoch Time: 0.29s | Spearman@80: 0.9074 | Kendall@80: 0.7540
Epoch 52/150 | Train Loss: 0.0207 | Epoch Time: 0.29s | Spearman@80: 0.9145 | Kendall@80: 0.7593
Epoch 53/150 | Train Loss: 0.0181 | Epoch Time: 0.29s | Spearman@80: 0.8889 | Kendall@80: 0.7149
Epoch 54/150 | Train Loss: 0.0199 | Epoch Time: 0.29s | Spearman@80: 0.9108 | Kendall@80: 0.7483
Epoch 55/150 | Train Loss: 0.0192 | Epoch Time: 0.29s | Spearman@80: 0.9148 | Kendall@80: 0.7635
Epoch 56/150 | Train Loss: 0.0207 | Epoch Time: 0.29s | Spearman@80: 0.9175 | Kendall@80: 0.7612
Epoch 57/150 | Train Loss: 0.0228 | Epoch Time: 0.29s | Spearman@80: 0.9216 | Kendall@80: 0.7705
Epoch 58/150 | Train Loss: 0.0189 | Epoch Time: 0.29s | Spearman@80: 0.9107 | Kendall@80: 0.7580
Epoch 59/150 | Train Loss: 0.0249 | Epoch Time: 0.29s | Spearman@80: 0.9077 | Kendall@80: 0.7561
Epoch 60/150 | Train Loss: 0.0194 | Epoch Time: 0.29s | Spearman@80: 0.9161 | Kendall@80: 0.7648
Epoch 61/150 | Train Loss: 0.0235 | Epoch Time: 0.29s | Spearman@80: 0.9124 | Kendall@80: 0.7572
Epoch 62/150 | Train Loss: 0.0225 | Epoch Time: 0.29s | Spearman@80: 0.8761 | Kendall@80: 0.7052
Epoch 63/150 | Train Loss: 0.0273 | Epoch Time: 0.29s | Spearman@80: 0.9101 | Kendall@80: 0.7527
Epoch 64/150 | Train Loss: 0.0195 | Epoch Time: 0.29s | Spearman@80: 0.9129 | Kendall@80: 0.7565
Epoch 65/150 | Train Loss: 0.0196 | Epoch Time: 0.29s | Spearman@80: 0.9057 | Kendall@80: 0.7496
Epoch 66/150 | Train Loss: 0.0206 | Epoch Time: 0.29s | Spearman@80: 0.8906 | Kendall@80: 0.7293
Epoch 67/150 | Train Loss: 0.0161 | Epoch Time: 0.29s | Spearman@80: 0.9072 | Kendall@80: 0.7515
Epoch 68/150 | Train Loss: 0.0259 | Epoch Time: 0.29s | Spearman@80: 0.9188 | Kendall@80: 0.7699
Epoch 69/150 | Train Loss: 0.0160 | Epoch Time: 0.29s | Spearman@80: 0.9057 | Kendall@80: 0.7502
Epoch 70/150 | Train Loss: 0.0213 | Epoch Time: 0.29s | Spearman@80: 0.9201 | Kendall@80: 0.7705
Epoch 71/150 | Train Loss: 0.0146 | Epoch Time: 0.29s | Spearman@80: 0.9182 | Kendall@80: 0.7572
Epoch 72/150 | Train Loss: 0.0271 | Epoch Time: 0.29s | Spearman@80: 0.9052 | Kendall@80: 0.7521
Epoch 73/150 | Train Loss: 0.0184 | Epoch Time: 0.29s | Spearman@80: 0.9079 | Kendall@80: 0.7553
Epoch 74/150 | Train Loss: 0.0235 | Epoch Time: 0.29s | Spearman@80: 0.9101 | Kendall@80: 0.7553
Epoch 75/150 | Train Loss: 0.0235 | Epoch Time: 0.29s | Spearman@80: 0.9117 | Kendall@80: 0.7635
Epoch 76/150 | Train Loss: 0.0184 | Epoch Time: 0.29s | Spearman@80: 0.9109 | Kendall@80: 0.7623
Epoch 77/150 | Train Loss: 0.0129 | Epoch Time: 0.29s | Spearman@80: 0.9145 | Kendall@80: 0.7642
Epoch 78/150 | Train Loss: 0.0125 | Epoch Time: 0.29s | Spearman@80: 0.9146 | Kendall@80: 0.7604
Epoch 79/150 | Train Loss: 0.0193 | Epoch Time: 0.29s | Spearman@80: 0.9228 | Kendall@80: 0.7789
Epoch 80/150 | Train Loss: 0.0133 | Epoch Time: 0.29s | Spearman@80: 0.9206 | Kendall@80: 0.7794
Epoch 81/150 | Train Loss: 0.0187 | Epoch Time: 0.29s | Spearman@80: 0.9189 | Kendall@80: 0.7737
Epoch 82/150 | Train Loss: 0.0162 | Epoch Time: 0.29s | Spearman@80: 0.9312 | Kendall@80: 0.7984
Epoch 83/150 | Train Loss: 0.0185 | Epoch Time: 0.29s | Spearman@80: 0.9276 | Kendall@80: 0.7935
Epoch 84/150 | Train Loss: 0.0114 | Epoch Time: 0.29s | Spearman@80: 0.9233 | Kendall@80: 0.7819
Epoch 85/150 | Train Loss: 0.0120 | Epoch Time: 0.29s | Spearman@80: 0.9264 | Kendall@80: 0.7857
Epoch 86/150 | Train Loss: 0.0173 | Epoch Time: 0.29s | Spearman@80: 0.9278 | Kendall@80: 0.7870
Epoch 87/150 | Train Loss: 0.0117 | Epoch Time: 0.29s | Spearman@80: 0.9196 | Kendall@80: 0.7768
Epoch 88/150 | Train Loss: 0.0192 | Epoch Time: 0.29s | Spearman@80: 0.9129 | Kendall@80: 0.7644
Epoch 89/150 | Train Loss: 0.0229 | Epoch Time: 0.29s | Spearman@80: 0.9169 | Kendall@80: 0.7686
Epoch 90/150 | Train Loss: 0.0162 | Epoch Time: 0.29s | Spearman@80: 0.9261 | Kendall@80: 0.7853
Epoch 91/150 | Train Loss: 0.0193 | Epoch Time: 0.29s | Spearman@80: 0.9265 | Kendall@80: 0.7815
Epoch 92/150 | Train Loss: 0.0199 | Epoch Time: 0.29s | Spearman@80: 0.9223 | Kendall@80: 0.7756
Epoch 93/150 | Train Loss: 0.0143 | Epoch Time: 0.29s | Spearman@80: 0.9288 | Kendall@80: 0.7826
Epoch 94/150 | Train Loss: 0.0124 | Epoch Time: 0.29s | Spearman@80: 0.9254 | Kendall@80: 0.7821
Epoch 95/150 | Train Loss: 0.0157 | Epoch Time: 0.30s | Spearman@80: 0.9197 | Kendall@80: 0.7694
Epoch 96/150 | Train Loss: 0.0172 | Epoch Time: 0.29s | Spearman@80: 0.9108 | Kendall@80: 0.7572
Epoch 97/150 | Train Loss: 0.0110 | Epoch Time: 0.29s | Spearman@80: 0.9102 | Kendall@80: 0.7574
Epoch 98/150 | Train Loss: 0.0141 | Epoch Time: 0.29s | Spearman@80: 0.9102 | Kendall@80: 0.7599
Epoch 99/150 | Train Loss: 0.0121 | Epoch Time: 0.29s | Spearman@80: 0.9170 | Kendall@80: 0.7629
Epoch 100/150 | Train Loss: 0.0180 | Epoch Time: 0.29s | Spearman@80: 0.9116 | Kendall@80: 0.7610
Epoch 101/150 | Train Loss: 0.0111 | Epoch Time: 0.30s | Spearman@80: 0.9137 | Kendall@80: 0.7605
Epoch 102/150 | Train Loss: 0.0165 | Epoch Time: 0.29s | Spearman@80: 0.9160 | Kendall@80: 0.7680
Epoch 103/150 | Train Loss: 0.0150 | Epoch Time: 0.29s | Spearman@80: 0.9281 | Kendall@80: 0.7910
Epoch 104/150 | Train Loss: 0.0133 | Epoch Time: 0.29s | Spearman@80: 0.9257 | Kendall@80: 0.7821
Epoch 105/150 | Train Loss: 0.0125 | Epoch Time: 0.29s | Spearman@80: 0.9183 | Kendall@80: 0.7718
Epoch 106/150 | Train Loss: 0.0144 | Epoch Time: 0.29s | Spearman@80: 0.9181 | Kendall@80: 0.7718
Epoch 107/150 | Train Loss: 0.0102 | Epoch Time: 0.29s | Spearman@80: 0.9247 | Kendall@80: 0.7768
Epoch 108/150 | Train Loss: 0.0122 | Epoch Time: 0.30s | Spearman@80: 0.9291 | Kendall@80: 0.7923
Epoch 109/150 | Train Loss: 0.0170 | Epoch Time: 0.29s | Spearman@80: 0.9279 | Kendall@80: 0.7885
Epoch 110/150 | Train Loss: 0.0119 | Epoch Time: 0.29s | Spearman@80: 0.9214 | Kendall@80: 0.7762
Epoch 111/150 | Train Loss: 0.0165 | Epoch Time: 0.29s | Spearman@80: 0.9193 | Kendall@80: 0.7724
Epoch 112/150 | Train Loss: 0.0154 | Epoch Time: 0.30s | Spearman@80: 0.9204 | Kendall@80: 0.7781
Epoch 113/150 | Train Loss: 0.0172 | Epoch Time: 0.30s | Spearman@80: 0.9206 | Kendall@80: 0.7751
Epoch 114/150 | Train Loss: 0.0165 | Epoch Time: 0.29s | Spearman@80: 0.9146 | Kendall@80: 0.7648
Epoch 115/150 | Train Loss: 0.0130 | Epoch Time: 0.29s | Spearman@80: 0.9246 | Kendall@80: 0.7787
Epoch 116/150 | Train Loss: 0.0098 | Epoch Time: 0.30s | Spearman@80: 0.9303 | Kendall@80: 0.7946
Epoch 117/150 | Train Loss: 0.0113 | Epoch Time: 0.30s | Spearman@80: 0.9288 | Kendall@80: 0.7908
Epoch 118/150 | Train Loss: 0.0142 | Epoch Time: 0.29s | Spearman@80: 0.9271 | Kendall@80: 0.7826
Epoch 119/150 | Train Loss: 0.0143 | Epoch Time: 0.29s | Spearman@80: 0.9263 | Kendall@80: 0.7787
Epoch 120/150 | Train Loss: 0.0100 | Epoch Time: 0.29s | Spearman@80: 0.9270 | Kendall@80: 0.7838
Epoch 121/150 | Train Loss: 0.0166 | Epoch Time: 0.29s | Spearman@80: 0.9283 | Kendall@80: 0.7889
Epoch 122/150 | Train Loss: 0.0162 | Epoch Time: 0.29s | Spearman@80: 0.9288 | Kendall@80: 0.7967
Epoch 123/150 | Train Loss: 0.0151 | Epoch Time: 0.29s | Spearman@80: 0.9296 | Kendall@80: 0.7895
Epoch 124/150 | Train Loss: 0.0123 | Epoch Time: 0.30s | Spearman@80: 0.9299 | Kendall@80: 0.7908
Epoch 125/150 | Train Loss: 0.0108 | Epoch Time: 0.29s | Spearman@80: 0.9295 | Kendall@80: 0.7902
Epoch 126/150 | Train Loss: 0.0113 | Epoch Time: 0.29s | Spearman@80: 0.9291 | Kendall@80: 0.7902
Epoch 127/150 | Train Loss: 0.0120 | Epoch Time: 0.29s | Spearman@80: 0.9255 | Kendall@80: 0.7802
Epoch 128/150 | Train Loss: 0.0114 | Epoch Time: 0.29s | Spearman@80: 0.9272 | Kendall@80: 0.7857
Epoch 129/150 | Train Loss: 0.0095 | Epoch Time: 0.29s | Spearman@80: 0.9270 | Kendall@80: 0.7840
Epoch 130/150 | Train Loss: 0.0114 | Epoch Time: 0.29s | Spearman@80: 0.9287 | Kendall@80: 0.7864
Epoch 131/150 | Train Loss: 0.0161 | Epoch Time: 0.29s | Spearman@80: 0.9284 | Kendall@80: 0.7878
Epoch 132/150 | Train Loss: 0.0083 | Epoch Time: 0.29s | Spearman@80: 0.9287 | Kendall@80: 0.7889
Epoch 133/150 | Train Loss: 0.0127 | Epoch Time: 0.29s | Spearman@80: 0.9299 | Kendall@80: 0.7908
Epoch 134/150 | Train Loss: 0.0134 | Epoch Time: 0.29s | Spearman@80: 0.9282 | Kendall@80: 0.7838
Epoch 135/150 | Train Loss: 0.0090 | Epoch Time: 0.29s | Spearman@80: 0.9287 | Kendall@80: 0.7859
Epoch 136/150 | Train Loss: 0.0097 | Epoch Time: 0.29s | Spearman@80: 0.9264 | Kendall@80: 0.7859
Epoch 137/150 | Train Loss: 0.0074 | Epoch Time: 0.29s | Spearman@80: 0.9278 | Kendall@80: 0.7851
Epoch 138/150 | Train Loss: 0.0090 | Epoch Time: 0.29s | Spearman@80: 0.9300 | Kendall@80: 0.7914
Epoch 139/150 | Train Loss: 0.0092 | Epoch Time: 0.32s | Spearman@80: 0.9289 | Kendall@80: 0.7883
Epoch 140/150 | Train Loss: 0.0082 | Epoch Time: 0.29s | Spearman@80: 0.9285 | Kendall@80: 0.7870
Epoch 141/150 | Train Loss: 0.0129 | Epoch Time: 0.29s | Spearman@80: 0.9299 | Kendall@80: 0.7895
Epoch 142/150 | Train Loss: 0.0100 | Epoch Time: 0.29s | Spearman@80: 0.9275 | Kendall@80: 0.7857
Epoch 143/150 | Train Loss: 0.0160 | Epoch Time: 0.29s | Spearman@80: 0.9273 | Kendall@80: 0.7857
Epoch 144/150 | Train Loss: 0.0050 | Epoch Time: 0.29s | Spearman@80: 0.9294 | Kendall@80: 0.7908
Epoch 145/150 | Train Loss: 0.0158 | Epoch Time: 0.29s | Spearman@80: 0.9284 | Kendall@80: 0.7857
Epoch 146/150 | Train Loss: 0.0118 | Epoch Time: 0.29s | Spearman@80: 0.9296 | Kendall@80: 0.7902
Epoch 147/150 | Train Loss: 0.0115 | Epoch Time: 1.95s | Spearman@15560: 0.9321 | Kendall@15560: 0.7878
Epoch 148/150 | Train Loss: 0.0110 | Epoch Time: 1.98s | Spearman@15560: 0.9312 | Kendall@15560: 0.7874
Epoch 149/150 | Train Loss: 0.0109 | Epoch Time: 1.96s | Spearman@15560: 0.9317 | Kendall@15560: 0.7884
Epoch 150/150 | Train Loss: 0.0140 | Epoch Time: 1.96s | Spearman@15560: 0.9328 | Kendall@15560: 0.7897
Sample Count: 64, Spearman: 0.93193420351607, Kendall: 0.7883255941403424
{64: (0.93193420351607, 0.7883255941403424),
 128: (0.9493879377689017, 0.8225594205556604)}
Epoch 1/150 | Train Loss: 0.0852 | Epoch Time: 0.57s | Spearman@80: 0.5974 | Kendall@80: 0.4204
Epoch 2/150 | Train Loss: 0.0551 | Epoch Time: 0.57s | Spearman@80: 0.7014 | Kendall@80: 0.5336
Epoch 3/150 | Train Loss: 0.0502 | Epoch Time: 0.57s | Spearman@80: 0.8074 | Kendall@80: 0.6112
Epoch 4/150 | Train Loss: 0.0462 | Epoch Time: 0.57s | Spearman@80: 0.8547 | Kendall@80: 0.6857
Epoch 5/150 | Train Loss: 0.0414 | Epoch Time: 0.57s | Spearman@80: 0.8722 | Kendall@80: 0.7173
Epoch 6/150 | Train Loss: 0.0413 | Epoch Time: 0.57s | Spearman@80: 0.8581 | Kendall@80: 0.7059
Epoch 7/150 | Train Loss: 0.0380 | Epoch Time: 0.56s | Spearman@80: 0.8752 | Kendall@80: 0.6995
Epoch 8/150 | Train Loss: 0.0336 | Epoch Time: 0.57s | Spearman@80: 0.9010 | Kendall@80: 0.7360
Epoch 9/150 | Train Loss: 0.0298 | Epoch Time: 0.56s | Spearman@80: 0.8973 | Kendall@80: 0.7506
Epoch 10/150 | Train Loss: 0.0345 | Epoch Time: 0.56s | Spearman@80: 0.8951 | Kendall@80: 0.7455
Epoch 11/150 | Train Loss: 0.0332 | Epoch Time: 0.56s | Spearman@80: 0.8259 | Kendall@80: 0.6639
Epoch 12/150 | Train Loss: 0.0386 | Epoch Time: 0.56s | Spearman@80: 0.9023 | Kendall@80: 0.7436
Epoch 13/150 | Train Loss: 0.0339 | Epoch Time: 0.56s | Spearman@80: 0.8797 | Kendall@80: 0.6995
Epoch 14/150 | Train Loss: 0.0394 | Epoch Time: 0.56s | Spearman@80: 0.9286 | Kendall@80: 0.7805
Epoch 15/150 | Train Loss: 0.0387 | Epoch Time: 0.56s | Spearman@80: 0.9089 | Kendall@80: 0.7497
Epoch 16/150 | Train Loss: 0.0361 | Epoch Time: 0.56s | Spearman@80: 0.9130 | Kendall@80: 0.7631
Epoch 17/150 | Train Loss: 0.0329 | Epoch Time: 0.59s | Spearman@80: 0.9108 | Kendall@80: 0.7612
Epoch 18/150 | Train Loss: 0.0337 | Epoch Time: 0.56s | Spearman@80: 0.9257 | Kendall@80: 0.7862
Epoch 19/150 | Train Loss: 0.0325 | Epoch Time: 0.56s | Spearman@80: 0.9237 | Kendall@80: 0.7860
Epoch 20/150 | Train Loss: 0.0317 | Epoch Time: 0.56s | Spearman@80: 0.9100 | Kendall@80: 0.7408
Epoch 21/150 | Train Loss: 0.0388 | Epoch Time: 0.56s | Spearman@80: 0.8483 | Kendall@80: 0.6766
Epoch 22/150 | Train Loss: 0.0373 | Epoch Time: 0.56s | Spearman@80: 0.9242 | Kendall@80: 0.7749
Epoch 23/150 | Train Loss: 0.0326 | Epoch Time: 0.56s | Spearman@80: 0.9293 | Kendall@80: 0.7841
Epoch 24/150 | Train Loss: 0.0314 | Epoch Time: 0.56s | Spearman@80: 0.9357 | Kendall@80: 0.7811
Epoch 25/150 | Train Loss: 0.0322 | Epoch Time: 0.56s | Spearman@80: 0.9381 | Kendall@80: 0.7989
Epoch 26/150 | Train Loss: 0.0380 | Epoch Time: 0.56s | Spearman@80: 0.9190 | Kendall@80: 0.7718
Epoch 27/150 | Train Loss: 0.0303 | Epoch Time: 0.56s | Spearman@80: 0.9292 | Kendall@80: 0.7737
Epoch 28/150 | Train Loss: 0.0334 | Epoch Time: 0.56s | Spearman@80: 0.9343 | Kendall@80: 0.7813
Epoch 29/150 | Train Loss: 0.0308 | Epoch Time: 0.56s | Spearman@80: 0.9302 | Kendall@80: 0.7797
Epoch 30/150 | Train Loss: 0.0297 | Epoch Time: 0.56s | Spearman@80: 0.9123 | Kendall@80: 0.7506
Epoch 31/150 | Train Loss: 0.0335 | Epoch Time: 0.56s | Spearman@80: 0.8912 | Kendall@80: 0.7302
Epoch 32/150 | Train Loss: 0.0331 | Epoch Time: 0.56s | Spearman@80: 0.9114 | Kendall@80: 0.7535
Epoch 33/150 | Train Loss: 0.0259 | Epoch Time: 0.56s | Spearman@80: 0.9238 | Kendall@80: 0.7864
Epoch 34/150 | Train Loss: 0.0287 | Epoch Time: 0.57s | Spearman@80: 0.9248 | Kendall@80: 0.7637
Epoch 35/150 | Train Loss: 0.0325 | Epoch Time: 0.57s | Spearman@80: 0.9056 | Kendall@80: 0.7546
Epoch 36/150 | Train Loss: 0.0306 | Epoch Time: 0.57s | Spearman@80: 0.9231 | Kendall@80: 0.7834
Epoch 37/150 | Train Loss: 0.0363 | Epoch Time: 0.57s | Spearman@80: 0.9261 | Kendall@80: 0.7739
Epoch 38/150 | Train Loss: 0.0314 | Epoch Time: 0.57s | Spearman@80: 0.9273 | Kendall@80: 0.7752
Epoch 39/150 | Train Loss: 0.0367 | Epoch Time: 0.57s | Spearman@80: 0.9098 | Kendall@80: 0.7510
Epoch 40/150 | Train Loss: 0.0308 | Epoch Time: 0.57s | Spearman@80: 0.9260 | Kendall@80: 0.7785
Epoch 41/150 | Train Loss: 0.0255 | Epoch Time: 0.57s | Spearman@80: 0.9111 | Kendall@80: 0.7464
Epoch 42/150 | Train Loss: 0.0293 | Epoch Time: 0.57s | Spearman@80: 0.9173 | Kendall@80: 0.7627
Epoch 43/150 | Train Loss: 0.0281 | Epoch Time: 0.57s | Spearman@80: 0.9378 | Kendall@80: 0.7909
Epoch 44/150 | Train Loss: 0.0294 | Epoch Time: 0.57s | Spearman@80: 0.9143 | Kendall@80: 0.7554
Epoch 45/150 | Train Loss: 0.0292 | Epoch Time: 0.57s | Spearman@80: 0.9189 | Kendall@80: 0.7837
Epoch 46/150 | Train Loss: 0.0322 | Epoch Time: 0.57s | Spearman@80: 0.9221 | Kendall@80: 0.7661
Epoch 47/150 | Train Loss: 0.0270 | Epoch Time: 0.57s | Spearman@80: 0.8836 | Kendall@80: 0.7201
Epoch 48/150 | Train Loss: 0.0237 | Epoch Time: 0.57s | Spearman@80: 0.9205 | Kendall@80: 0.7627
Epoch 49/150 | Train Loss: 0.0236 | Epoch Time: 0.57s | Spearman@80: 0.9299 | Kendall@80: 0.7866
Epoch 50/150 | Train Loss: 0.0248 | Epoch Time: 0.57s | Spearman@80: 0.9386 | Kendall@80: 0.7894
Epoch 51/150 | Train Loss: 0.0296 | Epoch Time: 0.57s | Spearman@80: 0.9372 | Kendall@80: 0.7898
Epoch 52/150 | Train Loss: 0.0250 | Epoch Time: 0.57s | Spearman@80: 0.9347 | Kendall@80: 0.7977
Epoch 53/150 | Train Loss: 0.0257 | Epoch Time: 0.57s | Spearman@80: 0.8981 | Kendall@80: 0.7565
Epoch 54/150 | Train Loss: 0.0238 | Epoch Time: 0.57s | Spearman@80: 0.9198 | Kendall@80: 0.7671
Epoch 55/150 | Train Loss: 0.0246 | Epoch Time: 0.56s | Spearman@80: 0.9048 | Kendall@80: 0.7608
Epoch 56/150 | Train Loss: 0.0233 | Epoch Time: 0.57s | Spearman@80: 0.9228 | Kendall@80: 0.7755
Epoch 57/150 | Train Loss: 0.0252 | Epoch Time: 0.56s | Spearman@80: 0.9369 | Kendall@80: 0.7847
Epoch 58/150 | Train Loss: 0.0257 | Epoch Time: 0.56s | Spearman@80: 0.9188 | Kendall@80: 0.7708
Epoch 59/150 | Train Loss: 0.0275 | Epoch Time: 0.56s | Spearman@80: 0.9365 | Kendall@80: 0.7903
Epoch 60/150 | Train Loss: 0.0273 | Epoch Time: 0.56s | Spearman@80: 0.9153 | Kendall@80: 0.7587
Epoch 61/150 | Train Loss: 0.0255 | Epoch Time: 0.56s | Spearman@80: 0.9383 | Kendall@80: 0.7975
Epoch 62/150 | Train Loss: 0.0264 | Epoch Time: 0.57s | Spearman@80: 0.9150 | Kendall@80: 0.7595
Epoch 63/150 | Train Loss: 0.0259 | Epoch Time: 0.64s | Spearman@80: 0.9393 | Kendall@80: 0.7903
Epoch 64/150 | Train Loss: 0.0236 | Epoch Time: 0.61s | Spearman@80: 0.9174 | Kendall@80: 0.7665
Epoch 65/150 | Train Loss: 0.0206 | Epoch Time: 0.58s | Spearman@80: 0.9081 | Kendall@80: 0.7498
Epoch 66/150 | Train Loss: 0.0286 | Epoch Time: 0.56s | Spearman@80: 0.9109 | Kendall@80: 0.7568
Epoch 67/150 | Train Loss: 0.0270 | Epoch Time: 0.57s | Spearman@80: 0.9228 | Kendall@80: 0.7647
Epoch 68/150 | Train Loss: 0.0265 | Epoch Time: 0.57s | Spearman@80: 0.9250 | Kendall@80: 0.7652
Epoch 69/150 | Train Loss: 0.0325 | Epoch Time: 0.57s | Spearman@80: 0.9156 | Kendall@80: 0.7675
Epoch 70/150 | Train Loss: 0.0293 | Epoch Time: 0.56s | Spearman@80: 0.9253 | Kendall@80: 0.7754
Epoch 71/150 | Train Loss: 0.0246 | Epoch Time: 0.56s | Spearman@80: 0.9408 | Kendall@80: 0.7913
Epoch 72/150 | Train Loss: 0.0271 | Epoch Time: 0.56s | Spearman@80: 0.9136 | Kendall@80: 0.7584
Epoch 73/150 | Train Loss: 0.0214 | Epoch Time: 0.57s | Spearman@80: 0.9169 | Kendall@80: 0.7599
Epoch 74/150 | Train Loss: 0.0228 | Epoch Time: 0.56s | Spearman@80: 0.9240 | Kendall@80: 0.7767
Epoch 75/150 | Train Loss: 0.0259 | Epoch Time: 0.59s | Spearman@80: 0.9232 | Kendall@80: 0.7794
Epoch 76/150 | Train Loss: 0.0235 | Epoch Time: 0.56s | Spearman@80: 0.9322 | Kendall@80: 0.7940
Epoch 77/150 | Train Loss: 0.0221 | Epoch Time: 0.56s | Spearman@80: 0.9249 | Kendall@80: 0.7697
Epoch 78/150 | Train Loss: 0.0181 | Epoch Time: 0.56s | Spearman@80: 0.9262 | Kendall@80: 0.7711
Epoch 79/150 | Train Loss: 0.0158 | Epoch Time: 0.56s | Spearman@80: 0.9304 | Kendall@80: 0.7748
Epoch 80/150 | Train Loss: 0.0259 | Epoch Time: 0.56s | Spearman@80: 0.8923 | Kendall@80: 0.7368
Epoch 81/150 | Train Loss: 0.0221 | Epoch Time: 0.56s | Spearman@80: 0.9340 | Kendall@80: 0.7907
Epoch 82/150 | Train Loss: 0.0247 | Epoch Time: 0.56s | Spearman@80: 0.9335 | Kendall@80: 0.7898
Epoch 83/150 | Train Loss: 0.0181 | Epoch Time: 0.62s | Spearman@80: 0.9284 | Kendall@80: 0.7797
Epoch 84/150 | Train Loss: 0.0184 | Epoch Time: 0.56s | Spearman@80: 0.9109 | Kendall@80: 0.7536
Epoch 85/150 | Train Loss: 0.0235 | Epoch Time: 0.56s | Spearman@80: 0.9217 | Kendall@80: 0.7697
Epoch 86/150 | Train Loss: 0.0227 | Epoch Time: 0.56s | Spearman@80: 0.9333 | Kendall@80: 0.7974
Epoch 87/150 | Train Loss: 0.0261 | Epoch Time: 0.56s | Spearman@80: 0.9422 | Kendall@80: 0.8100
Epoch 88/150 | Train Loss: 0.0263 | Epoch Time: 0.57s | Spearman@80: 0.9349 | Kendall@80: 0.7981
Epoch 89/150 | Train Loss: 0.0188 | Epoch Time: 0.57s | Spearman@80: 0.9330 | Kendall@80: 0.7881
Epoch 90/150 | Train Loss: 0.0208 | Epoch Time: 0.56s | Spearman@80: 0.9296 | Kendall@80: 0.7745
Epoch 91/150 | Train Loss: 0.0271 | Epoch Time: 0.58s | Spearman@80: 0.9044 | Kendall@80: 0.7463
Epoch 92/150 | Train Loss: 0.0206 | Epoch Time: 0.67s | Spearman@80: 0.9177 | Kendall@80: 0.7624
Epoch 93/150 | Train Loss: 0.0186 | Epoch Time: 0.67s | Spearman@80: 0.9322 | Kendall@80: 0.7868
Epoch 94/150 | Train Loss: 0.0219 | Epoch Time: 0.67s | Spearman@80: 0.9298 | Kendall@80: 0.7847
Epoch 95/150 | Train Loss: 0.0242 | Epoch Time: 0.67s | Spearman@80: 0.9229 | Kendall@80: 0.7752
Epoch 96/150 | Train Loss: 0.0220 | Epoch Time: 0.67s | Spearman@80: 0.9164 | Kendall@80: 0.7553
Epoch 97/150 | Train Loss: 0.0168 | Epoch Time: 0.67s | Spearman@80: 0.9252 | Kendall@80: 0.7760
Epoch 98/150 | Train Loss: 0.0190 | Epoch Time: 0.67s | Spearman@80: 0.9267 | Kendall@80: 0.7834
Epoch 99/150 | Train Loss: 0.0178 | Epoch Time: 0.67s | Spearman@80: 0.9304 | Kendall@80: 0.7896
Epoch 100/150 | Train Loss: 0.0221 | Epoch Time: 0.67s | Spearman@80: 0.9154 | Kendall@80: 0.7618
Epoch 101/150 | Train Loss: 0.0206 | Epoch Time: 0.67s | Spearman@80: 0.9326 | Kendall@80: 0.7840
Epoch 102/150 | Train Loss: 0.0219 | Epoch Time: 0.67s | Spearman@80: 0.9216 | Kendall@80: 0.7745
Epoch 103/150 | Train Loss: 0.0204 | Epoch Time: 0.67s | Spearman@80: 0.9220 | Kendall@80: 0.7731
Epoch 104/150 | Train Loss: 0.0154 | Epoch Time: 0.67s | Spearman@80: 0.9312 | Kendall@80: 0.7919
Epoch 105/150 | Train Loss: 0.0192 | Epoch Time: 0.67s | Spearman@80: 0.9205 | Kendall@80: 0.7701
Epoch 106/150 | Train Loss: 0.0199 | Epoch Time: 0.67s | Spearman@80: 0.9236 | Kendall@80: 0.7734
Epoch 107/150 | Train Loss: 0.0228 | Epoch Time: 0.67s | Spearman@80: 0.9156 | Kendall@80: 0.7618
Epoch 108/150 | Train Loss: 0.0215 | Epoch Time: 0.67s | Spearman@80: 0.9210 | Kendall@80: 0.7747
Epoch 109/150 | Train Loss: 0.0195 | Epoch Time: 0.64s | Spearman@80: 0.9249 | Kendall@80: 0.7764
Epoch 110/150 | Train Loss: 0.0164 | Epoch Time: 0.57s | Spearman@80: 0.9338 | Kendall@80: 0.7966
Epoch 111/150 | Train Loss: 0.0221 | Epoch Time: 0.57s | Spearman@80: 0.9259 | Kendall@80: 0.7790
Epoch 112/150 | Train Loss: 0.0165 | Epoch Time: 0.57s | Spearman@80: 0.9252 | Kendall@80: 0.7836
Epoch 113/150 | Train Loss: 0.0193 | Epoch Time: 0.56s | Spearman@80: 0.9196 | Kendall@80: 0.7760
Epoch 114/150 | Train Loss: 0.0162 | Epoch Time: 0.57s | Spearman@80: 0.9204 | Kendall@80: 0.7743
Epoch 115/150 | Train Loss: 0.0186 | Epoch Time: 0.57s | Spearman@80: 0.9260 | Kendall@80: 0.7800
Epoch 116/150 | Train Loss: 0.0184 | Epoch Time: 0.57s | Spearman@80: 0.9239 | Kendall@80: 0.7736
Epoch 117/150 | Train Loss: 0.0207 | Epoch Time: 0.57s | Spearman@80: 0.9247 | Kendall@80: 0.7773
Epoch 118/150 | Train Loss: 0.0162 | Epoch Time: 0.57s | Spearman@80: 0.9266 | Kendall@80: 0.7820
Epoch 119/150 | Train Loss: 0.0182 | Epoch Time: 0.57s | Spearman@80: 0.9167 | Kendall@80: 0.7688
Epoch 120/150 | Train Loss: 0.0234 | Epoch Time: 0.57s | Spearman@80: 0.9244 | Kendall@80: 0.7752
Epoch 121/150 | Train Loss: 0.0192 | Epoch Time: 0.57s | Spearman@80: 0.9278 | Kendall@80: 0.7844
Epoch 122/150 | Train Loss: 0.0233 | Epoch Time: 0.57s | Spearman@80: 0.9309 | Kendall@80: 0.7886
Epoch 123/150 | Train Loss: 0.0203 | Epoch Time: 0.57s | Spearman@80: 0.9274 | Kendall@80: 0.7853
Epoch 124/150 | Train Loss: 0.0212 | Epoch Time: 0.57s | Spearman@80: 0.9291 | Kendall@80: 0.7873
Epoch 125/150 | Train Loss: 0.0226 | Epoch Time: 0.57s | Spearman@80: 0.9247 | Kendall@80: 0.7769
Epoch 126/150 | Train Loss: 0.0194 | Epoch Time: 0.57s | Spearman@80: 0.9213 | Kendall@80: 0.7794
Epoch 127/150 | Train Loss: 0.0203 | Epoch Time: 0.57s | Spearman@80: 0.9279 | Kendall@80: 0.7851
Epoch 128/150 | Train Loss: 0.0208 | Epoch Time: 0.57s | Spearman@80: 0.9246 | Kendall@80: 0.7803
Epoch 129/150 | Train Loss: 0.0187 | Epoch Time: 0.57s | Spearman@80: 0.9266 | Kendall@80: 0.7784
Epoch 130/150 | Train Loss: 0.0158 | Epoch Time: 0.57s | Spearman@80: 0.9249 | Kendall@80: 0.7796
Epoch 131/150 | Train Loss: 0.0148 | Epoch Time: 0.57s | Spearman@80: 0.9258 | Kendall@80: 0.7802
Epoch 132/150 | Train Loss: 0.0214 | Epoch Time: 0.56s | Spearman@80: 0.9264 | Kendall@80: 0.7822
Epoch 133/150 | Train Loss: 0.0177 | Epoch Time: 0.57s | Spearman@80: 0.9249 | Kendall@80: 0.7796
Epoch 134/150 | Train Loss: 0.0182 | Epoch Time: 0.57s | Spearman@80: 0.9267 | Kendall@80: 0.7849
Epoch 135/150 | Train Loss: 0.0167 | Epoch Time: 0.57s | Spearman@80: 0.9260 | Kendall@80: 0.7816
Epoch 136/150 | Train Loss: 0.0193 | Epoch Time: 0.57s | Spearman@80: 0.9245 | Kendall@80: 0.7773
Epoch 137/150 | Train Loss: 0.0221 | Epoch Time: 0.57s | Spearman@80: 0.9229 | Kendall@80: 0.7735
Epoch 138/150 | Train Loss: 0.0142 | Epoch Time: 0.57s | Spearman@80: 0.9251 | Kendall@80: 0.7811
Epoch 139/150 | Train Loss: 0.0144 | Epoch Time: 0.57s | Spearman@80: 0.9241 | Kendall@80: 0.7771
Epoch 140/150 | Train Loss: 0.0205 | Epoch Time: 0.57s | Spearman@80: 0.9238 | Kendall@80: 0.7817
Epoch 141/150 | Train Loss: 0.0125 | Epoch Time: 0.57s | Spearman@80: 0.9235 | Kendall@80: 0.7773
Epoch 142/150 | Train Loss: 0.0194 | Epoch Time: 0.57s | Spearman@80: 0.9254 | Kendall@80: 0.7830
Epoch 143/150 | Train Loss: 0.0156 | Epoch Time: 0.57s | Spearman@80: 0.9238 | Kendall@80: 0.7785
Epoch 144/150 | Train Loss: 0.0147 | Epoch Time: 0.57s | Spearman@80: 0.9238 | Kendall@80: 0.7775
Epoch 145/150 | Train Loss: 0.0182 | Epoch Time: 0.57s | Spearman@80: 0.9247 | Kendall@80: 0.7830
Epoch 146/150 | Train Loss: 0.0198 | Epoch Time: 0.57s | Spearman@80: 0.9230 | Kendall@80: 0.7784
Epoch 147/150 | Train Loss: 0.0174 | Epoch Time: 2.25s | Spearman@15496: 0.9345 | Kendall@15496: 0.7952
Epoch 148/150 | Train Loss: 0.0182 | Epoch Time: 2.25s | Spearman@15496: 0.9344 | Kendall@15496: 0.7950
Epoch 149/150 | Train Loss: 0.0180 | Epoch Time: 2.24s | Spearman@15496: 0.9347 | Kendall@15496: 0.7955
Epoch 150/150 | Train Loss: 0.0201 | Epoch Time: 2.24s | Spearman@15496: 0.9346 | Kendall@15496: 0.7956
Sample Count: 128, Spearman: 0.9345611737826465, Kendall: 0.7953226997995038
{64: (0.93193420351607, 0.7883255941403424),
 128: (0.9345611737826465, 0.7953226997995038)}
Average KDT:  0.7855592759857352
Variance KDT:  0.00011143782785206064
Average SPR:  0.9298975990893181
Variance SPR:  0.00010922432572257483
Average KDT:  0.7971269330920716
Variance KDT:  0.00040278702384332986
Average SPR:  0.9349143175051965
Variance SPR:  0.00013633275059200914
