Loading files for NASBench201...
Normalizing ZCP dict
try to create the NAS-Bench-201 api from /home/ya255/projects/flan_hardware/nas_embedding_suite/embedding_datasets/NAS-Bench-201-v1_1-096897.pth
Loaded files in:  67.21036839485168  seconds
Loading cache for NASBench-201 speedup!!...
Loading cache for NASBench-201 speedup!!...
Epoch 1/150 | Train Loss: 0.0962 | Epoch Time: 1.63s | Spearman@80: 0.3152 | Kendall@80: 0.2197
Epoch 2/150 | Train Loss: 0.0842 | Epoch Time: 0.26s | Spearman@80: 0.4275 | Kendall@80: 0.2998
Epoch 3/150 | Train Loss: 0.0729 | Epoch Time: 0.26s | Spearman@80: 0.8821 | Kendall@80: 0.7042
Epoch 4/150 | Train Loss: 0.0532 | Epoch Time: 0.28s | Spearman@80: 0.7433 | Kendall@80: 0.5607
Epoch 5/150 | Train Loss: 0.0460 | Epoch Time: 0.28s | Spearman@80: 0.8923 | Kendall@80: 0.7254
Epoch 6/150 | Train Loss: 0.0392 | Epoch Time: 0.29s | Spearman@80: 0.8602 | Kendall@80: 0.6803
Epoch 7/150 | Train Loss: 0.0375 | Epoch Time: 0.28s | Spearman@80: 0.8978 | Kendall@80: 0.7292
Epoch 8/150 | Train Loss: 0.0335 | Epoch Time: 0.29s | Spearman@80: 0.9095 | Kendall@80: 0.7273
Epoch 9/150 | Train Loss: 0.0377 | Epoch Time: 0.28s | Spearman@80: 0.9488 | Kendall@80: 0.8198
Epoch 10/150 | Train Loss: 0.0335 | Epoch Time: 0.28s | Spearman@80: 0.9189 | Kendall@80: 0.7576
Epoch 11/150 | Train Loss: 0.0331 | Epoch Time: 0.28s | Spearman@80: 0.9294 | Kendall@80: 0.7830
Epoch 12/150 | Train Loss: 0.0286 | Epoch Time: 0.28s | Spearman@80: 0.8809 | Kendall@80: 0.6814
Epoch 13/150 | Train Loss: 0.0377 | Epoch Time: 0.29s | Spearman@80: 0.9111 | Kendall@80: 0.7394
Epoch 14/150 | Train Loss: 0.0385 | Epoch Time: 0.29s | Spearman@80: 0.9412 | Kendall@80: 0.7957
Epoch 15/150 | Train Loss: 0.0388 | Epoch Time: 0.28s | Spearman@80: 0.9366 | Kendall@80: 0.7849
Epoch 16/150 | Train Loss: 0.0270 | Epoch Time: 0.28s | Spearman@80: 0.8871 | Kendall@80: 0.6968
Epoch 17/150 | Train Loss: 0.0386 | Epoch Time: 0.28s | Spearman@80: 0.9295 | Kendall@80: 0.7760
Epoch 18/150 | Train Loss: 0.0284 | Epoch Time: 0.28s | Spearman@80: 0.9424 | Kendall@80: 0.7991
Epoch 19/150 | Train Loss: 0.0247 | Epoch Time: 0.28s | Spearman@80: 0.9420 | Kendall@80: 0.7931
Epoch 20/150 | Train Loss: 0.0276 | Epoch Time: 0.29s | Spearman@80: 0.9300 | Kendall@80: 0.7762
Epoch 21/150 | Train Loss: 0.0344 | Epoch Time: 0.28s | Spearman@80: 0.9030 | Kendall@80: 0.7252
Epoch 22/150 | Train Loss: 0.0319 | Epoch Time: 0.28s | Spearman@80: 0.9452 | Kendall@80: 0.8039
Epoch 23/150 | Train Loss: 0.0275 | Epoch Time: 0.29s | Spearman@80: 0.9397 | Kendall@80: 0.8004
Epoch 24/150 | Train Loss: 0.0360 | Epoch Time: 0.29s | Spearman@80: 0.9297 | Kendall@80: 0.7779
Epoch 25/150 | Train Loss: 0.0347 | Epoch Time: 0.29s | Spearman@80: 0.9256 | Kendall@80: 0.7722
Epoch 26/150 | Train Loss: 0.0309 | Epoch Time: 0.30s | Spearman@80: 0.9267 | Kendall@80: 0.7705
Epoch 27/150 | Train Loss: 0.0355 | Epoch Time: 0.29s | Spearman@80: 0.9325 | Kendall@80: 0.7782
Epoch 28/150 | Train Loss: 0.0296 | Epoch Time: 0.30s | Spearman@80: 0.9288 | Kendall@80: 0.7716
Epoch 29/150 | Train Loss: 0.0261 | Epoch Time: 0.29s | Spearman@80: 0.9306 | Kendall@80: 0.7705
Epoch 30/150 | Train Loss: 0.0353 | Epoch Time: 0.30s | Spearman@80: 0.9464 | Kendall@80: 0.8033
Epoch 31/150 | Train Loss: 0.0225 | Epoch Time: 0.30s | Spearman@80: 0.9432 | Kendall@80: 0.8078
Epoch 32/150 | Train Loss: 0.0232 | Epoch Time: 0.29s | Spearman@80: 0.9419 | Kendall@80: 0.7985
Epoch 33/150 | Train Loss: 0.0219 | Epoch Time: 0.30s | Spearman@80: 0.9288 | Kendall@80: 0.7754
Epoch 34/150 | Train Loss: 0.0314 | Epoch Time: 0.29s | Spearman@80: 0.9392 | Kendall@80: 0.7883
Epoch 35/150 | Train Loss: 0.0235 | Epoch Time: 0.30s | Spearman@80: 0.9397 | Kendall@80: 0.7972
Epoch 36/150 | Train Loss: 0.0226 | Epoch Time: 0.30s | Spearman@80: 0.9139 | Kendall@80: 0.7470
Epoch 37/150 | Train Loss: 0.0336 | Epoch Time: 0.29s | Spearman@80: 0.9420 | Kendall@80: 0.7928
Epoch 38/150 | Train Loss: 0.0319 | Epoch Time: 0.29s | Spearman@80: 0.9332 | Kendall@80: 0.7843
Epoch 39/150 | Train Loss: 0.0303 | Epoch Time: 0.30s | Spearman@80: 0.9357 | Kendall@80: 0.7893
Epoch 40/150 | Train Loss: 0.0261 | Epoch Time: 0.29s | Spearman@80: 0.9508 | Kendall@80: 0.8166
Epoch 41/150 | Train Loss: 0.0209 | Epoch Time: 0.29s | Spearman@80: 0.9498 | Kendall@80: 0.8163
Epoch 42/150 | Train Loss: 0.0267 | Epoch Time: 0.29s | Spearman@80: 0.9437 | Kendall@80: 0.8008
Epoch 43/150 | Train Loss: 0.0294 | Epoch Time: 0.29s | Spearman@80: 0.9334 | Kendall@80: 0.7830
Epoch 44/150 | Train Loss: 0.0288 | Epoch Time: 0.29s | Spearman@80: 0.9321 | Kendall@80: 0.7794
Epoch 45/150 | Train Loss: 0.0290 | Epoch Time: 0.29s | Spearman@80: 0.9389 | Kendall@80: 0.7947
Epoch 46/150 | Train Loss: 0.0246 | Epoch Time: 0.30s | Spearman@80: 0.9284 | Kendall@80: 0.7769
Epoch 47/150 | Train Loss: 0.0253 | Epoch Time: 0.30s | Spearman@80: 0.9222 | Kendall@80: 0.7699
Epoch 48/150 | Train Loss: 0.0260 | Epoch Time: 0.29s | Spearman@80: 0.9334 | Kendall@80: 0.7728
Epoch 49/150 | Train Loss: 0.0296 | Epoch Time: 0.30s | Spearman@80: 0.9439 | Kendall@80: 0.8033
Epoch 50/150 | Train Loss: 0.0245 | Epoch Time: 0.29s | Spearman@80: 0.9506 | Kendall@80: 0.8252
Epoch 51/150 | Train Loss: 0.0315 | Epoch Time: 0.29s | Spearman@80: 0.9454 | Kendall@80: 0.8017
Epoch 52/150 | Train Loss: 0.0211 | Epoch Time: 0.29s | Spearman@80: 0.9492 | Kendall@80: 0.8097
Epoch 53/150 | Train Loss: 0.0211 | Epoch Time: 0.29s | Spearman@80: 0.9387 | Kendall@80: 0.7813
Epoch 54/150 | Train Loss: 0.0259 | Epoch Time: 0.29s | Spearman@80: 0.9314 | Kendall@80: 0.7820
Epoch 55/150 | Train Loss: 0.0172 | Epoch Time: 0.29s | Spearman@80: 0.9450 | Kendall@80: 0.8105
Epoch 56/150 | Train Loss: 0.0330 | Epoch Time: 0.30s | Spearman@80: 0.9433 | Kendall@80: 0.7995
Epoch 57/150 | Train Loss: 0.0300 | Epoch Time: 0.29s | Spearman@80: 0.9292 | Kendall@80: 0.7750
Epoch 58/150 | Train Loss: 0.0292 | Epoch Time: 0.29s | Spearman@80: 0.9369 | Kendall@80: 0.7813
Epoch 59/150 | Train Loss: 0.0184 | Epoch Time: 0.30s | Spearman@80: 0.9367 | Kendall@80: 0.7836
Epoch 60/150 | Train Loss: 0.0289 | Epoch Time: 0.30s | Spearman@80: 0.9454 | Kendall@80: 0.8001
Epoch 61/150 | Train Loss: 0.0201 | Epoch Time: 0.30s | Spearman@80: 0.9449 | Kendall@80: 0.8023
Epoch 62/150 | Train Loss: 0.0284 | Epoch Time: 0.29s | Spearman@80: 0.9487 | Kendall@80: 0.8194
Epoch 63/150 | Train Loss: 0.0261 | Epoch Time: 0.30s | Spearman@80: 0.9333 | Kendall@80: 0.7855
Epoch 64/150 | Train Loss: 0.0272 | Epoch Time: 0.30s | Spearman@80: 0.9379 | Kendall@80: 0.7947
Epoch 65/150 | Train Loss: 0.0217 | Epoch Time: 0.30s | Spearman@80: 0.9375 | Kendall@80: 0.7921
Epoch 66/150 | Train Loss: 0.0276 | Epoch Time: 0.29s | Spearman@80: 0.9436 | Kendall@80: 0.8004
Epoch 67/150 | Train Loss: 0.0190 | Epoch Time: 0.29s | Spearman@80: 0.9444 | Kendall@80: 0.7931
Epoch 68/150 | Train Loss: 0.0213 | Epoch Time: 0.29s | Spearman@80: 0.9413 | Kendall@80: 0.7919
Epoch 69/150 | Train Loss: 0.0278 | Epoch Time: 0.29s | Spearman@80: 0.9398 | Kendall@80: 0.7858
Epoch 70/150 | Train Loss: 0.0252 | Epoch Time: 0.29s | Spearman@80: 0.9371 | Kendall@80: 0.7820
Epoch 71/150 | Train Loss: 0.0248 | Epoch Time: 0.29s | Spearman@80: 0.9393 | Kendall@80: 0.7915
Epoch 72/150 | Train Loss: 0.0168 | Epoch Time: 0.29s | Spearman@80: 0.9439 | Kendall@80: 0.8048
Epoch 73/150 | Train Loss: 0.0202 | Epoch Time: 0.29s | Spearman@80: 0.9162 | Kendall@80: 0.7531
Epoch 74/150 | Train Loss: 0.0244 | Epoch Time: 0.29s | Spearman@80: 0.9351 | Kendall@80: 0.7804
Epoch 75/150 | Train Loss: 0.0150 | Epoch Time: 0.29s | Spearman@80: 0.9374 | Kendall@80: 0.7754
Epoch 76/150 | Train Loss: 0.0255 | Epoch Time: 0.29s | Spearman@80: 0.9463 | Kendall@80: 0.8039
Epoch 77/150 | Train Loss: 0.0213 | Epoch Time: 0.30s | Spearman@80: 0.9427 | Kendall@80: 0.7919
Epoch 78/150 | Train Loss: 0.0185 | Epoch Time: 0.29s | Spearman@80: 0.9356 | Kendall@80: 0.7817
Epoch 79/150 | Train Loss: 0.0240 | Epoch Time: 0.29s | Spearman@80: 0.9308 | Kendall@80: 0.7782
Epoch 80/150 | Train Loss: 0.0283 | Epoch Time: 0.29s | Spearman@80: 0.9447 | Kendall@80: 0.8048
Epoch 81/150 | Train Loss: 0.0118 | Epoch Time: 0.29s | Spearman@80: 0.9324 | Kendall@80: 0.7785
Epoch 82/150 | Train Loss: 0.0215 | Epoch Time: 0.29s | Spearman@80: 0.9422 | Kendall@80: 0.7912
Epoch 83/150 | Train Loss: 0.0163 | Epoch Time: 0.29s | Spearman@80: 0.9531 | Kendall@80: 0.8179
Epoch 84/150 | Train Loss: 0.0221 | Epoch Time: 0.29s | Spearman@80: 0.9482 | Kendall@80: 0.8074
Epoch 85/150 | Train Loss: 0.0229 | Epoch Time: 0.29s | Spearman@80: 0.9428 | Kendall@80: 0.8020
Epoch 86/150 | Train Loss: 0.0263 | Epoch Time: 0.29s | Spearman@80: 0.9508 | Kendall@80: 0.8194
Epoch 87/150 | Train Loss: 0.0210 | Epoch Time: 0.29s | Spearman@80: 0.9559 | Kendall@80: 0.8258
Epoch 88/150 | Train Loss: 0.0235 | Epoch Time: 0.29s | Spearman@80: 0.9421 | Kendall@80: 0.8023
Epoch 89/150 | Train Loss: 0.0215 | Epoch Time: 0.29s | Spearman@80: 0.9423 | Kendall@80: 0.8058
Epoch 90/150 | Train Loss: 0.0143 | Epoch Time: 0.29s | Spearman@80: 0.9506 | Kendall@80: 0.8175
Epoch 91/150 | Train Loss: 0.0135 | Epoch Time: 0.30s | Spearman@80: 0.9554 | Kendall@80: 0.8283
Epoch 92/150 | Train Loss: 0.0242 | Epoch Time: 0.29s | Spearman@80: 0.9567 | Kendall@80: 0.8239
Epoch 93/150 | Train Loss: 0.0204 | Epoch Time: 0.29s | Spearman@80: 0.9561 | Kendall@80: 0.8205
Epoch 94/150 | Train Loss: 0.0159 | Epoch Time: 0.29s | Spearman@80: 0.9485 | Kendall@80: 0.8144
Epoch 95/150 | Train Loss: 0.0210 | Epoch Time: 0.29s | Spearman@80: 0.9504 | Kendall@80: 0.8103
Epoch 96/150 | Train Loss: 0.0190 | Epoch Time: 0.29s | Spearman@80: 0.9500 | Kendall@80: 0.8074
Epoch 97/150 | Train Loss: 0.0208 | Epoch Time: 0.29s | Spearman@80: 0.9546 | Kendall@80: 0.8192
Epoch 98/150 | Train Loss: 0.0183 | Epoch Time: 0.29s | Spearman@80: 0.9538 | Kendall@80: 0.8185
Epoch 99/150 | Train Loss: 0.0192 | Epoch Time: 0.29s | Spearman@80: 0.9588 | Kendall@80: 0.8277
Epoch 100/150 | Train Loss: 0.0201 | Epoch Time: 0.29s | Spearman@80: 0.9556 | Kendall@80: 0.8224
Epoch 101/150 | Train Loss: 0.0211 | Epoch Time: 0.29s | Spearman@80: 0.9491 | Kendall@80: 0.8166
Epoch 102/150 | Train Loss: 0.0147 | Epoch Time: 0.29s | Spearman@80: 0.9583 | Kendall@80: 0.8230
Epoch 103/150 | Train Loss: 0.0101 | Epoch Time: 0.29s | Spearman@80: 0.9544 | Kendall@80: 0.8118
Epoch 104/150 | Train Loss: 0.0135 | Epoch Time: 0.30s | Spearman@80: 0.9559 | Kendall@80: 0.8217
Epoch 105/150 | Train Loss: 0.0138 | Epoch Time: 0.29s | Spearman@80: 0.9585 | Kendall@80: 0.8287
Epoch 106/150 | Train Loss: 0.0163 | Epoch Time: 0.29s | Spearman@80: 0.9580 | Kendall@80: 0.8274
Epoch 107/150 | Train Loss: 0.0177 | Epoch Time: 0.29s | Spearman@80: 0.9485 | Kendall@80: 0.8084
Epoch 108/150 | Train Loss: 0.0193 | Epoch Time: 0.29s | Spearman@80: 0.9540 | Kendall@80: 0.8192
Epoch 109/150 | Train Loss: 0.0103 | Epoch Time: 0.29s | Spearman@80: 0.9556 | Kendall@80: 0.8163
Epoch 110/150 | Train Loss: 0.0080 | Epoch Time: 0.29s | Spearman@80: 0.9574 | Kendall@80: 0.8166
Epoch 111/150 | Train Loss: 0.0150 | Epoch Time: 0.29s | Spearman@80: 0.9585 | Kendall@80: 0.8211
Epoch 112/150 | Train Loss: 0.0144 | Epoch Time: 0.29s | Spearman@80: 0.9561 | Kendall@80: 0.8213
Epoch 113/150 | Train Loss: 0.0166 | Epoch Time: 0.29s | Spearman@80: 0.9529 | Kendall@80: 0.8135
Epoch 114/150 | Train Loss: 0.0130 | Epoch Time: 0.30s | Spearman@80: 0.9612 | Kendall@80: 0.8338
Epoch 115/150 | Train Loss: 0.0114 | Epoch Time: 0.29s | Spearman@80: 0.9560 | Kendall@80: 0.8207
Epoch 116/150 | Train Loss: 0.0140 | Epoch Time: 0.29s | Spearman@80: 0.9589 | Kendall@80: 0.8249
Epoch 117/150 | Train Loss: 0.0101 | Epoch Time: 0.30s | Spearman@80: 0.9566 | Kendall@80: 0.8217
Epoch 118/150 | Train Loss: 0.0109 | Epoch Time: 0.29s | Spearman@80: 0.9545 | Kendall@80: 0.8211
Epoch 119/150 | Train Loss: 0.0132 | Epoch Time: 0.29s | Spearman@80: 0.9555 | Kendall@80: 0.8198
Epoch 120/150 | Train Loss: 0.0146 | Epoch Time: 0.29s | Spearman@80: 0.9592 | Kendall@80: 0.8300
Epoch 121/150 | Train Loss: 0.0175 | Epoch Time: 0.30s | Spearman@80: 0.9588 | Kendall@80: 0.8315
Epoch 122/150 | Train Loss: 0.0128 | Epoch Time: 0.29s | Spearman@80: 0.9563 | Kendall@80: 0.8233
Epoch 123/150 | Train Loss: 0.0140 | Epoch Time: 0.29s | Spearman@80: 0.9570 | Kendall@80: 0.8201
Epoch 124/150 | Train Loss: 0.0159 | Epoch Time: 0.30s | Spearman@80: 0.9612 | Kendall@80: 0.8293
Epoch 125/150 | Train Loss: 0.0116 | Epoch Time: 0.29s | Spearman@80: 0.9604 | Kendall@80: 0.8283
Epoch 126/150 | Train Loss: 0.0130 | Epoch Time: 0.29s | Spearman@80: 0.9584 | Kendall@80: 0.8283
Epoch 127/150 | Train Loss: 0.0076 | Epoch Time: 0.30s | Spearman@80: 0.9588 | Kendall@80: 0.8236
Epoch 128/150 | Train Loss: 0.0135 | Epoch Time: 0.29s | Spearman@80: 0.9585 | Kendall@80: 0.8233
Epoch 129/150 | Train Loss: 0.0155 | Epoch Time: 0.30s | Spearman@80: 0.9593 | Kendall@80: 0.8274
Epoch 130/150 | Train Loss: 0.0101 | Epoch Time: 0.29s | Spearman@80: 0.9628 | Kendall@80: 0.8341
Epoch 131/150 | Train Loss: 0.0159 | Epoch Time: 0.29s | Spearman@80: 0.9596 | Kendall@80: 0.8271
Epoch 132/150 | Train Loss: 0.0138 | Epoch Time: 0.29s | Spearman@80: 0.9578 | Kendall@80: 0.8258
Epoch 133/150 | Train Loss: 0.0114 | Epoch Time: 0.29s | Spearman@80: 0.9575 | Kendall@80: 0.8233
Epoch 134/150 | Train Loss: 0.0123 | Epoch Time: 0.30s | Spearman@80: 0.9559 | Kendall@80: 0.8207
Epoch 135/150 | Train Loss: 0.0182 | Epoch Time: 0.30s | Spearman@80: 0.9593 | Kendall@80: 0.8264
Epoch 136/150 | Train Loss: 0.0146 | Epoch Time: 0.29s | Spearman@80: 0.9563 | Kendall@80: 0.8213
Epoch 137/150 | Train Loss: 0.0149 | Epoch Time: 0.29s | Spearman@80: 0.9591 | Kendall@80: 0.8271
Epoch 138/150 | Train Loss: 0.0133 | Epoch Time: 0.29s | Spearman@80: 0.9559 | Kendall@80: 0.8220
Epoch 139/150 | Train Loss: 0.0174 | Epoch Time: 0.29s | Spearman@80: 0.9555 | Kendall@80: 0.8217
Epoch 140/150 | Train Loss: 0.0118 | Epoch Time: 0.30s | Spearman@80: 0.9559 | Kendall@80: 0.8230
Epoch 141/150 | Train Loss: 0.0114 | Epoch Time: 0.29s | Spearman@80: 0.9585 | Kendall@80: 0.8287
Epoch 142/150 | Train Loss: 0.0138 | Epoch Time: 0.29s | Spearman@80: 0.9567 | Kendall@80: 0.8236
Epoch 143/150 | Train Loss: 0.0169 | Epoch Time: 0.29s | Spearman@80: 0.9595 | Kendall@80: 0.8290
Epoch 144/150 | Train Loss: 0.0168 | Epoch Time: 0.29s | Spearman@80: 0.9596 | Kendall@80: 0.8315
Epoch 145/150 | Train Loss: 0.0148 | Epoch Time: 0.29s | Spearman@80: 0.9589 | Kendall@80: 0.8296
Epoch 146/150 | Train Loss: 0.0179 | Epoch Time: 0.29s | Spearman@80: 0.9617 | Kendall@80: 0.8351
Epoch 147/150 | Train Loss: 0.0099 | Epoch Time: 1.54s | Spearman@15560: 0.9455 | Kendall@15560: 0.8096
Epoch 148/150 | Train Loss: 0.0138 | Epoch Time: 1.31s | Spearman@15560: 0.9446 | Kendall@15560: 0.8083
Epoch 149/150 | Train Loss: 0.0120 | Epoch Time: 1.32s | Spearman@15560: 0.9437 | Kendall@15560: 0.8070
Epoch 150/150 | Train Loss: 0.0086 | Epoch Time: 1.32s | Spearman@15560: 0.9446 | Kendall@15560: 0.8084
Sample Count: 64, Spearman: 0.9446025329841687, Kendall: 0.8083232645261226
{64: (0.9446025329841687, 0.8083232645261226)}
Epoch 1/150 | Train Loss: 0.0901 | Epoch Time: 0.55s | Spearman@80: 0.6882 | Kendall@80: 0.5113
Epoch 2/150 | Train Loss: 0.0573 | Epoch Time: 0.54s | Spearman@80: 0.7533 | Kendall@80: 0.5404
Epoch 3/150 | Train Loss: 0.0511 | Epoch Time: 0.54s | Spearman@80: 0.8902 | Kendall@80: 0.7147
Epoch 4/150 | Train Loss: 0.0445 | Epoch Time: 0.59s | Spearman@80: 0.9109 | Kendall@80: 0.7510
Epoch 5/150 | Train Loss: 0.0345 | Epoch Time: 0.61s | Spearman@80: 0.9088 | Kendall@80: 0.7434
Epoch 6/150 | Train Loss: 0.0358 | Epoch Time: 0.61s | Spearman@80: 0.9300 | Kendall@80: 0.7840
Epoch 7/150 | Train Loss: 0.0402 | Epoch Time: 0.62s | Spearman@80: 0.9191 | Kendall@80: 0.7610
Epoch 8/150 | Train Loss: 0.0375 | Epoch Time: 0.62s | Spearman@80: 0.9120 | Kendall@80: 0.7597
Epoch 9/150 | Train Loss: 0.0413 | Epoch Time: 0.61s | Spearman@80: 0.9337 | Kendall@80: 0.7851
Epoch 10/150 | Train Loss: 0.0325 | Epoch Time: 0.61s | Spearman@80: 0.9375 | Kendall@80: 0.7914
Epoch 11/150 | Train Loss: 0.0319 | Epoch Time: 0.63s | Spearman@80: 0.9177 | Kendall@80: 0.7724
Epoch 12/150 | Train Loss: 0.0407 | Epoch Time: 0.61s | Spearman@80: 0.9331 | Kendall@80: 0.7859
Epoch 13/150 | Train Loss: 0.0333 | Epoch Time: 0.61s | Spearman@80: 0.9243 | Kendall@80: 0.7737
Epoch 14/150 | Train Loss: 0.0291 | Epoch Time: 0.61s | Spearman@80: 0.9208 | Kendall@80: 0.7699
Epoch 15/150 | Train Loss: 0.0312 | Epoch Time: 0.61s | Spearman@80: 0.9233 | Kendall@80: 0.7802
Epoch 16/150 | Train Loss: 0.0244 | Epoch Time: 0.61s | Spearman@80: 0.9079 | Kendall@80: 0.7400
Epoch 17/150 | Train Loss: 0.0399 | Epoch Time: 0.61s | Spearman@80: 0.9047 | Kendall@80: 0.7447
Epoch 18/150 | Train Loss: 0.0314 | Epoch Time: 0.61s | Spearman@80: 0.9021 | Kendall@80: 0.7356
Epoch 19/150 | Train Loss: 0.0362 | Epoch Time: 0.61s | Spearman@80: 0.9218 | Kendall@80: 0.7663
Epoch 20/150 | Train Loss: 0.0312 | Epoch Time: 0.61s | Spearman@80: 0.8785 | Kendall@80: 0.6971
Epoch 21/150 | Train Loss: 0.0374 | Epoch Time: 0.61s | Spearman@80: 0.9209 | Kendall@80: 0.7597
Epoch 22/150 | Train Loss: 0.0380 | Epoch Time: 0.61s | Spearman@80: 0.9281 | Kendall@80: 0.7694
Epoch 23/150 | Train Loss: 0.0321 | Epoch Time: 0.60s | Spearman@80: 0.9302 | Kendall@80: 0.7872
Epoch 24/150 | Train Loss: 0.0342 | Epoch Time: 0.61s | Spearman@80: 0.9162 | Kendall@80: 0.7536
Epoch 25/150 | Train Loss: 0.0316 | Epoch Time: 0.61s | Spearman@80: 0.9088 | Kendall@80: 0.7510
Epoch 26/150 | Train Loss: 0.0314 | Epoch Time: 0.61s | Spearman@80: 0.9219 | Kendall@80: 0.7802
Epoch 27/150 | Train Loss: 0.0296 | Epoch Time: 0.61s | Spearman@80: 0.9164 | Kendall@80: 0.7610
Epoch 28/150 | Train Loss: 0.0392 | Epoch Time: 0.61s | Spearman@80: 0.9172 | Kendall@80: 0.7699
Epoch 29/150 | Train Loss: 0.0297 | Epoch Time: 0.61s | Spearman@80: 0.9227 | Kendall@80: 0.7726
Epoch 30/150 | Train Loss: 0.0318 | Epoch Time: 0.61s | Spearman@80: 0.9311 | Kendall@80: 0.7853
Epoch 31/150 | Train Loss: 0.0365 | Epoch Time: 0.61s | Spearman@80: 0.8941 | Kendall@80: 0.7350
Epoch 32/150 | Train Loss: 0.0339 | Epoch Time: 0.61s | Spearman@80: 0.9193 | Kendall@80: 0.7724
Epoch 33/150 | Train Loss: 0.0325 | Epoch Time: 0.61s | Spearman@80: 0.9240 | Kendall@80: 0.7866
Epoch 34/150 | Train Loss: 0.0292 | Epoch Time: 0.61s | Spearman@80: 0.9283 | Kendall@80: 0.7923
Epoch 35/150 | Train Loss: 0.0315 | Epoch Time: 0.61s | Spearman@80: 0.9096 | Kendall@80: 0.7489
Epoch 36/150 | Train Loss: 0.0291 | Epoch Time: 0.61s | Spearman@80: 0.9253 | Kendall@80: 0.7864
Epoch 37/150 | Train Loss: 0.0313 | Epoch Time: 0.61s | Spearman@80: 0.9181 | Kendall@80: 0.7701
Epoch 38/150 | Train Loss: 0.0346 | Epoch Time: 0.61s | Spearman@80: 0.9133 | Kendall@80: 0.7705
Epoch 39/150 | Train Loss: 0.0274 | Epoch Time: 0.61s | Spearman@80: 0.9182 | Kendall@80: 0.7597
Epoch 40/150 | Train Loss: 0.0246 | Epoch Time: 0.61s | Spearman@80: 0.9057 | Kendall@80: 0.7584
Epoch 41/150 | Train Loss: 0.0293 | Epoch Time: 0.61s | Spearman@80: 0.9163 | Kendall@80: 0.7597
Epoch 42/150 | Train Loss: 0.0287 | Epoch Time: 0.61s | Spearman@80: 0.9387 | Kendall@80: 0.8024
Epoch 43/150 | Train Loss: 0.0307 | Epoch Time: 0.61s | Spearman@80: 0.9345 | Kendall@80: 0.8056
Epoch 44/150 | Train Loss: 0.0297 | Epoch Time: 0.61s | Spearman@80: 0.9364 | Kendall@80: 0.8037
Epoch 45/150 | Train Loss: 0.0341 | Epoch Time: 0.61s | Spearman@80: 0.9272 | Kendall@80: 0.7927
Epoch 46/150 | Train Loss: 0.0217 | Epoch Time: 0.61s | Spearman@80: 0.9228 | Kendall@80: 0.7827
Epoch 47/150 | Train Loss: 0.0350 | Epoch Time: 0.61s | Spearman@80: 0.8972 | Kendall@80: 0.7489
Epoch 48/150 | Train Loss: 0.0321 | Epoch Time: 0.61s | Spearman@80: 0.9165 | Kendall@80: 0.7726
Epoch 49/150 | Train Loss: 0.0271 | Epoch Time: 0.60s | Spearman@80: 0.9320 | Kendall@80: 0.7940
Epoch 50/150 | Train Loss: 0.0310 | Epoch Time: 0.61s | Spearman@80: 0.9050 | Kendall@80: 0.7534
Epoch 51/150 | Train Loss: 0.0319 | Epoch Time: 0.61s | Spearman@80: 0.9285 | Kendall@80: 0.7845
Epoch 52/150 | Train Loss: 0.0278 | Epoch Time: 0.62s | Spearman@80: 0.8934 | Kendall@80: 0.7426
Epoch 53/150 | Train Loss: 0.0305 | Epoch Time: 0.61s | Spearman@80: 0.9008 | Kendall@80: 0.7555
Epoch 54/150 | Train Loss: 0.0286 | Epoch Time: 0.61s | Spearman@80: 0.9215 | Kendall@80: 0.7815
Epoch 55/150 | Train Loss: 0.0260 | Epoch Time: 0.61s | Spearman@80: 0.9123 | Kendall@80: 0.7667
Epoch 56/150 | Train Loss: 0.0207 | Epoch Time: 0.61s | Spearman@80: 0.9236 | Kendall@80: 0.7832
Epoch 57/150 | Train Loss: 0.0286 | Epoch Time: 0.62s | Spearman@80: 0.9214 | Kendall@80: 0.7845
Epoch 58/150 | Train Loss: 0.0237 | Epoch Time: 0.60s | Spearman@80: 0.9152 | Kendall@80: 0.7699
Epoch 59/150 | Train Loss: 0.0291 | Epoch Time: 0.60s | Spearman@80: 0.9203 | Kendall@80: 0.7796
Epoch 60/150 | Train Loss: 0.0278 | Epoch Time: 0.60s | Spearman@80: 0.9073 | Kendall@80: 0.7673
Epoch 61/150 | Train Loss: 0.0337 | Epoch Time: 0.60s | Spearman@80: 0.9261 | Kendall@80: 0.7783
Epoch 62/150 | Train Loss: 0.0347 | Epoch Time: 0.61s | Spearman@80: 0.9010 | Kendall@80: 0.7591
Epoch 63/150 | Train Loss: 0.0249 | Epoch Time: 0.61s | Spearman@80: 0.9310 | Kendall@80: 0.8003
Epoch 64/150 | Train Loss: 0.0268 | Epoch Time: 0.61s | Spearman@80: 0.9380 | Kendall@80: 0.8092
Epoch 65/150 | Train Loss: 0.0275 | Epoch Time: 0.60s | Spearman@80: 0.9118 | Kendall@80: 0.7783
Epoch 66/150 | Train Loss: 0.0264 | Epoch Time: 0.61s | Spearman@80: 0.9370 | Kendall@80: 0.7967
Epoch 67/150 | Train Loss: 0.0285 | Epoch Time: 0.60s | Spearman@80: 0.9082 | Kendall@80: 0.7625
Epoch 68/150 | Train Loss: 0.0310 | Epoch Time: 0.61s | Spearman@80: 0.9179 | Kendall@80: 0.7762
Epoch 69/150 | Train Loss: 0.0252 | Epoch Time: 0.61s | Spearman@80: 0.9338 | Kendall@80: 0.8060
Epoch 70/150 | Train Loss: 0.0212 | Epoch Time: 0.62s | Spearman@80: 0.9182 | Kendall@80: 0.7749
Epoch 71/150 | Train Loss: 0.0227 | Epoch Time: 0.61s | Spearman@80: 0.9025 | Kendall@80: 0.7565
Epoch 72/150 | Train Loss: 0.0248 | Epoch Time: 0.61s | Spearman@80: 0.9221 | Kendall@80: 0.7859
Epoch 73/150 | Train Loss: 0.0257 | Epoch Time: 0.61s | Spearman@80: 0.9224 | Kendall@80: 0.7813
Epoch 74/150 | Train Loss: 0.0241 | Epoch Time: 0.62s | Spearman@80: 0.8964 | Kendall@80: 0.7441
Epoch 75/150 | Train Loss: 0.0288 | Epoch Time: 0.62s | Spearman@80: 0.9303 | Kendall@80: 0.7978
Epoch 76/150 | Train Loss: 0.0269 | Epoch Time: 0.59s | Spearman@80: 0.9210 | Kendall@80: 0.7878
Epoch 77/150 | Train Loss: 0.0290 | Epoch Time: 0.58s | Spearman@80: 0.8803 | Kendall@80: 0.7282
Epoch 78/150 | Train Loss: 0.0234 | Epoch Time: 0.57s | Spearman@80: 0.9251 | Kendall@80: 0.7872
Epoch 79/150 | Train Loss: 0.0193 | Epoch Time: 0.58s | Spearman@80: 0.9110 | Kendall@80: 0.7673
Epoch 80/150 | Train Loss: 0.0322 | Epoch Time: 0.58s | Spearman@80: 0.9071 | Kendall@80: 0.7737
Epoch 81/150 | Train Loss: 0.0226 | Epoch Time: 0.57s | Spearman@80: 0.9179 | Kendall@80: 0.7807
Epoch 82/150 | Train Loss: 0.0219 | Epoch Time: 0.58s | Spearman@80: 0.9114 | Kendall@80: 0.7686
Epoch 83/150 | Train Loss: 0.0238 | Epoch Time: 0.58s | Spearman@80: 0.9066 | Kendall@80: 0.7694
Epoch 84/150 | Train Loss: 0.0260 | Epoch Time: 0.57s | Spearman@80: 0.9359 | Kendall@80: 0.8010
Epoch 85/150 | Train Loss: 0.0276 | Epoch Time: 0.58s | Spearman@80: 0.9234 | Kendall@80: 0.7902
Epoch 86/150 | Train Loss: 0.0268 | Epoch Time: 0.59s | Spearman@80: 0.8968 | Kendall@80: 0.7610
Epoch 87/150 | Train Loss: 0.0277 | Epoch Time: 0.58s | Spearman@80: 0.9188 | Kendall@80: 0.7800
Epoch 88/150 | Train Loss: 0.0235 | Epoch Time: 0.58s | Spearman@80: 0.8916 | Kendall@80: 0.7445
Epoch 89/150 | Train Loss: 0.0240 | Epoch Time: 0.58s | Spearman@80: 0.9071 | Kendall@80: 0.7718
Epoch 90/150 | Train Loss: 0.0231 | Epoch Time: 0.57s | Spearman@80: 0.9170 | Kendall@80: 0.7813
Epoch 91/150 | Train Loss: 0.0218 | Epoch Time: 0.58s | Spearman@80: 0.9135 | Kendall@80: 0.7737
Epoch 92/150 | Train Loss: 0.0242 | Epoch Time: 0.58s | Spearman@80: 0.9076 | Kendall@80: 0.7673
Epoch 93/150 | Train Loss: 0.0239 | Epoch Time: 0.58s | Spearman@80: 0.9043 | Kendall@80: 0.7724
Epoch 94/150 | Train Loss: 0.0239 | Epoch Time: 0.58s | Spearman@80: 0.9043 | Kendall@80: 0.7764
Epoch 95/150 | Train Loss: 0.0240 | Epoch Time: 0.58s | Spearman@80: 0.9117 | Kendall@80: 0.7819
Epoch 96/150 | Train Loss: 0.0275 | Epoch Time: 0.60s | Spearman@80: 0.9164 | Kendall@80: 0.7883
Epoch 97/150 | Train Loss: 0.0205 | Epoch Time: 0.61s | Spearman@80: 0.9301 | Kendall@80: 0.7940
Epoch 98/150 | Train Loss: 0.0243 | Epoch Time: 0.62s | Spearman@80: 0.9119 | Kendall@80: 0.7819
Epoch 99/150 | Train Loss: 0.0233 | Epoch Time: 0.61s | Spearman@80: 0.9130 | Kendall@80: 0.7737
Epoch 100/150 | Train Loss: 0.0245 | Epoch Time: 0.62s | Spearman@80: 0.9163 | Kendall@80: 0.7834
Epoch 101/150 | Train Loss: 0.0189 | Epoch Time: 0.63s | Spearman@80: 0.9109 | Kendall@80: 0.7794
Epoch 102/150 | Train Loss: 0.0215 | Epoch Time: 0.61s | Spearman@80: 0.9129 | Kendall@80: 0.7787
Epoch 103/150 | Train Loss: 0.0229 | Epoch Time: 0.63s | Spearman@80: 0.9060 | Kendall@80: 0.7675
Epoch 104/150 | Train Loss: 0.0185 | Epoch Time: 0.62s | Spearman@80: 0.9091 | Kendall@80: 0.7743
Epoch 105/150 | Train Loss: 0.0194 | Epoch Time: 0.62s | Spearman@80: 0.9107 | Kendall@80: 0.7732
Epoch 106/150 | Train Loss: 0.0252 | Epoch Time: 0.62s | Spearman@80: 0.9129 | Kendall@80: 0.7800
Epoch 107/150 | Train Loss: 0.0204 | Epoch Time: 0.62s | Spearman@80: 0.9075 | Kendall@80: 0.7781
Epoch 108/150 | Train Loss: 0.0244 | Epoch Time: 0.62s | Spearman@80: 0.9114 | Kendall@80: 0.7739
Epoch 109/150 | Train Loss: 0.0265 | Epoch Time: 0.62s | Spearman@80: 0.9071 | Kendall@80: 0.7749
Epoch 110/150 | Train Loss: 0.0234 | Epoch Time: 0.61s | Spearman@80: 0.9028 | Kendall@80: 0.7686
Epoch 111/150 | Train Loss: 0.0196 | Epoch Time: 0.62s | Spearman@80: 0.9113 | Kendall@80: 0.7819
Epoch 112/150 | Train Loss: 0.0211 | Epoch Time: 0.61s | Spearman@80: 0.9122 | Kendall@80: 0.7826
Epoch 113/150 | Train Loss: 0.0182 | Epoch Time: 0.62s | Spearman@80: 0.9109 | Kendall@80: 0.7783
Epoch 114/150 | Train Loss: 0.0255 | Epoch Time: 0.63s | Spearman@80: 0.9127 | Kendall@80: 0.7800
Epoch 115/150 | Train Loss: 0.0208 | Epoch Time: 0.64s | Spearman@80: 0.9075 | Kendall@80: 0.7699
Epoch 116/150 | Train Loss: 0.0187 | Epoch Time: 0.63s | Spearman@80: 0.9066 | Kendall@80: 0.7764
Epoch 117/150 | Train Loss: 0.0195 | Epoch Time: 0.62s | Spearman@80: 0.9031 | Kendall@80: 0.7654
Epoch 118/150 | Train Loss: 0.0217 | Epoch Time: 0.63s | Spearman@80: 0.9093 | Kendall@80: 0.7739
Epoch 119/150 | Train Loss: 0.0178 | Epoch Time: 0.62s | Spearman@80: 0.9133 | Kendall@80: 0.7834
Epoch 120/150 | Train Loss: 0.0234 | Epoch Time: 0.61s | Spearman@80: 0.9065 | Kendall@80: 0.7807
Epoch 121/150 | Train Loss: 0.0204 | Epoch Time: 0.62s | Spearman@80: 0.9029 | Kendall@80: 0.7749
Epoch 122/150 | Train Loss: 0.0224 | Epoch Time: 0.61s | Spearman@80: 0.9103 | Kendall@80: 0.7819
Epoch 123/150 | Train Loss: 0.0190 | Epoch Time: 0.62s | Spearman@80: 0.9068 | Kendall@80: 0.7783
Epoch 124/150 | Train Loss: 0.0179 | Epoch Time: 0.62s | Spearman@80: 0.9107 | Kendall@80: 0.7832
Epoch 125/150 | Train Loss: 0.0229 | Epoch Time: 0.62s | Spearman@80: 0.9083 | Kendall@80: 0.7770
Epoch 126/150 | Train Loss: 0.0183 | Epoch Time: 0.62s | Spearman@80: 0.9078 | Kendall@80: 0.7787
Epoch 127/150 | Train Loss: 0.0198 | Epoch Time: 0.61s | Spearman@80: 0.9015 | Kendall@80: 0.7705
Epoch 128/150 | Train Loss: 0.0196 | Epoch Time: 0.61s | Spearman@80: 0.9120 | Kendall@80: 0.7851
Epoch 129/150 | Train Loss: 0.0238 | Epoch Time: 0.61s | Spearman@80: 0.9105 | Kendall@80: 0.7826
Epoch 130/150 | Train Loss: 0.0194 | Epoch Time: 0.60s | Spearman@80: 0.9053 | Kendall@80: 0.7745
Epoch 131/150 | Train Loss: 0.0175 | Epoch Time: 0.60s | Spearman@80: 0.9030 | Kendall@80: 0.7724
Epoch 132/150 | Train Loss: 0.0207 | Epoch Time: 0.60s | Spearman@80: 0.9024 | Kendall@80: 0.7705
Epoch 133/150 | Train Loss: 0.0246 | Epoch Time: 0.61s | Spearman@80: 0.9105 | Kendall@80: 0.7768
Epoch 134/150 | Train Loss: 0.0251 | Epoch Time: 0.61s | Spearman@80: 0.9118 | Kendall@80: 0.7819
Epoch 135/150 | Train Loss: 0.0164 | Epoch Time: 0.60s | Spearman@80: 0.9046 | Kendall@80: 0.7711
Epoch 136/150 | Train Loss: 0.0225 | Epoch Time: 0.60s | Spearman@80: 0.9100 | Kendall@80: 0.7768
Epoch 137/150 | Train Loss: 0.0207 | Epoch Time: 0.61s | Spearman@80: 0.9065 | Kendall@80: 0.7711
Epoch 138/150 | Train Loss: 0.0220 | Epoch Time: 0.61s | Spearman@80: 0.9025 | Kendall@80: 0.7694
Epoch 139/150 | Train Loss: 0.0185 | Epoch Time: 0.61s | Spearman@80: 0.9067 | Kendall@80: 0.7730
Epoch 140/150 | Train Loss: 0.0185 | Epoch Time: 0.61s | Spearman@80: 0.9071 | Kendall@80: 0.7743
Epoch 141/150 | Train Loss: 0.0208 | Epoch Time: 0.60s | Spearman@80: 0.9037 | Kendall@80: 0.7692
Epoch 142/150 | Train Loss: 0.0238 | Epoch Time: 0.60s | Spearman@80: 0.9059 | Kendall@80: 0.7749
Epoch 143/150 | Train Loss: 0.0191 | Epoch Time: 0.60s | Spearman@80: 0.9063 | Kendall@80: 0.7768
Epoch 144/150 | Train Loss: 0.0195 | Epoch Time: 0.61s | Spearman@80: 0.9055 | Kendall@80: 0.7749
Epoch 145/150 | Train Loss: 0.0164 | Epoch Time: 0.61s | Spearman@80: 0.9090 | Kendall@80: 0.7770
Epoch 146/150 | Train Loss: 0.0269 | Epoch Time: 0.61s | Spearman@80: 0.9116 | Kendall@80: 0.7794
Epoch 147/150 | Train Loss: 0.0179 | Epoch Time: 1.95s | Spearman@15496: 0.9197 | Kendall@15496: 0.7726
Epoch 148/150 | Train Loss: 0.0220 | Epoch Time: 1.67s | Spearman@15496: 0.9176 | Kendall@15496: 0.7685
Epoch 149/150 | Train Loss: 0.0167 | Epoch Time: 1.66s | Spearman@15496: 0.9194 | Kendall@15496: 0.7720
Epoch 150/150 | Train Loss: 0.0184 | Epoch Time: 1.67s | Spearman@15496: 0.9181 | Kendall@15496: 0.7695
Sample Count: 128, Spearman: 0.9186930098061253, Kendall: 0.7706321999070908
{64: (0.9446025329841687, 0.8083232645261226),
 128: (0.9186930098061253, 0.7706321999070908)}
Epoch 1/150 | Train Loss: 0.0946 | Epoch Time: 0.27s | Spearman@80: 0.4219 | Kendall@80: 0.2903
Epoch 2/150 | Train Loss: 0.0710 | Epoch Time: 0.26s | Spearman@80: 0.5443 | Kendall@80: 0.3904
Epoch 3/150 | Train Loss: 0.0532 | Epoch Time: 0.26s | Spearman@80: 0.8036 | Kendall@80: 0.6160
Epoch 4/150 | Train Loss: 0.0543 | Epoch Time: 0.27s | Spearman@80: 0.8349 | Kendall@80: 0.6508
Epoch 5/150 | Train Loss: 0.0372 | Epoch Time: 0.30s | Spearman@80: 0.8203 | Kendall@80: 0.6401
Epoch 6/150 | Train Loss: 0.0348 | Epoch Time: 0.30s | Spearman@80: 0.7912 | Kendall@80: 0.5995
Epoch 7/150 | Train Loss: 0.0288 | Epoch Time: 0.30s | Spearman@80: 0.8460 | Kendall@80: 0.6899
Epoch 8/150 | Train Loss: 0.0330 | Epoch Time: 0.30s | Spearman@80: 0.8192 | Kendall@80: 0.6563
Epoch 9/150 | Train Loss: 0.0247 | Epoch Time: 0.30s | Spearman@80: 0.7482 | Kendall@80: 0.5545
Epoch 10/150 | Train Loss: 0.0247 | Epoch Time: 0.30s | Spearman@80: 0.8494 | Kendall@80: 0.6872
Epoch 11/150 | Train Loss: 0.0361 | Epoch Time: 0.30s | Spearman@80: 0.8661 | Kendall@80: 0.7055
Epoch 12/150 | Train Loss: 0.0276 | Epoch Time: 0.30s | Spearman@80: 0.8134 | Kendall@80: 0.6572
Epoch 13/150 | Train Loss: 0.0261 | Epoch Time: 0.30s | Spearman@80: 0.8293 | Kendall@80: 0.6724
Epoch 14/150 | Train Loss: 0.0384 | Epoch Time: 0.30s | Spearman@80: 0.8275 | Kendall@80: 0.6713
Epoch 15/150 | Train Loss: 0.0239 | Epoch Time: 0.30s | Spearman@80: 0.8503 | Kendall@80: 0.7005
Epoch 16/150 | Train Loss: 0.0254 | Epoch Time: 0.30s | Spearman@80: 0.8366 | Kendall@80: 0.6846
Epoch 17/150 | Train Loss: 0.0203 | Epoch Time: 0.30s | Spearman@80: 0.8311 | Kendall@80: 0.6633
Epoch 18/150 | Train Loss: 0.0272 | Epoch Time: 0.30s | Spearman@80: 0.8489 | Kendall@80: 0.6986
Epoch 19/150 | Train Loss: 0.0266 | Epoch Time: 0.30s | Spearman@80: 0.8382 | Kendall@80: 0.6840
Epoch 20/150 | Train Loss: 0.0284 | Epoch Time: 0.30s | Spearman@80: 0.8434 | Kendall@80: 0.6920
Epoch 21/150 | Train Loss: 0.0398 | Epoch Time: 0.30s | Spearman@80: 0.8448 | Kendall@80: 0.6948
Epoch 22/150 | Train Loss: 0.0265 | Epoch Time: 0.30s | Spearman@80: 0.8436 | Kendall@80: 0.6857
Epoch 23/150 | Train Loss: 0.0222 | Epoch Time: 0.30s | Spearman@80: 0.8384 | Kendall@80: 0.6825
Epoch 24/150 | Train Loss: 0.0290 | Epoch Time: 0.30s | Spearman@80: 0.8589 | Kendall@80: 0.6935
Epoch 25/150 | Train Loss: 0.0231 | Epoch Time: 0.30s | Spearman@80: 0.8836 | Kendall@80: 0.7294
Epoch 26/150 | Train Loss: 0.0254 | Epoch Time: 0.30s | Spearman@80: 0.8550 | Kendall@80: 0.6907
Epoch 27/150 | Train Loss: 0.0273 | Epoch Time: 0.30s | Spearman@80: 0.8463 | Kendall@80: 0.6914
Epoch 28/150 | Train Loss: 0.0232 | Epoch Time: 0.30s | Spearman@80: 0.8448 | Kendall@80: 0.6802
Epoch 29/150 | Train Loss: 0.0219 | Epoch Time: 0.30s | Spearman@80: 0.8782 | Kendall@80: 0.7370
Epoch 30/150 | Train Loss: 0.0245 | Epoch Time: 0.30s | Spearman@80: 0.8468 | Kendall@80: 0.6878
Epoch 31/150 | Train Loss: 0.0275 | Epoch Time: 0.30s | Spearman@80: 0.8409 | Kendall@80: 0.6745
Epoch 32/150 | Train Loss: 0.0177 | Epoch Time: 0.30s | Spearman@80: 0.8820 | Kendall@80: 0.7300
Epoch 33/150 | Train Loss: 0.0311 | Epoch Time: 0.30s | Spearman@80: 0.8712 | Kendall@80: 0.7237
Epoch 34/150 | Train Loss: 0.0194 | Epoch Time: 0.30s | Spearman@80: 0.8835 | Kendall@80: 0.7402
Epoch 35/150 | Train Loss: 0.0196 | Epoch Time: 0.30s | Spearman@80: 0.8905 | Kendall@80: 0.7484
Epoch 36/150 | Train Loss: 0.0222 | Epoch Time: 0.30s | Spearman@80: 0.8858 | Kendall@80: 0.7503
Epoch 37/150 | Train Loss: 0.0209 | Epoch Time: 0.30s | Spearman@80: 0.8558 | Kendall@80: 0.6872
Epoch 38/150 | Train Loss: 0.0314 | Epoch Time: 0.30s | Spearman@80: 0.8782 | Kendall@80: 0.7315
Epoch 39/150 | Train Loss: 0.0220 | Epoch Time: 0.30s | Spearman@80: 0.8728 | Kendall@80: 0.7193
Epoch 40/150 | Train Loss: 0.0211 | Epoch Time: 0.30s | Spearman@80: 0.8802 | Kendall@80: 0.7294
Epoch 41/150 | Train Loss: 0.0186 | Epoch Time: 0.30s | Spearman@80: 0.8801 | Kendall@80: 0.7383
Epoch 42/150 | Train Loss: 0.0166 | Epoch Time: 0.30s | Spearman@80: 0.8751 | Kendall@80: 0.7328
Epoch 43/150 | Train Loss: 0.0188 | Epoch Time: 0.30s | Spearman@80: 0.8633 | Kendall@80: 0.7053
Epoch 44/150 | Train Loss: 0.0159 | Epoch Time: 0.30s | Spearman@80: 0.8590 | Kendall@80: 0.7011
Epoch 45/150 | Train Loss: 0.0164 | Epoch Time: 0.30s | Spearman@80: 0.8682 | Kendall@80: 0.7098
Epoch 46/150 | Train Loss: 0.0176 | Epoch Time: 0.30s | Spearman@80: 0.8843 | Kendall@80: 0.7317
Epoch 47/150 | Train Loss: 0.0172 | Epoch Time: 0.30s | Spearman@80: 0.8725 | Kendall@80: 0.7220
Epoch 48/150 | Train Loss: 0.0276 | Epoch Time: 0.30s | Spearman@80: 0.8525 | Kendall@80: 0.6872
Epoch 49/150 | Train Loss: 0.0263 | Epoch Time: 0.30s | Spearman@80: 0.8759 | Kendall@80: 0.7264
Epoch 50/150 | Train Loss: 0.0232 | Epoch Time: 0.30s | Spearman@80: 0.8906 | Kendall@80: 0.7454
Epoch 51/150 | Train Loss: 0.0237 | Epoch Time: 0.30s | Spearman@80: 0.8687 | Kendall@80: 0.7180
Epoch 52/150 | Train Loss: 0.0240 | Epoch Time: 0.30s | Spearman@80: 0.8850 | Kendall@80: 0.7408
Epoch 53/150 | Train Loss: 0.0311 | Epoch Time: 0.30s | Spearman@80: 0.8811 | Kendall@80: 0.7376
Epoch 54/150 | Train Loss: 0.0288 | Epoch Time: 0.30s | Spearman@80: 0.8502 | Kendall@80: 0.6853
Epoch 55/150 | Train Loss: 0.0287 | Epoch Time: 0.30s | Spearman@80: 0.8882 | Kendall@80: 0.7431
Epoch 56/150 | Train Loss: 0.0154 | Epoch Time: 0.30s | Spearman@80: 0.8665 | Kendall@80: 0.7142
Epoch 57/150 | Train Loss: 0.0221 | Epoch Time: 0.30s | Spearman@80: 0.8654 | Kendall@80: 0.7176
Epoch 58/150 | Train Loss: 0.0155 | Epoch Time: 0.30s | Spearman@80: 0.8893 | Kendall@80: 0.7433
Epoch 59/150 | Train Loss: 0.0189 | Epoch Time: 0.30s | Spearman@80: 0.8954 | Kendall@80: 0.7491
Epoch 60/150 | Train Loss: 0.0223 | Epoch Time: 0.30s | Spearman@80: 0.8890 | Kendall@80: 0.7459
Epoch 61/150 | Train Loss: 0.0186 | Epoch Time: 0.30s | Spearman@80: 0.8706 | Kendall@80: 0.7167
Epoch 62/150 | Train Loss: 0.0113 | Epoch Time: 0.30s | Spearman@80: 0.8670 | Kendall@80: 0.7180
Epoch 63/150 | Train Loss: 0.0203 | Epoch Time: 0.30s | Spearman@80: 0.8595 | Kendall@80: 0.7003
Epoch 64/150 | Train Loss: 0.0206 | Epoch Time: 0.30s | Spearman@80: 0.8576 | Kendall@80: 0.7081
Epoch 65/150 | Train Loss: 0.0197 | Epoch Time: 0.30s | Spearman@80: 0.8727 | Kendall@80: 0.7199
Epoch 66/150 | Train Loss: 0.0191 | Epoch Time: 0.30s | Spearman@80: 0.8600 | Kendall@80: 0.7030
Epoch 67/150 | Train Loss: 0.0178 | Epoch Time: 0.30s | Spearman@80: 0.8741 | Kendall@80: 0.7235
Epoch 68/150 | Train Loss: 0.0123 | Epoch Time: 0.30s | Spearman@80: 0.8685 | Kendall@80: 0.7224
Epoch 69/150 | Train Loss: 0.0260 | Epoch Time: 0.30s | Spearman@80: 0.8530 | Kendall@80: 0.6920
Epoch 70/150 | Train Loss: 0.0169 | Epoch Time: 0.30s | Spearman@80: 0.8779 | Kendall@80: 0.7313
Epoch 71/150 | Train Loss: 0.0199 | Epoch Time: 0.30s | Spearman@80: 0.8990 | Kendall@80: 0.7607
Epoch 72/150 | Train Loss: 0.0157 | Epoch Time: 0.30s | Spearman@80: 0.8943 | Kendall@80: 0.7471
Epoch 73/150 | Train Loss: 0.0197 | Epoch Time: 0.30s | Spearman@80: 0.8860 | Kendall@80: 0.7357
Epoch 74/150 | Train Loss: 0.0172 | Epoch Time: 0.30s | Spearman@80: 0.8913 | Kendall@80: 0.7456
Epoch 75/150 | Train Loss: 0.0201 | Epoch Time: 0.30s | Spearman@80: 0.8931 | Kendall@80: 0.7505
Epoch 76/150 | Train Loss: 0.0185 | Epoch Time: 0.30s | Spearman@80: 0.8922 | Kendall@80: 0.7530
Epoch 77/150 | Train Loss: 0.0129 | Epoch Time: 0.30s | Spearman@80: 0.8869 | Kendall@80: 0.7446
Epoch 78/150 | Train Loss: 0.0225 | Epoch Time: 0.30s | Spearman@80: 0.8866 | Kendall@80: 0.7440
Epoch 79/150 | Train Loss: 0.0185 | Epoch Time: 0.30s | Spearman@80: 0.8922 | Kendall@80: 0.7480
Epoch 80/150 | Train Loss: 0.0158 | Epoch Time: 0.30s | Spearman@80: 0.8825 | Kendall@80: 0.7328
Epoch 81/150 | Train Loss: 0.0175 | Epoch Time: 0.30s | Spearman@80: 0.8838 | Kendall@80: 0.7378
Epoch 82/150 | Train Loss: 0.0180 | Epoch Time: 0.30s | Spearman@80: 0.8826 | Kendall@80: 0.7416
Epoch 83/150 | Train Loss: 0.0117 | Epoch Time: 0.30s | Spearman@80: 0.8853 | Kendall@80: 0.7429
Epoch 84/150 | Train Loss: 0.0143 | Epoch Time: 0.30s | Spearman@80: 0.8858 | Kendall@80: 0.7452
Epoch 85/150 | Train Loss: 0.0156 | Epoch Time: 0.30s | Spearman@80: 0.8886 | Kendall@80: 0.7414
Epoch 86/150 | Train Loss: 0.0149 | Epoch Time: 0.30s | Spearman@80: 0.8922 | Kendall@80: 0.7543
Epoch 87/150 | Train Loss: 0.0105 | Epoch Time: 0.30s | Spearman@80: 0.8937 | Kendall@80: 0.7550
Epoch 88/150 | Train Loss: 0.0188 | Epoch Time: 0.30s | Spearman@80: 0.9018 | Kendall@80: 0.7668
Epoch 89/150 | Train Loss: 0.0184 | Epoch Time: 0.30s | Spearman@80: 0.8993 | Kendall@80: 0.7567
Epoch 90/150 | Train Loss: 0.0181 | Epoch Time: 0.30s | Spearman@80: 0.8945 | Kendall@80: 0.7486
Epoch 91/150 | Train Loss: 0.0191 | Epoch Time: 0.30s | Spearman@80: 0.8854 | Kendall@80: 0.7376
Epoch 92/150 | Train Loss: 0.0155 | Epoch Time: 0.30s | Spearman@80: 0.8754 | Kendall@80: 0.7290
Epoch 93/150 | Train Loss: 0.0118 | Epoch Time: 0.30s | Spearman@80: 0.8875 | Kendall@80: 0.7427
Epoch 94/150 | Train Loss: 0.0116 | Epoch Time: 0.30s | Spearman@80: 0.8927 | Kendall@80: 0.7530
Epoch 95/150 | Train Loss: 0.0171 | Epoch Time: 0.30s | Spearman@80: 0.8896 | Kendall@80: 0.7452
Epoch 96/150 | Train Loss: 0.0115 | Epoch Time: 0.30s | Spearman@80: 0.8948 | Kendall@80: 0.7520
Epoch 97/150 | Train Loss: 0.0183 | Epoch Time: 0.30s | Spearman@80: 0.8875 | Kendall@80: 0.7366
Epoch 98/150 | Train Loss: 0.0104 | Epoch Time: 0.30s | Spearman@80: 0.8825 | Kendall@80: 0.7341
Epoch 99/150 | Train Loss: 0.0140 | Epoch Time: 0.30s | Spearman@80: 0.8845 | Kendall@80: 0.7408
Epoch 100/150 | Train Loss: 0.0188 | Epoch Time: 0.30s | Spearman@80: 0.8811 | Kendall@80: 0.7366
Epoch 101/150 | Train Loss: 0.0126 | Epoch Time: 0.30s | Spearman@80: 0.8779 | Kendall@80: 0.7296
Epoch 102/150 | Train Loss: 0.0113 | Epoch Time: 0.30s | Spearman@80: 0.8798 | Kendall@80: 0.7258
Epoch 103/150 | Train Loss: 0.0118 | Epoch Time: 0.30s | Spearman@80: 0.8732 | Kendall@80: 0.7260
Epoch 104/150 | Train Loss: 0.0139 | Epoch Time: 0.30s | Spearman@80: 0.8768 | Kendall@80: 0.7250
Epoch 105/150 | Train Loss: 0.0174 | Epoch Time: 0.30s | Spearman@80: 0.8690 | Kendall@80: 0.7163
Epoch 106/150 | Train Loss: 0.0133 | Epoch Time: 0.30s | Spearman@80: 0.8737 | Kendall@80: 0.7275
Epoch 107/150 | Train Loss: 0.0130 | Epoch Time: 0.30s | Spearman@80: 0.8811 | Kendall@80: 0.7345
Epoch 108/150 | Train Loss: 0.0181 | Epoch Time: 0.30s | Spearman@80: 0.8809 | Kendall@80: 0.7383
Epoch 109/150 | Train Loss: 0.0181 | Epoch Time: 0.30s | Spearman@80: 0.8816 | Kendall@80: 0.7397
Epoch 110/150 | Train Loss: 0.0194 | Epoch Time: 0.30s | Spearman@80: 0.8815 | Kendall@80: 0.7364
Epoch 111/150 | Train Loss: 0.0086 | Epoch Time: 0.30s | Spearman@80: 0.8845 | Kendall@80: 0.7357
Epoch 112/150 | Train Loss: 0.0135 | Epoch Time: 0.30s | Spearman@80: 0.8711 | Kendall@80: 0.7252
Epoch 113/150 | Train Loss: 0.0132 | Epoch Time: 0.30s | Spearman@80: 0.8723 | Kendall@80: 0.7199
Epoch 114/150 | Train Loss: 0.0081 | Epoch Time: 0.30s | Spearman@80: 0.8680 | Kendall@80: 0.7178
Epoch 115/150 | Train Loss: 0.0174 | Epoch Time: 0.30s | Spearman@80: 0.8669 | Kendall@80: 0.7148
Epoch 116/150 | Train Loss: 0.0099 | Epoch Time: 0.30s | Spearman@80: 0.8717 | Kendall@80: 0.7245
Epoch 117/150 | Train Loss: 0.0087 | Epoch Time: 0.30s | Spearman@80: 0.8717 | Kendall@80: 0.7201
Epoch 118/150 | Train Loss: 0.0144 | Epoch Time: 0.30s | Spearman@80: 0.8785 | Kendall@80: 0.7319
Epoch 119/150 | Train Loss: 0.0103 | Epoch Time: 0.30s | Spearman@80: 0.8794 | Kendall@80: 0.7319
Epoch 120/150 | Train Loss: 0.0076 | Epoch Time: 0.30s | Spearman@80: 0.8786 | Kendall@80: 0.7321
Epoch 121/150 | Train Loss: 0.0098 | Epoch Time: 0.30s | Spearman@80: 0.8782 | Kendall@80: 0.7296
Epoch 122/150 | Train Loss: 0.0116 | Epoch Time: 0.30s | Spearman@80: 0.8809 | Kendall@80: 0.7364
Epoch 123/150 | Train Loss: 0.0142 | Epoch Time: 0.30s | Spearman@80: 0.8821 | Kendall@80: 0.7374
Epoch 124/150 | Train Loss: 0.0128 | Epoch Time: 0.30s | Spearman@80: 0.8823 | Kendall@80: 0.7340
Epoch 125/150 | Train Loss: 0.0147 | Epoch Time: 0.30s | Spearman@80: 0.8820 | Kendall@80: 0.7345
Epoch 126/150 | Train Loss: 0.0090 | Epoch Time: 0.30s | Spearman@80: 0.8791 | Kendall@80: 0.7315
Epoch 127/150 | Train Loss: 0.0090 | Epoch Time: 0.30s | Spearman@80: 0.8855 | Kendall@80: 0.7385
Epoch 128/150 | Train Loss: 0.0088 | Epoch Time: 0.30s | Spearman@80: 0.8855 | Kendall@80: 0.7385
Epoch 129/150 | Train Loss: 0.0058 | Epoch Time: 0.30s | Spearman@80: 0.8821 | Kendall@80: 0.7307
Epoch 130/150 | Train Loss: 0.0161 | Epoch Time: 0.30s | Spearman@80: 0.8815 | Kendall@80: 0.7315
Epoch 131/150 | Train Loss: 0.0119 | Epoch Time: 0.30s | Spearman@80: 0.8806 | Kendall@80: 0.7300
Epoch 132/150 | Train Loss: 0.0083 | Epoch Time: 0.30s | Spearman@80: 0.8775 | Kendall@80: 0.7243
Epoch 133/150 | Train Loss: 0.0136 | Epoch Time: 0.30s | Spearman@80: 0.8829 | Kendall@80: 0.7334
Epoch 134/150 | Train Loss: 0.0070 | Epoch Time: 0.30s | Spearman@80: 0.8743 | Kendall@80: 0.7222
Epoch 135/150 | Train Loss: 0.0145 | Epoch Time: 0.30s | Spearman@80: 0.8764 | Kendall@80: 0.7237
Epoch 136/150 | Train Loss: 0.0093 | Epoch Time: 0.30s | Spearman@80: 0.8751 | Kendall@80: 0.7237
Epoch 137/150 | Train Loss: 0.0091 | Epoch Time: 0.30s | Spearman@80: 0.8774 | Kendall@80: 0.7262
Epoch 138/150 | Train Loss: 0.0071 | Epoch Time: 0.30s | Spearman@80: 0.8776 | Kendall@80: 0.7250
Epoch 139/150 | Train Loss: 0.0094 | Epoch Time: 0.30s | Spearman@80: 0.8750 | Kendall@80: 0.7220
Epoch 140/150 | Train Loss: 0.0127 | Epoch Time: 0.30s | Spearman@80: 0.8792 | Kendall@80: 0.7296
Epoch 141/150 | Train Loss: 0.0077 | Epoch Time: 0.30s | Spearman@80: 0.8756 | Kendall@80: 0.7214
Epoch 142/150 | Train Loss: 0.0084 | Epoch Time: 0.30s | Spearman@80: 0.8831 | Kendall@80: 0.7353
Epoch 143/150 | Train Loss: 0.0049 | Epoch Time: 0.30s | Spearman@80: 0.8763 | Kendall@80: 0.7233
Epoch 144/150 | Train Loss: 0.0084 | Epoch Time: 0.30s | Spearman@80: 0.8828 | Kendall@80: 0.7338
Epoch 145/150 | Train Loss: 0.0081 | Epoch Time: 0.30s | Spearman@80: 0.8786 | Kendall@80: 0.7269
Epoch 146/150 | Train Loss: 0.0111 | Epoch Time: 0.30s | Spearman@80: 0.8796 | Kendall@80: 0.7292
Epoch 147/150 | Train Loss: 0.0107 | Epoch Time: 1.61s | Spearman@15560: 0.9116 | Kendall@15560: 0.7682
Epoch 148/150 | Train Loss: 0.0073 | Epoch Time: 1.37s | Spearman@15560: 0.9091 | Kendall@15560: 0.7640
Epoch 149/150 | Train Loss: 0.0136 | Epoch Time: 1.37s | Spearman@15560: 0.9086 | Kendall@15560: 0.7638
Epoch 150/150 | Train Loss: 0.0133 | Epoch Time: 1.38s | Spearman@15560: 0.9092 | Kendall@15560: 0.7666
Sample Count: 64, Spearman: 0.9096145103196542, Kendall: 0.765643640146528
{64: (0.9096145103196542, 0.765643640146528),
 128: (0.9186930098061253, 0.7706321999070908)}
Epoch 1/150 | Train Loss: 0.0900 | Epoch Time: 0.54s | Spearman@80: 0.4882 | Kendall@80: 0.3431
Epoch 2/150 | Train Loss: 0.0560 | Epoch Time: 0.54s | Spearman@80: 0.5874 | Kendall@80: 0.4018
Epoch 3/150 | Train Loss: 0.0466 | Epoch Time: 0.60s | Spearman@80: 0.8990 | Kendall@80: 0.7421
Epoch 4/150 | Train Loss: 0.0393 | Epoch Time: 0.61s | Spearman@80: 0.9065 | Kendall@80: 0.7385
Epoch 5/150 | Train Loss: 0.0368 | Epoch Time: 0.63s | Spearman@80: 0.8502 | Kendall@80: 0.6686
Epoch 6/150 | Train Loss: 0.0417 | Epoch Time: 0.61s | Spearman@80: 0.9252 | Kendall@80: 0.7778
Epoch 7/150 | Train Loss: 0.0317 | Epoch Time: 0.61s | Spearman@80: 0.9040 | Kendall@80: 0.7246
Epoch 8/150 | Train Loss: 0.0375 | Epoch Time: 0.62s | Spearman@80: 0.8876 | Kendall@80: 0.7155
Epoch 9/150 | Train Loss: 0.0351 | Epoch Time: 0.64s | Spearman@80: 0.8987 | Kendall@80: 0.7326
Epoch 10/150 | Train Loss: 0.0287 | Epoch Time: 0.62s | Spearman@80: 0.9099 | Kendall@80: 0.7502
Epoch 11/150 | Train Loss: 0.0349 | Epoch Time: 0.62s | Spearman@80: 0.9186 | Kendall@80: 0.7633
Epoch 12/150 | Train Loss: 0.0329 | Epoch Time: 0.62s | Spearman@80: 0.9195 | Kendall@80: 0.7639
Epoch 13/150 | Train Loss: 0.0300 | Epoch Time: 0.64s | Spearman@80: 0.9184 | Kendall@80: 0.7705
Epoch 14/150 | Train Loss: 0.0265 | Epoch Time: 0.63s | Spearman@80: 0.8813 | Kendall@80: 0.7127
Epoch 15/150 | Train Loss: 0.0333 | Epoch Time: 0.62s | Spearman@80: 0.9168 | Kendall@80: 0.7647
Epoch 16/150 | Train Loss: 0.0353 | Epoch Time: 0.63s | Spearman@80: 0.9335 | Kendall@80: 0.7831
Epoch 17/150 | Train Loss: 0.0336 | Epoch Time: 0.62s | Spearman@80: 0.9273 | Kendall@80: 0.7764
Epoch 18/150 | Train Loss: 0.0304 | Epoch Time: 0.61s | Spearman@80: 0.9174 | Kendall@80: 0.7556
Epoch 19/150 | Train Loss: 0.0301 | Epoch Time: 0.62s | Spearman@80: 0.8443 | Kendall@80: 0.6734
Epoch 20/150 | Train Loss: 0.0328 | Epoch Time: 0.63s | Spearman@80: 0.9214 | Kendall@80: 0.7637
Epoch 21/150 | Train Loss: 0.0343 | Epoch Time: 0.63s | Spearman@80: 0.9062 | Kendall@80: 0.7449
Epoch 22/150 | Train Loss: 0.0338 | Epoch Time: 0.63s | Spearman@80: 0.9290 | Kendall@80: 0.7831
Epoch 23/150 | Train Loss: 0.0293 | Epoch Time: 0.62s | Spearman@80: 0.9249 | Kendall@80: 0.7749
Epoch 24/150 | Train Loss: 0.0275 | Epoch Time: 0.63s | Spearman@80: 0.9262 | Kendall@80: 0.7757
Epoch 25/150 | Train Loss: 0.0353 | Epoch Time: 0.62s | Spearman@80: 0.8978 | Kendall@80: 0.7387
Epoch 26/150 | Train Loss: 0.0291 | Epoch Time: 0.62s | Spearman@80: 0.9289 | Kendall@80: 0.7867
Epoch 27/150 | Train Loss: 0.0344 | Epoch Time: 0.61s | Spearman@80: 0.9200 | Kendall@80: 0.7749
Epoch 28/150 | Train Loss: 0.0309 | Epoch Time: 0.62s | Spearman@80: 0.9216 | Kendall@80: 0.7743
Epoch 29/150 | Train Loss: 0.0295 | Epoch Time: 0.62s | Spearman@80: 0.9258 | Kendall@80: 0.7848
Epoch 30/150 | Train Loss: 0.0270 | Epoch Time: 0.64s | Spearman@80: 0.9371 | Kendall@80: 0.7984
Epoch 31/150 | Train Loss: 0.0257 | Epoch Time: 0.63s | Spearman@80: 0.9126 | Kendall@80: 0.7519
Epoch 32/150 | Train Loss: 0.0304 | Epoch Time: 0.62s | Spearman@80: 0.9241 | Kendall@80: 0.7774
Epoch 33/150 | Train Loss: 0.0249 | Epoch Time: 0.61s | Spearman@80: 0.9174 | Kendall@80: 0.7639
Epoch 34/150 | Train Loss: 0.0247 | Epoch Time: 0.62s | Spearman@80: 0.9102 | Kendall@80: 0.7542
Epoch 35/150 | Train Loss: 0.0278 | Epoch Time: 0.61s | Spearman@80: 0.9253 | Kendall@80: 0.7749
Epoch 36/150 | Train Loss: 0.0264 | Epoch Time: 0.61s | Spearman@80: 0.9128 | Kendall@80: 0.7576
Epoch 37/150 | Train Loss: 0.0300 | Epoch Time: 0.61s | Spearman@80: 0.9246 | Kendall@80: 0.7708
Epoch 38/150 | Train Loss: 0.0251 | Epoch Time: 0.61s | Spearman@80: 0.9333 | Kendall@80: 0.7895
Epoch 39/150 | Train Loss: 0.0285 | Epoch Time: 0.61s | Spearman@80: 0.9210 | Kendall@80: 0.7709
Epoch 40/150 | Train Loss: 0.0320 | Epoch Time: 0.61s | Spearman@80: 0.9302 | Kendall@80: 0.7768
Epoch 41/150 | Train Loss: 0.0327 | Epoch Time: 0.61s | Spearman@80: 0.9225 | Kendall@80: 0.7624
Epoch 42/150 | Train Loss: 0.0285 | Epoch Time: 0.61s | Spearman@80: 0.9245 | Kendall@80: 0.7759
Epoch 43/150 | Train Loss: 0.0239 | Epoch Time: 0.61s | Spearman@80: 0.9363 | Kendall@80: 0.7906
Epoch 44/150 | Train Loss: 0.0288 | Epoch Time: 0.61s | Spearman@80: 0.9311 | Kendall@80: 0.7931
Epoch 45/150 | Train Loss: 0.0244 | Epoch Time: 0.61s | Spearman@80: 0.9321 | Kendall@80: 0.7907
Epoch 46/150 | Train Loss: 0.0263 | Epoch Time: 0.61s | Spearman@80: 0.9339 | Kendall@80: 0.7926
Epoch 47/150 | Train Loss: 0.0214 | Epoch Time: 0.61s | Spearman@80: 0.9435 | Kendall@80: 0.8096
Epoch 48/150 | Train Loss: 0.0231 | Epoch Time: 0.61s | Spearman@80: 0.9260 | Kendall@80: 0.7785
Epoch 49/150 | Train Loss: 0.0271 | Epoch Time: 0.61s | Spearman@80: 0.9328 | Kendall@80: 0.7912
Epoch 50/150 | Train Loss: 0.0211 | Epoch Time: 0.61s | Spearman@80: 0.9217 | Kendall@80: 0.7677
Epoch 51/150 | Train Loss: 0.0257 | Epoch Time: 0.61s | Spearman@80: 0.9243 | Kendall@80: 0.7762
Epoch 52/150 | Train Loss: 0.0184 | Epoch Time: 0.61s | Spearman@80: 0.9229 | Kendall@80: 0.7719
Epoch 53/150 | Train Loss: 0.0241 | Epoch Time: 0.61s | Spearman@80: 0.9204 | Kendall@80: 0.7692
Epoch 54/150 | Train Loss: 0.0241 | Epoch Time: 0.62s | Spearman@80: 0.9148 | Kendall@80: 0.7654
Epoch 55/150 | Train Loss: 0.0260 | Epoch Time: 0.61s | Spearman@80: 0.9349 | Kendall@80: 0.7882
Epoch 56/150 | Train Loss: 0.0287 | Epoch Time: 0.61s | Spearman@80: 0.9227 | Kendall@80: 0.7734
Epoch 57/150 | Train Loss: 0.0250 | Epoch Time: 0.61s | Spearman@80: 0.9179 | Kendall@80: 0.7713
Epoch 58/150 | Train Loss: 0.0262 | Epoch Time: 0.60s | Spearman@80: 0.8754 | Kendall@80: 0.7055
Epoch 59/150 | Train Loss: 0.0286 | Epoch Time: 0.61s | Spearman@80: 0.9211 | Kendall@80: 0.7666
Epoch 60/150 | Train Loss: 0.0258 | Epoch Time: 0.61s | Spearman@80: 0.9173 | Kendall@80: 0.7675
Epoch 61/150 | Train Loss: 0.0283 | Epoch Time: 0.60s | Spearman@80: 0.9154 | Kendall@80: 0.7684
Epoch 62/150 | Train Loss: 0.0260 | Epoch Time: 0.61s | Spearman@80: 0.9245 | Kendall@80: 0.7791
Epoch 63/150 | Train Loss: 0.0284 | Epoch Time: 0.61s | Spearman@80: 0.9338 | Kendall@80: 0.7952
Epoch 64/150 | Train Loss: 0.0232 | Epoch Time: 0.62s | Spearman@80: 0.9396 | Kendall@80: 0.8041
Epoch 65/150 | Train Loss: 0.0246 | Epoch Time: 0.61s | Spearman@80: 0.9219 | Kendall@80: 0.7793
Epoch 66/150 | Train Loss: 0.0203 | Epoch Time: 0.61s | Spearman@80: 0.9269 | Kendall@80: 0.7939
Epoch 67/150 | Train Loss: 0.0199 | Epoch Time: 0.62s | Spearman@80: 0.9303 | Kendall@80: 0.7893
Epoch 68/150 | Train Loss: 0.0225 | Epoch Time: 0.61s | Spearman@80: 0.9272 | Kendall@80: 0.7836
Epoch 69/150 | Train Loss: 0.0250 | Epoch Time: 0.61s | Spearman@80: 0.9246 | Kendall@80: 0.7899
Epoch 70/150 | Train Loss: 0.0195 | Epoch Time: 0.61s | Spearman@80: 0.9305 | Kendall@80: 0.7895
Epoch 71/150 | Train Loss: 0.0211 | Epoch Time: 0.61s | Spearman@80: 0.9185 | Kendall@80: 0.7787
Epoch 72/150 | Train Loss: 0.0237 | Epoch Time: 0.61s | Spearman@80: 0.9117 | Kendall@80: 0.7677
Epoch 73/150 | Train Loss: 0.0216 | Epoch Time: 0.60s | Spearman@80: 0.9350 | Kendall@80: 0.7952
Epoch 74/150 | Train Loss: 0.0165 | Epoch Time: 0.61s | Spearman@80: 0.9373 | Kendall@80: 0.8053
Epoch 75/150 | Train Loss: 0.0218 | Epoch Time: 0.61s | Spearman@80: 0.9357 | Kendall@80: 0.7981
Epoch 76/150 | Train Loss: 0.0212 | Epoch Time: 0.61s | Spearman@80: 0.9357 | Kendall@80: 0.8051
Epoch 77/150 | Train Loss: 0.0201 | Epoch Time: 0.61s | Spearman@80: 0.9196 | Kendall@80: 0.7806
Epoch 78/150 | Train Loss: 0.0214 | Epoch Time: 0.61s | Spearman@80: 0.9309 | Kendall@80: 0.7945
Epoch 79/150 | Train Loss: 0.0171 | Epoch Time: 0.61s | Spearman@80: 0.9310 | Kendall@80: 0.7857
Epoch 80/150 | Train Loss: 0.0194 | Epoch Time: 0.61s | Spearman@80: 0.9414 | Kendall@80: 0.7996
Epoch 81/150 | Train Loss: 0.0203 | Epoch Time: 0.61s | Spearman@80: 0.9456 | Kendall@80: 0.8186
Epoch 82/150 | Train Loss: 0.0178 | Epoch Time: 0.61s | Spearman@80: 0.9302 | Kendall@80: 0.7926
Epoch 83/150 | Train Loss: 0.0243 | Epoch Time: 0.61s | Spearman@80: 0.9257 | Kendall@80: 0.7836
Epoch 84/150 | Train Loss: 0.0258 | Epoch Time: 0.61s | Spearman@80: 0.9028 | Kendall@80: 0.7518
Epoch 85/150 | Train Loss: 0.0219 | Epoch Time: 0.61s | Spearman@80: 0.9320 | Kendall@80: 0.7960
Epoch 86/150 | Train Loss: 0.0183 | Epoch Time: 0.61s | Spearman@80: 0.9288 | Kendall@80: 0.7901
Epoch 87/150 | Train Loss: 0.0209 | Epoch Time: 0.61s | Spearman@80: 0.9314 | Kendall@80: 0.7950
Epoch 88/150 | Train Loss: 0.0155 | Epoch Time: 0.62s | Spearman@80: 0.9297 | Kendall@80: 0.7944
Epoch 89/150 | Train Loss: 0.0170 | Epoch Time: 0.61s | Spearman@80: 0.9378 | Kendall@80: 0.8053
Epoch 90/150 | Train Loss: 0.0179 | Epoch Time: 0.60s | Spearman@80: 0.9304 | Kendall@80: 0.8003
Epoch 91/150 | Train Loss: 0.0189 | Epoch Time: 0.61s | Spearman@80: 0.9297 | Kendall@80: 0.7893
Epoch 92/150 | Train Loss: 0.0172 | Epoch Time: 0.61s | Spearman@80: 0.9184 | Kendall@80: 0.7711
Epoch 93/150 | Train Loss: 0.0226 | Epoch Time: 0.61s | Spearman@80: 0.9360 | Kendall@80: 0.7971
Epoch 94/150 | Train Loss: 0.0193 | Epoch Time: 0.61s | Spearman@80: 0.9316 | Kendall@80: 0.7966
Epoch 95/150 | Train Loss: 0.0203 | Epoch Time: 0.61s | Spearman@80: 0.9372 | Kendall@80: 0.8084
Epoch 96/150 | Train Loss: 0.0147 | Epoch Time: 0.61s | Spearman@80: 0.9399 | Kendall@80: 0.8123
Epoch 97/150 | Train Loss: 0.0168 | Epoch Time: 0.61s | Spearman@80: 0.9397 | Kendall@80: 0.8157
Epoch 98/150 | Train Loss: 0.0221 | Epoch Time: 0.61s | Spearman@80: 0.9321 | Kendall@80: 0.8026
Epoch 99/150 | Train Loss: 0.0188 | Epoch Time: 0.61s | Spearman@80: 0.9477 | Kendall@80: 0.8142
Epoch 100/150 | Train Loss: 0.0175 | Epoch Time: 0.61s | Spearman@80: 0.9550 | Kendall@80: 0.8320
Epoch 101/150 | Train Loss: 0.0204 | Epoch Time: 0.61s | Spearman@80: 0.9372 | Kendall@80: 0.7994
Epoch 102/150 | Train Loss: 0.0227 | Epoch Time: 0.61s | Spearman@80: 0.9410 | Kendall@80: 0.8102
Epoch 103/150 | Train Loss: 0.0162 | Epoch Time: 0.61s | Spearman@80: 0.9388 | Kendall@80: 0.8001
Epoch 104/150 | Train Loss: 0.0179 | Epoch Time: 0.61s | Spearman@80: 0.9438 | Kendall@80: 0.8108
Epoch 105/150 | Train Loss: 0.0207 | Epoch Time: 0.61s | Spearman@80: 0.9463 | Kendall@80: 0.8210
Epoch 106/150 | Train Loss: 0.0178 | Epoch Time: 0.60s | Spearman@80: 0.9324 | Kendall@80: 0.8013
Epoch 107/150 | Train Loss: 0.0171 | Epoch Time: 0.61s | Spearman@80: 0.9411 | Kendall@80: 0.8077
Epoch 108/150 | Train Loss: 0.0164 | Epoch Time: 0.61s | Spearman@80: 0.9345 | Kendall@80: 0.7992
Epoch 109/150 | Train Loss: 0.0159 | Epoch Time: 0.61s | Spearman@80: 0.9469 | Kendall@80: 0.8239
Epoch 110/150 | Train Loss: 0.0169 | Epoch Time: 0.61s | Spearman@80: 0.9526 | Kendall@80: 0.8307
Epoch 111/150 | Train Loss: 0.0153 | Epoch Time: 0.61s | Spearman@80: 0.9461 | Kendall@80: 0.8212
Epoch 112/150 | Train Loss: 0.0185 | Epoch Time: 0.61s | Spearman@80: 0.9431 | Kendall@80: 0.8158
Epoch 113/150 | Train Loss: 0.0176 | Epoch Time: 0.62s | Spearman@80: 0.9392 | Kendall@80: 0.8140
Epoch 114/150 | Train Loss: 0.0161 | Epoch Time: 0.61s | Spearman@80: 0.9475 | Kendall@80: 0.8231
Epoch 115/150 | Train Loss: 0.0137 | Epoch Time: 0.61s | Spearman@80: 0.9447 | Kendall@80: 0.8210
Epoch 116/150 | Train Loss: 0.0164 | Epoch Time: 0.61s | Spearman@80: 0.9494 | Kendall@80: 0.8267
Epoch 117/150 | Train Loss: 0.0171 | Epoch Time: 0.61s | Spearman@80: 0.9411 | Kendall@80: 0.8096
Epoch 118/150 | Train Loss: 0.0135 | Epoch Time: 0.61s | Spearman@80: 0.9506 | Kendall@80: 0.8275
Epoch 119/150 | Train Loss: 0.0145 | Epoch Time: 0.60s | Spearman@80: 0.9527 | Kendall@80: 0.8211
Epoch 120/150 | Train Loss: 0.0172 | Epoch Time: 0.61s | Spearman@80: 0.9446 | Kendall@80: 0.8100
Epoch 121/150 | Train Loss: 0.0167 | Epoch Time: 0.61s | Spearman@80: 0.9507 | Kendall@80: 0.8210
Epoch 122/150 | Train Loss: 0.0106 | Epoch Time: 0.61s | Spearman@80: 0.9488 | Kendall@80: 0.8174
Epoch 123/150 | Train Loss: 0.0167 | Epoch Time: 0.61s | Spearman@80: 0.9574 | Kendall@80: 0.8307
Epoch 124/150 | Train Loss: 0.0113 | Epoch Time: 0.61s | Spearman@80: 0.9550 | Kendall@80: 0.8288
Epoch 125/150 | Train Loss: 0.0141 | Epoch Time: 0.61s | Spearman@80: 0.9580 | Kendall@80: 0.8334
Epoch 126/150 | Train Loss: 0.0168 | Epoch Time: 0.61s | Spearman@80: 0.9543 | Kendall@80: 0.8275
Epoch 127/150 | Train Loss: 0.0143 | Epoch Time: 0.61s | Spearman@80: 0.9545 | Kendall@80: 0.8279
Epoch 128/150 | Train Loss: 0.0132 | Epoch Time: 0.61s | Spearman@80: 0.9552 | Kendall@80: 0.8294
Epoch 129/150 | Train Loss: 0.0165 | Epoch Time: 0.61s | Spearman@80: 0.9583 | Kendall@80: 0.8396
Epoch 130/150 | Train Loss: 0.0189 | Epoch Time: 0.61s | Spearman@80: 0.9543 | Kendall@80: 0.8267
Epoch 131/150 | Train Loss: 0.0165 | Epoch Time: 0.62s | Spearman@80: 0.9550 | Kendall@80: 0.8313
Epoch 132/150 | Train Loss: 0.0148 | Epoch Time: 0.61s | Spearman@80: 0.9544 | Kendall@80: 0.8326
Epoch 133/150 | Train Loss: 0.0170 | Epoch Time: 0.61s | Spearman@80: 0.9514 | Kendall@80: 0.8223
Epoch 134/150 | Train Loss: 0.0168 | Epoch Time: 0.61s | Spearman@80: 0.9538 | Kendall@80: 0.8247
Epoch 135/150 | Train Loss: 0.0118 | Epoch Time: 0.61s | Spearman@80: 0.9531 | Kendall@80: 0.8269
Epoch 136/150 | Train Loss: 0.0134 | Epoch Time: 0.62s | Spearman@80: 0.9526 | Kendall@80: 0.8269
Epoch 137/150 | Train Loss: 0.0140 | Epoch Time: 0.61s | Spearman@80: 0.9537 | Kendall@80: 0.8237
Epoch 138/150 | Train Loss: 0.0109 | Epoch Time: 0.62s | Spearman@80: 0.9466 | Kendall@80: 0.8237
Epoch 139/150 | Train Loss: 0.0169 | Epoch Time: 0.62s | Spearman@80: 0.9522 | Kendall@80: 0.8275
Epoch 140/150 | Train Loss: 0.0153 | Epoch Time: 0.62s | Spearman@80: 0.9527 | Kendall@80: 0.8244
Epoch 141/150 | Train Loss: 0.0149 | Epoch Time: 0.61s | Spearman@80: 0.9510 | Kendall@80: 0.8224
Epoch 142/150 | Train Loss: 0.0146 | Epoch Time: 0.62s | Spearman@80: 0.9523 | Kendall@80: 0.8250
Epoch 143/150 | Train Loss: 0.0160 | Epoch Time: 0.62s | Spearman@80: 0.9457 | Kendall@80: 0.8193
Epoch 144/150 | Train Loss: 0.0137 | Epoch Time: 0.64s | Spearman@80: 0.9531 | Kendall@80: 0.8299
Epoch 145/150 | Train Loss: 0.0149 | Epoch Time: 0.62s | Spearman@80: 0.9432 | Kendall@80: 0.8153
Epoch 146/150 | Train Loss: 0.0127 | Epoch Time: 0.62s | Spearman@80: 0.9472 | Kendall@80: 0.8241
Epoch 147/150 | Train Loss: 0.0142 | Epoch Time: 1.99s | Spearman@15496: 0.9512 | Kendall@15496: 0.8270
Epoch 148/150 | Train Loss: 0.0113 | Epoch Time: 1.72s | Spearman@15496: 0.9516 | Kendall@15496: 0.8274
Epoch 149/150 | Train Loss: 0.0190 | Epoch Time: 1.73s | Spearman@15496: 0.9511 | Kendall@15496: 0.8275
Epoch 150/150 | Train Loss: 0.0151 | Epoch Time: 1.71s | Spearman@15496: 0.9510 | Kendall@15496: 0.8252
Sample Count: 128, Spearman: 0.9512394762640295, Kendall: 0.8267791652741635
{64: (0.9096145103196542, 0.765643640146528),
 128: (0.9512394762640295, 0.8267791652741635)}
Epoch 1/150 | Train Loss: 0.0988 | Epoch Time: 0.28s | Spearman@80: 0.4773 | Kendall@80: 0.3334
Epoch 2/150 | Train Loss: 0.0804 | Epoch Time: 0.27s | Spearman@80: 0.5246 | Kendall@80: 0.3721
Epoch 3/150 | Train Loss: 0.0504 | Epoch Time: 0.27s | Spearman@80: 0.8468 | Kendall@80: 0.6521
Epoch 4/150 | Train Loss: 0.0424 | Epoch Time: 0.29s | Spearman@80: 0.8412 | Kendall@80: 0.6487
Epoch 5/150 | Train Loss: 0.0396 | Epoch Time: 0.30s | Spearman@80: 0.8554 | Kendall@80: 0.6633
Epoch 6/150 | Train Loss: 0.0311 | Epoch Time: 0.30s | Spearman@80: 0.8663 | Kendall@80: 0.6819
Epoch 7/150 | Train Loss: 0.0319 | Epoch Time: 0.30s | Spearman@80: 0.8578 | Kendall@80: 0.6779
Epoch 8/150 | Train Loss: 0.0364 | Epoch Time: 0.30s | Spearman@80: 0.8720 | Kendall@80: 0.7001
Epoch 9/150 | Train Loss: 0.0335 | Epoch Time: 0.30s | Spearman@80: 0.8929 | Kendall@80: 0.7244
Epoch 10/150 | Train Loss: 0.0286 | Epoch Time: 0.30s | Spearman@80: 0.8754 | Kendall@80: 0.6982
Epoch 11/150 | Train Loss: 0.0311 | Epoch Time: 0.31s | Spearman@80: 0.9084 | Kendall@80: 0.7565
Epoch 12/150 | Train Loss: 0.0357 | Epoch Time: 0.30s | Spearman@80: 0.8781 | Kendall@80: 0.7098
Epoch 13/150 | Train Loss: 0.0309 | Epoch Time: 0.30s | Spearman@80: 0.8845 | Kendall@80: 0.7161
Epoch 14/150 | Train Loss: 0.0225 | Epoch Time: 0.30s | Spearman@80: 0.8919 | Kendall@80: 0.7212
Epoch 15/150 | Train Loss: 0.0203 | Epoch Time: 0.30s | Spearman@80: 0.8861 | Kendall@80: 0.7134
Epoch 16/150 | Train Loss: 0.0237 | Epoch Time: 0.31s | Spearman@80: 0.9059 | Kendall@80: 0.7496
Epoch 17/150 | Train Loss: 0.0280 | Epoch Time: 0.30s | Spearman@80: 0.8976 | Kendall@80: 0.7331
Epoch 18/150 | Train Loss: 0.0210 | Epoch Time: 0.30s | Spearman@80: 0.9160 | Kendall@80: 0.7523
Epoch 19/150 | Train Loss: 0.0200 | Epoch Time: 0.30s | Spearman@80: 0.8702 | Kendall@80: 0.7014
Epoch 20/150 | Train Loss: 0.0326 | Epoch Time: 0.30s | Spearman@80: 0.8878 | Kendall@80: 0.7098
Epoch 21/150 | Train Loss: 0.0305 | Epoch Time: 0.31s | Spearman@80: 0.8876 | Kendall@80: 0.7244
Epoch 22/150 | Train Loss: 0.0293 | Epoch Time: 0.30s | Spearman@80: 0.9006 | Kendall@80: 0.7521
Epoch 23/150 | Train Loss: 0.0259 | Epoch Time: 0.30s | Spearman@80: 0.8983 | Kendall@80: 0.7428
Epoch 24/150 | Train Loss: 0.0267 | Epoch Time: 0.31s | Spearman@80: 0.9152 | Kendall@80: 0.7597
Epoch 25/150 | Train Loss: 0.0251 | Epoch Time: 0.30s | Spearman@80: 0.9176 | Kendall@80: 0.7732
Epoch 26/150 | Train Loss: 0.0280 | Epoch Time: 0.30s | Spearman@80: 0.9168 | Kendall@80: 0.7713
Epoch 27/150 | Train Loss: 0.0226 | Epoch Time: 0.30s | Spearman@80: 0.8939 | Kendall@80: 0.7350
Epoch 28/150 | Train Loss: 0.0262 | Epoch Time: 0.30s | Spearman@80: 0.8911 | Kendall@80: 0.7231
Epoch 29/150 | Train Loss: 0.0180 | Epoch Time: 0.30s | Spearman@80: 0.9038 | Kendall@80: 0.7470
Epoch 30/150 | Train Loss: 0.0190 | Epoch Time: 0.30s | Spearman@80: 0.8950 | Kendall@80: 0.7293
Epoch 31/150 | Train Loss: 0.0247 | Epoch Time: 0.30s | Spearman@80: 0.9134 | Kendall@80: 0.7667
Epoch 32/150 | Train Loss: 0.0222 | Epoch Time: 0.30s | Spearman@80: 0.9054 | Kendall@80: 0.7388
Epoch 33/150 | Train Loss: 0.0257 | Epoch Time: 0.30s | Spearman@80: 0.9054 | Kendall@80: 0.7483
Epoch 34/150 | Train Loss: 0.0248 | Epoch Time: 0.30s | Spearman@80: 0.9084 | Kendall@80: 0.7572
Epoch 35/150 | Train Loss: 0.0325 | Epoch Time: 0.30s | Spearman@80: 0.9095 | Kendall@80: 0.7604
Epoch 36/150 | Train Loss: 0.0216 | Epoch Time: 0.31s | Spearman@80: 0.9132 | Kendall@80: 0.7584
Epoch 37/150 | Train Loss: 0.0156 | Epoch Time: 0.30s | Spearman@80: 0.9067 | Kendall@80: 0.7515
Epoch 38/150 | Train Loss: 0.0177 | Epoch Time: 0.30s | Spearman@80: 0.9176 | Kendall@80: 0.7656
Epoch 39/150 | Train Loss: 0.0203 | Epoch Time: 0.30s | Spearman@80: 0.9180 | Kendall@80: 0.7726
Epoch 40/150 | Train Loss: 0.0217 | Epoch Time: 0.30s | Spearman@80: 0.9100 | Kendall@80: 0.7548
Epoch 41/150 | Train Loss: 0.0197 | Epoch Time: 0.30s | Spearman@80: 0.9130 | Kendall@80: 0.7669
Epoch 42/150 | Train Loss: 0.0188 | Epoch Time: 0.30s | Spearman@80: 0.9202 | Kendall@80: 0.7762
Epoch 43/150 | Train Loss: 0.0160 | Epoch Time: 0.30s | Spearman@80: 0.9197 | Kendall@80: 0.7705
Epoch 44/150 | Train Loss: 0.0278 | Epoch Time: 0.30s | Spearman@80: 0.9159 | Kendall@80: 0.7642
Epoch 45/150 | Train Loss: 0.0200 | Epoch Time: 0.30s | Spearman@80: 0.9025 | Kendall@80: 0.7409
Epoch 46/150 | Train Loss: 0.0244 | Epoch Time: 0.30s | Spearman@80: 0.8695 | Kendall@80: 0.6977
Epoch 47/150 | Train Loss: 0.0219 | Epoch Time: 0.30s | Spearman@80: 0.8982 | Kendall@80: 0.7390
Epoch 48/150 | Train Loss: 0.0193 | Epoch Time: 0.31s | Spearman@80: 0.9091 | Kendall@80: 0.7527
Epoch 49/150 | Train Loss: 0.0254 | Epoch Time: 0.30s | Spearman@80: 0.8999 | Kendall@80: 0.7441
Epoch 50/150 | Train Loss: 0.0170 | Epoch Time: 0.30s | Spearman@80: 0.8996 | Kendall@80: 0.7415
Epoch 51/150 | Train Loss: 0.0188 | Epoch Time: 0.30s | Spearman@80: 0.9069 | Kendall@80: 0.7489
Epoch 52/150 | Train Loss: 0.0160 | Epoch Time: 0.30s | Spearman@80: 0.9187 | Kendall@80: 0.7713
Epoch 53/150 | Train Loss: 0.0133 | Epoch Time: 0.30s | Spearman@80: 0.9110 | Kendall@80: 0.7591
Epoch 54/150 | Train Loss: 0.0172 | Epoch Time: 0.31s | Spearman@80: 0.9092 | Kendall@80: 0.7534
Epoch 55/150 | Train Loss: 0.0209 | Epoch Time: 0.30s | Spearman@80: 0.8956 | Kendall@80: 0.7377
Epoch 56/150 | Train Loss: 0.0191 | Epoch Time: 0.30s | Spearman@80: 0.9048 | Kendall@80: 0.7593
Epoch 57/150 | Train Loss: 0.0229 | Epoch Time: 0.30s | Spearman@80: 0.9207 | Kendall@80: 0.7827
Epoch 58/150 | Train Loss: 0.0185 | Epoch Time: 0.30s | Spearman@80: 0.9066 | Kendall@80: 0.7536
Epoch 59/150 | Train Loss: 0.0265 | Epoch Time: 0.31s | Spearman@80: 0.9123 | Kendall@80: 0.7599
Epoch 60/150 | Train Loss: 0.0162 | Epoch Time: 0.30s | Spearman@80: 0.8976 | Kendall@80: 0.7428
Epoch 61/150 | Train Loss: 0.0207 | Epoch Time: 0.30s | Spearman@80: 0.9216 | Kendall@80: 0.7751
Epoch 62/150 | Train Loss: 0.0131 | Epoch Time: 0.30s | Spearman@80: 0.9190 | Kendall@80: 0.7751
Epoch 63/150 | Train Loss: 0.0156 | Epoch Time: 0.30s | Spearman@80: 0.9099 | Kendall@80: 0.7593
Epoch 64/150 | Train Loss: 0.0149 | Epoch Time: 0.30s | Spearman@80: 0.9124 | Kendall@80: 0.7667
Epoch 65/150 | Train Loss: 0.0225 | Epoch Time: 0.30s | Spearman@80: 0.8994 | Kendall@80: 0.7447
Epoch 66/150 | Train Loss: 0.0157 | Epoch Time: 0.30s | Spearman@80: 0.9042 | Kendall@80: 0.7529
Epoch 67/150 | Train Loss: 0.0153 | Epoch Time: 0.30s | Spearman@80: 0.9081 | Kendall@80: 0.7625
Epoch 68/150 | Train Loss: 0.0169 | Epoch Time: 0.30s | Spearman@80: 0.9178 | Kendall@80: 0.7720
Epoch 69/150 | Train Loss: 0.0151 | Epoch Time: 0.30s | Spearman@80: 0.8903 | Kendall@80: 0.7318
Epoch 70/150 | Train Loss: 0.0191 | Epoch Time: 0.30s | Spearman@80: 0.9007 | Kendall@80: 0.7445
Epoch 71/150 | Train Loss: 0.0162 | Epoch Time: 0.30s | Spearman@80: 0.9069 | Kendall@80: 0.7553
Epoch 72/150 | Train Loss: 0.0225 | Epoch Time: 0.30s | Spearman@80: 0.9110 | Kendall@80: 0.7574
Epoch 73/150 | Train Loss: 0.0181 | Epoch Time: 0.30s | Spearman@80: 0.9234 | Kendall@80: 0.7711
Epoch 74/150 | Train Loss: 0.0171 | Epoch Time: 0.30s | Spearman@80: 0.9202 | Kendall@80: 0.7724
Epoch 75/150 | Train Loss: 0.0192 | Epoch Time: 0.30s | Spearman@80: 0.9296 | Kendall@80: 0.7853
Epoch 76/150 | Train Loss: 0.0178 | Epoch Time: 0.30s | Spearman@80: 0.9255 | Kendall@80: 0.7827
Epoch 77/150 | Train Loss: 0.0212 | Epoch Time: 0.30s | Spearman@80: 0.9225 | Kendall@80: 0.7775
Epoch 78/150 | Train Loss: 0.0143 | Epoch Time: 0.30s | Spearman@80: 0.9281 | Kendall@80: 0.7847
Epoch 79/150 | Train Loss: 0.0155 | Epoch Time: 0.30s | Spearman@80: 0.9273 | Kendall@80: 0.7832
Epoch 80/150 | Train Loss: 0.0162 | Epoch Time: 0.30s | Spearman@80: 0.9313 | Kendall@80: 0.7902
Epoch 81/150 | Train Loss: 0.0199 | Epoch Time: 0.31s | Spearman@80: 0.9176 | Kendall@80: 0.7650
Epoch 82/150 | Train Loss: 0.0230 | Epoch Time: 0.30s | Spearman@80: 0.9194 | Kendall@80: 0.7699
Epoch 83/150 | Train Loss: 0.0180 | Epoch Time: 0.30s | Spearman@80: 0.9149 | Kendall@80: 0.7610
Epoch 84/150 | Train Loss: 0.0179 | Epoch Time: 0.30s | Spearman@80: 0.9034 | Kendall@80: 0.7451
Epoch 85/150 | Train Loss: 0.0135 | Epoch Time: 0.30s | Spearman@80: 0.9001 | Kendall@80: 0.7439
Epoch 86/150 | Train Loss: 0.0155 | Epoch Time: 0.30s | Spearman@80: 0.9149 | Kendall@80: 0.7605
Epoch 87/150 | Train Loss: 0.0107 | Epoch Time: 0.30s | Spearman@80: 0.9230 | Kendall@80: 0.7743
Epoch 88/150 | Train Loss: 0.0125 | Epoch Time: 0.30s | Spearman@80: 0.9228 | Kendall@80: 0.7787
Epoch 89/150 | Train Loss: 0.0155 | Epoch Time: 0.30s | Spearman@80: 0.9273 | Kendall@80: 0.7847
Epoch 90/150 | Train Loss: 0.0177 | Epoch Time: 0.30s | Spearman@80: 0.9296 | Kendall@80: 0.7878
Epoch 91/150 | Train Loss: 0.0129 | Epoch Time: 0.30s | Spearman@80: 0.9197 | Kendall@80: 0.7675
Epoch 92/150 | Train Loss: 0.0131 | Epoch Time: 0.30s | Spearman@80: 0.9223 | Kendall@80: 0.7756
Epoch 93/150 | Train Loss: 0.0144 | Epoch Time: 0.30s | Spearman@80: 0.9219 | Kendall@80: 0.7802
Epoch 94/150 | Train Loss: 0.0104 | Epoch Time: 0.30s | Spearman@80: 0.9339 | Kendall@80: 0.7967
Epoch 95/150 | Train Loss: 0.0134 | Epoch Time: 0.30s | Spearman@80: 0.9265 | Kendall@80: 0.7827
Epoch 96/150 | Train Loss: 0.0180 | Epoch Time: 0.30s | Spearman@80: 0.9337 | Kendall@80: 0.7986
Epoch 97/150 | Train Loss: 0.0139 | Epoch Time: 0.30s | Spearman@80: 0.9336 | Kendall@80: 0.7978
Epoch 98/150 | Train Loss: 0.0075 | Epoch Time: 0.30s | Spearman@80: 0.9330 | Kendall@80: 0.7984
Epoch 99/150 | Train Loss: 0.0135 | Epoch Time: 0.30s | Spearman@80: 0.9302 | Kendall@80: 0.7942
Epoch 100/150 | Train Loss: 0.0128 | Epoch Time: 0.30s | Spearman@80: 0.9309 | Kendall@80: 0.7954
Epoch 101/150 | Train Loss: 0.0165 | Epoch Time: 0.30s | Spearman@80: 0.9324 | Kendall@80: 0.7921
Epoch 102/150 | Train Loss: 0.0110 | Epoch Time: 0.30s | Spearman@80: 0.9301 | Kendall@80: 0.7902
Epoch 103/150 | Train Loss: 0.0125 | Epoch Time: 0.30s | Spearman@80: 0.9314 | Kendall@80: 0.7914
Epoch 104/150 | Train Loss: 0.0133 | Epoch Time: 0.31s | Spearman@80: 0.9322 | Kendall@80: 0.7940
Epoch 105/150 | Train Loss: 0.0175 | Epoch Time: 0.30s | Spearman@80: 0.9286 | Kendall@80: 0.7845
Epoch 106/150 | Train Loss: 0.0137 | Epoch Time: 0.30s | Spearman@80: 0.9201 | Kendall@80: 0.7749
Epoch 107/150 | Train Loss: 0.0154 | Epoch Time: 0.30s | Spearman@80: 0.9323 | Kendall@80: 0.7916
Epoch 108/150 | Train Loss: 0.0132 | Epoch Time: 0.30s | Spearman@80: 0.9373 | Kendall@80: 0.7991
Epoch 109/150 | Train Loss: 0.0160 | Epoch Time: 0.30s | Spearman@80: 0.9278 | Kendall@80: 0.7840
Epoch 110/150 | Train Loss: 0.0177 | Epoch Time: 0.30s | Spearman@80: 0.9341 | Kendall@80: 0.7935
Epoch 111/150 | Train Loss: 0.0148 | Epoch Time: 0.30s | Spearman@80: 0.9340 | Kendall@80: 0.7978
Epoch 112/150 | Train Loss: 0.0157 | Epoch Time: 0.30s | Spearman@80: 0.9270 | Kendall@80: 0.7832
Epoch 113/150 | Train Loss: 0.0104 | Epoch Time: 0.30s | Spearman@80: 0.9343 | Kendall@80: 0.7954
Epoch 114/150 | Train Loss: 0.0171 | Epoch Time: 0.30s | Spearman@80: 0.9240 | Kendall@80: 0.7783
Epoch 115/150 | Train Loss: 0.0110 | Epoch Time: 0.30s | Spearman@80: 0.9372 | Kendall@80: 0.7986
Epoch 116/150 | Train Loss: 0.0102 | Epoch Time: 0.30s | Spearman@80: 0.9254 | Kendall@80: 0.7815
Epoch 117/150 | Train Loss: 0.0117 | Epoch Time: 0.30s | Spearman@80: 0.9302 | Kendall@80: 0.7916
Epoch 118/150 | Train Loss: 0.0089 | Epoch Time: 0.30s | Spearman@80: 0.9312 | Kendall@80: 0.7857
Epoch 119/150 | Train Loss: 0.0093 | Epoch Time: 0.30s | Spearman@80: 0.9367 | Kendall@80: 0.8037
Epoch 120/150 | Train Loss: 0.0098 | Epoch Time: 0.30s | Spearman@80: 0.9342 | Kendall@80: 0.7954
Epoch 121/150 | Train Loss: 0.0090 | Epoch Time: 0.30s | Spearman@80: 0.9328 | Kendall@80: 0.7967
Epoch 122/150 | Train Loss: 0.0111 | Epoch Time: 0.30s | Spearman@80: 0.9314 | Kendall@80: 0.7967
Epoch 123/150 | Train Loss: 0.0126 | Epoch Time: 0.30s | Spearman@80: 0.9297 | Kendall@80: 0.7891
Epoch 124/150 | Train Loss: 0.0125 | Epoch Time: 0.30s | Spearman@80: 0.9337 | Kendall@80: 0.7978
Epoch 125/150 | Train Loss: 0.0128 | Epoch Time: 0.30s | Spearman@80: 0.9344 | Kendall@80: 0.7959
Epoch 126/150 | Train Loss: 0.0069 | Epoch Time: 0.30s | Spearman@80: 0.9331 | Kendall@80: 0.7946
Epoch 127/150 | Train Loss: 0.0095 | Epoch Time: 0.30s | Spearman@80: 0.9334 | Kendall@80: 0.7948
Epoch 128/150 | Train Loss: 0.0096 | Epoch Time: 0.30s | Spearman@80: 0.9353 | Kendall@80: 0.7980
Epoch 129/150 | Train Loss: 0.0151 | Epoch Time: 0.30s | Spearman@80: 0.9320 | Kendall@80: 0.7923
Epoch 130/150 | Train Loss: 0.0102 | Epoch Time: 0.30s | Spearman@80: 0.9340 | Kendall@80: 0.7923
Epoch 131/150 | Train Loss: 0.0107 | Epoch Time: 0.30s | Spearman@80: 0.9347 | Kendall@80: 0.7948
Epoch 132/150 | Train Loss: 0.0078 | Epoch Time: 0.30s | Spearman@80: 0.9331 | Kendall@80: 0.7946
Epoch 133/150 | Train Loss: 0.0100 | Epoch Time: 0.30s | Spearman@80: 0.9332 | Kendall@80: 0.7923
Epoch 134/150 | Train Loss: 0.0120 | Epoch Time: 0.30s | Spearman@80: 0.9347 | Kendall@80: 0.7952
Epoch 135/150 | Train Loss: 0.0097 | Epoch Time: 0.30s | Spearman@80: 0.9326 | Kendall@80: 0.7967
Epoch 136/150 | Train Loss: 0.0158 | Epoch Time: 0.30s | Spearman@80: 0.9299 | Kendall@80: 0.7927
Epoch 137/150 | Train Loss: 0.0105 | Epoch Time: 0.30s | Spearman@80: 0.9353 | Kendall@80: 0.8003
Epoch 138/150 | Train Loss: 0.0096 | Epoch Time: 0.30s | Spearman@80: 0.9339 | Kendall@80: 0.7954
Epoch 139/150 | Train Loss: 0.0082 | Epoch Time: 0.30s | Spearman@80: 0.9335 | Kendall@80: 0.7952
Epoch 140/150 | Train Loss: 0.0107 | Epoch Time: 0.30s | Spearman@80: 0.9345 | Kendall@80: 0.7961
Epoch 141/150 | Train Loss: 0.0108 | Epoch Time: 0.30s | Spearman@80: 0.9335 | Kendall@80: 0.7961
Epoch 142/150 | Train Loss: 0.0097 | Epoch Time: 0.30s | Spearman@80: 0.9352 | Kendall@80: 0.7992
Epoch 143/150 | Train Loss: 0.0132 | Epoch Time: 0.30s | Spearman@80: 0.9366 | Kendall@80: 0.8043
Epoch 144/150 | Train Loss: 0.0108 | Epoch Time: 0.30s | Spearman@80: 0.9366 | Kendall@80: 0.7992
Epoch 145/150 | Train Loss: 0.0139 | Epoch Time: 0.30s | Spearman@80: 0.9379 | Kendall@80: 0.8049
Epoch 146/150 | Train Loss: 0.0138 | Epoch Time: 0.30s | Spearman@80: 0.9368 | Kendall@80: 0.8043
Epoch 147/150 | Train Loss: 0.0152 | Epoch Time: 1.58s | Spearman@15560: 0.9312 | Kendall@15560: 0.7896
Epoch 148/150 | Train Loss: 0.0134 | Epoch Time: 1.35s | Spearman@15560: 0.9325 | Kendall@15560: 0.7919
Epoch 149/150 | Train Loss: 0.0095 | Epoch Time: 1.35s | Spearman@15560: 0.9323 | Kendall@15560: 0.7913
Epoch 150/150 | Train Loss: 0.0093 | Epoch Time: 1.36s | Spearman@15560: 0.9310 | Kendall@15560: 0.7895
Sample Count: 64, Spearman: 0.9317494405955183, Kendall: 0.790574726437048
{64: (0.9317494405955183, 0.790574726437048),
 128: (0.9512394762640295, 0.8267791652741635)}
Epoch 1/150 | Train Loss: 0.0896 | Epoch Time: 0.55s | Spearman@80: 0.5944 | Kendall@80: 0.4254
Epoch 2/150 | Train Loss: 0.0523 | Epoch Time: 0.54s | Spearman@80: 0.8387 | Kendall@80: 0.6705
Epoch 3/150 | Train Loss: 0.0477 | Epoch Time: 0.54s | Spearman@80: 0.8560 | Kendall@80: 0.6811
Epoch 4/150 | Train Loss: 0.0451 | Epoch Time: 0.58s | Spearman@80: 0.8691 | Kendall@80: 0.7122
Epoch 5/150 | Train Loss: 0.0433 | Epoch Time: 0.58s | Spearman@80: 0.8929 | Kendall@80: 0.7497
Epoch 6/150 | Train Loss: 0.0337 | Epoch Time: 0.58s | Spearman@80: 0.8819 | Kendall@80: 0.7228
Epoch 7/150 | Train Loss: 0.0352 | Epoch Time: 0.59s | Spearman@80: 0.8449 | Kendall@80: 0.6612
Epoch 8/150 | Train Loss: 0.0345 | Epoch Time: 0.58s | Spearman@80: 0.8854 | Kendall@80: 0.7305
Epoch 9/150 | Train Loss: 0.0359 | Epoch Time: 0.59s | Spearman@80: 0.8466 | Kendall@80: 0.6580
Epoch 10/150 | Train Loss: 0.0343 | Epoch Time: 0.58s | Spearman@80: 0.9079 | Kendall@80: 0.7536
Epoch 11/150 | Train Loss: 0.0361 | Epoch Time: 0.58s | Spearman@80: 0.8903 | Kendall@80: 0.7332
Epoch 12/150 | Train Loss: 0.0385 | Epoch Time: 0.59s | Spearman@80: 0.9091 | Kendall@80: 0.7573
Epoch 13/150 | Train Loss: 0.0276 | Epoch Time: 0.59s | Spearman@80: 0.9029 | Kendall@80: 0.7398
Epoch 14/150 | Train Loss: 0.0352 | Epoch Time: 0.59s | Spearman@80: 0.9189 | Kendall@80: 0.7620
Epoch 15/150 | Train Loss: 0.0326 | Epoch Time: 0.59s | Spearman@80: 0.8810 | Kendall@80: 0.7116
Epoch 16/150 | Train Loss: 0.0333 | Epoch Time: 0.59s | Spearman@80: 0.9003 | Kendall@80: 0.7275
Epoch 17/150 | Train Loss: 0.0346 | Epoch Time: 0.59s | Spearman@80: 0.9045 | Kendall@80: 0.7301
Epoch 18/150 | Train Loss: 0.0328 | Epoch Time: 0.60s | Spearman@80: 0.9074 | Kendall@80: 0.7525
Epoch 19/150 | Train Loss: 0.0350 | Epoch Time: 0.59s | Spearman@80: 0.9018 | Kendall@80: 0.7555
Epoch 20/150 | Train Loss: 0.0284 | Epoch Time: 0.59s | Spearman@80: 0.9133 | Kendall@80: 0.7580
Epoch 21/150 | Train Loss: 0.0323 | Epoch Time: 0.59s | Spearman@80: 0.8918 | Kendall@80: 0.7306
Epoch 22/150 | Train Loss: 0.0308 | Epoch Time: 0.58s | Spearman@80: 0.8831 | Kendall@80: 0.7275
Epoch 23/150 | Train Loss: 0.0325 | Epoch Time: 0.59s | Spearman@80: 0.9116 | Kendall@80: 0.7599
Epoch 24/150 | Train Loss: 0.0286 | Epoch Time: 0.59s | Spearman@80: 0.9169 | Kendall@80: 0.7580
Epoch 25/150 | Train Loss: 0.0299 | Epoch Time: 0.59s | Spearman@80: 0.9130 | Kendall@80: 0.7610
Epoch 26/150 | Train Loss: 0.0295 | Epoch Time: 0.59s | Spearman@80: 0.8714 | Kendall@80: 0.7027
Epoch 27/150 | Train Loss: 0.0351 | Epoch Time: 0.59s | Spearman@80: 0.9115 | Kendall@80: 0.7501
Epoch 28/150 | Train Loss: 0.0296 | Epoch Time: 0.59s | Spearman@80: 0.9153 | Kendall@80: 0.7603
Epoch 29/150 | Train Loss: 0.0265 | Epoch Time: 0.58s | Spearman@80: 0.9141 | Kendall@80: 0.7646
Epoch 30/150 | Train Loss: 0.0278 | Epoch Time: 0.60s | Spearman@80: 0.8772 | Kendall@80: 0.7165
Epoch 31/150 | Train Loss: 0.0304 | Epoch Time: 0.59s | Spearman@80: 0.9058 | Kendall@80: 0.7521
Epoch 32/150 | Train Loss: 0.0288 | Epoch Time: 0.59s | Spearman@80: 0.9101 | Kendall@80: 0.7533
Epoch 33/150 | Train Loss: 0.0333 | Epoch Time: 0.59s | Spearman@80: 0.8748 | Kendall@80: 0.7078
Epoch 34/150 | Train Loss: 0.0359 | Epoch Time: 0.59s | Spearman@80: 0.8406 | Kendall@80: 0.6561
Epoch 35/150 | Train Loss: 0.0359 | Epoch Time: 0.58s | Spearman@80: 0.8708 | Kendall@80: 0.7112
Epoch 36/150 | Train Loss: 0.0277 | Epoch Time: 0.60s | Spearman@80: 0.8966 | Kendall@80: 0.7440
Epoch 37/150 | Train Loss: 0.0270 | Epoch Time: 0.61s | Spearman@80: 0.9276 | Kendall@80: 0.7819
Epoch 38/150 | Train Loss: 0.0280 | Epoch Time: 0.62s | Spearman@80: 0.9164 | Kendall@80: 0.7578
Epoch 39/150 | Train Loss: 0.0318 | Epoch Time: 0.63s | Spearman@80: 0.9153 | Kendall@80: 0.7529
Epoch 40/150 | Train Loss: 0.0315 | Epoch Time: 0.62s | Spearman@80: 0.9121 | Kendall@80: 0.7601
Epoch 41/150 | Train Loss: 0.0345 | Epoch Time: 0.62s | Spearman@80: 0.8899 | Kendall@80: 0.7301
Epoch 42/150 | Train Loss: 0.0314 | Epoch Time: 0.63s | Spearman@80: 0.9092 | Kendall@80: 0.7434
Epoch 43/150 | Train Loss: 0.0289 | Epoch Time: 0.63s | Spearman@80: 0.8838 | Kendall@80: 0.7251
Epoch 44/150 | Train Loss: 0.0297 | Epoch Time: 0.62s | Spearman@80: 0.9077 | Kendall@80: 0.7491
Epoch 45/150 | Train Loss: 0.0287 | Epoch Time: 0.63s | Spearman@80: 0.8791 | Kendall@80: 0.7160
Epoch 46/150 | Train Loss: 0.0246 | Epoch Time: 0.65s | Spearman@80: 0.9066 | Kendall@80: 0.7500
Epoch 47/150 | Train Loss: 0.0268 | Epoch Time: 0.63s | Spearman@80: 0.8840 | Kendall@80: 0.7340
Epoch 48/150 | Train Loss: 0.0269 | Epoch Time: 0.63s | Spearman@80: 0.9002 | Kendall@80: 0.7390
Epoch 49/150 | Train Loss: 0.0271 | Epoch Time: 0.63s | Spearman@80: 0.9033 | Kendall@80: 0.7400
Epoch 50/150 | Train Loss: 0.0253 | Epoch Time: 0.64s | Spearman@80: 0.8981 | Kendall@80: 0.7336
Epoch 51/150 | Train Loss: 0.0269 | Epoch Time: 0.63s | Spearman@80: 0.9215 | Kendall@80: 0.7663
Epoch 52/150 | Train Loss: 0.0275 | Epoch Time: 0.62s | Spearman@80: 0.9139 | Kendall@80: 0.7652
Epoch 53/150 | Train Loss: 0.0289 | Epoch Time: 0.65s | Spearman@80: 0.8885 | Kendall@80: 0.7301
Epoch 54/150 | Train Loss: 0.0285 | Epoch Time: 0.65s | Spearman@80: 0.9093 | Kendall@80: 0.7650
Epoch 55/150 | Train Loss: 0.0287 | Epoch Time: 0.65s | Spearman@80: 0.9135 | Kendall@80: 0.7574
Epoch 56/150 | Train Loss: 0.0211 | Epoch Time: 0.64s | Spearman@80: 0.9097 | Kendall@80: 0.7520
Epoch 57/150 | Train Loss: 0.0272 | Epoch Time: 0.62s | Spearman@80: 0.9179 | Kendall@80: 0.7582
Epoch 58/150 | Train Loss: 0.0245 | Epoch Time: 0.65s | Spearman@80: 0.9185 | Kendall@80: 0.7608
Epoch 59/150 | Train Loss: 0.0304 | Epoch Time: 0.66s | Spearman@80: 0.9173 | Kendall@80: 0.7643
Epoch 60/150 | Train Loss: 0.0198 | Epoch Time: 0.63s | Spearman@80: 0.9092 | Kendall@80: 0.7510
Epoch 61/150 | Train Loss: 0.0258 | Epoch Time: 0.62s | Spearman@80: 0.8860 | Kendall@80: 0.7233
Epoch 62/150 | Train Loss: 0.0267 | Epoch Time: 0.65s | Spearman@80: 0.8930 | Kendall@80: 0.7357
Epoch 63/150 | Train Loss: 0.0207 | Epoch Time: 0.64s | Spearman@80: 0.9135 | Kendall@80: 0.7650
Epoch 64/150 | Train Loss: 0.0270 | Epoch Time: 0.63s | Spearman@80: 0.8855 | Kendall@80: 0.7290
Epoch 65/150 | Train Loss: 0.0301 | Epoch Time: 0.64s | Spearman@80: 0.9152 | Kendall@80: 0.7624
Epoch 66/150 | Train Loss: 0.0289 | Epoch Time: 0.64s | Spearman@80: 0.9148 | Kendall@80: 0.7568
Epoch 67/150 | Train Loss: 0.0271 | Epoch Time: 0.65s | Spearman@80: 0.9184 | Kendall@80: 0.7663
Epoch 68/150 | Train Loss: 0.0265 | Epoch Time: 0.63s | Spearman@80: 0.9134 | Kendall@80: 0.7561
Epoch 69/150 | Train Loss: 0.0276 | Epoch Time: 0.64s | Spearman@80: 0.9169 | Kendall@80: 0.7593
Epoch 70/150 | Train Loss: 0.0266 | Epoch Time: 0.64s | Spearman@80: 0.9107 | Kendall@80: 0.7491
Epoch 71/150 | Train Loss: 0.0296 | Epoch Time: 0.64s | Spearman@80: 0.8976 | Kendall@80: 0.7370
Epoch 72/150 | Train Loss: 0.0293 | Epoch Time: 0.64s | Spearman@80: 0.9057 | Kendall@80: 0.7480
Epoch 73/150 | Train Loss: 0.0240 | Epoch Time: 0.64s | Spearman@80: 0.9241 | Kendall@80: 0.7671
Epoch 74/150 | Train Loss: 0.0237 | Epoch Time: 0.65s | Spearman@80: 0.9220 | Kendall@80: 0.7676
Epoch 75/150 | Train Loss: 0.0249 | Epoch Time: 0.64s | Spearman@80: 0.9004 | Kendall@80: 0.7427
Epoch 76/150 | Train Loss: 0.0221 | Epoch Time: 0.64s | Spearman@80: 0.8918 | Kendall@80: 0.7324
Epoch 77/150 | Train Loss: 0.0279 | Epoch Time: 0.63s | Spearman@80: 0.9193 | Kendall@80: 0.7667
Epoch 78/150 | Train Loss: 0.0231 | Epoch Time: 0.64s | Spearman@80: 0.9128 | Kendall@80: 0.7567
Epoch 79/150 | Train Loss: 0.0254 | Epoch Time: 0.64s | Spearman@80: 0.9283 | Kendall@80: 0.7737
Epoch 80/150 | Train Loss: 0.0230 | Epoch Time: 0.65s | Spearman@80: 0.9088 | Kendall@80: 0.7529
Epoch 81/150 | Train Loss: 0.0259 | Epoch Time: 0.62s | Spearman@80: 0.8982 | Kendall@80: 0.7457
Epoch 82/150 | Train Loss: 0.0247 | Epoch Time: 0.64s | Spearman@80: 0.9166 | Kendall@80: 0.7688
Epoch 83/150 | Train Loss: 0.0296 | Epoch Time: 0.64s | Spearman@80: 0.9092 | Kendall@80: 0.7561
Epoch 84/150 | Train Loss: 0.0272 | Epoch Time: 0.65s | Spearman@80: 0.9212 | Kendall@80: 0.7713
Epoch 85/150 | Train Loss: 0.0250 | Epoch Time: 0.65s | Spearman@80: 0.9127 | Kendall@80: 0.7625
Epoch 86/150 | Train Loss: 0.0269 | Epoch Time: 0.64s | Spearman@80: 0.9182 | Kendall@80: 0.7675
Epoch 87/150 | Train Loss: 0.0242 | Epoch Time: 0.63s | Spearman@80: 0.9178 | Kendall@80: 0.7640
Epoch 88/150 | Train Loss: 0.0202 | Epoch Time: 0.63s | Spearman@80: 0.8949 | Kendall@80: 0.7311
Epoch 89/150 | Train Loss: 0.0257 | Epoch Time: 0.65s | Spearman@80: 0.9208 | Kendall@80: 0.7665
Epoch 90/150 | Train Loss: 0.0277 | Epoch Time: 0.65s | Spearman@80: 0.9218 | Kendall@80: 0.7688
Epoch 91/150 | Train Loss: 0.0183 | Epoch Time: 0.64s | Spearman@80: 0.9154 | Kendall@80: 0.7654
Epoch 92/150 | Train Loss: 0.0235 | Epoch Time: 0.63s | Spearman@80: 0.9105 | Kendall@80: 0.7692
Epoch 93/150 | Train Loss: 0.0210 | Epoch Time: 0.62s | Spearman@80: 0.9191 | Kendall@80: 0.7739
Epoch 94/150 | Train Loss: 0.0236 | Epoch Time: 0.62s | Spearman@80: 0.9162 | Kendall@80: 0.7708
Epoch 95/150 | Train Loss: 0.0275 | Epoch Time: 0.62s | Spearman@80: 0.9154 | Kendall@80: 0.7739
Epoch 96/150 | Train Loss: 0.0249 | Epoch Time: 0.63s | Spearman@80: 0.9190 | Kendall@80: 0.7716
Epoch 97/150 | Train Loss: 0.0214 | Epoch Time: 0.62s | Spearman@80: 0.9245 | Kendall@80: 0.7745
Epoch 98/150 | Train Loss: 0.0219 | Epoch Time: 0.61s | Spearman@80: 0.9242 | Kendall@80: 0.7750
Epoch 99/150 | Train Loss: 0.0181 | Epoch Time: 0.62s | Spearman@80: 0.9175 | Kendall@80: 0.7718
Epoch 100/150 | Train Loss: 0.0189 | Epoch Time: 0.62s | Spearman@80: 0.9290 | Kendall@80: 0.7838
Epoch 101/150 | Train Loss: 0.0200 | Epoch Time: 0.62s | Spearman@80: 0.9289 | Kendall@80: 0.7821
Epoch 102/150 | Train Loss: 0.0276 | Epoch Time: 0.62s | Spearman@80: 0.9246 | Kendall@80: 0.7771
Epoch 103/150 | Train Loss: 0.0234 | Epoch Time: 0.62s | Spearman@80: 0.9163 | Kendall@80: 0.7682
Epoch 104/150 | Train Loss: 0.0166 | Epoch Time: 0.63s | Spearman@80: 0.9101 | Kendall@80: 0.7527
Epoch 105/150 | Train Loss: 0.0176 | Epoch Time: 0.62s | Spearman@80: 0.9132 | Kendall@80: 0.7631
Epoch 106/150 | Train Loss: 0.0176 | Epoch Time: 0.62s | Spearman@80: 0.8991 | Kendall@80: 0.7402
Epoch 107/150 | Train Loss: 0.0165 | Epoch Time: 0.63s | Spearman@80: 0.9135 | Kendall@80: 0.7625
Epoch 108/150 | Train Loss: 0.0211 | Epoch Time: 0.62s | Spearman@80: 0.9249 | Kendall@80: 0.7762
Epoch 109/150 | Train Loss: 0.0193 | Epoch Time: 0.62s | Spearman@80: 0.9116 | Kendall@80: 0.7624
Epoch 110/150 | Train Loss: 0.0177 | Epoch Time: 0.63s | Spearman@80: 0.9113 | Kendall@80: 0.7629
Epoch 111/150 | Train Loss: 0.0236 | Epoch Time: 0.62s | Spearman@80: 0.9053 | Kendall@80: 0.7559
Epoch 112/150 | Train Loss: 0.0267 | Epoch Time: 0.62s | Spearman@80: 0.9021 | Kendall@80: 0.7523
Epoch 113/150 | Train Loss: 0.0206 | Epoch Time: 0.62s | Spearman@80: 0.9106 | Kendall@80: 0.7593
Epoch 114/150 | Train Loss: 0.0228 | Epoch Time: 0.61s | Spearman@80: 0.9167 | Kendall@80: 0.7650
Epoch 115/150 | Train Loss: 0.0191 | Epoch Time: 0.61s | Spearman@80: 0.9155 | Kendall@80: 0.7675
Epoch 116/150 | Train Loss: 0.0205 | Epoch Time: 0.62s | Spearman@80: 0.9191 | Kendall@80: 0.7724
Epoch 117/150 | Train Loss: 0.0200 | Epoch Time: 0.62s | Spearman@80: 0.9051 | Kendall@80: 0.7541
Epoch 118/150 | Train Loss: 0.0213 | Epoch Time: 0.62s | Spearman@80: 0.9173 | Kendall@80: 0.7775
Epoch 119/150 | Train Loss: 0.0220 | Epoch Time: 0.62s | Spearman@80: 0.9183 | Kendall@80: 0.7733
Epoch 120/150 | Train Loss: 0.0240 | Epoch Time: 0.61s | Spearman@80: 0.9109 | Kendall@80: 0.7682
Epoch 121/150 | Train Loss: 0.0197 | Epoch Time: 0.62s | Spearman@80: 0.9143 | Kendall@80: 0.7722
Epoch 122/150 | Train Loss: 0.0199 | Epoch Time: 0.63s | Spearman@80: 0.9212 | Kendall@80: 0.7764
Epoch 123/150 | Train Loss: 0.0244 | Epoch Time: 0.63s | Spearman@80: 0.9174 | Kendall@80: 0.7718
Epoch 124/150 | Train Loss: 0.0178 | Epoch Time: 0.61s | Spearman@80: 0.9059 | Kendall@80: 0.7593
Epoch 125/150 | Train Loss: 0.0175 | Epoch Time: 0.61s | Spearman@80: 0.9180 | Kendall@80: 0.7764
Epoch 126/150 | Train Loss: 0.0148 | Epoch Time: 0.61s | Spearman@80: 0.9187 | Kendall@80: 0.7796
Epoch 127/150 | Train Loss: 0.0215 | Epoch Time: 0.62s | Spearman@80: 0.9130 | Kendall@80: 0.7654
Epoch 128/150 | Train Loss: 0.0171 | Epoch Time: 0.62s | Spearman@80: 0.9186 | Kendall@80: 0.7790
Epoch 129/150 | Train Loss: 0.0207 | Epoch Time: 0.64s | Spearman@80: 0.9164 | Kendall@80: 0.7697
Epoch 130/150 | Train Loss: 0.0142 | Epoch Time: 0.63s | Spearman@80: 0.9134 | Kendall@80: 0.7724
Epoch 131/150 | Train Loss: 0.0219 | Epoch Time: 0.62s | Spearman@80: 0.9156 | Kendall@80: 0.7673
Epoch 132/150 | Train Loss: 0.0219 | Epoch Time: 0.61s | Spearman@80: 0.9175 | Kendall@80: 0.7734
Epoch 133/150 | Train Loss: 0.0196 | Epoch Time: 0.61s | Spearman@80: 0.9139 | Kendall@80: 0.7669
Epoch 134/150 | Train Loss: 0.0183 | Epoch Time: 0.62s | Spearman@80: 0.9158 | Kendall@80: 0.7688
Epoch 135/150 | Train Loss: 0.0215 | Epoch Time: 0.62s | Spearman@80: 0.9112 | Kendall@80: 0.7616
Epoch 136/150 | Train Loss: 0.0210 | Epoch Time: 0.62s | Spearman@80: 0.9076 | Kendall@80: 0.7578
Epoch 137/150 | Train Loss: 0.0184 | Epoch Time: 0.62s | Spearman@80: 0.9091 | Kendall@80: 0.7597
Epoch 138/150 | Train Loss: 0.0228 | Epoch Time: 0.62s | Spearman@80: 0.9113 | Kendall@80: 0.7620
Epoch 139/150 | Train Loss: 0.0170 | Epoch Time: 0.62s | Spearman@80: 0.9103 | Kendall@80: 0.7605
Epoch 140/150 | Train Loss: 0.0163 | Epoch Time: 0.62s | Spearman@80: 0.9132 | Kendall@80: 0.7652
Epoch 141/150 | Train Loss: 0.0138 | Epoch Time: 0.63s | Spearman@80: 0.9147 | Kendall@80: 0.7697
Epoch 142/150 | Train Loss: 0.0155 | Epoch Time: 0.62s | Spearman@80: 0.9119 | Kendall@80: 0.7616
Epoch 143/150 | Train Loss: 0.0201 | Epoch Time: 0.62s | Spearman@80: 0.9162 | Kendall@80: 0.7737
Epoch 144/150 | Train Loss: 0.0209 | Epoch Time: 0.61s | Spearman@80: 0.9126 | Kendall@80: 0.7654
Epoch 145/150 | Train Loss: 0.0134 | Epoch Time: 0.62s | Spearman@80: 0.9122 | Kendall@80: 0.7616
Epoch 146/150 | Train Loss: 0.0185 | Epoch Time: 0.62s | Spearman@80: 0.9161 | Kendall@80: 0.7705
Epoch 147/150 | Train Loss: 0.0136 | Epoch Time: 2.00s | Spearman@15496: 0.9329 | Kendall@15496: 0.7894
Epoch 148/150 | Train Loss: 0.0175 | Epoch Time: 1.73s | Spearman@15496: 0.9326 | Kendall@15496: 0.7895
Epoch 149/150 | Train Loss: 0.0205 | Epoch Time: 1.71s | Spearman@15496: 0.9323 | Kendall@15496: 0.7878
Epoch 150/150 | Train Loss: 0.0188 | Epoch Time: 1.72s | Spearman@15496: 0.9320 | Kendall@15496: 0.7878
Sample Count: 128, Spearman: 0.9324575599807056, Kendall: 0.7886001098994799
{64: (0.9317494405955183, 0.790574726437048),
 128: (0.9324575599807056, 0.7886001098994799)}
Average KDT:  0.7881805437032329
Variance KDT:  0.0003064577783453303
Average SPR:  0.9286554946331137
Variance SPR:  0.00020881320580456994
Average KDT:  0.7953371583602448
Variance KDT:  0.0005481075309698914
Average SPR:  0.9341300153502868
Variance SPR:  0.00017794396663086724
