Loading files for NASBench201...
Normalizing ZCP dict
try to create the NAS-Bench-201 api from /home/ya255/projects/flan_hardware/nas_embedding_suite/embedding_datasets/NAS-Bench-201-v1_1-096897.pth
Loaded files in:  60.87490725517273  seconds
Loading cache for NASBench-201 speedup!!...
Loading cache for NASBench-201 speedup!!...
Epoch 1/150 | Train Loss: 0.0954 | Epoch Time: 1.21s | Spearman@80: 0.3588 | Kendall@80: 0.2489
Epoch 2/150 | Train Loss: 0.0720 | Epoch Time: 0.33s | Spearman@80: 0.4674 | Kendall@80: 0.3303
Epoch 3/150 | Train Loss: 0.0581 | Epoch Time: 0.33s | Spearman@80: 0.8285 | Kendall@80: 0.6465
Epoch 4/150 | Train Loss: 0.0446 | Epoch Time: 0.31s | Spearman@80: 0.8602 | Kendall@80: 0.6922
Epoch 5/150 | Train Loss: 0.0445 | Epoch Time: 0.31s | Spearman@80: 0.9168 | Kendall@80: 0.7442
Epoch 6/150 | Train Loss: 0.0501 | Epoch Time: 0.31s | Spearman@80: 0.9216 | Kendall@80: 0.7553
Epoch 7/150 | Train Loss: 0.0370 | Epoch Time: 0.31s | Spearman@80: 0.9214 | Kendall@80: 0.7521
Epoch 8/150 | Train Loss: 0.0334 | Epoch Time: 0.31s | Spearman@80: 0.9115 | Kendall@80: 0.7426
Epoch 9/150 | Train Loss: 0.0372 | Epoch Time: 0.31s | Spearman@80: 0.9030 | Kendall@80: 0.7254
Epoch 10/150 | Train Loss: 0.0322 | Epoch Time: 0.30s | Spearman@80: 0.8915 | Kendall@80: 0.7061
Epoch 11/150 | Train Loss: 0.0352 | Epoch Time: 0.31s | Spearman@80: 0.9114 | Kendall@80: 0.7470
Epoch 12/150 | Train Loss: 0.0347 | Epoch Time: 0.31s | Spearman@80: 0.9311 | Kendall@80: 0.7677
Epoch 13/150 | Train Loss: 0.0351 | Epoch Time: 0.31s | Spearman@80: 0.9258 | Kendall@80: 0.7608
Epoch 14/150 | Train Loss: 0.0351 | Epoch Time: 0.31s | Spearman@80: 0.9275 | Kendall@80: 0.7658
Epoch 15/150 | Train Loss: 0.0309 | Epoch Time: 0.31s | Spearman@80: 0.9310 | Kendall@80: 0.7722
Epoch 16/150 | Train Loss: 0.0272 | Epoch Time: 0.31s | Spearman@80: 0.9308 | Kendall@80: 0.7747
Epoch 17/150 | Train Loss: 0.0260 | Epoch Time: 0.31s | Spearman@80: 0.9334 | Kendall@80: 0.7779
Epoch 18/150 | Train Loss: 0.0370 | Epoch Time: 0.31s | Spearman@80: 0.9278 | Kendall@80: 0.7735
Epoch 19/150 | Train Loss: 0.0362 | Epoch Time: 0.31s | Spearman@80: 0.9368 | Kendall@80: 0.7938
Epoch 20/150 | Train Loss: 0.0391 | Epoch Time: 0.32s | Spearman@80: 0.9293 | Kendall@80: 0.7769
Epoch 21/150 | Train Loss: 0.0266 | Epoch Time: 0.32s | Spearman@80: 0.9269 | Kendall@80: 0.7665
Epoch 22/150 | Train Loss: 0.0269 | Epoch Time: 0.31s | Spearman@80: 0.9354 | Kendall@80: 0.7864
Epoch 23/150 | Train Loss: 0.0325 | Epoch Time: 0.31s | Spearman@80: 0.9353 | Kendall@80: 0.7883
Epoch 24/150 | Train Loss: 0.0269 | Epoch Time: 0.32s | Spearman@80: 0.9425 | Kendall@80: 0.8067
Epoch 25/150 | Train Loss: 0.0308 | Epoch Time: 0.31s | Spearman@80: 0.9350 | Kendall@80: 0.7858
Epoch 26/150 | Train Loss: 0.0371 | Epoch Time: 0.32s | Spearman@80: 0.9304 | Kendall@80: 0.7705
Epoch 27/150 | Train Loss: 0.0348 | Epoch Time: 0.31s | Spearman@80: 0.9413 | Kendall@80: 0.8029
Epoch 28/150 | Train Loss: 0.0230 | Epoch Time: 0.31s | Spearman@80: 0.9368 | Kendall@80: 0.7931
Epoch 29/150 | Train Loss: 0.0356 | Epoch Time: 0.31s | Spearman@80: 0.9347 | Kendall@80: 0.7870
Epoch 30/150 | Train Loss: 0.0240 | Epoch Time: 0.31s | Spearman@80: 0.9265 | Kendall@80: 0.7604
Epoch 31/150 | Train Loss: 0.0282 | Epoch Time: 0.31s | Spearman@80: 0.9392 | Kendall@80: 0.7883
Epoch 32/150 | Train Loss: 0.0200 | Epoch Time: 0.30s | Spearman@80: 0.9420 | Kendall@80: 0.8055
Epoch 33/150 | Train Loss: 0.0265 | Epoch Time: 0.31s | Spearman@80: 0.9350 | Kendall@80: 0.7839
Epoch 34/150 | Train Loss: 0.0285 | Epoch Time: 0.30s | Spearman@80: 0.9314 | Kendall@80: 0.7785
Epoch 35/150 | Train Loss: 0.0297 | Epoch Time: 0.31s | Spearman@80: 0.9295 | Kendall@80: 0.7756
Epoch 36/150 | Train Loss: 0.0300 | Epoch Time: 0.31s | Spearman@80: 0.9393 | Kendall@80: 0.7940
Epoch 37/150 | Train Loss: 0.0251 | Epoch Time: 0.31s | Spearman@80: 0.9164 | Kendall@80: 0.7527
Epoch 38/150 | Train Loss: 0.0202 | Epoch Time: 0.31s | Spearman@80: 0.9247 | Kendall@80: 0.7627
Epoch 39/150 | Train Loss: 0.0307 | Epoch Time: 0.30s | Spearman@80: 0.9202 | Kendall@80: 0.7566
Epoch 40/150 | Train Loss: 0.0292 | Epoch Time: 0.32s | Spearman@80: 0.9344 | Kendall@80: 0.7919
Epoch 41/150 | Train Loss: 0.0276 | Epoch Time: 0.31s | Spearman@80: 0.9356 | Kendall@80: 0.7864
Epoch 42/150 | Train Loss: 0.0238 | Epoch Time: 0.31s | Spearman@80: 0.9349 | Kendall@80: 0.7792
Epoch 43/150 | Train Loss: 0.0238 | Epoch Time: 0.31s | Spearman@80: 0.9280 | Kendall@80: 0.7658
Epoch 44/150 | Train Loss: 0.0318 | Epoch Time: 0.31s | Spearman@80: 0.9341 | Kendall@80: 0.7826
Epoch 45/150 | Train Loss: 0.0238 | Epoch Time: 0.31s | Spearman@80: 0.9350 | Kendall@80: 0.7887
Epoch 46/150 | Train Loss: 0.0250 | Epoch Time: 0.31s | Spearman@80: 0.9320 | Kendall@80: 0.7762
Epoch 47/150 | Train Loss: 0.0304 | Epoch Time: 0.31s | Spearman@80: 0.9433 | Kendall@80: 0.8008
Epoch 48/150 | Train Loss: 0.0246 | Epoch Time: 0.32s | Spearman@80: 0.9385 | Kendall@80: 0.7921
Epoch 49/150 | Train Loss: 0.0282 | Epoch Time: 0.31s | Spearman@80: 0.9443 | Kendall@80: 0.8163
Epoch 50/150 | Train Loss: 0.0284 | Epoch Time: 0.31s | Spearman@80: 0.9442 | Kendall@80: 0.8118
Epoch 51/150 | Train Loss: 0.0214 | Epoch Time: 0.32s | Spearman@80: 0.9355 | Kendall@80: 0.7851
Epoch 52/150 | Train Loss: 0.0265 | Epoch Time: 0.31s | Spearman@80: 0.9482 | Kendall@80: 0.8156
Epoch 53/150 | Train Loss: 0.0164 | Epoch Time: 0.31s | Spearman@80: 0.9502 | Kendall@80: 0.8137
Epoch 54/150 | Train Loss: 0.0214 | Epoch Time: 0.31s | Spearman@80: 0.9474 | Kendall@80: 0.8055
Epoch 55/150 | Train Loss: 0.0331 | Epoch Time: 0.31s | Spearman@80: 0.9369 | Kendall@80: 0.7870
Epoch 56/150 | Train Loss: 0.0308 | Epoch Time: 0.32s | Spearman@80: 0.9191 | Kendall@80: 0.7546
Epoch 57/150 | Train Loss: 0.0200 | Epoch Time: 0.31s | Spearman@80: 0.9351 | Kendall@80: 0.7890
Epoch 58/150 | Train Loss: 0.0189 | Epoch Time: 0.32s | Spearman@80: 0.9464 | Kendall@80: 0.8105
Epoch 59/150 | Train Loss: 0.0242 | Epoch Time: 0.31s | Spearman@80: 0.9455 | Kendall@80: 0.8061
Epoch 60/150 | Train Loss: 0.0214 | Epoch Time: 0.31s | Spearman@80: 0.9488 | Kendall@80: 0.8086
Epoch 61/150 | Train Loss: 0.0232 | Epoch Time: 0.31s | Spearman@80: 0.9366 | Kendall@80: 0.7820
Epoch 62/150 | Train Loss: 0.0172 | Epoch Time: 0.31s | Spearman@80: 0.9331 | Kendall@80: 0.7754
Epoch 63/150 | Train Loss: 0.0293 | Epoch Time: 0.31s | Spearman@80: 0.9377 | Kendall@80: 0.7887
Epoch 64/150 | Train Loss: 0.0273 | Epoch Time: 0.30s | Spearman@80: 0.9449 | Kendall@80: 0.8061
Epoch 65/150 | Train Loss: 0.0260 | Epoch Time: 0.31s | Spearman@80: 0.9415 | Kendall@80: 0.7978
Epoch 66/150 | Train Loss: 0.0174 | Epoch Time: 0.31s | Spearman@80: 0.9429 | Kendall@80: 0.8023
Epoch 67/150 | Train Loss: 0.0190 | Epoch Time: 0.31s | Spearman@80: 0.9449 | Kendall@80: 0.7998
Epoch 68/150 | Train Loss: 0.0177 | Epoch Time: 0.32s | Spearman@80: 0.9483 | Kendall@80: 0.8099
Epoch 69/150 | Train Loss: 0.0263 | Epoch Time: 0.31s | Spearman@80: 0.9418 | Kendall@80: 0.7963
Epoch 70/150 | Train Loss: 0.0271 | Epoch Time: 0.31s | Spearman@80: 0.9435 | Kendall@80: 0.7934
Epoch 71/150 | Train Loss: 0.0215 | Epoch Time: 0.31s | Spearman@80: 0.9476 | Kendall@80: 0.8067
Epoch 72/150 | Train Loss: 0.0173 | Epoch Time: 0.32s | Spearman@80: 0.9341 | Kendall@80: 0.7817
Epoch 73/150 | Train Loss: 0.0235 | Epoch Time: 0.31s | Spearman@80: 0.9414 | Kendall@80: 0.7934
Epoch 74/150 | Train Loss: 0.0202 | Epoch Time: 0.31s | Spearman@80: 0.9413 | Kendall@80: 0.7896
Epoch 75/150 | Train Loss: 0.0207 | Epoch Time: 0.31s | Spearman@80: 0.9443 | Kendall@80: 0.7970
Epoch 76/150 | Train Loss: 0.0268 | Epoch Time: 0.31s | Spearman@80: 0.9525 | Kendall@80: 0.8147
Epoch 77/150 | Train Loss: 0.0172 | Epoch Time: 0.31s | Spearman@80: 0.9377 | Kendall@80: 0.7830
Epoch 78/150 | Train Loss: 0.0174 | Epoch Time: 0.32s | Spearman@80: 0.9443 | Kendall@80: 0.7963
Epoch 79/150 | Train Loss: 0.0200 | Epoch Time: 0.31s | Spearman@80: 0.9520 | Kendall@80: 0.8137
Epoch 80/150 | Train Loss: 0.0185 | Epoch Time: 0.31s | Spearman@80: 0.9479 | Kendall@80: 0.8074
Epoch 81/150 | Train Loss: 0.0165 | Epoch Time: 0.31s | Spearman@80: 0.9395 | Kendall@80: 0.7883
Epoch 82/150 | Train Loss: 0.0164 | Epoch Time: 0.31s | Spearman@80: 0.9491 | Kendall@80: 0.8156
Epoch 83/150 | Train Loss: 0.0167 | Epoch Time: 0.31s | Spearman@80: 0.9431 | Kendall@80: 0.8017
Epoch 84/150 | Train Loss: 0.0184 | Epoch Time: 0.31s | Spearman@80: 0.9346 | Kendall@80: 0.7817
Epoch 85/150 | Train Loss: 0.0185 | Epoch Time: 0.32s | Spearman@80: 0.9466 | Kendall@80: 0.8033
Epoch 86/150 | Train Loss: 0.0199 | Epoch Time: 0.31s | Spearman@80: 0.9468 | Kendall@80: 0.8001
Epoch 87/150 | Train Loss: 0.0129 | Epoch Time: 0.31s | Spearman@80: 0.9506 | Kendall@80: 0.8116
Epoch 88/150 | Train Loss: 0.0183 | Epoch Time: 0.31s | Spearman@80: 0.9492 | Kendall@80: 0.8078
Epoch 89/150 | Train Loss: 0.0144 | Epoch Time: 0.32s | Spearman@80: 0.9497 | Kendall@80: 0.8125
Epoch 90/150 | Train Loss: 0.0122 | Epoch Time: 0.31s | Spearman@80: 0.9473 | Kendall@80: 0.8029
Epoch 91/150 | Train Loss: 0.0178 | Epoch Time: 0.31s | Spearman@80: 0.9446 | Kendall@80: 0.7934
Epoch 92/150 | Train Loss: 0.0184 | Epoch Time: 0.31s | Spearman@80: 0.9471 | Kendall@80: 0.8061
Epoch 93/150 | Train Loss: 0.0162 | Epoch Time: 0.32s | Spearman@80: 0.9510 | Kendall@80: 0.8131
Epoch 94/150 | Train Loss: 0.0131 | Epoch Time: 0.31s | Spearman@80: 0.9500 | Kendall@80: 0.8112
Epoch 95/150 | Train Loss: 0.0148 | Epoch Time: 0.31s | Spearman@80: 0.9403 | Kendall@80: 0.7870
Epoch 96/150 | Train Loss: 0.0130 | Epoch Time: 0.32s | Spearman@80: 0.9400 | Kendall@80: 0.7900
Epoch 97/150 | Train Loss: 0.0130 | Epoch Time: 0.31s | Spearman@80: 0.9492 | Kendall@80: 0.8090
Epoch 98/150 | Train Loss: 0.0164 | Epoch Time: 0.31s | Spearman@80: 0.9454 | Kendall@80: 0.8042
Epoch 99/150 | Train Loss: 0.0174 | Epoch Time: 0.30s | Spearman@80: 0.9469 | Kendall@80: 0.8061
Epoch 100/150 | Train Loss: 0.0178 | Epoch Time: 0.32s | Spearman@80: 0.9439 | Kendall@80: 0.7991
Epoch 101/150 | Train Loss: 0.0197 | Epoch Time: 0.31s | Spearman@80: 0.9460 | Kendall@80: 0.8036
Epoch 102/150 | Train Loss: 0.0201 | Epoch Time: 0.31s | Spearman@80: 0.9512 | Kendall@80: 0.8125
Epoch 103/150 | Train Loss: 0.0175 | Epoch Time: 0.31s | Spearman@80: 0.9501 | Kendall@80: 0.8099
Epoch 104/150 | Train Loss: 0.0153 | Epoch Time: 0.31s | Spearman@80: 0.9517 | Kendall@80: 0.8131
Epoch 105/150 | Train Loss: 0.0107 | Epoch Time: 0.31s | Spearman@80: 0.9540 | Kendall@80: 0.8182
Epoch 106/150 | Train Loss: 0.0161 | Epoch Time: 0.31s | Spearman@80: 0.9453 | Kendall@80: 0.8017
Epoch 107/150 | Train Loss: 0.0183 | Epoch Time: 0.31s | Spearman@80: 0.9450 | Kendall@80: 0.8033
Epoch 108/150 | Train Loss: 0.0116 | Epoch Time: 0.32s | Spearman@80: 0.9477 | Kendall@80: 0.8078
Epoch 109/150 | Train Loss: 0.0141 | Epoch Time: 0.31s | Spearman@80: 0.9467 | Kendall@80: 0.8061
Epoch 110/150 | Train Loss: 0.0092 | Epoch Time: 0.31s | Spearman@80: 0.9373 | Kendall@80: 0.7864
Epoch 111/150 | Train Loss: 0.0208 | Epoch Time: 0.31s | Spearman@80: 0.9467 | Kendall@80: 0.8061
Epoch 112/150 | Train Loss: 0.0207 | Epoch Time: 0.30s | Spearman@80: 0.9439 | Kendall@80: 0.8014
Epoch 113/150 | Train Loss: 0.0164 | Epoch Time: 0.31s | Spearman@80: 0.9381 | Kendall@80: 0.7881
Epoch 114/150 | Train Loss: 0.0158 | Epoch Time: 0.30s | Spearman@80: 0.9387 | Kendall@80: 0.7921
Epoch 115/150 | Train Loss: 0.0131 | Epoch Time: 0.31s | Spearman@80: 0.9461 | Kendall@80: 0.8046
Epoch 116/150 | Train Loss: 0.0134 | Epoch Time: 0.30s | Spearman@80: 0.9510 | Kendall@80: 0.8163
Epoch 117/150 | Train Loss: 0.0116 | Epoch Time: 0.31s | Spearman@80: 0.9479 | Kendall@80: 0.8109
Epoch 118/150 | Train Loss: 0.0130 | Epoch Time: 0.31s | Spearman@80: 0.9391 | Kendall@80: 0.7902
Epoch 119/150 | Train Loss: 0.0128 | Epoch Time: 0.31s | Spearman@80: 0.9393 | Kendall@80: 0.7931
Epoch 120/150 | Train Loss: 0.0159 | Epoch Time: 0.31s | Spearman@80: 0.9447 | Kendall@80: 0.8017
Epoch 121/150 | Train Loss: 0.0159 | Epoch Time: 0.30s | Spearman@80: 0.9435 | Kendall@80: 0.8008
Epoch 122/150 | Train Loss: 0.0219 | Epoch Time: 0.31s | Spearman@80: 0.9465 | Kendall@80: 0.8074
Epoch 123/150 | Train Loss: 0.0131 | Epoch Time: 0.31s | Spearman@80: 0.9472 | Kendall@80: 0.8116
Epoch 124/150 | Train Loss: 0.0124 | Epoch Time: 0.31s | Spearman@80: 0.9461 | Kendall@80: 0.8074
Epoch 125/150 | Train Loss: 0.0153 | Epoch Time: 0.31s | Spearman@80: 0.9451 | Kendall@80: 0.8055
Epoch 126/150 | Train Loss: 0.0105 | Epoch Time: 0.30s | Spearman@80: 0.9455 | Kendall@80: 0.8058
Epoch 127/150 | Train Loss: 0.0162 | Epoch Time: 0.31s | Spearman@80: 0.9458 | Kendall@80: 0.8090
Epoch 128/150 | Train Loss: 0.0154 | Epoch Time: 0.32s | Spearman@80: 0.9458 | Kendall@80: 0.8071
Epoch 129/150 | Train Loss: 0.0102 | Epoch Time: 0.31s | Spearman@80: 0.9470 | Kendall@80: 0.8074
Epoch 130/150 | Train Loss: 0.0127 | Epoch Time: 0.31s | Spearman@80: 0.9481 | Kendall@80: 0.8078
Epoch 131/150 | Train Loss: 0.0107 | Epoch Time: 0.31s | Spearman@80: 0.9484 | Kendall@80: 0.8090
Epoch 132/150 | Train Loss: 0.0142 | Epoch Time: 0.31s | Spearman@80: 0.9486 | Kendall@80: 0.8074
Epoch 133/150 | Train Loss: 0.0144 | Epoch Time: 0.30s | Spearman@80: 0.9463 | Kendall@80: 0.8036
Epoch 134/150 | Train Loss: 0.0141 | Epoch Time: 0.31s | Spearman@80: 0.9471 | Kendall@80: 0.8055
Epoch 135/150 | Train Loss: 0.0088 | Epoch Time: 0.30s | Spearman@80: 0.9467 | Kendall@80: 0.8042
Epoch 136/150 | Train Loss: 0.0143 | Epoch Time: 0.31s | Spearman@80: 0.9461 | Kendall@80: 0.8048
Epoch 137/150 | Train Loss: 0.0138 | Epoch Time: 0.30s | Spearman@80: 0.9466 | Kendall@80: 0.8055
Epoch 138/150 | Train Loss: 0.0072 | Epoch Time: 0.31s | Spearman@80: 0.9461 | Kendall@80: 0.8055
Epoch 139/150 | Train Loss: 0.0119 | Epoch Time: 0.31s | Spearman@80: 0.9476 | Kendall@80: 0.8067
Epoch 140/150 | Train Loss: 0.0129 | Epoch Time: 0.31s | Spearman@80: 0.9460 | Kendall@80: 0.8048
Epoch 141/150 | Train Loss: 0.0145 | Epoch Time: 0.30s | Spearman@80: 0.9456 | Kendall@80: 0.8042
Epoch 142/150 | Train Loss: 0.0096 | Epoch Time: 0.31s | Spearman@80: 0.9464 | Kendall@80: 0.8042
Epoch 143/150 | Train Loss: 0.0131 | Epoch Time: 0.31s | Spearman@80: 0.9460 | Kendall@80: 0.8042
Epoch 144/150 | Train Loss: 0.0138 | Epoch Time: 0.30s | Spearman@80: 0.9460 | Kendall@80: 0.8036
Epoch 145/150 | Train Loss: 0.0126 | Epoch Time: 0.31s | Spearman@80: 0.9462 | Kendall@80: 0.8027
Epoch 146/150 | Train Loss: 0.0133 | Epoch Time: 0.30s | Spearman@80: 0.9463 | Kendall@80: 0.8036
Epoch 147/150 | Train Loss: 0.0137 | Epoch Time: 1.51s | Spearman@15560: 0.9244 | Kendall@15560: 0.7664
Epoch 148/150 | Train Loss: 0.0119 | Epoch Time: 1.42s | Spearman@15560: 0.9244 | Kendall@15560: 0.7663
Epoch 149/150 | Train Loss: 0.0129 | Epoch Time: 1.43s | Spearman@15560: 0.9245 | Kendall@15560: 0.7665
Epoch 150/150 | Train Loss: 0.0127 | Epoch Time: 1.44s | Spearman@15560: 0.9245 | Kendall@15560: 0.7663
Sample Count: 64, Spearman: 0.9244829705281693, Kendall: 0.766392602928212
{64: (0.9244829705281693, 0.766392602928212)}
Epoch 1/150 | Train Loss: 0.0848 | Epoch Time: 0.64s | Spearman@80: 0.5874 | Kendall@80: 0.4282
Epoch 2/150 | Train Loss: 0.0595 | Epoch Time: 0.63s | Spearman@80: 0.9127 | Kendall@80: 0.7460
Epoch 3/150 | Train Loss: 0.0452 | Epoch Time: 0.63s | Spearman@80: 0.9150 | Kendall@80: 0.7508
Epoch 4/150 | Train Loss: 0.0402 | Epoch Time: 0.63s | Spearman@80: 0.9105 | Kendall@80: 0.7439
Epoch 5/150 | Train Loss: 0.0428 | Epoch Time: 0.63s | Spearman@80: 0.9333 | Kendall@80: 0.7853
Epoch 6/150 | Train Loss: 0.0358 | Epoch Time: 0.63s | Spearman@80: 0.9255 | Kendall@80: 0.7705
Epoch 7/150 | Train Loss: 0.0390 | Epoch Time: 0.63s | Spearman@80: 0.9129 | Kendall@80: 0.7542
Epoch 8/150 | Train Loss: 0.0335 | Epoch Time: 0.64s | Spearman@80: 0.8356 | Kendall@80: 0.6322
Epoch 9/150 | Train Loss: 0.0357 | Epoch Time: 0.63s | Spearman@80: 0.9314 | Kendall@80: 0.7783
Epoch 10/150 | Train Loss: 0.0380 | Epoch Time: 0.63s | Spearman@80: 0.9248 | Kendall@80: 0.7751
Epoch 11/150 | Train Loss: 0.0356 | Epoch Time: 0.63s | Spearman@80: 0.9359 | Kendall@80: 0.7914
Epoch 12/150 | Train Loss: 0.0362 | Epoch Time: 0.63s | Spearman@80: 0.9081 | Kendall@80: 0.7529
Epoch 13/150 | Train Loss: 0.0337 | Epoch Time: 0.64s | Spearman@80: 0.9276 | Kendall@80: 0.7701
Epoch 14/150 | Train Loss: 0.0309 | Epoch Time: 0.64s | Spearman@80: 0.9301 | Kendall@80: 0.7800
Epoch 15/150 | Train Loss: 0.0352 | Epoch Time: 0.64s | Spearman@80: 0.9343 | Kendall@80: 0.7864
Epoch 16/150 | Train Loss: 0.0402 | Epoch Time: 0.63s | Spearman@80: 0.9365 | Kendall@80: 0.7948
Epoch 17/150 | Train Loss: 0.0373 | Epoch Time: 0.64s | Spearman@80: 0.9366 | Kendall@80: 0.7933
Epoch 18/150 | Train Loss: 0.0316 | Epoch Time: 0.64s | Spearman@80: 0.9191 | Kendall@80: 0.7644
Epoch 19/150 | Train Loss: 0.0339 | Epoch Time: 0.64s | Spearman@80: 0.9356 | Kendall@80: 0.7857
Epoch 20/150 | Train Loss: 0.0305 | Epoch Time: 0.64s | Spearman@80: 0.9246 | Kendall@80: 0.7694
Epoch 21/150 | Train Loss: 0.0379 | Epoch Time: 0.64s | Spearman@80: 0.9372 | Kendall@80: 0.7923
Epoch 22/150 | Train Loss: 0.0377 | Epoch Time: 0.64s | Spearman@80: 0.9319 | Kendall@80: 0.7826
Epoch 23/150 | Train Loss: 0.0397 | Epoch Time: 0.64s | Spearman@80: 0.9223 | Kendall@80: 0.7713
Epoch 24/150 | Train Loss: 0.0356 | Epoch Time: 0.64s | Spearman@80: 0.9288 | Kendall@80: 0.7813
Epoch 25/150 | Train Loss: 0.0306 | Epoch Time: 0.65s | Spearman@80: 0.9278 | Kendall@80: 0.7800
Epoch 26/150 | Train Loss: 0.0304 | Epoch Time: 0.64s | Spearman@80: 0.9385 | Kendall@80: 0.7929
Epoch 27/150 | Train Loss: 0.0292 | Epoch Time: 0.63s | Spearman@80: 0.9326 | Kendall@80: 0.7902
Epoch 28/150 | Train Loss: 0.0377 | Epoch Time: 0.64s | Spearman@80: 0.9191 | Kendall@80: 0.7578
Epoch 29/150 | Train Loss: 0.0335 | Epoch Time: 0.64s | Spearman@80: 0.9263 | Kendall@80: 0.7749
Epoch 30/150 | Train Loss: 0.0359 | Epoch Time: 0.63s | Spearman@80: 0.8861 | Kendall@80: 0.7244
Epoch 31/150 | Train Loss: 0.0287 | Epoch Time: 0.64s | Spearman@80: 0.9323 | Kendall@80: 0.7794
Epoch 32/150 | Train Loss: 0.0328 | Epoch Time: 0.65s | Spearman@80: 0.9087 | Kendall@80: 0.7515
Epoch 33/150 | Train Loss: 0.0410 | Epoch Time: 0.63s | Spearman@80: 0.9344 | Kendall@80: 0.7864
Epoch 34/150 | Train Loss: 0.0310 | Epoch Time: 0.65s | Spearman@80: 0.9381 | Kendall@80: 0.7978
Epoch 35/150 | Train Loss: 0.0337 | Epoch Time: 0.63s | Spearman@80: 0.9029 | Kendall@80: 0.7314
Epoch 36/150 | Train Loss: 0.0338 | Epoch Time: 0.64s | Spearman@80: 0.9365 | Kendall@80: 0.7935
Epoch 37/150 | Train Loss: 0.0386 | Epoch Time: 0.64s | Spearman@80: 0.9045 | Kendall@80: 0.7439
Epoch 38/150 | Train Loss: 0.0349 | Epoch Time: 0.65s | Spearman@80: 0.9379 | Kendall@80: 0.7883
Epoch 39/150 | Train Loss: 0.0333 | Epoch Time: 0.64s | Spearman@80: 0.9041 | Kendall@80: 0.7483
Epoch 40/150 | Train Loss: 0.0358 | Epoch Time: 0.64s | Spearman@80: 0.9363 | Kendall@80: 0.7853
Epoch 41/150 | Train Loss: 0.0320 | Epoch Time: 0.64s | Spearman@80: 0.9347 | Kendall@80: 0.7902
Epoch 42/150 | Train Loss: 0.0289 | Epoch Time: 0.63s | Spearman@80: 0.9346 | Kendall@80: 0.7883
Epoch 43/150 | Train Loss: 0.0261 | Epoch Time: 0.65s | Spearman@80: 0.9188 | Kendall@80: 0.7770
Epoch 44/150 | Train Loss: 0.0297 | Epoch Time: 0.64s | Spearman@80: 0.9313 | Kendall@80: 0.7891
Epoch 45/150 | Train Loss: 0.0261 | Epoch Time: 0.64s | Spearman@80: 0.9412 | Kendall@80: 0.8060
Epoch 46/150 | Train Loss: 0.0296 | Epoch Time: 0.63s | Spearman@80: 0.9343 | Kendall@80: 0.7916
Epoch 47/150 | Train Loss: 0.0295 | Epoch Time: 0.64s | Spearman@80: 0.8972 | Kendall@80: 0.7343
Epoch 48/150 | Train Loss: 0.0321 | Epoch Time: 0.63s | Spearman@80: 0.8919 | Kendall@80: 0.7223
Epoch 49/150 | Train Loss: 0.0268 | Epoch Time: 0.64s | Spearman@80: 0.9343 | Kendall@80: 0.7832
Epoch 50/150 | Train Loss: 0.0327 | Epoch Time: 0.63s | Spearman@80: 0.9055 | Kendall@80: 0.7597
Epoch 51/150 | Train Loss: 0.0365 | Epoch Time: 0.64s | Spearman@80: 0.9360 | Kendall@80: 0.7921
Epoch 52/150 | Train Loss: 0.0329 | Epoch Time: 0.63s | Spearman@80: 0.9243 | Kendall@80: 0.7815
Epoch 53/150 | Train Loss: 0.0255 | Epoch Time: 0.63s | Spearman@80: 0.9393 | Kendall@80: 0.8079
Epoch 54/150 | Train Loss: 0.0290 | Epoch Time: 0.63s | Spearman@80: 0.9374 | Kendall@80: 0.8035
Epoch 55/150 | Train Loss: 0.0294 | Epoch Time: 0.64s | Spearman@80: 0.9308 | Kendall@80: 0.7832
Epoch 56/150 | Train Loss: 0.0288 | Epoch Time: 0.63s | Spearman@80: 0.9312 | Kendall@80: 0.7891
Epoch 57/150 | Train Loss: 0.0265 | Epoch Time: 0.64s | Spearman@80: 0.9422 | Kendall@80: 0.8124
Epoch 58/150 | Train Loss: 0.0275 | Epoch Time: 0.64s | Spearman@80: 0.9213 | Kendall@80: 0.7807
Epoch 59/150 | Train Loss: 0.0312 | Epoch Time: 0.64s | Spearman@80: 0.9296 | Kendall@80: 0.7889
Epoch 60/150 | Train Loss: 0.0276 | Epoch Time: 0.64s | Spearman@80: 0.9347 | Kendall@80: 0.8016
Epoch 61/150 | Train Loss: 0.0228 | Epoch Time: 0.64s | Spearman@80: 0.8918 | Kendall@80: 0.7295
Epoch 62/150 | Train Loss: 0.0332 | Epoch Time: 0.64s | Spearman@80: 0.9236 | Kendall@80: 0.7661
Epoch 63/150 | Train Loss: 0.0352 | Epoch Time: 0.63s | Spearman@80: 0.9216 | Kendall@80: 0.7770
Epoch 64/150 | Train Loss: 0.0322 | Epoch Time: 0.64s | Spearman@80: 0.9198 | Kendall@80: 0.7663
Epoch 65/150 | Train Loss: 0.0325 | Epoch Time: 0.65s | Spearman@80: 0.9189 | Kendall@80: 0.7661
Epoch 66/150 | Train Loss: 0.0289 | Epoch Time: 0.63s | Spearman@80: 0.9347 | Kendall@80: 0.7923
Epoch 67/150 | Train Loss: 0.0297 | Epoch Time: 0.64s | Spearman@80: 0.9259 | Kendall@80: 0.7783
Epoch 68/150 | Train Loss: 0.0262 | Epoch Time: 0.63s | Spearman@80: 0.9212 | Kendall@80: 0.7701
Epoch 69/150 | Train Loss: 0.0271 | Epoch Time: 0.64s | Spearman@80: 0.9263 | Kendall@80: 0.7870
Epoch 70/150 | Train Loss: 0.0250 | Epoch Time: 0.63s | Spearman@80: 0.9287 | Kendall@80: 0.7929
Epoch 71/150 | Train Loss: 0.0315 | Epoch Time: 0.64s | Spearman@80: 0.9231 | Kendall@80: 0.7673
Epoch 72/150 | Train Loss: 0.0247 | Epoch Time: 0.65s | Spearman@80: 0.9014 | Kendall@80: 0.7521
Epoch 73/150 | Train Loss: 0.0207 | Epoch Time: 0.63s | Spearman@80: 0.9417 | Kendall@80: 0.8100
Epoch 74/150 | Train Loss: 0.0240 | Epoch Time: 0.64s | Spearman@80: 0.9143 | Kendall@80: 0.7777
Epoch 75/150 | Train Loss: 0.0239 | Epoch Time: 0.64s | Spearman@80: 0.9154 | Kendall@80: 0.7635
Epoch 76/150 | Train Loss: 0.0232 | Epoch Time: 0.64s | Spearman@80: 0.9186 | Kendall@80: 0.7661
Epoch 77/150 | Train Loss: 0.0247 | Epoch Time: 0.64s | Spearman@80: 0.9201 | Kendall@80: 0.7726
Epoch 78/150 | Train Loss: 0.0250 | Epoch Time: 0.64s | Spearman@80: 0.9361 | Kendall@80: 0.7992
Epoch 79/150 | Train Loss: 0.0283 | Epoch Time: 0.63s | Spearman@80: 0.9270 | Kendall@80: 0.7808
Epoch 80/150 | Train Loss: 0.0258 | Epoch Time: 0.64s | Spearman@80: 0.9221 | Kendall@80: 0.7713
Epoch 81/150 | Train Loss: 0.0295 | Epoch Time: 0.64s | Spearman@80: 0.9365 | Kendall@80: 0.8003
Epoch 82/150 | Train Loss: 0.0249 | Epoch Time: 0.63s | Spearman@80: 0.9234 | Kendall@80: 0.7859
Epoch 83/150 | Train Loss: 0.0205 | Epoch Time: 0.63s | Spearman@80: 0.9225 | Kendall@80: 0.7827
Epoch 84/150 | Train Loss: 0.0260 | Epoch Time: 0.64s | Spearman@80: 0.9184 | Kendall@80: 0.7730
Epoch 85/150 | Train Loss: 0.0256 | Epoch Time: 0.64s | Spearman@80: 0.9313 | Kendall@80: 0.7952
Epoch 86/150 | Train Loss: 0.0268 | Epoch Time: 0.64s | Spearman@80: 0.9282 | Kendall@80: 0.7883
Epoch 87/150 | Train Loss: 0.0243 | Epoch Time: 0.63s | Spearman@80: 0.9288 | Kendall@80: 0.7859
Epoch 88/150 | Train Loss: 0.0242 | Epoch Time: 0.63s | Spearman@80: 0.9220 | Kendall@80: 0.7775
Epoch 89/150 | Train Loss: 0.0259 | Epoch Time: 0.63s | Spearman@80: 0.9280 | Kendall@80: 0.7789
Epoch 90/150 | Train Loss: 0.0230 | Epoch Time: 0.64s | Spearman@80: 0.9174 | Kendall@80: 0.7796
Epoch 91/150 | Train Loss: 0.0194 | Epoch Time: 0.63s | Spearman@80: 0.9432 | Kendall@80: 0.8117
Epoch 92/150 | Train Loss: 0.0263 | Epoch Time: 0.63s | Spearman@80: 0.9367 | Kendall@80: 0.8024
Epoch 93/150 | Train Loss: 0.0239 | Epoch Time: 0.62s | Spearman@80: 0.9271 | Kendall@80: 0.7832
Epoch 94/150 | Train Loss: 0.0237 | Epoch Time: 0.63s | Spearman@80: 0.9358 | Kendall@80: 0.7978
Epoch 95/150 | Train Loss: 0.0192 | Epoch Time: 0.64s | Spearman@80: 0.9292 | Kendall@80: 0.7904
Epoch 96/150 | Train Loss: 0.0276 | Epoch Time: 0.64s | Spearman@80: 0.9193 | Kendall@80: 0.7813
Epoch 97/150 | Train Loss: 0.0267 | Epoch Time: 0.64s | Spearman@80: 0.9410 | Kendall@80: 0.8022
Epoch 98/150 | Train Loss: 0.0314 | Epoch Time: 0.63s | Spearman@80: 0.9190 | Kendall@80: 0.7787
Epoch 99/150 | Train Loss: 0.0256 | Epoch Time: 0.64s | Spearman@80: 0.9275 | Kendall@80: 0.7838
Epoch 100/150 | Train Loss: 0.0216 | Epoch Time: 0.63s | Spearman@80: 0.9227 | Kendall@80: 0.7857
Epoch 101/150 | Train Loss: 0.0218 | Epoch Time: 0.64s | Spearman@80: 0.9309 | Kendall@80: 0.7933
Epoch 102/150 | Train Loss: 0.0212 | Epoch Time: 0.63s | Spearman@80: 0.9137 | Kendall@80: 0.7749
Epoch 103/150 | Train Loss: 0.0233 | Epoch Time: 0.64s | Spearman@80: 0.9346 | Kendall@80: 0.7908
Epoch 104/150 | Train Loss: 0.0267 | Epoch Time: 0.63s | Spearman@80: 0.9274 | Kendall@80: 0.7921
Epoch 105/150 | Train Loss: 0.0218 | Epoch Time: 0.66s | Spearman@80: 0.9317 | Kendall@80: 0.7908
Epoch 106/150 | Train Loss: 0.0223 | Epoch Time: 0.66s | Spearman@80: 0.9230 | Kendall@80: 0.7808
Epoch 107/150 | Train Loss: 0.0205 | Epoch Time: 0.66s | Spearman@80: 0.9264 | Kendall@80: 0.7878
Epoch 108/150 | Train Loss: 0.0249 | Epoch Time: 0.65s | Spearman@80: 0.9327 | Kendall@80: 0.7971
Epoch 109/150 | Train Loss: 0.0219 | Epoch Time: 0.67s | Spearman@80: 0.9359 | Kendall@80: 0.8022
Epoch 110/150 | Train Loss: 0.0203 | Epoch Time: 0.66s | Spearman@80: 0.9291 | Kendall@80: 0.7929
Epoch 111/150 | Train Loss: 0.0167 | Epoch Time: 0.65s | Spearman@80: 0.9297 | Kendall@80: 0.7921
Epoch 112/150 | Train Loss: 0.0257 | Epoch Time: 0.67s | Spearman@80: 0.9240 | Kendall@80: 0.7866
Epoch 113/150 | Train Loss: 0.0206 | Epoch Time: 0.66s | Spearman@80: 0.9269 | Kendall@80: 0.7921
Epoch 114/150 | Train Loss: 0.0147 | Epoch Time: 0.66s | Spearman@80: 0.9251 | Kendall@80: 0.7859
Epoch 115/150 | Train Loss: 0.0189 | Epoch Time: 0.67s | Spearman@80: 0.9350 | Kendall@80: 0.8005
Epoch 116/150 | Train Loss: 0.0219 | Epoch Time: 0.66s | Spearman@80: 0.9285 | Kendall@80: 0.7914
Epoch 117/150 | Train Loss: 0.0215 | Epoch Time: 0.67s | Spearman@80: 0.9327 | Kendall@80: 0.7952
Epoch 118/150 | Train Loss: 0.0266 | Epoch Time: 0.67s | Spearman@80: 0.9326 | Kendall@80: 0.7961
Epoch 119/150 | Train Loss: 0.0216 | Epoch Time: 0.66s | Spearman@80: 0.9350 | Kendall@80: 0.7971
Epoch 120/150 | Train Loss: 0.0162 | Epoch Time: 0.66s | Spearman@80: 0.9343 | Kendall@80: 0.8022
Epoch 121/150 | Train Loss: 0.0191 | Epoch Time: 0.66s | Spearman@80: 0.9326 | Kendall@80: 0.7967
Epoch 122/150 | Train Loss: 0.0200 | Epoch Time: 0.67s | Spearman@80: 0.9340 | Kendall@80: 0.7980
Epoch 123/150 | Train Loss: 0.0224 | Epoch Time: 0.66s | Spearman@80: 0.9297 | Kendall@80: 0.7929
Epoch 124/150 | Train Loss: 0.0179 | Epoch Time: 0.67s | Spearman@80: 0.9253 | Kendall@80: 0.7872
Epoch 125/150 | Train Loss: 0.0184 | Epoch Time: 0.67s | Spearman@80: 0.9266 | Kendall@80: 0.7876
Epoch 126/150 | Train Loss: 0.0234 | Epoch Time: 0.66s | Spearman@80: 0.9284 | Kendall@80: 0.7933
Epoch 127/150 | Train Loss: 0.0197 | Epoch Time: 0.66s | Spearman@80: 0.9286 | Kendall@80: 0.7895
Epoch 128/150 | Train Loss: 0.0220 | Epoch Time: 0.66s | Spearman@80: 0.9332 | Kendall@80: 0.7959
Epoch 129/150 | Train Loss: 0.0189 | Epoch Time: 0.67s | Spearman@80: 0.9309 | Kendall@80: 0.7929
Epoch 130/150 | Train Loss: 0.0213 | Epoch Time: 0.68s | Spearman@80: 0.9290 | Kendall@80: 0.7889
Epoch 131/150 | Train Loss: 0.0215 | Epoch Time: 0.67s | Spearman@80: 0.9274 | Kendall@80: 0.7889
Epoch 132/150 | Train Loss: 0.0196 | Epoch Time: 0.66s | Spearman@80: 0.9265 | Kendall@80: 0.7857
Epoch 133/150 | Train Loss: 0.0186 | Epoch Time: 0.66s | Spearman@80: 0.9289 | Kendall@80: 0.7902
Epoch 134/150 | Train Loss: 0.0212 | Epoch Time: 0.67s | Spearman@80: 0.9277 | Kendall@80: 0.7889
Epoch 135/150 | Train Loss: 0.0206 | Epoch Time: 0.67s | Spearman@80: 0.9301 | Kendall@80: 0.7933
Epoch 136/150 | Train Loss: 0.0214 | Epoch Time: 0.67s | Spearman@80: 0.9307 | Kendall@80: 0.7935
Epoch 137/150 | Train Loss: 0.0200 | Epoch Time: 0.66s | Spearman@80: 0.9285 | Kendall@80: 0.7908
Epoch 138/150 | Train Loss: 0.0190 | Epoch Time: 0.67s | Spearman@80: 0.9287 | Kendall@80: 0.7914
Epoch 139/150 | Train Loss: 0.0177 | Epoch Time: 0.67s | Spearman@80: 0.9301 | Kendall@80: 0.7942
Epoch 140/150 | Train Loss: 0.0164 | Epoch Time: 0.65s | Spearman@80: 0.9285 | Kendall@80: 0.7908
Epoch 141/150 | Train Loss: 0.0178 | Epoch Time: 0.66s | Spearman@80: 0.9285 | Kendall@80: 0.7908
Epoch 142/150 | Train Loss: 0.0209 | Epoch Time: 0.66s | Spearman@80: 0.9293 | Kendall@80: 0.7921
Epoch 143/150 | Train Loss: 0.0217 | Epoch Time: 0.66s | Spearman@80: 0.9303 | Kendall@80: 0.7933
Epoch 144/150 | Train Loss: 0.0214 | Epoch Time: 0.65s | Spearman@80: 0.9300 | Kendall@80: 0.7927
Epoch 145/150 | Train Loss: 0.0219 | Epoch Time: 0.65s | Spearman@80: 0.9303 | Kendall@80: 0.7933
Epoch 146/150 | Train Loss: 0.0222 | Epoch Time: 0.65s | Spearman@80: 0.9303 | Kendall@80: 0.7933
Epoch 147/150 | Train Loss: 0.0220 | Epoch Time: 2.04s | Spearman@15496: 0.9219 | Kendall@15496: 0.7705
Epoch 148/150 | Train Loss: 0.0204 | Epoch Time: 1.97s | Spearman@15496: 0.9217 | Kendall@15496: 0.7701
Epoch 149/150 | Train Loss: 0.0193 | Epoch Time: 1.98s | Spearman@15496: 0.9217 | Kendall@15496: 0.7702
Epoch 150/150 | Train Loss: 0.0245 | Epoch Time: 1.97s | Spearman@15496: 0.9217 | Kendall@15496: 0.7702
Sample Count: 128, Spearman: 0.9217596797574418, Kendall: 0.7702632517895159
{64: (0.9244829705281693, 0.766392602928212),
 128: (0.9217596797574418, 0.7702632517895159)}
Epoch 1/150 | Train Loss: 0.0956 | Epoch Time: 0.32s | Spearman@80: 0.4612 | Kendall@80: 0.3189
Epoch 2/150 | Train Loss: 0.0753 | Epoch Time: 0.33s | Spearman@80: 0.6368 | Kendall@80: 0.4711
Epoch 3/150 | Train Loss: 0.0450 | Epoch Time: 0.33s | Spearman@80: 0.8366 | Kendall@80: 0.6631
Epoch 4/150 | Train Loss: 0.0349 | Epoch Time: 0.32s | Spearman@80: 0.8307 | Kendall@80: 0.6538
Epoch 5/150 | Train Loss: 0.0382 | Epoch Time: 0.32s | Spearman@80: 0.8223 | Kendall@80: 0.6434
Epoch 6/150 | Train Loss: 0.0314 | Epoch Time: 0.32s | Spearman@80: 0.8439 | Kendall@80: 0.6800
Epoch 7/150 | Train Loss: 0.0337 | Epoch Time: 0.32s | Spearman@80: 0.8570 | Kendall@80: 0.6903
Epoch 8/150 | Train Loss: 0.0335 | Epoch Time: 0.32s | Spearman@80: 0.7404 | Kendall@80: 0.5426
Epoch 9/150 | Train Loss: 0.0371 | Epoch Time: 0.32s | Spearman@80: 0.8578 | Kendall@80: 0.6910
Epoch 10/150 | Train Loss: 0.0334 | Epoch Time: 0.34s | Spearman@80: 0.8563 | Kendall@80: 0.6922
Epoch 11/150 | Train Loss: 0.0292 | Epoch Time: 0.32s | Spearman@80: 0.8587 | Kendall@80: 0.6996
Epoch 12/150 | Train Loss: 0.0330 | Epoch Time: 0.32s | Spearman@80: 0.8591 | Kendall@80: 0.6929
Epoch 13/150 | Train Loss: 0.0374 | Epoch Time: 0.32s | Spearman@80: 0.8472 | Kendall@80: 0.6876
Epoch 14/150 | Train Loss: 0.0280 | Epoch Time: 0.32s | Spearman@80: 0.8530 | Kendall@80: 0.6857
Epoch 15/150 | Train Loss: 0.0255 | Epoch Time: 0.32s | Spearman@80: 0.8716 | Kendall@80: 0.7144
Epoch 16/150 | Train Loss: 0.0221 | Epoch Time: 0.32s | Spearman@80: 0.8391 | Kendall@80: 0.6601
Epoch 17/150 | Train Loss: 0.0265 | Epoch Time: 0.32s | Spearman@80: 0.8762 | Kendall@80: 0.7212
Epoch 18/150 | Train Loss: 0.0284 | Epoch Time: 0.32s | Spearman@80: 0.8743 | Kendall@80: 0.7214
Epoch 19/150 | Train Loss: 0.0303 | Epoch Time: 0.32s | Spearman@80: 0.8642 | Kendall@80: 0.6984
Epoch 20/150 | Train Loss: 0.0226 | Epoch Time: 0.32s | Spearman@80: 0.8787 | Kendall@80: 0.7218
Epoch 21/150 | Train Loss: 0.0221 | Epoch Time: 0.32s | Spearman@80: 0.8811 | Kendall@80: 0.7340
Epoch 22/150 | Train Loss: 0.0224 | Epoch Time: 0.32s | Spearman@80: 0.8728 | Kendall@80: 0.7224
Epoch 23/150 | Train Loss: 0.0231 | Epoch Time: 0.32s | Spearman@80: 0.8664 | Kendall@80: 0.7182
Epoch 24/150 | Train Loss: 0.0155 | Epoch Time: 0.32s | Spearman@80: 0.8275 | Kendall@80: 0.6667
Epoch 25/150 | Train Loss: 0.0273 | Epoch Time: 0.32s | Spearman@80: 0.8113 | Kendall@80: 0.6371
Epoch 26/150 | Train Loss: 0.0286 | Epoch Time: 0.32s | Spearman@80: 0.8769 | Kendall@80: 0.7260
Epoch 27/150 | Train Loss: 0.0355 | Epoch Time: 0.32s | Spearman@80: 0.8662 | Kendall@80: 0.7079
Epoch 28/150 | Train Loss: 0.0293 | Epoch Time: 0.32s | Spearman@80: 0.8848 | Kendall@80: 0.7277
Epoch 29/150 | Train Loss: 0.0299 | Epoch Time: 0.32s | Spearman@80: 0.8732 | Kendall@80: 0.7093
Epoch 30/150 | Train Loss: 0.0280 | Epoch Time: 0.32s | Spearman@80: 0.8593 | Kendall@80: 0.7032
Epoch 31/150 | Train Loss: 0.0279 | Epoch Time: 0.32s | Spearman@80: 0.8559 | Kendall@80: 0.7074
Epoch 32/150 | Train Loss: 0.0198 | Epoch Time: 0.32s | Spearman@80: 0.8677 | Kendall@80: 0.7195
Epoch 33/150 | Train Loss: 0.0326 | Epoch Time: 0.32s | Spearman@80: 0.8148 | Kendall@80: 0.6523
Epoch 34/150 | Train Loss: 0.0238 | Epoch Time: 0.32s | Spearman@80: 0.8685 | Kendall@80: 0.7182
Epoch 35/150 | Train Loss: 0.0262 | Epoch Time: 0.32s | Spearman@80: 0.8277 | Kendall@80: 0.6605
Epoch 36/150 | Train Loss: 0.0139 | Epoch Time: 0.32s | Spearman@80: 0.8625 | Kendall@80: 0.7041
Epoch 37/150 | Train Loss: 0.0264 | Epoch Time: 0.32s | Spearman@80: 0.8552 | Kendall@80: 0.6920
Epoch 38/150 | Train Loss: 0.0240 | Epoch Time: 0.32s | Spearman@80: 0.8402 | Kendall@80: 0.6827
Epoch 39/150 | Train Loss: 0.0185 | Epoch Time: 0.32s | Spearman@80: 0.8605 | Kendall@80: 0.7100
Epoch 40/150 | Train Loss: 0.0248 | Epoch Time: 0.31s | Spearman@80: 0.8602 | Kendall@80: 0.7068
Epoch 41/150 | Train Loss: 0.0179 | Epoch Time: 0.32s | Spearman@80: 0.8575 | Kendall@80: 0.7036
Epoch 42/150 | Train Loss: 0.0151 | Epoch Time: 0.32s | Spearman@80: 0.8509 | Kendall@80: 0.6910
Epoch 43/150 | Train Loss: 0.0254 | Epoch Time: 0.32s | Spearman@80: 0.8512 | Kendall@80: 0.6882
Epoch 44/150 | Train Loss: 0.0179 | Epoch Time: 0.32s | Spearman@80: 0.8740 | Kendall@80: 0.7199
Epoch 45/150 | Train Loss: 0.0171 | Epoch Time: 0.32s | Spearman@80: 0.8599 | Kendall@80: 0.7074
Epoch 46/150 | Train Loss: 0.0163 | Epoch Time: 0.32s | Spearman@80: 0.8383 | Kendall@80: 0.6859
Epoch 47/150 | Train Loss: 0.0192 | Epoch Time: 0.31s | Spearman@80: 0.8579 | Kendall@80: 0.7098
Epoch 48/150 | Train Loss: 0.0205 | Epoch Time: 0.32s | Spearman@80: 0.8429 | Kendall@80: 0.6907
Epoch 49/150 | Train Loss: 0.0262 | Epoch Time: 0.32s | Spearman@80: 0.8837 | Kendall@80: 0.7414
Epoch 50/150 | Train Loss: 0.0162 | Epoch Time: 0.32s | Spearman@80: 0.8701 | Kendall@80: 0.7189
Epoch 51/150 | Train Loss: 0.0199 | Epoch Time: 0.32s | Spearman@80: 0.8628 | Kendall@80: 0.7170
Epoch 52/150 | Train Loss: 0.0180 | Epoch Time: 0.32s | Spearman@80: 0.8613 | Kendall@80: 0.7205
Epoch 53/150 | Train Loss: 0.0135 | Epoch Time: 0.32s | Spearman@80: 0.8747 | Kendall@80: 0.7334
Epoch 54/150 | Train Loss: 0.0186 | Epoch Time: 0.32s | Spearman@80: 0.8774 | Kendall@80: 0.7332
Epoch 55/150 | Train Loss: 0.0209 | Epoch Time: 0.32s | Spearman@80: 0.8716 | Kendall@80: 0.7277
Epoch 56/150 | Train Loss: 0.0191 | Epoch Time: 0.32s | Spearman@80: 0.8841 | Kendall@80: 0.7376
Epoch 57/150 | Train Loss: 0.0184 | Epoch Time: 0.32s | Spearman@80: 0.8506 | Kendall@80: 0.6897
Epoch 58/150 | Train Loss: 0.0270 | Epoch Time: 0.32s | Spearman@80: 0.8710 | Kendall@80: 0.7264
Epoch 59/150 | Train Loss: 0.0186 | Epoch Time: 0.32s | Spearman@80: 0.8786 | Kendall@80: 0.7372
Epoch 60/150 | Train Loss: 0.0207 | Epoch Time: 0.32s | Spearman@80: 0.8294 | Kendall@80: 0.6618
Epoch 61/150 | Train Loss: 0.0203 | Epoch Time: 0.32s | Spearman@80: 0.8373 | Kendall@80: 0.6705
Epoch 62/150 | Train Loss: 0.0136 | Epoch Time: 0.32s | Spearman@80: 0.8658 | Kendall@80: 0.7186
Epoch 63/150 | Train Loss: 0.0173 | Epoch Time: 0.32s | Spearman@80: 0.8682 | Kendall@80: 0.7186
Epoch 64/150 | Train Loss: 0.0180 | Epoch Time: 0.32s | Spearman@80: 0.8445 | Kendall@80: 0.6929
Epoch 65/150 | Train Loss: 0.0149 | Epoch Time: 0.32s | Spearman@80: 0.8607 | Kendall@80: 0.7110
Epoch 66/150 | Train Loss: 0.0241 | Epoch Time: 0.32s | Spearman@80: 0.8811 | Kendall@80: 0.7440
Epoch 67/150 | Train Loss: 0.0137 | Epoch Time: 0.32s | Spearman@80: 0.8713 | Kendall@80: 0.7167
Epoch 68/150 | Train Loss: 0.0191 | Epoch Time: 0.32s | Spearman@80: 0.8723 | Kendall@80: 0.7284
Epoch 69/150 | Train Loss: 0.0228 | Epoch Time: 0.32s | Spearman@80: 0.8439 | Kendall@80: 0.6912
Epoch 70/150 | Train Loss: 0.0135 | Epoch Time: 0.32s | Spearman@80: 0.8743 | Kendall@80: 0.7283
Epoch 71/150 | Train Loss: 0.0154 | Epoch Time: 0.32s | Spearman@80: 0.8663 | Kendall@80: 0.7161
Epoch 72/150 | Train Loss: 0.0148 | Epoch Time: 0.32s | Spearman@80: 0.8574 | Kendall@80: 0.7028
Epoch 73/150 | Train Loss: 0.0132 | Epoch Time: 0.32s | Spearman@80: 0.8447 | Kendall@80: 0.6876
Epoch 74/150 | Train Loss: 0.0158 | Epoch Time: 0.32s | Spearman@80: 0.8202 | Kendall@80: 0.6565
Epoch 75/150 | Train Loss: 0.0145 | Epoch Time: 0.32s | Spearman@80: 0.8740 | Kendall@80: 0.7283
Epoch 76/150 | Train Loss: 0.0182 | Epoch Time: 0.32s | Spearman@80: 0.8706 | Kendall@80: 0.7180
Epoch 77/150 | Train Loss: 0.0125 | Epoch Time: 0.32s | Spearman@80: 0.8623 | Kendall@80: 0.7113
Epoch 78/150 | Train Loss: 0.0109 | Epoch Time: 0.32s | Spearman@80: 0.8468 | Kendall@80: 0.6910
Epoch 79/150 | Train Loss: 0.0120 | Epoch Time: 0.32s | Spearman@80: 0.8548 | Kendall@80: 0.6990
Epoch 80/150 | Train Loss: 0.0121 | Epoch Time: 0.32s | Spearman@80: 0.8583 | Kendall@80: 0.7068
Epoch 81/150 | Train Loss: 0.0120 | Epoch Time: 0.32s | Spearman@80: 0.8648 | Kendall@80: 0.7142
Epoch 82/150 | Train Loss: 0.0122 | Epoch Time: 0.32s | Spearman@80: 0.8654 | Kendall@80: 0.7144
Epoch 83/150 | Train Loss: 0.0137 | Epoch Time: 0.32s | Spearman@80: 0.8631 | Kendall@80: 0.7110
Epoch 84/150 | Train Loss: 0.0187 | Epoch Time: 0.32s | Spearman@80: 0.8589 | Kendall@80: 0.7017
Epoch 85/150 | Train Loss: 0.0131 | Epoch Time: 0.32s | Spearman@80: 0.8208 | Kendall@80: 0.6529
Epoch 86/150 | Train Loss: 0.0126 | Epoch Time: 0.32s | Spearman@80: 0.8490 | Kendall@80: 0.6863
Epoch 87/150 | Train Loss: 0.0096 | Epoch Time: 0.32s | Spearman@80: 0.8557 | Kendall@80: 0.6988
Epoch 88/150 | Train Loss: 0.0172 | Epoch Time: 0.32s | Spearman@80: 0.8616 | Kendall@80: 0.7072
Epoch 89/150 | Train Loss: 0.0126 | Epoch Time: 0.32s | Spearman@80: 0.8727 | Kendall@80: 0.7199
Epoch 90/150 | Train Loss: 0.0134 | Epoch Time: 0.32s | Spearman@80: 0.8692 | Kendall@80: 0.7142
Epoch 91/150 | Train Loss: 0.0086 | Epoch Time: 0.32s | Spearman@80: 0.8627 | Kendall@80: 0.7068
Epoch 92/150 | Train Loss: 0.0130 | Epoch Time: 0.32s | Spearman@80: 0.8495 | Kendall@80: 0.6857
Epoch 93/150 | Train Loss: 0.0141 | Epoch Time: 0.32s | Spearman@80: 0.8528 | Kendall@80: 0.6939
Epoch 94/150 | Train Loss: 0.0169 | Epoch Time: 0.32s | Spearman@80: 0.8505 | Kendall@80: 0.6946
Epoch 95/150 | Train Loss: 0.0128 | Epoch Time: 0.32s | Spearman@80: 0.8455 | Kendall@80: 0.6850
Epoch 96/150 | Train Loss: 0.0131 | Epoch Time: 0.32s | Spearman@80: 0.8627 | Kendall@80: 0.7083
Epoch 97/150 | Train Loss: 0.0108 | Epoch Time: 0.32s | Spearman@80: 0.8645 | Kendall@80: 0.7087
Epoch 98/150 | Train Loss: 0.0112 | Epoch Time: 0.32s | Spearman@80: 0.8427 | Kendall@80: 0.6834
Epoch 99/150 | Train Loss: 0.0109 | Epoch Time: 0.32s | Spearman@80: 0.8425 | Kendall@80: 0.6815
Epoch 100/150 | Train Loss: 0.0097 | Epoch Time: 0.32s | Spearman@80: 0.8426 | Kendall@80: 0.6827
Epoch 101/150 | Train Loss: 0.0104 | Epoch Time: 0.32s | Spearman@80: 0.8442 | Kendall@80: 0.6869
Epoch 102/150 | Train Loss: 0.0131 | Epoch Time: 0.32s | Spearman@80: 0.8586 | Kendall@80: 0.7026
Epoch 103/150 | Train Loss: 0.0094 | Epoch Time: 0.32s | Spearman@80: 0.8643 | Kendall@80: 0.7106
Epoch 104/150 | Train Loss: 0.0119 | Epoch Time: 0.32s | Spearman@80: 0.8497 | Kendall@80: 0.6897
Epoch 105/150 | Train Loss: 0.0111 | Epoch Time: 0.32s | Spearman@80: 0.8427 | Kendall@80: 0.6793
Epoch 106/150 | Train Loss: 0.0134 | Epoch Time: 0.32s | Spearman@80: 0.8524 | Kendall@80: 0.6922
Epoch 107/150 | Train Loss: 0.0142 | Epoch Time: 0.32s | Spearman@80: 0.8490 | Kendall@80: 0.6895
Epoch 108/150 | Train Loss: 0.0105 | Epoch Time: 0.32s | Spearman@80: 0.8602 | Kendall@80: 0.7043
Epoch 109/150 | Train Loss: 0.0089 | Epoch Time: 0.32s | Spearman@80: 0.8694 | Kendall@80: 0.7165
Epoch 110/150 | Train Loss: 0.0150 | Epoch Time: 0.32s | Spearman@80: 0.8709 | Kendall@80: 0.7218
Epoch 111/150 | Train Loss: 0.0123 | Epoch Time: 0.32s | Spearman@80: 0.8671 | Kendall@80: 0.7150
Epoch 112/150 | Train Loss: 0.0085 | Epoch Time: 0.32s | Spearman@80: 0.8722 | Kendall@80: 0.7188
Epoch 113/150 | Train Loss: 0.0149 | Epoch Time: 0.32s | Spearman@80: 0.8678 | Kendall@80: 0.7155
Epoch 114/150 | Train Loss: 0.0122 | Epoch Time: 0.32s | Spearman@80: 0.8678 | Kendall@80: 0.7159
Epoch 115/150 | Train Loss: 0.0149 | Epoch Time: 0.32s | Spearman@80: 0.8684 | Kendall@80: 0.7180
Epoch 116/150 | Train Loss: 0.0185 | Epoch Time: 0.32s | Spearman@80: 0.8698 | Kendall@80: 0.7186
Epoch 117/150 | Train Loss: 0.0104 | Epoch Time: 0.32s | Spearman@80: 0.8649 | Kendall@80: 0.7108
Epoch 118/150 | Train Loss: 0.0124 | Epoch Time: 0.32s | Spearman@80: 0.8610 | Kendall@80: 0.7036
Epoch 119/150 | Train Loss: 0.0053 | Epoch Time: 0.32s | Spearman@80: 0.8609 | Kendall@80: 0.7081
Epoch 120/150 | Train Loss: 0.0095 | Epoch Time: 0.32s | Spearman@80: 0.8589 | Kendall@80: 0.7034
Epoch 121/150 | Train Loss: 0.0064 | Epoch Time: 0.32s | Spearman@80: 0.8569 | Kendall@80: 0.6992
Epoch 122/150 | Train Loss: 0.0081 | Epoch Time: 0.32s | Spearman@80: 0.8565 | Kendall@80: 0.6973
Epoch 123/150 | Train Loss: 0.0086 | Epoch Time: 0.32s | Spearman@80: 0.8584 | Kendall@80: 0.7009
Epoch 124/150 | Train Loss: 0.0106 | Epoch Time: 0.32s | Spearman@80: 0.8576 | Kendall@80: 0.6986
Epoch 125/150 | Train Loss: 0.0134 | Epoch Time: 0.32s | Spearman@80: 0.8540 | Kendall@80: 0.6954
Epoch 126/150 | Train Loss: 0.0104 | Epoch Time: 0.32s | Spearman@80: 0.8566 | Kendall@80: 0.6984
Epoch 127/150 | Train Loss: 0.0134 | Epoch Time: 0.32s | Spearman@80: 0.8560 | Kendall@80: 0.6977
Epoch 128/150 | Train Loss: 0.0095 | Epoch Time: 0.32s | Spearman@80: 0.8571 | Kendall@80: 0.6986
Epoch 129/150 | Train Loss: 0.0112 | Epoch Time: 0.32s | Spearman@80: 0.8599 | Kendall@80: 0.7009
Epoch 130/150 | Train Loss: 0.0060 | Epoch Time: 0.32s | Spearman@80: 0.8610 | Kendall@80: 0.7022
Epoch 131/150 | Train Loss: 0.0115 | Epoch Time: 0.32s | Spearman@80: 0.8595 | Kendall@80: 0.6973
Epoch 132/150 | Train Loss: 0.0083 | Epoch Time: 0.32s | Spearman@80: 0.8570 | Kendall@80: 0.6984
Epoch 133/150 | Train Loss: 0.0097 | Epoch Time: 0.32s | Spearman@80: 0.8557 | Kendall@80: 0.6973
Epoch 134/150 | Train Loss: 0.0082 | Epoch Time: 0.32s | Spearman@80: 0.8567 | Kendall@80: 0.6971
Epoch 135/150 | Train Loss: 0.0052 | Epoch Time: 0.32s | Spearman@80: 0.8586 | Kendall@80: 0.6998
Epoch 136/150 | Train Loss: 0.0088 | Epoch Time: 0.32s | Spearman@80: 0.8582 | Kendall@80: 0.6977
Epoch 137/150 | Train Loss: 0.0102 | Epoch Time: 0.32s | Spearman@80: 0.8593 | Kendall@80: 0.6998
Epoch 138/150 | Train Loss: 0.0064 | Epoch Time: 0.32s | Spearman@80: 0.8602 | Kendall@80: 0.7009
Epoch 139/150 | Train Loss: 0.0133 | Epoch Time: 0.32s | Spearman@80: 0.8591 | Kendall@80: 0.6990
Epoch 140/150 | Train Loss: 0.0065 | Epoch Time: 0.32s | Spearman@80: 0.8592 | Kendall@80: 0.6986
Epoch 141/150 | Train Loss: 0.0109 | Epoch Time: 0.32s | Spearman@80: 0.8606 | Kendall@80: 0.7015
Epoch 142/150 | Train Loss: 0.0104 | Epoch Time: 0.32s | Spearman@80: 0.8605 | Kendall@80: 0.7017
Epoch 143/150 | Train Loss: 0.0082 | Epoch Time: 0.32s | Spearman@80: 0.8605 | Kendall@80: 0.7017
Epoch 144/150 | Train Loss: 0.0080 | Epoch Time: 0.32s | Spearman@80: 0.8605 | Kendall@80: 0.7017
Epoch 145/150 | Train Loss: 0.0062 | Epoch Time: 0.32s | Spearman@80: 0.8602 | Kendall@80: 0.6998
Epoch 146/150 | Train Loss: 0.0154 | Epoch Time: 0.32s | Spearman@80: 0.8601 | Kendall@80: 0.6996
Epoch 147/150 | Train Loss: 0.0092 | Epoch Time: 1.58s | Spearman@15560: 0.9013 | Kendall@15560: 0.7568
Epoch 148/150 | Train Loss: 0.0074 | Epoch Time: 1.52s | Spearman@15560: 0.9013 | Kendall@15560: 0.7566
Epoch 149/150 | Train Loss: 0.0099 | Epoch Time: 1.52s | Spearman@15560: 0.9013 | Kendall@15560: 0.7566
Epoch 150/150 | Train Loss: 0.0065 | Epoch Time: 1.51s | Spearman@15560: 0.9013 | Kendall@15560: 0.7565
Sample Count: 64, Spearman: 0.901294788992634, Kendall: 0.7566282288864095
{64: (0.901294788992634, 0.7566282288864095),
 128: (0.9217596797574418, 0.7702632517895159)}
Epoch 1/150 | Train Loss: 0.0895 | Epoch Time: 0.63s | Spearman@80: 0.5464 | Kendall@80: 0.3854
Epoch 2/150 | Train Loss: 0.0646 | Epoch Time: 0.63s | Spearman@80: 0.8206 | Kendall@80: 0.6295
Epoch 3/150 | Train Loss: 0.0454 | Epoch Time: 0.63s | Spearman@80: 0.8759 | Kendall@80: 0.7062
Epoch 4/150 | Train Loss: 0.0371 | Epoch Time: 0.63s | Spearman@80: 0.8910 | Kendall@80: 0.7184
Epoch 5/150 | Train Loss: 0.0384 | Epoch Time: 0.63s | Spearman@80: 0.9059 | Kendall@80: 0.7383
Epoch 6/150 | Train Loss: 0.0313 | Epoch Time: 0.63s | Spearman@80: 0.9039 | Kendall@80: 0.7332
Epoch 7/150 | Train Loss: 0.0372 | Epoch Time: 0.63s | Spearman@80: 0.9177 | Kendall@80: 0.7578
Epoch 8/150 | Train Loss: 0.0388 | Epoch Time: 0.64s | Spearman@80: 0.9027 | Kendall@80: 0.7389
Epoch 9/150 | Train Loss: 0.0431 | Epoch Time: 0.63s | Spearman@80: 0.8865 | Kendall@80: 0.7142
Epoch 10/150 | Train Loss: 0.0394 | Epoch Time: 0.63s | Spearman@80: 0.9057 | Kendall@80: 0.7411
Epoch 11/150 | Train Loss: 0.0393 | Epoch Time: 0.63s | Spearman@80: 0.9090 | Kendall@80: 0.7438
Epoch 12/150 | Train Loss: 0.0366 | Epoch Time: 0.63s | Spearman@80: 0.9197 | Kendall@80: 0.7618
Epoch 13/150 | Train Loss: 0.0307 | Epoch Time: 0.63s | Spearman@80: 0.9214 | Kendall@80: 0.7595
Epoch 14/150 | Train Loss: 0.0296 | Epoch Time: 0.63s | Spearman@80: 0.9186 | Kendall@80: 0.7611
Epoch 15/150 | Train Loss: 0.0295 | Epoch Time: 0.63s | Spearman@80: 0.9466 | Kendall@80: 0.8089
Epoch 16/150 | Train Loss: 0.0367 | Epoch Time: 0.63s | Spearman@80: 0.9307 | Kendall@80: 0.7871
Epoch 17/150 | Train Loss: 0.0383 | Epoch Time: 0.63s | Spearman@80: 0.9347 | Kendall@80: 0.7852
Epoch 18/150 | Train Loss: 0.0380 | Epoch Time: 0.63s | Spearman@80: 0.9293 | Kendall@80: 0.7882
Epoch 19/150 | Train Loss: 0.0330 | Epoch Time: 0.63s | Spearman@80: 0.9278 | Kendall@80: 0.7730
Epoch 20/150 | Train Loss: 0.0277 | Epoch Time: 0.62s | Spearman@80: 0.9293 | Kendall@80: 0.7728
Epoch 21/150 | Train Loss: 0.0297 | Epoch Time: 0.63s | Spearman@80: 0.9436 | Kendall@80: 0.8082
Epoch 22/150 | Train Loss: 0.0292 | Epoch Time: 0.63s | Spearman@80: 0.9557 | Kendall@80: 0.8248
Epoch 23/150 | Train Loss: 0.0300 | Epoch Time: 0.63s | Spearman@80: 0.9350 | Kendall@80: 0.7823
Epoch 24/150 | Train Loss: 0.0357 | Epoch Time: 0.63s | Spearman@80: 0.9433 | Kendall@80: 0.8072
Epoch 25/150 | Train Loss: 0.0257 | Epoch Time: 0.63s | Spearman@80: 0.9231 | Kendall@80: 0.7607
Epoch 26/150 | Train Loss: 0.0297 | Epoch Time: 0.63s | Spearman@80: 0.9246 | Kendall@80: 0.7825
Epoch 27/150 | Train Loss: 0.0268 | Epoch Time: 0.63s | Spearman@80: 0.9278 | Kendall@80: 0.7848
Epoch 28/150 | Train Loss: 0.0312 | Epoch Time: 0.63s | Spearman@80: 0.9305 | Kendall@80: 0.7846
Epoch 29/150 | Train Loss: 0.0349 | Epoch Time: 0.63s | Spearman@80: 0.9204 | Kendall@80: 0.7597
Epoch 30/150 | Train Loss: 0.0289 | Epoch Time: 0.63s | Spearman@80: 0.9219 | Kendall@80: 0.7689
Epoch 31/150 | Train Loss: 0.0313 | Epoch Time: 0.63s | Spearman@80: 0.9320 | Kendall@80: 0.7952
Epoch 32/150 | Train Loss: 0.0281 | Epoch Time: 0.63s | Spearman@80: 0.9348 | Kendall@80: 0.7874
Epoch 33/150 | Train Loss: 0.0220 | Epoch Time: 0.63s | Spearman@80: 0.9155 | Kendall@80: 0.7611
Epoch 34/150 | Train Loss: 0.0257 | Epoch Time: 0.64s | Spearman@80: 0.9219 | Kendall@80: 0.7654
Epoch 35/150 | Train Loss: 0.0262 | Epoch Time: 0.64s | Spearman@80: 0.9219 | Kendall@80: 0.7724
Epoch 36/150 | Train Loss: 0.0275 | Epoch Time: 0.64s | Spearman@80: 0.9301 | Kendall@80: 0.7920
Epoch 37/150 | Train Loss: 0.0267 | Epoch Time: 0.63s | Spearman@80: 0.9365 | Kendall@80: 0.7975
Epoch 38/150 | Train Loss: 0.0283 | Epoch Time: 0.63s | Spearman@80: 0.9142 | Kendall@80: 0.7609
Epoch 39/150 | Train Loss: 0.0225 | Epoch Time: 0.63s | Spearman@80: 0.9281 | Kendall@80: 0.7774
Epoch 40/150 | Train Loss: 0.0262 | Epoch Time: 0.63s | Spearman@80: 0.9391 | Kendall@80: 0.8030
Epoch 41/150 | Train Loss: 0.0296 | Epoch Time: 0.63s | Spearman@80: 0.9269 | Kendall@80: 0.7770
Epoch 42/150 | Train Loss: 0.0287 | Epoch Time: 0.63s | Spearman@80: 0.9373 | Kendall@80: 0.7977
Epoch 43/150 | Train Loss: 0.0215 | Epoch Time: 0.63s | Spearman@80: 0.9275 | Kendall@80: 0.7914
Epoch 44/150 | Train Loss: 0.0222 | Epoch Time: 0.63s | Spearman@80: 0.9298 | Kendall@80: 0.7831
Epoch 45/150 | Train Loss: 0.0239 | Epoch Time: 0.63s | Spearman@80: 0.9374 | Kendall@80: 0.8013
Epoch 46/150 | Train Loss: 0.0294 | Epoch Time: 0.63s | Spearman@80: 0.9133 | Kendall@80: 0.7668
Epoch 47/150 | Train Loss: 0.0252 | Epoch Time: 0.63s | Spearman@80: 0.9133 | Kendall@80: 0.7561
Epoch 48/150 | Train Loss: 0.0344 | Epoch Time: 0.63s | Spearman@80: 0.9124 | Kendall@80: 0.7671
Epoch 49/150 | Train Loss: 0.0238 | Epoch Time: 0.62s | Spearman@80: 0.9121 | Kendall@80: 0.7590
Epoch 50/150 | Train Loss: 0.0257 | Epoch Time: 0.64s | Spearman@80: 0.9236 | Kendall@80: 0.7838
Epoch 51/150 | Train Loss: 0.0216 | Epoch Time: 0.63s | Spearman@80: 0.9198 | Kendall@80: 0.7658
Epoch 52/150 | Train Loss: 0.0253 | Epoch Time: 0.63s | Spearman@80: 0.9287 | Kendall@80: 0.7867
Epoch 53/150 | Train Loss: 0.0206 | Epoch Time: 0.63s | Spearman@80: 0.9280 | Kendall@80: 0.7914
Epoch 54/150 | Train Loss: 0.0265 | Epoch Time: 0.63s | Spearman@80: 0.9093 | Kendall@80: 0.7443
Epoch 55/150 | Train Loss: 0.0262 | Epoch Time: 0.63s | Spearman@80: 0.9298 | Kendall@80: 0.7920
Epoch 56/150 | Train Loss: 0.0211 | Epoch Time: 0.64s | Spearman@80: 0.9129 | Kendall@80: 0.7677
Epoch 57/150 | Train Loss: 0.0222 | Epoch Time: 0.63s | Spearman@80: 0.9204 | Kendall@80: 0.7715
Epoch 58/150 | Train Loss: 0.0228 | Epoch Time: 0.63s | Spearman@80: 0.9172 | Kendall@80: 0.7724
Epoch 59/150 | Train Loss: 0.0233 | Epoch Time: 0.64s | Spearman@80: 0.9159 | Kendall@80: 0.7736
Epoch 60/150 | Train Loss: 0.0242 | Epoch Time: 0.63s | Spearman@80: 0.9110 | Kendall@80: 0.7635
Epoch 61/150 | Train Loss: 0.0206 | Epoch Time: 0.64s | Spearman@80: 0.9199 | Kendall@80: 0.7768
Epoch 62/150 | Train Loss: 0.0246 | Epoch Time: 0.63s | Spearman@80: 0.9010 | Kendall@80: 0.7548
Epoch 63/150 | Train Loss: 0.0250 | Epoch Time: 0.63s | Spearman@80: 0.8959 | Kendall@80: 0.7330
Epoch 64/150 | Train Loss: 0.0289 | Epoch Time: 0.63s | Spearman@80: 0.8941 | Kendall@80: 0.7303
Epoch 65/150 | Train Loss: 0.0228 | Epoch Time: 0.63s | Spearman@80: 0.9140 | Kendall@80: 0.7626
Epoch 66/150 | Train Loss: 0.0253 | Epoch Time: 0.63s | Spearman@80: 0.9187 | Kendall@80: 0.7743
Epoch 67/150 | Train Loss: 0.0195 | Epoch Time: 0.63s | Spearman@80: 0.9143 | Kendall@80: 0.7722
Epoch 68/150 | Train Loss: 0.0237 | Epoch Time: 0.62s | Spearman@80: 0.9078 | Kendall@80: 0.7601
Epoch 69/150 | Train Loss: 0.0225 | Epoch Time: 0.64s | Spearman@80: 0.9281 | Kendall@80: 0.7869
Epoch 70/150 | Train Loss: 0.0258 | Epoch Time: 0.65s | Spearman@80: 0.9273 | Kendall@80: 0.7873
Epoch 71/150 | Train Loss: 0.0200 | Epoch Time: 0.63s | Spearman@80: 0.9187 | Kendall@80: 0.7753
Epoch 72/150 | Train Loss: 0.0225 | Epoch Time: 0.63s | Spearman@80: 0.9104 | Kendall@80: 0.7613
Epoch 73/150 | Train Loss: 0.0207 | Epoch Time: 0.63s | Spearman@80: 0.9273 | Kendall@80: 0.7855
Epoch 74/150 | Train Loss: 0.0231 | Epoch Time: 0.63s | Spearman@80: 0.9102 | Kendall@80: 0.7639
Epoch 75/150 | Train Loss: 0.0208 | Epoch Time: 0.63s | Spearman@80: 0.9069 | Kendall@80: 0.7590
Epoch 76/150 | Train Loss: 0.0212 | Epoch Time: 0.64s | Spearman@80: 0.9198 | Kendall@80: 0.7727
Epoch 77/150 | Train Loss: 0.0187 | Epoch Time: 0.63s | Spearman@80: 0.9351 | Kendall@80: 0.7950
Epoch 78/150 | Train Loss: 0.0232 | Epoch Time: 0.63s | Spearman@80: 0.9232 | Kendall@80: 0.7831
Epoch 79/150 | Train Loss: 0.0139 | Epoch Time: 0.63s | Spearman@80: 0.9227 | Kendall@80: 0.7855
Epoch 80/150 | Train Loss: 0.0189 | Epoch Time: 0.63s | Spearman@80: 0.9316 | Kendall@80: 0.7884
Epoch 81/150 | Train Loss: 0.0211 | Epoch Time: 0.63s | Spearman@80: 0.9241 | Kendall@80: 0.7829
Epoch 82/150 | Train Loss: 0.0181 | Epoch Time: 0.63s | Spearman@80: 0.9161 | Kendall@80: 0.7741
Epoch 83/150 | Train Loss: 0.0189 | Epoch Time: 0.62s | Spearman@80: 0.9196 | Kendall@80: 0.7738
Epoch 84/150 | Train Loss: 0.0200 | Epoch Time: 0.63s | Spearman@80: 0.9381 | Kendall@80: 0.8020
Epoch 85/150 | Train Loss: 0.0209 | Epoch Time: 0.63s | Spearman@80: 0.9296 | Kendall@80: 0.7937
Epoch 86/150 | Train Loss: 0.0204 | Epoch Time: 0.63s | Spearman@80: 0.9241 | Kendall@80: 0.7855
Epoch 87/150 | Train Loss: 0.0160 | Epoch Time: 0.63s | Spearman@80: 0.9293 | Kendall@80: 0.7893
Epoch 88/150 | Train Loss: 0.0185 | Epoch Time: 0.62s | Spearman@80: 0.9346 | Kendall@80: 0.7975
Epoch 89/150 | Train Loss: 0.0170 | Epoch Time: 0.63s | Spearman@80: 0.9296 | Kendall@80: 0.7920
Epoch 90/150 | Train Loss: 0.0159 | Epoch Time: 0.63s | Spearman@80: 0.9344 | Kendall@80: 0.7994
Epoch 91/150 | Train Loss: 0.0190 | Epoch Time: 0.63s | Spearman@80: 0.9352 | Kendall@80: 0.8017
Epoch 92/150 | Train Loss: 0.0169 | Epoch Time: 0.62s | Spearman@80: 0.9240 | Kendall@80: 0.7817
Epoch 93/150 | Train Loss: 0.0174 | Epoch Time: 0.63s | Spearman@80: 0.9182 | Kendall@80: 0.7823
Epoch 94/150 | Train Loss: 0.0177 | Epoch Time: 0.63s | Spearman@80: 0.9240 | Kendall@80: 0.7802
Epoch 95/150 | Train Loss: 0.0138 | Epoch Time: 0.63s | Spearman@80: 0.9403 | Kendall@80: 0.8085
Epoch 96/150 | Train Loss: 0.0179 | Epoch Time: 0.63s | Spearman@80: 0.9340 | Kendall@80: 0.8003
Epoch 97/150 | Train Loss: 0.0165 | Epoch Time: 0.63s | Spearman@80: 0.9326 | Kendall@80: 0.7963
Epoch 98/150 | Train Loss: 0.0161 | Epoch Time: 0.63s | Spearman@80: 0.9317 | Kendall@80: 0.7926
Epoch 99/150 | Train Loss: 0.0179 | Epoch Time: 0.63s | Spearman@80: 0.9343 | Kendall@80: 0.8022
Epoch 100/150 | Train Loss: 0.0153 | Epoch Time: 0.63s | Spearman@80: 0.9326 | Kendall@80: 0.7975
Epoch 101/150 | Train Loss: 0.0206 | Epoch Time: 0.62s | Spearman@80: 0.9372 | Kendall@80: 0.8000
Epoch 102/150 | Train Loss: 0.0170 | Epoch Time: 0.63s | Spearman@80: 0.9306 | Kendall@80: 0.7925
Epoch 103/150 | Train Loss: 0.0162 | Epoch Time: 0.63s | Spearman@80: 0.9313 | Kendall@80: 0.7930
Epoch 104/150 | Train Loss: 0.0145 | Epoch Time: 0.63s | Spearman@80: 0.9245 | Kendall@80: 0.7863
Epoch 105/150 | Train Loss: 0.0141 | Epoch Time: 0.63s | Spearman@80: 0.9294 | Kendall@80: 0.7890
Epoch 106/150 | Train Loss: 0.0146 | Epoch Time: 0.63s | Spearman@80: 0.9280 | Kendall@80: 0.7903
Epoch 107/150 | Train Loss: 0.0131 | Epoch Time: 0.63s | Spearman@80: 0.9351 | Kendall@80: 0.8020
Epoch 108/150 | Train Loss: 0.0193 | Epoch Time: 0.63s | Spearman@80: 0.9300 | Kendall@80: 0.7916
Epoch 109/150 | Train Loss: 0.0196 | Epoch Time: 0.63s | Spearman@80: 0.9262 | Kendall@80: 0.7899
Epoch 110/150 | Train Loss: 0.0157 | Epoch Time: 0.63s | Spearman@80: 0.9387 | Kendall@80: 0.8060
Epoch 111/150 | Train Loss: 0.0163 | Epoch Time: 0.63s | Spearman@80: 0.9334 | Kendall@80: 0.7950
Epoch 112/150 | Train Loss: 0.0186 | Epoch Time: 0.63s | Spearman@80: 0.9368 | Kendall@80: 0.8049
Epoch 113/150 | Train Loss: 0.0140 | Epoch Time: 0.63s | Spearman@80: 0.9327 | Kendall@80: 0.7982
Epoch 114/150 | Train Loss: 0.0200 | Epoch Time: 0.63s | Spearman@80: 0.9328 | Kendall@80: 0.7984
Epoch 115/150 | Train Loss: 0.0168 | Epoch Time: 0.63s | Spearman@80: 0.9301 | Kendall@80: 0.7933
Epoch 116/150 | Train Loss: 0.0109 | Epoch Time: 0.63s | Spearman@80: 0.9317 | Kendall@80: 0.7939
Epoch 117/150 | Train Loss: 0.0152 | Epoch Time: 0.63s | Spearman@80: 0.9347 | Kendall@80: 0.8022
Epoch 118/150 | Train Loss: 0.0129 | Epoch Time: 0.64s | Spearman@80: 0.9352 | Kendall@80: 0.8017
Epoch 119/150 | Train Loss: 0.0150 | Epoch Time: 0.67s | Spearman@80: 0.9295 | Kendall@80: 0.7937
Epoch 120/150 | Train Loss: 0.0145 | Epoch Time: 0.63s | Spearman@80: 0.9322 | Kendall@80: 0.7975
Epoch 121/150 | Train Loss: 0.0125 | Epoch Time: 0.63s | Spearman@80: 0.9320 | Kendall@80: 0.7965
Epoch 122/150 | Train Loss: 0.0164 | Epoch Time: 0.63s | Spearman@80: 0.9268 | Kendall@80: 0.7886
Epoch 123/150 | Train Loss: 0.0138 | Epoch Time: 0.63s | Spearman@80: 0.9334 | Kendall@80: 0.7977
Epoch 124/150 | Train Loss: 0.0136 | Epoch Time: 0.63s | Spearman@80: 0.9307 | Kendall@80: 0.7962
Epoch 125/150 | Train Loss: 0.0163 | Epoch Time: 0.63s | Spearman@80: 0.9323 | Kendall@80: 0.7958
Epoch 126/150 | Train Loss: 0.0119 | Epoch Time: 0.63s | Spearman@80: 0.9332 | Kendall@80: 0.7990
Epoch 127/150 | Train Loss: 0.0139 | Epoch Time: 0.63s | Spearman@80: 0.9315 | Kendall@80: 0.7977
Epoch 128/150 | Train Loss: 0.0132 | Epoch Time: 0.63s | Spearman@80: 0.9266 | Kendall@80: 0.7884
Epoch 129/150 | Train Loss: 0.0178 | Epoch Time: 0.63s | Spearman@80: 0.9341 | Kendall@80: 0.7996
Epoch 130/150 | Train Loss: 0.0139 | Epoch Time: 0.63s | Spearman@80: 0.9379 | Kendall@80: 0.8074
Epoch 131/150 | Train Loss: 0.0140 | Epoch Time: 0.63s | Spearman@80: 0.9365 | Kendall@80: 0.8047
Epoch 132/150 | Train Loss: 0.0101 | Epoch Time: 0.63s | Spearman@80: 0.9354 | Kendall@80: 0.8046
Epoch 133/150 | Train Loss: 0.0154 | Epoch Time: 0.63s | Spearman@80: 0.9359 | Kendall@80: 0.8053
Epoch 134/150 | Train Loss: 0.0121 | Epoch Time: 0.63s | Spearman@80: 0.9336 | Kendall@80: 0.8004
Epoch 135/150 | Train Loss: 0.0091 | Epoch Time: 0.64s | Spearman@80: 0.9368 | Kendall@80: 0.8066
Epoch 136/150 | Train Loss: 0.0139 | Epoch Time: 0.63s | Spearman@80: 0.9372 | Kendall@80: 0.8058
Epoch 137/150 | Train Loss: 0.0142 | Epoch Time: 0.63s | Spearman@80: 0.9366 | Kendall@80: 0.8057
Epoch 138/150 | Train Loss: 0.0145 | Epoch Time: 0.63s | Spearman@80: 0.9357 | Kendall@80: 0.8023
Epoch 139/150 | Train Loss: 0.0135 | Epoch Time: 0.63s | Spearman@80: 0.9355 | Kendall@80: 0.8020
Epoch 140/150 | Train Loss: 0.0127 | Epoch Time: 0.63s | Spearman@80: 0.9350 | Kendall@80: 0.8020
Epoch 141/150 | Train Loss: 0.0145 | Epoch Time: 0.63s | Spearman@80: 0.9350 | Kendall@80: 0.8022
Epoch 142/150 | Train Loss: 0.0106 | Epoch Time: 0.63s | Spearman@80: 0.9355 | Kendall@80: 0.8026
Epoch 143/150 | Train Loss: 0.0131 | Epoch Time: 0.63s | Spearman@80: 0.9365 | Kendall@80: 0.8053
Epoch 144/150 | Train Loss: 0.0125 | Epoch Time: 0.63s | Spearman@80: 0.9364 | Kendall@80: 0.8047
Epoch 145/150 | Train Loss: 0.0165 | Epoch Time: 0.63s | Spearman@80: 0.9366 | Kendall@80: 0.8060
Epoch 146/150 | Train Loss: 0.0146 | Epoch Time: 0.63s | Spearman@80: 0.9366 | Kendall@80: 0.8060
Epoch 147/150 | Train Loss: 0.0122 | Epoch Time: 1.87s | Spearman@15496: 0.9365 | Kendall@15496: 0.7995
Epoch 148/150 | Train Loss: 0.0147 | Epoch Time: 1.85s | Spearman@15496: 0.9365 | Kendall@15496: 0.7994
Epoch 149/150 | Train Loss: 0.0166 | Epoch Time: 1.84s | Spearman@15496: 0.9365 | Kendall@15496: 0.7991
Epoch 150/150 | Train Loss: 0.0125 | Epoch Time: 1.85s | Spearman@15496: 0.9364 | Kendall@15496: 0.7993
Sample Count: 128, Spearman: 0.9364672098634439, Kendall: 0.7992995538221195
{64: (0.901294788992634, 0.7566282288864095),
 128: (0.9364672098634439, 0.7992995538221195)}
Epoch 1/150 | Train Loss: 0.1011 | Epoch Time: 0.32s | Spearman@80: 0.3722 | Kendall@80: 0.2626
Epoch 2/150 | Train Loss: 0.0900 | Epoch Time: 0.32s | Spearman@80: 0.6238 | Kendall@80: 0.4459
Epoch 3/150 | Train Loss: 0.0570 | Epoch Time: 0.32s | Spearman@80: 0.8277 | Kendall@80: 0.6411
Epoch 4/150 | Train Loss: 0.0372 | Epoch Time: 0.32s | Spearman@80: 0.8594 | Kendall@80: 0.6736
Epoch 5/150 | Train Loss: 0.0318 | Epoch Time: 0.32s | Spearman@80: 0.8652 | Kendall@80: 0.6857
Epoch 6/150 | Train Loss: 0.0289 | Epoch Time: 0.32s | Spearman@80: 0.8650 | Kendall@80: 0.6868
Epoch 7/150 | Train Loss: 0.0452 | Epoch Time: 0.31s | Spearman@80: 0.8452 | Kendall@80: 0.6489
Epoch 8/150 | Train Loss: 0.0464 | Epoch Time: 0.32s | Spearman@80: 0.8544 | Kendall@80: 0.6696
Epoch 9/150 | Train Loss: 0.0309 | Epoch Time: 0.32s | Spearman@80: 0.8504 | Kendall@80: 0.6753
Epoch 10/150 | Train Loss: 0.0345 | Epoch Time: 0.33s | Spearman@80: 0.8730 | Kendall@80: 0.7047
Epoch 11/150 | Train Loss: 0.0235 | Epoch Time: 0.39s | Spearman@80: 0.8851 | Kendall@80: 0.7204
Epoch 12/150 | Train Loss: 0.0299 | Epoch Time: 0.40s | Spearman@80: 0.8786 | Kendall@80: 0.7157
Epoch 13/150 | Train Loss: 0.0286 | Epoch Time: 0.39s | Spearman@80: 0.8899 | Kendall@80: 0.7307
Epoch 14/150 | Train Loss: 0.0245 | Epoch Time: 0.39s | Spearman@80: 0.8774 | Kendall@80: 0.7073
Epoch 15/150 | Train Loss: 0.0360 | Epoch Time: 0.40s | Spearman@80: 0.8700 | Kendall@80: 0.6958
Epoch 16/150 | Train Loss: 0.0311 | Epoch Time: 0.39s | Spearman@80: 0.8667 | Kendall@80: 0.6984
Epoch 17/150 | Train Loss: 0.0285 | Epoch Time: 0.37s | Spearman@80: 0.8900 | Kendall@80: 0.7231
Epoch 18/150 | Train Loss: 0.0250 | Epoch Time: 0.38s | Spearman@80: 0.8894 | Kendall@80: 0.7307
Epoch 19/150 | Train Loss: 0.0248 | Epoch Time: 0.40s | Spearman@80: 0.8952 | Kendall@80: 0.7383
Epoch 20/150 | Train Loss: 0.0353 | Epoch Time: 0.39s | Spearman@80: 0.8922 | Kendall@80: 0.7350
Epoch 21/150 | Train Loss: 0.0203 | Epoch Time: 0.38s | Spearman@80: 0.8920 | Kendall@80: 0.7261
Epoch 22/150 | Train Loss: 0.0241 | Epoch Time: 0.39s | Spearman@80: 0.9054 | Kendall@80: 0.7567
Epoch 23/150 | Train Loss: 0.0238 | Epoch Time: 0.38s | Spearman@80: 0.8968 | Kendall@80: 0.7491
Epoch 24/150 | Train Loss: 0.0251 | Epoch Time: 0.39s | Spearman@80: 0.8870 | Kendall@80: 0.7200
Epoch 25/150 | Train Loss: 0.0182 | Epoch Time: 0.39s | Spearman@80: 0.8789 | Kendall@80: 0.7033
Epoch 26/150 | Train Loss: 0.0265 | Epoch Time: 0.38s | Spearman@80: 0.8788 | Kendall@80: 0.7136
Epoch 27/150 | Train Loss: 0.0200 | Epoch Time: 0.38s | Spearman@80: 0.8635 | Kendall@80: 0.7007
Epoch 28/150 | Train Loss: 0.0241 | Epoch Time: 0.38s | Spearman@80: 0.8920 | Kendall@80: 0.7255
Epoch 29/150 | Train Loss: 0.0326 | Epoch Time: 0.40s | Spearman@80: 0.8868 | Kendall@80: 0.7269
Epoch 30/150 | Train Loss: 0.0249 | Epoch Time: 0.39s | Spearman@80: 0.8911 | Kendall@80: 0.7326
Epoch 31/150 | Train Loss: 0.0214 | Epoch Time: 0.40s | Spearman@80: 0.8908 | Kendall@80: 0.7307
Epoch 32/150 | Train Loss: 0.0270 | Epoch Time: 0.38s | Spearman@80: 0.8926 | Kendall@80: 0.7352
Epoch 33/150 | Train Loss: 0.0227 | Epoch Time: 0.39s | Spearman@80: 0.9008 | Kendall@80: 0.7479
Epoch 34/150 | Train Loss: 0.0194 | Epoch Time: 0.38s | Spearman@80: 0.8980 | Kendall@80: 0.7420
Epoch 35/150 | Train Loss: 0.0319 | Epoch Time: 0.39s | Spearman@80: 0.8966 | Kendall@80: 0.7371
Epoch 36/150 | Train Loss: 0.0272 | Epoch Time: 0.39s | Spearman@80: 0.9019 | Kendall@80: 0.7466
Epoch 37/150 | Train Loss: 0.0240 | Epoch Time: 0.39s | Spearman@80: 0.8972 | Kendall@80: 0.7413
Epoch 38/150 | Train Loss: 0.0213 | Epoch Time: 0.38s | Spearman@80: 0.9002 | Kendall@80: 0.7466
Epoch 39/150 | Train Loss: 0.0227 | Epoch Time: 0.38s | Spearman@80: 0.9024 | Kendall@80: 0.7561
Epoch 40/150 | Train Loss: 0.0232 | Epoch Time: 0.39s | Spearman@80: 0.9035 | Kendall@80: 0.7447
Epoch 41/150 | Train Loss: 0.0248 | Epoch Time: 0.38s | Spearman@80: 0.9043 | Kendall@80: 0.7439
Epoch 42/150 | Train Loss: 0.0197 | Epoch Time: 0.39s | Spearman@80: 0.8837 | Kendall@80: 0.7299
Epoch 43/150 | Train Loss: 0.0207 | Epoch Time: 0.37s | Spearman@80: 0.9016 | Kendall@80: 0.7420
Epoch 44/150 | Train Loss: 0.0211 | Epoch Time: 0.38s | Spearman@80: 0.8853 | Kendall@80: 0.7206
Epoch 45/150 | Train Loss: 0.0229 | Epoch Time: 0.38s | Spearman@80: 0.8975 | Kendall@80: 0.7383
Epoch 46/150 | Train Loss: 0.0345 | Epoch Time: 0.38s | Spearman@80: 0.9031 | Kendall@80: 0.7502
Epoch 47/150 | Train Loss: 0.0264 | Epoch Time: 0.39s | Spearman@80: 0.9111 | Kendall@80: 0.7593
Epoch 48/150 | Train Loss: 0.0285 | Epoch Time: 0.39s | Spearman@80: 0.9032 | Kendall@80: 0.7441
Epoch 49/150 | Train Loss: 0.0242 | Epoch Time: 0.38s | Spearman@80: 0.9144 | Kendall@80: 0.7650
Epoch 50/150 | Train Loss: 0.0223 | Epoch Time: 0.38s | Spearman@80: 0.9151 | Kendall@80: 0.7686
Epoch 51/150 | Train Loss: 0.0159 | Epoch Time: 0.39s | Spearman@80: 0.9172 | Kendall@80: 0.7711
Epoch 52/150 | Train Loss: 0.0174 | Epoch Time: 0.38s | Spearman@80: 0.9068 | Kendall@80: 0.7529
Epoch 53/150 | Train Loss: 0.0238 | Epoch Time: 0.40s | Spearman@80: 0.9092 | Kendall@80: 0.7625
Epoch 54/150 | Train Loss: 0.0238 | Epoch Time: 0.38s | Spearman@80: 0.9082 | Kendall@80: 0.7656
Epoch 55/150 | Train Loss: 0.0213 | Epoch Time: 0.38s | Spearman@80: 0.9145 | Kendall@80: 0.7661
Epoch 56/150 | Train Loss: 0.0181 | Epoch Time: 0.38s | Spearman@80: 0.9149 | Kendall@80: 0.7644
Epoch 57/150 | Train Loss: 0.0211 | Epoch Time: 0.38s | Spearman@80: 0.9176 | Kendall@80: 0.7680
Epoch 58/150 | Train Loss: 0.0261 | Epoch Time: 0.39s | Spearman@80: 0.9176 | Kendall@80: 0.7663
Epoch 59/150 | Train Loss: 0.0207 | Epoch Time: 0.38s | Spearman@80: 0.9014 | Kendall@80: 0.7352
Epoch 60/150 | Train Loss: 0.0263 | Epoch Time: 0.39s | Spearman@80: 0.9051 | Kendall@80: 0.7485
Epoch 61/150 | Train Loss: 0.0193 | Epoch Time: 0.38s | Spearman@80: 0.9187 | Kendall@80: 0.7694
Epoch 62/150 | Train Loss: 0.0189 | Epoch Time: 0.38s | Spearman@80: 0.9207 | Kendall@80: 0.7726
Epoch 63/150 | Train Loss: 0.0231 | Epoch Time: 0.39s | Spearman@80: 0.9188 | Kendall@80: 0.7713
Epoch 64/150 | Train Loss: 0.0129 | Epoch Time: 0.39s | Spearman@80: 0.9171 | Kendall@80: 0.7701
Epoch 65/150 | Train Loss: 0.0246 | Epoch Time: 0.38s | Spearman@80: 0.9152 | Kendall@80: 0.7675
Epoch 66/150 | Train Loss: 0.0208 | Epoch Time: 0.38s | Spearman@80: 0.9121 | Kendall@80: 0.7618
Epoch 67/150 | Train Loss: 0.0177 | Epoch Time: 0.40s | Spearman@80: 0.9164 | Kendall@80: 0.7726
Epoch 68/150 | Train Loss: 0.0164 | Epoch Time: 0.39s | Spearman@80: 0.9161 | Kendall@80: 0.7667
Epoch 69/150 | Train Loss: 0.0168 | Epoch Time: 0.37s | Spearman@80: 0.9232 | Kendall@80: 0.7859
Epoch 70/150 | Train Loss: 0.0152 | Epoch Time: 0.38s | Spearman@80: 0.9135 | Kendall@80: 0.7661
Epoch 71/150 | Train Loss: 0.0196 | Epoch Time: 0.39s | Spearman@80: 0.9173 | Kendall@80: 0.7692
Epoch 72/150 | Train Loss: 0.0168 | Epoch Time: 0.37s | Spearman@80: 0.9174 | Kendall@80: 0.7751
Epoch 73/150 | Train Loss: 0.0241 | Epoch Time: 0.39s | Spearman@80: 0.9178 | Kendall@80: 0.7701
Epoch 74/150 | Train Loss: 0.0262 | Epoch Time: 0.40s | Spearman@80: 0.9214 | Kendall@80: 0.7802
Epoch 75/150 | Train Loss: 0.0203 | Epoch Time: 0.37s | Spearman@80: 0.9203 | Kendall@80: 0.7777
Epoch 76/150 | Train Loss: 0.0224 | Epoch Time: 0.38s | Spearman@80: 0.9205 | Kendall@80: 0.7777
Epoch 77/150 | Train Loss: 0.0205 | Epoch Time: 0.39s | Spearman@80: 0.9184 | Kendall@80: 0.7758
Epoch 78/150 | Train Loss: 0.0186 | Epoch Time: 0.40s | Spearman@80: 0.9259 | Kendall@80: 0.7834
Epoch 79/150 | Train Loss: 0.0125 | Epoch Time: 0.38s | Spearman@80: 0.9282 | Kendall@80: 0.7878
Epoch 80/150 | Train Loss: 0.0133 | Epoch Time: 0.38s | Spearman@80: 0.9238 | Kendall@80: 0.7739
Epoch 81/150 | Train Loss: 0.0107 | Epoch Time: 0.37s | Spearman@80: 0.9197 | Kendall@80: 0.7732
Epoch 82/150 | Train Loss: 0.0153 | Epoch Time: 0.37s | Spearman@80: 0.9260 | Kendall@80: 0.7783
Epoch 83/150 | Train Loss: 0.0134 | Epoch Time: 0.37s | Spearman@80: 0.9290 | Kendall@80: 0.7876
Epoch 84/150 | Train Loss: 0.0120 | Epoch Time: 0.37s | Spearman@80: 0.9254 | Kendall@80: 0.7802
Epoch 85/150 | Train Loss: 0.0121 | Epoch Time: 0.37s | Spearman@80: 0.9277 | Kendall@80: 0.7819
Epoch 86/150 | Train Loss: 0.0148 | Epoch Time: 0.37s | Spearman@80: 0.9257 | Kendall@80: 0.7807
Epoch 87/150 | Train Loss: 0.0201 | Epoch Time: 0.37s | Spearman@80: 0.9041 | Kendall@80: 0.7489
Epoch 88/150 | Train Loss: 0.0251 | Epoch Time: 0.38s | Spearman@80: 0.9090 | Kendall@80: 0.7536
Epoch 89/150 | Train Loss: 0.0292 | Epoch Time: 0.37s | Spearman@80: 0.9286 | Kendall@80: 0.7872
Epoch 90/150 | Train Loss: 0.0175 | Epoch Time: 0.37s | Spearman@80: 0.9297 | Kendall@80: 0.7942
Epoch 91/150 | Train Loss: 0.0116 | Epoch Time: 0.37s | Spearman@80: 0.9334 | Kendall@80: 0.7895
Epoch 92/150 | Train Loss: 0.0154 | Epoch Time: 0.37s | Spearman@80: 0.9291 | Kendall@80: 0.7859
Epoch 93/150 | Train Loss: 0.0145 | Epoch Time: 0.37s | Spearman@80: 0.9261 | Kendall@80: 0.7840
Epoch 94/150 | Train Loss: 0.0181 | Epoch Time: 0.37s | Spearman@80: 0.9331 | Kendall@80: 0.7910
Epoch 95/150 | Train Loss: 0.0212 | Epoch Time: 0.37s | Spearman@80: 0.9269 | Kendall@80: 0.7802
Epoch 96/150 | Train Loss: 0.0146 | Epoch Time: 0.37s | Spearman@80: 0.9370 | Kendall@80: 0.8022
Epoch 97/150 | Train Loss: 0.0239 | Epoch Time: 0.37s | Spearman@80: 0.9334 | Kendall@80: 0.7946
Epoch 98/150 | Train Loss: 0.0162 | Epoch Time: 0.37s | Spearman@80: 0.9265 | Kendall@80: 0.7802
Epoch 99/150 | Train Loss: 0.0194 | Epoch Time: 0.37s | Spearman@80: 0.9261 | Kendall@80: 0.7866
Epoch 100/150 | Train Loss: 0.0124 | Epoch Time: 0.37s | Spearman@80: 0.9261 | Kendall@80: 0.7857
Epoch 101/150 | Train Loss: 0.0127 | Epoch Time: 0.37s | Spearman@80: 0.9312 | Kendall@80: 0.7908
Epoch 102/150 | Train Loss: 0.0160 | Epoch Time: 0.37s | Spearman@80: 0.9380 | Kendall@80: 0.8060
Epoch 103/150 | Train Loss: 0.0109 | Epoch Time: 0.38s | Spearman@80: 0.9367 | Kendall@80: 0.8056
Epoch 104/150 | Train Loss: 0.0154 | Epoch Time: 0.37s | Spearman@80: 0.9373 | Kendall@80: 0.8067
Epoch 105/150 | Train Loss: 0.0149 | Epoch Time: 0.37s | Spearman@80: 0.9337 | Kendall@80: 0.7992
Epoch 106/150 | Train Loss: 0.0154 | Epoch Time: 0.37s | Spearman@80: 0.9296 | Kendall@80: 0.7961
Epoch 107/150 | Train Loss: 0.0114 | Epoch Time: 0.37s | Spearman@80: 0.9342 | Kendall@80: 0.7999
Epoch 108/150 | Train Loss: 0.0163 | Epoch Time: 0.37s | Spearman@80: 0.9331 | Kendall@80: 0.7973
Epoch 109/150 | Train Loss: 0.0167 | Epoch Time: 0.37s | Spearman@80: 0.9366 | Kendall@80: 0.7973
Epoch 110/150 | Train Loss: 0.0168 | Epoch Time: 0.37s | Spearman@80: 0.9349 | Kendall@80: 0.7935
Epoch 111/150 | Train Loss: 0.0129 | Epoch Time: 0.37s | Spearman@80: 0.9282 | Kendall@80: 0.7885
Epoch 112/150 | Train Loss: 0.0145 | Epoch Time: 0.37s | Spearman@80: 0.9283 | Kendall@80: 0.7864
Epoch 113/150 | Train Loss: 0.0104 | Epoch Time: 0.37s | Spearman@80: 0.9331 | Kendall@80: 0.7946
Epoch 114/150 | Train Loss: 0.0192 | Epoch Time: 0.37s | Spearman@80: 0.9373 | Kendall@80: 0.8022
Epoch 115/150 | Train Loss: 0.0149 | Epoch Time: 0.37s | Spearman@80: 0.9374 | Kendall@80: 0.8005
Epoch 116/150 | Train Loss: 0.0147 | Epoch Time: 0.37s | Spearman@80: 0.9344 | Kendall@80: 0.8010
Epoch 117/150 | Train Loss: 0.0131 | Epoch Time: 0.37s | Spearman@80: 0.9347 | Kendall@80: 0.8005
Epoch 118/150 | Train Loss: 0.0150 | Epoch Time: 0.37s | Spearman@80: 0.9366 | Kendall@80: 0.8069
Epoch 119/150 | Train Loss: 0.0112 | Epoch Time: 0.37s | Spearman@80: 0.9362 | Kendall@80: 0.8048
Epoch 120/150 | Train Loss: 0.0096 | Epoch Time: 0.37s | Spearman@80: 0.9375 | Kendall@80: 0.8062
Epoch 121/150 | Train Loss: 0.0155 | Epoch Time: 0.37s | Spearman@80: 0.9373 | Kendall@80: 0.8067
Epoch 122/150 | Train Loss: 0.0076 | Epoch Time: 0.37s | Spearman@80: 0.9391 | Kendall@80: 0.8092
Epoch 123/150 | Train Loss: 0.0081 | Epoch Time: 0.37s | Spearman@80: 0.9379 | Kendall@80: 0.8067
Epoch 124/150 | Train Loss: 0.0127 | Epoch Time: 0.37s | Spearman@80: 0.9382 | Kendall@80: 0.8054
Epoch 125/150 | Train Loss: 0.0175 | Epoch Time: 0.37s | Spearman@80: 0.9379 | Kendall@80: 0.8088
Epoch 126/150 | Train Loss: 0.0123 | Epoch Time: 0.37s | Spearman@80: 0.9382 | Kendall@80: 0.8073
Epoch 127/150 | Train Loss: 0.0131 | Epoch Time: 0.37s | Spearman@80: 0.9396 | Kendall@80: 0.8111
Epoch 128/150 | Train Loss: 0.0121 | Epoch Time: 0.37s | Spearman@80: 0.9397 | Kendall@80: 0.8119
Epoch 129/150 | Train Loss: 0.0121 | Epoch Time: 0.37s | Spearman@80: 0.9364 | Kendall@80: 0.8030
Epoch 130/150 | Train Loss: 0.0104 | Epoch Time: 0.37s | Spearman@80: 0.9340 | Kendall@80: 0.8005
Epoch 131/150 | Train Loss: 0.0130 | Epoch Time: 0.37s | Spearman@80: 0.9339 | Kendall@80: 0.7992
Epoch 132/150 | Train Loss: 0.0100 | Epoch Time: 0.37s | Spearman@80: 0.9339 | Kendall@80: 0.7997
Epoch 133/150 | Train Loss: 0.0158 | Epoch Time: 0.37s | Spearman@80: 0.9372 | Kendall@80: 0.8060
Epoch 134/150 | Train Loss: 0.0112 | Epoch Time: 0.37s | Spearman@80: 0.9343 | Kendall@80: 0.7999
Epoch 135/150 | Train Loss: 0.0155 | Epoch Time: 0.37s | Spearman@80: 0.9376 | Kendall@80: 0.8048
Epoch 136/150 | Train Loss: 0.0093 | Epoch Time: 0.37s | Spearman@80: 0.9380 | Kendall@80: 0.8088
Epoch 137/150 | Train Loss: 0.0121 | Epoch Time: 0.37s | Spearman@80: 0.9380 | Kendall@80: 0.8086
Epoch 138/150 | Train Loss: 0.0102 | Epoch Time: 0.37s | Spearman@80: 0.9364 | Kendall@80: 0.8043
Epoch 139/150 | Train Loss: 0.0157 | Epoch Time: 0.37s | Spearman@80: 0.9366 | Kendall@80: 0.8041
Epoch 140/150 | Train Loss: 0.0144 | Epoch Time: 0.37s | Spearman@80: 0.9369 | Kendall@80: 0.8054
Epoch 141/150 | Train Loss: 0.0126 | Epoch Time: 0.37s | Spearman@80: 0.9369 | Kendall@80: 0.8049
Epoch 142/150 | Train Loss: 0.0183 | Epoch Time: 0.37s | Spearman@80: 0.9371 | Kendall@80: 0.8060
Epoch 143/150 | Train Loss: 0.0176 | Epoch Time: 0.37s | Spearman@80: 0.9376 | Kendall@80: 0.8060
Epoch 144/150 | Train Loss: 0.0147 | Epoch Time: 0.37s | Spearman@80: 0.9381 | Kendall@80: 0.8067
Epoch 145/150 | Train Loss: 0.0076 | Epoch Time: 0.37s | Spearman@80: 0.9379 | Kendall@80: 0.8067
Epoch 146/150 | Train Loss: 0.0110 | Epoch Time: 0.37s | Spearman@80: 0.9379 | Kendall@80: 0.8067
Epoch 147/150 | Train Loss: 0.0126 | Epoch Time: 1.72s | Spearman@15560: 0.9259 | Kendall@15560: 0.7771
Epoch 148/150 | Train Loss: 0.0138 | Epoch Time: 1.47s | Spearman@15560: 0.9259 | Kendall@15560: 0.7773
Epoch 149/150 | Train Loss: 0.0099 | Epoch Time: 1.47s | Spearman@15560: 0.9259 | Kendall@15560: 0.7773
Epoch 150/150 | Train Loss: 0.0164 | Epoch Time: 1.47s | Spearman@15560: 0.9259 | Kendall@15560: 0.7772
Sample Count: 64, Spearman: 0.9259335456005356, Kendall: 0.7772263890950483
{64: (0.9259335456005356, 0.7772263890950483),
 128: (0.9364672098634439, 0.7992995538221195)}
Epoch 1/150 | Train Loss: 0.0919 | Epoch Time: 0.64s | Spearman@80: 0.5472 | Kendall@80: 0.3854
Epoch 2/150 | Train Loss: 0.0556 | Epoch Time: 0.63s | Spearman@80: 0.7873 | Kendall@80: 0.6090
Epoch 3/150 | Train Loss: 0.0403 | Epoch Time: 0.63s | Spearman@80: 0.8449 | Kendall@80: 0.6768
Epoch 4/150 | Train Loss: 0.0438 | Epoch Time: 0.63s | Spearman@80: 0.8576 | Kendall@80: 0.6913
Epoch 5/150 | Train Loss: 0.0426 | Epoch Time: 0.63s | Spearman@80: 0.8785 | Kendall@80: 0.7101
Epoch 6/150 | Train Loss: 0.0339 | Epoch Time: 0.63s | Spearman@80: 0.7907 | Kendall@80: 0.5870
Epoch 7/150 | Train Loss: 0.0462 | Epoch Time: 0.64s | Spearman@80: 0.8743 | Kendall@80: 0.7177
Epoch 8/150 | Train Loss: 0.0390 | Epoch Time: 0.63s | Spearman@80: 0.8869 | Kendall@80: 0.7243
Epoch 9/150 | Train Loss: 0.0376 | Epoch Time: 0.63s | Spearman@80: 0.8996 | Kendall@80: 0.7510
Epoch 10/150 | Train Loss: 0.0302 | Epoch Time: 0.63s | Spearman@80: 0.8985 | Kendall@80: 0.7430
Epoch 11/150 | Train Loss: 0.0365 | Epoch Time: 0.64s | Spearman@80: 0.8505 | Kendall@80: 0.6544
Epoch 12/150 | Train Loss: 0.0378 | Epoch Time: 0.64s | Spearman@80: 0.8764 | Kendall@80: 0.7038
Epoch 13/150 | Train Loss: 0.0377 | Epoch Time: 0.64s | Spearman@80: 0.9043 | Kendall@80: 0.7484
Epoch 14/150 | Train Loss: 0.0396 | Epoch Time: 0.64s | Spearman@80: 0.8794 | Kendall@80: 0.7084
Epoch 15/150 | Train Loss: 0.0378 | Epoch Time: 0.64s | Spearman@80: 0.9000 | Kendall@80: 0.7533
Epoch 16/150 | Train Loss: 0.0366 | Epoch Time: 0.65s | Spearman@80: 0.9066 | Kendall@80: 0.7548
Epoch 17/150 | Train Loss: 0.0344 | Epoch Time: 0.65s | Spearman@80: 0.8988 | Kendall@80: 0.7425
Epoch 18/150 | Train Loss: 0.0342 | Epoch Time: 0.65s | Spearman@80: 0.9060 | Kendall@80: 0.7533
Epoch 19/150 | Train Loss: 0.0302 | Epoch Time: 0.65s | Spearman@80: 0.9108 | Kendall@80: 0.7638
Epoch 20/150 | Train Loss: 0.0313 | Epoch Time: 0.64s | Spearman@80: 0.8739 | Kendall@80: 0.7205
Epoch 21/150 | Train Loss: 0.0386 | Epoch Time: 0.63s | Spearman@80: 0.9070 | Kendall@80: 0.7556
Epoch 22/150 | Train Loss: 0.0291 | Epoch Time: 0.64s | Spearman@80: 0.9063 | Kendall@80: 0.7535
Epoch 23/150 | Train Loss: 0.0350 | Epoch Time: 0.64s | Spearman@80: 0.8740 | Kendall@80: 0.7154
Epoch 24/150 | Train Loss: 0.0306 | Epoch Time: 0.64s | Spearman@80: 0.8894 | Kendall@80: 0.7192
Epoch 25/150 | Train Loss: 0.0301 | Epoch Time: 0.65s | Spearman@80: 0.8412 | Kendall@80: 0.6747
Epoch 26/150 | Train Loss: 0.0381 | Epoch Time: 0.64s | Spearman@80: 0.8971 | Kendall@80: 0.7340
Epoch 27/150 | Train Loss: 0.0298 | Epoch Time: 0.65s | Spearman@80: 0.8835 | Kendall@80: 0.7137
Epoch 28/150 | Train Loss: 0.0323 | Epoch Time: 0.64s | Spearman@80: 0.8743 | Kendall@80: 0.6900
Epoch 29/150 | Train Loss: 0.0379 | Epoch Time: 0.65s | Spearman@80: 0.8837 | Kendall@80: 0.7272
Epoch 30/150 | Train Loss: 0.0346 | Epoch Time: 0.65s | Spearman@80: 0.8984 | Kendall@80: 0.7421
Epoch 31/150 | Train Loss: 0.0270 | Epoch Time: 0.64s | Spearman@80: 0.8910 | Kendall@80: 0.7139
Epoch 32/150 | Train Loss: 0.0300 | Epoch Time: 0.64s | Spearman@80: 0.8970 | Kendall@80: 0.7358
Epoch 33/150 | Train Loss: 0.0322 | Epoch Time: 0.64s | Spearman@80: 0.8949 | Kendall@80: 0.7277
Epoch 34/150 | Train Loss: 0.0327 | Epoch Time: 0.64s | Spearman@80: 0.8962 | Kendall@80: 0.7419
Epoch 35/150 | Train Loss: 0.0294 | Epoch Time: 0.64s | Spearman@80: 0.9103 | Kendall@80: 0.7542
Epoch 36/150 | Train Loss: 0.0341 | Epoch Time: 0.64s | Spearman@80: 0.8989 | Kendall@80: 0.7466
Epoch 37/150 | Train Loss: 0.0326 | Epoch Time: 0.64s | Spearman@80: 0.8792 | Kendall@80: 0.7188
Epoch 38/150 | Train Loss: 0.0304 | Epoch Time: 0.65s | Spearman@80: 0.8847 | Kendall@80: 0.7186
Epoch 39/150 | Train Loss: 0.0344 | Epoch Time: 0.64s | Spearman@80: 0.8965 | Kendall@80: 0.7237
Epoch 40/150 | Train Loss: 0.0307 | Epoch Time: 0.65s | Spearman@80: 0.8497 | Kendall@80: 0.6785
Epoch 41/150 | Train Loss: 0.0305 | Epoch Time: 0.65s | Spearman@80: 0.8881 | Kendall@80: 0.7262
Epoch 42/150 | Train Loss: 0.0305 | Epoch Time: 0.64s | Spearman@80: 0.8896 | Kendall@80: 0.7249
Epoch 43/150 | Train Loss: 0.0283 | Epoch Time: 0.64s | Spearman@80: 0.9054 | Kendall@80: 0.7438
Epoch 44/150 | Train Loss: 0.0286 | Epoch Time: 0.66s | Spearman@80: 0.8904 | Kendall@80: 0.7180
Epoch 45/150 | Train Loss: 0.0298 | Epoch Time: 0.65s | Spearman@80: 0.9077 | Kendall@80: 0.7580
Epoch 46/150 | Train Loss: 0.0256 | Epoch Time: 0.64s | Spearman@80: 0.9016 | Kendall@80: 0.7447
Epoch 47/150 | Train Loss: 0.0293 | Epoch Time: 0.65s | Spearman@80: 0.8945 | Kendall@80: 0.7298
Epoch 48/150 | Train Loss: 0.0330 | Epoch Time: 0.64s | Spearman@80: 0.9014 | Kendall@80: 0.7466
Epoch 49/150 | Train Loss: 0.0326 | Epoch Time: 0.65s | Spearman@80: 0.9004 | Kendall@80: 0.7427
Epoch 50/150 | Train Loss: 0.0297 | Epoch Time: 0.65s | Spearman@80: 0.8983 | Kendall@80: 0.7390
Epoch 51/150 | Train Loss: 0.0252 | Epoch Time: 0.64s | Spearman@80: 0.8625 | Kendall@80: 0.6938
Epoch 52/150 | Train Loss: 0.0291 | Epoch Time: 0.64s | Spearman@80: 0.8698 | Kendall@80: 0.7023
Epoch 53/150 | Train Loss: 0.0309 | Epoch Time: 0.64s | Spearman@80: 0.8971 | Kendall@80: 0.7230
Epoch 54/150 | Train Loss: 0.0330 | Epoch Time: 0.64s | Spearman@80: 0.9064 | Kendall@80: 0.7631
Epoch 55/150 | Train Loss: 0.0277 | Epoch Time: 0.65s | Spearman@80: 0.8771 | Kendall@80: 0.7067
Epoch 56/150 | Train Loss: 0.0241 | Epoch Time: 0.64s | Spearman@80: 0.8806 | Kendall@80: 0.7090
Epoch 57/150 | Train Loss: 0.0248 | Epoch Time: 0.65s | Spearman@80: 0.8730 | Kendall@80: 0.6999
Epoch 58/150 | Train Loss: 0.0343 | Epoch Time: 0.64s | Spearman@80: 0.8827 | Kendall@80: 0.7160
Epoch 59/150 | Train Loss: 0.0335 | Epoch Time: 0.65s | Spearman@80: 0.9161 | Kendall@80: 0.7695
Epoch 60/150 | Train Loss: 0.0311 | Epoch Time: 0.65s | Spearman@80: 0.9073 | Kendall@80: 0.7610
Epoch 61/150 | Train Loss: 0.0273 | Epoch Time: 0.66s | Spearman@80: 0.8896 | Kendall@80: 0.7319
Epoch 62/150 | Train Loss: 0.0249 | Epoch Time: 0.65s | Spearman@80: 0.8921 | Kendall@80: 0.7285
Epoch 63/150 | Train Loss: 0.0238 | Epoch Time: 0.64s | Spearman@80: 0.8781 | Kendall@80: 0.7016
Epoch 64/150 | Train Loss: 0.0266 | Epoch Time: 0.64s | Spearman@80: 0.8766 | Kendall@80: 0.7142
Epoch 65/150 | Train Loss: 0.0246 | Epoch Time: 0.65s | Spearman@80: 0.8753 | Kendall@80: 0.6951
Epoch 66/150 | Train Loss: 0.0302 | Epoch Time: 0.65s | Spearman@80: 0.8862 | Kendall@80: 0.7224
Epoch 67/150 | Train Loss: 0.0256 | Epoch Time: 0.67s | Spearman@80: 0.9008 | Kendall@80: 0.7440
Epoch 68/150 | Train Loss: 0.0344 | Epoch Time: 0.65s | Spearman@80: 0.8934 | Kendall@80: 0.7385
Epoch 69/150 | Train Loss: 0.0238 | Epoch Time: 0.65s | Spearman@80: 0.8696 | Kendall@80: 0.6932
Epoch 70/150 | Train Loss: 0.0298 | Epoch Time: 0.65s | Spearman@80: 0.8811 | Kendall@80: 0.6999
Epoch 71/150 | Train Loss: 0.0252 | Epoch Time: 0.64s | Spearman@80: 0.8973 | Kendall@80: 0.7377
Epoch 72/150 | Train Loss: 0.0300 | Epoch Time: 0.64s | Spearman@80: 0.8726 | Kendall@80: 0.7031
Epoch 73/150 | Train Loss: 0.0306 | Epoch Time: 0.65s | Spearman@80: 0.9012 | Kendall@80: 0.7425
Epoch 74/150 | Train Loss: 0.0308 | Epoch Time: 0.64s | Spearman@80: 0.8840 | Kendall@80: 0.7129
Epoch 75/150 | Train Loss: 0.0228 | Epoch Time: 0.64s | Spearman@80: 0.8940 | Kendall@80: 0.7298
Epoch 76/150 | Train Loss: 0.0242 | Epoch Time: 0.64s | Spearman@80: 0.8823 | Kendall@80: 0.7103
Epoch 77/150 | Train Loss: 0.0279 | Epoch Time: 0.64s | Spearman@80: 0.8979 | Kendall@80: 0.7385
Epoch 78/150 | Train Loss: 0.0252 | Epoch Time: 0.64s | Spearman@80: 0.9106 | Kendall@80: 0.7565
Epoch 79/150 | Train Loss: 0.0241 | Epoch Time: 0.65s | Spearman@80: 0.8854 | Kendall@80: 0.7177
Epoch 80/150 | Train Loss: 0.0228 | Epoch Time: 0.64s | Spearman@80: 0.8756 | Kendall@80: 0.7161
Epoch 81/150 | Train Loss: 0.0226 | Epoch Time: 0.64s | Spearman@80: 0.8652 | Kendall@80: 0.6881
Epoch 82/150 | Train Loss: 0.0247 | Epoch Time: 0.64s | Spearman@80: 0.9022 | Kendall@80: 0.7436
Epoch 83/150 | Train Loss: 0.0250 | Epoch Time: 0.64s | Spearman@80: 0.8946 | Kendall@80: 0.7338
Epoch 84/150 | Train Loss: 0.0259 | Epoch Time: 0.65s | Spearman@80: 0.8808 | Kendall@80: 0.7154
Epoch 85/150 | Train Loss: 0.0202 | Epoch Time: 0.64s | Spearman@80: 0.9161 | Kendall@80: 0.7637
Epoch 86/150 | Train Loss: 0.0303 | Epoch Time: 0.65s | Spearman@80: 0.9090 | Kendall@80: 0.7476
Epoch 87/150 | Train Loss: 0.0219 | Epoch Time: 0.64s | Spearman@80: 0.8946 | Kendall@80: 0.7351
Epoch 88/150 | Train Loss: 0.0261 | Epoch Time: 0.64s | Spearman@80: 0.9037 | Kendall@80: 0.7421
Epoch 89/150 | Train Loss: 0.0255 | Epoch Time: 0.64s | Spearman@80: 0.9287 | Kendall@80: 0.7795
Epoch 90/150 | Train Loss: 0.0247 | Epoch Time: 0.65s | Spearman@80: 0.9096 | Kendall@80: 0.7472
Epoch 91/150 | Train Loss: 0.0270 | Epoch Time: 0.65s | Spearman@80: 0.8970 | Kendall@80: 0.7319
Epoch 92/150 | Train Loss: 0.0208 | Epoch Time: 0.64s | Spearman@80: 0.9010 | Kendall@80: 0.7413
Epoch 93/150 | Train Loss: 0.0266 | Epoch Time: 0.64s | Spearman@80: 0.8981 | Kendall@80: 0.7389
Epoch 94/150 | Train Loss: 0.0224 | Epoch Time: 0.65s | Spearman@80: 0.8853 | Kendall@80: 0.7173
Epoch 95/150 | Train Loss: 0.0244 | Epoch Time: 0.64s | Spearman@80: 0.8979 | Kendall@80: 0.7364
Epoch 96/150 | Train Loss: 0.0195 | Epoch Time: 0.65s | Spearman@80: 0.8846 | Kendall@80: 0.7179
Epoch 97/150 | Train Loss: 0.0191 | Epoch Time: 0.64s | Spearman@80: 0.8815 | Kendall@80: 0.7095
Epoch 98/150 | Train Loss: 0.0226 | Epoch Time: 0.64s | Spearman@80: 0.9069 | Kendall@80: 0.7387
Epoch 99/150 | Train Loss: 0.0251 | Epoch Time: 0.65s | Spearman@80: 0.8749 | Kendall@80: 0.7057
Epoch 100/150 | Train Loss: 0.0221 | Epoch Time: 0.64s | Spearman@80: 0.9098 | Kendall@80: 0.7535
Epoch 101/150 | Train Loss: 0.0245 | Epoch Time: 0.64s | Spearman@80: 0.8963 | Kendall@80: 0.7362
Epoch 102/150 | Train Loss: 0.0189 | Epoch Time: 0.64s | Spearman@80: 0.9059 | Kendall@80: 0.7493
Epoch 103/150 | Train Loss: 0.0215 | Epoch Time: 0.64s | Spearman@80: 0.8995 | Kendall@80: 0.7431
Epoch 104/150 | Train Loss: 0.0176 | Epoch Time: 0.65s | Spearman@80: 0.9184 | Kendall@80: 0.7648
Epoch 105/150 | Train Loss: 0.0227 | Epoch Time: 0.65s | Spearman@80: 0.9212 | Kendall@80: 0.7622
Epoch 106/150 | Train Loss: 0.0234 | Epoch Time: 0.64s | Spearman@80: 0.8924 | Kendall@80: 0.7218
Epoch 107/150 | Train Loss: 0.0224 | Epoch Time: 0.64s | Spearman@80: 0.9022 | Kendall@80: 0.7364
Epoch 108/150 | Train Loss: 0.0227 | Epoch Time: 0.64s | Spearman@80: 0.8933 | Kendall@80: 0.7237
Epoch 109/150 | Train Loss: 0.0220 | Epoch Time: 0.64s | Spearman@80: 0.8977 | Kendall@80: 0.7342
Epoch 110/150 | Train Loss: 0.0215 | Epoch Time: 0.67s | Spearman@80: 0.9029 | Kendall@80: 0.7419
Epoch 111/150 | Train Loss: 0.0241 | Epoch Time: 0.64s | Spearman@80: 0.9016 | Kendall@80: 0.7368
Epoch 112/150 | Train Loss: 0.0191 | Epoch Time: 0.64s | Spearman@80: 0.8971 | Kendall@80: 0.7377
Epoch 113/150 | Train Loss: 0.0179 | Epoch Time: 0.64s | Spearman@80: 0.9001 | Kendall@80: 0.7440
Epoch 114/150 | Train Loss: 0.0198 | Epoch Time: 0.64s | Spearman@80: 0.9120 | Kendall@80: 0.7533
Epoch 115/150 | Train Loss: 0.0226 | Epoch Time: 0.64s | Spearman@80: 0.9084 | Kendall@80: 0.7521
Epoch 116/150 | Train Loss: 0.0175 | Epoch Time: 0.64s | Spearman@80: 0.9079 | Kendall@80: 0.7489
Epoch 117/150 | Train Loss: 0.0211 | Epoch Time: 0.64s | Spearman@80: 0.9142 | Kendall@80: 0.7580
Epoch 118/150 | Train Loss: 0.0230 | Epoch Time: 0.64s | Spearman@80: 0.9058 | Kendall@80: 0.7464
Epoch 119/150 | Train Loss: 0.0177 | Epoch Time: 0.64s | Spearman@80: 0.9117 | Kendall@80: 0.7553
Epoch 120/150 | Train Loss: 0.0189 | Epoch Time: 0.64s | Spearman@80: 0.8829 | Kendall@80: 0.7162
Epoch 121/150 | Train Loss: 0.0206 | Epoch Time: 0.64s | Spearman@80: 0.9065 | Kendall@80: 0.7438
Epoch 122/150 | Train Loss: 0.0210 | Epoch Time: 0.65s | Spearman@80: 0.9028 | Kendall@80: 0.7400
Epoch 123/150 | Train Loss: 0.0241 | Epoch Time: 0.64s | Spearman@80: 0.8951 | Kendall@80: 0.7266
Epoch 124/150 | Train Loss: 0.0196 | Epoch Time: 0.65s | Spearman@80: 0.9029 | Kendall@80: 0.7409
Epoch 125/150 | Train Loss: 0.0207 | Epoch Time: 0.64s | Spearman@80: 0.9067 | Kendall@80: 0.7472
Epoch 126/150 | Train Loss: 0.0193 | Epoch Time: 0.65s | Spearman@80: 0.9167 | Kendall@80: 0.7631
Epoch 127/150 | Train Loss: 0.0174 | Epoch Time: 0.65s | Spearman@80: 0.9110 | Kendall@80: 0.7529
Epoch 128/150 | Train Loss: 0.0184 | Epoch Time: 0.65s | Spearman@80: 0.9111 | Kendall@80: 0.7504
Epoch 129/150 | Train Loss: 0.0160 | Epoch Time: 0.65s | Spearman@80: 0.9118 | Kendall@80: 0.7542
Epoch 130/150 | Train Loss: 0.0186 | Epoch Time: 0.64s | Spearman@80: 0.9123 | Kendall@80: 0.7571
Epoch 131/150 | Train Loss: 0.0218 | Epoch Time: 0.67s | Spearman@80: 0.9101 | Kendall@80: 0.7495
Epoch 132/150 | Train Loss: 0.0180 | Epoch Time: 0.64s | Spearman@80: 0.9098 | Kendall@80: 0.7478
Epoch 133/150 | Train Loss: 0.0142 | Epoch Time: 0.64s | Spearman@80: 0.9123 | Kendall@80: 0.7529
Epoch 134/150 | Train Loss: 0.0196 | Epoch Time: 0.64s | Spearman@80: 0.9171 | Kendall@80: 0.7665
Epoch 135/150 | Train Loss: 0.0148 | Epoch Time: 0.64s | Spearman@80: 0.9177 | Kendall@80: 0.7675
Epoch 136/150 | Train Loss: 0.0182 | Epoch Time: 0.64s | Spearman@80: 0.9175 | Kendall@80: 0.7627
Epoch 137/150 | Train Loss: 0.0152 | Epoch Time: 0.63s | Spearman@80: 0.9137 | Kendall@80: 0.7572
Epoch 138/150 | Train Loss: 0.0169 | Epoch Time: 0.63s | Spearman@80: 0.9122 | Kendall@80: 0.7542
Epoch 139/150 | Train Loss: 0.0188 | Epoch Time: 0.63s | Spearman@80: 0.9154 | Kendall@80: 0.7591
Epoch 140/150 | Train Loss: 0.0162 | Epoch Time: 0.64s | Spearman@80: 0.9162 | Kendall@80: 0.7580
Epoch 141/150 | Train Loss: 0.0156 | Epoch Time: 0.64s | Spearman@80: 0.9154 | Kendall@80: 0.7580
Epoch 142/150 | Train Loss: 0.0167 | Epoch Time: 0.64s | Spearman@80: 0.9157 | Kendall@80: 0.7574
Epoch 143/150 | Train Loss: 0.0159 | Epoch Time: 0.65s | Spearman@80: 0.9153 | Kendall@80: 0.7568
Epoch 144/150 | Train Loss: 0.0177 | Epoch Time: 0.64s | Spearman@80: 0.9157 | Kendall@80: 0.7609
Epoch 145/150 | Train Loss: 0.0174 | Epoch Time: 0.64s | Spearman@80: 0.9159 | Kendall@80: 0.7607
Epoch 146/150 | Train Loss: 0.0172 | Epoch Time: 0.64s | Spearman@80: 0.9162 | Kendall@80: 0.7618
Epoch 147/150 | Train Loss: 0.0195 | Epoch Time: 1.90s | Spearman@15496: 0.9282 | Kendall@15496: 0.7792
Epoch 148/150 | Train Loss: 0.0178 | Epoch Time: 1.85s | Spearman@15496: 0.9281 | Kendall@15496: 0.7792
Epoch 149/150 | Train Loss: 0.0227 | Epoch Time: 1.85s | Spearman@15496: 0.9280 | Kendall@15496: 0.7788
Epoch 150/150 | Train Loss: 0.0179 | Epoch Time: 1.84s | Spearman@15496: 0.9280 | Kendall@15496: 0.7790
Sample Count: 128, Spearman: 0.9280850458013759, Kendall: 0.7790465305498695
{64: (0.9259335456005356, 0.7772263890950483),
 128: (0.9280850458013759, 0.7790465305498695)}
Average KDT:  0.7667490736365566
Variance KDT:  7.077756967974567e-05
Average SPR:  0.917237101707113
Variance SPR:  0.00012742936201654709
Average KDT:  0.7828697787205017
Variance KDT:  0.0001478264192418838
Average SPR:  0.9287706451407538
Variance SPR:  3.628693019690422e-05
