Loading files for NASBench201...
Normalizing ZCP dict
try to create the NAS-Bench-201 api from /home/ya255/projects/flan_hardware/nas_embedding_suite/embedding_datasets/NAS-Bench-201-v1_1-096897.pth
Loaded files in:  55.614195823669434  seconds
Loading cache for NASBench-201 speedup!!...
Loading cache for NASBench-201 speedup!!...
Epoch 1/150 | Train Loss: 0.0958 | Epoch Time: 1.13s | Spearman@80: 0.2896 | Kendall@80: 0.2051
Epoch 2/150 | Train Loss: 0.0817 | Epoch Time: 0.31s | Spearman@80: 0.4474 | Kendall@80: 0.3143
Epoch 3/150 | Train Loss: 0.0565 | Epoch Time: 0.31s | Spearman@80: 0.7878 | Kendall@80: 0.6115
Epoch 4/150 | Train Loss: 0.0419 | Epoch Time: 0.31s | Spearman@80: 0.8597 | Kendall@80: 0.6962
Epoch 5/150 | Train Loss: 0.0566 | Epoch Time: 0.31s | Spearman@80: 0.9088 | Kendall@80: 0.7303
Epoch 6/150 | Train Loss: 0.0440 | Epoch Time: 0.31s | Spearman@80: 0.9198 | Kendall@80: 0.7468
Epoch 7/150 | Train Loss: 0.0381 | Epoch Time: 0.31s | Spearman@80: 0.9244 | Kendall@80: 0.7601
Epoch 8/150 | Train Loss: 0.0474 | Epoch Time: 0.31s | Spearman@80: 0.8921 | Kendall@80: 0.7197
Epoch 9/150 | Train Loss: 0.0397 | Epoch Time: 0.31s | Spearman@80: 0.9351 | Kendall@80: 0.7868
Epoch 10/150 | Train Loss: 0.0409 | Epoch Time: 0.33s | Spearman@80: 0.9348 | Kendall@80: 0.7839
Epoch 11/150 | Train Loss: 0.0322 | Epoch Time: 0.34s | Spearman@80: 0.9255 | Kendall@80: 0.7608
Epoch 12/150 | Train Loss: 0.0303 | Epoch Time: 0.34s | Spearman@80: 0.9303 | Kendall@80: 0.7728
Epoch 13/150 | Train Loss: 0.0312 | Epoch Time: 0.34s | Spearman@80: 0.9223 | Kendall@80: 0.7680
Epoch 14/150 | Train Loss: 0.0306 | Epoch Time: 0.34s | Spearman@80: 0.9216 | Kendall@80: 0.7608
Epoch 15/150 | Train Loss: 0.0290 | Epoch Time: 0.34s | Spearman@80: 0.9104 | Kendall@80: 0.7451
Epoch 16/150 | Train Loss: 0.0407 | Epoch Time: 0.34s | Spearman@80: 0.9263 | Kendall@80: 0.7703
Epoch 17/150 | Train Loss: 0.0352 | Epoch Time: 0.35s | Spearman@80: 0.9330 | Kendall@80: 0.7864
Epoch 18/150 | Train Loss: 0.0315 | Epoch Time: 0.34s | Spearman@80: 0.9285 | Kendall@80: 0.7756
Epoch 19/150 | Train Loss: 0.0264 | Epoch Time: 0.33s | Spearman@80: 0.9391 | Kendall@80: 0.7940
Epoch 20/150 | Train Loss: 0.0363 | Epoch Time: 0.33s | Spearman@80: 0.9317 | Kendall@80: 0.7820
Epoch 21/150 | Train Loss: 0.0241 | Epoch Time: 0.33s | Spearman@80: 0.9322 | Kendall@80: 0.7785
Epoch 22/150 | Train Loss: 0.0268 | Epoch Time: 0.33s | Spearman@80: 0.9360 | Kendall@80: 0.7919
Epoch 23/150 | Train Loss: 0.0302 | Epoch Time: 0.32s | Spearman@80: 0.9203 | Kendall@80: 0.7519
Epoch 24/150 | Train Loss: 0.0267 | Epoch Time: 0.33s | Spearman@80: 0.9341 | Kendall@80: 0.7851
Epoch 25/150 | Train Loss: 0.0247 | Epoch Time: 0.32s | Spearman@80: 0.9354 | Kendall@80: 0.7855
Epoch 26/150 | Train Loss: 0.0283 | Epoch Time: 0.32s | Spearman@80: 0.9403 | Kendall@80: 0.8039
Epoch 27/150 | Train Loss: 0.0394 | Epoch Time: 0.33s | Spearman@80: 0.9369 | Kendall@80: 0.7890
Epoch 28/150 | Train Loss: 0.0358 | Epoch Time: 0.32s | Spearman@80: 0.9311 | Kendall@80: 0.7811
Epoch 29/150 | Train Loss: 0.0318 | Epoch Time: 0.33s | Spearman@80: 0.9336 | Kendall@80: 0.7813
Epoch 30/150 | Train Loss: 0.0316 | Epoch Time: 0.32s | Spearman@80: 0.9418 | Kendall@80: 0.7995
Epoch 31/150 | Train Loss: 0.0294 | Epoch Time: 0.32s | Spearman@80: 0.9109 | Kendall@80: 0.7481
Epoch 32/150 | Train Loss: 0.0302 | Epoch Time: 0.32s | Spearman@80: 0.9375 | Kendall@80: 0.7912
Epoch 33/150 | Train Loss: 0.0242 | Epoch Time: 0.33s | Spearman@80: 0.9325 | Kendall@80: 0.7820
Epoch 34/150 | Train Loss: 0.0276 | Epoch Time: 0.33s | Spearman@80: 0.9407 | Kendall@80: 0.8039
Epoch 35/150 | Train Loss: 0.0267 | Epoch Time: 0.32s | Spearman@80: 0.9348 | Kendall@80: 0.7851
Epoch 36/150 | Train Loss: 0.0307 | Epoch Time: 0.33s | Spearman@80: 0.9312 | Kendall@80: 0.7760
Epoch 37/150 | Train Loss: 0.0230 | Epoch Time: 0.33s | Spearman@80: 0.9473 | Kendall@80: 0.8099
Epoch 38/150 | Train Loss: 0.0274 | Epoch Time: 0.32s | Spearman@80: 0.9483 | Kendall@80: 0.8078
Epoch 39/150 | Train Loss: 0.0305 | Epoch Time: 0.33s | Spearman@80: 0.9460 | Kendall@80: 0.8131
Epoch 40/150 | Train Loss: 0.0249 | Epoch Time: 0.33s | Spearman@80: 0.9406 | Kendall@80: 0.7970
Epoch 41/150 | Train Loss: 0.0206 | Epoch Time: 0.32s | Spearman@80: 0.9347 | Kendall@80: 0.7782
Epoch 42/150 | Train Loss: 0.0234 | Epoch Time: 0.32s | Spearman@80: 0.9394 | Kendall@80: 0.7915
Epoch 43/150 | Train Loss: 0.0253 | Epoch Time: 0.32s | Spearman@80: 0.9399 | Kendall@80: 0.7944
Epoch 44/150 | Train Loss: 0.0232 | Epoch Time: 0.33s | Spearman@80: 0.9419 | Kendall@80: 0.7998
Epoch 45/150 | Train Loss: 0.0235 | Epoch Time: 0.33s | Spearman@80: 0.9415 | Kendall@80: 0.8029
Epoch 46/150 | Train Loss: 0.0187 | Epoch Time: 0.33s | Spearman@80: 0.9389 | Kendall@80: 0.7915
Epoch 47/150 | Train Loss: 0.0231 | Epoch Time: 0.32s | Spearman@80: 0.9308 | Kendall@80: 0.7677
Epoch 48/150 | Train Loss: 0.0301 | Epoch Time: 0.32s | Spearman@80: 0.9524 | Kendall@80: 0.8236
Epoch 49/150 | Train Loss: 0.0275 | Epoch Time: 0.33s | Spearman@80: 0.9493 | Kendall@80: 0.8226
Epoch 50/150 | Train Loss: 0.0196 | Epoch Time: 0.32s | Spearman@80: 0.9465 | Kendall@80: 0.8048
Epoch 51/150 | Train Loss: 0.0170 | Epoch Time: 0.32s | Spearman@80: 0.9492 | Kendall@80: 0.8099
Epoch 52/150 | Train Loss: 0.0217 | Epoch Time: 0.34s | Spearman@80: 0.9472 | Kendall@80: 0.8017
Epoch 53/150 | Train Loss: 0.0211 | Epoch Time: 0.32s | Spearman@80: 0.9556 | Kendall@80: 0.8300
Epoch 54/150 | Train Loss: 0.0225 | Epoch Time: 0.32s | Spearman@80: 0.9436 | Kendall@80: 0.8055
Epoch 55/150 | Train Loss: 0.0252 | Epoch Time: 0.32s | Spearman@80: 0.9262 | Kendall@80: 0.7595
Epoch 56/150 | Train Loss: 0.0232 | Epoch Time: 0.32s | Spearman@80: 0.9350 | Kendall@80: 0.7843
Epoch 57/150 | Train Loss: 0.0252 | Epoch Time: 0.33s | Spearman@80: 0.9448 | Kendall@80: 0.8103
Epoch 58/150 | Train Loss: 0.0261 | Epoch Time: 0.33s | Spearman@80: 0.9345 | Kendall@80: 0.7823
Epoch 59/150 | Train Loss: 0.0282 | Epoch Time: 0.32s | Spearman@80: 0.9399 | Kendall@80: 0.8017
Epoch 60/150 | Train Loss: 0.0323 | Epoch Time: 0.33s | Spearman@80: 0.9434 | Kendall@80: 0.8055
Epoch 61/150 | Train Loss: 0.0159 | Epoch Time: 0.33s | Spearman@80: 0.9479 | Kendall@80: 0.8055
Epoch 62/150 | Train Loss: 0.0218 | Epoch Time: 0.32s | Spearman@80: 0.9493 | Kendall@80: 0.8071
Epoch 63/150 | Train Loss: 0.0213 | Epoch Time: 0.32s | Spearman@80: 0.9491 | Kendall@80: 0.8048
Epoch 64/150 | Train Loss: 0.0156 | Epoch Time: 0.33s | Spearman@80: 0.9578 | Kendall@80: 0.8296
Epoch 65/150 | Train Loss: 0.0233 | Epoch Time: 0.33s | Spearman@80: 0.9523 | Kendall@80: 0.8125
Epoch 66/150 | Train Loss: 0.0173 | Epoch Time: 0.32s | Spearman@80: 0.9438 | Kendall@80: 0.7972
Epoch 67/150 | Train Loss: 0.0208 | Epoch Time: 0.32s | Spearman@80: 0.9445 | Kendall@80: 0.8004
Epoch 68/150 | Train Loss: 0.0228 | Epoch Time: 0.32s | Spearman@80: 0.9362 | Kendall@80: 0.7813
Epoch 69/150 | Train Loss: 0.0206 | Epoch Time: 0.33s | Spearman@80: 0.9523 | Kendall@80: 0.8201
Epoch 70/150 | Train Loss: 0.0242 | Epoch Time: 0.33s | Spearman@80: 0.9467 | Kendall@80: 0.8042
Epoch 71/150 | Train Loss: 0.0158 | Epoch Time: 0.33s | Spearman@80: 0.9501 | Kendall@80: 0.8084
Epoch 72/150 | Train Loss: 0.0186 | Epoch Time: 0.33s | Spearman@80: 0.9488 | Kendall@80: 0.8065
Epoch 73/150 | Train Loss: 0.0184 | Epoch Time: 0.32s | Spearman@80: 0.9480 | Kendall@80: 0.8017
Epoch 74/150 | Train Loss: 0.0157 | Epoch Time: 0.33s | Spearman@80: 0.9498 | Kendall@80: 0.8061
Epoch 75/150 | Train Loss: 0.0203 | Epoch Time: 0.32s | Spearman@80: 0.9530 | Kendall@80: 0.8154
Epoch 76/150 | Train Loss: 0.0242 | Epoch Time: 0.33s | Spearman@80: 0.9580 | Kendall@80: 0.8296
Epoch 77/150 | Train Loss: 0.0199 | Epoch Time: 0.33s | Spearman@80: 0.9511 | Kendall@80: 0.8160
Epoch 78/150 | Train Loss: 0.0155 | Epoch Time: 0.32s | Spearman@80: 0.9491 | Kendall@80: 0.8052
Epoch 79/150 | Train Loss: 0.0185 | Epoch Time: 0.33s | Spearman@80: 0.9496 | Kendall@80: 0.8074
Epoch 80/150 | Train Loss: 0.0194 | Epoch Time: 0.33s | Spearman@80: 0.9555 | Kendall@80: 0.8236
Epoch 81/150 | Train Loss: 0.0209 | Epoch Time: 0.33s | Spearman@80: 0.9495 | Kendall@80: 0.8163
Epoch 82/150 | Train Loss: 0.0126 | Epoch Time: 0.33s | Spearman@80: 0.9485 | Kendall@80: 0.8086
Epoch 83/150 | Train Loss: 0.0184 | Epoch Time: 0.33s | Spearman@80: 0.9438 | Kendall@80: 0.8010
Epoch 84/150 | Train Loss: 0.0224 | Epoch Time: 0.32s | Spearman@80: 0.9522 | Kendall@80: 0.8160
Epoch 85/150 | Train Loss: 0.0307 | Epoch Time: 0.33s | Spearman@80: 0.9482 | Kendall@80: 0.8086
Epoch 86/150 | Train Loss: 0.0245 | Epoch Time: 0.33s | Spearman@80: 0.9461 | Kendall@80: 0.7989
Epoch 87/150 | Train Loss: 0.0217 | Epoch Time: 0.33s | Spearman@80: 0.9488 | Kendall@80: 0.8027
Epoch 88/150 | Train Loss: 0.0171 | Epoch Time: 0.33s | Spearman@80: 0.9533 | Kendall@80: 0.8198
Epoch 89/150 | Train Loss: 0.0255 | Epoch Time: 0.34s | Spearman@80: 0.9521 | Kendall@80: 0.8194
Epoch 90/150 | Train Loss: 0.0145 | Epoch Time: 0.32s | Spearman@80: 0.9450 | Kendall@80: 0.8048
Epoch 91/150 | Train Loss: 0.0168 | Epoch Time: 0.33s | Spearman@80: 0.9449 | Kendall@80: 0.8048
Epoch 92/150 | Train Loss: 0.0167 | Epoch Time: 0.33s | Spearman@80: 0.9559 | Kendall@80: 0.8224
Epoch 93/150 | Train Loss: 0.0206 | Epoch Time: 0.32s | Spearman@80: 0.9524 | Kendall@80: 0.8169
Epoch 94/150 | Train Loss: 0.0152 | Epoch Time: 0.32s | Spearman@80: 0.9505 | Kendall@80: 0.8093
Epoch 95/150 | Train Loss: 0.0193 | Epoch Time: 0.34s | Spearman@80: 0.9564 | Kendall@80: 0.8245
Epoch 96/150 | Train Loss: 0.0189 | Epoch Time: 0.33s | Spearman@80: 0.9556 | Kendall@80: 0.8245
Epoch 97/150 | Train Loss: 0.0152 | Epoch Time: 0.32s | Spearman@80: 0.9560 | Kendall@80: 0.8264
Epoch 98/150 | Train Loss: 0.0194 | Epoch Time: 0.33s | Spearman@80: 0.9554 | Kendall@80: 0.8239
Epoch 99/150 | Train Loss: 0.0119 | Epoch Time: 0.33s | Spearman@80: 0.9572 | Kendall@80: 0.8252
Epoch 100/150 | Train Loss: 0.0159 | Epoch Time: 0.32s | Spearman@80: 0.9552 | Kendall@80: 0.8207
Epoch 101/150 | Train Loss: 0.0152 | Epoch Time: 0.33s | Spearman@80: 0.9539 | Kendall@80: 0.8154
Epoch 102/150 | Train Loss: 0.0213 | Epoch Time: 0.33s | Spearman@80: 0.9576 | Kendall@80: 0.8271
Epoch 103/150 | Train Loss: 0.0193 | Epoch Time: 0.32s | Spearman@80: 0.9561 | Kendall@80: 0.8245
Epoch 104/150 | Train Loss: 0.0149 | Epoch Time: 0.33s | Spearman@80: 0.9494 | Kendall@80: 0.8125
Epoch 105/150 | Train Loss: 0.0192 | Epoch Time: 0.32s | Spearman@80: 0.9532 | Kendall@80: 0.8198
Epoch 106/150 | Train Loss: 0.0179 | Epoch Time: 0.33s | Spearman@80: 0.9548 | Kendall@80: 0.8217
Epoch 107/150 | Train Loss: 0.0199 | Epoch Time: 0.32s | Spearman@80: 0.9502 | Kendall@80: 0.8135
Epoch 108/150 | Train Loss: 0.0131 | Epoch Time: 0.32s | Spearman@80: 0.9561 | Kendall@80: 0.8207
Epoch 109/150 | Train Loss: 0.0143 | Epoch Time: 0.32s | Spearman@80: 0.9541 | Kendall@80: 0.8169
Epoch 110/150 | Train Loss: 0.0162 | Epoch Time: 0.33s | Spearman@80: 0.9535 | Kendall@80: 0.8160
Epoch 111/150 | Train Loss: 0.0173 | Epoch Time: 0.33s | Spearman@80: 0.9532 | Kendall@80: 0.8154
Epoch 112/150 | Train Loss: 0.0146 | Epoch Time: 0.32s | Spearman@80: 0.9570 | Kendall@80: 0.8252
Epoch 113/150 | Train Loss: 0.0145 | Epoch Time: 0.33s | Spearman@80: 0.9568 | Kendall@80: 0.8239
Epoch 114/150 | Train Loss: 0.0175 | Epoch Time: 0.32s | Spearman@80: 0.9562 | Kendall@80: 0.8233
Epoch 115/150 | Train Loss: 0.0123 | Epoch Time: 0.33s | Spearman@80: 0.9526 | Kendall@80: 0.8144
Epoch 116/150 | Train Loss: 0.0177 | Epoch Time: 0.33s | Spearman@80: 0.9515 | Kendall@80: 0.8109
Epoch 117/150 | Train Loss: 0.0130 | Epoch Time: 0.32s | Spearman@80: 0.9494 | Kendall@80: 0.8074
Epoch 118/150 | Train Loss: 0.0149 | Epoch Time: 0.32s | Spearman@80: 0.9472 | Kendall@80: 0.8048
Epoch 119/150 | Train Loss: 0.0143 | Epoch Time: 0.32s | Spearman@80: 0.9511 | Kendall@80: 0.8118
Epoch 120/150 | Train Loss: 0.0177 | Epoch Time: 0.33s | Spearman@80: 0.9554 | Kendall@80: 0.8198
Epoch 121/150 | Train Loss: 0.0150 | Epoch Time: 0.33s | Spearman@80: 0.9560 | Kendall@80: 0.8236
Epoch 122/150 | Train Loss: 0.0097 | Epoch Time: 0.34s | Spearman@80: 0.9540 | Kendall@80: 0.8169
Epoch 123/150 | Train Loss: 0.0118 | Epoch Time: 0.34s | Spearman@80: 0.9532 | Kendall@80: 0.8147
Epoch 124/150 | Train Loss: 0.0120 | Epoch Time: 0.33s | Spearman@80: 0.9542 | Kendall@80: 0.8166
Epoch 125/150 | Train Loss: 0.0138 | Epoch Time: 0.34s | Spearman@80: 0.9484 | Kendall@80: 0.8086
Epoch 126/150 | Train Loss: 0.0126 | Epoch Time: 0.34s | Spearman@80: 0.9501 | Kendall@80: 0.8103
Epoch 127/150 | Train Loss: 0.0148 | Epoch Time: 0.34s | Spearman@80: 0.9529 | Kendall@80: 0.8182
Epoch 128/150 | Train Loss: 0.0164 | Epoch Time: 0.33s | Spearman@80: 0.9548 | Kendall@80: 0.8207
Epoch 129/150 | Train Loss: 0.0112 | Epoch Time: 0.33s | Spearman@80: 0.9558 | Kendall@80: 0.8233
Epoch 130/150 | Train Loss: 0.0198 | Epoch Time: 0.34s | Spearman@80: 0.9515 | Kendall@80: 0.8163
Epoch 131/150 | Train Loss: 0.0147 | Epoch Time: 0.33s | Spearman@80: 0.9468 | Kendall@80: 0.8080
Epoch 132/150 | Train Loss: 0.0187 | Epoch Time: 0.33s | Spearman@80: 0.9479 | Kendall@80: 0.8080
Epoch 133/150 | Train Loss: 0.0091 | Epoch Time: 0.34s | Spearman@80: 0.9495 | Kendall@80: 0.8122
Epoch 134/150 | Train Loss: 0.0098 | Epoch Time: 0.34s | Spearman@80: 0.9503 | Kendall@80: 0.8131
Epoch 135/150 | Train Loss: 0.0151 | Epoch Time: 0.33s | Spearman@80: 0.9527 | Kendall@80: 0.8163
Epoch 136/150 | Train Loss: 0.0167 | Epoch Time: 0.34s | Spearman@80: 0.9530 | Kendall@80: 0.8160
Epoch 137/150 | Train Loss: 0.0124 | Epoch Time: 0.33s | Spearman@80: 0.9529 | Kendall@80: 0.8163
Epoch 138/150 | Train Loss: 0.0138 | Epoch Time: 0.33s | Spearman@80: 0.9536 | Kendall@80: 0.8166
Epoch 139/150 | Train Loss: 0.0133 | Epoch Time: 0.34s | Spearman@80: 0.9530 | Kendall@80: 0.8156
Epoch 140/150 | Train Loss: 0.0167 | Epoch Time: 0.33s | Spearman@80: 0.9534 | Kendall@80: 0.8169
Epoch 141/150 | Train Loss: 0.0101 | Epoch Time: 0.33s | Spearman@80: 0.9533 | Kendall@80: 0.8160
Epoch 142/150 | Train Loss: 0.0142 | Epoch Time: 0.34s | Spearman@80: 0.9534 | Kendall@80: 0.8169
Epoch 143/150 | Train Loss: 0.0155 | Epoch Time: 0.33s | Spearman@80: 0.9532 | Kendall@80: 0.8179
Epoch 144/150 | Train Loss: 0.0102 | Epoch Time: 0.33s | Spearman@80: 0.9531 | Kendall@80: 0.8169
Epoch 145/150 | Train Loss: 0.0133 | Epoch Time: 0.33s | Spearman@80: 0.9532 | Kendall@80: 0.8179
Epoch 146/150 | Train Loss: 0.0136 | Epoch Time: 0.34s | Spearman@80: 0.9537 | Kendall@80: 0.8188
Epoch 147/150 | Train Loss: 0.0122 | Epoch Time: 1.70s | Spearman@15560: 0.9278 | Kendall@15560: 0.7713
Epoch 148/150 | Train Loss: 0.0087 | Epoch Time: 1.48s | Spearman@15560: 0.9281 | Kendall@15560: 0.7719
Epoch 149/150 | Train Loss: 0.0127 | Epoch Time: 1.49s | Spearman@15560: 0.9281 | Kendall@15560: 0.7718
Epoch 150/150 | Train Loss: 0.0133 | Epoch Time: 1.48s | Spearman@15560: 0.9278 | Kendall@15560: 0.7713
Sample Count: 64, Spearman: 0.9279735658760878, Kendall: 0.771577050049143
{64: (0.9279735658760878, 0.771577050049143)}
Epoch 1/150 | Train Loss: 0.0833 | Epoch Time: 0.64s | Spearman@80: 0.7928 | Kendall@80: 0.6081
Epoch 2/150 | Train Loss: 0.0465 | Epoch Time: 0.62s | Spearman@80: 0.9135 | Kendall@80: 0.7485
Epoch 3/150 | Train Loss: 0.0363 | Epoch Time: 0.62s | Spearman@80: 0.9258 | Kendall@80: 0.7699
Epoch 4/150 | Train Loss: 0.0480 | Epoch Time: 0.62s | Spearman@80: 0.7922 | Kendall@80: 0.5969
Epoch 5/150 | Train Loss: 0.0416 | Epoch Time: 0.62s | Spearman@80: 0.9338 | Kendall@80: 0.7847
Epoch 6/150 | Train Loss: 0.0439 | Epoch Time: 0.62s | Spearman@80: 0.9078 | Kendall@80: 0.7358
Epoch 7/150 | Train Loss: 0.0401 | Epoch Time: 0.62s | Spearman@80: 0.9317 | Kendall@80: 0.7815
Epoch 8/150 | Train Loss: 0.0358 | Epoch Time: 0.62s | Spearman@80: 0.9182 | Kendall@80: 0.7730
Epoch 9/150 | Train Loss: 0.0341 | Epoch Time: 0.62s | Spearman@80: 0.9294 | Kendall@80: 0.7768
Epoch 10/150 | Train Loss: 0.0380 | Epoch Time: 0.62s | Spearman@80: 0.9217 | Kendall@80: 0.7631
Epoch 11/150 | Train Loss: 0.0385 | Epoch Time: 0.62s | Spearman@80: 0.9312 | Kendall@80: 0.7885
Epoch 12/150 | Train Loss: 0.0358 | Epoch Time: 0.62s | Spearman@80: 0.9381 | Kendall@80: 0.7980
Epoch 13/150 | Train Loss: 0.0326 | Epoch Time: 0.62s | Spearman@80: 0.9419 | Kendall@80: 0.7961
Epoch 14/150 | Train Loss: 0.0354 | Epoch Time: 0.62s | Spearman@80: 0.9326 | Kendall@80: 0.7796
Epoch 15/150 | Train Loss: 0.0325 | Epoch Time: 0.62s | Spearman@80: 0.9308 | Kendall@80: 0.7866
Epoch 16/150 | Train Loss: 0.0336 | Epoch Time: 0.62s | Spearman@80: 0.9295 | Kendall@80: 0.7813
Epoch 17/150 | Train Loss: 0.0371 | Epoch Time: 0.62s | Spearman@80: 0.9419 | Kendall@80: 0.7971
Epoch 18/150 | Train Loss: 0.0367 | Epoch Time: 0.62s | Spearman@80: 0.9356 | Kendall@80: 0.7897
Epoch 19/150 | Train Loss: 0.0330 | Epoch Time: 0.62s | Spearman@80: 0.9265 | Kendall@80: 0.7775
Epoch 20/150 | Train Loss: 0.0344 | Epoch Time: 0.62s | Spearman@80: 0.9331 | Kendall@80: 0.7895
Epoch 21/150 | Train Loss: 0.0282 | Epoch Time: 0.62s | Spearman@80: 0.9304 | Kendall@80: 0.7832
Epoch 22/150 | Train Loss: 0.0302 | Epoch Time: 0.62s | Spearman@80: 0.9241 | Kendall@80: 0.7650
Epoch 23/150 | Train Loss: 0.0355 | Epoch Time: 0.62s | Spearman@80: 0.9411 | Kendall@80: 0.7948
Epoch 24/150 | Train Loss: 0.0304 | Epoch Time: 0.62s | Spearman@80: 0.9171 | Kendall@80: 0.7680
Epoch 25/150 | Train Loss: 0.0369 | Epoch Time: 0.62s | Spearman@80: 0.9194 | Kendall@80: 0.7584
Epoch 26/150 | Train Loss: 0.0317 | Epoch Time: 0.62s | Spearman@80: 0.9222 | Kendall@80: 0.7631
Epoch 27/150 | Train Loss: 0.0355 | Epoch Time: 0.62s | Spearman@80: 0.9368 | Kendall@80: 0.7971
Epoch 28/150 | Train Loss: 0.0309 | Epoch Time: 0.62s | Spearman@80: 0.9350 | Kendall@80: 0.7992
Epoch 29/150 | Train Loss: 0.0290 | Epoch Time: 0.62s | Spearman@80: 0.9275 | Kendall@80: 0.7827
Epoch 30/150 | Train Loss: 0.0342 | Epoch Time: 0.62s | Spearman@80: 0.9270 | Kendall@80: 0.7838
Epoch 31/150 | Train Loss: 0.0289 | Epoch Time: 0.62s | Spearman@80: 0.9350 | Kendall@80: 0.7870
Epoch 32/150 | Train Loss: 0.0321 | Epoch Time: 0.62s | Spearman@80: 0.9144 | Kendall@80: 0.7635
Epoch 33/150 | Train Loss: 0.0329 | Epoch Time: 0.61s | Spearman@80: 0.9189 | Kendall@80: 0.7680
Epoch 34/150 | Train Loss: 0.0363 | Epoch Time: 0.62s | Spearman@80: 0.9326 | Kendall@80: 0.7965
Epoch 35/150 | Train Loss: 0.0348 | Epoch Time: 0.62s | Spearman@80: 0.9275 | Kendall@80: 0.7775
Epoch 36/150 | Train Loss: 0.0355 | Epoch Time: 0.62s | Spearman@80: 0.9201 | Kendall@80: 0.7669
Epoch 37/150 | Train Loss: 0.0330 | Epoch Time: 0.62s | Spearman@80: 0.9158 | Kendall@80: 0.7605
Epoch 38/150 | Train Loss: 0.0336 | Epoch Time: 0.62s | Spearman@80: 0.9215 | Kendall@80: 0.7819
Epoch 39/150 | Train Loss: 0.0292 | Epoch Time: 0.62s | Spearman@80: 0.9280 | Kendall@80: 0.7787
Epoch 40/150 | Train Loss: 0.0228 | Epoch Time: 0.62s | Spearman@80: 0.9278 | Kendall@80: 0.7851
Epoch 41/150 | Train Loss: 0.0296 | Epoch Time: 0.62s | Spearman@80: 0.9210 | Kendall@80: 0.7745
Epoch 42/150 | Train Loss: 0.0288 | Epoch Time: 0.62s | Spearman@80: 0.9181 | Kendall@80: 0.7699
Epoch 43/150 | Train Loss: 0.0238 | Epoch Time: 0.62s | Spearman@80: 0.9227 | Kendall@80: 0.7789
Epoch 44/150 | Train Loss: 0.0345 | Epoch Time: 0.62s | Spearman@80: 0.9347 | Kendall@80: 0.7889
Epoch 45/150 | Train Loss: 0.0319 | Epoch Time: 0.62s | Spearman@80: 0.9120 | Kendall@80: 0.7650
Epoch 46/150 | Train Loss: 0.0277 | Epoch Time: 0.62s | Spearman@80: 0.9375 | Kendall@80: 0.8005
Epoch 47/150 | Train Loss: 0.0361 | Epoch Time: 0.62s | Spearman@80: 0.9307 | Kendall@80: 0.7897
Epoch 48/150 | Train Loss: 0.0290 | Epoch Time: 0.62s | Spearman@80: 0.9208 | Kendall@80: 0.7762
Epoch 49/150 | Train Loss: 0.0300 | Epoch Time: 0.62s | Spearman@80: 0.9306 | Kendall@80: 0.7878
Epoch 50/150 | Train Loss: 0.0276 | Epoch Time: 0.62s | Spearman@80: 0.8910 | Kendall@80: 0.7191
Epoch 51/150 | Train Loss: 0.0312 | Epoch Time: 0.62s | Spearman@80: 0.9296 | Kendall@80: 0.7845
Epoch 52/150 | Train Loss: 0.0302 | Epoch Time: 0.62s | Spearman@80: 0.9214 | Kendall@80: 0.7737
Epoch 53/150 | Train Loss: 0.0275 | Epoch Time: 0.62s | Spearman@80: 0.9211 | Kendall@80: 0.7758
Epoch 54/150 | Train Loss: 0.0325 | Epoch Time: 0.62s | Spearman@80: 0.9082 | Kendall@80: 0.7540
Epoch 55/150 | Train Loss: 0.0328 | Epoch Time: 0.62s | Spearman@80: 0.9238 | Kendall@80: 0.7764
Epoch 56/150 | Train Loss: 0.0269 | Epoch Time: 0.62s | Spearman@80: 0.9188 | Kendall@80: 0.7701
Epoch 57/150 | Train Loss: 0.0332 | Epoch Time: 0.62s | Spearman@80: 0.9291 | Kendall@80: 0.7984
Epoch 58/150 | Train Loss: 0.0332 | Epoch Time: 0.62s | Spearman@80: 0.9434 | Kendall@80: 0.8079
Epoch 59/150 | Train Loss: 0.0333 | Epoch Time: 0.62s | Spearman@80: 0.9407 | Kendall@80: 0.8086
Epoch 60/150 | Train Loss: 0.0299 | Epoch Time: 0.62s | Spearman@80: 0.9394 | Kendall@80: 0.8049
Epoch 61/150 | Train Loss: 0.0328 | Epoch Time: 0.62s | Spearman@80: 0.9346 | Kendall@80: 0.7929
Epoch 62/150 | Train Loss: 0.0289 | Epoch Time: 0.62s | Spearman@80: 0.9327 | Kendall@80: 0.7967
Epoch 63/150 | Train Loss: 0.0280 | Epoch Time: 0.62s | Spearman@80: 0.9233 | Kendall@80: 0.7732
Epoch 64/150 | Train Loss: 0.0245 | Epoch Time: 0.62s | Spearman@80: 0.9292 | Kendall@80: 0.7910
Epoch 65/150 | Train Loss: 0.0234 | Epoch Time: 0.62s | Spearman@80: 0.9298 | Kendall@80: 0.7832
Epoch 66/150 | Train Loss: 0.0284 | Epoch Time: 0.62s | Spearman@80: 0.9224 | Kendall@80: 0.7705
Epoch 67/150 | Train Loss: 0.0249 | Epoch Time: 0.62s | Spearman@80: 0.9328 | Kendall@80: 0.7946
Epoch 68/150 | Train Loss: 0.0244 | Epoch Time: 0.62s | Spearman@80: 0.9310 | Kendall@80: 0.7923
Epoch 69/150 | Train Loss: 0.0253 | Epoch Time: 0.62s | Spearman@80: 0.9377 | Kendall@80: 0.7984
Epoch 70/150 | Train Loss: 0.0258 | Epoch Time: 0.62s | Spearman@80: 0.9290 | Kendall@80: 0.7965
Epoch 71/150 | Train Loss: 0.0246 | Epoch Time: 0.62s | Spearman@80: 0.9346 | Kendall@80: 0.7921
Epoch 72/150 | Train Loss: 0.0252 | Epoch Time: 0.62s | Spearman@80: 0.9279 | Kendall@80: 0.7770
Epoch 73/150 | Train Loss: 0.0282 | Epoch Time: 0.62s | Spearman@80: 0.9282 | Kendall@80: 0.7864
Epoch 74/150 | Train Loss: 0.0290 | Epoch Time: 0.62s | Spearman@80: 0.9348 | Kendall@80: 0.8073
Epoch 75/150 | Train Loss: 0.0321 | Epoch Time: 0.62s | Spearman@80: 0.9398 | Kendall@80: 0.8056
Epoch 76/150 | Train Loss: 0.0269 | Epoch Time: 0.62s | Spearman@80: 0.9373 | Kendall@80: 0.8005
Epoch 77/150 | Train Loss: 0.0262 | Epoch Time: 0.62s | Spearman@80: 0.9318 | Kendall@80: 0.7878
Epoch 78/150 | Train Loss: 0.0208 | Epoch Time: 0.62s | Spearman@80: 0.9259 | Kendall@80: 0.7768
Epoch 79/150 | Train Loss: 0.0247 | Epoch Time: 0.62s | Spearman@80: 0.9337 | Kendall@80: 0.7954
Epoch 80/150 | Train Loss: 0.0234 | Epoch Time: 0.62s | Spearman@80: 0.9342 | Kendall@80: 0.8005
Epoch 81/150 | Train Loss: 0.0231 | Epoch Time: 0.61s | Spearman@80: 0.9372 | Kendall@80: 0.8016
Epoch 82/150 | Train Loss: 0.0298 | Epoch Time: 0.62s | Spearman@80: 0.9172 | Kendall@80: 0.7762
Epoch 83/150 | Train Loss: 0.0247 | Epoch Time: 0.62s | Spearman@80: 0.9162 | Kendall@80: 0.7777
Epoch 84/150 | Train Loss: 0.0198 | Epoch Time: 0.62s | Spearman@80: 0.9286 | Kendall@80: 0.7827
Epoch 85/150 | Train Loss: 0.0247 | Epoch Time: 0.62s | Spearman@80: 0.9297 | Kendall@80: 0.7883
Epoch 86/150 | Train Loss: 0.0231 | Epoch Time: 0.62s | Spearman@80: 0.9424 | Kendall@80: 0.8030
Epoch 87/150 | Train Loss: 0.0255 | Epoch Time: 0.62s | Spearman@80: 0.9320 | Kendall@80: 0.7872
Epoch 88/150 | Train Loss: 0.0229 | Epoch Time: 0.62s | Spearman@80: 0.9283 | Kendall@80: 0.7864
Epoch 89/150 | Train Loss: 0.0287 | Epoch Time: 0.62s | Spearman@80: 0.9247 | Kendall@80: 0.7857
Epoch 90/150 | Train Loss: 0.0241 | Epoch Time: 0.62s | Spearman@80: 0.9183 | Kendall@80: 0.7775
Epoch 91/150 | Train Loss: 0.0262 | Epoch Time: 0.62s | Spearman@80: 0.9277 | Kendall@80: 0.7857
Epoch 92/150 | Train Loss: 0.0250 | Epoch Time: 0.62s | Spearman@80: 0.9213 | Kendall@80: 0.7800
Epoch 93/150 | Train Loss: 0.0230 | Epoch Time: 0.62s | Spearman@80: 0.9196 | Kendall@80: 0.7745
Epoch 94/150 | Train Loss: 0.0221 | Epoch Time: 0.62s | Spearman@80: 0.9251 | Kendall@80: 0.7826
Epoch 95/150 | Train Loss: 0.0221 | Epoch Time: 0.62s | Spearman@80: 0.9230 | Kendall@80: 0.7908
Epoch 96/150 | Train Loss: 0.0216 | Epoch Time: 0.62s | Spearman@80: 0.9201 | Kendall@80: 0.7768
Epoch 97/150 | Train Loss: 0.0219 | Epoch Time: 0.62s | Spearman@80: 0.9206 | Kendall@80: 0.7777
Epoch 98/150 | Train Loss: 0.0172 | Epoch Time: 0.62s | Spearman@80: 0.9217 | Kendall@80: 0.7815
Epoch 99/150 | Train Loss: 0.0163 | Epoch Time: 0.62s | Spearman@80: 0.9206 | Kendall@80: 0.7745
Epoch 100/150 | Train Loss: 0.0166 | Epoch Time: 0.62s | Spearman@80: 0.9207 | Kendall@80: 0.7777
Epoch 101/150 | Train Loss: 0.0196 | Epoch Time: 0.62s | Spearman@80: 0.9206 | Kendall@80: 0.7808
Epoch 102/150 | Train Loss: 0.0235 | Epoch Time: 0.62s | Spearman@80: 0.9204 | Kendall@80: 0.7730
Epoch 103/150 | Train Loss: 0.0220 | Epoch Time: 0.62s | Spearman@80: 0.9282 | Kendall@80: 0.7940
Epoch 104/150 | Train Loss: 0.0220 | Epoch Time: 0.62s | Spearman@80: 0.9302 | Kendall@80: 0.7897
Epoch 105/150 | Train Loss: 0.0239 | Epoch Time: 0.62s | Spearman@80: 0.9218 | Kendall@80: 0.7891
Epoch 106/150 | Train Loss: 0.0229 | Epoch Time: 0.62s | Spearman@80: 0.9241 | Kendall@80: 0.7897
Epoch 107/150 | Train Loss: 0.0227 | Epoch Time: 0.62s | Spearman@80: 0.9238 | Kendall@80: 0.7864
Epoch 108/150 | Train Loss: 0.0209 | Epoch Time: 0.62s | Spearman@80: 0.9240 | Kendall@80: 0.7857
Epoch 109/150 | Train Loss: 0.0249 | Epoch Time: 0.62s | Spearman@80: 0.9223 | Kendall@80: 0.7827
Epoch 110/150 | Train Loss: 0.0267 | Epoch Time: 0.62s | Spearman@80: 0.9202 | Kendall@80: 0.7840
Epoch 111/150 | Train Loss: 0.0180 | Epoch Time: 0.62s | Spearman@80: 0.9235 | Kendall@80: 0.7916
Epoch 112/150 | Train Loss: 0.0176 | Epoch Time: 0.62s | Spearman@80: 0.9211 | Kendall@80: 0.7821
Epoch 113/150 | Train Loss: 0.0197 | Epoch Time: 0.62s | Spearman@80: 0.9203 | Kendall@80: 0.7864
Epoch 114/150 | Train Loss: 0.0163 | Epoch Time: 0.62s | Spearman@80: 0.9202 | Kendall@80: 0.7857
Epoch 115/150 | Train Loss: 0.0206 | Epoch Time: 0.62s | Spearman@80: 0.9208 | Kendall@80: 0.7781
Epoch 116/150 | Train Loss: 0.0235 | Epoch Time: 0.62s | Spearman@80: 0.9187 | Kendall@80: 0.7781
Epoch 117/150 | Train Loss: 0.0240 | Epoch Time: 0.63s | Spearman@80: 0.9173 | Kendall@80: 0.7794
Epoch 118/150 | Train Loss: 0.0169 | Epoch Time: 0.62s | Spearman@80: 0.9203 | Kendall@80: 0.7787
Epoch 119/150 | Train Loss: 0.0202 | Epoch Time: 0.62s | Spearman@80: 0.9209 | Kendall@80: 0.7764
Epoch 120/150 | Train Loss: 0.0183 | Epoch Time: 0.63s | Spearman@80: 0.9234 | Kendall@80: 0.7908
Epoch 121/150 | Train Loss: 0.0171 | Epoch Time: 0.62s | Spearman@80: 0.9187 | Kendall@80: 0.7764
Epoch 122/150 | Train Loss: 0.0188 | Epoch Time: 0.62s | Spearman@80: 0.9207 | Kendall@80: 0.7826
Epoch 123/150 | Train Loss: 0.0192 | Epoch Time: 0.62s | Spearman@80: 0.9195 | Kendall@80: 0.7826
Epoch 124/150 | Train Loss: 0.0198 | Epoch Time: 0.62s | Spearman@80: 0.9212 | Kendall@80: 0.7834
Epoch 125/150 | Train Loss: 0.0191 | Epoch Time: 0.62s | Spearman@80: 0.9245 | Kendall@80: 0.7891
Epoch 126/150 | Train Loss: 0.0175 | Epoch Time: 0.62s | Spearman@80: 0.9220 | Kendall@80: 0.7853
Epoch 127/150 | Train Loss: 0.0177 | Epoch Time: 0.62s | Spearman@80: 0.9238 | Kendall@80: 0.7908
Epoch 128/150 | Train Loss: 0.0166 | Epoch Time: 0.63s | Spearman@80: 0.9213 | Kendall@80: 0.7807
Epoch 129/150 | Train Loss: 0.0178 | Epoch Time: 0.63s | Spearman@80: 0.9222 | Kendall@80: 0.7794
Epoch 130/150 | Train Loss: 0.0145 | Epoch Time: 0.62s | Spearman@80: 0.9175 | Kendall@80: 0.7737
Epoch 131/150 | Train Loss: 0.0168 | Epoch Time: 0.63s | Spearman@80: 0.9177 | Kendall@80: 0.7758
Epoch 132/150 | Train Loss: 0.0182 | Epoch Time: 0.63s | Spearman@80: 0.9175 | Kendall@80: 0.7751
Epoch 133/150 | Train Loss: 0.0187 | Epoch Time: 0.62s | Spearman@80: 0.9183 | Kendall@80: 0.7720
Epoch 134/150 | Train Loss: 0.0175 | Epoch Time: 0.62s | Spearman@80: 0.9192 | Kendall@80: 0.7745
Epoch 135/150 | Train Loss: 0.0169 | Epoch Time: 0.62s | Spearman@80: 0.9185 | Kendall@80: 0.7777
Epoch 136/150 | Train Loss: 0.0223 | Epoch Time: 0.63s | Spearman@80: 0.9180 | Kendall@80: 0.7777
Epoch 137/150 | Train Loss: 0.0153 | Epoch Time: 0.63s | Spearman@80: 0.9178 | Kendall@80: 0.7762
Epoch 138/150 | Train Loss: 0.0161 | Epoch Time: 0.63s | Spearman@80: 0.9196 | Kendall@80: 0.7802
Epoch 139/150 | Train Loss: 0.0202 | Epoch Time: 0.63s | Spearman@80: 0.9180 | Kendall@80: 0.7762
Epoch 140/150 | Train Loss: 0.0165 | Epoch Time: 0.62s | Spearman@80: 0.9199 | Kendall@80: 0.7770
Epoch 141/150 | Train Loss: 0.0154 | Epoch Time: 0.62s | Spearman@80: 0.9204 | Kendall@80: 0.7777
Epoch 142/150 | Train Loss: 0.0187 | Epoch Time: 0.63s | Spearman@80: 0.9205 | Kendall@80: 0.7813
Epoch 143/150 | Train Loss: 0.0184 | Epoch Time: 0.62s | Spearman@80: 0.9209 | Kendall@80: 0.7808
Epoch 144/150 | Train Loss: 0.0164 | Epoch Time: 0.62s | Spearman@80: 0.9205 | Kendall@80: 0.7808
Epoch 145/150 | Train Loss: 0.0159 | Epoch Time: 0.62s | Spearman@80: 0.9209 | Kendall@80: 0.7827
Epoch 146/150 | Train Loss: 0.0176 | Epoch Time: 0.62s | Spearman@80: 0.9200 | Kendall@80: 0.7781
Epoch 147/150 | Train Loss: 0.0158 | Epoch Time: 1.91s | Spearman@15496: 0.9220 | Kendall@15496: 0.7733
Epoch 148/150 | Train Loss: 0.0167 | Epoch Time: 1.89s | Spearman@15496: 0.9220 | Kendall@15496: 0.7735
Epoch 149/150 | Train Loss: 0.0181 | Epoch Time: 1.89s | Spearman@15496: 0.9220 | Kendall@15496: 0.7735
Epoch 150/150 | Train Loss: 0.0191 | Epoch Time: 1.90s | Spearman@15496: 0.9220 | Kendall@15496: 0.7734
Sample Count: 128, Spearman: 0.9220209058155335, Kendall: 0.7734260605452453
{64: (0.9279735658760878, 0.771577050049143),
 128: (0.9220209058155335, 0.7734260605452453)}
Epoch 1/150 | Train Loss: 0.0965 | Epoch Time: 0.33s | Spearman@80: 0.4398 | Kendall@80: 0.3024
Epoch 2/150 | Train Loss: 0.0753 | Epoch Time: 0.32s | Spearman@80: 0.5567 | Kendall@80: 0.4009
Epoch 3/150 | Train Loss: 0.0669 | Epoch Time: 0.32s | Spearman@80: 0.7889 | Kendall@80: 0.6054
Epoch 4/150 | Train Loss: 0.0406 | Epoch Time: 0.31s | Spearman@80: 0.8150 | Kendall@80: 0.6358
Epoch 5/150 | Train Loss: 0.0413 | Epoch Time: 0.31s | Spearman@80: 0.8207 | Kendall@80: 0.6428
Epoch 6/150 | Train Loss: 0.0386 | Epoch Time: 0.32s | Spearman@80: 0.8252 | Kendall@80: 0.6491
Epoch 7/150 | Train Loss: 0.0417 | Epoch Time: 0.31s | Spearman@80: 0.7979 | Kendall@80: 0.6090
Epoch 8/150 | Train Loss: 0.0316 | Epoch Time: 0.31s | Spearman@80: 0.8376 | Kendall@80: 0.6681
Epoch 9/150 | Train Loss: 0.0248 | Epoch Time: 0.32s | Spearman@80: 0.8246 | Kendall@80: 0.6489
Epoch 10/150 | Train Loss: 0.0426 | Epoch Time: 0.32s | Spearman@80: 0.8471 | Kendall@80: 0.6825
Epoch 11/150 | Train Loss: 0.0373 | Epoch Time: 0.31s | Spearman@80: 0.8747 | Kendall@80: 0.7110
Epoch 12/150 | Train Loss: 0.0324 | Epoch Time: 0.31s | Spearman@80: 0.8740 | Kendall@80: 0.7049
Epoch 13/150 | Train Loss: 0.0271 | Epoch Time: 0.31s | Spearman@80: 0.8574 | Kendall@80: 0.6872
Epoch 14/150 | Train Loss: 0.0250 | Epoch Time: 0.31s | Spearman@80: 0.8790 | Kendall@80: 0.7205
Epoch 15/150 | Train Loss: 0.0241 | Epoch Time: 0.31s | Spearman@80: 0.8514 | Kendall@80: 0.6774
Epoch 16/150 | Train Loss: 0.0302 | Epoch Time: 0.31s | Spearman@80: 0.8857 | Kendall@80: 0.7328
Epoch 17/150 | Train Loss: 0.0318 | Epoch Time: 0.31s | Spearman@80: 0.8331 | Kendall@80: 0.6422
Epoch 18/150 | Train Loss: 0.0321 | Epoch Time: 0.31s | Spearman@80: 0.8962 | Kendall@80: 0.7487
Epoch 19/150 | Train Loss: 0.0317 | Epoch Time: 0.31s | Spearman@80: 0.8479 | Kendall@80: 0.6926
Epoch 20/150 | Train Loss: 0.0252 | Epoch Time: 0.31s | Spearman@80: 0.8704 | Kendall@80: 0.7186
Epoch 21/150 | Train Loss: 0.0220 | Epoch Time: 0.31s | Spearman@80: 0.8743 | Kendall@80: 0.7148
Epoch 22/150 | Train Loss: 0.0196 | Epoch Time: 0.31s | Spearman@80: 0.8610 | Kendall@80: 0.7011
Epoch 23/150 | Train Loss: 0.0278 | Epoch Time: 0.31s | Spearman@80: 0.8734 | Kendall@80: 0.7260
Epoch 24/150 | Train Loss: 0.0268 | Epoch Time: 0.31s | Spearman@80: 0.8601 | Kendall@80: 0.7024
Epoch 25/150 | Train Loss: 0.0217 | Epoch Time: 0.31s | Spearman@80: 0.8755 | Kendall@80: 0.7189
Epoch 26/150 | Train Loss: 0.0220 | Epoch Time: 0.31s | Spearman@80: 0.8636 | Kendall@80: 0.7022
Epoch 27/150 | Train Loss: 0.0234 | Epoch Time: 0.31s | Spearman@80: 0.8325 | Kendall@80: 0.6637
Epoch 28/150 | Train Loss: 0.0236 | Epoch Time: 0.31s | Spearman@80: 0.8673 | Kendall@80: 0.7106
Epoch 29/150 | Train Loss: 0.0224 | Epoch Time: 0.31s | Spearman@80: 0.7738 | Kendall@80: 0.6172
Epoch 30/150 | Train Loss: 0.0264 | Epoch Time: 0.31s | Spearman@80: 0.8612 | Kendall@80: 0.6979
Epoch 31/150 | Train Loss: 0.0285 | Epoch Time: 0.31s | Spearman@80: 0.8654 | Kendall@80: 0.7070
Epoch 32/150 | Train Loss: 0.0184 | Epoch Time: 0.31s | Spearman@80: 0.8532 | Kendall@80: 0.6878
Epoch 33/150 | Train Loss: 0.0192 | Epoch Time: 0.31s | Spearman@80: 0.8485 | Kendall@80: 0.6846
Epoch 34/150 | Train Loss: 0.0201 | Epoch Time: 0.31s | Spearman@80: 0.8729 | Kendall@80: 0.7212
Epoch 35/150 | Train Loss: 0.0171 | Epoch Time: 0.31s | Spearman@80: 0.8632 | Kendall@80: 0.7119
Epoch 36/150 | Train Loss: 0.0144 | Epoch Time: 0.31s | Spearman@80: 0.8821 | Kendall@80: 0.7328
Epoch 37/150 | Train Loss: 0.0195 | Epoch Time: 0.31s | Spearman@80: 0.8226 | Kendall@80: 0.6517
Epoch 38/150 | Train Loss: 0.0210 | Epoch Time: 0.31s | Spearman@80: 0.8565 | Kendall@80: 0.7066
Epoch 39/150 | Train Loss: 0.0209 | Epoch Time: 0.31s | Spearman@80: 0.8596 | Kendall@80: 0.7003
Epoch 40/150 | Train Loss: 0.0286 | Epoch Time: 0.31s | Spearman@80: 0.8567 | Kendall@80: 0.6916
Epoch 41/150 | Train Loss: 0.0240 | Epoch Time: 0.31s | Spearman@80: 0.8949 | Kendall@80: 0.7419
Epoch 42/150 | Train Loss: 0.0263 | Epoch Time: 0.31s | Spearman@80: 0.8865 | Kendall@80: 0.7366
Epoch 43/150 | Train Loss: 0.0200 | Epoch Time: 0.31s | Spearman@80: 0.8864 | Kendall@80: 0.7360
Epoch 44/150 | Train Loss: 0.0189 | Epoch Time: 0.31s | Spearman@80: 0.8817 | Kendall@80: 0.7258
Epoch 45/150 | Train Loss: 0.0177 | Epoch Time: 0.31s | Spearman@80: 0.8809 | Kendall@80: 0.7290
Epoch 46/150 | Train Loss: 0.0194 | Epoch Time: 0.31s | Spearman@80: 0.8557 | Kendall@80: 0.6960
Epoch 47/150 | Train Loss: 0.0244 | Epoch Time: 0.31s | Spearman@80: 0.8377 | Kendall@80: 0.6745
Epoch 48/150 | Train Loss: 0.0205 | Epoch Time: 0.31s | Spearman@80: 0.8671 | Kendall@80: 0.7098
Epoch 49/150 | Train Loss: 0.0160 | Epoch Time: 0.31s | Spearman@80: 0.8562 | Kendall@80: 0.7015
Epoch 50/150 | Train Loss: 0.0175 | Epoch Time: 0.31s | Spearman@80: 0.8745 | Kendall@80: 0.7277
Epoch 51/150 | Train Loss: 0.0123 | Epoch Time: 0.31s | Spearman@80: 0.8653 | Kendall@80: 0.7151
Epoch 52/150 | Train Loss: 0.0241 | Epoch Time: 0.31s | Spearman@80: 0.8473 | Kendall@80: 0.6855
Epoch 53/150 | Train Loss: 0.0252 | Epoch Time: 0.31s | Spearman@80: 0.8593 | Kendall@80: 0.7005
Epoch 54/150 | Train Loss: 0.0140 | Epoch Time: 0.31s | Spearman@80: 0.8593 | Kendall@80: 0.6979
Epoch 55/150 | Train Loss: 0.0211 | Epoch Time: 0.31s | Spearman@80: 0.8607 | Kendall@80: 0.7043
Epoch 56/150 | Train Loss: 0.0234 | Epoch Time: 0.32s | Spearman@80: 0.8524 | Kendall@80: 0.6954
Epoch 57/150 | Train Loss: 0.0164 | Epoch Time: 0.31s | Spearman@80: 0.8614 | Kendall@80: 0.6990
Epoch 58/150 | Train Loss: 0.0209 | Epoch Time: 0.31s | Spearman@80: 0.8830 | Kendall@80: 0.7298
Epoch 59/150 | Train Loss: 0.0176 | Epoch Time: 0.31s | Spearman@80: 0.8702 | Kendall@80: 0.7133
Epoch 60/150 | Train Loss: 0.0182 | Epoch Time: 0.31s | Spearman@80: 0.8319 | Kendall@80: 0.6667
Epoch 61/150 | Train Loss: 0.0188 | Epoch Time: 0.31s | Spearman@80: 0.8379 | Kendall@80: 0.6743
Epoch 62/150 | Train Loss: 0.0117 | Epoch Time: 0.31s | Spearman@80: 0.8401 | Kendall@80: 0.6783
Epoch 63/150 | Train Loss: 0.0156 | Epoch Time: 0.31s | Spearman@80: 0.8579 | Kendall@80: 0.7045
Epoch 64/150 | Train Loss: 0.0171 | Epoch Time: 0.31s | Spearman@80: 0.8506 | Kendall@80: 0.6918
Epoch 65/150 | Train Loss: 0.0174 | Epoch Time: 0.31s | Spearman@80: 0.8603 | Kendall@80: 0.7081
Epoch 66/150 | Train Loss: 0.0122 | Epoch Time: 0.31s | Spearman@80: 0.8399 | Kendall@80: 0.6815
Epoch 67/150 | Train Loss: 0.0147 | Epoch Time: 0.31s | Spearman@80: 0.8377 | Kendall@80: 0.6770
Epoch 68/150 | Train Loss: 0.0145 | Epoch Time: 0.31s | Spearman@80: 0.8524 | Kendall@80: 0.6939
Epoch 69/150 | Train Loss: 0.0121 | Epoch Time: 0.31s | Spearman@80: 0.8345 | Kendall@80: 0.6707
Epoch 70/150 | Train Loss: 0.0103 | Epoch Time: 0.31s | Spearman@80: 0.7771 | Kendall@80: 0.6052
Epoch 71/150 | Train Loss: 0.0118 | Epoch Time: 0.31s | Spearman@80: 0.8446 | Kendall@80: 0.6878
Epoch 72/150 | Train Loss: 0.0128 | Epoch Time: 0.31s | Spearman@80: 0.8371 | Kendall@80: 0.6774
Epoch 73/150 | Train Loss: 0.0123 | Epoch Time: 0.31s | Spearman@80: 0.8402 | Kendall@80: 0.6827
Epoch 74/150 | Train Loss: 0.0180 | Epoch Time: 0.31s | Spearman@80: 0.8260 | Kendall@80: 0.6599
Epoch 75/150 | Train Loss: 0.0133 | Epoch Time: 0.31s | Spearman@80: 0.8545 | Kendall@80: 0.7068
Epoch 76/150 | Train Loss: 0.0127 | Epoch Time: 0.31s | Spearman@80: 0.8537 | Kendall@80: 0.6946
Epoch 77/150 | Train Loss: 0.0111 | Epoch Time: 0.31s | Spearman@80: 0.8307 | Kendall@80: 0.6618
Epoch 78/150 | Train Loss: 0.0147 | Epoch Time: 0.31s | Spearman@80: 0.8566 | Kendall@80: 0.6958
Epoch 79/150 | Train Loss: 0.0155 | Epoch Time: 0.31s | Spearman@80: 0.8085 | Kendall@80: 0.6339
Epoch 80/150 | Train Loss: 0.0186 | Epoch Time: 0.31s | Spearman@80: 0.8323 | Kendall@80: 0.6705
Epoch 81/150 | Train Loss: 0.0151 | Epoch Time: 0.31s | Spearman@80: 0.8691 | Kendall@80: 0.7176
Epoch 82/150 | Train Loss: 0.0156 | Epoch Time: 0.31s | Spearman@80: 0.8059 | Kendall@80: 0.6384
Epoch 83/150 | Train Loss: 0.0139 | Epoch Time: 0.31s | Spearman@80: 0.8337 | Kendall@80: 0.6635
Epoch 84/150 | Train Loss: 0.0180 | Epoch Time: 0.31s | Spearman@80: 0.8353 | Kendall@80: 0.6688
Epoch 85/150 | Train Loss: 0.0120 | Epoch Time: 0.31s | Spearman@80: 0.8642 | Kendall@80: 0.7091
Epoch 86/150 | Train Loss: 0.0102 | Epoch Time: 0.31s | Spearman@80: 0.8566 | Kendall@80: 0.7024
Epoch 87/150 | Train Loss: 0.0097 | Epoch Time: 0.31s | Spearman@80: 0.8319 | Kendall@80: 0.6688
Epoch 88/150 | Train Loss: 0.0128 | Epoch Time: 0.31s | Spearman@80: 0.8202 | Kendall@80: 0.6534
Epoch 89/150 | Train Loss: 0.0111 | Epoch Time: 0.31s | Spearman@80: 0.8451 | Kendall@80: 0.6815
Epoch 90/150 | Train Loss: 0.0099 | Epoch Time: 0.31s | Spearman@80: 0.8468 | Kendall@80: 0.6810
Epoch 91/150 | Train Loss: 0.0156 | Epoch Time: 0.31s | Spearman@80: 0.8458 | Kendall@80: 0.6891
Epoch 92/150 | Train Loss: 0.0076 | Epoch Time: 0.31s | Spearman@80: 0.8214 | Kendall@80: 0.6529
Epoch 93/150 | Train Loss: 0.0120 | Epoch Time: 0.31s | Spearman@80: 0.8184 | Kendall@80: 0.6496
Epoch 94/150 | Train Loss: 0.0101 | Epoch Time: 0.31s | Spearman@80: 0.8654 | Kendall@80: 0.7163
Epoch 95/150 | Train Loss: 0.0144 | Epoch Time: 0.31s | Spearman@80: 0.8700 | Kendall@80: 0.7233
Epoch 96/150 | Train Loss: 0.0118 | Epoch Time: 0.31s | Spearman@80: 0.8610 | Kendall@80: 0.7110
Epoch 97/150 | Train Loss: 0.0116 | Epoch Time: 0.31s | Spearman@80: 0.8518 | Kendall@80: 0.6960
Epoch 98/150 | Train Loss: 0.0117 | Epoch Time: 0.31s | Spearman@80: 0.8472 | Kendall@80: 0.6882
Epoch 99/150 | Train Loss: 0.0097 | Epoch Time: 0.31s | Spearman@80: 0.8313 | Kendall@80: 0.6705
Epoch 100/150 | Train Loss: 0.0155 | Epoch Time: 0.31s | Spearman@80: 0.8428 | Kendall@80: 0.6804
Epoch 101/150 | Train Loss: 0.0112 | Epoch Time: 0.31s | Spearman@80: 0.8464 | Kendall@80: 0.6850
Epoch 102/150 | Train Loss: 0.0093 | Epoch Time: 0.31s | Spearman@80: 0.8376 | Kendall@80: 0.6730
Epoch 103/150 | Train Loss: 0.0127 | Epoch Time: 0.31s | Spearman@80: 0.8130 | Kendall@80: 0.6447
Epoch 104/150 | Train Loss: 0.0125 | Epoch Time: 0.31s | Spearman@80: 0.8156 | Kendall@80: 0.6460
Epoch 105/150 | Train Loss: 0.0106 | Epoch Time: 0.31s | Spearman@80: 0.8601 | Kendall@80: 0.7087
Epoch 106/150 | Train Loss: 0.0137 | Epoch Time: 0.31s | Spearman@80: 0.8521 | Kendall@80: 0.6990
Epoch 107/150 | Train Loss: 0.0111 | Epoch Time: 0.31s | Spearman@80: 0.8408 | Kendall@80: 0.6804
Epoch 108/150 | Train Loss: 0.0098 | Epoch Time: 0.31s | Spearman@80: 0.8330 | Kendall@80: 0.6662
Epoch 109/150 | Train Loss: 0.0088 | Epoch Time: 0.31s | Spearman@80: 0.8360 | Kendall@80: 0.6745
Epoch 110/150 | Train Loss: 0.0092 | Epoch Time: 0.31s | Spearman@80: 0.8389 | Kendall@80: 0.6777
Epoch 111/150 | Train Loss: 0.0089 | Epoch Time: 0.31s | Spearman@80: 0.8351 | Kendall@80: 0.6732
Epoch 112/150 | Train Loss: 0.0131 | Epoch Time: 0.31s | Spearman@80: 0.8419 | Kendall@80: 0.6800
Epoch 113/150 | Train Loss: 0.0036 | Epoch Time: 0.31s | Spearman@80: 0.8462 | Kendall@80: 0.6872
Epoch 114/150 | Train Loss: 0.0085 | Epoch Time: 0.31s | Spearman@80: 0.8485 | Kendall@80: 0.6933
Epoch 115/150 | Train Loss: 0.0063 | Epoch Time: 0.31s | Spearman@80: 0.8482 | Kendall@80: 0.6943
Epoch 116/150 | Train Loss: 0.0117 | Epoch Time: 0.31s | Spearman@80: 0.8484 | Kendall@80: 0.6969
Epoch 117/150 | Train Loss: 0.0099 | Epoch Time: 0.31s | Spearman@80: 0.8478 | Kendall@80: 0.6954
Epoch 118/150 | Train Loss: 0.0164 | Epoch Time: 0.31s | Spearman@80: 0.8445 | Kendall@80: 0.6901
Epoch 119/150 | Train Loss: 0.0110 | Epoch Time: 0.31s | Spearman@80: 0.8253 | Kendall@80: 0.6599
Epoch 120/150 | Train Loss: 0.0066 | Epoch Time: 0.31s | Spearman@80: 0.8193 | Kendall@80: 0.6542
Epoch 121/150 | Train Loss: 0.0082 | Epoch Time: 0.31s | Spearman@80: 0.8444 | Kendall@80: 0.6865
Epoch 122/150 | Train Loss: 0.0106 | Epoch Time: 0.31s | Spearman@80: 0.8512 | Kendall@80: 0.6986
Epoch 123/150 | Train Loss: 0.0089 | Epoch Time: 0.31s | Spearman@80: 0.8487 | Kendall@80: 0.6946
Epoch 124/150 | Train Loss: 0.0100 | Epoch Time: 0.31s | Spearman@80: 0.8324 | Kendall@80: 0.6726
Epoch 125/150 | Train Loss: 0.0081 | Epoch Time: 0.31s | Spearman@80: 0.8296 | Kendall@80: 0.6650
Epoch 126/150 | Train Loss: 0.0090 | Epoch Time: 0.31s | Spearman@80: 0.8294 | Kendall@80: 0.6620
Epoch 127/150 | Train Loss: 0.0086 | Epoch Time: 0.31s | Spearman@80: 0.8303 | Kendall@80: 0.6624
Epoch 128/150 | Train Loss: 0.0060 | Epoch Time: 0.31s | Spearman@80: 0.8362 | Kendall@80: 0.6734
Epoch 129/150 | Train Loss: 0.0096 | Epoch Time: 0.31s | Spearman@80: 0.8363 | Kendall@80: 0.6743
Epoch 130/150 | Train Loss: 0.0061 | Epoch Time: 0.31s | Spearman@80: 0.8403 | Kendall@80: 0.6793
Epoch 131/150 | Train Loss: 0.0058 | Epoch Time: 0.31s | Spearman@80: 0.8491 | Kendall@80: 0.6888
Epoch 132/150 | Train Loss: 0.0101 | Epoch Time: 0.31s | Spearman@80: 0.8534 | Kendall@80: 0.6965
Epoch 133/150 | Train Loss: 0.0086 | Epoch Time: 0.31s | Spearman@80: 0.8540 | Kendall@80: 0.6990
Epoch 134/150 | Train Loss: 0.0090 | Epoch Time: 0.31s | Spearman@80: 0.8527 | Kendall@80: 0.6979
Epoch 135/150 | Train Loss: 0.0046 | Epoch Time: 0.31s | Spearman@80: 0.8490 | Kendall@80: 0.6920
Epoch 136/150 | Train Loss: 0.0101 | Epoch Time: 0.31s | Spearman@80: 0.8484 | Kendall@80: 0.6924
Epoch 137/150 | Train Loss: 0.0038 | Epoch Time: 0.31s | Spearman@80: 0.8482 | Kendall@80: 0.6929
Epoch 138/150 | Train Loss: 0.0086 | Epoch Time: 0.31s | Spearman@80: 0.8504 | Kendall@80: 0.6952
Epoch 139/150 | Train Loss: 0.0092 | Epoch Time: 0.31s | Spearman@80: 0.8498 | Kendall@80: 0.6924
Epoch 140/150 | Train Loss: 0.0073 | Epoch Time: 0.32s | Spearman@80: 0.8492 | Kendall@80: 0.6916
Epoch 141/150 | Train Loss: 0.0095 | Epoch Time: 0.34s | Spearman@80: 0.8492 | Kendall@80: 0.6916
Epoch 142/150 | Train Loss: 0.0078 | Epoch Time: 0.35s | Spearman@80: 0.8493 | Kendall@80: 0.6926
Epoch 143/150 | Train Loss: 0.0067 | Epoch Time: 0.35s | Spearman@80: 0.8504 | Kendall@80: 0.6960
Epoch 144/150 | Train Loss: 0.0087 | Epoch Time: 0.35s | Spearman@80: 0.8504 | Kendall@80: 0.6960
Epoch 145/150 | Train Loss: 0.0075 | Epoch Time: 0.35s | Spearman@80: 0.8504 | Kendall@80: 0.6960
Epoch 146/150 | Train Loss: 0.0123 | Epoch Time: 0.35s | Spearman@80: 0.8507 | Kendall@80: 0.6973
Epoch 147/150 | Train Loss: 0.0075 | Epoch Time: 1.71s | Spearman@15560: 0.9126 | Kendall@15560: 0.7667
Epoch 148/150 | Train Loss: 0.0096 | Epoch Time: 1.53s | Spearman@15560: 0.9126 | Kendall@15560: 0.7667
Epoch 149/150 | Train Loss: 0.0101 | Epoch Time: 1.53s | Spearman@15560: 0.9125 | Kendall@15560: 0.7664
Epoch 150/150 | Train Loss: 0.0061 | Epoch Time: 1.53s | Spearman@15560: 0.9125 | Kendall@15560: 0.7667
Sample Count: 64, Spearman: 0.9125781208755366, Kendall: 0.7666370768297687
{64: (0.9125781208755366, 0.7666370768297687),
 128: (0.9220209058155335, 0.7734260605452453)}
Epoch 1/150 | Train Loss: 0.0877 | Epoch Time: 0.63s | Spearman@80: 0.5559 | Kendall@80: 0.3910
Epoch 2/150 | Train Loss: 0.0605 | Epoch Time: 0.62s | Spearman@80: 0.7781 | Kendall@80: 0.5825
Epoch 3/150 | Train Loss: 0.0488 | Epoch Time: 0.62s | Spearman@80: 0.8860 | Kendall@80: 0.7053
Epoch 4/150 | Train Loss: 0.0376 | Epoch Time: 0.61s | Spearman@80: 0.8908 | Kendall@80: 0.7138
Epoch 5/150 | Train Loss: 0.0337 | Epoch Time: 0.62s | Spearman@80: 0.9010 | Kendall@80: 0.7337
Epoch 6/150 | Train Loss: 0.0369 | Epoch Time: 0.62s | Spearman@80: 0.8950 | Kendall@80: 0.7275
Epoch 7/150 | Train Loss: 0.0384 | Epoch Time: 0.62s | Spearman@80: 0.9185 | Kendall@80: 0.7685
Epoch 8/150 | Train Loss: 0.0367 | Epoch Time: 0.62s | Spearman@80: 0.8931 | Kendall@80: 0.7197
Epoch 9/150 | Train Loss: 0.0344 | Epoch Time: 0.61s | Spearman@80: 0.8837 | Kendall@80: 0.7068
Epoch 10/150 | Train Loss: 0.0348 | Epoch Time: 0.62s | Spearman@80: 0.9057 | Kendall@80: 0.7360
Epoch 11/150 | Train Loss: 0.0330 | Epoch Time: 0.61s | Spearman@80: 0.8890 | Kendall@80: 0.7246
Epoch 12/150 | Train Loss: 0.0280 | Epoch Time: 0.61s | Spearman@80: 0.8592 | Kendall@80: 0.6829
Epoch 13/150 | Train Loss: 0.0362 | Epoch Time: 0.62s | Spearman@80: 0.9286 | Kendall@80: 0.7791
Epoch 14/150 | Train Loss: 0.0321 | Epoch Time: 0.62s | Spearman@80: 0.9340 | Kendall@80: 0.7861
Epoch 15/150 | Train Loss: 0.0311 | Epoch Time: 0.61s | Spearman@80: 0.9183 | Kendall@80: 0.7639
Epoch 16/150 | Train Loss: 0.0385 | Epoch Time: 0.61s | Spearman@80: 0.9326 | Kendall@80: 0.7838
Epoch 17/150 | Train Loss: 0.0311 | Epoch Time: 0.62s | Spearman@80: 0.9212 | Kendall@80: 0.7709
Epoch 18/150 | Train Loss: 0.0330 | Epoch Time: 0.61s | Spearman@80: 0.9077 | Kendall@80: 0.7489
Epoch 19/150 | Train Loss: 0.0288 | Epoch Time: 0.62s | Spearman@80: 0.9114 | Kendall@80: 0.7584
Epoch 20/150 | Train Loss: 0.0305 | Epoch Time: 0.62s | Spearman@80: 0.9053 | Kendall@80: 0.7360
Epoch 21/150 | Train Loss: 0.0381 | Epoch Time: 0.62s | Spearman@80: 0.9380 | Kendall@80: 0.7985
Epoch 22/150 | Train Loss: 0.0291 | Epoch Time: 0.61s | Spearman@80: 0.9490 | Kendall@80: 0.8104
Epoch 23/150 | Train Loss: 0.0301 | Epoch Time: 0.62s | Spearman@80: 0.9332 | Kendall@80: 0.7850
Epoch 24/150 | Train Loss: 0.0273 | Epoch Time: 0.61s | Spearman@80: 0.9347 | Kendall@80: 0.7906
Epoch 25/150 | Train Loss: 0.0263 | Epoch Time: 0.62s | Spearman@80: 0.9006 | Kendall@80: 0.7345
Epoch 26/150 | Train Loss: 0.0352 | Epoch Time: 0.61s | Spearman@80: 0.9102 | Kendall@80: 0.7455
Epoch 27/150 | Train Loss: 0.0307 | Epoch Time: 0.62s | Spearman@80: 0.9223 | Kendall@80: 0.7671
Epoch 28/150 | Train Loss: 0.0275 | Epoch Time: 0.61s | Spearman@80: 0.9322 | Kendall@80: 0.7893
Epoch 29/150 | Train Loss: 0.0311 | Epoch Time: 0.62s | Spearman@80: 0.9054 | Kendall@80: 0.7373
Epoch 30/150 | Train Loss: 0.0289 | Epoch Time: 0.62s | Spearman@80: 0.9165 | Kendall@80: 0.7645
Epoch 31/150 | Train Loss: 0.0250 | Epoch Time: 0.62s | Spearman@80: 0.9216 | Kendall@80: 0.7649
Epoch 32/150 | Train Loss: 0.0278 | Epoch Time: 0.62s | Spearman@80: 0.9118 | Kendall@80: 0.7501
Epoch 33/150 | Train Loss: 0.0320 | Epoch Time: 0.62s | Spearman@80: 0.9411 | Kendall@80: 0.8036
Epoch 34/150 | Train Loss: 0.0309 | Epoch Time: 0.62s | Spearman@80: 0.9182 | Kendall@80: 0.7666
Epoch 35/150 | Train Loss: 0.0310 | Epoch Time: 0.62s | Spearman@80: 0.9301 | Kendall@80: 0.7836
Epoch 36/150 | Train Loss: 0.0272 | Epoch Time: 0.62s | Spearman@80: 0.9382 | Kendall@80: 0.7984
Epoch 37/150 | Train Loss: 0.0256 | Epoch Time: 0.62s | Spearman@80: 0.9369 | Kendall@80: 0.7958
Epoch 38/150 | Train Loss: 0.0244 | Epoch Time: 0.62s | Spearman@80: 0.9278 | Kendall@80: 0.7779
Epoch 39/150 | Train Loss: 0.0222 | Epoch Time: 0.62s | Spearman@80: 0.9303 | Kendall@80: 0.7867
Epoch 40/150 | Train Loss: 0.0299 | Epoch Time: 0.62s | Spearman@80: 0.9385 | Kendall@80: 0.7926
Epoch 41/150 | Train Loss: 0.0290 | Epoch Time: 0.62s | Spearman@80: 0.9475 | Kendall@80: 0.8157
Epoch 42/150 | Train Loss: 0.0235 | Epoch Time: 0.62s | Spearman@80: 0.9306 | Kendall@80: 0.7856
Epoch 43/150 | Train Loss: 0.0344 | Epoch Time: 0.62s | Spearman@80: 0.9416 | Kendall@80: 0.8015
Epoch 44/150 | Train Loss: 0.0240 | Epoch Time: 0.62s | Spearman@80: 0.9336 | Kendall@80: 0.7914
Epoch 45/150 | Train Loss: 0.0251 | Epoch Time: 0.62s | Spearman@80: 0.9356 | Kendall@80: 0.7956
Epoch 46/150 | Train Loss: 0.0255 | Epoch Time: 0.62s | Spearman@80: 0.9236 | Kendall@80: 0.7730
Epoch 47/150 | Train Loss: 0.0260 | Epoch Time: 0.62s | Spearman@80: 0.9034 | Kendall@80: 0.7485
Epoch 48/150 | Train Loss: 0.0225 | Epoch Time: 0.62s | Spearman@80: 0.9446 | Kendall@80: 0.8115
Epoch 49/150 | Train Loss: 0.0199 | Epoch Time: 0.62s | Spearman@80: 0.9299 | Kendall@80: 0.7842
Epoch 50/150 | Train Loss: 0.0274 | Epoch Time: 0.62s | Spearman@80: 0.9179 | Kendall@80: 0.7639
Epoch 51/150 | Train Loss: 0.0265 | Epoch Time: 0.62s | Spearman@80: 0.9307 | Kendall@80: 0.7836
Epoch 52/150 | Train Loss: 0.0238 | Epoch Time: 0.62s | Spearman@80: 0.9350 | Kendall@80: 0.7880
Epoch 53/150 | Train Loss: 0.0263 | Epoch Time: 0.62s | Spearman@80: 0.9474 | Kendall@80: 0.8119
Epoch 54/150 | Train Loss: 0.0215 | Epoch Time: 0.62s | Spearman@80: 0.9283 | Kendall@80: 0.7812
Epoch 55/150 | Train Loss: 0.0280 | Epoch Time: 0.62s | Spearman@80: 0.9266 | Kendall@80: 0.7685
Epoch 56/150 | Train Loss: 0.0271 | Epoch Time: 0.62s | Spearman@80: 0.9310 | Kendall@80: 0.7842
Epoch 57/150 | Train Loss: 0.0251 | Epoch Time: 0.62s | Spearman@80: 0.9227 | Kendall@80: 0.7711
Epoch 58/150 | Train Loss: 0.0272 | Epoch Time: 0.62s | Spearman@80: 0.9393 | Kendall@80: 0.8009
Epoch 59/150 | Train Loss: 0.0222 | Epoch Time: 0.61s | Spearman@80: 0.9400 | Kendall@80: 0.7963
Epoch 60/150 | Train Loss: 0.0262 | Epoch Time: 0.62s | Spearman@80: 0.9118 | Kendall@80: 0.7539
Epoch 61/150 | Train Loss: 0.0207 | Epoch Time: 0.62s | Spearman@80: 0.9196 | Kendall@80: 0.7677
Epoch 62/150 | Train Loss: 0.0229 | Epoch Time: 0.62s | Spearman@80: 0.9377 | Kendall@80: 0.7962
Epoch 63/150 | Train Loss: 0.0192 | Epoch Time: 0.62s | Spearman@80: 0.9296 | Kendall@80: 0.7840
Epoch 64/150 | Train Loss: 0.0234 | Epoch Time: 0.62s | Spearman@80: 0.9343 | Kendall@80: 0.7945
Epoch 65/150 | Train Loss: 0.0238 | Epoch Time: 0.62s | Spearman@80: 0.9331 | Kendall@80: 0.7880
Epoch 66/150 | Train Loss: 0.0198 | Epoch Time: 0.62s | Spearman@80: 0.9362 | Kendall@80: 0.7893
Epoch 67/150 | Train Loss: 0.0236 | Epoch Time: 0.62s | Spearman@80: 0.9310 | Kendall@80: 0.7884
Epoch 68/150 | Train Loss: 0.0234 | Epoch Time: 0.62s | Spearman@80: 0.9405 | Kendall@80: 0.7989
Epoch 69/150 | Train Loss: 0.0240 | Epoch Time: 0.62s | Spearman@80: 0.9414 | Kendall@80: 0.8041
Epoch 70/150 | Train Loss: 0.0208 | Epoch Time: 0.62s | Spearman@80: 0.9346 | Kendall@80: 0.7952
Epoch 71/150 | Train Loss: 0.0253 | Epoch Time: 0.62s | Spearman@80: 0.9269 | Kendall@80: 0.7861
Epoch 72/150 | Train Loss: 0.0204 | Epoch Time: 0.62s | Spearman@80: 0.9395 | Kendall@80: 0.8053
Epoch 73/150 | Train Loss: 0.0167 | Epoch Time: 0.62s | Spearman@80: 0.9244 | Kendall@80: 0.7791
Epoch 74/150 | Train Loss: 0.0175 | Epoch Time: 0.62s | Spearman@80: 0.9357 | Kendall@80: 0.7994
Epoch 75/150 | Train Loss: 0.0173 | Epoch Time: 0.62s | Spearman@80: 0.9350 | Kendall@80: 0.7952
Epoch 76/150 | Train Loss: 0.0225 | Epoch Time: 0.62s | Spearman@80: 0.9244 | Kendall@80: 0.7806
Epoch 77/150 | Train Loss: 0.0237 | Epoch Time: 0.62s | Spearman@80: 0.9264 | Kendall@80: 0.7768
Epoch 78/150 | Train Loss: 0.0182 | Epoch Time: 0.62s | Spearman@80: 0.9435 | Kendall@80: 0.8079
Epoch 79/150 | Train Loss: 0.0209 | Epoch Time: 0.62s | Spearman@80: 0.9420 | Kendall@80: 0.8047
Epoch 80/150 | Train Loss: 0.0168 | Epoch Time: 0.62s | Spearman@80: 0.9366 | Kendall@80: 0.7920
Epoch 81/150 | Train Loss: 0.0189 | Epoch Time: 0.62s | Spearman@80: 0.9409 | Kendall@80: 0.8032
Epoch 82/150 | Train Loss: 0.0149 | Epoch Time: 0.62s | Spearman@80: 0.9406 | Kendall@80: 0.8025
Epoch 83/150 | Train Loss: 0.0160 | Epoch Time: 0.62s | Spearman@80: 0.9357 | Kendall@80: 0.7994
Epoch 84/150 | Train Loss: 0.0180 | Epoch Time: 0.62s | Spearman@80: 0.9431 | Kendall@80: 0.8039
Epoch 85/150 | Train Loss: 0.0183 | Epoch Time: 0.62s | Spearman@80: 0.9438 | Kendall@80: 0.8074
Epoch 86/150 | Train Loss: 0.0200 | Epoch Time: 0.62s | Spearman@80: 0.9311 | Kendall@80: 0.7914
Epoch 87/150 | Train Loss: 0.0165 | Epoch Time: 0.61s | Spearman@80: 0.9308 | Kendall@80: 0.7979
Epoch 88/150 | Train Loss: 0.0196 | Epoch Time: 0.62s | Spearman@80: 0.9389 | Kendall@80: 0.8020
Epoch 89/150 | Train Loss: 0.0232 | Epoch Time: 0.61s | Spearman@80: 0.9308 | Kendall@80: 0.7945
Epoch 90/150 | Train Loss: 0.0181 | Epoch Time: 0.62s | Spearman@80: 0.9343 | Kendall@80: 0.7945
Epoch 91/150 | Train Loss: 0.0156 | Epoch Time: 0.61s | Spearman@80: 0.9345 | Kendall@80: 0.7935
Epoch 92/150 | Train Loss: 0.0160 | Epoch Time: 0.61s | Spearman@80: 0.9216 | Kendall@80: 0.7753
Epoch 93/150 | Train Loss: 0.0160 | Epoch Time: 0.62s | Spearman@80: 0.9370 | Kendall@80: 0.7996
Epoch 94/150 | Train Loss: 0.0152 | Epoch Time: 0.62s | Spearman@80: 0.9443 | Kendall@80: 0.8123
Epoch 95/150 | Train Loss: 0.0172 | Epoch Time: 0.61s | Spearman@80: 0.9430 | Kendall@80: 0.8083
Epoch 96/150 | Train Loss: 0.0157 | Epoch Time: 0.62s | Spearman@80: 0.9423 | Kendall@80: 0.8115
Epoch 97/150 | Train Loss: 0.0187 | Epoch Time: 0.62s | Spearman@80: 0.9236 | Kendall@80: 0.7705
Epoch 98/150 | Train Loss: 0.0204 | Epoch Time: 0.62s | Spearman@80: 0.9264 | Kendall@80: 0.7888
Epoch 99/150 | Train Loss: 0.0179 | Epoch Time: 0.62s | Spearman@80: 0.9360 | Kendall@80: 0.7982
Epoch 100/150 | Train Loss: 0.0151 | Epoch Time: 0.61s | Spearman@80: 0.9295 | Kendall@80: 0.7880
Epoch 101/150 | Train Loss: 0.0184 | Epoch Time: 0.62s | Spearman@80: 0.9288 | Kendall@80: 0.7852
Epoch 102/150 | Train Loss: 0.0157 | Epoch Time: 0.62s | Spearman@80: 0.9337 | Kendall@80: 0.8015
Epoch 103/150 | Train Loss: 0.0117 | Epoch Time: 0.61s | Spearman@80: 0.9392 | Kendall@80: 0.8123
Epoch 104/150 | Train Loss: 0.0194 | Epoch Time: 0.61s | Spearman@80: 0.9369 | Kendall@80: 0.7996
Epoch 105/150 | Train Loss: 0.0155 | Epoch Time: 0.61s | Spearman@80: 0.9297 | Kendall@80: 0.7937
Epoch 106/150 | Train Loss: 0.0122 | Epoch Time: 0.61s | Spearman@80: 0.9375 | Kendall@80: 0.8009
Epoch 107/150 | Train Loss: 0.0154 | Epoch Time: 0.62s | Spearman@80: 0.9355 | Kendall@80: 0.8034
Epoch 108/150 | Train Loss: 0.0145 | Epoch Time: 0.61s | Spearman@80: 0.9356 | Kendall@80: 0.8051
Epoch 109/150 | Train Loss: 0.0117 | Epoch Time: 0.62s | Spearman@80: 0.9362 | Kendall@80: 0.7969
Epoch 110/150 | Train Loss: 0.0158 | Epoch Time: 0.62s | Spearman@80: 0.9358 | Kendall@80: 0.8081
Epoch 111/150 | Train Loss: 0.0171 | Epoch Time: 0.61s | Spearman@80: 0.9318 | Kendall@80: 0.7958
Epoch 112/150 | Train Loss: 0.0157 | Epoch Time: 0.61s | Spearman@80: 0.9356 | Kendall@80: 0.8036
Epoch 113/150 | Train Loss: 0.0144 | Epoch Time: 0.61s | Spearman@80: 0.9381 | Kendall@80: 0.8085
Epoch 114/150 | Train Loss: 0.0138 | Epoch Time: 0.61s | Spearman@80: 0.9425 | Kendall@80: 0.8150
Epoch 115/150 | Train Loss: 0.0137 | Epoch Time: 0.62s | Spearman@80: 0.9378 | Kendall@80: 0.8032
Epoch 116/150 | Train Loss: 0.0154 | Epoch Time: 0.61s | Spearman@80: 0.9343 | Kendall@80: 0.8003
Epoch 117/150 | Train Loss: 0.0135 | Epoch Time: 0.62s | Spearman@80: 0.9406 | Kendall@80: 0.8095
Epoch 118/150 | Train Loss: 0.0112 | Epoch Time: 0.62s | Spearman@80: 0.9427 | Kendall@80: 0.8134
Epoch 119/150 | Train Loss: 0.0183 | Epoch Time: 0.61s | Spearman@80: 0.9420 | Kendall@80: 0.8142
Epoch 120/150 | Train Loss: 0.0135 | Epoch Time: 0.62s | Spearman@80: 0.9401 | Kendall@80: 0.8062
Epoch 121/150 | Train Loss: 0.0097 | Epoch Time: 0.62s | Spearman@80: 0.9380 | Kendall@80: 0.8001
Epoch 122/150 | Train Loss: 0.0151 | Epoch Time: 0.61s | Spearman@80: 0.9315 | Kendall@80: 0.7869
Epoch 123/150 | Train Loss: 0.0117 | Epoch Time: 0.61s | Spearman@80: 0.9406 | Kendall@80: 0.8058
Epoch 124/150 | Train Loss: 0.0119 | Epoch Time: 0.61s | Spearman@80: 0.9401 | Kendall@80: 0.8079
Epoch 125/150 | Train Loss: 0.0156 | Epoch Time: 0.62s | Spearman@80: 0.9409 | Kendall@80: 0.8104
Epoch 126/150 | Train Loss: 0.0134 | Epoch Time: 0.61s | Spearman@80: 0.9372 | Kendall@80: 0.8041
Epoch 127/150 | Train Loss: 0.0120 | Epoch Time: 0.61s | Spearman@80: 0.9312 | Kendall@80: 0.7918
Epoch 128/150 | Train Loss: 0.0142 | Epoch Time: 0.61s | Spearman@80: 0.9322 | Kendall@80: 0.7958
Epoch 129/150 | Train Loss: 0.0111 | Epoch Time: 0.61s | Spearman@80: 0.9371 | Kendall@80: 0.8049
Epoch 130/150 | Train Loss: 0.0148 | Epoch Time: 0.62s | Spearman@80: 0.9378 | Kendall@80: 0.8011
Epoch 131/150 | Train Loss: 0.0127 | Epoch Time: 0.62s | Spearman@80: 0.9344 | Kendall@80: 0.7952
Epoch 132/150 | Train Loss: 0.0143 | Epoch Time: 0.61s | Spearman@80: 0.9390 | Kendall@80: 0.8042
Epoch 133/150 | Train Loss: 0.0135 | Epoch Time: 0.61s | Spearman@80: 0.9363 | Kendall@80: 0.8047
Epoch 134/150 | Train Loss: 0.0174 | Epoch Time: 0.62s | Spearman@80: 0.9376 | Kendall@80: 0.8066
Epoch 135/150 | Train Loss: 0.0095 | Epoch Time: 0.61s | Spearman@80: 0.9384 | Kendall@80: 0.8070
Epoch 136/150 | Train Loss: 0.0130 | Epoch Time: 0.62s | Spearman@80: 0.9368 | Kendall@80: 0.8053
Epoch 137/150 | Train Loss: 0.0154 | Epoch Time: 0.62s | Spearman@80: 0.9384 | Kendall@80: 0.8072
Epoch 138/150 | Train Loss: 0.0147 | Epoch Time: 0.62s | Spearman@80: 0.9389 | Kendall@80: 0.8077
Epoch 139/150 | Train Loss: 0.0106 | Epoch Time: 0.61s | Spearman@80: 0.9388 | Kendall@80: 0.8060
Epoch 140/150 | Train Loss: 0.0115 | Epoch Time: 0.62s | Spearman@80: 0.9399 | Kendall@80: 0.8091
Epoch 141/150 | Train Loss: 0.0123 | Epoch Time: 0.61s | Spearman@80: 0.9402 | Kendall@80: 0.8104
Epoch 142/150 | Train Loss: 0.0139 | Epoch Time: 0.62s | Spearman@80: 0.9418 | Kendall@80: 0.8119
Epoch 143/150 | Train Loss: 0.0131 | Epoch Time: 0.61s | Spearman@80: 0.9403 | Kendall@80: 0.8115
Epoch 144/150 | Train Loss: 0.0132 | Epoch Time: 0.62s | Spearman@80: 0.9402 | Kendall@80: 0.8104
Epoch 145/150 | Train Loss: 0.0126 | Epoch Time: 0.62s | Spearman@80: 0.9402 | Kendall@80: 0.8104
Epoch 146/150 | Train Loss: 0.0158 | Epoch Time: 0.61s | Spearman@80: 0.9404 | Kendall@80: 0.8115
Epoch 147/150 | Train Loss: 0.0096 | Epoch Time: 1.89s | Spearman@15496: 0.9378 | Kendall@15496: 0.8006
Epoch 148/150 | Train Loss: 0.0104 | Epoch Time: 1.87s | Spearman@15496: 0.9379 | Kendall@15496: 0.8006
Epoch 149/150 | Train Loss: 0.0115 | Epoch Time: 1.87s | Spearman@15496: 0.9379 | Kendall@15496: 0.8008
Epoch 150/150 | Train Loss: 0.0145 | Epoch Time: 1.88s | Spearman@15496: 0.9379 | Kendall@15496: 0.8006
Sample Count: 128, Spearman: 0.9378742546231243, Kendall: 0.8006509976262026
{64: (0.9125781208755366, 0.7666370768297687),
 128: (0.9378742546231243, 0.8006509976262026)}
Epoch 1/150 | Train Loss: 0.0977 | Epoch Time: 0.31s | Spearman@80: 0.3695 | Kendall@80: 0.2611
Epoch 2/150 | Train Loss: 0.0860 | Epoch Time: 0.31s | Spearman@80: 0.4378 | Kendall@80: 0.3115
Epoch 3/150 | Train Loss: 0.0622 | Epoch Time: 0.31s | Spearman@80: 0.7556 | Kendall@80: 0.5745
Epoch 4/150 | Train Loss: 0.0437 | Epoch Time: 0.31s | Spearman@80: 0.7833 | Kendall@80: 0.5897
Epoch 5/150 | Train Loss: 0.0399 | Epoch Time: 0.31s | Spearman@80: 0.8237 | Kendall@80: 0.6404
Epoch 6/150 | Train Loss: 0.0338 | Epoch Time: 0.31s | Spearman@80: 0.8449 | Kendall@80: 0.6521
Epoch 7/150 | Train Loss: 0.0392 | Epoch Time: 0.34s | Spearman@80: 0.8545 | Kendall@80: 0.6639
Epoch 8/150 | Train Loss: 0.0372 | Epoch Time: 0.34s | Spearman@80: 0.8445 | Kendall@80: 0.6525
Epoch 9/150 | Train Loss: 0.0373 | Epoch Time: 0.35s | Spearman@80: 0.8610 | Kendall@80: 0.6724
Epoch 10/150 | Train Loss: 0.0333 | Epoch Time: 0.34s | Spearman@80: 0.8616 | Kendall@80: 0.6753
Epoch 11/150 | Train Loss: 0.0263 | Epoch Time: 0.34s | Spearman@80: 0.8597 | Kendall@80: 0.6804
Epoch 12/150 | Train Loss: 0.0251 | Epoch Time: 0.34s | Spearman@80: 0.8725 | Kendall@80: 0.6823
Epoch 13/150 | Train Loss: 0.0214 | Epoch Time: 0.34s | Spearman@80: 0.8755 | Kendall@80: 0.6937
Epoch 14/150 | Train Loss: 0.0315 | Epoch Time: 0.34s | Spearman@80: 0.8667 | Kendall@80: 0.6899
Epoch 15/150 | Train Loss: 0.0305 | Epoch Time: 0.34s | Spearman@80: 0.8829 | Kendall@80: 0.7085
Epoch 16/150 | Train Loss: 0.0297 | Epoch Time: 0.34s | Spearman@80: 0.8750 | Kendall@80: 0.6971
Epoch 17/150 | Train Loss: 0.0346 | Epoch Time: 0.34s | Spearman@80: 0.8869 | Kendall@80: 0.7104
Epoch 18/150 | Train Loss: 0.0272 | Epoch Time: 0.34s | Spearman@80: 0.8831 | Kendall@80: 0.7039
Epoch 19/150 | Train Loss: 0.0268 | Epoch Time: 0.34s | Spearman@80: 0.8778 | Kendall@80: 0.7009
Epoch 20/150 | Train Loss: 0.0253 | Epoch Time: 0.34s | Spearman@80: 0.8864 | Kendall@80: 0.7223
Epoch 21/150 | Train Loss: 0.0296 | Epoch Time: 0.34s | Spearman@80: 0.8991 | Kendall@80: 0.7466
Epoch 22/150 | Train Loss: 0.0220 | Epoch Time: 0.34s | Spearman@80: 0.8946 | Kendall@80: 0.7343
Epoch 23/150 | Train Loss: 0.0218 | Epoch Time: 0.34s | Spearman@80: 0.8869 | Kendall@80: 0.7187
Epoch 24/150 | Train Loss: 0.0215 | Epoch Time: 0.33s | Spearman@80: 0.8954 | Kendall@80: 0.7339
Epoch 25/150 | Train Loss: 0.0318 | Epoch Time: 0.34s | Spearman@80: 0.8961 | Kendall@80: 0.7371
Epoch 26/150 | Train Loss: 0.0236 | Epoch Time: 0.34s | Spearman@80: 0.9094 | Kendall@80: 0.7559
Epoch 27/150 | Train Loss: 0.0252 | Epoch Time: 0.34s | Spearman@80: 0.8937 | Kendall@80: 0.7320
Epoch 28/150 | Train Loss: 0.0324 | Epoch Time: 0.34s | Spearman@80: 0.8939 | Kendall@80: 0.7314
Epoch 29/150 | Train Loss: 0.0300 | Epoch Time: 0.34s | Spearman@80: 0.8876 | Kendall@80: 0.7217
Epoch 30/150 | Train Loss: 0.0170 | Epoch Time: 0.34s | Spearman@80: 0.9038 | Kendall@80: 0.7420
Epoch 31/150 | Train Loss: 0.0208 | Epoch Time: 0.34s | Spearman@80: 0.9145 | Kendall@80: 0.7648
Epoch 32/150 | Train Loss: 0.0120 | Epoch Time: 0.34s | Spearman@80: 0.9142 | Kendall@80: 0.7578
Epoch 33/150 | Train Loss: 0.0152 | Epoch Time: 0.34s | Spearman@80: 0.9073 | Kendall@80: 0.7521
Epoch 34/150 | Train Loss: 0.0217 | Epoch Time: 0.34s | Spearman@80: 0.9165 | Kendall@80: 0.7625
Epoch 35/150 | Train Loss: 0.0301 | Epoch Time: 0.34s | Spearman@80: 0.9070 | Kendall@80: 0.7477
Epoch 36/150 | Train Loss: 0.0215 | Epoch Time: 0.35s | Spearman@80: 0.9060 | Kendall@80: 0.7388
Epoch 37/150 | Train Loss: 0.0285 | Epoch Time: 0.34s | Spearman@80: 0.9036 | Kendall@80: 0.7496
Epoch 38/150 | Train Loss: 0.0248 | Epoch Time: 0.34s | Spearman@80: 0.9014 | Kendall@80: 0.7409
Epoch 39/150 | Train Loss: 0.0203 | Epoch Time: 0.34s | Spearman@80: 0.9054 | Kendall@80: 0.7466
Epoch 40/150 | Train Loss: 0.0214 | Epoch Time: 0.34s | Spearman@80: 0.9039 | Kendall@80: 0.7426
Epoch 41/150 | Train Loss: 0.0172 | Epoch Time: 0.34s | Spearman@80: 0.9024 | Kendall@80: 0.7426
Epoch 42/150 | Train Loss: 0.0236 | Epoch Time: 0.34s | Spearman@80: 0.9126 | Kendall@80: 0.7625
Epoch 43/150 | Train Loss: 0.0201 | Epoch Time: 0.34s | Spearman@80: 0.9163 | Kendall@80: 0.7661
Epoch 44/150 | Train Loss: 0.0173 | Epoch Time: 0.34s | Spearman@80: 0.9158 | Kendall@80: 0.7599
Epoch 45/150 | Train Loss: 0.0185 | Epoch Time: 0.34s | Spearman@80: 0.9198 | Kendall@80: 0.7680
Epoch 46/150 | Train Loss: 0.0258 | Epoch Time: 0.34s | Spearman@80: 0.8977 | Kendall@80: 0.7301
Epoch 47/150 | Train Loss: 0.0243 | Epoch Time: 0.34s | Spearman@80: 0.9028 | Kendall@80: 0.7375
Epoch 48/150 | Train Loss: 0.0315 | Epoch Time: 0.34s | Spearman@80: 0.9064 | Kendall@80: 0.7464
Epoch 49/150 | Train Loss: 0.0230 | Epoch Time: 0.34s | Spearman@80: 0.9032 | Kendall@80: 0.7439
Epoch 50/150 | Train Loss: 0.0228 | Epoch Time: 0.34s | Spearman@80: 0.9100 | Kendall@80: 0.7597
Epoch 51/150 | Train Loss: 0.0158 | Epoch Time: 0.34s | Spearman@80: 0.9042 | Kendall@80: 0.7453
Epoch 52/150 | Train Loss: 0.0190 | Epoch Time: 0.34s | Spearman@80: 0.9126 | Kendall@80: 0.7599
Epoch 53/150 | Train Loss: 0.0168 | Epoch Time: 0.33s | Spearman@80: 0.9175 | Kendall@80: 0.7701
Epoch 54/150 | Train Loss: 0.0256 | Epoch Time: 0.34s | Spearman@80: 0.9069 | Kendall@80: 0.7523
Epoch 55/150 | Train Loss: 0.0216 | Epoch Time: 0.34s | Spearman@80: 0.8945 | Kendall@80: 0.7324
Epoch 56/150 | Train Loss: 0.0183 | Epoch Time: 0.34s | Spearman@80: 0.9061 | Kendall@80: 0.7527
Epoch 57/150 | Train Loss: 0.0225 | Epoch Time: 0.35s | Spearman@80: 0.9161 | Kendall@80: 0.7699
Epoch 58/150 | Train Loss: 0.0235 | Epoch Time: 0.34s | Spearman@80: 0.9114 | Kendall@80: 0.7553
Epoch 59/150 | Train Loss: 0.0255 | Epoch Time: 0.35s | Spearman@80: 0.9033 | Kendall@80: 0.7485
Epoch 60/150 | Train Loss: 0.0138 | Epoch Time: 0.34s | Spearman@80: 0.9046 | Kendall@80: 0.7458
Epoch 61/150 | Train Loss: 0.0176 | Epoch Time: 0.35s | Spearman@80: 0.9091 | Kendall@80: 0.7542
Epoch 62/150 | Train Loss: 0.0190 | Epoch Time: 0.34s | Spearman@80: 0.9121 | Kendall@80: 0.7593
Epoch 63/150 | Train Loss: 0.0168 | Epoch Time: 0.34s | Spearman@80: 0.9158 | Kendall@80: 0.7635
Epoch 64/150 | Train Loss: 0.0142 | Epoch Time: 0.34s | Spearman@80: 0.9132 | Kendall@80: 0.7625
Epoch 65/150 | Train Loss: 0.0140 | Epoch Time: 0.35s | Spearman@80: 0.9164 | Kendall@80: 0.7680
Epoch 66/150 | Train Loss: 0.0248 | Epoch Time: 0.34s | Spearman@80: 0.9197 | Kendall@80: 0.7781
Epoch 67/150 | Train Loss: 0.0216 | Epoch Time: 0.35s | Spearman@80: 0.9161 | Kendall@80: 0.7720
Epoch 68/150 | Train Loss: 0.0173 | Epoch Time: 0.34s | Spearman@80: 0.9137 | Kendall@80: 0.7675
Epoch 69/150 | Train Loss: 0.0146 | Epoch Time: 0.35s | Spearman@80: 0.9147 | Kendall@80: 0.7675
Epoch 70/150 | Train Loss: 0.0124 | Epoch Time: 0.35s | Spearman@80: 0.9155 | Kendall@80: 0.7686
Epoch 71/150 | Train Loss: 0.0175 | Epoch Time: 0.34s | Spearman@80: 0.9184 | Kendall@80: 0.7777
Epoch 72/150 | Train Loss: 0.0140 | Epoch Time: 0.35s | Spearman@80: 0.9155 | Kendall@80: 0.7629
Epoch 73/150 | Train Loss: 0.0181 | Epoch Time: 0.34s | Spearman@80: 0.9151 | Kendall@80: 0.7667
Epoch 74/150 | Train Loss: 0.0219 | Epoch Time: 0.34s | Spearman@80: 0.9155 | Kendall@80: 0.7656
Epoch 75/150 | Train Loss: 0.0195 | Epoch Time: 0.35s | Spearman@80: 0.9149 | Kendall@80: 0.7637
Epoch 76/150 | Train Loss: 0.0149 | Epoch Time: 0.34s | Spearman@80: 0.9150 | Kendall@80: 0.7675
Epoch 77/150 | Train Loss: 0.0153 | Epoch Time: 0.35s | Spearman@80: 0.9112 | Kendall@80: 0.7618
Epoch 78/150 | Train Loss: 0.0161 | Epoch Time: 0.35s | Spearman@80: 0.9135 | Kendall@80: 0.7686
Epoch 79/150 | Train Loss: 0.0204 | Epoch Time: 0.34s | Spearman@80: 0.9132 | Kendall@80: 0.7610
Epoch 80/150 | Train Loss: 0.0109 | Epoch Time: 0.34s | Spearman@80: 0.9148 | Kendall@80: 0.7694
Epoch 81/150 | Train Loss: 0.0180 | Epoch Time: 0.34s | Spearman@80: 0.9145 | Kendall@80: 0.7680
Epoch 82/150 | Train Loss: 0.0109 | Epoch Time: 0.34s | Spearman@80: 0.9172 | Kendall@80: 0.7699
Epoch 83/150 | Train Loss: 0.0177 | Epoch Time: 0.35s | Spearman@80: 0.9180 | Kendall@80: 0.7730
Epoch 84/150 | Train Loss: 0.0146 | Epoch Time: 0.34s | Spearman@80: 0.9206 | Kendall@80: 0.7834
Epoch 85/150 | Train Loss: 0.0153 | Epoch Time: 0.34s | Spearman@80: 0.9223 | Kendall@80: 0.7870
Epoch 86/150 | Train Loss: 0.0162 | Epoch Time: 0.35s | Spearman@80: 0.9209 | Kendall@80: 0.7739
Epoch 87/150 | Train Loss: 0.0190 | Epoch Time: 0.34s | Spearman@80: 0.9138 | Kendall@80: 0.7625
Epoch 88/150 | Train Loss: 0.0140 | Epoch Time: 0.35s | Spearman@80: 0.9115 | Kendall@80: 0.7597
Epoch 89/150 | Train Loss: 0.0208 | Epoch Time: 0.34s | Spearman@80: 0.9180 | Kendall@80: 0.7724
Epoch 90/150 | Train Loss: 0.0190 | Epoch Time: 0.34s | Spearman@80: 0.9204 | Kendall@80: 0.7724
Epoch 91/150 | Train Loss: 0.0118 | Epoch Time: 0.35s | Spearman@80: 0.9197 | Kendall@80: 0.7720
Epoch 92/150 | Train Loss: 0.0152 | Epoch Time: 0.34s | Spearman@80: 0.9188 | Kendall@80: 0.7694
Epoch 93/150 | Train Loss: 0.0146 | Epoch Time: 0.35s | Spearman@80: 0.9224 | Kendall@80: 0.7883
Epoch 94/150 | Train Loss: 0.0124 | Epoch Time: 0.34s | Spearman@80: 0.9204 | Kendall@80: 0.7789
Epoch 95/150 | Train Loss: 0.0104 | Epoch Time: 0.34s | Spearman@80: 0.9253 | Kendall@80: 0.7883
Epoch 96/150 | Train Loss: 0.0122 | Epoch Time: 0.34s | Spearman@80: 0.9237 | Kendall@80: 0.7832
Epoch 97/150 | Train Loss: 0.0144 | Epoch Time: 0.35s | Spearman@80: 0.9252 | Kendall@80: 0.7808
Epoch 98/150 | Train Loss: 0.0144 | Epoch Time: 0.34s | Spearman@80: 0.9269 | Kendall@80: 0.7819
Epoch 99/150 | Train Loss: 0.0191 | Epoch Time: 0.35s | Spearman@80: 0.9258 | Kendall@80: 0.7851
Epoch 100/150 | Train Loss: 0.0167 | Epoch Time: 0.34s | Spearman@80: 0.9228 | Kendall@80: 0.7789
Epoch 101/150 | Train Loss: 0.0153 | Epoch Time: 0.35s | Spearman@80: 0.9238 | Kendall@80: 0.7813
Epoch 102/150 | Train Loss: 0.0132 | Epoch Time: 0.34s | Spearman@80: 0.9255 | Kendall@80: 0.7891
Epoch 103/150 | Train Loss: 0.0119 | Epoch Time: 0.34s | Spearman@80: 0.9237 | Kendall@80: 0.7802
Epoch 104/150 | Train Loss: 0.0100 | Epoch Time: 0.34s | Spearman@80: 0.9229 | Kendall@80: 0.7764
Epoch 105/150 | Train Loss: 0.0141 | Epoch Time: 0.34s | Spearman@80: 0.9227 | Kendall@80: 0.7749
Epoch 106/150 | Train Loss: 0.0144 | Epoch Time: 0.34s | Spearman@80: 0.9233 | Kendall@80: 0.7832
Epoch 107/150 | Train Loss: 0.0163 | Epoch Time: 0.35s | Spearman@80: 0.9152 | Kendall@80: 0.7699
Epoch 108/150 | Train Loss: 0.0158 | Epoch Time: 0.34s | Spearman@80: 0.9215 | Kendall@80: 0.7777
Epoch 109/150 | Train Loss: 0.0212 | Epoch Time: 0.35s | Spearman@80: 0.9149 | Kendall@80: 0.7686
Epoch 110/150 | Train Loss: 0.0140 | Epoch Time: 0.34s | Spearman@80: 0.9169 | Kendall@80: 0.7726
Epoch 111/150 | Train Loss: 0.0199 | Epoch Time: 0.35s | Spearman@80: 0.9205 | Kendall@80: 0.7800
Epoch 112/150 | Train Loss: 0.0133 | Epoch Time: 0.34s | Spearman@80: 0.9245 | Kendall@80: 0.7872
Epoch 113/150 | Train Loss: 0.0125 | Epoch Time: 0.34s | Spearman@80: 0.9254 | Kendall@80: 0.7904
Epoch 114/150 | Train Loss: 0.0122 | Epoch Time: 0.35s | Spearman@80: 0.9258 | Kendall@80: 0.7904
Epoch 115/150 | Train Loss: 0.0169 | Epoch Time: 0.34s | Spearman@80: 0.9159 | Kendall@80: 0.7743
Epoch 116/150 | Train Loss: 0.0102 | Epoch Time: 0.35s | Spearman@80: 0.9241 | Kendall@80: 0.7921
Epoch 117/150 | Train Loss: 0.0161 | Epoch Time: 0.35s | Spearman@80: 0.9221 | Kendall@80: 0.7845
Epoch 118/150 | Train Loss: 0.0182 | Epoch Time: 0.35s | Spearman@80: 0.9242 | Kendall@80: 0.7876
Epoch 119/150 | Train Loss: 0.0090 | Epoch Time: 0.34s | Spearman@80: 0.9268 | Kendall@80: 0.7889
Epoch 120/150 | Train Loss: 0.0113 | Epoch Time: 0.35s | Spearman@80: 0.9274 | Kendall@80: 0.7914
Epoch 121/150 | Train Loss: 0.0095 | Epoch Time: 0.34s | Spearman@80: 0.9267 | Kendall@80: 0.7870
Epoch 122/150 | Train Loss: 0.0145 | Epoch Time: 0.35s | Spearman@80: 0.9269 | Kendall@80: 0.7845
Epoch 123/150 | Train Loss: 0.0120 | Epoch Time: 0.34s | Spearman@80: 0.9276 | Kendall@80: 0.7895
Epoch 124/150 | Train Loss: 0.0120 | Epoch Time: 0.34s | Spearman@80: 0.9269 | Kendall@80: 0.7870
Epoch 125/150 | Train Loss: 0.0162 | Epoch Time: 0.35s | Spearman@80: 0.9266 | Kendall@80: 0.7859
Epoch 126/150 | Train Loss: 0.0186 | Epoch Time: 0.34s | Spearman@80: 0.9287 | Kendall@80: 0.7895
Epoch 127/150 | Train Loss: 0.0097 | Epoch Time: 0.35s | Spearman@80: 0.9280 | Kendall@80: 0.7878
Epoch 128/150 | Train Loss: 0.0113 | Epoch Time: 0.35s | Spearman@80: 0.9301 | Kendall@80: 0.7933
Epoch 129/150 | Train Loss: 0.0092 | Epoch Time: 0.34s | Spearman@80: 0.9278 | Kendall@80: 0.7946
Epoch 130/150 | Train Loss: 0.0109 | Epoch Time: 0.35s | Spearman@80: 0.9300 | Kendall@80: 0.7971
Epoch 131/150 | Train Loss: 0.0138 | Epoch Time: 0.35s | Spearman@80: 0.9286 | Kendall@80: 0.7908
Epoch 132/150 | Train Loss: 0.0102 | Epoch Time: 0.35s | Spearman@80: 0.9296 | Kendall@80: 0.7921
Epoch 133/150 | Train Loss: 0.0123 | Epoch Time: 0.35s | Spearman@80: 0.9305 | Kendall@80: 0.7933
Epoch 134/150 | Train Loss: 0.0155 | Epoch Time: 0.35s | Spearman@80: 0.9302 | Kendall@80: 0.7921
Epoch 135/150 | Train Loss: 0.0111 | Epoch Time: 0.35s | Spearman@80: 0.9295 | Kendall@80: 0.7914
Epoch 136/150 | Train Loss: 0.0101 | Epoch Time: 0.34s | Spearman@80: 0.9295 | Kendall@80: 0.7914
Epoch 137/150 | Train Loss: 0.0104 | Epoch Time: 0.34s | Spearman@80: 0.9295 | Kendall@80: 0.7916
Epoch 138/150 | Train Loss: 0.0117 | Epoch Time: 0.35s | Spearman@80: 0.9298 | Kendall@80: 0.7929
Epoch 139/150 | Train Loss: 0.0096 | Epoch Time: 0.34s | Spearman@80: 0.9303 | Kendall@80: 0.7952
Epoch 140/150 | Train Loss: 0.0173 | Epoch Time: 0.34s | Spearman@80: 0.9301 | Kendall@80: 0.7940
Epoch 141/150 | Train Loss: 0.0106 | Epoch Time: 0.34s | Spearman@80: 0.9303 | Kendall@80: 0.7952
Epoch 142/150 | Train Loss: 0.0103 | Epoch Time: 0.34s | Spearman@80: 0.9303 | Kendall@80: 0.7952
Epoch 143/150 | Train Loss: 0.0170 | Epoch Time: 0.34s | Spearman@80: 0.9297 | Kendall@80: 0.7946
Epoch 144/150 | Train Loss: 0.0123 | Epoch Time: 0.34s | Spearman@80: 0.9303 | Kendall@80: 0.7952
Epoch 145/150 | Train Loss: 0.0172 | Epoch Time: 0.34s | Spearman@80: 0.9299 | Kendall@80: 0.7929
Epoch 146/150 | Train Loss: 0.0067 | Epoch Time: 0.35s | Spearman@80: 0.9297 | Kendall@80: 0.7929
Epoch 147/150 | Train Loss: 0.0094 | Epoch Time: 1.75s | Spearman@15560: 0.9252 | Kendall@15560: 0.7735
Epoch 148/150 | Train Loss: 0.0165 | Epoch Time: 1.54s | Spearman@15560: 0.9252 | Kendall@15560: 0.7735
Epoch 149/150 | Train Loss: 0.0139 | Epoch Time: 1.52s | Spearman@15560: 0.9252 | Kendall@15560: 0.7735
Epoch 150/150 | Train Loss: 0.0131 | Epoch Time: 1.52s | Spearman@15560: 0.9252 | Kendall@15560: 0.7734
Sample Count: 64, Spearman: 0.9252091680837078, Kendall: 0.7734873528851222
{64: (0.9252091680837078, 0.7734873528851222),
 128: (0.9378742546231243, 0.8006509976262026)}
Epoch 1/150 | Train Loss: 0.0817 | Epoch Time: 0.64s | Spearman@80: 0.5454 | Kendall@80: 0.3818
Epoch 2/150 | Train Loss: 0.0568 | Epoch Time: 0.63s | Spearman@80: 0.7975 | Kendall@80: 0.6211
Epoch 3/150 | Train Loss: 0.0537 | Epoch Time: 0.63s | Spearman@80: 0.8121 | Kendall@80: 0.6270
Epoch 4/150 | Train Loss: 0.0442 | Epoch Time: 0.62s | Spearman@80: 0.8489 | Kendall@80: 0.6675
Epoch 5/150 | Train Loss: 0.0407 | Epoch Time: 0.62s | Spearman@80: 0.8849 | Kendall@80: 0.7211
Epoch 6/150 | Train Loss: 0.0379 | Epoch Time: 0.63s | Spearman@80: 0.9025 | Kendall@80: 0.7481
Epoch 7/150 | Train Loss: 0.0341 | Epoch Time: 0.62s | Spearman@80: 0.8960 | Kendall@80: 0.7205
Epoch 8/150 | Train Loss: 0.0505 | Epoch Time: 0.62s | Spearman@80: 0.8692 | Kendall@80: 0.6811
Epoch 9/150 | Train Loss: 0.0375 | Epoch Time: 0.62s | Spearman@80: 0.8568 | Kendall@80: 0.6792
Epoch 10/150 | Train Loss: 0.0387 | Epoch Time: 0.62s | Spearman@80: 0.8563 | Kendall@80: 0.6665
Epoch 11/150 | Train Loss: 0.0403 | Epoch Time: 0.62s | Spearman@80: 0.8951 | Kendall@80: 0.7338
Epoch 12/150 | Train Loss: 0.0348 | Epoch Time: 0.62s | Spearman@80: 0.8650 | Kendall@80: 0.6976
Epoch 13/150 | Train Loss: 0.0326 | Epoch Time: 0.62s | Spearman@80: 0.8944 | Kendall@80: 0.7387
Epoch 14/150 | Train Loss: 0.0323 | Epoch Time: 0.62s | Spearman@80: 0.8924 | Kendall@80: 0.7294
Epoch 15/150 | Train Loss: 0.0370 | Epoch Time: 0.62s | Spearman@80: 0.9044 | Kendall@80: 0.7517
Epoch 16/150 | Train Loss: 0.0325 | Epoch Time: 0.62s | Spearman@80: 0.8877 | Kendall@80: 0.7194
Epoch 17/150 | Train Loss: 0.0375 | Epoch Time: 0.62s | Spearman@80: 0.8940 | Kendall@80: 0.7345
Epoch 18/150 | Train Loss: 0.0348 | Epoch Time: 0.62s | Spearman@80: 0.8958 | Kendall@80: 0.7320
Epoch 19/150 | Train Loss: 0.0364 | Epoch Time: 0.62s | Spearman@80: 0.8899 | Kendall@80: 0.7324
Epoch 20/150 | Train Loss: 0.0339 | Epoch Time: 0.63s | Spearman@80: 0.9037 | Kendall@80: 0.7510
Epoch 21/150 | Train Loss: 0.0357 | Epoch Time: 0.62s | Spearman@80: 0.9091 | Kendall@80: 0.7523
Epoch 22/150 | Train Loss: 0.0325 | Epoch Time: 0.63s | Spearman@80: 0.9126 | Kendall@80: 0.7656
Epoch 23/150 | Train Loss: 0.0294 | Epoch Time: 0.62s | Spearman@80: 0.9015 | Kendall@80: 0.7415
Epoch 24/150 | Train Loss: 0.0279 | Epoch Time: 0.62s | Spearman@80: 0.9064 | Kendall@80: 0.7557
Epoch 25/150 | Train Loss: 0.0300 | Epoch Time: 0.62s | Spearman@80: 0.9051 | Kendall@80: 0.7469
Epoch 26/150 | Train Loss: 0.0328 | Epoch Time: 0.62s | Spearman@80: 0.8970 | Kendall@80: 0.7371
Epoch 27/150 | Train Loss: 0.0284 | Epoch Time: 0.62s | Spearman@80: 0.9053 | Kendall@80: 0.7491
Epoch 28/150 | Train Loss: 0.0429 | Epoch Time: 0.62s | Spearman@80: 0.8823 | Kendall@80: 0.7377
Epoch 29/150 | Train Loss: 0.0349 | Epoch Time: 0.62s | Spearman@80: 0.9015 | Kendall@80: 0.7455
Epoch 30/150 | Train Loss: 0.0280 | Epoch Time: 0.62s | Spearman@80: 0.8886 | Kendall@80: 0.7194
Epoch 31/150 | Train Loss: 0.0329 | Epoch Time: 0.62s | Spearman@80: 0.8885 | Kendall@80: 0.7239
Epoch 32/150 | Train Loss: 0.0277 | Epoch Time: 0.62s | Spearman@80: 0.8926 | Kendall@80: 0.7275
Epoch 33/150 | Train Loss: 0.0309 | Epoch Time: 0.62s | Spearman@80: 0.8961 | Kendall@80: 0.7364
Epoch 34/150 | Train Loss: 0.0365 | Epoch Time: 0.62s | Spearman@80: 0.8478 | Kendall@80: 0.6713
Epoch 35/150 | Train Loss: 0.0313 | Epoch Time: 0.62s | Spearman@80: 0.8977 | Kendall@80: 0.7402
Epoch 36/150 | Train Loss: 0.0254 | Epoch Time: 0.62s | Spearman@80: 0.8933 | Kendall@80: 0.7264
Epoch 37/150 | Train Loss: 0.0302 | Epoch Time: 0.62s | Spearman@80: 0.8769 | Kendall@80: 0.7148
Epoch 38/150 | Train Loss: 0.0295 | Epoch Time: 0.62s | Spearman@80: 0.8933 | Kendall@80: 0.7277
Epoch 39/150 | Train Loss: 0.0324 | Epoch Time: 0.62s | Spearman@80: 0.8760 | Kendall@80: 0.7135
Epoch 40/150 | Train Loss: 0.0303 | Epoch Time: 0.62s | Spearman@80: 0.8967 | Kendall@80: 0.7264
Epoch 41/150 | Train Loss: 0.0298 | Epoch Time: 0.62s | Spearman@80: 0.8513 | Kendall@80: 0.6836
Epoch 42/150 | Train Loss: 0.0271 | Epoch Time: 0.62s | Spearman@80: 0.9125 | Kendall@80: 0.7538
Epoch 43/150 | Train Loss: 0.0271 | Epoch Time: 0.62s | Spearman@80: 0.9039 | Kendall@80: 0.7409
Epoch 44/150 | Train Loss: 0.0251 | Epoch Time: 0.62s | Spearman@80: 0.8745 | Kendall@80: 0.7101
Epoch 45/150 | Train Loss: 0.0287 | Epoch Time: 0.62s | Spearman@80: 0.8913 | Kendall@80: 0.7275
Epoch 46/150 | Train Loss: 0.0286 | Epoch Time: 0.62s | Spearman@80: 0.8863 | Kendall@80: 0.7059
Epoch 47/150 | Train Loss: 0.0266 | Epoch Time: 0.62s | Spearman@80: 0.8989 | Kendall@80: 0.7453
Epoch 48/150 | Train Loss: 0.0239 | Epoch Time: 0.62s | Spearman@80: 0.9036 | Kendall@80: 0.7460
Epoch 49/150 | Train Loss: 0.0343 | Epoch Time: 0.62s | Spearman@80: 0.8805 | Kendall@80: 0.7203
Epoch 50/150 | Train Loss: 0.0272 | Epoch Time: 0.62s | Spearman@80: 0.8816 | Kendall@80: 0.7063
Epoch 51/150 | Train Loss: 0.0261 | Epoch Time: 0.62s | Spearman@80: 0.8886 | Kendall@80: 0.7243
Epoch 52/150 | Train Loss: 0.0252 | Epoch Time: 0.62s | Spearman@80: 0.8913 | Kendall@80: 0.7305
Epoch 53/150 | Train Loss: 0.0276 | Epoch Time: 0.62s | Spearman@80: 0.8909 | Kendall@80: 0.7186
Epoch 54/150 | Train Loss: 0.0283 | Epoch Time: 0.62s | Spearman@80: 0.8534 | Kendall@80: 0.6760
Epoch 55/150 | Train Loss: 0.0317 | Epoch Time: 0.62s | Spearman@80: 0.8673 | Kendall@80: 0.7008
Epoch 56/150 | Train Loss: 0.0311 | Epoch Time: 0.62s | Spearman@80: 0.8611 | Kendall@80: 0.6917
Epoch 57/150 | Train Loss: 0.0300 | Epoch Time: 0.62s | Spearman@80: 0.9230 | Kendall@80: 0.7663
Epoch 58/150 | Train Loss: 0.0246 | Epoch Time: 0.62s | Spearman@80: 0.9072 | Kendall@80: 0.7489
Epoch 59/150 | Train Loss: 0.0261 | Epoch Time: 0.62s | Spearman@80: 0.8650 | Kendall@80: 0.6923
Epoch 60/150 | Train Loss: 0.0288 | Epoch Time: 0.62s | Spearman@80: 0.8939 | Kendall@80: 0.7286
Epoch 61/150 | Train Loss: 0.0250 | Epoch Time: 0.62s | Spearman@80: 0.8728 | Kendall@80: 0.7018
Epoch 62/150 | Train Loss: 0.0237 | Epoch Time: 0.63s | Spearman@80: 0.8938 | Kendall@80: 0.7262
Epoch 63/150 | Train Loss: 0.0211 | Epoch Time: 0.62s | Spearman@80: 0.8910 | Kendall@80: 0.7319
Epoch 64/150 | Train Loss: 0.0279 | Epoch Time: 0.62s | Spearman@80: 0.8859 | Kendall@80: 0.7205
Epoch 65/150 | Train Loss: 0.0256 | Epoch Time: 0.62s | Spearman@80: 0.8846 | Kendall@80: 0.7177
Epoch 66/150 | Train Loss: 0.0261 | Epoch Time: 0.62s | Spearman@80: 0.8959 | Kendall@80: 0.7192
Epoch 67/150 | Train Loss: 0.0234 | Epoch Time: 0.62s | Spearman@80: 0.8817 | Kendall@80: 0.7135
Epoch 68/150 | Train Loss: 0.0267 | Epoch Time: 0.62s | Spearman@80: 0.8785 | Kendall@80: 0.7099
Epoch 69/150 | Train Loss: 0.0279 | Epoch Time: 0.62s | Spearman@80: 0.8771 | Kendall@80: 0.7167
Epoch 70/150 | Train Loss: 0.0268 | Epoch Time: 0.62s | Spearman@80: 0.8923 | Kendall@80: 0.7370
Epoch 71/150 | Train Loss: 0.0231 | Epoch Time: 0.62s | Spearman@80: 0.9028 | Kendall@80: 0.7533
Epoch 72/150 | Train Loss: 0.0239 | Epoch Time: 0.62s | Spearman@80: 0.8781 | Kendall@80: 0.7127
Epoch 73/150 | Train Loss: 0.0281 | Epoch Time: 0.62s | Spearman@80: 0.8942 | Kendall@80: 0.7315
Epoch 74/150 | Train Loss: 0.0243 | Epoch Time: 0.63s | Spearman@80: 0.8803 | Kendall@80: 0.7192
Epoch 75/150 | Train Loss: 0.0230 | Epoch Time: 0.62s | Spearman@80: 0.8985 | Kendall@80: 0.7345
Epoch 76/150 | Train Loss: 0.0271 | Epoch Time: 0.62s | Spearman@80: 0.8888 | Kendall@80: 0.7260
Epoch 77/150 | Train Loss: 0.0200 | Epoch Time: 0.62s | Spearman@80: 0.8979 | Kendall@80: 0.7402
Epoch 78/150 | Train Loss: 0.0253 | Epoch Time: 0.62s | Spearman@80: 0.8993 | Kendall@80: 0.7351
Epoch 79/150 | Train Loss: 0.0268 | Epoch Time: 0.62s | Spearman@80: 0.8879 | Kendall@80: 0.7241
Epoch 80/150 | Train Loss: 0.0249 | Epoch Time: 0.62s | Spearman@80: 0.9024 | Kendall@80: 0.7491
Epoch 81/150 | Train Loss: 0.0269 | Epoch Time: 0.62s | Spearman@80: 0.8750 | Kendall@80: 0.7059
Epoch 82/150 | Train Loss: 0.0230 | Epoch Time: 0.62s | Spearman@80: 0.9071 | Kendall@80: 0.7574
Epoch 83/150 | Train Loss: 0.0240 | Epoch Time: 0.62s | Spearman@80: 0.8987 | Kendall@80: 0.7459
Epoch 84/150 | Train Loss: 0.0260 | Epoch Time: 0.62s | Spearman@80: 0.8908 | Kendall@80: 0.7370
Epoch 85/150 | Train Loss: 0.0239 | Epoch Time: 0.62s | Spearman@80: 0.9188 | Kendall@80: 0.7631
Epoch 86/150 | Train Loss: 0.0225 | Epoch Time: 0.62s | Spearman@80: 0.9145 | Kendall@80: 0.7665
Epoch 87/150 | Train Loss: 0.0239 | Epoch Time: 0.62s | Spearman@80: 0.9050 | Kendall@80: 0.7514
Epoch 88/150 | Train Loss: 0.0242 | Epoch Time: 0.62s | Spearman@80: 0.9061 | Kendall@80: 0.7527
Epoch 89/150 | Train Loss: 0.0291 | Epoch Time: 0.62s | Spearman@80: 0.8975 | Kendall@80: 0.7449
Epoch 90/150 | Train Loss: 0.0218 | Epoch Time: 0.62s | Spearman@80: 0.8988 | Kendall@80: 0.7446
Epoch 91/150 | Train Loss: 0.0264 | Epoch Time: 0.62s | Spearman@80: 0.9011 | Kendall@80: 0.7497
Epoch 92/150 | Train Loss: 0.0186 | Epoch Time: 0.62s | Spearman@80: 0.8868 | Kendall@80: 0.7258
Epoch 93/150 | Train Loss: 0.0221 | Epoch Time: 0.62s | Spearman@80: 0.9174 | Kendall@80: 0.7650
Epoch 94/150 | Train Loss: 0.0198 | Epoch Time: 0.62s | Spearman@80: 0.9077 | Kendall@80: 0.7554
Epoch 95/150 | Train Loss: 0.0232 | Epoch Time: 0.63s | Spearman@80: 0.8915 | Kendall@80: 0.7357
Epoch 96/150 | Train Loss: 0.0278 | Epoch Time: 0.63s | Spearman@80: 0.9012 | Kendall@80: 0.7446
Epoch 97/150 | Train Loss: 0.0226 | Epoch Time: 0.63s | Spearman@80: 0.8811 | Kendall@80: 0.7110
Epoch 98/150 | Train Loss: 0.0194 | Epoch Time: 0.63s | Spearman@80: 0.8857 | Kendall@80: 0.7215
Epoch 99/150 | Train Loss: 0.0258 | Epoch Time: 0.62s | Spearman@80: 0.8737 | Kendall@80: 0.7073
Epoch 100/150 | Train Loss: 0.0199 | Epoch Time: 0.63s | Spearman@80: 0.8950 | Kendall@80: 0.7294
Epoch 101/150 | Train Loss: 0.0180 | Epoch Time: 0.63s | Spearman@80: 0.8953 | Kendall@80: 0.7325
Epoch 102/150 | Train Loss: 0.0191 | Epoch Time: 0.63s | Spearman@80: 0.8799 | Kendall@80: 0.7133
Epoch 103/150 | Train Loss: 0.0181 | Epoch Time: 0.63s | Spearman@80: 0.8848 | Kendall@80: 0.7209
Epoch 104/150 | Train Loss: 0.0242 | Epoch Time: 0.63s | Spearman@80: 0.8794 | Kendall@80: 0.7069
Epoch 105/150 | Train Loss: 0.0173 | Epoch Time: 0.62s | Spearman@80: 0.8937 | Kendall@80: 0.7313
Epoch 106/150 | Train Loss: 0.0222 | Epoch Time: 0.63s | Spearman@80: 0.8917 | Kendall@80: 0.7315
Epoch 107/150 | Train Loss: 0.0207 | Epoch Time: 0.63s | Spearman@80: 0.8880 | Kendall@80: 0.7268
Epoch 108/150 | Train Loss: 0.0219 | Epoch Time: 0.63s | Spearman@80: 0.8881 | Kendall@80: 0.7256
Epoch 109/150 | Train Loss: 0.0177 | Epoch Time: 0.63s | Spearman@80: 0.8986 | Kendall@80: 0.7396
Epoch 110/150 | Train Loss: 0.0236 | Epoch Time: 0.63s | Spearman@80: 0.8999 | Kendall@80: 0.7343
Epoch 111/150 | Train Loss: 0.0225 | Epoch Time: 0.62s | Spearman@80: 0.9051 | Kendall@80: 0.7457
Epoch 112/150 | Train Loss: 0.0219 | Epoch Time: 0.63s | Spearman@80: 0.8924 | Kendall@80: 0.7281
Epoch 113/150 | Train Loss: 0.0216 | Epoch Time: 0.63s | Spearman@80: 0.8899 | Kendall@80: 0.7320
Epoch 114/150 | Train Loss: 0.0213 | Epoch Time: 0.63s | Spearman@80: 0.8918 | Kendall@80: 0.7319
Epoch 115/150 | Train Loss: 0.0199 | Epoch Time: 0.63s | Spearman@80: 0.8932 | Kendall@80: 0.7377
Epoch 116/150 | Train Loss: 0.0202 | Epoch Time: 0.63s | Spearman@80: 0.8940 | Kendall@80: 0.7364
Epoch 117/150 | Train Loss: 0.0212 | Epoch Time: 0.63s | Spearman@80: 0.8957 | Kendall@80: 0.7434
Epoch 118/150 | Train Loss: 0.0204 | Epoch Time: 0.63s | Spearman@80: 0.8986 | Kendall@80: 0.7438
Epoch 119/150 | Train Loss: 0.0154 | Epoch Time: 0.63s | Spearman@80: 0.8906 | Kendall@80: 0.7305
Epoch 120/150 | Train Loss: 0.0154 | Epoch Time: 0.63s | Spearman@80: 0.8865 | Kendall@80: 0.7326
Epoch 121/150 | Train Loss: 0.0187 | Epoch Time: 0.63s | Spearman@80: 0.8869 | Kendall@80: 0.7262
Epoch 122/150 | Train Loss: 0.0177 | Epoch Time: 0.63s | Spearman@80: 0.8855 | Kendall@80: 0.7277
Epoch 123/150 | Train Loss: 0.0179 | Epoch Time: 0.63s | Spearman@80: 0.8944 | Kendall@80: 0.7427
Epoch 124/150 | Train Loss: 0.0216 | Epoch Time: 0.63s | Spearman@80: 0.9095 | Kendall@80: 0.7631
Epoch 125/150 | Train Loss: 0.0210 | Epoch Time: 0.62s | Spearman@80: 0.8916 | Kendall@80: 0.7389
Epoch 126/150 | Train Loss: 0.0196 | Epoch Time: 0.63s | Spearman@80: 0.8921 | Kendall@80: 0.7396
Epoch 127/150 | Train Loss: 0.0211 | Epoch Time: 0.63s | Spearman@80: 0.8980 | Kendall@80: 0.7469
Epoch 128/150 | Train Loss: 0.0197 | Epoch Time: 0.63s | Spearman@80: 0.9009 | Kendall@80: 0.7446
Epoch 129/150 | Train Loss: 0.0162 | Epoch Time: 0.63s | Spearman@80: 0.8960 | Kendall@80: 0.7447
Epoch 130/150 | Train Loss: 0.0193 | Epoch Time: 0.63s | Spearman@80: 0.8964 | Kendall@80: 0.7411
Epoch 131/150 | Train Loss: 0.0157 | Epoch Time: 0.63s | Spearman@80: 0.8965 | Kendall@80: 0.7438
Epoch 132/150 | Train Loss: 0.0200 | Epoch Time: 0.62s | Spearman@80: 0.8953 | Kendall@80: 0.7438
Epoch 133/150 | Train Loss: 0.0207 | Epoch Time: 0.63s | Spearman@80: 0.8940 | Kendall@80: 0.7425
Epoch 134/150 | Train Loss: 0.0233 | Epoch Time: 0.62s | Spearman@80: 0.9041 | Kendall@80: 0.7548
Epoch 135/150 | Train Loss: 0.0192 | Epoch Time: 0.63s | Spearman@80: 0.9011 | Kendall@80: 0.7542
Epoch 136/150 | Train Loss: 0.0158 | Epoch Time: 0.62s | Spearman@80: 0.9023 | Kendall@80: 0.7546
Epoch 137/150 | Train Loss: 0.0183 | Epoch Time: 0.63s | Spearman@80: 0.8995 | Kendall@80: 0.7520
Epoch 138/150 | Train Loss: 0.0220 | Epoch Time: 0.63s | Spearman@80: 0.9040 | Kendall@80: 0.7535
Epoch 139/150 | Train Loss: 0.0176 | Epoch Time: 0.62s | Spearman@80: 0.9067 | Kendall@80: 0.7612
Epoch 140/150 | Train Loss: 0.0170 | Epoch Time: 0.63s | Spearman@80: 0.9059 | Kendall@80: 0.7565
Epoch 141/150 | Train Loss: 0.0195 | Epoch Time: 0.63s | Spearman@80: 0.9060 | Kendall@80: 0.7571
Epoch 142/150 | Train Loss: 0.0175 | Epoch Time: 0.62s | Spearman@80: 0.9038 | Kendall@80: 0.7520
Epoch 143/150 | Train Loss: 0.0173 | Epoch Time: 0.63s | Spearman@80: 0.9037 | Kendall@80: 0.7523
Epoch 144/150 | Train Loss: 0.0201 | Epoch Time: 0.63s | Spearman@80: 0.9037 | Kendall@80: 0.7525
Epoch 145/150 | Train Loss: 0.0158 | Epoch Time: 0.62s | Spearman@80: 0.9027 | Kendall@80: 0.7520
Epoch 146/150 | Train Loss: 0.0193 | Epoch Time: 0.63s | Spearman@80: 0.9025 | Kendall@80: 0.7491
Epoch 147/150 | Train Loss: 0.0153 | Epoch Time: 1.94s | Spearman@15496: 0.9264 | Kendall@15496: 0.7766
Epoch 148/150 | Train Loss: 0.0246 | Epoch Time: 1.91s | Spearman@15496: 0.9264 | Kendall@15496: 0.7767
Epoch 149/150 | Train Loss: 0.0127 | Epoch Time: 1.89s | Spearman@15496: 0.9264 | Kendall@15496: 0.7766
Epoch 150/150 | Train Loss: 0.0198 | Epoch Time: 1.90s | Spearman@15496: 0.9264 | Kendall@15496: 0.7768
Sample Count: 128, Spearman: 0.9263943357768953, Kendall: 0.7766836538213081
{64: (0.9252091680837078, 0.7734873528851222),
 128: (0.9263943357768953, 0.7766836538213081)}
Average KDT:  0.7705671599213447
Variance KDT:  8.330986040870553e-06
Average SPR:  0.9219202849451108
Variance SPR:  4.4911663943840354e-05
Average KDT:  0.7835869039975853
Variance KDT:  0.0001473602980084832
Average SPR:  0.9287631654051843
Variance SPR:  4.469378830645358e-05
