Loading files for NASBench201...
Normalizing ZCP dict
try to create the NAS-Bench-201 api from /home/ya255/projects/flan_hardware/nas_embedding_suite/embedding_datasets/NAS-Bench-201-v1_1-096897.pth
Loaded files in:  60.9562201499939  seconds
Loading cache for NASBench-201 speedup!!...
Loading cache for NASBench-201 speedup!!...
Epoch 1/150 | Train Loss: 0.0971 | Epoch Time: 1.17s | Spearman@80: 0.3316 | Kendall@80: 0.2273
Epoch 2/150 | Train Loss: 0.0767 | Epoch Time: 0.33s | Spearman@80: 0.4832 | Kendall@80: 0.3474
Epoch 3/150 | Train Loss: 0.0654 | Epoch Time: 0.34s | Spearman@80: 0.7396 | Kendall@80: 0.5728
Epoch 4/150 | Train Loss: 0.0533 | Epoch Time: 0.35s | Spearman@80: 0.8128 | Kendall@80: 0.6477
Epoch 5/150 | Train Loss: 0.0449 | Epoch Time: 0.35s | Spearman@80: 0.8944 | Kendall@80: 0.7299
Epoch 6/150 | Train Loss: 0.0413 | Epoch Time: 0.36s | Spearman@80: 0.9184 | Kendall@80: 0.7604
Epoch 7/150 | Train Loss: 0.0377 | Epoch Time: 0.37s | Spearman@80: 0.9129 | Kendall@80: 0.7515
Epoch 8/150 | Train Loss: 0.0404 | Epoch Time: 0.35s | Spearman@80: 0.9198 | Kendall@80: 0.7550
Epoch 9/150 | Train Loss: 0.0463 | Epoch Time: 0.36s | Spearman@80: 0.9255 | Kendall@80: 0.7728
Epoch 10/150 | Train Loss: 0.0292 | Epoch Time: 0.35s | Spearman@80: 0.9262 | Kendall@80: 0.7705
Epoch 11/150 | Train Loss: 0.0349 | Epoch Time: 0.37s | Spearman@80: 0.9195 | Kendall@80: 0.7538
Epoch 12/150 | Train Loss: 0.0325 | Epoch Time: 0.36s | Spearman@80: 0.9247 | Kendall@80: 0.7629
Epoch 13/150 | Train Loss: 0.0355 | Epoch Time: 0.34s | Spearman@80: 0.9303 | Kendall@80: 0.7811
Epoch 14/150 | Train Loss: 0.0327 | Epoch Time: 0.36s | Spearman@80: 0.9304 | Kendall@80: 0.7769
Epoch 15/150 | Train Loss: 0.0321 | Epoch Time: 0.36s | Spearman@80: 0.9250 | Kendall@80: 0.7652
Epoch 16/150 | Train Loss: 0.0255 | Epoch Time: 0.35s | Spearman@80: 0.9280 | Kendall@80: 0.7674
Epoch 17/150 | Train Loss: 0.0287 | Epoch Time: 0.35s | Spearman@80: 0.9287 | Kendall@80: 0.7654
Epoch 18/150 | Train Loss: 0.0384 | Epoch Time: 0.35s | Spearman@80: 0.9232 | Kendall@80: 0.7709
Epoch 19/150 | Train Loss: 0.0359 | Epoch Time: 0.35s | Spearman@80: 0.9345 | Kendall@80: 0.7858
Epoch 20/150 | Train Loss: 0.0220 | Epoch Time: 0.34s | Spearman@80: 0.9234 | Kendall@80: 0.7601
Epoch 21/150 | Train Loss: 0.0362 | Epoch Time: 0.35s | Spearman@80: 0.9361 | Kendall@80: 0.7953
Epoch 22/150 | Train Loss: 0.0285 | Epoch Time: 0.34s | Spearman@80: 0.9300 | Kendall@80: 0.7741
Epoch 23/150 | Train Loss: 0.0280 | Epoch Time: 0.35s | Spearman@80: 0.9414 | Kendall@80: 0.8065
Epoch 24/150 | Train Loss: 0.0307 | Epoch Time: 0.35s | Spearman@80: 0.9268 | Kendall@80: 0.7667
Epoch 25/150 | Train Loss: 0.0240 | Epoch Time: 0.35s | Spearman@80: 0.9222 | Kendall@80: 0.7610
Epoch 26/150 | Train Loss: 0.0348 | Epoch Time: 0.35s | Spearman@80: 0.9355 | Kendall@80: 0.7864
Epoch 27/150 | Train Loss: 0.0280 | Epoch Time: 0.34s | Spearman@80: 0.9329 | Kendall@80: 0.7804
Epoch 28/150 | Train Loss: 0.0241 | Epoch Time: 0.36s | Spearman@80: 0.9383 | Kendall@80: 0.7928
Epoch 29/150 | Train Loss: 0.0261 | Epoch Time: 0.35s | Spearman@80: 0.9383 | Kendall@80: 0.7912
Epoch 30/150 | Train Loss: 0.0288 | Epoch Time: 0.35s | Spearman@80: 0.9365 | Kendall@80: 0.7868
Epoch 31/150 | Train Loss: 0.0326 | Epoch Time: 0.35s | Spearman@80: 0.9308 | Kendall@80: 0.7728
Epoch 32/150 | Train Loss: 0.0291 | Epoch Time: 0.35s | Spearman@80: 0.9336 | Kendall@80: 0.7851
Epoch 33/150 | Train Loss: 0.0365 | Epoch Time: 0.35s | Spearman@80: 0.9228 | Kendall@80: 0.7572
Epoch 34/150 | Train Loss: 0.0308 | Epoch Time: 0.36s | Spearman@80: 0.9368 | Kendall@80: 0.7862
Epoch 35/150 | Train Loss: 0.0227 | Epoch Time: 0.35s | Spearman@80: 0.9397 | Kendall@80: 0.8004
Epoch 36/150 | Train Loss: 0.0309 | Epoch Time: 0.34s | Spearman@80: 0.9358 | Kendall@80: 0.7839
Epoch 37/150 | Train Loss: 0.0322 | Epoch Time: 0.35s | Spearman@80: 0.9429 | Kendall@80: 0.8027
Epoch 38/150 | Train Loss: 0.0208 | Epoch Time: 0.35s | Spearman@80: 0.9345 | Kendall@80: 0.7839
Epoch 39/150 | Train Loss: 0.0329 | Epoch Time: 0.34s | Spearman@80: 0.9350 | Kendall@80: 0.7883
Epoch 40/150 | Train Loss: 0.0206 | Epoch Time: 0.35s | Spearman@80: 0.9322 | Kendall@80: 0.7782
Epoch 41/150 | Train Loss: 0.0244 | Epoch Time: 0.35s | Spearman@80: 0.9358 | Kendall@80: 0.7851
Epoch 42/150 | Train Loss: 0.0268 | Epoch Time: 0.36s | Spearman@80: 0.9327 | Kendall@80: 0.7836
Epoch 43/150 | Train Loss: 0.0198 | Epoch Time: 0.35s | Spearman@80: 0.9453 | Kendall@80: 0.8033
Epoch 44/150 | Train Loss: 0.0240 | Epoch Time: 0.35s | Spearman@80: 0.9436 | Kendall@80: 0.8027
Epoch 45/150 | Train Loss: 0.0229 | Epoch Time: 0.36s | Spearman@80: 0.9424 | Kendall@80: 0.8023
Epoch 46/150 | Train Loss: 0.0284 | Epoch Time: 0.35s | Spearman@80: 0.9412 | Kendall@80: 0.7966
Epoch 47/150 | Train Loss: 0.0192 | Epoch Time: 0.34s | Spearman@80: 0.9363 | Kendall@80: 0.7858
Epoch 48/150 | Train Loss: 0.0274 | Epoch Time: 0.34s | Spearman@80: 0.9394 | Kendall@80: 0.7906
Epoch 49/150 | Train Loss: 0.0268 | Epoch Time: 0.34s | Spearman@80: 0.9416 | Kendall@80: 0.7978
Epoch 50/150 | Train Loss: 0.0233 | Epoch Time: 0.34s | Spearman@80: 0.9346 | Kendall@80: 0.7830
Epoch 51/150 | Train Loss: 0.0247 | Epoch Time: 0.35s | Spearman@80: 0.9391 | Kendall@80: 0.7934
Epoch 52/150 | Train Loss: 0.0325 | Epoch Time: 0.35s | Spearman@80: 0.9329 | Kendall@80: 0.7747
Epoch 53/150 | Train Loss: 0.0249 | Epoch Time: 0.35s | Spearman@80: 0.9130 | Kendall@80: 0.7379
Epoch 54/150 | Train Loss: 0.0258 | Epoch Time: 0.34s | Spearman@80: 0.9386 | Kendall@80: 0.7934
Epoch 55/150 | Train Loss: 0.0295 | Epoch Time: 0.35s | Spearman@80: 0.9358 | Kendall@80: 0.7826
Epoch 56/150 | Train Loss: 0.0238 | Epoch Time: 0.35s | Spearman@80: 0.9447 | Kendall@80: 0.7966
Epoch 57/150 | Train Loss: 0.0228 | Epoch Time: 0.35s | Spearman@80: 0.9375 | Kendall@80: 0.7947
Epoch 58/150 | Train Loss: 0.0192 | Epoch Time: 0.35s | Spearman@80: 0.9496 | Kendall@80: 0.8141
Epoch 59/150 | Train Loss: 0.0208 | Epoch Time: 0.35s | Spearman@80: 0.9378 | Kendall@80: 0.7890
Epoch 60/150 | Train Loss: 0.0219 | Epoch Time: 0.36s | Spearman@80: 0.9358 | Kendall@80: 0.7820
Epoch 61/150 | Train Loss: 0.0225 | Epoch Time: 0.35s | Spearman@80: 0.9265 | Kendall@80: 0.7699
Epoch 62/150 | Train Loss: 0.0277 | Epoch Time: 0.35s | Spearman@80: 0.9417 | Kendall@80: 0.7951
Epoch 63/150 | Train Loss: 0.0216 | Epoch Time: 0.35s | Spearman@80: 0.9490 | Kendall@80: 0.8099
Epoch 64/150 | Train Loss: 0.0232 | Epoch Time: 0.35s | Spearman@80: 0.9517 | Kendall@80: 0.8141
Epoch 65/150 | Train Loss: 0.0200 | Epoch Time: 0.36s | Spearman@80: 0.9536 | Kendall@80: 0.8201
Epoch 66/150 | Train Loss: 0.0221 | Epoch Time: 0.35s | Spearman@80: 0.9506 | Kendall@80: 0.8137
Epoch 67/150 | Train Loss: 0.0174 | Epoch Time: 0.35s | Spearman@80: 0.9515 | Kendall@80: 0.8144
Epoch 68/150 | Train Loss: 0.0193 | Epoch Time: 0.35s | Spearman@80: 0.9474 | Kendall@80: 0.8046
Epoch 69/150 | Train Loss: 0.0279 | Epoch Time: 0.35s | Spearman@80: 0.9336 | Kendall@80: 0.7756
Epoch 70/150 | Train Loss: 0.0272 | Epoch Time: 0.35s | Spearman@80: 0.9385 | Kendall@80: 0.7870
Epoch 71/150 | Train Loss: 0.0327 | Epoch Time: 0.34s | Spearman@80: 0.9315 | Kendall@80: 0.7737
Epoch 72/150 | Train Loss: 0.0265 | Epoch Time: 0.35s | Spearman@80: 0.9332 | Kendall@80: 0.7870
Epoch 73/150 | Train Loss: 0.0161 | Epoch Time: 0.35s | Spearman@80: 0.9420 | Kendall@80: 0.7953
Epoch 74/150 | Train Loss: 0.0242 | Epoch Time: 0.35s | Spearman@80: 0.9422 | Kendall@80: 0.7928
Epoch 75/150 | Train Loss: 0.0207 | Epoch Time: 0.34s | Spearman@80: 0.9439 | Kendall@80: 0.7957
Epoch 76/150 | Train Loss: 0.0235 | Epoch Time: 0.34s | Spearman@80: 0.9479 | Kendall@80: 0.8061
Epoch 77/150 | Train Loss: 0.0194 | Epoch Time: 0.35s | Spearman@80: 0.9490 | Kendall@80: 0.8071
Epoch 78/150 | Train Loss: 0.0172 | Epoch Time: 0.36s | Spearman@80: 0.9489 | Kendall@80: 0.8067
Epoch 79/150 | Train Loss: 0.0225 | Epoch Time: 0.35s | Spearman@80: 0.9439 | Kendall@80: 0.7978
Epoch 80/150 | Train Loss: 0.0144 | Epoch Time: 0.36s | Spearman@80: 0.9410 | Kendall@80: 0.7934
Epoch 81/150 | Train Loss: 0.0213 | Epoch Time: 0.35s | Spearman@80: 0.9464 | Kendall@80: 0.8042
Epoch 82/150 | Train Loss: 0.0141 | Epoch Time: 0.35s | Spearman@80: 0.9364 | Kendall@80: 0.7801
Epoch 83/150 | Train Loss: 0.0236 | Epoch Time: 0.35s | Spearman@80: 0.9459 | Kendall@80: 0.7989
Epoch 84/150 | Train Loss: 0.0182 | Epoch Time: 0.35s | Spearman@80: 0.9469 | Kendall@80: 0.7970
Epoch 85/150 | Train Loss: 0.0202 | Epoch Time: 0.35s | Spearman@80: 0.9485 | Kendall@80: 0.8042
Epoch 86/150 | Train Loss: 0.0125 | Epoch Time: 0.35s | Spearman@80: 0.9415 | Kendall@80: 0.8010
Epoch 87/150 | Train Loss: 0.0158 | Epoch Time: 0.35s | Spearman@80: 0.9336 | Kendall@80: 0.7830
Epoch 88/150 | Train Loss: 0.0178 | Epoch Time: 0.35s | Spearman@80: 0.9169 | Kendall@80: 0.7610
Epoch 89/150 | Train Loss: 0.0181 | Epoch Time: 0.35s | Spearman@80: 0.9356 | Kendall@80: 0.7864
Epoch 90/150 | Train Loss: 0.0187 | Epoch Time: 0.36s | Spearman@80: 0.9287 | Kendall@80: 0.7794
Epoch 91/150 | Train Loss: 0.0224 | Epoch Time: 0.35s | Spearman@80: 0.9375 | Kendall@80: 0.7934
Epoch 92/150 | Train Loss: 0.0178 | Epoch Time: 0.35s | Spearman@80: 0.9459 | Kendall@80: 0.8029
Epoch 93/150 | Train Loss: 0.0105 | Epoch Time: 0.35s | Spearman@80: 0.9489 | Kendall@80: 0.8080
Epoch 94/150 | Train Loss: 0.0178 | Epoch Time: 0.35s | Spearman@80: 0.9471 | Kendall@80: 0.8135
Epoch 95/150 | Train Loss: 0.0160 | Epoch Time: 0.35s | Spearman@80: 0.9457 | Kendall@80: 0.8112
Epoch 96/150 | Train Loss: 0.0164 | Epoch Time: 0.34s | Spearman@80: 0.9498 | Kendall@80: 0.8185
Epoch 97/150 | Train Loss: 0.0159 | Epoch Time: 0.35s | Spearman@80: 0.9390 | Kendall@80: 0.8010
Epoch 98/150 | Train Loss: 0.0205 | Epoch Time: 0.35s | Spearman@80: 0.9439 | Kendall@80: 0.8036
Epoch 99/150 | Train Loss: 0.0138 | Epoch Time: 0.35s | Spearman@80: 0.9372 | Kendall@80: 0.7902
Epoch 100/150 | Train Loss: 0.0130 | Epoch Time: 0.34s | Spearman@80: 0.9373 | Kendall@80: 0.7959
Epoch 101/150 | Train Loss: 0.0139 | Epoch Time: 0.35s | Spearman@80: 0.9412 | Kendall@80: 0.7957
Epoch 102/150 | Train Loss: 0.0156 | Epoch Time: 0.35s | Spearman@80: 0.9428 | Kendall@80: 0.8023
Epoch 103/150 | Train Loss: 0.0138 | Epoch Time: 0.34s | Spearman@80: 0.9293 | Kendall@80: 0.7843
Epoch 104/150 | Train Loss: 0.0183 | Epoch Time: 0.35s | Spearman@80: 0.9330 | Kendall@80: 0.7855
Epoch 105/150 | Train Loss: 0.0150 | Epoch Time: 0.36s | Spearman@80: 0.9458 | Kendall@80: 0.8020
Epoch 106/150 | Train Loss: 0.0154 | Epoch Time: 0.35s | Spearman@80: 0.9435 | Kendall@80: 0.7995
Epoch 107/150 | Train Loss: 0.0143 | Epoch Time: 0.35s | Spearman@80: 0.9336 | Kendall@80: 0.7896
Epoch 108/150 | Train Loss: 0.0144 | Epoch Time: 0.35s | Spearman@80: 0.9479 | Kendall@80: 0.8099
Epoch 109/150 | Train Loss: 0.0142 | Epoch Time: 0.35s | Spearman@80: 0.9431 | Kendall@80: 0.7982
Epoch 110/150 | Train Loss: 0.0122 | Epoch Time: 0.34s | Spearman@80: 0.9417 | Kendall@80: 0.7978
Epoch 111/150 | Train Loss: 0.0155 | Epoch Time: 0.34s | Spearman@80: 0.9428 | Kendall@80: 0.7963
Epoch 112/150 | Train Loss: 0.0129 | Epoch Time: 0.35s | Spearman@80: 0.9437 | Kendall@80: 0.7963
Epoch 113/150 | Train Loss: 0.0102 | Epoch Time: 0.35s | Spearman@80: 0.9415 | Kendall@80: 0.7978
Epoch 114/150 | Train Loss: 0.0229 | Epoch Time: 0.35s | Spearman@80: 0.9450 | Kendall@80: 0.8033
Epoch 115/150 | Train Loss: 0.0125 | Epoch Time: 0.35s | Spearman@80: 0.9450 | Kendall@80: 0.8017
Epoch 116/150 | Train Loss: 0.0158 | Epoch Time: 0.35s | Spearman@80: 0.9442 | Kendall@80: 0.8027
Epoch 117/150 | Train Loss: 0.0111 | Epoch Time: 0.35s | Spearman@80: 0.9388 | Kendall@80: 0.7896
Epoch 118/150 | Train Loss: 0.0130 | Epoch Time: 0.35s | Spearman@80: 0.9407 | Kendall@80: 0.7896
Epoch 119/150 | Train Loss: 0.0132 | Epoch Time: 0.34s | Spearman@80: 0.9435 | Kendall@80: 0.7972
Epoch 120/150 | Train Loss: 0.0131 | Epoch Time: 0.36s | Spearman@80: 0.9432 | Kendall@80: 0.7966
Epoch 121/150 | Train Loss: 0.0153 | Epoch Time: 0.35s | Spearman@80: 0.9419 | Kendall@80: 0.7947
Epoch 122/150 | Train Loss: 0.0133 | Epoch Time: 0.34s | Spearman@80: 0.9424 | Kendall@80: 0.7953
Epoch 123/150 | Train Loss: 0.0113 | Epoch Time: 0.35s | Spearman@80: 0.9422 | Kendall@80: 0.8004
Epoch 124/150 | Train Loss: 0.0101 | Epoch Time: 0.35s | Spearman@80: 0.9397 | Kendall@80: 0.7959
Epoch 125/150 | Train Loss: 0.0102 | Epoch Time: 0.35s | Spearman@80: 0.9443 | Kendall@80: 0.7976
Epoch 126/150 | Train Loss: 0.0133 | Epoch Time: 0.36s | Spearman@80: 0.9426 | Kendall@80: 0.7951
Epoch 127/150 | Train Loss: 0.0146 | Epoch Time: 0.35s | Spearman@80: 0.9406 | Kendall@80: 0.7934
Epoch 128/150 | Train Loss: 0.0095 | Epoch Time: 0.35s | Spearman@80: 0.9422 | Kendall@80: 0.7959
Epoch 129/150 | Train Loss: 0.0063 | Epoch Time: 0.35s | Spearman@80: 0.9427 | Kendall@80: 0.7928
Epoch 130/150 | Train Loss: 0.0113 | Epoch Time: 0.35s | Spearman@80: 0.9433 | Kendall@80: 0.7966
Epoch 131/150 | Train Loss: 0.0106 | Epoch Time: 0.35s | Spearman@80: 0.9429 | Kendall@80: 0.7959
Epoch 132/150 | Train Loss: 0.0138 | Epoch Time: 0.35s | Spearman@80: 0.9427 | Kendall@80: 0.7976
Epoch 133/150 | Train Loss: 0.0179 | Epoch Time: 0.34s | Spearman@80: 0.9389 | Kendall@80: 0.7906
Epoch 134/150 | Train Loss: 0.0127 | Epoch Time: 0.35s | Spearman@80: 0.9393 | Kendall@80: 0.7934
Epoch 135/150 | Train Loss: 0.0138 | Epoch Time: 0.34s | Spearman@80: 0.9416 | Kendall@80: 0.7970
Epoch 136/150 | Train Loss: 0.0118 | Epoch Time: 0.34s | Spearman@80: 0.9426 | Kendall@80: 0.7985
Epoch 137/150 | Train Loss: 0.0153 | Epoch Time: 0.35s | Spearman@80: 0.9432 | Kendall@80: 0.7982
Epoch 138/150 | Train Loss: 0.0180 | Epoch Time: 0.35s | Spearman@80: 0.9439 | Kendall@80: 0.7985
Epoch 139/150 | Train Loss: 0.0142 | Epoch Time: 0.34s | Spearman@80: 0.9425 | Kendall@80: 0.7957
Epoch 140/150 | Train Loss: 0.0086 | Epoch Time: 0.35s | Spearman@80: 0.9428 | Kendall@80: 0.7985
Epoch 141/150 | Train Loss: 0.0104 | Epoch Time: 0.35s | Spearman@80: 0.9421 | Kendall@80: 0.7972
Epoch 142/150 | Train Loss: 0.0108 | Epoch Time: 0.35s | Spearman@80: 0.9415 | Kendall@80: 0.7966
Epoch 143/150 | Train Loss: 0.0129 | Epoch Time: 0.35s | Spearman@80: 0.9415 | Kendall@80: 0.7966
Epoch 144/150 | Train Loss: 0.0088 | Epoch Time: 0.35s | Spearman@80: 0.9413 | Kendall@80: 0.7957
Epoch 145/150 | Train Loss: 0.0142 | Epoch Time: 0.35s | Spearman@80: 0.9415 | Kendall@80: 0.7966
Epoch 146/150 | Train Loss: 0.0064 | Epoch Time: 0.35s | Spearman@80: 0.9414 | Kendall@80: 0.7963
Epoch 147/150 | Train Loss: 0.0131 | Epoch Time: 1.64s | Spearman@15560: 0.9307 | Kendall@15560: 0.7753
Epoch 148/150 | Train Loss: 0.0195 | Epoch Time: 1.47s | Spearman@15560: 0.9307 | Kendall@15560: 0.7753
Epoch 149/150 | Train Loss: 0.0152 | Epoch Time: 1.46s | Spearman@15560: 0.9307 | Kendall@15560: 0.7754
Epoch 150/150 | Train Loss: 0.0148 | Epoch Time: 1.45s | Spearman@15560: 0.9307 | Kendall@15560: 0.7753
Sample Count: 64, Spearman: 0.9306720357622311, Kendall: 0.7753490354896425
{64: (0.9306720357622311, 0.7753490354896425)}
Epoch 1/150 | Train Loss: 0.0936 | Epoch Time: 0.67s | Spearman@80: 0.5732 | Kendall@80: 0.4140
Epoch 2/150 | Train Loss: 0.0595 | Epoch Time: 0.67s | Spearman@80: 0.9151 | Kendall@80: 0.7483
Epoch 3/150 | Train Loss: 0.0483 | Epoch Time: 0.73s | Spearman@80: 0.9220 | Kendall@80: 0.7669
Epoch 4/150 | Train Loss: 0.0396 | Epoch Time: 0.78s | Spearman@80: 0.9251 | Kendall@80: 0.7730
Epoch 5/150 | Train Loss: 0.0424 | Epoch Time: 0.73s | Spearman@80: 0.9286 | Kendall@80: 0.7770
Epoch 6/150 | Train Loss: 0.0423 | Epoch Time: 0.73s | Spearman@80: 0.9353 | Kendall@80: 0.7883
Epoch 7/150 | Train Loss: 0.0354 | Epoch Time: 0.74s | Spearman@80: 0.9248 | Kendall@80: 0.7692
Epoch 8/150 | Train Loss: 0.0330 | Epoch Time: 0.75s | Spearman@80: 0.9281 | Kendall@80: 0.7794
Epoch 9/150 | Train Loss: 0.0422 | Epoch Time: 0.73s | Spearman@80: 0.9309 | Kendall@80: 0.7885
Epoch 10/150 | Train Loss: 0.0338 | Epoch Time: 0.73s | Spearman@80: 0.9352 | Kendall@80: 0.7921
Epoch 11/150 | Train Loss: 0.0340 | Epoch Time: 0.72s | Spearman@80: 0.9366 | Kendall@80: 0.7927
Epoch 12/150 | Train Loss: 0.0364 | Epoch Time: 0.74s | Spearman@80: 0.9093 | Kendall@80: 0.7466
Epoch 13/150 | Train Loss: 0.0370 | Epoch Time: 0.73s | Spearman@80: 0.9094 | Kendall@80: 0.7485
Epoch 14/150 | Train Loss: 0.0386 | Epoch Time: 0.72s | Spearman@80: 0.9355 | Kendall@80: 0.7885
Epoch 15/150 | Train Loss: 0.0384 | Epoch Time: 0.73s | Spearman@80: 0.9229 | Kendall@80: 0.7682
Epoch 16/150 | Train Loss: 0.0336 | Epoch Time: 0.74s | Spearman@80: 0.9220 | Kendall@80: 0.7713
Epoch 17/150 | Train Loss: 0.0301 | Epoch Time: 0.72s | Spearman@80: 0.9115 | Kendall@80: 0.7441
Epoch 18/150 | Train Loss: 0.0351 | Epoch Time: 0.74s | Spearman@80: 0.9273 | Kendall@80: 0.7800
Epoch 19/150 | Train Loss: 0.0334 | Epoch Time: 0.72s | Spearman@80: 0.9222 | Kendall@80: 0.7625
Epoch 20/150 | Train Loss: 0.0302 | Epoch Time: 0.73s | Spearman@80: 0.9230 | Kendall@80: 0.7680
Epoch 21/150 | Train Loss: 0.0288 | Epoch Time: 0.73s | Spearman@80: 0.9297 | Kendall@80: 0.7813
Epoch 22/150 | Train Loss: 0.0353 | Epoch Time: 0.74s | Spearman@80: 0.9362 | Kendall@80: 0.7927
Epoch 23/150 | Train Loss: 0.0387 | Epoch Time: 0.73s | Spearman@80: 0.8644 | Kendall@80: 0.6977
Epoch 24/150 | Train Loss: 0.0365 | Epoch Time: 0.73s | Spearman@80: 0.9321 | Kendall@80: 0.7826
Epoch 25/150 | Train Loss: 0.0287 | Epoch Time: 0.73s | Spearman@80: 0.9334 | Kendall@80: 0.7847
Epoch 26/150 | Train Loss: 0.0306 | Epoch Time: 0.72s | Spearman@80: 0.9303 | Kendall@80: 0.7857
Epoch 27/150 | Train Loss: 0.0294 | Epoch Time: 0.74s | Spearman@80: 0.9291 | Kendall@80: 0.7859
Epoch 28/150 | Train Loss: 0.0330 | Epoch Time: 0.73s | Spearman@80: 0.9224 | Kendall@80: 0.7781
Epoch 29/150 | Train Loss: 0.0312 | Epoch Time: 0.73s | Spearman@80: 0.9144 | Kendall@80: 0.7616
Epoch 30/150 | Train Loss: 0.0291 | Epoch Time: 0.72s | Spearman@80: 0.9257 | Kendall@80: 0.7832
Epoch 31/150 | Train Loss: 0.0312 | Epoch Time: 0.76s | Spearman@80: 0.9298 | Kendall@80: 0.7775
Epoch 32/150 | Train Loss: 0.0352 | Epoch Time: 0.75s | Spearman@80: 0.9334 | Kendall@80: 0.7946
Epoch 33/150 | Train Loss: 0.0325 | Epoch Time: 0.73s | Spearman@80: 0.9066 | Kendall@80: 0.7534
Epoch 34/150 | Train Loss: 0.0336 | Epoch Time: 0.73s | Spearman@80: 0.9343 | Kendall@80: 0.7885
Epoch 35/150 | Train Loss: 0.0343 | Epoch Time: 0.76s | Spearman@80: 0.9221 | Kendall@80: 0.7705
Epoch 36/150 | Train Loss: 0.0302 | Epoch Time: 0.74s | Spearman@80: 0.9227 | Kendall@80: 0.7739
Epoch 37/150 | Train Loss: 0.0307 | Epoch Time: 0.78s | Spearman@80: 0.9353 | Kendall@80: 0.7946
Epoch 38/150 | Train Loss: 0.0284 | Epoch Time: 0.74s | Spearman@80: 0.9358 | Kendall@80: 0.7954
Epoch 39/150 | Train Loss: 0.0284 | Epoch Time: 0.77s | Spearman@80: 0.9220 | Kendall@80: 0.7688
Epoch 40/150 | Train Loss: 0.0270 | Epoch Time: 0.73s | Spearman@80: 0.9315 | Kendall@80: 0.7921
Epoch 41/150 | Train Loss: 0.0340 | Epoch Time: 0.76s | Spearman@80: 0.9324 | Kendall@80: 0.7967
Epoch 42/150 | Train Loss: 0.0269 | Epoch Time: 0.75s | Spearman@80: 0.9335 | Kendall@80: 0.7971
Epoch 43/150 | Train Loss: 0.0290 | Epoch Time: 0.75s | Spearman@80: 0.9262 | Kendall@80: 0.7885
Epoch 44/150 | Train Loss: 0.0272 | Epoch Time: 0.74s | Spearman@80: 0.9109 | Kendall@80: 0.7540
Epoch 45/150 | Train Loss: 0.0244 | Epoch Time: 0.73s | Spearman@80: 0.9333 | Kendall@80: 0.7914
Epoch 46/150 | Train Loss: 0.0280 | Epoch Time: 0.77s | Spearman@80: 0.9258 | Kendall@80: 0.7870
Epoch 47/150 | Train Loss: 0.0310 | Epoch Time: 0.75s | Spearman@80: 0.9114 | Kendall@80: 0.7625
Epoch 48/150 | Train Loss: 0.0250 | Epoch Time: 0.74s | Spearman@80: 0.9377 | Kendall@80: 0.8029
Epoch 49/150 | Train Loss: 0.0338 | Epoch Time: 0.74s | Spearman@80: 0.9242 | Kendall@80: 0.7787
Epoch 50/150 | Train Loss: 0.0301 | Epoch Time: 0.75s | Spearman@80: 0.8933 | Kendall@80: 0.7371
Epoch 51/150 | Train Loss: 0.0279 | Epoch Time: 0.75s | Spearman@80: 0.9265 | Kendall@80: 0.7859
Epoch 52/150 | Train Loss: 0.0289 | Epoch Time: 0.75s | Spearman@80: 0.9198 | Kendall@80: 0.7730
Epoch 53/150 | Train Loss: 0.0300 | Epoch Time: 0.74s | Spearman@80: 0.9275 | Kendall@80: 0.7895
Epoch 54/150 | Train Loss: 0.0271 | Epoch Time: 0.74s | Spearman@80: 0.9112 | Kendall@80: 0.7673
Epoch 55/150 | Train Loss: 0.0293 | Epoch Time: 0.75s | Spearman@80: 0.9340 | Kendall@80: 0.7959
Epoch 56/150 | Train Loss: 0.0278 | Epoch Time: 0.76s | Spearman@80: 0.9130 | Kendall@80: 0.7730
Epoch 57/150 | Train Loss: 0.0227 | Epoch Time: 0.75s | Spearman@80: 0.8974 | Kendall@80: 0.7441
Epoch 58/150 | Train Loss: 0.0311 | Epoch Time: 0.74s | Spearman@80: 0.9354 | Kendall@80: 0.8003
Epoch 59/150 | Train Loss: 0.0293 | Epoch Time: 0.74s | Spearman@80: 0.9305 | Kendall@80: 0.7954
Epoch 60/150 | Train Loss: 0.0305 | Epoch Time: 0.73s | Spearman@80: 0.9121 | Kendall@80: 0.7591
Epoch 61/150 | Train Loss: 0.0289 | Epoch Time: 0.75s | Spearman@80: 0.9334 | Kendall@80: 0.7902
Epoch 62/150 | Train Loss: 0.0306 | Epoch Time: 0.75s | Spearman@80: 0.8898 | Kendall@80: 0.7394
Epoch 63/150 | Train Loss: 0.0313 | Epoch Time: 0.74s | Spearman@80: 0.9385 | Kendall@80: 0.8069
Epoch 64/150 | Train Loss: 0.0278 | Epoch Time: 0.75s | Spearman@80: 0.9191 | Kendall@80: 0.7775
Epoch 65/150 | Train Loss: 0.0263 | Epoch Time: 0.74s | Spearman@80: 0.9264 | Kendall@80: 0.7878
Epoch 66/150 | Train Loss: 0.0296 | Epoch Time: 0.73s | Spearman@80: 0.9292 | Kendall@80: 0.7789
Epoch 67/150 | Train Loss: 0.0341 | Epoch Time: 0.76s | Spearman@80: 0.9241 | Kendall@80: 0.7808
Epoch 68/150 | Train Loss: 0.0281 | Epoch Time: 0.77s | Spearman@80: 0.9332 | Kendall@80: 0.7927
Epoch 69/150 | Train Loss: 0.0236 | Epoch Time: 0.76s | Spearman@80: 0.9281 | Kendall@80: 0.7851
Epoch 70/150 | Train Loss: 0.0301 | Epoch Time: 0.75s | Spearman@80: 0.9320 | Kendall@80: 0.7914
Epoch 71/150 | Train Loss: 0.0275 | Epoch Time: 0.74s | Spearman@80: 0.9216 | Kendall@80: 0.7802
Epoch 72/150 | Train Loss: 0.0313 | Epoch Time: 0.78s | Spearman@80: 0.9292 | Kendall@80: 0.7933
Epoch 73/150 | Train Loss: 0.0259 | Epoch Time: 0.76s | Spearman@80: 0.9221 | Kendall@80: 0.7821
Epoch 74/150 | Train Loss: 0.0262 | Epoch Time: 0.76s | Spearman@80: 0.9335 | Kendall@80: 0.7961
Epoch 75/150 | Train Loss: 0.0226 | Epoch Time: 0.75s | Spearman@80: 0.9210 | Kendall@80: 0.7777
Epoch 76/150 | Train Loss: 0.0213 | Epoch Time: 0.74s | Spearman@80: 0.9261 | Kendall@80: 0.7732
Epoch 77/150 | Train Loss: 0.0310 | Epoch Time: 0.76s | Spearman@80: 0.9134 | Kendall@80: 0.7680
Epoch 78/150 | Train Loss: 0.0269 | Epoch Time: 0.75s | Spearman@80: 0.9370 | Kendall@80: 0.7980
Epoch 79/150 | Train Loss: 0.0246 | Epoch Time: 0.76s | Spearman@80: 0.9248 | Kendall@80: 0.7883
Epoch 80/150 | Train Loss: 0.0212 | Epoch Time: 0.74s | Spearman@80: 0.9363 | Kendall@80: 0.8107
Epoch 81/150 | Train Loss: 0.0254 | Epoch Time: 0.75s | Spearman@80: 0.9303 | Kendall@80: 0.7948
Epoch 82/150 | Train Loss: 0.0249 | Epoch Time: 0.74s | Spearman@80: 0.9076 | Kendall@80: 0.7648
Epoch 83/150 | Train Loss: 0.0231 | Epoch Time: 0.74s | Spearman@80: 0.9311 | Kendall@80: 0.7916
Epoch 84/150 | Train Loss: 0.0218 | Epoch Time: 0.75s | Spearman@80: 0.9349 | Kendall@80: 0.8041
Epoch 85/150 | Train Loss: 0.0301 | Epoch Time: 0.74s | Spearman@80: 0.9206 | Kendall@80: 0.7637
Epoch 86/150 | Train Loss: 0.0299 | Epoch Time: 0.73s | Spearman@80: 0.9307 | Kendall@80: 0.7878
Epoch 87/150 | Train Loss: 0.0283 | Epoch Time: 0.74s | Spearman@80: 0.9137 | Kendall@80: 0.7701
Epoch 88/150 | Train Loss: 0.0243 | Epoch Time: 0.73s | Spearman@80: 0.9328 | Kendall@80: 0.7967
Epoch 89/150 | Train Loss: 0.0279 | Epoch Time: 0.74s | Spearman@80: 0.9256 | Kendall@80: 0.7832
Epoch 90/150 | Train Loss: 0.0272 | Epoch Time: 0.72s | Spearman@80: 0.9215 | Kendall@80: 0.7891
Epoch 91/150 | Train Loss: 0.0261 | Epoch Time: 0.73s | Spearman@80: 0.9283 | Kendall@80: 0.7826
Epoch 92/150 | Train Loss: 0.0261 | Epoch Time: 0.74s | Spearman@80: 0.9132 | Kendall@80: 0.7692
Epoch 93/150 | Train Loss: 0.0279 | Epoch Time: 0.74s | Spearman@80: 0.9201 | Kendall@80: 0.7781
Epoch 94/150 | Train Loss: 0.0180 | Epoch Time: 0.74s | Spearman@80: 0.9308 | Kendall@80: 0.7929
Epoch 95/150 | Train Loss: 0.0265 | Epoch Time: 0.73s | Spearman@80: 0.9268 | Kendall@80: 0.7908
Epoch 96/150 | Train Loss: 0.0252 | Epoch Time: 0.74s | Spearman@80: 0.9061 | Kendall@80: 0.7567
Epoch 97/150 | Train Loss: 0.0283 | Epoch Time: 0.74s | Spearman@80: 0.9250 | Kendall@80: 0.7927
Epoch 98/150 | Train Loss: 0.0227 | Epoch Time: 0.74s | Spearman@80: 0.9285 | Kendall@80: 0.7946
Epoch 99/150 | Train Loss: 0.0254 | Epoch Time: 0.73s | Spearman@80: 0.9230 | Kendall@80: 0.7851
Epoch 100/150 | Train Loss: 0.0274 | Epoch Time: 0.74s | Spearman@80: 0.9234 | Kendall@80: 0.7908
Epoch 101/150 | Train Loss: 0.0239 | Epoch Time: 0.75s | Spearman@80: 0.9230 | Kendall@80: 0.7870
Epoch 102/150 | Train Loss: 0.0241 | Epoch Time: 0.73s | Spearman@80: 0.9251 | Kendall@80: 0.7857
Epoch 103/150 | Train Loss: 0.0234 | Epoch Time: 0.73s | Spearman@80: 0.9328 | Kendall@80: 0.7914
Epoch 104/150 | Train Loss: 0.0229 | Epoch Time: 0.77s | Spearman@80: 0.9176 | Kendall@80: 0.7749
Epoch 105/150 | Train Loss: 0.0237 | Epoch Time: 0.72s | Spearman@80: 0.9257 | Kendall@80: 0.7847
Epoch 106/150 | Train Loss: 0.0285 | Epoch Time: 0.74s | Spearman@80: 0.9278 | Kendall@80: 0.7870
Epoch 107/150 | Train Loss: 0.0225 | Epoch Time: 0.73s | Spearman@80: 0.9208 | Kendall@80: 0.7775
Epoch 108/150 | Train Loss: 0.0200 | Epoch Time: 0.72s | Spearman@80: 0.9183 | Kendall@80: 0.7762
Epoch 109/150 | Train Loss: 0.0185 | Epoch Time: 0.74s | Spearman@80: 0.9248 | Kendall@80: 0.7857
Epoch 110/150 | Train Loss: 0.0219 | Epoch Time: 0.74s | Spearman@80: 0.9177 | Kendall@80: 0.7794
Epoch 111/150 | Train Loss: 0.0200 | Epoch Time: 0.73s | Spearman@80: 0.9215 | Kendall@80: 0.7883
Epoch 112/150 | Train Loss: 0.0199 | Epoch Time: 0.74s | Spearman@80: 0.9204 | Kendall@80: 0.7845
Epoch 113/150 | Train Loss: 0.0253 | Epoch Time: 0.77s | Spearman@80: 0.9260 | Kendall@80: 0.7885
Epoch 114/150 | Train Loss: 0.0230 | Epoch Time: 0.73s | Spearman@80: 0.9178 | Kendall@80: 0.7726
Epoch 115/150 | Train Loss: 0.0233 | Epoch Time: 0.74s | Spearman@80: 0.9177 | Kendall@80: 0.7794
Epoch 116/150 | Train Loss: 0.0216 | Epoch Time: 0.73s | Spearman@80: 0.9175 | Kendall@80: 0.7775
Epoch 117/150 | Train Loss: 0.0228 | Epoch Time: 0.73s | Spearman@80: 0.9178 | Kendall@80: 0.7800
Epoch 118/150 | Train Loss: 0.0214 | Epoch Time: 0.73s | Spearman@80: 0.9206 | Kendall@80: 0.7832
Epoch 119/150 | Train Loss: 0.0243 | Epoch Time: 0.74s | Spearman@80: 0.9261 | Kendall@80: 0.7902
Epoch 120/150 | Train Loss: 0.0207 | Epoch Time: 0.74s | Spearman@80: 0.9219 | Kendall@80: 0.7832
Epoch 121/150 | Train Loss: 0.0178 | Epoch Time: 0.73s | Spearman@80: 0.9228 | Kendall@80: 0.7845
Epoch 122/150 | Train Loss: 0.0232 | Epoch Time: 0.74s | Spearman@80: 0.9222 | Kendall@80: 0.7775
Epoch 123/150 | Train Loss: 0.0248 | Epoch Time: 0.73s | Spearman@80: 0.9216 | Kendall@80: 0.7762
Epoch 124/150 | Train Loss: 0.0213 | Epoch Time: 0.74s | Spearman@80: 0.9183 | Kendall@80: 0.7718
Epoch 125/150 | Train Loss: 0.0171 | Epoch Time: 0.75s | Spearman@80: 0.9154 | Kendall@80: 0.7711
Epoch 126/150 | Train Loss: 0.0173 | Epoch Time: 0.74s | Spearman@80: 0.9221 | Kendall@80: 0.7775
Epoch 127/150 | Train Loss: 0.0196 | Epoch Time: 0.70s | Spearman@80: 0.9252 | Kendall@80: 0.7826
Epoch 128/150 | Train Loss: 0.0161 | Epoch Time: 0.69s | Spearman@80: 0.9195 | Kendall@80: 0.7743
Epoch 129/150 | Train Loss: 0.0197 | Epoch Time: 0.69s | Spearman@80: 0.9197 | Kendall@80: 0.7739
Epoch 130/150 | Train Loss: 0.0217 | Epoch Time: 0.70s | Spearman@80: 0.9202 | Kendall@80: 0.7775
Epoch 131/150 | Train Loss: 0.0199 | Epoch Time: 0.68s | Spearman@80: 0.9202 | Kendall@80: 0.7787
Epoch 132/150 | Train Loss: 0.0199 | Epoch Time: 0.69s | Spearman@80: 0.9239 | Kendall@80: 0.7813
Epoch 133/150 | Train Loss: 0.0219 | Epoch Time: 0.69s | Spearman@80: 0.9241 | Kendall@80: 0.7832
Epoch 134/150 | Train Loss: 0.0195 | Epoch Time: 0.69s | Spearman@80: 0.9206 | Kendall@80: 0.7756
Epoch 135/150 | Train Loss: 0.0234 | Epoch Time: 0.69s | Spearman@80: 0.9245 | Kendall@80: 0.7832
Epoch 136/150 | Train Loss: 0.0238 | Epoch Time: 0.70s | Spearman@80: 0.9181 | Kendall@80: 0.7718
Epoch 137/150 | Train Loss: 0.0159 | Epoch Time: 0.70s | Spearman@80: 0.9192 | Kendall@80: 0.7743
Epoch 138/150 | Train Loss: 0.0252 | Epoch Time: 0.69s | Spearman@80: 0.9177 | Kendall@80: 0.7707
Epoch 139/150 | Train Loss: 0.0203 | Epoch Time: 0.69s | Spearman@80: 0.9186 | Kendall@80: 0.7745
Epoch 140/150 | Train Loss: 0.0172 | Epoch Time: 0.69s | Spearman@80: 0.9188 | Kendall@80: 0.7749
Epoch 141/150 | Train Loss: 0.0166 | Epoch Time: 0.70s | Spearman@80: 0.9190 | Kendall@80: 0.7762
Epoch 142/150 | Train Loss: 0.0206 | Epoch Time: 0.69s | Spearman@80: 0.9197 | Kendall@80: 0.7781
Epoch 143/150 | Train Loss: 0.0171 | Epoch Time: 0.70s | Spearman@80: 0.9194 | Kendall@80: 0.7781
Epoch 144/150 | Train Loss: 0.0184 | Epoch Time: 0.69s | Spearman@80: 0.9190 | Kendall@80: 0.7762
Epoch 145/150 | Train Loss: 0.0191 | Epoch Time: 0.70s | Spearman@80: 0.9192 | Kendall@80: 0.7756
Epoch 146/150 | Train Loss: 0.0239 | Epoch Time: 0.69s | Spearman@80: 0.9192 | Kendall@80: 0.7756
Epoch 147/150 | Train Loss: 0.0238 | Epoch Time: 2.11s | Spearman@15496: 0.9183 | Kendall@15496: 0.7671
Epoch 148/150 | Train Loss: 0.0198 | Epoch Time: 1.89s | Spearman@15496: 0.9183 | Kendall@15496: 0.7668
Epoch 149/150 | Train Loss: 0.0202 | Epoch Time: 1.88s | Spearman@15496: 0.9183 | Kendall@15496: 0.7670
Epoch 150/150 | Train Loss: 0.0229 | Epoch Time: 1.88s | Spearman@15496: 0.9183 | Kendall@15496: 0.7670
Sample Count: 128, Spearman: 0.9183012954467467, Kendall: 0.7669824811935755
{64: (0.9306720357622311, 0.7753490354896425),
 128: (0.9183012954467467, 0.7669824811935755)}
Epoch 1/150 | Train Loss: 0.0979 | Epoch Time: 0.33s | Spearman@80: 0.4030 | Kendall@80: 0.2691
Epoch 2/150 | Train Loss: 0.0825 | Epoch Time: 0.32s | Spearman@80: 0.5210 | Kendall@80: 0.3697
Epoch 3/150 | Train Loss: 0.0583 | Epoch Time: 0.32s | Spearman@80: 0.7907 | Kendall@80: 0.5997
Epoch 4/150 | Train Loss: 0.0394 | Epoch Time: 0.31s | Spearman@80: 0.6952 | Kendall@80: 0.5217
Epoch 5/150 | Train Loss: 0.0499 | Epoch Time: 0.32s | Spearman@80: 0.7768 | Kendall@80: 0.5754
Epoch 6/150 | Train Loss: 0.0455 | Epoch Time: 0.31s | Spearman@80: 0.8336 | Kendall@80: 0.6620
Epoch 7/150 | Train Loss: 0.0402 | Epoch Time: 0.31s | Spearman@80: 0.8514 | Kendall@80: 0.6922
Epoch 8/150 | Train Loss: 0.0410 | Epoch Time: 0.31s | Spearman@80: 0.8569 | Kendall@80: 0.6960
Epoch 9/150 | Train Loss: 0.0347 | Epoch Time: 0.31s | Spearman@80: 0.8206 | Kendall@80: 0.6466
Epoch 10/150 | Train Loss: 0.0375 | Epoch Time: 0.31s | Spearman@80: 0.8652 | Kendall@80: 0.7087
Epoch 11/150 | Train Loss: 0.0275 | Epoch Time: 0.31s | Spearman@80: 0.8520 | Kendall@80: 0.6865
Epoch 12/150 | Train Loss: 0.0294 | Epoch Time: 0.31s | Spearman@80: 0.8402 | Kendall@80: 0.6540
Epoch 13/150 | Train Loss: 0.0485 | Epoch Time: 0.31s | Spearman@80: 0.8789 | Kendall@80: 0.7207
Epoch 14/150 | Train Loss: 0.0267 | Epoch Time: 0.31s | Spearman@80: 0.8792 | Kendall@80: 0.7220
Epoch 15/150 | Train Loss: 0.0313 | Epoch Time: 0.31s | Spearman@80: 0.8622 | Kendall@80: 0.7011
Epoch 16/150 | Train Loss: 0.0253 | Epoch Time: 0.31s | Spearman@80: 0.8670 | Kendall@80: 0.7136
Epoch 17/150 | Train Loss: 0.0303 | Epoch Time: 0.31s | Spearman@80: 0.8835 | Kendall@80: 0.7277
Epoch 18/150 | Train Loss: 0.0324 | Epoch Time: 0.31s | Spearman@80: 0.8732 | Kendall@80: 0.7110
Epoch 19/150 | Train Loss: 0.0234 | Epoch Time: 0.31s | Spearman@80: 0.8881 | Kendall@80: 0.7461
Epoch 20/150 | Train Loss: 0.0202 | Epoch Time: 0.31s | Spearman@80: 0.8541 | Kendall@80: 0.6986
Epoch 21/150 | Train Loss: 0.0233 | Epoch Time: 0.32s | Spearman@80: 0.8749 | Kendall@80: 0.7264
Epoch 22/150 | Train Loss: 0.0238 | Epoch Time: 0.31s | Spearman@80: 0.8475 | Kendall@80: 0.6785
Epoch 23/150 | Train Loss: 0.0232 | Epoch Time: 0.31s | Spearman@80: 0.8826 | Kendall@80: 0.7328
Epoch 24/150 | Train Loss: 0.0200 | Epoch Time: 0.32s | Spearman@80: 0.8620 | Kendall@80: 0.7076
Epoch 25/150 | Train Loss: 0.0220 | Epoch Time: 0.31s | Spearman@80: 0.8644 | Kendall@80: 0.7142
Epoch 26/150 | Train Loss: 0.0218 | Epoch Time: 0.31s | Spearman@80: 0.8879 | Kendall@80: 0.7366
Epoch 27/150 | Train Loss: 0.0235 | Epoch Time: 0.32s | Spearman@80: 0.7493 | Kendall@80: 0.5674
Epoch 28/150 | Train Loss: 0.0226 | Epoch Time: 0.31s | Spearman@80: 0.8605 | Kendall@80: 0.7028
Epoch 29/150 | Train Loss: 0.0281 | Epoch Time: 0.31s | Spearman@80: 0.8873 | Kendall@80: 0.7391
Epoch 30/150 | Train Loss: 0.0257 | Epoch Time: 0.32s | Spearman@80: 0.8578 | Kendall@80: 0.6992
Epoch 31/150 | Train Loss: 0.0297 | Epoch Time: 0.32s | Spearman@80: 0.8722 | Kendall@80: 0.7167
Epoch 32/150 | Train Loss: 0.0282 | Epoch Time: 0.32s | Spearman@80: 0.8627 | Kendall@80: 0.7034
Epoch 33/150 | Train Loss: 0.0179 | Epoch Time: 0.31s | Spearman@80: 0.8568 | Kendall@80: 0.6941
Epoch 34/150 | Train Loss: 0.0356 | Epoch Time: 0.31s | Spearman@80: 0.8507 | Kendall@80: 0.6977
Epoch 35/150 | Train Loss: 0.0227 | Epoch Time: 0.31s | Spearman@80: 0.8819 | Kendall@80: 0.7302
Epoch 36/150 | Train Loss: 0.0318 | Epoch Time: 0.32s | Spearman@80: 0.8350 | Kendall@80: 0.6654
Epoch 37/150 | Train Loss: 0.0190 | Epoch Time: 0.31s | Spearman@80: 0.8810 | Kendall@80: 0.7342
Epoch 38/150 | Train Loss: 0.0256 | Epoch Time: 0.31s | Spearman@80: 0.8640 | Kendall@80: 0.7125
Epoch 39/150 | Train Loss: 0.0243 | Epoch Time: 0.32s | Spearman@80: 0.8497 | Kendall@80: 0.7015
Epoch 40/150 | Train Loss: 0.0187 | Epoch Time: 0.32s | Spearman@80: 0.8657 | Kendall@80: 0.7182
Epoch 41/150 | Train Loss: 0.0183 | Epoch Time: 0.31s | Spearman@80: 0.8515 | Kendall@80: 0.6916
Epoch 42/150 | Train Loss: 0.0200 | Epoch Time: 0.32s | Spearman@80: 0.8842 | Kendall@80: 0.7269
Epoch 43/150 | Train Loss: 0.0273 | Epoch Time: 0.32s | Spearman@80: 0.8825 | Kendall@80: 0.7277
Epoch 44/150 | Train Loss: 0.0206 | Epoch Time: 0.31s | Spearman@80: 0.8296 | Kendall@80: 0.6662
Epoch 45/150 | Train Loss: 0.0178 | Epoch Time: 0.31s | Spearman@80: 0.8684 | Kendall@80: 0.7186
Epoch 46/150 | Train Loss: 0.0171 | Epoch Time: 0.32s | Spearman@80: 0.8447 | Kendall@80: 0.6891
Epoch 47/150 | Train Loss: 0.0179 | Epoch Time: 0.31s | Spearman@80: 0.8351 | Kendall@80: 0.6738
Epoch 48/150 | Train Loss: 0.0216 | Epoch Time: 0.31s | Spearman@80: 0.8603 | Kendall@80: 0.7049
Epoch 49/150 | Train Loss: 0.0227 | Epoch Time: 0.32s | Spearman@80: 0.8559 | Kendall@80: 0.7009
Epoch 50/150 | Train Loss: 0.0196 | Epoch Time: 0.31s | Spearman@80: 0.7713 | Kendall@80: 0.6109
Epoch 51/150 | Train Loss: 0.0196 | Epoch Time: 0.31s | Spearman@80: 0.8500 | Kendall@80: 0.6916
Epoch 52/150 | Train Loss: 0.0181 | Epoch Time: 0.32s | Spearman@80: 0.8468 | Kendall@80: 0.6914
Epoch 53/150 | Train Loss: 0.0180 | Epoch Time: 0.31s | Spearman@80: 0.8442 | Kendall@80: 0.6865
Epoch 54/150 | Train Loss: 0.0153 | Epoch Time: 0.31s | Spearman@80: 0.8492 | Kendall@80: 0.6941
Epoch 55/150 | Train Loss: 0.0177 | Epoch Time: 0.32s | Spearman@80: 0.8455 | Kendall@80: 0.6865
Epoch 56/150 | Train Loss: 0.0127 | Epoch Time: 0.31s | Spearman@80: 0.8438 | Kendall@80: 0.6815
Epoch 57/150 | Train Loss: 0.0144 | Epoch Time: 0.32s | Spearman@80: 0.8683 | Kendall@80: 0.7144
Epoch 58/150 | Train Loss: 0.0155 | Epoch Time: 0.31s | Spearman@80: 0.8508 | Kendall@80: 0.6998
Epoch 59/150 | Train Loss: 0.0222 | Epoch Time: 0.32s | Spearman@80: 0.8536 | Kendall@80: 0.6992
Epoch 60/150 | Train Loss: 0.0136 | Epoch Time: 0.32s | Spearman@80: 0.8501 | Kendall@80: 0.6850
Epoch 61/150 | Train Loss: 0.0291 | Epoch Time: 0.31s | Spearman@80: 0.8072 | Kendall@80: 0.6409
Epoch 62/150 | Train Loss: 0.0137 | Epoch Time: 0.32s | Spearman@80: 0.8353 | Kendall@80: 0.6793
Epoch 63/150 | Train Loss: 0.0126 | Epoch Time: 0.31s | Spearman@80: 0.7794 | Kendall@80: 0.6151
Epoch 64/150 | Train Loss: 0.0174 | Epoch Time: 0.31s | Spearman@80: 0.8099 | Kendall@80: 0.6472
Epoch 65/150 | Train Loss: 0.0187 | Epoch Time: 0.32s | Spearman@80: 0.8408 | Kendall@80: 0.6738
Epoch 66/150 | Train Loss: 0.0168 | Epoch Time: 0.31s | Spearman@80: 0.8565 | Kendall@80: 0.6990
Epoch 67/150 | Train Loss: 0.0140 | Epoch Time: 0.32s | Spearman@80: 0.8584 | Kendall@80: 0.7074
Epoch 68/150 | Train Loss: 0.0124 | Epoch Time: 0.32s | Spearman@80: 0.8524 | Kendall@80: 0.6979
Epoch 69/150 | Train Loss: 0.0140 | Epoch Time: 0.31s | Spearman@80: 0.8494 | Kendall@80: 0.6948
Epoch 70/150 | Train Loss: 0.0168 | Epoch Time: 0.32s | Spearman@80: 0.8535 | Kendall@80: 0.6986
Epoch 71/150 | Train Loss: 0.0172 | Epoch Time: 0.32s | Spearman@80: 0.8563 | Kendall@80: 0.7085
Epoch 72/150 | Train Loss: 0.0134 | Epoch Time: 0.31s | Spearman@80: 0.8386 | Kendall@80: 0.6796
Epoch 73/150 | Train Loss: 0.0120 | Epoch Time: 0.32s | Spearman@80: 0.8431 | Kendall@80: 0.6823
Epoch 74/150 | Train Loss: 0.0109 | Epoch Time: 0.32s | Spearman@80: 0.8386 | Kendall@80: 0.6815
Epoch 75/150 | Train Loss: 0.0132 | Epoch Time: 0.31s | Spearman@80: 0.8166 | Kendall@80: 0.6567
Epoch 76/150 | Train Loss: 0.0163 | Epoch Time: 0.31s | Spearman@80: 0.8227 | Kendall@80: 0.6599
Epoch 77/150 | Train Loss: 0.0109 | Epoch Time: 0.33s | Spearman@80: 0.8556 | Kendall@80: 0.7062
Epoch 78/150 | Train Loss: 0.0176 | Epoch Time: 0.32s | Spearman@80: 0.8252 | Kendall@80: 0.6635
Epoch 79/150 | Train Loss: 0.0167 | Epoch Time: 0.32s | Spearman@80: 0.8068 | Kendall@80: 0.6426
Epoch 80/150 | Train Loss: 0.0119 | Epoch Time: 0.32s | Spearman@80: 0.8457 | Kendall@80: 0.6812
Epoch 81/150 | Train Loss: 0.0136 | Epoch Time: 0.31s | Spearman@80: 0.8270 | Kendall@80: 0.6656
Epoch 82/150 | Train Loss: 0.0086 | Epoch Time: 0.32s | Spearman@80: 0.8124 | Kendall@80: 0.6472
Epoch 83/150 | Train Loss: 0.0151 | Epoch Time: 0.32s | Spearman@80: 0.8409 | Kendall@80: 0.6812
Epoch 84/150 | Train Loss: 0.0176 | Epoch Time: 0.31s | Spearman@80: 0.8184 | Kendall@80: 0.6536
Epoch 85/150 | Train Loss: 0.0104 | Epoch Time: 0.31s | Spearman@80: 0.8357 | Kendall@80: 0.6749
Epoch 86/150 | Train Loss: 0.0112 | Epoch Time: 0.32s | Spearman@80: 0.8244 | Kendall@80: 0.6603
Epoch 87/150 | Train Loss: 0.0108 | Epoch Time: 0.31s | Spearman@80: 0.8335 | Kendall@80: 0.6755
Epoch 88/150 | Train Loss: 0.0086 | Epoch Time: 0.32s | Spearman@80: 0.8509 | Kendall@80: 0.6946
Epoch 89/150 | Train Loss: 0.0119 | Epoch Time: 0.32s | Spearman@80: 0.8503 | Kendall@80: 0.6973
Epoch 90/150 | Train Loss: 0.0108 | Epoch Time: 0.32s | Spearman@80: 0.8366 | Kendall@80: 0.6732
Epoch 91/150 | Train Loss: 0.0104 | Epoch Time: 0.32s | Spearman@80: 0.8244 | Kendall@80: 0.6641
Epoch 92/150 | Train Loss: 0.0140 | Epoch Time: 0.32s | Spearman@80: 0.8094 | Kendall@80: 0.6428
Epoch 93/150 | Train Loss: 0.0166 | Epoch Time: 0.32s | Spearman@80: 0.8130 | Kendall@80: 0.6487
Epoch 94/150 | Train Loss: 0.0104 | Epoch Time: 0.31s | Spearman@80: 0.8505 | Kendall@80: 0.6960
Epoch 95/150 | Train Loss: 0.0115 | Epoch Time: 0.32s | Spearman@80: 0.8302 | Kendall@80: 0.6667
Epoch 96/150 | Train Loss: 0.0123 | Epoch Time: 0.32s | Spearman@80: 0.8016 | Kendall@80: 0.6386
Epoch 97/150 | Train Loss: 0.0121 | Epoch Time: 0.32s | Spearman@80: 0.8223 | Kendall@80: 0.6597
Epoch 98/150 | Train Loss: 0.0107 | Epoch Time: 0.32s | Spearman@80: 0.8421 | Kendall@80: 0.6844
Epoch 99/150 | Train Loss: 0.0139 | Epoch Time: 0.32s | Spearman@80: 0.8172 | Kendall@80: 0.6542
Epoch 100/150 | Train Loss: 0.0085 | Epoch Time: 0.32s | Spearman@80: 0.8184 | Kendall@80: 0.6510
Epoch 101/150 | Train Loss: 0.0133 | Epoch Time: 0.32s | Spearman@80: 0.8199 | Kendall@80: 0.6523
Epoch 102/150 | Train Loss: 0.0106 | Epoch Time: 0.32s | Spearman@80: 0.8359 | Kendall@80: 0.6694
Epoch 103/150 | Train Loss: 0.0161 | Epoch Time: 0.32s | Spearman@80: 0.8376 | Kendall@80: 0.6743
Epoch 104/150 | Train Loss: 0.0095 | Epoch Time: 0.31s | Spearman@80: 0.8254 | Kendall@80: 0.6599
Epoch 105/150 | Train Loss: 0.0087 | Epoch Time: 0.32s | Spearman@80: 0.8030 | Kendall@80: 0.6375
Epoch 106/150 | Train Loss: 0.0101 | Epoch Time: 0.31s | Spearman@80: 0.8078 | Kendall@80: 0.6460
Epoch 107/150 | Train Loss: 0.0121 | Epoch Time: 0.31s | Spearman@80: 0.8368 | Kendall@80: 0.6776
Epoch 108/150 | Train Loss: 0.0077 | Epoch Time: 0.32s | Spearman@80: 0.8491 | Kendall@80: 0.6920
Epoch 109/150 | Train Loss: 0.0120 | Epoch Time: 0.32s | Spearman@80: 0.8298 | Kendall@80: 0.6648
Epoch 110/150 | Train Loss: 0.0079 | Epoch Time: 0.31s | Spearman@80: 0.8053 | Kendall@80: 0.6420
Epoch 111/150 | Train Loss: 0.0173 | Epoch Time: 0.32s | Spearman@80: 0.8107 | Kendall@80: 0.6439
Epoch 112/150 | Train Loss: 0.0096 | Epoch Time: 0.32s | Spearman@80: 0.8268 | Kendall@80: 0.6612
Epoch 113/150 | Train Loss: 0.0084 | Epoch Time: 0.32s | Spearman@80: 0.8505 | Kendall@80: 0.6933
Epoch 114/150 | Train Loss: 0.0049 | Epoch Time: 0.31s | Spearman@80: 0.8557 | Kendall@80: 0.6996
Epoch 115/150 | Train Loss: 0.0100 | Epoch Time: 0.32s | Spearman@80: 0.8450 | Kendall@80: 0.6844
Epoch 116/150 | Train Loss: 0.0100 | Epoch Time: 0.31s | Spearman@80: 0.8343 | Kendall@80: 0.6796
Epoch 117/150 | Train Loss: 0.0096 | Epoch Time: 0.32s | Spearman@80: 0.8316 | Kendall@80: 0.6743
Epoch 118/150 | Train Loss: 0.0056 | Epoch Time: 0.31s | Spearman@80: 0.8403 | Kendall@80: 0.6804
Epoch 119/150 | Train Loss: 0.0097 | Epoch Time: 0.32s | Spearman@80: 0.8469 | Kendall@80: 0.6884
Epoch 120/150 | Train Loss: 0.0083 | Epoch Time: 0.32s | Spearman@80: 0.8326 | Kendall@80: 0.6717
Epoch 121/150 | Train Loss: 0.0133 | Epoch Time: 0.31s | Spearman@80: 0.8321 | Kendall@80: 0.6711
Epoch 122/150 | Train Loss: 0.0119 | Epoch Time: 0.32s | Spearman@80: 0.8229 | Kendall@80: 0.6557
Epoch 123/150 | Train Loss: 0.0079 | Epoch Time: 0.32s | Spearman@80: 0.8138 | Kendall@80: 0.6510
Epoch 124/150 | Train Loss: 0.0107 | Epoch Time: 0.32s | Spearman@80: 0.8204 | Kendall@80: 0.6591
Epoch 125/150 | Train Loss: 0.0062 | Epoch Time: 0.31s | Spearman@80: 0.8326 | Kendall@80: 0.6726
Epoch 126/150 | Train Loss: 0.0074 | Epoch Time: 0.32s | Spearman@80: 0.8422 | Kendall@80: 0.6853
Epoch 127/150 | Train Loss: 0.0107 | Epoch Time: 0.32s | Spearman@80: 0.8418 | Kendall@80: 0.6872
Epoch 128/150 | Train Loss: 0.0116 | Epoch Time: 0.32s | Spearman@80: 0.8357 | Kendall@80: 0.6789
Epoch 129/150 | Train Loss: 0.0061 | Epoch Time: 0.31s | Spearman@80: 0.8293 | Kendall@80: 0.6707
Epoch 130/150 | Train Loss: 0.0091 | Epoch Time: 0.32s | Spearman@80: 0.8327 | Kendall@80: 0.6724
Epoch 131/150 | Train Loss: 0.0122 | Epoch Time: 0.31s | Spearman@80: 0.8346 | Kendall@80: 0.6776
Epoch 132/150 | Train Loss: 0.0097 | Epoch Time: 0.32s | Spearman@80: 0.8336 | Kendall@80: 0.6726
Epoch 133/150 | Train Loss: 0.0063 | Epoch Time: 0.32s | Spearman@80: 0.8342 | Kendall@80: 0.6732
Epoch 134/150 | Train Loss: 0.0064 | Epoch Time: 0.31s | Spearman@80: 0.8369 | Kendall@80: 0.6755
Epoch 135/150 | Train Loss: 0.0106 | Epoch Time: 0.32s | Spearman@80: 0.8386 | Kendall@80: 0.6787
Epoch 136/150 | Train Loss: 0.0079 | Epoch Time: 0.31s | Spearman@80: 0.8387 | Kendall@80: 0.6800
Epoch 137/150 | Train Loss: 0.0078 | Epoch Time: 0.32s | Spearman@80: 0.8384 | Kendall@80: 0.6787
Epoch 138/150 | Train Loss: 0.0088 | Epoch Time: 0.31s | Spearman@80: 0.8383 | Kendall@80: 0.6772
Epoch 139/150 | Train Loss: 0.0055 | Epoch Time: 0.31s | Spearman@80: 0.8385 | Kendall@80: 0.6774
Epoch 140/150 | Train Loss: 0.0042 | Epoch Time: 0.31s | Spearman@80: 0.8368 | Kendall@80: 0.6751
Epoch 141/150 | Train Loss: 0.0104 | Epoch Time: 0.31s | Spearman@80: 0.8364 | Kendall@80: 0.6755
Epoch 142/150 | Train Loss: 0.0127 | Epoch Time: 0.31s | Spearman@80: 0.8362 | Kendall@80: 0.6743
Epoch 143/150 | Train Loss: 0.0080 | Epoch Time: 0.31s | Spearman@80: 0.8367 | Kendall@80: 0.6751
Epoch 144/150 | Train Loss: 0.0103 | Epoch Time: 0.32s | Spearman@80: 0.8375 | Kendall@80: 0.6777
Epoch 145/150 | Train Loss: 0.0061 | Epoch Time: 0.32s | Spearman@80: 0.8372 | Kendall@80: 0.6770
Epoch 146/150 | Train Loss: 0.0094 | Epoch Time: 0.31s | Spearman@80: 0.8372 | Kendall@80: 0.6768
Epoch 147/150 | Train Loss: 0.0084 | Epoch Time: 1.73s | Spearman@15560: 0.8993 | Kendall@15560: 0.7543
Epoch 148/150 | Train Loss: 0.0078 | Epoch Time: 1.53s | Spearman@15560: 0.8993 | Kendall@15560: 0.7542
Epoch 149/150 | Train Loss: 0.0080 | Epoch Time: 1.53s | Spearman@15560: 0.8993 | Kendall@15560: 0.7539
Epoch 150/150 | Train Loss: 0.0122 | Epoch Time: 1.53s | Spearman@15560: 0.8993 | Kendall@15560: 0.7543
Sample Count: 64, Spearman: 0.8992940670615807, Kendall: 0.7541764216750533
{64: (0.8992940670615807, 0.7541764216750533),
 128: (0.9183012954467467, 0.7669824811935755)}
Epoch 1/150 | Train Loss: 0.0897 | Epoch Time: 0.63s | Spearman@80: 0.5627 | Kendall@80: 0.3911
Epoch 2/150 | Train Loss: 0.0546 | Epoch Time: 0.62s | Spearman@80: 0.8536 | Kendall@80: 0.6701
Epoch 3/150 | Train Loss: 0.0485 | Epoch Time: 0.62s | Spearman@80: 0.8835 | Kendall@80: 0.7125
Epoch 4/150 | Train Loss: 0.0366 | Epoch Time: 0.62s | Spearman@80: 0.8891 | Kendall@80: 0.7125
Epoch 5/150 | Train Loss: 0.0390 | Epoch Time: 0.62s | Spearman@80: 0.9153 | Kendall@80: 0.7584
Epoch 6/150 | Train Loss: 0.0338 | Epoch Time: 0.62s | Spearman@80: 0.8856 | Kendall@80: 0.7142
Epoch 7/150 | Train Loss: 0.0335 | Epoch Time: 0.62s | Spearman@80: 0.9051 | Kendall@80: 0.7303
Epoch 8/150 | Train Loss: 0.0466 | Epoch Time: 0.62s | Spearman@80: 0.9042 | Kendall@80: 0.7366
Epoch 9/150 | Train Loss: 0.0351 | Epoch Time: 0.62s | Spearman@80: 0.9062 | Kendall@80: 0.7497
Epoch 10/150 | Train Loss: 0.0311 | Epoch Time: 0.62s | Spearman@80: 0.9112 | Kendall@80: 0.7459
Epoch 11/150 | Train Loss: 0.0297 | Epoch Time: 0.62s | Spearman@80: 0.9205 | Kendall@80: 0.7637
Epoch 12/150 | Train Loss: 0.0276 | Epoch Time: 0.62s | Spearman@80: 0.9214 | Kendall@80: 0.7749
Epoch 13/150 | Train Loss: 0.0298 | Epoch Time: 0.62s | Spearman@80: 0.9215 | Kendall@80: 0.7730
Epoch 14/150 | Train Loss: 0.0339 | Epoch Time: 0.62s | Spearman@80: 0.9242 | Kendall@80: 0.7679
Epoch 15/150 | Train Loss: 0.0299 | Epoch Time: 0.62s | Spearman@80: 0.9088 | Kendall@80: 0.7516
Epoch 16/150 | Train Loss: 0.0268 | Epoch Time: 0.62s | Spearman@80: 0.9012 | Kendall@80: 0.7379
Epoch 17/150 | Train Loss: 0.0330 | Epoch Time: 0.62s | Spearman@80: 0.9127 | Kendall@80: 0.7491
Epoch 18/150 | Train Loss: 0.0293 | Epoch Time: 0.62s | Spearman@80: 0.9137 | Kendall@80: 0.7552
Epoch 19/150 | Train Loss: 0.0291 | Epoch Time: 0.62s | Spearman@80: 0.9174 | Kendall@80: 0.7673
Epoch 20/150 | Train Loss: 0.0244 | Epoch Time: 0.62s | Spearman@80: 0.9209 | Kendall@80: 0.7552
Epoch 21/150 | Train Loss: 0.0240 | Epoch Time: 0.62s | Spearman@80: 0.9099 | Kendall@80: 0.7461
Epoch 22/150 | Train Loss: 0.0279 | Epoch Time: 0.62s | Spearman@80: 0.9360 | Kendall@80: 0.7859
Epoch 23/150 | Train Loss: 0.0279 | Epoch Time: 0.62s | Spearman@80: 0.9125 | Kendall@80: 0.7474
Epoch 24/150 | Train Loss: 0.0243 | Epoch Time: 0.62s | Spearman@80: 0.9291 | Kendall@80: 0.7755
Epoch 25/150 | Train Loss: 0.0200 | Epoch Time: 0.62s | Spearman@80: 0.9044 | Kendall@80: 0.7546
Epoch 26/150 | Train Loss: 0.0281 | Epoch Time: 0.62s | Spearman@80: 0.9200 | Kendall@80: 0.7533
Epoch 27/150 | Train Loss: 0.0283 | Epoch Time: 0.62s | Spearman@80: 0.9382 | Kendall@80: 0.7933
Epoch 28/150 | Train Loss: 0.0222 | Epoch Time: 0.62s | Spearman@80: 0.9302 | Kendall@80: 0.7855
Epoch 29/150 | Train Loss: 0.0262 | Epoch Time: 0.61s | Spearman@80: 0.9012 | Kendall@80: 0.7514
Epoch 30/150 | Train Loss: 0.0287 | Epoch Time: 0.62s | Spearman@80: 0.9031 | Kendall@80: 0.7330
Epoch 31/150 | Train Loss: 0.0280 | Epoch Time: 0.62s | Spearman@80: 0.9178 | Kendall@80: 0.7662
Epoch 32/150 | Train Loss: 0.0272 | Epoch Time: 0.62s | Spearman@80: 0.9004 | Kendall@80: 0.7510
Epoch 33/150 | Train Loss: 0.0302 | Epoch Time: 0.62s | Spearman@80: 0.9121 | Kendall@80: 0.7722
Epoch 34/150 | Train Loss: 0.0274 | Epoch Time: 0.62s | Spearman@80: 0.9034 | Kendall@80: 0.7402
Epoch 35/150 | Train Loss: 0.0259 | Epoch Time: 0.62s | Spearman@80: 0.9042 | Kendall@80: 0.7427
Epoch 36/150 | Train Loss: 0.0239 | Epoch Time: 0.62s | Spearman@80: 0.9223 | Kendall@80: 0.7800
Epoch 37/150 | Train Loss: 0.0223 | Epoch Time: 0.62s | Spearman@80: 0.8788 | Kendall@80: 0.7227
Epoch 38/150 | Train Loss: 0.0293 | Epoch Time: 0.62s | Spearman@80: 0.8949 | Kendall@80: 0.7208
Epoch 39/150 | Train Loss: 0.0346 | Epoch Time: 0.62s | Spearman@80: 0.9121 | Kendall@80: 0.7535
Epoch 40/150 | Train Loss: 0.0273 | Epoch Time: 0.62s | Spearman@80: 0.9218 | Kendall@80: 0.7724
Epoch 41/150 | Train Loss: 0.0225 | Epoch Time: 0.62s | Spearman@80: 0.9228 | Kendall@80: 0.7753
Epoch 42/150 | Train Loss: 0.0257 | Epoch Time: 0.62s | Spearman@80: 0.9250 | Kendall@80: 0.7795
Epoch 43/150 | Train Loss: 0.0254 | Epoch Time: 0.62s | Spearman@80: 0.9054 | Kendall@80: 0.7483
Epoch 44/150 | Train Loss: 0.0262 | Epoch Time: 0.62s | Spearman@80: 0.9070 | Kendall@80: 0.7474
Epoch 45/150 | Train Loss: 0.0264 | Epoch Time: 0.62s | Spearman@80: 0.9316 | Kendall@80: 0.7838
Epoch 46/150 | Train Loss: 0.0270 | Epoch Time: 0.62s | Spearman@80: 0.9126 | Kendall@80: 0.7652
Epoch 47/150 | Train Loss: 0.0243 | Epoch Time: 0.62s | Spearman@80: 0.9215 | Kendall@80: 0.7725
Epoch 48/150 | Train Loss: 0.0243 | Epoch Time: 0.62s | Spearman@80: 0.9260 | Kendall@80: 0.7819
Epoch 49/150 | Train Loss: 0.0287 | Epoch Time: 0.62s | Spearman@80: 0.9257 | Kendall@80: 0.7825
Epoch 50/150 | Train Loss: 0.0205 | Epoch Time: 0.62s | Spearman@80: 0.9169 | Kendall@80: 0.7753
Epoch 51/150 | Train Loss: 0.0240 | Epoch Time: 0.62s | Spearman@80: 0.8862 | Kendall@80: 0.7368
Epoch 52/150 | Train Loss: 0.0228 | Epoch Time: 0.62s | Spearman@80: 0.9118 | Kendall@80: 0.7514
Epoch 53/150 | Train Loss: 0.0289 | Epoch Time: 0.62s | Spearman@80: 0.9116 | Kendall@80: 0.7673
Epoch 54/150 | Train Loss: 0.0255 | Epoch Time: 0.62s | Spearman@80: 0.9212 | Kendall@80: 0.7753
Epoch 55/150 | Train Loss: 0.0241 | Epoch Time: 0.62s | Spearman@80: 0.8874 | Kendall@80: 0.7364
Epoch 56/150 | Train Loss: 0.0223 | Epoch Time: 0.62s | Spearman@80: 0.9019 | Kendall@80: 0.7470
Epoch 57/150 | Train Loss: 0.0273 | Epoch Time: 0.62s | Spearman@80: 0.9228 | Kendall@80: 0.7816
Epoch 58/150 | Train Loss: 0.0232 | Epoch Time: 0.62s | Spearman@80: 0.9055 | Kendall@80: 0.7622
Epoch 59/150 | Train Loss: 0.0228 | Epoch Time: 0.62s | Spearman@80: 0.8866 | Kendall@80: 0.7322
Epoch 60/150 | Train Loss: 0.0240 | Epoch Time: 0.62s | Spearman@80: 0.9303 | Kendall@80: 0.7950
Epoch 61/150 | Train Loss: 0.0222 | Epoch Time: 0.62s | Spearman@80: 0.9205 | Kendall@80: 0.7781
Epoch 62/150 | Train Loss: 0.0198 | Epoch Time: 0.62s | Spearman@80: 0.9185 | Kendall@80: 0.7755
Epoch 63/150 | Train Loss: 0.0229 | Epoch Time: 0.62s | Spearman@80: 0.9198 | Kendall@80: 0.7703
Epoch 64/150 | Train Loss: 0.0222 | Epoch Time: 0.62s | Spearman@80: 0.8935 | Kendall@80: 0.7500
Epoch 65/150 | Train Loss: 0.0227 | Epoch Time: 0.62s | Spearman@80: 0.9164 | Kendall@80: 0.7798
Epoch 66/150 | Train Loss: 0.0208 | Epoch Time: 0.62s | Spearman@80: 0.9210 | Kendall@80: 0.7819
Epoch 67/150 | Train Loss: 0.0197 | Epoch Time: 0.62s | Spearman@80: 0.9272 | Kendall@80: 0.7901
Epoch 68/150 | Train Loss: 0.0179 | Epoch Time: 0.62s | Spearman@80: 0.9158 | Kendall@80: 0.7772
Epoch 69/150 | Train Loss: 0.0166 | Epoch Time: 0.61s | Spearman@80: 0.9126 | Kendall@80: 0.7719
Epoch 70/150 | Train Loss: 0.0211 | Epoch Time: 0.62s | Spearman@80: 0.9102 | Kendall@80: 0.7605
Epoch 71/150 | Train Loss: 0.0211 | Epoch Time: 0.62s | Spearman@80: 0.8941 | Kendall@80: 0.7427
Epoch 72/150 | Train Loss: 0.0244 | Epoch Time: 0.62s | Spearman@80: 0.9144 | Kendall@80: 0.7597
Epoch 73/150 | Train Loss: 0.0215 | Epoch Time: 0.62s | Spearman@80: 0.9255 | Kendall@80: 0.7907
Epoch 74/150 | Train Loss: 0.0225 | Epoch Time: 0.62s | Spearman@80: 0.9223 | Kendall@80: 0.7840
Epoch 75/150 | Train Loss: 0.0217 | Epoch Time: 0.62s | Spearman@80: 0.9144 | Kendall@80: 0.7677
Epoch 76/150 | Train Loss: 0.0187 | Epoch Time: 0.62s | Spearman@80: 0.9279 | Kendall@80: 0.7899
Epoch 77/150 | Train Loss: 0.0226 | Epoch Time: 0.61s | Spearman@80: 0.9316 | Kendall@80: 0.7988
Epoch 78/150 | Train Loss: 0.0182 | Epoch Time: 0.62s | Spearman@80: 0.9206 | Kendall@80: 0.7823
Epoch 79/150 | Train Loss: 0.0207 | Epoch Time: 0.62s | Spearman@80: 0.9246 | Kendall@80: 0.7878
Epoch 80/150 | Train Loss: 0.0184 | Epoch Time: 0.62s | Spearman@80: 0.9291 | Kendall@80: 0.7956
Epoch 81/150 | Train Loss: 0.0190 | Epoch Time: 0.62s | Spearman@80: 0.9168 | Kendall@80: 0.7836
Epoch 82/150 | Train Loss: 0.0167 | Epoch Time: 0.62s | Spearman@80: 0.9260 | Kendall@80: 0.7893
Epoch 83/150 | Train Loss: 0.0239 | Epoch Time: 0.62s | Spearman@80: 0.9190 | Kendall@80: 0.7741
Epoch 84/150 | Train Loss: 0.0207 | Epoch Time: 0.62s | Spearman@80: 0.9177 | Kendall@80: 0.7751
Epoch 85/150 | Train Loss: 0.0241 | Epoch Time: 0.62s | Spearman@80: 0.9225 | Kendall@80: 0.7831
Epoch 86/150 | Train Loss: 0.0248 | Epoch Time: 0.62s | Spearman@80: 0.9300 | Kendall@80: 0.8001
Epoch 87/150 | Train Loss: 0.0148 | Epoch Time: 0.62s | Spearman@80: 0.9260 | Kendall@80: 0.7848
Epoch 88/150 | Train Loss: 0.0153 | Epoch Time: 0.62s | Spearman@80: 0.9158 | Kendall@80: 0.7753
Epoch 89/150 | Train Loss: 0.0173 | Epoch Time: 0.62s | Spearman@80: 0.9066 | Kendall@80: 0.7622
Epoch 90/150 | Train Loss: 0.0200 | Epoch Time: 0.62s | Spearman@80: 0.9270 | Kendall@80: 0.7975
Epoch 91/150 | Train Loss: 0.0201 | Epoch Time: 0.62s | Spearman@80: 0.9245 | Kendall@80: 0.7857
Epoch 92/150 | Train Loss: 0.0157 | Epoch Time: 0.62s | Spearman@80: 0.9200 | Kendall@80: 0.7850
Epoch 93/150 | Train Loss: 0.0177 | Epoch Time: 0.62s | Spearman@80: 0.9239 | Kendall@80: 0.7856
Epoch 94/150 | Train Loss: 0.0201 | Epoch Time: 0.63s | Spearman@80: 0.9277 | Kendall@80: 0.7975
Epoch 95/150 | Train Loss: 0.0163 | Epoch Time: 0.62s | Spearman@80: 0.9216 | Kendall@80: 0.7899
Epoch 96/150 | Train Loss: 0.0166 | Epoch Time: 0.63s | Spearman@80: 0.9149 | Kendall@80: 0.7804
Epoch 97/150 | Train Loss: 0.0163 | Epoch Time: 0.62s | Spearman@80: 0.9210 | Kendall@80: 0.7804
Epoch 98/150 | Train Loss: 0.0212 | Epoch Time: 0.63s | Spearman@80: 0.9204 | Kendall@80: 0.7850
Epoch 99/150 | Train Loss: 0.0194 | Epoch Time: 0.62s | Spearman@80: 0.9170 | Kendall@80: 0.7827
Epoch 100/150 | Train Loss: 0.0195 | Epoch Time: 0.63s | Spearman@80: 0.9132 | Kendall@80: 0.7705
Epoch 101/150 | Train Loss: 0.0162 | Epoch Time: 0.63s | Spearman@80: 0.9196 | Kendall@80: 0.7844
Epoch 102/150 | Train Loss: 0.0134 | Epoch Time: 0.62s | Spearman@80: 0.9170 | Kendall@80: 0.7806
Epoch 103/150 | Train Loss: 0.0125 | Epoch Time: 0.64s | Spearman@80: 0.9254 | Kendall@80: 0.7926
Epoch 104/150 | Train Loss: 0.0135 | Epoch Time: 0.63s | Spearman@80: 0.9281 | Kendall@80: 0.7984
Epoch 105/150 | Train Loss: 0.0161 | Epoch Time: 0.63s | Spearman@80: 0.9174 | Kendall@80: 0.7757
Epoch 106/150 | Train Loss: 0.0147 | Epoch Time: 0.63s | Spearman@80: 0.9220 | Kendall@80: 0.7850
Epoch 107/150 | Train Loss: 0.0129 | Epoch Time: 0.62s | Spearman@80: 0.9222 | Kendall@80: 0.7857
Epoch 108/150 | Train Loss: 0.0123 | Epoch Time: 0.63s | Spearman@80: 0.9292 | Kendall@80: 0.7952
Epoch 109/150 | Train Loss: 0.0176 | Epoch Time: 0.63s | Spearman@80: 0.9252 | Kendall@80: 0.7906
Epoch 110/150 | Train Loss: 0.0142 | Epoch Time: 0.63s | Spearman@80: 0.9198 | Kendall@80: 0.7869
Epoch 111/150 | Train Loss: 0.0131 | Epoch Time: 0.62s | Spearman@80: 0.9239 | Kendall@80: 0.7920
Epoch 112/150 | Train Loss: 0.0185 | Epoch Time: 0.62s | Spearman@80: 0.9230 | Kendall@80: 0.7907
Epoch 113/150 | Train Loss: 0.0155 | Epoch Time: 0.63s | Spearman@80: 0.9234 | Kendall@80: 0.7971
Epoch 114/150 | Train Loss: 0.0127 | Epoch Time: 0.63s | Spearman@80: 0.9232 | Kendall@80: 0.7906
Epoch 115/150 | Train Loss: 0.0177 | Epoch Time: 0.62s | Spearman@80: 0.9252 | Kendall@80: 0.7950
Epoch 116/150 | Train Loss: 0.0159 | Epoch Time: 0.63s | Spearman@80: 0.9171 | Kendall@80: 0.7840
Epoch 117/150 | Train Loss: 0.0128 | Epoch Time: 0.62s | Spearman@80: 0.9161 | Kendall@80: 0.7861
Epoch 118/150 | Train Loss: 0.0191 | Epoch Time: 0.62s | Spearman@80: 0.9183 | Kendall@80: 0.7863
Epoch 119/150 | Train Loss: 0.0150 | Epoch Time: 0.62s | Spearman@80: 0.9230 | Kendall@80: 0.7958
Epoch 120/150 | Train Loss: 0.0167 | Epoch Time: 0.63s | Spearman@80: 0.9222 | Kendall@80: 0.7937
Epoch 121/150 | Train Loss: 0.0171 | Epoch Time: 0.63s | Spearman@80: 0.9250 | Kendall@80: 0.7950
Epoch 122/150 | Train Loss: 0.0122 | Epoch Time: 0.63s | Spearman@80: 0.9262 | Kendall@80: 0.8015
Epoch 123/150 | Train Loss: 0.0118 | Epoch Time: 0.62s | Spearman@80: 0.9197 | Kendall@80: 0.7922
Epoch 124/150 | Train Loss: 0.0142 | Epoch Time: 0.62s | Spearman@80: 0.9189 | Kendall@80: 0.7925
Epoch 125/150 | Train Loss: 0.0153 | Epoch Time: 0.62s | Spearman@80: 0.9223 | Kendall@80: 0.7944
Epoch 126/150 | Train Loss: 0.0152 | Epoch Time: 0.62s | Spearman@80: 0.9262 | Kendall@80: 0.7990
Epoch 127/150 | Train Loss: 0.0132 | Epoch Time: 0.63s | Spearman@80: 0.9254 | Kendall@80: 0.7990
Epoch 128/150 | Train Loss: 0.0120 | Epoch Time: 0.63s | Spearman@80: 0.9216 | Kendall@80: 0.7914
Epoch 129/150 | Train Loss: 0.0142 | Epoch Time: 0.63s | Spearman@80: 0.9236 | Kendall@80: 0.7965
Epoch 130/150 | Train Loss: 0.0141 | Epoch Time: 0.63s | Spearman@80: 0.9243 | Kendall@80: 0.7982
Epoch 131/150 | Train Loss: 0.0154 | Epoch Time: 0.63s | Spearman@80: 0.9282 | Kendall@80: 0.8017
Epoch 132/150 | Train Loss: 0.0131 | Epoch Time: 0.62s | Spearman@80: 0.9228 | Kendall@80: 0.7912
Epoch 133/150 | Train Loss: 0.0173 | Epoch Time: 0.63s | Spearman@80: 0.9274 | Kendall@80: 0.7988
Epoch 134/150 | Train Loss: 0.0133 | Epoch Time: 0.63s | Spearman@80: 0.9269 | Kendall@80: 0.7968
Epoch 135/150 | Train Loss: 0.0141 | Epoch Time: 0.63s | Spearman@80: 0.9234 | Kendall@80: 0.7901
Epoch 136/150 | Train Loss: 0.0125 | Epoch Time: 0.63s | Spearman@80: 0.9186 | Kendall@80: 0.7863
Epoch 137/150 | Train Loss: 0.0140 | Epoch Time: 0.62s | Spearman@80: 0.9227 | Kendall@80: 0.7944
Epoch 138/150 | Train Loss: 0.0149 | Epoch Time: 0.63s | Spearman@80: 0.9244 | Kendall@80: 0.7947
Epoch 139/150 | Train Loss: 0.0130 | Epoch Time: 0.62s | Spearman@80: 0.9222 | Kendall@80: 0.7939
Epoch 140/150 | Train Loss: 0.0114 | Epoch Time: 0.62s | Spearman@80: 0.9236 | Kendall@80: 0.7968
Epoch 141/150 | Train Loss: 0.0122 | Epoch Time: 0.62s | Spearman@80: 0.9230 | Kendall@80: 0.7971
Epoch 142/150 | Train Loss: 0.0146 | Epoch Time: 0.63s | Spearman@80: 0.9232 | Kendall@80: 0.7975
Epoch 143/150 | Train Loss: 0.0105 | Epoch Time: 0.62s | Spearman@80: 0.9230 | Kendall@80: 0.7968
Epoch 144/150 | Train Loss: 0.0143 | Epoch Time: 0.62s | Spearman@80: 0.9220 | Kendall@80: 0.7960
Epoch 145/150 | Train Loss: 0.0121 | Epoch Time: 0.62s | Spearman@80: 0.9233 | Kendall@80: 0.7973
Epoch 146/150 | Train Loss: 0.0141 | Epoch Time: 0.62s | Spearman@80: 0.9234 | Kendall@80: 0.7965
Epoch 147/150 | Train Loss: 0.0163 | Epoch Time: 1.93s | Spearman@15496: 0.9331 | Kendall@15496: 0.7943
Epoch 148/150 | Train Loss: 0.0140 | Epoch Time: 1.89s | Spearman@15496: 0.9330 | Kendall@15496: 0.7940
Epoch 149/150 | Train Loss: 0.0152 | Epoch Time: 1.91s | Spearman@15496: 0.9330 | Kendall@15496: 0.7942
Epoch 150/150 | Train Loss: 0.0124 | Epoch Time: 1.89s | Spearman@15496: 0.9330 | Kendall@15496: 0.7944
Sample Count: 128, Spearman: 0.9330402596124661, Kendall: 0.7942232848137019
{64: (0.8992940670615807, 0.7541764216750533),
 128: (0.9330402596124661, 0.7942232848137019)}
Epoch 1/150 | Train Loss: 0.1013 | Epoch Time: 0.31s | Spearman@80: 0.3060 | Kendall@80: 0.2135
Epoch 2/150 | Train Loss: 0.0906 | Epoch Time: 0.31s | Spearman@80: 0.2987 | Kendall@80: 0.2116
Epoch 3/150 | Train Loss: 0.0801 | Epoch Time: 0.31s | Spearman@80: 0.3860 | Kendall@80: 0.2753
Epoch 4/150 | Train Loss: 0.0776 | Epoch Time: 0.31s | Spearman@80: 0.7850 | Kendall@80: 0.6056
Epoch 5/150 | Train Loss: 0.0549 | Epoch Time: 0.31s | Spearman@80: 0.7850 | Kendall@80: 0.6039
Epoch 6/150 | Train Loss: 0.0396 | Epoch Time: 0.31s | Spearman@80: 0.8341 | Kendall@80: 0.6474
Epoch 7/150 | Train Loss: 0.0257 | Epoch Time: 0.34s | Spearman@80: 0.8458 | Kendall@80: 0.6667
Epoch 8/150 | Train Loss: 0.0313 | Epoch Time: 0.34s | Spearman@80: 0.8719 | Kendall@80: 0.6931
Epoch 9/150 | Train Loss: 0.0299 | Epoch Time: 0.34s | Spearman@80: 0.8690 | Kendall@80: 0.6832
Epoch 10/150 | Train Loss: 0.0297 | Epoch Time: 0.34s | Spearman@80: 0.8819 | Kendall@80: 0.7092
Epoch 11/150 | Train Loss: 0.0292 | Epoch Time: 0.34s | Spearman@80: 0.8858 | Kendall@80: 0.7178
Epoch 12/150 | Train Loss: 0.0348 | Epoch Time: 0.34s | Spearman@80: 0.8931 | Kendall@80: 0.7282
Epoch 13/150 | Train Loss: 0.0351 | Epoch Time: 0.34s | Spearman@80: 0.8732 | Kendall@80: 0.6975
Epoch 14/150 | Train Loss: 0.0273 | Epoch Time: 0.34s | Spearman@80: 0.8935 | Kendall@80: 0.7238
Epoch 15/150 | Train Loss: 0.0289 | Epoch Time: 0.33s | Spearman@80: 0.8990 | Kendall@80: 0.7383
Epoch 16/150 | Train Loss: 0.0249 | Epoch Time: 0.34s | Spearman@80: 0.8931 | Kendall@80: 0.7295
Epoch 17/150 | Train Loss: 0.0273 | Epoch Time: 0.34s | Spearman@80: 0.9036 | Kendall@80: 0.7420
Epoch 18/150 | Train Loss: 0.0326 | Epoch Time: 0.34s | Spearman@80: 0.8069 | Kendall@80: 0.6119
Epoch 19/150 | Train Loss: 0.0296 | Epoch Time: 0.34s | Spearman@80: 0.8428 | Kendall@80: 0.6557
Epoch 20/150 | Train Loss: 0.0298 | Epoch Time: 0.34s | Spearman@80: 0.8754 | Kendall@80: 0.7009
Epoch 21/150 | Train Loss: 0.0276 | Epoch Time: 0.34s | Spearman@80: 0.8809 | Kendall@80: 0.7085
Epoch 22/150 | Train Loss: 0.0228 | Epoch Time: 0.34s | Spearman@80: 0.8817 | Kendall@80: 0.6963
Epoch 23/150 | Train Loss: 0.0238 | Epoch Time: 0.34s | Spearman@80: 0.8828 | Kendall@80: 0.7109
Epoch 24/150 | Train Loss: 0.0315 | Epoch Time: 0.34s | Spearman@80: 0.8840 | Kendall@80: 0.7155
Epoch 25/150 | Train Loss: 0.0283 | Epoch Time: 0.34s | Spearman@80: 0.8668 | Kendall@80: 0.6817
Epoch 26/150 | Train Loss: 0.0306 | Epoch Time: 0.34s | Spearman@80: 0.8647 | Kendall@80: 0.6925
Epoch 27/150 | Train Loss: 0.0286 | Epoch Time: 0.34s | Spearman@80: 0.8846 | Kendall@80: 0.7147
Epoch 28/150 | Train Loss: 0.0233 | Epoch Time: 0.34s | Spearman@80: 0.8922 | Kendall@80: 0.7295
Epoch 29/150 | Train Loss: 0.0238 | Epoch Time: 0.34s | Spearman@80: 0.8951 | Kendall@80: 0.7422
Epoch 30/150 | Train Loss: 0.0237 | Epoch Time: 0.34s | Spearman@80: 0.9054 | Kendall@80: 0.7536
Epoch 31/150 | Train Loss: 0.0213 | Epoch Time: 0.33s | Spearman@80: 0.9017 | Kendall@80: 0.7477
Epoch 32/150 | Train Loss: 0.0224 | Epoch Time: 0.33s | Spearman@80: 0.8840 | Kendall@80: 0.7109
Epoch 33/150 | Train Loss: 0.0292 | Epoch Time: 0.34s | Spearman@80: 0.9026 | Kendall@80: 0.7394
Epoch 34/150 | Train Loss: 0.0212 | Epoch Time: 0.33s | Spearman@80: 0.8960 | Kendall@80: 0.7383
Epoch 35/150 | Train Loss: 0.0221 | Epoch Time: 0.34s | Spearman@80: 0.8921 | Kendall@80: 0.7453
Epoch 36/150 | Train Loss: 0.0241 | Epoch Time: 0.33s | Spearman@80: 0.8988 | Kendall@80: 0.7345
Epoch 37/150 | Train Loss: 0.0217 | Epoch Time: 0.34s | Spearman@80: 0.9000 | Kendall@80: 0.7407
Epoch 38/150 | Train Loss: 0.0273 | Epoch Time: 0.33s | Spearman@80: 0.9021 | Kendall@80: 0.7460
Epoch 39/150 | Train Loss: 0.0329 | Epoch Time: 0.34s | Spearman@80: 0.9072 | Kendall@80: 0.7591
Epoch 40/150 | Train Loss: 0.0240 | Epoch Time: 0.37s | Spearman@80: 0.8784 | Kendall@80: 0.7052
Epoch 41/150 | Train Loss: 0.0262 | Epoch Time: 0.37s | Spearman@80: 0.8934 | Kendall@80: 0.7331
Epoch 42/150 | Train Loss: 0.0265 | Epoch Time: 0.35s | Spearman@80: 0.8882 | Kendall@80: 0.7333
Epoch 43/150 | Train Loss: 0.0265 | Epoch Time: 0.36s | Spearman@80: 0.8642 | Kendall@80: 0.6901
Epoch 44/150 | Train Loss: 0.0213 | Epoch Time: 0.37s | Spearman@80: 0.8954 | Kendall@80: 0.7337
Epoch 45/150 | Train Loss: 0.0143 | Epoch Time: 0.35s | Spearman@80: 0.9113 | Kendall@80: 0.7616
Epoch 46/150 | Train Loss: 0.0245 | Epoch Time: 0.36s | Spearman@80: 0.9113 | Kendall@80: 0.7642
Epoch 47/150 | Train Loss: 0.0144 | Epoch Time: 0.35s | Spearman@80: 0.8962 | Kendall@80: 0.7324
Epoch 48/150 | Train Loss: 0.0301 | Epoch Time: 0.36s | Spearman@80: 0.8921 | Kendall@80: 0.7358
Epoch 49/150 | Train Loss: 0.0225 | Epoch Time: 0.36s | Spearman@80: 0.8939 | Kendall@80: 0.7299
Epoch 50/150 | Train Loss: 0.0239 | Epoch Time: 0.36s | Spearman@80: 0.9058 | Kendall@80: 0.7565
Epoch 51/150 | Train Loss: 0.0227 | Epoch Time: 0.36s | Spearman@80: 0.9003 | Kendall@80: 0.7415
Epoch 52/150 | Train Loss: 0.0200 | Epoch Time: 0.35s | Spearman@80: 0.8833 | Kendall@80: 0.7168
Epoch 53/150 | Train Loss: 0.0203 | Epoch Time: 0.35s | Spearman@80: 0.8994 | Kendall@80: 0.7369
Epoch 54/150 | Train Loss: 0.0297 | Epoch Time: 0.35s | Spearman@80: 0.9062 | Kendall@80: 0.7553
Epoch 55/150 | Train Loss: 0.0207 | Epoch Time: 0.36s | Spearman@80: 0.9018 | Kendall@80: 0.7453
Epoch 56/150 | Train Loss: 0.0206 | Epoch Time: 0.35s | Spearman@80: 0.9148 | Kendall@80: 0.7642
Epoch 57/150 | Train Loss: 0.0213 | Epoch Time: 0.36s | Spearman@80: 0.9114 | Kendall@80: 0.7635
Epoch 58/150 | Train Loss: 0.0141 | Epoch Time: 0.35s | Spearman@80: 0.9070 | Kendall@80: 0.7597
Epoch 59/150 | Train Loss: 0.0201 | Epoch Time: 0.35s | Spearman@80: 0.9088 | Kendall@80: 0.7612
Epoch 60/150 | Train Loss: 0.0201 | Epoch Time: 0.35s | Spearman@80: 0.8991 | Kendall@80: 0.7364
Epoch 61/150 | Train Loss: 0.0146 | Epoch Time: 0.36s | Spearman@80: 0.9043 | Kendall@80: 0.7567
Epoch 62/150 | Train Loss: 0.0200 | Epoch Time: 0.35s | Spearman@80: 0.9102 | Kendall@80: 0.7555
Epoch 63/150 | Train Loss: 0.0171 | Epoch Time: 0.35s | Spearman@80: 0.9185 | Kendall@80: 0.7749
Epoch 64/150 | Train Loss: 0.0151 | Epoch Time: 0.36s | Spearman@80: 0.9117 | Kendall@80: 0.7574
Epoch 65/150 | Train Loss: 0.0226 | Epoch Time: 0.36s | Spearman@80: 0.9177 | Kendall@80: 0.7724
Epoch 66/150 | Train Loss: 0.0145 | Epoch Time: 0.35s | Spearman@80: 0.9154 | Kendall@80: 0.7673
Epoch 67/150 | Train Loss: 0.0110 | Epoch Time: 0.35s | Spearman@80: 0.9099 | Kendall@80: 0.7623
Epoch 68/150 | Train Loss: 0.0226 | Epoch Time: 0.36s | Spearman@80: 0.9084 | Kendall@80: 0.7623
Epoch 69/150 | Train Loss: 0.0188 | Epoch Time: 0.36s | Spearman@80: 0.9007 | Kendall@80: 0.7477
Epoch 70/150 | Train Loss: 0.0200 | Epoch Time: 0.35s | Spearman@80: 0.9032 | Kendall@80: 0.7460
Epoch 71/150 | Train Loss: 0.0188 | Epoch Time: 0.35s | Spearman@80: 0.9080 | Kendall@80: 0.7521
Epoch 72/150 | Train Loss: 0.0119 | Epoch Time: 0.36s | Spearman@80: 0.9071 | Kendall@80: 0.7565
Epoch 73/150 | Train Loss: 0.0150 | Epoch Time: 0.35s | Spearman@80: 0.9101 | Kendall@80: 0.7597
Epoch 74/150 | Train Loss: 0.0167 | Epoch Time: 0.36s | Spearman@80: 0.9117 | Kendall@80: 0.7642
Epoch 75/150 | Train Loss: 0.0158 | Epoch Time: 0.36s | Spearman@80: 0.9133 | Kendall@80: 0.7686
Epoch 76/150 | Train Loss: 0.0147 | Epoch Time: 0.36s | Spearman@80: 0.9053 | Kendall@80: 0.7447
Epoch 77/150 | Train Loss: 0.0209 | Epoch Time: 0.36s | Spearman@80: 0.9034 | Kendall@80: 0.7422
Epoch 78/150 | Train Loss: 0.0176 | Epoch Time: 0.36s | Spearman@80: 0.9114 | Kendall@80: 0.7667
Epoch 79/150 | Train Loss: 0.0194 | Epoch Time: 0.36s | Spearman@80: 0.9084 | Kendall@80: 0.7623
Epoch 80/150 | Train Loss: 0.0209 | Epoch Time: 0.36s | Spearman@80: 0.9119 | Kendall@80: 0.7586
Epoch 81/150 | Train Loss: 0.0188 | Epoch Time: 0.35s | Spearman@80: 0.9150 | Kendall@80: 0.7669
Epoch 82/150 | Train Loss: 0.0151 | Epoch Time: 0.36s | Spearman@80: 0.9181 | Kendall@80: 0.7718
Epoch 83/150 | Train Loss: 0.0158 | Epoch Time: 0.36s | Spearman@80: 0.9193 | Kendall@80: 0.7751
Epoch 84/150 | Train Loss: 0.0148 | Epoch Time: 0.35s | Spearman@80: 0.9194 | Kendall@80: 0.7762
Epoch 85/150 | Train Loss: 0.0150 | Epoch Time: 0.35s | Spearman@80: 0.9175 | Kendall@80: 0.7737
Epoch 86/150 | Train Loss: 0.0183 | Epoch Time: 0.36s | Spearman@80: 0.9118 | Kendall@80: 0.7713
Epoch 87/150 | Train Loss: 0.0165 | Epoch Time: 0.36s | Spearman@80: 0.9122 | Kendall@80: 0.7631
Epoch 88/150 | Train Loss: 0.0168 | Epoch Time: 0.37s | Spearman@80: 0.9132 | Kendall@80: 0.7682
Epoch 89/150 | Train Loss: 0.0162 | Epoch Time: 0.35s | Spearman@80: 0.9204 | Kendall@80: 0.7768
Epoch 90/150 | Train Loss: 0.0249 | Epoch Time: 0.36s | Spearman@80: 0.9169 | Kendall@80: 0.7663
Epoch 91/150 | Train Loss: 0.0170 | Epoch Time: 0.36s | Spearman@80: 0.9163 | Kendall@80: 0.7724
Epoch 92/150 | Train Loss: 0.0141 | Epoch Time: 0.36s | Spearman@80: 0.9194 | Kendall@80: 0.7768
Epoch 93/150 | Train Loss: 0.0090 | Epoch Time: 0.36s | Spearman@80: 0.9166 | Kendall@80: 0.7749
Epoch 94/150 | Train Loss: 0.0166 | Epoch Time: 0.35s | Spearman@80: 0.9056 | Kendall@80: 0.7510
Epoch 95/150 | Train Loss: 0.0154 | Epoch Time: 0.37s | Spearman@80: 0.9154 | Kendall@80: 0.7737
Epoch 96/150 | Train Loss: 0.0179 | Epoch Time: 0.35s | Spearman@80: 0.9076 | Kendall@80: 0.7635
Epoch 97/150 | Train Loss: 0.0213 | Epoch Time: 0.35s | Spearman@80: 0.9147 | Kendall@80: 0.7686
Epoch 98/150 | Train Loss: 0.0212 | Epoch Time: 0.36s | Spearman@80: 0.9212 | Kendall@80: 0.7737
Epoch 99/150 | Train Loss: 0.0130 | Epoch Time: 0.35s | Spearman@80: 0.9266 | Kendall@80: 0.7838
Epoch 100/150 | Train Loss: 0.0081 | Epoch Time: 0.36s | Spearman@80: 0.9263 | Kendall@80: 0.7821
Epoch 101/150 | Train Loss: 0.0213 | Epoch Time: 0.36s | Spearman@80: 0.9271 | Kendall@80: 0.7878
Epoch 102/150 | Train Loss: 0.0112 | Epoch Time: 0.37s | Spearman@80: 0.9299 | Kendall@80: 0.7895
Epoch 103/150 | Train Loss: 0.0210 | Epoch Time: 0.36s | Spearman@80: 0.9294 | Kendall@80: 0.7889
Epoch 104/150 | Train Loss: 0.0134 | Epoch Time: 0.35s | Spearman@80: 0.9223 | Kendall@80: 0.7789
Epoch 105/150 | Train Loss: 0.0146 | Epoch Time: 0.36s | Spearman@80: 0.9283 | Kendall@80: 0.7838
Epoch 106/150 | Train Loss: 0.0203 | Epoch Time: 0.36s | Spearman@80: 0.9307 | Kendall@80: 0.7910
Epoch 107/150 | Train Loss: 0.0136 | Epoch Time: 0.35s | Spearman@80: 0.9278 | Kendall@80: 0.7832
Epoch 108/150 | Train Loss: 0.0117 | Epoch Time: 0.35s | Spearman@80: 0.9276 | Kendall@80: 0.7866
Epoch 109/150 | Train Loss: 0.0163 | Epoch Time: 0.36s | Spearman@80: 0.9346 | Kendall@80: 0.7940
Epoch 110/150 | Train Loss: 0.0105 | Epoch Time: 0.35s | Spearman@80: 0.9345 | Kendall@80: 0.7946
Epoch 111/150 | Train Loss: 0.0133 | Epoch Time: 0.36s | Spearman@80: 0.9338 | Kendall@80: 0.7933
Epoch 112/150 | Train Loss: 0.0131 | Epoch Time: 0.35s | Spearman@80: 0.9288 | Kendall@80: 0.7827
Epoch 113/150 | Train Loss: 0.0099 | Epoch Time: 0.37s | Spearman@80: 0.9297 | Kendall@80: 0.7859
Epoch 114/150 | Train Loss: 0.0143 | Epoch Time: 0.35s | Spearman@80: 0.9316 | Kendall@80: 0.7895
Epoch 115/150 | Train Loss: 0.0176 | Epoch Time: 0.35s | Spearman@80: 0.9316 | Kendall@80: 0.7891
Epoch 116/150 | Train Loss: 0.0177 | Epoch Time: 0.36s | Spearman@80: 0.9302 | Kendall@80: 0.7870
Epoch 117/150 | Train Loss: 0.0088 | Epoch Time: 0.36s | Spearman@80: 0.9306 | Kendall@80: 0.7891
Epoch 118/150 | Train Loss: 0.0150 | Epoch Time: 0.35s | Spearman@80: 0.9311 | Kendall@80: 0.7895
Epoch 119/150 | Train Loss: 0.0127 | Epoch Time: 0.35s | Spearman@80: 0.9305 | Kendall@80: 0.7891
Epoch 120/150 | Train Loss: 0.0151 | Epoch Time: 0.36s | Spearman@80: 0.9296 | Kendall@80: 0.7878
Epoch 121/150 | Train Loss: 0.0078 | Epoch Time: 0.37s | Spearman@80: 0.9279 | Kendall@80: 0.7832
Epoch 122/150 | Train Loss: 0.0123 | Epoch Time: 0.36s | Spearman@80: 0.9274 | Kendall@80: 0.7838
Epoch 123/150 | Train Loss: 0.0166 | Epoch Time: 0.36s | Spearman@80: 0.9281 | Kendall@80: 0.7876
Epoch 124/150 | Train Loss: 0.0154 | Epoch Time: 0.35s | Spearman@80: 0.9273 | Kendall@80: 0.7864
Epoch 125/150 | Train Loss: 0.0177 | Epoch Time: 0.35s | Spearman@80: 0.9275 | Kendall@80: 0.7870
Epoch 126/150 | Train Loss: 0.0148 | Epoch Time: 0.35s | Spearman@80: 0.9241 | Kendall@80: 0.7800
Epoch 127/150 | Train Loss: 0.0118 | Epoch Time: 0.36s | Spearman@80: 0.9282 | Kendall@80: 0.7859
Epoch 128/150 | Train Loss: 0.0121 | Epoch Time: 0.37s | Spearman@80: 0.9283 | Kendall@80: 0.7876
Epoch 129/150 | Train Loss: 0.0135 | Epoch Time: 0.36s | Spearman@80: 0.9298 | Kendall@80: 0.7857
Epoch 130/150 | Train Loss: 0.0206 | Epoch Time: 0.35s | Spearman@80: 0.9322 | Kendall@80: 0.7942
Epoch 131/150 | Train Loss: 0.0113 | Epoch Time: 0.36s | Spearman@80: 0.9306 | Kendall@80: 0.7904
Epoch 132/150 | Train Loss: 0.0130 | Epoch Time: 0.37s | Spearman@80: 0.9299 | Kendall@80: 0.7883
Epoch 133/150 | Train Loss: 0.0168 | Epoch Time: 0.35s | Spearman@80: 0.9260 | Kendall@80: 0.7815
Epoch 134/150 | Train Loss: 0.0182 | Epoch Time: 0.37s | Spearman@80: 0.9269 | Kendall@80: 0.7832
Epoch 135/150 | Train Loss: 0.0141 | Epoch Time: 0.35s | Spearman@80: 0.9267 | Kendall@80: 0.7826
Epoch 136/150 | Train Loss: 0.0139 | Epoch Time: 0.36s | Spearman@80: 0.9263 | Kendall@80: 0.7819
Epoch 137/150 | Train Loss: 0.0147 | Epoch Time: 0.36s | Spearman@80: 0.9277 | Kendall@80: 0.7838
Epoch 138/150 | Train Loss: 0.0089 | Epoch Time: 0.36s | Spearman@80: 0.9300 | Kendall@80: 0.7878
Epoch 139/150 | Train Loss: 0.0135 | Epoch Time: 0.36s | Spearman@80: 0.9315 | Kendall@80: 0.7889
Epoch 140/150 | Train Loss: 0.0113 | Epoch Time: 0.36s | Spearman@80: 0.9310 | Kendall@80: 0.7883
Epoch 141/150 | Train Loss: 0.0178 | Epoch Time: 0.36s | Spearman@80: 0.9314 | Kendall@80: 0.7889
Epoch 142/150 | Train Loss: 0.0103 | Epoch Time: 0.36s | Spearman@80: 0.9315 | Kendall@80: 0.7891
Epoch 143/150 | Train Loss: 0.0174 | Epoch Time: 0.36s | Spearman@80: 0.9306 | Kendall@80: 0.7883
Epoch 144/150 | Train Loss: 0.0176 | Epoch Time: 0.35s | Spearman@80: 0.9306 | Kendall@80: 0.7870
Epoch 145/150 | Train Loss: 0.0131 | Epoch Time: 0.36s | Spearman@80: 0.9306 | Kendall@80: 0.7870
Epoch 146/150 | Train Loss: 0.0146 | Epoch Time: 0.35s | Spearman@80: 0.9304 | Kendall@80: 0.7870
Epoch 147/150 | Train Loss: 0.0133 | Epoch Time: 1.71s | Spearman@15560: 0.9278 | Kendall@15560: 0.7763
Epoch 148/150 | Train Loss: 0.0121 | Epoch Time: 1.54s | Spearman@15560: 0.9279 | Kendall@15560: 0.7764
Epoch 149/150 | Train Loss: 0.0133 | Epoch Time: 1.56s | Spearman@15560: 0.9279 | Kendall@15560: 0.7763
Epoch 150/150 | Train Loss: 0.0175 | Epoch Time: 1.56s | Spearman@15560: 0.9279 | Kendall@15560: 0.7764
Sample Count: 64, Spearman: 0.9278627477429395, Kendall: 0.7763668715958585
{64: (0.9278627477429395, 0.7763668715958585),
 128: (0.9330402596124661, 0.7942232848137019)}
Epoch 1/150 | Train Loss: 0.0898 | Epoch Time: 0.69s | Spearman@80: 0.5521 | Kendall@80: 0.3936
Epoch 2/150 | Train Loss: 0.0599 | Epoch Time: 0.71s | Spearman@80: 0.8049 | Kendall@80: 0.6283
Epoch 3/150 | Train Loss: 0.0466 | Epoch Time: 0.75s | Spearman@80: 0.7884 | Kendall@80: 0.6050
Epoch 4/150 | Train Loss: 0.0489 | Epoch Time: 0.77s | Spearman@80: 0.7803 | Kendall@80: 0.5927
Epoch 5/150 | Train Loss: 0.0433 | Epoch Time: 0.74s | Spearman@80: 0.8449 | Kendall@80: 0.6747
Epoch 6/150 | Train Loss: 0.0378 | Epoch Time: 0.74s | Spearman@80: 0.8609 | Kendall@80: 0.6927
Epoch 7/150 | Train Loss: 0.0352 | Epoch Time: 0.75s | Spearman@80: 0.8620 | Kendall@80: 0.6860
Epoch 8/150 | Train Loss: 0.0338 | Epoch Time: 0.74s | Spearman@80: 0.8796 | Kendall@80: 0.7055
Epoch 9/150 | Train Loss: 0.0356 | Epoch Time: 0.76s | Spearman@80: 0.8993 | Kendall@80: 0.7411
Epoch 10/150 | Train Loss: 0.0380 | Epoch Time: 0.74s | Spearman@80: 0.8974 | Kendall@80: 0.7326
Epoch 11/150 | Train Loss: 0.0378 | Epoch Time: 0.75s | Spearman@80: 0.8821 | Kendall@80: 0.6980
Epoch 12/150 | Train Loss: 0.0299 | Epoch Time: 0.76s | Spearman@80: 0.8965 | Kendall@80: 0.7400
Epoch 13/150 | Train Loss: 0.0336 | Epoch Time: 0.75s | Spearman@80: 0.9080 | Kendall@80: 0.7556
Epoch 14/150 | Train Loss: 0.0305 | Epoch Time: 0.74s | Spearman@80: 0.9042 | Kendall@80: 0.7436
Epoch 15/150 | Train Loss: 0.0327 | Epoch Time: 0.75s | Spearman@80: 0.8915 | Kendall@80: 0.7347
Epoch 16/150 | Train Loss: 0.0335 | Epoch Time: 0.75s | Spearman@80: 0.8939 | Kendall@80: 0.7315
Epoch 17/150 | Train Loss: 0.0420 | Epoch Time: 0.76s | Spearman@80: 0.8868 | Kendall@80: 0.7224
Epoch 18/150 | Train Loss: 0.0319 | Epoch Time: 0.76s | Spearman@80: 0.9030 | Kendall@80: 0.7461
Epoch 19/150 | Train Loss: 0.0322 | Epoch Time: 0.74s | Spearman@80: 0.9096 | Kendall@80: 0.7582
Epoch 20/150 | Train Loss: 0.0384 | Epoch Time: 0.75s | Spearman@80: 0.8959 | Kendall@80: 0.7338
Epoch 21/150 | Train Loss: 0.0338 | Epoch Time: 0.74s | Spearman@80: 0.8999 | Kendall@80: 0.7332
Epoch 22/150 | Train Loss: 0.0357 | Epoch Time: 0.75s | Spearman@80: 0.8946 | Kendall@80: 0.7415
Epoch 23/150 | Train Loss: 0.0371 | Epoch Time: 0.74s | Spearman@80: 0.8736 | Kendall@80: 0.7029
Epoch 24/150 | Train Loss: 0.0346 | Epoch Time: 0.78s | Spearman@80: 0.8999 | Kendall@80: 0.7396
Epoch 25/150 | Train Loss: 0.0297 | Epoch Time: 0.77s | Spearman@80: 0.9062 | Kendall@80: 0.7504
Epoch 26/150 | Train Loss: 0.0321 | Epoch Time: 0.75s | Spearman@80: 0.9087 | Kendall@80: 0.7542
Epoch 27/150 | Train Loss: 0.0319 | Epoch Time: 0.75s | Spearman@80: 0.8928 | Kendall@80: 0.7375
Epoch 28/150 | Train Loss: 0.0306 | Epoch Time: 0.74s | Spearman@80: 0.8874 | Kendall@80: 0.7033
Epoch 29/150 | Train Loss: 0.0315 | Epoch Time: 0.75s | Spearman@80: 0.9107 | Kendall@80: 0.7518
Epoch 30/150 | Train Loss: 0.0281 | Epoch Time: 0.73s | Spearman@80: 0.8419 | Kendall@80: 0.6679
Epoch 31/150 | Train Loss: 0.0324 | Epoch Time: 0.74s | Spearman@80: 0.9003 | Kendall@80: 0.7434
Epoch 32/150 | Train Loss: 0.0343 | Epoch Time: 0.74s | Spearman@80: 0.9020 | Kendall@80: 0.7493
Epoch 33/150 | Train Loss: 0.0320 | Epoch Time: 0.74s | Spearman@80: 0.9060 | Kendall@80: 0.7497
Epoch 34/150 | Train Loss: 0.0316 | Epoch Time: 0.74s | Spearman@80: 0.8833 | Kendall@80: 0.7249
Epoch 35/150 | Train Loss: 0.0298 | Epoch Time: 0.73s | Spearman@80: 0.9075 | Kendall@80: 0.7516
Epoch 36/150 | Train Loss: 0.0278 | Epoch Time: 0.73s | Spearman@80: 0.8997 | Kendall@80: 0.7361
Epoch 37/150 | Train Loss: 0.0327 | Epoch Time: 0.75s | Spearman@80: 0.8904 | Kendall@80: 0.7266
Epoch 38/150 | Train Loss: 0.0309 | Epoch Time: 0.75s | Spearman@80: 0.8864 | Kendall@80: 0.7177
Epoch 39/150 | Train Loss: 0.0293 | Epoch Time: 0.73s | Spearman@80: 0.8937 | Kendall@80: 0.7294
Epoch 40/150 | Train Loss: 0.0277 | Epoch Time: 0.75s | Spearman@80: 0.8922 | Kendall@80: 0.7165
Epoch 41/150 | Train Loss: 0.0308 | Epoch Time: 0.73s | Spearman@80: 0.8981 | Kendall@80: 0.7440
Epoch 42/150 | Train Loss: 0.0298 | Epoch Time: 0.73s | Spearman@80: 0.8887 | Kendall@80: 0.7338
Epoch 43/150 | Train Loss: 0.0295 | Epoch Time: 0.74s | Spearman@80: 0.9084 | Kendall@80: 0.7538
Epoch 44/150 | Train Loss: 0.0251 | Epoch Time: 0.74s | Spearman@80: 0.8947 | Kendall@80: 0.7292
Epoch 45/150 | Train Loss: 0.0260 | Epoch Time: 0.73s | Spearman@80: 0.8902 | Kendall@80: 0.7090
Epoch 46/150 | Train Loss: 0.0372 | Epoch Time: 0.77s | Spearman@80: 0.8782 | Kendall@80: 0.7154
Epoch 47/150 | Train Loss: 0.0308 | Epoch Time: 0.74s | Spearman@80: 0.9008 | Kendall@80: 0.7371
Epoch 48/150 | Train Loss: 0.0256 | Epoch Time: 0.74s | Spearman@80: 0.8954 | Kendall@80: 0.7313
Epoch 49/150 | Train Loss: 0.0277 | Epoch Time: 0.74s | Spearman@80: 0.8630 | Kendall@80: 0.7065
Epoch 50/150 | Train Loss: 0.0259 | Epoch Time: 0.76s | Spearman@80: 0.8918 | Kendall@80: 0.7281
Epoch 51/150 | Train Loss: 0.0231 | Epoch Time: 0.75s | Spearman@80: 0.8640 | Kendall@80: 0.6874
Epoch 52/150 | Train Loss: 0.0291 | Epoch Time: 0.75s | Spearman@80: 0.8984 | Kendall@80: 0.7355
Epoch 53/150 | Train Loss: 0.0286 | Epoch Time: 0.74s | Spearman@80: 0.8769 | Kendall@80: 0.7072
Epoch 54/150 | Train Loss: 0.0263 | Epoch Time: 0.74s | Spearman@80: 0.9185 | Kendall@80: 0.7570
Epoch 55/150 | Train Loss: 0.0232 | Epoch Time: 0.73s | Spearman@80: 0.8896 | Kendall@80: 0.7260
Epoch 56/150 | Train Loss: 0.0230 | Epoch Time: 0.73s | Spearman@80: 0.8933 | Kendall@80: 0.7294
Epoch 57/150 | Train Loss: 0.0237 | Epoch Time: 0.75s | Spearman@80: 0.9008 | Kendall@80: 0.7379
Epoch 58/150 | Train Loss: 0.0253 | Epoch Time: 0.75s | Spearman@80: 0.8657 | Kendall@80: 0.7020
Epoch 59/150 | Train Loss: 0.0243 | Epoch Time: 0.74s | Spearman@80: 0.9210 | Kendall@80: 0.7784
Epoch 60/150 | Train Loss: 0.0298 | Epoch Time: 0.75s | Spearman@80: 0.8783 | Kendall@80: 0.7091
Epoch 61/150 | Train Loss: 0.0314 | Epoch Time: 0.75s | Spearman@80: 0.8968 | Kendall@80: 0.7372
Epoch 62/150 | Train Loss: 0.0301 | Epoch Time: 0.74s | Spearman@80: 0.8994 | Kendall@80: 0.7387
Epoch 63/150 | Train Loss: 0.0238 | Epoch Time: 0.75s | Spearman@80: 0.8965 | Kendall@80: 0.7349
Epoch 64/150 | Train Loss: 0.0274 | Epoch Time: 0.74s | Spearman@80: 0.8890 | Kendall@80: 0.7313
Epoch 65/150 | Train Loss: 0.0266 | Epoch Time: 0.73s | Spearman@80: 0.8953 | Kendall@80: 0.7446
Epoch 66/150 | Train Loss: 0.0269 | Epoch Time: 0.74s | Spearman@80: 0.8890 | Kendall@80: 0.7275
Epoch 67/150 | Train Loss: 0.0228 | Epoch Time: 0.73s | Spearman@80: 0.8789 | Kendall@80: 0.7148
Epoch 68/150 | Train Loss: 0.0206 | Epoch Time: 0.74s | Spearman@80: 0.8704 | Kendall@80: 0.6995
Epoch 69/150 | Train Loss: 0.0269 | Epoch Time: 0.74s | Spearman@80: 0.8602 | Kendall@80: 0.6957
Epoch 70/150 | Train Loss: 0.0254 | Epoch Time: 0.75s | Spearman@80: 0.8599 | Kendall@80: 0.6976
Epoch 71/150 | Train Loss: 0.0240 | Epoch Time: 0.76s | Spearman@80: 0.8895 | Kendall@80: 0.7317
Epoch 72/150 | Train Loss: 0.0238 | Epoch Time: 0.73s | Spearman@80: 0.8761 | Kendall@80: 0.7139
Epoch 73/150 | Train Loss: 0.0283 | Epoch Time: 0.74s | Spearman@80: 0.8619 | Kendall@80: 0.6989
Epoch 74/150 | Train Loss: 0.0255 | Epoch Time: 0.73s | Spearman@80: 0.8780 | Kendall@80: 0.7173
Epoch 75/150 | Train Loss: 0.0210 | Epoch Time: 0.73s | Spearman@80: 0.8772 | Kendall@80: 0.7131
Epoch 76/150 | Train Loss: 0.0217 | Epoch Time: 0.75s | Spearman@80: 0.8777 | Kendall@80: 0.7126
Epoch 77/150 | Train Loss: 0.0216 | Epoch Time: 0.74s | Spearman@80: 0.8982 | Kendall@80: 0.7383
Epoch 78/150 | Train Loss: 0.0229 | Epoch Time: 0.75s | Spearman@80: 0.8718 | Kendall@80: 0.7046
Epoch 79/150 | Train Loss: 0.0240 | Epoch Time: 0.77s | Spearman@80: 0.8660 | Kendall@80: 0.6938
Epoch 80/150 | Train Loss: 0.0197 | Epoch Time: 0.73s | Spearman@80: 0.8971 | Kendall@80: 0.7338
Epoch 81/150 | Train Loss: 0.0265 | Epoch Time: 0.75s | Spearman@80: 0.8896 | Kendall@80: 0.7292
Epoch 82/150 | Train Loss: 0.0255 | Epoch Time: 0.74s | Spearman@80: 0.8763 | Kendall@80: 0.7135
Epoch 83/150 | Train Loss: 0.0261 | Epoch Time: 0.75s | Spearman@80: 0.9035 | Kendall@80: 0.7491
Epoch 84/150 | Train Loss: 0.0239 | Epoch Time: 0.74s | Spearman@80: 0.8907 | Kendall@80: 0.7317
Epoch 85/150 | Train Loss: 0.0235 | Epoch Time: 0.76s | Spearman@80: 0.9019 | Kendall@80: 0.7436
Epoch 86/150 | Train Loss: 0.0325 | Epoch Time: 0.74s | Spearman@80: 0.8731 | Kendall@80: 0.7175
Epoch 87/150 | Train Loss: 0.0228 | Epoch Time: 0.74s | Spearman@80: 0.9131 | Kendall@80: 0.7625
Epoch 88/150 | Train Loss: 0.0193 | Epoch Time: 0.73s | Spearman@80: 0.8904 | Kendall@80: 0.7320
Epoch 89/150 | Train Loss: 0.0224 | Epoch Time: 0.74s | Spearman@80: 0.9003 | Kendall@80: 0.7482
Epoch 90/150 | Train Loss: 0.0246 | Epoch Time: 0.73s | Spearman@80: 0.9183 | Kendall@80: 0.7643
Epoch 91/150 | Train Loss: 0.0209 | Epoch Time: 0.74s | Spearman@80: 0.8866 | Kendall@80: 0.7336
Epoch 92/150 | Train Loss: 0.0204 | Epoch Time: 0.75s | Spearman@80: 0.9191 | Kendall@80: 0.7593
Epoch 93/150 | Train Loss: 0.0249 | Epoch Time: 0.76s | Spearman@80: 0.8855 | Kendall@80: 0.7268
Epoch 94/150 | Train Loss: 0.0229 | Epoch Time: 0.76s | Spearman@80: 0.8983 | Kendall@80: 0.7463
Epoch 95/150 | Train Loss: 0.0196 | Epoch Time: 0.74s | Spearman@80: 0.9112 | Kendall@80: 0.7586
Epoch 96/150 | Train Loss: 0.0234 | Epoch Time: 0.73s | Spearman@80: 0.9313 | Kendall@80: 0.7824
Epoch 97/150 | Train Loss: 0.0231 | Epoch Time: 0.74s | Spearman@80: 0.9141 | Kendall@80: 0.7584
Epoch 98/150 | Train Loss: 0.0184 | Epoch Time: 0.74s | Spearman@80: 0.8941 | Kendall@80: 0.7396
Epoch 99/150 | Train Loss: 0.0175 | Epoch Time: 0.74s | Spearman@80: 0.8969 | Kendall@80: 0.7434
Epoch 100/150 | Train Loss: 0.0229 | Epoch Time: 0.73s | Spearman@80: 0.9195 | Kendall@80: 0.7635
Epoch 101/150 | Train Loss: 0.0259 | Epoch Time: 0.76s | Spearman@80: 0.9200 | Kendall@80: 0.7690
Epoch 102/150 | Train Loss: 0.0272 | Epoch Time: 0.76s | Spearman@80: 0.9124 | Kendall@80: 0.7599
Epoch 103/150 | Train Loss: 0.0207 | Epoch Time: 0.74s | Spearman@80: 0.8925 | Kendall@80: 0.7409
Epoch 104/150 | Train Loss: 0.0205 | Epoch Time: 0.74s | Spearman@80: 0.9242 | Kendall@80: 0.7813
Epoch 105/150 | Train Loss: 0.0181 | Epoch Time: 0.74s | Spearman@80: 0.8962 | Kendall@80: 0.7433
Epoch 106/150 | Train Loss: 0.0171 | Epoch Time: 0.73s | Spearman@80: 0.9140 | Kendall@80: 0.7618
Epoch 107/150 | Train Loss: 0.0223 | Epoch Time: 0.73s | Spearman@80: 0.9107 | Kendall@80: 0.7567
Epoch 108/150 | Train Loss: 0.0166 | Epoch Time: 0.74s | Spearman@80: 0.9183 | Kendall@80: 0.7692
Epoch 109/150 | Train Loss: 0.0188 | Epoch Time: 0.73s | Spearman@80: 0.9098 | Kendall@80: 0.7561
Epoch 110/150 | Train Loss: 0.0229 | Epoch Time: 0.73s | Spearman@80: 0.9324 | Kendall@80: 0.7860
Epoch 111/150 | Train Loss: 0.0233 | Epoch Time: 0.74s | Spearman@80: 0.9189 | Kendall@80: 0.7711
Epoch 112/150 | Train Loss: 0.0231 | Epoch Time: 0.74s | Spearman@80: 0.9202 | Kendall@80: 0.7768
Epoch 113/150 | Train Loss: 0.0177 | Epoch Time: 0.75s | Spearman@80: 0.9272 | Kendall@80: 0.7841
Epoch 114/150 | Train Loss: 0.0189 | Epoch Time: 0.73s | Spearman@80: 0.9095 | Kendall@80: 0.7631
Epoch 115/150 | Train Loss: 0.0169 | Epoch Time: 0.73s | Spearman@80: 0.9090 | Kendall@80: 0.7561
Epoch 116/150 | Train Loss: 0.0192 | Epoch Time: 0.74s | Spearman@80: 0.9067 | Kendall@80: 0.7544
Epoch 117/150 | Train Loss: 0.0168 | Epoch Time: 0.75s | Spearman@80: 0.9111 | Kendall@80: 0.7606
Epoch 118/150 | Train Loss: 0.0158 | Epoch Time: 0.74s | Spearman@80: 0.8993 | Kendall@80: 0.7531
Epoch 119/150 | Train Loss: 0.0205 | Epoch Time: 0.74s | Spearman@80: 0.9162 | Kendall@80: 0.7673
Epoch 120/150 | Train Loss: 0.0177 | Epoch Time: 0.74s | Spearman@80: 0.9105 | Kendall@80: 0.7650
Epoch 121/150 | Train Loss: 0.0195 | Epoch Time: 0.75s | Spearman@80: 0.9131 | Kendall@80: 0.7599
Epoch 122/150 | Train Loss: 0.0164 | Epoch Time: 0.73s | Spearman@80: 0.9125 | Kendall@80: 0.7680
Epoch 123/150 | Train Loss: 0.0184 | Epoch Time: 0.74s | Spearman@80: 0.9112 | Kendall@80: 0.7665
Epoch 124/150 | Train Loss: 0.0193 | Epoch Time: 0.74s | Spearman@80: 0.9068 | Kendall@80: 0.7586
Epoch 125/150 | Train Loss: 0.0187 | Epoch Time: 0.75s | Spearman@80: 0.9109 | Kendall@80: 0.7627
Epoch 126/150 | Train Loss: 0.0178 | Epoch Time: 0.76s | Spearman@80: 0.9134 | Kendall@80: 0.7696
Epoch 127/150 | Train Loss: 0.0196 | Epoch Time: 0.78s | Spearman@80: 0.9097 | Kendall@80: 0.7624
Epoch 128/150 | Train Loss: 0.0184 | Epoch Time: 0.75s | Spearman@80: 0.9101 | Kendall@80: 0.7635
Epoch 129/150 | Train Loss: 0.0180 | Epoch Time: 0.77s | Spearman@80: 0.9124 | Kendall@80: 0.7676
Epoch 130/150 | Train Loss: 0.0178 | Epoch Time: 0.78s | Spearman@80: 0.9093 | Kendall@80: 0.7609
Epoch 131/150 | Train Loss: 0.0177 | Epoch Time: 0.79s | Spearman@80: 0.9118 | Kendall@80: 0.7650
Epoch 132/150 | Train Loss: 0.0157 | Epoch Time: 0.78s | Spearman@80: 0.9166 | Kendall@80: 0.7730
Epoch 133/150 | Train Loss: 0.0184 | Epoch Time: 0.76s | Spearman@80: 0.9152 | Kendall@80: 0.7701
Epoch 134/150 | Train Loss: 0.0186 | Epoch Time: 0.75s | Spearman@80: 0.9206 | Kendall@80: 0.7758
Epoch 135/150 | Train Loss: 0.0176 | Epoch Time: 0.78s | Spearman@80: 0.9186 | Kendall@80: 0.7745
Epoch 136/150 | Train Loss: 0.0215 | Epoch Time: 0.76s | Spearman@80: 0.9125 | Kendall@80: 0.7669
Epoch 137/150 | Train Loss: 0.0146 | Epoch Time: 0.78s | Spearman@80: 0.9158 | Kendall@80: 0.7701
Epoch 138/150 | Train Loss: 0.0168 | Epoch Time: 0.77s | Spearman@80: 0.9140 | Kendall@80: 0.7692
Epoch 139/150 | Train Loss: 0.0188 | Epoch Time: 0.76s | Spearman@80: 0.9160 | Kendall@80: 0.7720
Epoch 140/150 | Train Loss: 0.0180 | Epoch Time: 0.77s | Spearman@80: 0.9214 | Kendall@80: 0.7781
Epoch 141/150 | Train Loss: 0.0178 | Epoch Time: 0.77s | Spearman@80: 0.9220 | Kendall@80: 0.7796
Epoch 142/150 | Train Loss: 0.0195 | Epoch Time: 0.76s | Spearman@80: 0.9202 | Kendall@80: 0.7770
Epoch 143/150 | Train Loss: 0.0165 | Epoch Time: 0.78s | Spearman@80: 0.9199 | Kendall@80: 0.7784
Epoch 144/150 | Train Loss: 0.0172 | Epoch Time: 0.76s | Spearman@80: 0.9214 | Kendall@80: 0.7800
Epoch 145/150 | Train Loss: 0.0220 | Epoch Time: 0.74s | Spearman@80: 0.9201 | Kendall@80: 0.7781
Epoch 146/150 | Train Loss: 0.0183 | Epoch Time: 0.76s | Spearman@80: 0.9199 | Kendall@80: 0.7778
Epoch 147/150 | Train Loss: 0.0181 | Epoch Time: 2.38s | Spearman@15496: 0.9325 | Kendall@15496: 0.7871
Epoch 148/150 | Train Loss: 0.0203 | Epoch Time: 2.02s | Spearman@15496: 0.9325 | Kendall@15496: 0.7871
Epoch 149/150 | Train Loss: 0.0184 | Epoch Time: 2.02s | Spearman@15496: 0.9325 | Kendall@15496: 0.7873
Epoch 150/150 | Train Loss: 0.0171 | Epoch Time: 2.03s | Spearman@15496: 0.9325 | Kendall@15496: 0.7872
Sample Count: 128, Spearman: 0.9325145877842786, Kendall: 0.787154685764202
{64: (0.9278627477429395, 0.7763668715958585),
 128: (0.9325145877842786, 0.787154685764202)}
Average KDT:  0.7686307762535182
Variance KDT:  0.00010463684819651287
Average SPR:  0.9192762835222504
Variance SPR:  0.000200959837203087
Average KDT:  0.7827868172571598
Variance KDT:  0.0001332160346257873
Average SPR:  0.9279520476144971
Variance SPR:  4.6614563846828465e-05
